{"uid":"30cd4320d278ba95","name":"Validate Council Output [NeathPortTalbotCouncil-http://selenium:4444-local]","fullName":"features/validate_council_outputs.feature:Validate Council Output","historyId":"68717d64a9b5b73045a4198b6f1e2a64","time":{"start":1701307116942,"stop":1701307120894,"duration":3952},"status":"failed","statusMessage":"selenium.common.exceptions.NoSuchElementException: Message: no such element: Unable to locate element: {\"method\":\"css selector\",\"selector\":\"[id=\"ContentPlaceHolderDefault_ctl13_nptLLPG2_25_addresslookup_txtTmpPostcode\"]\"}\n  (Session info: headless chrome=119.0.6045.159); For documentation on this error, please visit: https://www.selenium.dev/documentation/webdriver/troubleshooting/errors#no-such-element-exception\nStacktrace:\n#0 0x5590fecbf5e3 <unknown>\n#1 0x5590fe9820b7 <unknown>\n#2 0x5590fe9cff53 <unknown>\n#3 0x5590fe9d0051 <unknown>\n#4 0x5590fea159c4 <unknown>\n#5 0x5590fe9f6f1d <unknown>\n#6 0x5590fea12b3d <unknown>\n#7 0x5590fe9f6cc3 <unknown>\n#8 0x5590fe9c20e4 <unknown>\n#9 0x5590fe9c30ae <unknown>\n#10 0x5590fec85ce1 <unknown>\n#11 0x5590fec89b7e <unknown>\n#12 0x5590fec734b5 <unknown>\n#13 0x5590fec8a7d6 <unknown>\n#14 0x5590fec56dbf <unknown>\n#15 0x5590fecad748 <unknown>\n#16 0x5590fecad917 <unknown>\n#17 0x5590fecbe773 <unknown>\n#18 0x7f1128a94ac3 <unknown>","statusTrace":"fixturefunc = <function scrape_step at 0x7ff7246125c0>\nrequest = <FixtureRequest for <Function test_scenario_outline[NeathPortTalbotCouncil-http://selenium:4444-local]>>\nkwargs = {'context': <test_validate_council.context.<locals>.Context object at 0x7ff71050ec90>, 'council': 'NeathPortTalbotCouncil', 'selenium_mode': 'local', 'selenium_url': 'http://selenium:4444'}\n\n    def call_fixture_func(\n        fixturefunc: \"_FixtureFunc[FixtureValue]\", request: FixtureRequest, kwargs\n    ) -> FixtureValue:\n        if is_generator(fixturefunc):\n            fixturefunc = cast(\n                Callable[..., Generator[FixtureValue, None, None]], fixturefunc\n            )\n            generator = fixturefunc(**kwargs)\n            try:\n                fixture_result = next(generator)\n            except StopIteration:\n                raise ValueError(f\"{request.fixturename} did not yield a value\") from None\n            finalizer = functools.partial(_teardown_yield_fixture, fixturefunc, generator)\n            request.addfinalizer(finalizer)\n        else:\n            fixturefunc = cast(Callable[..., FixtureValue], fixturefunc)\n>           fixture_result = fixturefunc(**kwargs)\n\n../../../.cache/pypoetry/virtualenvs/uk-bin-collection-EwS6Gn8s-py3.11/lib/python3.11/site-packages/_pytest/fixtures.py:902: \n_ _ _ _ _ _ _ _ _ _ _ _ _ _ _ _ _ _ _ _ _ _ _ _ _ _ _ _ _ _ _ _ _ _ _ _ _ _ _ _ \nuk_bin_collection/tests/step_defs/test_validate_council.py:75: in scrape_step\n    raise (err)\nuk_bin_collection/tests/step_defs/test_validate_council.py:71: in scrape_step\n    context.parse_result = CollectData.run()\nuk_bin_collection/uk_bin_collection/collect_data.py:78: in run\n    return self.client_code(\nuk_bin_collection/uk_bin_collection/collect_data.py:65: in client_code\n    return get_bin_data_class.template_method(address_url, **kwargs)\nuk_bin_collection/uk_bin_collection/get_bin_data.py:71: in template_method\n    bin_data_dict = self.parse_data(\nuk_bin_collection/uk_bin_collection/councils/NeathPortTalbotCouncil.py:41: in parse_data\n    inputElement_postcode = driver.find_element(\n../../../.cache/pypoetry/virtualenvs/uk-bin-collection-EwS6Gn8s-py3.11/lib/python3.11/site-packages/selenium/webdriver/remote/webdriver.py:738: in find_element\n    return self.execute(Command.FIND_ELEMENT, {\"using\": by, \"value\": value})[\"value\"]\n../../../.cache/pypoetry/virtualenvs/uk-bin-collection-EwS6Gn8s-py3.11/lib/python3.11/site-packages/selenium/webdriver/remote/webdriver.py:344: in execute\n    self.error_handler.check_response(response)\n_ _ _ _ _ _ _ _ _ _ _ _ _ _ _ _ _ _ _ _ _ _ _ _ _ _ _ _ _ _ _ _ _ _ _ _ _ _ _ _ \n\nself = <selenium.webdriver.remote.errorhandler.ErrorHandler object at 0x7ff710367490>\nresponse = {'status': 404, 'value': '{\"value\":{\"error\":\"no such element\",\"message\":\"no such element: Unable to locate element: {\\...\\\\n#16 0x5590fecad917 \\\\u003Cunknown>\\\\n#17 0x5590fecbe773 \\\\u003Cunknown>\\\\n#18 0x7f1128a94ac3 \\\\u003Cunknown>\\\\n\"}}'}\n\n    def check_response(self, response: Dict[str, Any]) -> None:\n        \"\"\"Checks that a JSON response from the WebDriver does not have an\n        error.\n    \n        :Args:\n         - response - The JSON response from the WebDriver server as a dictionary\n           object.\n    \n        :Raises: If the response contains an error message.\n        \"\"\"\n        status = response.get(\"status\", None)\n        if not status or status == ErrorCode.SUCCESS:\n            return\n        value = None\n        message = response.get(\"message\", \"\")\n        screen: str = response.get(\"screen\", \"\")\n        stacktrace = None\n        if isinstance(status, int):\n            value_json = response.get(\"value\", None)\n            if value_json and isinstance(value_json, str):\n                import json\n    \n                try:\n                    value = json.loads(value_json)\n                    if len(value) == 1:\n                        value = value[\"value\"]\n                    status = value.get(\"error\", None)\n                    if not status:\n                        status = value.get(\"status\", ErrorCode.UNKNOWN_ERROR)\n                        message = value.get(\"value\") or value.get(\"message\")\n                        if not isinstance(message, str):\n                            value = message\n                            message = message.get(\"message\")\n                    else:\n                        message = value.get(\"message\", None)\n                except ValueError:\n                    pass\n    \n        exception_class: Type[WebDriverException]\n        e = ErrorCode()\n        error_codes = [item for item in dir(e) if not item.startswith(\"__\")]\n        for error_code in error_codes:\n            error_info = getattr(ErrorCode, error_code)\n            if isinstance(error_info, list) and status in error_info:\n                exception_class = getattr(ExceptionMapping, error_code, WebDriverException)\n                break\n        else:\n            exception_class = WebDriverException\n    \n        if not value:\n            value = response[\"value\"]\n        if isinstance(value, str):\n            raise exception_class(value)\n        if message == \"\" and \"message\" in value:\n            message = value[\"message\"]\n    \n        screen = None  # type: ignore[assignment]\n        if \"screen\" in value:\n            screen = value[\"screen\"]\n    \n        stacktrace = None\n        st_value = value.get(\"stackTrace\") or value.get(\"stacktrace\")\n        if st_value:\n            if isinstance(st_value, str):\n                stacktrace = st_value.split(\"\\n\")\n            else:\n                stacktrace = []\n                try:\n                    for frame in st_value:\n                        line = frame.get(\"lineNumber\", \"\")\n                        file = frame.get(\"fileName\", \"<anonymous>\")\n                        if line:\n                            file = f\"{file}:{line}\"\n                        meth = frame.get(\"methodName\", \"<anonymous>\")\n                        if \"className\" in frame:\n                            meth = f\"{frame['className']}.{meth}\"\n                        msg = \"    at %s (%s)\"\n                        msg = msg % (meth, file)\n                        stacktrace.append(msg)\n                except TypeError:\n                    pass\n        if exception_class == UnexpectedAlertPresentException:\n            alert_text = None\n            if \"data\" in value:\n                alert_text = value[\"data\"].get(\"text\")\n            elif \"alert\" in value:\n                alert_text = value[\"alert\"].get(\"text\")\n            raise exception_class(message, screen, stacktrace, alert_text)  # type: ignore[call-arg]  # mypy is not smart enough here\n>       raise exception_class(message, screen, stacktrace)\nE       selenium.common.exceptions.NoSuchElementException: Message: no such element: Unable to locate element: {\"method\":\"css selector\",\"selector\":\"[id=\"ContentPlaceHolderDefault_ctl13_nptLLPG2_25_addresslookup_txtTmpPostcode\"]\"}\nE         (Session info: headless chrome=119.0.6045.159); For documentation on this error, please visit: https://www.selenium.dev/documentation/webdriver/troubleshooting/errors#no-such-element-exception\nE       Stacktrace:\nE       #0 0x5590fecbf5e3 <unknown>\nE       #1 0x5590fe9820b7 <unknown>\nE       #2 0x5590fe9cff53 <unknown>\nE       #3 0x5590fe9d0051 <unknown>\nE       #4 0x5590fea159c4 <unknown>\nE       #5 0x5590fe9f6f1d <unknown>\nE       #6 0x5590fea12b3d <unknown>\nE       #7 0x5590fe9f6cc3 <unknown>\nE       #8 0x5590fe9c20e4 <unknown>\nE       #9 0x5590fe9c30ae <unknown>\nE       #10 0x5590fec85ce1 <unknown>\nE       #11 0x5590fec89b7e <unknown>\nE       #12 0x5590fec734b5 <unknown>\nE       #13 0x5590fec8a7d6 <unknown>\nE       #14 0x5590fec56dbf <unknown>\nE       #15 0x5590fecad748 <unknown>\nE       #16 0x5590fecad917 <unknown>\nE       #17 0x5590fecbe773 <unknown>\nE       #18 0x7f1128a94ac3 <unknown>\n\n../../../.cache/pypoetry/virtualenvs/uk-bin-collection-EwS6Gn8s-py3.11/lib/python3.11/site-packages/selenium/webdriver/remote/errorhandler.py:229: NoSuchElementException","flaky":false,"newFailed":false,"newBroken":false,"newPassed":false,"retriesCount":0,"retriesStatusChange":false,"beforeStages":[],"testStage":{"status":"failed","statusMessage":"selenium.common.exceptions.NoSuchElementException: Message: no such element: Unable to locate element: {\"method\":\"css selector\",\"selector\":\"[id=\"ContentPlaceHolderDefault_ctl13_nptLLPG2_25_addresslookup_txtTmpPostcode\"]\"}\n  (Session info: headless chrome=119.0.6045.159); For documentation on this error, please visit: https://www.selenium.dev/documentation/webdriver/troubleshooting/errors#no-such-element-exception\nStacktrace:\n#0 0x5590fecbf5e3 <unknown>\n#1 0x5590fe9820b7 <unknown>\n#2 0x5590fe9cff53 <unknown>\n#3 0x5590fe9d0051 <unknown>\n#4 0x5590fea159c4 <unknown>\n#5 0x5590fe9f6f1d <unknown>\n#6 0x5590fea12b3d <unknown>\n#7 0x5590fe9f6cc3 <unknown>\n#8 0x5590fe9c20e4 <unknown>\n#9 0x5590fe9c30ae <unknown>\n#10 0x5590fec85ce1 <unknown>\n#11 0x5590fec89b7e <unknown>\n#12 0x5590fec734b5 <unknown>\n#13 0x5590fec8a7d6 <unknown>\n#14 0x5590fec56dbf <unknown>\n#15 0x5590fecad748 <unknown>\n#16 0x5590fecad917 <unknown>\n#17 0x5590fecbe773 <unknown>\n#18 0x7f1128a94ac3 <unknown>","statusTrace":"fixturefunc = <function scrape_step at 0x7ff7246125c0>\nrequest = <FixtureRequest for <Function test_scenario_outline[NeathPortTalbotCouncil-http://selenium:4444-local]>>\nkwargs = {'context': <test_validate_council.context.<locals>.Context object at 0x7ff71050ec90>, 'council': 'NeathPortTalbotCouncil', 'selenium_mode': 'local', 'selenium_url': 'http://selenium:4444'}\n\n    def call_fixture_func(\n        fixturefunc: \"_FixtureFunc[FixtureValue]\", request: FixtureRequest, kwargs\n    ) -> FixtureValue:\n        if is_generator(fixturefunc):\n            fixturefunc = cast(\n                Callable[..., Generator[FixtureValue, None, None]], fixturefunc\n            )\n            generator = fixturefunc(**kwargs)\n            try:\n                fixture_result = next(generator)\n            except StopIteration:\n                raise ValueError(f\"{request.fixturename} did not yield a value\") from None\n            finalizer = functools.partial(_teardown_yield_fixture, fixturefunc, generator)\n            request.addfinalizer(finalizer)\n        else:\n            fixturefunc = cast(Callable[..., FixtureValue], fixturefunc)\n>           fixture_result = fixturefunc(**kwargs)\n\n../../../.cache/pypoetry/virtualenvs/uk-bin-collection-EwS6Gn8s-py3.11/lib/python3.11/site-packages/_pytest/fixtures.py:902: \n_ _ _ _ _ _ _ _ _ _ _ _ _ _ _ _ _ _ _ _ _ _ _ _ _ _ _ _ _ _ _ _ _ _ _ _ _ _ _ _ \nuk_bin_collection/tests/step_defs/test_validate_council.py:75: in scrape_step\n    raise (err)\nuk_bin_collection/tests/step_defs/test_validate_council.py:71: in scrape_step\n    context.parse_result = CollectData.run()\nuk_bin_collection/uk_bin_collection/collect_data.py:78: in run\n    return self.client_code(\nuk_bin_collection/uk_bin_collection/collect_data.py:65: in client_code\n    return get_bin_data_class.template_method(address_url, **kwargs)\nuk_bin_collection/uk_bin_collection/get_bin_data.py:71: in template_method\n    bin_data_dict = self.parse_data(\nuk_bin_collection/uk_bin_collection/councils/NeathPortTalbotCouncil.py:41: in parse_data\n    inputElement_postcode = driver.find_element(\n../../../.cache/pypoetry/virtualenvs/uk-bin-collection-EwS6Gn8s-py3.11/lib/python3.11/site-packages/selenium/webdriver/remote/webdriver.py:738: in find_element\n    return self.execute(Command.FIND_ELEMENT, {\"using\": by, \"value\": value})[\"value\"]\n../../../.cache/pypoetry/virtualenvs/uk-bin-collection-EwS6Gn8s-py3.11/lib/python3.11/site-packages/selenium/webdriver/remote/webdriver.py:344: in execute\n    self.error_handler.check_response(response)\n_ _ _ _ _ _ _ _ _ _ _ _ _ _ _ _ _ _ _ _ _ _ _ _ _ _ _ _ _ _ _ _ _ _ _ _ _ _ _ _ \n\nself = <selenium.webdriver.remote.errorhandler.ErrorHandler object at 0x7ff710367490>\nresponse = {'status': 404, 'value': '{\"value\":{\"error\":\"no such element\",\"message\":\"no such element: Unable to locate element: {\\...\\\\n#16 0x5590fecad917 \\\\u003Cunknown>\\\\n#17 0x5590fecbe773 \\\\u003Cunknown>\\\\n#18 0x7f1128a94ac3 \\\\u003Cunknown>\\\\n\"}}'}\n\n    def check_response(self, response: Dict[str, Any]) -> None:\n        \"\"\"Checks that a JSON response from the WebDriver does not have an\n        error.\n    \n        :Args:\n         - response - The JSON response from the WebDriver server as a dictionary\n           object.\n    \n        :Raises: If the response contains an error message.\n        \"\"\"\n        status = response.get(\"status\", None)\n        if not status or status == ErrorCode.SUCCESS:\n            return\n        value = None\n        message = response.get(\"message\", \"\")\n        screen: str = response.get(\"screen\", \"\")\n        stacktrace = None\n        if isinstance(status, int):\n            value_json = response.get(\"value\", None)\n            if value_json and isinstance(value_json, str):\n                import json\n    \n                try:\n                    value = json.loads(value_json)\n                    if len(value) == 1:\n                        value = value[\"value\"]\n                    status = value.get(\"error\", None)\n                    if not status:\n                        status = value.get(\"status\", ErrorCode.UNKNOWN_ERROR)\n                        message = value.get(\"value\") or value.get(\"message\")\n                        if not isinstance(message, str):\n                            value = message\n                            message = message.get(\"message\")\n                    else:\n                        message = value.get(\"message\", None)\n                except ValueError:\n                    pass\n    \n        exception_class: Type[WebDriverException]\n        e = ErrorCode()\n        error_codes = [item for item in dir(e) if not item.startswith(\"__\")]\n        for error_code in error_codes:\n            error_info = getattr(ErrorCode, error_code)\n            if isinstance(error_info, list) and status in error_info:\n                exception_class = getattr(ExceptionMapping, error_code, WebDriverException)\n                break\n        else:\n            exception_class = WebDriverException\n    \n        if not value:\n            value = response[\"value\"]\n        if isinstance(value, str):\n            raise exception_class(value)\n        if message == \"\" and \"message\" in value:\n            message = value[\"message\"]\n    \n        screen = None  # type: ignore[assignment]\n        if \"screen\" in value:\n            screen = value[\"screen\"]\n    \n        stacktrace = None\n        st_value = value.get(\"stackTrace\") or value.get(\"stacktrace\")\n        if st_value:\n            if isinstance(st_value, str):\n                stacktrace = st_value.split(\"\\n\")\n            else:\n                stacktrace = []\n                try:\n                    for frame in st_value:\n                        line = frame.get(\"lineNumber\", \"\")\n                        file = frame.get(\"fileName\", \"<anonymous>\")\n                        if line:\n                            file = f\"{file}:{line}\"\n                        meth = frame.get(\"methodName\", \"<anonymous>\")\n                        if \"className\" in frame:\n                            meth = f\"{frame['className']}.{meth}\"\n                        msg = \"    at %s (%s)\"\n                        msg = msg % (meth, file)\n                        stacktrace.append(msg)\n                except TypeError:\n                    pass\n        if exception_class == UnexpectedAlertPresentException:\n            alert_text = None\n            if \"data\" in value:\n                alert_text = value[\"data\"].get(\"text\")\n            elif \"alert\" in value:\n                alert_text = value[\"alert\"].get(\"text\")\n            raise exception_class(message, screen, stacktrace, alert_text)  # type: ignore[call-arg]  # mypy is not smart enough here\n>       raise exception_class(message, screen, stacktrace)\nE       selenium.common.exceptions.NoSuchElementException: Message: no such element: Unable to locate element: {\"method\":\"css selector\",\"selector\":\"[id=\"ContentPlaceHolderDefault_ctl13_nptLLPG2_25_addresslookup_txtTmpPostcode\"]\"}\nE         (Session info: headless chrome=119.0.6045.159); For documentation on this error, please visit: https://www.selenium.dev/documentation/webdriver/troubleshooting/errors#no-such-element-exception\nE       Stacktrace:\nE       #0 0x5590fecbf5e3 <unknown>\nE       #1 0x5590fe9820b7 <unknown>\nE       #2 0x5590fe9cff53 <unknown>\nE       #3 0x5590fe9d0051 <unknown>\nE       #4 0x5590fea159c4 <unknown>\nE       #5 0x5590fe9f6f1d <unknown>\nE       #6 0x5590fea12b3d <unknown>\nE       #7 0x5590fe9f6cc3 <unknown>\nE       #8 0x5590fe9c20e4 <unknown>\nE       #9 0x5590fe9c30ae <unknown>\nE       #10 0x5590fec85ce1 <unknown>\nE       #11 0x5590fec89b7e <unknown>\nE       #12 0x5590fec734b5 <unknown>\nE       #13 0x5590fec8a7d6 <unknown>\nE       #14 0x5590fec56dbf <unknown>\nE       #15 0x5590fecad748 <unknown>\nE       #16 0x5590fecad917 <unknown>\nE       #17 0x5590fecbe773 <unknown>\nE       #18 0x7f1128a94ac3 <unknown>\n\n../../../.cache/pypoetry/virtualenvs/uk-bin-collection-EwS6Gn8s-py3.11/lib/python3.11/site-packages/selenium/webdriver/remote/errorhandler.py:229: NoSuchElementException","steps":[{"name":"Given the council: NeathPortTalbotCouncil","time":{"start":1701307116942,"stop":1701307116943,"duration":1},"status":"passed","steps":[],"attachments":[],"parameters":[],"shouldDisplayMessage":false,"stepsCount":0,"attachmentsCount":0,"hasContent":false},{"name":"When we scrape the data from NeathPortTalbotCouncil using local and the http://selenium:4444 is set","time":{"start":1701307116943,"stop":1701307120894,"duration":3951},"status":"failed","statusMessage":"Message: no such element: Unable to locate element: {\"method\":\"css selector\",\"selector\":\"[id=\"ContentPlaceHolderDefault_ctl13_nptLLPG2_25_addresslookup_txtTmpPostcode\"]\"}\n  (Session info: headless chrome=119.0.6045.159); For documentation on this error, please visit: https://www.selenium.dev/documentation/webdriver/troubleshooting/errors#no-such-element-exception\nStacktrace:\n#0 0x5590fecbf5e3 <unknown>\n#1 0x5590fe9820b7 <unknown>\n#2 0x5590fe9cff53 <unknown>\n#3 0x5590fe9d0051 <unknown>\n#4 0x5590fea159c4 <unknown>\n#5 0x5590fe9f6f1d <unknown>\n#6 0x5590fea12b3d <unknown>\n#7 0x5590fe9f6cc3 <unknown>\n#8 0x5590fe9c20e4 <unknown>\n#9 0x5590fe9c30ae <unknown>\n#10 0x5590fec85ce1 <unknown>\n#11 0x5590fec89b7e <unknown>\n#12 0x5590fec734b5 <unknown>\n#13 0x5590fec8a7d6 <unknown>\n#14 0x5590fec56dbf <unknown>\n#15 0x5590fecad748 <unknown>\n#16 0x5590fecad917 <unknown>\n#17 0x5590fecbe773 <unknown>\n#18 0x7f1128a94ac3 <unknown>\n","statusTrace":"selenium.common.exceptions.NoSuchElementException: Message: no such element: Unable to locate element: {\"method\":\"css selector\",\"selector\":\"[id=\"ContentPlaceHolderDefault_ctl13_nptLLPG2_25_addresslookup_txtTmpPostcode\"]\"}\n  (Session info: headless chrome=119.0.6045.159); For documentation on this error, please visit: https://www.selenium.dev/documentation/webdriver/troubleshooting/errors#no-such-element-exception\nStacktrace:\n#0 0x5590fecbf5e3 <unknown>\n#1 0x5590fe9820b7 <unknown>\n#2 0x5590fe9cff53 <unknown>\n#3 0x5590fe9d0051 <unknown>\n#4 0x5590fea159c4 <unknown>\n#5 0x5590fe9f6f1d <unknown>\n#6 0x5590fea12b3d <unknown>\n#7 0x5590fe9f6cc3 <unknown>\n#8 0x5590fe9c20e4 <unknown>\n#9 0x5590fe9c30ae <unknown>\n#10 0x5590fec85ce1 <unknown>\n#11 0x5590fec89b7e <unknown>\n#12 0x5590fec734b5 <unknown>\n#13 0x5590fec8a7d6 <unknown>\n#14 0x5590fec56dbf <unknown>\n#15 0x5590fecad748 <unknown>\n#16 0x5590fecad917 <unknown>\n#17 0x5590fecbe773 <unknown>\n#18 0x7f1128a94ac3 <unknown>\n\n","steps":[],"attachments":[],"parameters":[],"shouldDisplayMessage":true,"stepsCount":0,"attachmentsCount":0,"hasContent":true}],"attachments":[],"parameters":[],"shouldDisplayMessage":true,"stepsCount":2,"attachmentsCount":0,"hasContent":true},"afterStages":[],"labels":[{"name":"host","value":"fv-az1020-639"},{"name":"thread","value":"2788-MainThread"},{"name":"framework","value":"pytest-bdd"},{"name":"language","value":"cpython3"},{"name":"feature","value":"Test each council output matches expected results"},{"name":"resultFormat","value":"allure2"}],"parameters":[{"name":"council","value":"NeathPortTalbotCouncil"},{"name":"selenium_mode","value":"local"},{"name":"selenium_url","value":"http://selenium:4444"}],"links":[],"hidden":false,"retry":false,"extra":{"severity":"normal","retries":[],"categories":[{"name":"Product defects","matchedStatuses":[],"flaky":false}],"history":{"statistic":{"failed":21,"broken":0,"skipped":0,"passed":14,"unknown":0,"total":35},"items":[{"uid":"b865e855863b6211","reportUrl":"https://robbrad.github.io/UKBinCollectionData/3.11/1161//#testresult/b865e855863b6211","status":"failed","statusDetails":"selenium.common.exceptions.NoSuchElementException: Message: no such element: Unable to locate element: {\"method\":\"css selector\",\"selector\":\"[id=\"ContentPlaceHolderDefault_ctl13_nptLLPG2_25_addresslookup_txtTmpPostcode\"]\"}\n  (Session info: headless chrome=119.0.6045.159); For documentation on this error, please visit: https://www.selenium.dev/documentation/webdriver/troubleshooting/errors#no-such-element-exception\nStacktrace:\n#0 0x56360c1165e3 <unknown>\n#1 0x56360bdd90b7 <unknown>\n#2 0x56360be26f53 <unknown>\n#3 0x56360be27051 <unknown>\n#4 0x56360be6c9c4 <unknown>\n#5 0x56360be4df1d <unknown>\n#6 0x56360be69b3d <unknown>\n#7 0x56360be4dcc3 <unknown>\n#8 0x56360be190e4 <unknown>\n#9 0x56360be1a0ae <unknown>\n#10 0x56360c0dcce1 <unknown>\n#11 0x56360c0e0b7e <unknown>\n#12 0x56360c0ca4b5 <unknown>\n#13 0x56360c0e17d6 <unknown>\n#14 0x56360c0addbf <unknown>\n#15 0x56360c104748 <unknown>\n#16 0x56360c104917 <unknown>\n#17 0x56360c115773 <unknown>\n#18 0x7f5c44894ac3 <unknown>","time":{"start":1701279336922,"stop":1701279342103,"duration":5181}},{"uid":"adb3a7e25ffc5a37","reportUrl":"https://robbrad.github.io/UKBinCollectionData/3.11/1156//#testresult/adb3a7e25ffc5a37","status":"failed","statusDetails":"selenium.common.exceptions.NoSuchElementException: Message: no such element: Unable to locate element: {\"method\":\"css selector\",\"selector\":\"[id=\"ContentPlaceHolderDefault_ctl13_nptLLPG2_25_addresslookup_txtTmpPostcode\"]\"}\n  (Session info: headless chrome=119.0.6045.159); For documentation on this error, please visit: https://www.selenium.dev/documentation/webdriver/troubleshooting/errors#no-such-element-exception\nStacktrace:\n#0 0x55f3fc9865e3 <unknown>\n#1 0x55f3fc6490b7 <unknown>\n#2 0x55f3fc696f53 <unknown>\n#3 0x55f3fc697051 <unknown>\n#4 0x55f3fc6dc9c4 <unknown>\n#5 0x55f3fc6bdf1d <unknown>\n#6 0x55f3fc6d9b3d <unknown>\n#7 0x55f3fc6bdcc3 <unknown>\n#8 0x55f3fc6890e4 <unknown>\n#9 0x55f3fc68a0ae <unknown>\n#10 0x55f3fc94cce1 <unknown>\n#11 0x55f3fc950b7e <unknown>\n#12 0x55f3fc93a4b5 <unknown>\n#13 0x55f3fc9517d6 <unknown>\n#14 0x55f3fc91ddbf <unknown>\n#15 0x55f3fc974748 <unknown>\n#16 0x55f3fc974917 <unknown>\n#17 0x55f3fc985773 <unknown>\n#18 0x7feff9894ac3 <unknown>","time":{"start":1701220767408,"stop":1701220771348,"duration":3940}},{"uid":"fedd62301019d885","reportUrl":"https://robbrad.github.io/UKBinCollectionData/3.11/1155//#testresult/fedd62301019d885","status":"failed","statusDetails":"selenium.common.exceptions.NoSuchElementException: Message: no such element: Unable to locate element: {\"method\":\"css selector\",\"selector\":\"[id=\"ContentPlaceHolderDefault_ctl13_nptLLPG2_25_addresslookup_txtTmpPostcode\"]\"}\n  (Session info: headless chrome=119.0.6045.159); For documentation on this error, please visit: https://www.selenium.dev/documentation/webdriver/troubleshooting/errors#no-such-element-exception\nStacktrace:\n#0 0x563c86c925e3 <unknown>\n#1 0x563c869550b7 <unknown>\n#2 0x563c869a2f53 <unknown>\n#3 0x563c869a3051 <unknown>\n#4 0x563c869e89c4 <unknown>\n#5 0x563c869c9f1d <unknown>\n#6 0x563c869e5b3d <unknown>\n#7 0x563c869c9cc3 <unknown>\n#8 0x563c869950e4 <unknown>\n#9 0x563c869960ae <unknown>\n#10 0x563c86c58ce1 <unknown>\n#11 0x563c86c5cb7e <unknown>\n#12 0x563c86c464b5 <unknown>\n#13 0x563c86c5d7d6 <unknown>\n#14 0x563c86c29dbf <unknown>\n#15 0x563c86c80748 <unknown>\n#16 0x563c86c80917 <unknown>\n#17 0x563c86c91773 <unknown>\n#18 0x7f921b094ac3 <unknown>","time":{"start":1701134369770,"stop":1701134378641,"duration":8871}},{"uid":"8a499707dbb20a7b","reportUrl":"https://robbrad.github.io/UKBinCollectionData/3.11/1152//#testresult/8a499707dbb20a7b","status":"failed","statusDetails":"selenium.common.exceptions.NoSuchElementException: Message: no such element: Unable to locate element: {\"method\":\"css selector\",\"selector\":\"[id=\"ContentPlaceHolderDefault_ctl13_nptLLPG2_25_addresslookup_txtTmpPostcode\"]\"}\n  (Session info: headless chrome=119.0.6045.159); For documentation on this error, please visit: https://www.selenium.dev/documentation/webdriver/troubleshooting/errors#no-such-element-exception\nStacktrace:\n#0 0x55604a8685e3 <unknown>\n#1 0x55604a52b0b7 <unknown>\n#2 0x55604a578f53 <unknown>\n#3 0x55604a579051 <unknown>\n#4 0x55604a5be9c4 <unknown>\n#5 0x55604a59ff1d <unknown>\n#6 0x55604a5bbb3d <unknown>\n#7 0x55604a59fcc3 <unknown>\n#8 0x55604a56b0e4 <unknown>\n#9 0x55604a56c0ae <unknown>\n#10 0x55604a82ece1 <unknown>\n#11 0x55604a832b7e <unknown>\n#12 0x55604a81c4b5 <unknown>\n#13 0x55604a8337d6 <unknown>\n#14 0x55604a7ffdbf <unknown>\n#15 0x55604a856748 <unknown>\n#16 0x55604a856917 <unknown>\n#17 0x55604a867773 <unknown>\n#18 0x7f9989c94ac3 <unknown>","time":{"start":1701047922670,"stop":1701047927681,"duration":5011}},{"uid":"c0c0d0f521048e55","reportUrl":"https://robbrad.github.io/UKBinCollectionData/3.11/1151//#testresult/c0c0d0f521048e55","status":"failed","statusDetails":"selenium.common.exceptions.NoSuchElementException: Message: no such element: Unable to locate element: {\"method\":\"css selector\",\"selector\":\"[id=\"ContentPlaceHolderDefault_ctl13_nptLLPG2_25_addresslookup_txtTmpPostcode\"]\"}\n  (Session info: headless chrome=119.0.6045.159); For documentation on this error, please visit: https://www.selenium.dev/documentation/webdriver/troubleshooting/errors#no-such-element-exception\nStacktrace:\n#0 0x5573ae95d5e3 <unknown>\n#1 0x5573ae6200b7 <unknown>\n#2 0x5573ae66df53 <unknown>\n#3 0x5573ae66e051 <unknown>\n#4 0x5573ae6b39c4 <unknown>\n#5 0x5573ae694f1d <unknown>\n#6 0x5573ae6b0b3d <unknown>\n#7 0x5573ae694cc3 <unknown>\n#8 0x5573ae6600e4 <unknown>\n#9 0x5573ae6610ae <unknown>\n#10 0x5573ae923ce1 <unknown>\n#11 0x5573ae927b7e <unknown>\n#12 0x5573ae9114b5 <unknown>\n#13 0x5573ae9287d6 <unknown>\n#14 0x5573ae8f4dbf <unknown>\n#15 0x5573ae94b748 <unknown>\n#16 0x5573ae94b917 <unknown>\n#17 0x5573ae95c773 <unknown>\n#18 0x7f0974494ac3 <unknown>","time":{"start":1701036176176,"stop":1701036183533,"duration":7357}},{"uid":"f33998f83640d4a2","reportUrl":"https://robbrad.github.io/UKBinCollectionData/3.11/1150//#testresult/f33998f83640d4a2","status":"failed","statusDetails":"selenium.common.exceptions.ElementClickInterceptedException: Message: element click intercepted: Element is not clickable at point (589, 618)\n  (Session info: headless chrome=119.0.6045.159)\nStacktrace:\n#0 0x55b2fc6185e3 <unknown>\n#1 0x55b2fc2db0b7 <unknown>\n#2 0x55b2fc330cfc <unknown>\n#3 0x55b2fc32e65f <unknown>\n#4 0x55b2fc32bbe4 <unknown>\n#5 0x55b2fc32a934 <unknown>\n#6 0x55b2fc31d1a0 <unknown>\n#7 0x55b2fc34fef2 <unknown>\n#8 0x55b2fc31ca02 <unknown>\n#9 0x55b2fc3500be <unknown>\n#10 0x55b2fc36bb3d <unknown>\n#11 0x55b2fc34fcc3 <unknown>\n#12 0x55b2fc31b0e4 <unknown>\n#13 0x55b2fc31c0ae <unknown>\n#14 0x55b2fc5dece1 <unknown>\n#15 0x55b2fc5e2b7e <unknown>\n#16 0x55b2fc5cc4b5 <unknown>\n#17 0x55b2fc5e37d6 <unknown>\n#18 0x55b2fc5afdbf <unknown>\n#19 0x55b2fc606748 <unknown>\n#20 0x55b2fc606917 <unknown>\n#21 0x55b2fc617773 <unknown>\n#22 0x7f7254c94ac3 <unknown>","time":{"start":1701036140000,"stop":1701036149258,"duration":9258}},{"uid":"5643583b485dcf74","reportUrl":"https://robbrad.github.io/UKBinCollectionData/3.11/1148//#testresult/5643583b485dcf74","status":"failed","statusDetails":"selenium.common.exceptions.NoSuchElementException: Message: no such element: Unable to locate element: {\"method\":\"css selector\",\"selector\":\"[id=\"ContentPlaceHolderDefault_ctl13_nptLLPG2_25_addresslookup_txtTmpPostcode\"]\"}\n  (Session info: headless chrome=119.0.6045.159); For documentation on this error, please visit: https://www.selenium.dev/documentation/webdriver/troubleshooting/errors#no-such-element-exception\nStacktrace:\n#0 0x557c10e305e3 <unknown>\n#1 0x557c10af30b7 <unknown>\n#2 0x557c10b40f53 <unknown>\n#3 0x557c10b41051 <unknown>\n#4 0x557c10b869c4 <unknown>\n#5 0x557c10b67f1d <unknown>\n#6 0x557c10b83b3d <unknown>\n#7 0x557c10b67cc3 <unknown>\n#8 0x557c10b330e4 <unknown>\n#9 0x557c10b340ae <unknown>\n#10 0x557c10df6ce1 <unknown>\n#11 0x557c10dfab7e <unknown>\n#12 0x557c10de44b5 <unknown>\n#13 0x557c10dfb7d6 <unknown>\n#14 0x557c10dc7dbf <unknown>\n#15 0x557c10e1e748 <unknown>\n#16 0x557c10e1e917 <unknown>\n#17 0x557c10e2f773 <unknown>\n#18 0x7f7f5a094ac3 <unknown>","time":{"start":1700961746197,"stop":1700961750021,"duration":3824}},{"uid":"138c526069aca39b","reportUrl":"https://robbrad.github.io/UKBinCollectionData/3.11/1147//#testresult/138c526069aca39b","status":"failed","statusDetails":"selenium.common.exceptions.ElementClickInterceptedException: Message: element click intercepted: Element is not clickable at point (589, 636)\n  (Session info: headless chrome=119.0.6045.159)\nStacktrace:\n#0 0x55b3f4c7e5e3 <unknown>\n#1 0x55b3f49410b7 <unknown>\n#2 0x55b3f4996cfc <unknown>\n#3 0x55b3f499465f <unknown>\n#4 0x55b3f4991be4 <unknown>\n#5 0x55b3f4990934 <unknown>\n#6 0x55b3f49831a0 <unknown>\n#7 0x55b3f49b5ef2 <unknown>\n#8 0x55b3f4982a02 <unknown>\n#9 0x55b3f49b60be <unknown>\n#10 0x55b3f49d1b3d <unknown>\n#11 0x55b3f49b5cc3 <unknown>\n#12 0x55b3f49810e4 <unknown>\n#13 0x55b3f49820ae <unknown>\n#14 0x55b3f4c44ce1 <unknown>\n#15 0x55b3f4c48b7e <unknown>\n#16 0x55b3f4c324b5 <unknown>\n#17 0x55b3f4c497d6 <unknown>\n#18 0x55b3f4c15dbf <unknown>\n#19 0x55b3f4c6c748 <unknown>\n#20 0x55b3f4c6c917 <unknown>\n#21 0x55b3f4c7d773 <unknown>\n#22 0x7f08d3294ac3 <unknown>","time":{"start":1700874926162,"stop":1700874930372,"duration":4210}},{"uid":"d867abd9c97d5bc4","reportUrl":"https://robbrad.github.io/UKBinCollectionData/3.11/1146//#testresult/d867abd9c97d5bc4","status":"failed","statusDetails":"selenium.common.exceptions.NoSuchElementException: Message: no such element: Unable to locate element: {\"method\":\"css selector\",\"selector\":\"[id=\"ContentPlaceHolderDefault_ctl13_nptLLPG2_25_addresslookup_txtTmpPostcode\"]\"}\n  (Session info: headless chrome=119.0.6045.159); For documentation on this error, please visit: https://www.selenium.dev/documentation/webdriver/troubleshooting/errors#no-such-element-exception\nStacktrace:\n#0 0x559f677485e3 <unknown>\n#1 0x559f6740b0b7 <unknown>\n#2 0x559f67458f53 <unknown>\n#3 0x559f67459051 <unknown>\n#4 0x559f6749e9c4 <unknown>\n#5 0x559f6747ff1d <unknown>\n#6 0x559f6749bb3d <unknown>\n#7 0x559f6747fcc3 <unknown>\n#8 0x559f6744b0e4 <unknown>\n#9 0x559f6744c0ae <unknown>\n#10 0x559f6770ece1 <unknown>\n#11 0x559f67712b7e <unknown>\n#12 0x559f676fc4b5 <unknown>\n#13 0x559f677137d6 <unknown>\n#14 0x559f676dfdbf <unknown>\n#15 0x559f67736748 <unknown>\n#16 0x559f67736917 <unknown>\n#17 0x559f67747773 <unknown>\n#18 0x7f8250c94ac3 <unknown>","time":{"start":1700788574700,"stop":1700788577559,"duration":2859}},{"uid":"7b9dddb25ee332c5","reportUrl":"https://robbrad.github.io/UKBinCollectionData/3.11/1145//#testresult/7b9dddb25ee332c5","status":"failed","statusDetails":"selenium.common.exceptions.NoSuchElementException: Message: no such element: Unable to locate element: {\"method\":\"css selector\",\"selector\":\"[id=\"ContentPlaceHolderDefault_ctl13_nptLLPG2_25_addresslookup_txtTmpPostcode\"]\"}\n  (Session info: headless chrome=119.0.6045.159); For documentation on this error, please visit: https://www.selenium.dev/documentation/webdriver/troubleshooting/errors#no-such-element-exception\nStacktrace:\n#0 0x5600af8f75e3 <unknown>\n#1 0x5600af5ba0b7 <unknown>\n#2 0x5600af607f53 <unknown>\n#3 0x5600af608051 <unknown>\n#4 0x5600af64d9c4 <unknown>\n#5 0x5600af62ef1d <unknown>\n#6 0x5600af64ab3d <unknown>\n#7 0x5600af62ecc3 <unknown>\n#8 0x5600af5fa0e4 <unknown>\n#9 0x5600af5fb0ae <unknown>\n#10 0x5600af8bdce1 <unknown>\n#11 0x5600af8c1b7e <unknown>\n#12 0x5600af8ab4b5 <unknown>\n#13 0x5600af8c27d6 <unknown>\n#14 0x5600af88edbf <unknown>\n#15 0x5600af8e5748 <unknown>\n#16 0x5600af8e5917 <unknown>\n#17 0x5600af8f6773 <unknown>\n#18 0x7f9960694ac3 <unknown>","time":{"start":1700702293554,"stop":1700702298148,"duration":4594}},{"uid":"fbb39331214ab3fa","reportUrl":"https://robbrad.github.io/UKBinCollectionData/3.11/1143//#testresult/fbb39331214ab3fa","status":"passed","time":{"start":1700646372286,"stop":1700646377031,"duration":4745}},{"uid":"95838d05b205b5dc","reportUrl":"https://robbrad.github.io/UKBinCollectionData/3.11/1144//#testresult/95838d05b205b5dc","status":"passed","time":{"start":1700646416898,"stop":1700646422945,"duration":6047}},{"uid":"3a5a930422cb5ae9","reportUrl":"https://robbrad.github.io/UKBinCollectionData/3.11/1141//#testresult/3a5a930422cb5ae9","status":"passed","time":{"start":1700616062495,"stop":1700616068369,"duration":5874}},{"uid":"f29cd77297cbbd69","reportUrl":"https://robbrad.github.io/UKBinCollectionData/3.11/1136//#testresult/f29cd77297cbbd69","status":"passed","time":{"start":1700529693316,"stop":1700529700487,"duration":7171}},{"uid":"6b9c195f8d4b169e","reportUrl":"https://robbrad.github.io/UKBinCollectionData/3.11/1135//#testresult/6b9c195f8d4b169e","status":"failed","statusDetails":"selenium.common.exceptions.ElementClickInterceptedException: Message: element click intercepted: Element is not clickable at point (589, 627)\n  (Session info: headless chrome=118.0.5993.117)\nStacktrace:\n#0 0x558bb9674fb3 <unknown>\n#1 0x558bb93484a7 <unknown>\n#2 0x558bb9395ecd <unknown>\n#3 0x558bb939426d <unknown>\n#4 0x558bb9392028 <unknown>\n#5 0x558bb9391097 <unknown>\n#6 0x558bb9385d59 <unknown>\n#7 0x558bb93b1942 <unknown>\n#8 0x558bb9385776 <unknown>\n#9 0x558bb93b1b0e <unknown>\n#10 0x558bb93cac02 <unknown>\n#11 0x558bb93b1713 <unknown>\n#12 0x558bb938418b <unknown>\n#13 0x558bb9384f7e <unknown>\n#14 0x558bb963a8d8 <unknown>\n#15 0x558bb963e800 <unknown>\n#16 0x558bb9648cfc <unknown>\n#17 0x558bb963f418 <unknown>\n#18 0x558bb960c42f <unknown>\n#19 0x558bb96634e8 <unknown>\n#20 0x558bb96636b4 <unknown>\n#21 0x558bb9674143 <unknown>\n#22 0x7ff1c2a94ac3 <unknown>","time":{"start":1700443191752,"stop":1700443196158,"duration":4406}},{"uid":"1907d527280f0359","reportUrl":"https://robbrad.github.io/UKBinCollectionData/3.11/1134//#testresult/1907d527280f0359","status":"failed","statusDetails":"ValueError: time data 'Monday, 20\\xa0November (Tomorrow) 2023' does not match format '%A, %d %B %Y'","time":{"start":1700357000721,"stop":1700357012783,"duration":12062}},{"uid":"27be4728653ddb76","reportUrl":"https://robbrad.github.io/UKBinCollectionData/3.11/1133//#testresult/27be4728653ddb76","status":"passed","time":{"start":1700270274655,"stop":1700270285750,"duration":11095}},{"uid":"d8e4160196f2ad63","reportUrl":"https://robbrad.github.io/UKBinCollectionData/3.11/1132//#testresult/d8e4160196f2ad63","status":"passed","time":{"start":1700183922028,"stop":1700183927192,"duration":5164}},{"uid":"af96a0546b0707cb","reportUrl":"https://robbrad.github.io/UKBinCollectionData/3.11/1131//#testresult/af96a0546b0707cb","status":"passed","time":{"start":1700097576623,"stop":1700097582601,"duration":5978}},{"uid":"b2ead14a5e1124dd","reportUrl":"https://robbrad.github.io/UKBinCollectionData/3.11/1129//#testresult/b2ead14a5e1124dd","status":"passed","time":{"start":1700011079313,"stop":1700011084499,"duration":5186}}]},"tags":[]},"source":"30cd4320d278ba95.json","parameterValues":["NeathPortTalbotCouncil","local","http://selenium:4444"]}