{"uid":"a8b7b98fe23f6fee","name":"Validate Council Output [EastSuffolkCouncil-http://selenium:4444-local]","fullName":"features/validate_council_outputs.feature:Validate Council Output","historyId":"0d1d651eff84630c7995a9924409d0e0","time":{"start":1702430322356,"stop":1702430341589,"duration":19233},"status":"failed","statusMessage":"selenium.common.exceptions.TimeoutException: Message:","statusTrace":"fixturefunc = <function scrape_step at 0x7f9a80a763e0>\nrequest = <FixtureRequest for <Function test_scenario_outline[EastSuffolkCouncil-http://selenium:4444-local]>>\nkwargs = {'context': <test_validate_council.context.<locals>.Context object at 0x7f9a8014ac10>, 'council': 'EastSuffolkCouncil', 'selenium_mode': 'local', 'selenium_url': 'http://selenium:4444'}\n\n    def call_fixture_func(\n        fixturefunc: \"_FixtureFunc[FixtureValue]\", request: FixtureRequest, kwargs\n    ) -> FixtureValue:\n        if is_generator(fixturefunc):\n            fixturefunc = cast(\n                Callable[..., Generator[FixtureValue, None, None]], fixturefunc\n            )\n            generator = fixturefunc(**kwargs)\n            try:\n                fixture_result = next(generator)\n            except StopIteration:\n                raise ValueError(f\"{request.fixturename} did not yield a value\") from None\n            finalizer = functools.partial(_teardown_yield_fixture, fixturefunc, generator)\n            request.addfinalizer(finalizer)\n        else:\n            fixturefunc = cast(Callable[..., FixtureValue], fixturefunc)\n>           fixture_result = fixturefunc(**kwargs)\n\n../../../.cache/pypoetry/virtualenvs/uk-bin-collection-EwS6Gn8s-py3.11/lib/python3.11/site-packages/_pytest/fixtures.py:902: \n_ _ _ _ _ _ _ _ _ _ _ _ _ _ _ _ _ _ _ _ _ _ _ _ _ _ _ _ _ _ _ _ _ _ _ _ _ _ _ _ \nuk_bin_collection/tests/step_defs/test_validate_council.py:75: in scrape_step\n    raise (err)\nuk_bin_collection/tests/step_defs/test_validate_council.py:71: in scrape_step\n    context.parse_result = CollectData.run()\nuk_bin_collection/uk_bin_collection/collect_data.py:82: in run\n    return self.client_code(\nuk_bin_collection/uk_bin_collection/collect_data.py:69: in client_code\n    return get_bin_data_class.template_method(address_url, **kwargs)\nuk_bin_collection/uk_bin_collection/get_bin_data.py:69: in template_method\n    bin_data_dict = self.parse_data(\nuk_bin_collection/uk_bin_collection/councils/EastSuffolkCouncil.py:60: in parse_data\n    WebDriverWait(driver, 10).until(\n_ _ _ _ _ _ _ _ _ _ _ _ _ _ _ _ _ _ _ _ _ _ _ _ _ _ _ _ _ _ _ _ _ _ _ _ _ _ _ _ \n\nself = <selenium.webdriver.support.wait.WebDriverWait (session=\"435bc304f3a09bf105b33700add41ba5\")>\nmethod = <function invisibility_of_element_located.<locals>._predicate at 0x7f9a807f6e80>\nmessage = ''\n\n    def until(self, method, message: str = \"\"):\n        \"\"\"Calls the method provided with the driver as an argument until the \\\n        return value does not evaluate to ``False``.\n    \n        :param method: callable(WebDriver)\n        :param message: optional message for :exc:`TimeoutException`\n        :returns: the result of the last call to `method`\n        :raises: :exc:`selenium.common.exceptions.TimeoutException` if timeout occurs\n        \"\"\"\n        screen = None\n        stacktrace = None\n    \n        end_time = time.monotonic() + self._timeout\n        while True:\n            try:\n                value = method(self._driver)\n                if value:\n                    return value\n            except self._ignored_exceptions as exc:\n                screen = getattr(exc, \"screen\", None)\n                stacktrace = getattr(exc, \"stacktrace\", None)\n            time.sleep(self._poll)\n            if time.monotonic() > end_time:\n                break\n>       raise TimeoutException(message, screen, stacktrace)\nE       selenium.common.exceptions.TimeoutException: Message:\n\n../../../.cache/pypoetry/virtualenvs/uk-bin-collection-EwS6Gn8s-py3.11/lib/python3.11/site-packages/selenium/webdriver/support/wait.py:95: TimeoutException","flaky":true,"newFailed":true,"newBroken":false,"newPassed":false,"retriesCount":0,"retriesStatusChange":false,"beforeStages":[],"testStage":{"status":"failed","statusMessage":"selenium.common.exceptions.TimeoutException: Message:","statusTrace":"fixturefunc = <function scrape_step at 0x7f9a80a763e0>\nrequest = <FixtureRequest for <Function test_scenario_outline[EastSuffolkCouncil-http://selenium:4444-local]>>\nkwargs = {'context': <test_validate_council.context.<locals>.Context object at 0x7f9a8014ac10>, 'council': 'EastSuffolkCouncil', 'selenium_mode': 'local', 'selenium_url': 'http://selenium:4444'}\n\n    def call_fixture_func(\n        fixturefunc: \"_FixtureFunc[FixtureValue]\", request: FixtureRequest, kwargs\n    ) -> FixtureValue:\n        if is_generator(fixturefunc):\n            fixturefunc = cast(\n                Callable[..., Generator[FixtureValue, None, None]], fixturefunc\n            )\n            generator = fixturefunc(**kwargs)\n            try:\n                fixture_result = next(generator)\n            except StopIteration:\n                raise ValueError(f\"{request.fixturename} did not yield a value\") from None\n            finalizer = functools.partial(_teardown_yield_fixture, fixturefunc, generator)\n            request.addfinalizer(finalizer)\n        else:\n            fixturefunc = cast(Callable[..., FixtureValue], fixturefunc)\n>           fixture_result = fixturefunc(**kwargs)\n\n../../../.cache/pypoetry/virtualenvs/uk-bin-collection-EwS6Gn8s-py3.11/lib/python3.11/site-packages/_pytest/fixtures.py:902: \n_ _ _ _ _ _ _ _ _ _ _ _ _ _ _ _ _ _ _ _ _ _ _ _ _ _ _ _ _ _ _ _ _ _ _ _ _ _ _ _ \nuk_bin_collection/tests/step_defs/test_validate_council.py:75: in scrape_step\n    raise (err)\nuk_bin_collection/tests/step_defs/test_validate_council.py:71: in scrape_step\n    context.parse_result = CollectData.run()\nuk_bin_collection/uk_bin_collection/collect_data.py:82: in run\n    return self.client_code(\nuk_bin_collection/uk_bin_collection/collect_data.py:69: in client_code\n    return get_bin_data_class.template_method(address_url, **kwargs)\nuk_bin_collection/uk_bin_collection/get_bin_data.py:69: in template_method\n    bin_data_dict = self.parse_data(\nuk_bin_collection/uk_bin_collection/councils/EastSuffolkCouncil.py:60: in parse_data\n    WebDriverWait(driver, 10).until(\n_ _ _ _ _ _ _ _ _ _ _ _ _ _ _ _ _ _ _ _ _ _ _ _ _ _ _ _ _ _ _ _ _ _ _ _ _ _ _ _ \n\nself = <selenium.webdriver.support.wait.WebDriverWait (session=\"435bc304f3a09bf105b33700add41ba5\")>\nmethod = <function invisibility_of_element_located.<locals>._predicate at 0x7f9a807f6e80>\nmessage = ''\n\n    def until(self, method, message: str = \"\"):\n        \"\"\"Calls the method provided with the driver as an argument until the \\\n        return value does not evaluate to ``False``.\n    \n        :param method: callable(WebDriver)\n        :param message: optional message for :exc:`TimeoutException`\n        :returns: the result of the last call to `method`\n        :raises: :exc:`selenium.common.exceptions.TimeoutException` if timeout occurs\n        \"\"\"\n        screen = None\n        stacktrace = None\n    \n        end_time = time.monotonic() + self._timeout\n        while True:\n            try:\n                value = method(self._driver)\n                if value:\n                    return value\n            except self._ignored_exceptions as exc:\n                screen = getattr(exc, \"screen\", None)\n                stacktrace = getattr(exc, \"stacktrace\", None)\n            time.sleep(self._poll)\n            if time.monotonic() > end_time:\n                break\n>       raise TimeoutException(message, screen, stacktrace)\nE       selenium.common.exceptions.TimeoutException: Message:\n\n../../../.cache/pypoetry/virtualenvs/uk-bin-collection-EwS6Gn8s-py3.11/lib/python3.11/site-packages/selenium/webdriver/support/wait.py:95: TimeoutException","steps":[{"name":"Given the council: EastSuffolkCouncil","time":{"start":1702430322356,"stop":1702430322357,"duration":1},"status":"passed","steps":[],"attachments":[],"parameters":[],"shouldDisplayMessage":false,"stepsCount":0,"attachmentsCount":0,"hasContent":false,"attachmentStep":false},{"name":"When we scrape the data from EastSuffolkCouncil using local and the http://selenium:4444 is set","time":{"start":1702430322357,"stop":1702430341589,"duration":19232},"status":"failed","statusMessage":"Message: \n","statusTrace":"selenium.common.exceptions.TimeoutException: Message: \n\n","steps":[],"attachments":[],"parameters":[],"shouldDisplayMessage":true,"stepsCount":0,"attachmentsCount":0,"hasContent":true,"attachmentStep":false}],"attachments":[],"parameters":[],"shouldDisplayMessage":true,"stepsCount":2,"attachmentsCount":0,"hasContent":true,"attachmentStep":false},"afterStages":[],"labels":[{"name":"host","value":"fv-az659-878"},{"name":"thread","value":"2775-MainThread"},{"name":"framework","value":"pytest-bdd"},{"name":"language","value":"cpython3"},{"name":"feature","value":"Test each council output matches expected results"},{"name":"resultFormat","value":"allure2"}],"parameters":[{"name":"council","value":"EastSuffolkCouncil"},{"name":"selenium_mode","value":"local"},{"name":"selenium_url","value":"http://selenium:4444"}],"links":[],"hidden":false,"retry":false,"extra":{"severity":"normal","retries":[],"categories":[{"name":"Product defects","matchedStatuses":[],"flaky":false}],"history":{"statistic":{"failed":4,"broken":0,"skipped":0,"passed":69,"unknown":0,"total":73},"items":[{"uid":"d46c535f583bc6f4","reportUrl":"https://robbrad.github.io/UKBinCollectionData/3.11/1232//#testresult/d46c535f583bc6f4","status":"passed","time":{"start":1702366482354,"stop":1702366497441,"duration":15087}},{"uid":"a69499d15bbe06b0","reportUrl":"https://robbrad.github.io/UKBinCollectionData/3.11/1231//#testresult/a69499d15bbe06b0","status":"passed","time":{"start":1702343954210,"stop":1702343969214,"duration":15004}},{"uid":"aa927b6fd46bec65","reportUrl":"https://robbrad.github.io/UKBinCollectionData/3.11/1229//#testresult/aa927b6fd46bec65","status":"passed","time":{"start":1702257534007,"stop":1702257550377,"duration":16370}},{"uid":"88a16c2333209d9c","reportUrl":"https://robbrad.github.io/UKBinCollectionData/3.11/1228//#testresult/88a16c2333209d9c","status":"passed","time":{"start":1702171400038,"stop":1702171415712,"duration":15674}},{"uid":"1b651d5f4114e621","reportUrl":"https://robbrad.github.io/UKBinCollectionData/3.11/1227//#testresult/1b651d5f4114e621","status":"failed","statusDetails":"selenium.common.exceptions.TimeoutException: Message: \nStacktrace:\n#0 0x5596401135e3 <unknown>\n#1 0x55963fdd60b7 <unknown>\n#2 0x55963fe23f53 <unknown>\n#3 0x55963fe24051 <unknown>\n#4 0x55963fe699c4 <unknown>\n#5 0x55963fe4af1d <unknown>\n#6 0x55963fe66b3d <unknown>\n#7 0x55963fe4acc3 <unknown>\n#8 0x55963fe160e4 <unknown>\n#9 0x55963fe170ae <unknown>\n#10 0x5596400d9ce1 <unknown>\n#11 0x5596400ddb7e <unknown>\n#12 0x5596400c74b5 <unknown>\n#13 0x5596400de7d6 <unknown>\n#14 0x5596400aadbf <unknown>\n#15 0x559640101748 <unknown>\n#16 0x559640101917 <unknown>\n#17 0x559640112773 <unknown>\n#18 0x7f21aaa94ac3 <unknown>","time":{"start":1702084619572,"stop":1702084646846,"duration":27274}},{"uid":"6d3e2ebffbf4f6bf","reportUrl":"https://robbrad.github.io/UKBinCollectionData/3.11/1225//#testresult/6d3e2ebffbf4f6bf","status":"passed","time":{"start":1702066712766,"stop":1702066727949,"duration":15183}},{"uid":"e6b8a3dec06f7e7d","reportUrl":"https://robbrad.github.io/UKBinCollectionData/3.11/1222//#testresult/e6b8a3dec06f7e7d","status":"passed","time":{"start":1702054360172,"stop":1702054380641,"duration":20469}},{"uid":"c53f019e1ba17970","reportUrl":"https://robbrad.github.io/UKBinCollectionData/3.11/1223//#testresult/c53f019e1ba17970","status":"passed","time":{"start":1702054399731,"stop":1702054413774,"duration":14043}},{"uid":"1cdff116c38c61e7","reportUrl":"https://robbrad.github.io/UKBinCollectionData/3.11/1219//#testresult/1cdff116c38c61e7","status":"passed","time":{"start":1701998379851,"stop":1701998396848,"duration":16997}},{"uid":"bda6eda83412d045","reportUrl":"https://robbrad.github.io/UKBinCollectionData/3.11/1218//#testresult/bda6eda83412d045","status":"passed","time":{"start":1701990362938,"stop":1701990381917,"duration":18979}},{"uid":"3b69251f8f22aaf8","reportUrl":"https://robbrad.github.io/UKBinCollectionData/3.11/1217//#testresult/3b69251f8f22aaf8","status":"passed","time":{"start":1701990331167,"stop":1701990349100,"duration":17933}},{"uid":"ad34428b756ad3b8","reportUrl":"https://robbrad.github.io/UKBinCollectionData/3.11/1215//#testresult/ad34428b756ad3b8","status":"passed","time":{"start":1701942795418,"stop":1701942810630,"duration":15212}},{"uid":"13e109c713329be5","reportUrl":"https://robbrad.github.io/UKBinCollectionData/3.11/1214//#testresult/13e109c713329be5","status":"passed","time":{"start":1701936499210,"stop":1701936519675,"duration":20465}},{"uid":"5dc26a943f910caa","reportUrl":"https://robbrad.github.io/UKBinCollectionData/3.11/1213//#testresult/5dc26a943f910caa","status":"passed","time":{"start":1701936459847,"stop":1701936472325,"duration":12478}},{"uid":"5b077287ac855afa","reportUrl":"https://robbrad.github.io/UKBinCollectionData/3.11/1211//#testresult/5b077287ac855afa","status":"passed","time":{"start":1701911937435,"stop":1701911954687,"duration":17252}},{"uid":"40069d70064e5a17","reportUrl":"https://robbrad.github.io/UKBinCollectionData/3.11/1209//#testresult/40069d70064e5a17","status":"failed","statusDetails":"selenium.common.exceptions.NoSuchElementException: Message: Cannot locate option with value: 10093544720; For documentation on this error, please visit: https://www.selenium.dev/documentation/webdriver/troubleshooting/errors#no-such-element-exception","time":{"start":1701904855881,"stop":1701904869312,"duration":13431}},{"uid":"92e97d7ee001515d","reportUrl":"https://robbrad.github.io/UKBinCollectionData/3.11/1201//#testresult/92e97d7ee001515d","status":"passed","time":{"start":1701882527625,"stop":1701882544346,"duration":16721}},{"uid":"c618764e5e74b9eb","reportUrl":"https://robbrad.github.io/UKBinCollectionData/3.11/1202//#testresult/c618764e5e74b9eb","status":"passed","time":{"start":1701882558286,"stop":1701882577941,"duration":19655}},{"uid":"ba7f5cc8b6b14b24","reportUrl":"https://robbrad.github.io/UKBinCollectionData/3.11/1199//#testresult/ba7f5cc8b6b14b24","status":"passed","time":{"start":1701825548751,"stop":1701825565503,"duration":16752}},{"uid":"db1cfcc0745c54bb","reportUrl":"https://robbrad.github.io/UKBinCollectionData/3.11/1198//#testresult/db1cfcc0745c54bb","status":"passed","time":{"start":1701795530564,"stop":1701795544801,"duration":14237}}]},"tags":[]},"source":"a8b7b98fe23f6fee.json","parameterValues":["EastSuffolkCouncil","local","http://selenium:4444"]}