{"uid":"26ab387fc49a015a","name":"Validate Council Output [NeathPortTalbotCouncil]","fullName":"features/validate_council_outputs.feature:Validate Council Output","historyId":"6a7795e00df27bb2a2723cbd96dd78a1","time":{"start":1716155119550,"stop":1716155141947,"duration":22397},"status":"failed","statusMessage":"selenium.common.exceptions.NoSuchElementException: Message: no such element: Unable to locate element: {\"method\":\"css selector\",\"selector\":\"[id=\"ContentPlaceHolderDefault_ctl13_nptLLPG2_25_addresslookup_txtTmpPostcode\"]\"}\n  (Session info: chrome-headless-shell=125.0.6422.60); For documentation on this error, please visit: https://www.selenium.dev/documentation/webdriver/troubleshooting/errors#no-such-element-exception\nStacktrace:\n#0 0x557d6711eeca <unknown>\n#1 0x557d66e0845c <unknown>\n#2 0x557d66e545b5 <unknown>\n#3 0x557d66e54671 <unknown>\n#4 0x557d66e98f14 <unknown>\n#5 0x557d66e774dd <unknown>\n#6 0x557d66e962cc <unknown>\n#7 0x557d66e77253 <unknown>\n#8 0x557d66e471c7 <unknown>\n#9 0x557d66e47b3e <unknown>\n#10 0x557d670e530b <unknown>\n#11 0x557d670e93b7 <unknown>\n#12 0x557d670d1e3e <unknown>\n#13 0x557d670e9e82 <unknown>\n#14 0x557d670b67df <unknown>\n#15 0x557d6710e1b8 <unknown>\n#16 0x557d6710e38b <unknown>\n#17 0x557d6711dffc <unknown>\n#18 0x7f4264677ac3 <unknown>","statusTrace":"fixturefunc = <function scrape_step at 0x7f5457625300>\nrequest = <FixtureRequest for <Function test_scenario_outline[NeathPortTalbotCouncil]>>\nkwargs = {'context': <test_validate_council.context.<locals>.Context object at 0x7f545694ba50>, 'council': 'NeathPortTalbotCouncil', 'headless_mode': 'True', 'local_browser': 'False', ...}\n\n    def call_fixture_func(\n        fixturefunc: \"_FixtureFunc[FixtureValue]\", request: FixtureRequest, kwargs\n    ) -> FixtureValue:\n        if is_generator(fixturefunc):\n            fixturefunc = cast(\n                Callable[..., Generator[FixtureValue, None, None]], fixturefunc\n            )\n            generator = fixturefunc(**kwargs)\n            try:\n                fixture_result = next(generator)\n            except StopIteration:\n                raise ValueError(f\"{request.fixturename} did not yield a value\") from None\n            finalizer = functools.partial(_teardown_yield_fixture, fixturefunc, generator)\n            request.addfinalizer(finalizer)\n        else:\n            fixturefunc = cast(Callable[..., FixtureValue], fixturefunc)\n>           fixture_result = fixturefunc(**kwargs)\n\n../../../.cache/pypoetry/virtualenvs/uk-bin-collection-EwS6Gn8s-py3.11/lib/python3.11/site-packages/_pytest/fixtures.py:884: \n_ _ _ _ _ _ _ _ _ _ _ _ _ _ _ _ _ _ _ _ _ _ _ _ _ _ _ _ _ _ _ _ _ _ _ _ _ _ _ _ \nuk_bin_collection/tests/step_defs/test_validate_council.py:76: in scrape_step\n    context.parse_result = CollectData.run()\nuk_bin_collection/uk_bin_collection/collect_data.py:102: in run\n    return self.client_code(\nuk_bin_collection/uk_bin_collection/collect_data.py:121: in client_code\n    return get_bin_data_class.template_method(address_url, **kwargs)\nuk_bin_collection/uk_bin_collection/get_bin_data.py:80: in template_method\n    bin_data_dict = self.parse_data(\nuk_bin_collection/uk_bin_collection/councils/NeathPortTalbotCouncil.py:43: in parse_data\n    inputElement_postcode = driver.find_element(\n../../../.cache/pypoetry/virtualenvs/uk-bin-collection-EwS6Gn8s-py3.11/lib/python3.11/site-packages/selenium/webdriver/remote/webdriver.py:741: in find_element\n    return self.execute(Command.FIND_ELEMENT, {\"using\": by, \"value\": value})[\"value\"]\n../../../.cache/pypoetry/virtualenvs/uk-bin-collection-EwS6Gn8s-py3.11/lib/python3.11/site-packages/selenium/webdriver/remote/webdriver.py:347: in execute\n    self.error_handler.check_response(response)\n_ _ _ _ _ _ _ _ _ _ _ _ _ _ _ _ _ _ _ _ _ _ _ _ _ _ _ _ _ _ _ _ _ _ _ _ _ _ _ _ \n\nself = <selenium.webdriver.remote.errorhandler.ErrorHandler object at 0x7f5456732990>\nresponse = {'status': 404, 'value': '{\"value\":{\"error\":\"no such element\",\"message\":\"no such element: Unable to locate element: {\\...\\\\n#16 0x557d6710e38b \\\\u003Cunknown>\\\\n#17 0x557d6711dffc \\\\u003Cunknown>\\\\n#18 0x7f4264677ac3 \\\\u003Cunknown>\\\\n\"}}'}\n\n    def check_response(self, response: Dict[str, Any]) -> None:\n        \"\"\"Checks that a JSON response from the WebDriver does not have an\n        error.\n    \n        :Args:\n         - response - The JSON response from the WebDriver server as a dictionary\n           object.\n    \n        :Raises: If the response contains an error message.\n        \"\"\"\n        status = response.get(\"status\", None)\n        if not status or status == ErrorCode.SUCCESS:\n            return\n        value = None\n        message = response.get(\"message\", \"\")\n        screen: str = response.get(\"screen\", \"\")\n        stacktrace = None\n        if isinstance(status, int):\n            value_json = response.get(\"value\", None)\n            if value_json and isinstance(value_json, str):\n                import json\n    \n                try:\n                    value = json.loads(value_json)\n                    if len(value) == 1:\n                        value = value[\"value\"]\n                    status = value.get(\"error\", None)\n                    if not status:\n                        status = value.get(\"status\", ErrorCode.UNKNOWN_ERROR)\n                        message = value.get(\"value\") or value.get(\"message\")\n                        if not isinstance(message, str):\n                            value = message\n                            message = message.get(\"message\")\n                    else:\n                        message = value.get(\"message\", None)\n                except ValueError:\n                    pass\n    \n        exception_class: Type[WebDriverException]\n        e = ErrorCode()\n        error_codes = [item for item in dir(e) if not item.startswith(\"__\")]\n        for error_code in error_codes:\n            error_info = getattr(ErrorCode, error_code)\n            if isinstance(error_info, list) and status in error_info:\n                exception_class = getattr(ExceptionMapping, error_code, WebDriverException)\n                break\n        else:\n            exception_class = WebDriverException\n    \n        if not value:\n            value = response[\"value\"]\n        if isinstance(value, str):\n            raise exception_class(value)\n        if message == \"\" and \"message\" in value:\n            message = value[\"message\"]\n    \n        screen = None  # type: ignore[assignment]\n        if \"screen\" in value:\n            screen = value[\"screen\"]\n    \n        stacktrace = None\n        st_value = value.get(\"stackTrace\") or value.get(\"stacktrace\")\n        if st_value:\n            if isinstance(st_value, str):\n                stacktrace = st_value.split(\"\\n\")\n            else:\n                stacktrace = []\n                try:\n                    for frame in st_value:\n                        line = frame.get(\"lineNumber\", \"\")\n                        file = frame.get(\"fileName\", \"<anonymous>\")\n                        if line:\n                            file = f\"{file}:{line}\"\n                        meth = frame.get(\"methodName\", \"<anonymous>\")\n                        if \"className\" in frame:\n                            meth = f\"{frame['className']}.{meth}\"\n                        msg = \"    at %s (%s)\"\n                        msg = msg % (meth, file)\n                        stacktrace.append(msg)\n                except TypeError:\n                    pass\n        if exception_class == UnexpectedAlertPresentException:\n            alert_text = None\n            if \"data\" in value:\n                alert_text = value[\"data\"].get(\"text\")\n            elif \"alert\" in value:\n                alert_text = value[\"alert\"].get(\"text\")\n            raise exception_class(message, screen, stacktrace, alert_text)  # type: ignore[call-arg]  # mypy is not smart enough here\n>       raise exception_class(message, screen, stacktrace)\nE       selenium.common.exceptions.NoSuchElementException: Message: no such element: Unable to locate element: {\"method\":\"css selector\",\"selector\":\"[id=\"ContentPlaceHolderDefault_ctl13_nptLLPG2_25_addresslookup_txtTmpPostcode\"]\"}\nE         (Session info: chrome-headless-shell=125.0.6422.60); For documentation on this error, please visit: https://www.selenium.dev/documentation/webdriver/troubleshooting/errors#no-such-element-exception\nE       Stacktrace:\nE       #0 0x557d6711eeca <unknown>\nE       #1 0x557d66e0845c <unknown>\nE       #2 0x557d66e545b5 <unknown>\nE       #3 0x557d66e54671 <unknown>\nE       #4 0x557d66e98f14 <unknown>\nE       #5 0x557d66e774dd <unknown>\nE       #6 0x557d66e962cc <unknown>\nE       #7 0x557d66e77253 <unknown>\nE       #8 0x557d66e471c7 <unknown>\nE       #9 0x557d66e47b3e <unknown>\nE       #10 0x557d670e530b <unknown>\nE       #11 0x557d670e93b7 <unknown>\nE       #12 0x557d670d1e3e <unknown>\nE       #13 0x557d670e9e82 <unknown>\nE       #14 0x557d670b67df <unknown>\nE       #15 0x557d6710e1b8 <unknown>\nE       #16 0x557d6710e38b <unknown>\nE       #17 0x557d6711dffc <unknown>\nE       #18 0x7f4264677ac3 <unknown>\n\n../../../.cache/pypoetry/virtualenvs/uk-bin-collection-EwS6Gn8s-py3.11/lib/python3.11/site-packages/selenium/webdriver/remote/errorhandler.py:229: NoSuchElementException","flaky":false,"newFailed":false,"newBroken":false,"newPassed":false,"retriesCount":0,"retriesStatusChange":false,"beforeStages":[],"testStage":{"status":"failed","statusMessage":"selenium.common.exceptions.NoSuchElementException: Message: no such element: Unable to locate element: {\"method\":\"css selector\",\"selector\":\"[id=\"ContentPlaceHolderDefault_ctl13_nptLLPG2_25_addresslookup_txtTmpPostcode\"]\"}\n  (Session info: chrome-headless-shell=125.0.6422.60); For documentation on this error, please visit: https://www.selenium.dev/documentation/webdriver/troubleshooting/errors#no-such-element-exception\nStacktrace:\n#0 0x557d6711eeca <unknown>\n#1 0x557d66e0845c <unknown>\n#2 0x557d66e545b5 <unknown>\n#3 0x557d66e54671 <unknown>\n#4 0x557d66e98f14 <unknown>\n#5 0x557d66e774dd <unknown>\n#6 0x557d66e962cc <unknown>\n#7 0x557d66e77253 <unknown>\n#8 0x557d66e471c7 <unknown>\n#9 0x557d66e47b3e <unknown>\n#10 0x557d670e530b <unknown>\n#11 0x557d670e93b7 <unknown>\n#12 0x557d670d1e3e <unknown>\n#13 0x557d670e9e82 <unknown>\n#14 0x557d670b67df <unknown>\n#15 0x557d6710e1b8 <unknown>\n#16 0x557d6710e38b <unknown>\n#17 0x557d6711dffc <unknown>\n#18 0x7f4264677ac3 <unknown>","statusTrace":"fixturefunc = <function scrape_step at 0x7f5457625300>\nrequest = <FixtureRequest for <Function test_scenario_outline[NeathPortTalbotCouncil]>>\nkwargs = {'context': <test_validate_council.context.<locals>.Context object at 0x7f545694ba50>, 'council': 'NeathPortTalbotCouncil', 'headless_mode': 'True', 'local_browser': 'False', ...}\n\n    def call_fixture_func(\n        fixturefunc: \"_FixtureFunc[FixtureValue]\", request: FixtureRequest, kwargs\n    ) -> FixtureValue:\n        if is_generator(fixturefunc):\n            fixturefunc = cast(\n                Callable[..., Generator[FixtureValue, None, None]], fixturefunc\n            )\n            generator = fixturefunc(**kwargs)\n            try:\n                fixture_result = next(generator)\n            except StopIteration:\n                raise ValueError(f\"{request.fixturename} did not yield a value\") from None\n            finalizer = functools.partial(_teardown_yield_fixture, fixturefunc, generator)\n            request.addfinalizer(finalizer)\n        else:\n            fixturefunc = cast(Callable[..., FixtureValue], fixturefunc)\n>           fixture_result = fixturefunc(**kwargs)\n\n../../../.cache/pypoetry/virtualenvs/uk-bin-collection-EwS6Gn8s-py3.11/lib/python3.11/site-packages/_pytest/fixtures.py:884: \n_ _ _ _ _ _ _ _ _ _ _ _ _ _ _ _ _ _ _ _ _ _ _ _ _ _ _ _ _ _ _ _ _ _ _ _ _ _ _ _ \nuk_bin_collection/tests/step_defs/test_validate_council.py:76: in scrape_step\n    context.parse_result = CollectData.run()\nuk_bin_collection/uk_bin_collection/collect_data.py:102: in run\n    return self.client_code(\nuk_bin_collection/uk_bin_collection/collect_data.py:121: in client_code\n    return get_bin_data_class.template_method(address_url, **kwargs)\nuk_bin_collection/uk_bin_collection/get_bin_data.py:80: in template_method\n    bin_data_dict = self.parse_data(\nuk_bin_collection/uk_bin_collection/councils/NeathPortTalbotCouncil.py:43: in parse_data\n    inputElement_postcode = driver.find_element(\n../../../.cache/pypoetry/virtualenvs/uk-bin-collection-EwS6Gn8s-py3.11/lib/python3.11/site-packages/selenium/webdriver/remote/webdriver.py:741: in find_element\n    return self.execute(Command.FIND_ELEMENT, {\"using\": by, \"value\": value})[\"value\"]\n../../../.cache/pypoetry/virtualenvs/uk-bin-collection-EwS6Gn8s-py3.11/lib/python3.11/site-packages/selenium/webdriver/remote/webdriver.py:347: in execute\n    self.error_handler.check_response(response)\n_ _ _ _ _ _ _ _ _ _ _ _ _ _ _ _ _ _ _ _ _ _ _ _ _ _ _ _ _ _ _ _ _ _ _ _ _ _ _ _ \n\nself = <selenium.webdriver.remote.errorhandler.ErrorHandler object at 0x7f5456732990>\nresponse = {'status': 404, 'value': '{\"value\":{\"error\":\"no such element\",\"message\":\"no such element: Unable to locate element: {\\...\\\\n#16 0x557d6710e38b \\\\u003Cunknown>\\\\n#17 0x557d6711dffc \\\\u003Cunknown>\\\\n#18 0x7f4264677ac3 \\\\u003Cunknown>\\\\n\"}}'}\n\n    def check_response(self, response: Dict[str, Any]) -> None:\n        \"\"\"Checks that a JSON response from the WebDriver does not have an\n        error.\n    \n        :Args:\n         - response - The JSON response from the WebDriver server as a dictionary\n           object.\n    \n        :Raises: If the response contains an error message.\n        \"\"\"\n        status = response.get(\"status\", None)\n        if not status or status == ErrorCode.SUCCESS:\n            return\n        value = None\n        message = response.get(\"message\", \"\")\n        screen: str = response.get(\"screen\", \"\")\n        stacktrace = None\n        if isinstance(status, int):\n            value_json = response.get(\"value\", None)\n            if value_json and isinstance(value_json, str):\n                import json\n    \n                try:\n                    value = json.loads(value_json)\n                    if len(value) == 1:\n                        value = value[\"value\"]\n                    status = value.get(\"error\", None)\n                    if not status:\n                        status = value.get(\"status\", ErrorCode.UNKNOWN_ERROR)\n                        message = value.get(\"value\") or value.get(\"message\")\n                        if not isinstance(message, str):\n                            value = message\n                            message = message.get(\"message\")\n                    else:\n                        message = value.get(\"message\", None)\n                except ValueError:\n                    pass\n    \n        exception_class: Type[WebDriverException]\n        e = ErrorCode()\n        error_codes = [item for item in dir(e) if not item.startswith(\"__\")]\n        for error_code in error_codes:\n            error_info = getattr(ErrorCode, error_code)\n            if isinstance(error_info, list) and status in error_info:\n                exception_class = getattr(ExceptionMapping, error_code, WebDriverException)\n                break\n        else:\n            exception_class = WebDriverException\n    \n        if not value:\n            value = response[\"value\"]\n        if isinstance(value, str):\n            raise exception_class(value)\n        if message == \"\" and \"message\" in value:\n            message = value[\"message\"]\n    \n        screen = None  # type: ignore[assignment]\n        if \"screen\" in value:\n            screen = value[\"screen\"]\n    \n        stacktrace = None\n        st_value = value.get(\"stackTrace\") or value.get(\"stacktrace\")\n        if st_value:\n            if isinstance(st_value, str):\n                stacktrace = st_value.split(\"\\n\")\n            else:\n                stacktrace = []\n                try:\n                    for frame in st_value:\n                        line = frame.get(\"lineNumber\", \"\")\n                        file = frame.get(\"fileName\", \"<anonymous>\")\n                        if line:\n                            file = f\"{file}:{line}\"\n                        meth = frame.get(\"methodName\", \"<anonymous>\")\n                        if \"className\" in frame:\n                            meth = f\"{frame['className']}.{meth}\"\n                        msg = \"    at %s (%s)\"\n                        msg = msg % (meth, file)\n                        stacktrace.append(msg)\n                except TypeError:\n                    pass\n        if exception_class == UnexpectedAlertPresentException:\n            alert_text = None\n            if \"data\" in value:\n                alert_text = value[\"data\"].get(\"text\")\n            elif \"alert\" in value:\n                alert_text = value[\"alert\"].get(\"text\")\n            raise exception_class(message, screen, stacktrace, alert_text)  # type: ignore[call-arg]  # mypy is not smart enough here\n>       raise exception_class(message, screen, stacktrace)\nE       selenium.common.exceptions.NoSuchElementException: Message: no such element: Unable to locate element: {\"method\":\"css selector\",\"selector\":\"[id=\"ContentPlaceHolderDefault_ctl13_nptLLPG2_25_addresslookup_txtTmpPostcode\"]\"}\nE         (Session info: chrome-headless-shell=125.0.6422.60); For documentation on this error, please visit: https://www.selenium.dev/documentation/webdriver/troubleshooting/errors#no-such-element-exception\nE       Stacktrace:\nE       #0 0x557d6711eeca <unknown>\nE       #1 0x557d66e0845c <unknown>\nE       #2 0x557d66e545b5 <unknown>\nE       #3 0x557d66e54671 <unknown>\nE       #4 0x557d66e98f14 <unknown>\nE       #5 0x557d66e774dd <unknown>\nE       #6 0x557d66e962cc <unknown>\nE       #7 0x557d66e77253 <unknown>\nE       #8 0x557d66e471c7 <unknown>\nE       #9 0x557d66e47b3e <unknown>\nE       #10 0x557d670e530b <unknown>\nE       #11 0x557d670e93b7 <unknown>\nE       #12 0x557d670d1e3e <unknown>\nE       #13 0x557d670e9e82 <unknown>\nE       #14 0x557d670b67df <unknown>\nE       #15 0x557d6710e1b8 <unknown>\nE       #16 0x557d6710e38b <unknown>\nE       #17 0x557d6711dffc <unknown>\nE       #18 0x7f4264677ac3 <unknown>\n\n../../../.cache/pypoetry/virtualenvs/uk-bin-collection-EwS6Gn8s-py3.11/lib/python3.11/site-packages/selenium/webdriver/remote/errorhandler.py:229: NoSuchElementException","steps":[{"name":"Given the council: NeathPortTalbotCouncil","time":{"start":1716155119551,"stop":1716155119551,"duration":0},"status":"passed","steps":[],"attachments":[],"parameters":[],"shouldDisplayMessage":false,"stepsCount":0,"attachmentsCount":0,"hasContent":false,"attachmentStep":false},{"name":"When we scrape the data from NeathPortTalbotCouncil","time":{"start":1716155119551,"stop":1716155141947,"duration":22396},"status":"failed","statusMessage":"Message: no such element: Unable to locate element: {\"method\":\"css selector\",\"selector\":\"[id=\"ContentPlaceHolderDefault_ctl13_nptLLPG2_25_addresslookup_txtTmpPostcode\"]\"}\n  (Session info: chrome-headless-shell=125.0.6422.60); For documentation on this error, please visit: https://www.selenium.dev/documentation/webdriver/troubleshooting/errors#no-such-element-exception\nStacktrace:\n#0 0x557d6711eeca <unknown>\n#1 0x557d66e0845c <unknown>\n#2 0x557d66e545b5 <unknown>\n#3 0x557d66e54671 <unknown>\n#4 0x557d66e98f14 <unknown>\n#5 0x557d66e774dd <unknown>\n#6 0x557d66e962cc <unknown>\n#7 0x557d66e77253 <unknown>\n#8 0x557d66e471c7 <unknown>\n#9 0x557d66e47b3e <unknown>\n#10 0x557d670e530b <unknown>\n#11 0x557d670e93b7 <unknown>\n#12 0x557d670d1e3e <unknown>\n#13 0x557d670e9e82 <unknown>\n#14 0x557d670b67df <unknown>\n#15 0x557d6710e1b8 <unknown>\n#16 0x557d6710e38b <unknown>\n#17 0x557d6711dffc <unknown>\n#18 0x7f4264677ac3 <unknown>\n","statusTrace":"selenium.common.exceptions.NoSuchElementException: Message: no such element: Unable to locate element: {\"method\":\"css selector\",\"selector\":\"[id=\"ContentPlaceHolderDefault_ctl13_nptLLPG2_25_addresslookup_txtTmpPostcode\"]\"}\n  (Session info: chrome-headless-shell=125.0.6422.60); For documentation on this error, please visit: https://www.selenium.dev/documentation/webdriver/troubleshooting/errors#no-such-element-exception\nStacktrace:\n#0 0x557d6711eeca <unknown>\n#1 0x557d66e0845c <unknown>\n#2 0x557d66e545b5 <unknown>\n#3 0x557d66e54671 <unknown>\n#4 0x557d66e98f14 <unknown>\n#5 0x557d66e774dd <unknown>\n#6 0x557d66e962cc <unknown>\n#7 0x557d66e77253 <unknown>\n#8 0x557d66e471c7 <unknown>\n#9 0x557d66e47b3e <unknown>\n#10 0x557d670e530b <unknown>\n#11 0x557d670e93b7 <unknown>\n#12 0x557d670d1e3e <unknown>\n#13 0x557d670e9e82 <unknown>\n#14 0x557d670b67df <unknown>\n#15 0x557d6710e1b8 <unknown>\n#16 0x557d6710e38b <unknown>\n#17 0x557d6711dffc <unknown>\n#18 0x7f4264677ac3 <unknown>\n\n","steps":[],"attachments":[],"parameters":[],"shouldDisplayMessage":true,"stepsCount":0,"attachmentsCount":0,"hasContent":true,"attachmentStep":false}],"attachments":[{"uid":"d51c5f95cc79c274","name":"stdout","source":"d51c5f95cc79c274.txt","type":"text/plain","size":944}],"parameters":[],"shouldDisplayMessage":true,"stepsCount":2,"attachmentsCount":1,"hasContent":true,"attachmentStep":false},"afterStages":[],"labels":[{"name":"host","value":"fv-az735-377"},{"name":"thread","value":"2785-MainThread"},{"name":"framework","value":"pytest-bdd"},{"name":"language","value":"cpython3"},{"name":"feature","value":"Test each council output matches expected results"},{"name":"resultFormat","value":"allure2"}],"parameters":[{"name":"council","value":"NeathPortTalbotCouncil"}],"links":[],"hidden":false,"retry":false,"extra":{"severity":"normal","retries":[],"categories":[{"name":"Product defects","matchedStatuses":[],"flaky":false}],"history":{"statistic":{"failed":40,"broken":0,"skipped":0,"passed":9,"unknown":0,"total":49},"items":[{"uid":"d7e4140093f5556b","reportUrl":"https://robbrad.github.io/UKBinCollectionData/3.11/1849//#testresult/d7e4140093f5556b","status":"failed","statusDetails":"selenium.common.exceptions.NoSuchElementException: Message: no such element: Unable to locate element: {\"method\":\"css selector\",\"selector\":\"[id=\"ContentPlaceHolderDefault_ctl13_nptLLPG2_25_addresslookup_txtTmpPostcode\"]\"}\n  (Session info: chrome-headless-shell=125.0.6422.60); For documentation on this error, please visit: https://www.selenium.dev/documentation/webdriver/troubleshooting/errors#no-such-element-exception\nStacktrace:\n#0 0x55aeab24eeca <unknown>\n#1 0x55aeaaf3845c <unknown>\n#2 0x55aeaaf845b5 <unknown>\n#3 0x55aeaaf84671 <unknown>\n#4 0x55aeaafc8f14 <unknown>\n#5 0x55aeaafa74dd <unknown>\n#6 0x55aeaafc62cc <unknown>\n#7 0x55aeaafa7253 <unknown>\n#8 0x55aeaaf771c7 <unknown>\n#9 0x55aeaaf77b3e <unknown>\n#10 0x55aeab21530b <unknown>\n#11 0x55aeab2193b7 <unknown>\n#12 0x55aeab201e3e <unknown>\n#13 0x55aeab219e82 <unknown>\n#14 0x55aeab1e67df <unknown>\n#15 0x55aeab23e1b8 <unknown>\n#16 0x55aeab23e38b <unknown>\n#17 0x55aeab24dffc <unknown>\n#18 0x7f4195619ac3 <unknown>","time":{"start":1716152653252,"stop":1716152688939,"duration":35687}},{"uid":"2912416abefead43","reportUrl":"https://robbrad.github.io/UKBinCollectionData/3.11/1846//#testresult/2912416abefead43","status":"failed","statusDetails":"selenium.common.exceptions.ElementClickInterceptedException: Message: element click intercepted: Element is not clickable at point (589, 635)\n  (Session info: chrome-headless-shell=125.0.6422.60)\nStacktrace:\n#0 0x563f15681eca <unknown>\n#1 0x563f1536b45c <unknown>\n#2 0x563f153be336 <unknown>\n#3 0x563f153bc176 <unknown>\n#4 0x563f153b9b57 <unknown>\n#5 0x563f153b897c <unknown>\n#6 0x563f153ac0ff <unknown>\n#7 0x563f153da4b2 <unknown>\n#8 0x563f153aba79 <unknown>\n#9 0x563f153da67e <unknown>\n#10 0x563f153f92cc <unknown>\n#11 0x563f153da253 <unknown>\n#12 0x563f153aa1c7 <unknown>\n#13 0x563f153aab3e <unknown>\n#14 0x563f1564830b <unknown>\n#15 0x563f1564c3b7 <unknown>\n#16 0x563f15634e3e <unknown>\n#17 0x563f1564ce82 <unknown>\n#18 0x563f156197df <unknown>\n#19 0x563f156711b8 <unknown>\n#20 0x563f1567138b <unknown>\n#21 0x563f15680ffc <unknown>\n#22 0x7fd189b68ac3 <unknown>","time":{"start":1716078898344,"stop":1716079096542,"duration":198198}},{"uid":"5ebcb0a02de10f1c","reportUrl":"https://robbrad.github.io/UKBinCollectionData/3.11/1842//#testresult/5ebcb0a02de10f1c","status":"failed","statusDetails":"selenium.common.exceptions.NoSuchElementException: Message: no such element: Unable to locate element: {\"method\":\"css selector\",\"selector\":\"[id=\"ContentPlaceHolderDefault_ctl13_nptLLPG2_25_addresslookup_txtTmpPostcode\"]\"}\n  (Session info: chrome-headless-shell=125.0.6422.60); For documentation on this error, please visit: https://www.selenium.dev/documentation/webdriver/troubleshooting/errors#no-such-element-exception\nStacktrace:\n#0 0x562f3bbc5eca <unknown>\n#1 0x562f3b8af45c <unknown>\n#2 0x562f3b8fb5b5 <unknown>\n#3 0x562f3b8fb671 <unknown>\n#4 0x562f3b93ff14 <unknown>\n#5 0x562f3b91e4dd <unknown>\n#6 0x562f3b93d2cc <unknown>\n#7 0x562f3b91e253 <unknown>\n#8 0x562f3b8ee1c7 <unknown>\n#9 0x562f3b8eeb3e <unknown>\n#10 0x562f3bb8c30b <unknown>\n#11 0x562f3bb903b7 <unknown>\n#12 0x562f3bb78e3e <unknown>\n#13 0x562f3bb90e82 <unknown>\n#14 0x562f3bb5d7df <unknown>\n#15 0x562f3bbb51b8 <unknown>\n#16 0x562f3bbb538b <unknown>\n#17 0x562f3bbc4ffc <unknown>\n#18 0x7fdd57c5cac3 <unknown>","time":{"start":1715992233120,"stop":1715992528684,"duration":295564}},{"uid":"2413c514ede8e9","reportUrl":"https://robbrad.github.io/UKBinCollectionData/3.11/1839//#testresult/2413c514ede8e9","status":"failed","statusDetails":"selenium.common.exceptions.ElementClickInterceptedException: Message: element click intercepted: Element is not clickable at point (589, 635)\n  (Session info: chrome-headless-shell=125.0.6422.60)\nStacktrace:\n#0 0x560f10030eca <unknown>\n#1 0x560f0fd1a45c <unknown>\n#2 0x560f0fd6d336 <unknown>\n#3 0x560f0fd6b176 <unknown>\n#4 0x560f0fd68b57 <unknown>\n#5 0x560f0fd6797c <unknown>\n#6 0x560f0fd5b0ff <unknown>\n#7 0x560f0fd894b2 <unknown>\n#8 0x560f0fd5aa79 <unknown>\n#9 0x560f0fd8967e <unknown>\n#10 0x560f0fda82cc <unknown>\n#11 0x560f0fd89253 <unknown>\n#12 0x560f0fd591c7 <unknown>\n#13 0x560f0fd59b3e <unknown>\n#14 0x560f0fff730b <unknown>\n#15 0x560f0fffb3b7 <unknown>\n#16 0x560f0ffe3e3e <unknown>\n#17 0x560f0fffbe82 <unknown>\n#18 0x560f0ffc87df <unknown>\n#19 0x560f100201b8 <unknown>\n#20 0x560f1002038b <unknown>\n#21 0x560f1002fffc <unknown>\n#22 0x7fdda3ccdac3 <unknown>","time":{"start":1715983496541,"stop":1715983532508,"duration":35967}},{"uid":"9e30dbcb5b943727","reportUrl":"https://robbrad.github.io/UKBinCollectionData/3.11/1834//#testresult/9e30dbcb5b943727","status":"failed","statusDetails":"selenium.common.exceptions.WebDriverException: Message: unknown error: net::ERR_CONNECTION_TIMED_OUT\n  (Session info: chrome-headless-shell=125.0.6422.60)\nStacktrace:\n#0 0x5654d7d81eca <unknown>\n#1 0x5654d7a6b45c <unknown>\n#2 0x5654d7a62fd0 <unknown>\n#3 0x5654d7a52b32 <unknown>\n#4 0x5654d7a54162 <unknown>\n#5 0x5654d7a52ded <unknown>\n#6 0x5654d7a52503 <unknown>\n#7 0x5654d7a523f5 <unknown>\n#8 0x5654d7a50336 <unknown>\n#9 0x5654d7a5083a <unknown>\n#10 0x5654d7a6dea7 <unknown>\n#11 0x5654d7af9ed5 <unknown>\n#12 0x5654d7ada4b2 <unknown>\n#13 0x5654d7af92cc <unknown>\n#14 0x5654d7ada253 <unknown>\n#15 0x5654d7aaa1c7 <unknown>\n#16 0x5654d7aaab3e <unknown>\n#17 0x5654d7d4830b <unknown>\n#18 0x5654d7d4c3b7 <unknown>\n#19 0x5654d7d34e3e <unknown>\n#20 0x5654d7d4ce82 <unknown>\n#21 0x5654d7d197df <unknown>\n#22 0x5654d7d711b8 <unknown>\n#23 0x5654d7d7138b <unknown>\n#24 0x5654d7d80ffc <unknown>\n#25 0x7f8dbaf7aac3 <unknown>","time":{"start":1715973831809,"stop":1715973992359,"duration":160550}},{"uid":"9dc20121136da5fb","reportUrl":"https://robbrad.github.io/UKBinCollectionData/3.11/1110//#testresult/9dc20121136da5fb","status":"failed","statusDetails":"urllib3.exceptions.MaxRetryError: HTTPConnectionPool(host='selenium', port=4444): Max retries exceeded with url: /session (Caused by NameResolutionError(\"<urllib3.connection.HTTPConnection object at 0x7f1ca41cc0d0>: Failed to resolve 'selenium' ([Errno -3] Temporary failure in name resolution)\"))","time":{"start":1699147230340,"stop":1699147231054,"duration":714}},{"uid":"a0f152821101756","reportUrl":"https://robbrad.github.io/UKBinCollectionData/3.11/1107//#testresult/a0f152821101756","status":"failed","statusDetails":"urllib3.exceptions.MaxRetryError: HTTPConnectionPool(host='selenium', port=4444): Max retries exceeded with url: /session (Caused by NameResolutionError(\"<urllib3.connection.HTTPConnection object at 0x7f6d0cfebf10>: Failed to resolve 'selenium' ([Errno -3] Temporary failure in name resolution)\"))","time":{"start":1699101669171,"stop":1699101669662,"duration":491}},{"uid":"fc3c1b4a562939c1","reportUrl":"https://robbrad.github.io/UKBinCollectionData/3.11/1106//#testresult/fc3c1b4a562939c1","status":"failed","statusDetails":"urllib3.exceptions.MaxRetryError: HTTPConnectionPool(host='selenium', port=4444): Max retries exceeded with url: /session (Caused by NameResolutionError(\"<urllib3.connection.HTTPConnection object at 0x7f5339afec90>: Failed to resolve 'selenium' ([Errno -3] Temporary failure in name resolution)\"))","time":{"start":1699060528386,"stop":1699060528523,"duration":137}},{"uid":"b53faa9be976fde","reportUrl":"https://robbrad.github.io/UKBinCollectionData/3.11/1100//#testresult/b53faa9be976fde","status":"failed","statusDetails":"urllib3.exceptions.MaxRetryError: HTTPConnectionPool(host='selenium', port=4444): Max retries exceeded with url: /session (Caused by NameResolutionError(\"<urllib3.connection.HTTPConnection object at 0x7f7cdfc66dd0>: Failed to resolve 'selenium' ([Errno -3] Temporary failure in name resolution)\"))","time":{"start":1699007807327,"stop":1699007807642,"duration":315}},{"uid":"6c15363b4d37bb41","reportUrl":"https://robbrad.github.io/UKBinCollectionData/3.11/1095//#testresult/6c15363b4d37bb41","status":"passed","time":{"start":1698988764359,"stop":1698988769465,"duration":5106}},{"uid":"12f6e16f5e58765e","reportUrl":"https://robbrad.github.io/UKBinCollectionData/3.11/1094//#testresult/12f6e16f5e58765e","status":"passed","time":{"start":1698974190272,"stop":1698974197788,"duration":7516}},{"uid":"a184f2ff9ca7b4de","reportUrl":"https://robbrad.github.io/UKBinCollectionData/3.11/1091//#testresult/a184f2ff9ca7b4de","status":"failed","statusDetails":"selenium.common.exceptions.ElementClickInterceptedException: Message: element click intercepted: Element is not clickable at point (589, 618)\n  (Session info: headless chrome=118.0.5993.117)\nStacktrace:\n#0 0x565419e3bfb3 <unknown>\n#1 0x565419b0f4a7 <unknown>\n#2 0x565419b5cecd <unknown>\n#3 0x565419b5b26d <unknown>\n#4 0x565419b59028 <unknown>\n#5 0x565419b58097 <unknown>\n#6 0x565419b4cd59 <unknown>\n#7 0x565419b78942 <unknown>\n#8 0x565419b4c776 <unknown>\n#9 0x565419b78b0e <unknown>\n#10 0x565419b91c02 <unknown>\n#11 0x565419b78713 <unknown>\n#12 0x565419b4b18b <unknown>\n#13 0x565419b4bf7e <unknown>\n#14 0x565419e018d8 <unknown>\n#15 0x565419e05800 <unknown>\n#16 0x565419e0fcfc <unknown>\n#17 0x565419e06418 <unknown>\n#18 0x565419dd342f <unknown>\n#19 0x565419e2a4e8 <unknown>\n#20 0x565419e2a6b4 <unknown>\n#21 0x565419e3b143 <unknown>\n#22 0x7f9e6b494ac3 <unknown>","time":{"start":1698887660094,"stop":1698887663789,"duration":3695}},{"uid":"fbd4fdb41316193f","reportUrl":"https://robbrad.github.io/UKBinCollectionData/3.11/1090//#testresult/fbd4fdb41316193f","status":"passed","time":{"start":1698878324782,"stop":1698878330127,"duration":5345}},{"uid":"887a9ad91f110e93","reportUrl":"https://robbrad.github.io/UKBinCollectionData/3.11/1089//#testresult/887a9ad91f110e93","status":"failed","statusDetails":"selenium.common.exceptions.ElementClickInterceptedException: Message: element click intercepted: Element is not clickable at point (589, 627)\n  (Session info: headless chrome=118.0.5993.117)\nStacktrace:\n#0 0x560c1db67fb3 <unknown>\n#1 0x560c1d83b4a7 <unknown>\n#2 0x560c1d888ecd <unknown>\n#3 0x560c1d88726d <unknown>\n#4 0x560c1d885028 <unknown>\n#5 0x560c1d884097 <unknown>\n#6 0x560c1d878d59 <unknown>\n#7 0x560c1d8a4942 <unknown>\n#8 0x560c1d878776 <unknown>\n#9 0x560c1d8a4b0e <unknown>\n#10 0x560c1d8bdc02 <unknown>\n#11 0x560c1d8a4713 <unknown>\n#12 0x560c1d87718b <unknown>\n#13 0x560c1d877f7e <unknown>\n#14 0x560c1db2d8d8 <unknown>\n#15 0x560c1db31800 <unknown>\n#16 0x560c1db3bcfc <unknown>\n#17 0x560c1db32418 <unknown>\n#18 0x560c1daff42f <unknown>\n#19 0x560c1db564e8 <unknown>\n#20 0x560c1db566b4 <unknown>\n#21 0x560c1db67143 <unknown>\n#22 0x7f4c27494ac3 <unknown>","time":{"start":1698878247823,"stop":1698878251616,"duration":3793}},{"uid":"f6663493e38a90a7","reportUrl":"https://robbrad.github.io/UKBinCollectionData/3.11/1086//#testresult/f6663493e38a90a7","status":"passed","time":{"start":1698867463074,"stop":1698867469311,"duration":6237}},{"uid":"10cef5c7aeaef996","reportUrl":"https://robbrad.github.io/UKBinCollectionData/3.11/1081//#testresult/10cef5c7aeaef996","status":"failed","statusDetails":"selenium.common.exceptions.ElementClickInterceptedException: Message: element click intercepted: Element is not clickable at point (589, 627)\n  (Session info: headless chrome=118.0.5993.117)\nStacktrace:\n#0 0x5565fa88bfb3 <unknown>\n#1 0x5565fa55f4a7 <unknown>\n#2 0x5565fa5acecd <unknown>\n#3 0x5565fa5ab26d <unknown>\n#4 0x5565fa5a9028 <unknown>\n#5 0x5565fa5a8097 <unknown>\n#6 0x5565fa59cd59 <unknown>\n#7 0x5565fa5c8942 <unknown>\n#8 0x5565fa59c776 <unknown>\n#9 0x5565fa5c8b0e <unknown>\n#10 0x5565fa5e1c02 <unknown>\n#11 0x5565fa5c8713 <unknown>\n#12 0x5565fa59b18b <unknown>\n#13 0x5565fa59bf7e <unknown>\n#14 0x5565fa8518d8 <unknown>\n#15 0x5565fa855800 <unknown>\n#16 0x5565fa85fcfc <unknown>\n#17 0x5565fa856418 <unknown>\n#18 0x5565fa82342f <unknown>\n#19 0x5565fa87a4e8 <unknown>\n#20 0x5565fa87a6b4 <unknown>\n#21 0x5565fa88b143 <unknown>\n#22 0x7f9602294ac3 <unknown>","time":{"start":1698801542589,"stop":1698801546381,"duration":3792}},{"uid":"67c3ef52248ca735","reportUrl":"https://robbrad.github.io/UKBinCollectionData/3.11/1079//#testresult/67c3ef52248ca735","status":"failed","statusDetails":"selenium.common.exceptions.NoSuchElementException: Message: no such element: Unable to locate element: {\"method\":\"css selector\",\"selector\":\"[id=\"ContentPlaceHolderDefault_ctl13_nptLLPG2_25_addresslookup_txtTmpPostcode\"]\"}\n  (Session info: headless chrome=118.0.5993.117); For documentation on this error, please visit: https://www.selenium.dev/documentation/webdriver/troubleshooting/errors#no-such-element-exception\nStacktrace:\n#0 0x562ca0403fb3 <unknown>\n#1 0x562ca00d74a7 <unknown>\n#2 0x562ca011edd6 <unknown>\n#3 0x562ca011eec1 <unknown>\n#4 0x562ca015c354 <unknown>\n#5 0x562ca014096d <unknown>\n#6 0x562ca0159c02 <unknown>\n#7 0x562ca0140713 <unknown>\n#8 0x562ca011318b <unknown>\n#9 0x562ca0113f7e <unknown>\n#10 0x562ca03c98d8 <unknown>\n#11 0x562ca03cd800 <unknown>\n#12 0x562ca03d7cfc <unknown>\n#13 0x562ca03ce418 <unknown>\n#14 0x562ca039b42f <unknown>\n#15 0x562ca03f24e8 <unknown>\n#16 0x562ca03f26b4 <unknown>\n#17 0x562ca0403143 <unknown>\n#18 0x7fe1e6494ac3 <unknown>","time":{"start":1698788713864,"stop":1698788722333,"duration":8469}},{"uid":"c0efae8cb29a4e02","reportUrl":"https://robbrad.github.io/UKBinCollectionData/3.11/1077//#testresult/c0efae8cb29a4e02","status":"failed","statusDetails":"selenium.common.exceptions.NoSuchElementException: Message: no such element: Unable to locate element: {\"method\":\"css selector\",\"selector\":\"[id=\"ContentPlaceHolderDefault_ctl13_nptLLPG2_25_addresslookup_txtTmpPostcode\"]\"}\n  (Session info: headless chrome=118.0.5993.117); For documentation on this error, please visit: https://www.selenium.dev/documentation/webdriver/troubleshooting/errors#no-such-element-exception\nStacktrace:\n#0 0x560a8fa73fb3 <unknown>\n#1 0x560a8f7474a7 <unknown>\n#2 0x560a8f78edd6 <unknown>\n#3 0x560a8f78eec1 <unknown>\n#4 0x560a8f7cc354 <unknown>\n#5 0x560a8f7b096d <unknown>\n#6 0x560a8f7c9c02 <unknown>\n#7 0x560a8f7b0713 <unknown>\n#8 0x560a8f78318b <unknown>\n#9 0x560a8f783f7e <unknown>\n#10 0x560a8fa398d8 <unknown>\n#11 0x560a8fa3d800 <unknown>\n#12 0x560a8fa47cfc <unknown>\n#13 0x560a8fa3e418 <unknown>\n#14 0x560a8fa0b42f <unknown>\n#15 0x560a8fa624e8 <unknown>\n#16 0x560a8fa626b4 <unknown>\n#17 0x560a8fa73143 <unknown>\n#18 0x7fd812294ac3 <unknown>","time":{"start":1698715183548,"stop":1698715187960,"duration":4412}},{"uid":"a408796b1617b3e6","reportUrl":"https://robbrad.github.io/UKBinCollectionData/3.11/1075//#testresult/a408796b1617b3e6","status":"failed","statusDetails":"selenium.common.exceptions.NoSuchElementException: Message: no such element: Unable to locate element: {\"method\":\"css selector\",\"selector\":\"[id=\"ContentPlaceHolderDefault_ctl13_nptLLPG2_25_addresslookup_txtTmpPostcode\"]\"}\n  (Session info: headless chrome=118.0.5993.117); For documentation on this error, please visit: https://www.selenium.dev/documentation/webdriver/troubleshooting/errors#no-such-element-exception\nStacktrace:\n#0 0x55cf63a16fb3 <unknown>\n#1 0x55cf636ea4a7 <unknown>\n#2 0x55cf63731dd6 <unknown>\n#3 0x55cf63731ec1 <unknown>\n#4 0x55cf6376f354 <unknown>\n#5 0x55cf6375396d <unknown>\n#6 0x55cf6376cc02 <unknown>\n#7 0x55cf63753713 <unknown>\n#8 0x55cf6372618b <unknown>\n#9 0x55cf63726f7e <unknown>\n#10 0x55cf639dc8d8 <unknown>\n#11 0x55cf639e0800 <unknown>\n#12 0x55cf639eacfc <unknown>\n#13 0x55cf639e1418 <unknown>\n#14 0x55cf639ae42f <unknown>\n#15 0x55cf63a054e8 <unknown>\n#16 0x55cf63a056b4 <unknown>\n#17 0x55cf63a16143 <unknown>\n#18 0x7fcdda894ac3 <unknown>","time":{"start":1698701514985,"stop":1698701518757,"duration":3772}},{"uid":"dac99dec01b5ad90","reportUrl":"https://robbrad.github.io/UKBinCollectionData/3.11/1073//#testresult/dac99dec01b5ad90","status":"failed","statusDetails":"selenium.common.exceptions.NoSuchElementException: Message: no such element: Unable to locate element: {\"method\":\"css selector\",\"selector\":\"[id=\"ContentPlaceHolderDefault_ctl13_nptLLPG2_25_addresslookup_txtTmpPostcode\"]\"}\n  (Session info: headless chrome=118.0.5993.117); For documentation on this error, please visit: https://www.selenium.dev/documentation/webdriver/troubleshooting/errors#no-such-element-exception\nStacktrace:\n#0 0x55defd962fb3 <unknown>\n#1 0x55defd6364a7 <unknown>\n#2 0x55defd67ddd6 <unknown>\n#3 0x55defd67dec1 <unknown>\n#4 0x55defd6bb354 <unknown>\n#5 0x55defd69f96d <unknown>\n#6 0x55defd6b8c02 <unknown>\n#7 0x55defd69f713 <unknown>\n#8 0x55defd67218b <unknown>\n#9 0x55defd672f7e <unknown>\n#10 0x55defd9288d8 <unknown>\n#11 0x55defd92c800 <unknown>\n#12 0x55defd936cfc <unknown>\n#13 0x55defd92d418 <unknown>\n#14 0x55defd8fa42f <unknown>\n#15 0x55defd9514e8 <unknown>\n#16 0x55defd9516b4 <unknown>\n#17 0x55defd962143 <unknown>\n#18 0x7f5b56e94ac3 <unknown>","time":{"start":1698700425246,"stop":1698700430585,"duration":5339}}]},"tags":[]},"source":"26ab387fc49a015a.json","parameterValues":["NeathPortTalbotCouncil"]}