{"uid":"8eb5677ee8311050","name":"Validate Council Output [NeathPortTalbotCouncil-http://selenium:4444-local]","fullName":"features/validate_council_outputs.feature:Validate Council Output","historyId":"68717d64a9b5b73045a4198b6f1e2a64","time":{"start":1703541158934,"stop":1703541161686,"duration":2752},"status":"failed","statusMessage":"selenium.common.exceptions.NoSuchElementException: Message: no such element: Unable to locate element: {\"method\":\"css selector\",\"selector\":\"[id=\"ContentPlaceHolderDefault_ctl13_nptLLPG2_25_addresslookup_txtTmpPostcode\"]\"}\n  (Session info: chrome-headless-shell=120.0.6099.109); For documentation on this error, please visit: https://www.selenium.dev/documentation/webdriver/troubleshooting/errors#no-such-element-exception\nStacktrace:\n#0 0x5569350cef83 <unknown>\n#1 0x556934d87cf7 <unknown>\n#2 0x556934dd799e <unknown>\n#3 0x556934dd7aa1 <unknown>\n#4 0x556934e22d64 <unknown>\n#5 0x556934e010dd <unknown>\n#6 0x556934e20006 <unknown>\n#7 0x556934e00e53 <unknown>\n#8 0x556934dc8dd4 <unknown>\n#9 0x556934dca1de <unknown>\n#10 0x556935093531 <unknown>\n#11 0x556935097455 <unknown>\n#12 0x55693507ff55 <unknown>\n#13 0x5569350980ef <unknown>\n#14 0x55693506399f <unknown>\n#15 0x5569350bc008 <unknown>\n#16 0x5569350bc1d7 <unknown>\n#17 0x5569350ce124 <unknown>\n#18 0x7fba64894ac3 <unknown>","statusTrace":"fixturefunc = <function scrape_step at 0x7f880e7d59e0>\nrequest = <FixtureRequest for <Function test_scenario_outline[NeathPortTalbotCouncil-http://selenium:4444-local]>>\nkwargs = {'context': <test_validate_council.context.<locals>.Context object at 0x7f880de0e610>, 'council': 'NeathPortTalbotCouncil', 'selenium_mode': 'local', 'selenium_url': 'http://selenium:4444'}\n\n    def call_fixture_func(\n        fixturefunc: \"_FixtureFunc[FixtureValue]\", request: FixtureRequest, kwargs\n    ) -> FixtureValue:\n        if is_generator(fixturefunc):\n            fixturefunc = cast(\n                Callable[..., Generator[FixtureValue, None, None]], fixturefunc\n            )\n            generator = fixturefunc(**kwargs)\n            try:\n                fixture_result = next(generator)\n            except StopIteration:\n                raise ValueError(f\"{request.fixturename} did not yield a value\") from None\n            finalizer = functools.partial(_teardown_yield_fixture, fixturefunc, generator)\n            request.addfinalizer(finalizer)\n        else:\n            fixturefunc = cast(Callable[..., FixtureValue], fixturefunc)\n>           fixture_result = fixturefunc(**kwargs)\n\n../../../.cache/pypoetry/virtualenvs/uk-bin-collection-EwS6Gn8s-py3.11/lib/python3.11/site-packages/_pytest/fixtures.py:902: \n_ _ _ _ _ _ _ _ _ _ _ _ _ _ _ _ _ _ _ _ _ _ _ _ _ _ _ _ _ _ _ _ _ _ _ _ _ _ _ _ \nuk_bin_collection/tests/step_defs/test_validate_council.py:75: in scrape_step\n    raise (err)\nuk_bin_collection/tests/step_defs/test_validate_council.py:71: in scrape_step\n    context.parse_result = CollectData.run()\nuk_bin_collection/uk_bin_collection/collect_data.py:82: in run\n    return self.client_code(\nuk_bin_collection/uk_bin_collection/collect_data.py:69: in client_code\n    return get_bin_data_class.template_method(address_url, **kwargs)\nuk_bin_collection/uk_bin_collection/get_bin_data.py:69: in template_method\n    bin_data_dict = self.parse_data(\nuk_bin_collection/uk_bin_collection/councils/NeathPortTalbotCouncil.py:41: in parse_data\n    inputElement_postcode = driver.find_element(\n../../../.cache/pypoetry/virtualenvs/uk-bin-collection-EwS6Gn8s-py3.11/lib/python3.11/site-packages/selenium/webdriver/remote/webdriver.py:738: in find_element\n    return self.execute(Command.FIND_ELEMENT, {\"using\": by, \"value\": value})[\"value\"]\n../../../.cache/pypoetry/virtualenvs/uk-bin-collection-EwS6Gn8s-py3.11/lib/python3.11/site-packages/selenium/webdriver/remote/webdriver.py:344: in execute\n    self.error_handler.check_response(response)\n_ _ _ _ _ _ _ _ _ _ _ _ _ _ _ _ _ _ _ _ _ _ _ _ _ _ _ _ _ _ _ _ _ _ _ _ _ _ _ _ \n\nself = <selenium.webdriver.remote.errorhandler.ErrorHandler object at 0x7f880ddbe510>\nresponse = {'status': 404, 'value': '{\"value\":{\"error\":\"no such element\",\"message\":\"no such element: Unable to locate element: {\\...\\\\n#16 0x5569350bc1d7 \\\\u003Cunknown>\\\\n#17 0x5569350ce124 \\\\u003Cunknown>\\\\n#18 0x7fba64894ac3 \\\\u003Cunknown>\\\\n\"}}'}\n\n    def check_response(self, response: Dict[str, Any]) -> None:\n        \"\"\"Checks that a JSON response from the WebDriver does not have an\n        error.\n    \n        :Args:\n         - response - The JSON response from the WebDriver server as a dictionary\n           object.\n    \n        :Raises: If the response contains an error message.\n        \"\"\"\n        status = response.get(\"status\", None)\n        if not status or status == ErrorCode.SUCCESS:\n            return\n        value = None\n        message = response.get(\"message\", \"\")\n        screen: str = response.get(\"screen\", \"\")\n        stacktrace = None\n        if isinstance(status, int):\n            value_json = response.get(\"value\", None)\n            if value_json and isinstance(value_json, str):\n                import json\n    \n                try:\n                    value = json.loads(value_json)\n                    if len(value) == 1:\n                        value = value[\"value\"]\n                    status = value.get(\"error\", None)\n                    if not status:\n                        status = value.get(\"status\", ErrorCode.UNKNOWN_ERROR)\n                        message = value.get(\"value\") or value.get(\"message\")\n                        if not isinstance(message, str):\n                            value = message\n                            message = message.get(\"message\")\n                    else:\n                        message = value.get(\"message\", None)\n                except ValueError:\n                    pass\n    \n        exception_class: Type[WebDriverException]\n        e = ErrorCode()\n        error_codes = [item for item in dir(e) if not item.startswith(\"__\")]\n        for error_code in error_codes:\n            error_info = getattr(ErrorCode, error_code)\n            if isinstance(error_info, list) and status in error_info:\n                exception_class = getattr(ExceptionMapping, error_code, WebDriverException)\n                break\n        else:\n            exception_class = WebDriverException\n    \n        if not value:\n            value = response[\"value\"]\n        if isinstance(value, str):\n            raise exception_class(value)\n        if message == \"\" and \"message\" in value:\n            message = value[\"message\"]\n    \n        screen = None  # type: ignore[assignment]\n        if \"screen\" in value:\n            screen = value[\"screen\"]\n    \n        stacktrace = None\n        st_value = value.get(\"stackTrace\") or value.get(\"stacktrace\")\n        if st_value:\n            if isinstance(st_value, str):\n                stacktrace = st_value.split(\"\\n\")\n            else:\n                stacktrace = []\n                try:\n                    for frame in st_value:\n                        line = frame.get(\"lineNumber\", \"\")\n                        file = frame.get(\"fileName\", \"<anonymous>\")\n                        if line:\n                            file = f\"{file}:{line}\"\n                        meth = frame.get(\"methodName\", \"<anonymous>\")\n                        if \"className\" in frame:\n                            meth = f\"{frame['className']}.{meth}\"\n                        msg = \"    at %s (%s)\"\n                        msg = msg % (meth, file)\n                        stacktrace.append(msg)\n                except TypeError:\n                    pass\n        if exception_class == UnexpectedAlertPresentException:\n            alert_text = None\n            if \"data\" in value:\n                alert_text = value[\"data\"].get(\"text\")\n            elif \"alert\" in value:\n                alert_text = value[\"alert\"].get(\"text\")\n            raise exception_class(message, screen, stacktrace, alert_text)  # type: ignore[call-arg]  # mypy is not smart enough here\n>       raise exception_class(message, screen, stacktrace)\nE       selenium.common.exceptions.NoSuchElementException: Message: no such element: Unable to locate element: {\"method\":\"css selector\",\"selector\":\"[id=\"ContentPlaceHolderDefault_ctl13_nptLLPG2_25_addresslookup_txtTmpPostcode\"]\"}\nE         (Session info: chrome-headless-shell=120.0.6099.109); For documentation on this error, please visit: https://www.selenium.dev/documentation/webdriver/troubleshooting/errors#no-such-element-exception\nE       Stacktrace:\nE       #0 0x5569350cef83 <unknown>\nE       #1 0x556934d87cf7 <unknown>\nE       #2 0x556934dd799e <unknown>\nE       #3 0x556934dd7aa1 <unknown>\nE       #4 0x556934e22d64 <unknown>\nE       #5 0x556934e010dd <unknown>\nE       #6 0x556934e20006 <unknown>\nE       #7 0x556934e00e53 <unknown>\nE       #8 0x556934dc8dd4 <unknown>\nE       #9 0x556934dca1de <unknown>\nE       #10 0x556935093531 <unknown>\nE       #11 0x556935097455 <unknown>\nE       #12 0x55693507ff55 <unknown>\nE       #13 0x5569350980ef <unknown>\nE       #14 0x55693506399f <unknown>\nE       #15 0x5569350bc008 <unknown>\nE       #16 0x5569350bc1d7 <unknown>\nE       #17 0x5569350ce124 <unknown>\nE       #18 0x7fba64894ac3 <unknown>\n\n../../../.cache/pypoetry/virtualenvs/uk-bin-collection-EwS6Gn8s-py3.11/lib/python3.11/site-packages/selenium/webdriver/remote/errorhandler.py:229: NoSuchElementException","flaky":false,"newFailed":false,"newBroken":false,"newPassed":false,"retriesCount":0,"retriesStatusChange":false,"beforeStages":[],"testStage":{"status":"failed","statusMessage":"selenium.common.exceptions.NoSuchElementException: Message: no such element: Unable to locate element: {\"method\":\"css selector\",\"selector\":\"[id=\"ContentPlaceHolderDefault_ctl13_nptLLPG2_25_addresslookup_txtTmpPostcode\"]\"}\n  (Session info: chrome-headless-shell=120.0.6099.109); For documentation on this error, please visit: https://www.selenium.dev/documentation/webdriver/troubleshooting/errors#no-such-element-exception\nStacktrace:\n#0 0x5569350cef83 <unknown>\n#1 0x556934d87cf7 <unknown>\n#2 0x556934dd799e <unknown>\n#3 0x556934dd7aa1 <unknown>\n#4 0x556934e22d64 <unknown>\n#5 0x556934e010dd <unknown>\n#6 0x556934e20006 <unknown>\n#7 0x556934e00e53 <unknown>\n#8 0x556934dc8dd4 <unknown>\n#9 0x556934dca1de <unknown>\n#10 0x556935093531 <unknown>\n#11 0x556935097455 <unknown>\n#12 0x55693507ff55 <unknown>\n#13 0x5569350980ef <unknown>\n#14 0x55693506399f <unknown>\n#15 0x5569350bc008 <unknown>\n#16 0x5569350bc1d7 <unknown>\n#17 0x5569350ce124 <unknown>\n#18 0x7fba64894ac3 <unknown>","statusTrace":"fixturefunc = <function scrape_step at 0x7f880e7d59e0>\nrequest = <FixtureRequest for <Function test_scenario_outline[NeathPortTalbotCouncil-http://selenium:4444-local]>>\nkwargs = {'context': <test_validate_council.context.<locals>.Context object at 0x7f880de0e610>, 'council': 'NeathPortTalbotCouncil', 'selenium_mode': 'local', 'selenium_url': 'http://selenium:4444'}\n\n    def call_fixture_func(\n        fixturefunc: \"_FixtureFunc[FixtureValue]\", request: FixtureRequest, kwargs\n    ) -> FixtureValue:\n        if is_generator(fixturefunc):\n            fixturefunc = cast(\n                Callable[..., Generator[FixtureValue, None, None]], fixturefunc\n            )\n            generator = fixturefunc(**kwargs)\n            try:\n                fixture_result = next(generator)\n            except StopIteration:\n                raise ValueError(f\"{request.fixturename} did not yield a value\") from None\n            finalizer = functools.partial(_teardown_yield_fixture, fixturefunc, generator)\n            request.addfinalizer(finalizer)\n        else:\n            fixturefunc = cast(Callable[..., FixtureValue], fixturefunc)\n>           fixture_result = fixturefunc(**kwargs)\n\n../../../.cache/pypoetry/virtualenvs/uk-bin-collection-EwS6Gn8s-py3.11/lib/python3.11/site-packages/_pytest/fixtures.py:902: \n_ _ _ _ _ _ _ _ _ _ _ _ _ _ _ _ _ _ _ _ _ _ _ _ _ _ _ _ _ _ _ _ _ _ _ _ _ _ _ _ \nuk_bin_collection/tests/step_defs/test_validate_council.py:75: in scrape_step\n    raise (err)\nuk_bin_collection/tests/step_defs/test_validate_council.py:71: in scrape_step\n    context.parse_result = CollectData.run()\nuk_bin_collection/uk_bin_collection/collect_data.py:82: in run\n    return self.client_code(\nuk_bin_collection/uk_bin_collection/collect_data.py:69: in client_code\n    return get_bin_data_class.template_method(address_url, **kwargs)\nuk_bin_collection/uk_bin_collection/get_bin_data.py:69: in template_method\n    bin_data_dict = self.parse_data(\nuk_bin_collection/uk_bin_collection/councils/NeathPortTalbotCouncil.py:41: in parse_data\n    inputElement_postcode = driver.find_element(\n../../../.cache/pypoetry/virtualenvs/uk-bin-collection-EwS6Gn8s-py3.11/lib/python3.11/site-packages/selenium/webdriver/remote/webdriver.py:738: in find_element\n    return self.execute(Command.FIND_ELEMENT, {\"using\": by, \"value\": value})[\"value\"]\n../../../.cache/pypoetry/virtualenvs/uk-bin-collection-EwS6Gn8s-py3.11/lib/python3.11/site-packages/selenium/webdriver/remote/webdriver.py:344: in execute\n    self.error_handler.check_response(response)\n_ _ _ _ _ _ _ _ _ _ _ _ _ _ _ _ _ _ _ _ _ _ _ _ _ _ _ _ _ _ _ _ _ _ _ _ _ _ _ _ \n\nself = <selenium.webdriver.remote.errorhandler.ErrorHandler object at 0x7f880ddbe510>\nresponse = {'status': 404, 'value': '{\"value\":{\"error\":\"no such element\",\"message\":\"no such element: Unable to locate element: {\\...\\\\n#16 0x5569350bc1d7 \\\\u003Cunknown>\\\\n#17 0x5569350ce124 \\\\u003Cunknown>\\\\n#18 0x7fba64894ac3 \\\\u003Cunknown>\\\\n\"}}'}\n\n    def check_response(self, response: Dict[str, Any]) -> None:\n        \"\"\"Checks that a JSON response from the WebDriver does not have an\n        error.\n    \n        :Args:\n         - response - The JSON response from the WebDriver server as a dictionary\n           object.\n    \n        :Raises: If the response contains an error message.\n        \"\"\"\n        status = response.get(\"status\", None)\n        if not status or status == ErrorCode.SUCCESS:\n            return\n        value = None\n        message = response.get(\"message\", \"\")\n        screen: str = response.get(\"screen\", \"\")\n        stacktrace = None\n        if isinstance(status, int):\n            value_json = response.get(\"value\", None)\n            if value_json and isinstance(value_json, str):\n                import json\n    \n                try:\n                    value = json.loads(value_json)\n                    if len(value) == 1:\n                        value = value[\"value\"]\n                    status = value.get(\"error\", None)\n                    if not status:\n                        status = value.get(\"status\", ErrorCode.UNKNOWN_ERROR)\n                        message = value.get(\"value\") or value.get(\"message\")\n                        if not isinstance(message, str):\n                            value = message\n                            message = message.get(\"message\")\n                    else:\n                        message = value.get(\"message\", None)\n                except ValueError:\n                    pass\n    \n        exception_class: Type[WebDriverException]\n        e = ErrorCode()\n        error_codes = [item for item in dir(e) if not item.startswith(\"__\")]\n        for error_code in error_codes:\n            error_info = getattr(ErrorCode, error_code)\n            if isinstance(error_info, list) and status in error_info:\n                exception_class = getattr(ExceptionMapping, error_code, WebDriverException)\n                break\n        else:\n            exception_class = WebDriverException\n    \n        if not value:\n            value = response[\"value\"]\n        if isinstance(value, str):\n            raise exception_class(value)\n        if message == \"\" and \"message\" in value:\n            message = value[\"message\"]\n    \n        screen = None  # type: ignore[assignment]\n        if \"screen\" in value:\n            screen = value[\"screen\"]\n    \n        stacktrace = None\n        st_value = value.get(\"stackTrace\") or value.get(\"stacktrace\")\n        if st_value:\n            if isinstance(st_value, str):\n                stacktrace = st_value.split(\"\\n\")\n            else:\n                stacktrace = []\n                try:\n                    for frame in st_value:\n                        line = frame.get(\"lineNumber\", \"\")\n                        file = frame.get(\"fileName\", \"<anonymous>\")\n                        if line:\n                            file = f\"{file}:{line}\"\n                        meth = frame.get(\"methodName\", \"<anonymous>\")\n                        if \"className\" in frame:\n                            meth = f\"{frame['className']}.{meth}\"\n                        msg = \"    at %s (%s)\"\n                        msg = msg % (meth, file)\n                        stacktrace.append(msg)\n                except TypeError:\n                    pass\n        if exception_class == UnexpectedAlertPresentException:\n            alert_text = None\n            if \"data\" in value:\n                alert_text = value[\"data\"].get(\"text\")\n            elif \"alert\" in value:\n                alert_text = value[\"alert\"].get(\"text\")\n            raise exception_class(message, screen, stacktrace, alert_text)  # type: ignore[call-arg]  # mypy is not smart enough here\n>       raise exception_class(message, screen, stacktrace)\nE       selenium.common.exceptions.NoSuchElementException: Message: no such element: Unable to locate element: {\"method\":\"css selector\",\"selector\":\"[id=\"ContentPlaceHolderDefault_ctl13_nptLLPG2_25_addresslookup_txtTmpPostcode\"]\"}\nE         (Session info: chrome-headless-shell=120.0.6099.109); For documentation on this error, please visit: https://www.selenium.dev/documentation/webdriver/troubleshooting/errors#no-such-element-exception\nE       Stacktrace:\nE       #0 0x5569350cef83 <unknown>\nE       #1 0x556934d87cf7 <unknown>\nE       #2 0x556934dd799e <unknown>\nE       #3 0x556934dd7aa1 <unknown>\nE       #4 0x556934e22d64 <unknown>\nE       #5 0x556934e010dd <unknown>\nE       #6 0x556934e20006 <unknown>\nE       #7 0x556934e00e53 <unknown>\nE       #8 0x556934dc8dd4 <unknown>\nE       #9 0x556934dca1de <unknown>\nE       #10 0x556935093531 <unknown>\nE       #11 0x556935097455 <unknown>\nE       #12 0x55693507ff55 <unknown>\nE       #13 0x5569350980ef <unknown>\nE       #14 0x55693506399f <unknown>\nE       #15 0x5569350bc008 <unknown>\nE       #16 0x5569350bc1d7 <unknown>\nE       #17 0x5569350ce124 <unknown>\nE       #18 0x7fba64894ac3 <unknown>\n\n../../../.cache/pypoetry/virtualenvs/uk-bin-collection-EwS6Gn8s-py3.11/lib/python3.11/site-packages/selenium/webdriver/remote/errorhandler.py:229: NoSuchElementException","steps":[{"name":"Given the council: NeathPortTalbotCouncil","time":{"start":1703541158934,"stop":1703541158934,"duration":0},"status":"passed","steps":[],"attachments":[],"parameters":[],"shouldDisplayMessage":false,"stepsCount":0,"attachmentsCount":0,"hasContent":false,"attachmentStep":false},{"name":"When we scrape the data from NeathPortTalbotCouncil using local and the http://selenium:4444 is set","time":{"start":1703541158934,"stop":1703541161686,"duration":2752},"status":"failed","statusMessage":"Message: no such element: Unable to locate element: {\"method\":\"css selector\",\"selector\":\"[id=\"ContentPlaceHolderDefault_ctl13_nptLLPG2_25_addresslookup_txtTmpPostcode\"]\"}\n  (Session info: chrome-headless-shell=120.0.6099.109); For documentation on this error, please visit: https://www.selenium.dev/documentation/webdriver/troubleshooting/errors#no-such-element-exception\nStacktrace:\n#0 0x5569350cef83 <unknown>\n#1 0x556934d87cf7 <unknown>\n#2 0x556934dd799e <unknown>\n#3 0x556934dd7aa1 <unknown>\n#4 0x556934e22d64 <unknown>\n#5 0x556934e010dd <unknown>\n#6 0x556934e20006 <unknown>\n#7 0x556934e00e53 <unknown>\n#8 0x556934dc8dd4 <unknown>\n#9 0x556934dca1de <unknown>\n#10 0x556935093531 <unknown>\n#11 0x556935097455 <unknown>\n#12 0x55693507ff55 <unknown>\n#13 0x5569350980ef <unknown>\n#14 0x55693506399f <unknown>\n#15 0x5569350bc008 <unknown>\n#16 0x5569350bc1d7 <unknown>\n#17 0x5569350ce124 <unknown>\n#18 0x7fba64894ac3 <unknown>\n","statusTrace":"selenium.common.exceptions.NoSuchElementException: Message: no such element: Unable to locate element: {\"method\":\"css selector\",\"selector\":\"[id=\"ContentPlaceHolderDefault_ctl13_nptLLPG2_25_addresslookup_txtTmpPostcode\"]\"}\n  (Session info: chrome-headless-shell=120.0.6099.109); For documentation on this error, please visit: https://www.selenium.dev/documentation/webdriver/troubleshooting/errors#no-such-element-exception\nStacktrace:\n#0 0x5569350cef83 <unknown>\n#1 0x556934d87cf7 <unknown>\n#2 0x556934dd799e <unknown>\n#3 0x556934dd7aa1 <unknown>\n#4 0x556934e22d64 <unknown>\n#5 0x556934e010dd <unknown>\n#6 0x556934e20006 <unknown>\n#7 0x556934e00e53 <unknown>\n#8 0x556934dc8dd4 <unknown>\n#9 0x556934dca1de <unknown>\n#10 0x556935093531 <unknown>\n#11 0x556935097455 <unknown>\n#12 0x55693507ff55 <unknown>\n#13 0x5569350980ef <unknown>\n#14 0x55693506399f <unknown>\n#15 0x5569350bc008 <unknown>\n#16 0x5569350bc1d7 <unknown>\n#17 0x5569350ce124 <unknown>\n#18 0x7fba64894ac3 <unknown>\n\n","steps":[],"attachments":[],"parameters":[],"shouldDisplayMessage":true,"stepsCount":0,"attachmentsCount":0,"hasContent":true,"attachmentStep":false}],"attachments":[],"parameters":[],"shouldDisplayMessage":true,"stepsCount":2,"attachmentsCount":0,"hasContent":true,"attachmentStep":false},"afterStages":[],"labels":[{"name":"host","value":"fv-az847-406"},{"name":"thread","value":"2682-MainThread"},{"name":"framework","value":"pytest-bdd"},{"name":"language","value":"cpython3"},{"name":"feature","value":"Test each council output matches expected results"},{"name":"resultFormat","value":"allure2"}],"parameters":[{"name":"council","value":"NeathPortTalbotCouncil"},{"name":"selenium_mode","value":"local"},{"name":"selenium_url","value":"http://selenium:4444"}],"links":[],"hidden":false,"retry":false,"extra":{"severity":"normal","retries":[],"categories":[{"name":"Product defects","matchedStatuses":[],"flaky":false}],"history":{"statistic":{"failed":81,"broken":0,"skipped":0,"passed":14,"unknown":0,"total":95},"items":[{"uid":"dc5922b0408b94a6","reportUrl":"https://robbrad.github.io/UKBinCollectionData/3.11/1295//#testresult/dc5922b0408b94a6","status":"failed","statusDetails":"selenium.common.exceptions.NoSuchElementException: Message: no such element: Unable to locate element: {\"method\":\"css selector\",\"selector\":\"[id=\"ContentPlaceHolderDefault_ctl13_nptLLPG2_25_addresslookup_txtTmpPostcode\"]\"}\n  (Session info: chrome-headless-shell=120.0.6099.109); For documentation on this error, please visit: https://www.selenium.dev/documentation/webdriver/troubleshooting/errors#no-such-element-exception\nStacktrace:\n#0 0x55abf33b0f83 <unknown>\n#1 0x55abf3069cf7 <unknown>\n#2 0x55abf30b999e <unknown>\n#3 0x55abf30b9aa1 <unknown>\n#4 0x55abf3104d64 <unknown>\n#5 0x55abf30e30dd <unknown>\n#6 0x55abf3102006 <unknown>\n#7 0x55abf30e2e53 <unknown>\n#8 0x55abf30aadd4 <unknown>\n#9 0x55abf30ac1de <unknown>\n#10 0x55abf3375531 <unknown>\n#11 0x55abf3379455 <unknown>\n#12 0x55abf3361f55 <unknown>\n#13 0x55abf337a0ef <unknown>\n#14 0x55abf334599f <unknown>\n#15 0x55abf339e008 <unknown>\n#16 0x55abf339e1d7 <unknown>\n#17 0x55abf33b0124 <unknown>\n#18 0x7f1471e94ac3 <unknown>","time":{"start":1703467132509,"stop":1703467135434,"duration":2925}},{"uid":"ec42424363e1c6b6","reportUrl":"https://robbrad.github.io/UKBinCollectionData/3.11/1292//#testresult/ec42424363e1c6b6","status":"failed","statusDetails":"selenium.common.exceptions.NoSuchElementException: Message: no such element: Unable to locate element: {\"method\":\"css selector\",\"selector\":\"[id=\"ContentPlaceHolderDefault_ctl13_nptLLPG2_25_addresslookup_txtTmpPostcode\"]\"}\n  (Session info: chrome-headless-shell=120.0.6099.109); For documentation on this error, please visit: https://www.selenium.dev/documentation/webdriver/troubleshooting/errors#no-such-element-exception\nStacktrace:\n#0 0x55c4432c1f83 <unknown>\n#1 0x55c442f7acf7 <unknown>\n#2 0x55c442fca99e <unknown>\n#3 0x55c442fcaaa1 <unknown>\n#4 0x55c443015d64 <unknown>\n#5 0x55c442ff40dd <unknown>\n#6 0x55c443013006 <unknown>\n#7 0x55c442ff3e53 <unknown>\n#8 0x55c442fbbdd4 <unknown>\n#9 0x55c442fbd1de <unknown>\n#10 0x55c443286531 <unknown>\n#11 0x55c44328a455 <unknown>\n#12 0x55c443272f55 <unknown>\n#13 0x55c44328b0ef <unknown>\n#14 0x55c44325699f <unknown>\n#15 0x55c4432af008 <unknown>\n#16 0x55c4432af1d7 <unknown>\n#17 0x55c4432c1124 <unknown>\n#18 0x7fb3f2694ac3 <unknown>","time":{"start":1703416446171,"stop":1703416451830,"duration":5659}},{"uid":"6eb2324b8ca7175f","reportUrl":"https://robbrad.github.io/UKBinCollectionData/3.11/1291//#testresult/6eb2324b8ca7175f","status":"failed","statusDetails":"selenium.common.exceptions.NoSuchElementException: Message: no such element: Unable to locate element: {\"method\":\"css selector\",\"selector\":\"[id=\"ContentPlaceHolderDefault_ctl13_nptLLPG2_25_addresslookup_txtTmpPostcode\"]\"}\n  (Session info: chrome-headless-shell=120.0.6099.109); For documentation on this error, please visit: https://www.selenium.dev/documentation/webdriver/troubleshooting/errors#no-such-element-exception\nStacktrace:\n#0 0x55c2b203af83 <unknown>\n#1 0x55c2b1cf3cf7 <unknown>\n#2 0x55c2b1d4399e <unknown>\n#3 0x55c2b1d43aa1 <unknown>\n#4 0x55c2b1d8ed64 <unknown>\n#5 0x55c2b1d6d0dd <unknown>\n#6 0x55c2b1d8c006 <unknown>\n#7 0x55c2b1d6ce53 <unknown>\n#8 0x55c2b1d34dd4 <unknown>\n#9 0x55c2b1d361de <unknown>\n#10 0x55c2b1fff531 <unknown>\n#11 0x55c2b2003455 <unknown>\n#12 0x55c2b1febf55 <unknown>\n#13 0x55c2b20040ef <unknown>\n#14 0x55c2b1fcf99f <unknown>\n#15 0x55c2b2028008 <unknown>\n#16 0x55c2b20281d7 <unknown>\n#17 0x55c2b203a124 <unknown>\n#18 0x7f8c93c94ac3 <unknown>","time":{"start":1703416415440,"stop":1703416420301,"duration":4861}},{"uid":"e0b1fd4368e42e5","reportUrl":"https://robbrad.github.io/UKBinCollectionData/3.11/1289//#testresult/e0b1fd4368e42e5","status":"failed","statusDetails":"selenium.common.exceptions.NoSuchElementException: Message: no such element: Unable to locate element: {\"method\":\"css selector\",\"selector\":\"[id=\"ContentPlaceHolderDefault_ctl13_nptLLPG2_25_addresslookup_txtTmpPostcode\"]\"}\n  (Session info: chrome-headless-shell=120.0.6099.109); For documentation on this error, please visit: https://www.selenium.dev/documentation/webdriver/troubleshooting/errors#no-such-element-exception\nStacktrace:\n#0 0x55fd7e379f83 <unknown>\n#1 0x55fd7e032cf7 <unknown>\n#2 0x55fd7e08299e <unknown>\n#3 0x55fd7e082aa1 <unknown>\n#4 0x55fd7e0cdd64 <unknown>\n#5 0x55fd7e0ac0dd <unknown>\n#6 0x55fd7e0cb006 <unknown>\n#7 0x55fd7e0abe53 <unknown>\n#8 0x55fd7e073dd4 <unknown>\n#9 0x55fd7e0751de <unknown>\n#10 0x55fd7e33e531 <unknown>\n#11 0x55fd7e342455 <unknown>\n#12 0x55fd7e32af55 <unknown>\n#13 0x55fd7e3430ef <unknown>\n#14 0x55fd7e30e99f <unknown>\n#15 0x55fd7e367008 <unknown>\n#16 0x55fd7e3671d7 <unknown>\n#17 0x55fd7e379124 <unknown>\n#18 0x7fc183094ac3 <unknown>","time":{"start":1703380982733,"stop":1703381040243,"duration":57510}},{"uid":"792c438c5780bc2c","reportUrl":"https://robbrad.github.io/UKBinCollectionData/3.11/1287//#testresult/792c438c5780bc2c","status":"failed","statusDetails":"selenium.common.exceptions.NoSuchElementException: Message: no such element: Unable to locate element: {\"method\":\"css selector\",\"selector\":\"[id=\"ContentPlaceHolderDefault_ctl13_nptLLPG2_25_addresslookup_txtTmpPostcode\"]\"}\n  (Session info: chrome-headless-shell=120.0.6099.109); For documentation on this error, please visit: https://www.selenium.dev/documentation/webdriver/troubleshooting/errors#no-such-element-exception\nStacktrace:\n#0 0x563f0641ff83 <unknown>\n#1 0x563f060d8cf7 <unknown>\n#2 0x563f0612899e <unknown>\n#3 0x563f06128aa1 <unknown>\n#4 0x563f06173d64 <unknown>\n#5 0x563f061520dd <unknown>\n#6 0x563f06171006 <unknown>\n#7 0x563f06151e53 <unknown>\n#8 0x563f06119dd4 <unknown>\n#9 0x563f0611b1de <unknown>\n#10 0x563f063e4531 <unknown>\n#11 0x563f063e8455 <unknown>\n#12 0x563f063d0f55 <unknown>\n#13 0x563f063e90ef <unknown>\n#14 0x563f063b499f <unknown>\n#15 0x563f0640d008 <unknown>\n#16 0x563f0640d1d7 <unknown>\n#17 0x563f0641f124 <unknown>\n#18 0x7f0305894ac3 <unknown>","time":{"start":1703294109327,"stop":1703294113569,"duration":4242}},{"uid":"91fef12a8b238019","reportUrl":"https://robbrad.github.io/UKBinCollectionData/3.11/1282//#testresult/91fef12a8b238019","status":"failed","statusDetails":"selenium.common.exceptions.NoSuchElementException: Message: no such element: Unable to locate element: {\"method\":\"css selector\",\"selector\":\"[id=\"ContentPlaceHolderDefault_ctl13_nptLLPG2_25_addresslookup_txtTmpPostcode\"]\"}\n  (Session info: chrome-headless-shell=120.0.6099.109); For documentation on this error, please visit: https://www.selenium.dev/documentation/webdriver/troubleshooting/errors#no-such-element-exception\nStacktrace:\n#0 0x5630ebf0ff83 <unknown>\n#1 0x5630ebbc8cf7 <unknown>\n#2 0x5630ebc1899e <unknown>\n#3 0x5630ebc18aa1 <unknown>\n#4 0x5630ebc63d64 <unknown>\n#5 0x5630ebc420dd <unknown>\n#6 0x5630ebc61006 <unknown>\n#7 0x5630ebc41e53 <unknown>\n#8 0x5630ebc09dd4 <unknown>\n#9 0x5630ebc0b1de <unknown>\n#10 0x5630ebed4531 <unknown>\n#11 0x5630ebed8455 <unknown>\n#12 0x5630ebec0f55 <unknown>\n#13 0x5630ebed90ef <unknown>\n#14 0x5630ebea499f <unknown>\n#15 0x5630ebefd008 <unknown>\n#16 0x5630ebefd1d7 <unknown>\n#17 0x5630ebf0f124 <unknown>\n#18 0x7fd7ca494ac3 <unknown>","time":{"start":1703207838022,"stop":1703207842113,"duration":4091}},{"uid":"be3fa9ea7f50d3a1","reportUrl":"https://robbrad.github.io/UKBinCollectionData/3.11/1281//#testresult/be3fa9ea7f50d3a1","status":"failed","statusDetails":"selenium.common.exceptions.NoSuchElementException: Message: no such element: Unable to locate element: {\"method\":\"css selector\",\"selector\":\"[id=\"ContentPlaceHolderDefault_ctl13_nptLLPG2_25_addresslookup_txtTmpPostcode\"]\"}\n  (Session info: chrome-headless-shell=120.0.6099.109); For documentation on this error, please visit: https://www.selenium.dev/documentation/webdriver/troubleshooting/errors#no-such-element-exception\nStacktrace:\n#0 0x5575395c3f83 <unknown>\n#1 0x55753927ccf7 <unknown>\n#2 0x5575392cc99e <unknown>\n#3 0x5575392ccaa1 <unknown>\n#4 0x557539317d64 <unknown>\n#5 0x5575392f60dd <unknown>\n#6 0x557539315006 <unknown>\n#7 0x5575392f5e53 <unknown>\n#8 0x5575392bddd4 <unknown>\n#9 0x5575392bf1de <unknown>\n#10 0x557539588531 <unknown>\n#11 0x55753958c455 <unknown>\n#12 0x557539574f55 <unknown>\n#13 0x55753958d0ef <unknown>\n#14 0x55753955899f <unknown>\n#15 0x5575395b1008 <unknown>\n#16 0x5575395b11d7 <unknown>\n#17 0x5575395c3124 <unknown>\n#18 0x7fceb0a94ac3 <unknown>","time":{"start":1703121476585,"stop":1703121480771,"duration":4186}},{"uid":"ed6dfaaf91191e4e","reportUrl":"https://robbrad.github.io/UKBinCollectionData/3.11/1280//#testresult/ed6dfaaf91191e4e","status":"failed","statusDetails":"selenium.common.exceptions.ElementClickInterceptedException: Message: element click intercepted: Element is not clickable at point (589, 642)\n  (Session info: chrome-headless-shell=120.0.6099.71)\nStacktrace:\n#0 0x5563a5011f83 <unknown>\n#1 0x5563a4ccacf7 <unknown>\n#2 0x5563a4d22d92 <unknown>\n#3 0x5563a4d207f4 <unknown>\n#4 0x5563a4d1d894 <unknown>\n#5 0x5563a4d1c4b9 <unknown>\n#6 0x5563a4d0e313 <unknown>\n#7 0x5563a4d440b2 <unknown>\n#8 0x5563a4d0db49 <unknown>\n#9 0x5563a4d444ce <unknown>\n#10 0x5563a4d63006 <unknown>\n#11 0x5563a4d43e53 <unknown>\n#12 0x5563a4d0bdd4 <unknown>\n#13 0x5563a4d0d1de <unknown>\n#14 0x5563a4fd6531 <unknown>\n#15 0x5563a4fda455 <unknown>\n#16 0x5563a4fc2f55 <unknown>\n#17 0x5563a4fdb0ef <unknown>\n#18 0x5563a4fa699f <unknown>\n#19 0x5563a4fff008 <unknown>\n#20 0x5563a4fff1d7 <unknown>\n#21 0x5563a5011124 <unknown>\n#22 0x7f1ff1694ac3 <unknown>","time":{"start":1703034295913,"stop":1703034301977,"duration":6064}},{"uid":"64504ed31a55e6c7","reportUrl":"https://robbrad.github.io/UKBinCollectionData/3.11/1279//#testresult/64504ed31a55e6c7","status":"failed","statusDetails":"selenium.common.exceptions.NoSuchElementException: Message: no such element: Unable to locate element: {\"method\":\"css selector\",\"selector\":\"[id=\"ContentPlaceHolderDefault_ctl13_nptLLPG2_25_addresslookup_txtTmpPostcode\"]\"}\n  (Session info: chrome-headless-shell=120.0.6099.109); For documentation on this error, please visit: https://www.selenium.dev/documentation/webdriver/troubleshooting/errors#no-such-element-exception\nStacktrace:\n#0 0x5576ef613f83 <unknown>\n#1 0x5576ef2cccf7 <unknown>\n#2 0x5576ef31c99e <unknown>\n#3 0x5576ef31caa1 <unknown>\n#4 0x5576ef367d64 <unknown>\n#5 0x5576ef3460dd <unknown>\n#6 0x5576ef365006 <unknown>\n#7 0x5576ef345e53 <unknown>\n#8 0x5576ef30ddd4 <unknown>\n#9 0x5576ef30f1de <unknown>\n#10 0x5576ef5d8531 <unknown>\n#11 0x5576ef5dc455 <unknown>\n#12 0x5576ef5c4f55 <unknown>\n#13 0x5576ef5dd0ef <unknown>\n#14 0x5576ef5a899f <unknown>\n#15 0x5576ef601008 <unknown>\n#16 0x5576ef6011d7 <unknown>\n#17 0x5576ef613124 <unknown>\n#18 0x7f8363094ac3 <unknown>","time":{"start":1703024937654,"stop":1703024947941,"duration":10287}},{"uid":"24b9af83a4427fa","reportUrl":"https://robbrad.github.io/UKBinCollectionData/3.11/1278//#testresult/24b9af83a4427fa","status":"failed","statusDetails":"selenium.common.exceptions.NoSuchElementException: Message: no such element: Unable to locate element: {\"method\":\"css selector\",\"selector\":\"[id=\"ContentPlaceHolderDefault_ctl13_nptLLPG2_25_addresslookup_txtTmpPostcode\"]\"}\n  (Session info: chrome-headless-shell=120.0.6099.71); For documentation on this error, please visit: https://www.selenium.dev/documentation/webdriver/troubleshooting/errors#no-such-element-exception\nStacktrace:\n#0 0x56526b91bf83 <unknown>\n#1 0x56526b5d4cf7 <unknown>\n#2 0x56526b62499e <unknown>\n#3 0x56526b624aa1 <unknown>\n#4 0x56526b66fd64 <unknown>\n#5 0x56526b64e0dd <unknown>\n#6 0x56526b66d006 <unknown>\n#7 0x56526b64de53 <unknown>\n#8 0x56526b615dd4 <unknown>\n#9 0x56526b6171de <unknown>\n#10 0x56526b8e0531 <unknown>\n#11 0x56526b8e4455 <unknown>\n#12 0x56526b8ccf55 <unknown>\n#13 0x56526b8e50ef <unknown>\n#14 0x56526b8b099f <unknown>\n#15 0x56526b909008 <unknown>\n#16 0x56526b9091d7 <unknown>\n#17 0x56526b91b124 <unknown>\n#18 0x7f8406e94ac3 <unknown>","time":{"start":1703024906215,"stop":1703024947494,"duration":41279}},{"uid":"ac11eb31f9ec5b8c","reportUrl":"https://robbrad.github.io/UKBinCollectionData/3.11/1276//#testresult/ac11eb31f9ec5b8c","status":"failed","statusDetails":"selenium.common.exceptions.NoSuchElementException: Message: no such element: Unable to locate element: {\"method\":\"css selector\",\"selector\":\"[id=\"ContentPlaceHolderDefault_ctl13_nptLLPG2_25_addresslookup_txtTmpPostcode\"]\"}\n  (Session info: chrome-headless-shell=120.0.6099.71); For documentation on this error, please visit: https://www.selenium.dev/documentation/webdriver/troubleshooting/errors#no-such-element-exception\nStacktrace:\n#0 0x56536b40af83 <unknown>\n#1 0x56536b0c3cf7 <unknown>\n#2 0x56536b11399e <unknown>\n#3 0x56536b113aa1 <unknown>\n#4 0x56536b15ed64 <unknown>\n#5 0x56536b13d0dd <unknown>\n#6 0x56536b15c006 <unknown>\n#7 0x56536b13ce53 <unknown>\n#8 0x56536b104dd4 <unknown>\n#9 0x56536b1061de <unknown>\n#10 0x56536b3cf531 <unknown>\n#11 0x56536b3d3455 <unknown>\n#12 0x56536b3bbf55 <unknown>\n#13 0x56536b3d40ef <unknown>\n#14 0x56536b39f99f <unknown>\n#15 0x56536b3f8008 <unknown>\n#16 0x56536b3f81d7 <unknown>\n#17 0x56536b40a124 <unknown>\n#18 0x7f7146894ac3 <unknown>","time":{"start":1702948724704,"stop":1702948728473,"duration":3769}},{"uid":"9311257ffd78d149","reportUrl":"https://robbrad.github.io/UKBinCollectionData/3.11/1275//#testresult/9311257ffd78d149","status":"failed","statusDetails":"selenium.common.exceptions.NoSuchElementException: Message: no such element: Unable to locate element: {\"method\":\"css selector\",\"selector\":\"[id=\"ContentPlaceHolderDefault_ctl13_nptLLPG2_25_addresslookup_txtTmpPostcode\"]\"}\n  (Session info: chrome-headless-shell=120.0.6099.71); For documentation on this error, please visit: https://www.selenium.dev/documentation/webdriver/troubleshooting/errors#no-such-element-exception\nStacktrace:\n#0 0x562f262a9d33 <unknown>\n#1 0x562f25f66f87 <unknown>\n#2 0x562f25fb6c0e <unknown>\n#3 0x562f25fb6d11 <unknown>\n#4 0x562f26002004 <unknown>\n#5 0x562f25fe036d <unknown>\n#6 0x562f25fff297 <unknown>\n#7 0x562f25fe00e3 <unknown>\n#8 0x562f25fa8044 <unknown>\n#9 0x562f25fa944e <unknown>\n#10 0x562f2626e861 <unknown>\n#11 0x562f26272785 <unknown>\n#12 0x562f2625c285 <unknown>\n#13 0x562f2627341f <unknown>\n#14 0x562f2624020f <unknown>\n#15 0x562f26297028 <unknown>\n#16 0x562f262971f7 <unknown>\n#17 0x562f262a8ed4 <unknown>\n#18 0x7fbc3dc94ac3 <unknown>","time":{"start":1702862388031,"stop":1702862392515,"duration":4484}},{"uid":"457f15e70cf845cb","reportUrl":"https://robbrad.github.io/UKBinCollectionData/3.11/1274//#testresult/457f15e70cf845cb","status":"failed","statusDetails":"selenium.common.exceptions.NoSuchElementException: Message: no such element: Unable to locate element: {\"method\":\"css selector\",\"selector\":\"[id=\"ContentPlaceHolderDefault_ctl13_nptLLPG2_25_addresslookup_txtTmpPostcode\"]\"}\n  (Session info: chrome-headless-shell=120.0.6099.71); For documentation on this error, please visit: https://www.selenium.dev/documentation/webdriver/troubleshooting/errors#no-such-element-exception\nStacktrace:\n#0 0x561eae077d33 <unknown>\n#1 0x561eadd34f87 <unknown>\n#2 0x561eadd84c0e <unknown>\n#3 0x561eadd84d11 <unknown>\n#4 0x561eaddd0004 <unknown>\n#5 0x561eaddae36d <unknown>\n#6 0x561eaddcd297 <unknown>\n#7 0x561eaddae0e3 <unknown>\n#8 0x561eadd76044 <unknown>\n#9 0x561eadd7744e <unknown>\n#10 0x561eae03c861 <unknown>\n#11 0x561eae040785 <unknown>\n#12 0x561eae02a285 <unknown>\n#13 0x561eae04141f <unknown>\n#14 0x561eae00e20f <unknown>\n#15 0x561eae065028 <unknown>\n#16 0x561eae0651f7 <unknown>\n#17 0x561eae076ed4 <unknown>\n#18 0x7f37d6694ac3 <unknown>","time":{"start":1702860051536,"stop":1702860055020,"duration":3484}},{"uid":"68bf97014691bf97","reportUrl":"https://robbrad.github.io/UKBinCollectionData/3.11/1272//#testresult/68bf97014691bf97","status":"failed","statusDetails":"selenium.common.exceptions.NoSuchElementException: Message: no such element: Unable to locate element: {\"method\":\"css selector\",\"selector\":\"[id=\"ContentPlaceHolderDefault_ctl13_nptLLPG2_25_addresslookup_txtTmpPostcode\"]\"}\n  (Session info: chrome-headless-shell=120.0.6099.71); For documentation on this error, please visit: https://www.selenium.dev/documentation/webdriver/troubleshooting/errors#no-such-element-exception\nStacktrace:\n#0 0x564571ea6d33 <unknown>\n#1 0x564571b63f87 <unknown>\n#2 0x564571bb3c0e <unknown>\n#3 0x564571bb3d11 <unknown>\n#4 0x564571bff004 <unknown>\n#5 0x564571bdd36d <unknown>\n#6 0x564571bfc297 <unknown>\n#7 0x564571bdd0e3 <unknown>\n#8 0x564571ba5044 <unknown>\n#9 0x564571ba644e <unknown>\n#10 0x564571e6b861 <unknown>\n#11 0x564571e6f785 <unknown>\n#12 0x564571e59285 <unknown>\n#13 0x564571e7041f <unknown>\n#14 0x564571e3d20f <unknown>\n#15 0x564571e94028 <unknown>\n#16 0x564571e941f7 <unknown>\n#17 0x564571ea5ed4 <unknown>\n#18 0x7fea6e294ac3 <unknown>","time":{"start":1702843609603,"stop":1702843614299,"duration":4696}},{"uid":"1e5e2c1a44fc50f4","reportUrl":"https://robbrad.github.io/UKBinCollectionData/3.11/1270//#testresult/1e5e2c1a44fc50f4","status":"failed","statusDetails":"selenium.common.exceptions.NoSuchElementException: Message: no such element: Unable to locate element: {\"method\":\"css selector\",\"selector\":\"[id=\"ContentPlaceHolderDefault_ctl13_nptLLPG2_25_addresslookup_txtTmpPostcode\"]\"}\n  (Session info: chrome-headless-shell=120.0.6099.71); For documentation on this error, please visit: https://www.selenium.dev/documentation/webdriver/troubleshooting/errors#no-such-element-exception\nStacktrace:\n#0 0x55f98abb2d33 <unknown>\n#1 0x55f98a86ff87 <unknown>\n#2 0x55f98a8bfc0e <unknown>\n#3 0x55f98a8bfd11 <unknown>\n#4 0x55f98a90b004 <unknown>\n#5 0x55f98a8e936d <unknown>\n#6 0x55f98a908297 <unknown>\n#7 0x55f98a8e90e3 <unknown>\n#8 0x55f98a8b1044 <unknown>\n#9 0x55f98a8b244e <unknown>\n#10 0x55f98ab77861 <unknown>\n#11 0x55f98ab7b785 <unknown>\n#12 0x55f98ab65285 <unknown>\n#13 0x55f98ab7c41f <unknown>\n#14 0x55f98ab4920f <unknown>\n#15 0x55f98aba0028 <unknown>\n#16 0x55f98aba01f7 <unknown>\n#17 0x55f98abb1ed4 <unknown>\n#18 0x7fdcf2694ac3 <unknown>","time":{"start":1702809414826,"stop":1702809419191,"duration":4365}},{"uid":"1c3edb8131360c58","reportUrl":"https://robbrad.github.io/UKBinCollectionData/3.11/1247//#testresult/1c3edb8131360c58","status":"failed","statusDetails":"selenium.common.exceptions.NoSuchElementException: Message: no such element: Unable to locate element: {\"method\":\"css selector\",\"selector\":\"[id=\"ContentPlaceHolderDefault_ctl13_nptLLPG2_25_addresslookup_txtTmpPostcode\"]\"}\n  (Session info: chrome-headless-shell=120.0.6099.71); For documentation on this error, please visit: https://www.selenium.dev/documentation/webdriver/troubleshooting/errors#no-such-element-exception\nStacktrace:\n#0 0x557126b8dd33 <unknown>\n#1 0x55712684af87 <unknown>\n#2 0x55712689ac0e <unknown>\n#3 0x55712689ad11 <unknown>\n#4 0x5571268e6004 <unknown>\n#5 0x5571268c436d <unknown>\n#6 0x5571268e3297 <unknown>\n#7 0x5571268c40e3 <unknown>\n#8 0x55712688c044 <unknown>\n#9 0x55712688d44e <unknown>\n#10 0x557126b52861 <unknown>\n#11 0x557126b56785 <unknown>\n#12 0x557126b40285 <unknown>\n#13 0x557126b5741f <unknown>\n#14 0x557126b2420f <unknown>\n#15 0x557126b7b028 <unknown>\n#16 0x557126b7b1f7 <unknown>\n#17 0x557126b8ced4 <unknown>\n#18 0x7f2f65894ac3 <unknown>","time":{"start":1702657173068,"stop":1702657178128,"duration":5060}},{"uid":"70b02a313425f21c","reportUrl":"https://robbrad.github.io/UKBinCollectionData/3.11/1248//#testresult/70b02a313425f21c","status":"failed","statusDetails":"selenium.common.exceptions.ElementClickInterceptedException: Message: element click intercepted: Element is not clickable at point (589, 636)\n  (Session info: chrome-headless-shell=120.0.6099.71)\nStacktrace:\n#0 0x5573b9af5d33 <unknown>\n#1 0x5573b97b2f87 <unknown>\n#2 0x5573b980b002 <unknown>\n#3 0x5573b9808a64 <unknown>\n#4 0x5573b9805b04 <unknown>\n#5 0x5573b9804729 <unknown>\n#6 0x5573b97f6583 <unknown>\n#7 0x5573b982c342 <unknown>\n#8 0x5573b97f5db9 <unknown>\n#9 0x5573b982c75e <unknown>\n#10 0x5573b984b297 <unknown>\n#11 0x5573b982c0e3 <unknown>\n#12 0x5573b97f4044 <unknown>\n#13 0x5573b97f544e <unknown>\n#14 0x5573b9aba861 <unknown>\n#15 0x5573b9abe785 <unknown>\n#16 0x5573b9aa8285 <unknown>\n#17 0x5573b9abf41f <unknown>\n#18 0x5573b9a8c20f <unknown>\n#19 0x5573b9ae3028 <unknown>\n#20 0x5573b9ae31f7 <unknown>\n#21 0x5573b9af4ed4 <unknown>\n#22 0x7fc74fe94ac3 <unknown>","time":{"start":1702657194116,"stop":1702657198290,"duration":4174}},{"uid":"a496d0ee9c6f3bcd","reportUrl":"https://robbrad.github.io/UKBinCollectionData/3.11/1244//#testresult/a496d0ee9c6f3bcd","status":"failed","statusDetails":"selenium.common.exceptions.NoSuchElementException: Message: no such element: Unable to locate element: {\"method\":\"css selector\",\"selector\":\"[id=\"ContentPlaceHolderDefault_ctl13_nptLLPG2_25_addresslookup_txtTmpPostcode\"]\"}\n  (Session info: chrome-headless-shell=120.0.6099.71); For documentation on this error, please visit: https://www.selenium.dev/documentation/webdriver/troubleshooting/errors#no-such-element-exception\nStacktrace:\n#0 0x5607966b2d33 <unknown>\n#1 0x56079636ff87 <unknown>\n#2 0x5607963bfc0e <unknown>\n#3 0x5607963bfd11 <unknown>\n#4 0x56079640b004 <unknown>\n#5 0x5607963e936d <unknown>\n#6 0x560796408297 <unknown>\n#7 0x5607963e90e3 <unknown>\n#8 0x5607963b1044 <unknown>\n#9 0x5607963b244e <unknown>\n#10 0x560796677861 <unknown>\n#11 0x56079667b785 <unknown>\n#12 0x560796665285 <unknown>\n#13 0x56079667c41f <unknown>\n#14 0x56079664920f <unknown>\n#15 0x5607966a0028 <unknown>\n#16 0x5607966a01f7 <unknown>\n#17 0x5607966b1ed4 <unknown>\n#18 0x7f8b48a94ac3 <unknown>","time":{"start":1702603219769,"stop":1702603229969,"duration":10200}},{"uid":"173ce75b890038ce","reportUrl":"https://robbrad.github.io/UKBinCollectionData/3.11/1243//#testresult/173ce75b890038ce","status":"failed","statusDetails":"selenium.common.exceptions.ElementClickInterceptedException: Message: element click intercepted: Element is not clickable at point (589, 642)\n  (Session info: headless chrome=119.0.6045.199)\nStacktrace:\n#0 0x564093af65e3 <unknown>\n#1 0x5640937b90b7 <unknown>\n#2 0x56409380ecfc <unknown>\n#3 0x56409380c65f <unknown>\n#4 0x564093809be4 <unknown>\n#5 0x564093808934 <unknown>\n#6 0x5640937fb1a0 <unknown>\n#7 0x56409382def2 <unknown>\n#8 0x5640937faa02 <unknown>\n#9 0x56409382e0be <unknown>\n#10 0x564093849b3d <unknown>\n#11 0x56409382dcc3 <unknown>\n#12 0x5640937f90e4 <unknown>\n#13 0x5640937fa0ae <unknown>\n#14 0x564093abcce1 <unknown>\n#15 0x564093ac0b7e <unknown>\n#16 0x564093aaa4b5 <unknown>\n#17 0x564093ac17d6 <unknown>\n#18 0x564093a8ddbf <unknown>\n#19 0x564093ae4748 <unknown>\n#20 0x564093ae4917 <unknown>\n#21 0x564093af5773 <unknown>\n#22 0x7fdcd7094ac3 <unknown>","time":{"start":1702540069567,"stop":1702540073527,"duration":3960}},{"uid":"3bf355dd0ee14bbd","reportUrl":"https://robbrad.github.io/UKBinCollectionData/3.11/1241//#testresult/3bf355dd0ee14bbd","status":"failed","statusDetails":"selenium.common.exceptions.NoSuchElementException: Message: no such element: Unable to locate element: {\"method\":\"css selector\",\"selector\":\"[id=\"ContentPlaceHolderDefault_ctl13_nptLLPG2_25_addresslookup_txtTmpPostcode\"]\"}\n  (Session info: headless chrome=119.0.6045.199); For documentation on this error, please visit: https://www.selenium.dev/documentation/webdriver/troubleshooting/errors#no-such-element-exception\nStacktrace:\n#0 0x55747651b5e3 <unknown>\n#1 0x5574761de0b7 <unknown>\n#2 0x55747622bf53 <unknown>\n#3 0x55747622c051 <unknown>\n#4 0x5574762719c4 <unknown>\n#5 0x557476252f1d <unknown>\n#6 0x55747626eb3d <unknown>\n#7 0x557476252cc3 <unknown>\n#8 0x55747621e0e4 <unknown>\n#9 0x55747621f0ae <unknown>\n#10 0x5574764e1ce1 <unknown>\n#11 0x5574764e5b7e <unknown>\n#12 0x5574764cf4b5 <unknown>\n#13 0x5574764e67d6 <unknown>\n#14 0x5574764b2dbf <unknown>\n#15 0x557476509748 <unknown>\n#16 0x557476509917 <unknown>\n#17 0x55747651a773 <unknown>\n#18 0x7fab7f494ac3 <unknown>","time":{"start":1702516713922,"stop":1702516717918,"duration":3996}}]},"tags":[]},"source":"8eb5677ee8311050.json","parameterValues":["NeathPortTalbotCouncil","local","http://selenium:4444"]}