{"uid":"f670db15c3558d34","name":"Validate Council Output [NeathPortTalbotCouncil]","fullName":"features/validate_council_outputs.feature:Validate Council Output","historyId":"6a7795e00df27bb2a2723cbd96dd78a1","time":{"start":1723853758671,"stop":1723853818496,"duration":59825},"status":"failed","statusMessage":"selenium.common.exceptions.NoSuchElementException: Message: no such element: Unable to locate element: {\"method\":\"css selector\",\"selector\":\"[id=\"ContentPlaceHolderDefault_ctl13_nptLLPG2_25_addresslookup_txtTmpPostcode\"]\"}\n  (Session info: chrome-headless-shell=127.0.6533.99); For documentation on this error, please visit: https://www.selenium.dev/documentation/webdriver/troubleshooting/errors#no-such-element-exception\nStacktrace:\n#0 0x55c436e796aa <unknown>\n#1 0x55c436b4a600 <unknown>\n#2 0x55c436b99bcb <unknown>\n#3 0x55c436b99eb1 <unknown>\n#4 0x55c436bddb24 <unknown>\n#5 0x55c436bbc8cd <unknown>\n#6 0x55c436bdb04a <unknown>\n#7 0x55c436bbc643 <unknown>\n#8 0x55c436b8cd31 <unknown>\n#9 0x55c436b8d79e <unknown>\n#10 0x55c436e4123b <unknown>\n#11 0x55c436e451d2 <unknown>\n#12 0x55c436e2e5f5 <unknown>\n#13 0x55c436e45d62 <unknown>\n#14 0x55c436e1323f <unknown>\n#15 0x55c436e68e48 <unknown>\n#16 0x55c436e69020 <unknown>\n#17 0x55c436e7847c <unknown>\n#18 0x7f5cc9d40a94 <unknown>\n#19 0x7f5cc9dcda34 __clone","statusTrace":"fixturefunc = <function scrape_step at 0x7f6722129ee0>\nrequest = <FixtureRequest for <Function test_scenario_outline[NeathPortTalbotCouncil]>>\nkwargs = {'context': <test_validate_council.Context object at 0x7f6722e38770>, 'headless_mode': 'True', 'local_browser': 'False', 'selenium_url': 'http://localhost:4444'}\n\n    def call_fixture_func(\n        fixturefunc: _FixtureFunc[FixtureValue], request: FixtureRequest, kwargs\n    ) -> FixtureValue:\n        if is_generator(fixturefunc):\n            fixturefunc = cast(\n                Callable[..., Generator[FixtureValue, None, None]], fixturefunc\n            )\n            generator = fixturefunc(**kwargs)\n            try:\n                fixture_result = next(generator)\n            except StopIteration:\n                raise ValueError(f\"{request.fixturename} did not yield a value\") from None\n            finalizer = functools.partial(_teardown_yield_fixture, fixturefunc, generator)\n            request.addfinalizer(finalizer)\n        else:\n            fixturefunc = cast(Callable[..., FixtureValue], fixturefunc)\n>           fixture_result = fixturefunc(**kwargs)\n\n../../../.cache/pypoetry/virtualenvs/uk-bin-collection-EwS6Gn8s-py3.12/lib/python3.12/site-packages/_pytest/fixtures.py:897: \n_ _ _ _ _ _ _ _ _ _ _ _ _ _ _ _ _ _ _ _ _ _ _ _ _ _ _ _ _ _ _ _ _ _ _ _ _ _ _ _ \nuk_bin_collection/tests/step_defs/test_validate_council.py:100: in scrape_step\n    context.parse_result = CollectData.run()\nuk_bin_collection/uk_bin_collection/collect_data.py:101: in run\n    return self.client_code(\nuk_bin_collection/uk_bin_collection/collect_data.py:121: in client_code\n    return get_bin_data_class.template_method(address_url, **kwargs)\nuk_bin_collection/uk_bin_collection/get_bin_data.py:61: in template_method\n    bin_data_dict = self.get_and_parse_data(this_url, **kwargs)\nuk_bin_collection/uk_bin_collection/get_bin_data.py:84: in get_and_parse_data\n    bin_data_dict = self.parse_data(\"\", url=address_url, **kwargs)\nuk_bin_collection/uk_bin_collection/councils/NeathPortTalbotCouncil.py:43: in parse_data\n    inputElement_postcode = driver.find_element(\n../../../.cache/pypoetry/virtualenvs/uk-bin-collection-EwS6Gn8s-py3.12/lib/python3.12/site-packages/selenium/webdriver/remote/webdriver.py:748: in find_element\n    return self.execute(Command.FIND_ELEMENT, {\"using\": by, \"value\": value})[\"value\"]\n../../../.cache/pypoetry/virtualenvs/uk-bin-collection-EwS6Gn8s-py3.12/lib/python3.12/site-packages/selenium/webdriver/remote/webdriver.py:354: in execute\n    self.error_handler.check_response(response)\n_ _ _ _ _ _ _ _ _ _ _ _ _ _ _ _ _ _ _ _ _ _ _ _ _ _ _ _ _ _ _ _ _ _ _ _ _ _ _ _ \n\nself = <selenium.webdriver.remote.errorhandler.ErrorHandler object at 0x7f6735713620>\nresponse = {'status': 404, 'value': '{\"value\":{\"error\":\"no such element\",\"message\":\"no such element: Unable to locate element: {\\...unknown>\\\\n#17 0x55c436e7847c \\\\u003Cunknown>\\\\n#18 0x7f5cc9d40a94 \\\\u003Cunknown>\\\\n#19 0x7f5cc9dcda34 __clone\\\\n\"}}'}\n\n    def check_response(self, response: Dict[str, Any]) -> None:\n        \"\"\"Checks that a JSON response from the WebDriver does not have an\n        error.\n    \n        :Args:\n         - response - The JSON response from the WebDriver server as a dictionary\n           object.\n    \n        :Raises: If the response contains an error message.\n        \"\"\"\n        status = response.get(\"status\", None)\n        if not status or status == ErrorCode.SUCCESS:\n            return\n        value = None\n        message = response.get(\"message\", \"\")\n        screen: str = response.get(\"screen\", \"\")\n        stacktrace = None\n        if isinstance(status, int):\n            value_json = response.get(\"value\", None)\n            if value_json and isinstance(value_json, str):\n                import json\n    \n                try:\n                    value = json.loads(value_json)\n                    if len(value) == 1:\n                        value = value[\"value\"]\n                    status = value.get(\"error\", None)\n                    if not status:\n                        status = value.get(\"status\", ErrorCode.UNKNOWN_ERROR)\n                        message = value.get(\"value\") or value.get(\"message\")\n                        if not isinstance(message, str):\n                            value = message\n                            message = message.get(\"message\")\n                    else:\n                        message = value.get(\"message\", None)\n                except ValueError:\n                    pass\n    \n        exception_class: Type[WebDriverException]\n        e = ErrorCode()\n        error_codes = [item for item in dir(e) if not item.startswith(\"__\")]\n        for error_code in error_codes:\n            error_info = getattr(ErrorCode, error_code)\n            if isinstance(error_info, list) and status in error_info:\n                exception_class = getattr(ExceptionMapping, error_code, WebDriverException)\n                break\n        else:\n            exception_class = WebDriverException\n    \n        if not value:\n            value = response[\"value\"]\n        if isinstance(value, str):\n            raise exception_class(value)\n        if message == \"\" and \"message\" in value:\n            message = value[\"message\"]\n    \n        screen = None  # type: ignore[assignment]\n        if \"screen\" in value:\n            screen = value[\"screen\"]\n    \n        stacktrace = None\n        st_value = value.get(\"stackTrace\") or value.get(\"stacktrace\")\n        if st_value:\n            if isinstance(st_value, str):\n                stacktrace = st_value.split(\"\\n\")\n            else:\n                stacktrace = []\n                try:\n                    for frame in st_value:\n                        line = frame.get(\"lineNumber\", \"\")\n                        file = frame.get(\"fileName\", \"<anonymous>\")\n                        if line:\n                            file = f\"{file}:{line}\"\n                        meth = frame.get(\"methodName\", \"<anonymous>\")\n                        if \"className\" in frame:\n                            meth = f\"{frame['className']}.{meth}\"\n                        msg = \"    at %s (%s)\"\n                        msg = msg % (meth, file)\n                        stacktrace.append(msg)\n                except TypeError:\n                    pass\n        if exception_class == UnexpectedAlertPresentException:\n            alert_text = None\n            if \"data\" in value:\n                alert_text = value[\"data\"].get(\"text\")\n            elif \"alert\" in value:\n                alert_text = value[\"alert\"].get(\"text\")\n            raise exception_class(message, screen, stacktrace, alert_text)  # type: ignore[call-arg]  # mypy is not smart enough here\n>       raise exception_class(message, screen, stacktrace)\nE       selenium.common.exceptions.NoSuchElementException: Message: no such element: Unable to locate element: {\"method\":\"css selector\",\"selector\":\"[id=\"ContentPlaceHolderDefault_ctl13_nptLLPG2_25_addresslookup_txtTmpPostcode\"]\"}\nE         (Session info: chrome-headless-shell=127.0.6533.99); For documentation on this error, please visit: https://www.selenium.dev/documentation/webdriver/troubleshooting/errors#no-such-element-exception\nE       Stacktrace:\nE       #0 0x55c436e796aa <unknown>\nE       #1 0x55c436b4a600 <unknown>\nE       #2 0x55c436b99bcb <unknown>\nE       #3 0x55c436b99eb1 <unknown>\nE       #4 0x55c436bddb24 <unknown>\nE       #5 0x55c436bbc8cd <unknown>\nE       #6 0x55c436bdb04a <unknown>\nE       #7 0x55c436bbc643 <unknown>\nE       #8 0x55c436b8cd31 <unknown>\nE       #9 0x55c436b8d79e <unknown>\nE       #10 0x55c436e4123b <unknown>\nE       #11 0x55c436e451d2 <unknown>\nE       #12 0x55c436e2e5f5 <unknown>\nE       #13 0x55c436e45d62 <unknown>\nE       #14 0x55c436e1323f <unknown>\nE       #15 0x55c436e68e48 <unknown>\nE       #16 0x55c436e69020 <unknown>\nE       #17 0x55c436e7847c <unknown>\nE       #18 0x7f5cc9d40a94 <unknown>\nE       #19 0x7f5cc9dcda34 __clone\n\n../../../.cache/pypoetry/virtualenvs/uk-bin-collection-EwS6Gn8s-py3.12/lib/python3.12/site-packages/selenium/webdriver/remote/errorhandler.py:229: NoSuchElementException","flaky":false,"newFailed":false,"newBroken":false,"newPassed":false,"retriesCount":0,"retriesStatusChange":false,"beforeStages":[],"testStage":{"status":"failed","statusMessage":"selenium.common.exceptions.NoSuchElementException: Message: no such element: Unable to locate element: {\"method\":\"css selector\",\"selector\":\"[id=\"ContentPlaceHolderDefault_ctl13_nptLLPG2_25_addresslookup_txtTmpPostcode\"]\"}\n  (Session info: chrome-headless-shell=127.0.6533.99); For documentation on this error, please visit: https://www.selenium.dev/documentation/webdriver/troubleshooting/errors#no-such-element-exception\nStacktrace:\n#0 0x55c436e796aa <unknown>\n#1 0x55c436b4a600 <unknown>\n#2 0x55c436b99bcb <unknown>\n#3 0x55c436b99eb1 <unknown>\n#4 0x55c436bddb24 <unknown>\n#5 0x55c436bbc8cd <unknown>\n#6 0x55c436bdb04a <unknown>\n#7 0x55c436bbc643 <unknown>\n#8 0x55c436b8cd31 <unknown>\n#9 0x55c436b8d79e <unknown>\n#10 0x55c436e4123b <unknown>\n#11 0x55c436e451d2 <unknown>\n#12 0x55c436e2e5f5 <unknown>\n#13 0x55c436e45d62 <unknown>\n#14 0x55c436e1323f <unknown>\n#15 0x55c436e68e48 <unknown>\n#16 0x55c436e69020 <unknown>\n#17 0x55c436e7847c <unknown>\n#18 0x7f5cc9d40a94 <unknown>\n#19 0x7f5cc9dcda34 __clone","statusTrace":"fixturefunc = <function scrape_step at 0x7f6722129ee0>\nrequest = <FixtureRequest for <Function test_scenario_outline[NeathPortTalbotCouncil]>>\nkwargs = {'context': <test_validate_council.Context object at 0x7f6722e38770>, 'headless_mode': 'True', 'local_browser': 'False', 'selenium_url': 'http://localhost:4444'}\n\n    def call_fixture_func(\n        fixturefunc: _FixtureFunc[FixtureValue], request: FixtureRequest, kwargs\n    ) -> FixtureValue:\n        if is_generator(fixturefunc):\n            fixturefunc = cast(\n                Callable[..., Generator[FixtureValue, None, None]], fixturefunc\n            )\n            generator = fixturefunc(**kwargs)\n            try:\n                fixture_result = next(generator)\n            except StopIteration:\n                raise ValueError(f\"{request.fixturename} did not yield a value\") from None\n            finalizer = functools.partial(_teardown_yield_fixture, fixturefunc, generator)\n            request.addfinalizer(finalizer)\n        else:\n            fixturefunc = cast(Callable[..., FixtureValue], fixturefunc)\n>           fixture_result = fixturefunc(**kwargs)\n\n../../../.cache/pypoetry/virtualenvs/uk-bin-collection-EwS6Gn8s-py3.12/lib/python3.12/site-packages/_pytest/fixtures.py:897: \n_ _ _ _ _ _ _ _ _ _ _ _ _ _ _ _ _ _ _ _ _ _ _ _ _ _ _ _ _ _ _ _ _ _ _ _ _ _ _ _ \nuk_bin_collection/tests/step_defs/test_validate_council.py:100: in scrape_step\n    context.parse_result = CollectData.run()\nuk_bin_collection/uk_bin_collection/collect_data.py:101: in run\n    return self.client_code(\nuk_bin_collection/uk_bin_collection/collect_data.py:121: in client_code\n    return get_bin_data_class.template_method(address_url, **kwargs)\nuk_bin_collection/uk_bin_collection/get_bin_data.py:61: in template_method\n    bin_data_dict = self.get_and_parse_data(this_url, **kwargs)\nuk_bin_collection/uk_bin_collection/get_bin_data.py:84: in get_and_parse_data\n    bin_data_dict = self.parse_data(\"\", url=address_url, **kwargs)\nuk_bin_collection/uk_bin_collection/councils/NeathPortTalbotCouncil.py:43: in parse_data\n    inputElement_postcode = driver.find_element(\n../../../.cache/pypoetry/virtualenvs/uk-bin-collection-EwS6Gn8s-py3.12/lib/python3.12/site-packages/selenium/webdriver/remote/webdriver.py:748: in find_element\n    return self.execute(Command.FIND_ELEMENT, {\"using\": by, \"value\": value})[\"value\"]\n../../../.cache/pypoetry/virtualenvs/uk-bin-collection-EwS6Gn8s-py3.12/lib/python3.12/site-packages/selenium/webdriver/remote/webdriver.py:354: in execute\n    self.error_handler.check_response(response)\n_ _ _ _ _ _ _ _ _ _ _ _ _ _ _ _ _ _ _ _ _ _ _ _ _ _ _ _ _ _ _ _ _ _ _ _ _ _ _ _ \n\nself = <selenium.webdriver.remote.errorhandler.ErrorHandler object at 0x7f6735713620>\nresponse = {'status': 404, 'value': '{\"value\":{\"error\":\"no such element\",\"message\":\"no such element: Unable to locate element: {\\...unknown>\\\\n#17 0x55c436e7847c \\\\u003Cunknown>\\\\n#18 0x7f5cc9d40a94 \\\\u003Cunknown>\\\\n#19 0x7f5cc9dcda34 __clone\\\\n\"}}'}\n\n    def check_response(self, response: Dict[str, Any]) -> None:\n        \"\"\"Checks that a JSON response from the WebDriver does not have an\n        error.\n    \n        :Args:\n         - response - The JSON response from the WebDriver server as a dictionary\n           object.\n    \n        :Raises: If the response contains an error message.\n        \"\"\"\n        status = response.get(\"status\", None)\n        if not status or status == ErrorCode.SUCCESS:\n            return\n        value = None\n        message = response.get(\"message\", \"\")\n        screen: str = response.get(\"screen\", \"\")\n        stacktrace = None\n        if isinstance(status, int):\n            value_json = response.get(\"value\", None)\n            if value_json and isinstance(value_json, str):\n                import json\n    \n                try:\n                    value = json.loads(value_json)\n                    if len(value) == 1:\n                        value = value[\"value\"]\n                    status = value.get(\"error\", None)\n                    if not status:\n                        status = value.get(\"status\", ErrorCode.UNKNOWN_ERROR)\n                        message = value.get(\"value\") or value.get(\"message\")\n                        if not isinstance(message, str):\n                            value = message\n                            message = message.get(\"message\")\n                    else:\n                        message = value.get(\"message\", None)\n                except ValueError:\n                    pass\n    \n        exception_class: Type[WebDriverException]\n        e = ErrorCode()\n        error_codes = [item for item in dir(e) if not item.startswith(\"__\")]\n        for error_code in error_codes:\n            error_info = getattr(ErrorCode, error_code)\n            if isinstance(error_info, list) and status in error_info:\n                exception_class = getattr(ExceptionMapping, error_code, WebDriverException)\n                break\n        else:\n            exception_class = WebDriverException\n    \n        if not value:\n            value = response[\"value\"]\n        if isinstance(value, str):\n            raise exception_class(value)\n        if message == \"\" and \"message\" in value:\n            message = value[\"message\"]\n    \n        screen = None  # type: ignore[assignment]\n        if \"screen\" in value:\n            screen = value[\"screen\"]\n    \n        stacktrace = None\n        st_value = value.get(\"stackTrace\") or value.get(\"stacktrace\")\n        if st_value:\n            if isinstance(st_value, str):\n                stacktrace = st_value.split(\"\\n\")\n            else:\n                stacktrace = []\n                try:\n                    for frame in st_value:\n                        line = frame.get(\"lineNumber\", \"\")\n                        file = frame.get(\"fileName\", \"<anonymous>\")\n                        if line:\n                            file = f\"{file}:{line}\"\n                        meth = frame.get(\"methodName\", \"<anonymous>\")\n                        if \"className\" in frame:\n                            meth = f\"{frame['className']}.{meth}\"\n                        msg = \"    at %s (%s)\"\n                        msg = msg % (meth, file)\n                        stacktrace.append(msg)\n                except TypeError:\n                    pass\n        if exception_class == UnexpectedAlertPresentException:\n            alert_text = None\n            if \"data\" in value:\n                alert_text = value[\"data\"].get(\"text\")\n            elif \"alert\" in value:\n                alert_text = value[\"alert\"].get(\"text\")\n            raise exception_class(message, screen, stacktrace, alert_text)  # type: ignore[call-arg]  # mypy is not smart enough here\n>       raise exception_class(message, screen, stacktrace)\nE       selenium.common.exceptions.NoSuchElementException: Message: no such element: Unable to locate element: {\"method\":\"css selector\",\"selector\":\"[id=\"ContentPlaceHolderDefault_ctl13_nptLLPG2_25_addresslookup_txtTmpPostcode\"]\"}\nE         (Session info: chrome-headless-shell=127.0.6533.99); For documentation on this error, please visit: https://www.selenium.dev/documentation/webdriver/troubleshooting/errors#no-such-element-exception\nE       Stacktrace:\nE       #0 0x55c436e796aa <unknown>\nE       #1 0x55c436b4a600 <unknown>\nE       #2 0x55c436b99bcb <unknown>\nE       #3 0x55c436b99eb1 <unknown>\nE       #4 0x55c436bddb24 <unknown>\nE       #5 0x55c436bbc8cd <unknown>\nE       #6 0x55c436bdb04a <unknown>\nE       #7 0x55c436bbc643 <unknown>\nE       #8 0x55c436b8cd31 <unknown>\nE       #9 0x55c436b8d79e <unknown>\nE       #10 0x55c436e4123b <unknown>\nE       #11 0x55c436e451d2 <unknown>\nE       #12 0x55c436e2e5f5 <unknown>\nE       #13 0x55c436e45d62 <unknown>\nE       #14 0x55c436e1323f <unknown>\nE       #15 0x55c436e68e48 <unknown>\nE       #16 0x55c436e69020 <unknown>\nE       #17 0x55c436e7847c <unknown>\nE       #18 0x7f5cc9d40a94 <unknown>\nE       #19 0x7f5cc9dcda34 __clone\n\n../../../.cache/pypoetry/virtualenvs/uk-bin-collection-EwS6Gn8s-py3.12/lib/python3.12/site-packages/selenium/webdriver/remote/errorhandler.py:229: NoSuchElementException","steps":[{"name":"Given the council","time":{"start":1723853758671,"stop":1723853758671,"duration":0},"status":"passed","steps":[],"attachments":[],"parameters":[],"shouldDisplayMessage":false,"stepsCount":0,"attachmentsCount":0,"hasContent":false,"attachmentStep":false},{"name":"When we scrape the data from the council","time":{"start":1723853758671,"stop":1723853818496,"duration":59825},"status":"failed","statusMessage":"Message: no such element: Unable to locate element: {\"method\":\"css selector\",\"selector\":\"[id=\"ContentPlaceHolderDefault_ctl13_nptLLPG2_25_addresslookup_txtTmpPostcode\"]\"}\n  (Session info: chrome-headless-shell=127.0.6533.99); For documentation on this error, please visit: https://www.selenium.dev/documentation/webdriver/troubleshooting/errors#no-such-element-exception\nStacktrace:\n#0 0x55c436e796aa <unknown>\n#1 0x55c436b4a600 <unknown>\n#2 0x55c436b99bcb <unknown>\n#3 0x55c436b99eb1 <unknown>\n#4 0x55c436bddb24 <unknown>\n#5 0x55c436bbc8cd <unknown>\n#6 0x55c436bdb04a <unknown>\n#7 0x55c436bbc643 <unknown>\n#8 0x55c436b8cd31 <unknown>\n#9 0x55c436b8d79e <unknown>\n#10 0x55c436e4123b <unknown>\n#11 0x55c436e451d2 <unknown>\n#12 0x55c436e2e5f5 <unknown>\n#13 0x55c436e45d62 <unknown>\n#14 0x55c436e1323f <unknown>\n#15 0x55c436e68e48 <unknown>\n#16 0x55c436e69020 <unknown>\n#17 0x55c436e7847c <unknown>\n#18 0x7f5cc9d40a94 <unknown>\n#19 0x7f5cc9dcda34 __clone\n","statusTrace":"selenium.common.exceptions.NoSuchElementException: Message: no such element: Unable to locate element: {\"method\":\"css selector\",\"selector\":\"[id=\"ContentPlaceHolderDefault_ctl13_nptLLPG2_25_addresslookup_txtTmpPostcode\"]\"}\n  (Session info: chrome-headless-shell=127.0.6533.99); For documentation on this error, please visit: https://www.selenium.dev/documentation/webdriver/troubleshooting/errors#no-such-element-exception\nStacktrace:\n#0 0x55c436e796aa <unknown>\n#1 0x55c436b4a600 <unknown>\n#2 0x55c436b99bcb <unknown>\n#3 0x55c436b99eb1 <unknown>\n#4 0x55c436bddb24 <unknown>\n#5 0x55c436bbc8cd <unknown>\n#6 0x55c436bdb04a <unknown>\n#7 0x55c436bbc643 <unknown>\n#8 0x55c436b8cd31 <unknown>\n#9 0x55c436b8d79e <unknown>\n#10 0x55c436e4123b <unknown>\n#11 0x55c436e451d2 <unknown>\n#12 0x55c436e2e5f5 <unknown>\n#13 0x55c436e45d62 <unknown>\n#14 0x55c436e1323f <unknown>\n#15 0x55c436e68e48 <unknown>\n#16 0x55c436e69020 <unknown>\n#17 0x55c436e7847c <unknown>\n#18 0x7f5cc9d40a94 <unknown>\n#19 0x7f5cc9dcda34 __clone\n\n","steps":[],"attachments":[],"parameters":[],"shouldDisplayMessage":true,"stepsCount":0,"attachmentsCount":0,"hasContent":true,"attachmentStep":false}],"attachments":[{"uid":"6b29571a4a80c522","name":"stdout","source":"6b29571a4a80c522.txt","type":"text/plain","size":1020}],"parameters":[],"shouldDisplayMessage":true,"stepsCount":2,"attachmentsCount":1,"hasContent":true,"attachmentStep":false},"afterStages":[],"labels":[{"name":"host","value":"fv-az842-428"},{"name":"thread","value":"2783-MainThread"},{"name":"framework","value":"pytest-bdd"},{"name":"language","value":"cpython3"},{"name":"feature","value":"Test each council output matches expected results"},{"name":"resultFormat","value":"allure2"}],"parameters":[{"name":"council","value":"NeathPortTalbotCouncil"}],"links":[],"hidden":false,"retry":false,"extra":{"severity":"normal","retries":[],"categories":[{"name":"Product defects","matchedStatuses":[],"flaky":false}],"history":{"statistic":{"failed":100,"broken":0,"skipped":0,"passed":0,"unknown":0,"total":100},"items":[{"uid":"759af723eab99bce","reportUrl":"https://robbrad.github.io/UKBinCollectionData/3.12/2028//#testresult/759af723eab99bce","status":"failed","statusDetails":"selenium.common.exceptions.NoSuchElementException: Message: no such element: Unable to locate element: {\"method\":\"css selector\",\"selector\":\"[id=\"ContentPlaceHolderDefault_ctl13_nptLLPG2_25_addresslookup_txtTmpPostcode\"]\"}\n  (Session info: chrome-headless-shell=127.0.6533.99); For documentation on this error, please visit: https://www.selenium.dev/documentation/webdriver/troubleshooting/errors#no-such-element-exception\nStacktrace:\n#0 0x55b01a5576aa <unknown>\n#1 0x55b01a228600 <unknown>\n#2 0x55b01a277bcb <unknown>\n#3 0x55b01a277eb1 <unknown>\n#4 0x55b01a2bbb24 <unknown>\n#5 0x55b01a29a8cd <unknown>\n#6 0x55b01a2b904a <unknown>\n#7 0x55b01a29a643 <unknown>\n#8 0x55b01a26ad31 <unknown>\n#9 0x55b01a26b79e <unknown>\n#10 0x55b01a51f23b <unknown>\n#11 0x55b01a5231d2 <unknown>\n#12 0x55b01a50c5f5 <unknown>\n#13 0x55b01a523d62 <unknown>\n#14 0x55b01a4f123f <unknown>\n#15 0x55b01a546e48 <unknown>\n#16 0x55b01a547020 <unknown>\n#17 0x55b01a55647c <unknown>\n#18 0x7f0bdf5f6a94 <unknown>\n#19 0x7f0bdf683a34 __clone","time":{"start":1723767259415,"stop":1723767283102,"duration":23687}},{"uid":"3fdb787f7cca7669","reportUrl":"https://robbrad.github.io/UKBinCollectionData/3.12/2027//#testresult/3fdb787f7cca7669","status":"failed","statusDetails":"selenium.common.exceptions.NoSuchElementException: Message: no such element: Unable to locate element: {\"method\":\"css selector\",\"selector\":\"[id=\"ContentPlaceHolderDefault_ctl13_nptLLPG2_25_addresslookup_txtTmpPostcode\"]\"}\n  (Session info: chrome-headless-shell=127.0.6533.99); For documentation on this error, please visit: https://www.selenium.dev/documentation/webdriver/troubleshooting/errors#no-such-element-exception\nStacktrace:\n#0 0x562e1ea046aa <unknown>\n#1 0x562e1e6d5600 <unknown>\n#2 0x562e1e724bcb <unknown>\n#3 0x562e1e724eb1 <unknown>\n#4 0x562e1e768b24 <unknown>\n#5 0x562e1e7478cd <unknown>\n#6 0x562e1e76604a <unknown>\n#7 0x562e1e747643 <unknown>\n#8 0x562e1e717d31 <unknown>\n#9 0x562e1e71879e <unknown>\n#10 0x562e1e9cc23b <unknown>\n#11 0x562e1e9d01d2 <unknown>\n#12 0x562e1e9b95f5 <unknown>\n#13 0x562e1e9d0d62 <unknown>\n#14 0x562e1e99e23f <unknown>\n#15 0x562e1e9f3e48 <unknown>\n#16 0x562e1e9f4020 <unknown>\n#17 0x562e1ea0347c <unknown>\n#18 0x7f1abc851a94 <unknown>\n#19 0x7f1abc8dea34 __clone","time":{"start":1723680521939,"stop":1723680546610,"duration":24671}},{"uid":"c098770b70a76908","reportUrl":"https://robbrad.github.io/UKBinCollectionData/3.12/2026//#testresult/c098770b70a76908","status":"failed","statusDetails":"selenium.common.exceptions.ElementClickInterceptedException: Message: element click intercepted: Element is not clickable at point (589, 636)\n  (Session info: chrome-headless-shell=127.0.6533.99)\nStacktrace:\n#0 0x55d6eeebb6aa <unknown>\n#1 0x55d6eeb8c600 <unknown>\n#2 0x55d6eebe28e6 <unknown>\n#3 0x55d6eebe07f6 <unknown>\n#4 0x55d6eebde277 <unknown>\n#5 0x55d6eebdd11c <unknown>\n#6 0x55d6eebd0be6 <unknown>\n#7 0x55d6eebfe8a2 <unknown>\n#8 0x55d6eebd0599 <unknown>\n#9 0x55d6eebfea6e <unknown>\n#10 0x55d6eec1d04a <unknown>\n#11 0x55d6eebfe643 <unknown>\n#12 0x55d6eebced31 <unknown>\n#13 0x55d6eebcf79e <unknown>\n#14 0x55d6eee8323b <unknown>\n#15 0x55d6eee871d2 <unknown>\n#16 0x55d6eee705f5 <unknown>\n#17 0x55d6eee87d62 <unknown>\n#18 0x55d6eee5523f <unknown>\n#19 0x55d6eeeaae48 <unknown>\n#20 0x55d6eeeab020 <unknown>\n#21 0x55d6eeeba47c <unknown>\n#22 0x7f13ca145a94 <unknown>\n#23 0x7f13ca1d2a34 __clone","time":{"start":1723594512536,"stop":1723594597711,"duration":85175}},{"uid":"5ccc6f60679646ac","reportUrl":"https://robbrad.github.io/UKBinCollectionData/3.12/2025//#testresult/5ccc6f60679646ac","status":"failed","statusDetails":"selenium.common.exceptions.NoSuchElementException: Message: no such element: Unable to locate element: {\"method\":\"css selector\",\"selector\":\"[id=\"ContentPlaceHolderDefault_ctl13_nptLLPG2_25_addresslookup_txtTmpPostcode\"]\"}\n  (Session info: chrome-headless-shell=127.0.6533.99); For documentation on this error, please visit: https://www.selenium.dev/documentation/webdriver/troubleshooting/errors#no-such-element-exception\nStacktrace:\n#0 0x55ab7eb726aa <unknown>\n#1 0x55ab7e843600 <unknown>\n#2 0x55ab7e892bcb <unknown>\n#3 0x55ab7e892eb1 <unknown>\n#4 0x55ab7e8d6b24 <unknown>\n#5 0x55ab7e8b58cd <unknown>\n#6 0x55ab7e8d404a <unknown>\n#7 0x55ab7e8b5643 <unknown>\n#8 0x55ab7e885d31 <unknown>\n#9 0x55ab7e88679e <unknown>\n#10 0x55ab7eb3a23b <unknown>\n#11 0x55ab7eb3e1d2 <unknown>\n#12 0x55ab7eb275f5 <unknown>\n#13 0x55ab7eb3ed62 <unknown>\n#14 0x55ab7eb0c23f <unknown>\n#15 0x55ab7eb61e48 <unknown>\n#16 0x55ab7eb62020 <unknown>\n#17 0x55ab7eb7147c <unknown>\n#18 0x7f6aa9c38a94 <unknown>\n#19 0x7f6aa9cc5a34 __clone","time":{"start":1723508343761,"stop":1723508366390,"duration":22629}},{"uid":"91cc3a87497ba0ef","reportUrl":"https://robbrad.github.io/UKBinCollectionData/3.12/2024//#testresult/91cc3a87497ba0ef","status":"failed","statusDetails":"selenium.common.exceptions.NoSuchElementException: Message: no such element: Unable to locate element: {\"method\":\"css selector\",\"selector\":\"[id=\"ContentPlaceHolderDefault_ctl13_nptLLPG2_25_addresslookup_txtTmpPostcode\"]\"}\n  (Session info: chrome-headless-shell=127.0.6533.72); For documentation on this error, please visit: https://www.selenium.dev/documentation/webdriver/troubleshooting/errors#no-such-element-exception\nStacktrace:\n#0 0x55c6826f96ba <unknown>\n#1 0x55c6823c9730 <unknown>\n#2 0x55c682418d9b <unknown>\n#3 0x55c682419081 <unknown>\n#4 0x55c68245ccd4 <unknown>\n#5 0x55c68243ba7d <unknown>\n#6 0x55c68245a1ca <unknown>\n#7 0x55c68243b7f3 <unknown>\n#8 0x55c68240bec9 <unknown>\n#9 0x55c68240c91e <unknown>\n#10 0x55c6826bf9eb <unknown>\n#11 0x55c6826c3972 <unknown>\n#12 0x55c6826ace15 <unknown>\n#13 0x55c6826c4502 <unknown>\n#14 0x55c682691d2f <unknown>\n#15 0x55c6826e8578 <unknown>\n#16 0x55c6826e8750 <unknown>\n#17 0x55c6826f848c <unknown>\n#18 0x7f57a8060a94 <unknown>\n#19 0x7f57a80eda34 __clone","time":{"start":1723421961615,"stop":1723422012553,"duration":50938}},{"uid":"4b7ab3a418d722a4","reportUrl":"https://robbrad.github.io/UKBinCollectionData/3.12/2022//#testresult/4b7ab3a418d722a4","status":"failed","statusDetails":"selenium.common.exceptions.ElementClickInterceptedException: Message: element click intercepted: Element is not clickable at point (589, 618)\n  (Session info: chrome-headless-shell=127.0.6533.72)\nStacktrace:\n#0 0x5596ba6456ba <unknown>\n#1 0x5596ba315730 <unknown>\n#2 0x5596ba36ba96 <unknown>\n#3 0x5596ba3699ad <unknown>\n#4 0x5596ba367447 <unknown>\n#5 0x5596ba36630e <unknown>\n#6 0x5596ba359d66 <unknown>\n#7 0x5596ba387a52 <unknown>\n#8 0x5596ba359719 <unknown>\n#9 0x5596ba387c1e <unknown>\n#10 0x5596ba3a61ca <unknown>\n#11 0x5596ba3877f3 <unknown>\n#12 0x5596ba357ec9 <unknown>\n#13 0x5596ba35891e <unknown>\n#14 0x5596ba60b9eb <unknown>\n#15 0x5596ba60f972 <unknown>\n#16 0x5596ba5f8e15 <unknown>\n#17 0x5596ba610502 <unknown>\n#18 0x5596ba5ddd2f <unknown>\n#19 0x5596ba634578 <unknown>\n#20 0x5596ba634750 <unknown>\n#21 0x5596ba64448c <unknown>\n#22 0x7f24a8942a94 <unknown>\n#23 0x7f24a89cfa34 __clone","time":{"start":1723335608146,"stop":1723335653362,"duration":45216}},{"uid":"5427925363c6904b","reportUrl":"https://robbrad.github.io/UKBinCollectionData/3.12/2020//#testresult/5427925363c6904b","status":"failed","statusDetails":"selenium.common.exceptions.NoSuchElementException: Message: no such element: Unable to locate element: {\"method\":\"css selector\",\"selector\":\"[id=\"ContentPlaceHolderDefault_ctl13_nptLLPG2_25_addresslookup_txtTmpPostcode\"]\"}\n  (Session info: chrome-headless-shell=127.0.6533.72); For documentation on this error, please visit: https://www.selenium.dev/documentation/webdriver/troubleshooting/errors#no-such-element-exception\nStacktrace:\n#0 0x55f60720e6ba <unknown>\n#1 0x55f606ede730 <unknown>\n#2 0x55f606f2dd9b <unknown>\n#3 0x55f606f2e081 <unknown>\n#4 0x55f606f71cd4 <unknown>\n#5 0x55f606f50a7d <unknown>\n#6 0x55f606f6f1ca <unknown>\n#7 0x55f606f507f3 <unknown>\n#8 0x55f606f20ec9 <unknown>\n#9 0x55f606f2191e <unknown>\n#10 0x55f6071d49eb <unknown>\n#11 0x55f6071d8972 <unknown>\n#12 0x55f6071c1e15 <unknown>\n#13 0x55f6071d9502 <unknown>\n#14 0x55f6071a6d2f <unknown>\n#15 0x55f6071fd578 <unknown>\n#16 0x55f6071fd750 <unknown>\n#17 0x55f60720d48c <unknown>\n#18 0x7f3ff9a18a94 <unknown>\n#19 0x7f3ff9aa5a34 __clone","time":{"start":1723249046091,"stop":1723249142676,"duration":96585}},{"uid":"5ff4b39a96984dd0","reportUrl":"https://robbrad.github.io/UKBinCollectionData/3.12/2019//#testresult/5ff4b39a96984dd0","status":"failed","statusDetails":"selenium.common.exceptions.NoSuchElementException: Message: no such element: Unable to locate element: {\"method\":\"css selector\",\"selector\":\"[id=\"ContentPlaceHolderDefault_ctl13_nptLLPG2_25_addresslookup_txtTmpPostcode\"]\"}\n  (Session info: chrome-headless-shell=127.0.6533.72); For documentation on this error, please visit: https://www.selenium.dev/documentation/webdriver/troubleshooting/errors#no-such-element-exception\nStacktrace:\n#0 0x559ea672e6ba <unknown>\n#1 0x559ea63fe730 <unknown>\n#2 0x559ea644dd9b <unknown>\n#3 0x559ea644e081 <unknown>\n#4 0x559ea6491cd4 <unknown>\n#5 0x559ea6470a7d <unknown>\n#6 0x559ea648f1ca <unknown>\n#7 0x559ea64707f3 <unknown>\n#8 0x559ea6440ec9 <unknown>\n#9 0x559ea644191e <unknown>\n#10 0x559ea66f49eb <unknown>\n#11 0x559ea66f8972 <unknown>\n#12 0x559ea66e1e15 <unknown>\n#13 0x559ea66f9502 <unknown>\n#14 0x559ea66c6d2f <unknown>\n#15 0x559ea671d578 <unknown>\n#16 0x559ea671d750 <unknown>\n#17 0x559ea672d48c <unknown>\n#18 0x7f0029298a94 <unknown>\n#19 0x7f0029325a34 __clone","time":{"start":1723162588985,"stop":1723162640909,"duration":51924}},{"uid":"3629ab1f56397c8b","reportUrl":"https://robbrad.github.io/UKBinCollectionData/3.12/2014//#testresult/3629ab1f56397c8b","status":"failed","statusDetails":"selenium.common.exceptions.NoSuchElementException: Message: no such element: Unable to locate element: {\"method\":\"css selector\",\"selector\":\"[id=\"ContentPlaceHolderDefault_ctl13_nptLLPG2_25_addresslookup_txtTmpPostcode\"]\"}\n  (Session info: chrome-headless-shell=127.0.6533.72); For documentation on this error, please visit: https://www.selenium.dev/documentation/webdriver/troubleshooting/errors#no-such-element-exception\nStacktrace:\n#0 0x56400de1c6ba <unknown>\n#1 0x56400daec730 <unknown>\n#2 0x56400db3bd9b <unknown>\n#3 0x56400db3c081 <unknown>\n#4 0x56400db7fcd4 <unknown>\n#5 0x56400db5ea7d <unknown>\n#6 0x56400db7d1ca <unknown>\n#7 0x56400db5e7f3 <unknown>\n#8 0x56400db2eec9 <unknown>\n#9 0x56400db2f91e <unknown>\n#10 0x56400dde29eb <unknown>\n#11 0x56400dde6972 <unknown>\n#12 0x56400ddcfe15 <unknown>\n#13 0x56400dde7502 <unknown>\n#14 0x56400ddb4d2f <unknown>\n#15 0x56400de0b578 <unknown>\n#16 0x56400de0b750 <unknown>\n#17 0x56400de1b48c <unknown>\n#18 0x7ff730339a94 <unknown>\n#19 0x7ff7303c6a34 __clone","time":{"start":1723076181918,"stop":1723076206917,"duration":24999}},{"uid":"da7ca3ee459e4317","reportUrl":"https://robbrad.github.io/UKBinCollectionData/3.12/2012//#testresult/da7ca3ee459e4317","status":"failed","statusDetails":"selenium.common.exceptions.NoSuchElementException: Message: no such element: Unable to locate element: {\"method\":\"css selector\",\"selector\":\"[id=\"ContentPlaceHolderDefault_ctl13_nptLLPG2_25_addresslookup_txtTmpPostcode\"]\"}\n  (Session info: chrome-headless-shell=127.0.6533.72); For documentation on this error, please visit: https://www.selenium.dev/documentation/webdriver/troubleshooting/errors#no-such-element-exception\nStacktrace:\n#0 0x559bf5f476ba <unknown>\n#1 0x559bf5c17730 <unknown>\n#2 0x559bf5c66d9b <unknown>\n#3 0x559bf5c67081 <unknown>\n#4 0x559bf5caacd4 <unknown>\n#5 0x559bf5c89a7d <unknown>\n#6 0x559bf5ca81ca <unknown>\n#7 0x559bf5c897f3 <unknown>\n#8 0x559bf5c59ec9 <unknown>\n#9 0x559bf5c5a91e <unknown>\n#10 0x559bf5f0d9eb <unknown>\n#11 0x559bf5f11972 <unknown>\n#12 0x559bf5efae15 <unknown>\n#13 0x559bf5f12502 <unknown>\n#14 0x559bf5edfd2f <unknown>\n#15 0x559bf5f36578 <unknown>\n#16 0x559bf5f36750 <unknown>\n#17 0x559bf5f4648c <unknown>\n#18 0x7fbb602ffa94 <unknown>\n#19 0x7fbb6038ca34 __clone","time":{"start":1722989789025,"stop":1722989861943,"duration":72918}},{"uid":"98356c1346263fa5","reportUrl":"https://robbrad.github.io/UKBinCollectionData/3.12/2007//#testresult/98356c1346263fa5","status":"failed","statusDetails":"selenium.common.exceptions.NoSuchElementException: Message: no such element: Unable to locate element: {\"method\":\"css selector\",\"selector\":\"[id=\"ContentPlaceHolderDefault_ctl13_nptLLPG2_25_addresslookup_txtTmpPostcode\"]\"}\n  (Session info: chrome-headless-shell=127.0.6533.72); For documentation on this error, please visit: https://www.selenium.dev/documentation/webdriver/troubleshooting/errors#no-such-element-exception\nStacktrace:\n#0 0x55cc58c7f6ba <unknown>\n#1 0x55cc5894f730 <unknown>\n#2 0x55cc5899ed9b <unknown>\n#3 0x55cc5899f081 <unknown>\n#4 0x55cc589e2cd4 <unknown>\n#5 0x55cc589c1a7d <unknown>\n#6 0x55cc589e01ca <unknown>\n#7 0x55cc589c17f3 <unknown>\n#8 0x55cc58991ec9 <unknown>\n#9 0x55cc5899291e <unknown>\n#10 0x55cc58c459eb <unknown>\n#11 0x55cc58c49972 <unknown>\n#12 0x55cc58c32e15 <unknown>\n#13 0x55cc58c4a502 <unknown>\n#14 0x55cc58c17d2f <unknown>\n#15 0x55cc58c6e578 <unknown>\n#16 0x55cc58c6e750 <unknown>\n#17 0x55cc58c7e48c <unknown>\n#18 0x7f9b5f39ca94 <unknown>\n#19 0x7f9b5f429a34 __clone","time":{"start":1722903356885,"stop":1722903378269,"duration":21384}},{"uid":"d225da81addd071b","reportUrl":"https://robbrad.github.io/UKBinCollectionData/3.12/2006//#testresult/d225da81addd071b","status":"failed","statusDetails":"selenium.common.exceptions.ElementClickInterceptedException: Message: element click intercepted: Element is not clickable at point (589, 636)\n  (Session info: chrome-headless-shell=127.0.6533.72)\nStacktrace:\n#0 0x55b3c3e536ba <unknown>\n#1 0x55b3c3b23730 <unknown>\n#2 0x55b3c3b79a96 <unknown>\n#3 0x55b3c3b779ad <unknown>\n#4 0x55b3c3b75447 <unknown>\n#5 0x55b3c3b7430e <unknown>\n#6 0x55b3c3b67d66 <unknown>\n#7 0x55b3c3b95a52 <unknown>\n#8 0x55b3c3b67719 <unknown>\n#9 0x55b3c3b95c1e <unknown>\n#10 0x55b3c3bb41ca <unknown>\n#11 0x55b3c3b957f3 <unknown>\n#12 0x55b3c3b65ec9 <unknown>\n#13 0x55b3c3b6691e <unknown>\n#14 0x55b3c3e199eb <unknown>\n#15 0x55b3c3e1d972 <unknown>\n#16 0x55b3c3e06e15 <unknown>\n#17 0x55b3c3e1e502 <unknown>\n#18 0x55b3c3debd2f <unknown>\n#19 0x55b3c3e42578 <unknown>\n#20 0x55b3c3e42750 <unknown>\n#21 0x55b3c3e5248c <unknown>\n#22 0x7f87fad19a94 <unknown>\n#23 0x7f87fada6a34 __clone","time":{"start":1722817191481,"stop":1722817304546,"duration":113065}},{"uid":"adeadedd90529378","reportUrl":"https://robbrad.github.io/UKBinCollectionData/3.12/2005//#testresult/adeadedd90529378","status":"failed","statusDetails":"selenium.common.exceptions.ElementClickInterceptedException: Message: element click intercepted: Element is not clickable at point (589, 618)\n  (Session info: chrome-headless-shell=127.0.6533.72)\nStacktrace:\n#0 0x55dff6b286ba <unknown>\n#1 0x55dff67f8730 <unknown>\n#2 0x55dff684ea96 <unknown>\n#3 0x55dff684c9ad <unknown>\n#4 0x55dff684a447 <unknown>\n#5 0x55dff684930e <unknown>\n#6 0x55dff683cd66 <unknown>\n#7 0x55dff686aa52 <unknown>\n#8 0x55dff683c719 <unknown>\n#9 0x55dff686ac1e <unknown>\n#10 0x55dff68891ca <unknown>\n#11 0x55dff686a7f3 <unknown>\n#12 0x55dff683aec9 <unknown>\n#13 0x55dff683b91e <unknown>\n#14 0x55dff6aee9eb <unknown>\n#15 0x55dff6af2972 <unknown>\n#16 0x55dff6adbe15 <unknown>\n#17 0x55dff6af3502 <unknown>\n#18 0x55dff6ac0d2f <unknown>\n#19 0x55dff6b17578 <unknown>\n#20 0x55dff6b17750 <unknown>\n#21 0x55dff6b2748c <unknown>\n#22 0x7f66f9f87a94 <unknown>\n#23 0x7f66fa014a34 __clone","time":{"start":1722730697874,"stop":1722730725298,"duration":27424}},{"uid":"36f7960e95c59c42","reportUrl":"https://robbrad.github.io/UKBinCollectionData/3.12/2004//#testresult/36f7960e95c59c42","status":"failed","statusDetails":"selenium.common.exceptions.NoSuchElementException: Message: no such element: Unable to locate element: {\"method\":\"css selector\",\"selector\":\"[id=\"ContentPlaceHolderDefault_ctl13_nptLLPG2_25_addresslookup_txtTmpPostcode\"]\"}\n  (Session info: chrome-headless-shell=127.0.6533.72); For documentation on this error, please visit: https://www.selenium.dev/documentation/webdriver/troubleshooting/errors#no-such-element-exception\nStacktrace:\n#0 0x5556d814a6ba <unknown>\n#1 0x5556d7e1a730 <unknown>\n#2 0x5556d7e69d9b <unknown>\n#3 0x5556d7e6a081 <unknown>\n#4 0x5556d7eadcd4 <unknown>\n#5 0x5556d7e8ca7d <unknown>\n#6 0x5556d7eab1ca <unknown>\n#7 0x5556d7e8c7f3 <unknown>\n#8 0x5556d7e5cec9 <unknown>\n#9 0x5556d7e5d91e <unknown>\n#10 0x5556d81109eb <unknown>\n#11 0x5556d8114972 <unknown>\n#12 0x5556d80fde15 <unknown>\n#13 0x5556d8115502 <unknown>\n#14 0x5556d80e2d2f <unknown>\n#15 0x5556d8139578 <unknown>\n#16 0x5556d8139750 <unknown>\n#17 0x5556d814948c <unknown>\n#18 0x7fba26890a94 <unknown>\n#19 0x7fba2691da34 __clone","time":{"start":1722644306223,"stop":1722644318360,"duration":12137}},{"uid":"3b358478ec13ea74","reportUrl":"https://robbrad.github.io/UKBinCollectionData/3.12/2003//#testresult/3b358478ec13ea74","status":"failed","statusDetails":"selenium.common.exceptions.NoSuchElementException: Message: no such element: Unable to locate element: {\"method\":\"css selector\",\"selector\":\"[id=\"ContentPlaceHolderDefault_ctl13_nptLLPG2_25_addresslookup_txtTmpPostcode\"]\"}\n  (Session info: chrome-headless-shell=127.0.6533.72); For documentation on this error, please visit: https://www.selenium.dev/documentation/webdriver/troubleshooting/errors#no-such-element-exception\nStacktrace:\n#0 0x560bcdefd6ba <unknown>\n#1 0x560bcdbcd730 <unknown>\n#2 0x560bcdc1cd9b <unknown>\n#3 0x560bcdc1d081 <unknown>\n#4 0x560bcdc60cd4 <unknown>\n#5 0x560bcdc3fa7d <unknown>\n#6 0x560bcdc5e1ca <unknown>\n#7 0x560bcdc3f7f3 <unknown>\n#8 0x560bcdc0fec9 <unknown>\n#9 0x560bcdc1091e <unknown>\n#10 0x560bcdec39eb <unknown>\n#11 0x560bcdec7972 <unknown>\n#12 0x560bcdeb0e15 <unknown>\n#13 0x560bcdec8502 <unknown>\n#14 0x560bcde95d2f <unknown>\n#15 0x560bcdeec578 <unknown>\n#16 0x560bcdeec750 <unknown>\n#17 0x560bcdefc48c <unknown>\n#18 0x7fdd45353a94 <unknown>\n#19 0x7fdd453e0a34 __clone","time":{"start":1722557966909,"stop":1722557980676,"duration":13767}},{"uid":"9bb910379983ba8e","reportUrl":"https://robbrad.github.io/UKBinCollectionData/3.12/2002//#testresult/9bb910379983ba8e","status":"failed","statusDetails":"selenium.common.exceptions.NoSuchElementException: Message: no such element: Unable to locate element: {\"method\":\"css selector\",\"selector\":\"[id=\"ContentPlaceHolderDefault_ctl13_nptLLPG2_25_addresslookup_txtTmpPostcode\"]\"}\n  (Session info: chrome-headless-shell=127.0.6533.72); For documentation on this error, please visit: https://www.selenium.dev/documentation/webdriver/troubleshooting/errors#no-such-element-exception\nStacktrace:\n#0 0x5591e23f56ba <unknown>\n#1 0x5591e20c5730 <unknown>\n#2 0x5591e2114d9b <unknown>\n#3 0x5591e2115081 <unknown>\n#4 0x5591e2158cd4 <unknown>\n#5 0x5591e2137a7d <unknown>\n#6 0x5591e21561ca <unknown>\n#7 0x5591e21377f3 <unknown>\n#8 0x5591e2107ec9 <unknown>\n#9 0x5591e210891e <unknown>\n#10 0x5591e23bb9eb <unknown>\n#11 0x5591e23bf972 <unknown>\n#12 0x5591e23a8e15 <unknown>\n#13 0x5591e23c0502 <unknown>\n#14 0x5591e238dd2f <unknown>\n#15 0x5591e23e4578 <unknown>\n#16 0x5591e23e4750 <unknown>\n#17 0x5591e23f448c <unknown>\n#18 0x7f4155103a94 <unknown>\n#19 0x7f4155190a34 __clone","time":{"start":1722471335090,"stop":1722471358718,"duration":23628}},{"uid":"a1371c9dd22e5c36","reportUrl":"https://robbrad.github.io/UKBinCollectionData/3.12/1998//#testresult/a1371c9dd22e5c36","status":"failed","statusDetails":"selenium.common.exceptions.NoSuchElementException: Message: no such element: Unable to locate element: {\"method\":\"css selector\",\"selector\":\"[id=\"ContentPlaceHolderDefault_ctl13_nptLLPG2_25_addresslookup_txtTmpPostcode\"]\"}\n  (Session info: chrome-headless-shell=127.0.6533.72); For documentation on this error, please visit: https://www.selenium.dev/documentation/webdriver/troubleshooting/errors#no-such-element-exception\nStacktrace:\n#0 0x560674bea6ba <unknown>\n#1 0x5606748ba730 <unknown>\n#2 0x560674909d9b <unknown>\n#3 0x56067490a081 <unknown>\n#4 0x56067494dcd4 <unknown>\n#5 0x56067492ca7d <unknown>\n#6 0x56067494b1ca <unknown>\n#7 0x56067492c7f3 <unknown>\n#8 0x5606748fcec9 <unknown>\n#9 0x5606748fd91e <unknown>\n#10 0x560674bb09eb <unknown>\n#11 0x560674bb4972 <unknown>\n#12 0x560674b9de15 <unknown>\n#13 0x560674bb5502 <unknown>\n#14 0x560674b82d2f <unknown>\n#15 0x560674bd9578 <unknown>\n#16 0x560674bd9750 <unknown>\n#17 0x560674be948c <unknown>\n#18 0x7faac35d0a94 <unknown>\n#19 0x7faac365da34 __clone","time":{"start":1722384965529,"stop":1722385048462,"duration":82933}},{"uid":"f4511b8e42d0c03f","reportUrl":"https://robbrad.github.io/UKBinCollectionData/3.12/1997//#testresult/f4511b8e42d0c03f","status":"failed","statusDetails":"selenium.common.exceptions.NoSuchElementException: Message: no such element: Unable to locate element: {\"method\":\"css selector\",\"selector\":\"[id=\"ContentPlaceHolderDefault_ctl13_nptLLPG2_25_addresslookup_txtTmpPostcode\"]\"}\n  (Session info: chrome-headless-shell=127.0.6533.72); For documentation on this error, please visit: https://www.selenium.dev/documentation/webdriver/troubleshooting/errors#no-such-element-exception\nStacktrace:\n#0 0x55dea39256ba <unknown>\n#1 0x55dea35f5730 <unknown>\n#2 0x55dea3644d9b <unknown>\n#3 0x55dea3645081 <unknown>\n#4 0x55dea3688cd4 <unknown>\n#5 0x55dea3667a7d <unknown>\n#6 0x55dea36861ca <unknown>\n#7 0x55dea36677f3 <unknown>\n#8 0x55dea3637ec9 <unknown>\n#9 0x55dea363891e <unknown>\n#10 0x55dea38eb9eb <unknown>\n#11 0x55dea38ef972 <unknown>\n#12 0x55dea38d8e15 <unknown>\n#13 0x55dea38f0502 <unknown>\n#14 0x55dea38bdd2f <unknown>\n#15 0x55dea3914578 <unknown>\n#16 0x55dea3914750 <unknown>\n#17 0x55dea392448c <unknown>\n#18 0x7f01cf02ea94 <unknown>\n#19 0x7f01cf0bba34 __clone","time":{"start":1722298453530,"stop":1722298543713,"duration":90183}},{"uid":"10f75f3d35a7e4a5","reportUrl":"https://robbrad.github.io/UKBinCollectionData/3.12/1996//#testresult/10f75f3d35a7e4a5","status":"failed","statusDetails":"selenium.common.exceptions.NoSuchElementException: Message: no such element: Unable to locate element: {\"method\":\"css selector\",\"selector\":\"[id=\"ContentPlaceHolderDefault_ctl13_nptLLPG2_25_addresslookup_txtTmpPostcode\"]\"}\n  (Session info: chrome-headless-shell=127.0.6533.72); For documentation on this error, please visit: https://www.selenium.dev/documentation/webdriver/troubleshooting/errors#no-such-element-exception\nStacktrace:\n#0 0x5619c50c36ba <unknown>\n#1 0x5619c4d93730 <unknown>\n#2 0x5619c4de2d9b <unknown>\n#3 0x5619c4de3081 <unknown>\n#4 0x5619c4e26cd4 <unknown>\n#5 0x5619c4e05a7d <unknown>\n#6 0x5619c4e241ca <unknown>\n#7 0x5619c4e057f3 <unknown>\n#8 0x5619c4dd5ec9 <unknown>\n#9 0x5619c4dd691e <unknown>\n#10 0x5619c50899eb <unknown>\n#11 0x5619c508d972 <unknown>\n#12 0x5619c5076e15 <unknown>\n#13 0x5619c508e502 <unknown>\n#14 0x5619c505bd2f <unknown>\n#15 0x5619c50b2578 <unknown>\n#16 0x5619c50b2750 <unknown>\n#17 0x5619c50c248c <unknown>\n#18 0x7ff3b6a5da94 <unknown>\n#19 0x7ff3b6aeaa34 __clone","time":{"start":1722212096307,"stop":1722212205726,"duration":109419}},{"uid":"aa9906d21c33086e","reportUrl":"https://robbrad.github.io/UKBinCollectionData/3.12/1995//#testresult/aa9906d21c33086e","status":"failed","statusDetails":"selenium.common.exceptions.ElementClickInterceptedException: Message: element click intercepted: Element is not clickable at point (589, 627)\n  (Session info: chrome-headless-shell=127.0.6533.72)\nStacktrace:\n#0 0x560d8ba706ba <unknown>\n#1 0x560d8b740730 <unknown>\n#2 0x560d8b796a96 <unknown>\n#3 0x560d8b7949ad <unknown>\n#4 0x560d8b792447 <unknown>\n#5 0x560d8b79130e <unknown>\n#6 0x560d8b784d66 <unknown>\n#7 0x560d8b7b2a52 <unknown>\n#8 0x560d8b784719 <unknown>\n#9 0x560d8b7b2c1e <unknown>\n#10 0x560d8b7d11ca <unknown>\n#11 0x560d8b7b27f3 <unknown>\n#12 0x560d8b782ec9 <unknown>\n#13 0x560d8b78391e <unknown>\n#14 0x560d8ba369eb <unknown>\n#15 0x560d8ba3a972 <unknown>\n#16 0x560d8ba23e15 <unknown>\n#17 0x560d8ba3b502 <unknown>\n#18 0x560d8ba08d2f <unknown>\n#19 0x560d8ba5f578 <unknown>\n#20 0x560d8ba5f750 <unknown>\n#21 0x560d8ba6f48c <unknown>\n#22 0x7fb964deda94 <unknown>\n#23 0x7fb964e7aa34 __clone","time":{"start":1722125656360,"stop":1722125677621,"duration":21261}}]},"tags":[]},"source":"f670db15c3558d34.json","parameterValues":["NeathPortTalbotCouncil"]}