{"uid":"86e6c8e143434cd1","name":"Validate Council Output [PrestonCityCouncil]","fullName":"features/validate_council_outputs.feature:Validate Council Output","historyId":"adada69a336066ec844ff916b7714101","time":{"start":1725311162852,"stop":1725311476864,"duration":314012},"status":"failed","statusMessage":"selenium.common.exceptions.WebDriverException: Message: Unable to route (DELETE) /session/030cccd09ac7ae2bd0b65e130a6ac3c3","statusTrace":"self = <PrestonCityCouncil.CouncilClass object at 0x7f63497c2e50>\npage = 'https://selfservice.preston.gov.uk/service/Forms/FindMyNearest.aspx?Service=bins'\nkwargs = {'council_module_str': 'PrestonCityCouncil', 'dev_mode': False, 'headless': True, 'local_browser': False, ...}\ndriver = <selenium.webdriver.remote.webdriver.WebDriver (session=\"030cccd09ac7ae2bd0b65e130a6ac3c3\")>\ndata = {'bins': []}, user_paon = 'Town Hall', user_postcode = 'PR1 2RL'\nweb_driver = 'http://localhost:4444', headless = True\n\n    def parse_data(self, page: str, **kwargs) -> dict:\n        driver = None\n        try:\n            page = \"https://selfservice.preston.gov.uk/service/Forms/FindMyNearest.aspx?Service=bins\"\n    \n            data = {\"bins\": []}\n    \n            user_paon = kwargs.get(\"paon\")\n            user_postcode = kwargs.get(\"postcode\")\n            web_driver = kwargs.get(\"web_driver\")\n            headless = kwargs.get(\"headless\")\n            check_paon(user_paon)\n            check_postcode(user_postcode)\n    \n            # Create Selenium webdriver\n            driver = create_webdriver(web_driver, headless, None, __name__)\n>           driver.get(page)\n\nuk_bin_collection/uk_bin_collection/councils/PrestonCityCouncil.py:39: \n_ _ _ _ _ _ _ _ _ _ _ _ _ _ _ _ _ _ _ _ _ _ _ _ _ _ _ _ _ _ _ _ _ _ _ _ _ _ _ _ \n../../../.cache/pypoetry/virtualenvs/uk-bin-collection-EwS6Gn8s-py3.11/lib/python3.11/site-packages/selenium/webdriver/remote/webdriver.py:363: in get\n    self.execute(Command.GET, {\"url\": url})\n../../../.cache/pypoetry/virtualenvs/uk-bin-collection-EwS6Gn8s-py3.11/lib/python3.11/site-packages/selenium/webdriver/remote/webdriver.py:354: in execute\n    self.error_handler.check_response(response)\n_ _ _ _ _ _ _ _ _ _ _ _ _ _ _ _ _ _ _ _ _ _ _ _ _ _ _ _ _ _ _ _ _ _ _ _ _ _ _ _ \n\nself = <selenium.webdriver.remote.errorhandler.ErrorHandler object at 0x7f63493a3290>\nresponse = {'status': 500, 'value': '{\\n  \"value\": {\\n    \"stacktrace\": \"java.lang.RuntimeException: Unable to execute request fo...'amd64\\', os.version: \\'6.5.0-1025-azure\\', java.version: \\'17.0.12\\'\\\\nDriver info: driver.version: unknown\"\\n  }\\n}'}\n\n    def check_response(self, response: Dict[str, Any]) -> None:\n        \"\"\"Checks that a JSON response from the WebDriver does not have an\n        error.\n    \n        :Args:\n         - response - The JSON response from the WebDriver server as a dictionary\n           object.\n    \n        :Raises: If the response contains an error message.\n        \"\"\"\n        status = response.get(\"status\", None)\n        if not status or status == ErrorCode.SUCCESS:\n            return\n        value = None\n        message = response.get(\"message\", \"\")\n        screen: str = response.get(\"screen\", \"\")\n        stacktrace = None\n        if isinstance(status, int):\n            value_json = response.get(\"value\", None)\n            if value_json and isinstance(value_json, str):\n                import json\n    \n                try:\n                    value = json.loads(value_json)\n                    if len(value) == 1:\n                        value = value[\"value\"]\n                    status = value.get(\"error\", None)\n                    if not status:\n                        status = value.get(\"status\", ErrorCode.UNKNOWN_ERROR)\n                        message = value.get(\"value\") or value.get(\"message\")\n                        if not isinstance(message, str):\n                            value = message\n                            message = message.get(\"message\")\n                    else:\n                        message = value.get(\"message\", None)\n                except ValueError:\n                    pass\n    \n        exception_class: Type[WebDriverException]\n        e = ErrorCode()\n        error_codes = [item for item in dir(e) if not item.startswith(\"__\")]\n        for error_code in error_codes:\n            error_info = getattr(ErrorCode, error_code)\n            if isinstance(error_info, list) and status in error_info:\n                exception_class = getattr(ExceptionMapping, error_code, WebDriverException)\n                break\n        else:\n            exception_class = WebDriverException\n    \n        if not value:\n            value = response[\"value\"]\n        if isinstance(value, str):\n            raise exception_class(value)\n        if message == \"\" and \"message\" in value:\n            message = value[\"message\"]\n    \n        screen = None  # type: ignore[assignment]\n        if \"screen\" in value:\n            screen = value[\"screen\"]\n    \n        stacktrace = None\n        st_value = value.get(\"stackTrace\") or value.get(\"stacktrace\")\n        if st_value:\n            if isinstance(st_value, str):\n                stacktrace = st_value.split(\"\\n\")\n            else:\n                stacktrace = []\n                try:\n                    for frame in st_value:\n                        line = frame.get(\"lineNumber\", \"\")\n                        file = frame.get(\"fileName\", \"<anonymous>\")\n                        if line:\n                            file = f\"{file}:{line}\"\n                        meth = frame.get(\"methodName\", \"<anonymous>\")\n                        if \"className\" in frame:\n                            meth = f\"{frame['className']}.{meth}\"\n                        msg = \"    at %s (%s)\"\n                        msg = msg % (meth, file)\n                        stacktrace.append(msg)\n                except TypeError:\n                    pass\n        if exception_class == UnexpectedAlertPresentException:\n            alert_text = None\n            if \"data\" in value:\n                alert_text = value[\"data\"].get(\"text\")\n            elif \"alert\" in value:\n                alert_text = value[\"alert\"].get(\"text\")\n            raise exception_class(message, screen, stacktrace, alert_text)  # type: ignore[call-arg]  # mypy is not smart enough here\n>       raise exception_class(message, screen, stacktrace)\nE       selenium.common.exceptions.WebDriverException: Message: Unable to execute request for an existing session: java.util.concurrent.TimeoutException\nE       Build info: version: '4.24.0', revision: '748ffc9bc3'\nE       System info: os.name: 'Linux', os.arch: 'amd64', os.version: '6.5.0-1025-azure', java.version: '17.0.12'\nE       Driver info: driver.version: unknown\nE       Stacktrace:\nE       java.lang.RuntimeException: Unable to execute request for an existing session: java.util.concurrent.TimeoutException\nE       Build info: version: '4.24.0', revision: '748ffc9bc3'\nE       System info: os.name: 'Linux', os.arch: 'amd64', os.version: '6.5.0-1025-azure', java.version: '17.0.12'\nE       Driver info: driver.version: unknown\nE       \tat org.openqa.selenium.grid.router.HandleSession.execute(HandleSession.java:208)\nE       \tat org.openqa.selenium.remote.http.Route$PredicatedRoute.handle(Route.java:397)\nE       \tat org.openqa.selenium.remote.http.Route.execute(Route.java:69)\nE       \tat org.openqa.selenium.remote.http.Route$CombinedRoute.handle(Route.java:360)\nE       \tat org.openqa.selenium.remote.http.Route.execute(Route.java:69)\nE       \tat org.openqa.selenium.grid.router.Router.execute(Router.java:87)\nE       \tat org.openqa.selenium.grid.web.EnsureSpecCompliantResponseHeaders.lambda$apply$0(EnsureSpecCompliantResponseHeaders.java:34)\nE       \tat org.openqa.selenium.remote.http.Filter$1.execute(Filter.java:63)\nE       \tat org.openqa.selenium.remote.http.Route$CombinedRoute.handle(Route.java:360)\nE       \tat org.openqa.selenium.remote.http.Route.execute(Route.java:69)\nE       \tat org.openqa.selenium.remote.AddWebDriverSpecHeaders.lambda$apply$0(AddWebDriverSpecHeaders.java:35)\nE       \tat org.openqa.selenium.remote.ErrorFilter.lambda$apply$0(ErrorFilter.java:44)\nE       \tat org.openqa.selenium.remote.http.Filter$1.execute(Filter.java:63)\nE       \tat org.openqa.selenium.remote.ErrorFilter.lambda$apply$0(ErrorFilter.java:44)\nE       \tat org.openqa.selenium.remote.http.Filter$1.execute(Filter.java:63)\nE       \tat org.openqa.selenium.netty.server.SeleniumHandler.lambda$channelRead0$0(SeleniumHandler.java:44)\nE       \tat java.base/java.util.concurrent.Executors$RunnableAdapter.call(Executors.java:539)\nE       \tat java.base/java.util.concurrent.FutureTask.run(FutureTask.java:264)\nE       \tat java.base/java.util.concurrent.ThreadPoolExecutor.runWorker(ThreadPoolExecutor.java:1136)\nE       \tat java.base/java.util.concurrent.ThreadPoolExecutor$Worker.run(ThreadPoolExecutor.java:635)\nE       \tat java.base/java.lang.Thread.run(Thread.java:840)\nE       Caused by: java.util.concurrent.TimeoutException\nE       \tat java.base/java.util.concurrent.CompletableFuture.timedGet(CompletableFuture.java:1960)\nE       \tat java.base/java.util.concurrent.CompletableFuture.get(CompletableFuture.java:2095)\nE       \tat org.openqa.selenium.remote.http.jdk.JdkHttpClient.execute0(JdkHttpClient.java:401)\nE       \tat org.openqa.selenium.remote.http.AddSeleniumUserAgent.lambda$apply$0(AddSeleniumUserAgent.java:42)\nE       \tat org.openqa.selenium.remote.http.Filter.lambda$andFinally$1(Filter.java:55)\nE       \tat org.openqa.selenium.remote.http.jdk.JdkHttpClient.execute(JdkHttpClient.java:374)\nE       \tat org.openqa.selenium.remote.tracing.TracedHttpClient.execute(TracedHttpClient.java:54)\nE       \tat org.openqa.selenium.grid.web.ReverseProxyHandler.execute(ReverseProxyHandler.java:90)\nE       \tat org.openqa.selenium.grid.node.DefaultActiveSession.execute(DefaultActiveSession.java:62)\nE       \tat org.openqa.selenium.grid.node.local.SessionSlot.execute(SessionSlot.java:126)\nE       \tat org.openqa.selenium.grid.node.local.LocalNode.executeWebDriverCommand(LocalNode.java:633)\nE       \tat org.openqa.selenium.grid.node.ForwardWebDriverCommand.execute(ForwardWebDriverCommand.java:35)\nE       \tat org.openqa.selenium.remote.http.Route$PredicatedRoute.handle(Route.java:397)\nE       \tat org.openqa.selenium.remote.http.Route.execute(Route.java:69)\nE       \tat org.openqa.selenium.remote.tracing.SpanWrappedHttpHandler.execute(SpanWrappedHttpHandler.java:87)\nE       \tat org.openqa.selenium.remote.http.Filter$1.execute(Filter.java:63)\nE       \tat org.openqa.selenium.remote.http.Route$CombinedRoute.handle(Route.java:360)\nE       \tat org.openqa.selenium.remote.http.Route.execute(Route.java:69)\nE       \tat org.openqa.selenium.grid.node.Node.execute(Node.java:270)\nE       \tat org.openqa.selenium.grid.web.CombinedHandler.execute(CombinedHandler.java:55)\nE       \tat org.openqa.selenium.grid.web.RoutableHttpClientFactory$1.execute(RoutableHttpClientFactory.java:71)\nE       \tat org.openqa.selenium.grid.web.ReverseProxyHandler.execute(ReverseProxyHandler.java:90)\nE       \tat org.openqa.selenium.grid.router.HandleSession.execute(HandleSession.java:181)\nE       \t... 20 more\n\n../../../.cache/pypoetry/virtualenvs/uk-bin-collection-EwS6Gn8s-py3.11/lib/python3.11/site-packages/selenium/webdriver/remote/errorhandler.py:229: WebDriverException\n\nDuring handling of the above exception, another exception occurred:\n\nfixturefunc = <function scrape_step at 0x7f634a0404a0>\nrequest = <FixtureRequest for <Function test_scenario_outline[PrestonCityCouncil]>>\nkwargs = {'context': <test_validate_council.Context object at 0x7f6349ea4d90>, 'headless_mode': 'True', 'local_browser': 'False', 'selenium_url': 'http://localhost:4444'}\n\n    def call_fixture_func(\n        fixturefunc: _FixtureFunc[FixtureValue], request: FixtureRequest, kwargs\n    ) -> FixtureValue:\n        if is_generator(fixturefunc):\n            fixturefunc = cast(\n                Callable[..., Generator[FixtureValue, None, None]], fixturefunc\n            )\n            generator = fixturefunc(**kwargs)\n            try:\n                fixture_result = next(generator)\n            except StopIteration:\n                raise ValueError(f\"{request.fixturename} did not yield a value\") from None\n            finalizer = functools.partial(_teardown_yield_fixture, fixturefunc, generator)\n            request.addfinalizer(finalizer)\n        else:\n            fixturefunc = cast(Callable[..., FixtureValue], fixturefunc)\n>           fixture_result = fixturefunc(**kwargs)\n\n../../../.cache/pypoetry/virtualenvs/uk-bin-collection-EwS6Gn8s-py3.11/lib/python3.11/site-packages/_pytest/fixtures.py:897: \n_ _ _ _ _ _ _ _ _ _ _ _ _ _ _ _ _ _ _ _ _ _ _ _ _ _ _ _ _ _ _ _ _ _ _ _ _ _ _ _ \nuk_bin_collection/tests/step_defs/test_validate_council.py:100: in scrape_step\n    context.parse_result = CollectData.run()\nuk_bin_collection/uk_bin_collection/collect_data.py:101: in run\n    return self.client_code(\nuk_bin_collection/uk_bin_collection/collect_data.py:121: in client_code\n    return get_bin_data_class.template_method(address_url, **kwargs)\nuk_bin_collection/uk_bin_collection/get_bin_data.py:61: in template_method\n    bin_data_dict = self.get_and_parse_data(this_url, **kwargs)\nuk_bin_collection/uk_bin_collection/get_bin_data.py:84: in get_and_parse_data\n    bin_data_dict = self.parse_data(\"\", url=address_url, **kwargs)\nuk_bin_collection/uk_bin_collection/councils/PrestonCityCouncil.py:96: in parse_data\n    driver.quit()\n../../../.cache/pypoetry/virtualenvs/uk-bin-collection-EwS6Gn8s-py3.11/lib/python3.11/site-packages/selenium/webdriver/remote/webdriver.py:476: in quit\n    self.execute(Command.QUIT)\n../../../.cache/pypoetry/virtualenvs/uk-bin-collection-EwS6Gn8s-py3.11/lib/python3.11/site-packages/selenium/webdriver/remote/webdriver.py:354: in execute\n    self.error_handler.check_response(response)\n_ _ _ _ _ _ _ _ _ _ _ _ _ _ _ _ _ _ _ _ _ _ _ _ _ _ _ _ _ _ _ _ _ _ _ _ _ _ _ _ \n\nself = <selenium.webdriver.remote.errorhandler.ErrorHandler object at 0x7f63493a3290>\nresponse = {'status': 404, 'value': '{\\n  \"value\": \"\\\\u002fsession\\\\u002f030cccd09ac7ae2bd0b65e130a6ac3c3\",\\n  \"message\": \"Unable...002fsession\\\\u002f030cccd09ac7ae2bd0b65e130a6ac3c3\",\\n  \"error\": \"org.openqa.selenium.UnsupportedCommandException\"\\n}'}\n\n    def check_response(self, response: Dict[str, Any]) -> None:\n        \"\"\"Checks that a JSON response from the WebDriver does not have an\n        error.\n    \n        :Args:\n         - response - The JSON response from the WebDriver server as a dictionary\n           object.\n    \n        :Raises: If the response contains an error message.\n        \"\"\"\n        status = response.get(\"status\", None)\n        if not status or status == ErrorCode.SUCCESS:\n            return\n        value = None\n        message = response.get(\"message\", \"\")\n        screen: str = response.get(\"screen\", \"\")\n        stacktrace = None\n        if isinstance(status, int):\n            value_json = response.get(\"value\", None)\n            if value_json and isinstance(value_json, str):\n                import json\n    \n                try:\n                    value = json.loads(value_json)\n                    if len(value) == 1:\n                        value = value[\"value\"]\n                    status = value.get(\"error\", None)\n                    if not status:\n                        status = value.get(\"status\", ErrorCode.UNKNOWN_ERROR)\n                        message = value.get(\"value\") or value.get(\"message\")\n                        if not isinstance(message, str):\n                            value = message\n                            message = message.get(\"message\")\n                    else:\n                        message = value.get(\"message\", None)\n                except ValueError:\n                    pass\n    \n        exception_class: Type[WebDriverException]\n        e = ErrorCode()\n        error_codes = [item for item in dir(e) if not item.startswith(\"__\")]\n        for error_code in error_codes:\n            error_info = getattr(ErrorCode, error_code)\n            if isinstance(error_info, list) and status in error_info:\n                exception_class = getattr(ExceptionMapping, error_code, WebDriverException)\n                break\n        else:\n            exception_class = WebDriverException\n    \n        if not value:\n            value = response[\"value\"]\n        if isinstance(value, str):\n            raise exception_class(value)\n        if message == \"\" and \"message\" in value:\n            message = value[\"message\"]\n    \n        screen = None  # type: ignore[assignment]\n        if \"screen\" in value:\n            screen = value[\"screen\"]\n    \n        stacktrace = None\n        st_value = value.get(\"stackTrace\") or value.get(\"stacktrace\")\n        if st_value:\n            if isinstance(st_value, str):\n                stacktrace = st_value.split(\"\\n\")\n            else:\n                stacktrace = []\n                try:\n                    for frame in st_value:\n                        line = frame.get(\"lineNumber\", \"\")\n                        file = frame.get(\"fileName\", \"<anonymous>\")\n                        if line:\n                            file = f\"{file}:{line}\"\n                        meth = frame.get(\"methodName\", \"<anonymous>\")\n                        if \"className\" in frame:\n                            meth = f\"{frame['className']}.{meth}\"\n                        msg = \"    at %s (%s)\"\n                        msg = msg % (meth, file)\n                        stacktrace.append(msg)\n                except TypeError:\n                    pass\n        if exception_class == UnexpectedAlertPresentException:\n            alert_text = None\n            if \"data\" in value:\n                alert_text = value[\"data\"].get(\"text\")\n            elif \"alert\" in value:\n                alert_text = value[\"alert\"].get(\"text\")\n            raise exception_class(message, screen, stacktrace, alert_text)  # type: ignore[call-arg]  # mypy is not smart enough here\n>       raise exception_class(message, screen, stacktrace)\nE       selenium.common.exceptions.WebDriverException: Message: Unable to route (DELETE) /session/030cccd09ac7ae2bd0b65e130a6ac3c3\n\n../../../.cache/pypoetry/virtualenvs/uk-bin-collection-EwS6Gn8s-py3.11/lib/python3.11/site-packages/selenium/webdriver/remote/errorhandler.py:229: WebDriverException","flaky":false,"newFailed":false,"newBroken":false,"newPassed":false,"retriesCount":0,"retriesStatusChange":false,"beforeStages":[],"testStage":{"status":"failed","statusMessage":"selenium.common.exceptions.WebDriverException: Message: Unable to route (DELETE) /session/030cccd09ac7ae2bd0b65e130a6ac3c3","statusTrace":"self = <PrestonCityCouncil.CouncilClass object at 0x7f63497c2e50>\npage = 'https://selfservice.preston.gov.uk/service/Forms/FindMyNearest.aspx?Service=bins'\nkwargs = {'council_module_str': 'PrestonCityCouncil', 'dev_mode': False, 'headless': True, 'local_browser': False, ...}\ndriver = <selenium.webdriver.remote.webdriver.WebDriver (session=\"030cccd09ac7ae2bd0b65e130a6ac3c3\")>\ndata = {'bins': []}, user_paon = 'Town Hall', user_postcode = 'PR1 2RL'\nweb_driver = 'http://localhost:4444', headless = True\n\n    def parse_data(self, page: str, **kwargs) -> dict:\n        driver = None\n        try:\n            page = \"https://selfservice.preston.gov.uk/service/Forms/FindMyNearest.aspx?Service=bins\"\n    \n            data = {\"bins\": []}\n    \n            user_paon = kwargs.get(\"paon\")\n            user_postcode = kwargs.get(\"postcode\")\n            web_driver = kwargs.get(\"web_driver\")\n            headless = kwargs.get(\"headless\")\n            check_paon(user_paon)\n            check_postcode(user_postcode)\n    \n            # Create Selenium webdriver\n            driver = create_webdriver(web_driver, headless, None, __name__)\n>           driver.get(page)\n\nuk_bin_collection/uk_bin_collection/councils/PrestonCityCouncil.py:39: \n_ _ _ _ _ _ _ _ _ _ _ _ _ _ _ _ _ _ _ _ _ _ _ _ _ _ _ _ _ _ _ _ _ _ _ _ _ _ _ _ \n../../../.cache/pypoetry/virtualenvs/uk-bin-collection-EwS6Gn8s-py3.11/lib/python3.11/site-packages/selenium/webdriver/remote/webdriver.py:363: in get\n    self.execute(Command.GET, {\"url\": url})\n../../../.cache/pypoetry/virtualenvs/uk-bin-collection-EwS6Gn8s-py3.11/lib/python3.11/site-packages/selenium/webdriver/remote/webdriver.py:354: in execute\n    self.error_handler.check_response(response)\n_ _ _ _ _ _ _ _ _ _ _ _ _ _ _ _ _ _ _ _ _ _ _ _ _ _ _ _ _ _ _ _ _ _ _ _ _ _ _ _ \n\nself = <selenium.webdriver.remote.errorhandler.ErrorHandler object at 0x7f63493a3290>\nresponse = {'status': 500, 'value': '{\\n  \"value\": {\\n    \"stacktrace\": \"java.lang.RuntimeException: Unable to execute request fo...'amd64\\', os.version: \\'6.5.0-1025-azure\\', java.version: \\'17.0.12\\'\\\\nDriver info: driver.version: unknown\"\\n  }\\n}'}\n\n    def check_response(self, response: Dict[str, Any]) -> None:\n        \"\"\"Checks that a JSON response from the WebDriver does not have an\n        error.\n    \n        :Args:\n         - response - The JSON response from the WebDriver server as a dictionary\n           object.\n    \n        :Raises: If the response contains an error message.\n        \"\"\"\n        status = response.get(\"status\", None)\n        if not status or status == ErrorCode.SUCCESS:\n            return\n        value = None\n        message = response.get(\"message\", \"\")\n        screen: str = response.get(\"screen\", \"\")\n        stacktrace = None\n        if isinstance(status, int):\n            value_json = response.get(\"value\", None)\n            if value_json and isinstance(value_json, str):\n                import json\n    \n                try:\n                    value = json.loads(value_json)\n                    if len(value) == 1:\n                        value = value[\"value\"]\n                    status = value.get(\"error\", None)\n                    if not status:\n                        status = value.get(\"status\", ErrorCode.UNKNOWN_ERROR)\n                        message = value.get(\"value\") or value.get(\"message\")\n                        if not isinstance(message, str):\n                            value = message\n                            message = message.get(\"message\")\n                    else:\n                        message = value.get(\"message\", None)\n                except ValueError:\n                    pass\n    \n        exception_class: Type[WebDriverException]\n        e = ErrorCode()\n        error_codes = [item for item in dir(e) if not item.startswith(\"__\")]\n        for error_code in error_codes:\n            error_info = getattr(ErrorCode, error_code)\n            if isinstance(error_info, list) and status in error_info:\n                exception_class = getattr(ExceptionMapping, error_code, WebDriverException)\n                break\n        else:\n            exception_class = WebDriverException\n    \n        if not value:\n            value = response[\"value\"]\n        if isinstance(value, str):\n            raise exception_class(value)\n        if message == \"\" and \"message\" in value:\n            message = value[\"message\"]\n    \n        screen = None  # type: ignore[assignment]\n        if \"screen\" in value:\n            screen = value[\"screen\"]\n    \n        stacktrace = None\n        st_value = value.get(\"stackTrace\") or value.get(\"stacktrace\")\n        if st_value:\n            if isinstance(st_value, str):\n                stacktrace = st_value.split(\"\\n\")\n            else:\n                stacktrace = []\n                try:\n                    for frame in st_value:\n                        line = frame.get(\"lineNumber\", \"\")\n                        file = frame.get(\"fileName\", \"<anonymous>\")\n                        if line:\n                            file = f\"{file}:{line}\"\n                        meth = frame.get(\"methodName\", \"<anonymous>\")\n                        if \"className\" in frame:\n                            meth = f\"{frame['className']}.{meth}\"\n                        msg = \"    at %s (%s)\"\n                        msg = msg % (meth, file)\n                        stacktrace.append(msg)\n                except TypeError:\n                    pass\n        if exception_class == UnexpectedAlertPresentException:\n            alert_text = None\n            if \"data\" in value:\n                alert_text = value[\"data\"].get(\"text\")\n            elif \"alert\" in value:\n                alert_text = value[\"alert\"].get(\"text\")\n            raise exception_class(message, screen, stacktrace, alert_text)  # type: ignore[call-arg]  # mypy is not smart enough here\n>       raise exception_class(message, screen, stacktrace)\nE       selenium.common.exceptions.WebDriverException: Message: Unable to execute request for an existing session: java.util.concurrent.TimeoutException\nE       Build info: version: '4.24.0', revision: '748ffc9bc3'\nE       System info: os.name: 'Linux', os.arch: 'amd64', os.version: '6.5.0-1025-azure', java.version: '17.0.12'\nE       Driver info: driver.version: unknown\nE       Stacktrace:\nE       java.lang.RuntimeException: Unable to execute request for an existing session: java.util.concurrent.TimeoutException\nE       Build info: version: '4.24.0', revision: '748ffc9bc3'\nE       System info: os.name: 'Linux', os.arch: 'amd64', os.version: '6.5.0-1025-azure', java.version: '17.0.12'\nE       Driver info: driver.version: unknown\nE       \tat org.openqa.selenium.grid.router.HandleSession.execute(HandleSession.java:208)\nE       \tat org.openqa.selenium.remote.http.Route$PredicatedRoute.handle(Route.java:397)\nE       \tat org.openqa.selenium.remote.http.Route.execute(Route.java:69)\nE       \tat org.openqa.selenium.remote.http.Route$CombinedRoute.handle(Route.java:360)\nE       \tat org.openqa.selenium.remote.http.Route.execute(Route.java:69)\nE       \tat org.openqa.selenium.grid.router.Router.execute(Router.java:87)\nE       \tat org.openqa.selenium.grid.web.EnsureSpecCompliantResponseHeaders.lambda$apply$0(EnsureSpecCompliantResponseHeaders.java:34)\nE       \tat org.openqa.selenium.remote.http.Filter$1.execute(Filter.java:63)\nE       \tat org.openqa.selenium.remote.http.Route$CombinedRoute.handle(Route.java:360)\nE       \tat org.openqa.selenium.remote.http.Route.execute(Route.java:69)\nE       \tat org.openqa.selenium.remote.AddWebDriverSpecHeaders.lambda$apply$0(AddWebDriverSpecHeaders.java:35)\nE       \tat org.openqa.selenium.remote.ErrorFilter.lambda$apply$0(ErrorFilter.java:44)\nE       \tat org.openqa.selenium.remote.http.Filter$1.execute(Filter.java:63)\nE       \tat org.openqa.selenium.remote.ErrorFilter.lambda$apply$0(ErrorFilter.java:44)\nE       \tat org.openqa.selenium.remote.http.Filter$1.execute(Filter.java:63)\nE       \tat org.openqa.selenium.netty.server.SeleniumHandler.lambda$channelRead0$0(SeleniumHandler.java:44)\nE       \tat java.base/java.util.concurrent.Executors$RunnableAdapter.call(Executors.java:539)\nE       \tat java.base/java.util.concurrent.FutureTask.run(FutureTask.java:264)\nE       \tat java.base/java.util.concurrent.ThreadPoolExecutor.runWorker(ThreadPoolExecutor.java:1136)\nE       \tat java.base/java.util.concurrent.ThreadPoolExecutor$Worker.run(ThreadPoolExecutor.java:635)\nE       \tat java.base/java.lang.Thread.run(Thread.java:840)\nE       Caused by: java.util.concurrent.TimeoutException\nE       \tat java.base/java.util.concurrent.CompletableFuture.timedGet(CompletableFuture.java:1960)\nE       \tat java.base/java.util.concurrent.CompletableFuture.get(CompletableFuture.java:2095)\nE       \tat org.openqa.selenium.remote.http.jdk.JdkHttpClient.execute0(JdkHttpClient.java:401)\nE       \tat org.openqa.selenium.remote.http.AddSeleniumUserAgent.lambda$apply$0(AddSeleniumUserAgent.java:42)\nE       \tat org.openqa.selenium.remote.http.Filter.lambda$andFinally$1(Filter.java:55)\nE       \tat org.openqa.selenium.remote.http.jdk.JdkHttpClient.execute(JdkHttpClient.java:374)\nE       \tat org.openqa.selenium.remote.tracing.TracedHttpClient.execute(TracedHttpClient.java:54)\nE       \tat org.openqa.selenium.grid.web.ReverseProxyHandler.execute(ReverseProxyHandler.java:90)\nE       \tat org.openqa.selenium.grid.node.DefaultActiveSession.execute(DefaultActiveSession.java:62)\nE       \tat org.openqa.selenium.grid.node.local.SessionSlot.execute(SessionSlot.java:126)\nE       \tat org.openqa.selenium.grid.node.local.LocalNode.executeWebDriverCommand(LocalNode.java:633)\nE       \tat org.openqa.selenium.grid.node.ForwardWebDriverCommand.execute(ForwardWebDriverCommand.java:35)\nE       \tat org.openqa.selenium.remote.http.Route$PredicatedRoute.handle(Route.java:397)\nE       \tat org.openqa.selenium.remote.http.Route.execute(Route.java:69)\nE       \tat org.openqa.selenium.remote.tracing.SpanWrappedHttpHandler.execute(SpanWrappedHttpHandler.java:87)\nE       \tat org.openqa.selenium.remote.http.Filter$1.execute(Filter.java:63)\nE       \tat org.openqa.selenium.remote.http.Route$CombinedRoute.handle(Route.java:360)\nE       \tat org.openqa.selenium.remote.http.Route.execute(Route.java:69)\nE       \tat org.openqa.selenium.grid.node.Node.execute(Node.java:270)\nE       \tat org.openqa.selenium.grid.web.CombinedHandler.execute(CombinedHandler.java:55)\nE       \tat org.openqa.selenium.grid.web.RoutableHttpClientFactory$1.execute(RoutableHttpClientFactory.java:71)\nE       \tat org.openqa.selenium.grid.web.ReverseProxyHandler.execute(ReverseProxyHandler.java:90)\nE       \tat org.openqa.selenium.grid.router.HandleSession.execute(HandleSession.java:181)\nE       \t... 20 more\n\n../../../.cache/pypoetry/virtualenvs/uk-bin-collection-EwS6Gn8s-py3.11/lib/python3.11/site-packages/selenium/webdriver/remote/errorhandler.py:229: WebDriverException\n\nDuring handling of the above exception, another exception occurred:\n\nfixturefunc = <function scrape_step at 0x7f634a0404a0>\nrequest = <FixtureRequest for <Function test_scenario_outline[PrestonCityCouncil]>>\nkwargs = {'context': <test_validate_council.Context object at 0x7f6349ea4d90>, 'headless_mode': 'True', 'local_browser': 'False', 'selenium_url': 'http://localhost:4444'}\n\n    def call_fixture_func(\n        fixturefunc: _FixtureFunc[FixtureValue], request: FixtureRequest, kwargs\n    ) -> FixtureValue:\n        if is_generator(fixturefunc):\n            fixturefunc = cast(\n                Callable[..., Generator[FixtureValue, None, None]], fixturefunc\n            )\n            generator = fixturefunc(**kwargs)\n            try:\n                fixture_result = next(generator)\n            except StopIteration:\n                raise ValueError(f\"{request.fixturename} did not yield a value\") from None\n            finalizer = functools.partial(_teardown_yield_fixture, fixturefunc, generator)\n            request.addfinalizer(finalizer)\n        else:\n            fixturefunc = cast(Callable[..., FixtureValue], fixturefunc)\n>           fixture_result = fixturefunc(**kwargs)\n\n../../../.cache/pypoetry/virtualenvs/uk-bin-collection-EwS6Gn8s-py3.11/lib/python3.11/site-packages/_pytest/fixtures.py:897: \n_ _ _ _ _ _ _ _ _ _ _ _ _ _ _ _ _ _ _ _ _ _ _ _ _ _ _ _ _ _ _ _ _ _ _ _ _ _ _ _ \nuk_bin_collection/tests/step_defs/test_validate_council.py:100: in scrape_step\n    context.parse_result = CollectData.run()\nuk_bin_collection/uk_bin_collection/collect_data.py:101: in run\n    return self.client_code(\nuk_bin_collection/uk_bin_collection/collect_data.py:121: in client_code\n    return get_bin_data_class.template_method(address_url, **kwargs)\nuk_bin_collection/uk_bin_collection/get_bin_data.py:61: in template_method\n    bin_data_dict = self.get_and_parse_data(this_url, **kwargs)\nuk_bin_collection/uk_bin_collection/get_bin_data.py:84: in get_and_parse_data\n    bin_data_dict = self.parse_data(\"\", url=address_url, **kwargs)\nuk_bin_collection/uk_bin_collection/councils/PrestonCityCouncil.py:96: in parse_data\n    driver.quit()\n../../../.cache/pypoetry/virtualenvs/uk-bin-collection-EwS6Gn8s-py3.11/lib/python3.11/site-packages/selenium/webdriver/remote/webdriver.py:476: in quit\n    self.execute(Command.QUIT)\n../../../.cache/pypoetry/virtualenvs/uk-bin-collection-EwS6Gn8s-py3.11/lib/python3.11/site-packages/selenium/webdriver/remote/webdriver.py:354: in execute\n    self.error_handler.check_response(response)\n_ _ _ _ _ _ _ _ _ _ _ _ _ _ _ _ _ _ _ _ _ _ _ _ _ _ _ _ _ _ _ _ _ _ _ _ _ _ _ _ \n\nself = <selenium.webdriver.remote.errorhandler.ErrorHandler object at 0x7f63493a3290>\nresponse = {'status': 404, 'value': '{\\n  \"value\": \"\\\\u002fsession\\\\u002f030cccd09ac7ae2bd0b65e130a6ac3c3\",\\n  \"message\": \"Unable...002fsession\\\\u002f030cccd09ac7ae2bd0b65e130a6ac3c3\",\\n  \"error\": \"org.openqa.selenium.UnsupportedCommandException\"\\n}'}\n\n    def check_response(self, response: Dict[str, Any]) -> None:\n        \"\"\"Checks that a JSON response from the WebDriver does not have an\n        error.\n    \n        :Args:\n         - response - The JSON response from the WebDriver server as a dictionary\n           object.\n    \n        :Raises: If the response contains an error message.\n        \"\"\"\n        status = response.get(\"status\", None)\n        if not status or status == ErrorCode.SUCCESS:\n            return\n        value = None\n        message = response.get(\"message\", \"\")\n        screen: str = response.get(\"screen\", \"\")\n        stacktrace = None\n        if isinstance(status, int):\n            value_json = response.get(\"value\", None)\n            if value_json and isinstance(value_json, str):\n                import json\n    \n                try:\n                    value = json.loads(value_json)\n                    if len(value) == 1:\n                        value = value[\"value\"]\n                    status = value.get(\"error\", None)\n                    if not status:\n                        status = value.get(\"status\", ErrorCode.UNKNOWN_ERROR)\n                        message = value.get(\"value\") or value.get(\"message\")\n                        if not isinstance(message, str):\n                            value = message\n                            message = message.get(\"message\")\n                    else:\n                        message = value.get(\"message\", None)\n                except ValueError:\n                    pass\n    \n        exception_class: Type[WebDriverException]\n        e = ErrorCode()\n        error_codes = [item for item in dir(e) if not item.startswith(\"__\")]\n        for error_code in error_codes:\n            error_info = getattr(ErrorCode, error_code)\n            if isinstance(error_info, list) and status in error_info:\n                exception_class = getattr(ExceptionMapping, error_code, WebDriverException)\n                break\n        else:\n            exception_class = WebDriverException\n    \n        if not value:\n            value = response[\"value\"]\n        if isinstance(value, str):\n            raise exception_class(value)\n        if message == \"\" and \"message\" in value:\n            message = value[\"message\"]\n    \n        screen = None  # type: ignore[assignment]\n        if \"screen\" in value:\n            screen = value[\"screen\"]\n    \n        stacktrace = None\n        st_value = value.get(\"stackTrace\") or value.get(\"stacktrace\")\n        if st_value:\n            if isinstance(st_value, str):\n                stacktrace = st_value.split(\"\\n\")\n            else:\n                stacktrace = []\n                try:\n                    for frame in st_value:\n                        line = frame.get(\"lineNumber\", \"\")\n                        file = frame.get(\"fileName\", \"<anonymous>\")\n                        if line:\n                            file = f\"{file}:{line}\"\n                        meth = frame.get(\"methodName\", \"<anonymous>\")\n                        if \"className\" in frame:\n                            meth = f\"{frame['className']}.{meth}\"\n                        msg = \"    at %s (%s)\"\n                        msg = msg % (meth, file)\n                        stacktrace.append(msg)\n                except TypeError:\n                    pass\n        if exception_class == UnexpectedAlertPresentException:\n            alert_text = None\n            if \"data\" in value:\n                alert_text = value[\"data\"].get(\"text\")\n            elif \"alert\" in value:\n                alert_text = value[\"alert\"].get(\"text\")\n            raise exception_class(message, screen, stacktrace, alert_text)  # type: ignore[call-arg]  # mypy is not smart enough here\n>       raise exception_class(message, screen, stacktrace)\nE       selenium.common.exceptions.WebDriverException: Message: Unable to route (DELETE) /session/030cccd09ac7ae2bd0b65e130a6ac3c3\n\n../../../.cache/pypoetry/virtualenvs/uk-bin-collection-EwS6Gn8s-py3.11/lib/python3.11/site-packages/selenium/webdriver/remote/errorhandler.py:229: WebDriverException","steps":[{"name":"Given the council","time":{"start":1725311162852,"stop":1725311162852,"duration":0},"status":"passed","steps":[],"attachments":[],"parameters":[],"shouldDisplayMessage":false,"stepsCount":0,"attachmentsCount":0,"hasContent":false,"attachmentStep":false},{"name":"When we scrape the data from the council","time":{"start":1725311162853,"stop":1725311476864,"duration":314011},"status":"failed","statusMessage":"Message: Unable to route (DELETE) /session/030cccd09ac7ae2bd0b65e130a6ac3c3\n","statusTrace":"selenium.common.exceptions.WebDriverException: Message: Unable to route (DELETE) /session/030cccd09ac7ae2bd0b65e130a6ac3c3\n\n","steps":[],"attachments":[],"parameters":[],"shouldDisplayMessage":true,"stepsCount":0,"attachmentsCount":0,"hasContent":true,"attachmentStep":false}],"attachments":[{"uid":"94595d9dec39990a","name":"stdout","source":"94595d9dec39990a.txt","type":"text/plain","size":4381}],"parameters":[],"shouldDisplayMessage":true,"stepsCount":2,"attachmentsCount":1,"hasContent":true,"attachmentStep":false},"afterStages":[],"labels":[{"name":"host","value":"fv-az774-457"},{"name":"thread","value":"2699-MainThread"},{"name":"framework","value":"pytest-bdd"},{"name":"language","value":"cpython3"},{"name":"feature","value":"Test each council output matches expected results"},{"name":"resultFormat","value":"allure2"}],"parameters":[{"name":"council","value":"PrestonCityCouncil"}],"links":[],"hidden":false,"retry":false,"extra":{"severity":"normal","retries":[],"categories":[{"name":"Product defects","matchedStatuses":[],"flaky":false}],"history":{"statistic":{"failed":298,"broken":0,"skipped":0,"passed":1,"unknown":0,"total":299},"items":[{"uid":"3974e623be4c3cfa","reportUrl":"https://robbrad.github.io/UKBinCollectionData/3.11/2060//#testresult/3974e623be4c3cfa","status":"failed","statusDetails":"selenium.common.exceptions.WebDriverException: Message: Unable to route (DELETE) /session/e637177dddc49f7cb1670d96660c7f09","time":{"start":1725308334293,"stop":1725308654842,"duration":320549}},{"uid":"dd4ed645a9b21958","reportUrl":"https://robbrad.github.io/UKBinCollectionData/3.11/2059//#testresult/dd4ed645a9b21958","status":"failed","statusDetails":"selenium.common.exceptions.WebDriverException: Message: Unable to route (DELETE) /session/ddf627baa5cef53c5ff12662f2762b2c","time":{"start":1725308259985,"stop":1725308572657,"duration":312672}},{"uid":"28311a72ec5707d4","reportUrl":"https://robbrad.github.io/UKBinCollectionData/3.11/2054//#testresult/28311a72ec5707d4","status":"failed","statusDetails":"selenium.common.exceptions.SessionNotCreatedException: Message: Could not start a new session. New session request timed out \nHost info: host: 'selenium', ip: '172.18.0.2'\nBuild info: version: '4.24.0', revision: '748ffc9bc3'\nSystem info: os.name: 'Linux', os.arch: 'amd64', os.version: '6.5.0-1025-azure', java.version: '17.0.12'\nDriver info: driver.version: unknown\nStacktrace:\n    at org.openqa.selenium.grid.sessionqueue.local.LocalNewSessionQueue.addToQueue (LocalNewSessionQueue.java:221)\n    at org.openqa.selenium.grid.sessionqueue.NewSessionQueue.lambda$new$0 (NewSessionQueue.java:68)\n    at org.openqa.selenium.remote.http.Route$TemplatizedRoute.handle (Route.java:192)\n    at org.openqa.selenium.remote.http.Route.execute (Route.java:69)\n    at org.openqa.selenium.remote.http.Route$CombinedRoute.handle (Route.java:360)\n    at org.openqa.selenium.remote.http.Route.execute (Route.java:69)\n    at org.openqa.selenium.grid.sessionqueue.NewSessionQueue.execute (NewSessionQueue.java:128)\n    at org.openqa.selenium.remote.tracing.SpanWrappedHttpHandler.execute (SpanWrappedHttpHandler.java:87)\n    at org.openqa.selenium.remote.http.Filter$1.execute (Filter.java:63)\n    at org.openqa.selenium.remote.http.Route$CombinedRoute.handle (Route.java:360)\n    at org.openqa.selenium.remote.http.Route.execute (Route.java:69)\n    at org.openqa.selenium.grid.router.Router.execute (Router.java:87)\n    at org.openqa.selenium.grid.web.EnsureSpecCompliantResponseHeaders.lambda$apply$0 (EnsureSpecCompliantResponseHeaders.java:34)\n    at org.openqa.selenium.remote.http.Filter$1.execute (Filter.java:63)\n    at org.openqa.selenium.remote.http.Route$CombinedRoute.handle (Route.java:360)\n    at org.openqa.selenium.remote.http.Route.execute (Route.java:69)\n    at org.openqa.selenium.remote.AddWebDriverSpecHeaders.lambda$apply$0 (AddWebDriverSpecHeaders.java:35)\n    at org.openqa.selenium.remote.ErrorFilter.lambda$apply$0 (ErrorFilter.java:44)\n    at org.openqa.selenium.remote.http.Filter$1.execute (Filter.java:63)\n    at org.openqa.selenium.remote.ErrorFilter.lambda$apply$0 (ErrorFilter.java:44)\n    at org.openqa.selenium.remote.http.Filter$1.execute (Filter.java:63)\n    at org.openqa.selenium.netty.server.SeleniumHandler.lambda$channelRead0$0 (SeleniumHandler.java:44)\n    at java.util.concurrent.Executors$RunnableAdapter.call (Executors.java:539)\n    at java.util.concurrent.FutureTask.run (FutureTask.java:264)\n    at java.util.concurrent.ThreadPoolExecutor.runWorker (ThreadPoolExecutor.java:1136)\n    at java.util.concurrent.ThreadPoolExecutor$Worker.run (ThreadPoolExecutor.java:635)\n    at java.lang.Thread.run (Thread.java:840)","time":{"start":1725236385570,"stop":1725236685606,"duration":300036}},{"uid":"7bd1a788df2c6e69","reportUrl":"https://robbrad.github.io/UKBinCollectionData/3.11/2053//#testresult/7bd1a788df2c6e69","status":"failed","statusDetails":"selenium.common.exceptions.WebDriverException: Message: Unable to route (DELETE) /session/2cc5678bfc511abf8dc6a1ba196559b3","time":{"start":1725150046069,"stop":1725150369309,"duration":323240}},{"uid":"23da02701ad8826d","reportUrl":"https://robbrad.github.io/UKBinCollectionData/3.11/2052//#testresult/23da02701ad8826d","status":"failed","statusDetails":"selenium.common.exceptions.SessionNotCreatedException: Message: Could not start a new session. New session request timed out \nHost info: host: 'selenium', ip: '172.18.0.2'\nBuild info: version: '4.24.0', revision: '748ffc9bc3'\nSystem info: os.name: 'Linux', os.arch: 'amd64', os.version: '6.5.0-1025-azure', java.version: '17.0.12'\nDriver info: driver.version: unknown\nStacktrace:\n    at org.openqa.selenium.grid.sessionqueue.local.LocalNewSessionQueue.addToQueue (LocalNewSessionQueue.java:221)\n    at org.openqa.selenium.grid.sessionqueue.NewSessionQueue.lambda$new$0 (NewSessionQueue.java:68)\n    at org.openqa.selenium.remote.http.Route$TemplatizedRoute.handle (Route.java:192)\n    at org.openqa.selenium.remote.http.Route.execute (Route.java:69)\n    at org.openqa.selenium.remote.http.Route$CombinedRoute.handle (Route.java:360)\n    at org.openqa.selenium.remote.http.Route.execute (Route.java:69)\n    at org.openqa.selenium.grid.sessionqueue.NewSessionQueue.execute (NewSessionQueue.java:128)\n    at org.openqa.selenium.remote.tracing.SpanWrappedHttpHandler.execute (SpanWrappedHttpHandler.java:87)\n    at org.openqa.selenium.remote.http.Filter$1.execute (Filter.java:63)\n    at org.openqa.selenium.remote.http.Route$CombinedRoute.handle (Route.java:360)\n    at org.openqa.selenium.remote.http.Route.execute (Route.java:69)\n    at org.openqa.selenium.grid.router.Router.execute (Router.java:87)\n    at org.openqa.selenium.grid.web.EnsureSpecCompliantResponseHeaders.lambda$apply$0 (EnsureSpecCompliantResponseHeaders.java:34)\n    at org.openqa.selenium.remote.http.Filter$1.execute (Filter.java:63)\n    at org.openqa.selenium.remote.http.Route$CombinedRoute.handle (Route.java:360)\n    at org.openqa.selenium.remote.http.Route.execute (Route.java:69)\n    at org.openqa.selenium.remote.AddWebDriverSpecHeaders.lambda$apply$0 (AddWebDriverSpecHeaders.java:35)\n    at org.openqa.selenium.remote.ErrorFilter.lambda$apply$0 (ErrorFilter.java:44)\n    at org.openqa.selenium.remote.http.Filter$1.execute (Filter.java:63)\n    at org.openqa.selenium.remote.ErrorFilter.lambda$apply$0 (ErrorFilter.java:44)\n    at org.openqa.selenium.remote.http.Filter$1.execute (Filter.java:63)\n    at org.openqa.selenium.netty.server.SeleniumHandler.lambda$channelRead0$0 (SeleniumHandler.java:44)\n    at java.util.concurrent.Executors$RunnableAdapter.call (Executors.java:539)\n    at java.util.concurrent.FutureTask.run (FutureTask.java:264)\n    at java.util.concurrent.ThreadPoolExecutor.runWorker (ThreadPoolExecutor.java:1136)\n    at java.util.concurrent.ThreadPoolExecutor$Worker.run (ThreadPoolExecutor.java:635)\n    at java.lang.Thread.run (Thread.java:840)","time":{"start":1725063686472,"stop":1725063986501,"duration":300029}},{"uid":"d3db9876bd1f8679","reportUrl":"https://robbrad.github.io/UKBinCollectionData/3.11/2051//#testresult/d3db9876bd1f8679","status":"failed","statusDetails":"selenium.common.exceptions.WebDriverException: Message: Unable to route (DELETE) /session/d1aeafb367ac3dc19ccd79c672c714db","time":{"start":1724977149597,"stop":1724977488329,"duration":338732}},{"uid":"2af8043a19d08166","reportUrl":"https://robbrad.github.io/UKBinCollectionData/3.11/2049//#testresult/2af8043a19d08166","status":"failed","statusDetails":"selenium.common.exceptions.WebDriverException: Message: unknown error: net::ERR_CONNECTION_TIMED_OUT\n  (Session info: chrome-headless-shell=127.0.6533.119)\nStacktrace:\n#0 0x55f8d4cc16ca <unknown>\n#1 0x55f8d4992600 <unknown>\n#2 0x55f8d498a631 <unknown>\n#3 0x55f8d497a839 <unknown>\n#4 0x55f8d497c5c4 <unknown>\n#5 0x55f8d497ab05 <unknown>\n#6 0x55f8d497a35f <unknown>\n#7 0x55f8d497a252 <unknown>\n#8 0x55f8d497856c <unknown>\n#9 0x55f8d49788ea <unknown>\n#10 0x55f8d4994f21 <unknown>\n#11 0x55f8d4a23b45 <unknown>\n#12 0x55f8d4a048a2 <unknown>\n#13 0x55f8d4a2304a <unknown>\n#14 0x55f8d4a04643 <unknown>\n#15 0x55f8d49d4d31 <unknown>\n#16 0x55f8d49d579e <unknown>\n#17 0x55f8d4c8925b <unknown>\n#18 0x55f8d4c8d1f2 <unknown>\n#19 0x55f8d4c76615 <unknown>\n#20 0x55f8d4c8dd82 <unknown>\n#21 0x55f8d4c5b25f <unknown>\n#22 0x55f8d4cb0e68 <unknown>\n#23 0x55f8d4cb1040 <unknown>\n#24 0x55f8d4cc049c <unknown>\n#25 0x7f6405a57a94 <unknown>\n#26 0x7f6405ae4a34 __clone","time":{"start":1724890777622,"stop":1724890918163,"duration":140541}},{"uid":"27ab7c0f516242c6","reportUrl":"https://robbrad.github.io/UKBinCollectionData/3.11/2048//#testresult/27ab7c0f516242c6","status":"failed","statusDetails":"selenium.common.exceptions.WebDriverException: Message: unknown error: net::ERR_CONNECTION_TIMED_OUT\n  (Session info: chrome-headless-shell=127.0.6533.119)\nStacktrace:\n#0 0x5575056d76ca <unknown>\n#1 0x5575053a8600 <unknown>\n#2 0x5575053a0631 <unknown>\n#3 0x557505390839 <unknown>\n#4 0x5575053925c4 <unknown>\n#5 0x557505390b05 <unknown>\n#6 0x55750539035f <unknown>\n#7 0x557505390252 <unknown>\n#8 0x55750538e56c <unknown>\n#9 0x55750538e8ea <unknown>\n#10 0x5575053aaf21 <unknown>\n#11 0x557505439b45 <unknown>\n#12 0x55750541a8a2 <unknown>\n#13 0x55750543904a <unknown>\n#14 0x55750541a643 <unknown>\n#15 0x5575053ead31 <unknown>\n#16 0x5575053eb79e <unknown>\n#17 0x55750569f25b <unknown>\n#18 0x5575056a31f2 <unknown>\n#19 0x55750568c615 <unknown>\n#20 0x5575056a3d82 <unknown>\n#21 0x55750567125f <unknown>\n#22 0x5575056c6e68 <unknown>\n#23 0x5575056c7040 <unknown>\n#24 0x5575056d649c <unknown>\n#25 0x7f1f7b63ba94 <unknown>\n#26 0x7f1f7b6c8a34 __clone","time":{"start":1724804290489,"stop":1724804455028,"duration":164539}},{"uid":"4a1c3bdaa1e758d2","reportUrl":"https://robbrad.github.io/UKBinCollectionData/3.11/2043//#testresult/4a1c3bdaa1e758d2","status":"failed","statusDetails":"selenium.common.exceptions.WebDriverException: Message: unknown error: net::ERR_CONNECTION_TIMED_OUT\n  (Session info: chrome-headless-shell=127.0.6533.119)\nStacktrace:\n#0 0x5610be5656ca <unknown>\n#1 0x5610be236600 <unknown>\n#2 0x5610be22e631 <unknown>\n#3 0x5610be21e839 <unknown>\n#4 0x5610be2205c4 <unknown>\n#5 0x5610be21eb05 <unknown>\n#6 0x5610be21e35f <unknown>\n#7 0x5610be21e252 <unknown>\n#8 0x5610be21c56c <unknown>\n#9 0x5610be21c8ea <unknown>\n#10 0x5610be238f21 <unknown>\n#11 0x5610be2c7b45 <unknown>\n#12 0x5610be2a88a2 <unknown>\n#13 0x5610be2c704a <unknown>\n#14 0x5610be2a8643 <unknown>\n#15 0x5610be278d31 <unknown>\n#16 0x5610be27979e <unknown>\n#17 0x5610be52d25b <unknown>\n#18 0x5610be5311f2 <unknown>\n#19 0x5610be51a615 <unknown>\n#20 0x5610be531d82 <unknown>\n#21 0x5610be4ff25f <unknown>\n#22 0x5610be554e68 <unknown>\n#23 0x5610be555040 <unknown>\n#24 0x5610be56449c <unknown>\n#25 0x7fbe2ffdaa94 <unknown>\n#26 0x7fbe30067a34 __clone","time":{"start":1724717896251,"stop":1724718040345,"duration":144094}},{"uid":"aadb5efa10c7a95e","reportUrl":"https://robbrad.github.io/UKBinCollectionData/3.11/2039//#testresult/aadb5efa10c7a95e","status":"failed","statusDetails":"selenium.common.exceptions.WebDriverException: Message: unknown error: net::ERR_CONNECTION_TIMED_OUT\n  (Session info: chrome-headless-shell=127.0.6533.119)\nStacktrace:\n#0 0x55c92d9326ca <unknown>\n#1 0x55c92d603600 <unknown>\n#2 0x55c92d5fb631 <unknown>\n#3 0x55c92d5eb839 <unknown>\n#4 0x55c92d5ed5c4 <unknown>\n#5 0x55c92d5ebb05 <unknown>\n#6 0x55c92d5eb35f <unknown>\n#7 0x55c92d5eb252 <unknown>\n#8 0x55c92d5e956c <unknown>\n#9 0x55c92d5e98ea <unknown>\n#10 0x55c92d605f21 <unknown>\n#11 0x55c92d694b45 <unknown>\n#12 0x55c92d6758a2 <unknown>\n#13 0x55c92d69404a <unknown>\n#14 0x55c92d675643 <unknown>\n#15 0x55c92d645d31 <unknown>\n#16 0x55c92d64679e <unknown>\n#17 0x55c92d8fa25b <unknown>\n#18 0x55c92d8fe1f2 <unknown>\n#19 0x55c92d8e7615 <unknown>\n#20 0x55c92d8fed82 <unknown>\n#21 0x55c92d8cc25f <unknown>\n#22 0x55c92d921e68 <unknown>\n#23 0x55c92d922040 <unknown>\n#24 0x55c92d93149c <unknown>\n#25 0x7ff748ee3a94 <unknown>\n#26 0x7ff748f70a34 __clone","time":{"start":1724631542312,"stop":1724631692771,"duration":150459}},{"uid":"600132cdd6d91624","reportUrl":"https://robbrad.github.io/UKBinCollectionData/3.11/2038//#testresult/600132cdd6d91624","status":"failed","statusDetails":"selenium.common.exceptions.WebDriverException: Message: unknown error: net::ERR_CONNECTION_TIMED_OUT\n  (Session info: chrome-headless-shell=127.0.6533.119)\nStacktrace:\n#0 0x55c25ed6f6ca <unknown>\n#1 0x55c25ea40600 <unknown>\n#2 0x55c25ea38631 <unknown>\n#3 0x55c25ea28839 <unknown>\n#4 0x55c25ea2a5c4 <unknown>\n#5 0x55c25ea28b05 <unknown>\n#6 0x55c25ea2835f <unknown>\n#7 0x55c25ea28252 <unknown>\n#8 0x55c25ea2656c <unknown>\n#9 0x55c25ea268ea <unknown>\n#10 0x55c25ea42f21 <unknown>\n#11 0x55c25ead1b45 <unknown>\n#12 0x55c25eab28a2 <unknown>\n#13 0x55c25ead104a <unknown>\n#14 0x55c25eab2643 <unknown>\n#15 0x55c25ea82d31 <unknown>\n#16 0x55c25ea8379e <unknown>\n#17 0x55c25ed3725b <unknown>\n#18 0x55c25ed3b1f2 <unknown>\n#19 0x55c25ed24615 <unknown>\n#20 0x55c25ed3bd82 <unknown>\n#21 0x55c25ed0925f <unknown>\n#22 0x55c25ed5ee68 <unknown>\n#23 0x55c25ed5f040 <unknown>\n#24 0x55c25ed6e49c <unknown>\n#25 0x7fef0439fa94 <unknown>\n#26 0x7fef0442ca34 __clone","time":{"start":1724545019999,"stop":1724545193625,"duration":173626}},{"uid":"7211af126a27a848","reportUrl":"https://robbrad.github.io/UKBinCollectionData/3.11/2037//#testresult/7211af126a27a848","status":"failed","statusDetails":"selenium.common.exceptions.WebDriverException: Message: unknown error: net::ERR_CONNECTION_TIMED_OUT\n  (Session info: chrome-headless-shell=127.0.6533.119)\nStacktrace:\n#0 0x556fdd1ae6ca <unknown>\n#1 0x556fdce7f600 <unknown>\n#2 0x556fdce77631 <unknown>\n#3 0x556fdce67839 <unknown>\n#4 0x556fdce695c4 <unknown>\n#5 0x556fdce67b05 <unknown>\n#6 0x556fdce6735f <unknown>\n#7 0x556fdce67252 <unknown>\n#8 0x556fdce6556c <unknown>\n#9 0x556fdce658ea <unknown>\n#10 0x556fdce81f21 <unknown>\n#11 0x556fdcf10b45 <unknown>\n#12 0x556fdcef18a2 <unknown>\n#13 0x556fdcf1004a <unknown>\n#14 0x556fdcef1643 <unknown>\n#15 0x556fdcec1d31 <unknown>\n#16 0x556fdcec279e <unknown>\n#17 0x556fdd17625b <unknown>\n#18 0x556fdd17a1f2 <unknown>\n#19 0x556fdd163615 <unknown>\n#20 0x556fdd17ad82 <unknown>\n#21 0x556fdd14825f <unknown>\n#22 0x556fdd19de68 <unknown>\n#23 0x556fdd19e040 <unknown>\n#24 0x556fdd1ad49c <unknown>\n#25 0x7f4161f0ea94 <unknown>\n#26 0x7f4161f9ba34 __clone","time":{"start":1724458686475,"stop":1724458870060,"duration":183585}},{"uid":"64beb58b556eed32","reportUrl":"https://robbrad.github.io/UKBinCollectionData/3.11/2036//#testresult/64beb58b556eed32","status":"failed","statusDetails":"selenium.common.exceptions.WebDriverException: Message: unknown error: net::ERR_CONNECTION_TIMED_OUT\n  (Session info: chrome-headless-shell=127.0.6533.119)\nStacktrace:\n#0 0x55ed7fd5c6ca <unknown>\n#1 0x55ed7fa2d600 <unknown>\n#2 0x55ed7fa25631 <unknown>\n#3 0x55ed7fa15839 <unknown>\n#4 0x55ed7fa175c4 <unknown>\n#5 0x55ed7fa15b05 <unknown>\n#6 0x55ed7fa1535f <unknown>\n#7 0x55ed7fa15252 <unknown>\n#8 0x55ed7fa1356c <unknown>\n#9 0x55ed7fa138ea <unknown>\n#10 0x55ed7fa2ff21 <unknown>\n#11 0x55ed7fabeb45 <unknown>\n#12 0x55ed7fa9f8a2 <unknown>\n#13 0x55ed7fabe04a <unknown>\n#14 0x55ed7fa9f643 <unknown>\n#15 0x55ed7fa6fd31 <unknown>\n#16 0x55ed7fa7079e <unknown>\n#17 0x55ed7fd2425b <unknown>\n#18 0x55ed7fd281f2 <unknown>\n#19 0x55ed7fd11615 <unknown>\n#20 0x55ed7fd28d82 <unknown>\n#21 0x55ed7fcf625f <unknown>\n#22 0x55ed7fd4be68 <unknown>\n#23 0x55ed7fd4c040 <unknown>\n#24 0x55ed7fd5b49c <unknown>\n#25 0x7f09bbf58a94 <unknown>\n#26 0x7f09bbfe5a34 __clone","time":{"start":1724372276817,"stop":1724372439056,"duration":162239}},{"uid":"c235d83fc9393bce","reportUrl":"https://robbrad.github.io/UKBinCollectionData/3.11/2034//#testresult/c235d83fc9393bce","status":"failed","statusDetails":"selenium.common.exceptions.WebDriverException: Message: unknown error: net::ERR_CONNECTION_TIMED_OUT\n  (Session info: chrome-headless-shell=127.0.6533.119)\nStacktrace:\n#0 0x55b8a19756ca <unknown>\n#1 0x55b8a1646600 <unknown>\n#2 0x55b8a163e631 <unknown>\n#3 0x55b8a162e839 <unknown>\n#4 0x55b8a16305c4 <unknown>\n#5 0x55b8a162eb05 <unknown>\n#6 0x55b8a162e35f <unknown>\n#7 0x55b8a162e252 <unknown>\n#8 0x55b8a162c56c <unknown>\n#9 0x55b8a162c8ea <unknown>\n#10 0x55b8a1648f21 <unknown>\n#11 0x55b8a16d7b45 <unknown>\n#12 0x55b8a16b88a2 <unknown>\n#13 0x55b8a16d704a <unknown>\n#14 0x55b8a16b8643 <unknown>\n#15 0x55b8a1688d31 <unknown>\n#16 0x55b8a168979e <unknown>\n#17 0x55b8a193d25b <unknown>\n#18 0x55b8a19411f2 <unknown>\n#19 0x55b8a192a615 <unknown>\n#20 0x55b8a1941d82 <unknown>\n#21 0x55b8a190f25f <unknown>\n#22 0x55b8a1964e68 <unknown>\n#23 0x55b8a1965040 <unknown>\n#24 0x55b8a197449c <unknown>\n#25 0x7fb919c00a94 <unknown>\n#26 0x7fb919c8da34 __clone","time":{"start":1724285875841,"stop":1724286019689,"duration":143848}},{"uid":"4b789ea3a1f26e24","reportUrl":"https://robbrad.github.io/UKBinCollectionData/3.11/2033//#testresult/4b789ea3a1f26e24","status":"failed","statusDetails":"selenium.common.exceptions.WebDriverException: Message: unknown error: net::ERR_CONNECTION_TIMED_OUT\n  (Session info: chrome-headless-shell=127.0.6533.119)\nStacktrace:\n#0 0x55825189e6ca <unknown>\n#1 0x55825156f600 <unknown>\n#2 0x558251567631 <unknown>\n#3 0x558251557839 <unknown>\n#4 0x5582515595c4 <unknown>\n#5 0x558251557b05 <unknown>\n#6 0x55825155735f <unknown>\n#7 0x558251557252 <unknown>\n#8 0x55825155556c <unknown>\n#9 0x5582515558ea <unknown>\n#10 0x558251571f21 <unknown>\n#11 0x558251600b45 <unknown>\n#12 0x5582515e18a2 <unknown>\n#13 0x55825160004a <unknown>\n#14 0x5582515e1643 <unknown>\n#15 0x5582515b1d31 <unknown>\n#16 0x5582515b279e <unknown>\n#17 0x55825186625b <unknown>\n#18 0x55825186a1f2 <unknown>\n#19 0x558251853615 <unknown>\n#20 0x55825186ad82 <unknown>\n#21 0x55825183825f <unknown>\n#22 0x55825188de68 <unknown>\n#23 0x55825188e040 <unknown>\n#24 0x55825189d49c <unknown>\n#25 0x7fc770544a94 <unknown>\n#26 0x7fc7705d1a34 __clone","time":{"start":1724199469125,"stop":1724199643200,"duration":174075}},{"uid":"1c7e96a615beaba1","reportUrl":"https://robbrad.github.io/UKBinCollectionData/3.11/2032//#testresult/1c7e96a615beaba1","status":"failed","statusDetails":"selenium.common.exceptions.WebDriverException: Message: unknown error: net::ERR_CONNECTION_TIMED_OUT\n  (Session info: chrome-headless-shell=127.0.6533.99)\nStacktrace:\n#0 0x5632439b66aa <unknown>\n#1 0x563243687600 <unknown>\n#2 0x56324367f631 <unknown>\n#3 0x56324366f839 <unknown>\n#4 0x5632436715c4 <unknown>\n#5 0x56324366fb05 <unknown>\n#6 0x56324366f35f <unknown>\n#7 0x56324366f252 <unknown>\n#8 0x56324366d56c <unknown>\n#9 0x56324366d8ea <unknown>\n#10 0x563243689f21 <unknown>\n#11 0x563243718b45 <unknown>\n#12 0x5632436f98a2 <unknown>\n#13 0x56324371804a <unknown>\n#14 0x5632436f9643 <unknown>\n#15 0x5632436c9d31 <unknown>\n#16 0x5632436ca79e <unknown>\n#17 0x56324397e23b <unknown>\n#18 0x5632439821d2 <unknown>\n#19 0x56324396b5f5 <unknown>\n#20 0x563243982d62 <unknown>\n#21 0x56324395023f <unknown>\n#22 0x5632439a5e48 <unknown>\n#23 0x5632439a6020 <unknown>\n#24 0x5632439b547c <unknown>\n#25 0x7f8b3c61aa94 <unknown>\n#26 0x7f8b3c6a7a34 __clone","time":{"start":1724113085611,"stop":1724113244406,"duration":158795}},{"uid":"1a87d3e19ef0c633","reportUrl":"https://robbrad.github.io/UKBinCollectionData/3.11/2031//#testresult/1a87d3e19ef0c633","status":"failed","statusDetails":"selenium.common.exceptions.WebDriverException: Message: unknown error: net::ERR_CONNECTION_TIMED_OUT\n  (Session info: chrome-headless-shell=127.0.6533.99)\nStacktrace:\n#0 0x5583ac55e6aa <unknown>\n#1 0x5583ac22f600 <unknown>\n#2 0x5583ac227631 <unknown>\n#3 0x5583ac217839 <unknown>\n#4 0x5583ac2195c4 <unknown>\n#5 0x5583ac217b05 <unknown>\n#6 0x5583ac21735f <unknown>\n#7 0x5583ac217252 <unknown>\n#8 0x5583ac21556c <unknown>\n#9 0x5583ac2158ea <unknown>\n#10 0x5583ac231f21 <unknown>\n#11 0x5583ac2c0b45 <unknown>\n#12 0x5583ac2a18a2 <unknown>\n#13 0x5583ac2c004a <unknown>\n#14 0x5583ac2a1643 <unknown>\n#15 0x5583ac271d31 <unknown>\n#16 0x5583ac27279e <unknown>\n#17 0x5583ac52623b <unknown>\n#18 0x5583ac52a1d2 <unknown>\n#19 0x5583ac5135f5 <unknown>\n#20 0x5583ac52ad62 <unknown>\n#21 0x5583ac4f823f <unknown>\n#22 0x5583ac54de48 <unknown>\n#23 0x5583ac54e020 <unknown>\n#24 0x5583ac55d47c <unknown>\n#25 0x7fea3c4dba94 <unknown>\n#26 0x7fea3c568a34 __clone","time":{"start":1724026654664,"stop":1724026799461,"duration":144797}},{"uid":"bf2a88afc30616d1","reportUrl":"https://robbrad.github.io/UKBinCollectionData/3.11/2030//#testresult/bf2a88afc30616d1","status":"failed","statusDetails":"selenium.common.exceptions.WebDriverException: Message: unknown error: net::ERR_CONNECTION_TIMED_OUT\n  (Session info: chrome-headless-shell=127.0.6533.99)\nStacktrace:\n#0 0x5591d7fee6aa <unknown>\n#1 0x5591d7cbf600 <unknown>\n#2 0x5591d7cb7631 <unknown>\n#3 0x5591d7ca7839 <unknown>\n#4 0x5591d7ca95c4 <unknown>\n#5 0x5591d7ca7b05 <unknown>\n#6 0x5591d7ca735f <unknown>\n#7 0x5591d7ca7252 <unknown>\n#8 0x5591d7ca556c <unknown>\n#9 0x5591d7ca58ea <unknown>\n#10 0x5591d7cc1f21 <unknown>\n#11 0x5591d7d50b45 <unknown>\n#12 0x5591d7d318a2 <unknown>\n#13 0x5591d7d5004a <unknown>\n#14 0x5591d7d31643 <unknown>\n#15 0x5591d7d01d31 <unknown>\n#16 0x5591d7d0279e <unknown>\n#17 0x5591d7fb623b <unknown>\n#18 0x5591d7fba1d2 <unknown>\n#19 0x5591d7fa35f5 <unknown>\n#20 0x5591d7fbad62 <unknown>\n#21 0x5591d7f8823f <unknown>\n#22 0x5591d7fdde48 <unknown>\n#23 0x5591d7fde020 <unknown>\n#24 0x5591d7fed47c <unknown>\n#25 0x7f046d830a94 <unknown>\n#26 0x7f046d8bda34 __clone","time":{"start":1723940288243,"stop":1723940475421,"duration":187178}},{"uid":"b01beacbf2ca67e9","reportUrl":"https://robbrad.github.io/UKBinCollectionData/3.11/2029//#testresult/b01beacbf2ca67e9","status":"failed","statusDetails":"selenium.common.exceptions.WebDriverException: Message: unknown error: net::ERR_CONNECTION_TIMED_OUT\n  (Session info: chrome-headless-shell=127.0.6533.99)\nStacktrace:\n#0 0x55a1d409d6aa <unknown>\n#1 0x55a1d3d6e600 <unknown>\n#2 0x55a1d3d66631 <unknown>\n#3 0x55a1d3d56839 <unknown>\n#4 0x55a1d3d585c4 <unknown>\n#5 0x55a1d3d56b05 <unknown>\n#6 0x55a1d3d5635f <unknown>\n#7 0x55a1d3d56252 <unknown>\n#8 0x55a1d3d5456c <unknown>\n#9 0x55a1d3d548ea <unknown>\n#10 0x55a1d3d70f21 <unknown>\n#11 0x55a1d3dffb45 <unknown>\n#12 0x55a1d3de08a2 <unknown>\n#13 0x55a1d3dff04a <unknown>\n#14 0x55a1d3de0643 <unknown>\n#15 0x55a1d3db0d31 <unknown>\n#16 0x55a1d3db179e <unknown>\n#17 0x55a1d406523b <unknown>\n#18 0x55a1d40691d2 <unknown>\n#19 0x55a1d40525f5 <unknown>\n#20 0x55a1d4069d62 <unknown>\n#21 0x55a1d403723f <unknown>\n#22 0x55a1d408ce48 <unknown>\n#23 0x55a1d408d020 <unknown>\n#24 0x55a1d409c47c <unknown>\n#25 0x7fd774b6fa94 <unknown>\n#26 0x7fd774bfca34 __clone","time":{"start":1723853966051,"stop":1723854107622,"duration":141571}},{"uid":"cd7be04fe82e501f","reportUrl":"https://robbrad.github.io/UKBinCollectionData/3.11/2028//#testresult/cd7be04fe82e501f","status":"failed","statusDetails":"selenium.common.exceptions.WebDriverException: Message: unknown error: net::ERR_CONNECTION_TIMED_OUT\n  (Session info: chrome-headless-shell=127.0.6533.99)\nStacktrace:\n#0 0x563d9c0ac6aa <unknown>\n#1 0x563d9bd7d600 <unknown>\n#2 0x563d9bd75631 <unknown>\n#3 0x563d9bd65839 <unknown>\n#4 0x563d9bd675c4 <unknown>\n#5 0x563d9bd65b05 <unknown>\n#6 0x563d9bd6535f <unknown>\n#7 0x563d9bd65252 <unknown>\n#8 0x563d9bd6356c <unknown>\n#9 0x563d9bd638ea <unknown>\n#10 0x563d9bd7ff21 <unknown>\n#11 0x563d9be0eb45 <unknown>\n#12 0x563d9bdef8a2 <unknown>\n#13 0x563d9be0e04a <unknown>\n#14 0x563d9bdef643 <unknown>\n#15 0x563d9bdbfd31 <unknown>\n#16 0x563d9bdc079e <unknown>\n#17 0x563d9c07423b <unknown>\n#18 0x563d9c0781d2 <unknown>\n#19 0x563d9c0615f5 <unknown>\n#20 0x563d9c078d62 <unknown>\n#21 0x563d9c04623f <unknown>\n#22 0x563d9c09be48 <unknown>\n#23 0x563d9c09c020 <unknown>\n#24 0x563d9c0ab47c <unknown>\n#25 0x7fa9792a0a94 <unknown>\n#26 0x7fa97932da34 __clone","time":{"start":1723767462014,"stop":1723767633774,"duration":171760}}]},"tags":[]},"source":"86e6c8e143434cd1.json","parameterValues":["PrestonCityCouncil"]}