{"uid":"d76fc9662aaa23a","name":"Validate Council Output [NorthumberlandCouncil]","fullName":"features/validate_council_outputs.feature:Validate Council Output","historyId":"be5066a45f8f21ace99c9910b786c6c9","time":{"start":1696641313318,"stop":1696641316239,"duration":2921},"status":"failed","statusMessage":"selenium.common.exceptions.NoSuchElementException: Message: no such element: Unable to locate element: {\"method\":\"css selector\",\"selector\":\"[id=\"ccc-notify-accept\"]\"}\n  (Session info: headless chrome=117.0.5938.132); For documentation on this error, please visit: https://www.selenium.dev/documentation/webdriver/troubleshooting/errors#no-such-element-exception\nStacktrace:\n#0 0x560d667a36b3 <unknown>\n#1 0x560d664791e7 <unknown>\n#2 0x560d664c0566 <unknown>\n#3 0x560d664c0651 <unknown>\n#4 0x560d664fda74 <unknown>\n#5 0x560d664e20ed <unknown>\n#6 0x560d664fb322 <unknown>\n#7 0x560d664e1e93 <unknown>\n#8 0x560d664b4934 <unknown>\n#9 0x560d664b571e <unknown>\n#10 0x560d66768cb8 <unknown>\n#11 0x560d6676cbf0 <unknown>\n#12 0x560d6677719c <unknown>\n#13 0x560d6676d808 <unknown>\n#14 0x560d6673a27f <unknown>\n#15 0x560d66791e88 <unknown>\n#16 0x560d66792059 <unknown>\n#17 0x560d667a2843 <unknown>\n#18 0x7f538f294b43 <unknown>","statusTrace":"request = <FixtureRequest for <Function test_scenario_outline[NorthumberlandCouncil]>>\n_pytest_bdd_example = {'council': 'NorthumberlandCouncil'}\n\n    @pytest.mark.usefixtures(*func_args)\n    def scenario_wrapper(request: FixtureRequest, _pytest_bdd_example: dict[str, str]) -> Any:\n        scenario = templated_scenario.render(_pytest_bdd_example)\n>       _execute_scenario(feature, scenario, request)\n\n../../../.cache/pypoetry/virtualenvs/uk-bin-collection-EwS6Gn8s-py3.11/lib/python3.11/site-packages/pytest_bdd/scenario.py:187: \n_ _ _ _ _ _ _ _ _ _ _ _ _ _ _ _ _ _ _ _ _ _ _ _ _ _ _ _ _ _ _ _ _ _ _ _ _ _ _ _ \n../../../.cache/pypoetry/virtualenvs/uk-bin-collection-EwS6Gn8s-py3.11/lib/python3.11/site-packages/pytest_bdd/scenario.py:157: in _execute_scenario\n    _execute_step_function(request, scenario, step, step_func)\n../../../.cache/pypoetry/virtualenvs/uk-bin-collection-EwS6Gn8s-py3.11/lib/python3.11/site-packages/pytest_bdd/scenario.py:127: in _execute_step_function\n    return_value = call_fixture_func(fixturefunc=step_func, request=request, kwargs=kwargs)\n../../../.cache/pypoetry/virtualenvs/uk-bin-collection-EwS6Gn8s-py3.11/lib/python3.11/site-packages/_pytest/fixtures.py:902: in call_fixture_func\n    fixture_result = fixturefunc(**kwargs)\nuk_bin_collection/tests/step_defs/test_validate_council.py:62: in scrape_step\n    raise (err)\nuk_bin_collection/tests/step_defs/test_validate_council.py:58: in scrape_step\n    context.parse_result = CollectData.run()\nuk_bin_collection/uk_bin_collection/collect_data.py:71: in run\n    return self.client_code(\nuk_bin_collection/uk_bin_collection/collect_data.py:59: in client_code\n    return get_bin_data_class.template_method(address_url, **kwargs)\nuk_bin_collection/uk_bin_collection/get_bin_data.py:70: in template_method\n    bin_data_dict = self.parse_data(\nuk_bin_collection/uk_bin_collection/councils/NorthumberlandCouncil.py:57: in parse_data\n    driver.find_element(By.ID, \"ccc-notify-accept\").click()\n../../../.cache/pypoetry/virtualenvs/uk-bin-collection-EwS6Gn8s-py3.11/lib/python3.11/site-packages/selenium/webdriver/remote/webdriver.py:740: in find_element\n    return self.execute(Command.FIND_ELEMENT, {\"using\": by, \"value\": value})[\"value\"]\n../../../.cache/pypoetry/virtualenvs/uk-bin-collection-EwS6Gn8s-py3.11/lib/python3.11/site-packages/selenium/webdriver/remote/webdriver.py:346: in execute\n    self.error_handler.check_response(response)\n_ _ _ _ _ _ _ _ _ _ _ _ _ _ _ _ _ _ _ _ _ _ _ _ _ _ _ _ _ _ _ _ _ _ _ _ _ _ _ _ \n\nself = <selenium.webdriver.remote.errorhandler.ErrorHandler object at 0x7fbf20143910>\nresponse = {'status': 404, 'value': '{\"value\":{\"error\":\"no such element\",\"message\":\"no such element: Unable to locate element: {\\...\\\\n#16 0x560d66792059 \\\\u003Cunknown>\\\\n#17 0x560d667a2843 \\\\u003Cunknown>\\\\n#18 0x7f538f294b43 \\\\u003Cunknown>\\\\n\"}}'}\n\n    def check_response(self, response: Dict[str, Any]) -> None:\n        \"\"\"Checks that a JSON response from the WebDriver does not have an\n        error.\n    \n        :Args:\n         - response - The JSON response from the WebDriver server as a dictionary\n           object.\n    \n        :Raises: If the response contains an error message.\n        \"\"\"\n        status = response.get(\"status\", None)\n        if not status or status == ErrorCode.SUCCESS:\n            return\n        value = None\n        message = response.get(\"message\", \"\")\n        screen: str = response.get(\"screen\", \"\")\n        stacktrace = None\n        if isinstance(status, int):\n            value_json = response.get(\"value\", None)\n            if value_json and isinstance(value_json, str):\n                import json\n    \n                try:\n                    value = json.loads(value_json)\n                    if len(value) == 1:\n                        value = value[\"value\"]\n                    status = value.get(\"error\", None)\n                    if not status:\n                        status = value.get(\"status\", ErrorCode.UNKNOWN_ERROR)\n                        message = value.get(\"value\") or value.get(\"message\")\n                        if not isinstance(message, str):\n                            value = message\n                            message = message.get(\"message\")\n                    else:\n                        message = value.get(\"message\", None)\n                except ValueError:\n                    pass\n    \n        exception_class: Type[WebDriverException]\n        if status in ErrorCode.NO_SUCH_ELEMENT:\n            exception_class = NoSuchElementException\n        elif status in ErrorCode.NO_SUCH_FRAME:\n            exception_class = NoSuchFrameException\n        elif status in ErrorCode.NO_SUCH_SHADOW_ROOT:\n            exception_class = NoSuchShadowRootException\n        elif status in ErrorCode.NO_SUCH_WINDOW:\n            exception_class = NoSuchWindowException\n        elif status in ErrorCode.STALE_ELEMENT_REFERENCE:\n            exception_class = StaleElementReferenceException\n        elif status in ErrorCode.ELEMENT_NOT_VISIBLE:\n            exception_class = ElementNotVisibleException\n        elif status in ErrorCode.INVALID_ELEMENT_STATE:\n            exception_class = InvalidElementStateException\n        elif (\n            status in ErrorCode.INVALID_SELECTOR\n            or status in ErrorCode.INVALID_XPATH_SELECTOR\n            or status in ErrorCode.INVALID_XPATH_SELECTOR_RETURN_TYPER\n        ):\n            exception_class = InvalidSelectorException\n        elif status in ErrorCode.ELEMENT_IS_NOT_SELECTABLE:\n            exception_class = ElementNotSelectableException\n        elif status in ErrorCode.ELEMENT_NOT_INTERACTABLE:\n            exception_class = ElementNotInteractableException\n        elif status in ErrorCode.INVALID_COOKIE_DOMAIN:\n            exception_class = InvalidCookieDomainException\n        elif status in ErrorCode.UNABLE_TO_SET_COOKIE:\n            exception_class = UnableToSetCookieException\n        elif status in ErrorCode.TIMEOUT:\n            exception_class = TimeoutException\n        elif status in ErrorCode.SCRIPT_TIMEOUT:\n            exception_class = TimeoutException\n        elif status in ErrorCode.UNKNOWN_ERROR:\n            exception_class = WebDriverException\n        elif status in ErrorCode.UNEXPECTED_ALERT_OPEN:\n            exception_class = UnexpectedAlertPresentException\n        elif status in ErrorCode.NO_ALERT_OPEN:\n            exception_class = NoAlertPresentException\n        elif status in ErrorCode.IME_NOT_AVAILABLE:\n            exception_class = ImeNotAvailableException\n        elif status in ErrorCode.IME_ENGINE_ACTIVATION_FAILED:\n            exception_class = ImeActivationFailedException\n        elif status in ErrorCode.MOVE_TARGET_OUT_OF_BOUNDS:\n            exception_class = MoveTargetOutOfBoundsException\n        elif status in ErrorCode.JAVASCRIPT_ERROR:\n            exception_class = JavascriptException\n        elif status in ErrorCode.SESSION_NOT_CREATED:\n            exception_class = SessionNotCreatedException\n        elif status in ErrorCode.INVALID_ARGUMENT:\n            exception_class = InvalidArgumentException\n        elif status in ErrorCode.NO_SUCH_COOKIE:\n            exception_class = NoSuchCookieException\n        elif status in ErrorCode.UNABLE_TO_CAPTURE_SCREEN:\n            exception_class = ScreenshotException\n        elif status in ErrorCode.ELEMENT_CLICK_INTERCEPTED:\n            exception_class = ElementClickInterceptedException\n        elif status in ErrorCode.INSECURE_CERTIFICATE:\n            exception_class = InsecureCertificateException\n        elif status in ErrorCode.INVALID_COORDINATES:\n            exception_class = InvalidCoordinatesException\n        elif status in ErrorCode.INVALID_SESSION_ID:\n            exception_class = InvalidSessionIdException\n        elif status in ErrorCode.UNKNOWN_METHOD:\n            exception_class = UnknownMethodException\n        else:\n            exception_class = WebDriverException\n        if not value:\n            value = response[\"value\"]\n        if isinstance(value, str):\n            raise exception_class(value)\n        if message == \"\" and \"message\" in value:\n            message = value[\"message\"]\n    \n        screen = None  # type: ignore[assignment]\n        if \"screen\" in value:\n            screen = value[\"screen\"]\n    \n        stacktrace = None\n        st_value = value.get(\"stackTrace\") or value.get(\"stacktrace\")\n        if st_value:\n            if isinstance(st_value, str):\n                stacktrace = st_value.split(\"\\n\")\n            else:\n                stacktrace = []\n                try:\n                    for frame in st_value:\n                        line = frame.get(\"lineNumber\", \"\")\n                        file = frame.get(\"fileName\", \"<anonymous>\")\n                        if line:\n                            file = f\"{file}:{line}\"\n                        meth = frame.get(\"methodName\", \"<anonymous>\")\n                        if \"className\" in frame:\n                            meth = f\"{frame['className']}.{meth}\"\n                        msg = \"    at %s (%s)\"\n                        msg = msg % (meth, file)\n                        stacktrace.append(msg)\n                except TypeError:\n                    pass\n        if exception_class == UnexpectedAlertPresentException:\n            alert_text = None\n            if \"data\" in value:\n                alert_text = value[\"data\"].get(\"text\")\n            elif \"alert\" in value:\n                alert_text = value[\"alert\"].get(\"text\")\n            raise exception_class(message, screen, stacktrace, alert_text)  # type: ignore[call-arg]  # mypy is not smart enough here\n>       raise exception_class(message, screen, stacktrace)\nE       selenium.common.exceptions.NoSuchElementException: Message: no such element: Unable to locate element: {\"method\":\"css selector\",\"selector\":\"[id=\"ccc-notify-accept\"]\"}\nE         (Session info: headless chrome=117.0.5938.132); For documentation on this error, please visit: https://www.selenium.dev/documentation/webdriver/troubleshooting/errors#no-such-element-exception\nE       Stacktrace:\nE       #0 0x560d667a36b3 <unknown>\nE       #1 0x560d664791e7 <unknown>\nE       #2 0x560d664c0566 <unknown>\nE       #3 0x560d664c0651 <unknown>\nE       #4 0x560d664fda74 <unknown>\nE       #5 0x560d664e20ed <unknown>\nE       #6 0x560d664fb322 <unknown>\nE       #7 0x560d664e1e93 <unknown>\nE       #8 0x560d664b4934 <unknown>\nE       #9 0x560d664b571e <unknown>\nE       #10 0x560d66768cb8 <unknown>\nE       #11 0x560d6676cbf0 <unknown>\nE       #12 0x560d6677719c <unknown>\nE       #13 0x560d6676d808 <unknown>\nE       #14 0x560d6673a27f <unknown>\nE       #15 0x560d66791e88 <unknown>\nE       #16 0x560d66792059 <unknown>\nE       #17 0x560d667a2843 <unknown>\nE       #18 0x7f538f294b43 <unknown>\n\n../../../.cache/pypoetry/virtualenvs/uk-bin-collection-EwS6Gn8s-py3.11/lib/python3.11/site-packages/selenium/webdriver/remote/errorhandler.py:245: NoSuchElementException","flaky":true,"newFailed":true,"newBroken":false,"newPassed":false,"retriesCount":0,"retriesStatusChange":false,"beforeStages":[],"testStage":{"status":"failed","statusMessage":"selenium.common.exceptions.NoSuchElementException: Message: no such element: Unable to locate element: {\"method\":\"css selector\",\"selector\":\"[id=\"ccc-notify-accept\"]\"}\n  (Session info: headless chrome=117.0.5938.132); For documentation on this error, please visit: https://www.selenium.dev/documentation/webdriver/troubleshooting/errors#no-such-element-exception\nStacktrace:\n#0 0x560d667a36b3 <unknown>\n#1 0x560d664791e7 <unknown>\n#2 0x560d664c0566 <unknown>\n#3 0x560d664c0651 <unknown>\n#4 0x560d664fda74 <unknown>\n#5 0x560d664e20ed <unknown>\n#6 0x560d664fb322 <unknown>\n#7 0x560d664e1e93 <unknown>\n#8 0x560d664b4934 <unknown>\n#9 0x560d664b571e <unknown>\n#10 0x560d66768cb8 <unknown>\n#11 0x560d6676cbf0 <unknown>\n#12 0x560d6677719c <unknown>\n#13 0x560d6676d808 <unknown>\n#14 0x560d6673a27f <unknown>\n#15 0x560d66791e88 <unknown>\n#16 0x560d66792059 <unknown>\n#17 0x560d667a2843 <unknown>\n#18 0x7f538f294b43 <unknown>","statusTrace":"request = <FixtureRequest for <Function test_scenario_outline[NorthumberlandCouncil]>>\n_pytest_bdd_example = {'council': 'NorthumberlandCouncil'}\n\n    @pytest.mark.usefixtures(*func_args)\n    def scenario_wrapper(request: FixtureRequest, _pytest_bdd_example: dict[str, str]) -> Any:\n        scenario = templated_scenario.render(_pytest_bdd_example)\n>       _execute_scenario(feature, scenario, request)\n\n../../../.cache/pypoetry/virtualenvs/uk-bin-collection-EwS6Gn8s-py3.11/lib/python3.11/site-packages/pytest_bdd/scenario.py:187: \n_ _ _ _ _ _ _ _ _ _ _ _ _ _ _ _ _ _ _ _ _ _ _ _ _ _ _ _ _ _ _ _ _ _ _ _ _ _ _ _ \n../../../.cache/pypoetry/virtualenvs/uk-bin-collection-EwS6Gn8s-py3.11/lib/python3.11/site-packages/pytest_bdd/scenario.py:157: in _execute_scenario\n    _execute_step_function(request, scenario, step, step_func)\n../../../.cache/pypoetry/virtualenvs/uk-bin-collection-EwS6Gn8s-py3.11/lib/python3.11/site-packages/pytest_bdd/scenario.py:127: in _execute_step_function\n    return_value = call_fixture_func(fixturefunc=step_func, request=request, kwargs=kwargs)\n../../../.cache/pypoetry/virtualenvs/uk-bin-collection-EwS6Gn8s-py3.11/lib/python3.11/site-packages/_pytest/fixtures.py:902: in call_fixture_func\n    fixture_result = fixturefunc(**kwargs)\nuk_bin_collection/tests/step_defs/test_validate_council.py:62: in scrape_step\n    raise (err)\nuk_bin_collection/tests/step_defs/test_validate_council.py:58: in scrape_step\n    context.parse_result = CollectData.run()\nuk_bin_collection/uk_bin_collection/collect_data.py:71: in run\n    return self.client_code(\nuk_bin_collection/uk_bin_collection/collect_data.py:59: in client_code\n    return get_bin_data_class.template_method(address_url, **kwargs)\nuk_bin_collection/uk_bin_collection/get_bin_data.py:70: in template_method\n    bin_data_dict = self.parse_data(\nuk_bin_collection/uk_bin_collection/councils/NorthumberlandCouncil.py:57: in parse_data\n    driver.find_element(By.ID, \"ccc-notify-accept\").click()\n../../../.cache/pypoetry/virtualenvs/uk-bin-collection-EwS6Gn8s-py3.11/lib/python3.11/site-packages/selenium/webdriver/remote/webdriver.py:740: in find_element\n    return self.execute(Command.FIND_ELEMENT, {\"using\": by, \"value\": value})[\"value\"]\n../../../.cache/pypoetry/virtualenvs/uk-bin-collection-EwS6Gn8s-py3.11/lib/python3.11/site-packages/selenium/webdriver/remote/webdriver.py:346: in execute\n    self.error_handler.check_response(response)\n_ _ _ _ _ _ _ _ _ _ _ _ _ _ _ _ _ _ _ _ _ _ _ _ _ _ _ _ _ _ _ _ _ _ _ _ _ _ _ _ \n\nself = <selenium.webdriver.remote.errorhandler.ErrorHandler object at 0x7fbf20143910>\nresponse = {'status': 404, 'value': '{\"value\":{\"error\":\"no such element\",\"message\":\"no such element: Unable to locate element: {\\...\\\\n#16 0x560d66792059 \\\\u003Cunknown>\\\\n#17 0x560d667a2843 \\\\u003Cunknown>\\\\n#18 0x7f538f294b43 \\\\u003Cunknown>\\\\n\"}}'}\n\n    def check_response(self, response: Dict[str, Any]) -> None:\n        \"\"\"Checks that a JSON response from the WebDriver does not have an\n        error.\n    \n        :Args:\n         - response - The JSON response from the WebDriver server as a dictionary\n           object.\n    \n        :Raises: If the response contains an error message.\n        \"\"\"\n        status = response.get(\"status\", None)\n        if not status or status == ErrorCode.SUCCESS:\n            return\n        value = None\n        message = response.get(\"message\", \"\")\n        screen: str = response.get(\"screen\", \"\")\n        stacktrace = None\n        if isinstance(status, int):\n            value_json = response.get(\"value\", None)\n            if value_json and isinstance(value_json, str):\n                import json\n    \n                try:\n                    value = json.loads(value_json)\n                    if len(value) == 1:\n                        value = value[\"value\"]\n                    status = value.get(\"error\", None)\n                    if not status:\n                        status = value.get(\"status\", ErrorCode.UNKNOWN_ERROR)\n                        message = value.get(\"value\") or value.get(\"message\")\n                        if not isinstance(message, str):\n                            value = message\n                            message = message.get(\"message\")\n                    else:\n                        message = value.get(\"message\", None)\n                except ValueError:\n                    pass\n    \n        exception_class: Type[WebDriverException]\n        if status in ErrorCode.NO_SUCH_ELEMENT:\n            exception_class = NoSuchElementException\n        elif status in ErrorCode.NO_SUCH_FRAME:\n            exception_class = NoSuchFrameException\n        elif status in ErrorCode.NO_SUCH_SHADOW_ROOT:\n            exception_class = NoSuchShadowRootException\n        elif status in ErrorCode.NO_SUCH_WINDOW:\n            exception_class = NoSuchWindowException\n        elif status in ErrorCode.STALE_ELEMENT_REFERENCE:\n            exception_class = StaleElementReferenceException\n        elif status in ErrorCode.ELEMENT_NOT_VISIBLE:\n            exception_class = ElementNotVisibleException\n        elif status in ErrorCode.INVALID_ELEMENT_STATE:\n            exception_class = InvalidElementStateException\n        elif (\n            status in ErrorCode.INVALID_SELECTOR\n            or status in ErrorCode.INVALID_XPATH_SELECTOR\n            or status in ErrorCode.INVALID_XPATH_SELECTOR_RETURN_TYPER\n        ):\n            exception_class = InvalidSelectorException\n        elif status in ErrorCode.ELEMENT_IS_NOT_SELECTABLE:\n            exception_class = ElementNotSelectableException\n        elif status in ErrorCode.ELEMENT_NOT_INTERACTABLE:\n            exception_class = ElementNotInteractableException\n        elif status in ErrorCode.INVALID_COOKIE_DOMAIN:\n            exception_class = InvalidCookieDomainException\n        elif status in ErrorCode.UNABLE_TO_SET_COOKIE:\n            exception_class = UnableToSetCookieException\n        elif status in ErrorCode.TIMEOUT:\n            exception_class = TimeoutException\n        elif status in ErrorCode.SCRIPT_TIMEOUT:\n            exception_class = TimeoutException\n        elif status in ErrorCode.UNKNOWN_ERROR:\n            exception_class = WebDriverException\n        elif status in ErrorCode.UNEXPECTED_ALERT_OPEN:\n            exception_class = UnexpectedAlertPresentException\n        elif status in ErrorCode.NO_ALERT_OPEN:\n            exception_class = NoAlertPresentException\n        elif status in ErrorCode.IME_NOT_AVAILABLE:\n            exception_class = ImeNotAvailableException\n        elif status in ErrorCode.IME_ENGINE_ACTIVATION_FAILED:\n            exception_class = ImeActivationFailedException\n        elif status in ErrorCode.MOVE_TARGET_OUT_OF_BOUNDS:\n            exception_class = MoveTargetOutOfBoundsException\n        elif status in ErrorCode.JAVASCRIPT_ERROR:\n            exception_class = JavascriptException\n        elif status in ErrorCode.SESSION_NOT_CREATED:\n            exception_class = SessionNotCreatedException\n        elif status in ErrorCode.INVALID_ARGUMENT:\n            exception_class = InvalidArgumentException\n        elif status in ErrorCode.NO_SUCH_COOKIE:\n            exception_class = NoSuchCookieException\n        elif status in ErrorCode.UNABLE_TO_CAPTURE_SCREEN:\n            exception_class = ScreenshotException\n        elif status in ErrorCode.ELEMENT_CLICK_INTERCEPTED:\n            exception_class = ElementClickInterceptedException\n        elif status in ErrorCode.INSECURE_CERTIFICATE:\n            exception_class = InsecureCertificateException\n        elif status in ErrorCode.INVALID_COORDINATES:\n            exception_class = InvalidCoordinatesException\n        elif status in ErrorCode.INVALID_SESSION_ID:\n            exception_class = InvalidSessionIdException\n        elif status in ErrorCode.UNKNOWN_METHOD:\n            exception_class = UnknownMethodException\n        else:\n            exception_class = WebDriverException\n        if not value:\n            value = response[\"value\"]\n        if isinstance(value, str):\n            raise exception_class(value)\n        if message == \"\" and \"message\" in value:\n            message = value[\"message\"]\n    \n        screen = None  # type: ignore[assignment]\n        if \"screen\" in value:\n            screen = value[\"screen\"]\n    \n        stacktrace = None\n        st_value = value.get(\"stackTrace\") or value.get(\"stacktrace\")\n        if st_value:\n            if isinstance(st_value, str):\n                stacktrace = st_value.split(\"\\n\")\n            else:\n                stacktrace = []\n                try:\n                    for frame in st_value:\n                        line = frame.get(\"lineNumber\", \"\")\n                        file = frame.get(\"fileName\", \"<anonymous>\")\n                        if line:\n                            file = f\"{file}:{line}\"\n                        meth = frame.get(\"methodName\", \"<anonymous>\")\n                        if \"className\" in frame:\n                            meth = f\"{frame['className']}.{meth}\"\n                        msg = \"    at %s (%s)\"\n                        msg = msg % (meth, file)\n                        stacktrace.append(msg)\n                except TypeError:\n                    pass\n        if exception_class == UnexpectedAlertPresentException:\n            alert_text = None\n            if \"data\" in value:\n                alert_text = value[\"data\"].get(\"text\")\n            elif \"alert\" in value:\n                alert_text = value[\"alert\"].get(\"text\")\n            raise exception_class(message, screen, stacktrace, alert_text)  # type: ignore[call-arg]  # mypy is not smart enough here\n>       raise exception_class(message, screen, stacktrace)\nE       selenium.common.exceptions.NoSuchElementException: Message: no such element: Unable to locate element: {\"method\":\"css selector\",\"selector\":\"[id=\"ccc-notify-accept\"]\"}\nE         (Session info: headless chrome=117.0.5938.132); For documentation on this error, please visit: https://www.selenium.dev/documentation/webdriver/troubleshooting/errors#no-such-element-exception\nE       Stacktrace:\nE       #0 0x560d667a36b3 <unknown>\nE       #1 0x560d664791e7 <unknown>\nE       #2 0x560d664c0566 <unknown>\nE       #3 0x560d664c0651 <unknown>\nE       #4 0x560d664fda74 <unknown>\nE       #5 0x560d664e20ed <unknown>\nE       #6 0x560d664fb322 <unknown>\nE       #7 0x560d664e1e93 <unknown>\nE       #8 0x560d664b4934 <unknown>\nE       #9 0x560d664b571e <unknown>\nE       #10 0x560d66768cb8 <unknown>\nE       #11 0x560d6676cbf0 <unknown>\nE       #12 0x560d6677719c <unknown>\nE       #13 0x560d6676d808 <unknown>\nE       #14 0x560d6673a27f <unknown>\nE       #15 0x560d66791e88 <unknown>\nE       #16 0x560d66792059 <unknown>\nE       #17 0x560d667a2843 <unknown>\nE       #18 0x7f538f294b43 <unknown>\n\n../../../.cache/pypoetry/virtualenvs/uk-bin-collection-EwS6Gn8s-py3.11/lib/python3.11/site-packages/selenium/webdriver/remote/errorhandler.py:245: NoSuchElementException","steps":[{"name":"Given the council: NorthumberlandCouncil","time":{"start":1696641313319,"stop":1696641313319,"duration":0},"status":"passed","steps":[],"attachments":[],"parameters":[],"shouldDisplayMessage":false,"stepsCount":0,"attachmentsCount":0,"hasContent":false},{"name":"When we scrape the data from NorthumberlandCouncil","time":{"start":1696641313319,"stop":1696641316239,"duration":2920},"status":"failed","statusMessage":"Message: no such element: Unable to locate element: {\"method\":\"css selector\",\"selector\":\"[id=\"ccc-notify-accept\"]\"}\n  (Session info: headless chrome=117.0.5938.132); For documentation on this error, please visit: https://www.selenium.dev/documentation/webdriver/troubleshooting/errors#no-such-element-exception\nStacktrace:\n#0 0x560d667a36b3 <unknown>\n#1 0x560d664791e7 <unknown>\n#2 0x560d664c0566 <unknown>\n#3 0x560d664c0651 <unknown>\n#4 0x560d664fda74 <unknown>\n#5 0x560d664e20ed <unknown>\n#6 0x560d664fb322 <unknown>\n#7 0x560d664e1e93 <unknown>\n#8 0x560d664b4934 <unknown>\n#9 0x560d664b571e <unknown>\n#10 0x560d66768cb8 <unknown>\n#11 0x560d6676cbf0 <unknown>\n#12 0x560d6677719c <unknown>\n#13 0x560d6676d808 <unknown>\n#14 0x560d6673a27f <unknown>\n#15 0x560d66791e88 <unknown>\n#16 0x560d66792059 <unknown>\n#17 0x560d667a2843 <unknown>\n#18 0x7f538f294b43 <unknown>\n","statusTrace":"selenium.common.exceptions.NoSuchElementException: Message: no such element: Unable to locate element: {\"method\":\"css selector\",\"selector\":\"[id=\"ccc-notify-accept\"]\"}\n  (Session info: headless chrome=117.0.5938.132); For documentation on this error, please visit: https://www.selenium.dev/documentation/webdriver/troubleshooting/errors#no-such-element-exception\nStacktrace:\n#0 0x560d667a36b3 <unknown>\n#1 0x560d664791e7 <unknown>\n#2 0x560d664c0566 <unknown>\n#3 0x560d664c0651 <unknown>\n#4 0x560d664fda74 <unknown>\n#5 0x560d664e20ed <unknown>\n#6 0x560d664fb322 <unknown>\n#7 0x560d664e1e93 <unknown>\n#8 0x560d664b4934 <unknown>\n#9 0x560d664b571e <unknown>\n#10 0x560d66768cb8 <unknown>\n#11 0x560d6676cbf0 <unknown>\n#12 0x560d6677719c <unknown>\n#13 0x560d6676d808 <unknown>\n#14 0x560d6673a27f <unknown>\n#15 0x560d66791e88 <unknown>\n#16 0x560d66792059 <unknown>\n#17 0x560d667a2843 <unknown>\n#18 0x7f538f294b43 <unknown>\n\n","steps":[],"attachments":[],"parameters":[],"shouldDisplayMessage":true,"stepsCount":0,"attachmentsCount":0,"hasContent":true}],"attachments":[],"parameters":[],"shouldDisplayMessage":true,"stepsCount":2,"attachmentsCount":0,"hasContent":true},"afterStages":[],"labels":[{"name":"host","value":"fv-az408-226"},{"name":"thread","value":"2110-MainThread"},{"name":"framework","value":"pytest-bdd"},{"name":"language","value":"cpython3"},{"name":"feature","value":"Test each council output matches expected results in /outputs"},{"name":"resultFormat","value":"allure2"}],"parameters":[{"name":"council","value":"NorthumberlandCouncil"}],"links":[],"hidden":false,"retry":false,"extra":{"severity":"normal","retries":[],"categories":[{"name":"Product defects","matchedStatuses":[],"flaky":false}],"history":{"statistic":{"failed":20,"broken":0,"skipped":0,"passed":93,"unknown":0,"total":113},"items":[{"uid":"af9374bc9c8a353d","reportUrl":"https://robbrad.github.io/UKBinCollectionData/3.11/973//#testresult/af9374bc9c8a353d","status":"passed","time":{"start":1696554944803,"stop":1696554950112,"duration":5309}},{"uid":"578692db08ae56a4","reportUrl":"https://robbrad.github.io/UKBinCollectionData/3.11/972//#testresult/578692db08ae56a4","status":"failed","statusDetails":"AttributeError: 'NoneType' object has no attribute 'string'","time":{"start":1696468639205,"stop":1696468643731,"duration":4526}},{"uid":"3be74000e560a690","reportUrl":"https://robbrad.github.io/UKBinCollectionData/3.11/971//#testresult/3be74000e560a690","status":"passed","time":{"start":1696382248116,"stop":1696382253633,"duration":5517}},{"uid":"a47d8fe87f4d5c0d","reportUrl":"https://robbrad.github.io/UKBinCollectionData/3.11/970//#testresult/a47d8fe87f4d5c0d","status":"passed","time":{"start":1696366278152,"stop":1696366285978,"duration":7826}},{"uid":"b6a3ed9cbe4ece3f","reportUrl":"https://robbrad.github.io/UKBinCollectionData/3.11/969//#testresult/b6a3ed9cbe4ece3f","status":"passed","time":{"start":1696295764257,"stop":1696295769177,"duration":4920}},{"uid":"4fd508cbaded3ffa","reportUrl":"https://robbrad.github.io/UKBinCollectionData/3.11/967//#testresult/4fd508cbaded3ffa","status":"passed","time":{"start":1696209464481,"stop":1696209469535,"duration":5054}},{"uid":"7dd60f13f3b656ab","reportUrl":"https://robbrad.github.io/UKBinCollectionData/3.11/966//#testresult/7dd60f13f3b656ab","status":"passed","time":{"start":1696123475411,"stop":1696123481676,"duration":6265}},{"uid":"aa6f9f8c3290b620","reportUrl":"https://robbrad.github.io/UKBinCollectionData/3.11/965//#testresult/aa6f9f8c3290b620","status":"passed","time":{"start":1696036421556,"stop":1696036427976,"duration":6420}},{"uid":"adb741fe727c0ed3","reportUrl":"https://robbrad.github.io/UKBinCollectionData/3.11/964//#testresult/adb741fe727c0ed3","status":"passed","time":{"start":1695950152882,"stop":1695950158685,"duration":5803}},{"uid":"57e1a5e65a213586","reportUrl":"https://robbrad.github.io/UKBinCollectionData/3.11/963//#testresult/57e1a5e65a213586","status":"passed","time":{"start":1695930409720,"stop":1695930414509,"duration":4789}},{"uid":"f0cb611a7e870b95","reportUrl":"https://robbrad.github.io/UKBinCollectionData/3.11/962//#testresult/f0cb611a7e870b95","status":"passed","time":{"start":1695930318965,"stop":1695930325421,"duration":6456}},{"uid":"661508bc44f285d2","reportUrl":"https://robbrad.github.io/UKBinCollectionData/3.11/960//#testresult/661508bc44f285d2","status":"failed","statusDetails":"AttributeError: 'NoneType' object has no attribute 'string'","time":{"start":1695863709553,"stop":1695863714236,"duration":4683}},{"uid":"8c2ba26b58ac0ba4","reportUrl":"https://robbrad.github.io/UKBinCollectionData/3.11/958//#testresult/8c2ba26b58ac0ba4","status":"passed","time":{"start":1695852530483,"stop":1695852536181,"duration":5698}},{"uid":"5adaddf2b4214e47","reportUrl":"https://robbrad.github.io/UKBinCollectionData/3.11/954//#testresult/5adaddf2b4214e47","status":"passed","time":{"start":1695841478880,"stop":1695841484233,"duration":5353}},{"uid":"a2645872e6b29411","reportUrl":"https://robbrad.github.io/UKBinCollectionData/3.11/953//#testresult/a2645872e6b29411","status":"failed","statusDetails":"AttributeError: 'NoneType' object has no attribute 'string'","time":{"start":1695841449389,"stop":1695841454084,"duration":4695}},{"uid":"2667dc7dec19953c","reportUrl":"https://robbrad.github.io/UKBinCollectionData/3.11/948//#testresult/2667dc7dec19953c","status":"passed","time":{"start":1695777337539,"stop":1695777342458,"duration":4919}},{"uid":"936341a53f19dfab","reportUrl":"https://robbrad.github.io/UKBinCollectionData/3.11/947//#testresult/936341a53f19dfab","status":"passed","time":{"start":1695690936567,"stop":1695690941522,"duration":4955}},{"uid":"213f54cbef8ef91b","reportUrl":"https://robbrad.github.io/UKBinCollectionData/3.11/946//#testresult/213f54cbef8ef91b","status":"passed","time":{"start":1695604574803,"stop":1695604582161,"duration":7358}},{"uid":"43a2eed659dc8642","reportUrl":"https://robbrad.github.io/UKBinCollectionData/3.11/945//#testresult/43a2eed659dc8642","status":"passed","time":{"start":1695518360593,"stop":1695518367610,"duration":7017}},{"uid":"8f85cdd87205b897","reportUrl":"https://robbrad.github.io/UKBinCollectionData/3.11/944//#testresult/8f85cdd87205b897","status":"passed","time":{"start":1695431587322,"stop":1695431592578,"duration":5256}}]},"tags":[]},"source":"d76fc9662aaa23a.json","parameterValues":["NorthumberlandCouncil"]}