{"uid":"6b46a6d2f8095584","name":"Validate Council Output [NeathPortTalbotCouncil-http://selenium:4444-local]","fullName":"features/validate_council_outputs.feature:Validate Council Output","historyId":"68717d64a9b5b73045a4198b6f1e2a64","time":{"start":1704704175052,"stop":1704704180200,"duration":5148},"status":"failed","statusMessage":"selenium.common.exceptions.NoSuchElementException: Message: no such element: Unable to locate element: {\"method\":\"css selector\",\"selector\":\"[id=\"ContentPlaceHolderDefault_ctl13_nptLLPG2_25_addresslookup_txtTmpPostcode\"]\"}\n  (Session info: chrome-headless-shell=120.0.6099.109); For documentation on this error, please visit: https://www.selenium.dev/documentation/webdriver/troubleshooting/errors#no-such-element-exception\nStacktrace:\n#0 0x557d28899f83 <unknown>\n#1 0x557d28552cf7 <unknown>\n#2 0x557d285a299e <unknown>\n#3 0x557d285a2aa1 <unknown>\n#4 0x557d285edd64 <unknown>\n#5 0x557d285cc0dd <unknown>\n#6 0x557d285eb006 <unknown>\n#7 0x557d285cbe53 <unknown>\n#8 0x557d28593dd4 <unknown>\n#9 0x557d285951de <unknown>\n#10 0x557d2885e531 <unknown>\n#11 0x557d28862455 <unknown>\n#12 0x557d2884af55 <unknown>\n#13 0x557d288630ef <unknown>\n#14 0x557d2882e99f <unknown>\n#15 0x557d28887008 <unknown>\n#16 0x557d288871d7 <unknown>\n#17 0x557d28899124 <unknown>\n#18 0x7fc19a894ac3 <unknown>","statusTrace":"fixturefunc = <function scrape_step at 0x7fa230640180>\nrequest = <FixtureRequest for <Function test_scenario_outline[NeathPortTalbotCouncil-http://selenium:4444-local]>>\nkwargs = {'context': <test_validate_council.context.<locals>.Context object at 0x7fa22f77ead0>, 'council': 'NeathPortTalbotCouncil', 'selenium_mode': 'local', 'selenium_url': 'http://selenium:4444'}\n\n    def call_fixture_func(\n        fixturefunc: \"_FixtureFunc[FixtureValue]\", request: FixtureRequest, kwargs\n    ) -> FixtureValue:\n        if is_generator(fixturefunc):\n            fixturefunc = cast(\n                Callable[..., Generator[FixtureValue, None, None]], fixturefunc\n            )\n            generator = fixturefunc(**kwargs)\n            try:\n                fixture_result = next(generator)\n            except StopIteration:\n                raise ValueError(f\"{request.fixturename} did not yield a value\") from None\n            finalizer = functools.partial(_teardown_yield_fixture, fixturefunc, generator)\n            request.addfinalizer(finalizer)\n        else:\n            fixturefunc = cast(Callable[..., FixtureValue], fixturefunc)\n>           fixture_result = fixturefunc(**kwargs)\n\n../../../.cache/pypoetry/virtualenvs/uk-bin-collection-EwS6Gn8s-py3.11/lib/python3.11/site-packages/_pytest/fixtures.py:902: \n_ _ _ _ _ _ _ _ _ _ _ _ _ _ _ _ _ _ _ _ _ _ _ _ _ _ _ _ _ _ _ _ _ _ _ _ _ _ _ _ \nuk_bin_collection/tests/step_defs/test_validate_council.py:92: in scrape_step\n    context.parse_result = CollectData.run()\nuk_bin_collection/uk_bin_collection/collect_data.py:96: in run\n    return self.client_code(\nuk_bin_collection/uk_bin_collection/collect_data.py:115: in client_code\n    return get_bin_data_class.template_method(address_url, **kwargs)\nuk_bin_collection/uk_bin_collection/get_bin_data.py:78: in template_method\n    bin_data_dict = self.parse_data(\nuk_bin_collection/uk_bin_collection/councils/NeathPortTalbotCouncil.py:42: in parse_data\n    inputElement_postcode = driver.find_element(\n../../../.cache/pypoetry/virtualenvs/uk-bin-collection-EwS6Gn8s-py3.11/lib/python3.11/site-packages/selenium/webdriver/remote/webdriver.py:738: in find_element\n    return self.execute(Command.FIND_ELEMENT, {\"using\": by, \"value\": value})[\"value\"]\n../../../.cache/pypoetry/virtualenvs/uk-bin-collection-EwS6Gn8s-py3.11/lib/python3.11/site-packages/selenium/webdriver/remote/webdriver.py:344: in execute\n    self.error_handler.check_response(response)\n_ _ _ _ _ _ _ _ _ _ _ _ _ _ _ _ _ _ _ _ _ _ _ _ _ _ _ _ _ _ _ _ _ _ _ _ _ _ _ _ \n\nself = <selenium.webdriver.remote.errorhandler.ErrorHandler object at 0x7fa22f7a7390>\nresponse = {'status': 404, 'value': '{\"value\":{\"error\":\"no such element\",\"message\":\"no such element: Unable to locate element: {\\...\\\\n#16 0x557d288871d7 \\\\u003Cunknown>\\\\n#17 0x557d28899124 \\\\u003Cunknown>\\\\n#18 0x7fc19a894ac3 \\\\u003Cunknown>\\\\n\"}}'}\n\n    def check_response(self, response: Dict[str, Any]) -> None:\n        \"\"\"Checks that a JSON response from the WebDriver does not have an\n        error.\n    \n        :Args:\n         - response - The JSON response from the WebDriver server as a dictionary\n           object.\n    \n        :Raises: If the response contains an error message.\n        \"\"\"\n        status = response.get(\"status\", None)\n        if not status or status == ErrorCode.SUCCESS:\n            return\n        value = None\n        message = response.get(\"message\", \"\")\n        screen: str = response.get(\"screen\", \"\")\n        stacktrace = None\n        if isinstance(status, int):\n            value_json = response.get(\"value\", None)\n            if value_json and isinstance(value_json, str):\n                import json\n    \n                try:\n                    value = json.loads(value_json)\n                    if len(value) == 1:\n                        value = value[\"value\"]\n                    status = value.get(\"error\", None)\n                    if not status:\n                        status = value.get(\"status\", ErrorCode.UNKNOWN_ERROR)\n                        message = value.get(\"value\") or value.get(\"message\")\n                        if not isinstance(message, str):\n                            value = message\n                            message = message.get(\"message\")\n                    else:\n                        message = value.get(\"message\", None)\n                except ValueError:\n                    pass\n    \n        exception_class: Type[WebDriverException]\n        e = ErrorCode()\n        error_codes = [item for item in dir(e) if not item.startswith(\"__\")]\n        for error_code in error_codes:\n            error_info = getattr(ErrorCode, error_code)\n            if isinstance(error_info, list) and status in error_info:\n                exception_class = getattr(ExceptionMapping, error_code, WebDriverException)\n                break\n        else:\n            exception_class = WebDriverException\n    \n        if not value:\n            value = response[\"value\"]\n        if isinstance(value, str):\n            raise exception_class(value)\n        if message == \"\" and \"message\" in value:\n            message = value[\"message\"]\n    \n        screen = None  # type: ignore[assignment]\n        if \"screen\" in value:\n            screen = value[\"screen\"]\n    \n        stacktrace = None\n        st_value = value.get(\"stackTrace\") or value.get(\"stacktrace\")\n        if st_value:\n            if isinstance(st_value, str):\n                stacktrace = st_value.split(\"\\n\")\n            else:\n                stacktrace = []\n                try:\n                    for frame in st_value:\n                        line = frame.get(\"lineNumber\", \"\")\n                        file = frame.get(\"fileName\", \"<anonymous>\")\n                        if line:\n                            file = f\"{file}:{line}\"\n                        meth = frame.get(\"methodName\", \"<anonymous>\")\n                        if \"className\" in frame:\n                            meth = f\"{frame['className']}.{meth}\"\n                        msg = \"    at %s (%s)\"\n                        msg = msg % (meth, file)\n                        stacktrace.append(msg)\n                except TypeError:\n                    pass\n        if exception_class == UnexpectedAlertPresentException:\n            alert_text = None\n            if \"data\" in value:\n                alert_text = value[\"data\"].get(\"text\")\n            elif \"alert\" in value:\n                alert_text = value[\"alert\"].get(\"text\")\n            raise exception_class(message, screen, stacktrace, alert_text)  # type: ignore[call-arg]  # mypy is not smart enough here\n>       raise exception_class(message, screen, stacktrace)\nE       selenium.common.exceptions.NoSuchElementException: Message: no such element: Unable to locate element: {\"method\":\"css selector\",\"selector\":\"[id=\"ContentPlaceHolderDefault_ctl13_nptLLPG2_25_addresslookup_txtTmpPostcode\"]\"}\nE         (Session info: chrome-headless-shell=120.0.6099.109); For documentation on this error, please visit: https://www.selenium.dev/documentation/webdriver/troubleshooting/errors#no-such-element-exception\nE       Stacktrace:\nE       #0 0x557d28899f83 <unknown>\nE       #1 0x557d28552cf7 <unknown>\nE       #2 0x557d285a299e <unknown>\nE       #3 0x557d285a2aa1 <unknown>\nE       #4 0x557d285edd64 <unknown>\nE       #5 0x557d285cc0dd <unknown>\nE       #6 0x557d285eb006 <unknown>\nE       #7 0x557d285cbe53 <unknown>\nE       #8 0x557d28593dd4 <unknown>\nE       #9 0x557d285951de <unknown>\nE       #10 0x557d2885e531 <unknown>\nE       #11 0x557d28862455 <unknown>\nE       #12 0x557d2884af55 <unknown>\nE       #13 0x557d288630ef <unknown>\nE       #14 0x557d2882e99f <unknown>\nE       #15 0x557d28887008 <unknown>\nE       #16 0x557d288871d7 <unknown>\nE       #17 0x557d28899124 <unknown>\nE       #18 0x7fc19a894ac3 <unknown>\n\n../../../.cache/pypoetry/virtualenvs/uk-bin-collection-EwS6Gn8s-py3.11/lib/python3.11/site-packages/selenium/webdriver/remote/errorhandler.py:229: NoSuchElementException","flaky":false,"newFailed":false,"newBroken":false,"newPassed":false,"retriesCount":0,"retriesStatusChange":false,"beforeStages":[],"testStage":{"status":"failed","statusMessage":"selenium.common.exceptions.NoSuchElementException: Message: no such element: Unable to locate element: {\"method\":\"css selector\",\"selector\":\"[id=\"ContentPlaceHolderDefault_ctl13_nptLLPG2_25_addresslookup_txtTmpPostcode\"]\"}\n  (Session info: chrome-headless-shell=120.0.6099.109); For documentation on this error, please visit: https://www.selenium.dev/documentation/webdriver/troubleshooting/errors#no-such-element-exception\nStacktrace:\n#0 0x557d28899f83 <unknown>\n#1 0x557d28552cf7 <unknown>\n#2 0x557d285a299e <unknown>\n#3 0x557d285a2aa1 <unknown>\n#4 0x557d285edd64 <unknown>\n#5 0x557d285cc0dd <unknown>\n#6 0x557d285eb006 <unknown>\n#7 0x557d285cbe53 <unknown>\n#8 0x557d28593dd4 <unknown>\n#9 0x557d285951de <unknown>\n#10 0x557d2885e531 <unknown>\n#11 0x557d28862455 <unknown>\n#12 0x557d2884af55 <unknown>\n#13 0x557d288630ef <unknown>\n#14 0x557d2882e99f <unknown>\n#15 0x557d28887008 <unknown>\n#16 0x557d288871d7 <unknown>\n#17 0x557d28899124 <unknown>\n#18 0x7fc19a894ac3 <unknown>","statusTrace":"fixturefunc = <function scrape_step at 0x7fa230640180>\nrequest = <FixtureRequest for <Function test_scenario_outline[NeathPortTalbotCouncil-http://selenium:4444-local]>>\nkwargs = {'context': <test_validate_council.context.<locals>.Context object at 0x7fa22f77ead0>, 'council': 'NeathPortTalbotCouncil', 'selenium_mode': 'local', 'selenium_url': 'http://selenium:4444'}\n\n    def call_fixture_func(\n        fixturefunc: \"_FixtureFunc[FixtureValue]\", request: FixtureRequest, kwargs\n    ) -> FixtureValue:\n        if is_generator(fixturefunc):\n            fixturefunc = cast(\n                Callable[..., Generator[FixtureValue, None, None]], fixturefunc\n            )\n            generator = fixturefunc(**kwargs)\n            try:\n                fixture_result = next(generator)\n            except StopIteration:\n                raise ValueError(f\"{request.fixturename} did not yield a value\") from None\n            finalizer = functools.partial(_teardown_yield_fixture, fixturefunc, generator)\n            request.addfinalizer(finalizer)\n        else:\n            fixturefunc = cast(Callable[..., FixtureValue], fixturefunc)\n>           fixture_result = fixturefunc(**kwargs)\n\n../../../.cache/pypoetry/virtualenvs/uk-bin-collection-EwS6Gn8s-py3.11/lib/python3.11/site-packages/_pytest/fixtures.py:902: \n_ _ _ _ _ _ _ _ _ _ _ _ _ _ _ _ _ _ _ _ _ _ _ _ _ _ _ _ _ _ _ _ _ _ _ _ _ _ _ _ \nuk_bin_collection/tests/step_defs/test_validate_council.py:92: in scrape_step\n    context.parse_result = CollectData.run()\nuk_bin_collection/uk_bin_collection/collect_data.py:96: in run\n    return self.client_code(\nuk_bin_collection/uk_bin_collection/collect_data.py:115: in client_code\n    return get_bin_data_class.template_method(address_url, **kwargs)\nuk_bin_collection/uk_bin_collection/get_bin_data.py:78: in template_method\n    bin_data_dict = self.parse_data(\nuk_bin_collection/uk_bin_collection/councils/NeathPortTalbotCouncil.py:42: in parse_data\n    inputElement_postcode = driver.find_element(\n../../../.cache/pypoetry/virtualenvs/uk-bin-collection-EwS6Gn8s-py3.11/lib/python3.11/site-packages/selenium/webdriver/remote/webdriver.py:738: in find_element\n    return self.execute(Command.FIND_ELEMENT, {\"using\": by, \"value\": value})[\"value\"]\n../../../.cache/pypoetry/virtualenvs/uk-bin-collection-EwS6Gn8s-py3.11/lib/python3.11/site-packages/selenium/webdriver/remote/webdriver.py:344: in execute\n    self.error_handler.check_response(response)\n_ _ _ _ _ _ _ _ _ _ _ _ _ _ _ _ _ _ _ _ _ _ _ _ _ _ _ _ _ _ _ _ _ _ _ _ _ _ _ _ \n\nself = <selenium.webdriver.remote.errorhandler.ErrorHandler object at 0x7fa22f7a7390>\nresponse = {'status': 404, 'value': '{\"value\":{\"error\":\"no such element\",\"message\":\"no such element: Unable to locate element: {\\...\\\\n#16 0x557d288871d7 \\\\u003Cunknown>\\\\n#17 0x557d28899124 \\\\u003Cunknown>\\\\n#18 0x7fc19a894ac3 \\\\u003Cunknown>\\\\n\"}}'}\n\n    def check_response(self, response: Dict[str, Any]) -> None:\n        \"\"\"Checks that a JSON response from the WebDriver does not have an\n        error.\n    \n        :Args:\n         - response - The JSON response from the WebDriver server as a dictionary\n           object.\n    \n        :Raises: If the response contains an error message.\n        \"\"\"\n        status = response.get(\"status\", None)\n        if not status or status == ErrorCode.SUCCESS:\n            return\n        value = None\n        message = response.get(\"message\", \"\")\n        screen: str = response.get(\"screen\", \"\")\n        stacktrace = None\n        if isinstance(status, int):\n            value_json = response.get(\"value\", None)\n            if value_json and isinstance(value_json, str):\n                import json\n    \n                try:\n                    value = json.loads(value_json)\n                    if len(value) == 1:\n                        value = value[\"value\"]\n                    status = value.get(\"error\", None)\n                    if not status:\n                        status = value.get(\"status\", ErrorCode.UNKNOWN_ERROR)\n                        message = value.get(\"value\") or value.get(\"message\")\n                        if not isinstance(message, str):\n                            value = message\n                            message = message.get(\"message\")\n                    else:\n                        message = value.get(\"message\", None)\n                except ValueError:\n                    pass\n    \n        exception_class: Type[WebDriverException]\n        e = ErrorCode()\n        error_codes = [item for item in dir(e) if not item.startswith(\"__\")]\n        for error_code in error_codes:\n            error_info = getattr(ErrorCode, error_code)\n            if isinstance(error_info, list) and status in error_info:\n                exception_class = getattr(ExceptionMapping, error_code, WebDriverException)\n                break\n        else:\n            exception_class = WebDriverException\n    \n        if not value:\n            value = response[\"value\"]\n        if isinstance(value, str):\n            raise exception_class(value)\n        if message == \"\" and \"message\" in value:\n            message = value[\"message\"]\n    \n        screen = None  # type: ignore[assignment]\n        if \"screen\" in value:\n            screen = value[\"screen\"]\n    \n        stacktrace = None\n        st_value = value.get(\"stackTrace\") or value.get(\"stacktrace\")\n        if st_value:\n            if isinstance(st_value, str):\n                stacktrace = st_value.split(\"\\n\")\n            else:\n                stacktrace = []\n                try:\n                    for frame in st_value:\n                        line = frame.get(\"lineNumber\", \"\")\n                        file = frame.get(\"fileName\", \"<anonymous>\")\n                        if line:\n                            file = f\"{file}:{line}\"\n                        meth = frame.get(\"methodName\", \"<anonymous>\")\n                        if \"className\" in frame:\n                            meth = f\"{frame['className']}.{meth}\"\n                        msg = \"    at %s (%s)\"\n                        msg = msg % (meth, file)\n                        stacktrace.append(msg)\n                except TypeError:\n                    pass\n        if exception_class == UnexpectedAlertPresentException:\n            alert_text = None\n            if \"data\" in value:\n                alert_text = value[\"data\"].get(\"text\")\n            elif \"alert\" in value:\n                alert_text = value[\"alert\"].get(\"text\")\n            raise exception_class(message, screen, stacktrace, alert_text)  # type: ignore[call-arg]  # mypy is not smart enough here\n>       raise exception_class(message, screen, stacktrace)\nE       selenium.common.exceptions.NoSuchElementException: Message: no such element: Unable to locate element: {\"method\":\"css selector\",\"selector\":\"[id=\"ContentPlaceHolderDefault_ctl13_nptLLPG2_25_addresslookup_txtTmpPostcode\"]\"}\nE         (Session info: chrome-headless-shell=120.0.6099.109); For documentation on this error, please visit: https://www.selenium.dev/documentation/webdriver/troubleshooting/errors#no-such-element-exception\nE       Stacktrace:\nE       #0 0x557d28899f83 <unknown>\nE       #1 0x557d28552cf7 <unknown>\nE       #2 0x557d285a299e <unknown>\nE       #3 0x557d285a2aa1 <unknown>\nE       #4 0x557d285edd64 <unknown>\nE       #5 0x557d285cc0dd <unknown>\nE       #6 0x557d285eb006 <unknown>\nE       #7 0x557d285cbe53 <unknown>\nE       #8 0x557d28593dd4 <unknown>\nE       #9 0x557d285951de <unknown>\nE       #10 0x557d2885e531 <unknown>\nE       #11 0x557d28862455 <unknown>\nE       #12 0x557d2884af55 <unknown>\nE       #13 0x557d288630ef <unknown>\nE       #14 0x557d2882e99f <unknown>\nE       #15 0x557d28887008 <unknown>\nE       #16 0x557d288871d7 <unknown>\nE       #17 0x557d28899124 <unknown>\nE       #18 0x7fc19a894ac3 <unknown>\n\n../../../.cache/pypoetry/virtualenvs/uk-bin-collection-EwS6Gn8s-py3.11/lib/python3.11/site-packages/selenium/webdriver/remote/errorhandler.py:229: NoSuchElementException","steps":[{"name":"Given the council: NeathPortTalbotCouncil","time":{"start":1704704175053,"stop":1704704175053,"duration":0},"status":"passed","steps":[],"attachments":[],"parameters":[],"shouldDisplayMessage":false,"stepsCount":0,"attachmentsCount":0,"hasContent":false,"attachmentStep":false},{"name":"When we scrape the data from NeathPortTalbotCouncil using local and the http://selenium:4444 is set","time":{"start":1704704175054,"stop":1704704180200,"duration":5146},"status":"failed","statusMessage":"Message: no such element: Unable to locate element: {\"method\":\"css selector\",\"selector\":\"[id=\"ContentPlaceHolderDefault_ctl13_nptLLPG2_25_addresslookup_txtTmpPostcode\"]\"}\n  (Session info: chrome-headless-shell=120.0.6099.109); For documentation on this error, please visit: https://www.selenium.dev/documentation/webdriver/troubleshooting/errors#no-such-element-exception\nStacktrace:\n#0 0x557d28899f83 <unknown>\n#1 0x557d28552cf7 <unknown>\n#2 0x557d285a299e <unknown>\n#3 0x557d285a2aa1 <unknown>\n#4 0x557d285edd64 <unknown>\n#5 0x557d285cc0dd <unknown>\n#6 0x557d285eb006 <unknown>\n#7 0x557d285cbe53 <unknown>\n#8 0x557d28593dd4 <unknown>\n#9 0x557d285951de <unknown>\n#10 0x557d2885e531 <unknown>\n#11 0x557d28862455 <unknown>\n#12 0x557d2884af55 <unknown>\n#13 0x557d288630ef <unknown>\n#14 0x557d2882e99f <unknown>\n#15 0x557d28887008 <unknown>\n#16 0x557d288871d7 <unknown>\n#17 0x557d28899124 <unknown>\n#18 0x7fc19a894ac3 <unknown>\n","statusTrace":"selenium.common.exceptions.NoSuchElementException: Message: no such element: Unable to locate element: {\"method\":\"css selector\",\"selector\":\"[id=\"ContentPlaceHolderDefault_ctl13_nptLLPG2_25_addresslookup_txtTmpPostcode\"]\"}\n  (Session info: chrome-headless-shell=120.0.6099.109); For documentation on this error, please visit: https://www.selenium.dev/documentation/webdriver/troubleshooting/errors#no-such-element-exception\nStacktrace:\n#0 0x557d28899f83 <unknown>\n#1 0x557d28552cf7 <unknown>\n#2 0x557d285a299e <unknown>\n#3 0x557d285a2aa1 <unknown>\n#4 0x557d285edd64 <unknown>\n#5 0x557d285cc0dd <unknown>\n#6 0x557d285eb006 <unknown>\n#7 0x557d285cbe53 <unknown>\n#8 0x557d28593dd4 <unknown>\n#9 0x557d285951de <unknown>\n#10 0x557d2885e531 <unknown>\n#11 0x557d28862455 <unknown>\n#12 0x557d2884af55 <unknown>\n#13 0x557d288630ef <unknown>\n#14 0x557d2882e99f <unknown>\n#15 0x557d28887008 <unknown>\n#16 0x557d288871d7 <unknown>\n#17 0x557d28899124 <unknown>\n#18 0x7fc19a894ac3 <unknown>\n\n","steps":[],"attachments":[],"parameters":[],"shouldDisplayMessage":true,"stepsCount":0,"attachmentsCount":0,"hasContent":true,"attachmentStep":false}],"attachments":[],"parameters":[],"shouldDisplayMessage":true,"stepsCount":2,"attachmentsCount":0,"hasContent":true,"attachmentStep":false},"afterStages":[],"labels":[{"name":"host","value":"fv-az802-323"},{"name":"thread","value":"2830-MainThread"},{"name":"framework","value":"pytest-bdd"},{"name":"language","value":"cpython3"},{"name":"feature","value":"Test each council output matches expected results"},{"name":"resultFormat","value":"allure2"}],"parameters":[{"name":"council","value":"NeathPortTalbotCouncil"},{"name":"selenium_mode","value":"local"},{"name":"selenium_url","value":"http://selenium:4444"}],"links":[],"hidden":false,"retry":false,"extra":{"severity":"normal","retries":[],"categories":[{"name":"Product defects","matchedStatuses":[],"flaky":false}],"history":{"statistic":{"failed":137,"broken":0,"skipped":0,"passed":14,"unknown":0,"total":151},"items":[{"uid":"24a75a53de2601d5","reportUrl":"https://robbrad.github.io/UKBinCollectionData/3.11/1441//#testresult/24a75a53de2601d5","status":"failed","statusDetails":"selenium.common.exceptions.NoSuchElementException: Message: no such element: Unable to locate element: {\"method\":\"css selector\",\"selector\":\"[id=\"ContentPlaceHolderDefault_ctl13_nptLLPG2_25_addresslookup_txtTmpPostcode\"]\"}\n  (Session info: chrome-headless-shell=120.0.6099.109); For documentation on this error, please visit: https://www.selenium.dev/documentation/webdriver/troubleshooting/errors#no-such-element-exception\nStacktrace:\n#0 0x55d2387dff83 <unknown>\n#1 0x55d238498cf7 <unknown>\n#2 0x55d2384e899e <unknown>\n#3 0x55d2384e8aa1 <unknown>\n#4 0x55d238533d64 <unknown>\n#5 0x55d2385120dd <unknown>\n#6 0x55d238531006 <unknown>\n#7 0x55d238511e53 <unknown>\n#8 0x55d2384d9dd4 <unknown>\n#9 0x55d2384db1de <unknown>\n#10 0x55d2387a4531 <unknown>\n#11 0x55d2387a8455 <unknown>\n#12 0x55d238790f55 <unknown>\n#13 0x55d2387a90ef <unknown>\n#14 0x55d23877499f <unknown>\n#15 0x55d2387cd008 <unknown>\n#16 0x55d2387cd1d7 <unknown>\n#17 0x55d2387df124 <unknown>\n#18 0x7f1455094ac3 <unknown>","time":{"start":1704673778968,"stop":1704673782876,"duration":3908}},{"uid":"ec2dead1ef319433","reportUrl":"https://robbrad.github.io/UKBinCollectionData/3.11/1429//#testresult/ec2dead1ef319433","status":"failed","statusDetails":"selenium.common.exceptions.NoSuchElementException: Message: no such element: Unable to locate element: {\"method\":\"css selector\",\"selector\":\"[id=\"ContentPlaceHolderDefault_ctl13_nptLLPG2_25_addresslookup_txtTmpPostcode\"]\"}\n  (Session info: chrome-headless-shell=120.0.6099.109); For documentation on this error, please visit: https://www.selenium.dev/documentation/webdriver/troubleshooting/errors#no-such-element-exception\nStacktrace:\n#0 0x561736ddaf83 <unknown>\n#1 0x561736a93cf7 <unknown>\n#2 0x561736ae399e <unknown>\n#3 0x561736ae3aa1 <unknown>\n#4 0x561736b2ed64 <unknown>\n#5 0x561736b0d0dd <unknown>\n#6 0x561736b2c006 <unknown>\n#7 0x561736b0ce53 <unknown>\n#8 0x561736ad4dd4 <unknown>\n#9 0x561736ad61de <unknown>\n#10 0x561736d9f531 <unknown>\n#11 0x561736da3455 <unknown>\n#12 0x561736d8bf55 <unknown>\n#13 0x561736da40ef <unknown>\n#14 0x561736d6f99f <unknown>\n#15 0x561736dc8008 <unknown>\n#16 0x561736dc81d7 <unknown>\n#17 0x561736dda124 <unknown>\n#18 0x7fd7fc694ac3 <unknown>","time":{"start":1704626454553,"stop":1704626457820,"duration":3267}},{"uid":"791748901040078c","reportUrl":"https://robbrad.github.io/UKBinCollectionData/3.11/1426//#testresult/791748901040078c","status":"failed","statusDetails":"selenium.common.exceptions.NoSuchElementException: Message: no such element: Unable to locate element: {\"method\":\"css selector\",\"selector\":\"[id=\"ContentPlaceHolderDefault_ctl13_nptLLPG2_25_addresslookup_txtTmpPostcode\"]\"}\n  (Session info: chrome-headless-shell=120.0.6099.109); For documentation on this error, please visit: https://www.selenium.dev/documentation/webdriver/troubleshooting/errors#no-such-element-exception\nStacktrace:\n#0 0x5607e066cf83 <unknown>\n#1 0x5607e0325cf7 <unknown>\n#2 0x5607e037599e <unknown>\n#3 0x5607e0375aa1 <unknown>\n#4 0x5607e03c0d64 <unknown>\n#5 0x5607e039f0dd <unknown>\n#6 0x5607e03be006 <unknown>\n#7 0x5607e039ee53 <unknown>\n#8 0x5607e0366dd4 <unknown>\n#9 0x5607e03681de <unknown>\n#10 0x5607e0631531 <unknown>\n#11 0x5607e0635455 <unknown>\n#12 0x5607e061df55 <unknown>\n#13 0x5607e06360ef <unknown>\n#14 0x5607e060199f <unknown>\n#15 0x5607e065a008 <unknown>\n#16 0x5607e065a1d7 <unknown>\n#17 0x5607e066c124 <unknown>\n#18 0x7f6cc1894ac3 <unknown>","time":{"start":1704615436691,"stop":1704615439264,"duration":2573}},{"uid":"b2c41ac0e4950719","reportUrl":"https://robbrad.github.io/UKBinCollectionData/3.11/1423//#testresult/b2c41ac0e4950719","status":"failed","statusDetails":"selenium.common.exceptions.NoSuchElementException: Message: no such element: Unable to locate element: {\"method\":\"css selector\",\"selector\":\"[id=\"ContentPlaceHolderDefault_ctl13_nptLLPG2_25_addresslookup_txtTmpPostcode\"]\"}\n  (Session info: chrome-headless-shell=120.0.6099.109); For documentation on this error, please visit: https://www.selenium.dev/documentation/webdriver/troubleshooting/errors#no-such-element-exception\nStacktrace:\n#0 0x5643448b4f83 <unknown>\n#1 0x56434456dcf7 <unknown>\n#2 0x5643445bd99e <unknown>\n#3 0x5643445bdaa1 <unknown>\n#4 0x564344608d64 <unknown>\n#5 0x5643445e70dd <unknown>\n#6 0x564344606006 <unknown>\n#7 0x5643445e6e53 <unknown>\n#8 0x5643445aedd4 <unknown>\n#9 0x5643445b01de <unknown>\n#10 0x564344879531 <unknown>\n#11 0x56434487d455 <unknown>\n#12 0x564344865f55 <unknown>\n#13 0x56434487e0ef <unknown>\n#14 0x56434484999f <unknown>\n#15 0x5643448a2008 <unknown>\n#16 0x5643448a21d7 <unknown>\n#17 0x5643448b4124 <unknown>\n#18 0x7fe211e94ac3 <unknown>","time":{"start":1704614851197,"stop":1704614854893,"duration":3696}},{"uid":"8950bae40a54bdcb","reportUrl":"https://robbrad.github.io/UKBinCollectionData/3.11/1421//#testresult/8950bae40a54bdcb","status":"failed","statusDetails":"selenium.common.exceptions.NoSuchElementException: Message: no such element: Unable to locate element: {\"method\":\"css selector\",\"selector\":\"[id=\"ContentPlaceHolderDefault_ctl13_nptLLPG2_25_addresslookup_txtTmpPostcode\"]\"}\n  (Session info: chrome=120.0.6099.109); For documentation on this error, please visit: https://www.selenium.dev/documentation/webdriver/troubleshooting/errors#no-such-element-exception\nStacktrace:\n#0 0x5580db31cf83 <unknown>\n#1 0x5580dafd5cf7 <unknown>\n#2 0x5580db02599e <unknown>\n#3 0x5580db025aa1 <unknown>\n#4 0x5580db070d64 <unknown>\n#5 0x5580db04f0dd <unknown>\n#6 0x5580db06e006 <unknown>\n#7 0x5580db04ee53 <unknown>\n#8 0x5580db016dd4 <unknown>\n#9 0x5580db0181de <unknown>\n#10 0x5580db2e1531 <unknown>\n#11 0x5580db2e5455 <unknown>\n#12 0x5580db2cdf55 <unknown>\n#13 0x5580db2e60ef <unknown>\n#14 0x5580db2b199f <unknown>\n#15 0x5580db30a008 <unknown>\n#16 0x5580db30a1d7 <unknown>\n#17 0x5580db31c124 <unknown>\n#18 0x7fe52ea94ac3 <unknown>","time":{"start":1704614278492,"stop":1704614282367,"duration":3875}},{"uid":"9abc0cabb114b08e","reportUrl":"https://robbrad.github.io/UKBinCollectionData/3.11/1420//#testresult/9abc0cabb114b08e","status":"failed","statusDetails":"selenium.common.exceptions.NoSuchElementException: Message: no such element: Unable to locate element: {\"method\":\"css selector\",\"selector\":\"[id=\"ContentPlaceHolderDefault_ctl13_nptLLPG2_25_addresslookup_txtTmpPostcode\"]\"}\n  (Session info: chrome-headless-shell=120.0.6099.109); For documentation on this error, please visit: https://www.selenium.dev/documentation/webdriver/troubleshooting/errors#no-such-element-exception\nStacktrace:\n#0 0x562dc4982f83 <unknown>\n#1 0x562dc463bcf7 <unknown>\n#2 0x562dc468b99e <unknown>\n#3 0x562dc468baa1 <unknown>\n#4 0x562dc46d6d64 <unknown>\n#5 0x562dc46b50dd <unknown>\n#6 0x562dc46d4006 <unknown>\n#7 0x562dc46b4e53 <unknown>\n#8 0x562dc467cdd4 <unknown>\n#9 0x562dc467e1de <unknown>\n#10 0x562dc4947531 <unknown>\n#11 0x562dc494b455 <unknown>\n#12 0x562dc4933f55 <unknown>\n#13 0x562dc494c0ef <unknown>\n#14 0x562dc491799f <unknown>\n#15 0x562dc4970008 <unknown>\n#16 0x562dc49701d7 <unknown>\n#17 0x562dc4982124 <unknown>\n#18 0x7fcbaf094ac3 <unknown>","time":{"start":1704587540190,"stop":1704587543145,"duration":2955}},{"uid":"3b76699979e4a8c0","reportUrl":"https://robbrad.github.io/UKBinCollectionData/3.11/1413//#testresult/3b76699979e4a8c0","status":"failed","statusDetails":"selenium.common.exceptions.NoSuchElementException: Message: no such element: Unable to locate element: {\"method\":\"css selector\",\"selector\":\"[id=\"ContentPlaceHolderDefault_ctl13_nptLLPG2_25_addresslookup_txtTmpPostcode\"]\"}\n  (Session info: chrome-headless-shell=120.0.6099.109); For documentation on this error, please visit: https://www.selenium.dev/documentation/webdriver/troubleshooting/errors#no-such-element-exception\nStacktrace:\n#0 0x5647a5c19f83 <unknown>\n#1 0x5647a58d2cf7 <unknown>\n#2 0x5647a592299e <unknown>\n#3 0x5647a5922aa1 <unknown>\n#4 0x5647a596dd64 <unknown>\n#5 0x5647a594c0dd <unknown>\n#6 0x5647a596b006 <unknown>\n#7 0x5647a594be53 <unknown>\n#8 0x5647a5913dd4 <unknown>\n#9 0x5647a59151de <unknown>\n#10 0x5647a5bde531 <unknown>\n#11 0x5647a5be2455 <unknown>\n#12 0x5647a5bcaf55 <unknown>\n#13 0x5647a5be30ef <unknown>\n#14 0x5647a5bae99f <unknown>\n#15 0x5647a5c07008 <unknown>\n#16 0x5647a5c071d7 <unknown>\n#17 0x5647a5c19124 <unknown>\n#18 0x7fc627894ac3 <unknown>","time":{"start":1704542790846,"stop":1704542794870,"duration":4024}},{"uid":"446110d4bc72dea","reportUrl":"https://robbrad.github.io/UKBinCollectionData/3.11/1408//#testresult/446110d4bc72dea","status":"failed","statusDetails":"selenium.common.exceptions.NoSuchElementException: Message: no such element: Unable to locate element: {\"method\":\"css selector\",\"selector\":\"[id=\"ContentPlaceHolderDefault_ctl13_nptLLPG2_25_addresslookup_txtTmpPostcode\"]\"}\n  (Session info: chrome-headless-shell=120.0.6099.109); For documentation on this error, please visit: https://www.selenium.dev/documentation/webdriver/troubleshooting/errors#no-such-element-exception\nStacktrace:\n#0 0x55bb66ec7f83 <unknown>\n#1 0x55bb66b80cf7 <unknown>\n#2 0x55bb66bd099e <unknown>\n#3 0x55bb66bd0aa1 <unknown>\n#4 0x55bb66c1bd64 <unknown>\n#5 0x55bb66bfa0dd <unknown>\n#6 0x55bb66c19006 <unknown>\n#7 0x55bb66bf9e53 <unknown>\n#8 0x55bb66bc1dd4 <unknown>\n#9 0x55bb66bc31de <unknown>\n#10 0x55bb66e8c531 <unknown>\n#11 0x55bb66e90455 <unknown>\n#12 0x55bb66e78f55 <unknown>\n#13 0x55bb66e910ef <unknown>\n#14 0x55bb66e5c99f <unknown>\n#15 0x55bb66eb5008 <unknown>\n#16 0x55bb66eb51d7 <unknown>\n#17 0x55bb66ec7124 <unknown>\n#18 0x7ff072094ac3 <unknown>","time":{"start":1704496223648,"stop":1704496227218,"duration":3570}},{"uid":"ff39c439b3a3ac5e","reportUrl":"https://robbrad.github.io/UKBinCollectionData/3.11/1406//#testresult/ff39c439b3a3ac5e","status":"failed","statusDetails":"selenium.common.exceptions.NoSuchElementException: Message: no such element: Unable to locate element: {\"method\":\"css selector\",\"selector\":\"[id=\"ContentPlaceHolderDefault_ctl13_nptLLPG2_25_addresslookup_txtTmpPostcode\"]\"}\n  (Session info: chrome-headless-shell=120.0.6099.109); For documentation on this error, please visit: https://www.selenium.dev/documentation/webdriver/troubleshooting/errors#no-such-element-exception\nStacktrace:\n#0 0x55ef9d2e1f83 <unknown>\n#1 0x55ef9cf9acf7 <unknown>\n#2 0x55ef9cfea99e <unknown>\n#3 0x55ef9cfeaaa1 <unknown>\n#4 0x55ef9d035d64 <unknown>\n#5 0x55ef9d0140dd <unknown>\n#6 0x55ef9d033006 <unknown>\n#7 0x55ef9d013e53 <unknown>\n#8 0x55ef9cfdbdd4 <unknown>\n#9 0x55ef9cfdd1de <unknown>\n#10 0x55ef9d2a6531 <unknown>\n#11 0x55ef9d2aa455 <unknown>\n#12 0x55ef9d292f55 <unknown>\n#13 0x55ef9d2ab0ef <unknown>\n#14 0x55ef9d27699f <unknown>\n#15 0x55ef9d2cf008 <unknown>\n#16 0x55ef9d2cf1d7 <unknown>\n#17 0x55ef9d2e1124 <unknown>\n#18 0x7f275d094ac3 <unknown>","time":{"start":1704453491290,"stop":1704453495741,"duration":4451}},{"uid":"cb52134c5b00480d","reportUrl":"https://robbrad.github.io/UKBinCollectionData/3.11/1405//#testresult/cb52134c5b00480d","status":"failed","statusDetails":"selenium.common.exceptions.NoSuchElementException: Message: no such element: Unable to locate element: {\"method\":\"css selector\",\"selector\":\"[id=\"ContentPlaceHolderDefault_ctl13_nptLLPG2_25_addresslookup_txtTmpPostcode\"]\"}\n  (Session info: chrome-headless-shell=120.0.6099.109); For documentation on this error, please visit: https://www.selenium.dev/documentation/webdriver/troubleshooting/errors#no-such-element-exception\nStacktrace:\n#0 0x56433aa1ef83 <unknown>\n#1 0x56433a6d7cf7 <unknown>\n#2 0x56433a72799e <unknown>\n#3 0x56433a727aa1 <unknown>\n#4 0x56433a772d64 <unknown>\n#5 0x56433a7510dd <unknown>\n#6 0x56433a770006 <unknown>\n#7 0x56433a750e53 <unknown>\n#8 0x56433a718dd4 <unknown>\n#9 0x56433a71a1de <unknown>\n#10 0x56433a9e3531 <unknown>\n#11 0x56433a9e7455 <unknown>\n#12 0x56433a9cff55 <unknown>\n#13 0x56433a9e80ef <unknown>\n#14 0x56433a9b399f <unknown>\n#15 0x56433aa0c008 <unknown>\n#16 0x56433aa0c1d7 <unknown>\n#17 0x56433aa1e124 <unknown>\n#18 0x7f10fde94ac3 <unknown>","time":{"start":1704452671985,"stop":1704452674849,"duration":2864}},{"uid":"24625a731fcd011","reportUrl":"https://robbrad.github.io/UKBinCollectionData/3.11/1400//#testresult/24625a731fcd011","status":"failed","statusDetails":"selenium.common.exceptions.NoSuchElementException: Message: no such element: Unable to locate element: {\"method\":\"css selector\",\"selector\":\"[id=\"ContentPlaceHolderDefault_ctl13_nptLLPG2_25_addresslookup_txtTmpPostcode\"]\"}\n  (Session info: chrome-headless-shell=120.0.6099.109); For documentation on this error, please visit: https://www.selenium.dev/documentation/webdriver/troubleshooting/errors#no-such-element-exception\nStacktrace:\n#0 0x559944e58f83 <unknown>\n#1 0x559944b11cf7 <unknown>\n#2 0x559944b6199e <unknown>\n#3 0x559944b61aa1 <unknown>\n#4 0x559944bacd64 <unknown>\n#5 0x559944b8b0dd <unknown>\n#6 0x559944baa006 <unknown>\n#7 0x559944b8ae53 <unknown>\n#8 0x559944b52dd4 <unknown>\n#9 0x559944b541de <unknown>\n#10 0x559944e1d531 <unknown>\n#11 0x559944e21455 <unknown>\n#12 0x559944e09f55 <unknown>\n#13 0x559944e220ef <unknown>\n#14 0x559944ded99f <unknown>\n#15 0x559944e46008 <unknown>\n#16 0x559944e461d7 <unknown>\n#17 0x559944e58124 <unknown>\n#18 0x7f8f64894ac3 <unknown>","time":{"start":1704443845327,"stop":1704443849511,"duration":4184}},{"uid":"e6e1e02f2d42c6b2","reportUrl":"https://robbrad.github.io/UKBinCollectionData/3.11/1399//#testresult/e6e1e02f2d42c6b2","status":"failed","statusDetails":"selenium.common.exceptions.ElementClickInterceptedException: Message: element click intercepted: Element is not clickable at point (589, 618)\n  (Session info: chrome-headless-shell=120.0.6099.109)\nStacktrace:\n#0 0x560c44a48f83 <unknown>\n#1 0x560c44701cf7 <unknown>\n#2 0x560c44759d92 <unknown>\n#3 0x560c447577f4 <unknown>\n#4 0x560c44754894 <unknown>\n#5 0x560c447534b9 <unknown>\n#6 0x560c44745313 <unknown>\n#7 0x560c4477b0b2 <unknown>\n#8 0x560c44744b49 <unknown>\n#9 0x560c4477b4ce <unknown>\n#10 0x560c4479a006 <unknown>\n#11 0x560c4477ae53 <unknown>\n#12 0x560c44742dd4 <unknown>\n#13 0x560c447441de <unknown>\n#14 0x560c44a0d531 <unknown>\n#15 0x560c44a11455 <unknown>\n#16 0x560c449f9f55 <unknown>\n#17 0x560c44a120ef <unknown>\n#18 0x560c449dd99f <unknown>\n#19 0x560c44a36008 <unknown>\n#20 0x560c44a361d7 <unknown>\n#21 0x560c44a48124 <unknown>\n#22 0x7f5c4da94ac3 <unknown>","time":{"start":1704443381790,"stop":1704443385974,"duration":4184}},{"uid":"bc031feec64a7e4","reportUrl":"https://robbrad.github.io/UKBinCollectionData/3.11/1397//#testresult/bc031feec64a7e4","status":"failed","statusDetails":"selenium.common.exceptions.NoSuchElementException: Message: no such element: Unable to locate element: {\"method\":\"css selector\",\"selector\":\"[id=\"ContentPlaceHolderDefault_ctl13_nptLLPG2_25_addresslookup_txtTmpPostcode\"]\"}\n  (Session info: chrome-headless-shell=120.0.6099.109); For documentation on this error, please visit: https://www.selenium.dev/documentation/webdriver/troubleshooting/errors#no-such-element-exception\nStacktrace:\n#0 0x55d01ccc3f83 <unknown>\n#1 0x55d01c97ccf7 <unknown>\n#2 0x55d01c9cc99e <unknown>\n#3 0x55d01c9ccaa1 <unknown>\n#4 0x55d01ca17d64 <unknown>\n#5 0x55d01c9f60dd <unknown>\n#6 0x55d01ca15006 <unknown>\n#7 0x55d01c9f5e53 <unknown>\n#8 0x55d01c9bddd4 <unknown>\n#9 0x55d01c9bf1de <unknown>\n#10 0x55d01cc88531 <unknown>\n#11 0x55d01cc8c455 <unknown>\n#12 0x55d01cc74f55 <unknown>\n#13 0x55d01cc8d0ef <unknown>\n#14 0x55d01cc5899f <unknown>\n#15 0x55d01ccb1008 <unknown>\n#16 0x55d01ccb11d7 <unknown>\n#17 0x55d01ccc3124 <unknown>\n#18 0x7f9493a94ac3 <unknown>","time":{"start":1704442551348,"stop":1704442555170,"duration":3822}},{"uid":"577d132b4afde365","reportUrl":"https://robbrad.github.io/UKBinCollectionData/3.11/1396//#testresult/577d132b4afde365","status":"failed","statusDetails":"selenium.common.exceptions.NoSuchElementException: Message: no such element: Unable to locate element: {\"method\":\"css selector\",\"selector\":\"[id=\"ContentPlaceHolderDefault_ctl13_nptLLPG2_25_addresslookup_txtTmpPostcode\"]\"}\n  (Session info: chrome-headless-shell=120.0.6099.109); For documentation on this error, please visit: https://www.selenium.dev/documentation/webdriver/troubleshooting/errors#no-such-element-exception\nStacktrace:\n#0 0x56178916cf83 <unknown>\n#1 0x561788e25cf7 <unknown>\n#2 0x561788e7599e <unknown>\n#3 0x561788e75aa1 <unknown>\n#4 0x561788ec0d64 <unknown>\n#5 0x561788e9f0dd <unknown>\n#6 0x561788ebe006 <unknown>\n#7 0x561788e9ee53 <unknown>\n#8 0x561788e66dd4 <unknown>\n#9 0x561788e681de <unknown>\n#10 0x561789131531 <unknown>\n#11 0x561789135455 <unknown>\n#12 0x56178911df55 <unknown>\n#13 0x5617891360ef <unknown>\n#14 0x56178910199f <unknown>\n#15 0x56178915a008 <unknown>\n#16 0x56178915a1d7 <unknown>\n#17 0x56178916c124 <unknown>\n#18 0x7f68f3e94ac3 <unknown>","time":{"start":1704442534791,"stop":1704442540078,"duration":5287}},{"uid":"56c691d76e34eef9","reportUrl":"https://robbrad.github.io/UKBinCollectionData/3.11/1390//#testresult/56c691d76e34eef9","status":"failed","statusDetails":"selenium.common.exceptions.NoSuchElementException: Message: no such element: Unable to locate element: {\"method\":\"css selector\",\"selector\":\"[id=\"ContentPlaceHolderDefault_ctl13_nptLLPG2_25_addresslookup_txtTmpPostcode\"]\"}\n  (Session info: chrome-headless-shell=120.0.6099.109); For documentation on this error, please visit: https://www.selenium.dev/documentation/webdriver/troubleshooting/errors#no-such-element-exception\nStacktrace:\n#0 0x55f94f7e6f83 <unknown>\n#1 0x55f94f49fcf7 <unknown>\n#2 0x55f94f4ef99e <unknown>\n#3 0x55f94f4efaa1 <unknown>\n#4 0x55f94f53ad64 <unknown>\n#5 0x55f94f5190dd <unknown>\n#6 0x55f94f538006 <unknown>\n#7 0x55f94f518e53 <unknown>\n#8 0x55f94f4e0dd4 <unknown>\n#9 0x55f94f4e21de <unknown>\n#10 0x55f94f7ab531 <unknown>\n#11 0x55f94f7af455 <unknown>\n#12 0x55f94f797f55 <unknown>\n#13 0x55f94f7b00ef <unknown>\n#14 0x55f94f77b99f <unknown>\n#15 0x55f94f7d4008 <unknown>\n#16 0x55f94f7d41d7 <unknown>\n#17 0x55f94f7e6124 <unknown>\n#18 0x7f4e37094ac3 <unknown>","time":{"start":1704417575372,"stop":1704417578847,"duration":3475}},{"uid":"b039707a5da8a557","reportUrl":"https://robbrad.github.io/UKBinCollectionData/3.11/1379//#testresult/b039707a5da8a557","status":"failed","statusDetails":"selenium.common.exceptions.NoSuchElementException: Message: no such element: Unable to locate element: {\"method\":\"css selector\",\"selector\":\"[id=\"ContentPlaceHolderDefault_ctl13_nptLLPG2_25_addresslookup_txtTmpPostcode\"]\"}\n  (Session info: chrome-headless-shell=120.0.6099.109); For documentation on this error, please visit: https://www.selenium.dev/documentation/webdriver/troubleshooting/errors#no-such-element-exception\nStacktrace:\n#0 0x55e88610af83 <unknown>\n#1 0x55e885dc3cf7 <unknown>\n#2 0x55e885e1399e <unknown>\n#3 0x55e885e13aa1 <unknown>\n#4 0x55e885e5ed64 <unknown>\n#5 0x55e885e3d0dd <unknown>\n#6 0x55e885e5c006 <unknown>\n#7 0x55e885e3ce53 <unknown>\n#8 0x55e885e04dd4 <unknown>\n#9 0x55e885e061de <unknown>\n#10 0x55e8860cf531 <unknown>\n#11 0x55e8860d3455 <unknown>\n#12 0x55e8860bbf55 <unknown>\n#13 0x55e8860d40ef <unknown>\n#14 0x55e88609f99f <unknown>\n#15 0x55e8860f8008 <unknown>\n#16 0x55e8860f81d7 <unknown>\n#17 0x55e88610a124 <unknown>\n#18 0x7feebbe94ac3 <unknown>","time":{"start":1704406061077,"stop":1704406065854,"duration":4777}},{"uid":"8f4bf86e2cae9a2f","reportUrl":"https://robbrad.github.io/UKBinCollectionData/3.11/1378//#testresult/8f4bf86e2cae9a2f","status":"failed","statusDetails":"selenium.common.exceptions.NoSuchElementException: Message: no such element: Unable to locate element: {\"method\":\"css selector\",\"selector\":\"[id=\"ContentPlaceHolderDefault_ctl13_nptLLPG2_25_addresslookup_txtTmpPostcode\"]\"}\n  (Session info: chrome-headless-shell=120.0.6099.109); For documentation on this error, please visit: https://www.selenium.dev/documentation/webdriver/troubleshooting/errors#no-such-element-exception\nStacktrace:\n#0 0x561f7316ef83 <unknown>\n#1 0x561f72e27cf7 <unknown>\n#2 0x561f72e7799e <unknown>\n#3 0x561f72e77aa1 <unknown>\n#4 0x561f72ec2d64 <unknown>\n#5 0x561f72ea10dd <unknown>\n#6 0x561f72ec0006 <unknown>\n#7 0x561f72ea0e53 <unknown>\n#8 0x561f72e68dd4 <unknown>\n#9 0x561f72e6a1de <unknown>\n#10 0x561f73133531 <unknown>\n#11 0x561f73137455 <unknown>\n#12 0x561f7311ff55 <unknown>\n#13 0x561f731380ef <unknown>\n#14 0x561f7310399f <unknown>\n#15 0x561f7315c008 <unknown>\n#16 0x561f7315c1d7 <unknown>\n#17 0x561f7316e124 <unknown>\n#18 0x7fbd59894ac3 <unknown>","time":{"start":1704406006060,"stop":1704406009785,"duration":3725}},{"uid":"293a9fd299b3d3f","reportUrl":"https://robbrad.github.io/UKBinCollectionData/3.11/1376//#testresult/293a9fd299b3d3f","status":"failed","statusDetails":"selenium.common.exceptions.NoSuchElementException: Message: no such element: Unable to locate element: {\"method\":\"css selector\",\"selector\":\"[id=\"ContentPlaceHolderDefault_ctl13_nptLLPG2_25_addresslookup_txtTmpPostcode\"]\"}\n  (Session info: chrome-headless-shell=120.0.6099.109); For documentation on this error, please visit: https://www.selenium.dev/documentation/webdriver/troubleshooting/errors#no-such-element-exception\nStacktrace:\n#0 0x55c610efbf83 <unknown>\n#1 0x55c610bb4cf7 <unknown>\n#2 0x55c610c0499e <unknown>\n#3 0x55c610c04aa1 <unknown>\n#4 0x55c610c4fd64 <unknown>\n#5 0x55c610c2e0dd <unknown>\n#6 0x55c610c4d006 <unknown>\n#7 0x55c610c2de53 <unknown>\n#8 0x55c610bf5dd4 <unknown>\n#9 0x55c610bf71de <unknown>\n#10 0x55c610ec0531 <unknown>\n#11 0x55c610ec4455 <unknown>\n#12 0x55c610eacf55 <unknown>\n#13 0x55c610ec50ef <unknown>\n#14 0x55c610e9099f <unknown>\n#15 0x55c610ee9008 <unknown>\n#16 0x55c610ee91d7 <unknown>\n#17 0x55c610efb124 <unknown>\n#18 0x7f6d8a494ac3 <unknown>","time":{"start":1704398841093,"stop":1704398845200,"duration":4107}},{"uid":"dac5b37a6f2cb63f","reportUrl":"https://robbrad.github.io/UKBinCollectionData/3.11/1375//#testresult/dac5b37a6f2cb63f","status":"failed","statusDetails":"selenium.common.exceptions.NoSuchElementException: Message: no such element: Unable to locate element: {\"method\":\"css selector\",\"selector\":\"[id=\"ContentPlaceHolderDefault_ctl13_nptLLPG2_25_addresslookup_txtTmpPostcode\"]\"}\n  (Session info: chrome-headless-shell=120.0.6099.109); For documentation on this error, please visit: https://www.selenium.dev/documentation/webdriver/troubleshooting/errors#no-such-element-exception\nStacktrace:\n#0 0x55f4e1335f83 <unknown>\n#1 0x55f4e0feecf7 <unknown>\n#2 0x55f4e103e99e <unknown>\n#3 0x55f4e103eaa1 <unknown>\n#4 0x55f4e1089d64 <unknown>\n#5 0x55f4e10680dd <unknown>\n#6 0x55f4e1087006 <unknown>\n#7 0x55f4e1067e53 <unknown>\n#8 0x55f4e102fdd4 <unknown>\n#9 0x55f4e10311de <unknown>\n#10 0x55f4e12fa531 <unknown>\n#11 0x55f4e12fe455 <unknown>\n#12 0x55f4e12e6f55 <unknown>\n#13 0x55f4e12ff0ef <unknown>\n#14 0x55f4e12ca99f <unknown>\n#15 0x55f4e1323008 <unknown>\n#16 0x55f4e13231d7 <unknown>\n#17 0x55f4e1335124 <unknown>\n#18 0x7fd8c5494ac3 <unknown>","time":{"start":1704398791499,"stop":1704398796034,"duration":4535}},{"uid":"b799f1fba9d71e5b","reportUrl":"https://robbrad.github.io/UKBinCollectionData/3.11/1373//#testresult/b799f1fba9d71e5b","status":"failed","statusDetails":"selenium.common.exceptions.NoSuchElementException: Message: no such element: Unable to locate element: {\"method\":\"css selector\",\"selector\":\"[id=\"ContentPlaceHolderDefault_ctl13_nptLLPG2_25_addresslookup_txtTmpPostcode\"]\"}\n  (Session info: chrome-headless-shell=120.0.6099.109); For documentation on this error, please visit: https://www.selenium.dev/documentation/webdriver/troubleshooting/errors#no-such-element-exception\nStacktrace:\n#0 0x557211797f83 <unknown>\n#1 0x557211450cf7 <unknown>\n#2 0x5572114a099e <unknown>\n#3 0x5572114a0aa1 <unknown>\n#4 0x5572114ebd64 <unknown>\n#5 0x5572114ca0dd <unknown>\n#6 0x5572114e9006 <unknown>\n#7 0x5572114c9e53 <unknown>\n#8 0x557211491dd4 <unknown>\n#9 0x5572114931de <unknown>\n#10 0x55721175c531 <unknown>\n#11 0x557211760455 <unknown>\n#12 0x557211748f55 <unknown>\n#13 0x5572117610ef <unknown>\n#14 0x55721172c99f <unknown>\n#15 0x557211785008 <unknown>\n#16 0x5572117851d7 <unknown>\n#17 0x557211797124 <unknown>\n#18 0x7fea74494ac3 <unknown>","time":{"start":1704388353805,"stop":1704388358369,"duration":4564}}]},"tags":[]},"source":"6b46a6d2f8095584.json","parameterValues":["NeathPortTalbotCouncil","local","http://selenium:4444"]}