{"uid":"fe67f0c600a7d98c","name":"Validate Council Output [KnowsleyMBCouncil]","fullName":"features/validate_council_outputs.feature:Validate Council Output","historyId":"56740e3e170c4ada5e89fee4a4334687","time":{"start":1718757566053,"stop":1718757608879,"duration":42826},"status":"failed","statusMessage":"selenium.common.exceptions.TimeoutException: Message: \nStacktrace:\n#0 0x556bd48dce9a <unknown>\n#1 0x556bd45c645c <unknown>\n#2 0x556bd46125b5 <unknown>\n#3 0x556bd4612671 <unknown>\n#4 0x556bd4656f14 <unknown>\n#5 0x556bd46354dd <unknown>\n#6 0x556bd46542cc <unknown>\n#7 0x556bd4635253 <unknown>\n#8 0x556bd46051c7 <unknown>\n#9 0x556bd4605b3e <unknown>\n#10 0x556bd48a32db <unknown>\n#11 0x556bd48a7387 <unknown>\n#12 0x556bd488fe0e <unknown>\n#13 0x556bd48a7e52 <unknown>\n#14 0x556bd48747af <unknown>\n#15 0x556bd48cc188 <unknown>\n#16 0x556bd48cc35b <unknown>\n#17 0x556bd48dbfcc <unknown>\n#18 0x7fe8a772cac3 <unknown>","statusTrace":"fixturefunc = <function scrape_step at 0x7f28c712dd00>\nrequest = <FixtureRequest for <Function test_scenario_outline[KnowsleyMBCouncil]>>\nkwargs = {'context': <test_validate_council.Context object at 0x7f28c84135f0>, 'headless_mode': 'True', 'local_browser': 'False', 'selenium_url': 'http://localhost:4444'}\n\n    def call_fixture_func(\n        fixturefunc: \"_FixtureFunc[FixtureValue]\", request: FixtureRequest, kwargs\n    ) -> FixtureValue:\n        if is_generator(fixturefunc):\n            fixturefunc = cast(\n                Callable[..., Generator[FixtureValue, None, None]], fixturefunc\n            )\n            generator = fixturefunc(**kwargs)\n            try:\n                fixture_result = next(generator)\n            except StopIteration:\n                raise ValueError(f\"{request.fixturename} did not yield a value\") from None\n            finalizer = functools.partial(_teardown_yield_fixture, fixturefunc, generator)\n            request.addfinalizer(finalizer)\n        else:\n            fixturefunc = cast(Callable[..., FixtureValue], fixturefunc)\n>           fixture_result = fixturefunc(**kwargs)\n\n../../../.cache/pypoetry/virtualenvs/uk-bin-collection-EwS6Gn8s-py3.12/lib/python3.12/site-packages/_pytest/fixtures.py:887: \n_ _ _ _ _ _ _ _ _ _ _ _ _ _ _ _ _ _ _ _ _ _ _ _ _ _ _ _ _ _ _ _ _ _ _ _ _ _ _ _ \nuk_bin_collection/tests/step_defs/test_validate_council.py:100: in scrape_step\n    context.parse_result = CollectData.run()\nuk_bin_collection/uk_bin_collection/collect_data.py:101: in run\n    return self.client_code(\nuk_bin_collection/uk_bin_collection/collect_data.py:121: in client_code\n    return get_bin_data_class.template_method(address_url, **kwargs)\nuk_bin_collection/uk_bin_collection/get_bin_data.py:61: in template_method\n    bin_data_dict = self.get_and_parse_data(this_url, **kwargs)\nuk_bin_collection/uk_bin_collection/get_bin_data.py:84: in get_and_parse_data\n    bin_data_dict = self.parse_data(\"\", url=address_url, **kwargs)\nuk_bin_collection/uk_bin_collection/councils/KnowsleyMBCouncil.py:40: in parse_data\n    inputElement_postcode = WebDriverWait(driver, 30).until(\n_ _ _ _ _ _ _ _ _ _ _ _ _ _ _ _ _ _ _ _ _ _ _ _ _ _ _ _ _ _ _ _ _ _ _ _ _ _ _ _ \n\nself = <selenium.webdriver.support.wait.WebDriverWait (session=\"13a31ba27a62711b391971c9961f98b7\")>\nmethod = <function visibility_of_element_located.<locals>._predicate at 0x7f28c5d61580>\nmessage = ''\n\n    def until(self, method: Callable[[D], Union[Literal[False], T]], message: str = \"\") -> T:\n        \"\"\"Calls the method provided with the driver as an argument until the \\\n        return value does not evaluate to ``False``.\n    \n        :param method: callable(WebDriver)\n        :param message: optional message for :exc:`TimeoutException`\n        :returns: the result of the last call to `method`\n        :raises: :exc:`selenium.common.exceptions.TimeoutException` if timeout occurs\n        \"\"\"\n        screen = None\n        stacktrace = None\n    \n        end_time = time.monotonic() + self._timeout\n        while True:\n            try:\n                value = method(self._driver)\n                if value:\n                    return value\n            except self._ignored_exceptions as exc:\n                screen = getattr(exc, \"screen\", None)\n                stacktrace = getattr(exc, \"stacktrace\", None)\n            time.sleep(self._poll)\n            if time.monotonic() > end_time:\n                break\n>       raise TimeoutException(message, screen, stacktrace)\nE       selenium.common.exceptions.TimeoutException: Message: \nE       Stacktrace:\nE       #0 0x556bd48dce9a <unknown>\nE       #1 0x556bd45c645c <unknown>\nE       #2 0x556bd46125b5 <unknown>\nE       #3 0x556bd4612671 <unknown>\nE       #4 0x556bd4656f14 <unknown>\nE       #5 0x556bd46354dd <unknown>\nE       #6 0x556bd46542cc <unknown>\nE       #7 0x556bd4635253 <unknown>\nE       #8 0x556bd46051c7 <unknown>\nE       #9 0x556bd4605b3e <unknown>\nE       #10 0x556bd48a32db <unknown>\nE       #11 0x556bd48a7387 <unknown>\nE       #12 0x556bd488fe0e <unknown>\nE       #13 0x556bd48a7e52 <unknown>\nE       #14 0x556bd48747af <unknown>\nE       #15 0x556bd48cc188 <unknown>\nE       #16 0x556bd48cc35b <unknown>\nE       #17 0x556bd48dbfcc <unknown>\nE       #18 0x7fe8a772cac3 <unknown>\n\n../../../.cache/pypoetry/virtualenvs/uk-bin-collection-EwS6Gn8s-py3.12/lib/python3.12/site-packages/selenium/webdriver/support/wait.py:105: TimeoutException","flaky":false,"newFailed":false,"newBroken":false,"newPassed":false,"retriesCount":0,"retriesStatusChange":false,"beforeStages":[],"testStage":{"status":"failed","statusMessage":"selenium.common.exceptions.TimeoutException: Message: \nStacktrace:\n#0 0x556bd48dce9a <unknown>\n#1 0x556bd45c645c <unknown>\n#2 0x556bd46125b5 <unknown>\n#3 0x556bd4612671 <unknown>\n#4 0x556bd4656f14 <unknown>\n#5 0x556bd46354dd <unknown>\n#6 0x556bd46542cc <unknown>\n#7 0x556bd4635253 <unknown>\n#8 0x556bd46051c7 <unknown>\n#9 0x556bd4605b3e <unknown>\n#10 0x556bd48a32db <unknown>\n#11 0x556bd48a7387 <unknown>\n#12 0x556bd488fe0e <unknown>\n#13 0x556bd48a7e52 <unknown>\n#14 0x556bd48747af <unknown>\n#15 0x556bd48cc188 <unknown>\n#16 0x556bd48cc35b <unknown>\n#17 0x556bd48dbfcc <unknown>\n#18 0x7fe8a772cac3 <unknown>","statusTrace":"fixturefunc = <function scrape_step at 0x7f28c712dd00>\nrequest = <FixtureRequest for <Function test_scenario_outline[KnowsleyMBCouncil]>>\nkwargs = {'context': <test_validate_council.Context object at 0x7f28c84135f0>, 'headless_mode': 'True', 'local_browser': 'False', 'selenium_url': 'http://localhost:4444'}\n\n    def call_fixture_func(\n        fixturefunc: \"_FixtureFunc[FixtureValue]\", request: FixtureRequest, kwargs\n    ) -> FixtureValue:\n        if is_generator(fixturefunc):\n            fixturefunc = cast(\n                Callable[..., Generator[FixtureValue, None, None]], fixturefunc\n            )\n            generator = fixturefunc(**kwargs)\n            try:\n                fixture_result = next(generator)\n            except StopIteration:\n                raise ValueError(f\"{request.fixturename} did not yield a value\") from None\n            finalizer = functools.partial(_teardown_yield_fixture, fixturefunc, generator)\n            request.addfinalizer(finalizer)\n        else:\n            fixturefunc = cast(Callable[..., FixtureValue], fixturefunc)\n>           fixture_result = fixturefunc(**kwargs)\n\n../../../.cache/pypoetry/virtualenvs/uk-bin-collection-EwS6Gn8s-py3.12/lib/python3.12/site-packages/_pytest/fixtures.py:887: \n_ _ _ _ _ _ _ _ _ _ _ _ _ _ _ _ _ _ _ _ _ _ _ _ _ _ _ _ _ _ _ _ _ _ _ _ _ _ _ _ \nuk_bin_collection/tests/step_defs/test_validate_council.py:100: in scrape_step\n    context.parse_result = CollectData.run()\nuk_bin_collection/uk_bin_collection/collect_data.py:101: in run\n    return self.client_code(\nuk_bin_collection/uk_bin_collection/collect_data.py:121: in client_code\n    return get_bin_data_class.template_method(address_url, **kwargs)\nuk_bin_collection/uk_bin_collection/get_bin_data.py:61: in template_method\n    bin_data_dict = self.get_and_parse_data(this_url, **kwargs)\nuk_bin_collection/uk_bin_collection/get_bin_data.py:84: in get_and_parse_data\n    bin_data_dict = self.parse_data(\"\", url=address_url, **kwargs)\nuk_bin_collection/uk_bin_collection/councils/KnowsleyMBCouncil.py:40: in parse_data\n    inputElement_postcode = WebDriverWait(driver, 30).until(\n_ _ _ _ _ _ _ _ _ _ _ _ _ _ _ _ _ _ _ _ _ _ _ _ _ _ _ _ _ _ _ _ _ _ _ _ _ _ _ _ \n\nself = <selenium.webdriver.support.wait.WebDriverWait (session=\"13a31ba27a62711b391971c9961f98b7\")>\nmethod = <function visibility_of_element_located.<locals>._predicate at 0x7f28c5d61580>\nmessage = ''\n\n    def until(self, method: Callable[[D], Union[Literal[False], T]], message: str = \"\") -> T:\n        \"\"\"Calls the method provided with the driver as an argument until the \\\n        return value does not evaluate to ``False``.\n    \n        :param method: callable(WebDriver)\n        :param message: optional message for :exc:`TimeoutException`\n        :returns: the result of the last call to `method`\n        :raises: :exc:`selenium.common.exceptions.TimeoutException` if timeout occurs\n        \"\"\"\n        screen = None\n        stacktrace = None\n    \n        end_time = time.monotonic() + self._timeout\n        while True:\n            try:\n                value = method(self._driver)\n                if value:\n                    return value\n            except self._ignored_exceptions as exc:\n                screen = getattr(exc, \"screen\", None)\n                stacktrace = getattr(exc, \"stacktrace\", None)\n            time.sleep(self._poll)\n            if time.monotonic() > end_time:\n                break\n>       raise TimeoutException(message, screen, stacktrace)\nE       selenium.common.exceptions.TimeoutException: Message: \nE       Stacktrace:\nE       #0 0x556bd48dce9a <unknown>\nE       #1 0x556bd45c645c <unknown>\nE       #2 0x556bd46125b5 <unknown>\nE       #3 0x556bd4612671 <unknown>\nE       #4 0x556bd4656f14 <unknown>\nE       #5 0x556bd46354dd <unknown>\nE       #6 0x556bd46542cc <unknown>\nE       #7 0x556bd4635253 <unknown>\nE       #8 0x556bd46051c7 <unknown>\nE       #9 0x556bd4605b3e <unknown>\nE       #10 0x556bd48a32db <unknown>\nE       #11 0x556bd48a7387 <unknown>\nE       #12 0x556bd488fe0e <unknown>\nE       #13 0x556bd48a7e52 <unknown>\nE       #14 0x556bd48747af <unknown>\nE       #15 0x556bd48cc188 <unknown>\nE       #16 0x556bd48cc35b <unknown>\nE       #17 0x556bd48dbfcc <unknown>\nE       #18 0x7fe8a772cac3 <unknown>\n\n../../../.cache/pypoetry/virtualenvs/uk-bin-collection-EwS6Gn8s-py3.12/lib/python3.12/site-packages/selenium/webdriver/support/wait.py:105: TimeoutException","steps":[{"name":"Given the council","time":{"start":1718757566053,"stop":1718757566053,"duration":0},"status":"passed","steps":[],"attachments":[],"parameters":[],"shouldDisplayMessage":false,"stepsCount":0,"attachmentsCount":0,"hasContent":false,"attachmentStep":false},{"name":"When we scrape the data from the council","time":{"start":1718757566053,"stop":1718757608879,"duration":42826},"status":"failed","statusMessage":"Message: \nStacktrace:\n#0 0x556bd48dce9a <unknown>\n#1 0x556bd45c645c <unknown>\n#2 0x556bd46125b5 <unknown>\n#3 0x556bd4612671 <unknown>\n#4 0x556bd4656f14 <unknown>\n#5 0x556bd46354dd <unknown>\n#6 0x556bd46542cc <unknown>\n#7 0x556bd4635253 <unknown>\n#8 0x556bd46051c7 <unknown>\n#9 0x556bd4605b3e <unknown>\n#10 0x556bd48a32db <unknown>\n#11 0x556bd48a7387 <unknown>\n#12 0x556bd488fe0e <unknown>\n#13 0x556bd48a7e52 <unknown>\n#14 0x556bd48747af <unknown>\n#15 0x556bd48cc188 <unknown>\n#16 0x556bd48cc35b <unknown>\n#17 0x556bd48dbfcc <unknown>\n#18 0x7fe8a772cac3 <unknown>\n","statusTrace":"selenium.common.exceptions.TimeoutException: Message: \nStacktrace:\n#0 0x556bd48dce9a <unknown>\n#1 0x556bd45c645c <unknown>\n#2 0x556bd46125b5 <unknown>\n#3 0x556bd4612671 <unknown>\n#4 0x556bd4656f14 <unknown>\n#5 0x556bd46354dd <unknown>\n#6 0x556bd46542cc <unknown>\n#7 0x556bd4635253 <unknown>\n#8 0x556bd46051c7 <unknown>\n#9 0x556bd4605b3e <unknown>\n#10 0x556bd48a32db <unknown>\n#11 0x556bd48a7387 <unknown>\n#12 0x556bd488fe0e <unknown>\n#13 0x556bd48a7e52 <unknown>\n#14 0x556bd48747af <unknown>\n#15 0x556bd48cc188 <unknown>\n#16 0x556bd48cc35b <unknown>\n#17 0x556bd48dbfcc <unknown>\n#18 0x7fe8a772cac3 <unknown>\n\n","steps":[],"attachments":[],"parameters":[],"shouldDisplayMessage":true,"stepsCount":0,"attachmentsCount":0,"hasContent":true,"attachmentStep":false}],"attachments":[{"uid":"5311e5f276a543a8","name":"stdout","source":"5311e5f276a543a8.txt","type":"text/plain","size":627}],"parameters":[],"shouldDisplayMessage":true,"stepsCount":2,"attachmentsCount":1,"hasContent":true,"attachmentStep":false},"afterStages":[],"labels":[{"name":"host","value":"fv-az1780-678"},{"name":"thread","value":"2699-MainThread"},{"name":"framework","value":"pytest-bdd"},{"name":"language","value":"cpython3"},{"name":"feature","value":"Test each council output matches expected results"},{"name":"resultFormat","value":"allure2"}],"parameters":[{"name":"council","value":"KnowsleyMBCouncil"}],"links":[],"hidden":false,"retry":false,"extra":{"severity":"normal","retries":[],"categories":[{"name":"Product defects","matchedStatuses":[],"flaky":false}],"history":{"statistic":{"failed":42,"broken":0,"skipped":0,"passed":0,"unknown":0,"total":42},"items":[{"uid":"eb8dd40ab438d26c","reportUrl":"https://robbrad.github.io/UKBinCollectionData/3.12/1946//#testresult/eb8dd40ab438d26c","status":"failed","statusDetails":"selenium.common.exceptions.TimeoutException: Message: \nStacktrace:\n#0 0x556dd3dace9a <unknown>\n#1 0x556dd3a9645c <unknown>\n#2 0x556dd3ae25b5 <unknown>\n#3 0x556dd3ae2671 <unknown>\n#4 0x556dd3b26f14 <unknown>\n#5 0x556dd3b054dd <unknown>\n#6 0x556dd3b242cc <unknown>\n#7 0x556dd3b05253 <unknown>\n#8 0x556dd3ad51c7 <unknown>\n#9 0x556dd3ad5b3e <unknown>\n#10 0x556dd3d732db <unknown>\n#11 0x556dd3d77387 <unknown>\n#12 0x556dd3d5fe0e <unknown>\n#13 0x556dd3d77e52 <unknown>\n#14 0x556dd3d447af <unknown>\n#15 0x556dd3d9c188 <unknown>\n#16 0x556dd3d9c35b <unknown>\n#17 0x556dd3dabfcc <unknown>\n#18 0x7fd312440ac3 <unknown>","time":{"start":1718670697510,"stop":1718670987827,"duration":290317}},{"uid":"bf36af4adf113c52","reportUrl":"https://robbrad.github.io/UKBinCollectionData/3.12/1945//#testresult/bf36af4adf113c52","status":"failed","statusDetails":"selenium.common.exceptions.TimeoutException: Message: \nStacktrace:\n#0 0x5558d7b7be9a <unknown>\n#1 0x5558d786545c <unknown>\n#2 0x5558d78b15b5 <unknown>\n#3 0x5558d78b1671 <unknown>\n#4 0x5558d78f5f14 <unknown>\n#5 0x5558d78d44dd <unknown>\n#6 0x5558d78f32cc <unknown>\n#7 0x5558d78d4253 <unknown>\n#8 0x5558d78a41c7 <unknown>\n#9 0x5558d78a4b3e <unknown>\n#10 0x5558d7b422db <unknown>\n#11 0x5558d7b46387 <unknown>\n#12 0x5558d7b2ee0e <unknown>\n#13 0x5558d7b46e52 <unknown>\n#14 0x5558d7b137af <unknown>\n#15 0x5558d7b6b188 <unknown>\n#16 0x5558d7b6b35b <unknown>\n#17 0x5558d7b7afcc <unknown>\n#18 0x7f0a46097ac3 <unknown>","time":{"start":1718584799895,"stop":1718584843039,"duration":43144}},{"uid":"c6deabdeef4c5ef4","reportUrl":"https://robbrad.github.io/UKBinCollectionData/3.12/1944//#testresult/c6deabdeef4c5ef4","status":"failed","statusDetails":"selenium.common.exceptions.TimeoutException: Message: \nStacktrace:\n#0 0x559ef3ec4e9a <unknown>\n#1 0x559ef3bae45c <unknown>\n#2 0x559ef3bfa5b5 <unknown>\n#3 0x559ef3bfa671 <unknown>\n#4 0x559ef3c3ef14 <unknown>\n#5 0x559ef3c1d4dd <unknown>\n#6 0x559ef3c3c2cc <unknown>\n#7 0x559ef3c1d253 <unknown>\n#8 0x559ef3bed1c7 <unknown>\n#9 0x559ef3bedb3e <unknown>\n#10 0x559ef3e8b2db <unknown>\n#11 0x559ef3e8f387 <unknown>\n#12 0x559ef3e77e0e <unknown>\n#13 0x559ef3e8fe52 <unknown>\n#14 0x559ef3e5c7af <unknown>\n#15 0x559ef3eb4188 <unknown>\n#16 0x559ef3eb435b <unknown>\n#17 0x559ef3ec3fcc <unknown>\n#18 0x7fc9d6206ac3 <unknown>","time":{"start":1718498356691,"stop":1718498403153,"duration":46462}},{"uid":"163f5ef28bcbd149","reportUrl":"https://robbrad.github.io/UKBinCollectionData/3.12/1943//#testresult/163f5ef28bcbd149","status":"failed","statusDetails":"selenium.common.exceptions.TimeoutException: Message: \nStacktrace:\n#0 0x55687bc26e9a <unknown>\n#1 0x55687b91045c <unknown>\n#2 0x55687b95c5b5 <unknown>\n#3 0x55687b95c671 <unknown>\n#4 0x55687b9a0f14 <unknown>\n#5 0x55687b97f4dd <unknown>\n#6 0x55687b99e2cc <unknown>\n#7 0x55687b97f253 <unknown>\n#8 0x55687b94f1c7 <unknown>\n#9 0x55687b94fb3e <unknown>\n#10 0x55687bbed2db <unknown>\n#11 0x55687bbf1387 <unknown>\n#12 0x55687bbd9e0e <unknown>\n#13 0x55687bbf1e52 <unknown>\n#14 0x55687bbbe7af <unknown>\n#15 0x55687bc16188 <unknown>\n#16 0x55687bc1635b <unknown>\n#17 0x55687bc25fcc <unknown>\n#18 0x7fa249513ac3 <unknown>","time":{"start":1718411959495,"stop":1718412007236,"duration":47741}},{"uid":"92cf7f6770e0d943","reportUrl":"https://robbrad.github.io/UKBinCollectionData/3.12/1942//#testresult/92cf7f6770e0d943","status":"failed","statusDetails":"selenium.common.exceptions.TimeoutException: Message: \nStacktrace:\n#0 0x55e8fdf00e9a <unknown>\n#1 0x55e8fdbea45c <unknown>\n#2 0x55e8fdc365b5 <unknown>\n#3 0x55e8fdc36671 <unknown>\n#4 0x55e8fdc7af14 <unknown>\n#5 0x55e8fdc594dd <unknown>\n#6 0x55e8fdc782cc <unknown>\n#7 0x55e8fdc59253 <unknown>\n#8 0x55e8fdc291c7 <unknown>\n#9 0x55e8fdc29b3e <unknown>\n#10 0x55e8fdec72db <unknown>\n#11 0x55e8fdecb387 <unknown>\n#12 0x55e8fdeb3e0e <unknown>\n#13 0x55e8fdecbe52 <unknown>\n#14 0x55e8fde987af <unknown>\n#15 0x55e8fdef0188 <unknown>\n#16 0x55e8fdef035b <unknown>\n#17 0x55e8fdefffcc <unknown>\n#18 0x7f45ab5c5ac3 <unknown>","time":{"start":1718325074948,"stop":1718325369207,"duration":294259}},{"uid":"3af19b3a459c448f","reportUrl":"https://robbrad.github.io/UKBinCollectionData/3.12/1939//#testresult/3af19b3a459c448f","status":"failed","statusDetails":"selenium.common.exceptions.TimeoutException: Message: \nStacktrace:\n#0 0x5603d2846e9a <unknown>\n#1 0x5603d253045c <unknown>\n#2 0x5603d257c5b5 <unknown>\n#3 0x5603d257c671 <unknown>\n#4 0x5603d25c0f14 <unknown>\n#5 0x5603d259f4dd <unknown>\n#6 0x5603d25be2cc <unknown>\n#7 0x5603d259f253 <unknown>\n#8 0x5603d256f1c7 <unknown>\n#9 0x5603d256fb3e <unknown>\n#10 0x5603d280d2db <unknown>\n#11 0x5603d2811387 <unknown>\n#12 0x5603d27f9e0e <unknown>\n#13 0x5603d2811e52 <unknown>\n#14 0x5603d27de7af <unknown>\n#15 0x5603d2836188 <unknown>\n#16 0x5603d283635b <unknown>\n#17 0x5603d2845fcc <unknown>\n#18 0x7f9747626ac3 <unknown>","time":{"start":1718239039339,"stop":1718239115074,"duration":75735}},{"uid":"d8bc23d8cd215775","reportUrl":"https://robbrad.github.io/UKBinCollectionData/3.12/1938//#testresult/d8bc23d8cd215775","status":"failed","statusDetails":"selenium.common.exceptions.TimeoutException: Message: \nStacktrace:\n#0 0x55ffda69ae9a <unknown>\n#1 0x55ffda38445c <unknown>\n#2 0x55ffda3d05b5 <unknown>\n#3 0x55ffda3d0671 <unknown>\n#4 0x55ffda414f14 <unknown>\n#5 0x55ffda3f34dd <unknown>\n#6 0x55ffda4122cc <unknown>\n#7 0x55ffda3f3253 <unknown>\n#8 0x55ffda3c31c7 <unknown>\n#9 0x55ffda3c3b3e <unknown>\n#10 0x55ffda6612db <unknown>\n#11 0x55ffda665387 <unknown>\n#12 0x55ffda64de0e <unknown>\n#13 0x55ffda665e52 <unknown>\n#14 0x55ffda6327af <unknown>\n#15 0x55ffda68a188 <unknown>\n#16 0x55ffda68a35b <unknown>\n#17 0x55ffda699fcc <unknown>\n#18 0x7f26b2484ac3 <unknown>","time":{"start":1718152583642,"stop":1718152684949,"duration":101307}},{"uid":"c643b6f9b6cad8d7","reportUrl":"https://robbrad.github.io/UKBinCollectionData/3.12/1937//#testresult/c643b6f9b6cad8d7","status":"failed","statusDetails":"selenium.common.exceptions.TimeoutException: Message: \nStacktrace:\n#0 0x55950fd7ae9a <unknown>\n#1 0x55950fa6445c <unknown>\n#2 0x55950fab05b5 <unknown>\n#3 0x55950fab0671 <unknown>\n#4 0x55950faf4f14 <unknown>\n#5 0x55950fad34dd <unknown>\n#6 0x55950faf22cc <unknown>\n#7 0x55950fad3253 <unknown>\n#8 0x55950faa31c7 <unknown>\n#9 0x55950faa3b3e <unknown>\n#10 0x55950fd412db <unknown>\n#11 0x55950fd45387 <unknown>\n#12 0x55950fd2de0e <unknown>\n#13 0x55950fd45e52 <unknown>\n#14 0x55950fd127af <unknown>\n#15 0x55950fd6a188 <unknown>\n#16 0x55950fd6a35b <unknown>\n#17 0x55950fd79fcc <unknown>\n#18 0x7fb9bf216ac3 <unknown>","time":{"start":1718065894590,"stop":1718066187396,"duration":292806}},{"uid":"b141901c4e2ef2da","reportUrl":"https://robbrad.github.io/UKBinCollectionData/3.12/1936//#testresult/b141901c4e2ef2da","status":"failed","statusDetails":"ValueError: time data '' does not match format '%A %d/%m/%Y'","time":{"start":1717979937213,"stop":1717980002198,"duration":64985}},{"uid":"d81c5a4844536faa","reportUrl":"https://robbrad.github.io/UKBinCollectionData/3.12/1934//#testresult/d81c5a4844536faa","status":"failed","statusDetails":"ValueError: time data '' does not match format '%A %d/%m/%Y'","time":{"start":1717893503946,"stop":1717893582886,"duration":78940}},{"uid":"818f4b1e1dbb70a3","reportUrl":"https://robbrad.github.io/UKBinCollectionData/3.12/1933//#testresult/818f4b1e1dbb70a3","status":"failed","statusDetails":"selenium.common.exceptions.NoSuchElementException: Message: no such element: Unable to locate element: {\"method\":\"link text\",\"selector\":\"Choose this address\"}\n  (Session info: chrome-headless-shell=125.0.6422.76); For documentation on this error, please visit: https://www.selenium.dev/documentation/webdriver/troubleshooting/errors#no-such-element-exception\nStacktrace:\n#0 0x556336794e9a <unknown>\n#1 0x55633647e45c <unknown>\n#2 0x5563364ca5b5 <unknown>\n#3 0x5563364ca671 <unknown>\n#4 0x5563364beb96 <unknown>\n#5 0x5563364ed4dd <unknown>\n#6 0x5563364bea79 <unknown>\n#7 0x5563364ed67e <unknown>\n#8 0x55633650c2cc <unknown>\n#9 0x5563364ed253 <unknown>\n#10 0x5563364bd1c7 <unknown>\n#11 0x5563364bdb3e <unknown>\n#12 0x55633675b2db <unknown>\n#13 0x55633675f387 <unknown>\n#14 0x556336747e0e <unknown>\n#15 0x55633675fe52 <unknown>\n#16 0x55633672c7af <unknown>\n#17 0x556336784188 <unknown>\n#18 0x55633678435b <unknown>\n#19 0x556336793fcc <unknown>\n#20 0x7f645b901ac3 <unknown>","time":{"start":1717807269339,"stop":1717807288982,"duration":19643}},{"uid":"56d6fbfd708c9c4a","reportUrl":"https://robbrad.github.io/UKBinCollectionData/3.12/1932//#testresult/56d6fbfd708c9c4a","status":"failed","statusDetails":"ValueError: time data '' does not match format '%A %d/%m/%Y'","time":{"start":1717720663953,"stop":1717720730906,"duration":66953}},{"uid":"9d865fa791f4683f","reportUrl":"https://robbrad.github.io/UKBinCollectionData/3.12/1927//#testresult/9d865fa791f4683f","status":"failed","statusDetails":"ValueError: time data '' does not match format '%A %d/%m/%Y'","time":{"start":1717634187162,"stop":1717634249426,"duration":62264}},{"uid":"8d7acb836371a0ac","reportUrl":"https://robbrad.github.io/UKBinCollectionData/3.12/1924//#testresult/8d7acb836371a0ac","status":"failed","statusDetails":"selenium.common.exceptions.NoSuchElementException: Message: no such element: Unable to locate element: {\"method\":\"link text\",\"selector\":\"Choose this address\"}\n  (Session info: chrome-headless-shell=125.0.6422.76); For documentation on this error, please visit: https://www.selenium.dev/documentation/webdriver/troubleshooting/errors#no-such-element-exception\nStacktrace:\n#0 0x555906b48e9a <unknown>\n#1 0x55590683245c <unknown>\n#2 0x55590687e5b5 <unknown>\n#3 0x55590687e671 <unknown>\n#4 0x555906872b96 <unknown>\n#5 0x5559068a14dd <unknown>\n#6 0x555906872a79 <unknown>\n#7 0x5559068a167e <unknown>\n#8 0x5559068c02cc <unknown>\n#9 0x5559068a1253 <unknown>\n#10 0x5559068711c7 <unknown>\n#11 0x555906871b3e <unknown>\n#12 0x555906b0f2db <unknown>\n#13 0x555906b13387 <unknown>\n#14 0x555906afbe0e <unknown>\n#15 0x555906b13e52 <unknown>\n#16 0x555906ae07af <unknown>\n#17 0x555906b38188 <unknown>\n#18 0x555906b3835b <unknown>\n#19 0x555906b47fcc <unknown>\n#20 0x7fa059a90ac3 <unknown>","time":{"start":1717547897660,"stop":1717547921658,"duration":23998}},{"uid":"ce40405a9044f654","reportUrl":"https://robbrad.github.io/UKBinCollectionData/3.12/1923//#testresult/ce40405a9044f654","status":"failed","statusDetails":"ValueError: time data '' does not match format '%A %d/%m/%Y'","time":{"start":1717461315981,"stop":1717461359176,"duration":43195}},{"uid":"f74f2ab888e88b8e","reportUrl":"https://robbrad.github.io/UKBinCollectionData/3.12/1921//#testresult/f74f2ab888e88b8e","status":"failed","statusDetails":"ValueError: time data '' does not match format '%A %d/%m/%Y'","time":{"start":1717375161856,"stop":1717375316419,"duration":154563}},{"uid":"df2a6622cf463a17","reportUrl":"https://robbrad.github.io/UKBinCollectionData/3.12/1911//#testresult/df2a6622cf463a17","status":"failed","statusDetails":"ValueError: time data '' does not match format '%A %d/%m/%Y'","time":{"start":1717316351757,"stop":1717316420953,"duration":69196}},{"uid":"c1f1a00296b949d2","reportUrl":"https://robbrad.github.io/UKBinCollectionData/3.12/1908//#testresult/c1f1a00296b949d2","status":"failed","statusDetails":"selenium.common.exceptions.NoSuchElementException: Message: no such element: Unable to locate element: {\"method\":\"link text\",\"selector\":\"Choose this address\"}\n  (Session info: chrome-headless-shell=125.0.6422.76); For documentation on this error, please visit: https://www.selenium.dev/documentation/webdriver/troubleshooting/errors#no-such-element-exception\nStacktrace:\n#0 0x558422c22e9a <unknown>\n#1 0x55842290c45c <unknown>\n#2 0x5584229585b5 <unknown>\n#3 0x558422958671 <unknown>\n#4 0x55842294cb96 <unknown>\n#5 0x55842297b4dd <unknown>\n#6 0x55842294ca79 <unknown>\n#7 0x55842297b67e <unknown>\n#8 0x55842299a2cc <unknown>\n#9 0x55842297b253 <unknown>\n#10 0x55842294b1c7 <unknown>\n#11 0x55842294bb3e <unknown>\n#12 0x558422be92db <unknown>\n#13 0x558422bed387 <unknown>\n#14 0x558422bd5e0e <unknown>\n#15 0x558422bede52 <unknown>\n#16 0x558422bba7af <unknown>\n#17 0x558422c12188 <unknown>\n#18 0x558422c1235b <unknown>\n#19 0x558422c21fcc <unknown>\n#20 0x7f10b8932ac3 <unknown>","time":{"start":1717288403135,"stop":1717288579208,"duration":176073}},{"uid":"acb3afdc79e92821","reportUrl":"https://robbrad.github.io/UKBinCollectionData/3.12/1905//#testresult/acb3afdc79e92821","status":"failed","statusDetails":"ValueError: time data '' does not match format '%A %d/%m/%Y'","time":{"start":1717201973730,"stop":1717202006027,"duration":32297}},{"uid":"3bc130cc4393970","reportUrl":"https://robbrad.github.io/UKBinCollectionData/3.12/1904//#testresult/3bc130cc4393970","status":"failed","statusDetails":"ValueError: time data '' does not match format '%A %d/%m/%Y'","time":{"start":1717115410272,"stop":1717115681990,"duration":271718}}]},"tags":[]},"source":"fe67f0c600a7d98c.json","parameterValues":["KnowsleyMBCouncil"]}