{"uid":"ee0015fb3b6ba830","name":"Validate Council Output [NeathPortTalbotCouncil-http://selenium:4444-local]","fullName":"features/validate_council_outputs.feature:Validate Council Output","historyId":"68717d64a9b5b73045a4198b6f1e2a64","time":{"start":1699481299604,"stop":1699481307524,"duration":7920},"status":"failed","statusMessage":"selenium.common.exceptions.ElementClickInterceptedException: Message: element click intercepted: Element is not clickable at point (589, 636)\n  (Session info: headless chrome=118.0.5993.117)\nStacktrace:\n#0 0x55f764be5fb3 <unknown>\n#1 0x55f7648b94a7 <unknown>\n#2 0x55f764906ecd <unknown>\n#3 0x55f76490526d <unknown>\n#4 0x55f764903028 <unknown>\n#5 0x55f764902097 <unknown>\n#6 0x55f7648f6d59 <unknown>\n#7 0x55f764922942 <unknown>\n#8 0x55f7648f6776 <unknown>\n#9 0x55f764922b0e <unknown>\n#10 0x55f76493bc02 <unknown>\n#11 0x55f764922713 <unknown>\n#12 0x55f7648f518b <unknown>\n#13 0x55f7648f5f7e <unknown>\n#14 0x55f764bab8d8 <unknown>\n#15 0x55f764baf800 <unknown>\n#16 0x55f764bb9cfc <unknown>\n#17 0x55f764bb0418 <unknown>\n#18 0x55f764b7d42f <unknown>\n#19 0x55f764bd44e8 <unknown>\n#20 0x55f764bd46b4 <unknown>\n#21 0x55f764be5143 <unknown>\n#22 0x7f810fe94ac3 <unknown>","statusTrace":"fixturefunc = <function scrape_step at 0x7fccb17fe680>\nrequest = <FixtureRequest for <Function test_scenario_outline[NeathPortTalbotCouncil-http://selenium:4444-local]>>\nkwargs = {'context': <test_validate_council.context.<locals>.Context object at 0x7fcc9e5a36d0>, 'council': 'NeathPortTalbotCouncil', 'selenium_mode': 'local', 'selenium_url': 'http://selenium:4444'}\n\n    def call_fixture_func(\n        fixturefunc: \"_FixtureFunc[FixtureValue]\", request: FixtureRequest, kwargs\n    ) -> FixtureValue:\n        if is_generator(fixturefunc):\n            fixturefunc = cast(\n                Callable[..., Generator[FixtureValue, None, None]], fixturefunc\n            )\n            generator = fixturefunc(**kwargs)\n            try:\n                fixture_result = next(generator)\n            except StopIteration:\n                raise ValueError(f\"{request.fixturename} did not yield a value\") from None\n            finalizer = functools.partial(_teardown_yield_fixture, fixturefunc, generator)\n            request.addfinalizer(finalizer)\n        else:\n            fixturefunc = cast(Callable[..., FixtureValue], fixturefunc)\n>           fixture_result = fixturefunc(**kwargs)\n\n../../../.cache/pypoetry/virtualenvs/uk-bin-collection-EwS6Gn8s-py3.10/lib/python3.10/site-packages/_pytest/fixtures.py:902: \n_ _ _ _ _ _ _ _ _ _ _ _ _ _ _ _ _ _ _ _ _ _ _ _ _ _ _ _ _ _ _ _ _ _ _ _ _ _ _ _ \nuk_bin_collection/tests/step_defs/test_validate_council.py:75: in scrape_step\n    raise (err)\nuk_bin_collection/tests/step_defs/test_validate_council.py:71: in scrape_step\n    context.parse_result = CollectData.run()\nuk_bin_collection/uk_bin_collection/collect_data.py:78: in run\n    return self.client_code(\nuk_bin_collection/uk_bin_collection/collect_data.py:65: in client_code\n    return get_bin_data_class.template_method(address_url, **kwargs)\nuk_bin_collection/uk_bin_collection/get_bin_data.py:71: in template_method\n    bin_data_dict = self.parse_data(\nuk_bin_collection/uk_bin_collection/councils/NeathPortTalbotCouncil.py:38: in parse_data\n    cookieAccept.click()\n../../../.cache/pypoetry/virtualenvs/uk-bin-collection-EwS6Gn8s-py3.10/lib/python3.10/site-packages/selenium/webdriver/remote/webelement.py:93: in click\n    self._execute(Command.CLICK_ELEMENT)\n../../../.cache/pypoetry/virtualenvs/uk-bin-collection-EwS6Gn8s-py3.10/lib/python3.10/site-packages/selenium/webdriver/remote/webelement.py:394: in _execute\n    return self._parent.execute(command, params)\n../../../.cache/pypoetry/virtualenvs/uk-bin-collection-EwS6Gn8s-py3.10/lib/python3.10/site-packages/selenium/webdriver/remote/webdriver.py:344: in execute\n    self.error_handler.check_response(response)\n_ _ _ _ _ _ _ _ _ _ _ _ _ _ _ _ _ _ _ _ _ _ _ _ _ _ _ _ _ _ _ _ _ _ _ _ _ _ _ _ \n\nself = <selenium.webdriver.remote.errorhandler.ErrorHandler object at 0x7fcc9f4e17e0>\nresponse = {'status': 400, 'value': '{\"value\":{\"error\":\"element click intercepted\",\"message\":\"element click intercepted: Element ...\\\\n#20 0x55f764bd46b4 \\\\u003Cunknown>\\\\n#21 0x55f764be5143 \\\\u003Cunknown>\\\\n#22 0x7f810fe94ac3 \\\\u003Cunknown>\\\\n\"}}'}\n\n    def check_response(self, response: Dict[str, Any]) -> None:\n        \"\"\"Checks that a JSON response from the WebDriver does not have an\n        error.\n    \n        :Args:\n         - response - The JSON response from the WebDriver server as a dictionary\n           object.\n    \n        :Raises: If the response contains an error message.\n        \"\"\"\n        status = response.get(\"status\", None)\n        if not status or status == ErrorCode.SUCCESS:\n            return\n        value = None\n        message = response.get(\"message\", \"\")\n        screen: str = response.get(\"screen\", \"\")\n        stacktrace = None\n        if isinstance(status, int):\n            value_json = response.get(\"value\", None)\n            if value_json and isinstance(value_json, str):\n                import json\n    \n                try:\n                    value = json.loads(value_json)\n                    if len(value) == 1:\n                        value = value[\"value\"]\n                    status = value.get(\"error\", None)\n                    if not status:\n                        status = value.get(\"status\", ErrorCode.UNKNOWN_ERROR)\n                        message = value.get(\"value\") or value.get(\"message\")\n                        if not isinstance(message, str):\n                            value = message\n                            message = message.get(\"message\")\n                    else:\n                        message = value.get(\"message\", None)\n                except ValueError:\n                    pass\n    \n        exception_class: Type[WebDriverException]\n        e = ErrorCode()\n        error_codes = [item for item in dir(e) if not item.startswith(\"__\")]\n        for error_code in error_codes:\n            error_info = getattr(ErrorCode, error_code)\n            if isinstance(error_info, list) and status in error_info:\n                exception_class = getattr(ExceptionMapping, error_code, WebDriverException)\n                break\n        else:\n            exception_class = WebDriverException\n    \n        if not value:\n            value = response[\"value\"]\n        if isinstance(value, str):\n            raise exception_class(value)\n        if message == \"\" and \"message\" in value:\n            message = value[\"message\"]\n    \n        screen = None  # type: ignore[assignment]\n        if \"screen\" in value:\n            screen = value[\"screen\"]\n    \n        stacktrace = None\n        st_value = value.get(\"stackTrace\") or value.get(\"stacktrace\")\n        if st_value:\n            if isinstance(st_value, str):\n                stacktrace = st_value.split(\"\\n\")\n            else:\n                stacktrace = []\n                try:\n                    for frame in st_value:\n                        line = frame.get(\"lineNumber\", \"\")\n                        file = frame.get(\"fileName\", \"<anonymous>\")\n                        if line:\n                            file = f\"{file}:{line}\"\n                        meth = frame.get(\"methodName\", \"<anonymous>\")\n                        if \"className\" in frame:\n                            meth = f\"{frame['className']}.{meth}\"\n                        msg = \"    at %s (%s)\"\n                        msg = msg % (meth, file)\n                        stacktrace.append(msg)\n                except TypeError:\n                    pass\n        if exception_class == UnexpectedAlertPresentException:\n            alert_text = None\n            if \"data\" in value:\n                alert_text = value[\"data\"].get(\"text\")\n            elif \"alert\" in value:\n                alert_text = value[\"alert\"].get(\"text\")\n            raise exception_class(message, screen, stacktrace, alert_text)  # type: ignore[call-arg]  # mypy is not smart enough here\n>       raise exception_class(message, screen, stacktrace)\nE       selenium.common.exceptions.ElementClickInterceptedException: Message: element click intercepted: Element is not clickable at point (589, 636)\nE         (Session info: headless chrome=118.0.5993.117)\nE       Stacktrace:\nE       #0 0x55f764be5fb3 <unknown>\nE       #1 0x55f7648b94a7 <unknown>\nE       #2 0x55f764906ecd <unknown>\nE       #3 0x55f76490526d <unknown>\nE       #4 0x55f764903028 <unknown>\nE       #5 0x55f764902097 <unknown>\nE       #6 0x55f7648f6d59 <unknown>\nE       #7 0x55f764922942 <unknown>\nE       #8 0x55f7648f6776 <unknown>\nE       #9 0x55f764922b0e <unknown>\nE       #10 0x55f76493bc02 <unknown>\nE       #11 0x55f764922713 <unknown>\nE       #12 0x55f7648f518b <unknown>\nE       #13 0x55f7648f5f7e <unknown>\nE       #14 0x55f764bab8d8 <unknown>\nE       #15 0x55f764baf800 <unknown>\nE       #16 0x55f764bb9cfc <unknown>\nE       #17 0x55f764bb0418 <unknown>\nE       #18 0x55f764b7d42f <unknown>\nE       #19 0x55f764bd44e8 <unknown>\nE       #20 0x55f764bd46b4 <unknown>\nE       #21 0x55f764be5143 <unknown>\nE       #22 0x7f810fe94ac3 <unknown>\n\n../../../.cache/pypoetry/virtualenvs/uk-bin-collection-EwS6Gn8s-py3.10/lib/python3.10/site-packages/selenium/webdriver/remote/errorhandler.py:229: ElementClickInterceptedException","flaky":true,"newFailed":true,"newBroken":false,"newPassed":false,"retriesCount":0,"retriesStatusChange":false,"beforeStages":[],"testStage":{"status":"failed","statusMessage":"selenium.common.exceptions.ElementClickInterceptedException: Message: element click intercepted: Element is not clickable at point (589, 636)\n  (Session info: headless chrome=118.0.5993.117)\nStacktrace:\n#0 0x55f764be5fb3 <unknown>\n#1 0x55f7648b94a7 <unknown>\n#2 0x55f764906ecd <unknown>\n#3 0x55f76490526d <unknown>\n#4 0x55f764903028 <unknown>\n#5 0x55f764902097 <unknown>\n#6 0x55f7648f6d59 <unknown>\n#7 0x55f764922942 <unknown>\n#8 0x55f7648f6776 <unknown>\n#9 0x55f764922b0e <unknown>\n#10 0x55f76493bc02 <unknown>\n#11 0x55f764922713 <unknown>\n#12 0x55f7648f518b <unknown>\n#13 0x55f7648f5f7e <unknown>\n#14 0x55f764bab8d8 <unknown>\n#15 0x55f764baf800 <unknown>\n#16 0x55f764bb9cfc <unknown>\n#17 0x55f764bb0418 <unknown>\n#18 0x55f764b7d42f <unknown>\n#19 0x55f764bd44e8 <unknown>\n#20 0x55f764bd46b4 <unknown>\n#21 0x55f764be5143 <unknown>\n#22 0x7f810fe94ac3 <unknown>","statusTrace":"fixturefunc = <function scrape_step at 0x7fccb17fe680>\nrequest = <FixtureRequest for <Function test_scenario_outline[NeathPortTalbotCouncil-http://selenium:4444-local]>>\nkwargs = {'context': <test_validate_council.context.<locals>.Context object at 0x7fcc9e5a36d0>, 'council': 'NeathPortTalbotCouncil', 'selenium_mode': 'local', 'selenium_url': 'http://selenium:4444'}\n\n    def call_fixture_func(\n        fixturefunc: \"_FixtureFunc[FixtureValue]\", request: FixtureRequest, kwargs\n    ) -> FixtureValue:\n        if is_generator(fixturefunc):\n            fixturefunc = cast(\n                Callable[..., Generator[FixtureValue, None, None]], fixturefunc\n            )\n            generator = fixturefunc(**kwargs)\n            try:\n                fixture_result = next(generator)\n            except StopIteration:\n                raise ValueError(f\"{request.fixturename} did not yield a value\") from None\n            finalizer = functools.partial(_teardown_yield_fixture, fixturefunc, generator)\n            request.addfinalizer(finalizer)\n        else:\n            fixturefunc = cast(Callable[..., FixtureValue], fixturefunc)\n>           fixture_result = fixturefunc(**kwargs)\n\n../../../.cache/pypoetry/virtualenvs/uk-bin-collection-EwS6Gn8s-py3.10/lib/python3.10/site-packages/_pytest/fixtures.py:902: \n_ _ _ _ _ _ _ _ _ _ _ _ _ _ _ _ _ _ _ _ _ _ _ _ _ _ _ _ _ _ _ _ _ _ _ _ _ _ _ _ \nuk_bin_collection/tests/step_defs/test_validate_council.py:75: in scrape_step\n    raise (err)\nuk_bin_collection/tests/step_defs/test_validate_council.py:71: in scrape_step\n    context.parse_result = CollectData.run()\nuk_bin_collection/uk_bin_collection/collect_data.py:78: in run\n    return self.client_code(\nuk_bin_collection/uk_bin_collection/collect_data.py:65: in client_code\n    return get_bin_data_class.template_method(address_url, **kwargs)\nuk_bin_collection/uk_bin_collection/get_bin_data.py:71: in template_method\n    bin_data_dict = self.parse_data(\nuk_bin_collection/uk_bin_collection/councils/NeathPortTalbotCouncil.py:38: in parse_data\n    cookieAccept.click()\n../../../.cache/pypoetry/virtualenvs/uk-bin-collection-EwS6Gn8s-py3.10/lib/python3.10/site-packages/selenium/webdriver/remote/webelement.py:93: in click\n    self._execute(Command.CLICK_ELEMENT)\n../../../.cache/pypoetry/virtualenvs/uk-bin-collection-EwS6Gn8s-py3.10/lib/python3.10/site-packages/selenium/webdriver/remote/webelement.py:394: in _execute\n    return self._parent.execute(command, params)\n../../../.cache/pypoetry/virtualenvs/uk-bin-collection-EwS6Gn8s-py3.10/lib/python3.10/site-packages/selenium/webdriver/remote/webdriver.py:344: in execute\n    self.error_handler.check_response(response)\n_ _ _ _ _ _ _ _ _ _ _ _ _ _ _ _ _ _ _ _ _ _ _ _ _ _ _ _ _ _ _ _ _ _ _ _ _ _ _ _ \n\nself = <selenium.webdriver.remote.errorhandler.ErrorHandler object at 0x7fcc9f4e17e0>\nresponse = {'status': 400, 'value': '{\"value\":{\"error\":\"element click intercepted\",\"message\":\"element click intercepted: Element ...\\\\n#20 0x55f764bd46b4 \\\\u003Cunknown>\\\\n#21 0x55f764be5143 \\\\u003Cunknown>\\\\n#22 0x7f810fe94ac3 \\\\u003Cunknown>\\\\n\"}}'}\n\n    def check_response(self, response: Dict[str, Any]) -> None:\n        \"\"\"Checks that a JSON response from the WebDriver does not have an\n        error.\n    \n        :Args:\n         - response - The JSON response from the WebDriver server as a dictionary\n           object.\n    \n        :Raises: If the response contains an error message.\n        \"\"\"\n        status = response.get(\"status\", None)\n        if not status or status == ErrorCode.SUCCESS:\n            return\n        value = None\n        message = response.get(\"message\", \"\")\n        screen: str = response.get(\"screen\", \"\")\n        stacktrace = None\n        if isinstance(status, int):\n            value_json = response.get(\"value\", None)\n            if value_json and isinstance(value_json, str):\n                import json\n    \n                try:\n                    value = json.loads(value_json)\n                    if len(value) == 1:\n                        value = value[\"value\"]\n                    status = value.get(\"error\", None)\n                    if not status:\n                        status = value.get(\"status\", ErrorCode.UNKNOWN_ERROR)\n                        message = value.get(\"value\") or value.get(\"message\")\n                        if not isinstance(message, str):\n                            value = message\n                            message = message.get(\"message\")\n                    else:\n                        message = value.get(\"message\", None)\n                except ValueError:\n                    pass\n    \n        exception_class: Type[WebDriverException]\n        e = ErrorCode()\n        error_codes = [item for item in dir(e) if not item.startswith(\"__\")]\n        for error_code in error_codes:\n            error_info = getattr(ErrorCode, error_code)\n            if isinstance(error_info, list) and status in error_info:\n                exception_class = getattr(ExceptionMapping, error_code, WebDriverException)\n                break\n        else:\n            exception_class = WebDriverException\n    \n        if not value:\n            value = response[\"value\"]\n        if isinstance(value, str):\n            raise exception_class(value)\n        if message == \"\" and \"message\" in value:\n            message = value[\"message\"]\n    \n        screen = None  # type: ignore[assignment]\n        if \"screen\" in value:\n            screen = value[\"screen\"]\n    \n        stacktrace = None\n        st_value = value.get(\"stackTrace\") or value.get(\"stacktrace\")\n        if st_value:\n            if isinstance(st_value, str):\n                stacktrace = st_value.split(\"\\n\")\n            else:\n                stacktrace = []\n                try:\n                    for frame in st_value:\n                        line = frame.get(\"lineNumber\", \"\")\n                        file = frame.get(\"fileName\", \"<anonymous>\")\n                        if line:\n                            file = f\"{file}:{line}\"\n                        meth = frame.get(\"methodName\", \"<anonymous>\")\n                        if \"className\" in frame:\n                            meth = f\"{frame['className']}.{meth}\"\n                        msg = \"    at %s (%s)\"\n                        msg = msg % (meth, file)\n                        stacktrace.append(msg)\n                except TypeError:\n                    pass\n        if exception_class == UnexpectedAlertPresentException:\n            alert_text = None\n            if \"data\" in value:\n                alert_text = value[\"data\"].get(\"text\")\n            elif \"alert\" in value:\n                alert_text = value[\"alert\"].get(\"text\")\n            raise exception_class(message, screen, stacktrace, alert_text)  # type: ignore[call-arg]  # mypy is not smart enough here\n>       raise exception_class(message, screen, stacktrace)\nE       selenium.common.exceptions.ElementClickInterceptedException: Message: element click intercepted: Element is not clickable at point (589, 636)\nE         (Session info: headless chrome=118.0.5993.117)\nE       Stacktrace:\nE       #0 0x55f764be5fb3 <unknown>\nE       #1 0x55f7648b94a7 <unknown>\nE       #2 0x55f764906ecd <unknown>\nE       #3 0x55f76490526d <unknown>\nE       #4 0x55f764903028 <unknown>\nE       #5 0x55f764902097 <unknown>\nE       #6 0x55f7648f6d59 <unknown>\nE       #7 0x55f764922942 <unknown>\nE       #8 0x55f7648f6776 <unknown>\nE       #9 0x55f764922b0e <unknown>\nE       #10 0x55f76493bc02 <unknown>\nE       #11 0x55f764922713 <unknown>\nE       #12 0x55f7648f518b <unknown>\nE       #13 0x55f7648f5f7e <unknown>\nE       #14 0x55f764bab8d8 <unknown>\nE       #15 0x55f764baf800 <unknown>\nE       #16 0x55f764bb9cfc <unknown>\nE       #17 0x55f764bb0418 <unknown>\nE       #18 0x55f764b7d42f <unknown>\nE       #19 0x55f764bd44e8 <unknown>\nE       #20 0x55f764bd46b4 <unknown>\nE       #21 0x55f764be5143 <unknown>\nE       #22 0x7f810fe94ac3 <unknown>\n\n../../../.cache/pypoetry/virtualenvs/uk-bin-collection-EwS6Gn8s-py3.10/lib/python3.10/site-packages/selenium/webdriver/remote/errorhandler.py:229: ElementClickInterceptedException","steps":[{"name":"Given the council: NeathPortTalbotCouncil","time":{"start":1699481299604,"stop":1699481299605,"duration":1},"status":"passed","steps":[],"attachments":[],"parameters":[],"shouldDisplayMessage":false,"stepsCount":0,"attachmentsCount":0,"hasContent":false},{"name":"When we scrape the data from NeathPortTalbotCouncil using local and the http://selenium:4444 is set","time":{"start":1699481299605,"stop":1699481307524,"duration":7919},"status":"failed","statusMessage":"Message: element click intercepted: Element is not clickable at point (589, 636)\n  (Session info: headless chrome=118.0.5993.117)\nStacktrace:\n#0 0x55f764be5fb3 <unknown>\n#1 0x55f7648b94a7 <unknown>\n#2 0x55f764906ecd <unknown>\n#3 0x55f76490526d <unknown>\n#4 0x55f764903028 <unknown>\n#5 0x55f764902097 <unknown>\n#6 0x55f7648f6d59 <unknown>\n#7 0x55f764922942 <unknown>\n#8 0x55f7648f6776 <unknown>\n#9 0x55f764922b0e <unknown>\n#10 0x55f76493bc02 <unknown>\n#11 0x55f764922713 <unknown>\n#12 0x55f7648f518b <unknown>\n#13 0x55f7648f5f7e <unknown>\n#14 0x55f764bab8d8 <unknown>\n#15 0x55f764baf800 <unknown>\n#16 0x55f764bb9cfc <unknown>\n#17 0x55f764bb0418 <unknown>\n#18 0x55f764b7d42f <unknown>\n#19 0x55f764bd44e8 <unknown>\n#20 0x55f764bd46b4 <unknown>\n#21 0x55f764be5143 <unknown>\n#22 0x7f810fe94ac3 <unknown>\n","statusTrace":"selenium.common.exceptions.ElementClickInterceptedException: Message: element click intercepted: Element is not clickable at point (589, 636)\n  (Session info: headless chrome=118.0.5993.117)\nStacktrace:\n#0 0x55f764be5fb3 <unknown>\n#1 0x55f7648b94a7 <unknown>\n#2 0x55f764906ecd <unknown>\n#3 0x55f76490526d <unknown>\n#4 0x55f764903028 <unknown>\n#5 0x55f764902097 <unknown>\n#6 0x55f7648f6d59 <unknown>\n#7 0x55f764922942 <unknown>\n#8 0x55f7648f6776 <unknown>\n#9 0x55f764922b0e <unknown>\n#10 0x55f76493bc02 <unknown>\n#11 0x55f764922713 <unknown>\n#12 0x55f7648f518b <unknown>\n#13 0x55f7648f5f7e <unknown>\n#14 0x55f764bab8d8 <unknown>\n#15 0x55f764baf800 <unknown>\n#16 0x55f764bb9cfc <unknown>\n#17 0x55f764bb0418 <unknown>\n#18 0x55f764b7d42f <unknown>\n#19 0x55f764bd44e8 <unknown>\n#20 0x55f764bd46b4 <unknown>\n#21 0x55f764be5143 <unknown>\n#22 0x7f810fe94ac3 <unknown>\n\n","steps":[],"attachments":[],"parameters":[],"shouldDisplayMessage":true,"stepsCount":0,"attachmentsCount":0,"hasContent":true}],"attachments":[],"parameters":[],"shouldDisplayMessage":true,"stepsCount":2,"attachmentsCount":0,"hasContent":true},"afterStages":[],"labels":[{"name":"host","value":"fv-az1432-79"},{"name":"thread","value":"2729-MainThread"},{"name":"framework","value":"pytest-bdd"},{"name":"language","value":"cpython3"},{"name":"feature","value":"Test each council output matches expected results"},{"name":"resultFormat","value":"allure2"}],"parameters":[{"name":"council","value":"NeathPortTalbotCouncil"},{"name":"selenium_mode","value":"local"},{"name":"selenium_url","value":"http://selenium:4444"}],"links":[],"hidden":false,"retry":false,"extra":{"severity":"normal","retries":[],"categories":[{"name":"Product defects","matchedStatuses":[],"flaky":false}],"history":{"statistic":{"failed":4,"broken":0,"skipped":0,"passed":2,"unknown":0,"total":6},"items":[{"uid":"9e59cdb056900be","reportUrl":"https://robbrad.github.io/UKBinCollectionData/3.10/1117//#testresult/9e59cdb056900be","status":"passed","time":{"start":1699445238251,"stop":1699445255875,"duration":17624}},{"uid":"a68e5bb4223afe27","reportUrl":"https://robbrad.github.io/UKBinCollectionData/3.10/1115//#testresult/a68e5bb4223afe27","status":"passed","time":{"start":1699406437385,"stop":1699406469722,"duration":32337}},{"uid":"2c01169818e0bd6e","reportUrl":"https://robbrad.github.io/UKBinCollectionData/3.10/1114//#testresult/2c01169818e0bd6e","status":"failed","statusDetails":"selenium.common.exceptions.NoSuchElementException: Message: Cannot locate option with value: 10023947752; For documentation on this error, please visit: https://www.selenium.dev/documentation/webdriver/troubleshooting/errors#no-such-element-exception","time":{"start":1699319827935,"stop":1699319833152,"duration":5217}},{"uid":"640caa180998857c","reportUrl":"https://robbrad.github.io/UKBinCollectionData/3.10/1113//#testresult/640caa180998857c","status":"failed","statusDetails":"ValueError: time data 'Monday, 6\\xa0November (Today) 2023' does not match format '%A, %d %B %Y'","time":{"start":1699233492712,"stop":1699233497584,"duration":4872}},{"uid":"21a1dc1bdf297712","reportUrl":"https://robbrad.github.io/UKBinCollectionData/3.10/1111//#testresult/21a1dc1bdf297712","status":"failed","statusDetails":"ValueError: time data 'Monday, 6\\xa0November (Tomorrow) 2023' does not match format '%A, %d %B %Y'","time":{"start":1699170686863,"stop":1699170699504,"duration":12641}}]},"tags":[]},"source":"ee0015fb3b6ba830.json","parameterValues":["NeathPortTalbotCouncil","local","http://selenium:4444"]}