{"uid":"93ca17392155ea4b","name":"Validate Council Output [GloucesterCityCouncil]","fullName":"features/validate_council_outputs.feature:Validate Council Output","historyId":"06eb13750718e2f81de5a1c44077aa52","time":{"start":1727309847591,"stop":1727309897510,"duration":49919},"status":"failed","statusMessage":"selenium.common.exceptions.NoSuchElementException: Message: Cannot locate option with value: 100120479507; For documentation on this error, please visit: https://www.selenium.dev/documentation/webdriver/troubleshooting/errors#no-such-element-exception","statusTrace":"fixturefunc = <function scrape_step at 0x7fe96dec8220>\nrequest = <FixtureRequest for <Function test_scenario_outline[GloucesterCityCouncil]>>\nkwargs = {'context': <test_validate_council.Context object at 0x7fe980d8e750>, 'headless_mode': 'True', 'local_browser': 'False', 'selenium_url': 'http://localhost:4444'}\n\n    def call_fixture_func(\n        fixturefunc: _FixtureFunc[FixtureValue], request: FixtureRequest, kwargs\n    ) -> FixtureValue:\n        if is_generator(fixturefunc):\n            fixturefunc = cast(\n                Callable[..., Generator[FixtureValue, None, None]], fixturefunc\n            )\n            generator = fixturefunc(**kwargs)\n            try:\n                fixture_result = next(generator)\n            except StopIteration:\n                raise ValueError(f\"{request.fixturename} did not yield a value\") from None\n            finalizer = functools.partial(_teardown_yield_fixture, fixturefunc, generator)\n            request.addfinalizer(finalizer)\n        else:\n            fixturefunc = cast(Callable[..., FixtureValue], fixturefunc)\n>           fixture_result = fixturefunc(**kwargs)\n\n../../../.cache/pypoetry/virtualenvs/uk-bin-collection-EwS6Gn8s-py3.12/lib/python3.12/site-packages/_pytest/fixtures.py:898: \n_ _ _ _ _ _ _ _ _ _ _ _ _ _ _ _ _ _ _ _ _ _ _ _ _ _ _ _ _ _ _ _ _ _ _ _ _ _ _ _ \nuk_bin_collection/tests/step_defs/test_validate_council.py:100: in scrape_step\n    context.parse_result = CollectData.run()\nuk_bin_collection/uk_bin_collection/collect_data.py:101: in run\n    return self.client_code(\nuk_bin_collection/uk_bin_collection/collect_data.py:121: in client_code\n    return get_bin_data_class.template_method(address_url, **kwargs)\nuk_bin_collection/uk_bin_collection/get_bin_data.py:61: in template_method\n    bin_data_dict = self.get_and_parse_data(this_url, **kwargs)\nuk_bin_collection/uk_bin_collection/get_bin_data.py:84: in get_and_parse_data\n    bin_data_dict = self.parse_data(\"\", url=address_url, **kwargs)\nuk_bin_collection/uk_bin_collection/councils/GloucesterCityCouncil.py:73: in parse_data\n    dropdownSelect.select_by_value(str(user_uprn))\n_ _ _ _ _ _ _ _ _ _ _ _ _ _ _ _ _ _ _ _ _ _ _ _ _ _ _ _ _ _ _ _ _ _ _ _ _ _ _ _ \n\nself = <selenium.webdriver.support.select.Select object at 0x7fe96cec05c0>\nvalue = '100120479507'\n\n    def select_by_value(self, value: str) -> None:\n        \"\"\"Select all options that have a value matching the argument. That is,\n        when given \"foo\" this would select an option like:\n    \n        <option value=\"foo\">Bar</option>\n    \n        :Args:\n         - value - The value to match against\n    \n        throws NoSuchElementException If there is no option with specified value in SELECT\n        \"\"\"\n        css = f\"option[value ={self._escape_string(value)}]\"\n        opts = self._el.find_elements(By.CSS_SELECTOR, css)\n        matched = False\n        for opt in opts:\n            self._set_selected(opt)\n            if not self.is_multiple:\n                return\n            matched = True\n        if not matched:\n>           raise NoSuchElementException(f\"Cannot locate option with value: {value}\")\nE           selenium.common.exceptions.NoSuchElementException: Message: Cannot locate option with value: 100120479507; For documentation on this error, please visit: https://www.selenium.dev/documentation/webdriver/troubleshooting/errors#no-such-element-exception\n\n../../../.cache/pypoetry/virtualenvs/uk-bin-collection-EwS6Gn8s-py3.12/lib/python3.12/site-packages/selenium/webdriver/support/select.py:84: NoSuchElementException","flaky":false,"newFailed":true,"newBroken":false,"newPassed":false,"retriesCount":0,"retriesStatusChange":false,"beforeStages":[],"testStage":{"status":"failed","statusMessage":"selenium.common.exceptions.NoSuchElementException: Message: Cannot locate option with value: 100120479507; For documentation on this error, please visit: https://www.selenium.dev/documentation/webdriver/troubleshooting/errors#no-such-element-exception","statusTrace":"fixturefunc = <function scrape_step at 0x7fe96dec8220>\nrequest = <FixtureRequest for <Function test_scenario_outline[GloucesterCityCouncil]>>\nkwargs = {'context': <test_validate_council.Context object at 0x7fe980d8e750>, 'headless_mode': 'True', 'local_browser': 'False', 'selenium_url': 'http://localhost:4444'}\n\n    def call_fixture_func(\n        fixturefunc: _FixtureFunc[FixtureValue], request: FixtureRequest, kwargs\n    ) -> FixtureValue:\n        if is_generator(fixturefunc):\n            fixturefunc = cast(\n                Callable[..., Generator[FixtureValue, None, None]], fixturefunc\n            )\n            generator = fixturefunc(**kwargs)\n            try:\n                fixture_result = next(generator)\n            except StopIteration:\n                raise ValueError(f\"{request.fixturename} did not yield a value\") from None\n            finalizer = functools.partial(_teardown_yield_fixture, fixturefunc, generator)\n            request.addfinalizer(finalizer)\n        else:\n            fixturefunc = cast(Callable[..., FixtureValue], fixturefunc)\n>           fixture_result = fixturefunc(**kwargs)\n\n../../../.cache/pypoetry/virtualenvs/uk-bin-collection-EwS6Gn8s-py3.12/lib/python3.12/site-packages/_pytest/fixtures.py:898: \n_ _ _ _ _ _ _ _ _ _ _ _ _ _ _ _ _ _ _ _ _ _ _ _ _ _ _ _ _ _ _ _ _ _ _ _ _ _ _ _ \nuk_bin_collection/tests/step_defs/test_validate_council.py:100: in scrape_step\n    context.parse_result = CollectData.run()\nuk_bin_collection/uk_bin_collection/collect_data.py:101: in run\n    return self.client_code(\nuk_bin_collection/uk_bin_collection/collect_data.py:121: in client_code\n    return get_bin_data_class.template_method(address_url, **kwargs)\nuk_bin_collection/uk_bin_collection/get_bin_data.py:61: in template_method\n    bin_data_dict = self.get_and_parse_data(this_url, **kwargs)\nuk_bin_collection/uk_bin_collection/get_bin_data.py:84: in get_and_parse_data\n    bin_data_dict = self.parse_data(\"\", url=address_url, **kwargs)\nuk_bin_collection/uk_bin_collection/councils/GloucesterCityCouncil.py:73: in parse_data\n    dropdownSelect.select_by_value(str(user_uprn))\n_ _ _ _ _ _ _ _ _ _ _ _ _ _ _ _ _ _ _ _ _ _ _ _ _ _ _ _ _ _ _ _ _ _ _ _ _ _ _ _ \n\nself = <selenium.webdriver.support.select.Select object at 0x7fe96cec05c0>\nvalue = '100120479507'\n\n    def select_by_value(self, value: str) -> None:\n        \"\"\"Select all options that have a value matching the argument. That is,\n        when given \"foo\" this would select an option like:\n    \n        <option value=\"foo\">Bar</option>\n    \n        :Args:\n         - value - The value to match against\n    \n        throws NoSuchElementException If there is no option with specified value in SELECT\n        \"\"\"\n        css = f\"option[value ={self._escape_string(value)}]\"\n        opts = self._el.find_elements(By.CSS_SELECTOR, css)\n        matched = False\n        for opt in opts:\n            self._set_selected(opt)\n            if not self.is_multiple:\n                return\n            matched = True\n        if not matched:\n>           raise NoSuchElementException(f\"Cannot locate option with value: {value}\")\nE           selenium.common.exceptions.NoSuchElementException: Message: Cannot locate option with value: 100120479507; For documentation on this error, please visit: https://www.selenium.dev/documentation/webdriver/troubleshooting/errors#no-such-element-exception\n\n../../../.cache/pypoetry/virtualenvs/uk-bin-collection-EwS6Gn8s-py3.12/lib/python3.12/site-packages/selenium/webdriver/support/select.py:84: NoSuchElementException","steps":[{"name":"Given the council","time":{"start":1727309847591,"stop":1727309847591,"duration":0},"status":"passed","steps":[],"attachments":[],"parameters":[],"shouldDisplayMessage":false,"stepsCount":0,"attachmentsCount":0,"hasContent":false,"attachmentStep":false},{"name":"When we scrape the data from the council","time":{"start":1727309847591,"stop":1727309897510,"duration":49919},"status":"failed","statusMessage":"Message: Cannot locate option with value: 100120479507; For documentation on this error, please visit: https://www.selenium.dev/documentation/webdriver/troubleshooting/errors#no-such-element-exception\n","statusTrace":"selenium.common.exceptions.NoSuchElementException: Message: Cannot locate option with value: 100120479507; For documentation on this error, please visit: https://www.selenium.dev/documentation/webdriver/troubleshooting/errors#no-such-element-exception\n\n","steps":[],"attachments":[],"parameters":[],"shouldDisplayMessage":true,"stepsCount":0,"attachmentsCount":0,"hasContent":true,"attachmentStep":false}],"attachments":[{"uid":"1f6b1a3743e96b88","name":"stdout","source":"1f6b1a3743e96b88.txt","type":"text/plain","size":269}],"parameters":[],"shouldDisplayMessage":true,"stepsCount":2,"attachmentsCount":1,"hasContent":true,"attachmentStep":false},"afterStages":[],"labels":[{"name":"host","value":"fv-az1437-693"},{"name":"thread","value":"2731-MainThread"},{"name":"framework","value":"pytest-bdd"},{"name":"language","value":"cpython3"},{"name":"feature","value":"Test each council output matches expected results"},{"name":"resultFormat","value":"allure2"}],"parameters":[{"name":"council","value":"GloucesterCityCouncil"}],"links":[],"hidden":false,"retry":false,"extra":{"severity":"normal","retries":[],"categories":[{"name":"Product defects","matchedStatuses":[],"flaky":false}],"history":{"statistic":{"failed":1,"broken":0,"skipped":0,"passed":18,"unknown":0,"total":19},"items":[{"uid":"64a5aa431fdd4273","reportUrl":"https://robbrad.github.io/UKBinCollectionData/3.12/2128//#testresult/64a5aa431fdd4273","status":"passed","time":{"start":1727223459338,"stop":1727223505362,"duration":46024}},{"uid":"1b750a991618d591","reportUrl":"https://robbrad.github.io/UKBinCollectionData/3.12/2127//#testresult/1b750a991618d591","status":"passed","time":{"start":1727137125216,"stop":1727137194749,"duration":69533}},{"uid":"72754f9dd89fdc03","reportUrl":"https://robbrad.github.io/UKBinCollectionData/3.12/2126//#testresult/72754f9dd89fdc03","status":"passed","time":{"start":1727050784103,"stop":1727050836436,"duration":52333}},{"uid":"ca937ab548bf406","reportUrl":"https://robbrad.github.io/UKBinCollectionData/3.12/2125//#testresult/ca937ab548bf406","status":"passed","time":{"start":1726964357816,"stop":1726964418723,"duration":60907}},{"uid":"41d626fbb328cc1c","reportUrl":"https://robbrad.github.io/UKBinCollectionData/3.12/2124//#testresult/41d626fbb328cc1c","status":"passed","time":{"start":1726877975554,"stop":1726878035203,"duration":59649}},{"uid":"58e46b54e08586ad","reportUrl":"https://robbrad.github.io/UKBinCollectionData/3.12/2123//#testresult/58e46b54e08586ad","status":"passed","time":{"start":1726791521490,"stop":1726791555657,"duration":34167}},{"uid":"af45c2c5d51b4c81","reportUrl":"https://robbrad.github.io/UKBinCollectionData/3.12/2122//#testresult/af45c2c5d51b4c81","status":"passed","time":{"start":1726705052960,"stop":1726705126323,"duration":73363}},{"uid":"dd5ea827bfb7841d","reportUrl":"https://robbrad.github.io/UKBinCollectionData/3.12/2121//#testresult/dd5ea827bfb7841d","status":"passed","time":{"start":1726618670914,"stop":1726618731634,"duration":60720}},{"uid":"412a17d41c22032","reportUrl":"https://robbrad.github.io/UKBinCollectionData/3.12/2120//#testresult/412a17d41c22032","status":"passed","time":{"start":1726532268091,"stop":1726532337809,"duration":69718}},{"uid":"7f132bfa40957166","reportUrl":"https://robbrad.github.io/UKBinCollectionData/3.12/2116//#testresult/7f132bfa40957166","status":"passed","time":{"start":1726445949727,"stop":1726446005395,"duration":55668}},{"uid":"a278aab17e2490b1","reportUrl":"https://robbrad.github.io/UKBinCollectionData/3.12/2115//#testresult/a278aab17e2490b1","status":"passed","time":{"start":1726359408034,"stop":1726359479277,"duration":71243}},{"uid":"daf6a721f8d264c8","reportUrl":"https://robbrad.github.io/UKBinCollectionData/3.12/2114//#testresult/daf6a721f8d264c8","status":"passed","time":{"start":1726273065565,"stop":1726273145018,"duration":79453}},{"uid":"351de44e62daf43d","reportUrl":"https://robbrad.github.io/UKBinCollectionData/3.12/2113//#testresult/351de44e62daf43d","status":"passed","time":{"start":1726186660119,"stop":1726186715778,"duration":55659}},{"uid":"70e64e1519be64ab","reportUrl":"https://robbrad.github.io/UKBinCollectionData/3.12/2112//#testresult/70e64e1519be64ab","status":"passed","time":{"start":1726100315957,"stop":1726100385769,"duration":69812}},{"uid":"16cd361d2aa7c0fc","reportUrl":"https://robbrad.github.io/UKBinCollectionData/3.12/2111//#testresult/16cd361d2aa7c0fc","status":"passed","time":{"start":1726013922742,"stop":1726013960557,"duration":37815}},{"uid":"eade0f5bf1f6276e","reportUrl":"https://robbrad.github.io/UKBinCollectionData/3.12/2109//#testresult/eade0f5bf1f6276e","status":"passed","time":{"start":1725955764276,"stop":1725955822064,"duration":57788}},{"uid":"cf07b9c8ad7ff8b4","reportUrl":"https://robbrad.github.io/UKBinCollectionData/3.12/2107//#testresult/cf07b9c8ad7ff8b4","status":"passed","time":{"start":1725927407422,"stop":1725927461388,"duration":53966}},{"uid":"4b1bda92b37c9b07","reportUrl":"https://robbrad.github.io/UKBinCollectionData/3.12/2104//#testresult/4b1bda92b37c9b07","status":"passed","time":{"start":1725916984897,"stop":1725917006239,"duration":21342}}]},"tags":[]},"source":"93ca17392155ea4b.json","parameterValues":["GloucesterCityCouncil"]}