{"uid":"9d921a5051d1e0dc","name":"Validate Council Output [NorthumberlandCouncil-http://selenium:4444-local]","fullName":"features/validate_council_outputs.feature:Validate Council Output","historyId":"9088d6bc2b89de0e3e509aca63a583bf","time":{"start":1701566594452,"stop":1701566599388,"duration":4936},"status":"failed","statusMessage":"selenium.common.exceptions.NoSuchElementException: Message: no such element: Unable to locate element: {\"method\":\"css selector\",\"selector\":\"[id=\"ccc-notify-accept\"]\"}\n  (Session info: headless chrome=119.0.6045.159); For documentation on this error, please visit: https://www.selenium.dev/documentation/webdriver/troubleshooting/errors#no-such-element-exception\nStacktrace:\n#0 0x558eb15085e3 <unknown>\n#1 0x558eb11cb0b7 <unknown>\n#2 0x558eb1218f53 <unknown>\n#3 0x558eb1219051 <unknown>\n#4 0x558eb125e9c4 <unknown>\n#5 0x558eb123ff1d <unknown>\n#6 0x558eb125bb3d <unknown>\n#7 0x558eb123fcc3 <unknown>\n#8 0x558eb120b0e4 <unknown>\n#9 0x558eb120c0ae <unknown>\n#10 0x558eb14cece1 <unknown>\n#11 0x558eb14d2b7e <unknown>\n#12 0x558eb14bc4b5 <unknown>\n#13 0x558eb14d37d6 <unknown>\n#14 0x558eb149fdbf <unknown>\n#15 0x558eb14f6748 <unknown>\n#16 0x558eb14f6917 <unknown>\n#17 0x558eb1507773 <unknown>\n#18 0x7f1e76494ac3 <unknown>","statusTrace":"fixturefunc = <function scrape_step at 0x7f60a3b76a70>\nrequest = <FixtureRequest for <Function test_scenario_outline[NorthumberlandCouncil-http://selenium:4444-local]>>\nkwargs = {'context': <test_validate_council.context.<locals>.Context object at 0x7f60957a23b0>, 'council': 'NorthumberlandCouncil', 'selenium_mode': 'local', 'selenium_url': 'http://selenium:4444'}\n\n    def call_fixture_func(\n        fixturefunc: \"_FixtureFunc[FixtureValue]\", request: FixtureRequest, kwargs\n    ) -> FixtureValue:\n        if is_generator(fixturefunc):\n            fixturefunc = cast(\n                Callable[..., Generator[FixtureValue, None, None]], fixturefunc\n            )\n            generator = fixturefunc(**kwargs)\n            try:\n                fixture_result = next(generator)\n            except StopIteration:\n                raise ValueError(f\"{request.fixturename} did not yield a value\") from None\n            finalizer = functools.partial(_teardown_yield_fixture, fixturefunc, generator)\n            request.addfinalizer(finalizer)\n        else:\n            fixturefunc = cast(Callable[..., FixtureValue], fixturefunc)\n>           fixture_result = fixturefunc(**kwargs)\n\n../../../.cache/pypoetry/virtualenvs/uk-bin-collection-EwS6Gn8s-py3.10/lib/python3.10/site-packages/_pytest/fixtures.py:902: \n_ _ _ _ _ _ _ _ _ _ _ _ _ _ _ _ _ _ _ _ _ _ _ _ _ _ _ _ _ _ _ _ _ _ _ _ _ _ _ _ \nuk_bin_collection/tests/step_defs/test_validate_council.py:75: in scrape_step\n    raise (err)\nuk_bin_collection/tests/step_defs/test_validate_council.py:71: in scrape_step\n    context.parse_result = CollectData.run()\nuk_bin_collection/uk_bin_collection/collect_data.py:78: in run\n    return self.client_code(\nuk_bin_collection/uk_bin_collection/collect_data.py:65: in client_code\n    return get_bin_data_class.template_method(address_url, **kwargs)\nuk_bin_collection/uk_bin_collection/get_bin_data.py:71: in template_method\n    bin_data_dict = self.parse_data(\nuk_bin_collection/uk_bin_collection/councils/NorthumberlandCouncil.py:46: in parse_data\n    driver.find_element(By.ID, \"ccc-notify-accept\").click()\n../../../.cache/pypoetry/virtualenvs/uk-bin-collection-EwS6Gn8s-py3.10/lib/python3.10/site-packages/selenium/webdriver/remote/webdriver.py:738: in find_element\n    return self.execute(Command.FIND_ELEMENT, {\"using\": by, \"value\": value})[\"value\"]\n../../../.cache/pypoetry/virtualenvs/uk-bin-collection-EwS6Gn8s-py3.10/lib/python3.10/site-packages/selenium/webdriver/remote/webdriver.py:344: in execute\n    self.error_handler.check_response(response)\n_ _ _ _ _ _ _ _ _ _ _ _ _ _ _ _ _ _ _ _ _ _ _ _ _ _ _ _ _ _ _ _ _ _ _ _ _ _ _ _ \n\nself = <selenium.webdriver.remote.errorhandler.ErrorHandler object at 0x7f6094414f40>\nresponse = {'status': 404, 'value': '{\"value\":{\"error\":\"no such element\",\"message\":\"no such element: Unable to locate element: {\\...\\\\n#16 0x558eb14f6917 \\\\u003Cunknown>\\\\n#17 0x558eb1507773 \\\\u003Cunknown>\\\\n#18 0x7f1e76494ac3 \\\\u003Cunknown>\\\\n\"}}'}\n\n    def check_response(self, response: Dict[str, Any]) -> None:\n        \"\"\"Checks that a JSON response from the WebDriver does not have an\n        error.\n    \n        :Args:\n         - response - The JSON response from the WebDriver server as a dictionary\n           object.\n    \n        :Raises: If the response contains an error message.\n        \"\"\"\n        status = response.get(\"status\", None)\n        if not status or status == ErrorCode.SUCCESS:\n            return\n        value = None\n        message = response.get(\"message\", \"\")\n        screen: str = response.get(\"screen\", \"\")\n        stacktrace = None\n        if isinstance(status, int):\n            value_json = response.get(\"value\", None)\n            if value_json and isinstance(value_json, str):\n                import json\n    \n                try:\n                    value = json.loads(value_json)\n                    if len(value) == 1:\n                        value = value[\"value\"]\n                    status = value.get(\"error\", None)\n                    if not status:\n                        status = value.get(\"status\", ErrorCode.UNKNOWN_ERROR)\n                        message = value.get(\"value\") or value.get(\"message\")\n                        if not isinstance(message, str):\n                            value = message\n                            message = message.get(\"message\")\n                    else:\n                        message = value.get(\"message\", None)\n                except ValueError:\n                    pass\n    \n        exception_class: Type[WebDriverException]\n        e = ErrorCode()\n        error_codes = [item for item in dir(e) if not item.startswith(\"__\")]\n        for error_code in error_codes:\n            error_info = getattr(ErrorCode, error_code)\n            if isinstance(error_info, list) and status in error_info:\n                exception_class = getattr(ExceptionMapping, error_code, WebDriverException)\n                break\n        else:\n            exception_class = WebDriverException\n    \n        if not value:\n            value = response[\"value\"]\n        if isinstance(value, str):\n            raise exception_class(value)\n        if message == \"\" and \"message\" in value:\n            message = value[\"message\"]\n    \n        screen = None  # type: ignore[assignment]\n        if \"screen\" in value:\n            screen = value[\"screen\"]\n    \n        stacktrace = None\n        st_value = value.get(\"stackTrace\") or value.get(\"stacktrace\")\n        if st_value:\n            if isinstance(st_value, str):\n                stacktrace = st_value.split(\"\\n\")\n            else:\n                stacktrace = []\n                try:\n                    for frame in st_value:\n                        line = frame.get(\"lineNumber\", \"\")\n                        file = frame.get(\"fileName\", \"<anonymous>\")\n                        if line:\n                            file = f\"{file}:{line}\"\n                        meth = frame.get(\"methodName\", \"<anonymous>\")\n                        if \"className\" in frame:\n                            meth = f\"{frame['className']}.{meth}\"\n                        msg = \"    at %s (%s)\"\n                        msg = msg % (meth, file)\n                        stacktrace.append(msg)\n                except TypeError:\n                    pass\n        if exception_class == UnexpectedAlertPresentException:\n            alert_text = None\n            if \"data\" in value:\n                alert_text = value[\"data\"].get(\"text\")\n            elif \"alert\" in value:\n                alert_text = value[\"alert\"].get(\"text\")\n            raise exception_class(message, screen, stacktrace, alert_text)  # type: ignore[call-arg]  # mypy is not smart enough here\n>       raise exception_class(message, screen, stacktrace)\nE       selenium.common.exceptions.NoSuchElementException: Message: no such element: Unable to locate element: {\"method\":\"css selector\",\"selector\":\"[id=\"ccc-notify-accept\"]\"}\nE         (Session info: headless chrome=119.0.6045.159); For documentation on this error, please visit: https://www.selenium.dev/documentation/webdriver/troubleshooting/errors#no-such-element-exception\nE       Stacktrace:\nE       #0 0x558eb15085e3 <unknown>\nE       #1 0x558eb11cb0b7 <unknown>\nE       #2 0x558eb1218f53 <unknown>\nE       #3 0x558eb1219051 <unknown>\nE       #4 0x558eb125e9c4 <unknown>\nE       #5 0x558eb123ff1d <unknown>\nE       #6 0x558eb125bb3d <unknown>\nE       #7 0x558eb123fcc3 <unknown>\nE       #8 0x558eb120b0e4 <unknown>\nE       #9 0x558eb120c0ae <unknown>\nE       #10 0x558eb14cece1 <unknown>\nE       #11 0x558eb14d2b7e <unknown>\nE       #12 0x558eb14bc4b5 <unknown>\nE       #13 0x558eb14d37d6 <unknown>\nE       #14 0x558eb149fdbf <unknown>\nE       #15 0x558eb14f6748 <unknown>\nE       #16 0x558eb14f6917 <unknown>\nE       #17 0x558eb1507773 <unknown>\nE       #18 0x7f1e76494ac3 <unknown>\n\n../../../.cache/pypoetry/virtualenvs/uk-bin-collection-EwS6Gn8s-py3.10/lib/python3.10/site-packages/selenium/webdriver/remote/errorhandler.py:229: NoSuchElementException","flaky":false,"newFailed":false,"newBroken":false,"newPassed":false,"retriesCount":0,"retriesStatusChange":false,"beforeStages":[],"testStage":{"status":"failed","statusMessage":"selenium.common.exceptions.NoSuchElementException: Message: no such element: Unable to locate element: {\"method\":\"css selector\",\"selector\":\"[id=\"ccc-notify-accept\"]\"}\n  (Session info: headless chrome=119.0.6045.159); For documentation on this error, please visit: https://www.selenium.dev/documentation/webdriver/troubleshooting/errors#no-such-element-exception\nStacktrace:\n#0 0x558eb15085e3 <unknown>\n#1 0x558eb11cb0b7 <unknown>\n#2 0x558eb1218f53 <unknown>\n#3 0x558eb1219051 <unknown>\n#4 0x558eb125e9c4 <unknown>\n#5 0x558eb123ff1d <unknown>\n#6 0x558eb125bb3d <unknown>\n#7 0x558eb123fcc3 <unknown>\n#8 0x558eb120b0e4 <unknown>\n#9 0x558eb120c0ae <unknown>\n#10 0x558eb14cece1 <unknown>\n#11 0x558eb14d2b7e <unknown>\n#12 0x558eb14bc4b5 <unknown>\n#13 0x558eb14d37d6 <unknown>\n#14 0x558eb149fdbf <unknown>\n#15 0x558eb14f6748 <unknown>\n#16 0x558eb14f6917 <unknown>\n#17 0x558eb1507773 <unknown>\n#18 0x7f1e76494ac3 <unknown>","statusTrace":"fixturefunc = <function scrape_step at 0x7f60a3b76a70>\nrequest = <FixtureRequest for <Function test_scenario_outline[NorthumberlandCouncil-http://selenium:4444-local]>>\nkwargs = {'context': <test_validate_council.context.<locals>.Context object at 0x7f60957a23b0>, 'council': 'NorthumberlandCouncil', 'selenium_mode': 'local', 'selenium_url': 'http://selenium:4444'}\n\n    def call_fixture_func(\n        fixturefunc: \"_FixtureFunc[FixtureValue]\", request: FixtureRequest, kwargs\n    ) -> FixtureValue:\n        if is_generator(fixturefunc):\n            fixturefunc = cast(\n                Callable[..., Generator[FixtureValue, None, None]], fixturefunc\n            )\n            generator = fixturefunc(**kwargs)\n            try:\n                fixture_result = next(generator)\n            except StopIteration:\n                raise ValueError(f\"{request.fixturename} did not yield a value\") from None\n            finalizer = functools.partial(_teardown_yield_fixture, fixturefunc, generator)\n            request.addfinalizer(finalizer)\n        else:\n            fixturefunc = cast(Callable[..., FixtureValue], fixturefunc)\n>           fixture_result = fixturefunc(**kwargs)\n\n../../../.cache/pypoetry/virtualenvs/uk-bin-collection-EwS6Gn8s-py3.10/lib/python3.10/site-packages/_pytest/fixtures.py:902: \n_ _ _ _ _ _ _ _ _ _ _ _ _ _ _ _ _ _ _ _ _ _ _ _ _ _ _ _ _ _ _ _ _ _ _ _ _ _ _ _ \nuk_bin_collection/tests/step_defs/test_validate_council.py:75: in scrape_step\n    raise (err)\nuk_bin_collection/tests/step_defs/test_validate_council.py:71: in scrape_step\n    context.parse_result = CollectData.run()\nuk_bin_collection/uk_bin_collection/collect_data.py:78: in run\n    return self.client_code(\nuk_bin_collection/uk_bin_collection/collect_data.py:65: in client_code\n    return get_bin_data_class.template_method(address_url, **kwargs)\nuk_bin_collection/uk_bin_collection/get_bin_data.py:71: in template_method\n    bin_data_dict = self.parse_data(\nuk_bin_collection/uk_bin_collection/councils/NorthumberlandCouncil.py:46: in parse_data\n    driver.find_element(By.ID, \"ccc-notify-accept\").click()\n../../../.cache/pypoetry/virtualenvs/uk-bin-collection-EwS6Gn8s-py3.10/lib/python3.10/site-packages/selenium/webdriver/remote/webdriver.py:738: in find_element\n    return self.execute(Command.FIND_ELEMENT, {\"using\": by, \"value\": value})[\"value\"]\n../../../.cache/pypoetry/virtualenvs/uk-bin-collection-EwS6Gn8s-py3.10/lib/python3.10/site-packages/selenium/webdriver/remote/webdriver.py:344: in execute\n    self.error_handler.check_response(response)\n_ _ _ _ _ _ _ _ _ _ _ _ _ _ _ _ _ _ _ _ _ _ _ _ _ _ _ _ _ _ _ _ _ _ _ _ _ _ _ _ \n\nself = <selenium.webdriver.remote.errorhandler.ErrorHandler object at 0x7f6094414f40>\nresponse = {'status': 404, 'value': '{\"value\":{\"error\":\"no such element\",\"message\":\"no such element: Unable to locate element: {\\...\\\\n#16 0x558eb14f6917 \\\\u003Cunknown>\\\\n#17 0x558eb1507773 \\\\u003Cunknown>\\\\n#18 0x7f1e76494ac3 \\\\u003Cunknown>\\\\n\"}}'}\n\n    def check_response(self, response: Dict[str, Any]) -> None:\n        \"\"\"Checks that a JSON response from the WebDriver does not have an\n        error.\n    \n        :Args:\n         - response - The JSON response from the WebDriver server as a dictionary\n           object.\n    \n        :Raises: If the response contains an error message.\n        \"\"\"\n        status = response.get(\"status\", None)\n        if not status or status == ErrorCode.SUCCESS:\n            return\n        value = None\n        message = response.get(\"message\", \"\")\n        screen: str = response.get(\"screen\", \"\")\n        stacktrace = None\n        if isinstance(status, int):\n            value_json = response.get(\"value\", None)\n            if value_json and isinstance(value_json, str):\n                import json\n    \n                try:\n                    value = json.loads(value_json)\n                    if len(value) == 1:\n                        value = value[\"value\"]\n                    status = value.get(\"error\", None)\n                    if not status:\n                        status = value.get(\"status\", ErrorCode.UNKNOWN_ERROR)\n                        message = value.get(\"value\") or value.get(\"message\")\n                        if not isinstance(message, str):\n                            value = message\n                            message = message.get(\"message\")\n                    else:\n                        message = value.get(\"message\", None)\n                except ValueError:\n                    pass\n    \n        exception_class: Type[WebDriverException]\n        e = ErrorCode()\n        error_codes = [item for item in dir(e) if not item.startswith(\"__\")]\n        for error_code in error_codes:\n            error_info = getattr(ErrorCode, error_code)\n            if isinstance(error_info, list) and status in error_info:\n                exception_class = getattr(ExceptionMapping, error_code, WebDriverException)\n                break\n        else:\n            exception_class = WebDriverException\n    \n        if not value:\n            value = response[\"value\"]\n        if isinstance(value, str):\n            raise exception_class(value)\n        if message == \"\" and \"message\" in value:\n            message = value[\"message\"]\n    \n        screen = None  # type: ignore[assignment]\n        if \"screen\" in value:\n            screen = value[\"screen\"]\n    \n        stacktrace = None\n        st_value = value.get(\"stackTrace\") or value.get(\"stacktrace\")\n        if st_value:\n            if isinstance(st_value, str):\n                stacktrace = st_value.split(\"\\n\")\n            else:\n                stacktrace = []\n                try:\n                    for frame in st_value:\n                        line = frame.get(\"lineNumber\", \"\")\n                        file = frame.get(\"fileName\", \"<anonymous>\")\n                        if line:\n                            file = f\"{file}:{line}\"\n                        meth = frame.get(\"methodName\", \"<anonymous>\")\n                        if \"className\" in frame:\n                            meth = f\"{frame['className']}.{meth}\"\n                        msg = \"    at %s (%s)\"\n                        msg = msg % (meth, file)\n                        stacktrace.append(msg)\n                except TypeError:\n                    pass\n        if exception_class == UnexpectedAlertPresentException:\n            alert_text = None\n            if \"data\" in value:\n                alert_text = value[\"data\"].get(\"text\")\n            elif \"alert\" in value:\n                alert_text = value[\"alert\"].get(\"text\")\n            raise exception_class(message, screen, stacktrace, alert_text)  # type: ignore[call-arg]  # mypy is not smart enough here\n>       raise exception_class(message, screen, stacktrace)\nE       selenium.common.exceptions.NoSuchElementException: Message: no such element: Unable to locate element: {\"method\":\"css selector\",\"selector\":\"[id=\"ccc-notify-accept\"]\"}\nE         (Session info: headless chrome=119.0.6045.159); For documentation on this error, please visit: https://www.selenium.dev/documentation/webdriver/troubleshooting/errors#no-such-element-exception\nE       Stacktrace:\nE       #0 0x558eb15085e3 <unknown>\nE       #1 0x558eb11cb0b7 <unknown>\nE       #2 0x558eb1218f53 <unknown>\nE       #3 0x558eb1219051 <unknown>\nE       #4 0x558eb125e9c4 <unknown>\nE       #5 0x558eb123ff1d <unknown>\nE       #6 0x558eb125bb3d <unknown>\nE       #7 0x558eb123fcc3 <unknown>\nE       #8 0x558eb120b0e4 <unknown>\nE       #9 0x558eb120c0ae <unknown>\nE       #10 0x558eb14cece1 <unknown>\nE       #11 0x558eb14d2b7e <unknown>\nE       #12 0x558eb14bc4b5 <unknown>\nE       #13 0x558eb14d37d6 <unknown>\nE       #14 0x558eb149fdbf <unknown>\nE       #15 0x558eb14f6748 <unknown>\nE       #16 0x558eb14f6917 <unknown>\nE       #17 0x558eb1507773 <unknown>\nE       #18 0x7f1e76494ac3 <unknown>\n\n../../../.cache/pypoetry/virtualenvs/uk-bin-collection-EwS6Gn8s-py3.10/lib/python3.10/site-packages/selenium/webdriver/remote/errorhandler.py:229: NoSuchElementException","steps":[{"name":"Given the council: NorthumberlandCouncil","time":{"start":1701566594452,"stop":1701566594453,"duration":1},"status":"passed","steps":[],"attachments":[],"parameters":[],"shouldDisplayMessage":false,"stepsCount":0,"attachmentsCount":0,"hasContent":false},{"name":"When we scrape the data from NorthumberlandCouncil using local and the http://selenium:4444 is set","time":{"start":1701566594453,"stop":1701566599388,"duration":4935},"status":"failed","statusMessage":"Message: no such element: Unable to locate element: {\"method\":\"css selector\",\"selector\":\"[id=\"ccc-notify-accept\"]\"}\n  (Session info: headless chrome=119.0.6045.159); For documentation on this error, please visit: https://www.selenium.dev/documentation/webdriver/troubleshooting/errors#no-such-element-exception\nStacktrace:\n#0 0x558eb15085e3 <unknown>\n#1 0x558eb11cb0b7 <unknown>\n#2 0x558eb1218f53 <unknown>\n#3 0x558eb1219051 <unknown>\n#4 0x558eb125e9c4 <unknown>\n#5 0x558eb123ff1d <unknown>\n#6 0x558eb125bb3d <unknown>\n#7 0x558eb123fcc3 <unknown>\n#8 0x558eb120b0e4 <unknown>\n#9 0x558eb120c0ae <unknown>\n#10 0x558eb14cece1 <unknown>\n#11 0x558eb14d2b7e <unknown>\n#12 0x558eb14bc4b5 <unknown>\n#13 0x558eb14d37d6 <unknown>\n#14 0x558eb149fdbf <unknown>\n#15 0x558eb14f6748 <unknown>\n#16 0x558eb14f6917 <unknown>\n#17 0x558eb1507773 <unknown>\n#18 0x7f1e76494ac3 <unknown>\n","statusTrace":"selenium.common.exceptions.NoSuchElementException: Message: no such element: Unable to locate element: {\"method\":\"css selector\",\"selector\":\"[id=\"ccc-notify-accept\"]\"}\n  (Session info: headless chrome=119.0.6045.159); For documentation on this error, please visit: https://www.selenium.dev/documentation/webdriver/troubleshooting/errors#no-such-element-exception\nStacktrace:\n#0 0x558eb15085e3 <unknown>\n#1 0x558eb11cb0b7 <unknown>\n#2 0x558eb1218f53 <unknown>\n#3 0x558eb1219051 <unknown>\n#4 0x558eb125e9c4 <unknown>\n#5 0x558eb123ff1d <unknown>\n#6 0x558eb125bb3d <unknown>\n#7 0x558eb123fcc3 <unknown>\n#8 0x558eb120b0e4 <unknown>\n#9 0x558eb120c0ae <unknown>\n#10 0x558eb14cece1 <unknown>\n#11 0x558eb14d2b7e <unknown>\n#12 0x558eb14bc4b5 <unknown>\n#13 0x558eb14d37d6 <unknown>\n#14 0x558eb149fdbf <unknown>\n#15 0x558eb14f6748 <unknown>\n#16 0x558eb14f6917 <unknown>\n#17 0x558eb1507773 <unknown>\n#18 0x7f1e76494ac3 <unknown>\n\n","steps":[],"attachments":[],"parameters":[],"shouldDisplayMessage":true,"stepsCount":0,"attachmentsCount":0,"hasContent":true}],"attachments":[],"parameters":[],"shouldDisplayMessage":true,"stepsCount":2,"attachmentsCount":0,"hasContent":true},"afterStages":[],"labels":[{"name":"host","value":"fv-az1055-960"},{"name":"thread","value":"2847-MainThread"},{"name":"framework","value":"pytest-bdd"},{"name":"language","value":"cpython3"},{"name":"feature","value":"Test each council output matches expected results"},{"name":"resultFormat","value":"allure2"}],"parameters":[{"name":"council","value":"NorthumberlandCouncil"},{"name":"selenium_mode","value":"local"},{"name":"selenium_url","value":"http://selenium:4444"}],"links":[],"hidden":false,"retry":false,"extra":{"severity":"normal","retries":[],"categories":[{"name":"Product defects","matchedStatuses":[],"flaky":false}],"history":{"statistic":{"failed":41,"broken":0,"skipped":0,"passed":0,"unknown":0,"total":41},"items":[{"uid":"a07ae2485f2684d","reportUrl":"https://robbrad.github.io/UKBinCollectionData/3.10/1182//#testresult/a07ae2485f2684d","status":"failed","statusDetails":"selenium.common.exceptions.NoSuchElementException: Message: no such element: Unable to locate element: {\"method\":\"css selector\",\"selector\":\"[id=\"ccc-notify-accept\"]\"}\n  (Session info: headless chrome=119.0.6045.159); For documentation on this error, please visit: https://www.selenium.dev/documentation/webdriver/troubleshooting/errors#no-such-element-exception\nStacktrace:\n#0 0x55c1e2c385e3 <unknown>\n#1 0x55c1e28fb0b7 <unknown>\n#2 0x55c1e2948f53 <unknown>\n#3 0x55c1e2949051 <unknown>\n#4 0x55c1e298e9c4 <unknown>\n#5 0x55c1e296ff1d <unknown>\n#6 0x55c1e298bb3d <unknown>\n#7 0x55c1e296fcc3 <unknown>\n#8 0x55c1e293b0e4 <unknown>\n#9 0x55c1e293c0ae <unknown>\n#10 0x55c1e2bfece1 <unknown>\n#11 0x55c1e2c02b7e <unknown>\n#12 0x55c1e2bec4b5 <unknown>\n#13 0x55c1e2c037d6 <unknown>\n#14 0x55c1e2bcfdbf <unknown>\n#15 0x55c1e2c26748 <unknown>\n#16 0x55c1e2c26917 <unknown>\n#17 0x55c1e2c37773 <unknown>\n#18 0x7faaeb694ac3 <unknown>","time":{"start":1701479769347,"stop":1701479774419,"duration":5072}},{"uid":"a7a488a33676b0b5","reportUrl":"https://robbrad.github.io/UKBinCollectionData/3.10/1179//#testresult/a7a488a33676b0b5","status":"failed","statusDetails":"selenium.common.exceptions.NoSuchElementException: Message: no such element: Unable to locate element: {\"method\":\"css selector\",\"selector\":\"[id=\"ccc-notify-accept\"]\"}\n  (Session info: headless chrome=119.0.6045.159); For documentation on this error, please visit: https://www.selenium.dev/documentation/webdriver/troubleshooting/errors#no-such-element-exception\nStacktrace:\n#0 0x558b214e45e3 <unknown>\n#1 0x558b211a70b7 <unknown>\n#2 0x558b211f4f53 <unknown>\n#3 0x558b211f5051 <unknown>\n#4 0x558b2123a9c4 <unknown>\n#5 0x558b2121bf1d <unknown>\n#6 0x558b21237b3d <unknown>\n#7 0x558b2121bcc3 <unknown>\n#8 0x558b211e70e4 <unknown>\n#9 0x558b211e80ae <unknown>\n#10 0x558b214aace1 <unknown>\n#11 0x558b214aeb7e <unknown>\n#12 0x558b214984b5 <unknown>\n#13 0x558b214af7d6 <unknown>\n#14 0x558b2147bdbf <unknown>\n#15 0x558b214d2748 <unknown>\n#16 0x558b214d2917 <unknown>\n#17 0x558b214e3773 <unknown>\n#18 0x7fb1d6c94ac3 <unknown>","time":{"start":1701419002961,"stop":1701419006952,"duration":3991}},{"uid":"a4ad9159e539825b","reportUrl":"https://robbrad.github.io/UKBinCollectionData/3.10/1176//#testresult/a4ad9159e539825b","status":"failed","statusDetails":"selenium.common.exceptions.NoSuchElementException: Message: no such element: Unable to locate element: {\"method\":\"css selector\",\"selector\":\"[id=\"ccc-notify-accept\"]\"}\n  (Session info: headless chrome=119.0.6045.159); For documentation on this error, please visit: https://www.selenium.dev/documentation/webdriver/troubleshooting/errors#no-such-element-exception\nStacktrace:\n#0 0x55d0f43095e3 <unknown>\n#1 0x55d0f3fcc0b7 <unknown>\n#2 0x55d0f4019f53 <unknown>\n#3 0x55d0f401a051 <unknown>\n#4 0x55d0f405f9c4 <unknown>\n#5 0x55d0f4040f1d <unknown>\n#6 0x55d0f405cb3d <unknown>\n#7 0x55d0f4040cc3 <unknown>\n#8 0x55d0f400c0e4 <unknown>\n#9 0x55d0f400d0ae <unknown>\n#10 0x55d0f42cfce1 <unknown>\n#11 0x55d0f42d3b7e <unknown>\n#12 0x55d0f42bd4b5 <unknown>\n#13 0x55d0f42d47d6 <unknown>\n#14 0x55d0f42a0dbf <unknown>\n#15 0x55d0f42f7748 <unknown>\n#16 0x55d0f42f7917 <unknown>\n#17 0x55d0f4308773 <unknown>\n#18 0x7fdad7c94ac3 <unknown>","time":{"start":1701418974781,"stop":1701418978489,"duration":3708}},{"uid":"46185065e70f582a","reportUrl":"https://robbrad.github.io/UKBinCollectionData/3.10/1175//#testresult/46185065e70f582a","status":"failed","statusDetails":"selenium.common.exceptions.NoSuchElementException: Message: no such element: Unable to locate element: {\"method\":\"css selector\",\"selector\":\"[id=\"ccc-notify-accept\"]\"}\n  (Session info: headless chrome=119.0.6045.159); For documentation on this error, please visit: https://www.selenium.dev/documentation/webdriver/troubleshooting/errors#no-such-element-exception\nStacktrace:\n#0 0x55bf61a145e3 <unknown>\n#1 0x55bf616d70b7 <unknown>\n#2 0x55bf61724f53 <unknown>\n#3 0x55bf61725051 <unknown>\n#4 0x55bf6176a9c4 <unknown>\n#5 0x55bf6174bf1d <unknown>\n#6 0x55bf61767b3d <unknown>\n#7 0x55bf6174bcc3 <unknown>\n#8 0x55bf617170e4 <unknown>\n#9 0x55bf617180ae <unknown>\n#10 0x55bf619dace1 <unknown>\n#11 0x55bf619deb7e <unknown>\n#12 0x55bf619c84b5 <unknown>\n#13 0x55bf619df7d6 <unknown>\n#14 0x55bf619abdbf <unknown>\n#15 0x55bf61a02748 <unknown>\n#16 0x55bf61a02917 <unknown>\n#17 0x55bf61a13773 <unknown>\n#18 0x7f42f6094ac3 <unknown>","time":{"start":1701414401742,"stop":1701414405518,"duration":3776}},{"uid":"ff9662b977b092a7","reportUrl":"https://robbrad.github.io/UKBinCollectionData/3.10/1174//#testresult/ff9662b977b092a7","status":"failed","statusDetails":"selenium.common.exceptions.NoSuchElementException: Message: no such element: Unable to locate element: {\"method\":\"css selector\",\"selector\":\"[id=\"ccc-notify-accept\"]\"}\n  (Session info: headless chrome=119.0.6045.159); For documentation on this error, please visit: https://www.selenium.dev/documentation/webdriver/troubleshooting/errors#no-such-element-exception\nStacktrace:\n#0 0x562c20af75e3 <unknown>\n#1 0x562c207ba0b7 <unknown>\n#2 0x562c20807f53 <unknown>\n#3 0x562c20808051 <unknown>\n#4 0x562c2084d9c4 <unknown>\n#5 0x562c2082ef1d <unknown>\n#6 0x562c2084ab3d <unknown>\n#7 0x562c2082ecc3 <unknown>\n#8 0x562c207fa0e4 <unknown>\n#9 0x562c207fb0ae <unknown>\n#10 0x562c20abdce1 <unknown>\n#11 0x562c20ac1b7e <unknown>\n#12 0x562c20aab4b5 <unknown>\n#13 0x562c20ac27d6 <unknown>\n#14 0x562c20a8edbf <unknown>\n#15 0x562c20ae5748 <unknown>\n#16 0x562c20ae5917 <unknown>\n#17 0x562c20af6773 <unknown>\n#18 0x7f2da7494ac3 <unknown>","time":{"start":1701414350305,"stop":1701414353818,"duration":3513}},{"uid":"2e2315bdf2147721","reportUrl":"https://robbrad.github.io/UKBinCollectionData/3.10/1173//#testresult/2e2315bdf2147721","status":"failed","statusDetails":"selenium.common.exceptions.NoSuchElementException: Message: no such element: Unable to locate element: {\"method\":\"css selector\",\"selector\":\"[id=\"ccc-notify-accept\"]\"}\n  (Session info: headless chrome=119.0.6045.159); For documentation on this error, please visit: https://www.selenium.dev/documentation/webdriver/troubleshooting/errors#no-such-element-exception\nStacktrace:\n#0 0x55e964f8d5e3 <unknown>\n#1 0x55e964c500b7 <unknown>\n#2 0x55e964c9df53 <unknown>\n#3 0x55e964c9e051 <unknown>\n#4 0x55e964ce39c4 <unknown>\n#5 0x55e964cc4f1d <unknown>\n#6 0x55e964ce0b3d <unknown>\n#7 0x55e964cc4cc3 <unknown>\n#8 0x55e964c900e4 <unknown>\n#9 0x55e964c910ae <unknown>\n#10 0x55e964f53ce1 <unknown>\n#11 0x55e964f57b7e <unknown>\n#12 0x55e964f414b5 <unknown>\n#13 0x55e964f587d6 <unknown>\n#14 0x55e964f24dbf <unknown>\n#15 0x55e964f7b748 <unknown>\n#16 0x55e964f7b917 <unknown>\n#17 0x55e964f8c773 <unknown>\n#18 0x7f8ab9a94ac3 <unknown>","time":{"start":1701393958694,"stop":1701393962339,"duration":3645}},{"uid":"c1e13364808492c7","reportUrl":"https://robbrad.github.io/UKBinCollectionData/3.10/1169//#testresult/c1e13364808492c7","status":"failed","statusDetails":"selenium.common.exceptions.NoSuchElementException: Message: no such element: Unable to locate element: {\"method\":\"css selector\",\"selector\":\"[id=\"ccc-notify-accept\"]\"}\n  (Session info: headless chrome=119.0.6045.159); For documentation on this error, please visit: https://www.selenium.dev/documentation/webdriver/troubleshooting/errors#no-such-element-exception\nStacktrace:\n#0 0x561afecd65e3 <unknown>\n#1 0x561afe9990b7 <unknown>\n#2 0x561afe9e6f53 <unknown>\n#3 0x561afe9e7051 <unknown>\n#4 0x561afea2c9c4 <unknown>\n#5 0x561afea0df1d <unknown>\n#6 0x561afea29b3d <unknown>\n#7 0x561afea0dcc3 <unknown>\n#8 0x561afe9d90e4 <unknown>\n#9 0x561afe9da0ae <unknown>\n#10 0x561afec9cce1 <unknown>\n#11 0x561afeca0b7e <unknown>\n#12 0x561afec8a4b5 <unknown>\n#13 0x561afeca17d6 <unknown>\n#14 0x561afec6ddbf <unknown>\n#15 0x561afecc4748 <unknown>\n#16 0x561afecc4917 <unknown>\n#17 0x561afecd5773 <unknown>\n#18 0x7fdb08894ac3 <unknown>","time":{"start":1701353384762,"stop":1701353388600,"duration":3838}},{"uid":"b1f0202687025b46","reportUrl":"https://robbrad.github.io/UKBinCollectionData/3.10/1163//#testresult/b1f0202687025b46","status":"failed","statusDetails":"selenium.common.exceptions.NoSuchElementException: Message: no such element: Unable to locate element: {\"method\":\"css selector\",\"selector\":\"[id=\"ccc-notify-accept\"]\"}\n  (Session info: headless chrome=119.0.6045.159); For documentation on this error, please visit: https://www.selenium.dev/documentation/webdriver/troubleshooting/errors#no-such-element-exception\nStacktrace:\n#0 0x559b692685e3 <unknown>\n#1 0x559b68f2b0b7 <unknown>\n#2 0x559b68f78f53 <unknown>\n#3 0x559b68f79051 <unknown>\n#4 0x559b68fbe9c4 <unknown>\n#5 0x559b68f9ff1d <unknown>\n#6 0x559b68fbbb3d <unknown>\n#7 0x559b68f9fcc3 <unknown>\n#8 0x559b68f6b0e4 <unknown>\n#9 0x559b68f6c0ae <unknown>\n#10 0x559b6922ece1 <unknown>\n#11 0x559b69232b7e <unknown>\n#12 0x559b6921c4b5 <unknown>\n#13 0x559b692337d6 <unknown>\n#14 0x559b691ffdbf <unknown>\n#15 0x559b69256748 <unknown>\n#16 0x559b69256917 <unknown>\n#17 0x559b69267773 <unknown>\n#18 0x7f5d42894ac3 <unknown>","time":{"start":1701307117054,"stop":1701307179436,"duration":62382}},{"uid":"c5097ed90f39f622","reportUrl":"https://robbrad.github.io/UKBinCollectionData/3.10/1161//#testresult/c5097ed90f39f622","status":"failed","statusDetails":"selenium.common.exceptions.NoSuchElementException: Message: no such element: Unable to locate element: {\"method\":\"css selector\",\"selector\":\"[id=\"ccc-notify-accept\"]\"}\n  (Session info: headless chrome=119.0.6045.159); For documentation on this error, please visit: https://www.selenium.dev/documentation/webdriver/troubleshooting/errors#no-such-element-exception\nStacktrace:\n#0 0x55d380e6b5e3 <unknown>\n#1 0x55d380b2e0b7 <unknown>\n#2 0x55d380b7bf53 <unknown>\n#3 0x55d380b7c051 <unknown>\n#4 0x55d380bc19c4 <unknown>\n#5 0x55d380ba2f1d <unknown>\n#6 0x55d380bbeb3d <unknown>\n#7 0x55d380ba2cc3 <unknown>\n#8 0x55d380b6e0e4 <unknown>\n#9 0x55d380b6f0ae <unknown>\n#10 0x55d380e31ce1 <unknown>\n#11 0x55d380e35b7e <unknown>\n#12 0x55d380e1f4b5 <unknown>\n#13 0x55d380e367d6 <unknown>\n#14 0x55d380e02dbf <unknown>\n#15 0x55d380e59748 <unknown>\n#16 0x55d380e59917 <unknown>\n#17 0x55d380e6a773 <unknown>\n#18 0x7f292d694ac3 <unknown>","time":{"start":1701279394726,"stop":1701279399393,"duration":4667}},{"uid":"fdea7d20631680eb","reportUrl":"https://robbrad.github.io/UKBinCollectionData/3.10/1162//#testresult/fdea7d20631680eb","status":"failed","statusDetails":"selenium.common.exceptions.NoSuchElementException: Message: no such element: Unable to locate element: {\"method\":\"css selector\",\"selector\":\"[id=\"ccc-notify-accept\"]\"}\n  (Session info: headless chrome=119.0.6045.159); For documentation on this error, please visit: https://www.selenium.dev/documentation/webdriver/troubleshooting/errors#no-such-element-exception\nStacktrace:\n#0 0x55b2b43cc5e3 <unknown>\n#1 0x55b2b408f0b7 <unknown>\n#2 0x55b2b40dcf53 <unknown>\n#3 0x55b2b40dd051 <unknown>\n#4 0x55b2b41229c4 <unknown>\n#5 0x55b2b4103f1d <unknown>\n#6 0x55b2b411fb3d <unknown>\n#7 0x55b2b4103cc3 <unknown>\n#8 0x55b2b40cf0e4 <unknown>\n#9 0x55b2b40d00ae <unknown>\n#10 0x55b2b4392ce1 <unknown>\n#11 0x55b2b4396b7e <unknown>\n#12 0x55b2b43804b5 <unknown>\n#13 0x55b2b43977d6 <unknown>\n#14 0x55b2b4363dbf <unknown>\n#15 0x55b2b43ba748 <unknown>\n#16 0x55b2b43ba917 <unknown>\n#17 0x55b2b43cb773 <unknown>\n#18 0x7f0441c94ac3 <unknown>","time":{"start":1701279386308,"stop":1701279390743,"duration":4435}},{"uid":"1f959e2e5c809737","reportUrl":"https://robbrad.github.io/UKBinCollectionData/3.10/1156//#testresult/1f959e2e5c809737","status":"failed","statusDetails":"selenium.common.exceptions.NoSuchElementException: Message: no such element: Unable to locate element: {\"method\":\"css selector\",\"selector\":\"[id=\"ccc-notify-accept\"]\"}\n  (Session info: headless chrome=119.0.6045.159); For documentation on this error, please visit: https://www.selenium.dev/documentation/webdriver/troubleshooting/errors#no-such-element-exception\nStacktrace:\n#0 0x55bd69cbe5e3 <unknown>\n#1 0x55bd699810b7 <unknown>\n#2 0x55bd699cef53 <unknown>\n#3 0x55bd699cf051 <unknown>\n#4 0x55bd69a149c4 <unknown>\n#5 0x55bd699f5f1d <unknown>\n#6 0x55bd69a11b3d <unknown>\n#7 0x55bd699f5cc3 <unknown>\n#8 0x55bd699c10e4 <unknown>\n#9 0x55bd699c20ae <unknown>\n#10 0x55bd69c84ce1 <unknown>\n#11 0x55bd69c88b7e <unknown>\n#12 0x55bd69c724b5 <unknown>\n#13 0x55bd69c897d6 <unknown>\n#14 0x55bd69c55dbf <unknown>\n#15 0x55bd69cac748 <unknown>\n#16 0x55bd69cac917 <unknown>\n#17 0x55bd69cbd773 <unknown>\n#18 0x7f861aa94ac3 <unknown>","time":{"start":1701220787606,"stop":1701220791836,"duration":4230}},{"uid":"1403ac60fcc75a6a","reportUrl":"https://robbrad.github.io/UKBinCollectionData/3.10/1155//#testresult/1403ac60fcc75a6a","status":"failed","statusDetails":"selenium.common.exceptions.NoSuchElementException: Message: no such element: Unable to locate element: {\"method\":\"css selector\",\"selector\":\"[id=\"ccc-notify-accept\"]\"}\n  (Session info: headless chrome=119.0.6045.159); For documentation on this error, please visit: https://www.selenium.dev/documentation/webdriver/troubleshooting/errors#no-such-element-exception\nStacktrace:\n#0 0x5591882795e3 <unknown>\n#1 0x559187f3c0b7 <unknown>\n#2 0x559187f89f53 <unknown>\n#3 0x559187f8a051 <unknown>\n#4 0x559187fcf9c4 <unknown>\n#5 0x559187fb0f1d <unknown>\n#6 0x559187fccb3d <unknown>\n#7 0x559187fb0cc3 <unknown>\n#8 0x559187f7c0e4 <unknown>\n#9 0x559187f7d0ae <unknown>\n#10 0x55918823fce1 <unknown>\n#11 0x559188243b7e <unknown>\n#12 0x55918822d4b5 <unknown>\n#13 0x5591882447d6 <unknown>\n#14 0x559188210dbf <unknown>\n#15 0x559188267748 <unknown>\n#16 0x559188267917 <unknown>\n#17 0x559188278773 <unknown>\n#18 0x7f9f54e94ac3 <unknown>","time":{"start":1701134389969,"stop":1701134393806,"duration":3837}},{"uid":"67c36b1d0b1d7f6a","reportUrl":"https://robbrad.github.io/UKBinCollectionData/3.10/1152//#testresult/67c36b1d0b1d7f6a","status":"failed","statusDetails":"selenium.common.exceptions.NoSuchElementException: Message: no such element: Unable to locate element: {\"method\":\"css selector\",\"selector\":\"[id=\"ccc-notify-accept\"]\"}\n  (Session info: headless chrome=119.0.6045.159); For documentation on this error, please visit: https://www.selenium.dev/documentation/webdriver/troubleshooting/errors#no-such-element-exception\nStacktrace:\n#0 0x561570fbb5e3 <unknown>\n#1 0x561570c7e0b7 <unknown>\n#2 0x561570ccbf53 <unknown>\n#3 0x561570ccc051 <unknown>\n#4 0x561570d119c4 <unknown>\n#5 0x561570cf2f1d <unknown>\n#6 0x561570d0eb3d <unknown>\n#7 0x561570cf2cc3 <unknown>\n#8 0x561570cbe0e4 <unknown>\n#9 0x561570cbf0ae <unknown>\n#10 0x561570f81ce1 <unknown>\n#11 0x561570f85b7e <unknown>\n#12 0x561570f6f4b5 <unknown>\n#13 0x561570f867d6 <unknown>\n#14 0x561570f52dbf <unknown>\n#15 0x561570fa9748 <unknown>\n#16 0x561570fa9917 <unknown>\n#17 0x561570fba773 <unknown>\n#18 0x7fb271894ac3 <unknown>","time":{"start":1701047938109,"stop":1701047942640,"duration":4531}},{"uid":"c2531b04750d89f3","reportUrl":"https://robbrad.github.io/UKBinCollectionData/3.10/1151//#testresult/c2531b04750d89f3","status":"failed","statusDetails":"selenium.common.exceptions.NoSuchElementException: Message: no such element: Unable to locate element: {\"method\":\"css selector\",\"selector\":\"[id=\"ccc-notify-accept\"]\"}\n  (Session info: headless chrome=119.0.6045.159); For documentation on this error, please visit: https://www.selenium.dev/documentation/webdriver/troubleshooting/errors#no-such-element-exception\nStacktrace:\n#0 0x55a2d8edb5e3 <unknown>\n#1 0x55a2d8b9e0b7 <unknown>\n#2 0x55a2d8bebf53 <unknown>\n#3 0x55a2d8bec051 <unknown>\n#4 0x55a2d8c319c4 <unknown>\n#5 0x55a2d8c12f1d <unknown>\n#6 0x55a2d8c2eb3d <unknown>\n#7 0x55a2d8c12cc3 <unknown>\n#8 0x55a2d8bde0e4 <unknown>\n#9 0x55a2d8bdf0ae <unknown>\n#10 0x55a2d8ea1ce1 <unknown>\n#11 0x55a2d8ea5b7e <unknown>\n#12 0x55a2d8e8f4b5 <unknown>\n#13 0x55a2d8ea67d6 <unknown>\n#14 0x55a2d8e72dbf <unknown>\n#15 0x55a2d8ec9748 <unknown>\n#16 0x55a2d8ec9917 <unknown>\n#17 0x55a2d8eda773 <unknown>\n#18 0x7fbca6494ac3 <unknown>","time":{"start":1701036179411,"stop":1701036183437,"duration":4026}},{"uid":"a3a0e4ac7580a973","reportUrl":"https://robbrad.github.io/UKBinCollectionData/3.10/1150//#testresult/a3a0e4ac7580a973","status":"failed","statusDetails":"selenium.common.exceptions.NoSuchElementException: Message: no such element: Unable to locate element: {\"method\":\"css selector\",\"selector\":\"[id=\"ccc-notify-accept\"]\"}\n  (Session info: headless chrome=119.0.6045.159); For documentation on this error, please visit: https://www.selenium.dev/documentation/webdriver/troubleshooting/errors#no-such-element-exception\nStacktrace:\n#0 0x5654a82b85e3 <unknown>\n#1 0x5654a7f7b0b7 <unknown>\n#2 0x5654a7fc8f53 <unknown>\n#3 0x5654a7fc9051 <unknown>\n#4 0x5654a800e9c4 <unknown>\n#5 0x5654a7feff1d <unknown>\n#6 0x5654a800bb3d <unknown>\n#7 0x5654a7fefcc3 <unknown>\n#8 0x5654a7fbb0e4 <unknown>\n#9 0x5654a7fbc0ae <unknown>\n#10 0x5654a827ece1 <unknown>\n#11 0x5654a8282b7e <unknown>\n#12 0x5654a826c4b5 <unknown>\n#13 0x5654a82837d6 <unknown>\n#14 0x5654a824fdbf <unknown>\n#15 0x5654a82a6748 <unknown>\n#16 0x5654a82a6917 <unknown>\n#17 0x5654a82b7773 <unknown>\n#18 0x7fdfaf294ac3 <unknown>","time":{"start":1701036180008,"stop":1701036183592,"duration":3584}},{"uid":"27e2a4d88fce9956","reportUrl":"https://robbrad.github.io/UKBinCollectionData/3.10/1148//#testresult/27e2a4d88fce9956","status":"failed","statusDetails":"selenium.common.exceptions.NoSuchElementException: Message: no such element: Unable to locate element: {\"method\":\"css selector\",\"selector\":\"[id=\"ccc-notify-accept\"]\"}\n  (Session info: headless chrome=119.0.6045.159); For documentation on this error, please visit: https://www.selenium.dev/documentation/webdriver/troubleshooting/errors#no-such-element-exception\nStacktrace:\n#0 0x55675c6ee5e3 <unknown>\n#1 0x55675c3b10b7 <unknown>\n#2 0x55675c3fef53 <unknown>\n#3 0x55675c3ff051 <unknown>\n#4 0x55675c4449c4 <unknown>\n#5 0x55675c425f1d <unknown>\n#6 0x55675c441b3d <unknown>\n#7 0x55675c425cc3 <unknown>\n#8 0x55675c3f10e4 <unknown>\n#9 0x55675c3f20ae <unknown>\n#10 0x55675c6b4ce1 <unknown>\n#11 0x55675c6b8b7e <unknown>\n#12 0x55675c6a24b5 <unknown>\n#13 0x55675c6b97d6 <unknown>\n#14 0x55675c685dbf <unknown>\n#15 0x55675c6dc748 <unknown>\n#16 0x55675c6dc917 <unknown>\n#17 0x55675c6ed773 <unknown>\n#18 0x7fd5e0e94ac3 <unknown>","time":{"start":1700961764581,"stop":1700961768343,"duration":3762}},{"uid":"bb7a8823b0d21e34","reportUrl":"https://robbrad.github.io/UKBinCollectionData/3.10/1147//#testresult/bb7a8823b0d21e34","status":"failed","statusDetails":"selenium.common.exceptions.NoSuchElementException: Message: no such element: Unable to locate element: {\"method\":\"css selector\",\"selector\":\"[id=\"ccc-notify-accept\"]\"}\n  (Session info: headless chrome=119.0.6045.159); For documentation on this error, please visit: https://www.selenium.dev/documentation/webdriver/troubleshooting/errors#no-such-element-exception\nStacktrace:\n#0 0x55c5e01095e3 <unknown>\n#1 0x55c5dfdcc0b7 <unknown>\n#2 0x55c5dfe19f53 <unknown>\n#3 0x55c5dfe1a051 <unknown>\n#4 0x55c5dfe5f9c4 <unknown>\n#5 0x55c5dfe40f1d <unknown>\n#6 0x55c5dfe5cb3d <unknown>\n#7 0x55c5dfe40cc3 <unknown>\n#8 0x55c5dfe0c0e4 <unknown>\n#9 0x55c5dfe0d0ae <unknown>\n#10 0x55c5e00cfce1 <unknown>\n#11 0x55c5e00d3b7e <unknown>\n#12 0x55c5e00bd4b5 <unknown>\n#13 0x55c5e00d47d6 <unknown>\n#14 0x55c5e00a0dbf <unknown>\n#15 0x55c5e00f7748 <unknown>\n#16 0x55c5e00f7917 <unknown>\n#17 0x55c5e0108773 <unknown>\n#18 0x7ff6b3894ac3 <unknown>","time":{"start":1700875020035,"stop":1700875023831,"duration":3796}},{"uid":"d480bf5c576cd7c5","reportUrl":"https://robbrad.github.io/UKBinCollectionData/3.10/1146//#testresult/d480bf5c576cd7c5","status":"failed","statusDetails":"selenium.common.exceptions.NoSuchElementException: Message: no such element: Unable to locate element: {\"method\":\"css selector\",\"selector\":\"[id=\"ccc-notify-accept\"]\"}\n  (Session info: headless chrome=119.0.6045.159); For documentation on this error, please visit: https://www.selenium.dev/documentation/webdriver/troubleshooting/errors#no-such-element-exception\nStacktrace:\n#0 0x559b6b6225e3 <unknown>\n#1 0x559b6b2e50b7 <unknown>\n#2 0x559b6b332f53 <unknown>\n#3 0x559b6b333051 <unknown>\n#4 0x559b6b3789c4 <unknown>\n#5 0x559b6b359f1d <unknown>\n#6 0x559b6b375b3d <unknown>\n#7 0x559b6b359cc3 <unknown>\n#8 0x559b6b3250e4 <unknown>\n#9 0x559b6b3260ae <unknown>\n#10 0x559b6b5e8ce1 <unknown>\n#11 0x559b6b5ecb7e <unknown>\n#12 0x559b6b5d64b5 <unknown>\n#13 0x559b6b5ed7d6 <unknown>\n#14 0x559b6b5b9dbf <unknown>\n#15 0x559b6b610748 <unknown>\n#16 0x559b6b610917 <unknown>\n#17 0x559b6b621773 <unknown>\n#18 0x7fc869694ac3 <unknown>","time":{"start":1700788616637,"stop":1700788621124,"duration":4487}},{"uid":"4bc6447dbdc1fe5","reportUrl":"https://robbrad.github.io/UKBinCollectionData/3.10/1145//#testresult/4bc6447dbdc1fe5","status":"failed","statusDetails":"selenium.common.exceptions.NoSuchElementException: Message: no such element: Unable to locate element: {\"method\":\"css selector\",\"selector\":\"[id=\"ccc-notify-accept\"]\"}\n  (Session info: headless chrome=119.0.6045.159); For documentation on this error, please visit: https://www.selenium.dev/documentation/webdriver/troubleshooting/errors#no-such-element-exception\nStacktrace:\n#0 0x55b3841dd5e3 <unknown>\n#1 0x55b383ea00b7 <unknown>\n#2 0x55b383eedf53 <unknown>\n#3 0x55b383eee051 <unknown>\n#4 0x55b383f339c4 <unknown>\n#5 0x55b383f14f1d <unknown>\n#6 0x55b383f30b3d <unknown>\n#7 0x55b383f14cc3 <unknown>\n#8 0x55b383ee00e4 <unknown>\n#9 0x55b383ee10ae <unknown>\n#10 0x55b3841a3ce1 <unknown>\n#11 0x55b3841a7b7e <unknown>\n#12 0x55b3841914b5 <unknown>\n#13 0x55b3841a87d6 <unknown>\n#14 0x55b384174dbf <unknown>\n#15 0x55b3841cb748 <unknown>\n#16 0x55b3841cb917 <unknown>\n#17 0x55b3841dc773 <unknown>\n#18 0x7f62af494ac3 <unknown>","time":{"start":1700702320771,"stop":1700702325233,"duration":4462}},{"uid":"ceedc7c04c33d467","reportUrl":"https://robbrad.github.io/UKBinCollectionData/3.10/1143//#testresult/ceedc7c04c33d467","status":"failed","statusDetails":"selenium.common.exceptions.NoSuchElementException: Message: no such element: Unable to locate element: {\"method\":\"css selector\",\"selector\":\"[id=\"ccc-notify-accept\"]\"}\n  (Session info: headless chrome=119.0.6045.159); For documentation on this error, please visit: https://www.selenium.dev/documentation/webdriver/troubleshooting/errors#no-such-element-exception\nStacktrace:\n#0 0x56227a2545e3 <unknown>\n#1 0x562279f170b7 <unknown>\n#2 0x562279f64f53 <unknown>\n#3 0x562279f65051 <unknown>\n#4 0x562279faa9c4 <unknown>\n#5 0x562279f8bf1d <unknown>\n#6 0x562279fa7b3d <unknown>\n#7 0x562279f8bcc3 <unknown>\n#8 0x562279f570e4 <unknown>\n#9 0x562279f580ae <unknown>\n#10 0x56227a21ace1 <unknown>\n#11 0x56227a21eb7e <unknown>\n#12 0x56227a2084b5 <unknown>\n#13 0x56227a21f7d6 <unknown>\n#14 0x56227a1ebdbf <unknown>\n#15 0x56227a242748 <unknown>\n#16 0x56227a242917 <unknown>\n#17 0x56227a253773 <unknown>\n#18 0x7f8b17e94ac3 <unknown>","time":{"start":1700646386879,"stop":1700646390549,"duration":3670}}]},"tags":[]},"source":"9d921a5051d1e0dc.json","parameterValues":["NorthumberlandCouncil","local","http://selenium:4444"]}