{"uid":"f3c17e3c1e4d814f","name":"Validate Council Output [NeathPortTalbotCouncil]","fullName":"features/validate_council_outputs.feature:Validate Council Output","historyId":"6a7795e00df27bb2a2723cbd96dd78a1","time":{"start":1725409095385,"stop":1725409160982,"duration":65597},"status":"failed","statusMessage":"selenium.common.exceptions.NoSuchElementException: Message: no such element: Unable to locate element: {\"method\":\"css selector\",\"selector\":\"[id=\"ContentPlaceHolderDefault_ctl13_nptLLPG2_25_addresslookup_txtTmpPostcode\"]\"}\n  (Session info: chrome=128.0.6613.113); For documentation on this error, please visit: https://www.selenium.dev/documentation/webdriver/troubleshooting/errors#no-such-element-exception\nStacktrace:\n#0 0x559f8aea58da <unknown>\n#1 0x559f8ab73e50 <unknown>\n#2 0x559f8abc3644 <unknown>\n#3 0x559f8abc3931 <unknown>\n#4 0x559f8ac09534 <unknown>\n#5 0x559f8abe84bd <unknown>\n#6 0x559f8ac069c6 <unknown>\n#7 0x559f8abe8233 <unknown>\n#8 0x559f8abb6093 <unknown>\n#9 0x559f8abb709e <unknown>\n#10 0x559f8ae6cb3b <unknown>\n#11 0x559f8ae70af1 <unknown>\n#12 0x559f8ae58705 <unknown>\n#13 0x559f8ae71662 <unknown>\n#14 0x559f8ae3d8df <unknown>\n#15 0x559f8ae946d8 <unknown>\n#16 0x559f8ae948a2 <unknown>\n#17 0x559f8aea46cc <unknown>\n#18 0x7f599319ba94 <unknown>\n#19 0x7f5993228a34 __clone","statusTrace":"fixturefunc = <function scrape_step at 0x7f61dee77600>\nrequest = <FixtureRequest for <Function test_scenario_outline[NeathPortTalbotCouncil]>>\nkwargs = {'context': <test_validate_council.Context object at 0x7f61f037a9f0>, 'headless_mode': 'True', 'local_browser': 'False', 'selenium_url': 'http://localhost:4444'}\n\n    def call_fixture_func(\n        fixturefunc: _FixtureFunc[FixtureValue], request: FixtureRequest, kwargs\n    ) -> FixtureValue:\n        if is_generator(fixturefunc):\n            fixturefunc = cast(\n                Callable[..., Generator[FixtureValue, None, None]], fixturefunc\n            )\n            generator = fixturefunc(**kwargs)\n            try:\n                fixture_result = next(generator)\n            except StopIteration:\n                raise ValueError(f\"{request.fixturename} did not yield a value\") from None\n            finalizer = functools.partial(_teardown_yield_fixture, fixturefunc, generator)\n            request.addfinalizer(finalizer)\n        else:\n            fixturefunc = cast(Callable[..., FixtureValue], fixturefunc)\n>           fixture_result = fixturefunc(**kwargs)\n\n../../../.cache/pypoetry/virtualenvs/uk-bin-collection-EwS6Gn8s-py3.12/lib/python3.12/site-packages/_pytest/fixtures.py:897: \n_ _ _ _ _ _ _ _ _ _ _ _ _ _ _ _ _ _ _ _ _ _ _ _ _ _ _ _ _ _ _ _ _ _ _ _ _ _ _ _ \nuk_bin_collection/tests/step_defs/test_validate_council.py:100: in scrape_step\n    context.parse_result = CollectData.run()\nuk_bin_collection/uk_bin_collection/collect_data.py:101: in run\n    return self.client_code(\nuk_bin_collection/uk_bin_collection/collect_data.py:121: in client_code\n    return get_bin_data_class.template_method(address_url, **kwargs)\nuk_bin_collection/uk_bin_collection/get_bin_data.py:61: in template_method\n    bin_data_dict = self.get_and_parse_data(this_url, **kwargs)\nuk_bin_collection/uk_bin_collection/get_bin_data.py:84: in get_and_parse_data\n    bin_data_dict = self.parse_data(\"\", url=address_url, **kwargs)\nuk_bin_collection/uk_bin_collection/councils/NeathPortTalbotCouncil.py:43: in parse_data\n    inputElement_postcode = driver.find_element(\n../../../.cache/pypoetry/virtualenvs/uk-bin-collection-EwS6Gn8s-py3.12/lib/python3.12/site-packages/selenium/webdriver/remote/webdriver.py:748: in find_element\n    return self.execute(Command.FIND_ELEMENT, {\"using\": by, \"value\": value})[\"value\"]\n../../../.cache/pypoetry/virtualenvs/uk-bin-collection-EwS6Gn8s-py3.12/lib/python3.12/site-packages/selenium/webdriver/remote/webdriver.py:354: in execute\n    self.error_handler.check_response(response)\n_ _ _ _ _ _ _ _ _ _ _ _ _ _ _ _ _ _ _ _ _ _ _ _ _ _ _ _ _ _ _ _ _ _ _ _ _ _ _ _ \n\nself = <selenium.webdriver.remote.errorhandler.ErrorHandler object at 0x7f61f0e72630>\nresponse = {'status': 404, 'value': '{\"value\":{\"error\":\"no such element\",\"message\":\"no such element: Unable to locate element: {\\...unknown>\\\\n#17 0x559f8aea46cc \\\\u003Cunknown>\\\\n#18 0x7f599319ba94 \\\\u003Cunknown>\\\\n#19 0x7f5993228a34 __clone\\\\n\"}}'}\n\n    def check_response(self, response: Dict[str, Any]) -> None:\n        \"\"\"Checks that a JSON response from the WebDriver does not have an\n        error.\n    \n        :Args:\n         - response - The JSON response from the WebDriver server as a dictionary\n           object.\n    \n        :Raises: If the response contains an error message.\n        \"\"\"\n        status = response.get(\"status\", None)\n        if not status or status == ErrorCode.SUCCESS:\n            return\n        value = None\n        message = response.get(\"message\", \"\")\n        screen: str = response.get(\"screen\", \"\")\n        stacktrace = None\n        if isinstance(status, int):\n            value_json = response.get(\"value\", None)\n            if value_json and isinstance(value_json, str):\n                import json\n    \n                try:\n                    value = json.loads(value_json)\n                    if len(value) == 1:\n                        value = value[\"value\"]\n                    status = value.get(\"error\", None)\n                    if not status:\n                        status = value.get(\"status\", ErrorCode.UNKNOWN_ERROR)\n                        message = value.get(\"value\") or value.get(\"message\")\n                        if not isinstance(message, str):\n                            value = message\n                            message = message.get(\"message\")\n                    else:\n                        message = value.get(\"message\", None)\n                except ValueError:\n                    pass\n    \n        exception_class: Type[WebDriverException]\n        e = ErrorCode()\n        error_codes = [item for item in dir(e) if not item.startswith(\"__\")]\n        for error_code in error_codes:\n            error_info = getattr(ErrorCode, error_code)\n            if isinstance(error_info, list) and status in error_info:\n                exception_class = getattr(ExceptionMapping, error_code, WebDriverException)\n                break\n        else:\n            exception_class = WebDriverException\n    \n        if not value:\n            value = response[\"value\"]\n        if isinstance(value, str):\n            raise exception_class(value)\n        if message == \"\" and \"message\" in value:\n            message = value[\"message\"]\n    \n        screen = None  # type: ignore[assignment]\n        if \"screen\" in value:\n            screen = value[\"screen\"]\n    \n        stacktrace = None\n        st_value = value.get(\"stackTrace\") or value.get(\"stacktrace\")\n        if st_value:\n            if isinstance(st_value, str):\n                stacktrace = st_value.split(\"\\n\")\n            else:\n                stacktrace = []\n                try:\n                    for frame in st_value:\n                        line = frame.get(\"lineNumber\", \"\")\n                        file = frame.get(\"fileName\", \"<anonymous>\")\n                        if line:\n                            file = f\"{file}:{line}\"\n                        meth = frame.get(\"methodName\", \"<anonymous>\")\n                        if \"className\" in frame:\n                            meth = f\"{frame['className']}.{meth}\"\n                        msg = \"    at %s (%s)\"\n                        msg = msg % (meth, file)\n                        stacktrace.append(msg)\n                except TypeError:\n                    pass\n        if exception_class == UnexpectedAlertPresentException:\n            alert_text = None\n            if \"data\" in value:\n                alert_text = value[\"data\"].get(\"text\")\n            elif \"alert\" in value:\n                alert_text = value[\"alert\"].get(\"text\")\n            raise exception_class(message, screen, stacktrace, alert_text)  # type: ignore[call-arg]  # mypy is not smart enough here\n>       raise exception_class(message, screen, stacktrace)\nE       selenium.common.exceptions.NoSuchElementException: Message: no such element: Unable to locate element: {\"method\":\"css selector\",\"selector\":\"[id=\"ContentPlaceHolderDefault_ctl13_nptLLPG2_25_addresslookup_txtTmpPostcode\"]\"}\nE         (Session info: chrome=128.0.6613.113); For documentation on this error, please visit: https://www.selenium.dev/documentation/webdriver/troubleshooting/errors#no-such-element-exception\nE       Stacktrace:\nE       #0 0x559f8aea58da <unknown>\nE       #1 0x559f8ab73e50 <unknown>\nE       #2 0x559f8abc3644 <unknown>\nE       #3 0x559f8abc3931 <unknown>\nE       #4 0x559f8ac09534 <unknown>\nE       #5 0x559f8abe84bd <unknown>\nE       #6 0x559f8ac069c6 <unknown>\nE       #7 0x559f8abe8233 <unknown>\nE       #8 0x559f8abb6093 <unknown>\nE       #9 0x559f8abb709e <unknown>\nE       #10 0x559f8ae6cb3b <unknown>\nE       #11 0x559f8ae70af1 <unknown>\nE       #12 0x559f8ae58705 <unknown>\nE       #13 0x559f8ae71662 <unknown>\nE       #14 0x559f8ae3d8df <unknown>\nE       #15 0x559f8ae946d8 <unknown>\nE       #16 0x559f8ae948a2 <unknown>\nE       #17 0x559f8aea46cc <unknown>\nE       #18 0x7f599319ba94 <unknown>\nE       #19 0x7f5993228a34 __clone\n\n../../../.cache/pypoetry/virtualenvs/uk-bin-collection-EwS6Gn8s-py3.12/lib/python3.12/site-packages/selenium/webdriver/remote/errorhandler.py:229: NoSuchElementException","flaky":false,"newFailed":false,"newBroken":false,"newPassed":false,"retriesCount":0,"retriesStatusChange":false,"beforeStages":[],"testStage":{"status":"failed","statusMessage":"selenium.common.exceptions.NoSuchElementException: Message: no such element: Unable to locate element: {\"method\":\"css selector\",\"selector\":\"[id=\"ContentPlaceHolderDefault_ctl13_nptLLPG2_25_addresslookup_txtTmpPostcode\"]\"}\n  (Session info: chrome=128.0.6613.113); For documentation on this error, please visit: https://www.selenium.dev/documentation/webdriver/troubleshooting/errors#no-such-element-exception\nStacktrace:\n#0 0x559f8aea58da <unknown>\n#1 0x559f8ab73e50 <unknown>\n#2 0x559f8abc3644 <unknown>\n#3 0x559f8abc3931 <unknown>\n#4 0x559f8ac09534 <unknown>\n#5 0x559f8abe84bd <unknown>\n#6 0x559f8ac069c6 <unknown>\n#7 0x559f8abe8233 <unknown>\n#8 0x559f8abb6093 <unknown>\n#9 0x559f8abb709e <unknown>\n#10 0x559f8ae6cb3b <unknown>\n#11 0x559f8ae70af1 <unknown>\n#12 0x559f8ae58705 <unknown>\n#13 0x559f8ae71662 <unknown>\n#14 0x559f8ae3d8df <unknown>\n#15 0x559f8ae946d8 <unknown>\n#16 0x559f8ae948a2 <unknown>\n#17 0x559f8aea46cc <unknown>\n#18 0x7f599319ba94 <unknown>\n#19 0x7f5993228a34 __clone","statusTrace":"fixturefunc = <function scrape_step at 0x7f61dee77600>\nrequest = <FixtureRequest for <Function test_scenario_outline[NeathPortTalbotCouncil]>>\nkwargs = {'context': <test_validate_council.Context object at 0x7f61f037a9f0>, 'headless_mode': 'True', 'local_browser': 'False', 'selenium_url': 'http://localhost:4444'}\n\n    def call_fixture_func(\n        fixturefunc: _FixtureFunc[FixtureValue], request: FixtureRequest, kwargs\n    ) -> FixtureValue:\n        if is_generator(fixturefunc):\n            fixturefunc = cast(\n                Callable[..., Generator[FixtureValue, None, None]], fixturefunc\n            )\n            generator = fixturefunc(**kwargs)\n            try:\n                fixture_result = next(generator)\n            except StopIteration:\n                raise ValueError(f\"{request.fixturename} did not yield a value\") from None\n            finalizer = functools.partial(_teardown_yield_fixture, fixturefunc, generator)\n            request.addfinalizer(finalizer)\n        else:\n            fixturefunc = cast(Callable[..., FixtureValue], fixturefunc)\n>           fixture_result = fixturefunc(**kwargs)\n\n../../../.cache/pypoetry/virtualenvs/uk-bin-collection-EwS6Gn8s-py3.12/lib/python3.12/site-packages/_pytest/fixtures.py:897: \n_ _ _ _ _ _ _ _ _ _ _ _ _ _ _ _ _ _ _ _ _ _ _ _ _ _ _ _ _ _ _ _ _ _ _ _ _ _ _ _ \nuk_bin_collection/tests/step_defs/test_validate_council.py:100: in scrape_step\n    context.parse_result = CollectData.run()\nuk_bin_collection/uk_bin_collection/collect_data.py:101: in run\n    return self.client_code(\nuk_bin_collection/uk_bin_collection/collect_data.py:121: in client_code\n    return get_bin_data_class.template_method(address_url, **kwargs)\nuk_bin_collection/uk_bin_collection/get_bin_data.py:61: in template_method\n    bin_data_dict = self.get_and_parse_data(this_url, **kwargs)\nuk_bin_collection/uk_bin_collection/get_bin_data.py:84: in get_and_parse_data\n    bin_data_dict = self.parse_data(\"\", url=address_url, **kwargs)\nuk_bin_collection/uk_bin_collection/councils/NeathPortTalbotCouncil.py:43: in parse_data\n    inputElement_postcode = driver.find_element(\n../../../.cache/pypoetry/virtualenvs/uk-bin-collection-EwS6Gn8s-py3.12/lib/python3.12/site-packages/selenium/webdriver/remote/webdriver.py:748: in find_element\n    return self.execute(Command.FIND_ELEMENT, {\"using\": by, \"value\": value})[\"value\"]\n../../../.cache/pypoetry/virtualenvs/uk-bin-collection-EwS6Gn8s-py3.12/lib/python3.12/site-packages/selenium/webdriver/remote/webdriver.py:354: in execute\n    self.error_handler.check_response(response)\n_ _ _ _ _ _ _ _ _ _ _ _ _ _ _ _ _ _ _ _ _ _ _ _ _ _ _ _ _ _ _ _ _ _ _ _ _ _ _ _ \n\nself = <selenium.webdriver.remote.errorhandler.ErrorHandler object at 0x7f61f0e72630>\nresponse = {'status': 404, 'value': '{\"value\":{\"error\":\"no such element\",\"message\":\"no such element: Unable to locate element: {\\...unknown>\\\\n#17 0x559f8aea46cc \\\\u003Cunknown>\\\\n#18 0x7f599319ba94 \\\\u003Cunknown>\\\\n#19 0x7f5993228a34 __clone\\\\n\"}}'}\n\n    def check_response(self, response: Dict[str, Any]) -> None:\n        \"\"\"Checks that a JSON response from the WebDriver does not have an\n        error.\n    \n        :Args:\n         - response - The JSON response from the WebDriver server as a dictionary\n           object.\n    \n        :Raises: If the response contains an error message.\n        \"\"\"\n        status = response.get(\"status\", None)\n        if not status or status == ErrorCode.SUCCESS:\n            return\n        value = None\n        message = response.get(\"message\", \"\")\n        screen: str = response.get(\"screen\", \"\")\n        stacktrace = None\n        if isinstance(status, int):\n            value_json = response.get(\"value\", None)\n            if value_json and isinstance(value_json, str):\n                import json\n    \n                try:\n                    value = json.loads(value_json)\n                    if len(value) == 1:\n                        value = value[\"value\"]\n                    status = value.get(\"error\", None)\n                    if not status:\n                        status = value.get(\"status\", ErrorCode.UNKNOWN_ERROR)\n                        message = value.get(\"value\") or value.get(\"message\")\n                        if not isinstance(message, str):\n                            value = message\n                            message = message.get(\"message\")\n                    else:\n                        message = value.get(\"message\", None)\n                except ValueError:\n                    pass\n    \n        exception_class: Type[WebDriverException]\n        e = ErrorCode()\n        error_codes = [item for item in dir(e) if not item.startswith(\"__\")]\n        for error_code in error_codes:\n            error_info = getattr(ErrorCode, error_code)\n            if isinstance(error_info, list) and status in error_info:\n                exception_class = getattr(ExceptionMapping, error_code, WebDriverException)\n                break\n        else:\n            exception_class = WebDriverException\n    \n        if not value:\n            value = response[\"value\"]\n        if isinstance(value, str):\n            raise exception_class(value)\n        if message == \"\" and \"message\" in value:\n            message = value[\"message\"]\n    \n        screen = None  # type: ignore[assignment]\n        if \"screen\" in value:\n            screen = value[\"screen\"]\n    \n        stacktrace = None\n        st_value = value.get(\"stackTrace\") or value.get(\"stacktrace\")\n        if st_value:\n            if isinstance(st_value, str):\n                stacktrace = st_value.split(\"\\n\")\n            else:\n                stacktrace = []\n                try:\n                    for frame in st_value:\n                        line = frame.get(\"lineNumber\", \"\")\n                        file = frame.get(\"fileName\", \"<anonymous>\")\n                        if line:\n                            file = f\"{file}:{line}\"\n                        meth = frame.get(\"methodName\", \"<anonymous>\")\n                        if \"className\" in frame:\n                            meth = f\"{frame['className']}.{meth}\"\n                        msg = \"    at %s (%s)\"\n                        msg = msg % (meth, file)\n                        stacktrace.append(msg)\n                except TypeError:\n                    pass\n        if exception_class == UnexpectedAlertPresentException:\n            alert_text = None\n            if \"data\" in value:\n                alert_text = value[\"data\"].get(\"text\")\n            elif \"alert\" in value:\n                alert_text = value[\"alert\"].get(\"text\")\n            raise exception_class(message, screen, stacktrace, alert_text)  # type: ignore[call-arg]  # mypy is not smart enough here\n>       raise exception_class(message, screen, stacktrace)\nE       selenium.common.exceptions.NoSuchElementException: Message: no such element: Unable to locate element: {\"method\":\"css selector\",\"selector\":\"[id=\"ContentPlaceHolderDefault_ctl13_nptLLPG2_25_addresslookup_txtTmpPostcode\"]\"}\nE         (Session info: chrome=128.0.6613.113); For documentation on this error, please visit: https://www.selenium.dev/documentation/webdriver/troubleshooting/errors#no-such-element-exception\nE       Stacktrace:\nE       #0 0x559f8aea58da <unknown>\nE       #1 0x559f8ab73e50 <unknown>\nE       #2 0x559f8abc3644 <unknown>\nE       #3 0x559f8abc3931 <unknown>\nE       #4 0x559f8ac09534 <unknown>\nE       #5 0x559f8abe84bd <unknown>\nE       #6 0x559f8ac069c6 <unknown>\nE       #7 0x559f8abe8233 <unknown>\nE       #8 0x559f8abb6093 <unknown>\nE       #9 0x559f8abb709e <unknown>\nE       #10 0x559f8ae6cb3b <unknown>\nE       #11 0x559f8ae70af1 <unknown>\nE       #12 0x559f8ae58705 <unknown>\nE       #13 0x559f8ae71662 <unknown>\nE       #14 0x559f8ae3d8df <unknown>\nE       #15 0x559f8ae946d8 <unknown>\nE       #16 0x559f8ae948a2 <unknown>\nE       #17 0x559f8aea46cc <unknown>\nE       #18 0x7f599319ba94 <unknown>\nE       #19 0x7f5993228a34 __clone\n\n../../../.cache/pypoetry/virtualenvs/uk-bin-collection-EwS6Gn8s-py3.12/lib/python3.12/site-packages/selenium/webdriver/remote/errorhandler.py:229: NoSuchElementException","steps":[{"name":"Given the council","time":{"start":1725409095385,"stop":1725409095385,"duration":0},"status":"passed","steps":[],"attachments":[],"parameters":[],"shouldDisplayMessage":false,"stepsCount":0,"attachmentsCount":0,"hasContent":false,"attachmentStep":false},{"name":"When we scrape the data from the council","time":{"start":1725409095385,"stop":1725409160982,"duration":65597},"status":"failed","statusMessage":"Message: no such element: Unable to locate element: {\"method\":\"css selector\",\"selector\":\"[id=\"ContentPlaceHolderDefault_ctl13_nptLLPG2_25_addresslookup_txtTmpPostcode\"]\"}\n  (Session info: chrome=128.0.6613.113); For documentation on this error, please visit: https://www.selenium.dev/documentation/webdriver/troubleshooting/errors#no-such-element-exception\nStacktrace:\n#0 0x559f8aea58da <unknown>\n#1 0x559f8ab73e50 <unknown>\n#2 0x559f8abc3644 <unknown>\n#3 0x559f8abc3931 <unknown>\n#4 0x559f8ac09534 <unknown>\n#5 0x559f8abe84bd <unknown>\n#6 0x559f8ac069c6 <unknown>\n#7 0x559f8abe8233 <unknown>\n#8 0x559f8abb6093 <unknown>\n#9 0x559f8abb709e <unknown>\n#10 0x559f8ae6cb3b <unknown>\n#11 0x559f8ae70af1 <unknown>\n#12 0x559f8ae58705 <unknown>\n#13 0x559f8ae71662 <unknown>\n#14 0x559f8ae3d8df <unknown>\n#15 0x559f8ae946d8 <unknown>\n#16 0x559f8ae948a2 <unknown>\n#17 0x559f8aea46cc <unknown>\n#18 0x7f599319ba94 <unknown>\n#19 0x7f5993228a34 __clone\n","statusTrace":"selenium.common.exceptions.NoSuchElementException: Message: no such element: Unable to locate element: {\"method\":\"css selector\",\"selector\":\"[id=\"ContentPlaceHolderDefault_ctl13_nptLLPG2_25_addresslookup_txtTmpPostcode\"]\"}\n  (Session info: chrome=128.0.6613.113); For documentation on this error, please visit: https://www.selenium.dev/documentation/webdriver/troubleshooting/errors#no-such-element-exception\nStacktrace:\n#0 0x559f8aea58da <unknown>\n#1 0x559f8ab73e50 <unknown>\n#2 0x559f8abc3644 <unknown>\n#3 0x559f8abc3931 <unknown>\n#4 0x559f8ac09534 <unknown>\n#5 0x559f8abe84bd <unknown>\n#6 0x559f8ac069c6 <unknown>\n#7 0x559f8abe8233 <unknown>\n#8 0x559f8abb6093 <unknown>\n#9 0x559f8abb709e <unknown>\n#10 0x559f8ae6cb3b <unknown>\n#11 0x559f8ae70af1 <unknown>\n#12 0x559f8ae58705 <unknown>\n#13 0x559f8ae71662 <unknown>\n#14 0x559f8ae3d8df <unknown>\n#15 0x559f8ae946d8 <unknown>\n#16 0x559f8ae948a2 <unknown>\n#17 0x559f8aea46cc <unknown>\n#18 0x7f599319ba94 <unknown>\n#19 0x7f5993228a34 __clone\n\n","steps":[],"attachments":[],"parameters":[],"shouldDisplayMessage":true,"stepsCount":0,"attachmentsCount":0,"hasContent":true,"attachmentStep":false}],"attachments":[{"uid":"f7e05123d62298cb","name":"stdout","source":"f7e05123d62298cb.txt","type":"text/plain","size":1006}],"parameters":[],"shouldDisplayMessage":true,"stepsCount":2,"attachmentsCount":1,"hasContent":true,"attachmentStep":false},"afterStages":[],"labels":[{"name":"host","value":"fv-az1272-597"},{"name":"thread","value":"2834-MainThread"},{"name":"framework","value":"pytest-bdd"},{"name":"language","value":"cpython3"},{"name":"feature","value":"Test each council output matches expected results"},{"name":"resultFormat","value":"allure2"}],"parameters":[{"name":"council","value":"NeathPortTalbotCouncil"}],"links":[],"hidden":false,"retry":false,"extra":{"severity":"normal","retries":[],"categories":[{"name":"Product defects","matchedStatuses":[],"flaky":false}],"history":{"statistic":{"failed":126,"broken":0,"skipped":0,"passed":0,"unknown":0,"total":126},"items":[{"uid":"19659fd58b405643","reportUrl":"https://robbrad.github.io/UKBinCollectionData/3.12/2080//#testresult/19659fd58b405643","status":"failed","statusDetails":"selenium.common.exceptions.NoSuchElementException: Message: no such element: Unable to locate element: {\"method\":\"css selector\",\"selector\":\"[id=\"ContentPlaceHolderDefault_ctl13_nptLLPG2_25_addresslookup_txtTmpPostcode\"]\"}\n  (Session info: chrome=128.0.6613.113); For documentation on this error, please visit: https://www.selenium.dev/documentation/webdriver/troubleshooting/errors#no-such-element-exception\nStacktrace:\n#0 0x5588a8c9a8da <unknown>\n#1 0x5588a8968e50 <unknown>\n#2 0x5588a89b8644 <unknown>\n#3 0x5588a89b8931 <unknown>\n#4 0x5588a89fe534 <unknown>\n#5 0x5588a89dd4bd <unknown>\n#6 0x5588a89fb9c6 <unknown>\n#7 0x5588a89dd233 <unknown>\n#8 0x5588a89ab093 <unknown>\n#9 0x5588a89ac09e <unknown>\n#10 0x5588a8c61b3b <unknown>\n#11 0x5588a8c65af1 <unknown>\n#12 0x5588a8c4d705 <unknown>\n#13 0x5588a8c66662 <unknown>\n#14 0x5588a8c328df <unknown>\n#15 0x5588a8c896d8 <unknown>\n#16 0x5588a8c898a2 <unknown>\n#17 0x5588a8c996cc <unknown>\n#18 0x7fcf722f6a94 <unknown>\n#19 0x7fcf72383a34 __clone","time":{"start":1725404148049,"stop":1725404195320,"duration":47271}},{"uid":"45896ce1cec2621","reportUrl":"https://robbrad.github.io/UKBinCollectionData/3.12/2073//#testresult/45896ce1cec2621","status":"failed","statusDetails":"selenium.common.exceptions.NoSuchElementException: Message: no such element: Unable to locate element: {\"method\":\"css selector\",\"selector\":\"[id=\"ContentPlaceHolderDefault_ctl13_nptLLPG2_25_addresslookup_txtTmpPostcode\"]\"}\n  (Session info: chrome=128.0.6613.113); For documentation on this error, please visit: https://www.selenium.dev/documentation/webdriver/troubleshooting/errors#no-such-element-exception\nStacktrace:\n#0 0x55f4328ef8da <unknown>\n#1 0x55f4325bde50 <unknown>\n#2 0x55f43260d644 <unknown>\n#3 0x55f43260d931 <unknown>\n#4 0x55f432653534 <unknown>\n#5 0x55f4326324bd <unknown>\n#6 0x55f4326509c6 <unknown>\n#7 0x55f432632233 <unknown>\n#8 0x55f432600093 <unknown>\n#9 0x55f43260109e <unknown>\n#10 0x55f4328b6b3b <unknown>\n#11 0x55f4328baaf1 <unknown>\n#12 0x55f4328a2705 <unknown>\n#13 0x55f4328bb662 <unknown>\n#14 0x55f4328878df <unknown>\n#15 0x55f4328de6d8 <unknown>\n#16 0x55f4328de8a2 <unknown>\n#17 0x55f4328ee6cc <unknown>\n#18 0x7f129de83a94 <unknown>\n#19 0x7f129df10a34 __clone","time":{"start":1725385122299,"stop":1725385169281,"duration":46982}},{"uid":"e314e9dd4bc75e81","reportUrl":"https://robbrad.github.io/UKBinCollectionData/3.12/2070//#testresult/e314e9dd4bc75e81","status":"failed","statusDetails":"selenium.common.exceptions.NoSuchElementException: Message: no such element: Unable to locate element: {\"method\":\"css selector\",\"selector\":\"[id=\"ContentPlaceHolderDefault_ctl13_nptLLPG2_25_addresslookup_txtTmpPostcode\"]\"}\n  (Session info: chrome=128.0.6613.113); For documentation on this error, please visit: https://www.selenium.dev/documentation/webdriver/troubleshooting/errors#no-such-element-exception\nStacktrace:\n#0 0x55ce57c7f8da <unknown>\n#1 0x55ce5794de50 <unknown>\n#2 0x55ce5799d644 <unknown>\n#3 0x55ce5799d931 <unknown>\n#4 0x55ce579e3534 <unknown>\n#5 0x55ce579c24bd <unknown>\n#6 0x55ce579e09c6 <unknown>\n#7 0x55ce579c2233 <unknown>\n#8 0x55ce57990093 <unknown>\n#9 0x55ce5799109e <unknown>\n#10 0x55ce57c46b3b <unknown>\n#11 0x55ce57c4aaf1 <unknown>\n#12 0x55ce57c32705 <unknown>\n#13 0x55ce57c4b662 <unknown>\n#14 0x55ce57c178df <unknown>\n#15 0x55ce57c6e6d8 <unknown>\n#16 0x55ce57c6e8a2 <unknown>\n#17 0x55ce57c7e6cc <unknown>\n#18 0x7fc3fae7ba94 <unknown>\n#19 0x7fc3faf08a34 __clone","time":{"start":1725347266979,"stop":1725347317075,"duration":50096}},{"uid":"7e352da02b9c5d1b","reportUrl":"https://robbrad.github.io/UKBinCollectionData/3.12/2069//#testresult/7e352da02b9c5d1b","status":"failed","statusDetails":"selenium.common.exceptions.NoSuchElementException: Message: no such element: Unable to locate element: {\"method\":\"css selector\",\"selector\":\"[id=\"ContentPlaceHolderDefault_ctl13_nptLLPG2_25_addresslookup_txtTmpPostcode\"]\"}\n  (Session info: chrome=128.0.6613.113); For documentation on this error, please visit: https://www.selenium.dev/documentation/webdriver/troubleshooting/errors#no-such-element-exception\nStacktrace:\n#0 0x563afafe48da <unknown>\n#1 0x563afacb2e50 <unknown>\n#2 0x563afad02644 <unknown>\n#3 0x563afad02931 <unknown>\n#4 0x563afad48534 <unknown>\n#5 0x563afad274bd <unknown>\n#6 0x563afad459c6 <unknown>\n#7 0x563afad27233 <unknown>\n#8 0x563afacf5093 <unknown>\n#9 0x563afacf609e <unknown>\n#10 0x563afafabb3b <unknown>\n#11 0x563afafafaf1 <unknown>\n#12 0x563afaf97705 <unknown>\n#13 0x563afafb0662 <unknown>\n#14 0x563afaf7c8df <unknown>\n#15 0x563afafd36d8 <unknown>\n#16 0x563afafd38a2 <unknown>\n#17 0x563afafe36cc <unknown>\n#18 0x7fdaa6ccfa94 <unknown>\n#19 0x7fdaa6d5ca34 __clone","time":{"start":1725322578228,"stop":1725322611944,"duration":33716}},{"uid":"d3a45e10361dd17b","reportUrl":"https://robbrad.github.io/UKBinCollectionData/3.12/2068//#testresult/d3a45e10361dd17b","status":"failed","statusDetails":"selenium.common.exceptions.NoSuchElementException: Message: no such element: Unable to locate element: {\"method\":\"css selector\",\"selector\":\"[id=\"ContentPlaceHolderDefault_ctl13_nptLLPG2_25_addresslookup_txtTmpPostcode\"]\"}\n  (Session info: chrome=128.0.6613.113); For documentation on this error, please visit: https://www.selenium.dev/documentation/webdriver/troubleshooting/errors#no-such-element-exception\nStacktrace:\n#0 0x55ef2661b8da <unknown>\n#1 0x55ef262e9e50 <unknown>\n#2 0x55ef26339644 <unknown>\n#3 0x55ef26339931 <unknown>\n#4 0x55ef2637f534 <unknown>\n#5 0x55ef2635e4bd <unknown>\n#6 0x55ef2637c9c6 <unknown>\n#7 0x55ef2635e233 <unknown>\n#8 0x55ef2632c093 <unknown>\n#9 0x55ef2632d09e <unknown>\n#10 0x55ef265e2b3b <unknown>\n#11 0x55ef265e6af1 <unknown>\n#12 0x55ef265ce705 <unknown>\n#13 0x55ef265e7662 <unknown>\n#14 0x55ef265b38df <unknown>\n#15 0x55ef2660a6d8 <unknown>\n#16 0x55ef2660a8a2 <unknown>\n#17 0x55ef2661a6cc <unknown>\n#18 0x7f6b926cfa94 <unknown>\n#19 0x7f6b9275ca34 __clone","time":{"start":1725316510730,"stop":1725316531365,"duration":20635}},{"uid":"e508a894d67a0769","reportUrl":"https://robbrad.github.io/UKBinCollectionData/3.12/2066//#testresult/e508a894d67a0769","status":"failed","statusDetails":"selenium.common.exceptions.NoSuchElementException: Message: no such element: Unable to locate element: {\"method\":\"css selector\",\"selector\":\"[id=\"ContentPlaceHolderDefault_ctl13_nptLLPG2_25_addresslookup_txtTmpPostcode\"]\"}\n  (Session info: chrome=128.0.6613.113); For documentation on this error, please visit: https://www.selenium.dev/documentation/webdriver/troubleshooting/errors#no-such-element-exception\nStacktrace:\n#0 0x55ac9344e8da <unknown>\n#1 0x55ac9311ce50 <unknown>\n#2 0x55ac9316c644 <unknown>\n#3 0x55ac9316c931 <unknown>\n#4 0x55ac931b2534 <unknown>\n#5 0x55ac931914bd <unknown>\n#6 0x55ac931af9c6 <unknown>\n#7 0x55ac93191233 <unknown>\n#8 0x55ac9315f093 <unknown>\n#9 0x55ac9316009e <unknown>\n#10 0x55ac93415b3b <unknown>\n#11 0x55ac93419af1 <unknown>\n#12 0x55ac93401705 <unknown>\n#13 0x55ac9341a662 <unknown>\n#14 0x55ac933e68df <unknown>\n#15 0x55ac9343d6d8 <unknown>\n#16 0x55ac9343d8a2 <unknown>\n#17 0x55ac9344d6cc <unknown>\n#18 0x7f37ca60da94 <unknown>\n#19 0x7f37ca69aa34 __clone","time":{"start":1725313249706,"stop":1725313300400,"duration":50694}},{"uid":"3e2c0665efdb6e3f","reportUrl":"https://robbrad.github.io/UKBinCollectionData/3.12/2064//#testresult/3e2c0665efdb6e3f","status":"failed","statusDetails":"selenium.common.exceptions.ElementNotInteractableException: Message: element not interactable\n  (Session info: chrome=128.0.6613.113)\nStacktrace:\n#0 0x5600927018da <unknown>\n#1 0x5600923cfc91 <unknown>\n#2 0x56009242092f <unknown>\n#3 0x5600924144d6 <unknown>\n#4 0x560092444492 <unknown>\n#5 0x560092413e89 <unknown>\n#6 0x56009244465e <unknown>\n#7 0x5600924629c6 <unknown>\n#8 0x560092444233 <unknown>\n#9 0x560092412093 <unknown>\n#10 0x56009241309e <unknown>\n#11 0x5600926c8b3b <unknown>\n#12 0x5600926ccaf1 <unknown>\n#13 0x5600926b4705 <unknown>\n#14 0x5600926cd662 <unknown>\n#15 0x5600926998df <unknown>\n#16 0x5600926f06d8 <unknown>\n#17 0x5600926f08a2 <unknown>\n#18 0x5600927006cc <unknown>\n#19 0x7f959d85da94 <unknown>\n#20 0x7f959d8eaa34 __clone","time":{"start":1725311073628,"stop":1725311121694,"duration":48066}},{"uid":"b4a2f4801ddfcb23","reportUrl":"https://robbrad.github.io/UKBinCollectionData/3.12/2060//#testresult/b4a2f4801ddfcb23","status":"failed","statusDetails":"selenium.common.exceptions.ElementNotInteractableException: Message: element not interactable\n  (Session info: chrome=128.0.6613.113)\nStacktrace:\n#0 0x55599779b8da <unknown>\n#1 0x555997469c91 <unknown>\n#2 0x5559974ba92f <unknown>\n#3 0x5559974ae4d6 <unknown>\n#4 0x5559974de492 <unknown>\n#5 0x5559974ade89 <unknown>\n#6 0x5559974de65e <unknown>\n#7 0x5559974fc9c6 <unknown>\n#8 0x5559974de233 <unknown>\n#9 0x5559974ac093 <unknown>\n#10 0x5559974ad09e <unknown>\n#11 0x555997762b3b <unknown>\n#12 0x555997766af1 <unknown>\n#13 0x55599774e705 <unknown>\n#14 0x555997767662 <unknown>\n#15 0x5559977338df <unknown>\n#16 0x55599778a6d8 <unknown>\n#17 0x55599778a8a2 <unknown>\n#18 0x55599779a6cc <unknown>\n#19 0x7f8453708a94 <unknown>\n#20 0x7f8453795a34 __clone","time":{"start":1725308348979,"stop":1725308393850,"duration":44871}},{"uid":"3f2cdc804dfc04c2","reportUrl":"https://robbrad.github.io/UKBinCollectionData/3.12/2059//#testresult/3f2cdc804dfc04c2","status":"failed","statusDetails":"selenium.common.exceptions.NoSuchElementException: Message: no such element: Unable to locate element: {\"method\":\"css selector\",\"selector\":\"[id=\"ContentPlaceHolderDefault_ctl13_nptLLPG2_25_addresslookup_txtTmpPostcode\"]\"}\n  (Session info: chrome=128.0.6613.113); For documentation on this error, please visit: https://www.selenium.dev/documentation/webdriver/troubleshooting/errors#no-such-element-exception\nStacktrace:\n#0 0x55954cb7e8da <unknown>\n#1 0x55954c84ce50 <unknown>\n#2 0x55954c89c644 <unknown>\n#3 0x55954c89c931 <unknown>\n#4 0x55954c8e2534 <unknown>\n#5 0x55954c8c14bd <unknown>\n#6 0x55954c8df9c6 <unknown>\n#7 0x55954c8c1233 <unknown>\n#8 0x55954c88f093 <unknown>\n#9 0x55954c89009e <unknown>\n#10 0x55954cb45b3b <unknown>\n#11 0x55954cb49af1 <unknown>\n#12 0x55954cb31705 <unknown>\n#13 0x55954cb4a662 <unknown>\n#14 0x55954cb168df <unknown>\n#15 0x55954cb6d6d8 <unknown>\n#16 0x55954cb6d8a2 <unknown>\n#17 0x55954cb7d6cc <unknown>\n#18 0x7f508e376a94 <unknown>\n#19 0x7f508e403a34 __clone","time":{"start":1725308166626,"stop":1725308237414,"duration":70788}},{"uid":"cb566cdf7cc0dad3","reportUrl":"https://robbrad.github.io/UKBinCollectionData/3.12/2054//#testresult/cb566cdf7cc0dad3","status":"failed","statusDetails":"selenium.common.exceptions.NoSuchElementException: Message: no such element: Unable to locate element: {\"method\":\"css selector\",\"selector\":\"[id=\"ContentPlaceHolderDefault_ctl13_nptLLPG2_25_addresslookup_txtTmpPostcode\"]\"}\n  (Session info: chrome=128.0.6613.113); For documentation on this error, please visit: https://www.selenium.dev/documentation/webdriver/troubleshooting/errors#no-such-element-exception\nStacktrace:\n#0 0x55d1bccf98da <unknown>\n#1 0x55d1bc9c7e50 <unknown>\n#2 0x55d1bca17644 <unknown>\n#3 0x55d1bca17931 <unknown>\n#4 0x55d1bca5d534 <unknown>\n#5 0x55d1bca3c4bd <unknown>\n#6 0x55d1bca5a9c6 <unknown>\n#7 0x55d1bca3c233 <unknown>\n#8 0x55d1bca0a093 <unknown>\n#9 0x55d1bca0b09e <unknown>\n#10 0x55d1bccc0b3b <unknown>\n#11 0x55d1bccc4af1 <unknown>\n#12 0x55d1bccac705 <unknown>\n#13 0x55d1bccc5662 <unknown>\n#14 0x55d1bcc918df <unknown>\n#15 0x55d1bcce86d8 <unknown>\n#16 0x55d1bcce88a2 <unknown>\n#17 0x55d1bccf86cc <unknown>\n#18 0x7f8cb8deaa94 <unknown>\n#19 0x7f8cb8e77a34 __clone","time":{"start":1725236161785,"stop":1725236212584,"duration":50799}},{"uid":"b2446a26c7005502","reportUrl":"https://robbrad.github.io/UKBinCollectionData/3.12/2053//#testresult/b2446a26c7005502","status":"failed","statusDetails":"selenium.common.exceptions.NoSuchElementException: Message: no such element: Unable to locate element: {\"method\":\"css selector\",\"selector\":\"[id=\"ContentPlaceHolderDefault_ctl13_nptLLPG2_25_addresslookup_txtTmpPostcode\"]\"}\n  (Session info: chrome=128.0.6613.113); For documentation on this error, please visit: https://www.selenium.dev/documentation/webdriver/troubleshooting/errors#no-such-element-exception\nStacktrace:\n#0 0x55e6e28278da <unknown>\n#1 0x55e6e24f5e50 <unknown>\n#2 0x55e6e2545644 <unknown>\n#3 0x55e6e2545931 <unknown>\n#4 0x55e6e258b534 <unknown>\n#5 0x55e6e256a4bd <unknown>\n#6 0x55e6e25889c6 <unknown>\n#7 0x55e6e256a233 <unknown>\n#8 0x55e6e2538093 <unknown>\n#9 0x55e6e253909e <unknown>\n#10 0x55e6e27eeb3b <unknown>\n#11 0x55e6e27f2af1 <unknown>\n#12 0x55e6e27da705 <unknown>\n#13 0x55e6e27f3662 <unknown>\n#14 0x55e6e27bf8df <unknown>\n#15 0x55e6e28166d8 <unknown>\n#16 0x55e6e28168a2 <unknown>\n#17 0x55e6e28266cc <unknown>\n#18 0x7fec89a63a94 <unknown>\n#19 0x7fec89af0a34 __clone","time":{"start":1725149817967,"stop":1725149867867,"duration":49900}},{"uid":"bc0517f511cb467","reportUrl":"https://robbrad.github.io/UKBinCollectionData/3.12/2052//#testresult/bc0517f511cb467","status":"failed","statusDetails":"selenium.common.exceptions.NoSuchElementException: Message: no such element: Unable to locate element: {\"method\":\"css selector\",\"selector\":\"[id=\"ContentPlaceHolderDefault_ctl13_nptLLPG2_25_addresslookup_txtTmpPostcode\"]\"}\n  (Session info: chrome=128.0.6613.113); For documentation on this error, please visit: https://www.selenium.dev/documentation/webdriver/troubleshooting/errors#no-such-element-exception\nStacktrace:\n#0 0x564f685cf8da <unknown>\n#1 0x564f6829de50 <unknown>\n#2 0x564f682ed644 <unknown>\n#3 0x564f682ed931 <unknown>\n#4 0x564f68333534 <unknown>\n#5 0x564f683124bd <unknown>\n#6 0x564f683309c6 <unknown>\n#7 0x564f68312233 <unknown>\n#8 0x564f682e0093 <unknown>\n#9 0x564f682e109e <unknown>\n#10 0x564f68596b3b <unknown>\n#11 0x564f6859aaf1 <unknown>\n#12 0x564f68582705 <unknown>\n#13 0x564f6859b662 <unknown>\n#14 0x564f685678df <unknown>\n#15 0x564f685be6d8 <unknown>\n#16 0x564f685be8a2 <unknown>\n#17 0x564f685ce6cc <unknown>\n#18 0x7f4fb39b8a94 <unknown>\n#19 0x7f4fb3a45a34 __clone","time":{"start":1725063454174,"stop":1725063468999,"duration":14825}},{"uid":"762bf3625e1c6895","reportUrl":"https://robbrad.github.io/UKBinCollectionData/3.12/2051//#testresult/762bf3625e1c6895","status":"failed","statusDetails":"selenium.common.exceptions.NoSuchElementException: Message: no such element: Unable to locate element: {\"method\":\"css selector\",\"selector\":\"[id=\"ContentPlaceHolderDefault_ctl13_nptLLPG2_25_addresslookup_txtTmpPostcode\"]\"}\n  (Session info: chrome=128.0.6613.113); For documentation on this error, please visit: https://www.selenium.dev/documentation/webdriver/troubleshooting/errors#no-such-element-exception\nStacktrace:\n#0 0x5592743078da <unknown>\n#1 0x559273fd5e50 <unknown>\n#2 0x559274025644 <unknown>\n#3 0x559274025931 <unknown>\n#4 0x55927406b534 <unknown>\n#5 0x55927404a4bd <unknown>\n#6 0x5592740689c6 <unknown>\n#7 0x55927404a233 <unknown>\n#8 0x559274018093 <unknown>\n#9 0x55927401909e <unknown>\n#10 0x5592742ceb3b <unknown>\n#11 0x5592742d2af1 <unknown>\n#12 0x5592742ba705 <unknown>\n#13 0x5592742d3662 <unknown>\n#14 0x55927429f8df <unknown>\n#15 0x5592742f66d8 <unknown>\n#16 0x5592742f68a2 <unknown>\n#17 0x5592743066cc <unknown>\n#18 0x7fd50b181a94 <unknown>\n#19 0x7fd50b20ea34 __clone","time":{"start":1724976942158,"stop":1724976987494,"duration":45336}},{"uid":"e12fc5ba788101bc","reportUrl":"https://robbrad.github.io/UKBinCollectionData/3.12/2049//#testresult/e12fc5ba788101bc","status":"failed","statusDetails":"selenium.common.exceptions.NoSuchElementException: Message: no such element: Unable to locate element: {\"method\":\"css selector\",\"selector\":\"[id=\"ContentPlaceHolderDefault_ctl13_nptLLPG2_25_addresslookup_txtTmpPostcode\"]\"}\n  (Session info: chrome-headless-shell=127.0.6533.119); For documentation on this error, please visit: https://www.selenium.dev/documentation/webdriver/troubleshooting/errors#no-such-element-exception\nStacktrace:\n#0 0x55626bf886ca <unknown>\n#1 0x55626bc59600 <unknown>\n#2 0x55626bca8bcb <unknown>\n#3 0x55626bca8eb1 <unknown>\n#4 0x55626bcecb24 <unknown>\n#5 0x55626bccb8cd <unknown>\n#6 0x55626bcea04a <unknown>\n#7 0x55626bccb643 <unknown>\n#8 0x55626bc9bd31 <unknown>\n#9 0x55626bc9c79e <unknown>\n#10 0x55626bf5025b <unknown>\n#11 0x55626bf541f2 <unknown>\n#12 0x55626bf3d615 <unknown>\n#13 0x55626bf54d82 <unknown>\n#14 0x55626bf2225f <unknown>\n#15 0x55626bf77e68 <unknown>\n#16 0x55626bf78040 <unknown>\n#17 0x55626bf8749c <unknown>\n#18 0x7ffb555faa94 <unknown>\n#19 0x7ffb55687a34 __clone","time":{"start":1724890574020,"stop":1724890595513,"duration":21493}},{"uid":"90c47e40a037145b","reportUrl":"https://robbrad.github.io/UKBinCollectionData/3.12/2048//#testresult/90c47e40a037145b","status":"failed","statusDetails":"selenium.common.exceptions.NoSuchElementException: Message: no such element: Unable to locate element: {\"method\":\"css selector\",\"selector\":\"[id=\"ContentPlaceHolderDefault_ctl13_nptLLPG2_25_addresslookup_txtTmpPostcode\"]\"}\n  (Session info: chrome-headless-shell=127.0.6533.119); For documentation on this error, please visit: https://www.selenium.dev/documentation/webdriver/troubleshooting/errors#no-such-element-exception\nStacktrace:\n#0 0x562ef42436ca <unknown>\n#1 0x562ef3f14600 <unknown>\n#2 0x562ef3f63bcb <unknown>\n#3 0x562ef3f63eb1 <unknown>\n#4 0x562ef3fa7b24 <unknown>\n#5 0x562ef3f868cd <unknown>\n#6 0x562ef3fa504a <unknown>\n#7 0x562ef3f86643 <unknown>\n#8 0x562ef3f56d31 <unknown>\n#9 0x562ef3f5779e <unknown>\n#10 0x562ef420b25b <unknown>\n#11 0x562ef420f1f2 <unknown>\n#12 0x562ef41f8615 <unknown>\n#13 0x562ef420fd82 <unknown>\n#14 0x562ef41dd25f <unknown>\n#15 0x562ef4232e68 <unknown>\n#16 0x562ef4233040 <unknown>\n#17 0x562ef424249c <unknown>\n#18 0x7ff691cd6a94 <unknown>\n#19 0x7ff691d63a34 __clone","time":{"start":1724804067077,"stop":1724804140048,"duration":72971}},{"uid":"a4f97ebcbf4fd3ab","reportUrl":"https://robbrad.github.io/UKBinCollectionData/3.12/2043//#testresult/a4f97ebcbf4fd3ab","status":"failed","statusDetails":"selenium.common.exceptions.ElementClickInterceptedException: Message: element click intercepted: Element is not clickable at point (589, 618)\n  (Session info: chrome-headless-shell=127.0.6533.119)\nStacktrace:\n#0 0x55ca1157e6ca <unknown>\n#1 0x55ca1124f600 <unknown>\n#2 0x55ca112a58e6 <unknown>\n#3 0x55ca112a37f6 <unknown>\n#4 0x55ca112a1277 <unknown>\n#5 0x55ca112a011c <unknown>\n#6 0x55ca11293be6 <unknown>\n#7 0x55ca112c18a2 <unknown>\n#8 0x55ca11293599 <unknown>\n#9 0x55ca112c1a6e <unknown>\n#10 0x55ca112e004a <unknown>\n#11 0x55ca112c1643 <unknown>\n#12 0x55ca11291d31 <unknown>\n#13 0x55ca1129279e <unknown>\n#14 0x55ca1154625b <unknown>\n#15 0x55ca1154a1f2 <unknown>\n#16 0x55ca11533615 <unknown>\n#17 0x55ca1154ad82 <unknown>\n#18 0x55ca1151825f <unknown>\n#19 0x55ca1156de68 <unknown>\n#20 0x55ca1156e040 <unknown>\n#21 0x55ca1157d49c <unknown>\n#22 0x7f19d0e47a94 <unknown>\n#23 0x7f19d0ed4a34 __clone","time":{"start":1724717769664,"stop":1724717796016,"duration":26352}},{"uid":"d091fed2bbe4ae5","reportUrl":"https://robbrad.github.io/UKBinCollectionData/3.12/2039//#testresult/d091fed2bbe4ae5","status":"failed","statusDetails":"selenium.common.exceptions.NoSuchElementException: Message: no such element: Unable to locate element: {\"method\":\"css selector\",\"selector\":\"[id=\"ContentPlaceHolderDefault_ctl13_nptLLPG2_25_addresslookup_txtTmpPostcode\"]\"}\n  (Session info: chrome-headless-shell=127.0.6533.119); For documentation on this error, please visit: https://www.selenium.dev/documentation/webdriver/troubleshooting/errors#no-such-element-exception\nStacktrace:\n#0 0x555e481b96ca <unknown>\n#1 0x555e47e8a600 <unknown>\n#2 0x555e47ed9bcb <unknown>\n#3 0x555e47ed9eb1 <unknown>\n#4 0x555e47f1db24 <unknown>\n#5 0x555e47efc8cd <unknown>\n#6 0x555e47f1b04a <unknown>\n#7 0x555e47efc643 <unknown>\n#8 0x555e47eccd31 <unknown>\n#9 0x555e47ecd79e <unknown>\n#10 0x555e4818125b <unknown>\n#11 0x555e481851f2 <unknown>\n#12 0x555e4816e615 <unknown>\n#13 0x555e48185d82 <unknown>\n#14 0x555e4815325f <unknown>\n#15 0x555e481a8e68 <unknown>\n#16 0x555e481a9040 <unknown>\n#17 0x555e481b849c <unknown>\n#18 0x7f0ba2bf0a94 <unknown>\n#19 0x7f0ba2c7da34 __clone","time":{"start":1724631313454,"stop":1724631356206,"duration":42752}},{"uid":"911df8c035c1fce5","reportUrl":"https://robbrad.github.io/UKBinCollectionData/3.12/2038//#testresult/911df8c035c1fce5","status":"failed","statusDetails":"selenium.common.exceptions.NoSuchElementException: Message: no such element: Unable to locate element: {\"method\":\"css selector\",\"selector\":\"[id=\"ContentPlaceHolderDefault_ctl13_nptLLPG2_25_addresslookup_txtTmpPostcode\"]\"}\n  (Session info: chrome-headless-shell=127.0.6533.119); For documentation on this error, please visit: https://www.selenium.dev/documentation/webdriver/troubleshooting/errors#no-such-element-exception\nStacktrace:\n#0 0x557fe92006ca <unknown>\n#1 0x557fe8ed1600 <unknown>\n#2 0x557fe8f20bcb <unknown>\n#3 0x557fe8f20eb1 <unknown>\n#4 0x557fe8f64b24 <unknown>\n#5 0x557fe8f438cd <unknown>\n#6 0x557fe8f6204a <unknown>\n#7 0x557fe8f43643 <unknown>\n#8 0x557fe8f13d31 <unknown>\n#9 0x557fe8f1479e <unknown>\n#10 0x557fe91c825b <unknown>\n#11 0x557fe91cc1f2 <unknown>\n#12 0x557fe91b5615 <unknown>\n#13 0x557fe91ccd82 <unknown>\n#14 0x557fe919a25f <unknown>\n#15 0x557fe91efe68 <unknown>\n#16 0x557fe91f0040 <unknown>\n#17 0x557fe91ff49c <unknown>\n#18 0x7f64fb497a94 <unknown>\n#19 0x7f64fb524a34 __clone","time":{"start":1724544859328,"stop":1724544883764,"duration":24436}},{"uid":"1ea3148e554db85","reportUrl":"https://robbrad.github.io/UKBinCollectionData/3.12/2037//#testresult/1ea3148e554db85","status":"failed","statusDetails":"selenium.common.exceptions.NoSuchElementException: Message: no such element: Unable to locate element: {\"method\":\"css selector\",\"selector\":\"[id=\"ContentPlaceHolderDefault_ctl13_nptLLPG2_25_addresslookup_txtTmpPostcode\"]\"}\n  (Session info: chrome-headless-shell=127.0.6533.119); For documentation on this error, please visit: https://www.selenium.dev/documentation/webdriver/troubleshooting/errors#no-such-element-exception\nStacktrace:\n#0 0x56517fe696ca <unknown>\n#1 0x56517fb3a600 <unknown>\n#2 0x56517fb89bcb <unknown>\n#3 0x56517fb89eb1 <unknown>\n#4 0x56517fbcdb24 <unknown>\n#5 0x56517fbac8cd <unknown>\n#6 0x56517fbcb04a <unknown>\n#7 0x56517fbac643 <unknown>\n#8 0x56517fb7cd31 <unknown>\n#9 0x56517fb7d79e <unknown>\n#10 0x56517fe3125b <unknown>\n#11 0x56517fe351f2 <unknown>\n#12 0x56517fe1e615 <unknown>\n#13 0x56517fe35d82 <unknown>\n#14 0x56517fe0325f <unknown>\n#15 0x56517fe58e68 <unknown>\n#16 0x56517fe59040 <unknown>\n#17 0x56517fe6849c <unknown>\n#18 0x7f71f2a69a94 <unknown>\n#19 0x7f71f2af6a34 __clone","time":{"start":1724458493621,"stop":1724458539421,"duration":45800}},{"uid":"e57493cfee1bb655","reportUrl":"https://robbrad.github.io/UKBinCollectionData/3.12/2036//#testresult/e57493cfee1bb655","status":"failed","statusDetails":"selenium.common.exceptions.NoSuchElementException: Message: no such element: Unable to locate element: {\"method\":\"css selector\",\"selector\":\"[id=\"ContentPlaceHolderDefault_ctl13_nptLLPG2_25_addresslookup_txtTmpPostcode\"]\"}\n  (Session info: chrome-headless-shell=127.0.6533.119); For documentation on this error, please visit: https://www.selenium.dev/documentation/webdriver/troubleshooting/errors#no-such-element-exception\nStacktrace:\n#0 0x56163ed2c6ca <unknown>\n#1 0x56163e9fd600 <unknown>\n#2 0x56163ea4cbcb <unknown>\n#3 0x56163ea4ceb1 <unknown>\n#4 0x56163ea90b24 <unknown>\n#5 0x56163ea6f8cd <unknown>\n#6 0x56163ea8e04a <unknown>\n#7 0x56163ea6f643 <unknown>\n#8 0x56163ea3fd31 <unknown>\n#9 0x56163ea4079e <unknown>\n#10 0x56163ecf425b <unknown>\n#11 0x56163ecf81f2 <unknown>\n#12 0x56163ece1615 <unknown>\n#13 0x56163ecf8d82 <unknown>\n#14 0x56163ecc625f <unknown>\n#15 0x56163ed1be68 <unknown>\n#16 0x56163ed1c040 <unknown>\n#17 0x56163ed2b49c <unknown>\n#18 0x7fb9cd223a94 <unknown>\n#19 0x7fb9cd2b0a34 __clone","time":{"start":1724372063768,"stop":1724372113778,"duration":50010}}]},"tags":[]},"source":"f3c17e3c1e4d814f.json","parameterValues":["NeathPortTalbotCouncil"]}