{"uid":"fd9355e5302a5ec5","name":"Validate Council Output [GatesheadCouncil-http://selenium:4444-local]","fullName":"features/validate_council_outputs.feature:Validate Council Output","historyId":"06e54311f2a0be18545214e444671747","time":{"start":1712700465349,"stop":1712700499203,"duration":33854},"status":"failed","statusMessage":"selenium.common.exceptions.TimeoutException: Message: \nStacktrace:\n#0 0x561610352873 <unknown>\n#1 0x5616100488c6 <unknown>\n#2 0x561610093618 <unknown>\n#3 0x5616100936d1 <unknown>\n#4 0x5616100d6744 <unknown>\n#5 0x5616100b55cd <unknown>\n#6 0x5616100d3c19 <unknown>\n#7 0x5616100b5343 <unknown>\n#8 0x561610086593 <unknown>\n#9 0x561610086f5e <unknown>\n#10 0x56161031685b <unknown>\n#11 0x56161031a7b5 <unknown>\n#12 0x561610304581 <unknown>\n#13 0x56161031b342 <unknown>\n#14 0x5616102e988f <unknown>\n#15 0x561610341738 <unknown>\n#16 0x56161034190b <unknown>\n#17 0x5616103519c4 <unknown>\n#18 0x7f2033094ac3 <unknown>","statusTrace":"fixturefunc = <function scrape_step at 0x7fbad5ef28e0>\nrequest = <FixtureRequest for <Function test_scenario_outline[GatesheadCouncil-http://selenium:4444-local]>>\nkwargs = {'context': <test_validate_council.context.<locals>.Context object at 0x7fbad5105950>, 'council': 'GatesheadCouncil', 'selenium_mode': 'local', 'selenium_url': 'http://selenium:4444'}\n\n    def call_fixture_func(\n        fixturefunc: \"_FixtureFunc[FixtureValue]\", request: FixtureRequest, kwargs\n    ) -> FixtureValue:\n        if is_generator(fixturefunc):\n            fixturefunc = cast(\n                Callable[..., Generator[FixtureValue, None, None]], fixturefunc\n            )\n            generator = fixturefunc(**kwargs)\n            try:\n                fixture_result = next(generator)\n            except StopIteration:\n                raise ValueError(f\"{request.fixturename} did not yield a value\") from None\n            finalizer = functools.partial(_teardown_yield_fixture, fixturefunc, generator)\n            request.addfinalizer(finalizer)\n        else:\n            fixturefunc = cast(Callable[..., FixtureValue], fixturefunc)\n>           fixture_result = fixturefunc(**kwargs)\n\n../../../.cache/pypoetry/virtualenvs/uk-bin-collection-EwS6Gn8s-py3.11/lib/python3.11/site-packages/_pytest/fixtures.py:902: \n_ _ _ _ _ _ _ _ _ _ _ _ _ _ _ _ _ _ _ _ _ _ _ _ _ _ _ _ _ _ _ _ _ _ _ _ _ _ _ _ \nuk_bin_collection/tests/step_defs/test_validate_council.py:92: in scrape_step\n    context.parse_result = CollectData.run()\nuk_bin_collection/uk_bin_collection/collect_data.py:96: in run\n    return self.client_code(\nuk_bin_collection/uk_bin_collection/collect_data.py:115: in client_code\n    return get_bin_data_class.template_method(address_url, **kwargs)\nuk_bin_collection/uk_bin_collection/get_bin_data.py:78: in template_method\n    bin_data_dict = self.parse_data(\nuk_bin_collection/uk_bin_collection/councils/GatesheadCouncil.py:35: in parse_data\n    accept_button = WebDriverWait(driver, timeout=30).until(\n_ _ _ _ _ _ _ _ _ _ _ _ _ _ _ _ _ _ _ _ _ _ _ _ _ _ _ _ _ _ _ _ _ _ _ _ _ _ _ _ \n\nself = <selenium.webdriver.support.wait.WebDriverWait (session=\"56aa031eb1d61ca60042d00cb35a5f8b\")>\nmethod = <function element_to_be_clickable.<locals>._predicate at 0x7fbad5d676a0>\nmessage = ''\n\n    def until(self, method, message: str = \"\"):\n        \"\"\"Calls the method provided with the driver as an argument until the \\\n        return value does not evaluate to ``False``.\n    \n        :param method: callable(WebDriver)\n        :param message: optional message for :exc:`TimeoutException`\n        :returns: the result of the last call to `method`\n        :raises: :exc:`selenium.common.exceptions.TimeoutException` if timeout occurs\n        \"\"\"\n        screen = None\n        stacktrace = None\n    \n        end_time = time.monotonic() + self._timeout\n        while True:\n            try:\n                value = method(self._driver)\n                if value:\n                    return value\n            except self._ignored_exceptions as exc:\n                screen = getattr(exc, \"screen\", None)\n                stacktrace = getattr(exc, \"stacktrace\", None)\n            time.sleep(self._poll)\n            if time.monotonic() > end_time:\n                break\n>       raise TimeoutException(message, screen, stacktrace)\nE       selenium.common.exceptions.TimeoutException: Message: \nE       Stacktrace:\nE       #0 0x561610352873 <unknown>\nE       #1 0x5616100488c6 <unknown>\nE       #2 0x561610093618 <unknown>\nE       #3 0x5616100936d1 <unknown>\nE       #4 0x5616100d6744 <unknown>\nE       #5 0x5616100b55cd <unknown>\nE       #6 0x5616100d3c19 <unknown>\nE       #7 0x5616100b5343 <unknown>\nE       #8 0x561610086593 <unknown>\nE       #9 0x561610086f5e <unknown>\nE       #10 0x56161031685b <unknown>\nE       #11 0x56161031a7b5 <unknown>\nE       #12 0x561610304581 <unknown>\nE       #13 0x56161031b342 <unknown>\nE       #14 0x5616102e988f <unknown>\nE       #15 0x561610341738 <unknown>\nE       #16 0x56161034190b <unknown>\nE       #17 0x5616103519c4 <unknown>\nE       #18 0x7f2033094ac3 <unknown>\n\n../../../.cache/pypoetry/virtualenvs/uk-bin-collection-EwS6Gn8s-py3.11/lib/python3.11/site-packages/selenium/webdriver/support/wait.py:95: TimeoutException","flaky":false,"newFailed":false,"newBroken":false,"newPassed":false,"retriesCount":0,"retriesStatusChange":false,"beforeStages":[],"testStage":{"status":"failed","statusMessage":"selenium.common.exceptions.TimeoutException: Message: \nStacktrace:\n#0 0x561610352873 <unknown>\n#1 0x5616100488c6 <unknown>\n#2 0x561610093618 <unknown>\n#3 0x5616100936d1 <unknown>\n#4 0x5616100d6744 <unknown>\n#5 0x5616100b55cd <unknown>\n#6 0x5616100d3c19 <unknown>\n#7 0x5616100b5343 <unknown>\n#8 0x561610086593 <unknown>\n#9 0x561610086f5e <unknown>\n#10 0x56161031685b <unknown>\n#11 0x56161031a7b5 <unknown>\n#12 0x561610304581 <unknown>\n#13 0x56161031b342 <unknown>\n#14 0x5616102e988f <unknown>\n#15 0x561610341738 <unknown>\n#16 0x56161034190b <unknown>\n#17 0x5616103519c4 <unknown>\n#18 0x7f2033094ac3 <unknown>","statusTrace":"fixturefunc = <function scrape_step at 0x7fbad5ef28e0>\nrequest = <FixtureRequest for <Function test_scenario_outline[GatesheadCouncil-http://selenium:4444-local]>>\nkwargs = {'context': <test_validate_council.context.<locals>.Context object at 0x7fbad5105950>, 'council': 'GatesheadCouncil', 'selenium_mode': 'local', 'selenium_url': 'http://selenium:4444'}\n\n    def call_fixture_func(\n        fixturefunc: \"_FixtureFunc[FixtureValue]\", request: FixtureRequest, kwargs\n    ) -> FixtureValue:\n        if is_generator(fixturefunc):\n            fixturefunc = cast(\n                Callable[..., Generator[FixtureValue, None, None]], fixturefunc\n            )\n            generator = fixturefunc(**kwargs)\n            try:\n                fixture_result = next(generator)\n            except StopIteration:\n                raise ValueError(f\"{request.fixturename} did not yield a value\") from None\n            finalizer = functools.partial(_teardown_yield_fixture, fixturefunc, generator)\n            request.addfinalizer(finalizer)\n        else:\n            fixturefunc = cast(Callable[..., FixtureValue], fixturefunc)\n>           fixture_result = fixturefunc(**kwargs)\n\n../../../.cache/pypoetry/virtualenvs/uk-bin-collection-EwS6Gn8s-py3.11/lib/python3.11/site-packages/_pytest/fixtures.py:902: \n_ _ _ _ _ _ _ _ _ _ _ _ _ _ _ _ _ _ _ _ _ _ _ _ _ _ _ _ _ _ _ _ _ _ _ _ _ _ _ _ \nuk_bin_collection/tests/step_defs/test_validate_council.py:92: in scrape_step\n    context.parse_result = CollectData.run()\nuk_bin_collection/uk_bin_collection/collect_data.py:96: in run\n    return self.client_code(\nuk_bin_collection/uk_bin_collection/collect_data.py:115: in client_code\n    return get_bin_data_class.template_method(address_url, **kwargs)\nuk_bin_collection/uk_bin_collection/get_bin_data.py:78: in template_method\n    bin_data_dict = self.parse_data(\nuk_bin_collection/uk_bin_collection/councils/GatesheadCouncil.py:35: in parse_data\n    accept_button = WebDriverWait(driver, timeout=30).until(\n_ _ _ _ _ _ _ _ _ _ _ _ _ _ _ _ _ _ _ _ _ _ _ _ _ _ _ _ _ _ _ _ _ _ _ _ _ _ _ _ \n\nself = <selenium.webdriver.support.wait.WebDriverWait (session=\"56aa031eb1d61ca60042d00cb35a5f8b\")>\nmethod = <function element_to_be_clickable.<locals>._predicate at 0x7fbad5d676a0>\nmessage = ''\n\n    def until(self, method, message: str = \"\"):\n        \"\"\"Calls the method provided with the driver as an argument until the \\\n        return value does not evaluate to ``False``.\n    \n        :param method: callable(WebDriver)\n        :param message: optional message for :exc:`TimeoutException`\n        :returns: the result of the last call to `method`\n        :raises: :exc:`selenium.common.exceptions.TimeoutException` if timeout occurs\n        \"\"\"\n        screen = None\n        stacktrace = None\n    \n        end_time = time.monotonic() + self._timeout\n        while True:\n            try:\n                value = method(self._driver)\n                if value:\n                    return value\n            except self._ignored_exceptions as exc:\n                screen = getattr(exc, \"screen\", None)\n                stacktrace = getattr(exc, \"stacktrace\", None)\n            time.sleep(self._poll)\n            if time.monotonic() > end_time:\n                break\n>       raise TimeoutException(message, screen, stacktrace)\nE       selenium.common.exceptions.TimeoutException: Message: \nE       Stacktrace:\nE       #0 0x561610352873 <unknown>\nE       #1 0x5616100488c6 <unknown>\nE       #2 0x561610093618 <unknown>\nE       #3 0x5616100936d1 <unknown>\nE       #4 0x5616100d6744 <unknown>\nE       #5 0x5616100b55cd <unknown>\nE       #6 0x5616100d3c19 <unknown>\nE       #7 0x5616100b5343 <unknown>\nE       #8 0x561610086593 <unknown>\nE       #9 0x561610086f5e <unknown>\nE       #10 0x56161031685b <unknown>\nE       #11 0x56161031a7b5 <unknown>\nE       #12 0x561610304581 <unknown>\nE       #13 0x56161031b342 <unknown>\nE       #14 0x5616102e988f <unknown>\nE       #15 0x561610341738 <unknown>\nE       #16 0x56161034190b <unknown>\nE       #17 0x5616103519c4 <unknown>\nE       #18 0x7f2033094ac3 <unknown>\n\n../../../.cache/pypoetry/virtualenvs/uk-bin-collection-EwS6Gn8s-py3.11/lib/python3.11/site-packages/selenium/webdriver/support/wait.py:95: TimeoutException","steps":[{"name":"Given the council: GatesheadCouncil","time":{"start":1712700465349,"stop":1712700465349,"duration":0},"status":"passed","steps":[],"attachments":[],"parameters":[],"shouldDisplayMessage":false,"stepsCount":0,"attachmentsCount":0,"hasContent":false,"attachmentStep":false},{"name":"When we scrape the data from GatesheadCouncil using local and the http://selenium:4444 is set","time":{"start":1712700465349,"stop":1712700499203,"duration":33854},"status":"failed","statusMessage":"Message: \nStacktrace:\n#0 0x561610352873 <unknown>\n#1 0x5616100488c6 <unknown>\n#2 0x561610093618 <unknown>\n#3 0x5616100936d1 <unknown>\n#4 0x5616100d6744 <unknown>\n#5 0x5616100b55cd <unknown>\n#6 0x5616100d3c19 <unknown>\n#7 0x5616100b5343 <unknown>\n#8 0x561610086593 <unknown>\n#9 0x561610086f5e <unknown>\n#10 0x56161031685b <unknown>\n#11 0x56161031a7b5 <unknown>\n#12 0x561610304581 <unknown>\n#13 0x56161031b342 <unknown>\n#14 0x5616102e988f <unknown>\n#15 0x561610341738 <unknown>\n#16 0x56161034190b <unknown>\n#17 0x5616103519c4 <unknown>\n#18 0x7f2033094ac3 <unknown>\n","statusTrace":"selenium.common.exceptions.TimeoutException: Message: \nStacktrace:\n#0 0x561610352873 <unknown>\n#1 0x5616100488c6 <unknown>\n#2 0x561610093618 <unknown>\n#3 0x5616100936d1 <unknown>\n#4 0x5616100d6744 <unknown>\n#5 0x5616100b55cd <unknown>\n#6 0x5616100d3c19 <unknown>\n#7 0x5616100b5343 <unknown>\n#8 0x561610086593 <unknown>\n#9 0x561610086f5e <unknown>\n#10 0x56161031685b <unknown>\n#11 0x56161031a7b5 <unknown>\n#12 0x561610304581 <unknown>\n#13 0x56161031b342 <unknown>\n#14 0x5616102e988f <unknown>\n#15 0x561610341738 <unknown>\n#16 0x56161034190b <unknown>\n#17 0x5616103519c4 <unknown>\n#18 0x7f2033094ac3 <unknown>\n\n","steps":[],"attachments":[],"parameters":[],"shouldDisplayMessage":true,"stepsCount":0,"attachmentsCount":0,"hasContent":true,"attachmentStep":false}],"attachments":[],"parameters":[],"shouldDisplayMessage":true,"stepsCount":2,"attachmentsCount":0,"hasContent":true,"attachmentStep":false},"afterStages":[],"labels":[{"name":"host","value":"fv-az1490-898"},{"name":"thread","value":"2869-MainThread"},{"name":"framework","value":"pytest-bdd"},{"name":"language","value":"cpython3"},{"name":"feature","value":"Test each council output matches expected results"},{"name":"resultFormat","value":"allure2"}],"parameters":[{"name":"council","value":"GatesheadCouncil"},{"name":"selenium_mode","value":"local"},{"name":"selenium_url","value":"http://selenium:4444"}],"links":[],"hidden":false,"retry":false,"extra":{"severity":"normal","retries":[],"categories":[{"name":"Product defects","matchedStatuses":[],"flaky":false}],"history":{"statistic":{"failed":102,"broken":0,"skipped":0,"passed":145,"unknown":0,"total":247},"items":[{"uid":"f74e49760464ee1d","reportUrl":"https://robbrad.github.io/UKBinCollectionData/3.11/1668//#testresult/f74e49760464ee1d","status":"failed","statusDetails":"selenium.common.exceptions.TimeoutException: Message: \nStacktrace:\n#0 0x557ed00ea873 <unknown>\n#1 0x557ecfde08c6 <unknown>\n#2 0x557ecfe2b618 <unknown>\n#3 0x557ecfe2b6d1 <unknown>\n#4 0x557ecfe6e744 <unknown>\n#5 0x557ecfe4d5cd <unknown>\n#6 0x557ecfe6bc19 <unknown>\n#7 0x557ecfe4d343 <unknown>\n#8 0x557ecfe1e593 <unknown>\n#9 0x557ecfe1ef5e <unknown>\n#10 0x557ed00ae85b <unknown>\n#11 0x557ed00b27b5 <unknown>\n#12 0x557ed009c581 <unknown>\n#13 0x557ed00b3342 <unknown>\n#14 0x557ed008188f <unknown>\n#15 0x557ed00d9738 <unknown>\n#16 0x557ed00d990b <unknown>\n#17 0x557ed00e99c4 <unknown>\n#18 0x7fd564094ac3 <unknown>","time":{"start":1712622542645,"stop":1712622578552,"duration":35907}},{"uid":"972a7ed906d1aa03","reportUrl":"https://robbrad.github.io/UKBinCollectionData/3.11/1667//#testresult/972a7ed906d1aa03","status":"failed","statusDetails":"selenium.common.exceptions.TimeoutException: Message: \nStacktrace:\n#0 0x55c88cd22873 <unknown>\n#1 0x55c88ca188c6 <unknown>\n#2 0x55c88ca63618 <unknown>\n#3 0x55c88ca636d1 <unknown>\n#4 0x55c88caa6744 <unknown>\n#5 0x55c88ca855cd <unknown>\n#6 0x55c88caa3c19 <unknown>\n#7 0x55c88ca85343 <unknown>\n#8 0x55c88ca56593 <unknown>\n#9 0x55c88ca56f5e <unknown>\n#10 0x55c88cce685b <unknown>\n#11 0x55c88ccea7b5 <unknown>\n#12 0x55c88ccd4581 <unknown>\n#13 0x55c88cceb342 <unknown>\n#14 0x55c88ccb988f <unknown>\n#15 0x55c88cd11738 <unknown>\n#16 0x55c88cd1190b <unknown>\n#17 0x55c88cd219c4 <unknown>\n#18 0x7f7d32294ac3 <unknown>","time":{"start":1712536118833,"stop":1712536152368,"duration":33535}},{"uid":"9dd9c58afaa91f02","reportUrl":"https://robbrad.github.io/UKBinCollectionData/3.11/1666//#testresult/9dd9c58afaa91f02","status":"failed","statusDetails":"selenium.common.exceptions.TimeoutException: Message: \nStacktrace:\n#0 0x55bf36d07873 <unknown>\n#1 0x55bf369fd8c6 <unknown>\n#2 0x55bf36a48618 <unknown>\n#3 0x55bf36a486d1 <unknown>\n#4 0x55bf36a8b744 <unknown>\n#5 0x55bf36a6a5cd <unknown>\n#6 0x55bf36a88c19 <unknown>\n#7 0x55bf36a6a343 <unknown>\n#8 0x55bf36a3b593 <unknown>\n#9 0x55bf36a3bf5e <unknown>\n#10 0x55bf36ccb85b <unknown>\n#11 0x55bf36ccf7b5 <unknown>\n#12 0x55bf36cb9581 <unknown>\n#13 0x55bf36cd0342 <unknown>\n#14 0x55bf36c9e88f <unknown>\n#15 0x55bf36cf6738 <unknown>\n#16 0x55bf36cf690b <unknown>\n#17 0x55bf36d069c4 <unknown>\n#18 0x7f8b94494ac3 <unknown>","time":{"start":1712449926693,"stop":1712449960640,"duration":33947}},{"uid":"4c20d21f93fa771a","reportUrl":"https://robbrad.github.io/UKBinCollectionData/3.11/1665//#testresult/4c20d21f93fa771a","status":"failed","statusDetails":"selenium.common.exceptions.TimeoutException: Message: \nStacktrace:\n#0 0x56219d0ee873 <unknown>\n#1 0x56219cde48c6 <unknown>\n#2 0x56219ce2f618 <unknown>\n#3 0x56219ce2f6d1 <unknown>\n#4 0x56219ce72744 <unknown>\n#5 0x56219ce515cd <unknown>\n#6 0x56219ce6fc19 <unknown>\n#7 0x56219ce51343 <unknown>\n#8 0x56219ce22593 <unknown>\n#9 0x56219ce22f5e <unknown>\n#10 0x56219d0b285b <unknown>\n#11 0x56219d0b67b5 <unknown>\n#12 0x56219d0a0581 <unknown>\n#13 0x56219d0b7342 <unknown>\n#14 0x56219d08588f <unknown>\n#15 0x56219d0dd738 <unknown>\n#16 0x56219d0dd90b <unknown>\n#17 0x56219d0ed9c4 <unknown>\n#18 0x7f20cc094ac3 <unknown>","time":{"start":1712363286746,"stop":1712363321226,"duration":34480}},{"uid":"c433c9a81fdcf180","reportUrl":"https://robbrad.github.io/UKBinCollectionData/3.11/1664//#testresult/c433c9a81fdcf180","status":"failed","statusDetails":"selenium.common.exceptions.TimeoutException: Message: \nStacktrace:\n#0 0x56434a4f3873 <unknown>\n#1 0x56434a1e98c6 <unknown>\n#2 0x56434a234618 <unknown>\n#3 0x56434a2346d1 <unknown>\n#4 0x56434a277744 <unknown>\n#5 0x56434a2565cd <unknown>\n#6 0x56434a274c19 <unknown>\n#7 0x56434a256343 <unknown>\n#8 0x56434a227593 <unknown>\n#9 0x56434a227f5e <unknown>\n#10 0x56434a4b785b <unknown>\n#11 0x56434a4bb7b5 <unknown>\n#12 0x56434a4a5581 <unknown>\n#13 0x56434a4bc342 <unknown>\n#14 0x56434a48a88f <unknown>\n#15 0x56434a4e2738 <unknown>\n#16 0x56434a4e290b <unknown>\n#17 0x56434a4f29c4 <unknown>\n#18 0x7f0910a94ac3 <unknown>","time":{"start":1712276923558,"stop":1712276957035,"duration":33477}},{"uid":"b94818a7e62d5f84","reportUrl":"https://robbrad.github.io/UKBinCollectionData/3.11/1660//#testresult/b94818a7e62d5f84","status":"failed","statusDetails":"selenium.common.exceptions.TimeoutException: Message: \nStacktrace:\n#0 0x55d8742b08a3 <unknown>\n#1 0x55d873fa68c6 <unknown>\n#2 0x55d873ff1618 <unknown>\n#3 0x55d873ff16d1 <unknown>\n#4 0x55d874034744 <unknown>\n#5 0x55d8740135cd <unknown>\n#6 0x55d874031c19 <unknown>\n#7 0x55d874013343 <unknown>\n#8 0x55d873fe4593 <unknown>\n#9 0x55d873fe4f5e <unknown>\n#10 0x55d87427488b <unknown>\n#11 0x55d8742787e5 <unknown>\n#12 0x55d8742625b1 <unknown>\n#13 0x55d874279372 <unknown>\n#14 0x55d8742478bf <unknown>\n#15 0x55d87429f768 <unknown>\n#16 0x55d87429f93b <unknown>\n#17 0x55d8742af9f4 <unknown>\n#18 0x7fc9ea494ac3 <unknown>","time":{"start":1712190496585,"stop":1712190530138,"duration":33553}},{"uid":"623781817eec5ea2","reportUrl":"https://robbrad.github.io/UKBinCollectionData/3.11/1657//#testresult/623781817eec5ea2","status":"failed","statusDetails":"selenium.common.exceptions.TimeoutException: Message: \nStacktrace:\n#0 0x560eb699b8a3 <unknown>\n#1 0x560eb66918c6 <unknown>\n#2 0x560eb66dc618 <unknown>\n#3 0x560eb66dc6d1 <unknown>\n#4 0x560eb671f744 <unknown>\n#5 0x560eb66fe5cd <unknown>\n#6 0x560eb671cc19 <unknown>\n#7 0x560eb66fe343 <unknown>\n#8 0x560eb66cf593 <unknown>\n#9 0x560eb66cff5e <unknown>\n#10 0x560eb695f88b <unknown>\n#11 0x560eb69637e5 <unknown>\n#12 0x560eb694d5b1 <unknown>\n#13 0x560eb6964372 <unknown>\n#14 0x560eb69328bf <unknown>\n#15 0x560eb698a768 <unknown>\n#16 0x560eb698a93b <unknown>\n#17 0x560eb699a9f4 <unknown>\n#18 0x7fa3e2694ac3 <unknown>","time":{"start":1712136964422,"stop":1712136998139,"duration":33717}},{"uid":"cc5b4e8c6e54b763","reportUrl":"https://robbrad.github.io/UKBinCollectionData/3.11/1655//#testresult/cc5b4e8c6e54b763","status":"failed","statusDetails":"selenium.common.exceptions.TimeoutException: Message: \nStacktrace:\n#0 0x5605dbeda8a3 <unknown>\n#1 0x5605dbbd08c6 <unknown>\n#2 0x5605dbc1b618 <unknown>\n#3 0x5605dbc1b6d1 <unknown>\n#4 0x5605dbc5e744 <unknown>\n#5 0x5605dbc3d5cd <unknown>\n#6 0x5605dbc5bc19 <unknown>\n#7 0x5605dbc3d343 <unknown>\n#8 0x5605dbc0e593 <unknown>\n#9 0x5605dbc0ef5e <unknown>\n#10 0x5605dbe9e88b <unknown>\n#11 0x5605dbea27e5 <unknown>\n#12 0x5605dbe8c5b1 <unknown>\n#13 0x5605dbea3372 <unknown>\n#14 0x5605dbe718bf <unknown>\n#15 0x5605dbec9768 <unknown>\n#16 0x5605dbec993b <unknown>\n#17 0x5605dbed99f4 <unknown>\n#18 0x7f4b02e94ac3 <unknown>","time":{"start":1712104087404,"stop":1712104120866,"duration":33462}},{"uid":"d9deeb88b51e5a2f","reportUrl":"https://robbrad.github.io/UKBinCollectionData/3.11/1654//#testresult/d9deeb88b51e5a2f","status":"failed","statusDetails":"selenium.common.exceptions.TimeoutException: Message: \nStacktrace:\n#0 0x5624572408a3 <unknown>\n#1 0x562456f368c6 <unknown>\n#2 0x562456f81618 <unknown>\n#3 0x562456f816d1 <unknown>\n#4 0x562456fc4744 <unknown>\n#5 0x562456fa35cd <unknown>\n#6 0x562456fc1c19 <unknown>\n#7 0x562456fa3343 <unknown>\n#8 0x562456f74593 <unknown>\n#9 0x562456f74f5e <unknown>\n#10 0x56245720488b <unknown>\n#11 0x5624572087e5 <unknown>\n#12 0x5624571f25b1 <unknown>\n#13 0x562457209372 <unknown>\n#14 0x5624571d78bf <unknown>\n#15 0x56245722f768 <unknown>\n#16 0x56245722f93b <unknown>\n#17 0x56245723f9f4 <unknown>\n#18 0x7f7d20094ac3 <unknown>","time":{"start":1712017740141,"stop":1712017773996,"duration":33855}},{"uid":"8df14665326e4409","reportUrl":"https://robbrad.github.io/UKBinCollectionData/3.11/1653//#testresult/8df14665326e4409","status":"failed","statusDetails":"selenium.common.exceptions.TimeoutException: Message: \nStacktrace:\n#0 0x557d62c308a3 <unknown>\n#1 0x557d629268c6 <unknown>\n#2 0x557d62971618 <unknown>\n#3 0x557d629716d1 <unknown>\n#4 0x557d629b4744 <unknown>\n#5 0x557d629935cd <unknown>\n#6 0x557d629b1c19 <unknown>\n#7 0x557d62993343 <unknown>\n#8 0x557d62964593 <unknown>\n#9 0x557d62964f5e <unknown>\n#10 0x557d62bf488b <unknown>\n#11 0x557d62bf87e5 <unknown>\n#12 0x557d62be25b1 <unknown>\n#13 0x557d62bf9372 <unknown>\n#14 0x557d62bc78bf <unknown>\n#15 0x557d62c1f768 <unknown>\n#16 0x557d62c1f93b <unknown>\n#17 0x557d62c2f9f4 <unknown>\n#18 0x7f3a33e94ac3 <unknown>","time":{"start":1711931540941,"stop":1711931575498,"duration":34557}},{"uid":"fdbf109efa3a0ec","reportUrl":"https://robbrad.github.io/UKBinCollectionData/3.11/1652//#testresult/fdbf109efa3a0ec","status":"failed","statusDetails":"selenium.common.exceptions.TimeoutException: Message: \nStacktrace:\n#0 0x55a7276688a3 <unknown>\n#1 0x55a72735e8c6 <unknown>\n#2 0x55a7273a9618 <unknown>\n#3 0x55a7273a96d1 <unknown>\n#4 0x55a7273ec744 <unknown>\n#5 0x55a7273cb5cd <unknown>\n#6 0x55a7273e9c19 <unknown>\n#7 0x55a7273cb343 <unknown>\n#8 0x55a72739c593 <unknown>\n#9 0x55a72739cf5e <unknown>\n#10 0x55a72762c88b <unknown>\n#11 0x55a7276307e5 <unknown>\n#12 0x55a72761a5b1 <unknown>\n#13 0x55a727631372 <unknown>\n#14 0x55a7275ff8bf <unknown>\n#15 0x55a727657768 <unknown>\n#16 0x55a72765793b <unknown>\n#17 0x55a7276679f4 <unknown>\n#18 0x7f34da894ac3 <unknown>","time":{"start":1711845063920,"stop":1711845097279,"duration":33359}},{"uid":"e6f20e6b1f1fe37a","reportUrl":"https://robbrad.github.io/UKBinCollectionData/3.11/1649//#testresult/e6f20e6b1f1fe37a","status":"failed","statusDetails":"selenium.common.exceptions.TimeoutException: Message: \nStacktrace:\n#0 0x55b1864028a3 <unknown>\n#1 0x55b1860f88c6 <unknown>\n#2 0x55b186143618 <unknown>\n#3 0x55b1861436d1 <unknown>\n#4 0x55b186186744 <unknown>\n#5 0x55b1861655cd <unknown>\n#6 0x55b186183c19 <unknown>\n#7 0x55b186165343 <unknown>\n#8 0x55b186136593 <unknown>\n#9 0x55b186136f5e <unknown>\n#10 0x55b1863c688b <unknown>\n#11 0x55b1863ca7e5 <unknown>\n#12 0x55b1863b45b1 <unknown>\n#13 0x55b1863cb372 <unknown>\n#14 0x55b1863998bf <unknown>\n#15 0x55b1863f1768 <unknown>\n#16 0x55b1863f193b <unknown>\n#17 0x55b1864019f4 <unknown>\n#18 0x7f6ef2c94ac3 <unknown>","time":{"start":1711672054925,"stop":1711672088599,"duration":33674}},{"uid":"3646137e23ee12d0","reportUrl":"https://robbrad.github.io/UKBinCollectionData/3.11/1648//#testresult/3646137e23ee12d0","status":"failed","statusDetails":"selenium.common.exceptions.TimeoutException: Message: \nStacktrace:\n#0 0x56013a0358a3 <unknown>\n#1 0x560139d2b8c6 <unknown>\n#2 0x560139d76618 <unknown>\n#3 0x560139d766d1 <unknown>\n#4 0x560139db9744 <unknown>\n#5 0x560139d985cd <unknown>\n#6 0x560139db6c19 <unknown>\n#7 0x560139d98343 <unknown>\n#8 0x560139d69593 <unknown>\n#9 0x560139d69f5e <unknown>\n#10 0x560139ff988b <unknown>\n#11 0x560139ffd7e5 <unknown>\n#12 0x560139fe75b1 <unknown>\n#13 0x560139ffe372 <unknown>\n#14 0x560139fcc8bf <unknown>\n#15 0x56013a024768 <unknown>\n#16 0x56013a02493b <unknown>\n#17 0x56013a0349f4 <unknown>\n#18 0x7f8153694ac3 <unknown>","time":{"start":1711585771241,"stop":1711585804887,"duration":33646}},{"uid":"3b237523c3022de2","reportUrl":"https://robbrad.github.io/UKBinCollectionData/3.11/1646//#testresult/3b237523c3022de2","status":"failed","statusDetails":"selenium.common.exceptions.TimeoutException: Message: \nStacktrace:\n#0 0x562fdabe9f33 <unknown>\n#1 0x562fda8e1ce6 <unknown>\n#2 0x562fda92ce48 <unknown>\n#3 0x562fda92cf01 <unknown>\n#4 0x562fda9703f4 <unknown>\n#5 0x562fda94eedd <unknown>\n#6 0x562fda96d899 <unknown>\n#7 0x562fda94ec53 <unknown>\n#8 0x562fda91fdb3 <unknown>\n#9 0x562fda92077e <unknown>\n#10 0x562fdabaf86b <unknown>\n#11 0x562fdabb3885 <unknown>\n#12 0x562fdab9d181 <unknown>\n#13 0x562fdabb4412 <unknown>\n#14 0x562fdab8125f <unknown>\n#15 0x562fdabd8528 <unknown>\n#16 0x562fdabd8723 <unknown>\n#17 0x562fdabe90e4 <unknown>\n#18 0x7fc404694ac3 <unknown>","time":{"start":1711499288318,"stop":1711499322763,"duration":34445}},{"uid":"432261253bd2a414","reportUrl":"https://robbrad.github.io/UKBinCollectionData/3.11/1645//#testresult/432261253bd2a414","status":"failed","statusDetails":"selenium.common.exceptions.TimeoutException: Message: \nStacktrace:\n#0 0x55bc2a050f33 <unknown>\n#1 0x55bc29d48ce6 <unknown>\n#2 0x55bc29d93e48 <unknown>\n#3 0x55bc29d93f01 <unknown>\n#4 0x55bc29dd73f4 <unknown>\n#5 0x55bc29db5edd <unknown>\n#6 0x55bc29dd4899 <unknown>\n#7 0x55bc29db5c53 <unknown>\n#8 0x55bc29d86db3 <unknown>\n#9 0x55bc29d8777e <unknown>\n#10 0x55bc2a01686b <unknown>\n#11 0x55bc2a01a885 <unknown>\n#12 0x55bc2a004181 <unknown>\n#13 0x55bc2a01b412 <unknown>\n#14 0x55bc29fe825f <unknown>\n#15 0x55bc2a03f528 <unknown>\n#16 0x55bc2a03f723 <unknown>\n#17 0x55bc2a0500e4 <unknown>\n#18 0x7f12b7e94ac3 <unknown>","time":{"start":1711412802887,"stop":1711412836505,"duration":33618}},{"uid":"afd9274ee814202f","reportUrl":"https://robbrad.github.io/UKBinCollectionData/3.11/1641//#testresult/afd9274ee814202f","status":"failed","statusDetails":"selenium.common.exceptions.TimeoutException: Message: \nStacktrace:\n#0 0x564a2c7a4f33 <unknown>\n#1 0x564a2c49cce6 <unknown>\n#2 0x564a2c4e7e48 <unknown>\n#3 0x564a2c4e7f01 <unknown>\n#4 0x564a2c52b3f4 <unknown>\n#5 0x564a2c509edd <unknown>\n#6 0x564a2c528899 <unknown>\n#7 0x564a2c509c53 <unknown>\n#8 0x564a2c4dadb3 <unknown>\n#9 0x564a2c4db77e <unknown>\n#10 0x564a2c76a86b <unknown>\n#11 0x564a2c76e885 <unknown>\n#12 0x564a2c758181 <unknown>\n#13 0x564a2c76f412 <unknown>\n#14 0x564a2c73c25f <unknown>\n#15 0x564a2c793528 <unknown>\n#16 0x564a2c793723 <unknown>\n#17 0x564a2c7a40e4 <unknown>\n#18 0x7f0d91a94ac3 <unknown>","time":{"start":1711326579068,"stop":1711326612387,"duration":33319}},{"uid":"accba3767e78c45b","reportUrl":"https://robbrad.github.io/UKBinCollectionData/3.11/1639//#testresult/accba3767e78c45b","status":"failed","statusDetails":"selenium.common.exceptions.TimeoutException: Message: \nStacktrace:\n#0 0x560385959f33 <unknown>\n#1 0x560385651ce6 <unknown>\n#2 0x56038569ce48 <unknown>\n#3 0x56038569cf01 <unknown>\n#4 0x5603856e03f4 <unknown>\n#5 0x5603856beedd <unknown>\n#6 0x5603856dd899 <unknown>\n#7 0x5603856bec53 <unknown>\n#8 0x56038568fdb3 <unknown>\n#9 0x56038569077e <unknown>\n#10 0x56038591f86b <unknown>\n#11 0x560385923885 <unknown>\n#12 0x56038590d181 <unknown>\n#13 0x560385924412 <unknown>\n#14 0x5603858f125f <unknown>\n#15 0x560385948528 <unknown>\n#16 0x560385948723 <unknown>\n#17 0x5603859590e4 <unknown>\n#18 0x7faeab494ac3 <unknown>","time":{"start":1711280779489,"stop":1711280814450,"duration":34961}},{"uid":"a4e27b0a368533f1","reportUrl":"https://robbrad.github.io/UKBinCollectionData/3.11/1634//#testresult/a4e27b0a368533f1","status":"failed","statusDetails":"selenium.common.exceptions.ElementClickInterceptedException: Message: element click intercepted: Element <input type=\"button\" value=\"Find address\" id=\"BINCOLLECTIONCHECKER_ADDRESSSEARCH_ADDRESSLOOKUPSEARCH\" name=\"BINCOLLECTIONCHECKER_ADDRESSSEARCH_ADDRESSLOOKUPSEARCH\" class=\"icminput icminput--button\" onclick=\"\"> is not clickable at point (90, 458). Other element would receive the click: <button class=\"btn btn--contrast btn--complete\" name=\"acceptall\" value=\"true\" type=\"submit\">...</button>\n  (Session info: chrome-headless-shell=122.0.6261.128)\nStacktrace:\n#0 0x556e330e3f33 <unknown>\n#1 0x556e32ddbce6 <unknown>\n#2 0x556e32e2da73 <unknown>\n#3 0x556e32e2b98e <unknown>\n#4 0x556e32e29367 <unknown>\n#5 0x556e32e28732 <unknown>\n#6 0x556e32e1bd27 <unknown>\n#7 0x556e32e48eb2 <unknown>\n#8 0x556e32e1b6b8 <unknown>\n#9 0x556e32e4907e <unknown>\n#10 0x556e32e67899 <unknown>\n#11 0x556e32e48c53 <unknown>\n#12 0x556e32e19db3 <unknown>\n#13 0x556e32e1a77e <unknown>\n#14 0x556e330a986b <unknown>\n#15 0x556e330ad885 <unknown>\n#16 0x556e33097181 <unknown>\n#17 0x556e330ae412 <unknown>\n#18 0x556e3307b25f <unknown>\n#19 0x556e330d2528 <unknown>\n#20 0x556e330d2723 <unknown>\n#21 0x556e330e30e4 <unknown>\n#22 0x7f63efc94ac3 <unknown>","time":{"start":1711240258047,"stop":1711240262164,"duration":4117}},{"uid":"ab30c9bcc731b7c8","reportUrl":"https://robbrad.github.io/UKBinCollectionData/3.11/1626//#testresult/ab30c9bcc731b7c8","status":"failed","statusDetails":"selenium.common.exceptions.ElementClickInterceptedException: Message: element click intercepted: Element <input type=\"button\" value=\"Find address\" id=\"BINCOLLECTIONCHECKER_ADDRESSSEARCH_ADDRESSLOOKUPSEARCH\" name=\"BINCOLLECTIONCHECKER_ADDRESSSEARCH_ADDRESSLOOKUPSEARCH\" class=\"icminput icminput--button\" onclick=\"\"> is not clickable at point (90, 458). Other element would receive the click: <button class=\"btn btn--contrast btn--complete\" name=\"acceptall\" value=\"true\" type=\"submit\">...</button>\n  (Session info: chrome-headless-shell=122.0.6261.128)\nStacktrace:\n#0 0x55a9ed7e1f33 <unknown>\n#1 0x55a9ed4d9ce6 <unknown>\n#2 0x55a9ed52ba73 <unknown>\n#3 0x55a9ed52998e <unknown>\n#4 0x55a9ed527367 <unknown>\n#5 0x55a9ed526732 <unknown>\n#6 0x55a9ed519d27 <unknown>\n#7 0x55a9ed546eb2 <unknown>\n#8 0x55a9ed5196b8 <unknown>\n#9 0x55a9ed54707e <unknown>\n#10 0x55a9ed565899 <unknown>\n#11 0x55a9ed546c53 <unknown>\n#12 0x55a9ed517db3 <unknown>\n#13 0x55a9ed51877e <unknown>\n#14 0x55a9ed7a786b <unknown>\n#15 0x55a9ed7ab885 <unknown>\n#16 0x55a9ed795181 <unknown>\n#17 0x55a9ed7ac412 <unknown>\n#18 0x55a9ed77925f <unknown>\n#19 0x55a9ed7d0528 <unknown>\n#20 0x55a9ed7d0723 <unknown>\n#21 0x55a9ed7e10e4 <unknown>\n#22 0x7f6903e94ac3 <unknown>","time":{"start":1711153664447,"stop":1711153668744,"duration":4297}},{"uid":"a74ce7dd9a51dc48","reportUrl":"https://robbrad.github.io/UKBinCollectionData/3.11/1625//#testresult/a74ce7dd9a51dc48","status":"failed","statusDetails":"selenium.common.exceptions.ElementClickInterceptedException: Message: element click intercepted: Element <input type=\"button\" value=\"Find address\" id=\"BINCOLLECTIONCHECKER_ADDRESSSEARCH_ADDRESSLOOKUPSEARCH\" name=\"BINCOLLECTIONCHECKER_ADDRESSSEARCH_ADDRESSLOOKUPSEARCH\" class=\"icminput icminput--button\" onclick=\"\"> is not clickable at point (90, 458). Other element would receive the click: <button class=\"btn btn--contrast btn--complete\" name=\"acceptall\" value=\"true\" type=\"submit\">...</button>\n  (Session info: chrome-headless-shell=122.0.6261.128)\nStacktrace:\n#0 0x564a6f6fcf33 <unknown>\n#1 0x564a6f3f4ce6 <unknown>\n#2 0x564a6f446a73 <unknown>\n#3 0x564a6f44498e <unknown>\n#4 0x564a6f442367 <unknown>\n#5 0x564a6f441732 <unknown>\n#6 0x564a6f434d27 <unknown>\n#7 0x564a6f461eb2 <unknown>\n#8 0x564a6f4346b8 <unknown>\n#9 0x564a6f46207e <unknown>\n#10 0x564a6f480899 <unknown>\n#11 0x564a6f461c53 <unknown>\n#12 0x564a6f432db3 <unknown>\n#13 0x564a6f43377e <unknown>\n#14 0x564a6f6c286b <unknown>\n#15 0x564a6f6c6885 <unknown>\n#16 0x564a6f6b0181 <unknown>\n#17 0x564a6f6c7412 <unknown>\n#18 0x564a6f69425f <unknown>\n#19 0x564a6f6eb528 <unknown>\n#20 0x564a6f6eb723 <unknown>\n#21 0x564a6f6fc0e4 <unknown>\n#22 0x7f586cc94ac3 <unknown>","time":{"start":1711067276675,"stop":1711067281221,"duration":4546}}]},"tags":[]},"source":"fd9355e5302a5ec5.json","parameterValues":["GatesheadCouncil","local","http://selenium:4444"]}