{"uid":"219ae1aecd64cde3","name":"Validate Council Output [KingstonUponThamesCouncil-None-None]","fullName":"features/validate_council_outputs.feature:Validate Council Output","historyId":"c71a5e41515c8e4d6c2924d94d56bebb","time":{"start":1713252809857,"stop":1713252843546,"duration":33689},"status":"failed","statusMessage":"selenium.common.exceptions.TimeoutException: Message: \nStacktrace:\n#0 0x5615e304e863 <unknown>\n#1 0x5615e2d448c6 <unknown>\n#2 0x5615e2d8f618 <unknown>\n#3 0x5615e2d8f6d1 <unknown>\n#4 0x5615e2dd2744 <unknown>\n#5 0x5615e2db15cd <unknown>\n#6 0x5615e2dcfc19 <unknown>\n#7 0x5615e2db1343 <unknown>\n#8 0x5615e2d82593 <unknown>\n#9 0x5615e2d82f5e <unknown>\n#10 0x5615e301284b <unknown>\n#11 0x5615e30167a5 <unknown>\n#12 0x5615e3000571 <unknown>\n#13 0x5615e3017332 <unknown>\n#14 0x5615e2fe587f <unknown>\n#15 0x5615e303d728 <unknown>\n#16 0x5615e303d8fb <unknown>\n#17 0x5615e304d9b4 <unknown>\n#18 0x7f2aad094ac3 <unknown>","statusTrace":"fixturefunc = <function scrape_step at 0x7f18391d8ea0>\nrequest = <FixtureRequest for <Function test_scenario_outline[KingstonUponThamesCouncil-None-None]>>\nkwargs = {'context': <test_validate_council.context.<locals>.Context object at 0x7f18385ca390>, 'council': 'KingstonUponThamesCouncil', 'selenium_mode': 'None', 'selenium_url': 'None'}\n\n    def call_fixture_func(\n        fixturefunc: \"_FixtureFunc[FixtureValue]\", request: FixtureRequest, kwargs\n    ) -> FixtureValue:\n        if is_generator(fixturefunc):\n            fixturefunc = cast(\n                Callable[..., Generator[FixtureValue, None, None]], fixturefunc\n            )\n            generator = fixturefunc(**kwargs)\n            try:\n                fixture_result = next(generator)\n            except StopIteration:\n                raise ValueError(f\"{request.fixturename} did not yield a value\") from None\n            finalizer = functools.partial(_teardown_yield_fixture, fixturefunc, generator)\n            request.addfinalizer(finalizer)\n        else:\n            fixturefunc = cast(Callable[..., FixtureValue], fixturefunc)\n>           fixture_result = fixturefunc(**kwargs)\n\n../../../.cache/pypoetry/virtualenvs/uk-bin-collection-EwS6Gn8s-py3.11/lib/python3.11/site-packages/_pytest/fixtures.py:902: \n_ _ _ _ _ _ _ _ _ _ _ _ _ _ _ _ _ _ _ _ _ _ _ _ _ _ _ _ _ _ _ _ _ _ _ _ _ _ _ _ \nuk_bin_collection/tests/step_defs/test_validate_council.py:92: in scrape_step\n    context.parse_result = CollectData.run()\nuk_bin_collection/uk_bin_collection/collect_data.py:96: in run\n    return self.client_code(\nuk_bin_collection/uk_bin_collection/collect_data.py:115: in client_code\n    return get_bin_data_class.template_method(address_url, **kwargs)\nuk_bin_collection/uk_bin_collection/get_bin_data.py:66: in template_method\n    bin_data_dict = self.parse_data(\nuk_bin_collection/uk_bin_collection/councils/KingstonUponThamesCouncil.py:35: in parse_data\n    wait.until(\n_ _ _ _ _ _ _ _ _ _ _ _ _ _ _ _ _ _ _ _ _ _ _ _ _ _ _ _ _ _ _ _ _ _ _ _ _ _ _ _ \n\nself = <selenium.webdriver.support.wait.WebDriverWait (session=\"f00bc7045b10e0abd2000b3869f823e8\")>\nmethod = <function presence_of_element_located.<locals>._predicate at 0x7f18391db240>\nmessage = ''\n\n    def until(self, method, message: str = \"\"):\n        \"\"\"Calls the method provided with the driver as an argument until the \\\n        return value does not evaluate to ``False``.\n    \n        :param method: callable(WebDriver)\n        :param message: optional message for :exc:`TimeoutException`\n        :returns: the result of the last call to `method`\n        :raises: :exc:`selenium.common.exceptions.TimeoutException` if timeout occurs\n        \"\"\"\n        screen = None\n        stacktrace = None\n    \n        end_time = time.monotonic() + self._timeout\n        while True:\n            try:\n                value = method(self._driver)\n                if value:\n                    return value\n            except self._ignored_exceptions as exc:\n                screen = getattr(exc, \"screen\", None)\n                stacktrace = getattr(exc, \"stacktrace\", None)\n            time.sleep(self._poll)\n            if time.monotonic() > end_time:\n                break\n>       raise TimeoutException(message, screen, stacktrace)\nE       selenium.common.exceptions.TimeoutException: Message: \nE       Stacktrace:\nE       #0 0x5615e304e863 <unknown>\nE       #1 0x5615e2d448c6 <unknown>\nE       #2 0x5615e2d8f618 <unknown>\nE       #3 0x5615e2d8f6d1 <unknown>\nE       #4 0x5615e2dd2744 <unknown>\nE       #5 0x5615e2db15cd <unknown>\nE       #6 0x5615e2dcfc19 <unknown>\nE       #7 0x5615e2db1343 <unknown>\nE       #8 0x5615e2d82593 <unknown>\nE       #9 0x5615e2d82f5e <unknown>\nE       #10 0x5615e301284b <unknown>\nE       #11 0x5615e30167a5 <unknown>\nE       #12 0x5615e3000571 <unknown>\nE       #13 0x5615e3017332 <unknown>\nE       #14 0x5615e2fe587f <unknown>\nE       #15 0x5615e303d728 <unknown>\nE       #16 0x5615e303d8fb <unknown>\nE       #17 0x5615e304d9b4 <unknown>\nE       #18 0x7f2aad094ac3 <unknown>\n\n../../../.cache/pypoetry/virtualenvs/uk-bin-collection-EwS6Gn8s-py3.11/lib/python3.11/site-packages/selenium/webdriver/support/wait.py:95: TimeoutException","flaky":false,"newFailed":true,"newBroken":false,"newPassed":false,"retriesCount":0,"retriesStatusChange":false,"beforeStages":[],"testStage":{"status":"failed","statusMessage":"selenium.common.exceptions.TimeoutException: Message: \nStacktrace:\n#0 0x5615e304e863 <unknown>\n#1 0x5615e2d448c6 <unknown>\n#2 0x5615e2d8f618 <unknown>\n#3 0x5615e2d8f6d1 <unknown>\n#4 0x5615e2dd2744 <unknown>\n#5 0x5615e2db15cd <unknown>\n#6 0x5615e2dcfc19 <unknown>\n#7 0x5615e2db1343 <unknown>\n#8 0x5615e2d82593 <unknown>\n#9 0x5615e2d82f5e <unknown>\n#10 0x5615e301284b <unknown>\n#11 0x5615e30167a5 <unknown>\n#12 0x5615e3000571 <unknown>\n#13 0x5615e3017332 <unknown>\n#14 0x5615e2fe587f <unknown>\n#15 0x5615e303d728 <unknown>\n#16 0x5615e303d8fb <unknown>\n#17 0x5615e304d9b4 <unknown>\n#18 0x7f2aad094ac3 <unknown>","statusTrace":"fixturefunc = <function scrape_step at 0x7f18391d8ea0>\nrequest = <FixtureRequest for <Function test_scenario_outline[KingstonUponThamesCouncil-None-None]>>\nkwargs = {'context': <test_validate_council.context.<locals>.Context object at 0x7f18385ca390>, 'council': 'KingstonUponThamesCouncil', 'selenium_mode': 'None', 'selenium_url': 'None'}\n\n    def call_fixture_func(\n        fixturefunc: \"_FixtureFunc[FixtureValue]\", request: FixtureRequest, kwargs\n    ) -> FixtureValue:\n        if is_generator(fixturefunc):\n            fixturefunc = cast(\n                Callable[..., Generator[FixtureValue, None, None]], fixturefunc\n            )\n            generator = fixturefunc(**kwargs)\n            try:\n                fixture_result = next(generator)\n            except StopIteration:\n                raise ValueError(f\"{request.fixturename} did not yield a value\") from None\n            finalizer = functools.partial(_teardown_yield_fixture, fixturefunc, generator)\n            request.addfinalizer(finalizer)\n        else:\n            fixturefunc = cast(Callable[..., FixtureValue], fixturefunc)\n>           fixture_result = fixturefunc(**kwargs)\n\n../../../.cache/pypoetry/virtualenvs/uk-bin-collection-EwS6Gn8s-py3.11/lib/python3.11/site-packages/_pytest/fixtures.py:902: \n_ _ _ _ _ _ _ _ _ _ _ _ _ _ _ _ _ _ _ _ _ _ _ _ _ _ _ _ _ _ _ _ _ _ _ _ _ _ _ _ \nuk_bin_collection/tests/step_defs/test_validate_council.py:92: in scrape_step\n    context.parse_result = CollectData.run()\nuk_bin_collection/uk_bin_collection/collect_data.py:96: in run\n    return self.client_code(\nuk_bin_collection/uk_bin_collection/collect_data.py:115: in client_code\n    return get_bin_data_class.template_method(address_url, **kwargs)\nuk_bin_collection/uk_bin_collection/get_bin_data.py:66: in template_method\n    bin_data_dict = self.parse_data(\nuk_bin_collection/uk_bin_collection/councils/KingstonUponThamesCouncil.py:35: in parse_data\n    wait.until(\n_ _ _ _ _ _ _ _ _ _ _ _ _ _ _ _ _ _ _ _ _ _ _ _ _ _ _ _ _ _ _ _ _ _ _ _ _ _ _ _ \n\nself = <selenium.webdriver.support.wait.WebDriverWait (session=\"f00bc7045b10e0abd2000b3869f823e8\")>\nmethod = <function presence_of_element_located.<locals>._predicate at 0x7f18391db240>\nmessage = ''\n\n    def until(self, method, message: str = \"\"):\n        \"\"\"Calls the method provided with the driver as an argument until the \\\n        return value does not evaluate to ``False``.\n    \n        :param method: callable(WebDriver)\n        :param message: optional message for :exc:`TimeoutException`\n        :returns: the result of the last call to `method`\n        :raises: :exc:`selenium.common.exceptions.TimeoutException` if timeout occurs\n        \"\"\"\n        screen = None\n        stacktrace = None\n    \n        end_time = time.monotonic() + self._timeout\n        while True:\n            try:\n                value = method(self._driver)\n                if value:\n                    return value\n            except self._ignored_exceptions as exc:\n                screen = getattr(exc, \"screen\", None)\n                stacktrace = getattr(exc, \"stacktrace\", None)\n            time.sleep(self._poll)\n            if time.monotonic() > end_time:\n                break\n>       raise TimeoutException(message, screen, stacktrace)\nE       selenium.common.exceptions.TimeoutException: Message: \nE       Stacktrace:\nE       #0 0x5615e304e863 <unknown>\nE       #1 0x5615e2d448c6 <unknown>\nE       #2 0x5615e2d8f618 <unknown>\nE       #3 0x5615e2d8f6d1 <unknown>\nE       #4 0x5615e2dd2744 <unknown>\nE       #5 0x5615e2db15cd <unknown>\nE       #6 0x5615e2dcfc19 <unknown>\nE       #7 0x5615e2db1343 <unknown>\nE       #8 0x5615e2d82593 <unknown>\nE       #9 0x5615e2d82f5e <unknown>\nE       #10 0x5615e301284b <unknown>\nE       #11 0x5615e30167a5 <unknown>\nE       #12 0x5615e3000571 <unknown>\nE       #13 0x5615e3017332 <unknown>\nE       #14 0x5615e2fe587f <unknown>\nE       #15 0x5615e303d728 <unknown>\nE       #16 0x5615e303d8fb <unknown>\nE       #17 0x5615e304d9b4 <unknown>\nE       #18 0x7f2aad094ac3 <unknown>\n\n../../../.cache/pypoetry/virtualenvs/uk-bin-collection-EwS6Gn8s-py3.11/lib/python3.11/site-packages/selenium/webdriver/support/wait.py:95: TimeoutException","steps":[{"name":"Given the council: KingstonUponThamesCouncil","time":{"start":1713252809857,"stop":1713252809858,"duration":1},"status":"passed","steps":[],"attachments":[],"parameters":[],"shouldDisplayMessage":false,"stepsCount":0,"attachmentsCount":0,"hasContent":false,"attachmentStep":false},{"name":"When we scrape the data from KingstonUponThamesCouncil using None and the None is set","time":{"start":1713252809858,"stop":1713252843546,"duration":33688},"status":"failed","statusMessage":"Message: \nStacktrace:\n#0 0x5615e304e863 <unknown>\n#1 0x5615e2d448c6 <unknown>\n#2 0x5615e2d8f618 <unknown>\n#3 0x5615e2d8f6d1 <unknown>\n#4 0x5615e2dd2744 <unknown>\n#5 0x5615e2db15cd <unknown>\n#6 0x5615e2dcfc19 <unknown>\n#7 0x5615e2db1343 <unknown>\n#8 0x5615e2d82593 <unknown>\n#9 0x5615e2d82f5e <unknown>\n#10 0x5615e301284b <unknown>\n#11 0x5615e30167a5 <unknown>\n#12 0x5615e3000571 <unknown>\n#13 0x5615e3017332 <unknown>\n#14 0x5615e2fe587f <unknown>\n#15 0x5615e303d728 <unknown>\n#16 0x5615e303d8fb <unknown>\n#17 0x5615e304d9b4 <unknown>\n#18 0x7f2aad094ac3 <unknown>\n","statusTrace":"selenium.common.exceptions.TimeoutException: Message: \nStacktrace:\n#0 0x5615e304e863 <unknown>\n#1 0x5615e2d448c6 <unknown>\n#2 0x5615e2d8f618 <unknown>\n#3 0x5615e2d8f6d1 <unknown>\n#4 0x5615e2dd2744 <unknown>\n#5 0x5615e2db15cd <unknown>\n#6 0x5615e2dcfc19 <unknown>\n#7 0x5615e2db1343 <unknown>\n#8 0x5615e2d82593 <unknown>\n#9 0x5615e2d82f5e <unknown>\n#10 0x5615e301284b <unknown>\n#11 0x5615e30167a5 <unknown>\n#12 0x5615e3000571 <unknown>\n#13 0x5615e3017332 <unknown>\n#14 0x5615e2fe587f <unknown>\n#15 0x5615e303d728 <unknown>\n#16 0x5615e303d8fb <unknown>\n#17 0x5615e304d9b4 <unknown>\n#18 0x7f2aad094ac3 <unknown>\n\n","steps":[],"attachments":[],"parameters":[],"shouldDisplayMessage":true,"stepsCount":0,"attachmentsCount":0,"hasContent":true,"attachmentStep":false}],"attachments":[],"parameters":[],"shouldDisplayMessage":true,"stepsCount":2,"attachmentsCount":0,"hasContent":true,"attachmentStep":false},"afterStages":[],"labels":[{"name":"host","value":"fv-az1052-544"},{"name":"thread","value":"2742-MainThread"},{"name":"framework","value":"pytest-bdd"},{"name":"language","value":"cpython3"},{"name":"feature","value":"Test each council output matches expected results"},{"name":"resultFormat","value":"allure2"}],"parameters":[{"name":"council","value":"KingstonUponThamesCouncil"},{"name":"selenium_mode","value":"None"},{"name":"selenium_url","value":"None"}],"links":[],"hidden":false,"retry":false,"extra":{"severity":"normal","retries":[],"categories":[{"name":"Product defects","matchedStatuses":[],"flaky":false}],"history":{"statistic":{"failed":154,"broken":0,"skipped":0,"passed":102,"unknown":0,"total":256},"items":[{"uid":"34c44f75d850e60d","reportUrl":"https://robbrad.github.io/UKBinCollectionData/3.11/1695//#testresult/34c44f75d850e60d","status":"passed","time":{"start":1713227192296,"stop":1713227201061,"duration":8765}},{"uid":"7efb7352816db91d","reportUrl":"https://robbrad.github.io/UKBinCollectionData/3.11/1692//#testresult/7efb7352816db91d","status":"passed","time":{"start":1713207787175,"stop":1713207797870,"duration":10695}},{"uid":"afaef873da8ffd93","reportUrl":"https://robbrad.github.io/UKBinCollectionData/3.11/1683//#testresult/afaef873da8ffd93","status":"passed","time":{"start":1713188326723,"stop":1713188333744,"duration":7021}},{"uid":"314d69e418520c50","reportUrl":"https://robbrad.github.io/UKBinCollectionData/3.11/1682//#testresult/314d69e418520c50","status":"passed","time":{"start":1713149853581,"stop":1713149867216,"duration":13635}},{"uid":"d2a84d09fcf93de2","reportUrl":"https://robbrad.github.io/UKBinCollectionData/3.11/1681//#testresult/d2a84d09fcf93de2","status":"passed","time":{"start":1713053326499,"stop":1713053336387,"duration":9888}},{"uid":"40b2333f1581f0dd","reportUrl":"https://robbrad.github.io/UKBinCollectionData/3.11/1677//#testresult/40b2333f1581f0dd","status":"passed","time":{"start":1712967810490,"stop":1712967819631,"duration":9141}},{"uid":"e9dca22018eb9d8b","reportUrl":"https://robbrad.github.io/UKBinCollectionData/3.11/1675//#testresult/e9dca22018eb9d8b","status":"passed","time":{"start":1712881655276,"stop":1712881662385,"duration":7109}},{"uid":"502b019f5d64c68e","reportUrl":"https://robbrad.github.io/UKBinCollectionData/3.11/1674//#testresult/502b019f5d64c68e","status":"passed","time":{"start":1712795373494,"stop":1712795382821,"duration":9327}},{"uid":"9c3ceb2dda8204a0","reportUrl":"https://robbrad.github.io/UKBinCollectionData/3.11/1673//#testresult/9c3ceb2dda8204a0","status":"failed","statusDetails":"ValueError: time data 'Wednesday, 10 April\\n              \\n              \\n              (In progress) 2024' does not match format '%A, %d %B %Y'","time":{"start":1712710377313,"stop":1712710384409,"duration":7096}},{"uid":"8e0414092c81935a","reportUrl":"https://robbrad.github.io/UKBinCollectionData/3.11/1671//#testresult/8e0414092c81935a","status":"passed","time":{"start":1712700362473,"stop":1712700370135,"duration":7662}},{"uid":"4e816c18920daa76","reportUrl":"https://robbrad.github.io/UKBinCollectionData/3.11/1668//#testresult/4e816c18920daa76","status":"passed","time":{"start":1712622436139,"stop":1712622444238,"duration":8099}},{"uid":"e36e0353224f00b","reportUrl":"https://robbrad.github.io/UKBinCollectionData/3.11/1667//#testresult/e36e0353224f00b","status":"passed","time":{"start":1712536081625,"stop":1712536088287,"duration":6662}},{"uid":"bc2e815298ee7b08","reportUrl":"https://robbrad.github.io/UKBinCollectionData/3.11/1666//#testresult/bc2e815298ee7b08","status":"passed","time":{"start":1712449820599,"stop":1712449827977,"duration":7378}},{"uid":"e07a5ba67850c76a","reportUrl":"https://robbrad.github.io/UKBinCollectionData/3.11/1665//#testresult/e07a5ba67850c76a","status":"passed","time":{"start":1712363246996,"stop":1712363260615,"duration":13619}},{"uid":"44df391f5ac363ac","reportUrl":"https://robbrad.github.io/UKBinCollectionData/3.11/1664//#testresult/44df391f5ac363ac","status":"passed","time":{"start":1712276822017,"stop":1712276836528,"duration":14511}},{"uid":"b885f0a5441b2b6","reportUrl":"https://robbrad.github.io/UKBinCollectionData/3.11/1660//#testresult/b885f0a5441b2b6","status":"passed","time":{"start":1712190453777,"stop":1712190462843,"duration":9066}},{"uid":"bb76f69dc0263cc3","reportUrl":"https://robbrad.github.io/UKBinCollectionData/3.11/1657//#testresult/bb76f69dc0263cc3","status":"failed","statusDetails":"ValueError: time data 'Wednesday, 3 April\\n              \\n              \\n              (In progress) 2024' does not match format '%A, %d %B %Y'","time":{"start":1712136942925,"stop":1712136957873,"duration":14948}},{"uid":"11f95129dcd1e84c","reportUrl":"https://robbrad.github.io/UKBinCollectionData/3.11/1655//#testresult/11f95129dcd1e84c","status":"failed","statusDetails":"ValueError: time data 'Wednesday, 3 April\\n              \\n              \\n              (In progress) 2024' does not match format '%A, %d %B %Y'","time":{"start":1712103989345,"stop":1712104002092,"duration":12747}},{"uid":"45dc9590d1907cf1","reportUrl":"https://robbrad.github.io/UKBinCollectionData/3.11/1654//#testresult/45dc9590d1907cf1","status":"passed","time":{"start":1712017631490,"stop":1712017647025,"duration":15535}},{"uid":"9299556671ab3e64","reportUrl":"https://robbrad.github.io/UKBinCollectionData/3.11/1653//#testresult/9299556671ab3e64","status":"passed","time":{"start":1711931423933,"stop":1711931431484,"duration":7551}}]},"tags":[]},"source":"219ae1aecd64cde3.json","parameterValues":["KingstonUponThamesCouncil","None","None"]}