{"uid":"4833578954f5a6ed","name":"Validate Council Output [NeathPortTalbotCouncil]","fullName":"features/validate_council_outputs.feature:Validate Council Output","historyId":"6a7795e00df27bb2a2723cbd96dd78a1","time":{"start":1721520891727,"stop":1721520968859,"duration":77132},"status":"failed","statusMessage":"selenium.common.exceptions.NoSuchElementException: Message: no such element: Unable to locate element: {\"method\":\"css selector\",\"selector\":\"[id=\"ContentPlaceHolderDefault_ctl13_nptLLPG2_25_addresslookup_txtTmpPostcode\"]\"}\n  (Session info: chrome-headless-shell=126.0.6478.114); For documentation on this error, please visit: https://www.selenium.dev/documentation/webdriver/troubleshooting/errors#no-such-element-exception\nStacktrace:\n#0 0x56549ce2969a <unknown>\n#1 0x56549cb0c0dc <unknown>\n#2 0x56549cb58931 <unknown>\n#3 0x56549cb58a21 <unknown>\n#4 0x56549cb9d234 <unknown>\n#5 0x56549cb7b89d <unknown>\n#6 0x56549cb9a5c3 <unknown>\n#7 0x56549cb7b613 <unknown>\n#8 0x56549cb4b4f7 <unknown>\n#9 0x56549cb4be4e <unknown>\n#10 0x56549cdef86b <unknown>\n#11 0x56549cdf3911 <unknown>\n#12 0x56549cddb35e <unknown>\n#13 0x56549cdf4472 <unknown>\n#14 0x56549cdbfcbf <unknown>\n#15 0x56549ce19098 <unknown>\n#16 0x56549ce19270 <unknown>\n#17 0x56549ce287cc <unknown>\n#18 0x7fbb43aa9ac3 <unknown>","statusTrace":"fixturefunc = <function scrape_step at 0x7fb9c6a31080>\nrequest = <FixtureRequest for <Function test_scenario_outline[NeathPortTalbotCouncil]>>\nkwargs = {'context': <test_validate_council.Context object at 0x7fb9c7714680>, 'headless_mode': 'True', 'local_browser': 'False', 'selenium_url': 'http://localhost:4444'}\n\n    def call_fixture_func(\n        fixturefunc: _FixtureFunc[FixtureValue], request: FixtureRequest, kwargs\n    ) -> FixtureValue:\n        if is_generator(fixturefunc):\n            fixturefunc = cast(\n                Callable[..., Generator[FixtureValue, None, None]], fixturefunc\n            )\n            generator = fixturefunc(**kwargs)\n            try:\n                fixture_result = next(generator)\n            except StopIteration:\n                raise ValueError(f\"{request.fixturename} did not yield a value\") from None\n            finalizer = functools.partial(_teardown_yield_fixture, fixturefunc, generator)\n            request.addfinalizer(finalizer)\n        else:\n            fixturefunc = cast(Callable[..., FixtureValue], fixturefunc)\n>           fixture_result = fixturefunc(**kwargs)\n\n../../../.cache/pypoetry/virtualenvs/uk-bin-collection-EwS6Gn8s-py3.12/lib/python3.12/site-packages/_pytest/fixtures.py:897: \n_ _ _ _ _ _ _ _ _ _ _ _ _ _ _ _ _ _ _ _ _ _ _ _ _ _ _ _ _ _ _ _ _ _ _ _ _ _ _ _ \nuk_bin_collection/tests/step_defs/test_validate_council.py:100: in scrape_step\n    context.parse_result = CollectData.run()\nuk_bin_collection/uk_bin_collection/collect_data.py:101: in run\n    return self.client_code(\nuk_bin_collection/uk_bin_collection/collect_data.py:121: in client_code\n    return get_bin_data_class.template_method(address_url, **kwargs)\nuk_bin_collection/uk_bin_collection/get_bin_data.py:61: in template_method\n    bin_data_dict = self.get_and_parse_data(this_url, **kwargs)\nuk_bin_collection/uk_bin_collection/get_bin_data.py:84: in get_and_parse_data\n    bin_data_dict = self.parse_data(\"\", url=address_url, **kwargs)\nuk_bin_collection/uk_bin_collection/councils/NeathPortTalbotCouncil.py:43: in parse_data\n    inputElement_postcode = driver.find_element(\n../../../.cache/pypoetry/virtualenvs/uk-bin-collection-EwS6Gn8s-py3.12/lib/python3.12/site-packages/selenium/webdriver/remote/webdriver.py:748: in find_element\n    return self.execute(Command.FIND_ELEMENT, {\"using\": by, \"value\": value})[\"value\"]\n../../../.cache/pypoetry/virtualenvs/uk-bin-collection-EwS6Gn8s-py3.12/lib/python3.12/site-packages/selenium/webdriver/remote/webdriver.py:354: in execute\n    self.error_handler.check_response(response)\n_ _ _ _ _ _ _ _ _ _ _ _ _ _ _ _ _ _ _ _ _ _ _ _ _ _ _ _ _ _ _ _ _ _ _ _ _ _ _ _ \n\nself = <selenium.webdriver.remote.errorhandler.ErrorHandler object at 0x7fb9c89f15b0>\nresponse = {'status': 404, 'value': '{\"value\":{\"error\":\"no such element\",\"message\":\"no such element: Unable to locate element: {\\...\\\\n#16 0x56549ce19270 \\\\u003Cunknown>\\\\n#17 0x56549ce287cc \\\\u003Cunknown>\\\\n#18 0x7fbb43aa9ac3 \\\\u003Cunknown>\\\\n\"}}'}\n\n    def check_response(self, response: Dict[str, Any]) -> None:\n        \"\"\"Checks that a JSON response from the WebDriver does not have an\n        error.\n    \n        :Args:\n         - response - The JSON response from the WebDriver server as a dictionary\n           object.\n    \n        :Raises: If the response contains an error message.\n        \"\"\"\n        status = response.get(\"status\", None)\n        if not status or status == ErrorCode.SUCCESS:\n            return\n        value = None\n        message = response.get(\"message\", \"\")\n        screen: str = response.get(\"screen\", \"\")\n        stacktrace = None\n        if isinstance(status, int):\n            value_json = response.get(\"value\", None)\n            if value_json and isinstance(value_json, str):\n                import json\n    \n                try:\n                    value = json.loads(value_json)\n                    if len(value) == 1:\n                        value = value[\"value\"]\n                    status = value.get(\"error\", None)\n                    if not status:\n                        status = value.get(\"status\", ErrorCode.UNKNOWN_ERROR)\n                        message = value.get(\"value\") or value.get(\"message\")\n                        if not isinstance(message, str):\n                            value = message\n                            message = message.get(\"message\")\n                    else:\n                        message = value.get(\"message\", None)\n                except ValueError:\n                    pass\n    \n        exception_class: Type[WebDriverException]\n        e = ErrorCode()\n        error_codes = [item for item in dir(e) if not item.startswith(\"__\")]\n        for error_code in error_codes:\n            error_info = getattr(ErrorCode, error_code)\n            if isinstance(error_info, list) and status in error_info:\n                exception_class = getattr(ExceptionMapping, error_code, WebDriverException)\n                break\n        else:\n            exception_class = WebDriverException\n    \n        if not value:\n            value = response[\"value\"]\n        if isinstance(value, str):\n            raise exception_class(value)\n        if message == \"\" and \"message\" in value:\n            message = value[\"message\"]\n    \n        screen = None  # type: ignore[assignment]\n        if \"screen\" in value:\n            screen = value[\"screen\"]\n    \n        stacktrace = None\n        st_value = value.get(\"stackTrace\") or value.get(\"stacktrace\")\n        if st_value:\n            if isinstance(st_value, str):\n                stacktrace = st_value.split(\"\\n\")\n            else:\n                stacktrace = []\n                try:\n                    for frame in st_value:\n                        line = frame.get(\"lineNumber\", \"\")\n                        file = frame.get(\"fileName\", \"<anonymous>\")\n                        if line:\n                            file = f\"{file}:{line}\"\n                        meth = frame.get(\"methodName\", \"<anonymous>\")\n                        if \"className\" in frame:\n                            meth = f\"{frame['className']}.{meth}\"\n                        msg = \"    at %s (%s)\"\n                        msg = msg % (meth, file)\n                        stacktrace.append(msg)\n                except TypeError:\n                    pass\n        if exception_class == UnexpectedAlertPresentException:\n            alert_text = None\n            if \"data\" in value:\n                alert_text = value[\"data\"].get(\"text\")\n            elif \"alert\" in value:\n                alert_text = value[\"alert\"].get(\"text\")\n            raise exception_class(message, screen, stacktrace, alert_text)  # type: ignore[call-arg]  # mypy is not smart enough here\n>       raise exception_class(message, screen, stacktrace)\nE       selenium.common.exceptions.NoSuchElementException: Message: no such element: Unable to locate element: {\"method\":\"css selector\",\"selector\":\"[id=\"ContentPlaceHolderDefault_ctl13_nptLLPG2_25_addresslookup_txtTmpPostcode\"]\"}\nE         (Session info: chrome-headless-shell=126.0.6478.114); For documentation on this error, please visit: https://www.selenium.dev/documentation/webdriver/troubleshooting/errors#no-such-element-exception\nE       Stacktrace:\nE       #0 0x56549ce2969a <unknown>\nE       #1 0x56549cb0c0dc <unknown>\nE       #2 0x56549cb58931 <unknown>\nE       #3 0x56549cb58a21 <unknown>\nE       #4 0x56549cb9d234 <unknown>\nE       #5 0x56549cb7b89d <unknown>\nE       #6 0x56549cb9a5c3 <unknown>\nE       #7 0x56549cb7b613 <unknown>\nE       #8 0x56549cb4b4f7 <unknown>\nE       #9 0x56549cb4be4e <unknown>\nE       #10 0x56549cdef86b <unknown>\nE       #11 0x56549cdf3911 <unknown>\nE       #12 0x56549cddb35e <unknown>\nE       #13 0x56549cdf4472 <unknown>\nE       #14 0x56549cdbfcbf <unknown>\nE       #15 0x56549ce19098 <unknown>\nE       #16 0x56549ce19270 <unknown>\nE       #17 0x56549ce287cc <unknown>\nE       #18 0x7fbb43aa9ac3 <unknown>\n\n../../../.cache/pypoetry/virtualenvs/uk-bin-collection-EwS6Gn8s-py3.12/lib/python3.12/site-packages/selenium/webdriver/remote/errorhandler.py:229: NoSuchElementException","flaky":false,"newFailed":false,"newBroken":false,"newPassed":false,"retriesCount":0,"retriesStatusChange":false,"beforeStages":[],"testStage":{"status":"failed","statusMessage":"selenium.common.exceptions.NoSuchElementException: Message: no such element: Unable to locate element: {\"method\":\"css selector\",\"selector\":\"[id=\"ContentPlaceHolderDefault_ctl13_nptLLPG2_25_addresslookup_txtTmpPostcode\"]\"}\n  (Session info: chrome-headless-shell=126.0.6478.114); For documentation on this error, please visit: https://www.selenium.dev/documentation/webdriver/troubleshooting/errors#no-such-element-exception\nStacktrace:\n#0 0x56549ce2969a <unknown>\n#1 0x56549cb0c0dc <unknown>\n#2 0x56549cb58931 <unknown>\n#3 0x56549cb58a21 <unknown>\n#4 0x56549cb9d234 <unknown>\n#5 0x56549cb7b89d <unknown>\n#6 0x56549cb9a5c3 <unknown>\n#7 0x56549cb7b613 <unknown>\n#8 0x56549cb4b4f7 <unknown>\n#9 0x56549cb4be4e <unknown>\n#10 0x56549cdef86b <unknown>\n#11 0x56549cdf3911 <unknown>\n#12 0x56549cddb35e <unknown>\n#13 0x56549cdf4472 <unknown>\n#14 0x56549cdbfcbf <unknown>\n#15 0x56549ce19098 <unknown>\n#16 0x56549ce19270 <unknown>\n#17 0x56549ce287cc <unknown>\n#18 0x7fbb43aa9ac3 <unknown>","statusTrace":"fixturefunc = <function scrape_step at 0x7fb9c6a31080>\nrequest = <FixtureRequest for <Function test_scenario_outline[NeathPortTalbotCouncil]>>\nkwargs = {'context': <test_validate_council.Context object at 0x7fb9c7714680>, 'headless_mode': 'True', 'local_browser': 'False', 'selenium_url': 'http://localhost:4444'}\n\n    def call_fixture_func(\n        fixturefunc: _FixtureFunc[FixtureValue], request: FixtureRequest, kwargs\n    ) -> FixtureValue:\n        if is_generator(fixturefunc):\n            fixturefunc = cast(\n                Callable[..., Generator[FixtureValue, None, None]], fixturefunc\n            )\n            generator = fixturefunc(**kwargs)\n            try:\n                fixture_result = next(generator)\n            except StopIteration:\n                raise ValueError(f\"{request.fixturename} did not yield a value\") from None\n            finalizer = functools.partial(_teardown_yield_fixture, fixturefunc, generator)\n            request.addfinalizer(finalizer)\n        else:\n            fixturefunc = cast(Callable[..., FixtureValue], fixturefunc)\n>           fixture_result = fixturefunc(**kwargs)\n\n../../../.cache/pypoetry/virtualenvs/uk-bin-collection-EwS6Gn8s-py3.12/lib/python3.12/site-packages/_pytest/fixtures.py:897: \n_ _ _ _ _ _ _ _ _ _ _ _ _ _ _ _ _ _ _ _ _ _ _ _ _ _ _ _ _ _ _ _ _ _ _ _ _ _ _ _ \nuk_bin_collection/tests/step_defs/test_validate_council.py:100: in scrape_step\n    context.parse_result = CollectData.run()\nuk_bin_collection/uk_bin_collection/collect_data.py:101: in run\n    return self.client_code(\nuk_bin_collection/uk_bin_collection/collect_data.py:121: in client_code\n    return get_bin_data_class.template_method(address_url, **kwargs)\nuk_bin_collection/uk_bin_collection/get_bin_data.py:61: in template_method\n    bin_data_dict = self.get_and_parse_data(this_url, **kwargs)\nuk_bin_collection/uk_bin_collection/get_bin_data.py:84: in get_and_parse_data\n    bin_data_dict = self.parse_data(\"\", url=address_url, **kwargs)\nuk_bin_collection/uk_bin_collection/councils/NeathPortTalbotCouncil.py:43: in parse_data\n    inputElement_postcode = driver.find_element(\n../../../.cache/pypoetry/virtualenvs/uk-bin-collection-EwS6Gn8s-py3.12/lib/python3.12/site-packages/selenium/webdriver/remote/webdriver.py:748: in find_element\n    return self.execute(Command.FIND_ELEMENT, {\"using\": by, \"value\": value})[\"value\"]\n../../../.cache/pypoetry/virtualenvs/uk-bin-collection-EwS6Gn8s-py3.12/lib/python3.12/site-packages/selenium/webdriver/remote/webdriver.py:354: in execute\n    self.error_handler.check_response(response)\n_ _ _ _ _ _ _ _ _ _ _ _ _ _ _ _ _ _ _ _ _ _ _ _ _ _ _ _ _ _ _ _ _ _ _ _ _ _ _ _ \n\nself = <selenium.webdriver.remote.errorhandler.ErrorHandler object at 0x7fb9c89f15b0>\nresponse = {'status': 404, 'value': '{\"value\":{\"error\":\"no such element\",\"message\":\"no such element: Unable to locate element: {\\...\\\\n#16 0x56549ce19270 \\\\u003Cunknown>\\\\n#17 0x56549ce287cc \\\\u003Cunknown>\\\\n#18 0x7fbb43aa9ac3 \\\\u003Cunknown>\\\\n\"}}'}\n\n    def check_response(self, response: Dict[str, Any]) -> None:\n        \"\"\"Checks that a JSON response from the WebDriver does not have an\n        error.\n    \n        :Args:\n         - response - The JSON response from the WebDriver server as a dictionary\n           object.\n    \n        :Raises: If the response contains an error message.\n        \"\"\"\n        status = response.get(\"status\", None)\n        if not status or status == ErrorCode.SUCCESS:\n            return\n        value = None\n        message = response.get(\"message\", \"\")\n        screen: str = response.get(\"screen\", \"\")\n        stacktrace = None\n        if isinstance(status, int):\n            value_json = response.get(\"value\", None)\n            if value_json and isinstance(value_json, str):\n                import json\n    \n                try:\n                    value = json.loads(value_json)\n                    if len(value) == 1:\n                        value = value[\"value\"]\n                    status = value.get(\"error\", None)\n                    if not status:\n                        status = value.get(\"status\", ErrorCode.UNKNOWN_ERROR)\n                        message = value.get(\"value\") or value.get(\"message\")\n                        if not isinstance(message, str):\n                            value = message\n                            message = message.get(\"message\")\n                    else:\n                        message = value.get(\"message\", None)\n                except ValueError:\n                    pass\n    \n        exception_class: Type[WebDriverException]\n        e = ErrorCode()\n        error_codes = [item for item in dir(e) if not item.startswith(\"__\")]\n        for error_code in error_codes:\n            error_info = getattr(ErrorCode, error_code)\n            if isinstance(error_info, list) and status in error_info:\n                exception_class = getattr(ExceptionMapping, error_code, WebDriverException)\n                break\n        else:\n            exception_class = WebDriverException\n    \n        if not value:\n            value = response[\"value\"]\n        if isinstance(value, str):\n            raise exception_class(value)\n        if message == \"\" and \"message\" in value:\n            message = value[\"message\"]\n    \n        screen = None  # type: ignore[assignment]\n        if \"screen\" in value:\n            screen = value[\"screen\"]\n    \n        stacktrace = None\n        st_value = value.get(\"stackTrace\") or value.get(\"stacktrace\")\n        if st_value:\n            if isinstance(st_value, str):\n                stacktrace = st_value.split(\"\\n\")\n            else:\n                stacktrace = []\n                try:\n                    for frame in st_value:\n                        line = frame.get(\"lineNumber\", \"\")\n                        file = frame.get(\"fileName\", \"<anonymous>\")\n                        if line:\n                            file = f\"{file}:{line}\"\n                        meth = frame.get(\"methodName\", \"<anonymous>\")\n                        if \"className\" in frame:\n                            meth = f\"{frame['className']}.{meth}\"\n                        msg = \"    at %s (%s)\"\n                        msg = msg % (meth, file)\n                        stacktrace.append(msg)\n                except TypeError:\n                    pass\n        if exception_class == UnexpectedAlertPresentException:\n            alert_text = None\n            if \"data\" in value:\n                alert_text = value[\"data\"].get(\"text\")\n            elif \"alert\" in value:\n                alert_text = value[\"alert\"].get(\"text\")\n            raise exception_class(message, screen, stacktrace, alert_text)  # type: ignore[call-arg]  # mypy is not smart enough here\n>       raise exception_class(message, screen, stacktrace)\nE       selenium.common.exceptions.NoSuchElementException: Message: no such element: Unable to locate element: {\"method\":\"css selector\",\"selector\":\"[id=\"ContentPlaceHolderDefault_ctl13_nptLLPG2_25_addresslookup_txtTmpPostcode\"]\"}\nE         (Session info: chrome-headless-shell=126.0.6478.114); For documentation on this error, please visit: https://www.selenium.dev/documentation/webdriver/troubleshooting/errors#no-such-element-exception\nE       Stacktrace:\nE       #0 0x56549ce2969a <unknown>\nE       #1 0x56549cb0c0dc <unknown>\nE       #2 0x56549cb58931 <unknown>\nE       #3 0x56549cb58a21 <unknown>\nE       #4 0x56549cb9d234 <unknown>\nE       #5 0x56549cb7b89d <unknown>\nE       #6 0x56549cb9a5c3 <unknown>\nE       #7 0x56549cb7b613 <unknown>\nE       #8 0x56549cb4b4f7 <unknown>\nE       #9 0x56549cb4be4e <unknown>\nE       #10 0x56549cdef86b <unknown>\nE       #11 0x56549cdf3911 <unknown>\nE       #12 0x56549cddb35e <unknown>\nE       #13 0x56549cdf4472 <unknown>\nE       #14 0x56549cdbfcbf <unknown>\nE       #15 0x56549ce19098 <unknown>\nE       #16 0x56549ce19270 <unknown>\nE       #17 0x56549ce287cc <unknown>\nE       #18 0x7fbb43aa9ac3 <unknown>\n\n../../../.cache/pypoetry/virtualenvs/uk-bin-collection-EwS6Gn8s-py3.12/lib/python3.12/site-packages/selenium/webdriver/remote/errorhandler.py:229: NoSuchElementException","steps":[{"name":"Given the council","time":{"start":1721520891727,"stop":1721520891727,"duration":0},"status":"passed","steps":[],"attachments":[],"parameters":[],"shouldDisplayMessage":false,"stepsCount":0,"attachmentsCount":0,"hasContent":false,"attachmentStep":false},{"name":"When we scrape the data from the council","time":{"start":1721520891727,"stop":1721520968859,"duration":77132},"status":"failed","statusMessage":"Message: no such element: Unable to locate element: {\"method\":\"css selector\",\"selector\":\"[id=\"ContentPlaceHolderDefault_ctl13_nptLLPG2_25_addresslookup_txtTmpPostcode\"]\"}\n  (Session info: chrome-headless-shell=126.0.6478.114); For documentation on this error, please visit: https://www.selenium.dev/documentation/webdriver/troubleshooting/errors#no-such-element-exception\nStacktrace:\n#0 0x56549ce2969a <unknown>\n#1 0x56549cb0c0dc <unknown>\n#2 0x56549cb58931 <unknown>\n#3 0x56549cb58a21 <unknown>\n#4 0x56549cb9d234 <unknown>\n#5 0x56549cb7b89d <unknown>\n#6 0x56549cb9a5c3 <unknown>\n#7 0x56549cb7b613 <unknown>\n#8 0x56549cb4b4f7 <unknown>\n#9 0x56549cb4be4e <unknown>\n#10 0x56549cdef86b <unknown>\n#11 0x56549cdf3911 <unknown>\n#12 0x56549cddb35e <unknown>\n#13 0x56549cdf4472 <unknown>\n#14 0x56549cdbfcbf <unknown>\n#15 0x56549ce19098 <unknown>\n#16 0x56549ce19270 <unknown>\n#17 0x56549ce287cc <unknown>\n#18 0x7fbb43aa9ac3 <unknown>\n","statusTrace":"selenium.common.exceptions.NoSuchElementException: Message: no such element: Unable to locate element: {\"method\":\"css selector\",\"selector\":\"[id=\"ContentPlaceHolderDefault_ctl13_nptLLPG2_25_addresslookup_txtTmpPostcode\"]\"}\n  (Session info: chrome-headless-shell=126.0.6478.114); For documentation on this error, please visit: https://www.selenium.dev/documentation/webdriver/troubleshooting/errors#no-such-element-exception\nStacktrace:\n#0 0x56549ce2969a <unknown>\n#1 0x56549cb0c0dc <unknown>\n#2 0x56549cb58931 <unknown>\n#3 0x56549cb58a21 <unknown>\n#4 0x56549cb9d234 <unknown>\n#5 0x56549cb7b89d <unknown>\n#6 0x56549cb9a5c3 <unknown>\n#7 0x56549cb7b613 <unknown>\n#8 0x56549cb4b4f7 <unknown>\n#9 0x56549cb4be4e <unknown>\n#10 0x56549cdef86b <unknown>\n#11 0x56549cdf3911 <unknown>\n#12 0x56549cddb35e <unknown>\n#13 0x56549cdf4472 <unknown>\n#14 0x56549cdbfcbf <unknown>\n#15 0x56549ce19098 <unknown>\n#16 0x56549ce19270 <unknown>\n#17 0x56549ce287cc <unknown>\n#18 0x7fbb43aa9ac3 <unknown>\n\n","steps":[],"attachments":[],"parameters":[],"shouldDisplayMessage":true,"stepsCount":0,"attachmentsCount":0,"hasContent":true,"attachmentStep":false}],"attachments":[{"uid":"a0451ff262656014","name":"stdout","source":"a0451ff262656014.txt","type":"text/plain","size":994}],"parameters":[],"shouldDisplayMessage":true,"stepsCount":2,"attachmentsCount":1,"hasContent":true,"attachmentStep":false},"afterStages":[],"labels":[{"name":"host","value":"fv-az1771-969"},{"name":"thread","value":"2760-MainThread"},{"name":"framework","value":"pytest-bdd"},{"name":"language","value":"cpython3"},{"name":"feature","value":"Test each council output matches expected results"},{"name":"resultFormat","value":"allure2"}],"parameters":[{"name":"council","value":"NeathPortTalbotCouncil"}],"links":[],"hidden":false,"retry":false,"extra":{"severity":"normal","retries":[],"categories":[{"name":"Product defects","matchedStatuses":[],"flaky":false}],"history":{"statistic":{"failed":73,"broken":0,"skipped":0,"passed":0,"unknown":0,"total":73},"items":[{"uid":"9d059d446534dd54","reportUrl":"https://robbrad.github.io/UKBinCollectionData/3.12/1987//#testresult/9d059d446534dd54","status":"failed","statusDetails":"selenium.common.exceptions.NoSuchElementException: Message: no such element: Unable to locate element: {\"method\":\"css selector\",\"selector\":\"[id=\"ContentPlaceHolderDefault_ctl13_nptLLPG2_25_addresslookup_txtTmpPostcode\"]\"}\n  (Session info: chrome-headless-shell=126.0.6478.114); For documentation on this error, please visit: https://www.selenium.dev/documentation/webdriver/troubleshooting/errors#no-such-element-exception\nStacktrace:\n#0 0x564e9a30269a <unknown>\n#1 0x564e99fe50dc <unknown>\n#2 0x564e9a031931 <unknown>\n#3 0x564e9a031a21 <unknown>\n#4 0x564e9a076234 <unknown>\n#5 0x564e9a05489d <unknown>\n#6 0x564e9a0735c3 <unknown>\n#7 0x564e9a054613 <unknown>\n#8 0x564e9a0244f7 <unknown>\n#9 0x564e9a024e4e <unknown>\n#10 0x564e9a2c886b <unknown>\n#11 0x564e9a2cc911 <unknown>\n#12 0x564e9a2b435e <unknown>\n#13 0x564e9a2cd472 <unknown>\n#14 0x564e9a298cbf <unknown>\n#15 0x564e9a2f2098 <unknown>\n#16 0x564e9a2f2270 <unknown>\n#17 0x564e9a3017cc <unknown>\n#18 0x7fa59b534ac3 <unknown>","time":{"start":1721434472564,"stop":1721434500593,"duration":28029}},{"uid":"1ff9ac77402650bd","reportUrl":"https://robbrad.github.io/UKBinCollectionData/3.12/1986//#testresult/1ff9ac77402650bd","status":"failed","statusDetails":"selenium.common.exceptions.NoSuchElementException: Message: no such element: Unable to locate element: {\"method\":\"css selector\",\"selector\":\"[id=\"ContentPlaceHolderDefault_ctl13_nptLLPG2_25_addresslookup_txtTmpPostcode\"]\"}\n  (Session info: chrome-headless-shell=126.0.6478.114); For documentation on this error, please visit: https://www.selenium.dev/documentation/webdriver/troubleshooting/errors#no-such-element-exception\nStacktrace:\n#0 0x563de870d69a <unknown>\n#1 0x563de83f00dc <unknown>\n#2 0x563de843c931 <unknown>\n#3 0x563de843ca21 <unknown>\n#4 0x563de8481234 <unknown>\n#5 0x563de845f89d <unknown>\n#6 0x563de847e5c3 <unknown>\n#7 0x563de845f613 <unknown>\n#8 0x563de842f4f7 <unknown>\n#9 0x563de842fe4e <unknown>\n#10 0x563de86d386b <unknown>\n#11 0x563de86d7911 <unknown>\n#12 0x563de86bf35e <unknown>\n#13 0x563de86d8472 <unknown>\n#14 0x563de86a3cbf <unknown>\n#15 0x563de86fd098 <unknown>\n#16 0x563de86fd270 <unknown>\n#17 0x563de870c7cc <unknown>\n#18 0x7f8d76a01ac3 <unknown>","time":{"start":1721372620695,"stop":1721372644859,"duration":24164}},{"uid":"c1774c6cf033b24f","reportUrl":"https://robbrad.github.io/UKBinCollectionData/3.12/1985//#testresult/c1774c6cf033b24f","status":"failed","statusDetails":"selenium.common.exceptions.ElementClickInterceptedException: Message: element click intercepted: Element is not clickable at point (589, 627)\n  (Session info: chrome-headless-shell=126.0.6478.114)\nStacktrace:\n#0 0x56203693169a <unknown>\n#1 0x5620366140dc <unknown>\n#2 0x5620366676c6 <unknown>\n#3 0x562036665516 <unknown>\n#4 0x562036662ef7 <unknown>\n#5 0x562036661d2c <unknown>\n#6 0x56203665540f <unknown>\n#7 0x562036683872 <unknown>\n#8 0x562036654d89 <unknown>\n#9 0x562036683a3e <unknown>\n#10 0x5620366a25c3 <unknown>\n#11 0x562036683613 <unknown>\n#12 0x5620366534f7 <unknown>\n#13 0x562036653e4e <unknown>\n#14 0x5620368f786b <unknown>\n#15 0x5620368fb911 <unknown>\n#16 0x5620368e335e <unknown>\n#17 0x5620368fc472 <unknown>\n#18 0x5620368c7cbf <unknown>\n#19 0x562036921098 <unknown>\n#20 0x562036921270 <unknown>\n#21 0x5620369307cc <unknown>\n#22 0x7ff072962ac3 <unknown>","time":{"start":1721263590519,"stop":1721263613542,"duration":23023}},{"uid":"d1ed33cb8ab37763","reportUrl":"https://robbrad.github.io/UKBinCollectionData/3.12/1984//#testresult/d1ed33cb8ab37763","status":"failed","statusDetails":"selenium.common.exceptions.TimeoutException: Message: \nStacktrace:\n#0 0x555a6e7f169a <unknown>\n#1 0x555a6e4d40dc <unknown>\n#2 0x555a6e520931 <unknown>\n#3 0x555a6e520a21 <unknown>\n#4 0x555a6e565234 <unknown>\n#5 0x555a6e54389d <unknown>\n#6 0x555a6e5625c3 <unknown>\n#7 0x555a6e543613 <unknown>\n#8 0x555a6e5134f7 <unknown>\n#9 0x555a6e513e4e <unknown>\n#10 0x555a6e7b786b <unknown>\n#11 0x555a6e7bb911 <unknown>\n#12 0x555a6e7a335e <unknown>\n#13 0x555a6e7bc472 <unknown>\n#14 0x555a6e787cbf <unknown>\n#15 0x555a6e7e1098 <unknown>\n#16 0x555a6e7e1270 <unknown>\n#17 0x555a6e7f07cc <unknown>\n#18 0x7f793fd89ac3 <unknown>","time":{"start":1721176946810,"stop":1721177030846,"duration":84036}},{"uid":"df8318139d154242","reportUrl":"https://robbrad.github.io/UKBinCollectionData/3.12/1983//#testresult/df8318139d154242","status":"failed","statusDetails":"selenium.common.exceptions.TimeoutException: Message: \nStacktrace:\n#0 0x555ec435569a <unknown>\n#1 0x555ec40380dc <unknown>\n#2 0x555ec4084931 <unknown>\n#3 0x555ec4084a21 <unknown>\n#4 0x555ec40c9234 <unknown>\n#5 0x555ec40a789d <unknown>\n#6 0x555ec40c65c3 <unknown>\n#7 0x555ec40a7613 <unknown>\n#8 0x555ec40774f7 <unknown>\n#9 0x555ec4077e4e <unknown>\n#10 0x555ec431b86b <unknown>\n#11 0x555ec431f911 <unknown>\n#12 0x555ec430735e <unknown>\n#13 0x555ec4320472 <unknown>\n#14 0x555ec42ebcbf <unknown>\n#15 0x555ec4345098 <unknown>\n#16 0x555ec4345270 <unknown>\n#17 0x555ec43547cc <unknown>\n#18 0x7fc9a6113ac3 <unknown>","time":{"start":1721090532271,"stop":1721090561599,"duration":29328}},{"uid":"a362d4124ccaf8cb","reportUrl":"https://robbrad.github.io/UKBinCollectionData/3.12/1982//#testresult/a362d4124ccaf8cb","status":"failed","statusDetails":"selenium.common.exceptions.NoSuchElementException: Message: no such element: Unable to locate element: {\"method\":\"css selector\",\"selector\":\"[id=\"ContentPlaceHolderDefault_ctl13_nptLLPG2_25_addresslookup_txtTmpPostcode\"]\"}\n  (Session info: chrome-headless-shell=126.0.6478.114); For documentation on this error, please visit: https://www.selenium.dev/documentation/webdriver/troubleshooting/errors#no-such-element-exception\nStacktrace:\n#0 0x55eaebecc69a <unknown>\n#1 0x55eaebbaf0dc <unknown>\n#2 0x55eaebbfb931 <unknown>\n#3 0x55eaebbfba21 <unknown>\n#4 0x55eaebc40234 <unknown>\n#5 0x55eaebc1e89d <unknown>\n#6 0x55eaebc3d5c3 <unknown>\n#7 0x55eaebc1e613 <unknown>\n#8 0x55eaebbee4f7 <unknown>\n#9 0x55eaebbeee4e <unknown>\n#10 0x55eaebe9286b <unknown>\n#11 0x55eaebe96911 <unknown>\n#12 0x55eaebe7e35e <unknown>\n#13 0x55eaebe97472 <unknown>\n#14 0x55eaebe62cbf <unknown>\n#15 0x55eaebebc098 <unknown>\n#16 0x55eaebebc270 <unknown>\n#17 0x55eaebecb7cc <unknown>\n#18 0x7f31ab708ac3 <unknown>","time":{"start":1721004270112,"stop":1721004377668,"duration":107556}},{"uid":"d0c13af6d5b1568e","reportUrl":"https://robbrad.github.io/UKBinCollectionData/3.12/1981//#testresult/d0c13af6d5b1568e","status":"failed","statusDetails":"selenium.common.exceptions.ElementClickInterceptedException: Message: element click intercepted: Element is not clickable at point (589, 636)\n  (Session info: chrome-headless-shell=126.0.6478.114)\nStacktrace:\n#0 0x55f35ffbd69a <unknown>\n#1 0x55f35fca00dc <unknown>\n#2 0x55f35fcf36c6 <unknown>\n#3 0x55f35fcf1516 <unknown>\n#4 0x55f35fceeef7 <unknown>\n#5 0x55f35fcedd2c <unknown>\n#6 0x55f35fce140f <unknown>\n#7 0x55f35fd0f872 <unknown>\n#8 0x55f35fce0d89 <unknown>\n#9 0x55f35fd0fa3e <unknown>\n#10 0x55f35fd2e5c3 <unknown>\n#11 0x55f35fd0f613 <unknown>\n#12 0x55f35fcdf4f7 <unknown>\n#13 0x55f35fcdfe4e <unknown>\n#14 0x55f35ff8386b <unknown>\n#15 0x55f35ff87911 <unknown>\n#16 0x55f35ff6f35e <unknown>\n#17 0x55f35ff88472 <unknown>\n#18 0x55f35ff53cbf <unknown>\n#19 0x55f35ffad098 <unknown>\n#20 0x55f35ffad270 <unknown>\n#21 0x55f35ffbc7cc <unknown>\n#22 0x7f17d5a29ac3 <unknown>","time":{"start":1720917949458,"stop":1720918031769,"duration":82311}},{"uid":"e88d6e119de375d5","reportUrl":"https://robbrad.github.io/UKBinCollectionData/3.12/1980//#testresult/e88d6e119de375d5","status":"failed","statusDetails":"selenium.common.exceptions.NoSuchElementException: Message: no such element: Unable to locate element: {\"method\":\"css selector\",\"selector\":\"[id=\"ContentPlaceHolderDefault_ctl13_nptLLPG2_25_addresslookup_txtTmpPostcode\"]\"}\n  (Session info: chrome-headless-shell=126.0.6478.114); For documentation on this error, please visit: https://www.selenium.dev/documentation/webdriver/troubleshooting/errors#no-such-element-exception\nStacktrace:\n#0 0x5579a9aac69a <unknown>\n#1 0x5579a978f0dc <unknown>\n#2 0x5579a97db931 <unknown>\n#3 0x5579a97dba21 <unknown>\n#4 0x5579a9820234 <unknown>\n#5 0x5579a97fe89d <unknown>\n#6 0x5579a981d5c3 <unknown>\n#7 0x5579a97fe613 <unknown>\n#8 0x5579a97ce4f7 <unknown>\n#9 0x5579a97cee4e <unknown>\n#10 0x5579a9a7286b <unknown>\n#11 0x5579a9a76911 <unknown>\n#12 0x5579a9a5e35e <unknown>\n#13 0x5579a9a77472 <unknown>\n#14 0x5579a9a42cbf <unknown>\n#15 0x5579a9a9c098 <unknown>\n#16 0x5579a9a9c270 <unknown>\n#17 0x5579a9aab7cc <unknown>\n#18 0x7f726bf17ac3 <unknown>","time":{"start":1720831347131,"stop":1720831432011,"duration":84880}},{"uid":"a9be8b92a1ac546c","reportUrl":"https://robbrad.github.io/UKBinCollectionData/3.12/1979//#testresult/a9be8b92a1ac546c","status":"failed","statusDetails":"selenium.common.exceptions.NoSuchElementException: Message: no such element: Unable to locate element: {\"method\":\"css selector\",\"selector\":\"[id=\"ContentPlaceHolderDefault_ctl13_nptLLPG2_25_addresslookup_txtTmpPostcode\"]\"}\n  (Session info: chrome-headless-shell=126.0.6478.114); For documentation on this error, please visit: https://www.selenium.dev/documentation/webdriver/troubleshooting/errors#no-such-element-exception\nStacktrace:\n#0 0x565457c5669a <unknown>\n#1 0x5654579390dc <unknown>\n#2 0x565457985931 <unknown>\n#3 0x565457985a21 <unknown>\n#4 0x5654579ca234 <unknown>\n#5 0x5654579a889d <unknown>\n#6 0x5654579c75c3 <unknown>\n#7 0x5654579a8613 <unknown>\n#8 0x5654579784f7 <unknown>\n#9 0x565457978e4e <unknown>\n#10 0x565457c1c86b <unknown>\n#11 0x565457c20911 <unknown>\n#12 0x565457c0835e <unknown>\n#13 0x565457c21472 <unknown>\n#14 0x565457beccbf <unknown>\n#15 0x565457c46098 <unknown>\n#16 0x565457c46270 <unknown>\n#17 0x565457c557cc <unknown>\n#18 0x7f0913e5dac3 <unknown>","time":{"start":1720744871726,"stop":1720744918477,"duration":46751}},{"uid":"2697ea79ea6fa84a","reportUrl":"https://robbrad.github.io/UKBinCollectionData/3.12/1978//#testresult/2697ea79ea6fa84a","status":"failed","statusDetails":"selenium.common.exceptions.NoSuchElementException: Message: no such element: Unable to locate element: {\"method\":\"css selector\",\"selector\":\"[id=\"ContentPlaceHolderDefault_ctl13_nptLLPG2_25_addresslookup_txtTmpPostcode\"]\"}\n  (Session info: chrome-headless-shell=126.0.6478.114); For documentation on this error, please visit: https://www.selenium.dev/documentation/webdriver/troubleshooting/errors#no-such-element-exception\nStacktrace:\n#0 0x5612fea5069a <unknown>\n#1 0x5612fe7330dc <unknown>\n#2 0x5612fe77f931 <unknown>\n#3 0x5612fe77fa21 <unknown>\n#4 0x5612fe7c4234 <unknown>\n#5 0x5612fe7a289d <unknown>\n#6 0x5612fe7c15c3 <unknown>\n#7 0x5612fe7a2613 <unknown>\n#8 0x5612fe7724f7 <unknown>\n#9 0x5612fe772e4e <unknown>\n#10 0x5612fea1686b <unknown>\n#11 0x5612fea1a911 <unknown>\n#12 0x5612fea0235e <unknown>\n#13 0x5612fea1b472 <unknown>\n#14 0x5612fe9e6cbf <unknown>\n#15 0x5612fea40098 <unknown>\n#16 0x5612fea40270 <unknown>\n#17 0x5612fea4f7cc <unknown>\n#18 0x7f28e546aac3 <unknown>","time":{"start":1720658549385,"stop":1720658631065,"duration":81680}},{"uid":"eea6c3cc5656b56d","reportUrl":"https://robbrad.github.io/UKBinCollectionData/3.12/1977//#testresult/eea6c3cc5656b56d","status":"failed","statusDetails":"selenium.common.exceptions.NoSuchElementException: Message: no such element: Unable to locate element: {\"method\":\"css selector\",\"selector\":\"[id=\"ContentPlaceHolderDefault_ctl13_nptLLPG2_25_addresslookup_txtTmpPostcode\"]\"}\n  (Session info: chrome-headless-shell=126.0.6478.114); For documentation on this error, please visit: https://www.selenium.dev/documentation/webdriver/troubleshooting/errors#no-such-element-exception\nStacktrace:\n#0 0x55f06108669a <unknown>\n#1 0x55f060d690dc <unknown>\n#2 0x55f060db5931 <unknown>\n#3 0x55f060db5a21 <unknown>\n#4 0x55f060dfa234 <unknown>\n#5 0x55f060dd889d <unknown>\n#6 0x55f060df75c3 <unknown>\n#7 0x55f060dd8613 <unknown>\n#8 0x55f060da84f7 <unknown>\n#9 0x55f060da8e4e <unknown>\n#10 0x55f06104c86b <unknown>\n#11 0x55f061050911 <unknown>\n#12 0x55f06103835e <unknown>\n#13 0x55f061051472 <unknown>\n#14 0x55f06101ccbf <unknown>\n#15 0x55f061076098 <unknown>\n#16 0x55f061076270 <unknown>\n#17 0x55f0610857cc <unknown>\n#18 0x7fb3078ceac3 <unknown>","time":{"start":1720572150635,"stop":1720572185038,"duration":34403}},{"uid":"24ddcf9e44a3948","reportUrl":"https://robbrad.github.io/UKBinCollectionData/3.12/1976//#testresult/24ddcf9e44a3948","status":"failed","statusDetails":"selenium.common.exceptions.NoSuchElementException: Message: no such element: Unable to locate element: {\"method\":\"css selector\",\"selector\":\"[id=\"ContentPlaceHolderDefault_ctl13_nptLLPG2_25_addresslookup_txtTmpPostcode\"]\"}\n  (Session info: chrome-headless-shell=126.0.6478.114); For documentation on this error, please visit: https://www.selenium.dev/documentation/webdriver/troubleshooting/errors#no-such-element-exception\nStacktrace:\n#0 0x5653f975a69a <unknown>\n#1 0x5653f943d0dc <unknown>\n#2 0x5653f9489931 <unknown>\n#3 0x5653f9489a21 <unknown>\n#4 0x5653f94ce234 <unknown>\n#5 0x5653f94ac89d <unknown>\n#6 0x5653f94cb5c3 <unknown>\n#7 0x5653f94ac613 <unknown>\n#8 0x5653f947c4f7 <unknown>\n#9 0x5653f947ce4e <unknown>\n#10 0x5653f972086b <unknown>\n#11 0x5653f9724911 <unknown>\n#12 0x5653f970c35e <unknown>\n#13 0x5653f9725472 <unknown>\n#14 0x5653f96f0cbf <unknown>\n#15 0x5653f974a098 <unknown>\n#16 0x5653f974a270 <unknown>\n#17 0x5653f97597cc <unknown>\n#18 0x7fec36860ac3 <unknown>","time":{"start":1720485272748,"stop":1720485288633,"duration":15885}},{"uid":"74f26f5a61caabbf","reportUrl":"https://robbrad.github.io/UKBinCollectionData/3.12/1975//#testresult/74f26f5a61caabbf","status":"failed","statusDetails":"selenium.common.exceptions.NoSuchElementException: Message: no such element: Unable to locate element: {\"method\":\"css selector\",\"selector\":\"[id=\"ContentPlaceHolderDefault_ctl13_nptLLPG2_25_addresslookup_txtTmpPostcode\"]\"}\n  (Session info: chrome-headless-shell=126.0.6478.114); For documentation on this error, please visit: https://www.selenium.dev/documentation/webdriver/troubleshooting/errors#no-such-element-exception\nStacktrace:\n#0 0x55efb85df69a <unknown>\n#1 0x55efb82c20dc <unknown>\n#2 0x55efb830e931 <unknown>\n#3 0x55efb830ea21 <unknown>\n#4 0x55efb8353234 <unknown>\n#5 0x55efb833189d <unknown>\n#6 0x55efb83505c3 <unknown>\n#7 0x55efb8331613 <unknown>\n#8 0x55efb83014f7 <unknown>\n#9 0x55efb8301e4e <unknown>\n#10 0x55efb85a586b <unknown>\n#11 0x55efb85a9911 <unknown>\n#12 0x55efb859135e <unknown>\n#13 0x55efb85aa472 <unknown>\n#14 0x55efb8575cbf <unknown>\n#15 0x55efb85cf098 <unknown>\n#16 0x55efb85cf270 <unknown>\n#17 0x55efb85de7cc <unknown>\n#18 0x7f049bd51ac3 <unknown>","time":{"start":1720399109280,"stop":1720399128434,"duration":19154}},{"uid":"ef4f51fd99c63e29","reportUrl":"https://robbrad.github.io/UKBinCollectionData/3.12/1971//#testresult/ef4f51fd99c63e29","status":"failed","statusDetails":"selenium.common.exceptions.NoSuchElementException: Message: no such element: Unable to locate element: {\"method\":\"css selector\",\"selector\":\"[id=\"ContentPlaceHolderDefault_ctl13_nptLLPG2_25_addresslookup_txtTmpPostcode\"]\"}\n  (Session info: chrome-headless-shell=126.0.6478.114); For documentation on this error, please visit: https://www.selenium.dev/documentation/webdriver/troubleshooting/errors#no-such-element-exception\nStacktrace:\n#0 0x558a70c3769a <unknown>\n#1 0x558a7091a0dc <unknown>\n#2 0x558a70966931 <unknown>\n#3 0x558a70966a21 <unknown>\n#4 0x558a709ab234 <unknown>\n#5 0x558a7098989d <unknown>\n#6 0x558a709a85c3 <unknown>\n#7 0x558a70989613 <unknown>\n#8 0x558a709594f7 <unknown>\n#9 0x558a70959e4e <unknown>\n#10 0x558a70bfd86b <unknown>\n#11 0x558a70c01911 <unknown>\n#12 0x558a70be935e <unknown>\n#13 0x558a70c02472 <unknown>\n#14 0x558a70bcdcbf <unknown>\n#15 0x558a70c27098 <unknown>\n#16 0x558a70c27270 <unknown>\n#17 0x558a70c367cc <unknown>\n#18 0x7fe86ea4bac3 <unknown>","time":{"start":1720312817035,"stop":1720312886952,"duration":69917}},{"uid":"9e3040b0dbba5896","reportUrl":"https://robbrad.github.io/UKBinCollectionData/3.12/1970//#testresult/9e3040b0dbba5896","status":"failed","statusDetails":"selenium.common.exceptions.NoSuchElementException: Message: no such element: Unable to locate element: {\"method\":\"css selector\",\"selector\":\"[id=\"ContentPlaceHolderDefault_ctl13_nptLLPG2_25_addresslookup_txtTmpPostcode\"]\"}\n  (Session info: chrome-headless-shell=126.0.6478.114); For documentation on this error, please visit: https://www.selenium.dev/documentation/webdriver/troubleshooting/errors#no-such-element-exception\nStacktrace:\n#0 0x560d82e6b69a <unknown>\n#1 0x560d82b4e0dc <unknown>\n#2 0x560d82b9a931 <unknown>\n#3 0x560d82b9aa21 <unknown>\n#4 0x560d82bdf234 <unknown>\n#5 0x560d82bbd89d <unknown>\n#6 0x560d82bdc5c3 <unknown>\n#7 0x560d82bbd613 <unknown>\n#8 0x560d82b8d4f7 <unknown>\n#9 0x560d82b8de4e <unknown>\n#10 0x560d82e3186b <unknown>\n#11 0x560d82e35911 <unknown>\n#12 0x560d82e1d35e <unknown>\n#13 0x560d82e36472 <unknown>\n#14 0x560d82e01cbf <unknown>\n#15 0x560d82e5b098 <unknown>\n#16 0x560d82e5b270 <unknown>\n#17 0x560d82e6a7cc <unknown>\n#18 0x7f618af7cac3 <unknown>","time":{"start":1720226057824,"stop":1720226077976,"duration":20152}},{"uid":"373730819037e7cb","reportUrl":"https://robbrad.github.io/UKBinCollectionData/3.12/1969//#testresult/373730819037e7cb","status":"failed","statusDetails":"selenium.common.exceptions.ElementClickInterceptedException: Message: element click intercepted: Element is not clickable at point (589, 642)\n  (Session info: chrome-headless-shell=126.0.6478.114)\nStacktrace:\n#0 0x56286a3ba69a <unknown>\n#1 0x56286a09d0dc <unknown>\n#2 0x56286a0f06c6 <unknown>\n#3 0x56286a0ee516 <unknown>\n#4 0x56286a0ebef7 <unknown>\n#5 0x56286a0ead2c <unknown>\n#6 0x56286a0de40f <unknown>\n#7 0x56286a10c872 <unknown>\n#8 0x56286a0ddd89 <unknown>\n#9 0x56286a10ca3e <unknown>\n#10 0x56286a12b5c3 <unknown>\n#11 0x56286a10c613 <unknown>\n#12 0x56286a0dc4f7 <unknown>\n#13 0x56286a0dce4e <unknown>\n#14 0x56286a38086b <unknown>\n#15 0x56286a384911 <unknown>\n#16 0x56286a36c35e <unknown>\n#17 0x56286a385472 <unknown>\n#18 0x56286a350cbf <unknown>\n#19 0x56286a3aa098 <unknown>\n#20 0x56286a3aa270 <unknown>\n#21 0x56286a3b97cc <unknown>\n#22 0x7fb911a78ac3 <unknown>","time":{"start":1720139592920,"stop":1720139664033,"duration":71113}},{"uid":"c803b5ded24271c3","reportUrl":"https://robbrad.github.io/UKBinCollectionData/3.12/1968//#testresult/c803b5ded24271c3","status":"failed","statusDetails":"selenium.common.exceptions.NoSuchElementException: Message: no such element: Unable to locate element: {\"method\":\"css selector\",\"selector\":\"[id=\"ContentPlaceHolderDefault_ctl13_nptLLPG2_25_addresslookup_txtTmpPostcode\"]\"}\n  (Session info: chrome-headless-shell=126.0.6478.114); For documentation on this error, please visit: https://www.selenium.dev/documentation/webdriver/troubleshooting/errors#no-such-element-exception\nStacktrace:\n#0 0x55b478eca69a <unknown>\n#1 0x55b478bad0dc <unknown>\n#2 0x55b478bf9931 <unknown>\n#3 0x55b478bf9a21 <unknown>\n#4 0x55b478c3e234 <unknown>\n#5 0x55b478c1c89d <unknown>\n#6 0x55b478c3b5c3 <unknown>\n#7 0x55b478c1c613 <unknown>\n#8 0x55b478bec4f7 <unknown>\n#9 0x55b478bece4e <unknown>\n#10 0x55b478e9086b <unknown>\n#11 0x55b478e94911 <unknown>\n#12 0x55b478e7c35e <unknown>\n#13 0x55b478e95472 <unknown>\n#14 0x55b478e60cbf <unknown>\n#15 0x55b478eba098 <unknown>\n#16 0x55b478eba270 <unknown>\n#17 0x55b478ec97cc <unknown>\n#18 0x7f01a0493ac3 <unknown>","time":{"start":1720053246596,"stop":1720053296573,"duration":49977}},{"uid":"2e6f695bddb96f6","reportUrl":"https://robbrad.github.io/UKBinCollectionData/3.12/1967//#testresult/2e6f695bddb96f6","status":"failed","statusDetails":"selenium.common.exceptions.NoSuchElementException: Message: no such element: Unable to locate element: {\"method\":\"css selector\",\"selector\":\"[id=\"ContentPlaceHolderDefault_ctl13_nptLLPG2_25_addresslookup_txtTmpPostcode\"]\"}\n  (Session info: chrome-headless-shell=126.0.6478.114); For documentation on this error, please visit: https://www.selenium.dev/documentation/webdriver/troubleshooting/errors#no-such-element-exception\nStacktrace:\n#0 0x5596f806869a <unknown>\n#1 0x5596f7d4b0dc <unknown>\n#2 0x5596f7d97931 <unknown>\n#3 0x5596f7d97a21 <unknown>\n#4 0x5596f7ddc234 <unknown>\n#5 0x5596f7dba89d <unknown>\n#6 0x5596f7dd95c3 <unknown>\n#7 0x5596f7dba613 <unknown>\n#8 0x5596f7d8a4f7 <unknown>\n#9 0x5596f7d8ae4e <unknown>\n#10 0x5596f802e86b <unknown>\n#11 0x5596f8032911 <unknown>\n#12 0x5596f801a35e <unknown>\n#13 0x5596f8033472 <unknown>\n#14 0x5596f7ffecbf <unknown>\n#15 0x5596f8058098 <unknown>\n#16 0x5596f8058270 <unknown>\n#17 0x5596f80677cc <unknown>\n#18 0x7f6ffb3c4ac3 <unknown>","time":{"start":1719966807019,"stop":1719966846921,"duration":39902}},{"uid":"ffa859c6696c9e36","reportUrl":"https://robbrad.github.io/UKBinCollectionData/3.12/1966//#testresult/ffa859c6696c9e36","status":"failed","statusDetails":"selenium.common.exceptions.NoSuchElementException: Message: no such element: Unable to locate element: {\"method\":\"css selector\",\"selector\":\"[id=\"ContentPlaceHolderDefault_ctl13_nptLLPG2_25_addresslookup_txtTmpPostcode\"]\"}\n  (Session info: chrome-headless-shell=126.0.6478.114); For documentation on this error, please visit: https://www.selenium.dev/documentation/webdriver/troubleshooting/errors#no-such-element-exception\nStacktrace:\n#0 0x55fa3ac7969a <unknown>\n#1 0x55fa3a95c0dc <unknown>\n#2 0x55fa3a9a8931 <unknown>\n#3 0x55fa3a9a8a21 <unknown>\n#4 0x55fa3a9ed234 <unknown>\n#5 0x55fa3a9cb89d <unknown>\n#6 0x55fa3a9ea5c3 <unknown>\n#7 0x55fa3a9cb613 <unknown>\n#8 0x55fa3a99b4f7 <unknown>\n#9 0x55fa3a99be4e <unknown>\n#10 0x55fa3ac3f86b <unknown>\n#11 0x55fa3ac43911 <unknown>\n#12 0x55fa3ac2b35e <unknown>\n#13 0x55fa3ac44472 <unknown>\n#14 0x55fa3ac0fcbf <unknown>\n#15 0x55fa3ac69098 <unknown>\n#16 0x55fa3ac69270 <unknown>\n#17 0x55fa3ac787cc <unknown>\n#18 0x7f8bd6cf3ac3 <unknown>","time":{"start":1719880486900,"stop":1719880504877,"duration":17977}},{"uid":"87e2217f3f3cd47f","reportUrl":"https://robbrad.github.io/UKBinCollectionData/3.12/1965//#testresult/87e2217f3f3cd47f","status":"failed","statusDetails":"selenium.common.exceptions.NoSuchElementException: Message: no such element: Unable to locate element: {\"method\":\"css selector\",\"selector\":\"[id=\"ContentPlaceHolderDefault_ctl13_nptLLPG2_25_addresslookup_txtTmpPostcode\"]\"}\n  (Session info: chrome-headless-shell=126.0.6478.114); For documentation on this error, please visit: https://www.selenium.dev/documentation/webdriver/troubleshooting/errors#no-such-element-exception\nStacktrace:\n#0 0x561ad26ce69a <unknown>\n#1 0x561ad23b10dc <unknown>\n#2 0x561ad23fd931 <unknown>\n#3 0x561ad23fda21 <unknown>\n#4 0x561ad2442234 <unknown>\n#5 0x561ad242089d <unknown>\n#6 0x561ad243f5c3 <unknown>\n#7 0x561ad2420613 <unknown>\n#8 0x561ad23f04f7 <unknown>\n#9 0x561ad23f0e4e <unknown>\n#10 0x561ad269486b <unknown>\n#11 0x561ad2698911 <unknown>\n#12 0x561ad268035e <unknown>\n#13 0x561ad2699472 <unknown>\n#14 0x561ad2664cbf <unknown>\n#15 0x561ad26be098 <unknown>\n#16 0x561ad26be270 <unknown>\n#17 0x561ad26cd7cc <unknown>\n#18 0x7f18c024dac3 <unknown>","time":{"start":1719794565306,"stop":1719794607131,"duration":41825}}]},"tags":[]},"source":"4833578954f5a6ed.json","parameterValues":["NeathPortTalbotCouncil"]}