{"uid":"29602feac53dbc2c","name":"Validate Council Output [NeathPortTalbotCouncil]","fullName":"features/validate_council_outputs.feature:Validate Council Output","historyId":"6a7795e00df27bb2a2723cbd96dd78a1","time":{"start":1726273214605,"stop":1726273220796,"duration":6191},"status":"failed","statusMessage":"selenium.common.exceptions.NoSuchElementException: Message: no such element: Unable to locate element: {\"method\":\"css selector\",\"selector\":\"[id=\"ContentPlaceHolderDefault_ctl13_nptLLPG2_25_addresslookup_txtTmpPostcode\"]\"}\n  (Session info: chrome=128.0.6613.119); For documentation on this error, please visit: https://www.selenium.dev/documentation/webdriver/troubleshooting/errors#no-such-element-exception\nStacktrace:\n#0 0x55ec4f59b86a <unknown>\n#1 0x55ec4f269e50 <unknown>\n#2 0x55ec4f2b9644 <unknown>\n#3 0x55ec4f2b9931 <unknown>\n#4 0x55ec4f2ff534 <unknown>\n#5 0x55ec4f2de4bd <unknown>\n#6 0x55ec4f2fc9c6 <unknown>\n#7 0x55ec4f2de233 <unknown>\n#8 0x55ec4f2ac093 <unknown>\n#9 0x55ec4f2ad09e <unknown>\n#10 0x55ec4f562acb <unknown>\n#11 0x55ec4f566a81 <unknown>\n#12 0x55ec4f54e695 <unknown>\n#13 0x55ec4f5675f2 <unknown>\n#14 0x55ec4f53386f <unknown>\n#15 0x55ec4f58a668 <unknown>\n#16 0x55ec4f58a832 <unknown>\n#17 0x55ec4f59a65c <unknown>\n#18 0x7f7a6b3e0a94 <unknown>\n#19 0x7f7a6b46da34 __clone","statusTrace":"fixturefunc = <function scrape_step at 0x7f0087759300>\nrequest = <FixtureRequest for <Function test_scenario_outline[NeathPortTalbotCouncil]>>\nkwargs = {'context': <test_validate_council.Context object at 0x7f00875d9790>, 'headless_mode': 'True', 'local_browser': 'False', 'selenium_url': 'http://localhost:4444'}\n\n    def call_fixture_func(\n        fixturefunc: _FixtureFunc[FixtureValue], request: FixtureRequest, kwargs\n    ) -> FixtureValue:\n        if is_generator(fixturefunc):\n            fixturefunc = cast(\n                Callable[..., Generator[FixtureValue, None, None]], fixturefunc\n            )\n            generator = fixturefunc(**kwargs)\n            try:\n                fixture_result = next(generator)\n            except StopIteration:\n                raise ValueError(f\"{request.fixturename} did not yield a value\") from None\n            finalizer = functools.partial(_teardown_yield_fixture, fixturefunc, generator)\n            request.addfinalizer(finalizer)\n        else:\n            fixturefunc = cast(Callable[..., FixtureValue], fixturefunc)\n>           fixture_result = fixturefunc(**kwargs)\n\n../../../.cache/pypoetry/virtualenvs/uk-bin-collection-EwS6Gn8s-py3.11/lib/python3.11/site-packages/_pytest/fixtures.py:898: \n_ _ _ _ _ _ _ _ _ _ _ _ _ _ _ _ _ _ _ _ _ _ _ _ _ _ _ _ _ _ _ _ _ _ _ _ _ _ _ _ \nuk_bin_collection/tests/step_defs/test_validate_council.py:100: in scrape_step\n    context.parse_result = CollectData.run()\nuk_bin_collection/uk_bin_collection/collect_data.py:101: in run\n    return self.client_code(\nuk_bin_collection/uk_bin_collection/collect_data.py:121: in client_code\n    return get_bin_data_class.template_method(address_url, **kwargs)\nuk_bin_collection/uk_bin_collection/get_bin_data.py:61: in template_method\n    bin_data_dict = self.get_and_parse_data(this_url, **kwargs)\nuk_bin_collection/uk_bin_collection/get_bin_data.py:84: in get_and_parse_data\n    bin_data_dict = self.parse_data(\"\", url=address_url, **kwargs)\nuk_bin_collection/uk_bin_collection/councils/NeathPortTalbotCouncil.py:43: in parse_data\n    inputElement_postcode = driver.find_element(\n../../../.cache/pypoetry/virtualenvs/uk-bin-collection-EwS6Gn8s-py3.11/lib/python3.11/site-packages/selenium/webdriver/remote/webdriver.py:748: in find_element\n    return self.execute(Command.FIND_ELEMENT, {\"using\": by, \"value\": value})[\"value\"]\n../../../.cache/pypoetry/virtualenvs/uk-bin-collection-EwS6Gn8s-py3.11/lib/python3.11/site-packages/selenium/webdriver/remote/webdriver.py:354: in execute\n    self.error_handler.check_response(response)\n_ _ _ _ _ _ _ _ _ _ _ _ _ _ _ _ _ _ _ _ _ _ _ _ _ _ _ _ _ _ _ _ _ _ _ _ _ _ _ _ \n\nself = <selenium.webdriver.remote.errorhandler.ErrorHandler object at 0x7f0098b44750>\nresponse = {'status': 404, 'value': '{\"value\":{\"error\":\"no such element\",\"message\":\"no such element: Unable to locate element: {\\...unknown>\\\\n#17 0x55ec4f59a65c \\\\u003Cunknown>\\\\n#18 0x7f7a6b3e0a94 \\\\u003Cunknown>\\\\n#19 0x7f7a6b46da34 __clone\\\\n\"}}'}\n\n    def check_response(self, response: Dict[str, Any]) -> None:\n        \"\"\"Checks that a JSON response from the WebDriver does not have an\n        error.\n    \n        :Args:\n         - response - The JSON response from the WebDriver server as a dictionary\n           object.\n    \n        :Raises: If the response contains an error message.\n        \"\"\"\n        status = response.get(\"status\", None)\n        if not status or status == ErrorCode.SUCCESS:\n            return\n        value = None\n        message = response.get(\"message\", \"\")\n        screen: str = response.get(\"screen\", \"\")\n        stacktrace = None\n        if isinstance(status, int):\n            value_json = response.get(\"value\", None)\n            if value_json and isinstance(value_json, str):\n                import json\n    \n                try:\n                    value = json.loads(value_json)\n                    if len(value) == 1:\n                        value = value[\"value\"]\n                    status = value.get(\"error\", None)\n                    if not status:\n                        status = value.get(\"status\", ErrorCode.UNKNOWN_ERROR)\n                        message = value.get(\"value\") or value.get(\"message\")\n                        if not isinstance(message, str):\n                            value = message\n                            message = message.get(\"message\")\n                    else:\n                        message = value.get(\"message\", None)\n                except ValueError:\n                    pass\n    \n        exception_class: Type[WebDriverException]\n        e = ErrorCode()\n        error_codes = [item for item in dir(e) if not item.startswith(\"__\")]\n        for error_code in error_codes:\n            error_info = getattr(ErrorCode, error_code)\n            if isinstance(error_info, list) and status in error_info:\n                exception_class = getattr(ExceptionMapping, error_code, WebDriverException)\n                break\n        else:\n            exception_class = WebDriverException\n    \n        if not value:\n            value = response[\"value\"]\n        if isinstance(value, str):\n            raise exception_class(value)\n        if message == \"\" and \"message\" in value:\n            message = value[\"message\"]\n    \n        screen = None  # type: ignore[assignment]\n        if \"screen\" in value:\n            screen = value[\"screen\"]\n    \n        stacktrace = None\n        st_value = value.get(\"stackTrace\") or value.get(\"stacktrace\")\n        if st_value:\n            if isinstance(st_value, str):\n                stacktrace = st_value.split(\"\\n\")\n            else:\n                stacktrace = []\n                try:\n                    for frame in st_value:\n                        line = frame.get(\"lineNumber\", \"\")\n                        file = frame.get(\"fileName\", \"<anonymous>\")\n                        if line:\n                            file = f\"{file}:{line}\"\n                        meth = frame.get(\"methodName\", \"<anonymous>\")\n                        if \"className\" in frame:\n                            meth = f\"{frame['className']}.{meth}\"\n                        msg = \"    at %s (%s)\"\n                        msg = msg % (meth, file)\n                        stacktrace.append(msg)\n                except TypeError:\n                    pass\n        if exception_class == UnexpectedAlertPresentException:\n            alert_text = None\n            if \"data\" in value:\n                alert_text = value[\"data\"].get(\"text\")\n            elif \"alert\" in value:\n                alert_text = value[\"alert\"].get(\"text\")\n            raise exception_class(message, screen, stacktrace, alert_text)  # type: ignore[call-arg]  # mypy is not smart enough here\n>       raise exception_class(message, screen, stacktrace)\nE       selenium.common.exceptions.NoSuchElementException: Message: no such element: Unable to locate element: {\"method\":\"css selector\",\"selector\":\"[id=\"ContentPlaceHolderDefault_ctl13_nptLLPG2_25_addresslookup_txtTmpPostcode\"]\"}\nE         (Session info: chrome=128.0.6613.119); For documentation on this error, please visit: https://www.selenium.dev/documentation/webdriver/troubleshooting/errors#no-such-element-exception\nE       Stacktrace:\nE       #0 0x55ec4f59b86a <unknown>\nE       #1 0x55ec4f269e50 <unknown>\nE       #2 0x55ec4f2b9644 <unknown>\nE       #3 0x55ec4f2b9931 <unknown>\nE       #4 0x55ec4f2ff534 <unknown>\nE       #5 0x55ec4f2de4bd <unknown>\nE       #6 0x55ec4f2fc9c6 <unknown>\nE       #7 0x55ec4f2de233 <unknown>\nE       #8 0x55ec4f2ac093 <unknown>\nE       #9 0x55ec4f2ad09e <unknown>\nE       #10 0x55ec4f562acb <unknown>\nE       #11 0x55ec4f566a81 <unknown>\nE       #12 0x55ec4f54e695 <unknown>\nE       #13 0x55ec4f5675f2 <unknown>\nE       #14 0x55ec4f53386f <unknown>\nE       #15 0x55ec4f58a668 <unknown>\nE       #16 0x55ec4f58a832 <unknown>\nE       #17 0x55ec4f59a65c <unknown>\nE       #18 0x7f7a6b3e0a94 <unknown>\nE       #19 0x7f7a6b46da34 __clone\n\n../../../.cache/pypoetry/virtualenvs/uk-bin-collection-EwS6Gn8s-py3.11/lib/python3.11/site-packages/selenium/webdriver/remote/errorhandler.py:229: NoSuchElementException","flaky":false,"newFailed":false,"newBroken":false,"newPassed":false,"retriesCount":0,"retriesStatusChange":false,"beforeStages":[],"testStage":{"status":"failed","statusMessage":"selenium.common.exceptions.NoSuchElementException: Message: no such element: Unable to locate element: {\"method\":\"css selector\",\"selector\":\"[id=\"ContentPlaceHolderDefault_ctl13_nptLLPG2_25_addresslookup_txtTmpPostcode\"]\"}\n  (Session info: chrome=128.0.6613.119); For documentation on this error, please visit: https://www.selenium.dev/documentation/webdriver/troubleshooting/errors#no-such-element-exception\nStacktrace:\n#0 0x55ec4f59b86a <unknown>\n#1 0x55ec4f269e50 <unknown>\n#2 0x55ec4f2b9644 <unknown>\n#3 0x55ec4f2b9931 <unknown>\n#4 0x55ec4f2ff534 <unknown>\n#5 0x55ec4f2de4bd <unknown>\n#6 0x55ec4f2fc9c6 <unknown>\n#7 0x55ec4f2de233 <unknown>\n#8 0x55ec4f2ac093 <unknown>\n#9 0x55ec4f2ad09e <unknown>\n#10 0x55ec4f562acb <unknown>\n#11 0x55ec4f566a81 <unknown>\n#12 0x55ec4f54e695 <unknown>\n#13 0x55ec4f5675f2 <unknown>\n#14 0x55ec4f53386f <unknown>\n#15 0x55ec4f58a668 <unknown>\n#16 0x55ec4f58a832 <unknown>\n#17 0x55ec4f59a65c <unknown>\n#18 0x7f7a6b3e0a94 <unknown>\n#19 0x7f7a6b46da34 __clone","statusTrace":"fixturefunc = <function scrape_step at 0x7f0087759300>\nrequest = <FixtureRequest for <Function test_scenario_outline[NeathPortTalbotCouncil]>>\nkwargs = {'context': <test_validate_council.Context object at 0x7f00875d9790>, 'headless_mode': 'True', 'local_browser': 'False', 'selenium_url': 'http://localhost:4444'}\n\n    def call_fixture_func(\n        fixturefunc: _FixtureFunc[FixtureValue], request: FixtureRequest, kwargs\n    ) -> FixtureValue:\n        if is_generator(fixturefunc):\n            fixturefunc = cast(\n                Callable[..., Generator[FixtureValue, None, None]], fixturefunc\n            )\n            generator = fixturefunc(**kwargs)\n            try:\n                fixture_result = next(generator)\n            except StopIteration:\n                raise ValueError(f\"{request.fixturename} did not yield a value\") from None\n            finalizer = functools.partial(_teardown_yield_fixture, fixturefunc, generator)\n            request.addfinalizer(finalizer)\n        else:\n            fixturefunc = cast(Callable[..., FixtureValue], fixturefunc)\n>           fixture_result = fixturefunc(**kwargs)\n\n../../../.cache/pypoetry/virtualenvs/uk-bin-collection-EwS6Gn8s-py3.11/lib/python3.11/site-packages/_pytest/fixtures.py:898: \n_ _ _ _ _ _ _ _ _ _ _ _ _ _ _ _ _ _ _ _ _ _ _ _ _ _ _ _ _ _ _ _ _ _ _ _ _ _ _ _ \nuk_bin_collection/tests/step_defs/test_validate_council.py:100: in scrape_step\n    context.parse_result = CollectData.run()\nuk_bin_collection/uk_bin_collection/collect_data.py:101: in run\n    return self.client_code(\nuk_bin_collection/uk_bin_collection/collect_data.py:121: in client_code\n    return get_bin_data_class.template_method(address_url, **kwargs)\nuk_bin_collection/uk_bin_collection/get_bin_data.py:61: in template_method\n    bin_data_dict = self.get_and_parse_data(this_url, **kwargs)\nuk_bin_collection/uk_bin_collection/get_bin_data.py:84: in get_and_parse_data\n    bin_data_dict = self.parse_data(\"\", url=address_url, **kwargs)\nuk_bin_collection/uk_bin_collection/councils/NeathPortTalbotCouncil.py:43: in parse_data\n    inputElement_postcode = driver.find_element(\n../../../.cache/pypoetry/virtualenvs/uk-bin-collection-EwS6Gn8s-py3.11/lib/python3.11/site-packages/selenium/webdriver/remote/webdriver.py:748: in find_element\n    return self.execute(Command.FIND_ELEMENT, {\"using\": by, \"value\": value})[\"value\"]\n../../../.cache/pypoetry/virtualenvs/uk-bin-collection-EwS6Gn8s-py3.11/lib/python3.11/site-packages/selenium/webdriver/remote/webdriver.py:354: in execute\n    self.error_handler.check_response(response)\n_ _ _ _ _ _ _ _ _ _ _ _ _ _ _ _ _ _ _ _ _ _ _ _ _ _ _ _ _ _ _ _ _ _ _ _ _ _ _ _ \n\nself = <selenium.webdriver.remote.errorhandler.ErrorHandler object at 0x7f0098b44750>\nresponse = {'status': 404, 'value': '{\"value\":{\"error\":\"no such element\",\"message\":\"no such element: Unable to locate element: {\\...unknown>\\\\n#17 0x55ec4f59a65c \\\\u003Cunknown>\\\\n#18 0x7f7a6b3e0a94 \\\\u003Cunknown>\\\\n#19 0x7f7a6b46da34 __clone\\\\n\"}}'}\n\n    def check_response(self, response: Dict[str, Any]) -> None:\n        \"\"\"Checks that a JSON response from the WebDriver does not have an\n        error.\n    \n        :Args:\n         - response - The JSON response from the WebDriver server as a dictionary\n           object.\n    \n        :Raises: If the response contains an error message.\n        \"\"\"\n        status = response.get(\"status\", None)\n        if not status or status == ErrorCode.SUCCESS:\n            return\n        value = None\n        message = response.get(\"message\", \"\")\n        screen: str = response.get(\"screen\", \"\")\n        stacktrace = None\n        if isinstance(status, int):\n            value_json = response.get(\"value\", None)\n            if value_json and isinstance(value_json, str):\n                import json\n    \n                try:\n                    value = json.loads(value_json)\n                    if len(value) == 1:\n                        value = value[\"value\"]\n                    status = value.get(\"error\", None)\n                    if not status:\n                        status = value.get(\"status\", ErrorCode.UNKNOWN_ERROR)\n                        message = value.get(\"value\") or value.get(\"message\")\n                        if not isinstance(message, str):\n                            value = message\n                            message = message.get(\"message\")\n                    else:\n                        message = value.get(\"message\", None)\n                except ValueError:\n                    pass\n    \n        exception_class: Type[WebDriverException]\n        e = ErrorCode()\n        error_codes = [item for item in dir(e) if not item.startswith(\"__\")]\n        for error_code in error_codes:\n            error_info = getattr(ErrorCode, error_code)\n            if isinstance(error_info, list) and status in error_info:\n                exception_class = getattr(ExceptionMapping, error_code, WebDriverException)\n                break\n        else:\n            exception_class = WebDriverException\n    \n        if not value:\n            value = response[\"value\"]\n        if isinstance(value, str):\n            raise exception_class(value)\n        if message == \"\" and \"message\" in value:\n            message = value[\"message\"]\n    \n        screen = None  # type: ignore[assignment]\n        if \"screen\" in value:\n            screen = value[\"screen\"]\n    \n        stacktrace = None\n        st_value = value.get(\"stackTrace\") or value.get(\"stacktrace\")\n        if st_value:\n            if isinstance(st_value, str):\n                stacktrace = st_value.split(\"\\n\")\n            else:\n                stacktrace = []\n                try:\n                    for frame in st_value:\n                        line = frame.get(\"lineNumber\", \"\")\n                        file = frame.get(\"fileName\", \"<anonymous>\")\n                        if line:\n                            file = f\"{file}:{line}\"\n                        meth = frame.get(\"methodName\", \"<anonymous>\")\n                        if \"className\" in frame:\n                            meth = f\"{frame['className']}.{meth}\"\n                        msg = \"    at %s (%s)\"\n                        msg = msg % (meth, file)\n                        stacktrace.append(msg)\n                except TypeError:\n                    pass\n        if exception_class == UnexpectedAlertPresentException:\n            alert_text = None\n            if \"data\" in value:\n                alert_text = value[\"data\"].get(\"text\")\n            elif \"alert\" in value:\n                alert_text = value[\"alert\"].get(\"text\")\n            raise exception_class(message, screen, stacktrace, alert_text)  # type: ignore[call-arg]  # mypy is not smart enough here\n>       raise exception_class(message, screen, stacktrace)\nE       selenium.common.exceptions.NoSuchElementException: Message: no such element: Unable to locate element: {\"method\":\"css selector\",\"selector\":\"[id=\"ContentPlaceHolderDefault_ctl13_nptLLPG2_25_addresslookup_txtTmpPostcode\"]\"}\nE         (Session info: chrome=128.0.6613.119); For documentation on this error, please visit: https://www.selenium.dev/documentation/webdriver/troubleshooting/errors#no-such-element-exception\nE       Stacktrace:\nE       #0 0x55ec4f59b86a <unknown>\nE       #1 0x55ec4f269e50 <unknown>\nE       #2 0x55ec4f2b9644 <unknown>\nE       #3 0x55ec4f2b9931 <unknown>\nE       #4 0x55ec4f2ff534 <unknown>\nE       #5 0x55ec4f2de4bd <unknown>\nE       #6 0x55ec4f2fc9c6 <unknown>\nE       #7 0x55ec4f2de233 <unknown>\nE       #8 0x55ec4f2ac093 <unknown>\nE       #9 0x55ec4f2ad09e <unknown>\nE       #10 0x55ec4f562acb <unknown>\nE       #11 0x55ec4f566a81 <unknown>\nE       #12 0x55ec4f54e695 <unknown>\nE       #13 0x55ec4f5675f2 <unknown>\nE       #14 0x55ec4f53386f <unknown>\nE       #15 0x55ec4f58a668 <unknown>\nE       #16 0x55ec4f58a832 <unknown>\nE       #17 0x55ec4f59a65c <unknown>\nE       #18 0x7f7a6b3e0a94 <unknown>\nE       #19 0x7f7a6b46da34 __clone\n\n../../../.cache/pypoetry/virtualenvs/uk-bin-collection-EwS6Gn8s-py3.11/lib/python3.11/site-packages/selenium/webdriver/remote/errorhandler.py:229: NoSuchElementException","steps":[{"name":"Given the council","time":{"start":1726273214605,"stop":1726273214606,"duration":1},"status":"passed","steps":[],"attachments":[],"parameters":[],"shouldDisplayMessage":false,"stepsCount":0,"attachmentsCount":0,"hasContent":false,"attachmentStep":false},{"name":"When we scrape the data from the council","time":{"start":1726273214606,"stop":1726273220796,"duration":6190},"status":"failed","statusMessage":"Message: no such element: Unable to locate element: {\"method\":\"css selector\",\"selector\":\"[id=\"ContentPlaceHolderDefault_ctl13_nptLLPG2_25_addresslookup_txtTmpPostcode\"]\"}\n  (Session info: chrome=128.0.6613.119); For documentation on this error, please visit: https://www.selenium.dev/documentation/webdriver/troubleshooting/errors#no-such-element-exception\nStacktrace:\n#0 0x55ec4f59b86a <unknown>\n#1 0x55ec4f269e50 <unknown>\n#2 0x55ec4f2b9644 <unknown>\n#3 0x55ec4f2b9931 <unknown>\n#4 0x55ec4f2ff534 <unknown>\n#5 0x55ec4f2de4bd <unknown>\n#6 0x55ec4f2fc9c6 <unknown>\n#7 0x55ec4f2de233 <unknown>\n#8 0x55ec4f2ac093 <unknown>\n#9 0x55ec4f2ad09e <unknown>\n#10 0x55ec4f562acb <unknown>\n#11 0x55ec4f566a81 <unknown>\n#12 0x55ec4f54e695 <unknown>\n#13 0x55ec4f5675f2 <unknown>\n#14 0x55ec4f53386f <unknown>\n#15 0x55ec4f58a668 <unknown>\n#16 0x55ec4f58a832 <unknown>\n#17 0x55ec4f59a65c <unknown>\n#18 0x7f7a6b3e0a94 <unknown>\n#19 0x7f7a6b46da34 __clone\n","statusTrace":"selenium.common.exceptions.NoSuchElementException: Message: no such element: Unable to locate element: {\"method\":\"css selector\",\"selector\":\"[id=\"ContentPlaceHolderDefault_ctl13_nptLLPG2_25_addresslookup_txtTmpPostcode\"]\"}\n  (Session info: chrome=128.0.6613.119); For documentation on this error, please visit: https://www.selenium.dev/documentation/webdriver/troubleshooting/errors#no-such-element-exception\nStacktrace:\n#0 0x55ec4f59b86a <unknown>\n#1 0x55ec4f269e50 <unknown>\n#2 0x55ec4f2b9644 <unknown>\n#3 0x55ec4f2b9931 <unknown>\n#4 0x55ec4f2ff534 <unknown>\n#5 0x55ec4f2de4bd <unknown>\n#6 0x55ec4f2fc9c6 <unknown>\n#7 0x55ec4f2de233 <unknown>\n#8 0x55ec4f2ac093 <unknown>\n#9 0x55ec4f2ad09e <unknown>\n#10 0x55ec4f562acb <unknown>\n#11 0x55ec4f566a81 <unknown>\n#12 0x55ec4f54e695 <unknown>\n#13 0x55ec4f5675f2 <unknown>\n#14 0x55ec4f53386f <unknown>\n#15 0x55ec4f58a668 <unknown>\n#16 0x55ec4f58a832 <unknown>\n#17 0x55ec4f59a65c <unknown>\n#18 0x7f7a6b3e0a94 <unknown>\n#19 0x7f7a6b46da34 __clone\n\n","steps":[],"attachments":[],"parameters":[],"shouldDisplayMessage":true,"stepsCount":0,"attachmentsCount":0,"hasContent":true,"attachmentStep":false}],"attachments":[{"uid":"26a806b5baceeb4b","name":"stdout","source":"26a806b5baceeb4b.txt","type":"text/plain","size":1006}],"parameters":[],"shouldDisplayMessage":true,"stepsCount":2,"attachmentsCount":1,"hasContent":true,"attachmentStep":false},"afterStages":[],"labels":[{"name":"host","value":"fv-az1487-913"},{"name":"thread","value":"2782-MainThread"},{"name":"framework","value":"pytest-bdd"},{"name":"language","value":"cpython3"},{"name":"feature","value":"Test each council output matches expected results"},{"name":"resultFormat","value":"allure2"}],"parameters":[{"name":"council","value":"NeathPortTalbotCouncil"}],"links":[],"hidden":false,"retry":false,"extra":{"severity":"normal","retries":[],"categories":[{"name":"Product defects","matchedStatuses":[],"flaky":false}],"history":{"statistic":{"failed":174,"broken":0,"skipped":0,"passed":9,"unknown":0,"total":183},"items":[{"uid":"a18c6b6166fb131d","reportUrl":"https://robbrad.github.io/UKBinCollectionData/3.11/2113//#testresult/a18c6b6166fb131d","status":"failed","statusDetails":"selenium.common.exceptions.NoSuchElementException: Message: no such element: Unable to locate element: {\"method\":\"css selector\",\"selector\":\"[id=\"ContentPlaceHolderDefault_ctl13_nptLLPG2_25_addresslookup_txtTmpPostcode\"]\"}\n  (Session info: chrome=128.0.6613.119); For documentation on this error, please visit: https://www.selenium.dev/documentation/webdriver/troubleshooting/errors#no-such-element-exception\nStacktrace:\n#0 0x55759fea486a <unknown>\n#1 0x55759fb72e50 <unknown>\n#2 0x55759fbc2644 <unknown>\n#3 0x55759fbc2931 <unknown>\n#4 0x55759fc08534 <unknown>\n#5 0x55759fbe74bd <unknown>\n#6 0x55759fc059c6 <unknown>\n#7 0x55759fbe7233 <unknown>\n#8 0x55759fbb5093 <unknown>\n#9 0x55759fbb609e <unknown>\n#10 0x55759fe6bacb <unknown>\n#11 0x55759fe6fa81 <unknown>\n#12 0x55759fe57695 <unknown>\n#13 0x55759fe705f2 <unknown>\n#14 0x55759fe3c86f <unknown>\n#15 0x55759fe93668 <unknown>\n#16 0x55759fe93832 <unknown>\n#17 0x55759fea365c <unknown>\n#18 0x7f6c48b60a94 <unknown>\n#19 0x7f6c48beda34 __clone","time":{"start":1726186783438,"stop":1726186791698,"duration":8260}},{"uid":"2b90ac2deb291419","reportUrl":"https://robbrad.github.io/UKBinCollectionData/3.11/2112//#testresult/2b90ac2deb291419","status":"failed","statusDetails":"selenium.common.exceptions.NoSuchElementException: Message: no such element: Unable to locate element: {\"method\":\"css selector\",\"selector\":\"[id=\"ContentPlaceHolderDefault_ctl13_nptLLPG2_25_addresslookup_txtTmpPostcode\"]\"}\n  (Session info: chrome=128.0.6613.119); For documentation on this error, please visit: https://www.selenium.dev/documentation/webdriver/troubleshooting/errors#no-such-element-exception\nStacktrace:\n#0 0x55d0391e186a <unknown>\n#1 0x55d038eafe50 <unknown>\n#2 0x55d038eff644 <unknown>\n#3 0x55d038eff931 <unknown>\n#4 0x55d038f45534 <unknown>\n#5 0x55d038f244bd <unknown>\n#6 0x55d038f429c6 <unknown>\n#7 0x55d038f24233 <unknown>\n#8 0x55d038ef2093 <unknown>\n#9 0x55d038ef309e <unknown>\n#10 0x55d0391a8acb <unknown>\n#11 0x55d0391aca81 <unknown>\n#12 0x55d039194695 <unknown>\n#13 0x55d0391ad5f2 <unknown>\n#14 0x55d03917986f <unknown>\n#15 0x55d0391d0668 <unknown>\n#16 0x55d0391d0832 <unknown>\n#17 0x55d0391e065c <unknown>\n#18 0x7f7105b67a94 <unknown>\n#19 0x7f7105bf4a34 __clone","time":{"start":1726100326790,"stop":1726100336726,"duration":9936}},{"uid":"657ed9cec7f6c674","reportUrl":"https://robbrad.github.io/UKBinCollectionData/3.11/2111//#testresult/657ed9cec7f6c674","status":"failed","statusDetails":"selenium.common.exceptions.NoSuchElementException: Message: no such element: Unable to locate element: {\"method\":\"css selector\",\"selector\":\"[id=\"ContentPlaceHolderDefault_ctl13_nptLLPG2_25_addresslookup_txtTmpPostcode\"]\"}\n  (Session info: chrome=128.0.6613.119); For documentation on this error, please visit: https://www.selenium.dev/documentation/webdriver/troubleshooting/errors#no-such-element-exception\nStacktrace:\n#0 0x564c8862886a <unknown>\n#1 0x564c882f6e50 <unknown>\n#2 0x564c88346644 <unknown>\n#3 0x564c88346931 <unknown>\n#4 0x564c8838c534 <unknown>\n#5 0x564c8836b4bd <unknown>\n#6 0x564c883899c6 <unknown>\n#7 0x564c8836b233 <unknown>\n#8 0x564c88339093 <unknown>\n#9 0x564c8833a09e <unknown>\n#10 0x564c885efacb <unknown>\n#11 0x564c885f3a81 <unknown>\n#12 0x564c885db695 <unknown>\n#13 0x564c885f45f2 <unknown>\n#14 0x564c885c086f <unknown>\n#15 0x564c88617668 <unknown>\n#16 0x564c88617832 <unknown>\n#17 0x564c8862765c <unknown>\n#18 0x7f9a57db7a94 <unknown>\n#19 0x7f9a57e44a34 __clone","time":{"start":1726013938953,"stop":1726013998140,"duration":59187}},{"uid":"c8178de4c2f684d9","reportUrl":"https://robbrad.github.io/UKBinCollectionData/3.11/2109//#testresult/c8178de4c2f684d9","status":"failed","statusDetails":"selenium.common.exceptions.NoSuchElementException: Message: no such element: Unable to locate element: {\"method\":\"css selector\",\"selector\":\"[id=\"ContentPlaceHolderDefault_ctl13_nptLLPG2_25_addresslookup_txtTmpPostcode\"]\"}\n  (Session info: chrome=128.0.6613.119); For documentation on this error, please visit: https://www.selenium.dev/documentation/webdriver/troubleshooting/errors#no-such-element-exception\nStacktrace:\n#0 0x560479c7d86a <unknown>\n#1 0x56047994be50 <unknown>\n#2 0x56047999b644 <unknown>\n#3 0x56047999b931 <unknown>\n#4 0x5604799e1534 <unknown>\n#5 0x5604799c04bd <unknown>\n#6 0x5604799de9c6 <unknown>\n#7 0x5604799c0233 <unknown>\n#8 0x56047998e093 <unknown>\n#9 0x56047998f09e <unknown>\n#10 0x560479c44acb <unknown>\n#11 0x560479c48a81 <unknown>\n#12 0x560479c30695 <unknown>\n#13 0x560479c495f2 <unknown>\n#14 0x560479c1586f <unknown>\n#15 0x560479c6c668 <unknown>\n#16 0x560479c6c832 <unknown>\n#17 0x560479c7c65c <unknown>\n#18 0x7f019f8d2a94 <unknown>\n#19 0x7f019f95fa34 __clone","time":{"start":1725955681119,"stop":1725955738543,"duration":57424}},{"uid":"bcfe42fc891217a1","reportUrl":"https://robbrad.github.io/UKBinCollectionData/3.11/2107//#testresult/bcfe42fc891217a1","status":"failed","statusDetails":"selenium.common.exceptions.ElementNotInteractableException: Message: element not interactable\n  (Session info: chrome=128.0.6613.119)\nStacktrace:\n#0 0x55ba78ab286a <unknown>\n#1 0x55ba78780c91 <unknown>\n#2 0x55ba787d192f <unknown>\n#3 0x55ba787c54d6 <unknown>\n#4 0x55ba787f5492 <unknown>\n#5 0x55ba787c4e89 <unknown>\n#6 0x55ba787f565e <unknown>\n#7 0x55ba788139c6 <unknown>\n#8 0x55ba787f5233 <unknown>\n#9 0x55ba787c3093 <unknown>\n#10 0x55ba787c409e <unknown>\n#11 0x55ba78a79acb <unknown>\n#12 0x55ba78a7da81 <unknown>\n#13 0x55ba78a65695 <unknown>\n#14 0x55ba78a7e5f2 <unknown>\n#15 0x55ba78a4a86f <unknown>\n#16 0x55ba78aa1668 <unknown>\n#17 0x55ba78aa1832 <unknown>\n#18 0x55ba78ab165c <unknown>\n#19 0x7fe7cb8e8a94 <unknown>\n#20 0x7fe7cb975a34 __clone","time":{"start":1725927448035,"stop":1725927473368,"duration":25333}},{"uid":"966e895b130f9b9a","reportUrl":"https://robbrad.github.io/UKBinCollectionData/3.11/2095//#testresult/966e895b130f9b9a","status":"failed","statusDetails":"selenium.common.exceptions.NoSuchElementException: Message: no such element: Unable to locate element: {\"method\":\"css selector\",\"selector\":\"[id=\"ContentPlaceHolderDefault_ctl13_nptLLPG2_25_addresslookup_txtTmpPostcode\"]\"}\n  (Session info: chrome=128.0.6613.119); For documentation on this error, please visit: https://www.selenium.dev/documentation/webdriver/troubleshooting/errors#no-such-element-exception\nStacktrace:\n#0 0x55b03672486a <unknown>\n#1 0x55b0363f2e50 <unknown>\n#2 0x55b036442644 <unknown>\n#3 0x55b036442931 <unknown>\n#4 0x55b036488534 <unknown>\n#5 0x55b0364674bd <unknown>\n#6 0x55b0364859c6 <unknown>\n#7 0x55b036467233 <unknown>\n#8 0x55b036435093 <unknown>\n#9 0x55b03643609e <unknown>\n#10 0x55b0366ebacb <unknown>\n#11 0x55b0366efa81 <unknown>\n#12 0x55b0366d7695 <unknown>\n#13 0x55b0366f05f2 <unknown>\n#14 0x55b0366bc86f <unknown>\n#15 0x55b036713668 <unknown>\n#16 0x55b036713832 <unknown>\n#17 0x55b03672365c <unknown>\n#18 0x7f532b9fda94 <unknown>\n#19 0x7f532ba8aa34 __clone","time":{"start":1725841107902,"stop":1725841143276,"duration":35374}},{"uid":"21ef8a3785aad8d3","reportUrl":"https://robbrad.github.io/UKBinCollectionData/3.11/2093//#testresult/21ef8a3785aad8d3","status":"failed","statusDetails":"selenium.common.exceptions.NoSuchElementException: Message: no such element: Unable to locate element: {\"method\":\"css selector\",\"selector\":\"[id=\"ContentPlaceHolderDefault_ctl13_nptLLPG2_25_addresslookup_txtTmpPostcode\"]\"}\n  (Session info: chrome=128.0.6613.113); For documentation on this error, please visit: https://www.selenium.dev/documentation/webdriver/troubleshooting/errors#no-such-element-exception\nStacktrace:\n#0 0x55d49e38d8da <unknown>\n#1 0x55d49e05be50 <unknown>\n#2 0x55d49e0ab644 <unknown>\n#3 0x55d49e0ab931 <unknown>\n#4 0x55d49e0f1534 <unknown>\n#5 0x55d49e0d04bd <unknown>\n#6 0x55d49e0ee9c6 <unknown>\n#7 0x55d49e0d0233 <unknown>\n#8 0x55d49e09e093 <unknown>\n#9 0x55d49e09f09e <unknown>\n#10 0x55d49e354b3b <unknown>\n#11 0x55d49e358af1 <unknown>\n#12 0x55d49e340705 <unknown>\n#13 0x55d49e359662 <unknown>\n#14 0x55d49e3258df <unknown>\n#15 0x55d49e37c6d8 <unknown>\n#16 0x55d49e37c8a2 <unknown>\n#17 0x55d49e38c6cc <unknown>\n#18 0x7f61ce190a94 <unknown>\n#19 0x7f61ce21da34 __clone","time":{"start":1725754644428,"stop":1725754665978,"duration":21550}},{"uid":"76eb226846ec6907","reportUrl":"https://robbrad.github.io/UKBinCollectionData/3.11/2092//#testresult/76eb226846ec6907","status":"failed","statusDetails":"selenium.common.exceptions.NoSuchElementException: Message: no such element: Unable to locate element: {\"method\":\"css selector\",\"selector\":\"[id=\"ContentPlaceHolderDefault_ctl13_nptLLPG2_25_addresslookup_txtTmpPostcode\"]\"}\n  (Session info: chrome=128.0.6613.113); For documentation on this error, please visit: https://www.selenium.dev/documentation/webdriver/troubleshooting/errors#no-such-element-exception\nStacktrace:\n#0 0x55f96581a8da <unknown>\n#1 0x55f9654e8e50 <unknown>\n#2 0x55f965538644 <unknown>\n#3 0x55f965538931 <unknown>\n#4 0x55f96557e534 <unknown>\n#5 0x55f96555d4bd <unknown>\n#6 0x55f96557b9c6 <unknown>\n#7 0x55f96555d233 <unknown>\n#8 0x55f96552b093 <unknown>\n#9 0x55f96552c09e <unknown>\n#10 0x55f9657e1b3b <unknown>\n#11 0x55f9657e5af1 <unknown>\n#12 0x55f9657cd705 <unknown>\n#13 0x55f9657e6662 <unknown>\n#14 0x55f9657b28df <unknown>\n#15 0x55f9658096d8 <unknown>\n#16 0x55f9658098a2 <unknown>\n#17 0x55f9658196cc <unknown>\n#18 0x7f721f092a94 <unknown>\n#19 0x7f721f11fa34 __clone","time":{"start":1725668260732,"stop":1725668296465,"duration":35733}},{"uid":"687e0baf9366107a","reportUrl":"https://robbrad.github.io/UKBinCollectionData/3.11/2088//#testresult/687e0baf9366107a","status":"failed","statusDetails":"selenium.common.exceptions.NoSuchElementException: Message: no such element: Unable to locate element: {\"method\":\"css selector\",\"selector\":\"[id=\"ContentPlaceHolderDefault_ctl13_nptLLPG2_25_addresslookup_txtTmpPostcode\"]\"}\n  (Session info: chrome=128.0.6613.113); For documentation on this error, please visit: https://www.selenium.dev/documentation/webdriver/troubleshooting/errors#no-such-element-exception\nStacktrace:\n#0 0x5627f2f5f8da <unknown>\n#1 0x5627f2c2de50 <unknown>\n#2 0x5627f2c7d644 <unknown>\n#3 0x5627f2c7d931 <unknown>\n#4 0x5627f2cc3534 <unknown>\n#5 0x5627f2ca24bd <unknown>\n#6 0x5627f2cc09c6 <unknown>\n#7 0x5627f2ca2233 <unknown>\n#8 0x5627f2c70093 <unknown>\n#9 0x5627f2c7109e <unknown>\n#10 0x5627f2f26b3b <unknown>\n#11 0x5627f2f2aaf1 <unknown>\n#12 0x5627f2f12705 <unknown>\n#13 0x5627f2f2b662 <unknown>\n#14 0x5627f2ef78df <unknown>\n#15 0x5627f2f4e6d8 <unknown>\n#16 0x5627f2f4e8a2 <unknown>\n#17 0x5627f2f5e6cc <unknown>\n#18 0x7fc76db7aa94 <unknown>\n#19 0x7fc76dc07a34 __clone","time":{"start":1725581884452,"stop":1725581894705,"duration":10253}},{"uid":"798a8d50407524c1","reportUrl":"https://robbrad.github.io/UKBinCollectionData/3.11/2086//#testresult/798a8d50407524c1","status":"failed","statusDetails":"selenium.common.exceptions.NoSuchElementException: Message: no such element: Unable to locate element: {\"method\":\"css selector\",\"selector\":\"[id=\"ContentPlaceHolderDefault_ctl13_nptLLPG2_25_addresslookup_txtTmpPostcode\"]\"}\n  (Session info: chrome=128.0.6613.113); For documentation on this error, please visit: https://www.selenium.dev/documentation/webdriver/troubleshooting/errors#no-such-element-exception\nStacktrace:\n#0 0x55c49cfee8da <unknown>\n#1 0x55c49ccbce50 <unknown>\n#2 0x55c49cd0c644 <unknown>\n#3 0x55c49cd0c931 <unknown>\n#4 0x55c49cd52534 <unknown>\n#5 0x55c49cd314bd <unknown>\n#6 0x55c49cd4f9c6 <unknown>\n#7 0x55c49cd31233 <unknown>\n#8 0x55c49ccff093 <unknown>\n#9 0x55c49cd0009e <unknown>\n#10 0x55c49cfb5b3b <unknown>\n#11 0x55c49cfb9af1 <unknown>\n#12 0x55c49cfa1705 <unknown>\n#13 0x55c49cfba662 <unknown>\n#14 0x55c49cf868df <unknown>\n#15 0x55c49cfdd6d8 <unknown>\n#16 0x55c49cfdd8a2 <unknown>\n#17 0x55c49cfed6cc <unknown>\n#18 0x7fb0e0852a94 <unknown>\n#19 0x7fb0e08dfa34 __clone","time":{"start":1725569666383,"stop":1725569738128,"duration":71745}},{"uid":"ac3d3137d16c1eb1","reportUrl":"https://robbrad.github.io/UKBinCollectionData/3.11/2083//#testresult/ac3d3137d16c1eb1","status":"failed","statusDetails":"selenium.common.exceptions.ElementNotInteractableException: Message: element not interactable\n  (Session info: chrome=128.0.6613.113)\nStacktrace:\n#0 0x56541f2ee8da <unknown>\n#1 0x56541efbcc91 <unknown>\n#2 0x56541f00d92f <unknown>\n#3 0x56541f0014d6 <unknown>\n#4 0x56541f031492 <unknown>\n#5 0x56541f000e89 <unknown>\n#6 0x56541f03165e <unknown>\n#7 0x56541f04f9c6 <unknown>\n#8 0x56541f031233 <unknown>\n#9 0x56541efff093 <unknown>\n#10 0x56541f00009e <unknown>\n#11 0x56541f2b5b3b <unknown>\n#12 0x56541f2b9af1 <unknown>\n#13 0x56541f2a1705 <unknown>\n#14 0x56541f2ba662 <unknown>\n#15 0x56541f2868df <unknown>\n#16 0x56541f2dd6d8 <unknown>\n#17 0x56541f2dd8a2 <unknown>\n#18 0x56541f2ed6cc <unknown>\n#19 0x7f4584628a94 <unknown>\n#20 0x7f45846b5a34 __clone","time":{"start":1725495567479,"stop":1725495601202,"duration":33723}},{"uid":"470c246f25ddc740","reportUrl":"https://robbrad.github.io/UKBinCollectionData/3.11/2082//#testresult/470c246f25ddc740","status":"failed","statusDetails":"selenium.common.exceptions.NoSuchElementException: Message: no such element: Unable to locate element: {\"method\":\"css selector\",\"selector\":\"[id=\"ContentPlaceHolderDefault_ctl13_nptLLPG2_25_addresslookup_txtTmpPostcode\"]\"}\n  (Session info: chrome=128.0.6613.113); For documentation on this error, please visit: https://www.selenium.dev/documentation/webdriver/troubleshooting/errors#no-such-element-exception\nStacktrace:\n#0 0x56330af258da <unknown>\n#1 0x56330abf3e50 <unknown>\n#2 0x56330ac43644 <unknown>\n#3 0x56330ac43931 <unknown>\n#4 0x56330ac89534 <unknown>\n#5 0x56330ac684bd <unknown>\n#6 0x56330ac869c6 <unknown>\n#7 0x56330ac68233 <unknown>\n#8 0x56330ac36093 <unknown>\n#9 0x56330ac3709e <unknown>\n#10 0x56330aeecb3b <unknown>\n#11 0x56330aef0af1 <unknown>\n#12 0x56330aed8705 <unknown>\n#13 0x56330aef1662 <unknown>\n#14 0x56330aebd8df <unknown>\n#15 0x56330af146d8 <unknown>\n#16 0x56330af148a2 <unknown>\n#17 0x56330af246cc <unknown>\n#18 0x7fb62d125a94 <unknown>\n#19 0x7fb62d1b2a34 __clone","time":{"start":1725430550830,"stop":1725430599277,"duration":48447}},{"uid":"65f50e63a904a192","reportUrl":"https://robbrad.github.io/UKBinCollectionData/3.11/2082//#testresult/65f50e63a904a192","status":"failed","statusDetails":"selenium.common.exceptions.ElementNotInteractableException: Message: element not interactable\n  (Session info: chrome=128.0.6613.113)\nStacktrace:\n#0 0x561adf8568da <unknown>\n#1 0x561adf524c91 <unknown>\n#2 0x561adf57592f <unknown>\n#3 0x561adf5694d6 <unknown>\n#4 0x561adf599492 <unknown>\n#5 0x561adf568e89 <unknown>\n#6 0x561adf59965e <unknown>\n#7 0x561adf5b79c6 <unknown>\n#8 0x561adf599233 <unknown>\n#9 0x561adf567093 <unknown>\n#10 0x561adf56809e <unknown>\n#11 0x561adf81db3b <unknown>\n#12 0x561adf821af1 <unknown>\n#13 0x561adf809705 <unknown>\n#14 0x561adf822662 <unknown>\n#15 0x561adf7ee8df <unknown>\n#16 0x561adf8456d8 <unknown>\n#17 0x561adf8458a2 <unknown>\n#18 0x561adf8556cc <unknown>\n#19 0x7f20b9629a94 <unknown>\n#20 0x7f20b96b6a34 __clone","time":{"start":1725409238439,"stop":1725409265843,"duration":27404}},{"uid":"dd2b5565a46f2b48","reportUrl":"https://robbrad.github.io/UKBinCollectionData/3.11/2080//#testresult/dd2b5565a46f2b48","status":"failed","statusDetails":"selenium.common.exceptions.NoSuchElementException: Message: no such element: Unable to locate element: {\"method\":\"css selector\",\"selector\":\"[id=\"ContentPlaceHolderDefault_ctl13_nptLLPG2_25_addresslookup_txtTmpPostcode\"]\"}\n  (Session info: chrome=128.0.6613.113); For documentation on this error, please visit: https://www.selenium.dev/documentation/webdriver/troubleshooting/errors#no-such-element-exception\nStacktrace:\n#0 0x5597720928da <unknown>\n#1 0x559771d60e50 <unknown>\n#2 0x559771db0644 <unknown>\n#3 0x559771db0931 <unknown>\n#4 0x559771df6534 <unknown>\n#5 0x559771dd54bd <unknown>\n#6 0x559771df39c6 <unknown>\n#7 0x559771dd5233 <unknown>\n#8 0x559771da3093 <unknown>\n#9 0x559771da409e <unknown>\n#10 0x559772059b3b <unknown>\n#11 0x55977205daf1 <unknown>\n#12 0x559772045705 <unknown>\n#13 0x55977205e662 <unknown>\n#14 0x55977202a8df <unknown>\n#15 0x5597720816d8 <unknown>\n#16 0x5597720818a2 <unknown>\n#17 0x5597720916cc <unknown>\n#18 0x7fdc0a619a94 <unknown>\n#19 0x7fdc0a6a6a34 __clone","time":{"start":1725404099414,"stop":1725404170089,"duration":70675}},{"uid":"b79d03ac88d12803","reportUrl":"https://robbrad.github.io/UKBinCollectionData/3.11/2073//#testresult/b79d03ac88d12803","status":"failed","statusDetails":"selenium.common.exceptions.NoSuchElementException: Message: no such element: Unable to locate element: {\"method\":\"css selector\",\"selector\":\"[id=\"ContentPlaceHolderDefault_ctl13_nptLLPG2_25_addresslookup_txtTmpPostcode\"]\"}\n  (Session info: chrome=128.0.6613.113); For documentation on this error, please visit: https://www.selenium.dev/documentation/webdriver/troubleshooting/errors#no-such-element-exception\nStacktrace:\n#0 0x557ee29528da <unknown>\n#1 0x557ee2620e50 <unknown>\n#2 0x557ee2670644 <unknown>\n#3 0x557ee2670931 <unknown>\n#4 0x557ee26b6534 <unknown>\n#5 0x557ee26954bd <unknown>\n#6 0x557ee26b39c6 <unknown>\n#7 0x557ee2695233 <unknown>\n#8 0x557ee2663093 <unknown>\n#9 0x557ee266409e <unknown>\n#10 0x557ee2919b3b <unknown>\n#11 0x557ee291daf1 <unknown>\n#12 0x557ee2905705 <unknown>\n#13 0x557ee291e662 <unknown>\n#14 0x557ee28ea8df <unknown>\n#15 0x557ee29416d8 <unknown>\n#16 0x557ee29418a2 <unknown>\n#17 0x557ee29516cc <unknown>\n#18 0x7f202f4aba94 <unknown>\n#19 0x7f202f538a34 __clone","time":{"start":1725385111605,"stop":1725385162105,"duration":50500}},{"uid":"56605641a18f848a","reportUrl":"https://robbrad.github.io/UKBinCollectionData/3.11/2070//#testresult/56605641a18f848a","status":"failed","statusDetails":"selenium.common.exceptions.NoSuchElementException: Message: no such element: Unable to locate element: {\"method\":\"css selector\",\"selector\":\"[id=\"ContentPlaceHolderDefault_ctl13_nptLLPG2_25_addresslookup_txtTmpPostcode\"]\"}\n  (Session info: chrome=128.0.6613.113); For documentation on this error, please visit: https://www.selenium.dev/documentation/webdriver/troubleshooting/errors#no-such-element-exception\nStacktrace:\n#0 0x5555ff3aa8da <unknown>\n#1 0x5555ff078e50 <unknown>\n#2 0x5555ff0c8644 <unknown>\n#3 0x5555ff0c8931 <unknown>\n#4 0x5555ff10e534 <unknown>\n#5 0x5555ff0ed4bd <unknown>\n#6 0x5555ff10b9c6 <unknown>\n#7 0x5555ff0ed233 <unknown>\n#8 0x5555ff0bb093 <unknown>\n#9 0x5555ff0bc09e <unknown>\n#10 0x5555ff371b3b <unknown>\n#11 0x5555ff375af1 <unknown>\n#12 0x5555ff35d705 <unknown>\n#13 0x5555ff376662 <unknown>\n#14 0x5555ff3428df <unknown>\n#15 0x5555ff3996d8 <unknown>\n#16 0x5555ff3998a2 <unknown>\n#17 0x5555ff3a96cc <unknown>\n#18 0x7fb559c3ca94 <unknown>\n#19 0x7fb559cc9a34 __clone","time":{"start":1725347366465,"stop":1725347414523,"duration":48058}},{"uid":"6dcbb8880391ca4e","reportUrl":"https://robbrad.github.io/UKBinCollectionData/3.11/2069//#testresult/6dcbb8880391ca4e","status":"failed","statusDetails":"selenium.common.exceptions.NoSuchElementException: Message: no such element: Unable to locate element: {\"method\":\"css selector\",\"selector\":\"[id=\"ContentPlaceHolderDefault_ctl13_nptLLPG2_25_addresslookup_txtTmpPostcode\"]\"}\n  (Session info: chrome=128.0.6613.113); For documentation on this error, please visit: https://www.selenium.dev/documentation/webdriver/troubleshooting/errors#no-such-element-exception\nStacktrace:\n#0 0x55ae210d08da <unknown>\n#1 0x55ae20d9ee50 <unknown>\n#2 0x55ae20dee644 <unknown>\n#3 0x55ae20dee931 <unknown>\n#4 0x55ae20e34534 <unknown>\n#5 0x55ae20e134bd <unknown>\n#6 0x55ae20e319c6 <unknown>\n#7 0x55ae20e13233 <unknown>\n#8 0x55ae20de1093 <unknown>\n#9 0x55ae20de209e <unknown>\n#10 0x55ae21097b3b <unknown>\n#11 0x55ae2109baf1 <unknown>\n#12 0x55ae21083705 <unknown>\n#13 0x55ae2109c662 <unknown>\n#14 0x55ae210688df <unknown>\n#15 0x55ae210bf6d8 <unknown>\n#16 0x55ae210bf8a2 <unknown>\n#17 0x55ae210cf6cc <unknown>\n#18 0x7f5dc394aa94 <unknown>\n#19 0x7f5dc39d7a34 __clone","time":{"start":1725322577320,"stop":1725322624402,"duration":47082}},{"uid":"8d33d9f2035ee9bb","reportUrl":"https://robbrad.github.io/UKBinCollectionData/3.11/2068//#testresult/8d33d9f2035ee9bb","status":"failed","statusDetails":"selenium.common.exceptions.NoSuchElementException: Message: no such element: Unable to locate element: {\"method\":\"css selector\",\"selector\":\"[id=\"ContentPlaceHolderDefault_ctl13_nptLLPG2_25_addresslookup_txtTmpPostcode\"]\"}\n  (Session info: chrome=128.0.6613.113); For documentation on this error, please visit: https://www.selenium.dev/documentation/webdriver/troubleshooting/errors#no-such-element-exception\nStacktrace:\n#0 0x55bd5c0448da <unknown>\n#1 0x55bd5bd12e50 <unknown>\n#2 0x55bd5bd62644 <unknown>\n#3 0x55bd5bd62931 <unknown>\n#4 0x55bd5bda8534 <unknown>\n#5 0x55bd5bd874bd <unknown>\n#6 0x55bd5bda59c6 <unknown>\n#7 0x55bd5bd87233 <unknown>\n#8 0x55bd5bd55093 <unknown>\n#9 0x55bd5bd5609e <unknown>\n#10 0x55bd5c00bb3b <unknown>\n#11 0x55bd5c00faf1 <unknown>\n#12 0x55bd5bff7705 <unknown>\n#13 0x55bd5c010662 <unknown>\n#14 0x55bd5bfdc8df <unknown>\n#15 0x55bd5c0336d8 <unknown>\n#16 0x55bd5c0338a2 <unknown>\n#17 0x55bd5c0436cc <unknown>\n#18 0x7f47214e9a94 <unknown>\n#19 0x7f4721576a34 __clone","time":{"start":1725316465073,"stop":1725316514866,"duration":49793}},{"uid":"5e8f66ffa4c0a104","reportUrl":"https://robbrad.github.io/UKBinCollectionData/3.11/2066//#testresult/5e8f66ffa4c0a104","status":"failed","statusDetails":"selenium.common.exceptions.NoSuchElementException: Message: no such element: Unable to locate element: {\"method\":\"css selector\",\"selector\":\"[id=\"ContentPlaceHolderDefault_ctl13_nptLLPG2_25_addresslookup_txtTmpPostcode\"]\"}\n  (Session info: chrome=128.0.6613.113); For documentation on this error, please visit: https://www.selenium.dev/documentation/webdriver/troubleshooting/errors#no-such-element-exception\nStacktrace:\n#0 0x55e72206e8da <unknown>\n#1 0x55e721d3ce50 <unknown>\n#2 0x55e721d8c644 <unknown>\n#3 0x55e721d8c931 <unknown>\n#4 0x55e721dd2534 <unknown>\n#5 0x55e721db14bd <unknown>\n#6 0x55e721dcf9c6 <unknown>\n#7 0x55e721db1233 <unknown>\n#8 0x55e721d7f093 <unknown>\n#9 0x55e721d8009e <unknown>\n#10 0x55e722035b3b <unknown>\n#11 0x55e722039af1 <unknown>\n#12 0x55e722021705 <unknown>\n#13 0x55e72203a662 <unknown>\n#14 0x55e7220068df <unknown>\n#15 0x55e72205d6d8 <unknown>\n#16 0x55e72205d8a2 <unknown>\n#17 0x55e72206d6cc <unknown>\n#18 0x7fd7f1bbca94 <unknown>\n#19 0x7fd7f1c49a34 __clone","time":{"start":1725313198506,"stop":1725313239236,"duration":40730}},{"uid":"f464532d54c832d1","reportUrl":"https://robbrad.github.io/UKBinCollectionData/3.11/2064//#testresult/f464532d54c832d1","status":"failed","statusDetails":"selenium.common.exceptions.ElementNotInteractableException: Message: element not interactable\n  (Session info: chrome=128.0.6613.113)\nStacktrace:\n#0 0x5617c3ebe8da <unknown>\n#1 0x5617c3b8cc91 <unknown>\n#2 0x5617c3bdd92f <unknown>\n#3 0x5617c3bd14d6 <unknown>\n#4 0x5617c3c01492 <unknown>\n#5 0x5617c3bd0e89 <unknown>\n#6 0x5617c3c0165e <unknown>\n#7 0x5617c3c1f9c6 <unknown>\n#8 0x5617c3c01233 <unknown>\n#9 0x5617c3bcf093 <unknown>\n#10 0x5617c3bd009e <unknown>\n#11 0x5617c3e85b3b <unknown>\n#12 0x5617c3e89af1 <unknown>\n#13 0x5617c3e71705 <unknown>\n#14 0x5617c3e8a662 <unknown>\n#15 0x5617c3e568df <unknown>\n#16 0x5617c3ead6d8 <unknown>\n#17 0x5617c3ead8a2 <unknown>\n#18 0x5617c3ebd6cc <unknown>\n#19 0x7f0ffcbeba94 <unknown>\n#20 0x7f0ffcc78a34 __clone","time":{"start":1725311087516,"stop":1725311109399,"duration":21883}}]},"tags":[]},"source":"29602feac53dbc2c.json","parameterValues":["NeathPortTalbotCouncil"]}