{"uid":"56fc2de65cbbb236","name":"Validate Council Output [NeathPortTalbotCouncil-http://selenium:4444-local]","fullName":"features/validate_council_outputs.feature:Validate Council Output","historyId":"68717d64a9b5b73045a4198b6f1e2a64","time":{"start":1703812058680,"stop":1703812100297,"duration":41617},"status":"failed","statusMessage":"selenium.common.exceptions.TimeoutException: Message: \nStacktrace:\n#0 0x5639ff0c6f83 <unknown>\n#1 0x5639fed7fcf7 <unknown>\n#2 0x5639fedcf99e <unknown>\n#3 0x5639fedcfaa1 <unknown>\n#4 0x5639fee1ad64 <unknown>\n#5 0x5639fedf90dd <unknown>\n#6 0x5639fee18006 <unknown>\n#7 0x5639fedf8e53 <unknown>\n#8 0x5639fedc0dd4 <unknown>\n#9 0x5639fedc21de <unknown>\n#10 0x5639ff08b531 <unknown>\n#11 0x5639ff08f455 <unknown>\n#12 0x5639ff077f55 <unknown>\n#13 0x5639ff0900ef <unknown>\n#14 0x5639ff05b99f <unknown>\n#15 0x5639ff0b4008 <unknown>\n#16 0x5639ff0b41d7 <unknown>\n#17 0x5639ff0c6124 <unknown>\n#18 0x7fd150694ac3 <unknown>","statusTrace":"fixturefunc = <function scrape_step at 0x7f5ae74536d0>\nrequest = <FixtureRequest for <Function test_scenario_outline[NeathPortTalbotCouncil-http://selenium:4444-local]>>\nkwargs = {'context': <test_validate_council.context.<locals>.Context object at 0x7f5ad8fba1d0>, 'council': 'NeathPortTalbotCouncil', 'selenium_mode': 'local', 'selenium_url': 'http://selenium:4444'}\n\n    def call_fixture_func(\n        fixturefunc: \"_FixtureFunc[FixtureValue]\", request: FixtureRequest, kwargs\n    ) -> FixtureValue:\n        if is_generator(fixturefunc):\n            fixturefunc = cast(\n                Callable[..., Generator[FixtureValue, None, None]], fixturefunc\n            )\n            generator = fixturefunc(**kwargs)\n            try:\n                fixture_result = next(generator)\n            except StopIteration:\n                raise ValueError(f\"{request.fixturename} did not yield a value\") from None\n            finalizer = functools.partial(_teardown_yield_fixture, fixturefunc, generator)\n            request.addfinalizer(finalizer)\n        else:\n            fixturefunc = cast(Callable[..., FixtureValue], fixturefunc)\n>           fixture_result = fixturefunc(**kwargs)\n\n../../../.cache/pypoetry/virtualenvs/uk-bin-collection-EwS6Gn8s-py3.10/lib/python3.10/site-packages/_pytest/fixtures.py:902: \n_ _ _ _ _ _ _ _ _ _ _ _ _ _ _ _ _ _ _ _ _ _ _ _ _ _ _ _ _ _ _ _ _ _ _ _ _ _ _ _ \nuk_bin_collection/tests/step_defs/test_validate_council.py:75: in scrape_step\n    raise (err)\nuk_bin_collection/tests/step_defs/test_validate_council.py:71: in scrape_step\n    context.parse_result = CollectData.run()\nuk_bin_collection/uk_bin_collection/collect_data.py:82: in run\n    return self.client_code(\nuk_bin_collection/uk_bin_collection/collect_data.py:69: in client_code\n    return get_bin_data_class.template_method(address_url, **kwargs)\nuk_bin_collection/uk_bin_collection/get_bin_data.py:69: in template_method\n    bin_data_dict = self.parse_data(\nuk_bin_collection/uk_bin_collection/councils/NeathPortTalbotCouncil.py:34: in parse_data\n    cookieAccept = WebDriverWait(driver, 10).until(\n_ _ _ _ _ _ _ _ _ _ _ _ _ _ _ _ _ _ _ _ _ _ _ _ _ _ _ _ _ _ _ _ _ _ _ _ _ _ _ _ \n\nself = <selenium.webdriver.support.wait.WebDriverWait (session=\"b37756f18eccb579ca07bcf8fd50e52f\")>\nmethod = <function presence_of_element_located.<locals>._predicate at 0x7f5ae74dd870>\nmessage = ''\n\n    def until(self, method, message: str = \"\"):\n        \"\"\"Calls the method provided with the driver as an argument until the \\\n        return value does not evaluate to ``False``.\n    \n        :param method: callable(WebDriver)\n        :param message: optional message for :exc:`TimeoutException`\n        :returns: the result of the last call to `method`\n        :raises: :exc:`selenium.common.exceptions.TimeoutException` if timeout occurs\n        \"\"\"\n        screen = None\n        stacktrace = None\n    \n        end_time = time.monotonic() + self._timeout\n        while True:\n            try:\n                value = method(self._driver)\n                if value:\n                    return value\n            except self._ignored_exceptions as exc:\n                screen = getattr(exc, \"screen\", None)\n                stacktrace = getattr(exc, \"stacktrace\", None)\n            time.sleep(self._poll)\n            if time.monotonic() > end_time:\n                break\n>       raise TimeoutException(message, screen, stacktrace)\nE       selenium.common.exceptions.TimeoutException: Message: \nE       Stacktrace:\nE       #0 0x5639ff0c6f83 <unknown>\nE       #1 0x5639fed7fcf7 <unknown>\nE       #2 0x5639fedcf99e <unknown>\nE       #3 0x5639fedcfaa1 <unknown>\nE       #4 0x5639fee1ad64 <unknown>\nE       #5 0x5639fedf90dd <unknown>\nE       #6 0x5639fee18006 <unknown>\nE       #7 0x5639fedf8e53 <unknown>\nE       #8 0x5639fedc0dd4 <unknown>\nE       #9 0x5639fedc21de <unknown>\nE       #10 0x5639ff08b531 <unknown>\nE       #11 0x5639ff08f455 <unknown>\nE       #12 0x5639ff077f55 <unknown>\nE       #13 0x5639ff0900ef <unknown>\nE       #14 0x5639ff05b99f <unknown>\nE       #15 0x5639ff0b4008 <unknown>\nE       #16 0x5639ff0b41d7 <unknown>\nE       #17 0x5639ff0c6124 <unknown>\nE       #18 0x7fd150694ac3 <unknown>\n\n../../../.cache/pypoetry/virtualenvs/uk-bin-collection-EwS6Gn8s-py3.10/lib/python3.10/site-packages/selenium/webdriver/support/wait.py:95: TimeoutException","flaky":false,"newFailed":false,"newBroken":false,"newPassed":false,"retriesCount":0,"retriesStatusChange":false,"beforeStages":[],"testStage":{"status":"failed","statusMessage":"selenium.common.exceptions.TimeoutException: Message: \nStacktrace:\n#0 0x5639ff0c6f83 <unknown>\n#1 0x5639fed7fcf7 <unknown>\n#2 0x5639fedcf99e <unknown>\n#3 0x5639fedcfaa1 <unknown>\n#4 0x5639fee1ad64 <unknown>\n#5 0x5639fedf90dd <unknown>\n#6 0x5639fee18006 <unknown>\n#7 0x5639fedf8e53 <unknown>\n#8 0x5639fedc0dd4 <unknown>\n#9 0x5639fedc21de <unknown>\n#10 0x5639ff08b531 <unknown>\n#11 0x5639ff08f455 <unknown>\n#12 0x5639ff077f55 <unknown>\n#13 0x5639ff0900ef <unknown>\n#14 0x5639ff05b99f <unknown>\n#15 0x5639ff0b4008 <unknown>\n#16 0x5639ff0b41d7 <unknown>\n#17 0x5639ff0c6124 <unknown>\n#18 0x7fd150694ac3 <unknown>","statusTrace":"fixturefunc = <function scrape_step at 0x7f5ae74536d0>\nrequest = <FixtureRequest for <Function test_scenario_outline[NeathPortTalbotCouncil-http://selenium:4444-local]>>\nkwargs = {'context': <test_validate_council.context.<locals>.Context object at 0x7f5ad8fba1d0>, 'council': 'NeathPortTalbotCouncil', 'selenium_mode': 'local', 'selenium_url': 'http://selenium:4444'}\n\n    def call_fixture_func(\n        fixturefunc: \"_FixtureFunc[FixtureValue]\", request: FixtureRequest, kwargs\n    ) -> FixtureValue:\n        if is_generator(fixturefunc):\n            fixturefunc = cast(\n                Callable[..., Generator[FixtureValue, None, None]], fixturefunc\n            )\n            generator = fixturefunc(**kwargs)\n            try:\n                fixture_result = next(generator)\n            except StopIteration:\n                raise ValueError(f\"{request.fixturename} did not yield a value\") from None\n            finalizer = functools.partial(_teardown_yield_fixture, fixturefunc, generator)\n            request.addfinalizer(finalizer)\n        else:\n            fixturefunc = cast(Callable[..., FixtureValue], fixturefunc)\n>           fixture_result = fixturefunc(**kwargs)\n\n../../../.cache/pypoetry/virtualenvs/uk-bin-collection-EwS6Gn8s-py3.10/lib/python3.10/site-packages/_pytest/fixtures.py:902: \n_ _ _ _ _ _ _ _ _ _ _ _ _ _ _ _ _ _ _ _ _ _ _ _ _ _ _ _ _ _ _ _ _ _ _ _ _ _ _ _ \nuk_bin_collection/tests/step_defs/test_validate_council.py:75: in scrape_step\n    raise (err)\nuk_bin_collection/tests/step_defs/test_validate_council.py:71: in scrape_step\n    context.parse_result = CollectData.run()\nuk_bin_collection/uk_bin_collection/collect_data.py:82: in run\n    return self.client_code(\nuk_bin_collection/uk_bin_collection/collect_data.py:69: in client_code\n    return get_bin_data_class.template_method(address_url, **kwargs)\nuk_bin_collection/uk_bin_collection/get_bin_data.py:69: in template_method\n    bin_data_dict = self.parse_data(\nuk_bin_collection/uk_bin_collection/councils/NeathPortTalbotCouncil.py:34: in parse_data\n    cookieAccept = WebDriverWait(driver, 10).until(\n_ _ _ _ _ _ _ _ _ _ _ _ _ _ _ _ _ _ _ _ _ _ _ _ _ _ _ _ _ _ _ _ _ _ _ _ _ _ _ _ \n\nself = <selenium.webdriver.support.wait.WebDriverWait (session=\"b37756f18eccb579ca07bcf8fd50e52f\")>\nmethod = <function presence_of_element_located.<locals>._predicate at 0x7f5ae74dd870>\nmessage = ''\n\n    def until(self, method, message: str = \"\"):\n        \"\"\"Calls the method provided with the driver as an argument until the \\\n        return value does not evaluate to ``False``.\n    \n        :param method: callable(WebDriver)\n        :param message: optional message for :exc:`TimeoutException`\n        :returns: the result of the last call to `method`\n        :raises: :exc:`selenium.common.exceptions.TimeoutException` if timeout occurs\n        \"\"\"\n        screen = None\n        stacktrace = None\n    \n        end_time = time.monotonic() + self._timeout\n        while True:\n            try:\n                value = method(self._driver)\n                if value:\n                    return value\n            except self._ignored_exceptions as exc:\n                screen = getattr(exc, \"screen\", None)\n                stacktrace = getattr(exc, \"stacktrace\", None)\n            time.sleep(self._poll)\n            if time.monotonic() > end_time:\n                break\n>       raise TimeoutException(message, screen, stacktrace)\nE       selenium.common.exceptions.TimeoutException: Message: \nE       Stacktrace:\nE       #0 0x5639ff0c6f83 <unknown>\nE       #1 0x5639fed7fcf7 <unknown>\nE       #2 0x5639fedcf99e <unknown>\nE       #3 0x5639fedcfaa1 <unknown>\nE       #4 0x5639fee1ad64 <unknown>\nE       #5 0x5639fedf90dd <unknown>\nE       #6 0x5639fee18006 <unknown>\nE       #7 0x5639fedf8e53 <unknown>\nE       #8 0x5639fedc0dd4 <unknown>\nE       #9 0x5639fedc21de <unknown>\nE       #10 0x5639ff08b531 <unknown>\nE       #11 0x5639ff08f455 <unknown>\nE       #12 0x5639ff077f55 <unknown>\nE       #13 0x5639ff0900ef <unknown>\nE       #14 0x5639ff05b99f <unknown>\nE       #15 0x5639ff0b4008 <unknown>\nE       #16 0x5639ff0b41d7 <unknown>\nE       #17 0x5639ff0c6124 <unknown>\nE       #18 0x7fd150694ac3 <unknown>\n\n../../../.cache/pypoetry/virtualenvs/uk-bin-collection-EwS6Gn8s-py3.10/lib/python3.10/site-packages/selenium/webdriver/support/wait.py:95: TimeoutException","steps":[{"name":"Given the council: NeathPortTalbotCouncil","time":{"start":1703812058680,"stop":1703812058680,"duration":0},"status":"passed","steps":[],"attachments":[],"parameters":[],"shouldDisplayMessage":false,"stepsCount":0,"attachmentsCount":0,"hasContent":false,"attachmentStep":false},{"name":"When we scrape the data from NeathPortTalbotCouncil using local and the http://selenium:4444 is set","time":{"start":1703812058680,"stop":1703812100297,"duration":41617},"status":"failed","statusMessage":"Message: \nStacktrace:\n#0 0x5639ff0c6f83 <unknown>\n#1 0x5639fed7fcf7 <unknown>\n#2 0x5639fedcf99e <unknown>\n#3 0x5639fedcfaa1 <unknown>\n#4 0x5639fee1ad64 <unknown>\n#5 0x5639fedf90dd <unknown>\n#6 0x5639fee18006 <unknown>\n#7 0x5639fedf8e53 <unknown>\n#8 0x5639fedc0dd4 <unknown>\n#9 0x5639fedc21de <unknown>\n#10 0x5639ff08b531 <unknown>\n#11 0x5639ff08f455 <unknown>\n#12 0x5639ff077f55 <unknown>\n#13 0x5639ff0900ef <unknown>\n#14 0x5639ff05b99f <unknown>\n#15 0x5639ff0b4008 <unknown>\n#16 0x5639ff0b41d7 <unknown>\n#17 0x5639ff0c6124 <unknown>\n#18 0x7fd150694ac3 <unknown>\n","statusTrace":"selenium.common.exceptions.TimeoutException: Message: \nStacktrace:\n#0 0x5639ff0c6f83 <unknown>\n#1 0x5639fed7fcf7 <unknown>\n#2 0x5639fedcf99e <unknown>\n#3 0x5639fedcfaa1 <unknown>\n#4 0x5639fee1ad64 <unknown>\n#5 0x5639fedf90dd <unknown>\n#6 0x5639fee18006 <unknown>\n#7 0x5639fedf8e53 <unknown>\n#8 0x5639fedc0dd4 <unknown>\n#9 0x5639fedc21de <unknown>\n#10 0x5639ff08b531 <unknown>\n#11 0x5639ff08f455 <unknown>\n#12 0x5639ff077f55 <unknown>\n#13 0x5639ff0900ef <unknown>\n#14 0x5639ff05b99f <unknown>\n#15 0x5639ff0b4008 <unknown>\n#16 0x5639ff0b41d7 <unknown>\n#17 0x5639ff0c6124 <unknown>\n#18 0x7fd150694ac3 <unknown>\n\n","steps":[],"attachments":[],"parameters":[],"shouldDisplayMessage":true,"stepsCount":0,"attachmentsCount":0,"hasContent":true,"attachmentStep":false}],"attachments":[],"parameters":[],"shouldDisplayMessage":true,"stepsCount":2,"attachmentsCount":0,"hasContent":true,"attachmentStep":false},"afterStages":[],"labels":[{"name":"host","value":"fv-az1113-302"},{"name":"thread","value":"2692-MainThread"},{"name":"framework","value":"pytest-bdd"},{"name":"language","value":"cpython3"},{"name":"feature","value":"Test each council output matches expected results"},{"name":"resultFormat","value":"allure2"}],"parameters":[{"name":"council","value":"NeathPortTalbotCouncil"},{"name":"selenium_mode","value":"local"},{"name":"selenium_url","value":"http://selenium:4444"}],"links":[],"hidden":false,"retry":false,"extra":{"severity":"normal","retries":[],"categories":[{"name":"Product defects","matchedStatuses":[],"flaky":false}],"history":{"statistic":{"failed":82,"broken":0,"skipped":0,"passed":13,"unknown":0,"total":95},"items":[{"uid":"943be443a3b4d03e","reportUrl":"https://robbrad.github.io/UKBinCollectionData/3.10/1306//#testresult/943be443a3b4d03e","status":"failed","statusDetails":"selenium.common.exceptions.NoSuchElementException: Message: no such element: Unable to locate element: {\"method\":\"css selector\",\"selector\":\"[id=\"ContentPlaceHolderDefault_ctl13_nptLLPG2_25_addresslookup_txtTmpPostcode\"]\"}\n  (Session info: chrome-headless-shell=120.0.6099.109); For documentation on this error, please visit: https://www.selenium.dev/documentation/webdriver/troubleshooting/errors#no-such-element-exception\nStacktrace:\n#0 0x562eb41c4f83 <unknown>\n#1 0x562eb3e7dcf7 <unknown>\n#2 0x562eb3ecd99e <unknown>\n#3 0x562eb3ecdaa1 <unknown>\n#4 0x562eb3f18d64 <unknown>\n#5 0x562eb3ef70dd <unknown>\n#6 0x562eb3f16006 <unknown>\n#7 0x562eb3ef6e53 <unknown>\n#8 0x562eb3ebedd4 <unknown>\n#9 0x562eb3ec01de <unknown>\n#10 0x562eb4189531 <unknown>\n#11 0x562eb418d455 <unknown>\n#12 0x562eb4175f55 <unknown>\n#13 0x562eb418e0ef <unknown>\n#14 0x562eb415999f <unknown>\n#15 0x562eb41b2008 <unknown>\n#16 0x562eb41b21d7 <unknown>\n#17 0x562eb41c4124 <unknown>\n#18 0x7f36af094ac3 <unknown>","time":{"start":1703756205236,"stop":1703756222942,"duration":17706}},{"uid":"bb6e50dc88194f98","reportUrl":"https://robbrad.github.io/UKBinCollectionData/3.10/1305//#testresult/bb6e50dc88194f98","status":"failed","statusDetails":"selenium.common.exceptions.NoSuchElementException: Message: no such element: Unable to locate element: {\"method\":\"css selector\",\"selector\":\"[id=\"ContentPlaceHolderDefault_ctl13_nptLLPG2_25_addresslookup_txtTmpPostcode\"]\"}\n  (Session info: chrome-headless-shell=120.0.6099.109); For documentation on this error, please visit: https://www.selenium.dev/documentation/webdriver/troubleshooting/errors#no-such-element-exception\nStacktrace:\n#0 0x55ff9d9c8f83 <unknown>\n#1 0x55ff9d681cf7 <unknown>\n#2 0x55ff9d6d199e <unknown>\n#3 0x55ff9d6d1aa1 <unknown>\n#4 0x55ff9d71cd64 <unknown>\n#5 0x55ff9d6fb0dd <unknown>\n#6 0x55ff9d71a006 <unknown>\n#7 0x55ff9d6fae53 <unknown>\n#8 0x55ff9d6c2dd4 <unknown>\n#9 0x55ff9d6c41de <unknown>\n#10 0x55ff9d98d531 <unknown>\n#11 0x55ff9d991455 <unknown>\n#12 0x55ff9d979f55 <unknown>\n#13 0x55ff9d9920ef <unknown>\n#14 0x55ff9d95d99f <unknown>\n#15 0x55ff9d9b6008 <unknown>\n#16 0x55ff9d9b61d7 <unknown>\n#17 0x55ff9d9c8124 <unknown>\n#18 0x7f65fca94ac3 <unknown>","time":{"start":1703726189339,"stop":1703726228482,"duration":39143}},{"uid":"5193d19318f5f7c2","reportUrl":"https://robbrad.github.io/UKBinCollectionData/3.10/1304//#testresult/5193d19318f5f7c2","status":"failed","statusDetails":"selenium.common.exceptions.NoSuchElementException: Message: no such element: Unable to locate element: {\"method\":\"css selector\",\"selector\":\"[id=\"ContentPlaceHolderDefault_ctl13_nptLLPG2_25_addresslookup_txtTmpPostcode\"]\"}\n  (Session info: chrome-headless-shell=120.0.6099.109); For documentation on this error, please visit: https://www.selenium.dev/documentation/webdriver/troubleshooting/errors#no-such-element-exception\nStacktrace:\n#0 0x55a3af10df83 <unknown>\n#1 0x55a3aedc6cf7 <unknown>\n#2 0x55a3aee1699e <unknown>\n#3 0x55a3aee16aa1 <unknown>\n#4 0x55a3aee61d64 <unknown>\n#5 0x55a3aee400dd <unknown>\n#6 0x55a3aee5f006 <unknown>\n#7 0x55a3aee3fe53 <unknown>\n#8 0x55a3aee07dd4 <unknown>\n#9 0x55a3aee091de <unknown>\n#10 0x55a3af0d2531 <unknown>\n#11 0x55a3af0d6455 <unknown>\n#12 0x55a3af0bef55 <unknown>\n#13 0x55a3af0d70ef <unknown>\n#14 0x55a3af0a299f <unknown>\n#15 0x55a3af0fb008 <unknown>\n#16 0x55a3af0fb1d7 <unknown>\n#17 0x55a3af10d124 <unknown>\n#18 0x7f7310094ac3 <unknown>","time":{"start":1703717375065,"stop":1703717380138,"duration":5073}},{"uid":"cb613f2263b0620e","reportUrl":"https://robbrad.github.io/UKBinCollectionData/3.10/1303//#testresult/cb613f2263b0620e","status":"failed","statusDetails":"selenium.common.exceptions.NoSuchElementException: Message: no such element: Unable to locate element: {\"method\":\"css selector\",\"selector\":\"[id=\"ContentPlaceHolderDefault_ctl13_nptLLPG2_25_addresslookup_txtTmpPostcode\"]\"}\n  (Session info: chrome-headless-shell=120.0.6099.109); For documentation on this error, please visit: https://www.selenium.dev/documentation/webdriver/troubleshooting/errors#no-such-element-exception\nStacktrace:\n#0 0x55840498ff83 <unknown>\n#1 0x558404648cf7 <unknown>\n#2 0x55840469899e <unknown>\n#3 0x558404698aa1 <unknown>\n#4 0x5584046e3d64 <unknown>\n#5 0x5584046c20dd <unknown>\n#6 0x5584046e1006 <unknown>\n#7 0x5584046c1e53 <unknown>\n#8 0x558404689dd4 <unknown>\n#9 0x55840468b1de <unknown>\n#10 0x558404954531 <unknown>\n#11 0x558404958455 <unknown>\n#12 0x558404940f55 <unknown>\n#13 0x5584049590ef <unknown>\n#14 0x55840492499f <unknown>\n#15 0x55840497d008 <unknown>\n#16 0x55840497d1d7 <unknown>\n#17 0x55840498f124 <unknown>\n#18 0x7ff544494ac3 <unknown>","time":{"start":1703717320043,"stop":1703717323197,"duration":3154}},{"uid":"e43d1f91f917471d","reportUrl":"https://robbrad.github.io/UKBinCollectionData/3.10/1301//#testresult/e43d1f91f917471d","status":"failed","statusDetails":"selenium.common.exceptions.NoSuchElementException: Message: no such element: Unable to locate element: {\"method\":\"css selector\",\"selector\":\"[id=\"ContentPlaceHolderDefault_ctl13_nptLLPG2_25_addresslookup_txtTmpPostcode\"]\"}\n  (Session info: chrome-headless-shell=120.0.6099.109); For documentation on this error, please visit: https://www.selenium.dev/documentation/webdriver/troubleshooting/errors#no-such-element-exception\nStacktrace:\n#0 0x557532cbaf83 <unknown>\n#1 0x557532973cf7 <unknown>\n#2 0x5575329c399e <unknown>\n#3 0x5575329c3aa1 <unknown>\n#4 0x557532a0ed64 <unknown>\n#5 0x5575329ed0dd <unknown>\n#6 0x557532a0c006 <unknown>\n#7 0x5575329ece53 <unknown>\n#8 0x5575329b4dd4 <unknown>\n#9 0x5575329b61de <unknown>\n#10 0x557532c7f531 <unknown>\n#11 0x557532c83455 <unknown>\n#12 0x557532c6bf55 <unknown>\n#13 0x557532c840ef <unknown>\n#14 0x557532c4f99f <unknown>\n#15 0x557532ca8008 <unknown>\n#16 0x557532ca81d7 <unknown>\n#17 0x557532cba124 <unknown>\n#18 0x7ff5a9e94ac3 <unknown>","time":{"start":1703639767730,"stop":1703639770817,"duration":3087}},{"uid":"ab30088d9859e3fd","reportUrl":"https://robbrad.github.io/UKBinCollectionData/3.10/1300//#testresult/ab30088d9859e3fd","status":"failed","statusDetails":"selenium.common.exceptions.NoSuchElementException: Message: no such element: Unable to locate element: {\"method\":\"css selector\",\"selector\":\"[id=\"ContentPlaceHolderDefault_ctl13_nptLLPG2_25_addresslookup_txtTmpPostcode\"]\"}\n  (Session info: chrome-headless-shell=120.0.6099.109); For documentation on this error, please visit: https://www.selenium.dev/documentation/webdriver/troubleshooting/errors#no-such-element-exception\nStacktrace:\n#0 0x560b8b528f83 <unknown>\n#1 0x560b8b1e1cf7 <unknown>\n#2 0x560b8b23199e <unknown>\n#3 0x560b8b231aa1 <unknown>\n#4 0x560b8b27cd64 <unknown>\n#5 0x560b8b25b0dd <unknown>\n#6 0x560b8b27a006 <unknown>\n#7 0x560b8b25ae53 <unknown>\n#8 0x560b8b222dd4 <unknown>\n#9 0x560b8b2241de <unknown>\n#10 0x560b8b4ed531 <unknown>\n#11 0x560b8b4f1455 <unknown>\n#12 0x560b8b4d9f55 <unknown>\n#13 0x560b8b4f20ef <unknown>\n#14 0x560b8b4bd99f <unknown>\n#15 0x560b8b516008 <unknown>\n#16 0x560b8b5161d7 <unknown>\n#17 0x560b8b528124 <unknown>\n#18 0x7fe259a94ac3 <unknown>","time":{"start":1703553363382,"stop":1703553401279,"duration":37897}},{"uid":"d1e6b2a347d226e","reportUrl":"https://robbrad.github.io/UKBinCollectionData/3.10/1298//#testresult/d1e6b2a347d226e","status":"failed","statusDetails":"selenium.common.exceptions.NoSuchElementException: Message: no such element: Unable to locate element: {\"method\":\"css selector\",\"selector\":\"[id=\"ContentPlaceHolderDefault_ctl13_nptLLPG2_25_addresslookup_txtTmpPostcode\"]\"}\n  (Session info: chrome-headless-shell=120.0.6099.109); For documentation on this error, please visit: https://www.selenium.dev/documentation/webdriver/troubleshooting/errors#no-such-element-exception\nStacktrace:\n#0 0x564ca7387f83 <unknown>\n#1 0x564ca7040cf7 <unknown>\n#2 0x564ca709099e <unknown>\n#3 0x564ca7090aa1 <unknown>\n#4 0x564ca70dbd64 <unknown>\n#5 0x564ca70ba0dd <unknown>\n#6 0x564ca70d9006 <unknown>\n#7 0x564ca70b9e53 <unknown>\n#8 0x564ca7081dd4 <unknown>\n#9 0x564ca70831de <unknown>\n#10 0x564ca734c531 <unknown>\n#11 0x564ca7350455 <unknown>\n#12 0x564ca7338f55 <unknown>\n#13 0x564ca73510ef <unknown>\n#14 0x564ca731c99f <unknown>\n#15 0x564ca7375008 <unknown>\n#16 0x564ca73751d7 <unknown>\n#17 0x564ca7387124 <unknown>\n#18 0x7fd938494ac3 <unknown>","time":{"start":1703541169167,"stop":1703541181821,"duration":12654}},{"uid":"23317307aaca69e","reportUrl":"https://robbrad.github.io/UKBinCollectionData/3.10/1295//#testresult/23317307aaca69e","status":"failed","statusDetails":"selenium.common.exceptions.NoSuchElementException: Message: no such element: Unable to locate element: {\"method\":\"css selector\",\"selector\":\"[id=\"ContentPlaceHolderDefault_ctl13_nptLLPG2_25_addresslookup_txtTmpPostcode\"]\"}\n  (Session info: chrome-headless-shell=120.0.6099.109); For documentation on this error, please visit: https://www.selenium.dev/documentation/webdriver/troubleshooting/errors#no-such-element-exception\nStacktrace:\n#0 0x5627a7f77f83 <unknown>\n#1 0x5627a7c30cf7 <unknown>\n#2 0x5627a7c8099e <unknown>\n#3 0x5627a7c80aa1 <unknown>\n#4 0x5627a7ccbd64 <unknown>\n#5 0x5627a7caa0dd <unknown>\n#6 0x5627a7cc9006 <unknown>\n#7 0x5627a7ca9e53 <unknown>\n#8 0x5627a7c71dd4 <unknown>\n#9 0x5627a7c731de <unknown>\n#10 0x5627a7f3c531 <unknown>\n#11 0x5627a7f40455 <unknown>\n#12 0x5627a7f28f55 <unknown>\n#13 0x5627a7f410ef <unknown>\n#14 0x5627a7f0c99f <unknown>\n#15 0x5627a7f65008 <unknown>\n#16 0x5627a7f651d7 <unknown>\n#17 0x5627a7f77124 <unknown>\n#18 0x7f5d6e294ac3 <unknown>","time":{"start":1703467164800,"stop":1703467168261,"duration":3461}},{"uid":"abe69028facaf15d","reportUrl":"https://robbrad.github.io/UKBinCollectionData/3.10/1292//#testresult/abe69028facaf15d","status":"failed","statusDetails":"selenium.common.exceptions.NoSuchElementException: Message: no such element: Unable to locate element: {\"method\":\"css selector\",\"selector\":\"[id=\"ContentPlaceHolderDefault_ctl13_nptLLPG2_25_addresslookup_txtTmpPostcode\"]\"}\n  (Session info: chrome-headless-shell=120.0.6099.109); For documentation on this error, please visit: https://www.selenium.dev/documentation/webdriver/troubleshooting/errors#no-such-element-exception\nStacktrace:\n#0 0x557b9ffd4f83 <unknown>\n#1 0x557b9fc8dcf7 <unknown>\n#2 0x557b9fcdd99e <unknown>\n#3 0x557b9fcddaa1 <unknown>\n#4 0x557b9fd28d64 <unknown>\n#5 0x557b9fd070dd <unknown>\n#6 0x557b9fd26006 <unknown>\n#7 0x557b9fd06e53 <unknown>\n#8 0x557b9fccedd4 <unknown>\n#9 0x557b9fcd01de <unknown>\n#10 0x557b9ff99531 <unknown>\n#11 0x557b9ff9d455 <unknown>\n#12 0x557b9ff85f55 <unknown>\n#13 0x557b9ff9e0ef <unknown>\n#14 0x557b9ff6999f <unknown>\n#15 0x557b9ffc2008 <unknown>\n#16 0x557b9ffc21d7 <unknown>\n#17 0x557b9ffd4124 <unknown>\n#18 0x7f6a43a94ac3 <unknown>","time":{"start":1703416450630,"stop":1703416454585,"duration":3955}},{"uid":"be6991a681917fdb","reportUrl":"https://robbrad.github.io/UKBinCollectionData/3.10/1291//#testresult/be6991a681917fdb","status":"failed","statusDetails":"selenium.common.exceptions.NoSuchElementException: Message: no such element: Unable to locate element: {\"method\":\"css selector\",\"selector\":\"[id=\"ContentPlaceHolderDefault_ctl13_nptLLPG2_25_addresslookup_txtTmpPostcode\"]\"}\n  (Session info: chrome-headless-shell=120.0.6099.109); For documentation on this error, please visit: https://www.selenium.dev/documentation/webdriver/troubleshooting/errors#no-such-element-exception\nStacktrace:\n#0 0x557384fbbf83 <unknown>\n#1 0x557384c74cf7 <unknown>\n#2 0x557384cc499e <unknown>\n#3 0x557384cc4aa1 <unknown>\n#4 0x557384d0fd64 <unknown>\n#5 0x557384cee0dd <unknown>\n#6 0x557384d0d006 <unknown>\n#7 0x557384cede53 <unknown>\n#8 0x557384cb5dd4 <unknown>\n#9 0x557384cb71de <unknown>\n#10 0x557384f80531 <unknown>\n#11 0x557384f84455 <unknown>\n#12 0x557384f6cf55 <unknown>\n#13 0x557384f850ef <unknown>\n#14 0x557384f5099f <unknown>\n#15 0x557384fa9008 <unknown>\n#16 0x557384fa91d7 <unknown>\n#17 0x557384fbb124 <unknown>\n#18 0x7f7f3fe94ac3 <unknown>","time":{"start":1703416403024,"stop":1703416406415,"duration":3391}},{"uid":"5919965c00a558f8","reportUrl":"https://robbrad.github.io/UKBinCollectionData/3.10/1289//#testresult/5919965c00a558f8","status":"failed","statusDetails":"selenium.common.exceptions.NoSuchElementException: Message: no such element: Unable to locate element: {\"method\":\"css selector\",\"selector\":\"[id=\"ContentPlaceHolderDefault_ctl13_nptLLPG2_25_addresslookup_txtTmpPostcode\"]\"}\n  (Session info: chrome-headless-shell=120.0.6099.109); For documentation on this error, please visit: https://www.selenium.dev/documentation/webdriver/troubleshooting/errors#no-such-element-exception\nStacktrace:\n#0 0x55e527c7ef83 <unknown>\n#1 0x55e527937cf7 <unknown>\n#2 0x55e52798799e <unknown>\n#3 0x55e527987aa1 <unknown>\n#4 0x55e5279d2d64 <unknown>\n#5 0x55e5279b10dd <unknown>\n#6 0x55e5279d0006 <unknown>\n#7 0x55e5279b0e53 <unknown>\n#8 0x55e527978dd4 <unknown>\n#9 0x55e52797a1de <unknown>\n#10 0x55e527c43531 <unknown>\n#11 0x55e527c47455 <unknown>\n#12 0x55e527c2ff55 <unknown>\n#13 0x55e527c480ef <unknown>\n#14 0x55e527c1399f <unknown>\n#15 0x55e527c6c008 <unknown>\n#16 0x55e527c6c1d7 <unknown>\n#17 0x55e527c7e124 <unknown>\n#18 0x7f844a894ac3 <unknown>","time":{"start":1703380945373,"stop":1703380950285,"duration":4912}},{"uid":"989b4bce8799f0f0","reportUrl":"https://robbrad.github.io/UKBinCollectionData/3.10/1287//#testresult/989b4bce8799f0f0","status":"failed","statusDetails":"selenium.common.exceptions.NoSuchElementException: Message: no such element: Unable to locate element: {\"method\":\"css selector\",\"selector\":\"[id=\"ContentPlaceHolderDefault_ctl13_nptLLPG2_25_addresslookup_txtTmpPostcode\"]\"}\n  (Session info: chrome-headless-shell=120.0.6099.109); For documentation on this error, please visit: https://www.selenium.dev/documentation/webdriver/troubleshooting/errors#no-such-element-exception\nStacktrace:\n#0 0x562cfc62ef83 <unknown>\n#1 0x562cfc2e7cf7 <unknown>\n#2 0x562cfc33799e <unknown>\n#3 0x562cfc337aa1 <unknown>\n#4 0x562cfc382d64 <unknown>\n#5 0x562cfc3610dd <unknown>\n#6 0x562cfc380006 <unknown>\n#7 0x562cfc360e53 <unknown>\n#8 0x562cfc328dd4 <unknown>\n#9 0x562cfc32a1de <unknown>\n#10 0x562cfc5f3531 <unknown>\n#11 0x562cfc5f7455 <unknown>\n#12 0x562cfc5dff55 <unknown>\n#13 0x562cfc5f80ef <unknown>\n#14 0x562cfc5c399f <unknown>\n#15 0x562cfc61c008 <unknown>\n#16 0x562cfc61c1d7 <unknown>\n#17 0x562cfc62e124 <unknown>\n#18 0x7fd01c494ac3 <unknown>","time":{"start":1703294092686,"stop":1703294096033,"duration":3347}},{"uid":"37e3aff1c53f3188","reportUrl":"https://robbrad.github.io/UKBinCollectionData/3.10/1282//#testresult/37e3aff1c53f3188","status":"failed","statusDetails":"selenium.common.exceptions.NoSuchElementException: Message: no such element: Unable to locate element: {\"method\":\"css selector\",\"selector\":\"[id=\"ContentPlaceHolderDefault_ctl13_nptLLPG2_25_addresslookup_txtTmpPostcode\"]\"}\n  (Session info: chrome-headless-shell=120.0.6099.109); For documentation on this error, please visit: https://www.selenium.dev/documentation/webdriver/troubleshooting/errors#no-such-element-exception\nStacktrace:\n#0 0x55a7e0d67f83 <unknown>\n#1 0x55a7e0a20cf7 <unknown>\n#2 0x55a7e0a7099e <unknown>\n#3 0x55a7e0a70aa1 <unknown>\n#4 0x55a7e0abbd64 <unknown>\n#5 0x55a7e0a9a0dd <unknown>\n#6 0x55a7e0ab9006 <unknown>\n#7 0x55a7e0a99e53 <unknown>\n#8 0x55a7e0a61dd4 <unknown>\n#9 0x55a7e0a631de <unknown>\n#10 0x55a7e0d2c531 <unknown>\n#11 0x55a7e0d30455 <unknown>\n#12 0x55a7e0d18f55 <unknown>\n#13 0x55a7e0d310ef <unknown>\n#14 0x55a7e0cfc99f <unknown>\n#15 0x55a7e0d55008 <unknown>\n#16 0x55a7e0d551d7 <unknown>\n#17 0x55a7e0d67124 <unknown>\n#18 0x7f4d35294ac3 <unknown>","time":{"start":1703207837634,"stop":1703207841621,"duration":3987}},{"uid":"bfa86d5fd23b9b4","reportUrl":"https://robbrad.github.io/UKBinCollectionData/3.10/1281//#testresult/bfa86d5fd23b9b4","status":"failed","statusDetails":"selenium.common.exceptions.NoSuchElementException: Message: no such element: Unable to locate element: {\"method\":\"css selector\",\"selector\":\"[id=\"ContentPlaceHolderDefault_ctl13_nptLLPG2_25_addresslookup_txtTmpPostcode\"]\"}\n  (Session info: chrome-headless-shell=120.0.6099.109); For documentation on this error, please visit: https://www.selenium.dev/documentation/webdriver/troubleshooting/errors#no-such-element-exception\nStacktrace:\n#0 0x55564dcb7f83 <unknown>\n#1 0x55564d970cf7 <unknown>\n#2 0x55564d9c099e <unknown>\n#3 0x55564d9c0aa1 <unknown>\n#4 0x55564da0bd64 <unknown>\n#5 0x55564d9ea0dd <unknown>\n#6 0x55564da09006 <unknown>\n#7 0x55564d9e9e53 <unknown>\n#8 0x55564d9b1dd4 <unknown>\n#9 0x55564d9b31de <unknown>\n#10 0x55564dc7c531 <unknown>\n#11 0x55564dc80455 <unknown>\n#12 0x55564dc68f55 <unknown>\n#13 0x55564dc810ef <unknown>\n#14 0x55564dc4c99f <unknown>\n#15 0x55564dca5008 <unknown>\n#16 0x55564dca51d7 <unknown>\n#17 0x55564dcb7124 <unknown>\n#18 0x7f2852894ac3 <unknown>","time":{"start":1703121472207,"stop":1703121476732,"duration":4525}},{"uid":"52213cce9367e1b","reportUrl":"https://robbrad.github.io/UKBinCollectionData/3.10/1280//#testresult/52213cce9367e1b","status":"failed","statusDetails":"selenium.common.exceptions.NoSuchElementException: Message: no such element: Unable to locate element: {\"method\":\"css selector\",\"selector\":\"[id=\"ContentPlaceHolderDefault_ctl13_nptLLPG2_25_addresslookup_txtTmpPostcode\"]\"}\n  (Session info: chrome-headless-shell=120.0.6099.71); For documentation on this error, please visit: https://www.selenium.dev/documentation/webdriver/troubleshooting/errors#no-such-element-exception\nStacktrace:\n#0 0x557efb120f83 <unknown>\n#1 0x557efadd9cf7 <unknown>\n#2 0x557efae2999e <unknown>\n#3 0x557efae29aa1 <unknown>\n#4 0x557efae74d64 <unknown>\n#5 0x557efae530dd <unknown>\n#6 0x557efae72006 <unknown>\n#7 0x557efae52e53 <unknown>\n#8 0x557efae1add4 <unknown>\n#9 0x557efae1c1de <unknown>\n#10 0x557efb0e5531 <unknown>\n#11 0x557efb0e9455 <unknown>\n#12 0x557efb0d1f55 <unknown>\n#13 0x557efb0ea0ef <unknown>\n#14 0x557efb0b599f <unknown>\n#15 0x557efb10e008 <unknown>\n#16 0x557efb10e1d7 <unknown>\n#17 0x557efb120124 <unknown>\n#18 0x7f694e694ac3 <unknown>","time":{"start":1703034300864,"stop":1703034306125,"duration":5261}},{"uid":"5ccf78a0df636022","reportUrl":"https://robbrad.github.io/UKBinCollectionData/3.10/1279//#testresult/5ccf78a0df636022","status":"failed","statusDetails":"selenium.common.exceptions.NoSuchElementException: Message: no such element: Unable to locate element: {\"method\":\"css selector\",\"selector\":\"[id=\"ContentPlaceHolderDefault_ctl13_nptLLPG2_25_addresslookup_txtTmpPostcode\"]\"}\n  (Session info: chrome-headless-shell=120.0.6099.71); For documentation on this error, please visit: https://www.selenium.dev/documentation/webdriver/troubleshooting/errors#no-such-element-exception\nStacktrace:\n#0 0x560c94366f83 <unknown>\n#1 0x560c9401fcf7 <unknown>\n#2 0x560c9406f99e <unknown>\n#3 0x560c9406faa1 <unknown>\n#4 0x560c940bad64 <unknown>\n#5 0x560c940990dd <unknown>\n#6 0x560c940b8006 <unknown>\n#7 0x560c94098e53 <unknown>\n#8 0x560c94060dd4 <unknown>\n#9 0x560c940621de <unknown>\n#10 0x560c9432b531 <unknown>\n#11 0x560c9432f455 <unknown>\n#12 0x560c94317f55 <unknown>\n#13 0x560c943300ef <unknown>\n#14 0x560c942fb99f <unknown>\n#15 0x560c94354008 <unknown>\n#16 0x560c943541d7 <unknown>\n#17 0x560c94366124 <unknown>\n#18 0x7efcf2a94ac3 <unknown>","time":{"start":1703024941678,"stop":1703024948329,"duration":6651}},{"uid":"112a9e59478211eb","reportUrl":"https://robbrad.github.io/UKBinCollectionData/3.10/1276//#testresult/112a9e59478211eb","status":"failed","statusDetails":"selenium.common.exceptions.NoSuchElementException: Message: no such element: Unable to locate element: {\"method\":\"css selector\",\"selector\":\"[id=\"ContentPlaceHolderDefault_ctl13_nptLLPG2_25_addresslookup_txtTmpPostcode\"]\"}\n  (Session info: chrome-headless-shell=120.0.6099.71); For documentation on this error, please visit: https://www.selenium.dev/documentation/webdriver/troubleshooting/errors#no-such-element-exception\nStacktrace:\n#0 0x557da6d85f83 <unknown>\n#1 0x557da6a3ecf7 <unknown>\n#2 0x557da6a8e99e <unknown>\n#3 0x557da6a8eaa1 <unknown>\n#4 0x557da6ad9d64 <unknown>\n#5 0x557da6ab80dd <unknown>\n#6 0x557da6ad7006 <unknown>\n#7 0x557da6ab7e53 <unknown>\n#8 0x557da6a7fdd4 <unknown>\n#9 0x557da6a811de <unknown>\n#10 0x557da6d4a531 <unknown>\n#11 0x557da6d4e455 <unknown>\n#12 0x557da6d36f55 <unknown>\n#13 0x557da6d4f0ef <unknown>\n#14 0x557da6d1a99f <unknown>\n#15 0x557da6d73008 <unknown>\n#16 0x557da6d731d7 <unknown>\n#17 0x557da6d85124 <unknown>\n#18 0x7ff59bc94ac3 <unknown>","time":{"start":1702948722895,"stop":1702948727283,"duration":4388}},{"uid":"8931f4c16cb25bc0","reportUrl":"https://robbrad.github.io/UKBinCollectionData/3.10/1275//#testresult/8931f4c16cb25bc0","status":"failed","statusDetails":"selenium.common.exceptions.NoSuchElementException: Message: no such element: Unable to locate element: {\"method\":\"css selector\",\"selector\":\"[id=\"ContentPlaceHolderDefault_ctl13_nptLLPG2_25_addresslookup_txtTmpPostcode\"]\"}\n  (Session info: chrome-headless-shell=120.0.6099.71); For documentation on this error, please visit: https://www.selenium.dev/documentation/webdriver/troubleshooting/errors#no-such-element-exception\nStacktrace:\n#0 0x55b067b1fd33 <unknown>\n#1 0x55b0677dcf87 <unknown>\n#2 0x55b06782cc0e <unknown>\n#3 0x55b06782cd11 <unknown>\n#4 0x55b067878004 <unknown>\n#5 0x55b06785636d <unknown>\n#6 0x55b067875297 <unknown>\n#7 0x55b0678560e3 <unknown>\n#8 0x55b06781e044 <unknown>\n#9 0x55b06781f44e <unknown>\n#10 0x55b067ae4861 <unknown>\n#11 0x55b067ae8785 <unknown>\n#12 0x55b067ad2285 <unknown>\n#13 0x55b067ae941f <unknown>\n#14 0x55b067ab620f <unknown>\n#15 0x55b067b0d028 <unknown>\n#16 0x55b067b0d1f7 <unknown>\n#17 0x55b067b1eed4 <unknown>\n#18 0x7f4aba694ac3 <unknown>","time":{"start":1702862401811,"stop":1702862405231,"duration":3420}},{"uid":"bf7af93b9a3c61be","reportUrl":"https://robbrad.github.io/UKBinCollectionData/3.10/1274//#testresult/bf7af93b9a3c61be","status":"failed","statusDetails":"selenium.common.exceptions.NoSuchElementException: Message: no such element: Unable to locate element: {\"method\":\"css selector\",\"selector\":\"[id=\"ContentPlaceHolderDefault_ctl13_nptLLPG2_25_addresslookup_txtTmpPostcode\"]\"}\n  (Session info: chrome-headless-shell=120.0.6099.71); For documentation on this error, please visit: https://www.selenium.dev/documentation/webdriver/troubleshooting/errors#no-such-element-exception\nStacktrace:\n#0 0x55575d7edd33 <unknown>\n#1 0x55575d4aaf87 <unknown>\n#2 0x55575d4fac0e <unknown>\n#3 0x55575d4fad11 <unknown>\n#4 0x55575d546004 <unknown>\n#5 0x55575d52436d <unknown>\n#6 0x55575d543297 <unknown>\n#7 0x55575d5240e3 <unknown>\n#8 0x55575d4ec044 <unknown>\n#9 0x55575d4ed44e <unknown>\n#10 0x55575d7b2861 <unknown>\n#11 0x55575d7b6785 <unknown>\n#12 0x55575d7a0285 <unknown>\n#13 0x55575d7b741f <unknown>\n#14 0x55575d78420f <unknown>\n#15 0x55575d7db028 <unknown>\n#16 0x55575d7db1f7 <unknown>\n#17 0x55575d7eced4 <unknown>\n#18 0x7fe3dbc94ac3 <unknown>","time":{"start":1702860051556,"stop":1702860054735,"duration":3179}},{"uid":"5d1a7c4e13fb58b9","reportUrl":"https://robbrad.github.io/UKBinCollectionData/3.10/1272//#testresult/5d1a7c4e13fb58b9","status":"failed","statusDetails":"selenium.common.exceptions.NoSuchElementException: Message: no such element: Unable to locate element: {\"method\":\"css selector\",\"selector\":\"[id=\"ContentPlaceHolderDefault_ctl13_nptLLPG2_25_addresslookup_txtTmpPostcode\"]\"}\n  (Session info: chrome-headless-shell=120.0.6099.71); For documentation on this error, please visit: https://www.selenium.dev/documentation/webdriver/troubleshooting/errors#no-such-element-exception\nStacktrace:\n#0 0x55b9ce15ad33 <unknown>\n#1 0x55b9cde17f87 <unknown>\n#2 0x55b9cde67c0e <unknown>\n#3 0x55b9cde67d11 <unknown>\n#4 0x55b9cdeb3004 <unknown>\n#5 0x55b9cde9136d <unknown>\n#6 0x55b9cdeb0297 <unknown>\n#7 0x55b9cde910e3 <unknown>\n#8 0x55b9cde59044 <unknown>\n#9 0x55b9cde5a44e <unknown>\n#10 0x55b9ce11f861 <unknown>\n#11 0x55b9ce123785 <unknown>\n#12 0x55b9ce10d285 <unknown>\n#13 0x55b9ce12441f <unknown>\n#14 0x55b9ce0f120f <unknown>\n#15 0x55b9ce148028 <unknown>\n#16 0x55b9ce1481f7 <unknown>\n#17 0x55b9ce159ed4 <unknown>\n#18 0x7fbe62894ac3 <unknown>","time":{"start":1702843584467,"stop":1702843588088,"duration":3621}}]},"tags":[]},"source":"56fc2de65cbbb236.json","parameterValues":["NeathPortTalbotCouncil","local","http://selenium:4444"]}