{"uid":"40802b6670d2144f","name":"Validate Council Output [BuckinghamshireCouncil]","fullName":"features/validate_council_outputs.feature:Validate Council Output","historyId":"d3931a358fdfe26e1ace17c1805a29ca","time":{"start":1725408226158,"stop":1725408277291,"duration":51133},"status":"failed","statusMessage":"selenium.common.exceptions.NoSuchElementException: Message: no such element: Unable to locate element: {\"method\":\"css selector\",\"selector\":\"[id=\"COPYOFECHOCOLLECTIONDATES_ADDRESSSELECTION_ADDRESSSELECTIONPOSTCODE\"]\"}\n  (Session info: chrome=128.0.6613.113); For documentation on this error, please visit: https://www.selenium.dev/documentation/webdriver/troubleshooting/errors#no-such-element-exception\nStacktrace:\n#0 0x55b733e408da <unknown>\n#1 0x55b733b0ee50 <unknown>\n#2 0x55b733b5e644 <unknown>\n#3 0x55b733b5e931 <unknown>\n#4 0x55b733ba4534 <unknown>\n#5 0x55b733b834bd <unknown>\n#6 0x55b733ba19c6 <unknown>\n#7 0x55b733b83233 <unknown>\n#8 0x55b733b51093 <unknown>\n#9 0x55b733b5209e <unknown>\n#10 0x55b733e07b3b <unknown>\n#11 0x55b733e0baf1 <unknown>\n#12 0x55b733df3705 <unknown>\n#13 0x55b733e0c662 <unknown>\n#14 0x55b733dd88df <unknown>\n#15 0x55b733e2f6d8 <unknown>\n#16 0x55b733e2f8a2 <unknown>\n#17 0x55b733e3f6cc <unknown>\n#18 0x7fadd4954a94 <unknown>\n#19 0x7fadd49e1a34 __clone","statusTrace":"fixturefunc = <function scrape_step at 0x7f0cb5175800>\nrequest = <FixtureRequest for <Function test_scenario_outline[BuckinghamshireCouncil]>>\nkwargs = {'context': <test_validate_council.Context object at 0x7f0cb4fea490>, 'headless_mode': 'True', 'local_browser': 'False', 'selenium_url': 'http://localhost:4444'}\n\n    def call_fixture_func(\n        fixturefunc: _FixtureFunc[FixtureValue], request: FixtureRequest, kwargs\n    ) -> FixtureValue:\n        if is_generator(fixturefunc):\n            fixturefunc = cast(\n                Callable[..., Generator[FixtureValue, None, None]], fixturefunc\n            )\n            generator = fixturefunc(**kwargs)\n            try:\n                fixture_result = next(generator)\n            except StopIteration:\n                raise ValueError(f\"{request.fixturename} did not yield a value\") from None\n            finalizer = functools.partial(_teardown_yield_fixture, fixturefunc, generator)\n            request.addfinalizer(finalizer)\n        else:\n            fixturefunc = cast(Callable[..., FixtureValue], fixturefunc)\n>           fixture_result = fixturefunc(**kwargs)\n\n../../../.cache/pypoetry/virtualenvs/uk-bin-collection-EwS6Gn8s-py3.11/lib/python3.11/site-packages/_pytest/fixtures.py:897: \n_ _ _ _ _ _ _ _ _ _ _ _ _ _ _ _ _ _ _ _ _ _ _ _ _ _ _ _ _ _ _ _ _ _ _ _ _ _ _ _ \nuk_bin_collection/tests/step_defs/test_validate_council.py:100: in scrape_step\n    context.parse_result = CollectData.run()\nuk_bin_collection/uk_bin_collection/collect_data.py:101: in run\n    return self.client_code(\nuk_bin_collection/uk_bin_collection/collect_data.py:121: in client_code\n    return get_bin_data_class.template_method(address_url, **kwargs)\nuk_bin_collection/uk_bin_collection/get_bin_data.py:61: in template_method\n    bin_data_dict = self.get_and_parse_data(this_url, **kwargs)\nuk_bin_collection/uk_bin_collection/get_bin_data.py:84: in get_and_parse_data\n    bin_data_dict = self.parse_data(\"\", url=address_url, **kwargs)\nuk_bin_collection/uk_bin_collection/councils/BuckinghamshireCouncil.py:50: in parse_data\n    inputElement_pc = driver.find_element(\n../../../.cache/pypoetry/virtualenvs/uk-bin-collection-EwS6Gn8s-py3.11/lib/python3.11/site-packages/selenium/webdriver/remote/webdriver.py:748: in find_element\n    return self.execute(Command.FIND_ELEMENT, {\"using\": by, \"value\": value})[\"value\"]\n../../../.cache/pypoetry/virtualenvs/uk-bin-collection-EwS6Gn8s-py3.11/lib/python3.11/site-packages/selenium/webdriver/remote/webdriver.py:354: in execute\n    self.error_handler.check_response(response)\n_ _ _ _ _ _ _ _ _ _ _ _ _ _ _ _ _ _ _ _ _ _ _ _ _ _ _ _ _ _ _ _ _ _ _ _ _ _ _ _ \n\nself = <selenium.webdriver.remote.errorhandler.ErrorHandler object at 0x7f0cb4e4ded0>\nresponse = {'status': 404, 'value': '{\"value\":{\"error\":\"no such element\",\"message\":\"no such element: Unable to locate element: {\\...unknown>\\\\n#17 0x55b733e3f6cc \\\\u003Cunknown>\\\\n#18 0x7fadd4954a94 \\\\u003Cunknown>\\\\n#19 0x7fadd49e1a34 __clone\\\\n\"}}'}\n\n    def check_response(self, response: Dict[str, Any]) -> None:\n        \"\"\"Checks that a JSON response from the WebDriver does not have an\n        error.\n    \n        :Args:\n         - response - The JSON response from the WebDriver server as a dictionary\n           object.\n    \n        :Raises: If the response contains an error message.\n        \"\"\"\n        status = response.get(\"status\", None)\n        if not status or status == ErrorCode.SUCCESS:\n            return\n        value = None\n        message = response.get(\"message\", \"\")\n        screen: str = response.get(\"screen\", \"\")\n        stacktrace = None\n        if isinstance(status, int):\n            value_json = response.get(\"value\", None)\n            if value_json and isinstance(value_json, str):\n                import json\n    \n                try:\n                    value = json.loads(value_json)\n                    if len(value) == 1:\n                        value = value[\"value\"]\n                    status = value.get(\"error\", None)\n                    if not status:\n                        status = value.get(\"status\", ErrorCode.UNKNOWN_ERROR)\n                        message = value.get(\"value\") or value.get(\"message\")\n                        if not isinstance(message, str):\n                            value = message\n                            message = message.get(\"message\")\n                    else:\n                        message = value.get(\"message\", None)\n                except ValueError:\n                    pass\n    \n        exception_class: Type[WebDriverException]\n        e = ErrorCode()\n        error_codes = [item for item in dir(e) if not item.startswith(\"__\")]\n        for error_code in error_codes:\n            error_info = getattr(ErrorCode, error_code)\n            if isinstance(error_info, list) and status in error_info:\n                exception_class = getattr(ExceptionMapping, error_code, WebDriverException)\n                break\n        else:\n            exception_class = WebDriverException\n    \n        if not value:\n            value = response[\"value\"]\n        if isinstance(value, str):\n            raise exception_class(value)\n        if message == \"\" and \"message\" in value:\n            message = value[\"message\"]\n    \n        screen = None  # type: ignore[assignment]\n        if \"screen\" in value:\n            screen = value[\"screen\"]\n    \n        stacktrace = None\n        st_value = value.get(\"stackTrace\") or value.get(\"stacktrace\")\n        if st_value:\n            if isinstance(st_value, str):\n                stacktrace = st_value.split(\"\\n\")\n            else:\n                stacktrace = []\n                try:\n                    for frame in st_value:\n                        line = frame.get(\"lineNumber\", \"\")\n                        file = frame.get(\"fileName\", \"<anonymous>\")\n                        if line:\n                            file = f\"{file}:{line}\"\n                        meth = frame.get(\"methodName\", \"<anonymous>\")\n                        if \"className\" in frame:\n                            meth = f\"{frame['className']}.{meth}\"\n                        msg = \"    at %s (%s)\"\n                        msg = msg % (meth, file)\n                        stacktrace.append(msg)\n                except TypeError:\n                    pass\n        if exception_class == UnexpectedAlertPresentException:\n            alert_text = None\n            if \"data\" in value:\n                alert_text = value[\"data\"].get(\"text\")\n            elif \"alert\" in value:\n                alert_text = value[\"alert\"].get(\"text\")\n            raise exception_class(message, screen, stacktrace, alert_text)  # type: ignore[call-arg]  # mypy is not smart enough here\n>       raise exception_class(message, screen, stacktrace)\nE       selenium.common.exceptions.NoSuchElementException: Message: no such element: Unable to locate element: {\"method\":\"css selector\",\"selector\":\"[id=\"COPYOFECHOCOLLECTIONDATES_ADDRESSSELECTION_ADDRESSSELECTIONPOSTCODE\"]\"}\nE         (Session info: chrome=128.0.6613.113); For documentation on this error, please visit: https://www.selenium.dev/documentation/webdriver/troubleshooting/errors#no-such-element-exception\nE       Stacktrace:\nE       #0 0x55b733e408da <unknown>\nE       #1 0x55b733b0ee50 <unknown>\nE       #2 0x55b733b5e644 <unknown>\nE       #3 0x55b733b5e931 <unknown>\nE       #4 0x55b733ba4534 <unknown>\nE       #5 0x55b733b834bd <unknown>\nE       #6 0x55b733ba19c6 <unknown>\nE       #7 0x55b733b83233 <unknown>\nE       #8 0x55b733b51093 <unknown>\nE       #9 0x55b733b5209e <unknown>\nE       #10 0x55b733e07b3b <unknown>\nE       #11 0x55b733e0baf1 <unknown>\nE       #12 0x55b733df3705 <unknown>\nE       #13 0x55b733e0c662 <unknown>\nE       #14 0x55b733dd88df <unknown>\nE       #15 0x55b733e2f6d8 <unknown>\nE       #16 0x55b733e2f8a2 <unknown>\nE       #17 0x55b733e3f6cc <unknown>\nE       #18 0x7fadd4954a94 <unknown>\nE       #19 0x7fadd49e1a34 __clone\n\n../../../.cache/pypoetry/virtualenvs/uk-bin-collection-EwS6Gn8s-py3.11/lib/python3.11/site-packages/selenium/webdriver/remote/errorhandler.py:229: NoSuchElementException","flaky":false,"newFailed":false,"newBroken":false,"newPassed":false,"retriesCount":0,"retriesStatusChange":false,"beforeStages":[],"testStage":{"status":"failed","statusMessage":"selenium.common.exceptions.NoSuchElementException: Message: no such element: Unable to locate element: {\"method\":\"css selector\",\"selector\":\"[id=\"COPYOFECHOCOLLECTIONDATES_ADDRESSSELECTION_ADDRESSSELECTIONPOSTCODE\"]\"}\n  (Session info: chrome=128.0.6613.113); For documentation on this error, please visit: https://www.selenium.dev/documentation/webdriver/troubleshooting/errors#no-such-element-exception\nStacktrace:\n#0 0x55b733e408da <unknown>\n#1 0x55b733b0ee50 <unknown>\n#2 0x55b733b5e644 <unknown>\n#3 0x55b733b5e931 <unknown>\n#4 0x55b733ba4534 <unknown>\n#5 0x55b733b834bd <unknown>\n#6 0x55b733ba19c6 <unknown>\n#7 0x55b733b83233 <unknown>\n#8 0x55b733b51093 <unknown>\n#9 0x55b733b5209e <unknown>\n#10 0x55b733e07b3b <unknown>\n#11 0x55b733e0baf1 <unknown>\n#12 0x55b733df3705 <unknown>\n#13 0x55b733e0c662 <unknown>\n#14 0x55b733dd88df <unknown>\n#15 0x55b733e2f6d8 <unknown>\n#16 0x55b733e2f8a2 <unknown>\n#17 0x55b733e3f6cc <unknown>\n#18 0x7fadd4954a94 <unknown>\n#19 0x7fadd49e1a34 __clone","statusTrace":"fixturefunc = <function scrape_step at 0x7f0cb5175800>\nrequest = <FixtureRequest for <Function test_scenario_outline[BuckinghamshireCouncil]>>\nkwargs = {'context': <test_validate_council.Context object at 0x7f0cb4fea490>, 'headless_mode': 'True', 'local_browser': 'False', 'selenium_url': 'http://localhost:4444'}\n\n    def call_fixture_func(\n        fixturefunc: _FixtureFunc[FixtureValue], request: FixtureRequest, kwargs\n    ) -> FixtureValue:\n        if is_generator(fixturefunc):\n            fixturefunc = cast(\n                Callable[..., Generator[FixtureValue, None, None]], fixturefunc\n            )\n            generator = fixturefunc(**kwargs)\n            try:\n                fixture_result = next(generator)\n            except StopIteration:\n                raise ValueError(f\"{request.fixturename} did not yield a value\") from None\n            finalizer = functools.partial(_teardown_yield_fixture, fixturefunc, generator)\n            request.addfinalizer(finalizer)\n        else:\n            fixturefunc = cast(Callable[..., FixtureValue], fixturefunc)\n>           fixture_result = fixturefunc(**kwargs)\n\n../../../.cache/pypoetry/virtualenvs/uk-bin-collection-EwS6Gn8s-py3.11/lib/python3.11/site-packages/_pytest/fixtures.py:897: \n_ _ _ _ _ _ _ _ _ _ _ _ _ _ _ _ _ _ _ _ _ _ _ _ _ _ _ _ _ _ _ _ _ _ _ _ _ _ _ _ \nuk_bin_collection/tests/step_defs/test_validate_council.py:100: in scrape_step\n    context.parse_result = CollectData.run()\nuk_bin_collection/uk_bin_collection/collect_data.py:101: in run\n    return self.client_code(\nuk_bin_collection/uk_bin_collection/collect_data.py:121: in client_code\n    return get_bin_data_class.template_method(address_url, **kwargs)\nuk_bin_collection/uk_bin_collection/get_bin_data.py:61: in template_method\n    bin_data_dict = self.get_and_parse_data(this_url, **kwargs)\nuk_bin_collection/uk_bin_collection/get_bin_data.py:84: in get_and_parse_data\n    bin_data_dict = self.parse_data(\"\", url=address_url, **kwargs)\nuk_bin_collection/uk_bin_collection/councils/BuckinghamshireCouncil.py:50: in parse_data\n    inputElement_pc = driver.find_element(\n../../../.cache/pypoetry/virtualenvs/uk-bin-collection-EwS6Gn8s-py3.11/lib/python3.11/site-packages/selenium/webdriver/remote/webdriver.py:748: in find_element\n    return self.execute(Command.FIND_ELEMENT, {\"using\": by, \"value\": value})[\"value\"]\n../../../.cache/pypoetry/virtualenvs/uk-bin-collection-EwS6Gn8s-py3.11/lib/python3.11/site-packages/selenium/webdriver/remote/webdriver.py:354: in execute\n    self.error_handler.check_response(response)\n_ _ _ _ _ _ _ _ _ _ _ _ _ _ _ _ _ _ _ _ _ _ _ _ _ _ _ _ _ _ _ _ _ _ _ _ _ _ _ _ \n\nself = <selenium.webdriver.remote.errorhandler.ErrorHandler object at 0x7f0cb4e4ded0>\nresponse = {'status': 404, 'value': '{\"value\":{\"error\":\"no such element\",\"message\":\"no such element: Unable to locate element: {\\...unknown>\\\\n#17 0x55b733e3f6cc \\\\u003Cunknown>\\\\n#18 0x7fadd4954a94 \\\\u003Cunknown>\\\\n#19 0x7fadd49e1a34 __clone\\\\n\"}}'}\n\n    def check_response(self, response: Dict[str, Any]) -> None:\n        \"\"\"Checks that a JSON response from the WebDriver does not have an\n        error.\n    \n        :Args:\n         - response - The JSON response from the WebDriver server as a dictionary\n           object.\n    \n        :Raises: If the response contains an error message.\n        \"\"\"\n        status = response.get(\"status\", None)\n        if not status or status == ErrorCode.SUCCESS:\n            return\n        value = None\n        message = response.get(\"message\", \"\")\n        screen: str = response.get(\"screen\", \"\")\n        stacktrace = None\n        if isinstance(status, int):\n            value_json = response.get(\"value\", None)\n            if value_json and isinstance(value_json, str):\n                import json\n    \n                try:\n                    value = json.loads(value_json)\n                    if len(value) == 1:\n                        value = value[\"value\"]\n                    status = value.get(\"error\", None)\n                    if not status:\n                        status = value.get(\"status\", ErrorCode.UNKNOWN_ERROR)\n                        message = value.get(\"value\") or value.get(\"message\")\n                        if not isinstance(message, str):\n                            value = message\n                            message = message.get(\"message\")\n                    else:\n                        message = value.get(\"message\", None)\n                except ValueError:\n                    pass\n    \n        exception_class: Type[WebDriverException]\n        e = ErrorCode()\n        error_codes = [item for item in dir(e) if not item.startswith(\"__\")]\n        for error_code in error_codes:\n            error_info = getattr(ErrorCode, error_code)\n            if isinstance(error_info, list) and status in error_info:\n                exception_class = getattr(ExceptionMapping, error_code, WebDriverException)\n                break\n        else:\n            exception_class = WebDriverException\n    \n        if not value:\n            value = response[\"value\"]\n        if isinstance(value, str):\n            raise exception_class(value)\n        if message == \"\" and \"message\" in value:\n            message = value[\"message\"]\n    \n        screen = None  # type: ignore[assignment]\n        if \"screen\" in value:\n            screen = value[\"screen\"]\n    \n        stacktrace = None\n        st_value = value.get(\"stackTrace\") or value.get(\"stacktrace\")\n        if st_value:\n            if isinstance(st_value, str):\n                stacktrace = st_value.split(\"\\n\")\n            else:\n                stacktrace = []\n                try:\n                    for frame in st_value:\n                        line = frame.get(\"lineNumber\", \"\")\n                        file = frame.get(\"fileName\", \"<anonymous>\")\n                        if line:\n                            file = f\"{file}:{line}\"\n                        meth = frame.get(\"methodName\", \"<anonymous>\")\n                        if \"className\" in frame:\n                            meth = f\"{frame['className']}.{meth}\"\n                        msg = \"    at %s (%s)\"\n                        msg = msg % (meth, file)\n                        stacktrace.append(msg)\n                except TypeError:\n                    pass\n        if exception_class == UnexpectedAlertPresentException:\n            alert_text = None\n            if \"data\" in value:\n                alert_text = value[\"data\"].get(\"text\")\n            elif \"alert\" in value:\n                alert_text = value[\"alert\"].get(\"text\")\n            raise exception_class(message, screen, stacktrace, alert_text)  # type: ignore[call-arg]  # mypy is not smart enough here\n>       raise exception_class(message, screen, stacktrace)\nE       selenium.common.exceptions.NoSuchElementException: Message: no such element: Unable to locate element: {\"method\":\"css selector\",\"selector\":\"[id=\"COPYOFECHOCOLLECTIONDATES_ADDRESSSELECTION_ADDRESSSELECTIONPOSTCODE\"]\"}\nE         (Session info: chrome=128.0.6613.113); For documentation on this error, please visit: https://www.selenium.dev/documentation/webdriver/troubleshooting/errors#no-such-element-exception\nE       Stacktrace:\nE       #0 0x55b733e408da <unknown>\nE       #1 0x55b733b0ee50 <unknown>\nE       #2 0x55b733b5e644 <unknown>\nE       #3 0x55b733b5e931 <unknown>\nE       #4 0x55b733ba4534 <unknown>\nE       #5 0x55b733b834bd <unknown>\nE       #6 0x55b733ba19c6 <unknown>\nE       #7 0x55b733b83233 <unknown>\nE       #8 0x55b733b51093 <unknown>\nE       #9 0x55b733b5209e <unknown>\nE       #10 0x55b733e07b3b <unknown>\nE       #11 0x55b733e0baf1 <unknown>\nE       #12 0x55b733df3705 <unknown>\nE       #13 0x55b733e0c662 <unknown>\nE       #14 0x55b733dd88df <unknown>\nE       #15 0x55b733e2f6d8 <unknown>\nE       #16 0x55b733e2f8a2 <unknown>\nE       #17 0x55b733e3f6cc <unknown>\nE       #18 0x7fadd4954a94 <unknown>\nE       #19 0x7fadd49e1a34 __clone\n\n../../../.cache/pypoetry/virtualenvs/uk-bin-collection-EwS6Gn8s-py3.11/lib/python3.11/site-packages/selenium/webdriver/remote/errorhandler.py:229: NoSuchElementException","steps":[{"name":"Given the council","time":{"start":1725408226158,"stop":1725408226159,"duration":1},"status":"passed","steps":[],"attachments":[],"parameters":[],"shouldDisplayMessage":false,"stepsCount":0,"attachmentsCount":0,"hasContent":false,"attachmentStep":false},{"name":"When we scrape the data from the council","time":{"start":1725408226159,"stop":1725408277291,"duration":51132},"status":"failed","statusMessage":"Message: no such element: Unable to locate element: {\"method\":\"css selector\",\"selector\":\"[id=\"COPYOFECHOCOLLECTIONDATES_ADDRESSSELECTION_ADDRESSSELECTIONPOSTCODE\"]\"}\n  (Session info: chrome=128.0.6613.113); For documentation on this error, please visit: https://www.selenium.dev/documentation/webdriver/troubleshooting/errors#no-such-element-exception\nStacktrace:\n#0 0x55b733e408da <unknown>\n#1 0x55b733b0ee50 <unknown>\n#2 0x55b733b5e644 <unknown>\n#3 0x55b733b5e931 <unknown>\n#4 0x55b733ba4534 <unknown>\n#5 0x55b733b834bd <unknown>\n#6 0x55b733ba19c6 <unknown>\n#7 0x55b733b83233 <unknown>\n#8 0x55b733b51093 <unknown>\n#9 0x55b733b5209e <unknown>\n#10 0x55b733e07b3b <unknown>\n#11 0x55b733e0baf1 <unknown>\n#12 0x55b733df3705 <unknown>\n#13 0x55b733e0c662 <unknown>\n#14 0x55b733dd88df <unknown>\n#15 0x55b733e2f6d8 <unknown>\n#16 0x55b733e2f8a2 <unknown>\n#17 0x55b733e3f6cc <unknown>\n#18 0x7fadd4954a94 <unknown>\n#19 0x7fadd49e1a34 __clone\n","statusTrace":"selenium.common.exceptions.NoSuchElementException: Message: no such element: Unable to locate element: {\"method\":\"css selector\",\"selector\":\"[id=\"COPYOFECHOCOLLECTIONDATES_ADDRESSSELECTION_ADDRESSSELECTIONPOSTCODE\"]\"}\n  (Session info: chrome=128.0.6613.113); For documentation on this error, please visit: https://www.selenium.dev/documentation/webdriver/troubleshooting/errors#no-such-element-exception\nStacktrace:\n#0 0x55b733e408da <unknown>\n#1 0x55b733b0ee50 <unknown>\n#2 0x55b733b5e644 <unknown>\n#3 0x55b733b5e931 <unknown>\n#4 0x55b733ba4534 <unknown>\n#5 0x55b733b834bd <unknown>\n#6 0x55b733ba19c6 <unknown>\n#7 0x55b733b83233 <unknown>\n#8 0x55b733b51093 <unknown>\n#9 0x55b733b5209e <unknown>\n#10 0x55b733e07b3b <unknown>\n#11 0x55b733e0baf1 <unknown>\n#12 0x55b733df3705 <unknown>\n#13 0x55b733e0c662 <unknown>\n#14 0x55b733dd88df <unknown>\n#15 0x55b733e2f6d8 <unknown>\n#16 0x55b733e2f8a2 <unknown>\n#17 0x55b733e3f6cc <unknown>\n#18 0x7fadd4954a94 <unknown>\n#19 0x7fadd49e1a34 __clone\n\n","steps":[],"attachments":[],"parameters":[],"shouldDisplayMessage":true,"stepsCount":0,"attachmentsCount":0,"hasContent":true,"attachmentStep":false}],"attachments":[{"uid":"3e8ad47e2c97e4d0","name":"stdout","source":"3e8ad47e2c97e4d0.txt","type":"text/plain","size":1001}],"parameters":[],"shouldDisplayMessage":true,"stepsCount":2,"attachmentsCount":1,"hasContent":true,"attachmentStep":false},"afterStages":[],"labels":[{"name":"host","value":"fv-az1493-436"},{"name":"thread","value":"2902-MainThread"},{"name":"framework","value":"pytest-bdd"},{"name":"language","value":"cpython3"},{"name":"feature","value":"Test each council output matches expected results"},{"name":"resultFormat","value":"allure2"}],"parameters":[{"name":"council","value":"BuckinghamshireCouncil"}],"links":[],"hidden":false,"retry":false,"extra":{"severity":"normal","retries":[],"categories":[{"name":"Product defects","matchedStatuses":[],"flaky":false}],"history":{"statistic":{"failed":51,"broken":0,"skipped":0,"passed":123,"unknown":0,"total":174},"items":[{"uid":"70f9a2183cc7a734","reportUrl":"https://robbrad.github.io/UKBinCollectionData/3.11/2080//#testresult/70f9a2183cc7a734","status":"failed","statusDetails":"selenium.common.exceptions.NoSuchElementException: Message: no such element: Unable to locate element: {\"method\":\"css selector\",\"selector\":\"[id=\"COPYOFECHOCOLLECTIONDATES_ADDRESSSELECTION_ADDRESSSELECTIONPOSTCODE\"]\"}\n  (Session info: chrome=128.0.6613.113); For documentation on this error, please visit: https://www.selenium.dev/documentation/webdriver/troubleshooting/errors#no-such-element-exception\nStacktrace:\n#0 0x559ddbd898da <unknown>\n#1 0x559ddba57e50 <unknown>\n#2 0x559ddbaa7644 <unknown>\n#3 0x559ddbaa7931 <unknown>\n#4 0x559ddbaed534 <unknown>\n#5 0x559ddbacc4bd <unknown>\n#6 0x559ddbaea9c6 <unknown>\n#7 0x559ddbacc233 <unknown>\n#8 0x559ddba9a093 <unknown>\n#9 0x559ddba9b09e <unknown>\n#10 0x559ddbd50b3b <unknown>\n#11 0x559ddbd54af1 <unknown>\n#12 0x559ddbd3c705 <unknown>\n#13 0x559ddbd55662 <unknown>\n#14 0x559ddbd218df <unknown>\n#15 0x559ddbd786d8 <unknown>\n#16 0x559ddbd788a2 <unknown>\n#17 0x559ddbd886cc <unknown>\n#18 0x7fb101308a94 <unknown>\n#19 0x7fb101395a34 __clone","time":{"start":1725403308721,"stop":1725403352055,"duration":43334}},{"uid":"5545e9b7a14ae5fa","reportUrl":"https://robbrad.github.io/UKBinCollectionData/3.11/2073//#testresult/5545e9b7a14ae5fa","status":"failed","statusDetails":"selenium.common.exceptions.NoSuchElementException: Message: no such element: Unable to locate element: {\"method\":\"css selector\",\"selector\":\"[id=\"COPYOFECHOCOLLECTIONDATES_ADDRESSSELECTION_ADDRESSSELECTIONPOSTCODE\"]\"}\n  (Session info: chrome=128.0.6613.113); For documentation on this error, please visit: https://www.selenium.dev/documentation/webdriver/troubleshooting/errors#no-such-element-exception\nStacktrace:\n#0 0x55da910378da <unknown>\n#1 0x55da90d05e50 <unknown>\n#2 0x55da90d55644 <unknown>\n#3 0x55da90d55931 <unknown>\n#4 0x55da90d9b534 <unknown>\n#5 0x55da90d7a4bd <unknown>\n#6 0x55da90d989c6 <unknown>\n#7 0x55da90d7a233 <unknown>\n#8 0x55da90d48093 <unknown>\n#9 0x55da90d4909e <unknown>\n#10 0x55da90ffeb3b <unknown>\n#11 0x55da91002af1 <unknown>\n#12 0x55da90fea705 <unknown>\n#13 0x55da91003662 <unknown>\n#14 0x55da90fcf8df <unknown>\n#15 0x55da910266d8 <unknown>\n#16 0x55da910268a2 <unknown>\n#17 0x55da910366cc <unknown>\n#18 0x7f89ad31ca94 <unknown>\n#19 0x7f89ad3a9a34 __clone","time":{"start":1725384226804,"stop":1725384289788,"duration":62984}},{"uid":"5f948b5847223d3d","reportUrl":"https://robbrad.github.io/UKBinCollectionData/3.11/2070//#testresult/5f948b5847223d3d","status":"failed","statusDetails":"selenium.common.exceptions.NoSuchElementException: Message: no such element: Unable to locate element: {\"method\":\"css selector\",\"selector\":\"[id=\"COPYOFECHOCOLLECTIONDATES_ADDRESSSELECTION_ADDRESSSELECTIONPOSTCODE\"]\"}\n  (Session info: chrome=128.0.6613.113); For documentation on this error, please visit: https://www.selenium.dev/documentation/webdriver/troubleshooting/errors#no-such-element-exception\nStacktrace:\n#0 0x55a9c636f8da <unknown>\n#1 0x55a9c603de50 <unknown>\n#2 0x55a9c608d644 <unknown>\n#3 0x55a9c608d931 <unknown>\n#4 0x55a9c60d3534 <unknown>\n#5 0x55a9c60b24bd <unknown>\n#6 0x55a9c60d09c6 <unknown>\n#7 0x55a9c60b2233 <unknown>\n#8 0x55a9c6080093 <unknown>\n#9 0x55a9c608109e <unknown>\n#10 0x55a9c6336b3b <unknown>\n#11 0x55a9c633aaf1 <unknown>\n#12 0x55a9c6322705 <unknown>\n#13 0x55a9c633b662 <unknown>\n#14 0x55a9c63078df <unknown>\n#15 0x55a9c635e6d8 <unknown>\n#16 0x55a9c635e8a2 <unknown>\n#17 0x55a9c636e6cc <unknown>\n#18 0x7ff5b81cfa94 <unknown>\n#19 0x7ff5b825ca34 __clone","time":{"start":1725346451763,"stop":1725346505606,"duration":53843}},{"uid":"51f9b7ac7a31eff4","reportUrl":"https://robbrad.github.io/UKBinCollectionData/3.11/2069//#testresult/51f9b7ac7a31eff4","status":"failed","statusDetails":"selenium.common.exceptions.NoSuchElementException: Message: no such element: Unable to locate element: {\"method\":\"css selector\",\"selector\":\"[id=\"COPYOFECHOCOLLECTIONDATES_ADDRESSSELECTION_ADDRESSSELECTIONPOSTCODE\"]\"}\n  (Session info: chrome=128.0.6613.113); For documentation on this error, please visit: https://www.selenium.dev/documentation/webdriver/troubleshooting/errors#no-such-element-exception\nStacktrace:\n#0 0x55c8d6d448da <unknown>\n#1 0x55c8d6a12e50 <unknown>\n#2 0x55c8d6a62644 <unknown>\n#3 0x55c8d6a62931 <unknown>\n#4 0x55c8d6aa8534 <unknown>\n#5 0x55c8d6a874bd <unknown>\n#6 0x55c8d6aa59c6 <unknown>\n#7 0x55c8d6a87233 <unknown>\n#8 0x55c8d6a55093 <unknown>\n#9 0x55c8d6a5609e <unknown>\n#10 0x55c8d6d0bb3b <unknown>\n#11 0x55c8d6d0faf1 <unknown>\n#12 0x55c8d6cf7705 <unknown>\n#13 0x55c8d6d10662 <unknown>\n#14 0x55c8d6cdc8df <unknown>\n#15 0x55c8d6d336d8 <unknown>\n#16 0x55c8d6d338a2 <unknown>\n#17 0x55c8d6d436cc <unknown>\n#18 0x7fae5287ba94 <unknown>\n#19 0x7fae52908a34 __clone","time":{"start":1725321724319,"stop":1725321772054,"duration":47735}},{"uid":"e6f59408abc1b921","reportUrl":"https://robbrad.github.io/UKBinCollectionData/3.11/2068//#testresult/e6f59408abc1b921","status":"failed","statusDetails":"selenium.common.exceptions.NoSuchElementException: Message: no such element: Unable to locate element: {\"method\":\"css selector\",\"selector\":\"[id=\"COPYOFECHOCOLLECTIONDATES_ADDRESSSELECTION_ADDRESSSELECTIONPOSTCODE\"]\"}\n  (Session info: chrome=128.0.6613.113); For documentation on this error, please visit: https://www.selenium.dev/documentation/webdriver/troubleshooting/errors#no-such-element-exception\nStacktrace:\n#0 0x561e342588da <unknown>\n#1 0x561e33f26e50 <unknown>\n#2 0x561e33f76644 <unknown>\n#3 0x561e33f76931 <unknown>\n#4 0x561e33fbc534 <unknown>\n#5 0x561e33f9b4bd <unknown>\n#6 0x561e33fb99c6 <unknown>\n#7 0x561e33f9b233 <unknown>\n#8 0x561e33f69093 <unknown>\n#9 0x561e33f6a09e <unknown>\n#10 0x561e3421fb3b <unknown>\n#11 0x561e34223af1 <unknown>\n#12 0x561e3420b705 <unknown>\n#13 0x561e34224662 <unknown>\n#14 0x561e341f08df <unknown>\n#15 0x561e342476d8 <unknown>\n#16 0x561e342478a2 <unknown>\n#17 0x561e342576cc <unknown>\n#18 0x7f4dd3355a94 <unknown>\n#19 0x7f4dd33e2a34 __clone","time":{"start":1725315625637,"stop":1725315676695,"duration":51058}},{"uid":"322f2260c6cb763a","reportUrl":"https://robbrad.github.io/UKBinCollectionData/3.11/2066//#testresult/322f2260c6cb763a","status":"failed","statusDetails":"selenium.common.exceptions.NoSuchElementException: Message: no such element: Unable to locate element: {\"method\":\"css selector\",\"selector\":\"[id=\"COPYOFECHOCOLLECTIONDATES_ADDRESSSELECTION_ADDRESSSELECTIONPOSTCODE\"]\"}\n  (Session info: chrome=128.0.6613.113); For documentation on this error, please visit: https://www.selenium.dev/documentation/webdriver/troubleshooting/errors#no-such-element-exception\nStacktrace:\n#0 0x557ba27b18da <unknown>\n#1 0x557ba247fe50 <unknown>\n#2 0x557ba24cf644 <unknown>\n#3 0x557ba24cf931 <unknown>\n#4 0x557ba2515534 <unknown>\n#5 0x557ba24f44bd <unknown>\n#6 0x557ba25129c6 <unknown>\n#7 0x557ba24f4233 <unknown>\n#8 0x557ba24c2093 <unknown>\n#9 0x557ba24c309e <unknown>\n#10 0x557ba2778b3b <unknown>\n#11 0x557ba277caf1 <unknown>\n#12 0x557ba2764705 <unknown>\n#13 0x557ba277d662 <unknown>\n#14 0x557ba27498df <unknown>\n#15 0x557ba27a06d8 <unknown>\n#16 0x557ba27a08a2 <unknown>\n#17 0x557ba27b06cc <unknown>\n#18 0x7fa59dc81a94 <unknown>\n#19 0x7fa59dd0ea34 __clone","time":{"start":1725312347999,"stop":1725312404514,"duration":56515}},{"uid":"c8ba441e1870f8ac","reportUrl":"https://robbrad.github.io/UKBinCollectionData/3.11/2064//#testresult/c8ba441e1870f8ac","status":"failed","statusDetails":"selenium.common.exceptions.NoSuchElementException: Message: no such element: Unable to locate element: {\"method\":\"css selector\",\"selector\":\"[id=\"COPYOFECHOCOLLECTIONDATES_ADDRESSSELECTION_ADDRESSSELECTIONPOSTCODE\"]\"}\n  (Session info: chrome=128.0.6613.113); For documentation on this error, please visit: https://www.selenium.dev/documentation/webdriver/troubleshooting/errors#no-such-element-exception\nStacktrace:\n#0 0x55e4e4c5a8da <unknown>\n#1 0x55e4e4928e50 <unknown>\n#2 0x55e4e4978644 <unknown>\n#3 0x55e4e4978931 <unknown>\n#4 0x55e4e49be534 <unknown>\n#5 0x55e4e499d4bd <unknown>\n#6 0x55e4e49bb9c6 <unknown>\n#7 0x55e4e499d233 <unknown>\n#8 0x55e4e496b093 <unknown>\n#9 0x55e4e496c09e <unknown>\n#10 0x55e4e4c21b3b <unknown>\n#11 0x55e4e4c25af1 <unknown>\n#12 0x55e4e4c0d705 <unknown>\n#13 0x55e4e4c26662 <unknown>\n#14 0x55e4e4bf28df <unknown>\n#15 0x55e4e4c496d8 <unknown>\n#16 0x55e4e4c498a2 <unknown>\n#17 0x55e4e4c596cc <unknown>\n#18 0x7f1a030d2a94 <unknown>\n#19 0x7f1a0315fa34 __clone","time":{"start":1725310192290,"stop":1725310247374,"duration":55084}},{"uid":"c0fd45a7cfa1ed30","reportUrl":"https://robbrad.github.io/UKBinCollectionData/3.11/2060//#testresult/c0fd45a7cfa1ed30","status":"failed","statusDetails":"selenium.common.exceptions.NoSuchElementException: Message: no such element: Unable to locate element: {\"method\":\"css selector\",\"selector\":\"[id=\"COPYOFECHOCOLLECTIONDATES_ADDRESSSELECTION_ADDRESSSELECTIONPOSTCODE\"]\"}\n  (Session info: chrome=128.0.6613.113); For documentation on this error, please visit: https://www.selenium.dev/documentation/webdriver/troubleshooting/errors#no-such-element-exception\nStacktrace:\n#0 0x559a64e228da <unknown>\n#1 0x559a64af0e50 <unknown>\n#2 0x559a64b40644 <unknown>\n#3 0x559a64b40931 <unknown>\n#4 0x559a64b86534 <unknown>\n#5 0x559a64b654bd <unknown>\n#6 0x559a64b839c6 <unknown>\n#7 0x559a64b65233 <unknown>\n#8 0x559a64b33093 <unknown>\n#9 0x559a64b3409e <unknown>\n#10 0x559a64de9b3b <unknown>\n#11 0x559a64dedaf1 <unknown>\n#12 0x559a64dd5705 <unknown>\n#13 0x559a64dee662 <unknown>\n#14 0x559a64dba8df <unknown>\n#15 0x559a64e116d8 <unknown>\n#16 0x559a64e118a2 <unknown>\n#17 0x559a64e216cc <unknown>\n#18 0x7f88f8a02a94 <unknown>\n#19 0x7f88f8a8fa34 __clone","time":{"start":1725307448494,"stop":1725307491601,"duration":43107}},{"uid":"a56103ae6b52dadb","reportUrl":"https://robbrad.github.io/UKBinCollectionData/3.11/2059//#testresult/a56103ae6b52dadb","status":"failed","statusDetails":"selenium.common.exceptions.NoSuchElementException: Message: no such element: Unable to locate element: {\"method\":\"css selector\",\"selector\":\"[id=\"COPYOFECHOCOLLECTIONDATES_ADDRESSSELECTION_ADDRESSSELECTIONPOSTCODE\"]\"}\n  (Session info: chrome=128.0.6613.113); For documentation on this error, please visit: https://www.selenium.dev/documentation/webdriver/troubleshooting/errors#no-such-element-exception\nStacktrace:\n#0 0x558cc78538da <unknown>\n#1 0x558cc7521e50 <unknown>\n#2 0x558cc7571644 <unknown>\n#3 0x558cc7571931 <unknown>\n#4 0x558cc75b7534 <unknown>\n#5 0x558cc75964bd <unknown>\n#6 0x558cc75b49c6 <unknown>\n#7 0x558cc7596233 <unknown>\n#8 0x558cc7564093 <unknown>\n#9 0x558cc756509e <unknown>\n#10 0x558cc781ab3b <unknown>\n#11 0x558cc781eaf1 <unknown>\n#12 0x558cc7806705 <unknown>\n#13 0x558cc781f662 <unknown>\n#14 0x558cc77eb8df <unknown>\n#15 0x558cc78426d8 <unknown>\n#16 0x558cc78428a2 <unknown>\n#17 0x558cc78526cc <unknown>\n#18 0x7fc052010a94 <unknown>\n#19 0x7fc05209da34 __clone","time":{"start":1725307308120,"stop":1725307367352,"duration":59232}},{"uid":"6a0d96cfd7a4569","reportUrl":"https://robbrad.github.io/UKBinCollectionData/3.11/2054//#testresult/6a0d96cfd7a4569","status":"failed","statusDetails":"selenium.common.exceptions.NoSuchElementException: Message: no such element: Unable to locate element: {\"method\":\"css selector\",\"selector\":\"[id=\"COPYOFECHOCOLLECTIONDATES_ADDRESSSELECTION_ADDRESSSELECTIONPOSTCODE\"]\"}\n  (Session info: chrome=128.0.6613.113); For documentation on this error, please visit: https://www.selenium.dev/documentation/webdriver/troubleshooting/errors#no-such-element-exception\nStacktrace:\n#0 0x55bb638fd8da <unknown>\n#1 0x55bb635cbe50 <unknown>\n#2 0x55bb6361b644 <unknown>\n#3 0x55bb6361b931 <unknown>\n#4 0x55bb63661534 <unknown>\n#5 0x55bb636404bd <unknown>\n#6 0x55bb6365e9c6 <unknown>\n#7 0x55bb63640233 <unknown>\n#8 0x55bb6360e093 <unknown>\n#9 0x55bb6360f09e <unknown>\n#10 0x55bb638c4b3b <unknown>\n#11 0x55bb638c8af1 <unknown>\n#12 0x55bb638b0705 <unknown>\n#13 0x55bb638c9662 <unknown>\n#14 0x55bb638958df <unknown>\n#15 0x55bb638ec6d8 <unknown>\n#16 0x55bb638ec8a2 <unknown>\n#17 0x55bb638fc6cc <unknown>\n#18 0x7ff74e33ea94 <unknown>\n#19 0x7ff74e3cba34 __clone","time":{"start":1725235273409,"stop":1725235276309,"duration":2900}},{"uid":"b105afc99fe0e5cf","reportUrl":"https://robbrad.github.io/UKBinCollectionData/3.11/2053//#testresult/b105afc99fe0e5cf","status":"failed","statusDetails":"selenium.common.exceptions.NoSuchElementException: Message: no such element: Unable to locate element: {\"method\":\"css selector\",\"selector\":\"[id=\"COPYOFECHOCOLLECTIONDATES_ADDRESSSELECTION_ADDRESSSELECTIONPOSTCODE\"]\"}\n  (Session info: chrome=128.0.6613.113); For documentation on this error, please visit: https://www.selenium.dev/documentation/webdriver/troubleshooting/errors#no-such-element-exception\nStacktrace:\n#0 0x55819f12e8da <unknown>\n#1 0x55819edfce50 <unknown>\n#2 0x55819ee4c644 <unknown>\n#3 0x55819ee4c931 <unknown>\n#4 0x55819ee92534 <unknown>\n#5 0x55819ee714bd <unknown>\n#6 0x55819ee8f9c6 <unknown>\n#7 0x55819ee71233 <unknown>\n#8 0x55819ee3f093 <unknown>\n#9 0x55819ee4009e <unknown>\n#10 0x55819f0f5b3b <unknown>\n#11 0x55819f0f9af1 <unknown>\n#12 0x55819f0e1705 <unknown>\n#13 0x55819f0fa662 <unknown>\n#14 0x55819f0c68df <unknown>\n#15 0x55819f11d6d8 <unknown>\n#16 0x55819f11d8a2 <unknown>\n#17 0x55819f12d6cc <unknown>\n#18 0x7fa584b37a94 <unknown>\n#19 0x7fa584bc4a34 __clone","time":{"start":1725148871040,"stop":1725148987252,"duration":116212}},{"uid":"c34a42a21b15a8eb","reportUrl":"https://robbrad.github.io/UKBinCollectionData/3.11/2052//#testresult/c34a42a21b15a8eb","status":"failed","statusDetails":"selenium.common.exceptions.NoSuchElementException: Message: no such element: Unable to locate element: {\"method\":\"css selector\",\"selector\":\"[id=\"COPYOFECHOCOLLECTIONDATES_ADDRESSSELECTION_ADDRESSSELECTIONPOSTCODE\"]\"}\n  (Session info: chrome=128.0.6613.113); For documentation on this error, please visit: https://www.selenium.dev/documentation/webdriver/troubleshooting/errors#no-such-element-exception\nStacktrace:\n#0 0x555dd37668da <unknown>\n#1 0x555dd3434e50 <unknown>\n#2 0x555dd3484644 <unknown>\n#3 0x555dd3484931 <unknown>\n#4 0x555dd34ca534 <unknown>\n#5 0x555dd34a94bd <unknown>\n#6 0x555dd34c79c6 <unknown>\n#7 0x555dd34a9233 <unknown>\n#8 0x555dd3477093 <unknown>\n#9 0x555dd347809e <unknown>\n#10 0x555dd372db3b <unknown>\n#11 0x555dd3731af1 <unknown>\n#12 0x555dd3719705 <unknown>\n#13 0x555dd3732662 <unknown>\n#14 0x555dd36fe8df <unknown>\n#15 0x555dd37556d8 <unknown>\n#16 0x555dd37558a2 <unknown>\n#17 0x555dd37656cc <unknown>\n#18 0x7fe338339a94 <unknown>\n#19 0x7fe3383c6a34 __clone","time":{"start":1725062470571,"stop":1725062472503,"duration":1932}},{"uid":"a6e3f1ad0d870b73","reportUrl":"https://robbrad.github.io/UKBinCollectionData/3.11/2051//#testresult/a6e3f1ad0d870b73","status":"failed","statusDetails":"selenium.common.exceptions.NoSuchElementException: Message: no such element: Unable to locate element: {\"method\":\"css selector\",\"selector\":\"[id=\"COPYOFECHOCOLLECTIONDATES_ADDRESSSELECTION_ADDRESSSELECTIONPOSTCODE\"]\"}\n  (Session info: chrome=128.0.6613.113); For documentation on this error, please visit: https://www.selenium.dev/documentation/webdriver/troubleshooting/errors#no-such-element-exception\nStacktrace:\n#0 0x55e348f578da <unknown>\n#1 0x55e348c25e50 <unknown>\n#2 0x55e348c75644 <unknown>\n#3 0x55e348c75931 <unknown>\n#4 0x55e348cbb534 <unknown>\n#5 0x55e348c9a4bd <unknown>\n#6 0x55e348cb89c6 <unknown>\n#7 0x55e348c9a233 <unknown>\n#8 0x55e348c68093 <unknown>\n#9 0x55e348c6909e <unknown>\n#10 0x55e348f1eb3b <unknown>\n#11 0x55e348f22af1 <unknown>\n#12 0x55e348f0a705 <unknown>\n#13 0x55e348f23662 <unknown>\n#14 0x55e348eef8df <unknown>\n#15 0x55e348f466d8 <unknown>\n#16 0x55e348f468a2 <unknown>\n#17 0x55e348f566cc <unknown>\n#18 0x7f25b0754a94 <unknown>\n#19 0x7f25b07e1a34 __clone","time":{"start":1724976074988,"stop":1724976077130,"duration":2142}},{"uid":"97956ab7bb899d1","reportUrl":"https://robbrad.github.io/UKBinCollectionData/3.11/2049//#testresult/97956ab7bb899d1","status":"failed","statusDetails":"selenium.common.exceptions.NoSuchElementException: Message: no such element: Unable to locate element: {\"method\":\"css selector\",\"selector\":\"[id=\"COPYOFECHOCOLLECTIONDATES_ADDRESSSELECTION_ADDRESSSELECTIONPOSTCODE\"]\"}\n  (Session info: chrome-headless-shell=127.0.6533.119); For documentation on this error, please visit: https://www.selenium.dev/documentation/webdriver/troubleshooting/errors#no-such-element-exception\nStacktrace:\n#0 0x55ebcfbbc6ca <unknown>\n#1 0x55ebcf88d600 <unknown>\n#2 0x55ebcf8dcbcb <unknown>\n#3 0x55ebcf8dceb1 <unknown>\n#4 0x55ebcf920b24 <unknown>\n#5 0x55ebcf8ff8cd <unknown>\n#6 0x55ebcf91e04a <unknown>\n#7 0x55ebcf8ff643 <unknown>\n#8 0x55ebcf8cfd31 <unknown>\n#9 0x55ebcf8d079e <unknown>\n#10 0x55ebcfb8425b <unknown>\n#11 0x55ebcfb881f2 <unknown>\n#12 0x55ebcfb71615 <unknown>\n#13 0x55ebcfb88d82 <unknown>\n#14 0x55ebcfb5625f <unknown>\n#15 0x55ebcfbabe68 <unknown>\n#16 0x55ebcfbac040 <unknown>\n#17 0x55ebcfbbb49c <unknown>\n#18 0x7f7c94d50a94 <unknown>\n#19 0x7f7c94ddda34 __clone","time":{"start":1724889688085,"stop":1724889689964,"duration":1879}},{"uid":"7c91ed405e8e562a","reportUrl":"https://robbrad.github.io/UKBinCollectionData/3.11/2048//#testresult/7c91ed405e8e562a","status":"failed","statusDetails":"selenium.common.exceptions.NoSuchElementException: Message: no such element: Unable to locate element: {\"method\":\"css selector\",\"selector\":\"[id=\"COPYOFECHOCOLLECTIONDATES_ADDRESSSELECTION_ADDRESSSELECTIONPOSTCODE\"]\"}\n  (Session info: chrome-headless-shell=127.0.6533.119); For documentation on this error, please visit: https://www.selenium.dev/documentation/webdriver/troubleshooting/errors#no-such-element-exception\nStacktrace:\n#0 0x55dacdce36ca <unknown>\n#1 0x55dacd9b4600 <unknown>\n#2 0x55dacda03bcb <unknown>\n#3 0x55dacda03eb1 <unknown>\n#4 0x55dacda47b24 <unknown>\n#5 0x55dacda268cd <unknown>\n#6 0x55dacda4504a <unknown>\n#7 0x55dacda26643 <unknown>\n#8 0x55dacd9f6d31 <unknown>\n#9 0x55dacd9f779e <unknown>\n#10 0x55dacdcab25b <unknown>\n#11 0x55dacdcaf1f2 <unknown>\n#12 0x55dacdc98615 <unknown>\n#13 0x55dacdcafd82 <unknown>\n#14 0x55dacdc7d25f <unknown>\n#15 0x55dacdcd2e68 <unknown>\n#16 0x55dacdcd3040 <unknown>\n#17 0x55dacdce249c <unknown>\n#18 0x7f1979d1ea94 <unknown>\n#19 0x7f1979daba34 __clone","time":{"start":1724803270108,"stop":1724803305867,"duration":35759}},{"uid":"ab20fe2c8cc0836e","reportUrl":"https://robbrad.github.io/UKBinCollectionData/3.11/2043//#testresult/ab20fe2c8cc0836e","status":"failed","statusDetails":"selenium.common.exceptions.NoSuchElementException: Message: no such element: Unable to locate element: {\"method\":\"css selector\",\"selector\":\"[id=\"COPYOFECHOCOLLECTIONDATES_ADDRESSSELECTION_ADDRESSSELECTIONPOSTCODE\"]\"}\n  (Session info: chrome-headless-shell=127.0.6533.119); For documentation on this error, please visit: https://www.selenium.dev/documentation/webdriver/troubleshooting/errors#no-such-element-exception\nStacktrace:\n#0 0x56315e21d6ca <unknown>\n#1 0x56315deee600 <unknown>\n#2 0x56315df3dbcb <unknown>\n#3 0x56315df3deb1 <unknown>\n#4 0x56315df81b24 <unknown>\n#5 0x56315df608cd <unknown>\n#6 0x56315df7f04a <unknown>\n#7 0x56315df60643 <unknown>\n#8 0x56315df30d31 <unknown>\n#9 0x56315df3179e <unknown>\n#10 0x56315e1e525b <unknown>\n#11 0x56315e1e91f2 <unknown>\n#12 0x56315e1d2615 <unknown>\n#13 0x56315e1e9d82 <unknown>\n#14 0x56315e1b725f <unknown>\n#15 0x56315e20ce68 <unknown>\n#16 0x56315e20d040 <unknown>\n#17 0x56315e21c49c <unknown>\n#18 0x7f4380dc2a94 <unknown>\n#19 0x7f4380e4fa34 __clone","time":{"start":1724716889346,"stop":1724716891777,"duration":2431}},{"uid":"87798a51489d1fcd","reportUrl":"https://robbrad.github.io/UKBinCollectionData/3.11/2039//#testresult/87798a51489d1fcd","status":"failed","statusDetails":"selenium.common.exceptions.NoSuchElementException: Message: no such element: Unable to locate element: {\"method\":\"css selector\",\"selector\":\"[id=\"COPYOFECHOCOLLECTIONDATES_ADDRESSSELECTION_ADDRESSSELECTIONPOSTCODE\"]\"}\n  (Session info: chrome-headless-shell=127.0.6533.119); For documentation on this error, please visit: https://www.selenium.dev/documentation/webdriver/troubleshooting/errors#no-such-element-exception\nStacktrace:\n#0 0x5579495a86ca <unknown>\n#1 0x557949279600 <unknown>\n#2 0x5579492c8bcb <unknown>\n#3 0x5579492c8eb1 <unknown>\n#4 0x55794930cb24 <unknown>\n#5 0x5579492eb8cd <unknown>\n#6 0x55794930a04a <unknown>\n#7 0x5579492eb643 <unknown>\n#8 0x5579492bbd31 <unknown>\n#9 0x5579492bc79e <unknown>\n#10 0x55794957025b <unknown>\n#11 0x5579495741f2 <unknown>\n#12 0x55794955d615 <unknown>\n#13 0x557949574d82 <unknown>\n#14 0x55794954225f <unknown>\n#15 0x557949597e68 <unknown>\n#16 0x557949598040 <unknown>\n#17 0x5579495a749c <unknown>\n#18 0x7f45f615fa94 <unknown>\n#19 0x7f45f61eca34 __clone","time":{"start":1724630476725,"stop":1724630479091,"duration":2366}},{"uid":"7bbfc69d68c8208d","reportUrl":"https://robbrad.github.io/UKBinCollectionData/3.11/2038//#testresult/7bbfc69d68c8208d","status":"failed","statusDetails":"selenium.common.exceptions.NoSuchElementException: Message: no such element: Unable to locate element: {\"method\":\"css selector\",\"selector\":\"[id=\"COPYOFECHOCOLLECTIONDATES_ADDRESSSELECTION_ADDRESSSELECTIONPOSTCODE\"]\"}\n  (Session info: chrome-headless-shell=127.0.6533.119); For documentation on this error, please visit: https://www.selenium.dev/documentation/webdriver/troubleshooting/errors#no-such-element-exception\nStacktrace:\n#0 0x55ebd62246ca <unknown>\n#1 0x55ebd5ef5600 <unknown>\n#2 0x55ebd5f44bcb <unknown>\n#3 0x55ebd5f44eb1 <unknown>\n#4 0x55ebd5f88b24 <unknown>\n#5 0x55ebd5f678cd <unknown>\n#6 0x55ebd5f8604a <unknown>\n#7 0x55ebd5f67643 <unknown>\n#8 0x55ebd5f37d31 <unknown>\n#9 0x55ebd5f3879e <unknown>\n#10 0x55ebd61ec25b <unknown>\n#11 0x55ebd61f01f2 <unknown>\n#12 0x55ebd61d9615 <unknown>\n#13 0x55ebd61f0d82 <unknown>\n#14 0x55ebd61be25f <unknown>\n#15 0x55ebd6213e68 <unknown>\n#16 0x55ebd6214040 <unknown>\n#17 0x55ebd622349c <unknown>\n#18 0x7efd9ff82a94 <unknown>\n#19 0x7efda000fa34 __clone","time":{"start":1724544075804,"stop":1724544079289,"duration":3485}},{"uid":"b5159d2724d85481","reportUrl":"https://robbrad.github.io/UKBinCollectionData/3.11/2037//#testresult/b5159d2724d85481","status":"failed","statusDetails":"selenium.common.exceptions.NoSuchElementException: Message: no such element: Unable to locate element: {\"method\":\"css selector\",\"selector\":\"[id=\"COPYOFECHOCOLLECTIONDATES_ADDRESSSELECTION_ADDRESSSELECTIONPOSTCODE\"]\"}\n  (Session info: chrome-headless-shell=127.0.6533.119); For documentation on this error, please visit: https://www.selenium.dev/documentation/webdriver/troubleshooting/errors#no-such-element-exception\nStacktrace:\n#0 0x562ba09ef6ca <unknown>\n#1 0x562ba06c0600 <unknown>\n#2 0x562ba070fbcb <unknown>\n#3 0x562ba070feb1 <unknown>\n#4 0x562ba0753b24 <unknown>\n#5 0x562ba07328cd <unknown>\n#6 0x562ba075104a <unknown>\n#7 0x562ba0732643 <unknown>\n#8 0x562ba0702d31 <unknown>\n#9 0x562ba070379e <unknown>\n#10 0x562ba09b725b <unknown>\n#11 0x562ba09bb1f2 <unknown>\n#12 0x562ba09a4615 <unknown>\n#13 0x562ba09bbd82 <unknown>\n#14 0x562ba098925f <unknown>\n#15 0x562ba09dee68 <unknown>\n#16 0x562ba09df040 <unknown>\n#17 0x562ba09ee49c <unknown>\n#18 0x7f10789b7a94 <unknown>\n#19 0x7f1078a44a34 __clone","time":{"start":1724457673243,"stop":1724457675175,"duration":1932}},{"uid":"c42b0a9c5380e890","reportUrl":"https://robbrad.github.io/UKBinCollectionData/3.11/2036//#testresult/c42b0a9c5380e890","status":"failed","statusDetails":"selenium.common.exceptions.NoSuchElementException: Message: no such element: Unable to locate element: {\"method\":\"css selector\",\"selector\":\"[id=\"COPYOFECHOCOLLECTIONDATES_ADDRESSSELECTION_ADDRESSSELECTIONPOSTCODE\"]\"}\n  (Session info: chrome-headless-shell=127.0.6533.119); For documentation on this error, please visit: https://www.selenium.dev/documentation/webdriver/troubleshooting/errors#no-such-element-exception\nStacktrace:\n#0 0x558a72d396ca <unknown>\n#1 0x558a72a0a600 <unknown>\n#2 0x558a72a59bcb <unknown>\n#3 0x558a72a59eb1 <unknown>\n#4 0x558a72a9db24 <unknown>\n#5 0x558a72a7c8cd <unknown>\n#6 0x558a72a9b04a <unknown>\n#7 0x558a72a7c643 <unknown>\n#8 0x558a72a4cd31 <unknown>\n#9 0x558a72a4d79e <unknown>\n#10 0x558a72d0125b <unknown>\n#11 0x558a72d051f2 <unknown>\n#12 0x558a72cee615 <unknown>\n#13 0x558a72d05d82 <unknown>\n#14 0x558a72cd325f <unknown>\n#15 0x558a72d28e68 <unknown>\n#16 0x558a72d29040 <unknown>\n#17 0x558a72d3849c <unknown>\n#18 0x7f1e67935a94 <unknown>\n#19 0x7f1e679c2a34 __clone","time":{"start":1724371274075,"stop":1724371277456,"duration":3381}}]},"tags":[]},"source":"40802b6670d2144f.json","parameterValues":["BuckinghamshireCouncil"]}