{"uid":"4152b00c584cc5d","name":"Validate Council Output [ChichesterDistrictCouncil]","fullName":"features/validate_council_outputs.feature:Validate Council Output","historyId":"0df0b0612684af8f3df3fbd36e6b25ba","time":{"start":1727395321081,"stop":1727395379516,"duration":58435},"status":"failed","statusMessage":"selenium.common.exceptions.NoSuchElementException: Message: Could not locate element with visible text: 7, Plaistow Road, Kirdford, Billingshurst, West Sussex; For documentation on this error, please visit: https://www.selenium.dev/documentation/webdriver/troubleshooting/errors#no-such-element-exception","statusTrace":"fixturefunc = <function scrape_step at 0x7f3dfcb26160>\nrequest = <FixtureRequest for <Function test_scenario_outline[ChichesterDistrictCouncil]>>\nkwargs = {'context': <test_validate_council.Context object at 0x7f3dfc9a9d10>, 'headless_mode': 'True', 'local_browser': 'False', 'selenium_url': 'http://localhost:4444'}\n\n    def call_fixture_func(\n        fixturefunc: _FixtureFunc[FixtureValue], request: FixtureRequest, kwargs\n    ) -> FixtureValue:\n        if is_generator(fixturefunc):\n            fixturefunc = cast(\n                Callable[..., Generator[FixtureValue, None, None]], fixturefunc\n            )\n            generator = fixturefunc(**kwargs)\n            try:\n                fixture_result = next(generator)\n            except StopIteration:\n                raise ValueError(f\"{request.fixturename} did not yield a value\") from None\n            finalizer = functools.partial(_teardown_yield_fixture, fixturefunc, generator)\n            request.addfinalizer(finalizer)\n        else:\n            fixturefunc = cast(Callable[..., FixtureValue], fixturefunc)\n>           fixture_result = fixturefunc(**kwargs)\n\n../../../.cache/pypoetry/virtualenvs/uk-bin-collection-EwS6Gn8s-py3.11/lib/python3.11/site-packages/_pytest/fixtures.py:898: \n_ _ _ _ _ _ _ _ _ _ _ _ _ _ _ _ _ _ _ _ _ _ _ _ _ _ _ _ _ _ _ _ _ _ _ _ _ _ _ _ \nuk_bin_collection/tests/step_defs/test_validate_council.py:100: in scrape_step\n    context.parse_result = CollectData.run()\nuk_bin_collection/uk_bin_collection/collect_data.py:101: in run\n    return self.client_code(\nuk_bin_collection/uk_bin_collection/collect_data.py:121: in client_code\n    return get_bin_data_class.template_method(address_url, **kwargs)\nuk_bin_collection/uk_bin_collection/get_bin_data.py:61: in template_method\n    bin_data_dict = self.get_and_parse_data(this_url, **kwargs)\nuk_bin_collection/uk_bin_collection/get_bin_data.py:84: in get_and_parse_data\n    bin_data_dict = self.parse_data(\"\", url=address_url, **kwargs)\nuk_bin_collection/uk_bin_collection/councils/ChichesterDistrictCouncil.py:70: in parse_data\n    dropdown.select_by_visible_text(house_number)\n_ _ _ _ _ _ _ _ _ _ _ _ _ _ _ _ _ _ _ _ _ _ _ _ _ _ _ _ _ _ _ _ _ _ _ _ _ _ _ _ \n\nself = <selenium.webdriver.support.select.Select object at 0x7f3dfc825450>\ntext = '7, Plaistow Road, Kirdford, Billingshurst, West Sussex'\n\n    def select_by_visible_text(self, text: str) -> None:\n        \"\"\"Select all options that display text matching the argument. That is,\n        when given \"Bar\" this would select an option like:\n    \n         <option value=\"foo\">Bar</option>\n    \n        :Args:\n         - text - The visible text to match against\n    \n         throws NoSuchElementException If there is no option with specified text in SELECT\n        \"\"\"\n        xpath = f\".//option[normalize-space(.) = {self._escape_string(text)}]\"\n        opts = self._el.find_elements(By.XPATH, xpath)\n        matched = False\n        for opt in opts:\n            self._set_selected(opt)\n            if not self.is_multiple:\n                return\n            matched = True\n    \n        if len(opts) == 0 and \" \" in text:\n            sub_string_without_space = self._get_longest_token(text)\n            if sub_string_without_space == \"\":\n                candidates = self.options\n            else:\n                xpath = f\".//option[contains(.,{self._escape_string(sub_string_without_space)})]\"\n                candidates = self._el.find_elements(By.XPATH, xpath)\n            for candidate in candidates:\n                if text == candidate.text:\n                    self._set_selected(candidate)\n                    if not self.is_multiple:\n                        return\n                    matched = True\n    \n        if not matched:\n>           raise NoSuchElementException(f\"Could not locate element with visible text: {text}\")\nE           selenium.common.exceptions.NoSuchElementException: Message: Could not locate element with visible text: 7, Plaistow Road, Kirdford, Billingshurst, West Sussex; For documentation on this error, please visit: https://www.selenium.dev/documentation/webdriver/troubleshooting/errors#no-such-element-exception\n\n../../../.cache/pypoetry/virtualenvs/uk-bin-collection-EwS6Gn8s-py3.11/lib/python3.11/site-packages/selenium/webdriver/support/select.py:137: NoSuchElementException","flaky":false,"newFailed":true,"newBroken":false,"newPassed":false,"retriesCount":0,"retriesStatusChange":false,"beforeStages":[],"testStage":{"status":"failed","statusMessage":"selenium.common.exceptions.NoSuchElementException: Message: Could not locate element with visible text: 7, Plaistow Road, Kirdford, Billingshurst, West Sussex; For documentation on this error, please visit: https://www.selenium.dev/documentation/webdriver/troubleshooting/errors#no-such-element-exception","statusTrace":"fixturefunc = <function scrape_step at 0x7f3dfcb26160>\nrequest = <FixtureRequest for <Function test_scenario_outline[ChichesterDistrictCouncil]>>\nkwargs = {'context': <test_validate_council.Context object at 0x7f3dfc9a9d10>, 'headless_mode': 'True', 'local_browser': 'False', 'selenium_url': 'http://localhost:4444'}\n\n    def call_fixture_func(\n        fixturefunc: _FixtureFunc[FixtureValue], request: FixtureRequest, kwargs\n    ) -> FixtureValue:\n        if is_generator(fixturefunc):\n            fixturefunc = cast(\n                Callable[..., Generator[FixtureValue, None, None]], fixturefunc\n            )\n            generator = fixturefunc(**kwargs)\n            try:\n                fixture_result = next(generator)\n            except StopIteration:\n                raise ValueError(f\"{request.fixturename} did not yield a value\") from None\n            finalizer = functools.partial(_teardown_yield_fixture, fixturefunc, generator)\n            request.addfinalizer(finalizer)\n        else:\n            fixturefunc = cast(Callable[..., FixtureValue], fixturefunc)\n>           fixture_result = fixturefunc(**kwargs)\n\n../../../.cache/pypoetry/virtualenvs/uk-bin-collection-EwS6Gn8s-py3.11/lib/python3.11/site-packages/_pytest/fixtures.py:898: \n_ _ _ _ _ _ _ _ _ _ _ _ _ _ _ _ _ _ _ _ _ _ _ _ _ _ _ _ _ _ _ _ _ _ _ _ _ _ _ _ \nuk_bin_collection/tests/step_defs/test_validate_council.py:100: in scrape_step\n    context.parse_result = CollectData.run()\nuk_bin_collection/uk_bin_collection/collect_data.py:101: in run\n    return self.client_code(\nuk_bin_collection/uk_bin_collection/collect_data.py:121: in client_code\n    return get_bin_data_class.template_method(address_url, **kwargs)\nuk_bin_collection/uk_bin_collection/get_bin_data.py:61: in template_method\n    bin_data_dict = self.get_and_parse_data(this_url, **kwargs)\nuk_bin_collection/uk_bin_collection/get_bin_data.py:84: in get_and_parse_data\n    bin_data_dict = self.parse_data(\"\", url=address_url, **kwargs)\nuk_bin_collection/uk_bin_collection/councils/ChichesterDistrictCouncil.py:70: in parse_data\n    dropdown.select_by_visible_text(house_number)\n_ _ _ _ _ _ _ _ _ _ _ _ _ _ _ _ _ _ _ _ _ _ _ _ _ _ _ _ _ _ _ _ _ _ _ _ _ _ _ _ \n\nself = <selenium.webdriver.support.select.Select object at 0x7f3dfc825450>\ntext = '7, Plaistow Road, Kirdford, Billingshurst, West Sussex'\n\n    def select_by_visible_text(self, text: str) -> None:\n        \"\"\"Select all options that display text matching the argument. That is,\n        when given \"Bar\" this would select an option like:\n    \n         <option value=\"foo\">Bar</option>\n    \n        :Args:\n         - text - The visible text to match against\n    \n         throws NoSuchElementException If there is no option with specified text in SELECT\n        \"\"\"\n        xpath = f\".//option[normalize-space(.) = {self._escape_string(text)}]\"\n        opts = self._el.find_elements(By.XPATH, xpath)\n        matched = False\n        for opt in opts:\n            self._set_selected(opt)\n            if not self.is_multiple:\n                return\n            matched = True\n    \n        if len(opts) == 0 and \" \" in text:\n            sub_string_without_space = self._get_longest_token(text)\n            if sub_string_without_space == \"\":\n                candidates = self.options\n            else:\n                xpath = f\".//option[contains(.,{self._escape_string(sub_string_without_space)})]\"\n                candidates = self._el.find_elements(By.XPATH, xpath)\n            for candidate in candidates:\n                if text == candidate.text:\n                    self._set_selected(candidate)\n                    if not self.is_multiple:\n                        return\n                    matched = True\n    \n        if not matched:\n>           raise NoSuchElementException(f\"Could not locate element with visible text: {text}\")\nE           selenium.common.exceptions.NoSuchElementException: Message: Could not locate element with visible text: 7, Plaistow Road, Kirdford, Billingshurst, West Sussex; For documentation on this error, please visit: https://www.selenium.dev/documentation/webdriver/troubleshooting/errors#no-such-element-exception\n\n../../../.cache/pypoetry/virtualenvs/uk-bin-collection-EwS6Gn8s-py3.11/lib/python3.11/site-packages/selenium/webdriver/support/select.py:137: NoSuchElementException","steps":[{"name":"Given the council","time":{"start":1727395321081,"stop":1727395321082,"duration":1},"status":"passed","steps":[],"attachments":[],"parameters":[],"shouldDisplayMessage":false,"stepsCount":0,"attachmentsCount":0,"hasContent":false,"attachmentStep":false},{"name":"When we scrape the data from the council","time":{"start":1727395321082,"stop":1727395379516,"duration":58434},"status":"failed","statusMessage":"Message: Could not locate element with visible text: 7, Plaistow Road, Kirdford, Billingshurst, West Sussex; For documentation on this error, please visit: https://www.selenium.dev/documentation/webdriver/troubleshooting/errors#no-such-element-exception\n","statusTrace":"selenium.common.exceptions.NoSuchElementException: Message: Could not locate element with visible text: 7, Plaistow Road, Kirdford, Billingshurst, West Sussex; For documentation on this error, please visit: https://www.selenium.dev/documentation/webdriver/troubleshooting/errors#no-such-element-exception\n\n","steps":[],"attachments":[],"parameters":[],"shouldDisplayMessage":true,"stepsCount":0,"attachmentsCount":0,"hasContent":true,"attachmentStep":false}],"attachments":[{"uid":"8b2d6523993a38a4","name":"stdout","source":"8b2d6523993a38a4.txt","type":"text/plain","size":326}],"parameters":[],"shouldDisplayMessage":true,"stepsCount":2,"attachmentsCount":1,"hasContent":true,"attachmentStep":false},"afterStages":[],"labels":[{"name":"host","value":"fv-az698-909"},{"name":"thread","value":"2806-MainThread"},{"name":"framework","value":"pytest-bdd"},{"name":"language","value":"cpython3"},{"name":"feature","value":"Test each council output matches expected results"},{"name":"resultFormat","value":"allure2"}],"parameters":[{"name":"council","value":"ChichesterDistrictCouncil"}],"links":[],"hidden":false,"retry":false,"extra":{"severity":"normal","retries":[],"categories":[{"name":"Product defects","matchedStatuses":[],"flaky":false}],"history":{"statistic":{"failed":17,"broken":0,"skipped":0,"passed":117,"unknown":0,"total":134},"items":[{"uid":"efc9f06c92f8a11c","reportUrl":"https://robbrad.github.io/UKBinCollectionData/3.11/2129//#testresult/efc9f06c92f8a11c","status":"passed","time":{"start":1727308909324,"stop":1727308967133,"duration":57809}},{"uid":"bfdf82064ae1284","reportUrl":"https://robbrad.github.io/UKBinCollectionData/3.11/2128//#testresult/bfdf82064ae1284","status":"passed","time":{"start":1727222509861,"stop":1727222560907,"duration":51046}},{"uid":"d4d19971c2f942ce","reportUrl":"https://robbrad.github.io/UKBinCollectionData/3.11/2127//#testresult/d4d19971c2f942ce","status":"passed","time":{"start":1727136127127,"stop":1727136180747,"duration":53620}},{"uid":"c4fa661c5197390d","reportUrl":"https://robbrad.github.io/UKBinCollectionData/3.11/2126//#testresult/c4fa661c5197390d","status":"passed","time":{"start":1727049701413,"stop":1727049753431,"duration":52018}},{"uid":"24316c4030c730ad","reportUrl":"https://robbrad.github.io/UKBinCollectionData/3.11/2125//#testresult/24316c4030c730ad","status":"passed","time":{"start":1726963317186,"stop":1726963384336,"duration":67150}},{"uid":"54570cffe1fd8c61","reportUrl":"https://robbrad.github.io/UKBinCollectionData/3.11/2124//#testresult/54570cffe1fd8c61","status":"passed","time":{"start":1726876947015,"stop":1726877009023,"duration":62008}},{"uid":"77c176a1d355b129","reportUrl":"https://robbrad.github.io/UKBinCollectionData/3.11/2123//#testresult/77c176a1d355b129","status":"passed","time":{"start":1726790538248,"stop":1726790610279,"duration":72031}},{"uid":"46d75c7bb455a76c","reportUrl":"https://robbrad.github.io/UKBinCollectionData/3.11/2122//#testresult/46d75c7bb455a76c","status":"passed","time":{"start":1726704213146,"stop":1726704262258,"duration":49112}},{"uid":"f505d42d4717cf2","reportUrl":"https://robbrad.github.io/UKBinCollectionData/3.11/2121//#testresult/f505d42d4717cf2","status":"passed","time":{"start":1726617750443,"stop":1726617802098,"duration":51655}},{"uid":"2477b0560ddab423","reportUrl":"https://robbrad.github.io/UKBinCollectionData/3.11/2120//#testresult/2477b0560ddab423","status":"passed","time":{"start":1726531346687,"stop":1726531404025,"duration":57338}},{"uid":"848d0412848163ab","reportUrl":"https://robbrad.github.io/UKBinCollectionData/3.11/2116//#testresult/848d0412848163ab","status":"passed","time":{"start":1726444939669,"stop":1726444990887,"duration":51218}},{"uid":"48d30b2434a99d7c","reportUrl":"https://robbrad.github.io/UKBinCollectionData/3.11/2115//#testresult/48d30b2434a99d7c","status":"passed","time":{"start":1726358509357,"stop":1726358558445,"duration":49088}},{"uid":"ba219d020ea985ad","reportUrl":"https://robbrad.github.io/UKBinCollectionData/3.11/2114//#testresult/ba219d020ea985ad","status":"passed","time":{"start":1726272127809,"stop":1726272177541,"duration":49732}},{"uid":"f727fd9463592cc8","reportUrl":"https://robbrad.github.io/UKBinCollectionData/3.11/2113//#testresult/f727fd9463592cc8","status":"failed","statusDetails":"selenium.common.exceptions.TimeoutException: Message: \nStacktrace:\n#0 0x56479532086a <unknown>\n#1 0x564794feee50 <unknown>\n#2 0x56479503e644 <unknown>\n#3 0x56479503e931 <unknown>\n#4 0x564795084534 <unknown>\n#5 0x5647950634bd <unknown>\n#6 0x5647950819c6 <unknown>\n#7 0x564795063233 <unknown>\n#8 0x564795031093 <unknown>\n#9 0x56479503209e <unknown>\n#10 0x5647952e7acb <unknown>\n#11 0x5647952eba81 <unknown>\n#12 0x5647952d3695 <unknown>\n#13 0x5647952ec5f2 <unknown>\n#14 0x5647952b886f <unknown>\n#15 0x56479530f668 <unknown>\n#16 0x56479530f832 <unknown>\n#17 0x56479531f65c <unknown>\n#18 0x7fba2d8d6a94 <unknown>\n#19 0x7fba2d963a34 __clone","time":{"start":1726185703139,"stop":1726185823872,"duration":120733}},{"uid":"aae0aeb793d8f2a4","reportUrl":"https://robbrad.github.io/UKBinCollectionData/3.11/2112//#testresult/aae0aeb793d8f2a4","status":"passed","time":{"start":1726099343185,"stop":1726099391317,"duration":48132}},{"uid":"81ddc3607c8e02db","reportUrl":"https://robbrad.github.io/UKBinCollectionData/3.11/2111//#testresult/81ddc3607c8e02db","status":"failed","statusDetails":"selenium.common.exceptions.TimeoutException: Message: \nStacktrace:\n#0 0x559b101bd86a <unknown>\n#1 0x559b0fe8be50 <unknown>\n#2 0x559b0fedb644 <unknown>\n#3 0x559b0fedb931 <unknown>\n#4 0x559b0ff21534 <unknown>\n#5 0x559b0ff004bd <unknown>\n#6 0x559b0ff1e9c6 <unknown>\n#7 0x559b0ff00233 <unknown>\n#8 0x559b0fece093 <unknown>\n#9 0x559b0fecf09e <unknown>\n#10 0x559b10184acb <unknown>\n#11 0x559b10188a81 <unknown>\n#12 0x559b10170695 <unknown>\n#13 0x559b101895f2 <unknown>\n#14 0x559b1015586f <unknown>\n#15 0x559b101ac668 <unknown>\n#16 0x559b101ac832 <unknown>\n#17 0x559b101bc65c <unknown>\n#18 0x7fb7e77aba94 <unknown>\n#19 0x7fb7e7838a34 __clone","time":{"start":1726012876805,"stop":1726012991876,"duration":115071}},{"uid":"58613f02a68b9028","reportUrl":"https://robbrad.github.io/UKBinCollectionData/3.11/2109//#testresult/58613f02a68b9028","status":"passed","time":{"start":1725954770372,"stop":1725954818541,"duration":48169}},{"uid":"a774c725f572a1ac","reportUrl":"https://robbrad.github.io/UKBinCollectionData/3.11/2107//#testresult/a774c725f572a1ac","status":"passed","time":{"start":1725926518932,"stop":1725926569472,"duration":50540}},{"uid":"2acb86ba1748068f","reportUrl":"https://robbrad.github.io/UKBinCollectionData/3.11/2095//#testresult/2acb86ba1748068f","status":"passed","time":{"start":1725840132411,"stop":1725840186702,"duration":54291}},{"uid":"e1b270efb74207c1","reportUrl":"https://robbrad.github.io/UKBinCollectionData/3.11/2093//#testresult/e1b270efb74207c1","status":"failed","statusDetails":"selenium.common.exceptions.NoSuchElementException: Message: Could not locate element with visible text: 7, Plaistow Road, Kirdford, Billingshurst, West Sussex; For documentation on this error, please visit: https://www.selenium.dev/documentation/webdriver/troubleshooting/errors#no-such-element-exception","time":{"start":1725753710110,"stop":1725753757933,"duration":47823}}]},"tags":[]},"source":"4152b00c584cc5d.json","parameterValues":["ChichesterDistrictCouncil"]}