{"uid":"32132fb8ff25675c","name":"Validate Council Output [NeathPortTalbotCouncil]","fullName":"features/validate_council_outputs.feature:Validate Council Output","historyId":"6a7795e00df27bb2a2723cbd96dd78a1","time":{"start":1716338105510,"stop":1716338151600,"duration":46090},"status":"failed","statusMessage":"selenium.common.exceptions.NoSuchElementException: Message: no such element: Unable to locate element: {\"method\":\"css selector\",\"selector\":\"[id=\"ContentPlaceHolderDefault_ctl13_nptLLPG2_25_addresslookup_txtTmpPostcode\"]\"}\n  (Session info: chrome-headless-shell=125.0.6422.76); For documentation on this error, please visit: https://www.selenium.dev/documentation/webdriver/troubleshooting/errors#no-such-element-exception\nStacktrace:\n#0 0x565335007e9a <unknown>\n#1 0x565334cf145c <unknown>\n#2 0x565334d3d5b5 <unknown>\n#3 0x565334d3d671 <unknown>\n#4 0x565334d81f14 <unknown>\n#5 0x565334d604dd <unknown>\n#6 0x565334d7f2cc <unknown>\n#7 0x565334d60253 <unknown>\n#8 0x565334d301c7 <unknown>\n#9 0x565334d30b3e <unknown>\n#10 0x565334fce2db <unknown>\n#11 0x565334fd2387 <unknown>\n#12 0x565334fbae0e <unknown>\n#13 0x565334fd2e52 <unknown>\n#14 0x565334f9f7af <unknown>\n#15 0x565334ff7188 <unknown>\n#16 0x565334ff735b <unknown>\n#17 0x565335006fcc <unknown>\n#18 0x7ffb669f5ac3 <unknown>","statusTrace":"fixturefunc = <function scrape_step at 0x7f18382b3ec0>\nrequest = <FixtureRequest for <Function test_scenario_outline[NeathPortTalbotCouncil]>>\nkwargs = {'context': <test_validate_council.context.<locals>.Context object at 0x7f1837634560>, 'council': 'NeathPortTalbotCouncil', 'headless_mode': 'True', 'local_browser': 'False', ...}\n\n    def call_fixture_func(\n        fixturefunc: \"_FixtureFunc[FixtureValue]\", request: FixtureRequest, kwargs\n    ) -> FixtureValue:\n        if is_generator(fixturefunc):\n            fixturefunc = cast(\n                Callable[..., Generator[FixtureValue, None, None]], fixturefunc\n            )\n            generator = fixturefunc(**kwargs)\n            try:\n                fixture_result = next(generator)\n            except StopIteration:\n                raise ValueError(f\"{request.fixturename} did not yield a value\") from None\n            finalizer = functools.partial(_teardown_yield_fixture, fixturefunc, generator)\n            request.addfinalizer(finalizer)\n        else:\n            fixturefunc = cast(Callable[..., FixtureValue], fixturefunc)\n>           fixture_result = fixturefunc(**kwargs)\n\n../../../.cache/pypoetry/virtualenvs/uk-bin-collection-EwS6Gn8s-py3.12/lib/python3.12/site-packages/_pytest/fixtures.py:884: \n_ _ _ _ _ _ _ _ _ _ _ _ _ _ _ _ _ _ _ _ _ _ _ _ _ _ _ _ _ _ _ _ _ _ _ _ _ _ _ _ \nuk_bin_collection/tests/step_defs/test_validate_council.py:76: in scrape_step\n    context.parse_result = CollectData.run()\nuk_bin_collection/uk_bin_collection/collect_data.py:102: in run\n    return self.client_code(\nuk_bin_collection/uk_bin_collection/collect_data.py:121: in client_code\n    return get_bin_data_class.template_method(address_url, **kwargs)\nuk_bin_collection/uk_bin_collection/get_bin_data.py:80: in template_method\n    bin_data_dict = self.parse_data(\nuk_bin_collection/uk_bin_collection/councils/NeathPortTalbotCouncil.py:43: in parse_data\n    inputElement_postcode = driver.find_element(\n../../../.cache/pypoetry/virtualenvs/uk-bin-collection-EwS6Gn8s-py3.12/lib/python3.12/site-packages/selenium/webdriver/remote/webdriver.py:741: in find_element\n    return self.execute(Command.FIND_ELEMENT, {\"using\": by, \"value\": value})[\"value\"]\n../../../.cache/pypoetry/virtualenvs/uk-bin-collection-EwS6Gn8s-py3.12/lib/python3.12/site-packages/selenium/webdriver/remote/webdriver.py:347: in execute\n    self.error_handler.check_response(response)\n_ _ _ _ _ _ _ _ _ _ _ _ _ _ _ _ _ _ _ _ _ _ _ _ _ _ _ _ _ _ _ _ _ _ _ _ _ _ _ _ \n\nself = <selenium.webdriver.remote.errorhandler.ErrorHandler object at 0x7f183769a000>\nresponse = {'status': 404, 'value': '{\"value\":{\"error\":\"no such element\",\"message\":\"no such element: Unable to locate element: {\\...\\\\n#16 0x565334ff735b \\\\u003Cunknown>\\\\n#17 0x565335006fcc \\\\u003Cunknown>\\\\n#18 0x7ffb669f5ac3 \\\\u003Cunknown>\\\\n\"}}'}\n\n    def check_response(self, response: Dict[str, Any]) -> None:\n        \"\"\"Checks that a JSON response from the WebDriver does not have an\n        error.\n    \n        :Args:\n         - response - The JSON response from the WebDriver server as a dictionary\n           object.\n    \n        :Raises: If the response contains an error message.\n        \"\"\"\n        status = response.get(\"status\", None)\n        if not status or status == ErrorCode.SUCCESS:\n            return\n        value = None\n        message = response.get(\"message\", \"\")\n        screen: str = response.get(\"screen\", \"\")\n        stacktrace = None\n        if isinstance(status, int):\n            value_json = response.get(\"value\", None)\n            if value_json and isinstance(value_json, str):\n                import json\n    \n                try:\n                    value = json.loads(value_json)\n                    if len(value) == 1:\n                        value = value[\"value\"]\n                    status = value.get(\"error\", None)\n                    if not status:\n                        status = value.get(\"status\", ErrorCode.UNKNOWN_ERROR)\n                        message = value.get(\"value\") or value.get(\"message\")\n                        if not isinstance(message, str):\n                            value = message\n                            message = message.get(\"message\")\n                    else:\n                        message = value.get(\"message\", None)\n                except ValueError:\n                    pass\n    \n        exception_class: Type[WebDriverException]\n        e = ErrorCode()\n        error_codes = [item for item in dir(e) if not item.startswith(\"__\")]\n        for error_code in error_codes:\n            error_info = getattr(ErrorCode, error_code)\n            if isinstance(error_info, list) and status in error_info:\n                exception_class = getattr(ExceptionMapping, error_code, WebDriverException)\n                break\n        else:\n            exception_class = WebDriverException\n    \n        if not value:\n            value = response[\"value\"]\n        if isinstance(value, str):\n            raise exception_class(value)\n        if message == \"\" and \"message\" in value:\n            message = value[\"message\"]\n    \n        screen = None  # type: ignore[assignment]\n        if \"screen\" in value:\n            screen = value[\"screen\"]\n    \n        stacktrace = None\n        st_value = value.get(\"stackTrace\") or value.get(\"stacktrace\")\n        if st_value:\n            if isinstance(st_value, str):\n                stacktrace = st_value.split(\"\\n\")\n            else:\n                stacktrace = []\n                try:\n                    for frame in st_value:\n                        line = frame.get(\"lineNumber\", \"\")\n                        file = frame.get(\"fileName\", \"<anonymous>\")\n                        if line:\n                            file = f\"{file}:{line}\"\n                        meth = frame.get(\"methodName\", \"<anonymous>\")\n                        if \"className\" in frame:\n                            meth = f\"{frame['className']}.{meth}\"\n                        msg = \"    at %s (%s)\"\n                        msg = msg % (meth, file)\n                        stacktrace.append(msg)\n                except TypeError:\n                    pass\n        if exception_class == UnexpectedAlertPresentException:\n            alert_text = None\n            if \"data\" in value:\n                alert_text = value[\"data\"].get(\"text\")\n            elif \"alert\" in value:\n                alert_text = value[\"alert\"].get(\"text\")\n            raise exception_class(message, screen, stacktrace, alert_text)  # type: ignore[call-arg]  # mypy is not smart enough here\n>       raise exception_class(message, screen, stacktrace)\nE       selenium.common.exceptions.NoSuchElementException: Message: no such element: Unable to locate element: {\"method\":\"css selector\",\"selector\":\"[id=\"ContentPlaceHolderDefault_ctl13_nptLLPG2_25_addresslookup_txtTmpPostcode\"]\"}\nE         (Session info: chrome-headless-shell=125.0.6422.76); For documentation on this error, please visit: https://www.selenium.dev/documentation/webdriver/troubleshooting/errors#no-such-element-exception\nE       Stacktrace:\nE       #0 0x565335007e9a <unknown>\nE       #1 0x565334cf145c <unknown>\nE       #2 0x565334d3d5b5 <unknown>\nE       #3 0x565334d3d671 <unknown>\nE       #4 0x565334d81f14 <unknown>\nE       #5 0x565334d604dd <unknown>\nE       #6 0x565334d7f2cc <unknown>\nE       #7 0x565334d60253 <unknown>\nE       #8 0x565334d301c7 <unknown>\nE       #9 0x565334d30b3e <unknown>\nE       #10 0x565334fce2db <unknown>\nE       #11 0x565334fd2387 <unknown>\nE       #12 0x565334fbae0e <unknown>\nE       #13 0x565334fd2e52 <unknown>\nE       #14 0x565334f9f7af <unknown>\nE       #15 0x565334ff7188 <unknown>\nE       #16 0x565334ff735b <unknown>\nE       #17 0x565335006fcc <unknown>\nE       #18 0x7ffb669f5ac3 <unknown>\n\n../../../.cache/pypoetry/virtualenvs/uk-bin-collection-EwS6Gn8s-py3.12/lib/python3.12/site-packages/selenium/webdriver/remote/errorhandler.py:229: NoSuchElementException","flaky":false,"newFailed":false,"newBroken":false,"newPassed":false,"retriesCount":0,"retriesStatusChange":false,"beforeStages":[],"testStage":{"status":"failed","statusMessage":"selenium.common.exceptions.NoSuchElementException: Message: no such element: Unable to locate element: {\"method\":\"css selector\",\"selector\":\"[id=\"ContentPlaceHolderDefault_ctl13_nptLLPG2_25_addresslookup_txtTmpPostcode\"]\"}\n  (Session info: chrome-headless-shell=125.0.6422.76); For documentation on this error, please visit: https://www.selenium.dev/documentation/webdriver/troubleshooting/errors#no-such-element-exception\nStacktrace:\n#0 0x565335007e9a <unknown>\n#1 0x565334cf145c <unknown>\n#2 0x565334d3d5b5 <unknown>\n#3 0x565334d3d671 <unknown>\n#4 0x565334d81f14 <unknown>\n#5 0x565334d604dd <unknown>\n#6 0x565334d7f2cc <unknown>\n#7 0x565334d60253 <unknown>\n#8 0x565334d301c7 <unknown>\n#9 0x565334d30b3e <unknown>\n#10 0x565334fce2db <unknown>\n#11 0x565334fd2387 <unknown>\n#12 0x565334fbae0e <unknown>\n#13 0x565334fd2e52 <unknown>\n#14 0x565334f9f7af <unknown>\n#15 0x565334ff7188 <unknown>\n#16 0x565334ff735b <unknown>\n#17 0x565335006fcc <unknown>\n#18 0x7ffb669f5ac3 <unknown>","statusTrace":"fixturefunc = <function scrape_step at 0x7f18382b3ec0>\nrequest = <FixtureRequest for <Function test_scenario_outline[NeathPortTalbotCouncil]>>\nkwargs = {'context': <test_validate_council.context.<locals>.Context object at 0x7f1837634560>, 'council': 'NeathPortTalbotCouncil', 'headless_mode': 'True', 'local_browser': 'False', ...}\n\n    def call_fixture_func(\n        fixturefunc: \"_FixtureFunc[FixtureValue]\", request: FixtureRequest, kwargs\n    ) -> FixtureValue:\n        if is_generator(fixturefunc):\n            fixturefunc = cast(\n                Callable[..., Generator[FixtureValue, None, None]], fixturefunc\n            )\n            generator = fixturefunc(**kwargs)\n            try:\n                fixture_result = next(generator)\n            except StopIteration:\n                raise ValueError(f\"{request.fixturename} did not yield a value\") from None\n            finalizer = functools.partial(_teardown_yield_fixture, fixturefunc, generator)\n            request.addfinalizer(finalizer)\n        else:\n            fixturefunc = cast(Callable[..., FixtureValue], fixturefunc)\n>           fixture_result = fixturefunc(**kwargs)\n\n../../../.cache/pypoetry/virtualenvs/uk-bin-collection-EwS6Gn8s-py3.12/lib/python3.12/site-packages/_pytest/fixtures.py:884: \n_ _ _ _ _ _ _ _ _ _ _ _ _ _ _ _ _ _ _ _ _ _ _ _ _ _ _ _ _ _ _ _ _ _ _ _ _ _ _ _ \nuk_bin_collection/tests/step_defs/test_validate_council.py:76: in scrape_step\n    context.parse_result = CollectData.run()\nuk_bin_collection/uk_bin_collection/collect_data.py:102: in run\n    return self.client_code(\nuk_bin_collection/uk_bin_collection/collect_data.py:121: in client_code\n    return get_bin_data_class.template_method(address_url, **kwargs)\nuk_bin_collection/uk_bin_collection/get_bin_data.py:80: in template_method\n    bin_data_dict = self.parse_data(\nuk_bin_collection/uk_bin_collection/councils/NeathPortTalbotCouncil.py:43: in parse_data\n    inputElement_postcode = driver.find_element(\n../../../.cache/pypoetry/virtualenvs/uk-bin-collection-EwS6Gn8s-py3.12/lib/python3.12/site-packages/selenium/webdriver/remote/webdriver.py:741: in find_element\n    return self.execute(Command.FIND_ELEMENT, {\"using\": by, \"value\": value})[\"value\"]\n../../../.cache/pypoetry/virtualenvs/uk-bin-collection-EwS6Gn8s-py3.12/lib/python3.12/site-packages/selenium/webdriver/remote/webdriver.py:347: in execute\n    self.error_handler.check_response(response)\n_ _ _ _ _ _ _ _ _ _ _ _ _ _ _ _ _ _ _ _ _ _ _ _ _ _ _ _ _ _ _ _ _ _ _ _ _ _ _ _ \n\nself = <selenium.webdriver.remote.errorhandler.ErrorHandler object at 0x7f183769a000>\nresponse = {'status': 404, 'value': '{\"value\":{\"error\":\"no such element\",\"message\":\"no such element: Unable to locate element: {\\...\\\\n#16 0x565334ff735b \\\\u003Cunknown>\\\\n#17 0x565335006fcc \\\\u003Cunknown>\\\\n#18 0x7ffb669f5ac3 \\\\u003Cunknown>\\\\n\"}}'}\n\n    def check_response(self, response: Dict[str, Any]) -> None:\n        \"\"\"Checks that a JSON response from the WebDriver does not have an\n        error.\n    \n        :Args:\n         - response - The JSON response from the WebDriver server as a dictionary\n           object.\n    \n        :Raises: If the response contains an error message.\n        \"\"\"\n        status = response.get(\"status\", None)\n        if not status or status == ErrorCode.SUCCESS:\n            return\n        value = None\n        message = response.get(\"message\", \"\")\n        screen: str = response.get(\"screen\", \"\")\n        stacktrace = None\n        if isinstance(status, int):\n            value_json = response.get(\"value\", None)\n            if value_json and isinstance(value_json, str):\n                import json\n    \n                try:\n                    value = json.loads(value_json)\n                    if len(value) == 1:\n                        value = value[\"value\"]\n                    status = value.get(\"error\", None)\n                    if not status:\n                        status = value.get(\"status\", ErrorCode.UNKNOWN_ERROR)\n                        message = value.get(\"value\") or value.get(\"message\")\n                        if not isinstance(message, str):\n                            value = message\n                            message = message.get(\"message\")\n                    else:\n                        message = value.get(\"message\", None)\n                except ValueError:\n                    pass\n    \n        exception_class: Type[WebDriverException]\n        e = ErrorCode()\n        error_codes = [item for item in dir(e) if not item.startswith(\"__\")]\n        for error_code in error_codes:\n            error_info = getattr(ErrorCode, error_code)\n            if isinstance(error_info, list) and status in error_info:\n                exception_class = getattr(ExceptionMapping, error_code, WebDriverException)\n                break\n        else:\n            exception_class = WebDriverException\n    \n        if not value:\n            value = response[\"value\"]\n        if isinstance(value, str):\n            raise exception_class(value)\n        if message == \"\" and \"message\" in value:\n            message = value[\"message\"]\n    \n        screen = None  # type: ignore[assignment]\n        if \"screen\" in value:\n            screen = value[\"screen\"]\n    \n        stacktrace = None\n        st_value = value.get(\"stackTrace\") or value.get(\"stacktrace\")\n        if st_value:\n            if isinstance(st_value, str):\n                stacktrace = st_value.split(\"\\n\")\n            else:\n                stacktrace = []\n                try:\n                    for frame in st_value:\n                        line = frame.get(\"lineNumber\", \"\")\n                        file = frame.get(\"fileName\", \"<anonymous>\")\n                        if line:\n                            file = f\"{file}:{line}\"\n                        meth = frame.get(\"methodName\", \"<anonymous>\")\n                        if \"className\" in frame:\n                            meth = f\"{frame['className']}.{meth}\"\n                        msg = \"    at %s (%s)\"\n                        msg = msg % (meth, file)\n                        stacktrace.append(msg)\n                except TypeError:\n                    pass\n        if exception_class == UnexpectedAlertPresentException:\n            alert_text = None\n            if \"data\" in value:\n                alert_text = value[\"data\"].get(\"text\")\n            elif \"alert\" in value:\n                alert_text = value[\"alert\"].get(\"text\")\n            raise exception_class(message, screen, stacktrace, alert_text)  # type: ignore[call-arg]  # mypy is not smart enough here\n>       raise exception_class(message, screen, stacktrace)\nE       selenium.common.exceptions.NoSuchElementException: Message: no such element: Unable to locate element: {\"method\":\"css selector\",\"selector\":\"[id=\"ContentPlaceHolderDefault_ctl13_nptLLPG2_25_addresslookup_txtTmpPostcode\"]\"}\nE         (Session info: chrome-headless-shell=125.0.6422.76); For documentation on this error, please visit: https://www.selenium.dev/documentation/webdriver/troubleshooting/errors#no-such-element-exception\nE       Stacktrace:\nE       #0 0x565335007e9a <unknown>\nE       #1 0x565334cf145c <unknown>\nE       #2 0x565334d3d5b5 <unknown>\nE       #3 0x565334d3d671 <unknown>\nE       #4 0x565334d81f14 <unknown>\nE       #5 0x565334d604dd <unknown>\nE       #6 0x565334d7f2cc <unknown>\nE       #7 0x565334d60253 <unknown>\nE       #8 0x565334d301c7 <unknown>\nE       #9 0x565334d30b3e <unknown>\nE       #10 0x565334fce2db <unknown>\nE       #11 0x565334fd2387 <unknown>\nE       #12 0x565334fbae0e <unknown>\nE       #13 0x565334fd2e52 <unknown>\nE       #14 0x565334f9f7af <unknown>\nE       #15 0x565334ff7188 <unknown>\nE       #16 0x565334ff735b <unknown>\nE       #17 0x565335006fcc <unknown>\nE       #18 0x7ffb669f5ac3 <unknown>\n\n../../../.cache/pypoetry/virtualenvs/uk-bin-collection-EwS6Gn8s-py3.12/lib/python3.12/site-packages/selenium/webdriver/remote/errorhandler.py:229: NoSuchElementException","steps":[{"name":"Given the council: NeathPortTalbotCouncil","time":{"start":1716338105510,"stop":1716338105510,"duration":0},"status":"passed","steps":[],"attachments":[],"parameters":[],"shouldDisplayMessage":false,"stepsCount":0,"attachmentsCount":0,"hasContent":false,"attachmentStep":false},{"name":"When we scrape the data from NeathPortTalbotCouncil","time":{"start":1716338105510,"stop":1716338151600,"duration":46090},"status":"failed","statusMessage":"Message: no such element: Unable to locate element: {\"method\":\"css selector\",\"selector\":\"[id=\"ContentPlaceHolderDefault_ctl13_nptLLPG2_25_addresslookup_txtTmpPostcode\"]\"}\n  (Session info: chrome-headless-shell=125.0.6422.76); For documentation on this error, please visit: https://www.selenium.dev/documentation/webdriver/troubleshooting/errors#no-such-element-exception\nStacktrace:\n#0 0x565335007e9a <unknown>\n#1 0x565334cf145c <unknown>\n#2 0x565334d3d5b5 <unknown>\n#3 0x565334d3d671 <unknown>\n#4 0x565334d81f14 <unknown>\n#5 0x565334d604dd <unknown>\n#6 0x565334d7f2cc <unknown>\n#7 0x565334d60253 <unknown>\n#8 0x565334d301c7 <unknown>\n#9 0x565334d30b3e <unknown>\n#10 0x565334fce2db <unknown>\n#11 0x565334fd2387 <unknown>\n#12 0x565334fbae0e <unknown>\n#13 0x565334fd2e52 <unknown>\n#14 0x565334f9f7af <unknown>\n#15 0x565334ff7188 <unknown>\n#16 0x565334ff735b <unknown>\n#17 0x565335006fcc <unknown>\n#18 0x7ffb669f5ac3 <unknown>\n","statusTrace":"selenium.common.exceptions.NoSuchElementException: Message: no such element: Unable to locate element: {\"method\":\"css selector\",\"selector\":\"[id=\"ContentPlaceHolderDefault_ctl13_nptLLPG2_25_addresslookup_txtTmpPostcode\"]\"}\n  (Session info: chrome-headless-shell=125.0.6422.76); For documentation on this error, please visit: https://www.selenium.dev/documentation/webdriver/troubleshooting/errors#no-such-element-exception\nStacktrace:\n#0 0x565335007e9a <unknown>\n#1 0x565334cf145c <unknown>\n#2 0x565334d3d5b5 <unknown>\n#3 0x565334d3d671 <unknown>\n#4 0x565334d81f14 <unknown>\n#5 0x565334d604dd <unknown>\n#6 0x565334d7f2cc <unknown>\n#7 0x565334d60253 <unknown>\n#8 0x565334d301c7 <unknown>\n#9 0x565334d30b3e <unknown>\n#10 0x565334fce2db <unknown>\n#11 0x565334fd2387 <unknown>\n#12 0x565334fbae0e <unknown>\n#13 0x565334fd2e52 <unknown>\n#14 0x565334f9f7af <unknown>\n#15 0x565334ff7188 <unknown>\n#16 0x565334ff735b <unknown>\n#17 0x565335006fcc <unknown>\n#18 0x7ffb669f5ac3 <unknown>\n\n","steps":[],"attachments":[],"parameters":[],"shouldDisplayMessage":true,"stepsCount":0,"attachmentsCount":0,"hasContent":true,"attachmentStep":false}],"attachments":[{"uid":"195d09288548406c","name":"stdout","source":"195d09288548406c.txt","type":"text/plain","size":944}],"parameters":[],"shouldDisplayMessage":true,"stepsCount":2,"attachmentsCount":1,"hasContent":true,"attachmentStep":false},"afterStages":[],"labels":[{"name":"host","value":"fv-az665-194"},{"name":"thread","value":"2843-MainThread"},{"name":"framework","value":"pytest-bdd"},{"name":"language","value":"cpython3"},{"name":"feature","value":"Test each council output matches expected results"},{"name":"resultFormat","value":"allure2"}],"parameters":[{"name":"council","value":"NeathPortTalbotCouncil"}],"links":[],"hidden":false,"retry":false,"extra":{"severity":"normal","retries":[],"categories":[{"name":"Product defects","matchedStatuses":[],"flaky":false}],"history":{"statistic":{"failed":8,"broken":0,"skipped":0,"passed":0,"unknown":0,"total":8},"items":[{"uid":"d8fde0568911f313","reportUrl":"https://robbrad.github.io/UKBinCollectionData/3.12/1853//#testresult/d8fde0568911f313","status":"failed","statusDetails":"selenium.common.exceptions.NoSuchElementException: Message: no such element: Unable to locate element: {\"method\":\"css selector\",\"selector\":\"[id=\"ContentPlaceHolderDefault_ctl13_nptLLPG2_25_addresslookup_txtTmpPostcode\"]\"}\n  (Session info: chrome-headless-shell=125.0.6422.60); For documentation on this error, please visit: https://www.selenium.dev/documentation/webdriver/troubleshooting/errors#no-such-element-exception\nStacktrace:\n#0 0x55f0cdc6deca <unknown>\n#1 0x55f0cd95745c <unknown>\n#2 0x55f0cd9a35b5 <unknown>\n#3 0x55f0cd9a3671 <unknown>\n#4 0x55f0cd9e7f14 <unknown>\n#5 0x55f0cd9c64dd <unknown>\n#6 0x55f0cd9e52cc <unknown>\n#7 0x55f0cd9c6253 <unknown>\n#8 0x55f0cd9961c7 <unknown>\n#9 0x55f0cd996b3e <unknown>\n#10 0x55f0cdc3430b <unknown>\n#11 0x55f0cdc383b7 <unknown>\n#12 0x55f0cdc20e3e <unknown>\n#13 0x55f0cdc38e82 <unknown>\n#14 0x55f0cdc057df <unknown>\n#15 0x55f0cdc5d1b8 <unknown>\n#16 0x55f0cdc5d38b <unknown>\n#17 0x55f0cdc6cffc <unknown>\n#18 0x7f3bae1c8ac3 <unknown>","time":{"start":1716251448933,"stop":1716251748168,"duration":299235}},{"uid":"146a493f905aa119","reportUrl":"https://robbrad.github.io/UKBinCollectionData/3.12/1852//#testresult/146a493f905aa119","status":"failed","statusDetails":"selenium.common.exceptions.NoSuchElementException: Message: no such element: Unable to locate element: {\"method\":\"css selector\",\"selector\":\"[id=\"ContentPlaceHolderDefault_ctl13_nptLLPG2_25_addresslookup_txtTmpPostcode\"]\"}\n  (Session info: chrome-headless-shell=125.0.6422.60); For documentation on this error, please visit: https://www.selenium.dev/documentation/webdriver/troubleshooting/errors#no-such-element-exception\nStacktrace:\n#0 0x5604febd5eca <unknown>\n#1 0x5604fe8bf45c <unknown>\n#2 0x5604fe90b5b5 <unknown>\n#3 0x5604fe90b671 <unknown>\n#4 0x5604fe94ff14 <unknown>\n#5 0x5604fe92e4dd <unknown>\n#6 0x5604fe94d2cc <unknown>\n#7 0x5604fe92e253 <unknown>\n#8 0x5604fe8fe1c7 <unknown>\n#9 0x5604fe8feb3e <unknown>\n#10 0x5604feb9c30b <unknown>\n#11 0x5604feba03b7 <unknown>\n#12 0x5604feb88e3e <unknown>\n#13 0x5604feba0e82 <unknown>\n#14 0x5604feb6d7df <unknown>\n#15 0x5604febc51b8 <unknown>\n#16 0x5604febc538b <unknown>\n#17 0x5604febd4ffc <unknown>\n#18 0x7fa8aea8aac3 <unknown>","time":{"start":1716165367029,"stop":1716165411914,"duration":44885}},{"uid":"d9170357127c0fdf","reportUrl":"https://robbrad.github.io/UKBinCollectionData/3.12/1851//#testresult/d9170357127c0fdf","status":"failed","statusDetails":"selenium.common.exceptions.NoSuchElementException: Message: no such element: Unable to locate element: {\"method\":\"css selector\",\"selector\":\"[id=\"ContentPlaceHolderDefault_ctl13_nptLLPG2_25_addresslookup_txtTmpPostcode\"]\"}\n  (Session info: chrome-headless-shell=125.0.6422.60); For documentation on this error, please visit: https://www.selenium.dev/documentation/webdriver/troubleshooting/errors#no-such-element-exception\nStacktrace:\n#0 0x55c0b9dcfeca <unknown>\n#1 0x55c0b9ab945c <unknown>\n#2 0x55c0b9b055b5 <unknown>\n#3 0x55c0b9b05671 <unknown>\n#4 0x55c0b9b49f14 <unknown>\n#5 0x55c0b9b284dd <unknown>\n#6 0x55c0b9b472cc <unknown>\n#7 0x55c0b9b28253 <unknown>\n#8 0x55c0b9af81c7 <unknown>\n#9 0x55c0b9af8b3e <unknown>\n#10 0x55c0b9d9630b <unknown>\n#11 0x55c0b9d9a3b7 <unknown>\n#12 0x55c0b9d82e3e <unknown>\n#13 0x55c0b9d9ae82 <unknown>\n#14 0x55c0b9d677df <unknown>\n#15 0x55c0b9dbf1b8 <unknown>\n#16 0x55c0b9dbf38b <unknown>\n#17 0x55c0b9dceffc <unknown>\n#18 0x7f8b4f046ac3 <unknown>","time":{"start":1716155114323,"stop":1716155131095,"duration":16772}},{"uid":"12f202bd2512af52","reportUrl":"https://robbrad.github.io/UKBinCollectionData/3.12/1849//#testresult/12f202bd2512af52","status":"failed","statusDetails":"selenium.common.exceptions.NoSuchElementException: Message: no such element: Unable to locate element: {\"method\":\"css selector\",\"selector\":\"[id=\"ContentPlaceHolderDefault_ctl13_nptLLPG2_25_addresslookup_txtTmpPostcode\"]\"}\n  (Session info: chrome-headless-shell=125.0.6422.60); For documentation on this error, please visit: https://www.selenium.dev/documentation/webdriver/troubleshooting/errors#no-such-element-exception\nStacktrace:\n#0 0x563b2a23feca <unknown>\n#1 0x563b29f2945c <unknown>\n#2 0x563b29f755b5 <unknown>\n#3 0x563b29f75671 <unknown>\n#4 0x563b29fb9f14 <unknown>\n#5 0x563b29f984dd <unknown>\n#6 0x563b29fb72cc <unknown>\n#7 0x563b29f98253 <unknown>\n#8 0x563b29f681c7 <unknown>\n#9 0x563b29f68b3e <unknown>\n#10 0x563b2a20630b <unknown>\n#11 0x563b2a20a3b7 <unknown>\n#12 0x563b2a1f2e3e <unknown>\n#13 0x563b2a20ae82 <unknown>\n#14 0x563b2a1d77df <unknown>\n#15 0x563b2a22f1b8 <unknown>\n#16 0x563b2a22f38b <unknown>\n#17 0x563b2a23effc <unknown>\n#18 0x7f0c4b5aaac3 <unknown>","time":{"start":1716152641999,"stop":1716152679739,"duration":37740}},{"uid":"aecf00f47dce2d08","reportUrl":"https://robbrad.github.io/UKBinCollectionData/3.12/1846//#testresult/aecf00f47dce2d08","status":"failed","statusDetails":"selenium.common.exceptions.NoSuchElementException: Message: no such element: Unable to locate element: {\"method\":\"css selector\",\"selector\":\"[id=\"ContentPlaceHolderDefault_ctl13_nptLLPG2_25_addresslookup_txtTmpPostcode\"]\"}\n  (Session info: chrome-headless-shell=125.0.6422.60); For documentation on this error, please visit: https://www.selenium.dev/documentation/webdriver/troubleshooting/errors#no-such-element-exception\nStacktrace:\n#0 0x557737220eca <unknown>\n#1 0x557736f0a45c <unknown>\n#2 0x557736f565b5 <unknown>\n#3 0x557736f56671 <unknown>\n#4 0x557736f9af14 <unknown>\n#5 0x557736f794dd <unknown>\n#6 0x557736f982cc <unknown>\n#7 0x557736f79253 <unknown>\n#8 0x557736f491c7 <unknown>\n#9 0x557736f49b3e <unknown>\n#10 0x5577371e730b <unknown>\n#11 0x5577371eb3b7 <unknown>\n#12 0x5577371d3e3e <unknown>\n#13 0x5577371ebe82 <unknown>\n#14 0x5577371b87df <unknown>\n#15 0x5577372101b8 <unknown>\n#16 0x55773721038b <unknown>\n#17 0x55773721fffc <unknown>\n#18 0x7fb047e31ac3 <unknown>","time":{"start":1716078839955,"stop":1716079139259,"duration":299304}},{"uid":"74dbdc633cda7006","reportUrl":"https://robbrad.github.io/UKBinCollectionData/3.12/1842//#testresult/74dbdc633cda7006","status":"failed","statusDetails":"selenium.common.exceptions.NoSuchElementException: Message: no such element: Unable to locate element: {\"method\":\"css selector\",\"selector\":\"[id=\"ContentPlaceHolderDefault_ctl13_nptLLPG2_25_addresslookup_txtTmpPostcode\"]\"}\n  (Session info: chrome-headless-shell=125.0.6422.60); For documentation on this error, please visit: https://www.selenium.dev/documentation/webdriver/troubleshooting/errors#no-such-element-exception\nStacktrace:\n#0 0x55e7d1516eca <unknown>\n#1 0x55e7d120045c <unknown>\n#2 0x55e7d124c5b5 <unknown>\n#3 0x55e7d124c671 <unknown>\n#4 0x55e7d1290f14 <unknown>\n#5 0x55e7d126f4dd <unknown>\n#6 0x55e7d128e2cc <unknown>\n#7 0x55e7d126f253 <unknown>\n#8 0x55e7d123f1c7 <unknown>\n#9 0x55e7d123fb3e <unknown>\n#10 0x55e7d14dd30b <unknown>\n#11 0x55e7d14e13b7 <unknown>\n#12 0x55e7d14c9e3e <unknown>\n#13 0x55e7d14e1e82 <unknown>\n#14 0x55e7d14ae7df <unknown>\n#15 0x55e7d15061b8 <unknown>\n#16 0x55e7d150638b <unknown>\n#17 0x55e7d1515ffc <unknown>\n#18 0x7f3580fbcac3 <unknown>","time":{"start":1715992525489,"stop":1715992571594,"duration":46105}},{"uid":"4e9c6ef0d97b489e","reportUrl":"https://robbrad.github.io/UKBinCollectionData/3.12/1839//#testresult/4e9c6ef0d97b489e","status":"failed","statusDetails":"selenium.common.exceptions.NoSuchElementException: Message: no such element: Unable to locate element: {\"method\":\"css selector\",\"selector\":\"[id=\"ContentPlaceHolderDefault_ctl13_nptLLPG2_25_addresslookup_txtTmpPostcode\"]\"}\n  (Session info: chrome-headless-shell=125.0.6422.60); For documentation on this error, please visit: https://www.selenium.dev/documentation/webdriver/troubleshooting/errors#no-such-element-exception\nStacktrace:\n#0 0x5589e5717eca <unknown>\n#1 0x5589e540145c <unknown>\n#2 0x5589e544d5b5 <unknown>\n#3 0x5589e544d671 <unknown>\n#4 0x5589e5491f14 <unknown>\n#5 0x5589e54704dd <unknown>\n#6 0x5589e548f2cc <unknown>\n#7 0x5589e5470253 <unknown>\n#8 0x5589e54401c7 <unknown>\n#9 0x5589e5440b3e <unknown>\n#10 0x5589e56de30b <unknown>\n#11 0x5589e56e23b7 <unknown>\n#12 0x5589e56cae3e <unknown>\n#13 0x5589e56e2e82 <unknown>\n#14 0x5589e56af7df <unknown>\n#15 0x5589e57071b8 <unknown>\n#16 0x5589e570738b <unknown>\n#17 0x5589e5716ffc <unknown>\n#18 0x7f109a8abac3 <unknown>","time":{"start":1715983292365,"stop":1715983346448,"duration":54083}}]},"tags":[]},"source":"32132fb8ff25675c.json","parameterValues":["NeathPortTalbotCouncil"]}