{"uid":"14ca996157eddc3a","name":"Validate Council Output [BarnetCouncil]","fullName":"features/validate_council_outputs.feature:Validate Council Output","historyId":"cae1315fb7beebce62becdf5abb57d74","time":{"start":1716705110010,"stop":1716705164729,"duration":54719},"status":"failed","statusMessage":"selenium.common.exceptions.ElementClickInterceptedException: Message: element click intercepted: Element is not clickable at point (69, 974)\n  (Session info: chrome-headless-shell=125.0.6422.76)\nStacktrace:\n#0 0x55c86814fe9a <unknown>\n#1 0x55c867e3945c <unknown>\n#2 0x55c867e8c336 <unknown>\n#3 0x55c867e8a176 <unknown>\n#4 0x55c867e87b57 <unknown>\n#5 0x55c867e8697c <unknown>\n#6 0x55c867e7a0ff <unknown>\n#7 0x55c867ea84b2 <unknown>\n#8 0x55c867e79a79 <unknown>\n#9 0x55c867ea867e <unknown>\n#10 0x55c867ec72cc <unknown>\n#11 0x55c867ea8253 <unknown>\n#12 0x55c867e781c7 <unknown>\n#13 0x55c867e78b3e <unknown>\n#14 0x55c8681162db <unknown>\n#15 0x55c86811a387 <unknown>\n#16 0x55c868102e0e <unknown>\n#17 0x55c86811ae52 <unknown>\n#18 0x55c8680e77af <unknown>\n#19 0x55c86813f188 <unknown>\n#20 0x55c86813f35b <unknown>\n#21 0x55c86814efcc <unknown>\n#22 0x7fc7c063dac3 <unknown>","statusTrace":"fixturefunc = <function scrape_step at 0x7f15e1820540>\nrequest = <FixtureRequest for <Function test_scenario_outline[BarnetCouncil]>>\nkwargs = {'context': <test_validate_council.context.<locals>.Context object at 0x7f15e0f6e210>, 'council': 'BarnetCouncil', 'headless_mode': 'True', 'local_browser': 'False', ...}\n\n    def call_fixture_func(\n        fixturefunc: \"_FixtureFunc[FixtureValue]\", request: FixtureRequest, kwargs\n    ) -> FixtureValue:\n        if is_generator(fixturefunc):\n            fixturefunc = cast(\n                Callable[..., Generator[FixtureValue, None, None]], fixturefunc\n            )\n            generator = fixturefunc(**kwargs)\n            try:\n                fixture_result = next(generator)\n            except StopIteration:\n                raise ValueError(f\"{request.fixturename} did not yield a value\") from None\n            finalizer = functools.partial(_teardown_yield_fixture, fixturefunc, generator)\n            request.addfinalizer(finalizer)\n        else:\n            fixturefunc = cast(Callable[..., FixtureValue], fixturefunc)\n>           fixture_result = fixturefunc(**kwargs)\n\n../../../.cache/pypoetry/virtualenvs/uk-bin-collection-EwS6Gn8s-py3.11/lib/python3.11/site-packages/_pytest/fixtures.py:884: \n_ _ _ _ _ _ _ _ _ _ _ _ _ _ _ _ _ _ _ _ _ _ _ _ _ _ _ _ _ _ _ _ _ _ _ _ _ _ _ _ \nuk_bin_collection/tests/step_defs/test_validate_council.py:76: in scrape_step\n    context.parse_result = CollectData.run()\nuk_bin_collection/uk_bin_collection/collect_data.py:102: in run\n    return self.client_code(\nuk_bin_collection/uk_bin_collection/collect_data.py:121: in client_code\n    return get_bin_data_class.template_method(address_url, **kwargs)\nuk_bin_collection/uk_bin_collection/get_bin_data.py:80: in template_method\n    bin_data_dict = self.parse_data(\nuk_bin_collection/uk_bin_collection/councils/BarnetCouncil.py:106: in parse_data\n    find_address_button.click()\n../../../.cache/pypoetry/virtualenvs/uk-bin-collection-EwS6Gn8s-py3.11/lib/python3.11/site-packages/selenium/webdriver/remote/webelement.py:94: in click\n    self._execute(Command.CLICK_ELEMENT)\n../../../.cache/pypoetry/virtualenvs/uk-bin-collection-EwS6Gn8s-py3.11/lib/python3.11/site-packages/selenium/webdriver/remote/webelement.py:395: in _execute\n    return self._parent.execute(command, params)\n../../../.cache/pypoetry/virtualenvs/uk-bin-collection-EwS6Gn8s-py3.11/lib/python3.11/site-packages/selenium/webdriver/remote/webdriver.py:347: in execute\n    self.error_handler.check_response(response)\n_ _ _ _ _ _ _ _ _ _ _ _ _ _ _ _ _ _ _ _ _ _ _ _ _ _ _ _ _ _ _ _ _ _ _ _ _ _ _ _ \n\nself = <selenium.webdriver.remote.errorhandler.ErrorHandler object at 0x7f15e0f929d0>\nresponse = {'status': 400, 'value': '{\"value\":{\"error\":\"element click intercepted\",\"message\":\"element click intercepted: Element ...\\\\n#20 0x55c86813f35b \\\\u003Cunknown>\\\\n#21 0x55c86814efcc \\\\u003Cunknown>\\\\n#22 0x7fc7c063dac3 \\\\u003Cunknown>\\\\n\"}}'}\n\n    def check_response(self, response: Dict[str, Any]) -> None:\n        \"\"\"Checks that a JSON response from the WebDriver does not have an\n        error.\n    \n        :Args:\n         - response - The JSON response from the WebDriver server as a dictionary\n           object.\n    \n        :Raises: If the response contains an error message.\n        \"\"\"\n        status = response.get(\"status\", None)\n        if not status or status == ErrorCode.SUCCESS:\n            return\n        value = None\n        message = response.get(\"message\", \"\")\n        screen: str = response.get(\"screen\", \"\")\n        stacktrace = None\n        if isinstance(status, int):\n            value_json = response.get(\"value\", None)\n            if value_json and isinstance(value_json, str):\n                import json\n    \n                try:\n                    value = json.loads(value_json)\n                    if len(value) == 1:\n                        value = value[\"value\"]\n                    status = value.get(\"error\", None)\n                    if not status:\n                        status = value.get(\"status\", ErrorCode.UNKNOWN_ERROR)\n                        message = value.get(\"value\") or value.get(\"message\")\n                        if not isinstance(message, str):\n                            value = message\n                            message = message.get(\"message\")\n                    else:\n                        message = value.get(\"message\", None)\n                except ValueError:\n                    pass\n    \n        exception_class: Type[WebDriverException]\n        e = ErrorCode()\n        error_codes = [item for item in dir(e) if not item.startswith(\"__\")]\n        for error_code in error_codes:\n            error_info = getattr(ErrorCode, error_code)\n            if isinstance(error_info, list) and status in error_info:\n                exception_class = getattr(ExceptionMapping, error_code, WebDriverException)\n                break\n        else:\n            exception_class = WebDriverException\n    \n        if not value:\n            value = response[\"value\"]\n        if isinstance(value, str):\n            raise exception_class(value)\n        if message == \"\" and \"message\" in value:\n            message = value[\"message\"]\n    \n        screen = None  # type: ignore[assignment]\n        if \"screen\" in value:\n            screen = value[\"screen\"]\n    \n        stacktrace = None\n        st_value = value.get(\"stackTrace\") or value.get(\"stacktrace\")\n        if st_value:\n            if isinstance(st_value, str):\n                stacktrace = st_value.split(\"\\n\")\n            else:\n                stacktrace = []\n                try:\n                    for frame in st_value:\n                        line = frame.get(\"lineNumber\", \"\")\n                        file = frame.get(\"fileName\", \"<anonymous>\")\n                        if line:\n                            file = f\"{file}:{line}\"\n                        meth = frame.get(\"methodName\", \"<anonymous>\")\n                        if \"className\" in frame:\n                            meth = f\"{frame['className']}.{meth}\"\n                        msg = \"    at %s (%s)\"\n                        msg = msg % (meth, file)\n                        stacktrace.append(msg)\n                except TypeError:\n                    pass\n        if exception_class == UnexpectedAlertPresentException:\n            alert_text = None\n            if \"data\" in value:\n                alert_text = value[\"data\"].get(\"text\")\n            elif \"alert\" in value:\n                alert_text = value[\"alert\"].get(\"text\")\n            raise exception_class(message, screen, stacktrace, alert_text)  # type: ignore[call-arg]  # mypy is not smart enough here\n>       raise exception_class(message, screen, stacktrace)\nE       selenium.common.exceptions.ElementClickInterceptedException: Message: element click intercepted: Element is not clickable at point (69, 974)\nE         (Session info: chrome-headless-shell=125.0.6422.76)\nE       Stacktrace:\nE       #0 0x55c86814fe9a <unknown>\nE       #1 0x55c867e3945c <unknown>\nE       #2 0x55c867e8c336 <unknown>\nE       #3 0x55c867e8a176 <unknown>\nE       #4 0x55c867e87b57 <unknown>\nE       #5 0x55c867e8697c <unknown>\nE       #6 0x55c867e7a0ff <unknown>\nE       #7 0x55c867ea84b2 <unknown>\nE       #8 0x55c867e79a79 <unknown>\nE       #9 0x55c867ea867e <unknown>\nE       #10 0x55c867ec72cc <unknown>\nE       #11 0x55c867ea8253 <unknown>\nE       #12 0x55c867e781c7 <unknown>\nE       #13 0x55c867e78b3e <unknown>\nE       #14 0x55c8681162db <unknown>\nE       #15 0x55c86811a387 <unknown>\nE       #16 0x55c868102e0e <unknown>\nE       #17 0x55c86811ae52 <unknown>\nE       #18 0x55c8680e77af <unknown>\nE       #19 0x55c86813f188 <unknown>\nE       #20 0x55c86813f35b <unknown>\nE       #21 0x55c86814efcc <unknown>\nE       #22 0x7fc7c063dac3 <unknown>\n\n../../../.cache/pypoetry/virtualenvs/uk-bin-collection-EwS6Gn8s-py3.11/lib/python3.11/site-packages/selenium/webdriver/remote/errorhandler.py:229: ElementClickInterceptedException","flaky":false,"newFailed":false,"newBroken":false,"newPassed":false,"retriesCount":0,"retriesStatusChange":false,"beforeStages":[],"testStage":{"status":"failed","statusMessage":"selenium.common.exceptions.ElementClickInterceptedException: Message: element click intercepted: Element is not clickable at point (69, 974)\n  (Session info: chrome-headless-shell=125.0.6422.76)\nStacktrace:\n#0 0x55c86814fe9a <unknown>\n#1 0x55c867e3945c <unknown>\n#2 0x55c867e8c336 <unknown>\n#3 0x55c867e8a176 <unknown>\n#4 0x55c867e87b57 <unknown>\n#5 0x55c867e8697c <unknown>\n#6 0x55c867e7a0ff <unknown>\n#7 0x55c867ea84b2 <unknown>\n#8 0x55c867e79a79 <unknown>\n#9 0x55c867ea867e <unknown>\n#10 0x55c867ec72cc <unknown>\n#11 0x55c867ea8253 <unknown>\n#12 0x55c867e781c7 <unknown>\n#13 0x55c867e78b3e <unknown>\n#14 0x55c8681162db <unknown>\n#15 0x55c86811a387 <unknown>\n#16 0x55c868102e0e <unknown>\n#17 0x55c86811ae52 <unknown>\n#18 0x55c8680e77af <unknown>\n#19 0x55c86813f188 <unknown>\n#20 0x55c86813f35b <unknown>\n#21 0x55c86814efcc <unknown>\n#22 0x7fc7c063dac3 <unknown>","statusTrace":"fixturefunc = <function scrape_step at 0x7f15e1820540>\nrequest = <FixtureRequest for <Function test_scenario_outline[BarnetCouncil]>>\nkwargs = {'context': <test_validate_council.context.<locals>.Context object at 0x7f15e0f6e210>, 'council': 'BarnetCouncil', 'headless_mode': 'True', 'local_browser': 'False', ...}\n\n    def call_fixture_func(\n        fixturefunc: \"_FixtureFunc[FixtureValue]\", request: FixtureRequest, kwargs\n    ) -> FixtureValue:\n        if is_generator(fixturefunc):\n            fixturefunc = cast(\n                Callable[..., Generator[FixtureValue, None, None]], fixturefunc\n            )\n            generator = fixturefunc(**kwargs)\n            try:\n                fixture_result = next(generator)\n            except StopIteration:\n                raise ValueError(f\"{request.fixturename} did not yield a value\") from None\n            finalizer = functools.partial(_teardown_yield_fixture, fixturefunc, generator)\n            request.addfinalizer(finalizer)\n        else:\n            fixturefunc = cast(Callable[..., FixtureValue], fixturefunc)\n>           fixture_result = fixturefunc(**kwargs)\n\n../../../.cache/pypoetry/virtualenvs/uk-bin-collection-EwS6Gn8s-py3.11/lib/python3.11/site-packages/_pytest/fixtures.py:884: \n_ _ _ _ _ _ _ _ _ _ _ _ _ _ _ _ _ _ _ _ _ _ _ _ _ _ _ _ _ _ _ _ _ _ _ _ _ _ _ _ \nuk_bin_collection/tests/step_defs/test_validate_council.py:76: in scrape_step\n    context.parse_result = CollectData.run()\nuk_bin_collection/uk_bin_collection/collect_data.py:102: in run\n    return self.client_code(\nuk_bin_collection/uk_bin_collection/collect_data.py:121: in client_code\n    return get_bin_data_class.template_method(address_url, **kwargs)\nuk_bin_collection/uk_bin_collection/get_bin_data.py:80: in template_method\n    bin_data_dict = self.parse_data(\nuk_bin_collection/uk_bin_collection/councils/BarnetCouncil.py:106: in parse_data\n    find_address_button.click()\n../../../.cache/pypoetry/virtualenvs/uk-bin-collection-EwS6Gn8s-py3.11/lib/python3.11/site-packages/selenium/webdriver/remote/webelement.py:94: in click\n    self._execute(Command.CLICK_ELEMENT)\n../../../.cache/pypoetry/virtualenvs/uk-bin-collection-EwS6Gn8s-py3.11/lib/python3.11/site-packages/selenium/webdriver/remote/webelement.py:395: in _execute\n    return self._parent.execute(command, params)\n../../../.cache/pypoetry/virtualenvs/uk-bin-collection-EwS6Gn8s-py3.11/lib/python3.11/site-packages/selenium/webdriver/remote/webdriver.py:347: in execute\n    self.error_handler.check_response(response)\n_ _ _ _ _ _ _ _ _ _ _ _ _ _ _ _ _ _ _ _ _ _ _ _ _ _ _ _ _ _ _ _ _ _ _ _ _ _ _ _ \n\nself = <selenium.webdriver.remote.errorhandler.ErrorHandler object at 0x7f15e0f929d0>\nresponse = {'status': 400, 'value': '{\"value\":{\"error\":\"element click intercepted\",\"message\":\"element click intercepted: Element ...\\\\n#20 0x55c86813f35b \\\\u003Cunknown>\\\\n#21 0x55c86814efcc \\\\u003Cunknown>\\\\n#22 0x7fc7c063dac3 \\\\u003Cunknown>\\\\n\"}}'}\n\n    def check_response(self, response: Dict[str, Any]) -> None:\n        \"\"\"Checks that a JSON response from the WebDriver does not have an\n        error.\n    \n        :Args:\n         - response - The JSON response from the WebDriver server as a dictionary\n           object.\n    \n        :Raises: If the response contains an error message.\n        \"\"\"\n        status = response.get(\"status\", None)\n        if not status or status == ErrorCode.SUCCESS:\n            return\n        value = None\n        message = response.get(\"message\", \"\")\n        screen: str = response.get(\"screen\", \"\")\n        stacktrace = None\n        if isinstance(status, int):\n            value_json = response.get(\"value\", None)\n            if value_json and isinstance(value_json, str):\n                import json\n    \n                try:\n                    value = json.loads(value_json)\n                    if len(value) == 1:\n                        value = value[\"value\"]\n                    status = value.get(\"error\", None)\n                    if not status:\n                        status = value.get(\"status\", ErrorCode.UNKNOWN_ERROR)\n                        message = value.get(\"value\") or value.get(\"message\")\n                        if not isinstance(message, str):\n                            value = message\n                            message = message.get(\"message\")\n                    else:\n                        message = value.get(\"message\", None)\n                except ValueError:\n                    pass\n    \n        exception_class: Type[WebDriverException]\n        e = ErrorCode()\n        error_codes = [item for item in dir(e) if not item.startswith(\"__\")]\n        for error_code in error_codes:\n            error_info = getattr(ErrorCode, error_code)\n            if isinstance(error_info, list) and status in error_info:\n                exception_class = getattr(ExceptionMapping, error_code, WebDriverException)\n                break\n        else:\n            exception_class = WebDriverException\n    \n        if not value:\n            value = response[\"value\"]\n        if isinstance(value, str):\n            raise exception_class(value)\n        if message == \"\" and \"message\" in value:\n            message = value[\"message\"]\n    \n        screen = None  # type: ignore[assignment]\n        if \"screen\" in value:\n            screen = value[\"screen\"]\n    \n        stacktrace = None\n        st_value = value.get(\"stackTrace\") or value.get(\"stacktrace\")\n        if st_value:\n            if isinstance(st_value, str):\n                stacktrace = st_value.split(\"\\n\")\n            else:\n                stacktrace = []\n                try:\n                    for frame in st_value:\n                        line = frame.get(\"lineNumber\", \"\")\n                        file = frame.get(\"fileName\", \"<anonymous>\")\n                        if line:\n                            file = f\"{file}:{line}\"\n                        meth = frame.get(\"methodName\", \"<anonymous>\")\n                        if \"className\" in frame:\n                            meth = f\"{frame['className']}.{meth}\"\n                        msg = \"    at %s (%s)\"\n                        msg = msg % (meth, file)\n                        stacktrace.append(msg)\n                except TypeError:\n                    pass\n        if exception_class == UnexpectedAlertPresentException:\n            alert_text = None\n            if \"data\" in value:\n                alert_text = value[\"data\"].get(\"text\")\n            elif \"alert\" in value:\n                alert_text = value[\"alert\"].get(\"text\")\n            raise exception_class(message, screen, stacktrace, alert_text)  # type: ignore[call-arg]  # mypy is not smart enough here\n>       raise exception_class(message, screen, stacktrace)\nE       selenium.common.exceptions.ElementClickInterceptedException: Message: element click intercepted: Element is not clickable at point (69, 974)\nE         (Session info: chrome-headless-shell=125.0.6422.76)\nE       Stacktrace:\nE       #0 0x55c86814fe9a <unknown>\nE       #1 0x55c867e3945c <unknown>\nE       #2 0x55c867e8c336 <unknown>\nE       #3 0x55c867e8a176 <unknown>\nE       #4 0x55c867e87b57 <unknown>\nE       #5 0x55c867e8697c <unknown>\nE       #6 0x55c867e7a0ff <unknown>\nE       #7 0x55c867ea84b2 <unknown>\nE       #8 0x55c867e79a79 <unknown>\nE       #9 0x55c867ea867e <unknown>\nE       #10 0x55c867ec72cc <unknown>\nE       #11 0x55c867ea8253 <unknown>\nE       #12 0x55c867e781c7 <unknown>\nE       #13 0x55c867e78b3e <unknown>\nE       #14 0x55c8681162db <unknown>\nE       #15 0x55c86811a387 <unknown>\nE       #16 0x55c868102e0e <unknown>\nE       #17 0x55c86811ae52 <unknown>\nE       #18 0x55c8680e77af <unknown>\nE       #19 0x55c86813f188 <unknown>\nE       #20 0x55c86813f35b <unknown>\nE       #21 0x55c86814efcc <unknown>\nE       #22 0x7fc7c063dac3 <unknown>\n\n../../../.cache/pypoetry/virtualenvs/uk-bin-collection-EwS6Gn8s-py3.11/lib/python3.11/site-packages/selenium/webdriver/remote/errorhandler.py:229: ElementClickInterceptedException","steps":[{"name":"Given the council: BarnetCouncil","time":{"start":1716705110010,"stop":1716705110010,"duration":0},"status":"passed","steps":[],"attachments":[],"parameters":[],"shouldDisplayMessage":false,"stepsCount":0,"attachmentsCount":0,"hasContent":false,"attachmentStep":false},{"name":"When we scrape the data from BarnetCouncil","time":{"start":1716705110010,"stop":1716705164729,"duration":54719},"status":"failed","statusMessage":"Message: element click intercepted: Element is not clickable at point (69, 974)\n  (Session info: chrome-headless-shell=125.0.6422.76)\nStacktrace:\n#0 0x55c86814fe9a <unknown>\n#1 0x55c867e3945c <unknown>\n#2 0x55c867e8c336 <unknown>\n#3 0x55c867e8a176 <unknown>\n#4 0x55c867e87b57 <unknown>\n#5 0x55c867e8697c <unknown>\n#6 0x55c867e7a0ff <unknown>\n#7 0x55c867ea84b2 <unknown>\n#8 0x55c867e79a79 <unknown>\n#9 0x55c867ea867e <unknown>\n#10 0x55c867ec72cc <unknown>\n#11 0x55c867ea8253 <unknown>\n#12 0x55c867e781c7 <unknown>\n#13 0x55c867e78b3e <unknown>\n#14 0x55c8681162db <unknown>\n#15 0x55c86811a387 <unknown>\n#16 0x55c868102e0e <unknown>\n#17 0x55c86811ae52 <unknown>\n#18 0x55c8680e77af <unknown>\n#19 0x55c86813f188 <unknown>\n#20 0x55c86813f35b <unknown>\n#21 0x55c86814efcc <unknown>\n#22 0x7fc7c063dac3 <unknown>\n","statusTrace":"selenium.common.exceptions.ElementClickInterceptedException: Message: element click intercepted: Element is not clickable at point (69, 974)\n  (Session info: chrome-headless-shell=125.0.6422.76)\nStacktrace:\n#0 0x55c86814fe9a <unknown>\n#1 0x55c867e3945c <unknown>\n#2 0x55c867e8c336 <unknown>\n#3 0x55c867e8a176 <unknown>\n#4 0x55c867e87b57 <unknown>\n#5 0x55c867e8697c <unknown>\n#6 0x55c867e7a0ff <unknown>\n#7 0x55c867ea84b2 <unknown>\n#8 0x55c867e79a79 <unknown>\n#9 0x55c867ea867e <unknown>\n#10 0x55c867ec72cc <unknown>\n#11 0x55c867ea8253 <unknown>\n#12 0x55c867e781c7 <unknown>\n#13 0x55c867e78b3e <unknown>\n#14 0x55c8681162db <unknown>\n#15 0x55c86811a387 <unknown>\n#16 0x55c868102e0e <unknown>\n#17 0x55c86811ae52 <unknown>\n#18 0x55c8680e77af <unknown>\n#19 0x55c86813f188 <unknown>\n#20 0x55c86813f35b <unknown>\n#21 0x55c86814efcc <unknown>\n#22 0x7fc7c063dac3 <unknown>\n\n","steps":[],"attachments":[],"parameters":[],"shouldDisplayMessage":true,"stepsCount":0,"attachmentsCount":0,"hasContent":true,"attachmentStep":false}],"attachments":[{"uid":"4301e08fd569b6ff","name":"stdout","source":"4301e08fd569b6ff.txt","type":"text/plain","size":823}],"parameters":[],"shouldDisplayMessage":true,"stepsCount":2,"attachmentsCount":1,"hasContent":true,"attachmentStep":false},"afterStages":[],"labels":[{"name":"host","value":"fv-az1153-958"},{"name":"thread","value":"2827-MainThread"},{"name":"framework","value":"pytest-bdd"},{"name":"language","value":"cpython3"},{"name":"feature","value":"Test each council output matches expected results"},{"name":"resultFormat","value":"allure2"}],"parameters":[{"name":"council","value":"BarnetCouncil"}],"links":[],"hidden":false,"retry":false,"extra":{"severity":"normal","retries":[],"categories":[{"name":"Product defects","matchedStatuses":[],"flaky":false}],"history":{"statistic":{"failed":16,"broken":0,"skipped":0,"passed":0,"unknown":0,"total":16},"items":[{"uid":"9fa9de773aebcf58","reportUrl":"https://robbrad.github.io/UKBinCollectionData/3.11/1865//#testresult/9fa9de773aebcf58","status":"failed","statusDetails":"selenium.common.exceptions.ElementClickInterceptedException: Message: element click intercepted: Element is not clickable at point (69, 1536)\n  (Session info: chrome-headless-shell=125.0.6422.76)\nStacktrace:\n#0 0x559eb447ce9a <unknown>\n#1 0x559eb416645c <unknown>\n#2 0x559eb41b9336 <unknown>\n#3 0x559eb41b7176 <unknown>\n#4 0x559eb41b4b57 <unknown>\n#5 0x559eb41b397c <unknown>\n#6 0x559eb41a70ff <unknown>\n#7 0x559eb41d54b2 <unknown>\n#8 0x559eb41a6a79 <unknown>\n#9 0x559eb41d567e <unknown>\n#10 0x559eb41f42cc <unknown>\n#11 0x559eb41d5253 <unknown>\n#12 0x559eb41a51c7 <unknown>\n#13 0x559eb41a5b3e <unknown>\n#14 0x559eb44432db <unknown>\n#15 0x559eb4447387 <unknown>\n#16 0x559eb442fe0e <unknown>\n#17 0x559eb4447e52 <unknown>\n#18 0x559eb44147af <unknown>\n#19 0x559eb446c188 <unknown>\n#20 0x559eb446c35b <unknown>\n#21 0x559eb447bfcc <unknown>\n#22 0x7f66c38dbac3 <unknown>","time":{"start":1716683452019,"stop":1716683514623,"duration":62604}},{"uid":"cf4707c333bd4392","reportUrl":"https://robbrad.github.io/UKBinCollectionData/3.11/1863//#testresult/cf4707c333bd4392","status":"failed","statusDetails":"selenium.common.exceptions.ElementClickInterceptedException: Message: element click intercepted: Element is not clickable at point (69, 1536)\n  (Session info: chrome-headless-shell=125.0.6422.76)\nStacktrace:\n#0 0x5590e2df3e9a <unknown>\n#1 0x5590e2add45c <unknown>\n#2 0x5590e2b30336 <unknown>\n#3 0x5590e2b2e176 <unknown>\n#4 0x5590e2b2bb57 <unknown>\n#5 0x5590e2b2a97c <unknown>\n#6 0x5590e2b1e0ff <unknown>\n#7 0x5590e2b4c4b2 <unknown>\n#8 0x5590e2b1da79 <unknown>\n#9 0x5590e2b4c67e <unknown>\n#10 0x5590e2b6b2cc <unknown>\n#11 0x5590e2b4c253 <unknown>\n#12 0x5590e2b1c1c7 <unknown>\n#13 0x5590e2b1cb3e <unknown>\n#14 0x5590e2dba2db <unknown>\n#15 0x5590e2dbe387 <unknown>\n#16 0x5590e2da6e0e <unknown>\n#17 0x5590e2dbee52 <unknown>\n#18 0x5590e2d8b7af <unknown>\n#19 0x5590e2de3188 <unknown>\n#20 0x5590e2de335b <unknown>\n#21 0x5590e2df2fcc <unknown>\n#22 0x7fba1d797ac3 <unknown>","time":{"start":1716624832745,"stop":1716624893038,"duration":60293}},{"uid":"2ee70c19188ddd84","reportUrl":"https://robbrad.github.io/UKBinCollectionData/3.11/1862//#testresult/2ee70c19188ddd84","status":"failed","statusDetails":"selenium.common.exceptions.ElementClickInterceptedException: Message: element click intercepted: Element is not clickable at point (69, 1536)\n  (Session info: chrome-headless-shell=125.0.6422.76)\nStacktrace:\n#0 0x55badd4c9e9a <unknown>\n#1 0x55badd1b345c <unknown>\n#2 0x55badd206336 <unknown>\n#3 0x55badd204176 <unknown>\n#4 0x55badd201b57 <unknown>\n#5 0x55badd20097c <unknown>\n#6 0x55badd1f40ff <unknown>\n#7 0x55badd2224b2 <unknown>\n#8 0x55badd1f3a79 <unknown>\n#9 0x55badd22267e <unknown>\n#10 0x55badd2412cc <unknown>\n#11 0x55badd222253 <unknown>\n#12 0x55badd1f21c7 <unknown>\n#13 0x55badd1f2b3e <unknown>\n#14 0x55badd4902db <unknown>\n#15 0x55badd494387 <unknown>\n#16 0x55badd47ce0e <unknown>\n#17 0x55badd494e52 <unknown>\n#18 0x55badd4617af <unknown>\n#19 0x55badd4b9188 <unknown>\n#20 0x55badd4b935b <unknown>\n#21 0x55badd4c8fcc <unknown>\n#22 0x7fd0a7bf9ac3 <unknown>","time":{"start":1716596804143,"stop":1716596866619,"duration":62476}},{"uid":"92efc06e11e3cdba","reportUrl":"https://robbrad.github.io/UKBinCollectionData/3.11/1860//#testresult/92efc06e11e3cdba","status":"failed","statusDetails":"selenium.common.exceptions.ElementClickInterceptedException: Message: element click intercepted: Element is not clickable at point (69, 1536)\n  (Session info: chrome-headless-shell=125.0.6422.76)\nStacktrace:\n#0 0x561798433e9a <unknown>\n#1 0x56179811d45c <unknown>\n#2 0x561798170336 <unknown>\n#3 0x56179816e176 <unknown>\n#4 0x56179816bb57 <unknown>\n#5 0x56179816a97c <unknown>\n#6 0x56179815e0ff <unknown>\n#7 0x56179818c4b2 <unknown>\n#8 0x56179815da79 <unknown>\n#9 0x56179818c67e <unknown>\n#10 0x5617981ab2cc <unknown>\n#11 0x56179818c253 <unknown>\n#12 0x56179815c1c7 <unknown>\n#13 0x56179815cb3e <unknown>\n#14 0x5617983fa2db <unknown>\n#15 0x5617983fe387 <unknown>\n#16 0x5617983e6e0e <unknown>\n#17 0x5617983fee52 <unknown>\n#18 0x5617983cb7af <unknown>\n#19 0x561798423188 <unknown>\n#20 0x56179842335b <unknown>\n#21 0x561798432fcc <unknown>\n#22 0x7f55cd90eac3 <unknown>","time":{"start":1716587952795,"stop":1716587962383,"duration":9588}},{"uid":"de0ab9e72af679ee","reportUrl":"https://robbrad.github.io/UKBinCollectionData/3.11/1856//#testresult/de0ab9e72af679ee","status":"failed","statusDetails":"selenium.common.exceptions.ElementClickInterceptedException: Message: element click intercepted: Element is not clickable at point (69, 1536)\n  (Session info: chrome-headless-shell=125.0.6422.76)\nStacktrace:\n#0 0x5615369b1e9a <unknown>\n#1 0x56153669b45c <unknown>\n#2 0x5615366ee336 <unknown>\n#3 0x5615366ec176 <unknown>\n#4 0x5615366e9b57 <unknown>\n#5 0x5615366e897c <unknown>\n#6 0x5615366dc0ff <unknown>\n#7 0x56153670a4b2 <unknown>\n#8 0x5615366dba79 <unknown>\n#9 0x56153670a67e <unknown>\n#10 0x5615367292cc <unknown>\n#11 0x56153670a253 <unknown>\n#12 0x5615366da1c7 <unknown>\n#13 0x5615366dab3e <unknown>\n#14 0x5615369782db <unknown>\n#15 0x56153697c387 <unknown>\n#16 0x561536964e0e <unknown>\n#17 0x56153697ce52 <unknown>\n#18 0x5615369497af <unknown>\n#19 0x5615369a1188 <unknown>\n#20 0x5615369a135b <unknown>\n#21 0x5615369b0fcc <unknown>\n#22 0x7fcb8d4a9ac3 <unknown>","time":{"start":1716510478816,"stop":1716510532934,"duration":54118}},{"uid":"990a831a0364a3cd","reportUrl":"https://robbrad.github.io/UKBinCollectionData/3.11/1855//#testresult/990a831a0364a3cd","status":"failed","statusDetails":"selenium.common.exceptions.ElementClickInterceptedException: Message: element click intercepted: Element is not clickable at point (69, 976)\n  (Session info: chrome-headless-shell=125.0.6422.76)\nStacktrace:\n#0 0x560a654f7e9a <unknown>\n#1 0x560a651e145c <unknown>\n#2 0x560a65234336 <unknown>\n#3 0x560a65232176 <unknown>\n#4 0x560a6522fb57 <unknown>\n#5 0x560a6522e97c <unknown>\n#6 0x560a652220ff <unknown>\n#7 0x560a652504b2 <unknown>\n#8 0x560a65221a79 <unknown>\n#9 0x560a6525067e <unknown>\n#10 0x560a6526f2cc <unknown>\n#11 0x560a65250253 <unknown>\n#12 0x560a652201c7 <unknown>\n#13 0x560a65220b3e <unknown>\n#14 0x560a654be2db <unknown>\n#15 0x560a654c2387 <unknown>\n#16 0x560a654aae0e <unknown>\n#17 0x560a654c2e52 <unknown>\n#18 0x560a6548f7af <unknown>\n#19 0x560a654e7188 <unknown>\n#20 0x560a654e735b <unknown>\n#21 0x560a654f6fcc <unknown>\n#22 0x7f9b3b45bac3 <unknown>","time":{"start":1716424109075,"stop":1716424228202,"duration":119127}},{"uid":"f46bb0c1d79614fd","reportUrl":"https://robbrad.github.io/UKBinCollectionData/3.11/1854//#testresult/f46bb0c1d79614fd","status":"failed","statusDetails":"selenium.common.exceptions.ElementClickInterceptedException: Message: element click intercepted: Element is not clickable at point (69, 976)\n  (Session info: chrome-headless-shell=125.0.6422.76)\nStacktrace:\n#0 0x558e2fb6ee9a <unknown>\n#1 0x558e2f85845c <unknown>\n#2 0x558e2f8ab336 <unknown>\n#3 0x558e2f8a9176 <unknown>\n#4 0x558e2f8a6b57 <unknown>\n#5 0x558e2f8a597c <unknown>\n#6 0x558e2f8990ff <unknown>\n#7 0x558e2f8c74b2 <unknown>\n#8 0x558e2f898a79 <unknown>\n#9 0x558e2f8c767e <unknown>\n#10 0x558e2f8e62cc <unknown>\n#11 0x558e2f8c7253 <unknown>\n#12 0x558e2f8971c7 <unknown>\n#13 0x558e2f897b3e <unknown>\n#14 0x558e2fb352db <unknown>\n#15 0x558e2fb39387 <unknown>\n#16 0x558e2fb21e0e <unknown>\n#17 0x558e2fb39e52 <unknown>\n#18 0x558e2fb067af <unknown>\n#19 0x558e2fb5e188 <unknown>\n#20 0x558e2fb5e35b <unknown>\n#21 0x558e2fb6dfcc <unknown>\n#22 0x7f79edbb0ac3 <unknown>","time":{"start":1716337642328,"stop":1716337683830,"duration":41502}},{"uid":"6a5199e735904f9e","reportUrl":"https://robbrad.github.io/UKBinCollectionData/3.11/1853//#testresult/6a5199e735904f9e","status":"failed","statusDetails":"selenium.common.exceptions.ElementClickInterceptedException: Message: element click intercepted: Element is not clickable at point (69, 975)\n  (Session info: chrome-headless-shell=125.0.6422.60)\nStacktrace:\n#0 0x55a1606a5eca <unknown>\n#1 0x55a16038f45c <unknown>\n#2 0x55a1603e2336 <unknown>\n#3 0x55a1603e0176 <unknown>\n#4 0x55a1603ddb57 <unknown>\n#5 0x55a1603dc97c <unknown>\n#6 0x55a1603d00ff <unknown>\n#7 0x55a1603fe4b2 <unknown>\n#8 0x55a1603cfa79 <unknown>\n#9 0x55a1603fe67e <unknown>\n#10 0x55a16041d2cc <unknown>\n#11 0x55a1603fe253 <unknown>\n#12 0x55a1603ce1c7 <unknown>\n#13 0x55a1603ceb3e <unknown>\n#14 0x55a16066c30b <unknown>\n#15 0x55a1606703b7 <unknown>\n#16 0x55a160658e3e <unknown>\n#17 0x55a160670e82 <unknown>\n#18 0x55a16063d7df <unknown>\n#19 0x55a1606951b8 <unknown>\n#20 0x55a16069538b <unknown>\n#21 0x55a1606a4ffc <unknown>\n#22 0x7fc532005ac3 <unknown>","time":{"start":1716251272388,"stop":1716251389534,"duration":117146}},{"uid":"3202a299b9982431","reportUrl":"https://robbrad.github.io/UKBinCollectionData/3.11/1852//#testresult/3202a299b9982431","status":"failed","statusDetails":"selenium.common.exceptions.ElementClickInterceptedException: Message: element click intercepted: Element is not clickable at point (69, 1536)\n  (Session info: chrome-headless-shell=125.0.6422.60)\nStacktrace:\n#0 0x56123915feca <unknown>\n#1 0x561238e4945c <unknown>\n#2 0x561238e9c336 <unknown>\n#3 0x561238e9a176 <unknown>\n#4 0x561238e97b57 <unknown>\n#5 0x561238e9697c <unknown>\n#6 0x561238e8a0ff <unknown>\n#7 0x561238eb84b2 <unknown>\n#8 0x561238e89a79 <unknown>\n#9 0x561238eb867e <unknown>\n#10 0x561238ed72cc <unknown>\n#11 0x561238eb8253 <unknown>\n#12 0x561238e881c7 <unknown>\n#13 0x561238e88b3e <unknown>\n#14 0x56123912630b <unknown>\n#15 0x56123912a3b7 <unknown>\n#16 0x561239112e3e <unknown>\n#17 0x56123912ae82 <unknown>\n#18 0x5612390f77df <unknown>\n#19 0x56123914f1b8 <unknown>\n#20 0x56123914f38b <unknown>\n#21 0x56123915effc <unknown>\n#22 0x7f27622dfac3 <unknown>","time":{"start":1716164881486,"stop":1716164936248,"duration":54762}},{"uid":"2f6120b6c7efc3c2","reportUrl":"https://robbrad.github.io/UKBinCollectionData/3.11/1851//#testresult/2f6120b6c7efc3c2","status":"failed","statusDetails":"selenium.common.exceptions.ElementClickInterceptedException: Message: element click intercepted: Element is not clickable at point (69, 976)\n  (Session info: chrome-headless-shell=125.0.6422.60)\nStacktrace:\n#0 0x564f28b62eca <unknown>\n#1 0x564f2884c45c <unknown>\n#2 0x564f2889f336 <unknown>\n#3 0x564f2889d176 <unknown>\n#4 0x564f2889ab57 <unknown>\n#5 0x564f2889997c <unknown>\n#6 0x564f2888d0ff <unknown>\n#7 0x564f288bb4b2 <unknown>\n#8 0x564f2888ca79 <unknown>\n#9 0x564f288bb67e <unknown>\n#10 0x564f288da2cc <unknown>\n#11 0x564f288bb253 <unknown>\n#12 0x564f2888b1c7 <unknown>\n#13 0x564f2888bb3e <unknown>\n#14 0x564f28b2930b <unknown>\n#15 0x564f28b2d3b7 <unknown>\n#16 0x564f28b15e3e <unknown>\n#17 0x564f28b2de82 <unknown>\n#18 0x564f28afa7df <unknown>\n#19 0x564f28b521b8 <unknown>\n#20 0x564f28b5238b <unknown>\n#21 0x564f28b61ffc <unknown>\n#22 0x7fae8b0daac3 <unknown>","time":{"start":1716154917108,"stop":1716154939143,"duration":22035}},{"uid":"e64b1c0bcd95fdee","reportUrl":"https://robbrad.github.io/UKBinCollectionData/3.11/1849//#testresult/e64b1c0bcd95fdee","status":"failed","statusDetails":"selenium.common.exceptions.ElementClickInterceptedException: Message: element click intercepted: Element is not clickable at point (69, 1536)\n  (Session info: chrome-headless-shell=125.0.6422.60)\nStacktrace:\n#0 0x563b341d9eca <unknown>\n#1 0x563b33ec345c <unknown>\n#2 0x563b33f16336 <unknown>\n#3 0x563b33f14176 <unknown>\n#4 0x563b33f11b57 <unknown>\n#5 0x563b33f1097c <unknown>\n#6 0x563b33f040ff <unknown>\n#7 0x563b33f324b2 <unknown>\n#8 0x563b33f03a79 <unknown>\n#9 0x563b33f3267e <unknown>\n#10 0x563b33f512cc <unknown>\n#11 0x563b33f32253 <unknown>\n#12 0x563b33f021c7 <unknown>\n#13 0x563b33f02b3e <unknown>\n#14 0x563b341a030b <unknown>\n#15 0x563b341a43b7 <unknown>\n#16 0x563b3418ce3e <unknown>\n#17 0x563b341a4e82 <unknown>\n#18 0x563b341717df <unknown>\n#19 0x563b341c91b8 <unknown>\n#20 0x563b341c938b <unknown>\n#21 0x563b341d8ffc <unknown>\n#22 0x7f4f580ecac3 <unknown>","time":{"start":1716152412043,"stop":1716152436960,"duration":24917}},{"uid":"d7b5ccd7122930b5","reportUrl":"https://robbrad.github.io/UKBinCollectionData/3.11/1846//#testresult/d7b5ccd7122930b5","status":"failed","statusDetails":"selenium.common.exceptions.ElementClickInterceptedException: Message: element click intercepted: Element is not clickable at point (69, 975)\n  (Session info: chrome-headless-shell=125.0.6422.60)\nStacktrace:\n#0 0x55fb5f990eca <unknown>\n#1 0x55fb5f67a45c <unknown>\n#2 0x55fb5f6cd336 <unknown>\n#3 0x55fb5f6cb176 <unknown>\n#4 0x55fb5f6c8b57 <unknown>\n#5 0x55fb5f6c797c <unknown>\n#6 0x55fb5f6bb0ff <unknown>\n#7 0x55fb5f6e94b2 <unknown>\n#8 0x55fb5f6baa79 <unknown>\n#9 0x55fb5f6e967e <unknown>\n#10 0x55fb5f7082cc <unknown>\n#11 0x55fb5f6e9253 <unknown>\n#12 0x55fb5f6b91c7 <unknown>\n#13 0x55fb5f6b9b3e <unknown>\n#14 0x55fb5f95730b <unknown>\n#15 0x55fb5f95b3b7 <unknown>\n#16 0x55fb5f943e3e <unknown>\n#17 0x55fb5f95be82 <unknown>\n#18 0x55fb5f9287df <unknown>\n#19 0x55fb5f9801b8 <unknown>\n#20 0x55fb5f98038b <unknown>\n#21 0x55fb5f98fffc <unknown>\n#22 0x7f92cd7eaac3 <unknown>","time":{"start":1716078633492,"stop":1716078745368,"duration":111876}},{"uid":"5148e389efab1eef","reportUrl":"https://robbrad.github.io/UKBinCollectionData/3.11/1842//#testresult/5148e389efab1eef","status":"failed","statusDetails":"selenium.common.exceptions.ElementClickInterceptedException: Message: element click intercepted: Element is not clickable at point (69, 1536)\n  (Session info: chrome-headless-shell=125.0.6422.60)\nStacktrace:\n#0 0x56439bcbeeca <unknown>\n#1 0x56439b9a845c <unknown>\n#2 0x56439b9fb336 <unknown>\n#3 0x56439b9f9176 <unknown>\n#4 0x56439b9f6b57 <unknown>\n#5 0x56439b9f597c <unknown>\n#6 0x56439b9e90ff <unknown>\n#7 0x56439ba174b2 <unknown>\n#8 0x56439b9e8a79 <unknown>\n#9 0x56439ba1767e <unknown>\n#10 0x56439ba362cc <unknown>\n#11 0x56439ba17253 <unknown>\n#12 0x56439b9e71c7 <unknown>\n#13 0x56439b9e7b3e <unknown>\n#14 0x56439bc8530b <unknown>\n#15 0x56439bc893b7 <unknown>\n#16 0x56439bc71e3e <unknown>\n#17 0x56439bc89e82 <unknown>\n#18 0x56439bc567df <unknown>\n#19 0x56439bcae1b8 <unknown>\n#20 0x56439bcae38b <unknown>\n#21 0x56439bcbdffc <unknown>\n#22 0x7f8437b0bac3 <unknown>","time":{"start":1715992047637,"stop":1715992093101,"duration":45464}},{"uid":"4a37190a7915226c","reportUrl":"https://robbrad.github.io/UKBinCollectionData/3.11/1839//#testresult/4a37190a7915226c","status":"failed","statusDetails":"selenium.common.exceptions.ElementClickInterceptedException: Message: element click intercepted: Element is not clickable at point (69, 976)\n  (Session info: chrome-headless-shell=125.0.6422.60)\nStacktrace:\n#0 0x5633cffa9eca <unknown>\n#1 0x5633cfc9345c <unknown>\n#2 0x5633cfce6336 <unknown>\n#3 0x5633cfce4176 <unknown>\n#4 0x5633cfce1b57 <unknown>\n#5 0x5633cfce097c <unknown>\n#6 0x5633cfcd40ff <unknown>\n#7 0x5633cfd024b2 <unknown>\n#8 0x5633cfcd3a79 <unknown>\n#9 0x5633cfd0267e <unknown>\n#10 0x5633cfd212cc <unknown>\n#11 0x5633cfd02253 <unknown>\n#12 0x5633cfcd21c7 <unknown>\n#13 0x5633cfcd2b3e <unknown>\n#14 0x5633cff7030b <unknown>\n#15 0x5633cff743b7 <unknown>\n#16 0x5633cff5ce3e <unknown>\n#17 0x5633cff74e82 <unknown>\n#18 0x5633cff417df <unknown>\n#19 0x5633cff991b8 <unknown>\n#20 0x5633cff9938b <unknown>\n#21 0x5633cffa8ffc <unknown>\n#22 0x7fd42efceac3 <unknown>","time":{"start":1715983189987,"stop":1715983245435,"duration":55448}},{"uid":"47dea24c35f701d5","reportUrl":"https://robbrad.github.io/UKBinCollectionData/3.11/1834//#testresult/47dea24c35f701d5","status":"failed","statusDetails":"selenium.common.exceptions.ElementClickInterceptedException: Message: element click intercepted: Element is not clickable at point (69, 976)\n  (Session info: chrome-headless-shell=125.0.6422.60)\nStacktrace:\n#0 0x559a70284eca <unknown>\n#1 0x559a6ff6e45c <unknown>\n#2 0x559a6ffc1336 <unknown>\n#3 0x559a6ffbf176 <unknown>\n#4 0x559a6ffbcb57 <unknown>\n#5 0x559a6ffbb97c <unknown>\n#6 0x559a6ffaf0ff <unknown>\n#7 0x559a6ffdd4b2 <unknown>\n#8 0x559a6ffaea79 <unknown>\n#9 0x559a6ffdd67e <unknown>\n#10 0x559a6fffc2cc <unknown>\n#11 0x559a6ffdd253 <unknown>\n#12 0x559a6ffad1c7 <unknown>\n#13 0x559a6ffadb3e <unknown>\n#14 0x559a7024b30b <unknown>\n#15 0x559a7024f3b7 <unknown>\n#16 0x559a70237e3e <unknown>\n#17 0x559a7024fe82 <unknown>\n#18 0x559a7021c7df <unknown>\n#19 0x559a702741b8 <unknown>\n#20 0x559a7027438b <unknown>\n#21 0x559a70283ffc <unknown>\n#22 0x7f2f07e79ac3 <unknown>","time":{"start":1715973614872,"stop":1715973663092,"duration":48220}}]},"tags":[]},"source":"14ca996157eddc3a.json","parameterValues":["BarnetCouncil"]}