{"uid":"58080ad7bed77c49","name":"Validate Council Output [NorthWestLeicestershire-http://selenium:4444-local]","fullName":"features/validate_council_outputs.feature:Validate Council Output","historyId":"636da600d3c2f6211f4c406b74efac78","time":{"start":1702084696682,"stop":1702084701918,"duration":5236},"status":"failed","statusMessage":"selenium.common.exceptions.StaleElementReferenceException: Message: stale element reference: stale element not found\n  (Session info: headless chrome=119.0.6045.199); For documentation on this error, please visit: https://www.selenium.dev/documentation/webdriver/troubleshooting/errors#stale-element-reference-exception\nStacktrace:\n#0 0x55bb3c3b25e3 <unknown>\n#1 0x55bb3c0750b7 <unknown>\n#2 0x55bb3c07b2b5 <unknown>\n#3 0x55bb3c07d5c6 <unknown>\n#4 0x55bb3c07d6fc <unknown>\n#5 0x55bb3c0bd480 <unknown>\n#6 0x55bb3c0e9ef2 <unknown>\n#7 0x55bb3c0b6a02 <unknown>\n#8 0x55bb3c0ea0be <unknown>\n#9 0x55bb3c105b3d <unknown>\n#10 0x55bb3c0e9cc3 <unknown>\n#11 0x55bb3c0b50e4 <unknown>\n#12 0x55bb3c0b60ae <unknown>\n#13 0x55bb3c378ce1 <unknown>\n#14 0x55bb3c37cb7e <unknown>\n#15 0x55bb3c3664b5 <unknown>\n#16 0x55bb3c37d7d6 <unknown>\n#17 0x55bb3c349dbf <unknown>\n#18 0x55bb3c3a0748 <unknown>\n#19 0x55bb3c3a0917 <unknown>\n#20 0x55bb3c3b1773 <unknown>\n#21 0x7f8c5d694ac3 <unknown>","statusTrace":"fixturefunc = <function scrape_step at 0x7f4fcc099260>\nrequest = <FixtureRequest for <Function test_scenario_outline[NorthWestLeicestershire-http://selenium:4444-local]>>\nkwargs = {'context': <test_validate_council.context.<locals>.Context object at 0x7f4fcbb6bd10>, 'council': 'NorthWestLeicestershire', 'selenium_mode': 'local', 'selenium_url': 'http://selenium:4444'}\n\n    def call_fixture_func(\n        fixturefunc: \"_FixtureFunc[FixtureValue]\", request: FixtureRequest, kwargs\n    ) -> FixtureValue:\n        if is_generator(fixturefunc):\n            fixturefunc = cast(\n                Callable[..., Generator[FixtureValue, None, None]], fixturefunc\n            )\n            generator = fixturefunc(**kwargs)\n            try:\n                fixture_result = next(generator)\n            except StopIteration:\n                raise ValueError(f\"{request.fixturename} did not yield a value\") from None\n            finalizer = functools.partial(_teardown_yield_fixture, fixturefunc, generator)\n            request.addfinalizer(finalizer)\n        else:\n            fixturefunc = cast(Callable[..., FixtureValue], fixturefunc)\n>           fixture_result = fixturefunc(**kwargs)\n\n../../../.cache/pypoetry/virtualenvs/uk-bin-collection-EwS6Gn8s-py3.11/lib/python3.11/site-packages/_pytest/fixtures.py:902: \n_ _ _ _ _ _ _ _ _ _ _ _ _ _ _ _ _ _ _ _ _ _ _ _ _ _ _ _ _ _ _ _ _ _ _ _ _ _ _ _ \nuk_bin_collection/tests/step_defs/test_validate_council.py:75: in scrape_step\n    raise (err)\nuk_bin_collection/tests/step_defs/test_validate_council.py:71: in scrape_step\n    context.parse_result = CollectData.run()\nuk_bin_collection/uk_bin_collection/collect_data.py:82: in run\n    return self.client_code(\nuk_bin_collection/uk_bin_collection/collect_data.py:69: in client_code\n    return get_bin_data_class.template_method(address_url, **kwargs)\nuk_bin_collection/uk_bin_collection/get_bin_data.py:69: in template_method\n    bin_data_dict = self.parse_data(\nuk_bin_collection/uk_bin_collection/councils/NorthWestLeicestershire.py:61: in parse_data\n    dropdownSelect.select_by_value(str(user_uprn))\n../../../.cache/pypoetry/virtualenvs/uk-bin-collection-EwS6Gn8s-py3.11/lib/python3.11/site-packages/selenium/webdriver/support/select.py:79: in select_by_value\n    self._set_selected(opt)\n../../../.cache/pypoetry/virtualenvs/uk-bin-collection-EwS6Gn8s-py3.11/lib/python3.11/site-packages/selenium/webdriver/support/select.py:212: in _set_selected\n    if not option.is_enabled():\n../../../.cache/pypoetry/virtualenvs/uk-bin-collection-EwS6Gn8s-py3.11/lib/python3.11/site-packages/selenium/webdriver/remote/webelement.py:191: in is_enabled\n    return self._execute(Command.IS_ELEMENT_ENABLED)[\"value\"]\n../../../.cache/pypoetry/virtualenvs/uk-bin-collection-EwS6Gn8s-py3.11/lib/python3.11/site-packages/selenium/webdriver/remote/webelement.py:394: in _execute\n    return self._parent.execute(command, params)\n../../../.cache/pypoetry/virtualenvs/uk-bin-collection-EwS6Gn8s-py3.11/lib/python3.11/site-packages/selenium/webdriver/remote/webdriver.py:344: in execute\n    self.error_handler.check_response(response)\n_ _ _ _ _ _ _ _ _ _ _ _ _ _ _ _ _ _ _ _ _ _ _ _ _ _ _ _ _ _ _ _ _ _ _ _ _ _ _ _ \n\nself = <selenium.webdriver.remote.errorhandler.ErrorHandler object at 0x7f4fcba8d290>\nresponse = {'status': 404, 'value': '{\"value\":{\"error\":\"stale element reference\",\"message\":\"stale element reference: stale elemen...\\\\n#19 0x55bb3c3a0917 \\\\u003Cunknown>\\\\n#20 0x55bb3c3b1773 \\\\u003Cunknown>\\\\n#21 0x7f8c5d694ac3 \\\\u003Cunknown>\\\\n\"}}'}\n\n    def check_response(self, response: Dict[str, Any]) -> None:\n        \"\"\"Checks that a JSON response from the WebDriver does not have an\n        error.\n    \n        :Args:\n         - response - The JSON response from the WebDriver server as a dictionary\n           object.\n    \n        :Raises: If the response contains an error message.\n        \"\"\"\n        status = response.get(\"status\", None)\n        if not status or status == ErrorCode.SUCCESS:\n            return\n        value = None\n        message = response.get(\"message\", \"\")\n        screen: str = response.get(\"screen\", \"\")\n        stacktrace = None\n        if isinstance(status, int):\n            value_json = response.get(\"value\", None)\n            if value_json and isinstance(value_json, str):\n                import json\n    \n                try:\n                    value = json.loads(value_json)\n                    if len(value) == 1:\n                        value = value[\"value\"]\n                    status = value.get(\"error\", None)\n                    if not status:\n                        status = value.get(\"status\", ErrorCode.UNKNOWN_ERROR)\n                        message = value.get(\"value\") or value.get(\"message\")\n                        if not isinstance(message, str):\n                            value = message\n                            message = message.get(\"message\")\n                    else:\n                        message = value.get(\"message\", None)\n                except ValueError:\n                    pass\n    \n        exception_class: Type[WebDriverException]\n        e = ErrorCode()\n        error_codes = [item for item in dir(e) if not item.startswith(\"__\")]\n        for error_code in error_codes:\n            error_info = getattr(ErrorCode, error_code)\n            if isinstance(error_info, list) and status in error_info:\n                exception_class = getattr(ExceptionMapping, error_code, WebDriverException)\n                break\n        else:\n            exception_class = WebDriverException\n    \n        if not value:\n            value = response[\"value\"]\n        if isinstance(value, str):\n            raise exception_class(value)\n        if message == \"\" and \"message\" in value:\n            message = value[\"message\"]\n    \n        screen = None  # type: ignore[assignment]\n        if \"screen\" in value:\n            screen = value[\"screen\"]\n    \n        stacktrace = None\n        st_value = value.get(\"stackTrace\") or value.get(\"stacktrace\")\n        if st_value:\n            if isinstance(st_value, str):\n                stacktrace = st_value.split(\"\\n\")\n            else:\n                stacktrace = []\n                try:\n                    for frame in st_value:\n                        line = frame.get(\"lineNumber\", \"\")\n                        file = frame.get(\"fileName\", \"<anonymous>\")\n                        if line:\n                            file = f\"{file}:{line}\"\n                        meth = frame.get(\"methodName\", \"<anonymous>\")\n                        if \"className\" in frame:\n                            meth = f\"{frame['className']}.{meth}\"\n                        msg = \"    at %s (%s)\"\n                        msg = msg % (meth, file)\n                        stacktrace.append(msg)\n                except TypeError:\n                    pass\n        if exception_class == UnexpectedAlertPresentException:\n            alert_text = None\n            if \"data\" in value:\n                alert_text = value[\"data\"].get(\"text\")\n            elif \"alert\" in value:\n                alert_text = value[\"alert\"].get(\"text\")\n            raise exception_class(message, screen, stacktrace, alert_text)  # type: ignore[call-arg]  # mypy is not smart enough here\n>       raise exception_class(message, screen, stacktrace)\nE       selenium.common.exceptions.StaleElementReferenceException: Message: stale element reference: stale element not found\nE         (Session info: headless chrome=119.0.6045.199); For documentation on this error, please visit: https://www.selenium.dev/documentation/webdriver/troubleshooting/errors#stale-element-reference-exception\nE       Stacktrace:\nE       #0 0x55bb3c3b25e3 <unknown>\nE       #1 0x55bb3c0750b7 <unknown>\nE       #2 0x55bb3c07b2b5 <unknown>\nE       #3 0x55bb3c07d5c6 <unknown>\nE       #4 0x55bb3c07d6fc <unknown>\nE       #5 0x55bb3c0bd480 <unknown>\nE       #6 0x55bb3c0e9ef2 <unknown>\nE       #7 0x55bb3c0b6a02 <unknown>\nE       #8 0x55bb3c0ea0be <unknown>\nE       #9 0x55bb3c105b3d <unknown>\nE       #10 0x55bb3c0e9cc3 <unknown>\nE       #11 0x55bb3c0b50e4 <unknown>\nE       #12 0x55bb3c0b60ae <unknown>\nE       #13 0x55bb3c378ce1 <unknown>\nE       #14 0x55bb3c37cb7e <unknown>\nE       #15 0x55bb3c3664b5 <unknown>\nE       #16 0x55bb3c37d7d6 <unknown>\nE       #17 0x55bb3c349dbf <unknown>\nE       #18 0x55bb3c3a0748 <unknown>\nE       #19 0x55bb3c3a0917 <unknown>\nE       #20 0x55bb3c3b1773 <unknown>\nE       #21 0x7f8c5d694ac3 <unknown>\n\n../../../.cache/pypoetry/virtualenvs/uk-bin-collection-EwS6Gn8s-py3.11/lib/python3.11/site-packages/selenium/webdriver/remote/errorhandler.py:229: StaleElementReferenceException","flaky":false,"newFailed":false,"newBroken":false,"newPassed":false,"retriesCount":0,"retriesStatusChange":false,"beforeStages":[],"testStage":{"status":"failed","statusMessage":"selenium.common.exceptions.StaleElementReferenceException: Message: stale element reference: stale element not found\n  (Session info: headless chrome=119.0.6045.199); For documentation on this error, please visit: https://www.selenium.dev/documentation/webdriver/troubleshooting/errors#stale-element-reference-exception\nStacktrace:\n#0 0x55bb3c3b25e3 <unknown>\n#1 0x55bb3c0750b7 <unknown>\n#2 0x55bb3c07b2b5 <unknown>\n#3 0x55bb3c07d5c6 <unknown>\n#4 0x55bb3c07d6fc <unknown>\n#5 0x55bb3c0bd480 <unknown>\n#6 0x55bb3c0e9ef2 <unknown>\n#7 0x55bb3c0b6a02 <unknown>\n#8 0x55bb3c0ea0be <unknown>\n#9 0x55bb3c105b3d <unknown>\n#10 0x55bb3c0e9cc3 <unknown>\n#11 0x55bb3c0b50e4 <unknown>\n#12 0x55bb3c0b60ae <unknown>\n#13 0x55bb3c378ce1 <unknown>\n#14 0x55bb3c37cb7e <unknown>\n#15 0x55bb3c3664b5 <unknown>\n#16 0x55bb3c37d7d6 <unknown>\n#17 0x55bb3c349dbf <unknown>\n#18 0x55bb3c3a0748 <unknown>\n#19 0x55bb3c3a0917 <unknown>\n#20 0x55bb3c3b1773 <unknown>\n#21 0x7f8c5d694ac3 <unknown>","statusTrace":"fixturefunc = <function scrape_step at 0x7f4fcc099260>\nrequest = <FixtureRequest for <Function test_scenario_outline[NorthWestLeicestershire-http://selenium:4444-local]>>\nkwargs = {'context': <test_validate_council.context.<locals>.Context object at 0x7f4fcbb6bd10>, 'council': 'NorthWestLeicestershire', 'selenium_mode': 'local', 'selenium_url': 'http://selenium:4444'}\n\n    def call_fixture_func(\n        fixturefunc: \"_FixtureFunc[FixtureValue]\", request: FixtureRequest, kwargs\n    ) -> FixtureValue:\n        if is_generator(fixturefunc):\n            fixturefunc = cast(\n                Callable[..., Generator[FixtureValue, None, None]], fixturefunc\n            )\n            generator = fixturefunc(**kwargs)\n            try:\n                fixture_result = next(generator)\n            except StopIteration:\n                raise ValueError(f\"{request.fixturename} did not yield a value\") from None\n            finalizer = functools.partial(_teardown_yield_fixture, fixturefunc, generator)\n            request.addfinalizer(finalizer)\n        else:\n            fixturefunc = cast(Callable[..., FixtureValue], fixturefunc)\n>           fixture_result = fixturefunc(**kwargs)\n\n../../../.cache/pypoetry/virtualenvs/uk-bin-collection-EwS6Gn8s-py3.11/lib/python3.11/site-packages/_pytest/fixtures.py:902: \n_ _ _ _ _ _ _ _ _ _ _ _ _ _ _ _ _ _ _ _ _ _ _ _ _ _ _ _ _ _ _ _ _ _ _ _ _ _ _ _ \nuk_bin_collection/tests/step_defs/test_validate_council.py:75: in scrape_step\n    raise (err)\nuk_bin_collection/tests/step_defs/test_validate_council.py:71: in scrape_step\n    context.parse_result = CollectData.run()\nuk_bin_collection/uk_bin_collection/collect_data.py:82: in run\n    return self.client_code(\nuk_bin_collection/uk_bin_collection/collect_data.py:69: in client_code\n    return get_bin_data_class.template_method(address_url, **kwargs)\nuk_bin_collection/uk_bin_collection/get_bin_data.py:69: in template_method\n    bin_data_dict = self.parse_data(\nuk_bin_collection/uk_bin_collection/councils/NorthWestLeicestershire.py:61: in parse_data\n    dropdownSelect.select_by_value(str(user_uprn))\n../../../.cache/pypoetry/virtualenvs/uk-bin-collection-EwS6Gn8s-py3.11/lib/python3.11/site-packages/selenium/webdriver/support/select.py:79: in select_by_value\n    self._set_selected(opt)\n../../../.cache/pypoetry/virtualenvs/uk-bin-collection-EwS6Gn8s-py3.11/lib/python3.11/site-packages/selenium/webdriver/support/select.py:212: in _set_selected\n    if not option.is_enabled():\n../../../.cache/pypoetry/virtualenvs/uk-bin-collection-EwS6Gn8s-py3.11/lib/python3.11/site-packages/selenium/webdriver/remote/webelement.py:191: in is_enabled\n    return self._execute(Command.IS_ELEMENT_ENABLED)[\"value\"]\n../../../.cache/pypoetry/virtualenvs/uk-bin-collection-EwS6Gn8s-py3.11/lib/python3.11/site-packages/selenium/webdriver/remote/webelement.py:394: in _execute\n    return self._parent.execute(command, params)\n../../../.cache/pypoetry/virtualenvs/uk-bin-collection-EwS6Gn8s-py3.11/lib/python3.11/site-packages/selenium/webdriver/remote/webdriver.py:344: in execute\n    self.error_handler.check_response(response)\n_ _ _ _ _ _ _ _ _ _ _ _ _ _ _ _ _ _ _ _ _ _ _ _ _ _ _ _ _ _ _ _ _ _ _ _ _ _ _ _ \n\nself = <selenium.webdriver.remote.errorhandler.ErrorHandler object at 0x7f4fcba8d290>\nresponse = {'status': 404, 'value': '{\"value\":{\"error\":\"stale element reference\",\"message\":\"stale element reference: stale elemen...\\\\n#19 0x55bb3c3a0917 \\\\u003Cunknown>\\\\n#20 0x55bb3c3b1773 \\\\u003Cunknown>\\\\n#21 0x7f8c5d694ac3 \\\\u003Cunknown>\\\\n\"}}'}\n\n    def check_response(self, response: Dict[str, Any]) -> None:\n        \"\"\"Checks that a JSON response from the WebDriver does not have an\n        error.\n    \n        :Args:\n         - response - The JSON response from the WebDriver server as a dictionary\n           object.\n    \n        :Raises: If the response contains an error message.\n        \"\"\"\n        status = response.get(\"status\", None)\n        if not status or status == ErrorCode.SUCCESS:\n            return\n        value = None\n        message = response.get(\"message\", \"\")\n        screen: str = response.get(\"screen\", \"\")\n        stacktrace = None\n        if isinstance(status, int):\n            value_json = response.get(\"value\", None)\n            if value_json and isinstance(value_json, str):\n                import json\n    \n                try:\n                    value = json.loads(value_json)\n                    if len(value) == 1:\n                        value = value[\"value\"]\n                    status = value.get(\"error\", None)\n                    if not status:\n                        status = value.get(\"status\", ErrorCode.UNKNOWN_ERROR)\n                        message = value.get(\"value\") or value.get(\"message\")\n                        if not isinstance(message, str):\n                            value = message\n                            message = message.get(\"message\")\n                    else:\n                        message = value.get(\"message\", None)\n                except ValueError:\n                    pass\n    \n        exception_class: Type[WebDriverException]\n        e = ErrorCode()\n        error_codes = [item for item in dir(e) if not item.startswith(\"__\")]\n        for error_code in error_codes:\n            error_info = getattr(ErrorCode, error_code)\n            if isinstance(error_info, list) and status in error_info:\n                exception_class = getattr(ExceptionMapping, error_code, WebDriverException)\n                break\n        else:\n            exception_class = WebDriverException\n    \n        if not value:\n            value = response[\"value\"]\n        if isinstance(value, str):\n            raise exception_class(value)\n        if message == \"\" and \"message\" in value:\n            message = value[\"message\"]\n    \n        screen = None  # type: ignore[assignment]\n        if \"screen\" in value:\n            screen = value[\"screen\"]\n    \n        stacktrace = None\n        st_value = value.get(\"stackTrace\") or value.get(\"stacktrace\")\n        if st_value:\n            if isinstance(st_value, str):\n                stacktrace = st_value.split(\"\\n\")\n            else:\n                stacktrace = []\n                try:\n                    for frame in st_value:\n                        line = frame.get(\"lineNumber\", \"\")\n                        file = frame.get(\"fileName\", \"<anonymous>\")\n                        if line:\n                            file = f\"{file}:{line}\"\n                        meth = frame.get(\"methodName\", \"<anonymous>\")\n                        if \"className\" in frame:\n                            meth = f\"{frame['className']}.{meth}\"\n                        msg = \"    at %s (%s)\"\n                        msg = msg % (meth, file)\n                        stacktrace.append(msg)\n                except TypeError:\n                    pass\n        if exception_class == UnexpectedAlertPresentException:\n            alert_text = None\n            if \"data\" in value:\n                alert_text = value[\"data\"].get(\"text\")\n            elif \"alert\" in value:\n                alert_text = value[\"alert\"].get(\"text\")\n            raise exception_class(message, screen, stacktrace, alert_text)  # type: ignore[call-arg]  # mypy is not smart enough here\n>       raise exception_class(message, screen, stacktrace)\nE       selenium.common.exceptions.StaleElementReferenceException: Message: stale element reference: stale element not found\nE         (Session info: headless chrome=119.0.6045.199); For documentation on this error, please visit: https://www.selenium.dev/documentation/webdriver/troubleshooting/errors#stale-element-reference-exception\nE       Stacktrace:\nE       #0 0x55bb3c3b25e3 <unknown>\nE       #1 0x55bb3c0750b7 <unknown>\nE       #2 0x55bb3c07b2b5 <unknown>\nE       #3 0x55bb3c07d5c6 <unknown>\nE       #4 0x55bb3c07d6fc <unknown>\nE       #5 0x55bb3c0bd480 <unknown>\nE       #6 0x55bb3c0e9ef2 <unknown>\nE       #7 0x55bb3c0b6a02 <unknown>\nE       #8 0x55bb3c0ea0be <unknown>\nE       #9 0x55bb3c105b3d <unknown>\nE       #10 0x55bb3c0e9cc3 <unknown>\nE       #11 0x55bb3c0b50e4 <unknown>\nE       #12 0x55bb3c0b60ae <unknown>\nE       #13 0x55bb3c378ce1 <unknown>\nE       #14 0x55bb3c37cb7e <unknown>\nE       #15 0x55bb3c3664b5 <unknown>\nE       #16 0x55bb3c37d7d6 <unknown>\nE       #17 0x55bb3c349dbf <unknown>\nE       #18 0x55bb3c3a0748 <unknown>\nE       #19 0x55bb3c3a0917 <unknown>\nE       #20 0x55bb3c3b1773 <unknown>\nE       #21 0x7f8c5d694ac3 <unknown>\n\n../../../.cache/pypoetry/virtualenvs/uk-bin-collection-EwS6Gn8s-py3.11/lib/python3.11/site-packages/selenium/webdriver/remote/errorhandler.py:229: StaleElementReferenceException","steps":[{"name":"Given the council: NorthWestLeicestershire","time":{"start":1702084696683,"stop":1702084696683,"duration":0},"status":"passed","steps":[],"attachments":[],"parameters":[],"shouldDisplayMessage":false,"stepsCount":0,"attachmentsCount":0,"hasContent":false,"attachmentStep":false},{"name":"When we scrape the data from NorthWestLeicestershire using local and the http://selenium:4444 is set","time":{"start":1702084696683,"stop":1702084701918,"duration":5235},"status":"failed","statusMessage":"Message: stale element reference: stale element not found\n  (Session info: headless chrome=119.0.6045.199); For documentation on this error, please visit: https://www.selenium.dev/documentation/webdriver/troubleshooting/errors#stale-element-reference-exception\nStacktrace:\n#0 0x55bb3c3b25e3 <unknown>\n#1 0x55bb3c0750b7 <unknown>\n#2 0x55bb3c07b2b5 <unknown>\n#3 0x55bb3c07d5c6 <unknown>\n#4 0x55bb3c07d6fc <unknown>\n#5 0x55bb3c0bd480 <unknown>\n#6 0x55bb3c0e9ef2 <unknown>\n#7 0x55bb3c0b6a02 <unknown>\n#8 0x55bb3c0ea0be <unknown>\n#9 0x55bb3c105b3d <unknown>\n#10 0x55bb3c0e9cc3 <unknown>\n#11 0x55bb3c0b50e4 <unknown>\n#12 0x55bb3c0b60ae <unknown>\n#13 0x55bb3c378ce1 <unknown>\n#14 0x55bb3c37cb7e <unknown>\n#15 0x55bb3c3664b5 <unknown>\n#16 0x55bb3c37d7d6 <unknown>\n#17 0x55bb3c349dbf <unknown>\n#18 0x55bb3c3a0748 <unknown>\n#19 0x55bb3c3a0917 <unknown>\n#20 0x55bb3c3b1773 <unknown>\n#21 0x7f8c5d694ac3 <unknown>\n","statusTrace":"selenium.common.exceptions.StaleElementReferenceException: Message: stale element reference: stale element not found\n  (Session info: headless chrome=119.0.6045.199); For documentation on this error, please visit: https://www.selenium.dev/documentation/webdriver/troubleshooting/errors#stale-element-reference-exception\nStacktrace:\n#0 0x55bb3c3b25e3 <unknown>\n#1 0x55bb3c0750b7 <unknown>\n#2 0x55bb3c07b2b5 <unknown>\n#3 0x55bb3c07d5c6 <unknown>\n#4 0x55bb3c07d6fc <unknown>\n#5 0x55bb3c0bd480 <unknown>\n#6 0x55bb3c0e9ef2 <unknown>\n#7 0x55bb3c0b6a02 <unknown>\n#8 0x55bb3c0ea0be <unknown>\n#9 0x55bb3c105b3d <unknown>\n#10 0x55bb3c0e9cc3 <unknown>\n#11 0x55bb3c0b50e4 <unknown>\n#12 0x55bb3c0b60ae <unknown>\n#13 0x55bb3c378ce1 <unknown>\n#14 0x55bb3c37cb7e <unknown>\n#15 0x55bb3c3664b5 <unknown>\n#16 0x55bb3c37d7d6 <unknown>\n#17 0x55bb3c349dbf <unknown>\n#18 0x55bb3c3a0748 <unknown>\n#19 0x55bb3c3a0917 <unknown>\n#20 0x55bb3c3b1773 <unknown>\n#21 0x7f8c5d694ac3 <unknown>\n\n","steps":[],"attachments":[],"parameters":[],"shouldDisplayMessage":true,"stepsCount":0,"attachmentsCount":0,"hasContent":true,"attachmentStep":false}],"attachments":[],"parameters":[],"shouldDisplayMessage":true,"stepsCount":2,"attachmentsCount":0,"hasContent":true,"attachmentStep":false},"afterStages":[],"labels":[{"name":"host","value":"fv-az891-247"},{"name":"thread","value":"2714-MainThread"},{"name":"framework","value":"pytest-bdd"},{"name":"language","value":"cpython3"},{"name":"feature","value":"Test each council output matches expected results"},{"name":"resultFormat","value":"allure2"}],"parameters":[{"name":"council","value":"NorthWestLeicestershire"},{"name":"selenium_mode","value":"local"},{"name":"selenium_url","value":"http://selenium:4444"}],"links":[],"hidden":false,"retry":false,"extra":{"severity":"normal","retries":[],"categories":[{"name":"Product defects","matchedStatuses":[],"flaky":false}],"history":{"statistic":{"failed":14,"broken":0,"skipped":0,"passed":0,"unknown":0,"total":14},"items":[{"uid":"c359b73e2e4a732c","reportUrl":"https://robbrad.github.io/UKBinCollectionData/3.11/1225//#testresult/c359b73e2e4a732c","status":"failed","statusDetails":"ValueError: time data 'December 2023' does not match format '%d %B %Y'","time":{"start":1702066763782,"stop":1702066778208,"duration":14426}},{"uid":"b16db8f4b87b8567","reportUrl":"https://robbrad.github.io/UKBinCollectionData/3.11/1222//#testresult/b16db8f4b87b8567","status":"failed","statusDetails":"ValueError: time data 'December 2023' does not match format '%d %B %Y'","time":{"start":1702054415137,"stop":1702054427564,"duration":12427}},{"uid":"4d9f9ef90c3c9f61","reportUrl":"https://robbrad.github.io/UKBinCollectionData/3.11/1223//#testresult/4d9f9ef90c3c9f61","status":"failed","statusDetails":"selenium.common.exceptions.StaleElementReferenceException: Message: stale element reference: stale element not found\n  (Session info: headless chrome=119.0.6045.199); For documentation on this error, please visit: https://www.selenium.dev/documentation/webdriver/troubleshooting/errors#stale-element-reference-exception\nStacktrace:\n#0 0x5634148445e3 <unknown>\n#1 0x5634145070b7 <unknown>\n#2 0x56341450d2b5 <unknown>\n#3 0x56341450f5c6 <unknown>\n#4 0x56341450f6fc <unknown>\n#5 0x563414559492 <unknown>\n#6 0x563414549b64 <unknown>\n#7 0x56341457bef2 <unknown>\n#8 0x563414548a02 <unknown>\n#9 0x56341457c0be <unknown>\n#10 0x563414597b3d <unknown>\n#11 0x56341457bcc3 <unknown>\n#12 0x5634145470e4 <unknown>\n#13 0x5634145480ae <unknown>\n#14 0x56341480ace1 <unknown>\n#15 0x56341480eb7e <unknown>\n#16 0x5634147f84b5 <unknown>\n#17 0x56341480f7d6 <unknown>\n#18 0x5634147dbdbf <unknown>\n#19 0x563414832748 <unknown>\n#20 0x563414832917 <unknown>\n#21 0x563414843773 <unknown>\n#22 0x7f40b7694ac3 <unknown>","time":{"start":1702054436549,"stop":1702054444061,"duration":7512}},{"uid":"d265a53db000176c","reportUrl":"https://robbrad.github.io/UKBinCollectionData/3.11/1219//#testresult/d265a53db000176c","status":"failed","statusDetails":"selenium.common.exceptions.StaleElementReferenceException: Message: stale element reference: stale element not found\n  (Session info: headless chrome=119.0.6045.159); For documentation on this error, please visit: https://www.selenium.dev/documentation/webdriver/troubleshooting/errors#stale-element-reference-exception\nStacktrace:\n#0 0x55b51747b5e3 <unknown>\n#1 0x55b51713e0b7 <unknown>\n#2 0x55b5171442b5 <unknown>\n#3 0x55b5171465c6 <unknown>\n#4 0x55b5171466fc <unknown>\n#5 0x55b51718e013 <unknown>\n#6 0x55b517180021 <unknown>\n#7 0x55b5171b2ef2 <unknown>\n#8 0x55b51717fa02 <unknown>\n#9 0x55b5171b30be <unknown>\n#10 0x55b5171ceb3d <unknown>\n#11 0x55b5171b2cc3 <unknown>\n#12 0x55b51717e0e4 <unknown>\n#13 0x55b51717f0ae <unknown>\n#14 0x55b517441ce1 <unknown>\n#15 0x55b517445b7e <unknown>\n#16 0x55b51742f4b5 <unknown>\n#17 0x55b5174467d6 <unknown>\n#18 0x55b517412dbf <unknown>\n#19 0x55b517469748 <unknown>\n#20 0x55b517469917 <unknown>\n#21 0x55b51747a773 <unknown>\n#22 0x7f8e8fa94ac3 <unknown>","time":{"start":1701998436231,"stop":1701998446210,"duration":9979}},{"uid":"f35127b6586492f8","reportUrl":"https://robbrad.github.io/UKBinCollectionData/3.11/1218//#testresult/f35127b6586492f8","status":"failed","statusDetails":"ValueError: time data 'December 2023' does not match format '%d %B %Y'","time":{"start":1701990420728,"stop":1701990432092,"duration":11364}},{"uid":"ec8b43e44957aec2","reportUrl":"https://robbrad.github.io/UKBinCollectionData/3.11/1217//#testresult/ec8b43e44957aec2","status":"failed","statusDetails":"ValueError: time data 'December 2023' does not match format '%d %B %Y'","time":{"start":1701990380018,"stop":1701990389103,"duration":9085}},{"uid":"56fc9d6e028e5df4","reportUrl":"https://robbrad.github.io/UKBinCollectionData/3.11/1215//#testresult/56fc9d6e028e5df4","status":"failed","statusDetails":"ValueError: time data 'December 2023' does not match format '%d %B %Y'","time":{"start":1701942828172,"stop":1701942841443,"duration":13271}},{"uid":"a811033d9842c52e","reportUrl":"https://robbrad.github.io/UKBinCollectionData/3.11/1214//#testresult/a811033d9842c52e","status":"failed","statusDetails":"ValueError: time data 'December 2023' does not match format '%d %B %Y'","time":{"start":1701936578247,"stop":1701936587950,"duration":9703}},{"uid":"ce428118f7ea1985","reportUrl":"https://robbrad.github.io/UKBinCollectionData/3.11/1213//#testresult/ce428118f7ea1985","status":"failed","statusDetails":"ValueError: time data 'December 2023' does not match format '%d %B %Y'","time":{"start":1701936533460,"stop":1701936542633,"duration":9173}},{"uid":"791d69380b79a832","reportUrl":"https://robbrad.github.io/UKBinCollectionData/3.11/1211//#testresult/791d69380b79a832","status":"failed","statusDetails":"ValueError: time data 'December 2023' does not match format '%d %B %Y'","time":{"start":1701912017547,"stop":1701912031171,"duration":13624}},{"uid":"656eb720baeb3b5d","reportUrl":"https://robbrad.github.io/UKBinCollectionData/3.11/1209//#testresult/656eb720baeb3b5d","status":"failed","statusDetails":"ValueError: time data 'December 2023' does not match format '%d %B %Y'","time":{"start":1701904896761,"stop":1701904907052,"duration":10291}},{"uid":"a625d27b94adcac8","reportUrl":"https://robbrad.github.io/UKBinCollectionData/3.11/1201//#testresult/a625d27b94adcac8","status":"failed","statusDetails":"ValueError: time data 'December 2023' does not match format '%d %B %Y'","time":{"start":1701882576532,"stop":1701882592767,"duration":16235}},{"uid":"aca44f9bbe238e4a","reportUrl":"https://robbrad.github.io/UKBinCollectionData/3.11/1202//#testresult/aca44f9bbe238e4a","status":"failed","statusDetails":"ValueError: time data 'December 2023' does not match format '%d %B %Y'","time":{"start":1701882589436,"stop":1701882601828,"duration":12392}}]},"tags":[]},"source":"58080ad7bed77c49.json","parameterValues":["NorthWestLeicestershire","local","http://selenium:4444"]}