{"uid":"cb3695247e42123c","name":"Validate Council Output [HaltonBoroughCouncil-http://selenium:4444-local]","fullName":"features/validate_council_outputs.feature:Validate Council Output","historyId":"024cdc84208f8db1df6dcbc8ace9ec6e","time":{"start":1704710177283,"stop":1704710187324,"duration":10041},"status":"failed","statusMessage":"jsonschema.exceptions.ValidationError: [] is too short\n\nFailed validating 'minItems' in schema['properties']['bins']:\n    {'items': {'$ref': '#/definitions/Bin'}, 'minItems': 1, 'type': 'array'}\n\nOn instance['bins']:\n    []","statusTrace":"fixturefunc = <function validate_output_step at 0x7f32dce63c70>\nrequest = <FixtureRequest for <Function test_scenario_outline[HaltonBoroughCouncil-http://selenium:4444-local]>>\nkwargs = {'context': <test_validate_council.context.<locals>.Context object at 0x7f32ebb07fd0>}\n\n    def call_fixture_func(\n        fixturefunc: \"_FixtureFunc[FixtureValue]\", request: FixtureRequest, kwargs\n    ) -> FixtureValue:\n        if is_generator(fixturefunc):\n            fixturefunc = cast(\n                Callable[..., Generator[FixtureValue, None, None]], fixturefunc\n            )\n            generator = fixturefunc(**kwargs)\n            try:\n                fixture_result = next(generator)\n            except StopIteration:\n                raise ValueError(f\"{request.fixturename} did not yield a value\") from None\n            finalizer = functools.partial(_teardown_yield_fixture, fixturefunc, generator)\n            request.addfinalizer(finalizer)\n        else:\n            fixturefunc = cast(Callable[..., FixtureValue], fixturefunc)\n>           fixture_result = fixturefunc(**kwargs)\n\n../../../.cache/pypoetry/virtualenvs/uk-bin-collection-EwS6Gn8s-py3.10/lib/python3.10/site-packages/_pytest/fixtures.py:902: \n_ _ _ _ _ _ _ _ _ _ _ _ _ _ _ _ _ _ _ _ _ _ _ _ _ _ _ _ _ _ _ _ _ _ _ _ _ _ _ _ \nuk_bin_collection/tests/step_defs/test_validate_council.py:105: in validate_output_step\n    assert file_handler.validate_json_schema(\nuk_bin_collection/tests/step_defs/step_helpers/file_handler.py:32: in validate_json_schema\n    validate(instance=json_data, schema=schema)\n_ _ _ _ _ _ _ _ _ _ _ _ _ _ _ _ _ _ _ _ _ _ _ _ _ _ _ _ _ _ _ _ _ _ _ _ _ _ _ _ \n\ninstance = {'bins': []}\nschema = {'$ref': '#/definitions/BinData', '$schema': 'http://json-schema.org/draft-06/schema#', 'definitions': {'Bin': {'addit...ems': {'$ref': '#/definitions/Bin'}, 'minItems': 1, 'type': 'array'}}, 'required': ['bins'], 'title': 'BinData', ...}}}\ncls = <class 'jsonschema.validators.Draft6Validator'>, args = (), kwargs = {}\nvalidator = Draft6Validator(schema={'$ref': '#/definitions/BinData', '$schema': 'http://json-...ft-06/schema#', 'definitions': {'B...nitions/Bin'}, 'minItems': 1, 'type': 'array'}}, 'required': ['bins'], 'title': 'BinData', ...}}}, format_checker=None)\nerror = <ValidationError: '[] is too short'>\n\n    def validate(instance, schema, cls=None, *args, **kwargs):  # noqa: D417\n        \"\"\"\n        Validate an instance under the given schema.\n    \n            >>> validate([2, 3, 4], {\"maxItems\": 2})\n            Traceback (most recent call last):\n                ...\n            ValidationError: [2, 3, 4] is too long\n    \n        :func:`~jsonschema.validators.validate` will first verify that the\n        provided schema is itself valid, since not doing so can lead to less\n        obvious error messages and fail in less obvious or consistent ways.\n    \n        If you know you have a valid schema already, especially\n        if you intend to validate multiple instances with\n        the same schema, you likely would prefer using the\n        `jsonschema.protocols.Validator.validate` method directly on a\n        specific validator (e.g. ``Draft202012Validator.validate``).\n    \n    \n        Arguments:\n    \n            instance:\n    \n                The instance to validate\n    \n            schema:\n    \n                The schema to validate with\n    \n            cls (jsonschema.protocols.Validator):\n    \n                The class that will be used to validate the instance.\n    \n        If the ``cls`` argument is not provided, two things will happen\n        in accordance with the specification. First, if the schema has a\n        :kw:`$schema` keyword containing a known meta-schema [#]_ then the\n        proper validator will be used. The specification recommends that\n        all schemas contain :kw:`$schema` properties for this reason. If no\n        :kw:`$schema` property is found, the default validator class is the\n        latest released draft.\n    \n        Any other provided positional and keyword arguments will be passed\n        on when instantiating the ``cls``.\n    \n        Raises:\n    \n            `jsonschema.exceptions.ValidationError`:\n    \n                if the instance is invalid\n    \n            `jsonschema.exceptions.SchemaError`:\n    \n                if the schema itself is invalid\n    \n        .. rubric:: Footnotes\n        .. [#] known by a validator registered with\n            `jsonschema.validators.validates`\n        \"\"\"\n        if cls is None:\n            cls = validator_for(schema)\n    \n        cls.check_schema(schema)\n        validator = cls(schema, *args, **kwargs)\n        error = exceptions.best_match(validator.iter_errors(instance))\n        if error is not None:\n>           raise error\nE           jsonschema.exceptions.ValidationError: [] is too short\nE           \nE           Failed validating 'minItems' in schema['properties']['bins']:\nE               {'items': {'$ref': '#/definitions/Bin'}, 'minItems': 1, 'type': 'array'}\nE           \nE           On instance['bins']:\nE               []\n\n../../../.cache/pypoetry/virtualenvs/uk-bin-collection-EwS6Gn8s-py3.10/lib/python3.10/site-packages/jsonschema/validators.py:1306: ValidationError","flaky":false,"newFailed":false,"newBroken":false,"newPassed":false,"retriesCount":0,"retriesStatusChange":false,"beforeStages":[],"testStage":{"status":"failed","statusMessage":"jsonschema.exceptions.ValidationError: [] is too short\n\nFailed validating 'minItems' in schema['properties']['bins']:\n    {'items': {'$ref': '#/definitions/Bin'}, 'minItems': 1, 'type': 'array'}\n\nOn instance['bins']:\n    []","statusTrace":"fixturefunc = <function validate_output_step at 0x7f32dce63c70>\nrequest = <FixtureRequest for <Function test_scenario_outline[HaltonBoroughCouncil-http://selenium:4444-local]>>\nkwargs = {'context': <test_validate_council.context.<locals>.Context object at 0x7f32ebb07fd0>}\n\n    def call_fixture_func(\n        fixturefunc: \"_FixtureFunc[FixtureValue]\", request: FixtureRequest, kwargs\n    ) -> FixtureValue:\n        if is_generator(fixturefunc):\n            fixturefunc = cast(\n                Callable[..., Generator[FixtureValue, None, None]], fixturefunc\n            )\n            generator = fixturefunc(**kwargs)\n            try:\n                fixture_result = next(generator)\n            except StopIteration:\n                raise ValueError(f\"{request.fixturename} did not yield a value\") from None\n            finalizer = functools.partial(_teardown_yield_fixture, fixturefunc, generator)\n            request.addfinalizer(finalizer)\n        else:\n            fixturefunc = cast(Callable[..., FixtureValue], fixturefunc)\n>           fixture_result = fixturefunc(**kwargs)\n\n../../../.cache/pypoetry/virtualenvs/uk-bin-collection-EwS6Gn8s-py3.10/lib/python3.10/site-packages/_pytest/fixtures.py:902: \n_ _ _ _ _ _ _ _ _ _ _ _ _ _ _ _ _ _ _ _ _ _ _ _ _ _ _ _ _ _ _ _ _ _ _ _ _ _ _ _ \nuk_bin_collection/tests/step_defs/test_validate_council.py:105: in validate_output_step\n    assert file_handler.validate_json_schema(\nuk_bin_collection/tests/step_defs/step_helpers/file_handler.py:32: in validate_json_schema\n    validate(instance=json_data, schema=schema)\n_ _ _ _ _ _ _ _ _ _ _ _ _ _ _ _ _ _ _ _ _ _ _ _ _ _ _ _ _ _ _ _ _ _ _ _ _ _ _ _ \n\ninstance = {'bins': []}\nschema = {'$ref': '#/definitions/BinData', '$schema': 'http://json-schema.org/draft-06/schema#', 'definitions': {'Bin': {'addit...ems': {'$ref': '#/definitions/Bin'}, 'minItems': 1, 'type': 'array'}}, 'required': ['bins'], 'title': 'BinData', ...}}}\ncls = <class 'jsonschema.validators.Draft6Validator'>, args = (), kwargs = {}\nvalidator = Draft6Validator(schema={'$ref': '#/definitions/BinData', '$schema': 'http://json-...ft-06/schema#', 'definitions': {'B...nitions/Bin'}, 'minItems': 1, 'type': 'array'}}, 'required': ['bins'], 'title': 'BinData', ...}}}, format_checker=None)\nerror = <ValidationError: '[] is too short'>\n\n    def validate(instance, schema, cls=None, *args, **kwargs):  # noqa: D417\n        \"\"\"\n        Validate an instance under the given schema.\n    \n            >>> validate([2, 3, 4], {\"maxItems\": 2})\n            Traceback (most recent call last):\n                ...\n            ValidationError: [2, 3, 4] is too long\n    \n        :func:`~jsonschema.validators.validate` will first verify that the\n        provided schema is itself valid, since not doing so can lead to less\n        obvious error messages and fail in less obvious or consistent ways.\n    \n        If you know you have a valid schema already, especially\n        if you intend to validate multiple instances with\n        the same schema, you likely would prefer using the\n        `jsonschema.protocols.Validator.validate` method directly on a\n        specific validator (e.g. ``Draft202012Validator.validate``).\n    \n    \n        Arguments:\n    \n            instance:\n    \n                The instance to validate\n    \n            schema:\n    \n                The schema to validate with\n    \n            cls (jsonschema.protocols.Validator):\n    \n                The class that will be used to validate the instance.\n    \n        If the ``cls`` argument is not provided, two things will happen\n        in accordance with the specification. First, if the schema has a\n        :kw:`$schema` keyword containing a known meta-schema [#]_ then the\n        proper validator will be used. The specification recommends that\n        all schemas contain :kw:`$schema` properties for this reason. If no\n        :kw:`$schema` property is found, the default validator class is the\n        latest released draft.\n    \n        Any other provided positional and keyword arguments will be passed\n        on when instantiating the ``cls``.\n    \n        Raises:\n    \n            `jsonschema.exceptions.ValidationError`:\n    \n                if the instance is invalid\n    \n            `jsonschema.exceptions.SchemaError`:\n    \n                if the schema itself is invalid\n    \n        .. rubric:: Footnotes\n        .. [#] known by a validator registered with\n            `jsonschema.validators.validates`\n        \"\"\"\n        if cls is None:\n            cls = validator_for(schema)\n    \n        cls.check_schema(schema)\n        validator = cls(schema, *args, **kwargs)\n        error = exceptions.best_match(validator.iter_errors(instance))\n        if error is not None:\n>           raise error\nE           jsonschema.exceptions.ValidationError: [] is too short\nE           \nE           Failed validating 'minItems' in schema['properties']['bins']:\nE               {'items': {'$ref': '#/definitions/Bin'}, 'minItems': 1, 'type': 'array'}\nE           \nE           On instance['bins']:\nE               []\n\n../../../.cache/pypoetry/virtualenvs/uk-bin-collection-EwS6Gn8s-py3.10/lib/python3.10/site-packages/jsonschema/validators.py:1306: ValidationError","steps":[{"name":"Given the council: HaltonBoroughCouncil","time":{"start":1704710177283,"stop":1704710177284,"duration":1},"status":"passed","steps":[],"attachments":[],"parameters":[],"shouldDisplayMessage":false,"stepsCount":0,"attachmentsCount":0,"hasContent":false,"attachmentStep":false},{"name":"When we scrape the data from HaltonBoroughCouncil using local and the http://selenium:4444 is set","time":{"start":1704710177284,"stop":1704710187322,"duration":10038},"status":"passed","steps":[],"attachments":[],"parameters":[],"shouldDisplayMessage":false,"stepsCount":0,"attachmentsCount":0,"hasContent":false,"attachmentStep":false},{"name":"Then the result is valid json","time":{"start":1704710187322,"stop":1704710187322,"duration":0},"status":"passed","steps":[],"attachments":[],"parameters":[],"shouldDisplayMessage":false,"stepsCount":0,"attachmentsCount":0,"hasContent":false,"attachmentStep":false},{"name":"And the output should validate against the schema","time":{"start":1704710187322,"stop":1704710187324,"duration":2},"status":"failed","statusMessage":"[] is too short\n\nFailed validating 'minItems' in schema['properties']['bins']:\n    {'items': {'$ref': '#/definitions/Bin'}, 'minItems': 1, 'type': 'array'}\n\nOn instance['bins']:\n    []","statusTrace":"jsonschema.exceptions.ValidationError: [] is too short\n\nFailed validating 'minItems' in schema['properties']['bins']:\n    {'items': {'$ref': '#/definitions/Bin'}, 'minItems': 1, 'type': 'array'}\n\nOn instance['bins']:\n    []\n","steps":[],"attachments":[],"parameters":[],"shouldDisplayMessage":true,"stepsCount":0,"attachmentsCount":0,"hasContent":true,"attachmentStep":false}],"attachments":[],"parameters":[],"shouldDisplayMessage":true,"stepsCount":4,"attachmentsCount":0,"hasContent":true,"attachmentStep":false},"afterStages":[],"labels":[{"name":"host","value":"fv-az523-358"},{"name":"thread","value":"2708-MainThread"},{"name":"framework","value":"pytest-bdd"},{"name":"language","value":"cpython3"},{"name":"feature","value":"Test each council output matches expected results"},{"name":"resultFormat","value":"allure2"}],"parameters":[{"name":"council","value":"HaltonBoroughCouncil"},{"name":"selenium_mode","value":"local"},{"name":"selenium_url","value":"http://selenium:4444"}],"links":[],"hidden":false,"retry":false,"extra":{"severity":"normal","retries":[],"categories":[{"name":"Product defects","matchedStatuses":[],"flaky":false}],"history":{"statistic":{"failed":76,"broken":0,"skipped":0,"passed":0,"unknown":0,"total":76},"items":[{"uid":"9cda7b111ecd2521","reportUrl":"https://robbrad.github.io/UKBinCollectionData/3.10/1446//#testresult/9cda7b111ecd2521","status":"failed","statusDetails":"jsonschema.exceptions.ValidationError: [] is too short\n\nFailed validating 'minItems' in schema['properties']['bins']:\n    {'items': {'$ref': '#/definitions/Bin'}, 'minItems': 1, 'type': 'array'}\n\nOn instance['bins']:\n    []","time":{"start":1704709642588,"stop":1704709652476,"duration":9888}},{"uid":"d84f25a6c74a148d","reportUrl":"https://robbrad.github.io/UKBinCollectionData/3.10/1443//#testresult/d84f25a6c74a148d","status":"failed","statusDetails":"jsonschema.exceptions.ValidationError: [] is too short\n\nFailed validating 'minItems' in schema['properties']['bins']:\n    {'items': {'$ref': '#/definitions/Bin'}, 'minItems': 1, 'type': 'array'}\n\nOn instance['bins']:\n    []","time":{"start":1704704166332,"stop":1704704175568,"duration":9236}},{"uid":"9d89a50cf9397499","reportUrl":"https://robbrad.github.io/UKBinCollectionData/3.10/1441//#testresult/9d89a50cf9397499","status":"failed","statusDetails":"jsonschema.exceptions.ValidationError: [] is too short\n\nFailed validating 'minItems' in schema['properties']['bins']:\n    {'items': {'$ref': '#/definitions/Bin'}, 'minItems': 1, 'type': 'array'}\n\nOn instance['bins']:\n    []","time":{"start":1704673741929,"stop":1704673751281,"duration":9352}},{"uid":"f45b56449de355d5","reportUrl":"https://robbrad.github.io/UKBinCollectionData/3.10/1429//#testresult/f45b56449de355d5","status":"failed","statusDetails":"jsonschema.exceptions.ValidationError: [] is too short\n\nFailed validating 'minItems' in schema['properties']['bins']:\n    {'items': {'$ref': '#/definitions/Bin'}, 'minItems': 1, 'type': 'array'}\n\nOn instance['bins']:\n    []","time":{"start":1704626523839,"stop":1704626534486,"duration":10647}},{"uid":"ad2d1c7eb13a19f","reportUrl":"https://robbrad.github.io/UKBinCollectionData/3.10/1426//#testresult/ad2d1c7eb13a19f","status":"failed","statusDetails":"selenium.common.exceptions.ElementClickInterceptedException: Message: element click intercepted: Element is not clickable at point (110, 681)\n  (Session info: chrome-headless-shell=120.0.6099.109)\nStacktrace:\n#0 0x55fbb1f83f83 <unknown>\n#1 0x55fbb1c3ccf7 <unknown>\n#2 0x55fbb1c94d92 <unknown>\n#3 0x55fbb1c927f4 <unknown>\n#4 0x55fbb1c900c1 <unknown>\n#5 0x55fbb1c8e4b9 <unknown>\n#6 0x55fbb1c80313 <unknown>\n#7 0x55fbb1cb60b2 <unknown>\n#8 0x55fbb1c7fb49 <unknown>\n#9 0x55fbb1cb64ce <unknown>\n#10 0x55fbb1cd5006 <unknown>\n#11 0x55fbb1cb5e53 <unknown>\n#12 0x55fbb1c7ddd4 <unknown>\n#13 0x55fbb1c7f1de <unknown>\n#14 0x55fbb1f48531 <unknown>\n#15 0x55fbb1f4c455 <unknown>\n#16 0x55fbb1f34f55 <unknown>\n#17 0x55fbb1f4d0ef <unknown>\n#18 0x55fbb1f1899f <unknown>\n#19 0x55fbb1f71008 <unknown>\n#20 0x55fbb1f711d7 <unknown>\n#21 0x55fbb1f83124 <unknown>\n#22 0x7fc28ea94ac3 <unknown>","time":{"start":1704615520711,"stop":1704615526531,"duration":5820}},{"uid":"5a087b6f54b8bfa4","reportUrl":"https://robbrad.github.io/UKBinCollectionData/3.10/1423//#testresult/5a087b6f54b8bfa4","status":"failed","statusDetails":"selenium.common.exceptions.ElementClickInterceptedException: Message: element click intercepted: Element is not clickable at point (110, 683)\n  (Session info: chrome-headless-shell=120.0.6099.109)\nStacktrace:\n#0 0x55a39757ff83 <unknown>\n#1 0x55a397238cf7 <unknown>\n#2 0x55a397290d92 <unknown>\n#3 0x55a39728e7f4 <unknown>\n#4 0x55a39728c0c1 <unknown>\n#5 0x55a39728a4b9 <unknown>\n#6 0x55a39727c313 <unknown>\n#7 0x55a3972b20b2 <unknown>\n#8 0x55a39727bb49 <unknown>\n#9 0x55a3972b24ce <unknown>\n#10 0x55a3972d1006 <unknown>\n#11 0x55a3972b1e53 <unknown>\n#12 0x55a397279dd4 <unknown>\n#13 0x55a39727b1de <unknown>\n#14 0x55a397544531 <unknown>\n#15 0x55a397548455 <unknown>\n#16 0x55a397530f55 <unknown>\n#17 0x55a3975490ef <unknown>\n#18 0x55a39751499f <unknown>\n#19 0x55a39756d008 <unknown>\n#20 0x55a39756d1d7 <unknown>\n#21 0x55a39757f124 <unknown>\n#22 0x7fbdd5e94ac3 <unknown>","time":{"start":1704614847583,"stop":1704614852352,"duration":4769}},{"uid":"c84b1b648bb4c064","reportUrl":"https://robbrad.github.io/UKBinCollectionData/3.10/1421//#testresult/c84b1b648bb4c064","status":"failed","statusDetails":"selenium.common.exceptions.ElementClickInterceptedException: Message: element click intercepted: Element <input type=\"submit\" name=\"ctl00$ContentPlaceHolder1$btnSearch\" value=\"Search\" onclick=\"javascript:WebForm_DoPostBackWithOptions(new WebForm_PostBackOptions(&quot;ctl00$ContentPlaceHolder1$btnSearch&quot;, &quot;&quot;, true, &quot;&quot;, &quot;&quot;, false, false))\" id=\"ContentPlaceHolder1_btnSearch\"> is not clickable at point (549, 688). Other element would receive the click: <div style=\"width: 100%; height: 100%; position: fixed; top: 0px; left: 0px; z-index: 2000000000; background-color: rgb(255, 255, 255); opacity: 0.05;\"></div>\n  (Session info: chrome=120.0.6099.109)\nStacktrace:\n#0 0x55972ad67f83 <unknown>\n#1 0x55972aa20cf7 <unknown>\n#2 0x55972aa78d92 <unknown>\n#3 0x55972aa767f4 <unknown>\n#4 0x55972aa73894 <unknown>\n#5 0x55972aa724b9 <unknown>\n#6 0x55972aa64313 <unknown>\n#7 0x55972aa9a0b2 <unknown>\n#8 0x55972aa63b49 <unknown>\n#9 0x55972aa9a4ce <unknown>\n#10 0x55972aab9006 <unknown>\n#11 0x55972aa99e53 <unknown>\n#12 0x55972aa61dd4 <unknown>\n#13 0x55972aa631de <unknown>\n#14 0x55972ad2c531 <unknown>\n#15 0x55972ad30455 <unknown>\n#16 0x55972ad18f55 <unknown>\n#17 0x55972ad310ef <unknown>\n#18 0x55972acfc99f <unknown>\n#19 0x55972ad55008 <unknown>\n#20 0x55972ad551d7 <unknown>\n#21 0x55972ad67124 <unknown>\n#22 0x7f4d1d694ac3 <unknown>","time":{"start":1704614229318,"stop":1704614240507,"duration":11189}},{"uid":"8d84aec1b8a30e4d","reportUrl":"https://robbrad.github.io/UKBinCollectionData/3.10/1420//#testresult/8d84aec1b8a30e4d","status":"failed","statusDetails":"selenium.common.exceptions.ElementClickInterceptedException: Message: element click intercepted: Element is not clickable at point (110, 681)\n  (Session info: chrome-headless-shell=120.0.6099.109)\nStacktrace:\n#0 0x55e722857f83 <unknown>\n#1 0x55e722510cf7 <unknown>\n#2 0x55e722568d92 <unknown>\n#3 0x55e7225667f4 <unknown>\n#4 0x55e7225640c1 <unknown>\n#5 0x55e7225624b9 <unknown>\n#6 0x55e722554313 <unknown>\n#7 0x55e72258a0b2 <unknown>\n#8 0x55e722553b49 <unknown>\n#9 0x55e72258a4ce <unknown>\n#10 0x55e7225a9006 <unknown>\n#11 0x55e722589e53 <unknown>\n#12 0x55e722551dd4 <unknown>\n#13 0x55e7225531de <unknown>\n#14 0x55e72281c531 <unknown>\n#15 0x55e722820455 <unknown>\n#16 0x55e722808f55 <unknown>\n#17 0x55e7228210ef <unknown>\n#18 0x55e7227ec99f <unknown>\n#19 0x55e722845008 <unknown>\n#20 0x55e7228451d7 <unknown>\n#21 0x55e722857124 <unknown>\n#22 0x7f0b19494ac3 <unknown>","time":{"start":1704587540877,"stop":1704587546618,"duration":5741}},{"uid":"94d5a8d3eb54a428","reportUrl":"https://robbrad.github.io/UKBinCollectionData/3.10/1413//#testresult/94d5a8d3eb54a428","status":"failed","statusDetails":"selenium.common.exceptions.ElementClickInterceptedException: Message: element click intercepted: Element is not clickable at point (110, 681)\n  (Session info: chrome-headless-shell=120.0.6099.109)\nStacktrace:\n#0 0x563f5262bf83 <unknown>\n#1 0x563f522e4cf7 <unknown>\n#2 0x563f5233cd92 <unknown>\n#3 0x563f5233a7f4 <unknown>\n#4 0x563f523380c1 <unknown>\n#5 0x563f523364b9 <unknown>\n#6 0x563f52328313 <unknown>\n#7 0x563f5235e0b2 <unknown>\n#8 0x563f52327b49 <unknown>\n#9 0x563f5235e4ce <unknown>\n#10 0x563f5237d006 <unknown>\n#11 0x563f5235de53 <unknown>\n#12 0x563f52325dd4 <unknown>\n#13 0x563f523271de <unknown>\n#14 0x563f525f0531 <unknown>\n#15 0x563f525f4455 <unknown>\n#16 0x563f525dcf55 <unknown>\n#17 0x563f525f50ef <unknown>\n#18 0x563f525c099f <unknown>\n#19 0x563f52619008 <unknown>\n#20 0x563f526191d7 <unknown>\n#21 0x563f5262b124 <unknown>\n#22 0x7fd3f7094ac3 <unknown>","time":{"start":1704542818348,"stop":1704542824058,"duration":5710}},{"uid":"afe74183e48cae75","reportUrl":"https://robbrad.github.io/UKBinCollectionData/3.10/1408//#testresult/afe74183e48cae75","status":"failed","statusDetails":"selenium.common.exceptions.ElementClickInterceptedException: Message: element click intercepted: Element is not clickable at point (110, 681)\n  (Session info: chrome-headless-shell=120.0.6099.109)\nStacktrace:\n#0 0x565041e2ef83 <unknown>\n#1 0x565041ae7cf7 <unknown>\n#2 0x565041b3fd92 <unknown>\n#3 0x565041b3d7f4 <unknown>\n#4 0x565041b3b0c1 <unknown>\n#5 0x565041b394b9 <unknown>\n#6 0x565041b2b313 <unknown>\n#7 0x565041b610b2 <unknown>\n#8 0x565041b2ab49 <unknown>\n#9 0x565041b614ce <unknown>\n#10 0x565041b80006 <unknown>\n#11 0x565041b60e53 <unknown>\n#12 0x565041b28dd4 <unknown>\n#13 0x565041b2a1de <unknown>\n#14 0x565041df3531 <unknown>\n#15 0x565041df7455 <unknown>\n#16 0x565041ddff55 <unknown>\n#17 0x565041df80ef <unknown>\n#18 0x565041dc399f <unknown>\n#19 0x565041e1c008 <unknown>\n#20 0x565041e1c1d7 <unknown>\n#21 0x565041e2e124 <unknown>\n#22 0x7f49bc294ac3 <unknown>","time":{"start":1704496261556,"stop":1704496267472,"duration":5916}},{"uid":"5c937bd0ddec3c14","reportUrl":"https://robbrad.github.io/UKBinCollectionData/3.10/1406//#testresult/5c937bd0ddec3c14","status":"failed","statusDetails":"selenium.common.exceptions.ElementClickInterceptedException: Message: element click intercepted: Element is not clickable at point (110, 683)\n  (Session info: chrome-headless-shell=120.0.6099.109)\nStacktrace:\n#0 0x55c1dcc13f83 <unknown>\n#1 0x55c1dc8cccf7 <unknown>\n#2 0x55c1dc924d92 <unknown>\n#3 0x55c1dc9227f4 <unknown>\n#4 0x55c1dc9200c1 <unknown>\n#5 0x55c1dc91e4b9 <unknown>\n#6 0x55c1dc910313 <unknown>\n#7 0x55c1dc9460b2 <unknown>\n#8 0x55c1dc90fb49 <unknown>\n#9 0x55c1dc9464ce <unknown>\n#10 0x55c1dc965006 <unknown>\n#11 0x55c1dc945e53 <unknown>\n#12 0x55c1dc90ddd4 <unknown>\n#13 0x55c1dc90f1de <unknown>\n#14 0x55c1dcbd8531 <unknown>\n#15 0x55c1dcbdc455 <unknown>\n#16 0x55c1dcbc4f55 <unknown>\n#17 0x55c1dcbdd0ef <unknown>\n#18 0x55c1dcba899f <unknown>\n#19 0x55c1dcc01008 <unknown>\n#20 0x55c1dcc011d7 <unknown>\n#21 0x55c1dcc13124 <unknown>\n#22 0x7f4b71094ac3 <unknown>","time":{"start":1704453740385,"stop":1704453746276,"duration":5891}},{"uid":"552ed0c1f1cc1fa1","reportUrl":"https://robbrad.github.io/UKBinCollectionData/3.10/1407//#testresult/552ed0c1f1cc1fa1","status":"failed","statusDetails":"selenium.common.exceptions.ElementClickInterceptedException: Message: element click intercepted: Element is not clickable at point (110, 681)\n  (Session info: chrome-headless-shell=120.0.6099.109)\nStacktrace:\n#0 0x5643d3456f83 <unknown>\n#1 0x5643d310fcf7 <unknown>\n#2 0x5643d3167d92 <unknown>\n#3 0x5643d31657f4 <unknown>\n#4 0x5643d31630c1 <unknown>\n#5 0x5643d31614b9 <unknown>\n#6 0x5643d3153313 <unknown>\n#7 0x5643d31890b2 <unknown>\n#8 0x5643d3152b49 <unknown>\n#9 0x5643d31894ce <unknown>\n#10 0x5643d31a8006 <unknown>\n#11 0x5643d3188e53 <unknown>\n#12 0x5643d3150dd4 <unknown>\n#13 0x5643d31521de <unknown>\n#14 0x5643d341b531 <unknown>\n#15 0x5643d341f455 <unknown>\n#16 0x5643d3407f55 <unknown>\n#17 0x5643d34200ef <unknown>\n#18 0x5643d33eb99f <unknown>\n#19 0x5643d3444008 <unknown>\n#20 0x5643d34441d7 <unknown>\n#21 0x5643d3456124 <unknown>\n#22 0x7f9f82694ac3 <unknown>","time":{"start":1704453452295,"stop":1704453456996,"duration":4701}},{"uid":"674dbe9f7e2b47ec","reportUrl":"https://robbrad.github.io/UKBinCollectionData/3.10/1405//#testresult/674dbe9f7e2b47ec","status":"failed","statusDetails":"selenium.common.exceptions.ElementClickInterceptedException: Message: element click intercepted: Element is not clickable at point (110, 681)\n  (Session info: chrome-headless-shell=120.0.6099.109)\nStacktrace:\n#0 0x5637bb73ff83 <unknown>\n#1 0x5637bb3f8cf7 <unknown>\n#2 0x5637bb450d92 <unknown>\n#3 0x5637bb44e7f4 <unknown>\n#4 0x5637bb44c0c1 <unknown>\n#5 0x5637bb44a4b9 <unknown>\n#6 0x5637bb43c313 <unknown>\n#7 0x5637bb4720b2 <unknown>\n#8 0x5637bb43bb49 <unknown>\n#9 0x5637bb4724ce <unknown>\n#10 0x5637bb491006 <unknown>\n#11 0x5637bb471e53 <unknown>\n#12 0x5637bb439dd4 <unknown>\n#13 0x5637bb43b1de <unknown>\n#14 0x5637bb704531 <unknown>\n#15 0x5637bb708455 <unknown>\n#16 0x5637bb6f0f55 <unknown>\n#17 0x5637bb7090ef <unknown>\n#18 0x5637bb6d499f <unknown>\n#19 0x5637bb72d008 <unknown>\n#20 0x5637bb72d1d7 <unknown>\n#21 0x5637bb73f124 <unknown>\n#22 0x7f4c22a94ac3 <unknown>","time":{"start":1704452695548,"stop":1704452700850,"duration":5302}},{"uid":"2ec9490b9a7e92d2","reportUrl":"https://robbrad.github.io/UKBinCollectionData/3.10/1400//#testresult/2ec9490b9a7e92d2","status":"failed","statusDetails":"selenium.common.exceptions.ElementClickInterceptedException: Message: element click intercepted: Element is not clickable at point (110, 681)\n  (Session info: chrome-headless-shell=120.0.6099.109)\nStacktrace:\n#0 0x563138d86f83 <unknown>\n#1 0x563138a3fcf7 <unknown>\n#2 0x563138a97d92 <unknown>\n#3 0x563138a957f4 <unknown>\n#4 0x563138a930c1 <unknown>\n#5 0x563138a914b9 <unknown>\n#6 0x563138a83313 <unknown>\n#7 0x563138ab90b2 <unknown>\n#8 0x563138a82b49 <unknown>\n#9 0x563138ab94ce <unknown>\n#10 0x563138ad8006 <unknown>\n#11 0x563138ab8e53 <unknown>\n#12 0x563138a80dd4 <unknown>\n#13 0x563138a821de <unknown>\n#14 0x563138d4b531 <unknown>\n#15 0x563138d4f455 <unknown>\n#16 0x563138d37f55 <unknown>\n#17 0x563138d500ef <unknown>\n#18 0x563138d1b99f <unknown>\n#19 0x563138d74008 <unknown>\n#20 0x563138d741d7 <unknown>\n#21 0x563138d86124 <unknown>\n#22 0x7ffa01e94ac3 <unknown>","time":{"start":1704443769908,"stop":1704443774761,"duration":4853}},{"uid":"f0424b6341b8087c","reportUrl":"https://robbrad.github.io/UKBinCollectionData/3.10/1399//#testresult/f0424b6341b8087c","status":"failed","statusDetails":"selenium.common.exceptions.ElementClickInterceptedException: Message: element click intercepted: Element is not clickable at point (110, 681)\n  (Session info: chrome-headless-shell=120.0.6099.109)\nStacktrace:\n#0 0x56376033cf83 <unknown>\n#1 0x56375fff5cf7 <unknown>\n#2 0x56376004dd92 <unknown>\n#3 0x56376004b7f4 <unknown>\n#4 0x5637600490c1 <unknown>\n#5 0x5637600474b9 <unknown>\n#6 0x563760039313 <unknown>\n#7 0x56376006f0b2 <unknown>\n#8 0x563760038b49 <unknown>\n#9 0x56376006f4ce <unknown>\n#10 0x56376008e006 <unknown>\n#11 0x56376006ee53 <unknown>\n#12 0x563760036dd4 <unknown>\n#13 0x5637600381de <unknown>\n#14 0x563760301531 <unknown>\n#15 0x563760305455 <unknown>\n#16 0x5637602edf55 <unknown>\n#17 0x5637603060ef <unknown>\n#18 0x5637602d199f <unknown>\n#19 0x56376032a008 <unknown>\n#20 0x56376032a1d7 <unknown>\n#21 0x56376033c124 <unknown>\n#22 0x7fb043094ac3 <unknown>","time":{"start":1704443369165,"stop":1704443374441,"duration":5276}},{"uid":"f152f0526291a831","reportUrl":"https://robbrad.github.io/UKBinCollectionData/3.10/1397//#testresult/f152f0526291a831","status":"failed","statusDetails":"selenium.common.exceptions.ElementClickInterceptedException: Message: element click intercepted: Element is not clickable at point (110, 683)\n  (Session info: chrome-headless-shell=120.0.6099.109)\nStacktrace:\n#0 0x564c893b1f83 <unknown>\n#1 0x564c8906acf7 <unknown>\n#2 0x564c890c2d92 <unknown>\n#3 0x564c890c07f4 <unknown>\n#4 0x564c890be0c1 <unknown>\n#5 0x564c890bc4b9 <unknown>\n#6 0x564c890ae313 <unknown>\n#7 0x564c890e40b2 <unknown>\n#8 0x564c890adb49 <unknown>\n#9 0x564c890e44ce <unknown>\n#10 0x564c89103006 <unknown>\n#11 0x564c890e3e53 <unknown>\n#12 0x564c890abdd4 <unknown>\n#13 0x564c890ad1de <unknown>\n#14 0x564c89376531 <unknown>\n#15 0x564c8937a455 <unknown>\n#16 0x564c89362f55 <unknown>\n#17 0x564c8937b0ef <unknown>\n#18 0x564c8934699f <unknown>\n#19 0x564c8939f008 <unknown>\n#20 0x564c8939f1d7 <unknown>\n#21 0x564c893b1124 <unknown>\n#22 0x7f4c83a94ac3 <unknown>","time":{"start":1704442504323,"stop":1704442509227,"duration":4904}},{"uid":"39bf870a9ae08427","reportUrl":"https://robbrad.github.io/UKBinCollectionData/3.10/1390//#testresult/39bf870a9ae08427","status":"failed","statusDetails":"selenium.common.exceptions.ElementClickInterceptedException: Message: element click intercepted: Element is not clickable at point (110, 681)\n  (Session info: chrome-headless-shell=120.0.6099.109)\nStacktrace:\n#0 0x558430b22f83 <unknown>\n#1 0x5584307dbcf7 <unknown>\n#2 0x558430833d92 <unknown>\n#3 0x5584308317f4 <unknown>\n#4 0x55843082f0c1 <unknown>\n#5 0x55843082d4b9 <unknown>\n#6 0x55843081f313 <unknown>\n#7 0x5584308550b2 <unknown>\n#8 0x55843081eb49 <unknown>\n#9 0x5584308554ce <unknown>\n#10 0x558430874006 <unknown>\n#11 0x558430854e53 <unknown>\n#12 0x55843081cdd4 <unknown>\n#13 0x55843081e1de <unknown>\n#14 0x558430ae7531 <unknown>\n#15 0x558430aeb455 <unknown>\n#16 0x558430ad3f55 <unknown>\n#17 0x558430aec0ef <unknown>\n#18 0x558430ab799f <unknown>\n#19 0x558430b10008 <unknown>\n#20 0x558430b101d7 <unknown>\n#21 0x558430b22124 <unknown>\n#22 0x7f7c58094ac3 <unknown>","time":{"start":1704417561596,"stop":1704417566382,"duration":4786}},{"uid":"9effcb0837f21bdb","reportUrl":"https://robbrad.github.io/UKBinCollectionData/3.10/1379//#testresult/9effcb0837f21bdb","status":"failed","statusDetails":"selenium.common.exceptions.ElementClickInterceptedException: Message: element click intercepted: Element is not clickable at point (110, 683)\n  (Session info: chrome-headless-shell=120.0.6099.109)\nStacktrace:\n#0 0x564e33015f83 <unknown>\n#1 0x564e32ccecf7 <unknown>\n#2 0x564e32d26d92 <unknown>\n#3 0x564e32d247f4 <unknown>\n#4 0x564e32d220c1 <unknown>\n#5 0x564e32d204b9 <unknown>\n#6 0x564e32d12313 <unknown>\n#7 0x564e32d480b2 <unknown>\n#8 0x564e32d11b49 <unknown>\n#9 0x564e32d484ce <unknown>\n#10 0x564e32d67006 <unknown>\n#11 0x564e32d47e53 <unknown>\n#12 0x564e32d0fdd4 <unknown>\n#13 0x564e32d111de <unknown>\n#14 0x564e32fda531 <unknown>\n#15 0x564e32fde455 <unknown>\n#16 0x564e32fc6f55 <unknown>\n#17 0x564e32fdf0ef <unknown>\n#18 0x564e32faa99f <unknown>\n#19 0x564e33003008 <unknown>\n#20 0x564e330031d7 <unknown>\n#21 0x564e33015124 <unknown>\n#22 0x7f52e4094ac3 <unknown>","time":{"start":1704406092779,"stop":1704406098978,"duration":6199}},{"uid":"7643f99bbf6363e4","reportUrl":"https://robbrad.github.io/UKBinCollectionData/3.10/1378//#testresult/7643f99bbf6363e4","status":"failed","statusDetails":"selenium.common.exceptions.ElementClickInterceptedException: Message: element click intercepted: Element is not clickable at point (110, 681)\n  (Session info: chrome-headless-shell=120.0.6099.109)\nStacktrace:\n#0 0x55ba29d01f83 <unknown>\n#1 0x55ba299bacf7 <unknown>\n#2 0x55ba29a12d92 <unknown>\n#3 0x55ba29a107f4 <unknown>\n#4 0x55ba29a0e0c1 <unknown>\n#5 0x55ba29a0c4b9 <unknown>\n#6 0x55ba299fe313 <unknown>\n#7 0x55ba29a340b2 <unknown>\n#8 0x55ba299fdb49 <unknown>\n#9 0x55ba29a344ce <unknown>\n#10 0x55ba29a53006 <unknown>\n#11 0x55ba29a33e53 <unknown>\n#12 0x55ba299fbdd4 <unknown>\n#13 0x55ba299fd1de <unknown>\n#14 0x55ba29cc6531 <unknown>\n#15 0x55ba29cca455 <unknown>\n#16 0x55ba29cb2f55 <unknown>\n#17 0x55ba29ccb0ef <unknown>\n#18 0x55ba29c9699f <unknown>\n#19 0x55ba29cef008 <unknown>\n#20 0x55ba29cef1d7 <unknown>\n#21 0x55ba29d01124 <unknown>\n#22 0x7f2178e94ac3 <unknown>","time":{"start":1704406005553,"stop":1704406010458,"duration":4905}},{"uid":"f686a1016aedfbc4","reportUrl":"https://robbrad.github.io/UKBinCollectionData/3.10/1376//#testresult/f686a1016aedfbc4","status":"failed","statusDetails":"selenium.common.exceptions.ElementClickInterceptedException: Message: element click intercepted: Element is not clickable at point (110, 681)\n  (Session info: chrome-headless-shell=120.0.6099.109)\nStacktrace:\n#0 0x5625b095bf83 <unknown>\n#1 0x5625b0614cf7 <unknown>\n#2 0x5625b066cd92 <unknown>\n#3 0x5625b066a7f4 <unknown>\n#4 0x5625b06680c1 <unknown>\n#5 0x5625b06664b9 <unknown>\n#6 0x5625b0658313 <unknown>\n#7 0x5625b068e0b2 <unknown>\n#8 0x5625b0657b49 <unknown>\n#9 0x5625b068e4ce <unknown>\n#10 0x5625b06ad006 <unknown>\n#11 0x5625b068de53 <unknown>\n#12 0x5625b0655dd4 <unknown>\n#13 0x5625b06571de <unknown>\n#14 0x5625b0920531 <unknown>\n#15 0x5625b0924455 <unknown>\n#16 0x5625b090cf55 <unknown>\n#17 0x5625b09250ef <unknown>\n#18 0x5625b08f099f <unknown>\n#19 0x5625b0949008 <unknown>\n#20 0x5625b09491d7 <unknown>\n#21 0x5625b095b124 <unknown>\n#22 0x7fda2ce94ac3 <unknown>","time":{"start":1704398892779,"stop":1704398897877,"duration":5098}}]},"tags":[]},"source":"cb3695247e42123c.json","parameterValues":["HaltonBoroughCouncil","local","http://selenium:4444"]}