{"uid":"4a3048c8a562dce7","name":"Validate Council Output [WestSuffolkCouncil-http://selenium:4444-local]","fullName":"features/validate_council_outputs.feature:Validate Council Output","historyId":"446a4369fb450b9e3ee2f74bbf8ed65b","time":{"start":1705295196452,"stop":1705295196455,"duration":3},"status":"failed","statusMessage":"TypeError: create_webdriver() missing 1 required positional argument: 'user_agent'","statusTrace":"fixturefunc = <function scrape_step at 0x7fbb57483010>\nrequest = <FixtureRequest for <Function test_scenario_outline[WestSuffolkCouncil-http://selenium:4444-local]>>\nkwargs = {'context': <test_validate_council.context.<locals>.Context object at 0x7fbb565e66e0>, 'council': 'WestSuffolkCouncil', 'selenium_mode': 'local', 'selenium_url': 'http://selenium:4444'}\n\n    def call_fixture_func(\n        fixturefunc: \"_FixtureFunc[FixtureValue]\", request: FixtureRequest, kwargs\n    ) -> FixtureValue:\n        if is_generator(fixturefunc):\n            fixturefunc = cast(\n                Callable[..., Generator[FixtureValue, None, None]], fixturefunc\n            )\n            generator = fixturefunc(**kwargs)\n            try:\n                fixture_result = next(generator)\n            except StopIteration:\n                raise ValueError(f\"{request.fixturename} did not yield a value\") from None\n            finalizer = functools.partial(_teardown_yield_fixture, fixturefunc, generator)\n            request.addfinalizer(finalizer)\n        else:\n            fixturefunc = cast(Callable[..., FixtureValue], fixturefunc)\n>           fixture_result = fixturefunc(**kwargs)\n\n../../../.cache/pypoetry/virtualenvs/uk-bin-collection-EwS6Gn8s-py3.10/lib/python3.10/site-packages/_pytest/fixtures.py:902: \n_ _ _ _ _ _ _ _ _ _ _ _ _ _ _ _ _ _ _ _ _ _ _ _ _ _ _ _ _ _ _ _ _ _ _ _ _ _ _ _ \nuk_bin_collection/tests/step_defs/test_validate_council.py:92: in scrape_step\n    context.parse_result = CollectData.run()\nuk_bin_collection/uk_bin_collection/collect_data.py:96: in run\n    return self.client_code(\nuk_bin_collection/uk_bin_collection/collect_data.py:115: in client_code\n    return get_bin_data_class.template_method(address_url, **kwargs)\nuk_bin_collection/uk_bin_collection/get_bin_data.py:78: in template_method\n    bin_data_dict = self.parse_data(\n_ _ _ _ _ _ _ _ _ _ _ _ _ _ _ _ _ _ _ _ _ _ _ _ _ _ _ _ _ _ _ _ _ _ _ _ _ _ _ _ \n\nself = <WestSuffolkCouncil.CouncilClass object at 0x7fbb564b2410>\npage = 'https://westsuffolk-self.achieveservice.com/service/WSS_EX_Inf_Bin_Collection_Postcode_Lookup'\nkwargs = {'headless': True, 'paon': '1 The Drift', 'postcode': 'IP28 6DR', 'uprn': None, ...}\ndriver = None, web_driver = None, headless = True, user_postcode = 'IP28 6DR'\nuser_paon = '1 The Drift'\n\n    def parse_data(self, page: str, **kwargs) -> dict:\n        driver = None\n        try:\n            web_driver = kwargs.get(\"web_driver\")\n            headless = kwargs.get(\"headless\")\n            page = \"https://westsuffolk-self.achieveservice.com/service/WSS_EX_Inf_Bin_Collection_Postcode_Lookup\"\n    \n            # Assign user info\n            user_postcode = kwargs.get(\"postcode\")\n            user_paon = kwargs.get(\"paon\")\n    \n            # Create Selenium webdriver\n>           driver = create_webdriver(web_driver, headless)\nE           TypeError: create_webdriver() missing 1 required positional argument: 'user_agent'\n\nuk_bin_collection/uk_bin_collection/councils/WestSuffolkCouncil.py:36: TypeError","flaky":false,"newFailed":false,"newBroken":false,"newPassed":false,"retriesCount":0,"retriesStatusChange":false,"beforeStages":[],"testStage":{"status":"failed","statusMessage":"TypeError: create_webdriver() missing 1 required positional argument: 'user_agent'","statusTrace":"fixturefunc = <function scrape_step at 0x7fbb57483010>\nrequest = <FixtureRequest for <Function test_scenario_outline[WestSuffolkCouncil-http://selenium:4444-local]>>\nkwargs = {'context': <test_validate_council.context.<locals>.Context object at 0x7fbb565e66e0>, 'council': 'WestSuffolkCouncil', 'selenium_mode': 'local', 'selenium_url': 'http://selenium:4444'}\n\n    def call_fixture_func(\n        fixturefunc: \"_FixtureFunc[FixtureValue]\", request: FixtureRequest, kwargs\n    ) -> FixtureValue:\n        if is_generator(fixturefunc):\n            fixturefunc = cast(\n                Callable[..., Generator[FixtureValue, None, None]], fixturefunc\n            )\n            generator = fixturefunc(**kwargs)\n            try:\n                fixture_result = next(generator)\n            except StopIteration:\n                raise ValueError(f\"{request.fixturename} did not yield a value\") from None\n            finalizer = functools.partial(_teardown_yield_fixture, fixturefunc, generator)\n            request.addfinalizer(finalizer)\n        else:\n            fixturefunc = cast(Callable[..., FixtureValue], fixturefunc)\n>           fixture_result = fixturefunc(**kwargs)\n\n../../../.cache/pypoetry/virtualenvs/uk-bin-collection-EwS6Gn8s-py3.10/lib/python3.10/site-packages/_pytest/fixtures.py:902: \n_ _ _ _ _ _ _ _ _ _ _ _ _ _ _ _ _ _ _ _ _ _ _ _ _ _ _ _ _ _ _ _ _ _ _ _ _ _ _ _ \nuk_bin_collection/tests/step_defs/test_validate_council.py:92: in scrape_step\n    context.parse_result = CollectData.run()\nuk_bin_collection/uk_bin_collection/collect_data.py:96: in run\n    return self.client_code(\nuk_bin_collection/uk_bin_collection/collect_data.py:115: in client_code\n    return get_bin_data_class.template_method(address_url, **kwargs)\nuk_bin_collection/uk_bin_collection/get_bin_data.py:78: in template_method\n    bin_data_dict = self.parse_data(\n_ _ _ _ _ _ _ _ _ _ _ _ _ _ _ _ _ _ _ _ _ _ _ _ _ _ _ _ _ _ _ _ _ _ _ _ _ _ _ _ \n\nself = <WestSuffolkCouncil.CouncilClass object at 0x7fbb564b2410>\npage = 'https://westsuffolk-self.achieveservice.com/service/WSS_EX_Inf_Bin_Collection_Postcode_Lookup'\nkwargs = {'headless': True, 'paon': '1 The Drift', 'postcode': 'IP28 6DR', 'uprn': None, ...}\ndriver = None, web_driver = None, headless = True, user_postcode = 'IP28 6DR'\nuser_paon = '1 The Drift'\n\n    def parse_data(self, page: str, **kwargs) -> dict:\n        driver = None\n        try:\n            web_driver = kwargs.get(\"web_driver\")\n            headless = kwargs.get(\"headless\")\n            page = \"https://westsuffolk-self.achieveservice.com/service/WSS_EX_Inf_Bin_Collection_Postcode_Lookup\"\n    \n            # Assign user info\n            user_postcode = kwargs.get(\"postcode\")\n            user_paon = kwargs.get(\"paon\")\n    \n            # Create Selenium webdriver\n>           driver = create_webdriver(web_driver, headless)\nE           TypeError: create_webdriver() missing 1 required positional argument: 'user_agent'\n\nuk_bin_collection/uk_bin_collection/councils/WestSuffolkCouncil.py:36: TypeError","steps":[{"name":"Given the council: WestSuffolkCouncil","time":{"start":1705295196452,"stop":1705295196453,"duration":1},"status":"passed","steps":[],"attachments":[],"parameters":[],"shouldDisplayMessage":false,"stepsCount":0,"attachmentsCount":0,"hasContent":false,"attachmentStep":false},{"name":"When we scrape the data from WestSuffolkCouncil using local and the http://selenium:4444 is set","time":{"start":1705295196453,"stop":1705295196455,"duration":2},"status":"failed","statusMessage":"create_webdriver() missing 1 required positional argument: 'user_agent'","statusTrace":"TypeError: create_webdriver() missing 1 required positional argument: 'user_agent'\n","steps":[],"attachments":[],"parameters":[],"shouldDisplayMessage":true,"stepsCount":0,"attachmentsCount":0,"hasContent":true,"attachmentStep":false}],"attachments":[],"parameters":[],"shouldDisplayMessage":true,"stepsCount":2,"attachmentsCount":0,"hasContent":true,"attachmentStep":false},"afterStages":[],"labels":[{"name":"host","value":"fv-az564-252"},{"name":"thread","value":"2710-MainThread"},{"name":"framework","value":"pytest-bdd"},{"name":"language","value":"cpython3"},{"name":"feature","value":"Test each council output matches expected results"},{"name":"resultFormat","value":"allure2"}],"parameters":[{"name":"council","value":"WestSuffolkCouncil"},{"name":"selenium_mode","value":"local"},{"name":"selenium_url","value":"http://selenium:4444"}],"links":[],"hidden":false,"retry":false,"extra":{"severity":"normal","retries":[],"categories":[{"name":"Product defects","matchedStatuses":[],"flaky":false}],"history":{"statistic":{"failed":126,"broken":0,"skipped":0,"passed":0,"unknown":0,"total":126},"items":[{"uid":"94d5b86b6710a9f5","reportUrl":"https://robbrad.github.io/UKBinCollectionData/3.10/1490//#testresult/94d5b86b6710a9f5","status":"failed","statusDetails":"TypeError: create_webdriver() missing 1 required positional argument: 'user_agent'","time":{"start":1705278618426,"stop":1705278618429,"duration":3}},{"uid":"d7090ff163fff75c","reportUrl":"https://robbrad.github.io/UKBinCollectionData/3.10/1485//#testresult/d7090ff163fff75c","status":"failed","statusDetails":"TypeError: create_webdriver() missing 1 required positional argument: 'user_agent'","time":{"start":1705192271299,"stop":1705192271301,"duration":2}},{"uid":"1d2dfb81b790353b","reportUrl":"https://robbrad.github.io/UKBinCollectionData/3.10/1484//#testresult/1d2dfb81b790353b","status":"failed","statusDetails":"TypeError: create_webdriver() missing 1 required positional argument: 'user_agent'","time":{"start":1705105723256,"stop":1705105723259,"duration":3}},{"uid":"e07a5126ca73f31b","reportUrl":"https://robbrad.github.io/UKBinCollectionData/3.10/1482//#testresult/e07a5126ca73f31b","status":"failed","statusDetails":"TypeError: create_webdriver() missing 1 required positional argument: 'user_agent'","time":{"start":1705019331432,"stop":1705019331434,"duration":2}},{"uid":"5f65c84cd92f77fa","reportUrl":"https://robbrad.github.io/UKBinCollectionData/3.10/1478//#testresult/5f65c84cd92f77fa","status":"failed","statusDetails":"TypeError: create_webdriver() missing 1 required positional argument: 'user_agent'","time":{"start":1704932896541,"stop":1704932896544,"duration":3}},{"uid":"32fbf8f88abe45db","reportUrl":"https://robbrad.github.io/UKBinCollectionData/3.10/1472//#testresult/32fbf8f88abe45db","status":"failed","statusDetails":"TypeError: create_webdriver() missing 1 required positional argument: 'user_agent'","time":{"start":1704846522790,"stop":1704846522792,"duration":2}},{"uid":"6d48819ad3141bf4","reportUrl":"https://robbrad.github.io/UKBinCollectionData/3.10/1456//#testresult/6d48819ad3141bf4","status":"failed","statusDetails":"selenium.common.exceptions.TimeoutException: Message:","time":{"start":1704760286168,"stop":1704760298349,"duration":12181}},{"uid":"ee7bb741162eb09f","reportUrl":"https://robbrad.github.io/UKBinCollectionData/3.10/1452//#testresult/ee7bb741162eb09f","status":"failed","statusDetails":"selenium.common.exceptions.TimeoutException: Message:","time":{"start":1704711661768,"stop":1704711675849,"duration":14081}},{"uid":"5a5832d7df5894af","reportUrl":"https://robbrad.github.io/UKBinCollectionData/3.10/1450//#testresult/5a5832d7df5894af","status":"failed","statusDetails":"selenium.common.exceptions.TimeoutException: Message:","time":{"start":1704710872171,"stop":1704710888028,"duration":15857}},{"uid":"13bec2615bb2f698","reportUrl":"https://robbrad.github.io/UKBinCollectionData/3.10/1448//#testresult/13bec2615bb2f698","status":"failed","statusDetails":"selenium.common.exceptions.TimeoutException: Message:","time":{"start":1704710256401,"stop":1704710267872,"duration":11471}},{"uid":"9d3c744afd718647","reportUrl":"https://robbrad.github.io/UKBinCollectionData/3.10/1446//#testresult/9d3c744afd718647","status":"failed","statusDetails":"selenium.common.exceptions.TimeoutException: Message:","time":{"start":1704709741031,"stop":1704709752263,"duration":11232}},{"uid":"dddd19d0140cc1ea","reportUrl":"https://robbrad.github.io/UKBinCollectionData/3.10/1443//#testresult/dddd19d0140cc1ea","status":"failed","statusDetails":"selenium.common.exceptions.TimeoutException: Message:","time":{"start":1704704262847,"stop":1704704276302,"duration":13455}},{"uid":"3c16c9bddf308724","reportUrl":"https://robbrad.github.io/UKBinCollectionData/3.10/1441//#testresult/3c16c9bddf308724","status":"failed","statusDetails":"selenium.common.exceptions.TimeoutException: Message:","time":{"start":1704673923335,"stop":1704673936155,"duration":12820}},{"uid":"3c386770cb1ddbab","reportUrl":"https://robbrad.github.io/UKBinCollectionData/3.10/1429//#testresult/3c386770cb1ddbab","status":"failed","statusDetails":"selenium.common.exceptions.TimeoutException: Message:","time":{"start":1704626542758,"stop":1704626554767,"duration":12009}},{"uid":"fbdcb30f971decfa","reportUrl":"https://robbrad.github.io/UKBinCollectionData/3.10/1426//#testresult/fbdcb30f971decfa","status":"failed","statusDetails":"selenium.common.exceptions.TimeoutException: Message:","time":{"start":1704615581551,"stop":1704615594720,"duration":13169}},{"uid":"833322b44b93664c","reportUrl":"https://robbrad.github.io/UKBinCollectionData/3.10/1423//#testresult/833322b44b93664c","status":"failed","statusDetails":"selenium.common.exceptions.TimeoutException: Message:","time":{"start":1704614911858,"stop":1704614924648,"duration":12790}},{"uid":"accbd04f836a0a8","reportUrl":"https://robbrad.github.io/UKBinCollectionData/3.10/1421//#testresult/accbd04f836a0a8","status":"failed","statusDetails":"selenium.common.exceptions.TimeoutException: Message:","time":{"start":1704614353211,"stop":1704614365663,"duration":12452}},{"uid":"6ff9e815841e99ac","reportUrl":"https://robbrad.github.io/UKBinCollectionData/3.10/1420//#testresult/6ff9e815841e99ac","status":"failed","statusDetails":"selenium.common.exceptions.TimeoutException: Message:","time":{"start":1704587660189,"stop":1704587674589,"duration":14400}},{"uid":"92f0676c083520ce","reportUrl":"https://robbrad.github.io/UKBinCollectionData/3.10/1413//#testresult/92f0676c083520ce","status":"failed","statusDetails":"selenium.common.exceptions.TimeoutException: Message:","time":{"start":1704542911216,"stop":1704542926798,"duration":15582}},{"uid":"b25a8a7ef79842f3","reportUrl":"https://robbrad.github.io/UKBinCollectionData/3.10/1408//#testresult/b25a8a7ef79842f3","status":"failed","statusDetails":"selenium.common.exceptions.TimeoutException: Message:","time":{"start":1704496394498,"stop":1704496408165,"duration":13667}}]},"tags":[]},"source":"4a3048c8a562dce7.json","parameterValues":["WestSuffolkCouncil","local","http://selenium:4444"]}