{"uid":"834cc6ee3e57cb1f","name":"Validate Council Output [PrestonCityCouncil]","fullName":"features/validate_council_outputs.feature:Validate Council Output","historyId":"adada69a336066ec844ff916b7714101","time":{"start":1725150037116,"stop":1725150347709,"duration":310593},"status":"failed","statusMessage":"selenium.common.exceptions.WebDriverException: Message: Unable to route (DELETE) /session/f801c93259fdff7a0031b30e7072a58f","statusTrace":"self = <PrestonCityCouncil.CouncilClass object at 0x7fd995d7a8d0>\npage = 'https://selfservice.preston.gov.uk/service/Forms/FindMyNearest.aspx?Service=bins'\nkwargs = {'council_module_str': 'PrestonCityCouncil', 'dev_mode': False, 'headless': True, 'local_browser': False, ...}\ndriver = <selenium.webdriver.remote.webdriver.WebDriver (session=\"f801c93259fdff7a0031b30e7072a58f\")>\ndata = {'bins': []}, user_paon = 'Town Hall', user_postcode = 'PR1 2RL'\nweb_driver = 'http://localhost:4444', headless = True\n\n    def parse_data(self, page: str, **kwargs) -> dict:\n        driver = None\n        try:\n            page = \"https://selfservice.preston.gov.uk/service/Forms/FindMyNearest.aspx?Service=bins\"\n    \n            data = {\"bins\": []}\n    \n            user_paon = kwargs.get(\"paon\")\n            user_postcode = kwargs.get(\"postcode\")\n            web_driver = kwargs.get(\"web_driver\")\n            headless = kwargs.get(\"headless\")\n            check_paon(user_paon)\n            check_postcode(user_postcode)\n    \n            # Create Selenium webdriver\n            driver = create_webdriver(web_driver, headless, None, __name__)\n>           driver.get(page)\n\nuk_bin_collection/uk_bin_collection/councils/PrestonCityCouncil.py:39: \n_ _ _ _ _ _ _ _ _ _ _ _ _ _ _ _ _ _ _ _ _ _ _ _ _ _ _ _ _ _ _ _ _ _ _ _ _ _ _ _ \n../../../.cache/pypoetry/virtualenvs/uk-bin-collection-EwS6Gn8s-py3.12/lib/python3.12/site-packages/selenium/webdriver/remote/webdriver.py:363: in get\n    self.execute(Command.GET, {\"url\": url})\n../../../.cache/pypoetry/virtualenvs/uk-bin-collection-EwS6Gn8s-py3.12/lib/python3.12/site-packages/selenium/webdriver/remote/webdriver.py:354: in execute\n    self.error_handler.check_response(response)\n_ _ _ _ _ _ _ _ _ _ _ _ _ _ _ _ _ _ _ _ _ _ _ _ _ _ _ _ _ _ _ _ _ _ _ _ _ _ _ _ \n\nself = <selenium.webdriver.remote.errorhandler.ErrorHandler object at 0x7fd982fab470>\nresponse = {'status': 500, 'value': '{\\n  \"value\": {\\n    \"message\": \"Unable to execute request for an existing session: java.uti...0)\\\\n\\\\tat org.openqa.selenium.grid.router.HandleSession.execute(HandleSession.java:181)\\\\n\\\\t... 20 more\\\\n\"\\n  }\\n}'}\n\n    def check_response(self, response: Dict[str, Any]) -> None:\n        \"\"\"Checks that a JSON response from the WebDriver does not have an\n        error.\n    \n        :Args:\n         - response - The JSON response from the WebDriver server as a dictionary\n           object.\n    \n        :Raises: If the response contains an error message.\n        \"\"\"\n        status = response.get(\"status\", None)\n        if not status or status == ErrorCode.SUCCESS:\n            return\n        value = None\n        message = response.get(\"message\", \"\")\n        screen: str = response.get(\"screen\", \"\")\n        stacktrace = None\n        if isinstance(status, int):\n            value_json = response.get(\"value\", None)\n            if value_json and isinstance(value_json, str):\n                import json\n    \n                try:\n                    value = json.loads(value_json)\n                    if len(value) == 1:\n                        value = value[\"value\"]\n                    status = value.get(\"error\", None)\n                    if not status:\n                        status = value.get(\"status\", ErrorCode.UNKNOWN_ERROR)\n                        message = value.get(\"value\") or value.get(\"message\")\n                        if not isinstance(message, str):\n                            value = message\n                            message = message.get(\"message\")\n                    else:\n                        message = value.get(\"message\", None)\n                except ValueError:\n                    pass\n    \n        exception_class: Type[WebDriverException]\n        e = ErrorCode()\n        error_codes = [item for item in dir(e) if not item.startswith(\"__\")]\n        for error_code in error_codes:\n            error_info = getattr(ErrorCode, error_code)\n            if isinstance(error_info, list) and status in error_info:\n                exception_class = getattr(ExceptionMapping, error_code, WebDriverException)\n                break\n        else:\n            exception_class = WebDriverException\n    \n        if not value:\n            value = response[\"value\"]\n        if isinstance(value, str):\n            raise exception_class(value)\n        if message == \"\" and \"message\" in value:\n            message = value[\"message\"]\n    \n        screen = None  # type: ignore[assignment]\n        if \"screen\" in value:\n            screen = value[\"screen\"]\n    \n        stacktrace = None\n        st_value = value.get(\"stackTrace\") or value.get(\"stacktrace\")\n        if st_value:\n            if isinstance(st_value, str):\n                stacktrace = st_value.split(\"\\n\")\n            else:\n                stacktrace = []\n                try:\n                    for frame in st_value:\n                        line = frame.get(\"lineNumber\", \"\")\n                        file = frame.get(\"fileName\", \"<anonymous>\")\n                        if line:\n                            file = f\"{file}:{line}\"\n                        meth = frame.get(\"methodName\", \"<anonymous>\")\n                        if \"className\" in frame:\n                            meth = f\"{frame['className']}.{meth}\"\n                        msg = \"    at %s (%s)\"\n                        msg = msg % (meth, file)\n                        stacktrace.append(msg)\n                except TypeError:\n                    pass\n        if exception_class == UnexpectedAlertPresentException:\n            alert_text = None\n            if \"data\" in value:\n                alert_text = value[\"data\"].get(\"text\")\n            elif \"alert\" in value:\n                alert_text = value[\"alert\"].get(\"text\")\n            raise exception_class(message, screen, stacktrace, alert_text)  # type: ignore[call-arg]  # mypy is not smart enough here\n>       raise exception_class(message, screen, stacktrace)\nE       selenium.common.exceptions.WebDriverException: Message: Unable to execute request for an existing session: java.util.concurrent.TimeoutException\nE       Build info: version: '4.24.0', revision: '748ffc9bc3'\nE       System info: os.name: 'Linux', os.arch: 'amd64', os.version: '6.5.0-1025-azure', java.version: '17.0.12'\nE       Driver info: driver.version: unknown\nE       Stacktrace:\nE       java.lang.RuntimeException: Unable to execute request for an existing session: java.util.concurrent.TimeoutException\nE       Build info: version: '4.24.0', revision: '748ffc9bc3'\nE       System info: os.name: 'Linux', os.arch: 'amd64', os.version: '6.5.0-1025-azure', java.version: '17.0.12'\nE       Driver info: driver.version: unknown\nE       \tat org.openqa.selenium.grid.router.HandleSession.execute(HandleSession.java:208)\nE       \tat org.openqa.selenium.remote.http.Route$PredicatedRoute.handle(Route.java:397)\nE       \tat org.openqa.selenium.remote.http.Route.execute(Route.java:69)\nE       \tat org.openqa.selenium.remote.http.Route$CombinedRoute.handle(Route.java:360)\nE       \tat org.openqa.selenium.remote.http.Route.execute(Route.java:69)\nE       \tat org.openqa.selenium.grid.router.Router.execute(Router.java:87)\nE       \tat org.openqa.selenium.grid.web.EnsureSpecCompliantResponseHeaders.lambda$apply$0(EnsureSpecCompliantResponseHeaders.java:34)\nE       \tat org.openqa.selenium.remote.http.Filter$1.execute(Filter.java:63)\nE       \tat org.openqa.selenium.remote.http.Route$CombinedRoute.handle(Route.java:360)\nE       \tat org.openqa.selenium.remote.http.Route.execute(Route.java:69)\nE       \tat org.openqa.selenium.remote.AddWebDriverSpecHeaders.lambda$apply$0(AddWebDriverSpecHeaders.java:35)\nE       \tat org.openqa.selenium.remote.ErrorFilter.lambda$apply$0(ErrorFilter.java:44)\nE       \tat org.openqa.selenium.remote.http.Filter$1.execute(Filter.java:63)\nE       \tat org.openqa.selenium.remote.ErrorFilter.lambda$apply$0(ErrorFilter.java:44)\nE       \tat org.openqa.selenium.remote.http.Filter$1.execute(Filter.java:63)\nE       \tat org.openqa.selenium.netty.server.SeleniumHandler.lambda$channelRead0$0(SeleniumHandler.java:44)\nE       \tat java.base/java.util.concurrent.Executors$RunnableAdapter.call(Executors.java:539)\nE       \tat java.base/java.util.concurrent.FutureTask.run(FutureTask.java:264)\nE       \tat java.base/java.util.concurrent.ThreadPoolExecutor.runWorker(ThreadPoolExecutor.java:1136)\nE       \tat java.base/java.util.concurrent.ThreadPoolExecutor$Worker.run(ThreadPoolExecutor.java:635)\nE       \tat java.base/java.lang.Thread.run(Thread.java:840)\nE       Caused by: java.util.concurrent.TimeoutException\nE       \tat java.base/java.util.concurrent.CompletableFuture.timedGet(CompletableFuture.java:1960)\nE       \tat java.base/java.util.concurrent.CompletableFuture.get(CompletableFuture.java:2095)\nE       \tat org.openqa.selenium.remote.http.jdk.JdkHttpClient.execute0(JdkHttpClient.java:401)\nE       \tat org.openqa.selenium.remote.http.AddSeleniumUserAgent.lambda$apply$0(AddSeleniumUserAgent.java:42)\nE       \tat org.openqa.selenium.remote.http.Filter.lambda$andFinally$1(Filter.java:55)\nE       \tat org.openqa.selenium.remote.http.jdk.JdkHttpClient.execute(JdkHttpClient.java:374)\nE       \tat org.openqa.selenium.remote.tracing.TracedHttpClient.execute(TracedHttpClient.java:54)\nE       \tat org.openqa.selenium.grid.web.ReverseProxyHandler.execute(ReverseProxyHandler.java:90)\nE       \tat org.openqa.selenium.grid.node.DefaultActiveSession.execute(DefaultActiveSession.java:62)\nE       \tat org.openqa.selenium.grid.node.local.SessionSlot.execute(SessionSlot.java:126)\nE       \tat org.openqa.selenium.grid.node.local.LocalNode.executeWebDriverCommand(LocalNode.java:633)\nE       \tat org.openqa.selenium.grid.node.ForwardWebDriverCommand.execute(ForwardWebDriverCommand.java:35)\nE       \tat org.openqa.selenium.remote.http.Route$PredicatedRoute.handle(Route.java:397)\nE       \tat org.openqa.selenium.remote.http.Route.execute(Route.java:69)\nE       \tat org.openqa.selenium.remote.tracing.SpanWrappedHttpHandler.execute(SpanWrappedHttpHandler.java:87)\nE       \tat org.openqa.selenium.remote.http.Filter$1.execute(Filter.java:63)\nE       \tat org.openqa.selenium.remote.http.Route$CombinedRoute.handle(Route.java:360)\nE       \tat org.openqa.selenium.remote.http.Route.execute(Route.java:69)\nE       \tat org.openqa.selenium.grid.node.Node.execute(Node.java:270)\nE       \tat org.openqa.selenium.grid.web.CombinedHandler.execute(CombinedHandler.java:55)\nE       \tat org.openqa.selenium.grid.web.RoutableHttpClientFactory$1.execute(RoutableHttpClientFactory.java:71)\nE       \tat org.openqa.selenium.grid.web.ReverseProxyHandler.execute(ReverseProxyHandler.java:90)\nE       \tat org.openqa.selenium.grid.router.HandleSession.execute(HandleSession.java:181)\nE       \t... 20 more\n\n../../../.cache/pypoetry/virtualenvs/uk-bin-collection-EwS6Gn8s-py3.12/lib/python3.12/site-packages/selenium/webdriver/remote/errorhandler.py:229: WebDriverException\n\nDuring handling of the above exception, another exception occurred:\n\nfixturefunc = <function scrape_step at 0x7fd982e9b1a0>\nrequest = <FixtureRequest for <Function test_scenario_outline[PrestonCityCouncil]>>\nkwargs = {'context': <test_validate_council.Context object at 0x7fd994284770>, 'headless_mode': 'True', 'local_browser': 'False', 'selenium_url': 'http://localhost:4444'}\n\n    def call_fixture_func(\n        fixturefunc: _FixtureFunc[FixtureValue], request: FixtureRequest, kwargs\n    ) -> FixtureValue:\n        if is_generator(fixturefunc):\n            fixturefunc = cast(\n                Callable[..., Generator[FixtureValue, None, None]], fixturefunc\n            )\n            generator = fixturefunc(**kwargs)\n            try:\n                fixture_result = next(generator)\n            except StopIteration:\n                raise ValueError(f\"{request.fixturename} did not yield a value\") from None\n            finalizer = functools.partial(_teardown_yield_fixture, fixturefunc, generator)\n            request.addfinalizer(finalizer)\n        else:\n            fixturefunc = cast(Callable[..., FixtureValue], fixturefunc)\n>           fixture_result = fixturefunc(**kwargs)\n\n../../../.cache/pypoetry/virtualenvs/uk-bin-collection-EwS6Gn8s-py3.12/lib/python3.12/site-packages/_pytest/fixtures.py:897: \n_ _ _ _ _ _ _ _ _ _ _ _ _ _ _ _ _ _ _ _ _ _ _ _ _ _ _ _ _ _ _ _ _ _ _ _ _ _ _ _ \nuk_bin_collection/tests/step_defs/test_validate_council.py:100: in scrape_step\n    context.parse_result = CollectData.run()\nuk_bin_collection/uk_bin_collection/collect_data.py:101: in run\n    return self.client_code(\nuk_bin_collection/uk_bin_collection/collect_data.py:121: in client_code\n    return get_bin_data_class.template_method(address_url, **kwargs)\nuk_bin_collection/uk_bin_collection/get_bin_data.py:61: in template_method\n    bin_data_dict = self.get_and_parse_data(this_url, **kwargs)\nuk_bin_collection/uk_bin_collection/get_bin_data.py:84: in get_and_parse_data\n    bin_data_dict = self.parse_data(\"\", url=address_url, **kwargs)\nuk_bin_collection/uk_bin_collection/councils/PrestonCityCouncil.py:96: in parse_data\n    driver.quit()\n../../../.cache/pypoetry/virtualenvs/uk-bin-collection-EwS6Gn8s-py3.12/lib/python3.12/site-packages/selenium/webdriver/remote/webdriver.py:476: in quit\n    self.execute(Command.QUIT)\n../../../.cache/pypoetry/virtualenvs/uk-bin-collection-EwS6Gn8s-py3.12/lib/python3.12/site-packages/selenium/webdriver/remote/webdriver.py:354: in execute\n    self.error_handler.check_response(response)\n_ _ _ _ _ _ _ _ _ _ _ _ _ _ _ _ _ _ _ _ _ _ _ _ _ _ _ _ _ _ _ _ _ _ _ _ _ _ _ _ \n\nself = <selenium.webdriver.remote.errorhandler.ErrorHandler object at 0x7fd982fab470>\nresponse = {'status': 404, 'value': '{\\n  \"value\": \"\\\\u002fsession\\\\u002ff801c93259fdff7a0031b30e7072a58f\",\\n  \"message\": \"Unable...002fsession\\\\u002ff801c93259fdff7a0031b30e7072a58f\",\\n  \"error\": \"org.openqa.selenium.UnsupportedCommandException\"\\n}'}\n\n    def check_response(self, response: Dict[str, Any]) -> None:\n        \"\"\"Checks that a JSON response from the WebDriver does not have an\n        error.\n    \n        :Args:\n         - response - The JSON response from the WebDriver server as a dictionary\n           object.\n    \n        :Raises: If the response contains an error message.\n        \"\"\"\n        status = response.get(\"status\", None)\n        if not status or status == ErrorCode.SUCCESS:\n            return\n        value = None\n        message = response.get(\"message\", \"\")\n        screen: str = response.get(\"screen\", \"\")\n        stacktrace = None\n        if isinstance(status, int):\n            value_json = response.get(\"value\", None)\n            if value_json and isinstance(value_json, str):\n                import json\n    \n                try:\n                    value = json.loads(value_json)\n                    if len(value) == 1:\n                        value = value[\"value\"]\n                    status = value.get(\"error\", None)\n                    if not status:\n                        status = value.get(\"status\", ErrorCode.UNKNOWN_ERROR)\n                        message = value.get(\"value\") or value.get(\"message\")\n                        if not isinstance(message, str):\n                            value = message\n                            message = message.get(\"message\")\n                    else:\n                        message = value.get(\"message\", None)\n                except ValueError:\n                    pass\n    \n        exception_class: Type[WebDriverException]\n        e = ErrorCode()\n        error_codes = [item for item in dir(e) if not item.startswith(\"__\")]\n        for error_code in error_codes:\n            error_info = getattr(ErrorCode, error_code)\n            if isinstance(error_info, list) and status in error_info:\n                exception_class = getattr(ExceptionMapping, error_code, WebDriverException)\n                break\n        else:\n            exception_class = WebDriverException\n    \n        if not value:\n            value = response[\"value\"]\n        if isinstance(value, str):\n            raise exception_class(value)\n        if message == \"\" and \"message\" in value:\n            message = value[\"message\"]\n    \n        screen = None  # type: ignore[assignment]\n        if \"screen\" in value:\n            screen = value[\"screen\"]\n    \n        stacktrace = None\n        st_value = value.get(\"stackTrace\") or value.get(\"stacktrace\")\n        if st_value:\n            if isinstance(st_value, str):\n                stacktrace = st_value.split(\"\\n\")\n            else:\n                stacktrace = []\n                try:\n                    for frame in st_value:\n                        line = frame.get(\"lineNumber\", \"\")\n                        file = frame.get(\"fileName\", \"<anonymous>\")\n                        if line:\n                            file = f\"{file}:{line}\"\n                        meth = frame.get(\"methodName\", \"<anonymous>\")\n                        if \"className\" in frame:\n                            meth = f\"{frame['className']}.{meth}\"\n                        msg = \"    at %s (%s)\"\n                        msg = msg % (meth, file)\n                        stacktrace.append(msg)\n                except TypeError:\n                    pass\n        if exception_class == UnexpectedAlertPresentException:\n            alert_text = None\n            if \"data\" in value:\n                alert_text = value[\"data\"].get(\"text\")\n            elif \"alert\" in value:\n                alert_text = value[\"alert\"].get(\"text\")\n            raise exception_class(message, screen, stacktrace, alert_text)  # type: ignore[call-arg]  # mypy is not smart enough here\n>       raise exception_class(message, screen, stacktrace)\nE       selenium.common.exceptions.WebDriverException: Message: Unable to route (DELETE) /session/f801c93259fdff7a0031b30e7072a58f\n\n../../../.cache/pypoetry/virtualenvs/uk-bin-collection-EwS6Gn8s-py3.12/lib/python3.12/site-packages/selenium/webdriver/remote/errorhandler.py:229: WebDriverException","flaky":false,"newFailed":false,"newBroken":false,"newPassed":false,"retriesCount":0,"retriesStatusChange":false,"beforeStages":[],"testStage":{"status":"failed","statusMessage":"selenium.common.exceptions.WebDriverException: Message: Unable to route (DELETE) /session/f801c93259fdff7a0031b30e7072a58f","statusTrace":"self = <PrestonCityCouncil.CouncilClass object at 0x7fd995d7a8d0>\npage = 'https://selfservice.preston.gov.uk/service/Forms/FindMyNearest.aspx?Service=bins'\nkwargs = {'council_module_str': 'PrestonCityCouncil', 'dev_mode': False, 'headless': True, 'local_browser': False, ...}\ndriver = <selenium.webdriver.remote.webdriver.WebDriver (session=\"f801c93259fdff7a0031b30e7072a58f\")>\ndata = {'bins': []}, user_paon = 'Town Hall', user_postcode = 'PR1 2RL'\nweb_driver = 'http://localhost:4444', headless = True\n\n    def parse_data(self, page: str, **kwargs) -> dict:\n        driver = None\n        try:\n            page = \"https://selfservice.preston.gov.uk/service/Forms/FindMyNearest.aspx?Service=bins\"\n    \n            data = {\"bins\": []}\n    \n            user_paon = kwargs.get(\"paon\")\n            user_postcode = kwargs.get(\"postcode\")\n            web_driver = kwargs.get(\"web_driver\")\n            headless = kwargs.get(\"headless\")\n            check_paon(user_paon)\n            check_postcode(user_postcode)\n    \n            # Create Selenium webdriver\n            driver = create_webdriver(web_driver, headless, None, __name__)\n>           driver.get(page)\n\nuk_bin_collection/uk_bin_collection/councils/PrestonCityCouncil.py:39: \n_ _ _ _ _ _ _ _ _ _ _ _ _ _ _ _ _ _ _ _ _ _ _ _ _ _ _ _ _ _ _ _ _ _ _ _ _ _ _ _ \n../../../.cache/pypoetry/virtualenvs/uk-bin-collection-EwS6Gn8s-py3.12/lib/python3.12/site-packages/selenium/webdriver/remote/webdriver.py:363: in get\n    self.execute(Command.GET, {\"url\": url})\n../../../.cache/pypoetry/virtualenvs/uk-bin-collection-EwS6Gn8s-py3.12/lib/python3.12/site-packages/selenium/webdriver/remote/webdriver.py:354: in execute\n    self.error_handler.check_response(response)\n_ _ _ _ _ _ _ _ _ _ _ _ _ _ _ _ _ _ _ _ _ _ _ _ _ _ _ _ _ _ _ _ _ _ _ _ _ _ _ _ \n\nself = <selenium.webdriver.remote.errorhandler.ErrorHandler object at 0x7fd982fab470>\nresponse = {'status': 500, 'value': '{\\n  \"value\": {\\n    \"message\": \"Unable to execute request for an existing session: java.uti...0)\\\\n\\\\tat org.openqa.selenium.grid.router.HandleSession.execute(HandleSession.java:181)\\\\n\\\\t... 20 more\\\\n\"\\n  }\\n}'}\n\n    def check_response(self, response: Dict[str, Any]) -> None:\n        \"\"\"Checks that a JSON response from the WebDriver does not have an\n        error.\n    \n        :Args:\n         - response - The JSON response from the WebDriver server as a dictionary\n           object.\n    \n        :Raises: If the response contains an error message.\n        \"\"\"\n        status = response.get(\"status\", None)\n        if not status or status == ErrorCode.SUCCESS:\n            return\n        value = None\n        message = response.get(\"message\", \"\")\n        screen: str = response.get(\"screen\", \"\")\n        stacktrace = None\n        if isinstance(status, int):\n            value_json = response.get(\"value\", None)\n            if value_json and isinstance(value_json, str):\n                import json\n    \n                try:\n                    value = json.loads(value_json)\n                    if len(value) == 1:\n                        value = value[\"value\"]\n                    status = value.get(\"error\", None)\n                    if not status:\n                        status = value.get(\"status\", ErrorCode.UNKNOWN_ERROR)\n                        message = value.get(\"value\") or value.get(\"message\")\n                        if not isinstance(message, str):\n                            value = message\n                            message = message.get(\"message\")\n                    else:\n                        message = value.get(\"message\", None)\n                except ValueError:\n                    pass\n    \n        exception_class: Type[WebDriverException]\n        e = ErrorCode()\n        error_codes = [item for item in dir(e) if not item.startswith(\"__\")]\n        for error_code in error_codes:\n            error_info = getattr(ErrorCode, error_code)\n            if isinstance(error_info, list) and status in error_info:\n                exception_class = getattr(ExceptionMapping, error_code, WebDriverException)\n                break\n        else:\n            exception_class = WebDriverException\n    \n        if not value:\n            value = response[\"value\"]\n        if isinstance(value, str):\n            raise exception_class(value)\n        if message == \"\" and \"message\" in value:\n            message = value[\"message\"]\n    \n        screen = None  # type: ignore[assignment]\n        if \"screen\" in value:\n            screen = value[\"screen\"]\n    \n        stacktrace = None\n        st_value = value.get(\"stackTrace\") or value.get(\"stacktrace\")\n        if st_value:\n            if isinstance(st_value, str):\n                stacktrace = st_value.split(\"\\n\")\n            else:\n                stacktrace = []\n                try:\n                    for frame in st_value:\n                        line = frame.get(\"lineNumber\", \"\")\n                        file = frame.get(\"fileName\", \"<anonymous>\")\n                        if line:\n                            file = f\"{file}:{line}\"\n                        meth = frame.get(\"methodName\", \"<anonymous>\")\n                        if \"className\" in frame:\n                            meth = f\"{frame['className']}.{meth}\"\n                        msg = \"    at %s (%s)\"\n                        msg = msg % (meth, file)\n                        stacktrace.append(msg)\n                except TypeError:\n                    pass\n        if exception_class == UnexpectedAlertPresentException:\n            alert_text = None\n            if \"data\" in value:\n                alert_text = value[\"data\"].get(\"text\")\n            elif \"alert\" in value:\n                alert_text = value[\"alert\"].get(\"text\")\n            raise exception_class(message, screen, stacktrace, alert_text)  # type: ignore[call-arg]  # mypy is not smart enough here\n>       raise exception_class(message, screen, stacktrace)\nE       selenium.common.exceptions.WebDriverException: Message: Unable to execute request for an existing session: java.util.concurrent.TimeoutException\nE       Build info: version: '4.24.0', revision: '748ffc9bc3'\nE       System info: os.name: 'Linux', os.arch: 'amd64', os.version: '6.5.0-1025-azure', java.version: '17.0.12'\nE       Driver info: driver.version: unknown\nE       Stacktrace:\nE       java.lang.RuntimeException: Unable to execute request for an existing session: java.util.concurrent.TimeoutException\nE       Build info: version: '4.24.0', revision: '748ffc9bc3'\nE       System info: os.name: 'Linux', os.arch: 'amd64', os.version: '6.5.0-1025-azure', java.version: '17.0.12'\nE       Driver info: driver.version: unknown\nE       \tat org.openqa.selenium.grid.router.HandleSession.execute(HandleSession.java:208)\nE       \tat org.openqa.selenium.remote.http.Route$PredicatedRoute.handle(Route.java:397)\nE       \tat org.openqa.selenium.remote.http.Route.execute(Route.java:69)\nE       \tat org.openqa.selenium.remote.http.Route$CombinedRoute.handle(Route.java:360)\nE       \tat org.openqa.selenium.remote.http.Route.execute(Route.java:69)\nE       \tat org.openqa.selenium.grid.router.Router.execute(Router.java:87)\nE       \tat org.openqa.selenium.grid.web.EnsureSpecCompliantResponseHeaders.lambda$apply$0(EnsureSpecCompliantResponseHeaders.java:34)\nE       \tat org.openqa.selenium.remote.http.Filter$1.execute(Filter.java:63)\nE       \tat org.openqa.selenium.remote.http.Route$CombinedRoute.handle(Route.java:360)\nE       \tat org.openqa.selenium.remote.http.Route.execute(Route.java:69)\nE       \tat org.openqa.selenium.remote.AddWebDriverSpecHeaders.lambda$apply$0(AddWebDriverSpecHeaders.java:35)\nE       \tat org.openqa.selenium.remote.ErrorFilter.lambda$apply$0(ErrorFilter.java:44)\nE       \tat org.openqa.selenium.remote.http.Filter$1.execute(Filter.java:63)\nE       \tat org.openqa.selenium.remote.ErrorFilter.lambda$apply$0(ErrorFilter.java:44)\nE       \tat org.openqa.selenium.remote.http.Filter$1.execute(Filter.java:63)\nE       \tat org.openqa.selenium.netty.server.SeleniumHandler.lambda$channelRead0$0(SeleniumHandler.java:44)\nE       \tat java.base/java.util.concurrent.Executors$RunnableAdapter.call(Executors.java:539)\nE       \tat java.base/java.util.concurrent.FutureTask.run(FutureTask.java:264)\nE       \tat java.base/java.util.concurrent.ThreadPoolExecutor.runWorker(ThreadPoolExecutor.java:1136)\nE       \tat java.base/java.util.concurrent.ThreadPoolExecutor$Worker.run(ThreadPoolExecutor.java:635)\nE       \tat java.base/java.lang.Thread.run(Thread.java:840)\nE       Caused by: java.util.concurrent.TimeoutException\nE       \tat java.base/java.util.concurrent.CompletableFuture.timedGet(CompletableFuture.java:1960)\nE       \tat java.base/java.util.concurrent.CompletableFuture.get(CompletableFuture.java:2095)\nE       \tat org.openqa.selenium.remote.http.jdk.JdkHttpClient.execute0(JdkHttpClient.java:401)\nE       \tat org.openqa.selenium.remote.http.AddSeleniumUserAgent.lambda$apply$0(AddSeleniumUserAgent.java:42)\nE       \tat org.openqa.selenium.remote.http.Filter.lambda$andFinally$1(Filter.java:55)\nE       \tat org.openqa.selenium.remote.http.jdk.JdkHttpClient.execute(JdkHttpClient.java:374)\nE       \tat org.openqa.selenium.remote.tracing.TracedHttpClient.execute(TracedHttpClient.java:54)\nE       \tat org.openqa.selenium.grid.web.ReverseProxyHandler.execute(ReverseProxyHandler.java:90)\nE       \tat org.openqa.selenium.grid.node.DefaultActiveSession.execute(DefaultActiveSession.java:62)\nE       \tat org.openqa.selenium.grid.node.local.SessionSlot.execute(SessionSlot.java:126)\nE       \tat org.openqa.selenium.grid.node.local.LocalNode.executeWebDriverCommand(LocalNode.java:633)\nE       \tat org.openqa.selenium.grid.node.ForwardWebDriverCommand.execute(ForwardWebDriverCommand.java:35)\nE       \tat org.openqa.selenium.remote.http.Route$PredicatedRoute.handle(Route.java:397)\nE       \tat org.openqa.selenium.remote.http.Route.execute(Route.java:69)\nE       \tat org.openqa.selenium.remote.tracing.SpanWrappedHttpHandler.execute(SpanWrappedHttpHandler.java:87)\nE       \tat org.openqa.selenium.remote.http.Filter$1.execute(Filter.java:63)\nE       \tat org.openqa.selenium.remote.http.Route$CombinedRoute.handle(Route.java:360)\nE       \tat org.openqa.selenium.remote.http.Route.execute(Route.java:69)\nE       \tat org.openqa.selenium.grid.node.Node.execute(Node.java:270)\nE       \tat org.openqa.selenium.grid.web.CombinedHandler.execute(CombinedHandler.java:55)\nE       \tat org.openqa.selenium.grid.web.RoutableHttpClientFactory$1.execute(RoutableHttpClientFactory.java:71)\nE       \tat org.openqa.selenium.grid.web.ReverseProxyHandler.execute(ReverseProxyHandler.java:90)\nE       \tat org.openqa.selenium.grid.router.HandleSession.execute(HandleSession.java:181)\nE       \t... 20 more\n\n../../../.cache/pypoetry/virtualenvs/uk-bin-collection-EwS6Gn8s-py3.12/lib/python3.12/site-packages/selenium/webdriver/remote/errorhandler.py:229: WebDriverException\n\nDuring handling of the above exception, another exception occurred:\n\nfixturefunc = <function scrape_step at 0x7fd982e9b1a0>\nrequest = <FixtureRequest for <Function test_scenario_outline[PrestonCityCouncil]>>\nkwargs = {'context': <test_validate_council.Context object at 0x7fd994284770>, 'headless_mode': 'True', 'local_browser': 'False', 'selenium_url': 'http://localhost:4444'}\n\n    def call_fixture_func(\n        fixturefunc: _FixtureFunc[FixtureValue], request: FixtureRequest, kwargs\n    ) -> FixtureValue:\n        if is_generator(fixturefunc):\n            fixturefunc = cast(\n                Callable[..., Generator[FixtureValue, None, None]], fixturefunc\n            )\n            generator = fixturefunc(**kwargs)\n            try:\n                fixture_result = next(generator)\n            except StopIteration:\n                raise ValueError(f\"{request.fixturename} did not yield a value\") from None\n            finalizer = functools.partial(_teardown_yield_fixture, fixturefunc, generator)\n            request.addfinalizer(finalizer)\n        else:\n            fixturefunc = cast(Callable[..., FixtureValue], fixturefunc)\n>           fixture_result = fixturefunc(**kwargs)\n\n../../../.cache/pypoetry/virtualenvs/uk-bin-collection-EwS6Gn8s-py3.12/lib/python3.12/site-packages/_pytest/fixtures.py:897: \n_ _ _ _ _ _ _ _ _ _ _ _ _ _ _ _ _ _ _ _ _ _ _ _ _ _ _ _ _ _ _ _ _ _ _ _ _ _ _ _ \nuk_bin_collection/tests/step_defs/test_validate_council.py:100: in scrape_step\n    context.parse_result = CollectData.run()\nuk_bin_collection/uk_bin_collection/collect_data.py:101: in run\n    return self.client_code(\nuk_bin_collection/uk_bin_collection/collect_data.py:121: in client_code\n    return get_bin_data_class.template_method(address_url, **kwargs)\nuk_bin_collection/uk_bin_collection/get_bin_data.py:61: in template_method\n    bin_data_dict = self.get_and_parse_data(this_url, **kwargs)\nuk_bin_collection/uk_bin_collection/get_bin_data.py:84: in get_and_parse_data\n    bin_data_dict = self.parse_data(\"\", url=address_url, **kwargs)\nuk_bin_collection/uk_bin_collection/councils/PrestonCityCouncil.py:96: in parse_data\n    driver.quit()\n../../../.cache/pypoetry/virtualenvs/uk-bin-collection-EwS6Gn8s-py3.12/lib/python3.12/site-packages/selenium/webdriver/remote/webdriver.py:476: in quit\n    self.execute(Command.QUIT)\n../../../.cache/pypoetry/virtualenvs/uk-bin-collection-EwS6Gn8s-py3.12/lib/python3.12/site-packages/selenium/webdriver/remote/webdriver.py:354: in execute\n    self.error_handler.check_response(response)\n_ _ _ _ _ _ _ _ _ _ _ _ _ _ _ _ _ _ _ _ _ _ _ _ _ _ _ _ _ _ _ _ _ _ _ _ _ _ _ _ \n\nself = <selenium.webdriver.remote.errorhandler.ErrorHandler object at 0x7fd982fab470>\nresponse = {'status': 404, 'value': '{\\n  \"value\": \"\\\\u002fsession\\\\u002ff801c93259fdff7a0031b30e7072a58f\",\\n  \"message\": \"Unable...002fsession\\\\u002ff801c93259fdff7a0031b30e7072a58f\",\\n  \"error\": \"org.openqa.selenium.UnsupportedCommandException\"\\n}'}\n\n    def check_response(self, response: Dict[str, Any]) -> None:\n        \"\"\"Checks that a JSON response from the WebDriver does not have an\n        error.\n    \n        :Args:\n         - response - The JSON response from the WebDriver server as a dictionary\n           object.\n    \n        :Raises: If the response contains an error message.\n        \"\"\"\n        status = response.get(\"status\", None)\n        if not status or status == ErrorCode.SUCCESS:\n            return\n        value = None\n        message = response.get(\"message\", \"\")\n        screen: str = response.get(\"screen\", \"\")\n        stacktrace = None\n        if isinstance(status, int):\n            value_json = response.get(\"value\", None)\n            if value_json and isinstance(value_json, str):\n                import json\n    \n                try:\n                    value = json.loads(value_json)\n                    if len(value) == 1:\n                        value = value[\"value\"]\n                    status = value.get(\"error\", None)\n                    if not status:\n                        status = value.get(\"status\", ErrorCode.UNKNOWN_ERROR)\n                        message = value.get(\"value\") or value.get(\"message\")\n                        if not isinstance(message, str):\n                            value = message\n                            message = message.get(\"message\")\n                    else:\n                        message = value.get(\"message\", None)\n                except ValueError:\n                    pass\n    \n        exception_class: Type[WebDriverException]\n        e = ErrorCode()\n        error_codes = [item for item in dir(e) if not item.startswith(\"__\")]\n        for error_code in error_codes:\n            error_info = getattr(ErrorCode, error_code)\n            if isinstance(error_info, list) and status in error_info:\n                exception_class = getattr(ExceptionMapping, error_code, WebDriverException)\n                break\n        else:\n            exception_class = WebDriverException\n    \n        if not value:\n            value = response[\"value\"]\n        if isinstance(value, str):\n            raise exception_class(value)\n        if message == \"\" and \"message\" in value:\n            message = value[\"message\"]\n    \n        screen = None  # type: ignore[assignment]\n        if \"screen\" in value:\n            screen = value[\"screen\"]\n    \n        stacktrace = None\n        st_value = value.get(\"stackTrace\") or value.get(\"stacktrace\")\n        if st_value:\n            if isinstance(st_value, str):\n                stacktrace = st_value.split(\"\\n\")\n            else:\n                stacktrace = []\n                try:\n                    for frame in st_value:\n                        line = frame.get(\"lineNumber\", \"\")\n                        file = frame.get(\"fileName\", \"<anonymous>\")\n                        if line:\n                            file = f\"{file}:{line}\"\n                        meth = frame.get(\"methodName\", \"<anonymous>\")\n                        if \"className\" in frame:\n                            meth = f\"{frame['className']}.{meth}\"\n                        msg = \"    at %s (%s)\"\n                        msg = msg % (meth, file)\n                        stacktrace.append(msg)\n                except TypeError:\n                    pass\n        if exception_class == UnexpectedAlertPresentException:\n            alert_text = None\n            if \"data\" in value:\n                alert_text = value[\"data\"].get(\"text\")\n            elif \"alert\" in value:\n                alert_text = value[\"alert\"].get(\"text\")\n            raise exception_class(message, screen, stacktrace, alert_text)  # type: ignore[call-arg]  # mypy is not smart enough here\n>       raise exception_class(message, screen, stacktrace)\nE       selenium.common.exceptions.WebDriverException: Message: Unable to route (DELETE) /session/f801c93259fdff7a0031b30e7072a58f\n\n../../../.cache/pypoetry/virtualenvs/uk-bin-collection-EwS6Gn8s-py3.12/lib/python3.12/site-packages/selenium/webdriver/remote/errorhandler.py:229: WebDriverException","steps":[{"name":"Given the council","time":{"start":1725150037117,"stop":1725150037117,"duration":0},"status":"passed","steps":[],"attachments":[],"parameters":[],"shouldDisplayMessage":false,"stepsCount":0,"attachmentsCount":0,"hasContent":false,"attachmentStep":false},{"name":"When we scrape the data from the council","time":{"start":1725150037117,"stop":1725150347709,"duration":310592},"status":"failed","statusMessage":"Message: Unable to route (DELETE) /session/f801c93259fdff7a0031b30e7072a58f\n","statusTrace":"selenium.common.exceptions.WebDriverException: Message: Unable to route (DELETE) /session/f801c93259fdff7a0031b30e7072a58f\n\n","steps":[],"attachments":[],"parameters":[],"shouldDisplayMessage":true,"stepsCount":0,"attachmentsCount":0,"hasContent":true,"attachmentStep":false}],"attachments":[{"uid":"22320907feb7be2e","name":"stdout","source":"22320907feb7be2e.txt","type":"text/plain","size":4381}],"parameters":[],"shouldDisplayMessage":true,"stepsCount":2,"attachmentsCount":1,"hasContent":true,"attachmentStep":false},"afterStages":[],"labels":[{"name":"host","value":"fv-az1759-78"},{"name":"thread","value":"2827-MainThread"},{"name":"framework","value":"pytest-bdd"},{"name":"language","value":"cpython3"},{"name":"feature","value":"Test each council output matches expected results"},{"name":"resultFormat","value":"allure2"}],"parameters":[{"name":"council","value":"PrestonCityCouncil"}],"links":[],"hidden":false,"retry":false,"extra":{"severity":"normal","retries":[],"categories":[{"name":"Product defects","matchedStatuses":[],"flaky":false}],"history":{"statistic":{"failed":115,"broken":0,"skipped":0,"passed":0,"unknown":0,"total":115},"items":[{"uid":"f9927a95b2202c59","reportUrl":"https://robbrad.github.io/UKBinCollectionData/3.12/2052//#testresult/f9927a95b2202c59","status":"failed","statusDetails":"selenium.common.exceptions.WebDriverException: Message: Unable to route (DELETE) /session/d21be95521043101b21aa3d5dbf6e574","time":{"start":1725064041999,"stop":1725064350357,"duration":308358}},{"uid":"d8d86cc99e5ee1fc","reportUrl":"https://robbrad.github.io/UKBinCollectionData/3.12/2051//#testresult/d8d86cc99e5ee1fc","status":"failed","statusDetails":"selenium.common.exceptions.WebDriverException: Message: Unable to route (DELETE) /session/2b7b3cb430e54416b6fd0e105cf6a212","time":{"start":1724977139482,"stop":1724977452197,"duration":312715}},{"uid":"53d8f23fea23c7de","reportUrl":"https://robbrad.github.io/UKBinCollectionData/3.12/2049//#testresult/53d8f23fea23c7de","status":"failed","statusDetails":"selenium.common.exceptions.WebDriverException: Message: unknown error: net::ERR_CONNECTION_TIMED_OUT\n  (Session info: chrome-headless-shell=127.0.6533.119)\nStacktrace:\n#0 0x557a1a1726ca <unknown>\n#1 0x557a19e43600 <unknown>\n#2 0x557a19e3b631 <unknown>\n#3 0x557a19e2b839 <unknown>\n#4 0x557a19e2d5c4 <unknown>\n#5 0x557a19e2bb05 <unknown>\n#6 0x557a19e2b35f <unknown>\n#7 0x557a19e2b252 <unknown>\n#8 0x557a19e2956c <unknown>\n#9 0x557a19e298ea <unknown>\n#10 0x557a19e45f21 <unknown>\n#11 0x557a19ed4b45 <unknown>\n#12 0x557a19eb58a2 <unknown>\n#13 0x557a19ed404a <unknown>\n#14 0x557a19eb5643 <unknown>\n#15 0x557a19e85d31 <unknown>\n#16 0x557a19e8679e <unknown>\n#17 0x557a1a13a25b <unknown>\n#18 0x557a1a13e1f2 <unknown>\n#19 0x557a1a127615 <unknown>\n#20 0x557a1a13ed82 <unknown>\n#21 0x557a1a10c25f <unknown>\n#22 0x557a1a161e68 <unknown>\n#23 0x557a1a162040 <unknown>\n#24 0x557a1a17149c <unknown>\n#25 0x7f997d627a94 <unknown>\n#26 0x7f997d6b4a34 __clone","time":{"start":1724890755490,"stop":1724890902249,"duration":146759}},{"uid":"da145ab8c597236d","reportUrl":"https://robbrad.github.io/UKBinCollectionData/3.12/2048//#testresult/da145ab8c597236d","status":"failed","statusDetails":"selenium.common.exceptions.WebDriverException: Message: unknown error: net::ERR_CONNECTION_TIMED_OUT\n  (Session info: chrome-headless-shell=127.0.6533.119)\nStacktrace:\n#0 0x564042f1d6ca <unknown>\n#1 0x564042bee600 <unknown>\n#2 0x564042be6631 <unknown>\n#3 0x564042bd6839 <unknown>\n#4 0x564042bd85c4 <unknown>\n#5 0x564042bd6b05 <unknown>\n#6 0x564042bd635f <unknown>\n#7 0x564042bd6252 <unknown>\n#8 0x564042bd456c <unknown>\n#9 0x564042bd48ea <unknown>\n#10 0x564042bf0f21 <unknown>\n#11 0x564042c7fb45 <unknown>\n#12 0x564042c608a2 <unknown>\n#13 0x564042c7f04a <unknown>\n#14 0x564042c60643 <unknown>\n#15 0x564042c30d31 <unknown>\n#16 0x564042c3179e <unknown>\n#17 0x564042ee525b <unknown>\n#18 0x564042ee91f2 <unknown>\n#19 0x564042ed2615 <unknown>\n#20 0x564042ee9d82 <unknown>\n#21 0x564042eb725f <unknown>\n#22 0x564042f0ce68 <unknown>\n#23 0x564042f0d040 <unknown>\n#24 0x564042f1c49c <unknown>\n#25 0x7ff01fdbfa94 <unknown>\n#26 0x7ff01fe4ca34 __clone","time":{"start":1724804313911,"stop":1724804459491,"duration":145580}},{"uid":"bec6b3b5ac3fdd2c","reportUrl":"https://robbrad.github.io/UKBinCollectionData/3.12/2043//#testresult/bec6b3b5ac3fdd2c","status":"failed","statusDetails":"selenium.common.exceptions.WebDriverException: Message: unknown error: net::ERR_CONNECTION_TIMED_OUT\n  (Session info: chrome-headless-shell=127.0.6533.119)\nStacktrace:\n#0 0x564d11dcc6ca <unknown>\n#1 0x564d11a9d600 <unknown>\n#2 0x564d11a95631 <unknown>\n#3 0x564d11a85839 <unknown>\n#4 0x564d11a875c4 <unknown>\n#5 0x564d11a85b05 <unknown>\n#6 0x564d11a8535f <unknown>\n#7 0x564d11a85252 <unknown>\n#8 0x564d11a8356c <unknown>\n#9 0x564d11a838ea <unknown>\n#10 0x564d11a9ff21 <unknown>\n#11 0x564d11b2eb45 <unknown>\n#12 0x564d11b0f8a2 <unknown>\n#13 0x564d11b2e04a <unknown>\n#14 0x564d11b0f643 <unknown>\n#15 0x564d11adfd31 <unknown>\n#16 0x564d11ae079e <unknown>\n#17 0x564d11d9425b <unknown>\n#18 0x564d11d981f2 <unknown>\n#19 0x564d11d81615 <unknown>\n#20 0x564d11d98d82 <unknown>\n#21 0x564d11d6625f <unknown>\n#22 0x564d11dbbe68 <unknown>\n#23 0x564d11dbc040 <unknown>\n#24 0x564d11dcb49c <unknown>\n#25 0x7f4205df0a94 <unknown>\n#26 0x7f4205e7da34 __clone","time":{"start":1724717916146,"stop":1724718072048,"duration":155902}},{"uid":"2ba199dff05f85de","reportUrl":"https://robbrad.github.io/UKBinCollectionData/3.12/2039//#testresult/2ba199dff05f85de","status":"failed","statusDetails":"selenium.common.exceptions.WebDriverException: Message: unknown error: net::ERR_CONNECTION_TIMED_OUT\n  (Session info: chrome-headless-shell=127.0.6533.119)\nStacktrace:\n#0 0x563a6c96e6ca <unknown>\n#1 0x563a6c63f600 <unknown>\n#2 0x563a6c637631 <unknown>\n#3 0x563a6c627839 <unknown>\n#4 0x563a6c6295c4 <unknown>\n#5 0x563a6c627b05 <unknown>\n#6 0x563a6c62735f <unknown>\n#7 0x563a6c627252 <unknown>\n#8 0x563a6c62556c <unknown>\n#9 0x563a6c6258ea <unknown>\n#10 0x563a6c641f21 <unknown>\n#11 0x563a6c6d0b45 <unknown>\n#12 0x563a6c6b18a2 <unknown>\n#13 0x563a6c6d004a <unknown>\n#14 0x563a6c6b1643 <unknown>\n#15 0x563a6c681d31 <unknown>\n#16 0x563a6c68279e <unknown>\n#17 0x563a6c93625b <unknown>\n#18 0x563a6c93a1f2 <unknown>\n#19 0x563a6c923615 <unknown>\n#20 0x563a6c93ad82 <unknown>\n#21 0x563a6c90825f <unknown>\n#22 0x563a6c95de68 <unknown>\n#23 0x563a6c95e040 <unknown>\n#24 0x563a6c96d49c <unknown>\n#25 0x7f757594ba94 <unknown>\n#26 0x7f75759d8a34 __clone","time":{"start":1724631541007,"stop":1724631692452,"duration":151445}},{"uid":"f6180ceca54cf938","reportUrl":"https://robbrad.github.io/UKBinCollectionData/3.12/2038//#testresult/f6180ceca54cf938","status":"failed","statusDetails":"selenium.common.exceptions.WebDriverException: Message: unknown error: net::ERR_CONNECTION_TIMED_OUT\n  (Session info: chrome-headless-shell=127.0.6533.119)\nStacktrace:\n#0 0x560c4bcdc6ca <unknown>\n#1 0x560c4b9ad600 <unknown>\n#2 0x560c4b9a5631 <unknown>\n#3 0x560c4b995839 <unknown>\n#4 0x560c4b9975c4 <unknown>\n#5 0x560c4b995b05 <unknown>\n#6 0x560c4b99535f <unknown>\n#7 0x560c4b995252 <unknown>\n#8 0x560c4b99356c <unknown>\n#9 0x560c4b9938ea <unknown>\n#10 0x560c4b9aff21 <unknown>\n#11 0x560c4ba3eb45 <unknown>\n#12 0x560c4ba1f8a2 <unknown>\n#13 0x560c4ba3e04a <unknown>\n#14 0x560c4ba1f643 <unknown>\n#15 0x560c4b9efd31 <unknown>\n#16 0x560c4b9f079e <unknown>\n#17 0x560c4bca425b <unknown>\n#18 0x560c4bca81f2 <unknown>\n#19 0x560c4bc91615 <unknown>\n#20 0x560c4bca8d82 <unknown>\n#21 0x560c4bc7625f <unknown>\n#22 0x560c4bccbe68 <unknown>\n#23 0x560c4bccc040 <unknown>\n#24 0x560c4bcdb49c <unknown>\n#25 0x7f08b09caa94 <unknown>\n#26 0x7f08b0a57a34 __clone","time":{"start":1724545232524,"stop":1724545400912,"duration":168388}},{"uid":"ae8fc253a224a2d2","reportUrl":"https://robbrad.github.io/UKBinCollectionData/3.12/2037//#testresult/ae8fc253a224a2d2","status":"failed","statusDetails":"selenium.common.exceptions.WebDriverException: Message: unknown error: net::ERR_CONNECTION_TIMED_OUT\n  (Session info: chrome-headless-shell=127.0.6533.119)\nStacktrace:\n#0 0x55d7347e16ca <unknown>\n#1 0x55d7344b2600 <unknown>\n#2 0x55d7344aa631 <unknown>\n#3 0x55d73449a839 <unknown>\n#4 0x55d73449c5c4 <unknown>\n#5 0x55d73449ab05 <unknown>\n#6 0x55d73449a35f <unknown>\n#7 0x55d73449a252 <unknown>\n#8 0x55d73449856c <unknown>\n#9 0x55d7344988ea <unknown>\n#10 0x55d7344b4f21 <unknown>\n#11 0x55d734543b45 <unknown>\n#12 0x55d7345248a2 <unknown>\n#13 0x55d73454304a <unknown>\n#14 0x55d734524643 <unknown>\n#15 0x55d7344f4d31 <unknown>\n#16 0x55d7344f579e <unknown>\n#17 0x55d7347a925b <unknown>\n#18 0x55d7347ad1f2 <unknown>\n#19 0x55d734796615 <unknown>\n#20 0x55d7347add82 <unknown>\n#21 0x55d73477b25f <unknown>\n#22 0x55d7347d0e68 <unknown>\n#23 0x55d7347d1040 <unknown>\n#24 0x55d7347e049c <unknown>\n#25 0x7fe3518d7a94 <unknown>\n#26 0x7fe351964a34 __clone","time":{"start":1724458668923,"stop":1724458816094,"duration":147171}},{"uid":"250e08be91f17f5a","reportUrl":"https://robbrad.github.io/UKBinCollectionData/3.12/2036//#testresult/250e08be91f17f5a","status":"failed","statusDetails":"selenium.common.exceptions.WebDriverException: Message: unknown error: net::ERR_CONNECTION_TIMED_OUT\n  (Session info: chrome-headless-shell=127.0.6533.119)\nStacktrace:\n#0 0x55de807576ca <unknown>\n#1 0x55de80428600 <unknown>\n#2 0x55de80420631 <unknown>\n#3 0x55de80410839 <unknown>\n#4 0x55de804125c4 <unknown>\n#5 0x55de80410b05 <unknown>\n#6 0x55de8041035f <unknown>\n#7 0x55de80410252 <unknown>\n#8 0x55de8040e56c <unknown>\n#9 0x55de8040e8ea <unknown>\n#10 0x55de8042af21 <unknown>\n#11 0x55de804b9b45 <unknown>\n#12 0x55de8049a8a2 <unknown>\n#13 0x55de804b904a <unknown>\n#14 0x55de8049a643 <unknown>\n#15 0x55de8046ad31 <unknown>\n#16 0x55de8046b79e <unknown>\n#17 0x55de8071f25b <unknown>\n#18 0x55de807231f2 <unknown>\n#19 0x55de8070c615 <unknown>\n#20 0x55de80723d82 <unknown>\n#21 0x55de806f125f <unknown>\n#22 0x55de80746e68 <unknown>\n#23 0x55de80747040 <unknown>\n#24 0x55de8075649c <unknown>\n#25 0x7f6ee5005a94 <unknown>\n#26 0x7f6ee5092a34 __clone","time":{"start":1724372329143,"stop":1724372467498,"duration":138355}},{"uid":"69a6f4b6bd1e4a5b","reportUrl":"https://robbrad.github.io/UKBinCollectionData/3.12/2034//#testresult/69a6f4b6bd1e4a5b","status":"failed","statusDetails":"selenium.common.exceptions.WebDriverException: Message: unknown error: net::ERR_CONNECTION_TIMED_OUT\n  (Session info: chrome-headless-shell=127.0.6533.119)\nStacktrace:\n#0 0x564bad2bc6ca <unknown>\n#1 0x564bacf8d600 <unknown>\n#2 0x564bacf85631 <unknown>\n#3 0x564bacf75839 <unknown>\n#4 0x564bacf775c4 <unknown>\n#5 0x564bacf75b05 <unknown>\n#6 0x564bacf7535f <unknown>\n#7 0x564bacf75252 <unknown>\n#8 0x564bacf7356c <unknown>\n#9 0x564bacf738ea <unknown>\n#10 0x564bacf8ff21 <unknown>\n#11 0x564bad01eb45 <unknown>\n#12 0x564bacfff8a2 <unknown>\n#13 0x564bad01e04a <unknown>\n#14 0x564bacfff643 <unknown>\n#15 0x564bacfcfd31 <unknown>\n#16 0x564bacfd079e <unknown>\n#17 0x564bad28425b <unknown>\n#18 0x564bad2881f2 <unknown>\n#19 0x564bad271615 <unknown>\n#20 0x564bad288d82 <unknown>\n#21 0x564bad25625f <unknown>\n#22 0x564bad2abe68 <unknown>\n#23 0x564bad2ac040 <unknown>\n#24 0x564bad2bb49c <unknown>\n#25 0x7f70bda18a94 <unknown>\n#26 0x7f70bdaa5a34 __clone","time":{"start":1724285876785,"stop":1724286019173,"duration":142388}},{"uid":"d90ea64164730041","reportUrl":"https://robbrad.github.io/UKBinCollectionData/3.12/2033//#testresult/d90ea64164730041","status":"failed","statusDetails":"selenium.common.exceptions.WebDriverException: Message: unknown error: net::ERR_CONNECTION_TIMED_OUT\n  (Session info: chrome-headless-shell=127.0.6533.119)\nStacktrace:\n#0 0x5577d63b86ca <unknown>\n#1 0x5577d6089600 <unknown>\n#2 0x5577d6081631 <unknown>\n#3 0x5577d6071839 <unknown>\n#4 0x5577d60735c4 <unknown>\n#5 0x5577d6071b05 <unknown>\n#6 0x5577d607135f <unknown>\n#7 0x5577d6071252 <unknown>\n#8 0x5577d606f56c <unknown>\n#9 0x5577d606f8ea <unknown>\n#10 0x5577d608bf21 <unknown>\n#11 0x5577d611ab45 <unknown>\n#12 0x5577d60fb8a2 <unknown>\n#13 0x5577d611a04a <unknown>\n#14 0x5577d60fb643 <unknown>\n#15 0x5577d60cbd31 <unknown>\n#16 0x5577d60cc79e <unknown>\n#17 0x5577d638025b <unknown>\n#18 0x5577d63841f2 <unknown>\n#19 0x5577d636d615 <unknown>\n#20 0x5577d6384d82 <unknown>\n#21 0x5577d635225f <unknown>\n#22 0x5577d63a7e68 <unknown>\n#23 0x5577d63a8040 <unknown>\n#24 0x5577d63b749c <unknown>\n#25 0x7f1c57152a94 <unknown>\n#26 0x7f1c571dfa34 __clone","time":{"start":1724199469092,"stop":1724199611684,"duration":142592}},{"uid":"e996eedb1a3956d","reportUrl":"https://robbrad.github.io/UKBinCollectionData/3.12/2032//#testresult/e996eedb1a3956d","status":"failed","statusDetails":"selenium.common.exceptions.WebDriverException: Message: unknown error: net::ERR_CONNECTION_TIMED_OUT\n  (Session info: chrome-headless-shell=127.0.6533.99)\nStacktrace:\n#0 0x560a08e466aa <unknown>\n#1 0x560a08b17600 <unknown>\n#2 0x560a08b0f631 <unknown>\n#3 0x560a08aff839 <unknown>\n#4 0x560a08b015c4 <unknown>\n#5 0x560a08affb05 <unknown>\n#6 0x560a08aff35f <unknown>\n#7 0x560a08aff252 <unknown>\n#8 0x560a08afd56c <unknown>\n#9 0x560a08afd8ea <unknown>\n#10 0x560a08b19f21 <unknown>\n#11 0x560a08ba8b45 <unknown>\n#12 0x560a08b898a2 <unknown>\n#13 0x560a08ba804a <unknown>\n#14 0x560a08b89643 <unknown>\n#15 0x560a08b59d31 <unknown>\n#16 0x560a08b5a79e <unknown>\n#17 0x560a08e0e23b <unknown>\n#18 0x560a08e121d2 <unknown>\n#19 0x560a08dfb5f5 <unknown>\n#20 0x560a08e12d62 <unknown>\n#21 0x560a08de023f <unknown>\n#22 0x560a08e35e48 <unknown>\n#23 0x560a08e36020 <unknown>\n#24 0x560a08e4547c <unknown>\n#25 0x7ff9d3193a94 <unknown>\n#26 0x7ff9d3220a34 __clone","time":{"start":1724113057726,"stop":1724113230756,"duration":173030}},{"uid":"e3e199aeb63d78f2","reportUrl":"https://robbrad.github.io/UKBinCollectionData/3.12/2031//#testresult/e3e199aeb63d78f2","status":"failed","statusDetails":"selenium.common.exceptions.WebDriverException: Message: unknown error: net::ERR_CONNECTION_TIMED_OUT\n  (Session info: chrome-headless-shell=127.0.6533.99)\nStacktrace:\n#0 0x5642c98f96aa <unknown>\n#1 0x5642c95ca600 <unknown>\n#2 0x5642c95c2631 <unknown>\n#3 0x5642c95b2839 <unknown>\n#4 0x5642c95b45c4 <unknown>\n#5 0x5642c95b2b05 <unknown>\n#6 0x5642c95b235f <unknown>\n#7 0x5642c95b2252 <unknown>\n#8 0x5642c95b056c <unknown>\n#9 0x5642c95b08ea <unknown>\n#10 0x5642c95ccf21 <unknown>\n#11 0x5642c965bb45 <unknown>\n#12 0x5642c963c8a2 <unknown>\n#13 0x5642c965b04a <unknown>\n#14 0x5642c963c643 <unknown>\n#15 0x5642c960cd31 <unknown>\n#16 0x5642c960d79e <unknown>\n#17 0x5642c98c123b <unknown>\n#18 0x5642c98c51d2 <unknown>\n#19 0x5642c98ae5f5 <unknown>\n#20 0x5642c98c5d62 <unknown>\n#21 0x5642c989323f <unknown>\n#22 0x5642c98e8e48 <unknown>\n#23 0x5642c98e9020 <unknown>\n#24 0x5642c98f847c <unknown>\n#25 0x7f43b8a80a94 <unknown>\n#26 0x7f43b8b0da34 __clone","time":{"start":1724026652214,"stop":1724026796336,"duration":144122}},{"uid":"b42660bf1562dd38","reportUrl":"https://robbrad.github.io/UKBinCollectionData/3.12/2030//#testresult/b42660bf1562dd38","status":"failed","statusDetails":"selenium.common.exceptions.WebDriverException: Message: unknown error: net::ERR_CONNECTION_TIMED_OUT\n  (Session info: chrome-headless-shell=127.0.6533.99)\nStacktrace:\n#0 0x55e45711c6aa <unknown>\n#1 0x55e456ded600 <unknown>\n#2 0x55e456de5631 <unknown>\n#3 0x55e456dd5839 <unknown>\n#4 0x55e456dd75c4 <unknown>\n#5 0x55e456dd5b05 <unknown>\n#6 0x55e456dd535f <unknown>\n#7 0x55e456dd5252 <unknown>\n#8 0x55e456dd356c <unknown>\n#9 0x55e456dd38ea <unknown>\n#10 0x55e456deff21 <unknown>\n#11 0x55e456e7eb45 <unknown>\n#12 0x55e456e5f8a2 <unknown>\n#13 0x55e456e7e04a <unknown>\n#14 0x55e456e5f643 <unknown>\n#15 0x55e456e2fd31 <unknown>\n#16 0x55e456e3079e <unknown>\n#17 0x55e4570e423b <unknown>\n#18 0x55e4570e81d2 <unknown>\n#19 0x55e4570d15f5 <unknown>\n#20 0x55e4570e8d62 <unknown>\n#21 0x55e4570b623f <unknown>\n#22 0x55e45710be48 <unknown>\n#23 0x55e45710c020 <unknown>\n#24 0x55e45711b47c <unknown>\n#25 0x7ff8af6bfa94 <unknown>\n#26 0x7ff8af74ca34 __clone","time":{"start":1723940288328,"stop":1723940449824,"duration":161496}},{"uid":"2668907de9504982","reportUrl":"https://robbrad.github.io/UKBinCollectionData/3.12/2029//#testresult/2668907de9504982","status":"failed","statusDetails":"selenium.common.exceptions.WebDriverException: Message: unknown error: net::ERR_CONNECTION_TIMED_OUT\n  (Session info: chrome-headless-shell=127.0.6533.99)\nStacktrace:\n#0 0x55c3943ee6aa <unknown>\n#1 0x55c3940bf600 <unknown>\n#2 0x55c3940b7631 <unknown>\n#3 0x55c3940a7839 <unknown>\n#4 0x55c3940a95c4 <unknown>\n#5 0x55c3940a7b05 <unknown>\n#6 0x55c3940a735f <unknown>\n#7 0x55c3940a7252 <unknown>\n#8 0x55c3940a556c <unknown>\n#9 0x55c3940a58ea <unknown>\n#10 0x55c3940c1f21 <unknown>\n#11 0x55c394150b45 <unknown>\n#12 0x55c3941318a2 <unknown>\n#13 0x55c39415004a <unknown>\n#14 0x55c394131643 <unknown>\n#15 0x55c394101d31 <unknown>\n#16 0x55c39410279e <unknown>\n#17 0x55c3943b623b <unknown>\n#18 0x55c3943ba1d2 <unknown>\n#19 0x55c3943a35f5 <unknown>\n#20 0x55c3943bad62 <unknown>\n#21 0x55c39438823f <unknown>\n#22 0x55c3943dde48 <unknown>\n#23 0x55c3943de020 <unknown>\n#24 0x55c3943ed47c <unknown>\n#25 0x7f0058b03a94 <unknown>\n#26 0x7f0058b90a34 __clone","time":{"start":1723854122620,"stop":1723854298244,"duration":175624}},{"uid":"ded5415d8ea04ba5","reportUrl":"https://robbrad.github.io/UKBinCollectionData/3.12/2028//#testresult/ded5415d8ea04ba5","status":"failed","statusDetails":"selenium.common.exceptions.WebDriverException: Message: unknown error: net::ERR_CONNECTION_TIMED_OUT\n  (Session info: chrome-headless-shell=127.0.6533.99)\nStacktrace:\n#0 0x5628d20e66aa <unknown>\n#1 0x5628d1db7600 <unknown>\n#2 0x5628d1daf631 <unknown>\n#3 0x5628d1d9f839 <unknown>\n#4 0x5628d1da15c4 <unknown>\n#5 0x5628d1d9fb05 <unknown>\n#6 0x5628d1d9f35f <unknown>\n#7 0x5628d1d9f252 <unknown>\n#8 0x5628d1d9d56c <unknown>\n#9 0x5628d1d9d8ea <unknown>\n#10 0x5628d1db9f21 <unknown>\n#11 0x5628d1e48b45 <unknown>\n#12 0x5628d1e298a2 <unknown>\n#13 0x5628d1e4804a <unknown>\n#14 0x5628d1e29643 <unknown>\n#15 0x5628d1df9d31 <unknown>\n#16 0x5628d1dfa79e <unknown>\n#17 0x5628d20ae23b <unknown>\n#18 0x5628d20b21d2 <unknown>\n#19 0x5628d209b5f5 <unknown>\n#20 0x5628d20b2d62 <unknown>\n#21 0x5628d208023f <unknown>\n#22 0x5628d20d5e48 <unknown>\n#23 0x5628d20d6020 <unknown>\n#24 0x5628d20e547c <unknown>\n#25 0x7fd44d290a94 <unknown>\n#26 0x7fd44d31da34 __clone","time":{"start":1723767462242,"stop":1723767607978,"duration":145736}},{"uid":"b4cddf2162bd93e3","reportUrl":"https://robbrad.github.io/UKBinCollectionData/3.12/2027//#testresult/b4cddf2162bd93e3","status":"failed","statusDetails":"selenium.common.exceptions.WebDriverException: Message: unknown error: net::ERR_CONNECTION_TIMED_OUT\n  (Session info: chrome-headless-shell=127.0.6533.99)\nStacktrace:\n#0 0x5584280e56aa <unknown>\n#1 0x558427db6600 <unknown>\n#2 0x558427dae631 <unknown>\n#3 0x558427d9e839 <unknown>\n#4 0x558427da05c4 <unknown>\n#5 0x558427d9eb05 <unknown>\n#6 0x558427d9e35f <unknown>\n#7 0x558427d9e252 <unknown>\n#8 0x558427d9c56c <unknown>\n#9 0x558427d9c8ea <unknown>\n#10 0x558427db8f21 <unknown>\n#11 0x558427e47b45 <unknown>\n#12 0x558427e288a2 <unknown>\n#13 0x558427e4704a <unknown>\n#14 0x558427e28643 <unknown>\n#15 0x558427df8d31 <unknown>\n#16 0x558427df979e <unknown>\n#17 0x5584280ad23b <unknown>\n#18 0x5584280b11d2 <unknown>\n#19 0x55842809a5f5 <unknown>\n#20 0x5584280b1d62 <unknown>\n#21 0x55842807f23f <unknown>\n#22 0x5584280d4e48 <unknown>\n#23 0x5584280d5020 <unknown>\n#24 0x5584280e447c <unknown>\n#25 0x7f2b14706a94 <unknown>\n#26 0x7f2b14793a34 __clone","time":{"start":1723680641272,"stop":1723680794828,"duration":153556}},{"uid":"7ae37eeb3b0fa509","reportUrl":"https://robbrad.github.io/UKBinCollectionData/3.12/2026//#testresult/7ae37eeb3b0fa509","status":"failed","statusDetails":"selenium.common.exceptions.WebDriverException: Message: unknown error: net::ERR_CONNECTION_TIMED_OUT\n  (Session info: chrome-headless-shell=127.0.6533.99)\nStacktrace:\n#0 0x56348e11a6aa <unknown>\n#1 0x56348ddeb600 <unknown>\n#2 0x56348dde3631 <unknown>\n#3 0x56348ddd3839 <unknown>\n#4 0x56348ddd55c4 <unknown>\n#5 0x56348ddd3b05 <unknown>\n#6 0x56348ddd335f <unknown>\n#7 0x56348ddd3252 <unknown>\n#8 0x56348ddd156c <unknown>\n#9 0x56348ddd18ea <unknown>\n#10 0x56348ddedf21 <unknown>\n#11 0x56348de7cb45 <unknown>\n#12 0x56348de5d8a2 <unknown>\n#13 0x56348de7c04a <unknown>\n#14 0x56348de5d643 <unknown>\n#15 0x56348de2dd31 <unknown>\n#16 0x56348de2e79e <unknown>\n#17 0x56348e0e223b <unknown>\n#18 0x56348e0e61d2 <unknown>\n#19 0x56348e0cf5f5 <unknown>\n#20 0x56348e0e6d62 <unknown>\n#21 0x56348e0b423f <unknown>\n#22 0x56348e109e48 <unknown>\n#23 0x56348e10a020 <unknown>\n#24 0x56348e11947c <unknown>\n#25 0x7f60cf2eea94 <unknown>\n#26 0x7f60cf37ba34 __clone","time":{"start":1723594704932,"stop":1723594862480,"duration":157548}},{"uid":"f052991d1cb4c895","reportUrl":"https://robbrad.github.io/UKBinCollectionData/3.12/2025//#testresult/f052991d1cb4c895","status":"failed","statusDetails":"selenium.common.exceptions.WebDriverException: Message: unknown error: net::ERR_CONNECTION_TIMED_OUT\n  (Session info: chrome-headless-shell=127.0.6533.99)\nStacktrace:\n#0 0x562262ade6aa <unknown>\n#1 0x5622627af600 <unknown>\n#2 0x5622627a7631 <unknown>\n#3 0x562262797839 <unknown>\n#4 0x5622627995c4 <unknown>\n#5 0x562262797b05 <unknown>\n#6 0x56226279735f <unknown>\n#7 0x562262797252 <unknown>\n#8 0x56226279556c <unknown>\n#9 0x5622627958ea <unknown>\n#10 0x5622627b1f21 <unknown>\n#11 0x562262840b45 <unknown>\n#12 0x5622628218a2 <unknown>\n#13 0x56226284004a <unknown>\n#14 0x562262821643 <unknown>\n#15 0x5622627f1d31 <unknown>\n#16 0x5622627f279e <unknown>\n#17 0x562262aa623b <unknown>\n#18 0x562262aaa1d2 <unknown>\n#19 0x562262a935f5 <unknown>\n#20 0x562262aaad62 <unknown>\n#21 0x562262a7823f <unknown>\n#22 0x562262acde48 <unknown>\n#23 0x562262ace020 <unknown>\n#24 0x562262add47c <unknown>\n#25 0x7f291af34a94 <unknown>\n#26 0x7f291afc1a34 __clone","time":{"start":1723508460477,"stop":1723508600371,"duration":139894}},{"uid":"18ee932fb1d27c83","reportUrl":"https://robbrad.github.io/UKBinCollectionData/3.12/2024//#testresult/18ee932fb1d27c83","status":"failed","statusDetails":"selenium.common.exceptions.WebDriverException: Message: unknown error: net::ERR_CONNECTION_TIMED_OUT\n  (Session info: chrome-headless-shell=127.0.6533.72)\nStacktrace:\n#0 0x559ff210c6ba <unknown>\n#1 0x559ff1ddc730 <unknown>\n#2 0x559ff1dd4761 <unknown>\n#3 0x559ff1dc48f9 <unknown>\n#4 0x559ff1dc6684 <unknown>\n#5 0x559ff1dc4bc5 <unknown>\n#6 0x559ff1dc4426 <unknown>\n#7 0x559ff1dc431e <unknown>\n#8 0x559ff1dc264c <unknown>\n#9 0x559ff1dc29ca <unknown>\n#10 0x559ff1ddf051 <unknown>\n#11 0x559ff1e6dcc5 <unknown>\n#12 0x559ff1e4ea52 <unknown>\n#13 0x559ff1e6d1ca <unknown>\n#14 0x559ff1e4e7f3 <unknown>\n#15 0x559ff1e1eec9 <unknown>\n#16 0x559ff1e1f91e <unknown>\n#17 0x559ff20d29eb <unknown>\n#18 0x559ff20d6972 <unknown>\n#19 0x559ff20bfe15 <unknown>\n#20 0x559ff20d7502 <unknown>\n#21 0x559ff20a4d2f <unknown>\n#22 0x559ff20fb578 <unknown>\n#23 0x559ff20fb750 <unknown>\n#24 0x559ff210b48c <unknown>\n#25 0x7f33508cda94 <unknown>\n#26 0x7f335095aa34 __clone","time":{"start":1723422051206,"stop":1723422236878,"duration":185672}}]},"tags":[]},"source":"834cc6ee3e57cb1f.json","parameterValues":["PrestonCityCouncil"]}