{"uid":"bb35a746c0468e5d","name":"Validate Council Output [ChichesterDistrictCouncil]","fullName":"features/validate_council_outputs.feature:Validate Council Output","historyId":"0df0b0612684af8f3df3fbd36e6b25ba","time":{"start":1725148870370,"stop":1725148942589,"duration":72219},"status":"failed","statusMessage":"selenium.common.exceptions.TimeoutException: Message: \nStacktrace:\n#0 0x5646f97c38da <unknown>\n#1 0x5646f9491e50 <unknown>\n#2 0x5646f94e1644 <unknown>\n#3 0x5646f94e1931 <unknown>\n#4 0x5646f9527534 <unknown>\n#5 0x5646f95064bd <unknown>\n#6 0x5646f95249c6 <unknown>\n#7 0x5646f9506233 <unknown>\n#8 0x5646f94d4093 <unknown>\n#9 0x5646f94d509e <unknown>\n#10 0x5646f978ab3b <unknown>\n#11 0x5646f978eaf1 <unknown>\n#12 0x5646f9776705 <unknown>\n#13 0x5646f978f662 <unknown>\n#14 0x5646f975b8df <unknown>\n#15 0x5646f97b26d8 <unknown>\n#16 0x5646f97b28a2 <unknown>\n#17 0x5646f97c26cc <unknown>\n#18 0x7f0daf781a94 <unknown>\n#19 0x7f0daf80ea34 __clone","statusTrace":"fixturefunc = <function scrape_step at 0x7f0e220b2f20>\nrequest = <FixtureRequest for <Function test_scenario_outline[ChichesterDistrictCouncil]>>\nkwargs = {'context': <test_validate_council.Context object at 0x7f0e34a7d100>, 'headless_mode': 'True', 'local_browser': 'False', 'selenium_url': 'http://localhost:4444'}\n\n    def call_fixture_func(\n        fixturefunc: _FixtureFunc[FixtureValue], request: FixtureRequest, kwargs\n    ) -> FixtureValue:\n        if is_generator(fixturefunc):\n            fixturefunc = cast(\n                Callable[..., Generator[FixtureValue, None, None]], fixturefunc\n            )\n            generator = fixturefunc(**kwargs)\n            try:\n                fixture_result = next(generator)\n            except StopIteration:\n                raise ValueError(f\"{request.fixturename} did not yield a value\") from None\n            finalizer = functools.partial(_teardown_yield_fixture, fixturefunc, generator)\n            request.addfinalizer(finalizer)\n        else:\n            fixturefunc = cast(Callable[..., FixtureValue], fixturefunc)\n>           fixture_result = fixturefunc(**kwargs)\n\n../../../.cache/pypoetry/virtualenvs/uk-bin-collection-EwS6Gn8s-py3.12/lib/python3.12/site-packages/_pytest/fixtures.py:897: \n_ _ _ _ _ _ _ _ _ _ _ _ _ _ _ _ _ _ _ _ _ _ _ _ _ _ _ _ _ _ _ _ _ _ _ _ _ _ _ _ \nuk_bin_collection/tests/step_defs/test_validate_council.py:100: in scrape_step\n    context.parse_result = CollectData.run()\nuk_bin_collection/uk_bin_collection/collect_data.py:101: in run\n    return self.client_code(\nuk_bin_collection/uk_bin_collection/collect_data.py:121: in client_code\n    return get_bin_data_class.template_method(address_url, **kwargs)\nuk_bin_collection/uk_bin_collection/get_bin_data.py:61: in template_method\n    bin_data_dict = self.get_and_parse_data(this_url, **kwargs)\nuk_bin_collection/uk_bin_collection/get_bin_data.py:84: in get_and_parse_data\n    bin_data_dict = self.parse_data(\"\", url=address_url, **kwargs)\nuk_bin_collection/uk_bin_collection/councils/ChichesterDistrictCouncil.py:72: in parse_data\n    results = wait.until(\n_ _ _ _ _ _ _ _ _ _ _ _ _ _ _ _ _ _ _ _ _ _ _ _ _ _ _ _ _ _ _ _ _ _ _ _ _ _ _ _ \n\nself = <selenium.webdriver.support.wait.WebDriverWait (session=\"cb7ca1a46e5e00402a702c0bda045ca4\")>\nmethod = <function element_to_be_clickable.<locals>._predicate at 0x7f0e21d60400>\nmessage = ''\n\n    def until(self, method: Callable[[D], Union[Literal[False], T]], message: str = \"\") -> T:\n        \"\"\"Calls the method provided with the driver as an argument until the \\\n        return value does not evaluate to ``False``.\n    \n        :param method: callable(WebDriver)\n        :param message: optional message for :exc:`TimeoutException`\n        :returns: the result of the last call to `method`\n        :raises: :exc:`selenium.common.exceptions.TimeoutException` if timeout occurs\n        \"\"\"\n        screen = None\n        stacktrace = None\n    \n        end_time = time.monotonic() + self._timeout\n        while True:\n            try:\n                value = method(self._driver)\n                if value:\n                    return value\n            except self._ignored_exceptions as exc:\n                screen = getattr(exc, \"screen\", None)\n                stacktrace = getattr(exc, \"stacktrace\", None)\n            time.sleep(self._poll)\n            if time.monotonic() > end_time:\n                break\n>       raise TimeoutException(message, screen, stacktrace)\nE       selenium.common.exceptions.TimeoutException: Message: \nE       Stacktrace:\nE       #0 0x5646f97c38da <unknown>\nE       #1 0x5646f9491e50 <unknown>\nE       #2 0x5646f94e1644 <unknown>\nE       #3 0x5646f94e1931 <unknown>\nE       #4 0x5646f9527534 <unknown>\nE       #5 0x5646f95064bd <unknown>\nE       #6 0x5646f95249c6 <unknown>\nE       #7 0x5646f9506233 <unknown>\nE       #8 0x5646f94d4093 <unknown>\nE       #9 0x5646f94d509e <unknown>\nE       #10 0x5646f978ab3b <unknown>\nE       #11 0x5646f978eaf1 <unknown>\nE       #12 0x5646f9776705 <unknown>\nE       #13 0x5646f978f662 <unknown>\nE       #14 0x5646f975b8df <unknown>\nE       #15 0x5646f97b26d8 <unknown>\nE       #16 0x5646f97b28a2 <unknown>\nE       #17 0x5646f97c26cc <unknown>\nE       #18 0x7f0daf781a94 <unknown>\nE       #19 0x7f0daf80ea34 __clone\n\n../../../.cache/pypoetry/virtualenvs/uk-bin-collection-EwS6Gn8s-py3.12/lib/python3.12/site-packages/selenium/webdriver/support/wait.py:105: TimeoutException","flaky":true,"newFailed":true,"newBroken":false,"newPassed":false,"retriesCount":0,"retriesStatusChange":false,"beforeStages":[],"testStage":{"status":"failed","statusMessage":"selenium.common.exceptions.TimeoutException: Message: \nStacktrace:\n#0 0x5646f97c38da <unknown>\n#1 0x5646f9491e50 <unknown>\n#2 0x5646f94e1644 <unknown>\n#3 0x5646f94e1931 <unknown>\n#4 0x5646f9527534 <unknown>\n#5 0x5646f95064bd <unknown>\n#6 0x5646f95249c6 <unknown>\n#7 0x5646f9506233 <unknown>\n#8 0x5646f94d4093 <unknown>\n#9 0x5646f94d509e <unknown>\n#10 0x5646f978ab3b <unknown>\n#11 0x5646f978eaf1 <unknown>\n#12 0x5646f9776705 <unknown>\n#13 0x5646f978f662 <unknown>\n#14 0x5646f975b8df <unknown>\n#15 0x5646f97b26d8 <unknown>\n#16 0x5646f97b28a2 <unknown>\n#17 0x5646f97c26cc <unknown>\n#18 0x7f0daf781a94 <unknown>\n#19 0x7f0daf80ea34 __clone","statusTrace":"fixturefunc = <function scrape_step at 0x7f0e220b2f20>\nrequest = <FixtureRequest for <Function test_scenario_outline[ChichesterDistrictCouncil]>>\nkwargs = {'context': <test_validate_council.Context object at 0x7f0e34a7d100>, 'headless_mode': 'True', 'local_browser': 'False', 'selenium_url': 'http://localhost:4444'}\n\n    def call_fixture_func(\n        fixturefunc: _FixtureFunc[FixtureValue], request: FixtureRequest, kwargs\n    ) -> FixtureValue:\n        if is_generator(fixturefunc):\n            fixturefunc = cast(\n                Callable[..., Generator[FixtureValue, None, None]], fixturefunc\n            )\n            generator = fixturefunc(**kwargs)\n            try:\n                fixture_result = next(generator)\n            except StopIteration:\n                raise ValueError(f\"{request.fixturename} did not yield a value\") from None\n            finalizer = functools.partial(_teardown_yield_fixture, fixturefunc, generator)\n            request.addfinalizer(finalizer)\n        else:\n            fixturefunc = cast(Callable[..., FixtureValue], fixturefunc)\n>           fixture_result = fixturefunc(**kwargs)\n\n../../../.cache/pypoetry/virtualenvs/uk-bin-collection-EwS6Gn8s-py3.12/lib/python3.12/site-packages/_pytest/fixtures.py:897: \n_ _ _ _ _ _ _ _ _ _ _ _ _ _ _ _ _ _ _ _ _ _ _ _ _ _ _ _ _ _ _ _ _ _ _ _ _ _ _ _ \nuk_bin_collection/tests/step_defs/test_validate_council.py:100: in scrape_step\n    context.parse_result = CollectData.run()\nuk_bin_collection/uk_bin_collection/collect_data.py:101: in run\n    return self.client_code(\nuk_bin_collection/uk_bin_collection/collect_data.py:121: in client_code\n    return get_bin_data_class.template_method(address_url, **kwargs)\nuk_bin_collection/uk_bin_collection/get_bin_data.py:61: in template_method\n    bin_data_dict = self.get_and_parse_data(this_url, **kwargs)\nuk_bin_collection/uk_bin_collection/get_bin_data.py:84: in get_and_parse_data\n    bin_data_dict = self.parse_data(\"\", url=address_url, **kwargs)\nuk_bin_collection/uk_bin_collection/councils/ChichesterDistrictCouncil.py:72: in parse_data\n    results = wait.until(\n_ _ _ _ _ _ _ _ _ _ _ _ _ _ _ _ _ _ _ _ _ _ _ _ _ _ _ _ _ _ _ _ _ _ _ _ _ _ _ _ \n\nself = <selenium.webdriver.support.wait.WebDriverWait (session=\"cb7ca1a46e5e00402a702c0bda045ca4\")>\nmethod = <function element_to_be_clickable.<locals>._predicate at 0x7f0e21d60400>\nmessage = ''\n\n    def until(self, method: Callable[[D], Union[Literal[False], T]], message: str = \"\") -> T:\n        \"\"\"Calls the method provided with the driver as an argument until the \\\n        return value does not evaluate to ``False``.\n    \n        :param method: callable(WebDriver)\n        :param message: optional message for :exc:`TimeoutException`\n        :returns: the result of the last call to `method`\n        :raises: :exc:`selenium.common.exceptions.TimeoutException` if timeout occurs\n        \"\"\"\n        screen = None\n        stacktrace = None\n    \n        end_time = time.monotonic() + self._timeout\n        while True:\n            try:\n                value = method(self._driver)\n                if value:\n                    return value\n            except self._ignored_exceptions as exc:\n                screen = getattr(exc, \"screen\", None)\n                stacktrace = getattr(exc, \"stacktrace\", None)\n            time.sleep(self._poll)\n            if time.monotonic() > end_time:\n                break\n>       raise TimeoutException(message, screen, stacktrace)\nE       selenium.common.exceptions.TimeoutException: Message: \nE       Stacktrace:\nE       #0 0x5646f97c38da <unknown>\nE       #1 0x5646f9491e50 <unknown>\nE       #2 0x5646f94e1644 <unknown>\nE       #3 0x5646f94e1931 <unknown>\nE       #4 0x5646f9527534 <unknown>\nE       #5 0x5646f95064bd <unknown>\nE       #6 0x5646f95249c6 <unknown>\nE       #7 0x5646f9506233 <unknown>\nE       #8 0x5646f94d4093 <unknown>\nE       #9 0x5646f94d509e <unknown>\nE       #10 0x5646f978ab3b <unknown>\nE       #11 0x5646f978eaf1 <unknown>\nE       #12 0x5646f9776705 <unknown>\nE       #13 0x5646f978f662 <unknown>\nE       #14 0x5646f975b8df <unknown>\nE       #15 0x5646f97b26d8 <unknown>\nE       #16 0x5646f97b28a2 <unknown>\nE       #17 0x5646f97c26cc <unknown>\nE       #18 0x7f0daf781a94 <unknown>\nE       #19 0x7f0daf80ea34 __clone\n\n../../../.cache/pypoetry/virtualenvs/uk-bin-collection-EwS6Gn8s-py3.12/lib/python3.12/site-packages/selenium/webdriver/support/wait.py:105: TimeoutException","steps":[{"name":"Given the council","time":{"start":1725148870371,"stop":1725148870371,"duration":0},"status":"passed","steps":[],"attachments":[],"parameters":[],"shouldDisplayMessage":false,"stepsCount":0,"attachmentsCount":0,"hasContent":false,"attachmentStep":false},{"name":"When we scrape the data from the council","time":{"start":1725148870372,"stop":1725148942589,"duration":72217},"status":"failed","statusMessage":"Message: \nStacktrace:\n#0 0x5646f97c38da <unknown>\n#1 0x5646f9491e50 <unknown>\n#2 0x5646f94e1644 <unknown>\n#3 0x5646f94e1931 <unknown>\n#4 0x5646f9527534 <unknown>\n#5 0x5646f95064bd <unknown>\n#6 0x5646f95249c6 <unknown>\n#7 0x5646f9506233 <unknown>\n#8 0x5646f94d4093 <unknown>\n#9 0x5646f94d509e <unknown>\n#10 0x5646f978ab3b <unknown>\n#11 0x5646f978eaf1 <unknown>\n#12 0x5646f9776705 <unknown>\n#13 0x5646f978f662 <unknown>\n#14 0x5646f975b8df <unknown>\n#15 0x5646f97b26d8 <unknown>\n#16 0x5646f97b28a2 <unknown>\n#17 0x5646f97c26cc <unknown>\n#18 0x7f0daf781a94 <unknown>\n#19 0x7f0daf80ea34 __clone\n","statusTrace":"selenium.common.exceptions.TimeoutException: Message: \nStacktrace:\n#0 0x5646f97c38da <unknown>\n#1 0x5646f9491e50 <unknown>\n#2 0x5646f94e1644 <unknown>\n#3 0x5646f94e1931 <unknown>\n#4 0x5646f9527534 <unknown>\n#5 0x5646f95064bd <unknown>\n#6 0x5646f95249c6 <unknown>\n#7 0x5646f9506233 <unknown>\n#8 0x5646f94d4093 <unknown>\n#9 0x5646f94d509e <unknown>\n#10 0x5646f978ab3b <unknown>\n#11 0x5646f978eaf1 <unknown>\n#12 0x5646f9776705 <unknown>\n#13 0x5646f978f662 <unknown>\n#14 0x5646f975b8df <unknown>\n#15 0x5646f97b26d8 <unknown>\n#16 0x5646f97b28a2 <unknown>\n#17 0x5646f97c26cc <unknown>\n#18 0x7f0daf781a94 <unknown>\n#19 0x7f0daf80ea34 __clone\n\n","steps":[],"attachments":[],"parameters":[],"shouldDisplayMessage":true,"stepsCount":0,"attachmentsCount":0,"hasContent":true,"attachmentStep":false}],"attachments":[{"uid":"fd0d4f4f61b0203c","name":"stdout","source":"fd0d4f4f61b0203c.txt","type":"text/plain","size":662}],"parameters":[],"shouldDisplayMessage":true,"stepsCount":2,"attachmentsCount":1,"hasContent":true,"attachmentStep":false},"afterStages":[],"labels":[{"name":"host","value":"fv-az1759-78"},{"name":"thread","value":"2833-MainThread"},{"name":"framework","value":"pytest-bdd"},{"name":"language","value":"cpython3"},{"name":"feature","value":"Test each council output matches expected results"},{"name":"resultFormat","value":"allure2"}],"parameters":[{"name":"council","value":"ChichesterDistrictCouncil"}],"links":[],"hidden":false,"retry":false,"extra":{"severity":"normal","retries":[],"categories":[{"name":"Product defects","matchedStatuses":[],"flaky":false}],"history":{"statistic":{"failed":14,"broken":0,"skipped":0,"passed":83,"unknown":0,"total":97},"items":[{"uid":"71e515654f8453af","reportUrl":"https://robbrad.github.io/UKBinCollectionData/3.12/2052//#testresult/71e515654f8453af","status":"passed","time":{"start":1725062480643,"stop":1725062526214,"duration":45571}},{"uid":"8346ee9a9b2225bc","reportUrl":"https://robbrad.github.io/UKBinCollectionData/3.12/2051//#testresult/8346ee9a9b2225bc","status":"passed","time":{"start":1724976073660,"stop":1724976083809,"duration":10149}},{"uid":"4aa09f8aa10365aa","reportUrl":"https://robbrad.github.io/UKBinCollectionData/3.12/2049//#testresult/4aa09f8aa10365aa","status":"passed","time":{"start":1724889691721,"stop":1724889741606,"duration":49885}},{"uid":"fd3894d0dfef3d43","reportUrl":"https://robbrad.github.io/UKBinCollectionData/3.12/2048//#testresult/fd3894d0dfef3d43","status":"passed","time":{"start":1724803275307,"stop":1724803325739,"duration":50432}},{"uid":"2872b68497d834d7","reportUrl":"https://robbrad.github.io/UKBinCollectionData/3.12/2043//#testresult/2872b68497d834d7","status":"failed","statusDetails":"selenium.common.exceptions.NoSuchElementException: Message: Could not locate element with visible text: 7, Plaistow Road, Kirdford, Billingshurst, West Sussex; For documentation on this error, please visit: https://www.selenium.dev/documentation/webdriver/troubleshooting/errors#no-such-element-exception","time":{"start":1724716888723,"stop":1724716935372,"duration":46649}},{"uid":"3f806673016f9d2f","reportUrl":"https://robbrad.github.io/UKBinCollectionData/3.12/2039//#testresult/3f806673016f9d2f","status":"passed","time":{"start":1724630476275,"stop":1724630526643,"duration":50368}},{"uid":"a6240939d311a7e4","reportUrl":"https://robbrad.github.io/UKBinCollectionData/3.12/2038//#testresult/a6240939d311a7e4","status":"passed","time":{"start":1724544069780,"stop":1724544080645,"duration":10865}},{"uid":"963991a4ba49f722","reportUrl":"https://robbrad.github.io/UKBinCollectionData/3.12/2037//#testresult/963991a4ba49f722","status":"passed","time":{"start":1724457673719,"stop":1724457719343,"duration":45624}},{"uid":"3f0e9aff0da2268f","reportUrl":"https://robbrad.github.io/UKBinCollectionData/3.12/2036//#testresult/3f0e9aff0da2268f","status":"passed","time":{"start":1724371277545,"stop":1724371321693,"duration":44148}},{"uid":"4322a0bf61ecb96d","reportUrl":"https://robbrad.github.io/UKBinCollectionData/3.12/2034//#testresult/4322a0bf61ecb96d","status":"passed","time":{"start":1724284878486,"stop":1724284922504,"duration":44018}},{"uid":"e3ee47cddb914925","reportUrl":"https://robbrad.github.io/UKBinCollectionData/3.12/2033//#testresult/e3ee47cddb914925","status":"passed","time":{"start":1724198481691,"stop":1724198522905,"duration":41214}},{"uid":"9edec9210231d8e3","reportUrl":"https://robbrad.github.io/UKBinCollectionData/3.12/2032//#testresult/9edec9210231d8e3","status":"passed","time":{"start":1724112084721,"stop":1724112096776,"duration":12055}},{"uid":"c5d5ae11edad91ae","reportUrl":"https://robbrad.github.io/UKBinCollectionData/3.12/2031//#testresult/c5d5ae11edad91ae","status":"passed","time":{"start":1724025666581,"stop":1724025673682,"duration":7101}},{"uid":"ce03490596852cf2","reportUrl":"https://robbrad.github.io/UKBinCollectionData/3.12/2030//#testresult/ce03490596852cf2","status":"passed","time":{"start":1723939278720,"stop":1723939320505,"duration":41785}},{"uid":"8a4748f8b4e17fed","reportUrl":"https://robbrad.github.io/UKBinCollectionData/3.12/2029//#testresult/8a4748f8b4e17fed","status":"failed","statusDetails":"selenium.common.exceptions.NoSuchElementException: Message: Could not locate element with visible text: 7, Plaistow Road, Kirdford, Billingshurst, West Sussex; For documentation on this error, please visit: https://www.selenium.dev/documentation/webdriver/troubleshooting/errors#no-such-element-exception","time":{"start":1723852872912,"stop":1723852878765,"duration":5853}},{"uid":"5fc58343f320dad7","reportUrl":"https://robbrad.github.io/UKBinCollectionData/3.12/2028//#testresult/5fc58343f320dad7","status":"passed","time":{"start":1723766485669,"stop":1723766492217,"duration":6548}},{"uid":"74a7ae0de3f287c7","reportUrl":"https://robbrad.github.io/UKBinCollectionData/3.12/2027//#testresult/74a7ae0de3f287c7","status":"passed","time":{"start":1723680096290,"stop":1723680139121,"duration":42831}},{"uid":"1019451a6cb49e9d","reportUrl":"https://robbrad.github.io/UKBinCollectionData/3.12/2026//#testresult/1019451a6cb49e9d","status":"passed","time":{"start":1723593688686,"stop":1723593734310,"duration":45624}},{"uid":"666145069dc4179f","reportUrl":"https://robbrad.github.io/UKBinCollectionData/3.12/2025//#testresult/666145069dc4179f","status":"failed","statusDetails":"selenium.common.exceptions.TimeoutException: Message: \nStacktrace:\n#0 0x55e859c186aa <unknown>\n#1 0x55e8598e9600 <unknown>\n#2 0x55e859938bcb <unknown>\n#3 0x55e859938eb1 <unknown>\n#4 0x55e85997cb24 <unknown>\n#5 0x55e85995b8cd <unknown>\n#6 0x55e85997a04a <unknown>\n#7 0x55e85995b643 <unknown>\n#8 0x55e85992bd31 <unknown>\n#9 0x55e85992c79e <unknown>\n#10 0x55e859be023b <unknown>\n#11 0x55e859be41d2 <unknown>\n#12 0x55e859bcd5f5 <unknown>\n#13 0x55e859be4d62 <unknown>\n#14 0x55e859bb223f <unknown>\n#15 0x55e859c07e48 <unknown>\n#16 0x55e859c08020 <unknown>\n#17 0x55e859c1747c <unknown>\n#18 0x7f493ccaaa94 <unknown>\n#19 0x7f493cd37a34 __clone","time":{"start":1723507283843,"stop":1723507532751,"duration":248908}},{"uid":"f798da29290a8e00","reportUrl":"https://robbrad.github.io/UKBinCollectionData/3.12/2024//#testresult/f798da29290a8e00","status":"passed","time":{"start":1723420873386,"stop":1723421013748,"duration":140362}}]},"tags":[]},"source":"bb35a746c0468e5d.json","parameterValues":["ChichesterDistrictCouncil"]}