{"uid":"7599e080872f0845","name":"Validate Council Output [ChichesterDistrictCouncil]","fullName":"features/validate_council_outputs.feature:Validate Council Output","historyId":"0df0b0612684af8f3df3fbd36e6b25ba","time":{"start":1721779274499,"stop":1721779381427,"duration":106928},"status":"failed","statusMessage":"selenium.common.exceptions.TimeoutException: Message: \nStacktrace:\n#0 0x556fc9d0069a <unknown>\n#1 0x556fc99e30dc <unknown>\n#2 0x556fc9a2f931 <unknown>\n#3 0x556fc9a2fa21 <unknown>\n#4 0x556fc9a74234 <unknown>\n#5 0x556fc9a5289d <unknown>\n#6 0x556fc9a715c3 <unknown>\n#7 0x556fc9a52613 <unknown>\n#8 0x556fc9a224f7 <unknown>\n#9 0x556fc9a22e4e <unknown>\n#10 0x556fc9cc686b <unknown>\n#11 0x556fc9cca911 <unknown>\n#12 0x556fc9cb235e <unknown>\n#13 0x556fc9ccb472 <unknown>\n#14 0x556fc9c96cbf <unknown>\n#15 0x556fc9cf0098 <unknown>\n#16 0x556fc9cf0270 <unknown>\n#17 0x556fc9cff7cc <unknown>\n#18 0x7fd2371dbac3 <unknown>","statusTrace":"fixturefunc = <function scrape_step at 0x7f46faeb4fe0>\nrequest = <FixtureRequest for <Function test_scenario_outline[ChichesterDistrictCouncil]>>\nkwargs = {'context': <test_validate_council.Context object at 0x7f46fbb4fa10>, 'headless_mode': 'True', 'local_browser': 'False', 'selenium_url': 'http://localhost:4444'}\n\n    def call_fixture_func(\n        fixturefunc: _FixtureFunc[FixtureValue], request: FixtureRequest, kwargs\n    ) -> FixtureValue:\n        if is_generator(fixturefunc):\n            fixturefunc = cast(\n                Callable[..., Generator[FixtureValue, None, None]], fixturefunc\n            )\n            generator = fixturefunc(**kwargs)\n            try:\n                fixture_result = next(generator)\n            except StopIteration:\n                raise ValueError(f\"{request.fixturename} did not yield a value\") from None\n            finalizer = functools.partial(_teardown_yield_fixture, fixturefunc, generator)\n            request.addfinalizer(finalizer)\n        else:\n            fixturefunc = cast(Callable[..., FixtureValue], fixturefunc)\n>           fixture_result = fixturefunc(**kwargs)\n\n../../../.cache/pypoetry/virtualenvs/uk-bin-collection-EwS6Gn8s-py3.12/lib/python3.12/site-packages/_pytest/fixtures.py:897: \n_ _ _ _ _ _ _ _ _ _ _ _ _ _ _ _ _ _ _ _ _ _ _ _ _ _ _ _ _ _ _ _ _ _ _ _ _ _ _ _ \nuk_bin_collection/tests/step_defs/test_validate_council.py:100: in scrape_step\n    context.parse_result = CollectData.run()\nuk_bin_collection/uk_bin_collection/collect_data.py:101: in run\n    return self.client_code(\nuk_bin_collection/uk_bin_collection/collect_data.py:121: in client_code\n    return get_bin_data_class.template_method(address_url, **kwargs)\nuk_bin_collection/uk_bin_collection/get_bin_data.py:61: in template_method\n    bin_data_dict = self.get_and_parse_data(this_url, **kwargs)\nuk_bin_collection/uk_bin_collection/get_bin_data.py:84: in get_and_parse_data\n    bin_data_dict = self.parse_data(\"\", url=address_url, **kwargs)\nuk_bin_collection/uk_bin_collection/councils/ChichesterDistrictCouncil.py:72: in parse_data\n    results = wait.until(\n_ _ _ _ _ _ _ _ _ _ _ _ _ _ _ _ _ _ _ _ _ _ _ _ _ _ _ _ _ _ _ _ _ _ _ _ _ _ _ _ \n\nself = <selenium.webdriver.support.wait.WebDriverWait (session=\"0ee5b31e37c6541f0b630e4d5a9c9eab\")>\nmethod = <function element_to_be_clickable.<locals>._predicate at 0x7f470e24f600>\nmessage = ''\n\n    def until(self, method: Callable[[D], Union[Literal[False], T]], message: str = \"\") -> T:\n        \"\"\"Calls the method provided with the driver as an argument until the \\\n        return value does not evaluate to ``False``.\n    \n        :param method: callable(WebDriver)\n        :param message: optional message for :exc:`TimeoutException`\n        :returns: the result of the last call to `method`\n        :raises: :exc:`selenium.common.exceptions.TimeoutException` if timeout occurs\n        \"\"\"\n        screen = None\n        stacktrace = None\n    \n        end_time = time.monotonic() + self._timeout\n        while True:\n            try:\n                value = method(self._driver)\n                if value:\n                    return value\n            except self._ignored_exceptions as exc:\n                screen = getattr(exc, \"screen\", None)\n                stacktrace = getattr(exc, \"stacktrace\", None)\n            time.sleep(self._poll)\n            if time.monotonic() > end_time:\n                break\n>       raise TimeoutException(message, screen, stacktrace)\nE       selenium.common.exceptions.TimeoutException: Message: \nE       Stacktrace:\nE       #0 0x556fc9d0069a <unknown>\nE       #1 0x556fc99e30dc <unknown>\nE       #2 0x556fc9a2f931 <unknown>\nE       #3 0x556fc9a2fa21 <unknown>\nE       #4 0x556fc9a74234 <unknown>\nE       #5 0x556fc9a5289d <unknown>\nE       #6 0x556fc9a715c3 <unknown>\nE       #7 0x556fc9a52613 <unknown>\nE       #8 0x556fc9a224f7 <unknown>\nE       #9 0x556fc9a22e4e <unknown>\nE       #10 0x556fc9cc686b <unknown>\nE       #11 0x556fc9cca911 <unknown>\nE       #12 0x556fc9cb235e <unknown>\nE       #13 0x556fc9ccb472 <unknown>\nE       #14 0x556fc9c96cbf <unknown>\nE       #15 0x556fc9cf0098 <unknown>\nE       #16 0x556fc9cf0270 <unknown>\nE       #17 0x556fc9cff7cc <unknown>\nE       #18 0x7fd2371dbac3 <unknown>\n\n../../../.cache/pypoetry/virtualenvs/uk-bin-collection-EwS6Gn8s-py3.12/lib/python3.12/site-packages/selenium/webdriver/support/wait.py:105: TimeoutException","flaky":true,"newFailed":false,"newBroken":false,"newPassed":false,"retriesCount":0,"retriesStatusChange":false,"beforeStages":[],"testStage":{"status":"failed","statusMessage":"selenium.common.exceptions.TimeoutException: Message: \nStacktrace:\n#0 0x556fc9d0069a <unknown>\n#1 0x556fc99e30dc <unknown>\n#2 0x556fc9a2f931 <unknown>\n#3 0x556fc9a2fa21 <unknown>\n#4 0x556fc9a74234 <unknown>\n#5 0x556fc9a5289d <unknown>\n#6 0x556fc9a715c3 <unknown>\n#7 0x556fc9a52613 <unknown>\n#8 0x556fc9a224f7 <unknown>\n#9 0x556fc9a22e4e <unknown>\n#10 0x556fc9cc686b <unknown>\n#11 0x556fc9cca911 <unknown>\n#12 0x556fc9cb235e <unknown>\n#13 0x556fc9ccb472 <unknown>\n#14 0x556fc9c96cbf <unknown>\n#15 0x556fc9cf0098 <unknown>\n#16 0x556fc9cf0270 <unknown>\n#17 0x556fc9cff7cc <unknown>\n#18 0x7fd2371dbac3 <unknown>","statusTrace":"fixturefunc = <function scrape_step at 0x7f46faeb4fe0>\nrequest = <FixtureRequest for <Function test_scenario_outline[ChichesterDistrictCouncil]>>\nkwargs = {'context': <test_validate_council.Context object at 0x7f46fbb4fa10>, 'headless_mode': 'True', 'local_browser': 'False', 'selenium_url': 'http://localhost:4444'}\n\n    def call_fixture_func(\n        fixturefunc: _FixtureFunc[FixtureValue], request: FixtureRequest, kwargs\n    ) -> FixtureValue:\n        if is_generator(fixturefunc):\n            fixturefunc = cast(\n                Callable[..., Generator[FixtureValue, None, None]], fixturefunc\n            )\n            generator = fixturefunc(**kwargs)\n            try:\n                fixture_result = next(generator)\n            except StopIteration:\n                raise ValueError(f\"{request.fixturename} did not yield a value\") from None\n            finalizer = functools.partial(_teardown_yield_fixture, fixturefunc, generator)\n            request.addfinalizer(finalizer)\n        else:\n            fixturefunc = cast(Callable[..., FixtureValue], fixturefunc)\n>           fixture_result = fixturefunc(**kwargs)\n\n../../../.cache/pypoetry/virtualenvs/uk-bin-collection-EwS6Gn8s-py3.12/lib/python3.12/site-packages/_pytest/fixtures.py:897: \n_ _ _ _ _ _ _ _ _ _ _ _ _ _ _ _ _ _ _ _ _ _ _ _ _ _ _ _ _ _ _ _ _ _ _ _ _ _ _ _ \nuk_bin_collection/tests/step_defs/test_validate_council.py:100: in scrape_step\n    context.parse_result = CollectData.run()\nuk_bin_collection/uk_bin_collection/collect_data.py:101: in run\n    return self.client_code(\nuk_bin_collection/uk_bin_collection/collect_data.py:121: in client_code\n    return get_bin_data_class.template_method(address_url, **kwargs)\nuk_bin_collection/uk_bin_collection/get_bin_data.py:61: in template_method\n    bin_data_dict = self.get_and_parse_data(this_url, **kwargs)\nuk_bin_collection/uk_bin_collection/get_bin_data.py:84: in get_and_parse_data\n    bin_data_dict = self.parse_data(\"\", url=address_url, **kwargs)\nuk_bin_collection/uk_bin_collection/councils/ChichesterDistrictCouncil.py:72: in parse_data\n    results = wait.until(\n_ _ _ _ _ _ _ _ _ _ _ _ _ _ _ _ _ _ _ _ _ _ _ _ _ _ _ _ _ _ _ _ _ _ _ _ _ _ _ _ \n\nself = <selenium.webdriver.support.wait.WebDriverWait (session=\"0ee5b31e37c6541f0b630e4d5a9c9eab\")>\nmethod = <function element_to_be_clickable.<locals>._predicate at 0x7f470e24f600>\nmessage = ''\n\n    def until(self, method: Callable[[D], Union[Literal[False], T]], message: str = \"\") -> T:\n        \"\"\"Calls the method provided with the driver as an argument until the \\\n        return value does not evaluate to ``False``.\n    \n        :param method: callable(WebDriver)\n        :param message: optional message for :exc:`TimeoutException`\n        :returns: the result of the last call to `method`\n        :raises: :exc:`selenium.common.exceptions.TimeoutException` if timeout occurs\n        \"\"\"\n        screen = None\n        stacktrace = None\n    \n        end_time = time.monotonic() + self._timeout\n        while True:\n            try:\n                value = method(self._driver)\n                if value:\n                    return value\n            except self._ignored_exceptions as exc:\n                screen = getattr(exc, \"screen\", None)\n                stacktrace = getattr(exc, \"stacktrace\", None)\n            time.sleep(self._poll)\n            if time.monotonic() > end_time:\n                break\n>       raise TimeoutException(message, screen, stacktrace)\nE       selenium.common.exceptions.TimeoutException: Message: \nE       Stacktrace:\nE       #0 0x556fc9d0069a <unknown>\nE       #1 0x556fc99e30dc <unknown>\nE       #2 0x556fc9a2f931 <unknown>\nE       #3 0x556fc9a2fa21 <unknown>\nE       #4 0x556fc9a74234 <unknown>\nE       #5 0x556fc9a5289d <unknown>\nE       #6 0x556fc9a715c3 <unknown>\nE       #7 0x556fc9a52613 <unknown>\nE       #8 0x556fc9a224f7 <unknown>\nE       #9 0x556fc9a22e4e <unknown>\nE       #10 0x556fc9cc686b <unknown>\nE       #11 0x556fc9cca911 <unknown>\nE       #12 0x556fc9cb235e <unknown>\nE       #13 0x556fc9ccb472 <unknown>\nE       #14 0x556fc9c96cbf <unknown>\nE       #15 0x556fc9cf0098 <unknown>\nE       #16 0x556fc9cf0270 <unknown>\nE       #17 0x556fc9cff7cc <unknown>\nE       #18 0x7fd2371dbac3 <unknown>\n\n../../../.cache/pypoetry/virtualenvs/uk-bin-collection-EwS6Gn8s-py3.12/lib/python3.12/site-packages/selenium/webdriver/support/wait.py:105: TimeoutException","steps":[{"name":"Given the council","time":{"start":1721779274500,"stop":1721779274501,"duration":1},"status":"passed","steps":[],"attachments":[],"parameters":[],"shouldDisplayMessage":false,"stepsCount":0,"attachmentsCount":0,"hasContent":false,"attachmentStep":false},{"name":"When we scrape the data from the council","time":{"start":1721779274501,"stop":1721779381427,"duration":106926},"status":"failed","statusMessage":"Message: \nStacktrace:\n#0 0x556fc9d0069a <unknown>\n#1 0x556fc99e30dc <unknown>\n#2 0x556fc9a2f931 <unknown>\n#3 0x556fc9a2fa21 <unknown>\n#4 0x556fc9a74234 <unknown>\n#5 0x556fc9a5289d <unknown>\n#6 0x556fc9a715c3 <unknown>\n#7 0x556fc9a52613 <unknown>\n#8 0x556fc9a224f7 <unknown>\n#9 0x556fc9a22e4e <unknown>\n#10 0x556fc9cc686b <unknown>\n#11 0x556fc9cca911 <unknown>\n#12 0x556fc9cb235e <unknown>\n#13 0x556fc9ccb472 <unknown>\n#14 0x556fc9c96cbf <unknown>\n#15 0x556fc9cf0098 <unknown>\n#16 0x556fc9cf0270 <unknown>\n#17 0x556fc9cff7cc <unknown>\n#18 0x7fd2371dbac3 <unknown>\n","statusTrace":"selenium.common.exceptions.TimeoutException: Message: \nStacktrace:\n#0 0x556fc9d0069a <unknown>\n#1 0x556fc99e30dc <unknown>\n#2 0x556fc9a2f931 <unknown>\n#3 0x556fc9a2fa21 <unknown>\n#4 0x556fc9a74234 <unknown>\n#5 0x556fc9a5289d <unknown>\n#6 0x556fc9a715c3 <unknown>\n#7 0x556fc9a52613 <unknown>\n#8 0x556fc9a224f7 <unknown>\n#9 0x556fc9a22e4e <unknown>\n#10 0x556fc9cc686b <unknown>\n#11 0x556fc9cca911 <unknown>\n#12 0x556fc9cb235e <unknown>\n#13 0x556fc9ccb472 <unknown>\n#14 0x556fc9c96cbf <unknown>\n#15 0x556fc9cf0098 <unknown>\n#16 0x556fc9cf0270 <unknown>\n#17 0x556fc9cff7cc <unknown>\n#18 0x7fd2371dbac3 <unknown>\n\n","steps":[],"attachments":[],"parameters":[],"shouldDisplayMessage":true,"stepsCount":0,"attachmentsCount":0,"hasContent":true,"attachmentStep":false}],"attachments":[{"uid":"a2d09759a0623878","name":"stdout","source":"a2d09759a0623878.txt","type":"text/plain","size":635}],"parameters":[],"shouldDisplayMessage":true,"stepsCount":2,"attachmentsCount":1,"hasContent":true,"attachmentStep":false},"afterStages":[],"labels":[{"name":"host","value":"fv-az2021-492"},{"name":"thread","value":"2728-MainThread"},{"name":"framework","value":"pytest-bdd"},{"name":"language","value":"cpython3"},{"name":"feature","value":"Test each council output matches expected results"},{"name":"resultFormat","value":"allure2"}],"parameters":[{"name":"council","value":"ChichesterDistrictCouncil"}],"links":[],"hidden":false,"retry":false,"extra":{"severity":"normal","retries":[],"categories":[{"name":"Product defects","matchedStatuses":[],"flaky":false}],"history":{"statistic":{"failed":4,"broken":0,"skipped":0,"passed":54,"unknown":0,"total":58},"items":[{"uid":"30cd2c7b3bd811b0","reportUrl":"https://robbrad.github.io/UKBinCollectionData/3.12/1990//#testresult/30cd2c7b3bd811b0","status":"failed","statusDetails":"selenium.common.exceptions.NoSuchElementException: Message: Could not locate element with visible text: 7, Plaistow Road, Kirdford, Billingshurst, West Sussex; For documentation on this error, please visit: https://www.selenium.dev/documentation/webdriver/troubleshooting/errors#no-such-element-exception","time":{"start":1721692874237,"stop":1721692909729,"duration":35492}},{"uid":"76237fb5610755a2","reportUrl":"https://robbrad.github.io/UKBinCollectionData/3.12/1989//#testresult/76237fb5610755a2","status":"passed","time":{"start":1721606489319,"stop":1721606519452,"duration":30133}},{"uid":"776b2a77a0cdb43d","reportUrl":"https://robbrad.github.io/UKBinCollectionData/3.12/1988//#testresult/776b2a77a0cdb43d","status":"passed","time":{"start":1721520086653,"stop":1721520133119,"duration":46466}},{"uid":"fc328d537d1f43dd","reportUrl":"https://robbrad.github.io/UKBinCollectionData/3.12/1987//#testresult/fc328d537d1f43dd","status":"failed","statusDetails":"selenium.common.exceptions.TimeoutException: Message: \nStacktrace:\n#0 0x55785f2f169a <unknown>\n#1 0x55785efd40dc <unknown>\n#2 0x55785f020931 <unknown>\n#3 0x55785f020a21 <unknown>\n#4 0x55785f065234 <unknown>\n#5 0x55785f04389d <unknown>\n#6 0x55785f0625c3 <unknown>\n#7 0x55785f043613 <unknown>\n#8 0x55785f0134f7 <unknown>\n#9 0x55785f013e4e <unknown>\n#10 0x55785f2b786b <unknown>\n#11 0x55785f2bb911 <unknown>\n#12 0x55785f2a335e <unknown>\n#13 0x55785f2bc472 <unknown>\n#14 0x55785f287cbf <unknown>\n#15 0x55785f2e1098 <unknown>\n#16 0x55785f2e1270 <unknown>\n#17 0x55785f2f07cc <unknown>\n#18 0x7f4bcd8c2ac3 <unknown>","time":{"start":1721433679347,"stop":1721433776578,"duration":97231}},{"uid":"696eccb8fa04574","reportUrl":"https://robbrad.github.io/UKBinCollectionData/3.12/1986//#testresult/696eccb8fa04574","status":"passed","time":{"start":1721371789244,"stop":1721371815845,"duration":26601}},{"uid":"b526e5b7317a1ea9","reportUrl":"https://robbrad.github.io/UKBinCollectionData/3.12/1985//#testresult/b526e5b7317a1ea9","status":"passed","time":{"start":1721262565993,"stop":1721262600664,"duration":34671}},{"uid":"1610c3b1babed3a2","reportUrl":"https://robbrad.github.io/UKBinCollectionData/3.12/1984//#testresult/1610c3b1babed3a2","status":"passed","time":{"start":1721176184215,"stop":1721176227520,"duration":43305}},{"uid":"ec66459d2856746b","reportUrl":"https://robbrad.github.io/UKBinCollectionData/3.12/1983//#testresult/ec66459d2856746b","status":"passed","time":{"start":1721089777470,"stop":1721089802348,"duration":24878}},{"uid":"815ff2468d6e3129","reportUrl":"https://robbrad.github.io/UKBinCollectionData/3.12/1982//#testresult/815ff2468d6e3129","status":"passed","time":{"start":1721003471108,"stop":1721003510606,"duration":39498}},{"uid":"bf24dd5066b8479e","reportUrl":"https://robbrad.github.io/UKBinCollectionData/3.12/1981//#testresult/bf24dd5066b8479e","status":"passed","time":{"start":1720917190569,"stop":1720917228439,"duration":37870}},{"uid":"8abe0c3432d21f95","reportUrl":"https://robbrad.github.io/UKBinCollectionData/3.12/1980//#testresult/8abe0c3432d21f95","status":"passed","time":{"start":1720830563392,"stop":1720830589176,"duration":25784}},{"uid":"3d055e55c7eaa3e4","reportUrl":"https://robbrad.github.io/UKBinCollectionData/3.12/1979//#testresult/3d055e55c7eaa3e4","status":"passed","time":{"start":1720744140184,"stop":1720744180857,"duration":40673}},{"uid":"d9b1007f12a3a0fa","reportUrl":"https://robbrad.github.io/UKBinCollectionData/3.12/1978//#testresult/d9b1007f12a3a0fa","status":"passed","time":{"start":1720657793659,"stop":1720657822379,"duration":28720}},{"uid":"e644b158fb134a52","reportUrl":"https://robbrad.github.io/UKBinCollectionData/3.12/1977//#testresult/e644b158fb134a52","status":"failed","statusDetails":"selenium.common.exceptions.NoSuchElementException: Message: Could not locate element with visible text: 7, Plaistow Road, Kirdford, Billingshurst, West Sussex; For documentation on this error, please visit: https://www.selenium.dev/documentation/webdriver/troubleshooting/errors#no-such-element-exception","time":{"start":1720571388966,"stop":1720571422337,"duration":33371}},{"uid":"860735d7c596f460","reportUrl":"https://robbrad.github.io/UKBinCollectionData/3.12/1976//#testresult/860735d7c596f460","status":"passed","time":{"start":1720484939811,"stop":1720484964592,"duration":24781}},{"uid":"f6c12b5d6be6c5c5","reportUrl":"https://robbrad.github.io/UKBinCollectionData/3.12/1975//#testresult/f6c12b5d6be6c5c5","status":"passed","time":{"start":1720398636138,"stop":1720398662281,"duration":26143}},{"uid":"58472cbc925bf46b","reportUrl":"https://robbrad.github.io/UKBinCollectionData/3.12/1971//#testresult/58472cbc925bf46b","status":"passed","time":{"start":1720312324122,"stop":1720312371929,"duration":47807}},{"uid":"3e4fab307313e304","reportUrl":"https://robbrad.github.io/UKBinCollectionData/3.12/1970//#testresult/3e4fab307313e304","status":"passed","time":{"start":1720225688408,"stop":1720225726929,"duration":38521}},{"uid":"a0cb38b6589202ac","reportUrl":"https://robbrad.github.io/UKBinCollectionData/3.12/1969//#testresult/a0cb38b6589202ac","status":"passed","time":{"start":1720139317325,"stop":1720139342492,"duration":25167}},{"uid":"ad990da2a049cc1f","reportUrl":"https://robbrad.github.io/UKBinCollectionData/3.12/1968//#testresult/ad990da2a049cc1f","status":"passed","time":{"start":1720052924067,"stop":1720052960838,"duration":36771}}]},"tags":[]},"source":"7599e080872f0845.json","parameterValues":["ChichesterDistrictCouncil"]}