{"uid":"cb3ff8e89ab75a42","name":"Validate Council Output [NeathPortTalbotCouncil-http://selenium:4444-local]","fullName":"features/validate_council_outputs.feature:Validate Council Output","historyId":"68717d64a9b5b73045a4198b6f1e2a64","time":{"start":1709857679012,"stop":1709857684766,"duration":5754},"status":"failed","statusMessage":"selenium.common.exceptions.NoSuchElementException: Message: no such element: Unable to locate element: {\"method\":\"css selector\",\"selector\":\"[id=\"ContentPlaceHolderDefault_ctl13_nptLLPG2_25_addresslookup_txtTmpPostcode\"]\"}\n  (Session info: chrome-headless-shell=122.0.6261.94); For documentation on this error, please visit: https://www.selenium.dev/documentation/webdriver/troubleshooting/errors#no-such-element-exception\nStacktrace:\n#0 0x5638f2f5bec3 <unknown>\n#1 0x5638f2c53ce6 <unknown>\n#2 0x5638f2c9ee48 <unknown>\n#3 0x5638f2c9ef01 <unknown>\n#4 0x5638f2ce23f4 <unknown>\n#5 0x5638f2cc0edd <unknown>\n#6 0x5638f2cdf899 <unknown>\n#7 0x5638f2cc0c53 <unknown>\n#8 0x5638f2c91db3 <unknown>\n#9 0x5638f2c9277e <unknown>\n#10 0x5638f2f217fb <unknown>\n#11 0x5638f2f25815 <unknown>\n#12 0x5638f2f0f111 <unknown>\n#13 0x5638f2f263a2 <unknown>\n#14 0x5638f2ef31ef <unknown>\n#15 0x5638f2f4a4b8 <unknown>\n#16 0x5638f2f4a6b3 <unknown>\n#17 0x5638f2f5b074 <unknown>\n#18 0x7fc70a294ac3 <unknown>","statusTrace":"fixturefunc = <function scrape_step at 0x7f7c199d8e00>\nrequest = <FixtureRequest for <Function test_scenario_outline[NeathPortTalbotCouncil-http://selenium:4444-local]>>\nkwargs = {'context': <test_validate_council.context.<locals>.Context object at 0x7f7c1919a550>, 'council': 'NeathPortTalbotCouncil', 'selenium_mode': 'local', 'selenium_url': 'http://selenium:4444'}\n\n    def call_fixture_func(\n        fixturefunc: \"_FixtureFunc[FixtureValue]\", request: FixtureRequest, kwargs\n    ) -> FixtureValue:\n        if is_generator(fixturefunc):\n            fixturefunc = cast(\n                Callable[..., Generator[FixtureValue, None, None]], fixturefunc\n            )\n            generator = fixturefunc(**kwargs)\n            try:\n                fixture_result = next(generator)\n            except StopIteration:\n                raise ValueError(f\"{request.fixturename} did not yield a value\") from None\n            finalizer = functools.partial(_teardown_yield_fixture, fixturefunc, generator)\n            request.addfinalizer(finalizer)\n        else:\n            fixturefunc = cast(Callable[..., FixtureValue], fixturefunc)\n>           fixture_result = fixturefunc(**kwargs)\n\n../../../.cache/pypoetry/virtualenvs/uk-bin-collection-EwS6Gn8s-py3.11/lib/python3.11/site-packages/_pytest/fixtures.py:902: \n_ _ _ _ _ _ _ _ _ _ _ _ _ _ _ _ _ _ _ _ _ _ _ _ _ _ _ _ _ _ _ _ _ _ _ _ _ _ _ _ \nuk_bin_collection/tests/step_defs/test_validate_council.py:92: in scrape_step\n    context.parse_result = CollectData.run()\nuk_bin_collection/uk_bin_collection/collect_data.py:96: in run\n    return self.client_code(\nuk_bin_collection/uk_bin_collection/collect_data.py:115: in client_code\n    return get_bin_data_class.template_method(address_url, **kwargs)\nuk_bin_collection/uk_bin_collection/get_bin_data.py:78: in template_method\n    bin_data_dict = self.parse_data(\nuk_bin_collection/uk_bin_collection/councils/NeathPortTalbotCouncil.py:42: in parse_data\n    inputElement_postcode = driver.find_element(\n../../../.cache/pypoetry/virtualenvs/uk-bin-collection-EwS6Gn8s-py3.11/lib/python3.11/site-packages/selenium/webdriver/remote/webdriver.py:738: in find_element\n    return self.execute(Command.FIND_ELEMENT, {\"using\": by, \"value\": value})[\"value\"]\n../../../.cache/pypoetry/virtualenvs/uk-bin-collection-EwS6Gn8s-py3.11/lib/python3.11/site-packages/selenium/webdriver/remote/webdriver.py:344: in execute\n    self.error_handler.check_response(response)\n_ _ _ _ _ _ _ _ _ _ _ _ _ _ _ _ _ _ _ _ _ _ _ _ _ _ _ _ _ _ _ _ _ _ _ _ _ _ _ _ \n\nself = <selenium.webdriver.remote.errorhandler.ErrorHandler object at 0x7f7c1853b1d0>\nresponse = {'status': 404, 'value': '{\"value\":{\"error\":\"no such element\",\"message\":\"no such element: Unable to locate element: {\\...\\\\n#16 0x5638f2f4a6b3 \\\\u003Cunknown>\\\\n#17 0x5638f2f5b074 \\\\u003Cunknown>\\\\n#18 0x7fc70a294ac3 \\\\u003Cunknown>\\\\n\"}}'}\n\n    def check_response(self, response: Dict[str, Any]) -> None:\n        \"\"\"Checks that a JSON response from the WebDriver does not have an\n        error.\n    \n        :Args:\n         - response - The JSON response from the WebDriver server as a dictionary\n           object.\n    \n        :Raises: If the response contains an error message.\n        \"\"\"\n        status = response.get(\"status\", None)\n        if not status or status == ErrorCode.SUCCESS:\n            return\n        value = None\n        message = response.get(\"message\", \"\")\n        screen: str = response.get(\"screen\", \"\")\n        stacktrace = None\n        if isinstance(status, int):\n            value_json = response.get(\"value\", None)\n            if value_json and isinstance(value_json, str):\n                import json\n    \n                try:\n                    value = json.loads(value_json)\n                    if len(value) == 1:\n                        value = value[\"value\"]\n                    status = value.get(\"error\", None)\n                    if not status:\n                        status = value.get(\"status\", ErrorCode.UNKNOWN_ERROR)\n                        message = value.get(\"value\") or value.get(\"message\")\n                        if not isinstance(message, str):\n                            value = message\n                            message = message.get(\"message\")\n                    else:\n                        message = value.get(\"message\", None)\n                except ValueError:\n                    pass\n    \n        exception_class: Type[WebDriverException]\n        e = ErrorCode()\n        error_codes = [item for item in dir(e) if not item.startswith(\"__\")]\n        for error_code in error_codes:\n            error_info = getattr(ErrorCode, error_code)\n            if isinstance(error_info, list) and status in error_info:\n                exception_class = getattr(ExceptionMapping, error_code, WebDriverException)\n                break\n        else:\n            exception_class = WebDriverException\n    \n        if not value:\n            value = response[\"value\"]\n        if isinstance(value, str):\n            raise exception_class(value)\n        if message == \"\" and \"message\" in value:\n            message = value[\"message\"]\n    \n        screen = None  # type: ignore[assignment]\n        if \"screen\" in value:\n            screen = value[\"screen\"]\n    \n        stacktrace = None\n        st_value = value.get(\"stackTrace\") or value.get(\"stacktrace\")\n        if st_value:\n            if isinstance(st_value, str):\n                stacktrace = st_value.split(\"\\n\")\n            else:\n                stacktrace = []\n                try:\n                    for frame in st_value:\n                        line = frame.get(\"lineNumber\", \"\")\n                        file = frame.get(\"fileName\", \"<anonymous>\")\n                        if line:\n                            file = f\"{file}:{line}\"\n                        meth = frame.get(\"methodName\", \"<anonymous>\")\n                        if \"className\" in frame:\n                            meth = f\"{frame['className']}.{meth}\"\n                        msg = \"    at %s (%s)\"\n                        msg = msg % (meth, file)\n                        stacktrace.append(msg)\n                except TypeError:\n                    pass\n        if exception_class == UnexpectedAlertPresentException:\n            alert_text = None\n            if \"data\" in value:\n                alert_text = value[\"data\"].get(\"text\")\n            elif \"alert\" in value:\n                alert_text = value[\"alert\"].get(\"text\")\n            raise exception_class(message, screen, stacktrace, alert_text)  # type: ignore[call-arg]  # mypy is not smart enough here\n>       raise exception_class(message, screen, stacktrace)\nE       selenium.common.exceptions.NoSuchElementException: Message: no such element: Unable to locate element: {\"method\":\"css selector\",\"selector\":\"[id=\"ContentPlaceHolderDefault_ctl13_nptLLPG2_25_addresslookup_txtTmpPostcode\"]\"}\nE         (Session info: chrome-headless-shell=122.0.6261.94); For documentation on this error, please visit: https://www.selenium.dev/documentation/webdriver/troubleshooting/errors#no-such-element-exception\nE       Stacktrace:\nE       #0 0x5638f2f5bec3 <unknown>\nE       #1 0x5638f2c53ce6 <unknown>\nE       #2 0x5638f2c9ee48 <unknown>\nE       #3 0x5638f2c9ef01 <unknown>\nE       #4 0x5638f2ce23f4 <unknown>\nE       #5 0x5638f2cc0edd <unknown>\nE       #6 0x5638f2cdf899 <unknown>\nE       #7 0x5638f2cc0c53 <unknown>\nE       #8 0x5638f2c91db3 <unknown>\nE       #9 0x5638f2c9277e <unknown>\nE       #10 0x5638f2f217fb <unknown>\nE       #11 0x5638f2f25815 <unknown>\nE       #12 0x5638f2f0f111 <unknown>\nE       #13 0x5638f2f263a2 <unknown>\nE       #14 0x5638f2ef31ef <unknown>\nE       #15 0x5638f2f4a4b8 <unknown>\nE       #16 0x5638f2f4a6b3 <unknown>\nE       #17 0x5638f2f5b074 <unknown>\nE       #18 0x7fc70a294ac3 <unknown>\n\n../../../.cache/pypoetry/virtualenvs/uk-bin-collection-EwS6Gn8s-py3.11/lib/python3.11/site-packages/selenium/webdriver/remote/errorhandler.py:229: NoSuchElementException","flaky":false,"newFailed":false,"newBroken":false,"newPassed":false,"retriesCount":0,"retriesStatusChange":false,"beforeStages":[],"testStage":{"status":"failed","statusMessage":"selenium.common.exceptions.NoSuchElementException: Message: no such element: Unable to locate element: {\"method\":\"css selector\",\"selector\":\"[id=\"ContentPlaceHolderDefault_ctl13_nptLLPG2_25_addresslookup_txtTmpPostcode\"]\"}\n  (Session info: chrome-headless-shell=122.0.6261.94); For documentation on this error, please visit: https://www.selenium.dev/documentation/webdriver/troubleshooting/errors#no-such-element-exception\nStacktrace:\n#0 0x5638f2f5bec3 <unknown>\n#1 0x5638f2c53ce6 <unknown>\n#2 0x5638f2c9ee48 <unknown>\n#3 0x5638f2c9ef01 <unknown>\n#4 0x5638f2ce23f4 <unknown>\n#5 0x5638f2cc0edd <unknown>\n#6 0x5638f2cdf899 <unknown>\n#7 0x5638f2cc0c53 <unknown>\n#8 0x5638f2c91db3 <unknown>\n#9 0x5638f2c9277e <unknown>\n#10 0x5638f2f217fb <unknown>\n#11 0x5638f2f25815 <unknown>\n#12 0x5638f2f0f111 <unknown>\n#13 0x5638f2f263a2 <unknown>\n#14 0x5638f2ef31ef <unknown>\n#15 0x5638f2f4a4b8 <unknown>\n#16 0x5638f2f4a6b3 <unknown>\n#17 0x5638f2f5b074 <unknown>\n#18 0x7fc70a294ac3 <unknown>","statusTrace":"fixturefunc = <function scrape_step at 0x7f7c199d8e00>\nrequest = <FixtureRequest for <Function test_scenario_outline[NeathPortTalbotCouncil-http://selenium:4444-local]>>\nkwargs = {'context': <test_validate_council.context.<locals>.Context object at 0x7f7c1919a550>, 'council': 'NeathPortTalbotCouncil', 'selenium_mode': 'local', 'selenium_url': 'http://selenium:4444'}\n\n    def call_fixture_func(\n        fixturefunc: \"_FixtureFunc[FixtureValue]\", request: FixtureRequest, kwargs\n    ) -> FixtureValue:\n        if is_generator(fixturefunc):\n            fixturefunc = cast(\n                Callable[..., Generator[FixtureValue, None, None]], fixturefunc\n            )\n            generator = fixturefunc(**kwargs)\n            try:\n                fixture_result = next(generator)\n            except StopIteration:\n                raise ValueError(f\"{request.fixturename} did not yield a value\") from None\n            finalizer = functools.partial(_teardown_yield_fixture, fixturefunc, generator)\n            request.addfinalizer(finalizer)\n        else:\n            fixturefunc = cast(Callable[..., FixtureValue], fixturefunc)\n>           fixture_result = fixturefunc(**kwargs)\n\n../../../.cache/pypoetry/virtualenvs/uk-bin-collection-EwS6Gn8s-py3.11/lib/python3.11/site-packages/_pytest/fixtures.py:902: \n_ _ _ _ _ _ _ _ _ _ _ _ _ _ _ _ _ _ _ _ _ _ _ _ _ _ _ _ _ _ _ _ _ _ _ _ _ _ _ _ \nuk_bin_collection/tests/step_defs/test_validate_council.py:92: in scrape_step\n    context.parse_result = CollectData.run()\nuk_bin_collection/uk_bin_collection/collect_data.py:96: in run\n    return self.client_code(\nuk_bin_collection/uk_bin_collection/collect_data.py:115: in client_code\n    return get_bin_data_class.template_method(address_url, **kwargs)\nuk_bin_collection/uk_bin_collection/get_bin_data.py:78: in template_method\n    bin_data_dict = self.parse_data(\nuk_bin_collection/uk_bin_collection/councils/NeathPortTalbotCouncil.py:42: in parse_data\n    inputElement_postcode = driver.find_element(\n../../../.cache/pypoetry/virtualenvs/uk-bin-collection-EwS6Gn8s-py3.11/lib/python3.11/site-packages/selenium/webdriver/remote/webdriver.py:738: in find_element\n    return self.execute(Command.FIND_ELEMENT, {\"using\": by, \"value\": value})[\"value\"]\n../../../.cache/pypoetry/virtualenvs/uk-bin-collection-EwS6Gn8s-py3.11/lib/python3.11/site-packages/selenium/webdriver/remote/webdriver.py:344: in execute\n    self.error_handler.check_response(response)\n_ _ _ _ _ _ _ _ _ _ _ _ _ _ _ _ _ _ _ _ _ _ _ _ _ _ _ _ _ _ _ _ _ _ _ _ _ _ _ _ \n\nself = <selenium.webdriver.remote.errorhandler.ErrorHandler object at 0x7f7c1853b1d0>\nresponse = {'status': 404, 'value': '{\"value\":{\"error\":\"no such element\",\"message\":\"no such element: Unable to locate element: {\\...\\\\n#16 0x5638f2f4a6b3 \\\\u003Cunknown>\\\\n#17 0x5638f2f5b074 \\\\u003Cunknown>\\\\n#18 0x7fc70a294ac3 \\\\u003Cunknown>\\\\n\"}}'}\n\n    def check_response(self, response: Dict[str, Any]) -> None:\n        \"\"\"Checks that a JSON response from the WebDriver does not have an\n        error.\n    \n        :Args:\n         - response - The JSON response from the WebDriver server as a dictionary\n           object.\n    \n        :Raises: If the response contains an error message.\n        \"\"\"\n        status = response.get(\"status\", None)\n        if not status or status == ErrorCode.SUCCESS:\n            return\n        value = None\n        message = response.get(\"message\", \"\")\n        screen: str = response.get(\"screen\", \"\")\n        stacktrace = None\n        if isinstance(status, int):\n            value_json = response.get(\"value\", None)\n            if value_json and isinstance(value_json, str):\n                import json\n    \n                try:\n                    value = json.loads(value_json)\n                    if len(value) == 1:\n                        value = value[\"value\"]\n                    status = value.get(\"error\", None)\n                    if not status:\n                        status = value.get(\"status\", ErrorCode.UNKNOWN_ERROR)\n                        message = value.get(\"value\") or value.get(\"message\")\n                        if not isinstance(message, str):\n                            value = message\n                            message = message.get(\"message\")\n                    else:\n                        message = value.get(\"message\", None)\n                except ValueError:\n                    pass\n    \n        exception_class: Type[WebDriverException]\n        e = ErrorCode()\n        error_codes = [item for item in dir(e) if not item.startswith(\"__\")]\n        for error_code in error_codes:\n            error_info = getattr(ErrorCode, error_code)\n            if isinstance(error_info, list) and status in error_info:\n                exception_class = getattr(ExceptionMapping, error_code, WebDriverException)\n                break\n        else:\n            exception_class = WebDriverException\n    \n        if not value:\n            value = response[\"value\"]\n        if isinstance(value, str):\n            raise exception_class(value)\n        if message == \"\" and \"message\" in value:\n            message = value[\"message\"]\n    \n        screen = None  # type: ignore[assignment]\n        if \"screen\" in value:\n            screen = value[\"screen\"]\n    \n        stacktrace = None\n        st_value = value.get(\"stackTrace\") or value.get(\"stacktrace\")\n        if st_value:\n            if isinstance(st_value, str):\n                stacktrace = st_value.split(\"\\n\")\n            else:\n                stacktrace = []\n                try:\n                    for frame in st_value:\n                        line = frame.get(\"lineNumber\", \"\")\n                        file = frame.get(\"fileName\", \"<anonymous>\")\n                        if line:\n                            file = f\"{file}:{line}\"\n                        meth = frame.get(\"methodName\", \"<anonymous>\")\n                        if \"className\" in frame:\n                            meth = f\"{frame['className']}.{meth}\"\n                        msg = \"    at %s (%s)\"\n                        msg = msg % (meth, file)\n                        stacktrace.append(msg)\n                except TypeError:\n                    pass\n        if exception_class == UnexpectedAlertPresentException:\n            alert_text = None\n            if \"data\" in value:\n                alert_text = value[\"data\"].get(\"text\")\n            elif \"alert\" in value:\n                alert_text = value[\"alert\"].get(\"text\")\n            raise exception_class(message, screen, stacktrace, alert_text)  # type: ignore[call-arg]  # mypy is not smart enough here\n>       raise exception_class(message, screen, stacktrace)\nE       selenium.common.exceptions.NoSuchElementException: Message: no such element: Unable to locate element: {\"method\":\"css selector\",\"selector\":\"[id=\"ContentPlaceHolderDefault_ctl13_nptLLPG2_25_addresslookup_txtTmpPostcode\"]\"}\nE         (Session info: chrome-headless-shell=122.0.6261.94); For documentation on this error, please visit: https://www.selenium.dev/documentation/webdriver/troubleshooting/errors#no-such-element-exception\nE       Stacktrace:\nE       #0 0x5638f2f5bec3 <unknown>\nE       #1 0x5638f2c53ce6 <unknown>\nE       #2 0x5638f2c9ee48 <unknown>\nE       #3 0x5638f2c9ef01 <unknown>\nE       #4 0x5638f2ce23f4 <unknown>\nE       #5 0x5638f2cc0edd <unknown>\nE       #6 0x5638f2cdf899 <unknown>\nE       #7 0x5638f2cc0c53 <unknown>\nE       #8 0x5638f2c91db3 <unknown>\nE       #9 0x5638f2c9277e <unknown>\nE       #10 0x5638f2f217fb <unknown>\nE       #11 0x5638f2f25815 <unknown>\nE       #12 0x5638f2f0f111 <unknown>\nE       #13 0x5638f2f263a2 <unknown>\nE       #14 0x5638f2ef31ef <unknown>\nE       #15 0x5638f2f4a4b8 <unknown>\nE       #16 0x5638f2f4a6b3 <unknown>\nE       #17 0x5638f2f5b074 <unknown>\nE       #18 0x7fc70a294ac3 <unknown>\n\n../../../.cache/pypoetry/virtualenvs/uk-bin-collection-EwS6Gn8s-py3.11/lib/python3.11/site-packages/selenium/webdriver/remote/errorhandler.py:229: NoSuchElementException","steps":[{"name":"Given the council: NeathPortTalbotCouncil","time":{"start":1709857679012,"stop":1709857679012,"duration":0},"status":"passed","steps":[],"attachments":[],"parameters":[],"shouldDisplayMessage":false,"stepsCount":0,"attachmentsCount":0,"hasContent":false,"attachmentStep":false},{"name":"When we scrape the data from NeathPortTalbotCouncil using local and the http://selenium:4444 is set","time":{"start":1709857679012,"stop":1709857684766,"duration":5754},"status":"failed","statusMessage":"Message: no such element: Unable to locate element: {\"method\":\"css selector\",\"selector\":\"[id=\"ContentPlaceHolderDefault_ctl13_nptLLPG2_25_addresslookup_txtTmpPostcode\"]\"}\n  (Session info: chrome-headless-shell=122.0.6261.94); For documentation on this error, please visit: https://www.selenium.dev/documentation/webdriver/troubleshooting/errors#no-such-element-exception\nStacktrace:\n#0 0x5638f2f5bec3 <unknown>\n#1 0x5638f2c53ce6 <unknown>\n#2 0x5638f2c9ee48 <unknown>\n#3 0x5638f2c9ef01 <unknown>\n#4 0x5638f2ce23f4 <unknown>\n#5 0x5638f2cc0edd <unknown>\n#6 0x5638f2cdf899 <unknown>\n#7 0x5638f2cc0c53 <unknown>\n#8 0x5638f2c91db3 <unknown>\n#9 0x5638f2c9277e <unknown>\n#10 0x5638f2f217fb <unknown>\n#11 0x5638f2f25815 <unknown>\n#12 0x5638f2f0f111 <unknown>\n#13 0x5638f2f263a2 <unknown>\n#14 0x5638f2ef31ef <unknown>\n#15 0x5638f2f4a4b8 <unknown>\n#16 0x5638f2f4a6b3 <unknown>\n#17 0x5638f2f5b074 <unknown>\n#18 0x7fc70a294ac3 <unknown>\n","statusTrace":"selenium.common.exceptions.NoSuchElementException: Message: no such element: Unable to locate element: {\"method\":\"css selector\",\"selector\":\"[id=\"ContentPlaceHolderDefault_ctl13_nptLLPG2_25_addresslookup_txtTmpPostcode\"]\"}\n  (Session info: chrome-headless-shell=122.0.6261.94); For documentation on this error, please visit: https://www.selenium.dev/documentation/webdriver/troubleshooting/errors#no-such-element-exception\nStacktrace:\n#0 0x5638f2f5bec3 <unknown>\n#1 0x5638f2c53ce6 <unknown>\n#2 0x5638f2c9ee48 <unknown>\n#3 0x5638f2c9ef01 <unknown>\n#4 0x5638f2ce23f4 <unknown>\n#5 0x5638f2cc0edd <unknown>\n#6 0x5638f2cdf899 <unknown>\n#7 0x5638f2cc0c53 <unknown>\n#8 0x5638f2c91db3 <unknown>\n#9 0x5638f2c9277e <unknown>\n#10 0x5638f2f217fb <unknown>\n#11 0x5638f2f25815 <unknown>\n#12 0x5638f2f0f111 <unknown>\n#13 0x5638f2f263a2 <unknown>\n#14 0x5638f2ef31ef <unknown>\n#15 0x5638f2f4a4b8 <unknown>\n#16 0x5638f2f4a6b3 <unknown>\n#17 0x5638f2f5b074 <unknown>\n#18 0x7fc70a294ac3 <unknown>\n\n","steps":[],"attachments":[],"parameters":[],"shouldDisplayMessage":true,"stepsCount":0,"attachmentsCount":0,"hasContent":true,"attachmentStep":false}],"attachments":[],"parameters":[],"shouldDisplayMessage":true,"stepsCount":2,"attachmentsCount":0,"hasContent":true,"attachmentStep":false},"afterStages":[],"labels":[{"name":"host","value":"fv-az979-387"},{"name":"thread","value":"2750-MainThread"},{"name":"framework","value":"pytest-bdd"},{"name":"language","value":"cpython3"},{"name":"feature","value":"Test each council output matches expected results"},{"name":"resultFormat","value":"allure2"}],"parameters":[{"name":"council","value":"NeathPortTalbotCouncil"},{"name":"selenium_mode","value":"local"},{"name":"selenium_url","value":"http://selenium:4444"}],"links":[],"hidden":false,"retry":false,"extra":{"severity":"normal","retries":[],"categories":[{"name":"Product defects","matchedStatuses":[],"flaky":false}],"history":{"statistic":{"failed":197,"broken":0,"skipped":0,"passed":14,"unknown":0,"total":211},"items":[{"uid":"a2184cdf08c5e3e0","reportUrl":"https://robbrad.github.io/UKBinCollectionData/3.11/1595//#testresult/a2184cdf08c5e3e0","status":"failed","statusDetails":"selenium.common.exceptions.NoSuchElementException: Message: no such element: Unable to locate element: {\"method\":\"css selector\",\"selector\":\"[id=\"ContentPlaceHolderDefault_ctl13_nptLLPG2_25_addresslookup_txtTmpPostcode\"]\"}\n  (Session info: chrome-headless-shell=122.0.6261.94); For documentation on this error, please visit: https://www.selenium.dev/documentation/webdriver/troubleshooting/errors#no-such-element-exception\nStacktrace:\n#0 0x55ec9b46be93 <unknown>\n#1 0x55ec9b163ce6 <unknown>\n#2 0x55ec9b1aee48 <unknown>\n#3 0x55ec9b1aef01 <unknown>\n#4 0x55ec9b1f23f4 <unknown>\n#5 0x55ec9b1d0edd <unknown>\n#6 0x55ec9b1ef899 <unknown>\n#7 0x55ec9b1d0c53 <unknown>\n#8 0x55ec9b1a1db3 <unknown>\n#9 0x55ec9b1a277e <unknown>\n#10 0x55ec9b4317cb <unknown>\n#11 0x55ec9b4357e5 <unknown>\n#12 0x55ec9b41f0e1 <unknown>\n#13 0x55ec9b436372 <unknown>\n#14 0x55ec9b4031bf <unknown>\n#15 0x55ec9b45a488 <unknown>\n#16 0x55ec9b45a683 <unknown>\n#17 0x55ec9b46b044 <unknown>\n#18 0x7f2512894ac3 <unknown>","time":{"start":1709770954466,"stop":1709770958653,"duration":4187}},{"uid":"20d8726df70fd435","reportUrl":"https://robbrad.github.io/UKBinCollectionData/3.11/1594//#testresult/20d8726df70fd435","status":"failed","statusDetails":"selenium.common.exceptions.NoSuchElementException: Message: no such element: Unable to locate element: {\"method\":\"css selector\",\"selector\":\"[id=\"ContentPlaceHolderDefault_ctl13_nptLLPG2_25_addresslookup_txtTmpPostcode\"]\"}\n  (Session info: chrome-headless-shell=122.0.6261.69); For documentation on this error, please visit: https://www.selenium.dev/documentation/webdriver/troubleshooting/errors#no-such-element-exception\nStacktrace:\n#0 0x5573fb631e93 <unknown>\n#1 0x5573fb329ce6 <unknown>\n#2 0x5573fb374e48 <unknown>\n#3 0x5573fb374f01 <unknown>\n#4 0x5573fb3b83f4 <unknown>\n#5 0x5573fb396edd <unknown>\n#6 0x5573fb3b5899 <unknown>\n#7 0x5573fb396c53 <unknown>\n#8 0x5573fb367db3 <unknown>\n#9 0x5573fb36877e <unknown>\n#10 0x5573fb5f77cb <unknown>\n#11 0x5573fb5fb7e5 <unknown>\n#12 0x5573fb5e50e1 <unknown>\n#13 0x5573fb5fc372 <unknown>\n#14 0x5573fb5c91bf <unknown>\n#15 0x5573fb620488 <unknown>\n#16 0x5573fb620683 <unknown>\n#17 0x5573fb631044 <unknown>\n#18 0x7fd98d094ac3 <unknown>","time":{"start":1709684856725,"stop":1709684860298,"duration":3573}},{"uid":"3ee6f3c556dcac25","reportUrl":"https://robbrad.github.io/UKBinCollectionData/3.11/1593//#testresult/3ee6f3c556dcac25","status":"failed","statusDetails":"selenium.common.exceptions.ElementClickInterceptedException: Message: element click intercepted: Element is not clickable at point (589, 627)\n  (Session info: chrome-headless-shell=122.0.6261.69)\nStacktrace:\n#0 0x561ac7222e93 <unknown>\n#1 0x561ac6f1ace6 <unknown>\n#2 0x561ac6f6ca73 <unknown>\n#3 0x561ac6f6a98e <unknown>\n#4 0x561ac6f68367 <unknown>\n#5 0x561ac6f67732 <unknown>\n#6 0x561ac6f5ad27 <unknown>\n#7 0x561ac6f87eb2 <unknown>\n#8 0x561ac6f5a6b8 <unknown>\n#9 0x561ac6f8807e <unknown>\n#10 0x561ac6fa6899 <unknown>\n#11 0x561ac6f87c53 <unknown>\n#12 0x561ac6f58db3 <unknown>\n#13 0x561ac6f5977e <unknown>\n#14 0x561ac71e87cb <unknown>\n#15 0x561ac71ec7e5 <unknown>\n#16 0x561ac71d60e1 <unknown>\n#17 0x561ac71ed372 <unknown>\n#18 0x561ac71ba1bf <unknown>\n#19 0x561ac7211488 <unknown>\n#20 0x561ac7211683 <unknown>\n#21 0x561ac7222044 <unknown>\n#22 0x7f80f7694ac3 <unknown>","time":{"start":1709598422184,"stop":1709598428560,"duration":6376}},{"uid":"f3f5ded41fb2b1ea","reportUrl":"https://robbrad.github.io/UKBinCollectionData/3.11/1592//#testresult/f3f5ded41fb2b1ea","status":"failed","statusDetails":"selenium.common.exceptions.NoSuchElementException: Message: no such element: Unable to locate element: {\"method\":\"css selector\",\"selector\":\"[id=\"ContentPlaceHolderDefault_ctl13_nptLLPG2_25_addresslookup_txtTmpPostcode\"]\"}\n  (Session info: chrome-headless-shell=122.0.6261.69); For documentation on this error, please visit: https://www.selenium.dev/documentation/webdriver/troubleshooting/errors#no-such-element-exception\nStacktrace:\n#0 0x55bc432dde93 <unknown>\n#1 0x55bc42fd5ce6 <unknown>\n#2 0x55bc43020e48 <unknown>\n#3 0x55bc43020f01 <unknown>\n#4 0x55bc430643f4 <unknown>\n#5 0x55bc43042edd <unknown>\n#6 0x55bc43061899 <unknown>\n#7 0x55bc43042c53 <unknown>\n#8 0x55bc43013db3 <unknown>\n#9 0x55bc4301477e <unknown>\n#10 0x55bc432a37cb <unknown>\n#11 0x55bc432a77e5 <unknown>\n#12 0x55bc432910e1 <unknown>\n#13 0x55bc432a8372 <unknown>\n#14 0x55bc432751bf <unknown>\n#15 0x55bc432cc488 <unknown>\n#16 0x55bc432cc683 <unknown>\n#17 0x55bc432dd044 <unknown>\n#18 0x7f3feea94ac3 <unknown>","time":{"start":1709512087637,"stop":1709512090944,"duration":3307}},{"uid":"89427d2200b18f6c","reportUrl":"https://robbrad.github.io/UKBinCollectionData/3.11/1572//#testresult/89427d2200b18f6c","status":"failed","statusDetails":"selenium.common.exceptions.NoSuchElementException: Message: no such element: Unable to locate element: {\"method\":\"css selector\",\"selector\":\"[id=\"ContentPlaceHolderDefault_ctl13_nptLLPG2_25_addresslookup_txtTmpPostcode\"]\"}\n  (Session info: chrome-headless-shell=121.0.6167.184); For documentation on this error, please visit: https://www.selenium.dev/documentation/webdriver/troubleshooting/errors#no-such-element-exception\nStacktrace:\n#0 0x55f5804c4303 <unknown>\n#1 0x55f5801a92b7 <unknown>\n#2 0x55f5801f4cc0 <unknown>\n#3 0x55f5801f4db1 <unknown>\n#4 0x55f580238b44 <unknown>\n#5 0x55f5802173ad <unknown>\n#6 0x55f58023607c <unknown>\n#7 0x55f580217123 <unknown>\n#8 0x55f5801e7095 <unknown>\n#9 0x55f5801e809e <unknown>\n#10 0x55f5804886ab <unknown>\n#11 0x55f58048c4ba <unknown>\n#12 0x55f580474f85 <unknown>\n#13 0x55f58048d12f <unknown>\n#14 0x55f580458e6f <unknown>\n#15 0x55f5804b15f8 <unknown>\n#16 0x55f5804b17c2 <unknown>\n#17 0x55f5804c34a4 <unknown>\n#18 0x7f6dc7e94ac3 <unknown>","time":{"start":1708561643309,"stop":1708561647146,"duration":3837}},{"uid":"778c5361710870a6","reportUrl":"https://robbrad.github.io/UKBinCollectionData/3.11/1570//#testresult/778c5361710870a6","status":"failed","statusDetails":"selenium.common.exceptions.NoSuchElementException: Message: no such element: Unable to locate element: {\"method\":\"css selector\",\"selector\":\"[id=\"ContentPlaceHolderDefault_ctl13_nptLLPG2_25_addresslookup_txtTmpPostcode\"]\"}\n  (Session info: chrome-headless-shell=121.0.6167.160); For documentation on this error, please visit: https://www.selenium.dev/documentation/webdriver/troubleshooting/errors#no-such-element-exception\nStacktrace:\n#0 0x5619f0742303 <unknown>\n#1 0x5619f04272b7 <unknown>\n#2 0x5619f0472cc0 <unknown>\n#3 0x5619f0472db1 <unknown>\n#4 0x5619f04b6b44 <unknown>\n#5 0x5619f04953ad <unknown>\n#6 0x5619f04b407c <unknown>\n#7 0x5619f0495123 <unknown>\n#8 0x5619f0465095 <unknown>\n#9 0x5619f046609e <unknown>\n#10 0x5619f07066ab <unknown>\n#11 0x5619f070a4ba <unknown>\n#12 0x5619f06f2f85 <unknown>\n#13 0x5619f070b12f <unknown>\n#14 0x5619f06d6e6f <unknown>\n#15 0x5619f072f5f8 <unknown>\n#16 0x5619f072f7c2 <unknown>\n#17 0x5619f07414a4 <unknown>\n#18 0x7f2264a94ac3 <unknown>","time":{"start":1708475194597,"stop":1708475197789,"duration":3192}},{"uid":"61d35e337a5fe72e","reportUrl":"https://robbrad.github.io/UKBinCollectionData/3.11/1569//#testresult/61d35e337a5fe72e","status":"failed","statusDetails":"selenium.common.exceptions.NoSuchElementException: Message: no such element: Unable to locate element: {\"method\":\"css selector\",\"selector\":\"[id=\"ContentPlaceHolderDefault_ctl13_nptLLPG2_25_addresslookup_txtTmpPostcode\"]\"}\n  (Session info: chrome-headless-shell=121.0.6167.160); For documentation on this error, please visit: https://www.selenium.dev/documentation/webdriver/troubleshooting/errors#no-such-element-exception\nStacktrace:\n#0 0x55a41f4d6303 <unknown>\n#1 0x55a41f1bb2b7 <unknown>\n#2 0x55a41f206cc0 <unknown>\n#3 0x55a41f206db1 <unknown>\n#4 0x55a41f24ab44 <unknown>\n#5 0x55a41f2293ad <unknown>\n#6 0x55a41f24807c <unknown>\n#7 0x55a41f229123 <unknown>\n#8 0x55a41f1f9095 <unknown>\n#9 0x55a41f1fa09e <unknown>\n#10 0x55a41f49a6ab <unknown>\n#11 0x55a41f49e4ba <unknown>\n#12 0x55a41f486f85 <unknown>\n#13 0x55a41f49f12f <unknown>\n#14 0x55a41f46ae6f <unknown>\n#15 0x55a41f4c35f8 <unknown>\n#16 0x55a41f4c37c2 <unknown>\n#17 0x55a41f4d54a4 <unknown>\n#18 0x7f13b1a94ac3 <unknown>","time":{"start":1708388802175,"stop":1708388805529,"duration":3354}},{"uid":"11d4f70304cf5419","reportUrl":"https://robbrad.github.io/UKBinCollectionData/3.11/1568//#testresult/11d4f70304cf5419","status":"failed","statusDetails":"selenium.common.exceptions.NoSuchElementException: Message: no such element: Unable to locate element: {\"method\":\"css selector\",\"selector\":\"[id=\"ContentPlaceHolderDefault_ctl13_nptLLPG2_25_addresslookup_txtTmpPostcode\"]\"}\n  (Session info: chrome-headless-shell=121.0.6167.160); For documentation on this error, please visit: https://www.selenium.dev/documentation/webdriver/troubleshooting/errors#no-such-element-exception\nStacktrace:\n#0 0x56005619d303 <unknown>\n#1 0x560055e822b7 <unknown>\n#2 0x560055ecdcc0 <unknown>\n#3 0x560055ecddb1 <unknown>\n#4 0x560055f11b44 <unknown>\n#5 0x560055ef03ad <unknown>\n#6 0x560055f0f07c <unknown>\n#7 0x560055ef0123 <unknown>\n#8 0x560055ec0095 <unknown>\n#9 0x560055ec109e <unknown>\n#10 0x5600561616ab <unknown>\n#11 0x5600561654ba <unknown>\n#12 0x56005614df85 <unknown>\n#13 0x56005616612f <unknown>\n#14 0x560056131e6f <unknown>\n#15 0x56005618a5f8 <unknown>\n#16 0x56005618a7c2 <unknown>\n#17 0x56005619c4a4 <unknown>\n#18 0x7fd019c94ac3 <unknown>","time":{"start":1708302546157,"stop":1708302551020,"duration":4863}},{"uid":"612f9c3c345d7434","reportUrl":"https://robbrad.github.io/UKBinCollectionData/3.11/1567//#testresult/612f9c3c345d7434","status":"failed","statusDetails":"selenium.common.exceptions.NoSuchElementException: Message: no such element: Unable to locate element: {\"method\":\"css selector\",\"selector\":\"[id=\"ContentPlaceHolderDefault_ctl13_nptLLPG2_25_addresslookup_txtTmpPostcode\"]\"}\n  (Session info: chrome-headless-shell=121.0.6167.160); For documentation on this error, please visit: https://www.selenium.dev/documentation/webdriver/troubleshooting/errors#no-such-element-exception\nStacktrace:\n#0 0x5621b3550303 <unknown>\n#1 0x5621b32352b7 <unknown>\n#2 0x5621b3280cc0 <unknown>\n#3 0x5621b3280db1 <unknown>\n#4 0x5621b32c4b44 <unknown>\n#5 0x5621b32a33ad <unknown>\n#6 0x5621b32c207c <unknown>\n#7 0x5621b32a3123 <unknown>\n#8 0x5621b3273095 <unknown>\n#9 0x5621b327409e <unknown>\n#10 0x5621b35146ab <unknown>\n#11 0x5621b35184ba <unknown>\n#12 0x5621b3500f85 <unknown>\n#13 0x5621b351912f <unknown>\n#14 0x5621b34e4e6f <unknown>\n#15 0x5621b353d5f8 <unknown>\n#16 0x5621b353d7c2 <unknown>\n#17 0x5621b354f4a4 <unknown>\n#18 0x7f9371094ac3 <unknown>","time":{"start":1708216149088,"stop":1708216152136,"duration":3048}},{"uid":"fe51d15b4bb9a256","reportUrl":"https://robbrad.github.io/UKBinCollectionData/3.11/1566//#testresult/fe51d15b4bb9a256","status":"failed","statusDetails":"selenium.common.exceptions.NoSuchElementException: Message: no such element: Unable to locate element: {\"method\":\"css selector\",\"selector\":\"[id=\"ContentPlaceHolderDefault_ctl13_nptLLPG2_25_addresslookup_txtTmpPostcode\"]\"}\n  (Session info: chrome-headless-shell=121.0.6167.160); For documentation on this error, please visit: https://www.selenium.dev/documentation/webdriver/troubleshooting/errors#no-such-element-exception\nStacktrace:\n#0 0x560b0b0ea303 <unknown>\n#1 0x560b0adcf2b7 <unknown>\n#2 0x560b0ae1acc0 <unknown>\n#3 0x560b0ae1adb1 <unknown>\n#4 0x560b0ae5eb44 <unknown>\n#5 0x560b0ae3d3ad <unknown>\n#6 0x560b0ae5c07c <unknown>\n#7 0x560b0ae3d123 <unknown>\n#8 0x560b0ae0d095 <unknown>\n#9 0x560b0ae0e09e <unknown>\n#10 0x560b0b0ae6ab <unknown>\n#11 0x560b0b0b24ba <unknown>\n#12 0x560b0b09af85 <unknown>\n#13 0x560b0b0b312f <unknown>\n#14 0x560b0b07ee6f <unknown>\n#15 0x560b0b0d75f8 <unknown>\n#16 0x560b0b0d77c2 <unknown>\n#17 0x560b0b0e94a4 <unknown>\n#18 0x7f9e84094ac3 <unknown>","time":{"start":1708129617528,"stop":1708129620875,"duration":3347}},{"uid":"48293f27e446413e","reportUrl":"https://robbrad.github.io/UKBinCollectionData/3.11/1563//#testresult/48293f27e446413e","status":"failed","statusDetails":"selenium.common.exceptions.NoSuchElementException: Message: no such element: Unable to locate element: {\"method\":\"css selector\",\"selector\":\"[id=\"ContentPlaceHolderDefault_ctl13_nptLLPG2_25_addresslookup_txtTmpPostcode\"]\"}\n  (Session info: chrome-headless-shell=121.0.6167.160); For documentation on this error, please visit: https://www.selenium.dev/documentation/webdriver/troubleshooting/errors#no-such-element-exception\nStacktrace:\n#0 0x561ee1c90d93 <unknown>\n#1 0x561ee1974337 <unknown>\n#2 0x561ee19bfd60 <unknown>\n#3 0x561ee19bfe51 <unknown>\n#4 0x561ee1a03bc4 <unknown>\n#5 0x561ee19e246d <unknown>\n#6 0x561ee1a0112d <unknown>\n#7 0x561ee19e21e3 <unknown>\n#8 0x561ee19b2135 <unknown>\n#9 0x561ee19b313e <unknown>\n#10 0x561ee1c54e4b <unknown>\n#11 0x561ee1c58dfa <unknown>\n#12 0x561ee1c416d5 <unknown>\n#13 0x561ee1c59a6f <unknown>\n#14 0x561ee1c2569f <unknown>\n#15 0x561ee1c7e098 <unknown>\n#16 0x561ee1c7e262 <unknown>\n#17 0x561ee1c8ff34 <unknown>\n#18 0x7fb925694ac3 <unknown>","time":{"start":1708043175495,"stop":1708043178991,"duration":3496}},{"uid":"65db3f9d521f6e53","reportUrl":"https://robbrad.github.io/UKBinCollectionData/3.11/1562//#testresult/65db3f9d521f6e53","status":"failed","statusDetails":"selenium.common.exceptions.NoSuchElementException: Message: no such element: Unable to locate element: {\"method\":\"css selector\",\"selector\":\"[id=\"ContentPlaceHolderDefault_ctl13_nptLLPG2_25_addresslookup_txtTmpPostcode\"]\"}\n  (Session info: chrome-headless-shell=121.0.6167.160); For documentation on this error, please visit: https://www.selenium.dev/documentation/webdriver/troubleshooting/errors#no-such-element-exception\nStacktrace:\n#0 0x55814665cd93 <unknown>\n#1 0x558146340337 <unknown>\n#2 0x55814638bd60 <unknown>\n#3 0x55814638be51 <unknown>\n#4 0x5581463cfbc4 <unknown>\n#5 0x5581463ae46d <unknown>\n#6 0x5581463cd12d <unknown>\n#7 0x5581463ae1e3 <unknown>\n#8 0x55814637e135 <unknown>\n#9 0x55814637f13e <unknown>\n#10 0x558146620e4b <unknown>\n#11 0x558146624dfa <unknown>\n#12 0x55814660d6d5 <unknown>\n#13 0x558146625a6f <unknown>\n#14 0x5581465f169f <unknown>\n#15 0x55814664a098 <unknown>\n#16 0x55814664a262 <unknown>\n#17 0x55814665bf34 <unknown>\n#18 0x7fbfec694ac3 <unknown>","time":{"start":1707956801787,"stop":1707956805433,"duration":3646}},{"uid":"ad94b4f0203295c0","reportUrl":"https://robbrad.github.io/UKBinCollectionData/3.11/1561//#testresult/ad94b4f0203295c0","status":"failed","statusDetails":"selenium.common.exceptions.NoSuchElementException: Message: no such element: Unable to locate element: {\"method\":\"css selector\",\"selector\":\"[id=\"ContentPlaceHolderDefault_ctl13_nptLLPG2_25_addresslookup_txtTmpPostcode\"]\"}\n  (Session info: chrome-headless-shell=121.0.6167.160); For documentation on this error, please visit: https://www.selenium.dev/documentation/webdriver/troubleshooting/errors#no-such-element-exception\nStacktrace:\n#0 0x55807bd3fd93 <unknown>\n#1 0x55807ba23337 <unknown>\n#2 0x55807ba6ed60 <unknown>\n#3 0x55807ba6ee51 <unknown>\n#4 0x55807bab2bc4 <unknown>\n#5 0x55807ba9146d <unknown>\n#6 0x55807bab012d <unknown>\n#7 0x55807ba911e3 <unknown>\n#8 0x55807ba61135 <unknown>\n#9 0x55807ba6213e <unknown>\n#10 0x55807bd03e4b <unknown>\n#11 0x55807bd07dfa <unknown>\n#12 0x55807bcf06d5 <unknown>\n#13 0x55807bd08a6f <unknown>\n#14 0x55807bcd469f <unknown>\n#15 0x55807bd2d098 <unknown>\n#16 0x55807bd2d262 <unknown>\n#17 0x55807bd3ef34 <unknown>\n#18 0x7f4779494ac3 <unknown>","time":{"start":1707870435696,"stop":1707870439581,"duration":3885}},{"uid":"1cbf3c668ea1a350","reportUrl":"https://robbrad.github.io/UKBinCollectionData/3.11/1560//#testresult/1cbf3c668ea1a350","status":"failed","statusDetails":"selenium.common.exceptions.NoSuchElementException: Message: no such element: Unable to locate element: {\"method\":\"css selector\",\"selector\":\"[id=\"ContentPlaceHolderDefault_ctl13_nptLLPG2_25_addresslookup_txtTmpPostcode\"]\"}\n  (Session info: chrome-headless-shell=121.0.6167.139); For documentation on this error, please visit: https://www.selenium.dev/documentation/webdriver/troubleshooting/errors#no-such-element-exception\nStacktrace:\n#0 0x564f2059fd93 <unknown>\n#1 0x564f20283337 <unknown>\n#2 0x564f202ced60 <unknown>\n#3 0x564f202cee51 <unknown>\n#4 0x564f20312bc4 <unknown>\n#5 0x564f202f146d <unknown>\n#6 0x564f2031012d <unknown>\n#7 0x564f202f11e3 <unknown>\n#8 0x564f202c1135 <unknown>\n#9 0x564f202c213e <unknown>\n#10 0x564f20563e4b <unknown>\n#11 0x564f20567dfa <unknown>\n#12 0x564f205506d5 <unknown>\n#13 0x564f20568a6f <unknown>\n#14 0x564f2053469f <unknown>\n#15 0x564f2058d098 <unknown>\n#16 0x564f2058d262 <unknown>\n#17 0x564f2059ef34 <unknown>\n#18 0x7f8e21094ac3 <unknown>","time":{"start":1707784053994,"stop":1707784057314,"duration":3320}},{"uid":"dfb1fdfafbdf179c","reportUrl":"https://robbrad.github.io/UKBinCollectionData/3.11/1559//#testresult/dfb1fdfafbdf179c","status":"failed","statusDetails":"selenium.common.exceptions.NoSuchElementException: Message: no such element: Unable to locate element: {\"method\":\"css selector\",\"selector\":\"[id=\"ContentPlaceHolderDefault_ctl13_nptLLPG2_25_addresslookup_txtTmpPostcode\"]\"}\n  (Session info: chrome-headless-shell=121.0.6167.139); For documentation on this error, please visit: https://www.selenium.dev/documentation/webdriver/troubleshooting/errors#no-such-element-exception\nStacktrace:\n#0 0x55fac9488d93 <unknown>\n#1 0x55fac916c337 <unknown>\n#2 0x55fac91b7d60 <unknown>\n#3 0x55fac91b7e51 <unknown>\n#4 0x55fac91fbbc4 <unknown>\n#5 0x55fac91da46d <unknown>\n#6 0x55fac91f912d <unknown>\n#7 0x55fac91da1e3 <unknown>\n#8 0x55fac91aa135 <unknown>\n#9 0x55fac91ab13e <unknown>\n#10 0x55fac944ce4b <unknown>\n#11 0x55fac9450dfa <unknown>\n#12 0x55fac94396d5 <unknown>\n#13 0x55fac9451a6f <unknown>\n#14 0x55fac941d69f <unknown>\n#15 0x55fac9476098 <unknown>\n#16 0x55fac9476262 <unknown>\n#17 0x55fac9487f34 <unknown>\n#18 0x7fe393494ac3 <unknown>","time":{"start":1707697694748,"stop":1707697698928,"duration":4180}},{"uid":"ece713a9bfbc6f8b","reportUrl":"https://robbrad.github.io/UKBinCollectionData/3.11/1556//#testresult/ece713a9bfbc6f8b","status":"failed","statusDetails":"selenium.common.exceptions.NoSuchElementException: Message: no such element: Unable to locate element: {\"method\":\"css selector\",\"selector\":\"[id=\"ContentPlaceHolderDefault_ctl13_nptLLPG2_25_addresslookup_txtTmpPostcode\"]\"}\n  (Session info: chrome-headless-shell=121.0.6167.139); For documentation on this error, please visit: https://www.selenium.dev/documentation/webdriver/troubleshooting/errors#no-such-element-exception\nStacktrace:\n#0 0x5583623ecd93 <unknown>\n#1 0x5583620d0337 <unknown>\n#2 0x55836211bd60 <unknown>\n#3 0x55836211be51 <unknown>\n#4 0x55836215fbc4 <unknown>\n#5 0x55836213e46d <unknown>\n#6 0x55836215d12d <unknown>\n#7 0x55836213e1e3 <unknown>\n#8 0x55836210e135 <unknown>\n#9 0x55836210f13e <unknown>\n#10 0x5583623b0e4b <unknown>\n#11 0x5583623b4dfa <unknown>\n#12 0x55836239d6d5 <unknown>\n#13 0x5583623b5a6f <unknown>\n#14 0x55836238169f <unknown>\n#15 0x5583623da098 <unknown>\n#16 0x5583623da262 <unknown>\n#17 0x5583623ebf34 <unknown>\n#18 0x7f4754894ac3 <unknown>","time":{"start":1707611375554,"stop":1707611380111,"duration":4557}},{"uid":"5398069ea5782c08","reportUrl":"https://robbrad.github.io/UKBinCollectionData/3.11/1554//#testresult/5398069ea5782c08","status":"failed","statusDetails":"selenium.common.exceptions.NoSuchElementException: Message: no such element: Unable to locate element: {\"method\":\"css selector\",\"selector\":\"[id=\"ContentPlaceHolderDefault_ctl13_nptLLPG2_25_addresslookup_txtTmpPostcode\"]\"}\n  (Session info: chrome-headless-shell=121.0.6167.139); For documentation on this error, please visit: https://www.selenium.dev/documentation/webdriver/troubleshooting/errors#no-such-element-exception\nStacktrace:\n#0 0x5601f8fcad93 <unknown>\n#1 0x5601f8cae337 <unknown>\n#2 0x5601f8cf9d60 <unknown>\n#3 0x5601f8cf9e51 <unknown>\n#4 0x5601f8d3dbc4 <unknown>\n#5 0x5601f8d1c46d <unknown>\n#6 0x5601f8d3b12d <unknown>\n#7 0x5601f8d1c1e3 <unknown>\n#8 0x5601f8cec135 <unknown>\n#9 0x5601f8ced13e <unknown>\n#10 0x5601f8f8ee4b <unknown>\n#11 0x5601f8f92dfa <unknown>\n#12 0x5601f8f7b6d5 <unknown>\n#13 0x5601f8f93a6f <unknown>\n#14 0x5601f8f5f69f <unknown>\n#15 0x5601f8fb8098 <unknown>\n#16 0x5601f8fb8262 <unknown>\n#17 0x5601f8fc9f34 <unknown>\n#18 0x7faa40894ac3 <unknown>","time":{"start":1707524757761,"stop":1707524761058,"duration":3297}},{"uid":"aeacf8da64008daa","reportUrl":"https://robbrad.github.io/UKBinCollectionData/3.11/1553//#testresult/aeacf8da64008daa","status":"failed","statusDetails":"selenium.common.exceptions.NoSuchElementException: Message: no such element: Unable to locate element: {\"method\":\"css selector\",\"selector\":\"[id=\"ContentPlaceHolderDefault_ctl13_nptLLPG2_25_addresslookup_txtTmpPostcode\"]\"}\n  (Session info: chrome-headless-shell=121.0.6167.139); For documentation on this error, please visit: https://www.selenium.dev/documentation/webdriver/troubleshooting/errors#no-such-element-exception\nStacktrace:\n#0 0x55ea5f02fd93 <unknown>\n#1 0x55ea5ed13337 <unknown>\n#2 0x55ea5ed5ed60 <unknown>\n#3 0x55ea5ed5ee51 <unknown>\n#4 0x55ea5eda2bc4 <unknown>\n#5 0x55ea5ed8146d <unknown>\n#6 0x55ea5eda012d <unknown>\n#7 0x55ea5ed811e3 <unknown>\n#8 0x55ea5ed51135 <unknown>\n#9 0x55ea5ed5213e <unknown>\n#10 0x55ea5eff3e4b <unknown>\n#11 0x55ea5eff7dfa <unknown>\n#12 0x55ea5efe06d5 <unknown>\n#13 0x55ea5eff8a6f <unknown>\n#14 0x55ea5efc469f <unknown>\n#15 0x55ea5f01d098 <unknown>\n#16 0x55ea5f01d262 <unknown>\n#17 0x55ea5f02ef34 <unknown>\n#18 0x7f3cae694ac3 <unknown>","time":{"start":1707438399827,"stop":1707438402985,"duration":3158}},{"uid":"b9feba47ec342281","reportUrl":"https://robbrad.github.io/UKBinCollectionData/3.11/1552//#testresult/b9feba47ec342281","status":"failed","statusDetails":"selenium.common.exceptions.NoSuchElementException: Message: no such element: Unable to locate element: {\"method\":\"css selector\",\"selector\":\"[id=\"ContentPlaceHolderDefault_ctl13_nptLLPG2_25_addresslookup_txtTmpPostcode\"]\"}\n  (Session info: chrome-headless-shell=121.0.6167.139); For documentation on this error, please visit: https://www.selenium.dev/documentation/webdriver/troubleshooting/errors#no-such-element-exception\nStacktrace:\n#0 0x55f099d82d93 <unknown>\n#1 0x55f099a66337 <unknown>\n#2 0x55f099ab1d60 <unknown>\n#3 0x55f099ab1e51 <unknown>\n#4 0x55f099af5bc4 <unknown>\n#5 0x55f099ad446d <unknown>\n#6 0x55f099af312d <unknown>\n#7 0x55f099ad41e3 <unknown>\n#8 0x55f099aa4135 <unknown>\n#9 0x55f099aa513e <unknown>\n#10 0x55f099d46e4b <unknown>\n#11 0x55f099d4adfa <unknown>\n#12 0x55f099d336d5 <unknown>\n#13 0x55f099d4ba6f <unknown>\n#14 0x55f099d1769f <unknown>\n#15 0x55f099d70098 <unknown>\n#16 0x55f099d70262 <unknown>\n#17 0x55f099d81f34 <unknown>\n#18 0x7f456d094ac3 <unknown>","time":{"start":1707352034745,"stop":1707352039088,"duration":4343}},{"uid":"b70df1312677502a","reportUrl":"https://robbrad.github.io/UKBinCollectionData/3.11/1551//#testresult/b70df1312677502a","status":"failed","statusDetails":"selenium.common.exceptions.NoSuchElementException: Message: no such element: Unable to locate element: {\"method\":\"css selector\",\"selector\":\"[id=\"ContentPlaceHolderDefault_ctl13_nptLLPG2_25_addresslookup_txtTmpPostcode\"]\"}\n  (Session info: chrome-headless-shell=121.0.6167.139); For documentation on this error, please visit: https://www.selenium.dev/documentation/webdriver/troubleshooting/errors#no-such-element-exception\nStacktrace:\n#0 0x55dd8b9aad93 <unknown>\n#1 0x55dd8b68e337 <unknown>\n#2 0x55dd8b6d9d60 <unknown>\n#3 0x55dd8b6d9e51 <unknown>\n#4 0x55dd8b71dbc4 <unknown>\n#5 0x55dd8b6fc46d <unknown>\n#6 0x55dd8b71b12d <unknown>\n#7 0x55dd8b6fc1e3 <unknown>\n#8 0x55dd8b6cc135 <unknown>\n#9 0x55dd8b6cd13e <unknown>\n#10 0x55dd8b96ee4b <unknown>\n#11 0x55dd8b972dfa <unknown>\n#12 0x55dd8b95b6d5 <unknown>\n#13 0x55dd8b973a6f <unknown>\n#14 0x55dd8b93f69f <unknown>\n#15 0x55dd8b998098 <unknown>\n#16 0x55dd8b998262 <unknown>\n#17 0x55dd8b9a9f34 <unknown>\n#18 0x7fa397494ac3 <unknown>","time":{"start":1707265544902,"stop":1707265548212,"duration":3310}}]},"tags":[]},"source":"cb3ff8e89ab75a42.json","parameterValues":["NeathPortTalbotCouncil","local","http://selenium:4444"]}