{"uid":"b4ae62753b6a8bcd","name":"Validate Council Output [KirkleesCouncil]","fullName":"features/validate_council_outputs.feature:Validate Council Output","historyId":"2f6e35714aa3faf6e527401d2be1436f","time":{"start":1716252110432,"stop":1716252122531,"duration":12099},"status":"failed","statusMessage":"selenium.common.exceptions.TimeoutException: Message: \nStacktrace:\n#0 0x5635cabfbeca <unknown>\n#1 0x5635ca8e545c <unknown>\n#2 0x5635ca9315b5 <unknown>\n#3 0x5635ca931671 <unknown>\n#4 0x5635ca975f14 <unknown>\n#5 0x5635ca9544dd <unknown>\n#6 0x5635ca9732cc <unknown>\n#7 0x5635ca954253 <unknown>\n#8 0x5635ca9241c7 <unknown>\n#9 0x5635ca924b3e <unknown>\n#10 0x5635cabc230b <unknown>\n#11 0x5635cabc63b7 <unknown>\n#12 0x5635cabaee3e <unknown>\n#13 0x5635cabc6e82 <unknown>\n#14 0x5635cab937df <unknown>\n#15 0x5635cabeb1b8 <unknown>\n#16 0x5635cabeb38b <unknown>\n#17 0x5635cabfaffc <unknown>\n#18 0x7f292b973ac3 <unknown>","statusTrace":"fixturefunc = <function scrape_step at 0x7f8785e15800>\nrequest = <FixtureRequest for <Function test_scenario_outline[KirkleesCouncil]>>\nkwargs = {'context': <test_validate_council.context.<locals>.Context object at 0x7f8784e43450>, 'council': 'KirkleesCouncil', 'headless_mode': 'True', 'local_browser': 'False', ...}\n\n    def call_fixture_func(\n        fixturefunc: \"_FixtureFunc[FixtureValue]\", request: FixtureRequest, kwargs\n    ) -> FixtureValue:\n        if is_generator(fixturefunc):\n            fixturefunc = cast(\n                Callable[..., Generator[FixtureValue, None, None]], fixturefunc\n            )\n            generator = fixturefunc(**kwargs)\n            try:\n                fixture_result = next(generator)\n            except StopIteration:\n                raise ValueError(f\"{request.fixturename} did not yield a value\") from None\n            finalizer = functools.partial(_teardown_yield_fixture, fixturefunc, generator)\n            request.addfinalizer(finalizer)\n        else:\n            fixturefunc = cast(Callable[..., FixtureValue], fixturefunc)\n>           fixture_result = fixturefunc(**kwargs)\n\n../../../.cache/pypoetry/virtualenvs/uk-bin-collection-EwS6Gn8s-py3.11/lib/python3.11/site-packages/_pytest/fixtures.py:884: \n_ _ _ _ _ _ _ _ _ _ _ _ _ _ _ _ _ _ _ _ _ _ _ _ _ _ _ _ _ _ _ _ _ _ _ _ _ _ _ _ \nuk_bin_collection/tests/step_defs/test_validate_council.py:76: in scrape_step\n    context.parse_result = CollectData.run()\nuk_bin_collection/uk_bin_collection/collect_data.py:102: in run\n    return self.client_code(\nuk_bin_collection/uk_bin_collection/collect_data.py:121: in client_code\n    return get_bin_data_class.template_method(address_url, **kwargs)\nuk_bin_collection/uk_bin_collection/get_bin_data.py:80: in template_method\n    bin_data_dict = self.parse_data(\nuk_bin_collection/uk_bin_collection/councils/KirkleesCouncil.py:41: in parse_data\n    return self._parse_data(*args, **kwargs)\nuk_bin_collection/uk_bin_collection/councils/KirkleesCouncil.py:72: in _parse_data\n    wait_for_element(\nuk_bin_collection/uk_bin_collection/councils/KirkleesCouncil.py:18: in wait_for_element\n    wait_for_element_conditions(driver, element_present, timeout=timeout)\nuk_bin_collection/uk_bin_collection/councils/KirkleesCouncil.py:23: in wait_for_element_conditions\n    WebDriverWait(driver, timeout).until(conditions)\n_ _ _ _ _ _ _ _ _ _ _ _ _ _ _ _ _ _ _ _ _ _ _ _ _ _ _ _ _ _ _ _ _ _ _ _ _ _ _ _ \n\nself = <selenium.webdriver.support.wait.WebDriverWait (session=\"ab4b191708aae2aee6e97cd0bfc921a7\")>\nmethod = <function presence_of_element_located.<locals>._predicate at 0x7f87858eb1a0>\nmessage = ''\n\n    def until(self, method: Callable[[D], Union[Literal[False], T]], message: str = \"\") -> T:\n        \"\"\"Calls the method provided with the driver as an argument until the \\\n        return value does not evaluate to ``False``.\n    \n        :param method: callable(WebDriver)\n        :param message: optional message for :exc:`TimeoutException`\n        :returns: the result of the last call to `method`\n        :raises: :exc:`selenium.common.exceptions.TimeoutException` if timeout occurs\n        \"\"\"\n        screen = None\n        stacktrace = None\n    \n        end_time = time.monotonic() + self._timeout\n        while True:\n            try:\n                value = method(self._driver)\n                if value:\n                    return value\n            except self._ignored_exceptions as exc:\n                screen = getattr(exc, \"screen\", None)\n                stacktrace = getattr(exc, \"stacktrace\", None)\n            time.sleep(self._poll)\n            if time.monotonic() > end_time:\n                break\n>       raise TimeoutException(message, screen, stacktrace)\nE       selenium.common.exceptions.TimeoutException: Message: \nE       Stacktrace:\nE       #0 0x5635cabfbeca <unknown>\nE       #1 0x5635ca8e545c <unknown>\nE       #2 0x5635ca9315b5 <unknown>\nE       #3 0x5635ca931671 <unknown>\nE       #4 0x5635ca975f14 <unknown>\nE       #5 0x5635ca9544dd <unknown>\nE       #6 0x5635ca9732cc <unknown>\nE       #7 0x5635ca954253 <unknown>\nE       #8 0x5635ca9241c7 <unknown>\nE       #9 0x5635ca924b3e <unknown>\nE       #10 0x5635cabc230b <unknown>\nE       #11 0x5635cabc63b7 <unknown>\nE       #12 0x5635cabaee3e <unknown>\nE       #13 0x5635cabc6e82 <unknown>\nE       #14 0x5635cab937df <unknown>\nE       #15 0x5635cabeb1b8 <unknown>\nE       #16 0x5635cabeb38b <unknown>\nE       #17 0x5635cabfaffc <unknown>\nE       #18 0x7f292b973ac3 <unknown>\n\n../../../.cache/pypoetry/virtualenvs/uk-bin-collection-EwS6Gn8s-py3.11/lib/python3.11/site-packages/selenium/webdriver/support/wait.py:105: TimeoutException","flaky":false,"newFailed":false,"newBroken":false,"newPassed":false,"retriesCount":0,"retriesStatusChange":false,"beforeStages":[],"testStage":{"status":"failed","statusMessage":"selenium.common.exceptions.TimeoutException: Message: \nStacktrace:\n#0 0x5635cabfbeca <unknown>\n#1 0x5635ca8e545c <unknown>\n#2 0x5635ca9315b5 <unknown>\n#3 0x5635ca931671 <unknown>\n#4 0x5635ca975f14 <unknown>\n#5 0x5635ca9544dd <unknown>\n#6 0x5635ca9732cc <unknown>\n#7 0x5635ca954253 <unknown>\n#8 0x5635ca9241c7 <unknown>\n#9 0x5635ca924b3e <unknown>\n#10 0x5635cabc230b <unknown>\n#11 0x5635cabc63b7 <unknown>\n#12 0x5635cabaee3e <unknown>\n#13 0x5635cabc6e82 <unknown>\n#14 0x5635cab937df <unknown>\n#15 0x5635cabeb1b8 <unknown>\n#16 0x5635cabeb38b <unknown>\n#17 0x5635cabfaffc <unknown>\n#18 0x7f292b973ac3 <unknown>","statusTrace":"fixturefunc = <function scrape_step at 0x7f8785e15800>\nrequest = <FixtureRequest for <Function test_scenario_outline[KirkleesCouncil]>>\nkwargs = {'context': <test_validate_council.context.<locals>.Context object at 0x7f8784e43450>, 'council': 'KirkleesCouncil', 'headless_mode': 'True', 'local_browser': 'False', ...}\n\n    def call_fixture_func(\n        fixturefunc: \"_FixtureFunc[FixtureValue]\", request: FixtureRequest, kwargs\n    ) -> FixtureValue:\n        if is_generator(fixturefunc):\n            fixturefunc = cast(\n                Callable[..., Generator[FixtureValue, None, None]], fixturefunc\n            )\n            generator = fixturefunc(**kwargs)\n            try:\n                fixture_result = next(generator)\n            except StopIteration:\n                raise ValueError(f\"{request.fixturename} did not yield a value\") from None\n            finalizer = functools.partial(_teardown_yield_fixture, fixturefunc, generator)\n            request.addfinalizer(finalizer)\n        else:\n            fixturefunc = cast(Callable[..., FixtureValue], fixturefunc)\n>           fixture_result = fixturefunc(**kwargs)\n\n../../../.cache/pypoetry/virtualenvs/uk-bin-collection-EwS6Gn8s-py3.11/lib/python3.11/site-packages/_pytest/fixtures.py:884: \n_ _ _ _ _ _ _ _ _ _ _ _ _ _ _ _ _ _ _ _ _ _ _ _ _ _ _ _ _ _ _ _ _ _ _ _ _ _ _ _ \nuk_bin_collection/tests/step_defs/test_validate_council.py:76: in scrape_step\n    context.parse_result = CollectData.run()\nuk_bin_collection/uk_bin_collection/collect_data.py:102: in run\n    return self.client_code(\nuk_bin_collection/uk_bin_collection/collect_data.py:121: in client_code\n    return get_bin_data_class.template_method(address_url, **kwargs)\nuk_bin_collection/uk_bin_collection/get_bin_data.py:80: in template_method\n    bin_data_dict = self.parse_data(\nuk_bin_collection/uk_bin_collection/councils/KirkleesCouncil.py:41: in parse_data\n    return self._parse_data(*args, **kwargs)\nuk_bin_collection/uk_bin_collection/councils/KirkleesCouncil.py:72: in _parse_data\n    wait_for_element(\nuk_bin_collection/uk_bin_collection/councils/KirkleesCouncil.py:18: in wait_for_element\n    wait_for_element_conditions(driver, element_present, timeout=timeout)\nuk_bin_collection/uk_bin_collection/councils/KirkleesCouncil.py:23: in wait_for_element_conditions\n    WebDriverWait(driver, timeout).until(conditions)\n_ _ _ _ _ _ _ _ _ _ _ _ _ _ _ _ _ _ _ _ _ _ _ _ _ _ _ _ _ _ _ _ _ _ _ _ _ _ _ _ \n\nself = <selenium.webdriver.support.wait.WebDriverWait (session=\"ab4b191708aae2aee6e97cd0bfc921a7\")>\nmethod = <function presence_of_element_located.<locals>._predicate at 0x7f87858eb1a0>\nmessage = ''\n\n    def until(self, method: Callable[[D], Union[Literal[False], T]], message: str = \"\") -> T:\n        \"\"\"Calls the method provided with the driver as an argument until the \\\n        return value does not evaluate to ``False``.\n    \n        :param method: callable(WebDriver)\n        :param message: optional message for :exc:`TimeoutException`\n        :returns: the result of the last call to `method`\n        :raises: :exc:`selenium.common.exceptions.TimeoutException` if timeout occurs\n        \"\"\"\n        screen = None\n        stacktrace = None\n    \n        end_time = time.monotonic() + self._timeout\n        while True:\n            try:\n                value = method(self._driver)\n                if value:\n                    return value\n            except self._ignored_exceptions as exc:\n                screen = getattr(exc, \"screen\", None)\n                stacktrace = getattr(exc, \"stacktrace\", None)\n            time.sleep(self._poll)\n            if time.monotonic() > end_time:\n                break\n>       raise TimeoutException(message, screen, stacktrace)\nE       selenium.common.exceptions.TimeoutException: Message: \nE       Stacktrace:\nE       #0 0x5635cabfbeca <unknown>\nE       #1 0x5635ca8e545c <unknown>\nE       #2 0x5635ca9315b5 <unknown>\nE       #3 0x5635ca931671 <unknown>\nE       #4 0x5635ca975f14 <unknown>\nE       #5 0x5635ca9544dd <unknown>\nE       #6 0x5635ca9732cc <unknown>\nE       #7 0x5635ca954253 <unknown>\nE       #8 0x5635ca9241c7 <unknown>\nE       #9 0x5635ca924b3e <unknown>\nE       #10 0x5635cabc230b <unknown>\nE       #11 0x5635cabc63b7 <unknown>\nE       #12 0x5635cabaee3e <unknown>\nE       #13 0x5635cabc6e82 <unknown>\nE       #14 0x5635cab937df <unknown>\nE       #15 0x5635cabeb1b8 <unknown>\nE       #16 0x5635cabeb38b <unknown>\nE       #17 0x5635cabfaffc <unknown>\nE       #18 0x7f292b973ac3 <unknown>\n\n../../../.cache/pypoetry/virtualenvs/uk-bin-collection-EwS6Gn8s-py3.11/lib/python3.11/site-packages/selenium/webdriver/support/wait.py:105: TimeoutException","steps":[{"name":"Given the council: KirkleesCouncil","time":{"start":1716252110432,"stop":1716252110433,"duration":1},"status":"passed","steps":[],"attachments":[],"parameters":[],"shouldDisplayMessage":false,"stepsCount":0,"attachmentsCount":0,"hasContent":false,"attachmentStep":false},{"name":"When we scrape the data from KirkleesCouncil","time":{"start":1716252110433,"stop":1716252122530,"duration":12097},"status":"failed","statusMessage":"Message: \nStacktrace:\n#0 0x5635cabfbeca <unknown>\n#1 0x5635ca8e545c <unknown>\n#2 0x5635ca9315b5 <unknown>\n#3 0x5635ca931671 <unknown>\n#4 0x5635ca975f14 <unknown>\n#5 0x5635ca9544dd <unknown>\n#6 0x5635ca9732cc <unknown>\n#7 0x5635ca954253 <unknown>\n#8 0x5635ca9241c7 <unknown>\n#9 0x5635ca924b3e <unknown>\n#10 0x5635cabc230b <unknown>\n#11 0x5635cabc63b7 <unknown>\n#12 0x5635cabaee3e <unknown>\n#13 0x5635cabc6e82 <unknown>\n#14 0x5635cab937df <unknown>\n#15 0x5635cabeb1b8 <unknown>\n#16 0x5635cabeb38b <unknown>\n#17 0x5635cabfaffc <unknown>\n#18 0x7f292b973ac3 <unknown>\n","statusTrace":"selenium.common.exceptions.TimeoutException: Message: \nStacktrace:\n#0 0x5635cabfbeca <unknown>\n#1 0x5635ca8e545c <unknown>\n#2 0x5635ca9315b5 <unknown>\n#3 0x5635ca931671 <unknown>\n#4 0x5635ca975f14 <unknown>\n#5 0x5635ca9544dd <unknown>\n#6 0x5635ca9732cc <unknown>\n#7 0x5635ca954253 <unknown>\n#8 0x5635ca9241c7 <unknown>\n#9 0x5635ca924b3e <unknown>\n#10 0x5635cabc230b <unknown>\n#11 0x5635cabc63b7 <unknown>\n#12 0x5635cabaee3e <unknown>\n#13 0x5635cabc6e82 <unknown>\n#14 0x5635cab937df <unknown>\n#15 0x5635cabeb1b8 <unknown>\n#16 0x5635cabeb38b <unknown>\n#17 0x5635cabfaffc <unknown>\n#18 0x7f292b973ac3 <unknown>\n\n","steps":[],"attachments":[],"parameters":[],"shouldDisplayMessage":true,"stepsCount":0,"attachmentsCount":0,"hasContent":true,"attachmentStep":false}],"attachments":[{"uid":"da8b883f5df3c7ff","name":"stdout","source":"da8b883f5df3c7ff.txt","type":"text/plain","size":35}],"parameters":[],"shouldDisplayMessage":true,"stepsCount":2,"attachmentsCount":1,"hasContent":true,"attachmentStep":false},"afterStages":[],"labels":[{"name":"host","value":"fv-az914-828"},{"name":"thread","value":"2780-MainThread"},{"name":"framework","value":"pytest-bdd"},{"name":"language","value":"cpython3"},{"name":"feature","value":"Test each council output matches expected results"},{"name":"resultFormat","value":"allure2"}],"parameters":[{"name":"council","value":"KirkleesCouncil"}],"links":[],"hidden":false,"retry":false,"extra":{"severity":"normal","retries":[],"categories":[{"name":"Product defects","matchedStatuses":[],"flaky":false}],"history":{"statistic":{"failed":8,"broken":0,"skipped":0,"passed":0,"unknown":0,"total":8},"items":[{"uid":"871c379ce4582c83","reportUrl":"https://robbrad.github.io/UKBinCollectionData/3.11/1852//#testresult/871c379ce4582c83","status":"failed","statusDetails":"selenium.common.exceptions.TimeoutException: Message: \nStacktrace:\n#0 0x55ad7fb1aeca <unknown>\n#1 0x55ad7f80445c <unknown>\n#2 0x55ad7f8505b5 <unknown>\n#3 0x55ad7f850671 <unknown>\n#4 0x55ad7f894f14 <unknown>\n#5 0x55ad7f8734dd <unknown>\n#6 0x55ad7f8922cc <unknown>\n#7 0x55ad7f873253 <unknown>\n#8 0x55ad7f8431c7 <unknown>\n#9 0x55ad7f843b3e <unknown>\n#10 0x55ad7fae130b <unknown>\n#11 0x55ad7fae53b7 <unknown>\n#12 0x55ad7facde3e <unknown>\n#13 0x55ad7fae5e82 <unknown>\n#14 0x55ad7fab27df <unknown>\n#15 0x55ad7fb0a1b8 <unknown>\n#16 0x55ad7fb0a38b <unknown>\n#17 0x55ad7fb19ffc <unknown>\n#18 0x7f5089e35ac3 <unknown>","time":{"start":1716165616820,"stop":1716165636271,"duration":19451}},{"uid":"a1edf7c22aa2e040","reportUrl":"https://robbrad.github.io/UKBinCollectionData/3.11/1851//#testresult/a1edf7c22aa2e040","status":"failed","statusDetails":"selenium.common.exceptions.TimeoutException: Message: \nStacktrace:\n#0 0x55f6317f2eca <unknown>\n#1 0x55f6314dc45c <unknown>\n#2 0x55f6315285b5 <unknown>\n#3 0x55f631528671 <unknown>\n#4 0x55f63156cf14 <unknown>\n#5 0x55f63154b4dd <unknown>\n#6 0x55f63156a2cc <unknown>\n#7 0x55f63154b253 <unknown>\n#8 0x55f63151b1c7 <unknown>\n#9 0x55f63151bb3e <unknown>\n#10 0x55f6317b930b <unknown>\n#11 0x55f6317bd3b7 <unknown>\n#12 0x55f6317a5e3e <unknown>\n#13 0x55f6317bde82 <unknown>\n#14 0x55f63178a7df <unknown>\n#15 0x55f6317e21b8 <unknown>\n#16 0x55f6317e238b <unknown>\n#17 0x55f6317f1ffc <unknown>\n#18 0x7f5aef630ac3 <unknown>","time":{"start":1716155163873,"stop":1716155255891,"duration":92018}},{"uid":"4485fb30c0e1d64","reportUrl":"https://robbrad.github.io/UKBinCollectionData/3.11/1849//#testresult/4485fb30c0e1d64","status":"failed","statusDetails":"selenium.common.exceptions.TimeoutException: Message: \nStacktrace:\n#0 0x55feabb5deca <unknown>\n#1 0x55feab84745c <unknown>\n#2 0x55feab8935b5 <unknown>\n#3 0x55feab893671 <unknown>\n#4 0x55feab8d7f14 <unknown>\n#5 0x55feab8b64dd <unknown>\n#6 0x55feab8d52cc <unknown>\n#7 0x55feab8b6253 <unknown>\n#8 0x55feab8861c7 <unknown>\n#9 0x55feab886b3e <unknown>\n#10 0x55feabb2430b <unknown>\n#11 0x55feabb283b7 <unknown>\n#12 0x55feabb10e3e <unknown>\n#13 0x55feabb28e82 <unknown>\n#14 0x55feabaf57df <unknown>\n#15 0x55feabb4d1b8 <unknown>\n#16 0x55feabb4d38b <unknown>\n#17 0x55feabb5cffc <unknown>\n#18 0x7f13c5029ac3 <unknown>","time":{"start":1716152565136,"stop":1716152627103,"duration":61967}},{"uid":"bfe19a2afef6fc8e","reportUrl":"https://robbrad.github.io/UKBinCollectionData/3.11/1846//#testresult/bfe19a2afef6fc8e","status":"failed","statusDetails":"selenium.common.exceptions.TimeoutException: Message: \nStacktrace:\n#0 0x562075d43eca <unknown>\n#1 0x562075a2d45c <unknown>\n#2 0x562075a795b5 <unknown>\n#3 0x562075a79671 <unknown>\n#4 0x562075abdf14 <unknown>\n#5 0x562075a9c4dd <unknown>\n#6 0x562075abb2cc <unknown>\n#7 0x562075a9c253 <unknown>\n#8 0x562075a6c1c7 <unknown>\n#9 0x562075a6cb3e <unknown>\n#10 0x562075d0a30b <unknown>\n#11 0x562075d0e3b7 <unknown>\n#12 0x562075cf6e3e <unknown>\n#13 0x562075d0ee82 <unknown>\n#14 0x562075cdb7df <unknown>\n#15 0x562075d331b8 <unknown>\n#16 0x562075d3338b <unknown>\n#17 0x562075d42ffc <unknown>\n#18 0x7f0fd1e6fac3 <unknown>","time":{"start":1716078877982,"stop":1716079024255,"duration":146273}},{"uid":"1ad4926900b8276a","reportUrl":"https://robbrad.github.io/UKBinCollectionData/3.11/1842//#testresult/1ad4926900b8276a","status":"failed","statusDetails":"selenium.common.exceptions.TimeoutException: Message: \nStacktrace:\n#0 0x5604ea9d3eca <unknown>\n#1 0x5604ea6bd45c <unknown>\n#2 0x5604ea7095b5 <unknown>\n#3 0x5604ea709671 <unknown>\n#4 0x5604ea74df14 <unknown>\n#5 0x5604ea72c4dd <unknown>\n#6 0x5604ea74b2cc <unknown>\n#7 0x5604ea72c253 <unknown>\n#8 0x5604ea6fc1c7 <unknown>\n#9 0x5604ea6fcb3e <unknown>\n#10 0x5604ea99a30b <unknown>\n#11 0x5604ea99e3b7 <unknown>\n#12 0x5604ea986e3e <unknown>\n#13 0x5604ea99ee82 <unknown>\n#14 0x5604ea96b7df <unknown>\n#15 0x5604ea9c31b8 <unknown>\n#16 0x5604ea9c338b <unknown>\n#17 0x5604ea9d2ffc <unknown>\n#18 0x7f9e6c25fac3 <unknown>","time":{"start":1715992614882,"stop":1715992627026,"duration":12144}},{"uid":"b6701654a9e29fc1","reportUrl":"https://robbrad.github.io/UKBinCollectionData/3.11/1839//#testresult/b6701654a9e29fc1","status":"failed","statusDetails":"selenium.common.exceptions.TimeoutException: Message: \nStacktrace:\n#0 0x559669d13eca <unknown>\n#1 0x5596699fd45c <unknown>\n#2 0x559669a495b5 <unknown>\n#3 0x559669a49671 <unknown>\n#4 0x559669a8df14 <unknown>\n#5 0x559669a6c4dd <unknown>\n#6 0x559669a8b2cc <unknown>\n#7 0x559669a6c253 <unknown>\n#8 0x559669a3c1c7 <unknown>\n#9 0x559669a3cb3e <unknown>\n#10 0x559669cda30b <unknown>\n#11 0x559669cde3b7 <unknown>\n#12 0x559669cc6e3e <unknown>\n#13 0x559669cdee82 <unknown>\n#14 0x559669cab7df <unknown>\n#15 0x559669d031b8 <unknown>\n#16 0x559669d0338b <unknown>\n#17 0x559669d12ffc <unknown>\n#18 0x7efec30f6ac3 <unknown>","time":{"start":1715983641185,"stop":1715983686776,"duration":45591}},{"uid":"4216844c847a647d","reportUrl":"https://robbrad.github.io/UKBinCollectionData/3.11/1834//#testresult/4216844c847a647d","status":"failed","statusDetails":"selenium.common.exceptions.TimeoutException: Message: \nStacktrace:\n#0 0x555c1ed2eeca <unknown>\n#1 0x555c1ea1845c <unknown>\n#2 0x555c1ea645b5 <unknown>\n#3 0x555c1ea64671 <unknown>\n#4 0x555c1eaa8f14 <unknown>\n#5 0x555c1ea874dd <unknown>\n#6 0x555c1eaa62cc <unknown>\n#7 0x555c1ea87253 <unknown>\n#8 0x555c1ea571c7 <unknown>\n#9 0x555c1ea57b3e <unknown>\n#10 0x555c1ecf530b <unknown>\n#11 0x555c1ecf93b7 <unknown>\n#12 0x555c1ece1e3e <unknown>\n#13 0x555c1ecf9e82 <unknown>\n#14 0x555c1ecc67df <unknown>\n#15 0x555c1ed1e1b8 <unknown>\n#16 0x555c1ed1e38b <unknown>\n#17 0x555c1ed2dffc <unknown>\n#18 0x7fc8c0813ac3 <unknown>","time":{"start":1715974044380,"stop":1715974073958,"duration":29578}}]},"tags":[]},"source":"b4ae62753b6a8bcd.json","parameterValues":["KirkleesCouncil"]}