{"uid":"fd9bd301baa2ac16","name":"Validate Council Output [NorthumberlandCouncil]","fullName":"features/validate_council_outputs.feature:Validate Council Output","historyId":"be5066a45f8f21ace99c9910b786c6c9","time":{"start":1716251903930,"stop":1716251935550,"duration":31620},"status":"passed","flaky":false,"newFailed":false,"newBroken":false,"newPassed":false,"retriesCount":0,"retriesStatusChange":false,"beforeStages":[],"testStage":{"status":"passed","steps":[{"name":"Given the council: NorthumberlandCouncil","time":{"start":1716251903930,"stop":1716251903931,"duration":1},"status":"passed","steps":[],"attachments":[],"parameters":[],"shouldDisplayMessage":false,"stepsCount":0,"attachmentsCount":0,"hasContent":false,"attachmentStep":false},{"name":"When we scrape the data from NorthumberlandCouncil","time":{"start":1716251903931,"stop":1716251935547,"duration":31616},"status":"passed","steps":[],"attachments":[],"parameters":[],"shouldDisplayMessage":false,"stepsCount":0,"attachmentsCount":0,"hasContent":false,"attachmentStep":false},{"name":"Then the result is valid json","time":{"start":1716251935547,"stop":1716251935547,"duration":0},"status":"passed","steps":[],"attachments":[],"parameters":[],"shouldDisplayMessage":false,"stepsCount":0,"attachmentsCount":0,"hasContent":false,"attachmentStep":false},{"name":"And the output should validate against the schema","time":{"start":1716251935547,"stop":1716251935550,"duration":3},"status":"passed","steps":[],"attachments":[],"parameters":[],"shouldDisplayMessage":false,"stepsCount":0,"attachmentsCount":0,"hasContent":false,"attachmentStep":false}],"attachments":[],"parameters":[],"shouldDisplayMessage":false,"stepsCount":4,"attachmentsCount":0,"hasContent":true,"attachmentStep":false},"afterStages":[],"labels":[{"name":"host","value":"fv-az914-828"},{"name":"thread","value":"2774-MainThread"},{"name":"framework","value":"pytest-bdd"},{"name":"language","value":"cpython3"},{"name":"feature","value":"Test each council output matches expected results"},{"name":"resultFormat","value":"allure2"}],"parameters":[{"name":"council","value":"NorthumberlandCouncil"}],"links":[],"hidden":false,"retry":false,"extra":{"severity":"normal","retries":[],"categories":[],"history":{"statistic":{"failed":47,"broken":0,"skipped":0,"passed":140,"unknown":0,"total":187},"items":[{"uid":"9d131d869831d072","reportUrl":"https://robbrad.github.io/UKBinCollectionData/3.11/1852//#testresult/9d131d869831d072","status":"passed","time":{"start":1716165149343,"stop":1716165404188,"duration":254845}},{"uid":"49e7e9f1e7ffc82c","reportUrl":"https://robbrad.github.io/UKBinCollectionData/3.11/1851//#testresult/49e7e9f1e7ffc82c","status":"passed","time":{"start":1716155157138,"stop":1716155180562,"duration":23424}},{"uid":"eb45589f93f7ba9e","reportUrl":"https://robbrad.github.io/UKBinCollectionData/3.11/1849//#testresult/eb45589f93f7ba9e","status":"passed","time":{"start":1716152686587,"stop":1716152708821,"duration":22234}},{"uid":"674115d0ef7ac3d2","reportUrl":"https://robbrad.github.io/UKBinCollectionData/3.11/1846//#testresult/674115d0ef7ac3d2","status":"passed","time":{"start":1716079158213,"stop":1716079194168,"duration":35955}},{"uid":"6dc97cf64289935","reportUrl":"https://robbrad.github.io/UKBinCollectionData/3.11/1842//#testresult/6dc97cf64289935","status":"passed","time":{"start":1715992582763,"stop":1715992595889,"duration":13126}},{"uid":"c6c51c9976c7de03","reportUrl":"https://robbrad.github.io/UKBinCollectionData/3.11/1839//#testresult/c6c51c9976c7de03","status":"passed","time":{"start":1715983549992,"stop":1715983634542,"duration":84550}},{"uid":"d9bf81985f07db65","reportUrl":"https://robbrad.github.io/UKBinCollectionData/3.11/1834//#testresult/d9bf81985f07db65","status":"passed","time":{"start":1715973864037,"stop":1715974036730,"duration":172693}},{"uid":"8d083178d0d5e0f5","reportUrl":"https://robbrad.github.io/UKBinCollectionData/3.11/1110//#testresult/8d083178d0d5e0f5","status":"failed","statusDetails":"urllib3.exceptions.MaxRetryError: HTTPConnectionPool(host='selenium', port=4444): Max retries exceeded with url: /session (Caused by NameResolutionError(\"<urllib3.connection.HTTPConnection object at 0x7f1ca41f2710>: Failed to resolve 'selenium' ([Errno -3] Temporary failure in name resolution)\"))","time":{"start":1699147264351,"stop":1699147264500,"duration":149}},{"uid":"8d1cf7664a2daffb","reportUrl":"https://robbrad.github.io/UKBinCollectionData/3.11/1107//#testresult/8d1cf7664a2daffb","status":"failed","statusDetails":"urllib3.exceptions.MaxRetryError: HTTPConnectionPool(host='selenium', port=4444): Max retries exceeded with url: /session (Caused by NameResolutionError(\"<urllib3.connection.HTTPConnection object at 0x7fc74246bc50>: Failed to resolve 'selenium' ([Errno -3] Temporary failure in name resolution)\"))","time":{"start":1699101550316,"stop":1699101550466,"duration":150}},{"uid":"702d20c3532bed24","reportUrl":"https://robbrad.github.io/UKBinCollectionData/3.11/1106//#testresult/702d20c3532bed24","status":"failed","statusDetails":"urllib3.exceptions.MaxRetryError: HTTPConnectionPool(host='selenium', port=4444): Max retries exceeded with url: /session (Caused by NameResolutionError(\"<urllib3.connection.HTTPConnection object at 0x7f533a245ad0>: Failed to resolve 'selenium' ([Errno -3] Temporary failure in name resolution)\"))","time":{"start":1699060590475,"stop":1699060590610,"duration":135}},{"uid":"f23e6d3d18b6289f","reportUrl":"https://robbrad.github.io/UKBinCollectionData/3.11/1100//#testresult/f23e6d3d18b6289f","status":"failed","statusDetails":"urllib3.exceptions.MaxRetryError: HTTPConnectionPool(host='selenium', port=4444): Max retries exceeded with url: /session (Caused by NameResolutionError(\"<urllib3.connection.HTTPConnection object at 0x7f3df9447ed0>: Failed to resolve 'selenium' ([Errno -3] Temporary failure in name resolution)\"))","time":{"start":1699007645640,"stop":1699007645797,"duration":157}},{"uid":"977e10948366c500","reportUrl":"https://robbrad.github.io/UKBinCollectionData/3.11/1095//#testresult/977e10948366c500","status":"failed","statusDetails":"selenium.common.exceptions.NoSuchElementException: Message: no such element: Unable to locate element: {\"method\":\"css selector\",\"selector\":\"[id=\"ccc-notify-accept\"]\"}\n  (Session info: headless chrome=118.0.5993.117); For documentation on this error, please visit: https://www.selenium.dev/documentation/webdriver/troubleshooting/errors#no-such-element-exception\nStacktrace:\n#0 0x555e315fbfb3 <unknown>\n#1 0x555e312cf4a7 <unknown>\n#2 0x555e31316dd6 <unknown>\n#3 0x555e31316ec1 <unknown>\n#4 0x555e31354354 <unknown>\n#5 0x555e3133896d <unknown>\n#6 0x555e31351c02 <unknown>\n#7 0x555e31338713 <unknown>\n#8 0x555e3130b18b <unknown>\n#9 0x555e3130bf7e <unknown>\n#10 0x555e315c18d8 <unknown>\n#11 0x555e315c5800 <unknown>\n#12 0x555e315cfcfc <unknown>\n#13 0x555e315c6418 <unknown>\n#14 0x555e3159342f <unknown>\n#15 0x555e315ea4e8 <unknown>\n#16 0x555e315ea6b4 <unknown>\n#17 0x555e315fb143 <unknown>\n#18 0x7faa6bc94ac3 <unknown>","time":{"start":1698988681947,"stop":1698988686238,"duration":4291}},{"uid":"2536d43f5414f028","reportUrl":"https://robbrad.github.io/UKBinCollectionData/3.11/1094//#testresult/2536d43f5414f028","status":"failed","statusDetails":"selenium.common.exceptions.NoSuchElementException: Message: no such element: Unable to locate element: {\"method\":\"css selector\",\"selector\":\"[id=\"ccc-notify-accept\"]\"}\n  (Session info: headless chrome=118.0.5993.117); For documentation on this error, please visit: https://www.selenium.dev/documentation/webdriver/troubleshooting/errors#no-such-element-exception\nStacktrace:\n#0 0x55d7dcb2afb3 <unknown>\n#1 0x55d7dc7fe4a7 <unknown>\n#2 0x55d7dc845dd6 <unknown>\n#3 0x55d7dc845ec1 <unknown>\n#4 0x55d7dc883354 <unknown>\n#5 0x55d7dc86796d <unknown>\n#6 0x55d7dc880c02 <unknown>\n#7 0x55d7dc867713 <unknown>\n#8 0x55d7dc83a18b <unknown>\n#9 0x55d7dc83af7e <unknown>\n#10 0x55d7dcaf08d8 <unknown>\n#11 0x55d7dcaf4800 <unknown>\n#12 0x55d7dcafecfc <unknown>\n#13 0x55d7dcaf5418 <unknown>\n#14 0x55d7dcac242f <unknown>\n#15 0x55d7dcb194e8 <unknown>\n#16 0x55d7dcb196b4 <unknown>\n#17 0x55d7dcb2a143 <unknown>\n#18 0x7f19f7094ac3 <unknown>","time":{"start":1698974257022,"stop":1698974261614,"duration":4592}},{"uid":"ccb583e1c9fadc12","reportUrl":"https://robbrad.github.io/UKBinCollectionData/3.11/1091//#testresult/ccb583e1c9fadc12","status":"failed","statusDetails":"selenium.common.exceptions.NoSuchElementException: Message: no such element: Unable to locate element: {\"method\":\"css selector\",\"selector\":\"[id=\"ccc-notify-accept\"]\"}\n  (Session info: headless chrome=118.0.5993.117); For documentation on this error, please visit: https://www.selenium.dev/documentation/webdriver/troubleshooting/errors#no-such-element-exception\nStacktrace:\n#0 0x55c04fe78fb3 <unknown>\n#1 0x55c04fb4c4a7 <unknown>\n#2 0x55c04fb93dd6 <unknown>\n#3 0x55c04fb93ec1 <unknown>\n#4 0x55c04fbd1354 <unknown>\n#5 0x55c04fbb596d <unknown>\n#6 0x55c04fbcec02 <unknown>\n#7 0x55c04fbb5713 <unknown>\n#8 0x55c04fb8818b <unknown>\n#9 0x55c04fb88f7e <unknown>\n#10 0x55c04fe3e8d8 <unknown>\n#11 0x55c04fe42800 <unknown>\n#12 0x55c04fe4ccfc <unknown>\n#13 0x55c04fe43418 <unknown>\n#14 0x55c04fe1042f <unknown>\n#15 0x55c04fe674e8 <unknown>\n#16 0x55c04fe676b4 <unknown>\n#17 0x55c04fe78143 <unknown>\n#18 0x7f8de6a94ac3 <unknown>","time":{"start":1698887690590,"stop":1698887694296,"duration":3706}},{"uid":"f25b407f960d9920","reportUrl":"https://robbrad.github.io/UKBinCollectionData/3.11/1090//#testresult/f25b407f960d9920","status":"failed","statusDetails":"selenium.common.exceptions.NoSuchElementException: Message: no such element: Unable to locate element: {\"method\":\"css selector\",\"selector\":\"[id=\"ccc-notify-accept\"]\"}\n  (Session info: headless chrome=118.0.5993.117); For documentation on this error, please visit: https://www.selenium.dev/documentation/webdriver/troubleshooting/errors#no-such-element-exception\nStacktrace:\n#0 0x55e9c000dfb3 <unknown>\n#1 0x55e9bfce14a7 <unknown>\n#2 0x55e9bfd28dd6 <unknown>\n#3 0x55e9bfd28ec1 <unknown>\n#4 0x55e9bfd66354 <unknown>\n#5 0x55e9bfd4a96d <unknown>\n#6 0x55e9bfd63c02 <unknown>\n#7 0x55e9bfd4a713 <unknown>\n#8 0x55e9bfd1d18b <unknown>\n#9 0x55e9bfd1df7e <unknown>\n#10 0x55e9bffd38d8 <unknown>\n#11 0x55e9bffd7800 <unknown>\n#12 0x55e9bffe1cfc <unknown>\n#13 0x55e9bffd8418 <unknown>\n#14 0x55e9bffa542f <unknown>\n#15 0x55e9bfffc4e8 <unknown>\n#16 0x55e9bfffc6b4 <unknown>\n#17 0x55e9c000d143 <unknown>\n#18 0x7fe187a94ac3 <unknown>","time":{"start":1698878374750,"stop":1698878378621,"duration":3871}},{"uid":"e675fc28d30ac21c","reportUrl":"https://robbrad.github.io/UKBinCollectionData/3.11/1089//#testresult/e675fc28d30ac21c","status":"failed","statusDetails":"selenium.common.exceptions.NoSuchElementException: Message: no such element: Unable to locate element: {\"method\":\"css selector\",\"selector\":\"[id=\"ccc-notify-accept\"]\"}\n  (Session info: headless chrome=118.0.5993.117); For documentation on this error, please visit: https://www.selenium.dev/documentation/webdriver/troubleshooting/errors#no-such-element-exception\nStacktrace:\n#0 0x55ba74046fb3 <unknown>\n#1 0x55ba73d1a4a7 <unknown>\n#2 0x55ba73d61dd6 <unknown>\n#3 0x55ba73d61ec1 <unknown>\n#4 0x55ba73d9f354 <unknown>\n#5 0x55ba73d8396d <unknown>\n#6 0x55ba73d9cc02 <unknown>\n#7 0x55ba73d83713 <unknown>\n#8 0x55ba73d5618b <unknown>\n#9 0x55ba73d56f7e <unknown>\n#10 0x55ba7400c8d8 <unknown>\n#11 0x55ba74010800 <unknown>\n#12 0x55ba7401acfc <unknown>\n#13 0x55ba74011418 <unknown>\n#14 0x55ba73fde42f <unknown>\n#15 0x55ba740354e8 <unknown>\n#16 0x55ba740356b4 <unknown>\n#17 0x55ba74046143 <unknown>\n#18 0x7fc317494ac3 <unknown>","time":{"start":1698878268036,"stop":1698878271676,"duration":3640}},{"uid":"49f76b6d0f5cd82","reportUrl":"https://robbrad.github.io/UKBinCollectionData/3.11/1086//#testresult/49f76b6d0f5cd82","status":"failed","statusDetails":"selenium.common.exceptions.NoSuchElementException: Message: no such element: Unable to locate element: {\"method\":\"css selector\",\"selector\":\"[id=\"ccc-notify-accept\"]\"}\n  (Session info: headless chrome=118.0.5993.117); For documentation on this error, please visit: https://www.selenium.dev/documentation/webdriver/troubleshooting/errors#no-such-element-exception\nStacktrace:\n#0 0x55f39051dfb3 <unknown>\n#1 0x55f3901f14a7 <unknown>\n#2 0x55f390238dd6 <unknown>\n#3 0x55f390238ec1 <unknown>\n#4 0x55f390276354 <unknown>\n#5 0x55f39025a96d <unknown>\n#6 0x55f390273c02 <unknown>\n#7 0x55f39025a713 <unknown>\n#8 0x55f39022d18b <unknown>\n#9 0x55f39022df7e <unknown>\n#10 0x55f3904e38d8 <unknown>\n#11 0x55f3904e7800 <unknown>\n#12 0x55f3904f1cfc <unknown>\n#13 0x55f3904e8418 <unknown>\n#14 0x55f3904b542f <unknown>\n#15 0x55f39050c4e8 <unknown>\n#16 0x55f39050c6b4 <unknown>\n#17 0x55f39051d143 <unknown>\n#18 0x7f46b5494ac3 <unknown>","time":{"start":1698867628626,"stop":1698867633176,"duration":4550}},{"uid":"122c13a0f9ece0ae","reportUrl":"https://robbrad.github.io/UKBinCollectionData/3.11/1081//#testresult/122c13a0f9ece0ae","status":"failed","statusDetails":"selenium.common.exceptions.NoSuchElementException: Message: no such element: Unable to locate element: {\"method\":\"css selector\",\"selector\":\"[id=\"ccc-notify-accept\"]\"}\n  (Session info: headless chrome=118.0.5993.117); For documentation on this error, please visit: https://www.selenium.dev/documentation/webdriver/troubleshooting/errors#no-such-element-exception\nStacktrace:\n#0 0x5640138f7fb3 <unknown>\n#1 0x5640135cb4a7 <unknown>\n#2 0x564013612dd6 <unknown>\n#3 0x564013612ec1 <unknown>\n#4 0x564013650354 <unknown>\n#5 0x56401363496d <unknown>\n#6 0x56401364dc02 <unknown>\n#7 0x564013634713 <unknown>\n#8 0x56401360718b <unknown>\n#9 0x564013607f7e <unknown>\n#10 0x5640138bd8d8 <unknown>\n#11 0x5640138c1800 <unknown>\n#12 0x5640138cbcfc <unknown>\n#13 0x5640138c2418 <unknown>\n#14 0x56401388f42f <unknown>\n#15 0x5640138e64e8 <unknown>\n#16 0x5640138e66b4 <unknown>\n#17 0x5640138f7143 <unknown>\n#18 0x7f059c094ac3 <unknown>","time":{"start":1698801570182,"stop":1698801573909,"duration":3727}},{"uid":"f147af36d63e6799","reportUrl":"https://robbrad.github.io/UKBinCollectionData/3.11/1079//#testresult/f147af36d63e6799","status":"failed","statusDetails":"selenium.common.exceptions.NoSuchElementException: Message: no such element: Unable to locate element: {\"method\":\"css selector\",\"selector\":\"[id=\"ccc-notify-accept\"]\"}\n  (Session info: headless chrome=118.0.5993.117); For documentation on this error, please visit: https://www.selenium.dev/documentation/webdriver/troubleshooting/errors#no-such-element-exception\nStacktrace:\n#0 0x55e139e9cfb3 <unknown>\n#1 0x55e139b704a7 <unknown>\n#2 0x55e139bb7dd6 <unknown>\n#3 0x55e139bb7ec1 <unknown>\n#4 0x55e139bf5354 <unknown>\n#5 0x55e139bd996d <unknown>\n#6 0x55e139bf2c02 <unknown>\n#7 0x55e139bd9713 <unknown>\n#8 0x55e139bac18b <unknown>\n#9 0x55e139bacf7e <unknown>\n#10 0x55e139e628d8 <unknown>\n#11 0x55e139e66800 <unknown>\n#12 0x55e139e70cfc <unknown>\n#13 0x55e139e67418 <unknown>\n#14 0x55e139e3442f <unknown>\n#15 0x55e139e8b4e8 <unknown>\n#16 0x55e139e8b6b4 <unknown>\n#17 0x55e139e9c143 <unknown>\n#18 0x7f0552a94ac3 <unknown>","time":{"start":1698788554554,"stop":1698788559767,"duration":5213}},{"uid":"d1d0caba7cda0114","reportUrl":"https://robbrad.github.io/UKBinCollectionData/3.11/1077//#testresult/d1d0caba7cda0114","status":"passed","time":{"start":1698715036105,"stop":1698715042642,"duration":6537}}]},"tags":[]},"source":"fd9bd301baa2ac16.json","parameterValues":["NorthumberlandCouncil"]}