{"uid":"ef750de002000014","name":"Validate Council Output [BarnetCouncil-http://selenium:4444-local]","fullName":"features/validate_council_outputs.feature:Validate Council Output","historyId":"cc586f88bb959e318f31a1e5c380b8cb","time":{"start":1705295552794,"stop":1705295570295,"duration":17501},"status":"failed","statusMessage":"selenium.common.exceptions.NoSuchElementException: Message: Could not locate element with visible text: HA8 7NA, 2, MANOR PARK GARDENS, EDGWARE, BARNET; For documentation on this error, please visit: https://www.selenium.dev/documentation/webdriver/troubleshooting/errors#no-such-element-exception","statusTrace":"fixturefunc = <function scrape_step at 0x7fd7fb968d60>\nrequest = <FixtureRequest for <Function test_scenario_outline[BarnetCouncil-http://selenium:4444-local]>>\nkwargs = {'context': <test_validate_council.context.<locals>.Context object at 0x7fd7fb79bed0>, 'council': 'BarnetCouncil', 'selenium_mode': 'local', 'selenium_url': 'http://selenium:4444'}\n\n    def call_fixture_func(\n        fixturefunc: \"_FixtureFunc[FixtureValue]\", request: FixtureRequest, kwargs\n    ) -> FixtureValue:\n        if is_generator(fixturefunc):\n            fixturefunc = cast(\n                Callable[..., Generator[FixtureValue, None, None]], fixturefunc\n            )\n            generator = fixturefunc(**kwargs)\n            try:\n                fixture_result = next(generator)\n            except StopIteration:\n                raise ValueError(f\"{request.fixturename} did not yield a value\") from None\n            finalizer = functools.partial(_teardown_yield_fixture, fixturefunc, generator)\n            request.addfinalizer(finalizer)\n        else:\n            fixturefunc = cast(Callable[..., FixtureValue], fixturefunc)\n>           fixture_result = fixturefunc(**kwargs)\n\n../../../.cache/pypoetry/virtualenvs/uk-bin-collection-EwS6Gn8s-py3.11/lib/python3.11/site-packages/_pytest/fixtures.py:902: \n_ _ _ _ _ _ _ _ _ _ _ _ _ _ _ _ _ _ _ _ _ _ _ _ _ _ _ _ _ _ _ _ _ _ _ _ _ _ _ _ \nuk_bin_collection/tests/step_defs/test_validate_council.py:92: in scrape_step\n    context.parse_result = CollectData.run()\nuk_bin_collection/uk_bin_collection/collect_data.py:96: in run\n    return self.client_code(\nuk_bin_collection/uk_bin_collection/collect_data.py:115: in client_code\n    return get_bin_data_class.template_method(address_url, **kwargs)\nuk_bin_collection/uk_bin_collection/get_bin_data.py:78: in template_method\n    bin_data_dict = self.parse_data(\nuk_bin_collection/uk_bin_collection/councils/BarnetCouncil.py:105: in parse_data\n    select.select_by_visible_text(user_paon)\n_ _ _ _ _ _ _ _ _ _ _ _ _ _ _ _ _ _ _ _ _ _ _ _ _ _ _ _ _ _ _ _ _ _ _ _ _ _ _ _ \n\nself = <selenium.webdriver.support.select.Select object at 0x7fd7fd8d09d0>\ntext = 'HA8 7NA, 2, MANOR PARK GARDENS, EDGWARE, BARNET'\n\n    def select_by_visible_text(self, text: str) -> None:\n        \"\"\"Select all options that display text matching the argument. That is,\n        when given \"Bar\" this would select an option like:\n    \n         <option value=\"foo\">Bar</option>\n    \n        :Args:\n         - text - The visible text to match against\n    \n         throws NoSuchElementException If there is no option with specified text in SELECT\n        \"\"\"\n        xpath = f\".//option[normalize-space(.) = {self._escape_string(text)}]\"\n        opts = self._el.find_elements(By.XPATH, xpath)\n        matched = False\n        for opt in opts:\n            self._set_selected(opt)\n            if not self.is_multiple:\n                return\n            matched = True\n    \n        if len(opts) == 0 and \" \" in text:\n            sub_string_without_space = self._get_longest_token(text)\n            if sub_string_without_space == \"\":\n                candidates = self.options\n            else:\n                xpath = f\".//option[contains(.,{self._escape_string(sub_string_without_space)})]\"\n                candidates = self._el.find_elements(By.XPATH, xpath)\n            for candidate in candidates:\n                if text == candidate.text:\n                    self._set_selected(candidate)\n                    if not self.is_multiple:\n                        return\n                    matched = True\n    \n        if not matched:\n>           raise NoSuchElementException(f\"Could not locate element with visible text: {text}\")\nE           selenium.common.exceptions.NoSuchElementException: Message: Could not locate element with visible text: HA8 7NA, 2, MANOR PARK GARDENS, EDGWARE, BARNET; For documentation on this error, please visit: https://www.selenium.dev/documentation/webdriver/troubleshooting/errors#no-such-element-exception\n\n../../../.cache/pypoetry/virtualenvs/uk-bin-collection-EwS6Gn8s-py3.11/lib/python3.11/site-packages/selenium/webdriver/support/select.py:137: NoSuchElementException","flaky":false,"newFailed":false,"newBroken":false,"newPassed":false,"retriesCount":0,"retriesStatusChange":false,"beforeStages":[],"testStage":{"status":"failed","statusMessage":"selenium.common.exceptions.NoSuchElementException: Message: Could not locate element with visible text: HA8 7NA, 2, MANOR PARK GARDENS, EDGWARE, BARNET; For documentation on this error, please visit: https://www.selenium.dev/documentation/webdriver/troubleshooting/errors#no-such-element-exception","statusTrace":"fixturefunc = <function scrape_step at 0x7fd7fb968d60>\nrequest = <FixtureRequest for <Function test_scenario_outline[BarnetCouncil-http://selenium:4444-local]>>\nkwargs = {'context': <test_validate_council.context.<locals>.Context object at 0x7fd7fb79bed0>, 'council': 'BarnetCouncil', 'selenium_mode': 'local', 'selenium_url': 'http://selenium:4444'}\n\n    def call_fixture_func(\n        fixturefunc: \"_FixtureFunc[FixtureValue]\", request: FixtureRequest, kwargs\n    ) -> FixtureValue:\n        if is_generator(fixturefunc):\n            fixturefunc = cast(\n                Callable[..., Generator[FixtureValue, None, None]], fixturefunc\n            )\n            generator = fixturefunc(**kwargs)\n            try:\n                fixture_result = next(generator)\n            except StopIteration:\n                raise ValueError(f\"{request.fixturename} did not yield a value\") from None\n            finalizer = functools.partial(_teardown_yield_fixture, fixturefunc, generator)\n            request.addfinalizer(finalizer)\n        else:\n            fixturefunc = cast(Callable[..., FixtureValue], fixturefunc)\n>           fixture_result = fixturefunc(**kwargs)\n\n../../../.cache/pypoetry/virtualenvs/uk-bin-collection-EwS6Gn8s-py3.11/lib/python3.11/site-packages/_pytest/fixtures.py:902: \n_ _ _ _ _ _ _ _ _ _ _ _ _ _ _ _ _ _ _ _ _ _ _ _ _ _ _ _ _ _ _ _ _ _ _ _ _ _ _ _ \nuk_bin_collection/tests/step_defs/test_validate_council.py:92: in scrape_step\n    context.parse_result = CollectData.run()\nuk_bin_collection/uk_bin_collection/collect_data.py:96: in run\n    return self.client_code(\nuk_bin_collection/uk_bin_collection/collect_data.py:115: in client_code\n    return get_bin_data_class.template_method(address_url, **kwargs)\nuk_bin_collection/uk_bin_collection/get_bin_data.py:78: in template_method\n    bin_data_dict = self.parse_data(\nuk_bin_collection/uk_bin_collection/councils/BarnetCouncil.py:105: in parse_data\n    select.select_by_visible_text(user_paon)\n_ _ _ _ _ _ _ _ _ _ _ _ _ _ _ _ _ _ _ _ _ _ _ _ _ _ _ _ _ _ _ _ _ _ _ _ _ _ _ _ \n\nself = <selenium.webdriver.support.select.Select object at 0x7fd7fd8d09d0>\ntext = 'HA8 7NA, 2, MANOR PARK GARDENS, EDGWARE, BARNET'\n\n    def select_by_visible_text(self, text: str) -> None:\n        \"\"\"Select all options that display text matching the argument. That is,\n        when given \"Bar\" this would select an option like:\n    \n         <option value=\"foo\">Bar</option>\n    \n        :Args:\n         - text - The visible text to match against\n    \n         throws NoSuchElementException If there is no option with specified text in SELECT\n        \"\"\"\n        xpath = f\".//option[normalize-space(.) = {self._escape_string(text)}]\"\n        opts = self._el.find_elements(By.XPATH, xpath)\n        matched = False\n        for opt in opts:\n            self._set_selected(opt)\n            if not self.is_multiple:\n                return\n            matched = True\n    \n        if len(opts) == 0 and \" \" in text:\n            sub_string_without_space = self._get_longest_token(text)\n            if sub_string_without_space == \"\":\n                candidates = self.options\n            else:\n                xpath = f\".//option[contains(.,{self._escape_string(sub_string_without_space)})]\"\n                candidates = self._el.find_elements(By.XPATH, xpath)\n            for candidate in candidates:\n                if text == candidate.text:\n                    self._set_selected(candidate)\n                    if not self.is_multiple:\n                        return\n                    matched = True\n    \n        if not matched:\n>           raise NoSuchElementException(f\"Could not locate element with visible text: {text}\")\nE           selenium.common.exceptions.NoSuchElementException: Message: Could not locate element with visible text: HA8 7NA, 2, MANOR PARK GARDENS, EDGWARE, BARNET; For documentation on this error, please visit: https://www.selenium.dev/documentation/webdriver/troubleshooting/errors#no-such-element-exception\n\n../../../.cache/pypoetry/virtualenvs/uk-bin-collection-EwS6Gn8s-py3.11/lib/python3.11/site-packages/selenium/webdriver/support/select.py:137: NoSuchElementException","steps":[{"name":"Given the council: BarnetCouncil","time":{"start":1705295552794,"stop":1705295552794,"duration":0},"status":"passed","steps":[],"attachments":[],"parameters":[],"shouldDisplayMessage":false,"stepsCount":0,"attachmentsCount":0,"hasContent":false,"attachmentStep":false},{"name":"When we scrape the data from BarnetCouncil using local and the http://selenium:4444 is set","time":{"start":1705295552794,"stop":1705295570295,"duration":17501},"status":"failed","statusMessage":"Message: Could not locate element with visible text: HA8 7NA, 2, MANOR PARK GARDENS, EDGWARE, BARNET; For documentation on this error, please visit: https://www.selenium.dev/documentation/webdriver/troubleshooting/errors#no-such-element-exception\n","statusTrace":"selenium.common.exceptions.NoSuchElementException: Message: Could not locate element with visible text: HA8 7NA, 2, MANOR PARK GARDENS, EDGWARE, BARNET; For documentation on this error, please visit: https://www.selenium.dev/documentation/webdriver/troubleshooting/errors#no-such-element-exception\n\n","steps":[],"attachments":[],"parameters":[],"shouldDisplayMessage":true,"stepsCount":0,"attachmentsCount":0,"hasContent":true,"attachmentStep":false}],"attachments":[],"parameters":[],"shouldDisplayMessage":true,"stepsCount":2,"attachmentsCount":0,"hasContent":true,"attachmentStep":false},"afterStages":[],"labels":[{"name":"host","value":"fv-az698-536"},{"name":"thread","value":"2685-MainThread"},{"name":"framework","value":"pytest-bdd"},{"name":"language","value":"cpython3"},{"name":"feature","value":"Test each council output matches expected results"},{"name":"resultFormat","value":"allure2"}],"parameters":[{"name":"council","value":"BarnetCouncil"},{"name":"selenium_mode","value":"local"},{"name":"selenium_url","value":"http://selenium:4444"}],"links":[],"hidden":false,"retry":false,"extra":{"severity":"normal","retries":[],"categories":[{"name":"Product defects","matchedStatuses":[],"flaky":false}],"history":{"statistic":{"failed":18,"broken":0,"skipped":0,"passed":18,"unknown":0,"total":36},"items":[{"uid":"ac73eb486234c942","reportUrl":"https://robbrad.github.io/UKBinCollectionData/3.11/1491//#testresult/ac73eb486234c942","status":"failed","statusDetails":"TypeError: create_webdriver() missing 1 required positional argument: 'user_agent'","time":{"start":1705295120678,"stop":1705295120751,"duration":73}},{"uid":"e70a7baa518e9e65","reportUrl":"https://robbrad.github.io/UKBinCollectionData/3.11/1490//#testresult/e70a7baa518e9e65","status":"failed","statusDetails":"TypeError: create_webdriver() missing 1 required positional argument: 'user_agent'","time":{"start":1705278522792,"stop":1705278522986,"duration":194}},{"uid":"9d149976c45b12fb","reportUrl":"https://robbrad.github.io/UKBinCollectionData/3.11/1485//#testresult/9d149976c45b12fb","status":"failed","statusDetails":"TypeError: create_webdriver() missing 1 required positional argument: 'user_agent'","time":{"start":1705192187493,"stop":1705192187649,"duration":156}},{"uid":"a7f0cb371eb56375","reportUrl":"https://robbrad.github.io/UKBinCollectionData/3.11/1484//#testresult/a7f0cb371eb56375","status":"failed","statusDetails":"TypeError: create_webdriver() missing 1 required positional argument: 'user_agent'","time":{"start":1705105651729,"stop":1705105652333,"duration":604}},{"uid":"2d982c829b66f60c","reportUrl":"https://robbrad.github.io/UKBinCollectionData/3.11/1482//#testresult/2d982c829b66f60c","status":"failed","statusDetails":"TypeError: create_webdriver() missing 1 required positional argument: 'user_agent'","time":{"start":1705019226544,"stop":1705019226777,"duration":233}},{"uid":"495116fc6bdcd990","reportUrl":"https://robbrad.github.io/UKBinCollectionData/3.11/1478//#testresult/495116fc6bdcd990","status":"failed","statusDetails":"TypeError: create_webdriver() missing 1 required positional argument: 'user_agent'","time":{"start":1704932817350,"stop":1704932817509,"duration":159}},{"uid":"13c7a0a5ccc08807","reportUrl":"https://robbrad.github.io/UKBinCollectionData/3.11/1472//#testresult/13c7a0a5ccc08807","status":"failed","statusDetails":"TypeError: create_webdriver() missing 1 required positional argument: 'user_agent'","time":{"start":1704846428612,"stop":1704846428797,"duration":185}},{"uid":"27e18d832ae8e46a","reportUrl":"https://robbrad.github.io/UKBinCollectionData/3.11/1456//#testresult/27e18d832ae8e46a","status":"passed","time":{"start":1704760054680,"stop":1704760081414,"duration":26734}},{"uid":"cc5b5631aa313c3f","reportUrl":"https://robbrad.github.io/UKBinCollectionData/3.11/1452//#testresult/cc5b5631aa313c3f","status":"passed","time":{"start":1704711466145,"stop":1704711483658,"duration":17513}},{"uid":"dc73eae538686a79","reportUrl":"https://robbrad.github.io/UKBinCollectionData/3.11/1450//#testresult/dc73eae538686a79","status":"passed","time":{"start":1704710672221,"stop":1704710693317,"duration":21096}},{"uid":"a1f50987aba84778","reportUrl":"https://robbrad.github.io/UKBinCollectionData/3.11/1448//#testresult/a1f50987aba84778","status":"passed","time":{"start":1704710052945,"stop":1704710079203,"duration":26258}},{"uid":"60e778ecfdd34018","reportUrl":"https://robbrad.github.io/UKBinCollectionData/3.11/1446//#testresult/60e778ecfdd34018","status":"passed","time":{"start":1704709529846,"stop":1704709553332,"duration":23486}},{"uid":"b0fa799c31627536","reportUrl":"https://robbrad.github.io/UKBinCollectionData/3.11/1443//#testresult/b0fa799c31627536","status":"passed","time":{"start":1704704041130,"stop":1704704062288,"duration":21158}},{"uid":"3df40d1184442265","reportUrl":"https://robbrad.github.io/UKBinCollectionData/3.11/1441//#testresult/3df40d1184442265","status":"passed","time":{"start":1704673675700,"stop":1704673696524,"duration":20824}},{"uid":"b6bbf1b7c8e59fd1","reportUrl":"https://robbrad.github.io/UKBinCollectionData/3.11/1429//#testresult/b6bbf1b7c8e59fd1","status":"passed","time":{"start":1704626395428,"stop":1704626412595,"duration":17167}},{"uid":"baadac02bcde1d55","reportUrl":"https://robbrad.github.io/UKBinCollectionData/3.11/1426//#testresult/baadac02bcde1d55","status":"failed","statusDetails":"TypeError: create_webdriver() missing 1 required positional argument: 'headless'","time":{"start":1704615372490,"stop":1704615372559,"duration":69}},{"uid":"25b1959aa76f04ec","reportUrl":"https://robbrad.github.io/UKBinCollectionData/3.11/1423//#testresult/25b1959aa76f04ec","status":"failed","statusDetails":"TypeError: create_webdriver() missing 1 required positional argument: 'headless'","time":{"start":1704614760087,"stop":1704614760445,"duration":358}},{"uid":"5d849b1ae58efc1c","reportUrl":"https://robbrad.github.io/UKBinCollectionData/3.11/1420//#testresult/5d849b1ae58efc1c","status":"passed","time":{"start":1704587394634,"stop":1704587433158,"duration":38524}},{"uid":"91025ef6bfb8b057","reportUrl":"https://robbrad.github.io/UKBinCollectionData/3.11/1413//#testresult/91025ef6bfb8b057","status":"passed","time":{"start":1704542681823,"stop":1704542702362,"duration":20539}},{"uid":"7433a4b1d8983144","reportUrl":"https://robbrad.github.io/UKBinCollectionData/3.11/1408//#testresult/7433a4b1d8983144","status":"passed","time":{"start":1704496126462,"stop":1704496145347,"duration":18885}}]},"tags":[]},"source":"ef750de002000014.json","parameterValues":["BarnetCouncil","local","http://selenium:4444"]}