{"uid":"4003b7ea129dae5a","name":"Validate Council Output [NeathPortTalbotCouncil-http://selenium:4444-local]","fullName":"features/validate_council_outputs.feature:Validate Council Output","historyId":"68717d64a9b5b73045a4198b6f1e2a64","time":{"start":1712795294197,"stop":1712795297820,"duration":3623},"status":"failed","statusMessage":"selenium.common.exceptions.NoSuchElementException: Message: no such element: Unable to locate element: {\"method\":\"css selector\",\"selector\":\"[id=\"ContentPlaceHolderDefault_ctl13_nptLLPG2_25_addresslookup_txtTmpPostcode\"]\"}\n  (Session info: chrome-headless-shell=123.0.6312.105); For documentation on this error, please visit: https://www.selenium.dev/documentation/webdriver/troubleshooting/errors#no-such-element-exception\nStacktrace:\n#0 0x55b920896863 <unknown>\n#1 0x55b92058c8c6 <unknown>\n#2 0x55b9205d7618 <unknown>\n#3 0x55b9205d76d1 <unknown>\n#4 0x55b92061a744 <unknown>\n#5 0x55b9205f95cd <unknown>\n#6 0x55b920617c19 <unknown>\n#7 0x55b9205f9343 <unknown>\n#8 0x55b9205ca593 <unknown>\n#9 0x55b9205caf5e <unknown>\n#10 0x55b92085a84b <unknown>\n#11 0x55b92085e7a5 <unknown>\n#12 0x55b920848571 <unknown>\n#13 0x55b92085f332 <unknown>\n#14 0x55b92082d87f <unknown>\n#15 0x55b920885728 <unknown>\n#16 0x55b9208858fb <unknown>\n#17 0x55b9208959b4 <unknown>\n#18 0x7f5708e94ac3 <unknown>","statusTrace":"fixturefunc = <function scrape_step at 0x7fcac29ff250>\nrequest = <FixtureRequest for <Function test_scenario_outline[NeathPortTalbotCouncil-http://selenium:4444-local]>>\nkwargs = {'context': <test_validate_council.context.<locals>.Context object at 0x7fcac1d0ee60>, 'council': 'NeathPortTalbotCouncil', 'selenium_mode': 'local', 'selenium_url': 'http://selenium:4444'}\n\n    def call_fixture_func(\n        fixturefunc: \"_FixtureFunc[FixtureValue]\", request: FixtureRequest, kwargs\n    ) -> FixtureValue:\n        if is_generator(fixturefunc):\n            fixturefunc = cast(\n                Callable[..., Generator[FixtureValue, None, None]], fixturefunc\n            )\n            generator = fixturefunc(**kwargs)\n            try:\n                fixture_result = next(generator)\n            except StopIteration:\n                raise ValueError(f\"{request.fixturename} did not yield a value\") from None\n            finalizer = functools.partial(_teardown_yield_fixture, fixturefunc, generator)\n            request.addfinalizer(finalizer)\n        else:\n            fixturefunc = cast(Callable[..., FixtureValue], fixturefunc)\n>           fixture_result = fixturefunc(**kwargs)\n\n../../../.cache/pypoetry/virtualenvs/uk-bin-collection-EwS6Gn8s-py3.10/lib/python3.10/site-packages/_pytest/fixtures.py:902: \n_ _ _ _ _ _ _ _ _ _ _ _ _ _ _ _ _ _ _ _ _ _ _ _ _ _ _ _ _ _ _ _ _ _ _ _ _ _ _ _ \nuk_bin_collection/tests/step_defs/test_validate_council.py:92: in scrape_step\n    context.parse_result = CollectData.run()\nuk_bin_collection/uk_bin_collection/collect_data.py:96: in run\n    return self.client_code(\nuk_bin_collection/uk_bin_collection/collect_data.py:115: in client_code\n    return get_bin_data_class.template_method(address_url, **kwargs)\nuk_bin_collection/uk_bin_collection/get_bin_data.py:78: in template_method\n    bin_data_dict = self.parse_data(\nuk_bin_collection/uk_bin_collection/councils/NeathPortTalbotCouncil.py:42: in parse_data\n    inputElement_postcode = driver.find_element(\n../../../.cache/pypoetry/virtualenvs/uk-bin-collection-EwS6Gn8s-py3.10/lib/python3.10/site-packages/selenium/webdriver/remote/webdriver.py:738: in find_element\n    return self.execute(Command.FIND_ELEMENT, {\"using\": by, \"value\": value})[\"value\"]\n../../../.cache/pypoetry/virtualenvs/uk-bin-collection-EwS6Gn8s-py3.10/lib/python3.10/site-packages/selenium/webdriver/remote/webdriver.py:344: in execute\n    self.error_handler.check_response(response)\n_ _ _ _ _ _ _ _ _ _ _ _ _ _ _ _ _ _ _ _ _ _ _ _ _ _ _ _ _ _ _ _ _ _ _ _ _ _ _ _ \n\nself = <selenium.webdriver.remote.errorhandler.ErrorHandler object at 0x7fcac19cc910>\nresponse = {'status': 404, 'value': '{\"value\":{\"error\":\"no such element\",\"message\":\"no such element: Unable to locate element: {\\...\\\\n#16 0x55b9208858fb \\\\u003Cunknown>\\\\n#17 0x55b9208959b4 \\\\u003Cunknown>\\\\n#18 0x7f5708e94ac3 \\\\u003Cunknown>\\\\n\"}}'}\n\n    def check_response(self, response: Dict[str, Any]) -> None:\n        \"\"\"Checks that a JSON response from the WebDriver does not have an\n        error.\n    \n        :Args:\n         - response - The JSON response from the WebDriver server as a dictionary\n           object.\n    \n        :Raises: If the response contains an error message.\n        \"\"\"\n        status = response.get(\"status\", None)\n        if not status or status == ErrorCode.SUCCESS:\n            return\n        value = None\n        message = response.get(\"message\", \"\")\n        screen: str = response.get(\"screen\", \"\")\n        stacktrace = None\n        if isinstance(status, int):\n            value_json = response.get(\"value\", None)\n            if value_json and isinstance(value_json, str):\n                import json\n    \n                try:\n                    value = json.loads(value_json)\n                    if len(value) == 1:\n                        value = value[\"value\"]\n                    status = value.get(\"error\", None)\n                    if not status:\n                        status = value.get(\"status\", ErrorCode.UNKNOWN_ERROR)\n                        message = value.get(\"value\") or value.get(\"message\")\n                        if not isinstance(message, str):\n                            value = message\n                            message = message.get(\"message\")\n                    else:\n                        message = value.get(\"message\", None)\n                except ValueError:\n                    pass\n    \n        exception_class: Type[WebDriverException]\n        e = ErrorCode()\n        error_codes = [item for item in dir(e) if not item.startswith(\"__\")]\n        for error_code in error_codes:\n            error_info = getattr(ErrorCode, error_code)\n            if isinstance(error_info, list) and status in error_info:\n                exception_class = getattr(ExceptionMapping, error_code, WebDriverException)\n                break\n        else:\n            exception_class = WebDriverException\n    \n        if not value:\n            value = response[\"value\"]\n        if isinstance(value, str):\n            raise exception_class(value)\n        if message == \"\" and \"message\" in value:\n            message = value[\"message\"]\n    \n        screen = None  # type: ignore[assignment]\n        if \"screen\" in value:\n            screen = value[\"screen\"]\n    \n        stacktrace = None\n        st_value = value.get(\"stackTrace\") or value.get(\"stacktrace\")\n        if st_value:\n            if isinstance(st_value, str):\n                stacktrace = st_value.split(\"\\n\")\n            else:\n                stacktrace = []\n                try:\n                    for frame in st_value:\n                        line = frame.get(\"lineNumber\", \"\")\n                        file = frame.get(\"fileName\", \"<anonymous>\")\n                        if line:\n                            file = f\"{file}:{line}\"\n                        meth = frame.get(\"methodName\", \"<anonymous>\")\n                        if \"className\" in frame:\n                            meth = f\"{frame['className']}.{meth}\"\n                        msg = \"    at %s (%s)\"\n                        msg = msg % (meth, file)\n                        stacktrace.append(msg)\n                except TypeError:\n                    pass\n        if exception_class == UnexpectedAlertPresentException:\n            alert_text = None\n            if \"data\" in value:\n                alert_text = value[\"data\"].get(\"text\")\n            elif \"alert\" in value:\n                alert_text = value[\"alert\"].get(\"text\")\n            raise exception_class(message, screen, stacktrace, alert_text)  # type: ignore[call-arg]  # mypy is not smart enough here\n>       raise exception_class(message, screen, stacktrace)\nE       selenium.common.exceptions.NoSuchElementException: Message: no such element: Unable to locate element: {\"method\":\"css selector\",\"selector\":\"[id=\"ContentPlaceHolderDefault_ctl13_nptLLPG2_25_addresslookup_txtTmpPostcode\"]\"}\nE         (Session info: chrome-headless-shell=123.0.6312.105); For documentation on this error, please visit: https://www.selenium.dev/documentation/webdriver/troubleshooting/errors#no-such-element-exception\nE       Stacktrace:\nE       #0 0x55b920896863 <unknown>\nE       #1 0x55b92058c8c6 <unknown>\nE       #2 0x55b9205d7618 <unknown>\nE       #3 0x55b9205d76d1 <unknown>\nE       #4 0x55b92061a744 <unknown>\nE       #5 0x55b9205f95cd <unknown>\nE       #6 0x55b920617c19 <unknown>\nE       #7 0x55b9205f9343 <unknown>\nE       #8 0x55b9205ca593 <unknown>\nE       #9 0x55b9205caf5e <unknown>\nE       #10 0x55b92085a84b <unknown>\nE       #11 0x55b92085e7a5 <unknown>\nE       #12 0x55b920848571 <unknown>\nE       #13 0x55b92085f332 <unknown>\nE       #14 0x55b92082d87f <unknown>\nE       #15 0x55b920885728 <unknown>\nE       #16 0x55b9208858fb <unknown>\nE       #17 0x55b9208959b4 <unknown>\nE       #18 0x7f5708e94ac3 <unknown>\n\n../../../.cache/pypoetry/virtualenvs/uk-bin-collection-EwS6Gn8s-py3.10/lib/python3.10/site-packages/selenium/webdriver/remote/errorhandler.py:229: NoSuchElementException","flaky":false,"newFailed":false,"newBroken":false,"newPassed":false,"retriesCount":0,"retriesStatusChange":false,"beforeStages":[],"testStage":{"status":"failed","statusMessage":"selenium.common.exceptions.NoSuchElementException: Message: no such element: Unable to locate element: {\"method\":\"css selector\",\"selector\":\"[id=\"ContentPlaceHolderDefault_ctl13_nptLLPG2_25_addresslookup_txtTmpPostcode\"]\"}\n  (Session info: chrome-headless-shell=123.0.6312.105); For documentation on this error, please visit: https://www.selenium.dev/documentation/webdriver/troubleshooting/errors#no-such-element-exception\nStacktrace:\n#0 0x55b920896863 <unknown>\n#1 0x55b92058c8c6 <unknown>\n#2 0x55b9205d7618 <unknown>\n#3 0x55b9205d76d1 <unknown>\n#4 0x55b92061a744 <unknown>\n#5 0x55b9205f95cd <unknown>\n#6 0x55b920617c19 <unknown>\n#7 0x55b9205f9343 <unknown>\n#8 0x55b9205ca593 <unknown>\n#9 0x55b9205caf5e <unknown>\n#10 0x55b92085a84b <unknown>\n#11 0x55b92085e7a5 <unknown>\n#12 0x55b920848571 <unknown>\n#13 0x55b92085f332 <unknown>\n#14 0x55b92082d87f <unknown>\n#15 0x55b920885728 <unknown>\n#16 0x55b9208858fb <unknown>\n#17 0x55b9208959b4 <unknown>\n#18 0x7f5708e94ac3 <unknown>","statusTrace":"fixturefunc = <function scrape_step at 0x7fcac29ff250>\nrequest = <FixtureRequest for <Function test_scenario_outline[NeathPortTalbotCouncil-http://selenium:4444-local]>>\nkwargs = {'context': <test_validate_council.context.<locals>.Context object at 0x7fcac1d0ee60>, 'council': 'NeathPortTalbotCouncil', 'selenium_mode': 'local', 'selenium_url': 'http://selenium:4444'}\n\n    def call_fixture_func(\n        fixturefunc: \"_FixtureFunc[FixtureValue]\", request: FixtureRequest, kwargs\n    ) -> FixtureValue:\n        if is_generator(fixturefunc):\n            fixturefunc = cast(\n                Callable[..., Generator[FixtureValue, None, None]], fixturefunc\n            )\n            generator = fixturefunc(**kwargs)\n            try:\n                fixture_result = next(generator)\n            except StopIteration:\n                raise ValueError(f\"{request.fixturename} did not yield a value\") from None\n            finalizer = functools.partial(_teardown_yield_fixture, fixturefunc, generator)\n            request.addfinalizer(finalizer)\n        else:\n            fixturefunc = cast(Callable[..., FixtureValue], fixturefunc)\n>           fixture_result = fixturefunc(**kwargs)\n\n../../../.cache/pypoetry/virtualenvs/uk-bin-collection-EwS6Gn8s-py3.10/lib/python3.10/site-packages/_pytest/fixtures.py:902: \n_ _ _ _ _ _ _ _ _ _ _ _ _ _ _ _ _ _ _ _ _ _ _ _ _ _ _ _ _ _ _ _ _ _ _ _ _ _ _ _ \nuk_bin_collection/tests/step_defs/test_validate_council.py:92: in scrape_step\n    context.parse_result = CollectData.run()\nuk_bin_collection/uk_bin_collection/collect_data.py:96: in run\n    return self.client_code(\nuk_bin_collection/uk_bin_collection/collect_data.py:115: in client_code\n    return get_bin_data_class.template_method(address_url, **kwargs)\nuk_bin_collection/uk_bin_collection/get_bin_data.py:78: in template_method\n    bin_data_dict = self.parse_data(\nuk_bin_collection/uk_bin_collection/councils/NeathPortTalbotCouncil.py:42: in parse_data\n    inputElement_postcode = driver.find_element(\n../../../.cache/pypoetry/virtualenvs/uk-bin-collection-EwS6Gn8s-py3.10/lib/python3.10/site-packages/selenium/webdriver/remote/webdriver.py:738: in find_element\n    return self.execute(Command.FIND_ELEMENT, {\"using\": by, \"value\": value})[\"value\"]\n../../../.cache/pypoetry/virtualenvs/uk-bin-collection-EwS6Gn8s-py3.10/lib/python3.10/site-packages/selenium/webdriver/remote/webdriver.py:344: in execute\n    self.error_handler.check_response(response)\n_ _ _ _ _ _ _ _ _ _ _ _ _ _ _ _ _ _ _ _ _ _ _ _ _ _ _ _ _ _ _ _ _ _ _ _ _ _ _ _ \n\nself = <selenium.webdriver.remote.errorhandler.ErrorHandler object at 0x7fcac19cc910>\nresponse = {'status': 404, 'value': '{\"value\":{\"error\":\"no such element\",\"message\":\"no such element: Unable to locate element: {\\...\\\\n#16 0x55b9208858fb \\\\u003Cunknown>\\\\n#17 0x55b9208959b4 \\\\u003Cunknown>\\\\n#18 0x7f5708e94ac3 \\\\u003Cunknown>\\\\n\"}}'}\n\n    def check_response(self, response: Dict[str, Any]) -> None:\n        \"\"\"Checks that a JSON response from the WebDriver does not have an\n        error.\n    \n        :Args:\n         - response - The JSON response from the WebDriver server as a dictionary\n           object.\n    \n        :Raises: If the response contains an error message.\n        \"\"\"\n        status = response.get(\"status\", None)\n        if not status or status == ErrorCode.SUCCESS:\n            return\n        value = None\n        message = response.get(\"message\", \"\")\n        screen: str = response.get(\"screen\", \"\")\n        stacktrace = None\n        if isinstance(status, int):\n            value_json = response.get(\"value\", None)\n            if value_json and isinstance(value_json, str):\n                import json\n    \n                try:\n                    value = json.loads(value_json)\n                    if len(value) == 1:\n                        value = value[\"value\"]\n                    status = value.get(\"error\", None)\n                    if not status:\n                        status = value.get(\"status\", ErrorCode.UNKNOWN_ERROR)\n                        message = value.get(\"value\") or value.get(\"message\")\n                        if not isinstance(message, str):\n                            value = message\n                            message = message.get(\"message\")\n                    else:\n                        message = value.get(\"message\", None)\n                except ValueError:\n                    pass\n    \n        exception_class: Type[WebDriverException]\n        e = ErrorCode()\n        error_codes = [item for item in dir(e) if not item.startswith(\"__\")]\n        for error_code in error_codes:\n            error_info = getattr(ErrorCode, error_code)\n            if isinstance(error_info, list) and status in error_info:\n                exception_class = getattr(ExceptionMapping, error_code, WebDriverException)\n                break\n        else:\n            exception_class = WebDriverException\n    \n        if not value:\n            value = response[\"value\"]\n        if isinstance(value, str):\n            raise exception_class(value)\n        if message == \"\" and \"message\" in value:\n            message = value[\"message\"]\n    \n        screen = None  # type: ignore[assignment]\n        if \"screen\" in value:\n            screen = value[\"screen\"]\n    \n        stacktrace = None\n        st_value = value.get(\"stackTrace\") or value.get(\"stacktrace\")\n        if st_value:\n            if isinstance(st_value, str):\n                stacktrace = st_value.split(\"\\n\")\n            else:\n                stacktrace = []\n                try:\n                    for frame in st_value:\n                        line = frame.get(\"lineNumber\", \"\")\n                        file = frame.get(\"fileName\", \"<anonymous>\")\n                        if line:\n                            file = f\"{file}:{line}\"\n                        meth = frame.get(\"methodName\", \"<anonymous>\")\n                        if \"className\" in frame:\n                            meth = f\"{frame['className']}.{meth}\"\n                        msg = \"    at %s (%s)\"\n                        msg = msg % (meth, file)\n                        stacktrace.append(msg)\n                except TypeError:\n                    pass\n        if exception_class == UnexpectedAlertPresentException:\n            alert_text = None\n            if \"data\" in value:\n                alert_text = value[\"data\"].get(\"text\")\n            elif \"alert\" in value:\n                alert_text = value[\"alert\"].get(\"text\")\n            raise exception_class(message, screen, stacktrace, alert_text)  # type: ignore[call-arg]  # mypy is not smart enough here\n>       raise exception_class(message, screen, stacktrace)\nE       selenium.common.exceptions.NoSuchElementException: Message: no such element: Unable to locate element: {\"method\":\"css selector\",\"selector\":\"[id=\"ContentPlaceHolderDefault_ctl13_nptLLPG2_25_addresslookup_txtTmpPostcode\"]\"}\nE         (Session info: chrome-headless-shell=123.0.6312.105); For documentation on this error, please visit: https://www.selenium.dev/documentation/webdriver/troubleshooting/errors#no-such-element-exception\nE       Stacktrace:\nE       #0 0x55b920896863 <unknown>\nE       #1 0x55b92058c8c6 <unknown>\nE       #2 0x55b9205d7618 <unknown>\nE       #3 0x55b9205d76d1 <unknown>\nE       #4 0x55b92061a744 <unknown>\nE       #5 0x55b9205f95cd <unknown>\nE       #6 0x55b920617c19 <unknown>\nE       #7 0x55b9205f9343 <unknown>\nE       #8 0x55b9205ca593 <unknown>\nE       #9 0x55b9205caf5e <unknown>\nE       #10 0x55b92085a84b <unknown>\nE       #11 0x55b92085e7a5 <unknown>\nE       #12 0x55b920848571 <unknown>\nE       #13 0x55b92085f332 <unknown>\nE       #14 0x55b92082d87f <unknown>\nE       #15 0x55b920885728 <unknown>\nE       #16 0x55b9208858fb <unknown>\nE       #17 0x55b9208959b4 <unknown>\nE       #18 0x7f5708e94ac3 <unknown>\n\n../../../.cache/pypoetry/virtualenvs/uk-bin-collection-EwS6Gn8s-py3.10/lib/python3.10/site-packages/selenium/webdriver/remote/errorhandler.py:229: NoSuchElementException","steps":[{"name":"Given the council: NeathPortTalbotCouncil","time":{"start":1712795294197,"stop":1712795294198,"duration":1},"status":"passed","steps":[],"attachments":[],"parameters":[],"shouldDisplayMessage":false,"stepsCount":0,"attachmentsCount":0,"hasContent":false,"attachmentStep":false},{"name":"When we scrape the data from NeathPortTalbotCouncil using local and the http://selenium:4444 is set","time":{"start":1712795294198,"stop":1712795297820,"duration":3622},"status":"failed","statusMessage":"Message: no such element: Unable to locate element: {\"method\":\"css selector\",\"selector\":\"[id=\"ContentPlaceHolderDefault_ctl13_nptLLPG2_25_addresslookup_txtTmpPostcode\"]\"}\n  (Session info: chrome-headless-shell=123.0.6312.105); For documentation on this error, please visit: https://www.selenium.dev/documentation/webdriver/troubleshooting/errors#no-such-element-exception\nStacktrace:\n#0 0x55b920896863 <unknown>\n#1 0x55b92058c8c6 <unknown>\n#2 0x55b9205d7618 <unknown>\n#3 0x55b9205d76d1 <unknown>\n#4 0x55b92061a744 <unknown>\n#5 0x55b9205f95cd <unknown>\n#6 0x55b920617c19 <unknown>\n#7 0x55b9205f9343 <unknown>\n#8 0x55b9205ca593 <unknown>\n#9 0x55b9205caf5e <unknown>\n#10 0x55b92085a84b <unknown>\n#11 0x55b92085e7a5 <unknown>\n#12 0x55b920848571 <unknown>\n#13 0x55b92085f332 <unknown>\n#14 0x55b92082d87f <unknown>\n#15 0x55b920885728 <unknown>\n#16 0x55b9208858fb <unknown>\n#17 0x55b9208959b4 <unknown>\n#18 0x7f5708e94ac3 <unknown>\n","statusTrace":"selenium.common.exceptions.NoSuchElementException: Message: no such element: Unable to locate element: {\"method\":\"css selector\",\"selector\":\"[id=\"ContentPlaceHolderDefault_ctl13_nptLLPG2_25_addresslookup_txtTmpPostcode\"]\"}\n  (Session info: chrome-headless-shell=123.0.6312.105); For documentation on this error, please visit: https://www.selenium.dev/documentation/webdriver/troubleshooting/errors#no-such-element-exception\nStacktrace:\n#0 0x55b920896863 <unknown>\n#1 0x55b92058c8c6 <unknown>\n#2 0x55b9205d7618 <unknown>\n#3 0x55b9205d76d1 <unknown>\n#4 0x55b92061a744 <unknown>\n#5 0x55b9205f95cd <unknown>\n#6 0x55b920617c19 <unknown>\n#7 0x55b9205f9343 <unknown>\n#8 0x55b9205ca593 <unknown>\n#9 0x55b9205caf5e <unknown>\n#10 0x55b92085a84b <unknown>\n#11 0x55b92085e7a5 <unknown>\n#12 0x55b920848571 <unknown>\n#13 0x55b92085f332 <unknown>\n#14 0x55b92082d87f <unknown>\n#15 0x55b920885728 <unknown>\n#16 0x55b9208858fb <unknown>\n#17 0x55b9208959b4 <unknown>\n#18 0x7f5708e94ac3 <unknown>\n\n","steps":[],"attachments":[],"parameters":[],"shouldDisplayMessage":true,"stepsCount":0,"attachmentsCount":0,"hasContent":true,"attachmentStep":false}],"attachments":[],"parameters":[],"shouldDisplayMessage":true,"stepsCount":2,"attachmentsCount":0,"hasContent":true,"attachmentStep":false},"afterStages":[],"labels":[{"name":"host","value":"fv-az1532-673"},{"name":"thread","value":"2765-MainThread"},{"name":"framework","value":"pytest-bdd"},{"name":"language","value":"cpython3"},{"name":"feature","value":"Test each council output matches expected results"},{"name":"resultFormat","value":"allure2"}],"parameters":[{"name":"council","value":"NeathPortTalbotCouncil"},{"name":"selenium_mode","value":"local"},{"name":"selenium_url","value":"http://selenium:4444"}],"links":[],"hidden":false,"retry":false,"extra":{"severity":"normal","retries":[],"categories":[{"name":"Product defects","matchedStatuses":[],"flaky":false}],"history":{"statistic":{"failed":231,"broken":0,"skipped":0,"passed":13,"unknown":0,"total":244},"items":[{"uid":"fdf6354c0c86ae42","reportUrl":"https://robbrad.github.io/UKBinCollectionData/3.10/1673//#testresult/fdf6354c0c86ae42","status":"failed","statusDetails":"selenium.common.exceptions.NoSuchElementException: Message: no such element: Unable to locate element: {\"method\":\"css selector\",\"selector\":\"[id=\"ContentPlaceHolderDefault_ctl13_nptLLPG2_25_addresslookup_txtTmpPostcode\"]\"}\n  (Session info: chrome-headless-shell=123.0.6312.105); For documentation on this error, please visit: https://www.selenium.dev/documentation/webdriver/troubleshooting/errors#no-such-element-exception\nStacktrace:\n#0 0x55a6a2a1e873 <unknown>\n#1 0x55a6a27148c6 <unknown>\n#2 0x55a6a275f618 <unknown>\n#3 0x55a6a275f6d1 <unknown>\n#4 0x55a6a27a2744 <unknown>\n#5 0x55a6a27815cd <unknown>\n#6 0x55a6a279fc19 <unknown>\n#7 0x55a6a2781343 <unknown>\n#8 0x55a6a2752593 <unknown>\n#9 0x55a6a2752f5e <unknown>\n#10 0x55a6a29e285b <unknown>\n#11 0x55a6a29e67b5 <unknown>\n#12 0x55a6a29d0581 <unknown>\n#13 0x55a6a29e7342 <unknown>\n#14 0x55a6a29b588f <unknown>\n#15 0x55a6a2a0d738 <unknown>\n#16 0x55a6a2a0d90b <unknown>\n#17 0x55a6a2a1d9c4 <unknown>\n#18 0x7f711ae94ac3 <unknown>","time":{"start":1712708839213,"stop":1712708843360,"duration":4147}},{"uid":"8873e2e1c348f705","reportUrl":"https://robbrad.github.io/UKBinCollectionData/3.10/1671//#testresult/8873e2e1c348f705","status":"failed","statusDetails":"selenium.common.exceptions.NoSuchElementException: Message: no such element: Unable to locate element: {\"method\":\"css selector\",\"selector\":\"[id=\"ContentPlaceHolderDefault_ctl13_nptLLPG2_25_addresslookup_txtTmpPostcode\"]\"}\n  (Session info: chrome-headless-shell=123.0.6312.105); For documentation on this error, please visit: https://www.selenium.dev/documentation/webdriver/troubleshooting/errors#no-such-element-exception\nStacktrace:\n#0 0x56001910c873 <unknown>\n#1 0x560018e028c6 <unknown>\n#2 0x560018e4d618 <unknown>\n#3 0x560018e4d6d1 <unknown>\n#4 0x560018e90744 <unknown>\n#5 0x560018e6f5cd <unknown>\n#6 0x560018e8dc19 <unknown>\n#7 0x560018e6f343 <unknown>\n#8 0x560018e40593 <unknown>\n#9 0x560018e40f5e <unknown>\n#10 0x5600190d085b <unknown>\n#11 0x5600190d47b5 <unknown>\n#12 0x5600190be581 <unknown>\n#13 0x5600190d5342 <unknown>\n#14 0x5600190a388f <unknown>\n#15 0x5600190fb738 <unknown>\n#16 0x5600190fb90b <unknown>\n#17 0x56001910b9c4 <unknown>\n#18 0x7fc6fc694ac3 <unknown>","time":{"start":1712700400322,"stop":1712700403639,"duration":3317}},{"uid":"3febf079f0d7f2f","reportUrl":"https://robbrad.github.io/UKBinCollectionData/3.10/1668//#testresult/3febf079f0d7f2f","status":"failed","statusDetails":"selenium.common.exceptions.ElementClickInterceptedException: Message: element click intercepted: Element is not clickable at point (589, 618)\n  (Session info: chrome-headless-shell=123.0.6312.58)\nStacktrace:\n#0 0x5581b4493873 <unknown>\n#1 0x5581b41898c6 <unknown>\n#2 0x5581b41db233 <unknown>\n#3 0x5581b41d914e <unknown>\n#4 0x5581b41d6b27 <unknown>\n#5 0x5581b41d5ed3 <unknown>\n#6 0x5581b41c9507 <unknown>\n#7 0x5581b41f65a2 <unknown>\n#8 0x5581b41c8e98 <unknown>\n#9 0x5581b41f676e <unknown>\n#10 0x5581b4214c19 <unknown>\n#11 0x5581b41f6343 <unknown>\n#12 0x5581b41c7593 <unknown>\n#13 0x5581b41c7f5e <unknown>\n#14 0x5581b445785b <unknown>\n#15 0x5581b445b7b5 <unknown>\n#16 0x5581b4445581 <unknown>\n#17 0x5581b445c342 <unknown>\n#18 0x5581b442a88f <unknown>\n#19 0x5581b4482738 <unknown>\n#20 0x5581b448290b <unknown>\n#21 0x5581b44929c4 <unknown>\n#22 0x7f2cd2a94ac3 <unknown>","time":{"start":1712622542878,"stop":1712622548241,"duration":5363}},{"uid":"220156ec02a1b4c7","reportUrl":"https://robbrad.github.io/UKBinCollectionData/3.10/1667//#testresult/220156ec02a1b4c7","status":"failed","statusDetails":"selenium.common.exceptions.ElementClickInterceptedException: Message: element click intercepted: Element is not clickable at point (589, 642)\n  (Session info: chrome-headless-shell=123.0.6312.105)\nStacktrace:\n#0 0x55b273b24873 <unknown>\n#1 0x55b27381a8c6 <unknown>\n#2 0x55b27386c233 <unknown>\n#3 0x55b27386a14e <unknown>\n#4 0x55b273867b27 <unknown>\n#5 0x55b273866ed3 <unknown>\n#6 0x55b27385a507 <unknown>\n#7 0x55b2738875a2 <unknown>\n#8 0x55b273859e98 <unknown>\n#9 0x55b27388776e <unknown>\n#10 0x55b2738a5c19 <unknown>\n#11 0x55b273887343 <unknown>\n#12 0x55b273858593 <unknown>\n#13 0x55b273858f5e <unknown>\n#14 0x55b273ae885b <unknown>\n#15 0x55b273aec7b5 <unknown>\n#16 0x55b273ad6581 <unknown>\n#17 0x55b273aed342 <unknown>\n#18 0x55b273abb88f <unknown>\n#19 0x55b273b13738 <unknown>\n#20 0x55b273b1390b <unknown>\n#21 0x55b273b239c4 <unknown>\n#22 0x7f0e1f094ac3 <unknown>","time":{"start":1712536161508,"stop":1712536166104,"duration":4596}},{"uid":"a7f2a28346e1c7d1","reportUrl":"https://robbrad.github.io/UKBinCollectionData/3.10/1666//#testresult/a7f2a28346e1c7d1","status":"failed","statusDetails":"selenium.common.exceptions.NoSuchElementException: Message: no such element: Unable to locate element: {\"method\":\"css selector\",\"selector\":\"[id=\"ContentPlaceHolderDefault_ctl13_nptLLPG2_25_addresslookup_txtTmpPostcode\"]\"}\n  (Session info: chrome-headless-shell=123.0.6312.105); For documentation on this error, please visit: https://www.selenium.dev/documentation/webdriver/troubleshooting/errors#no-such-element-exception\nStacktrace:\n#0 0x555d88ddc873 <unknown>\n#1 0x555d88ad28c6 <unknown>\n#2 0x555d88b1d618 <unknown>\n#3 0x555d88b1d6d1 <unknown>\n#4 0x555d88b60744 <unknown>\n#5 0x555d88b3f5cd <unknown>\n#6 0x555d88b5dc19 <unknown>\n#7 0x555d88b3f343 <unknown>\n#8 0x555d88b10593 <unknown>\n#9 0x555d88b10f5e <unknown>\n#10 0x555d88da085b <unknown>\n#11 0x555d88da47b5 <unknown>\n#12 0x555d88d8e581 <unknown>\n#13 0x555d88da5342 <unknown>\n#14 0x555d88d7388f <unknown>\n#15 0x555d88dcb738 <unknown>\n#16 0x555d88dcb90b <unknown>\n#17 0x555d88ddb9c4 <unknown>\n#18 0x7f6e33a94ac3 <unknown>","time":{"start":1712449860870,"stop":1712449865301,"duration":4431}},{"uid":"5e1b224dc788cc8f","reportUrl":"https://robbrad.github.io/UKBinCollectionData/3.10/1665//#testresult/5e1b224dc788cc8f","status":"failed","statusDetails":"selenium.common.exceptions.NoSuchElementException: Message: no such element: Unable to locate element: {\"method\":\"css selector\",\"selector\":\"[id=\"ContentPlaceHolderDefault_ctl13_nptLLPG2_25_addresslookup_txtTmpPostcode\"]\"}\n  (Session info: chrome-headless-shell=123.0.6312.105); For documentation on this error, please visit: https://www.selenium.dev/documentation/webdriver/troubleshooting/errors#no-such-element-exception\nStacktrace:\n#0 0x55b8b41a3873 <unknown>\n#1 0x55b8b3e998c6 <unknown>\n#2 0x55b8b3ee4618 <unknown>\n#3 0x55b8b3ee46d1 <unknown>\n#4 0x55b8b3f27744 <unknown>\n#5 0x55b8b3f065cd <unknown>\n#6 0x55b8b3f24c19 <unknown>\n#7 0x55b8b3f06343 <unknown>\n#8 0x55b8b3ed7593 <unknown>\n#9 0x55b8b3ed7f5e <unknown>\n#10 0x55b8b416785b <unknown>\n#11 0x55b8b416b7b5 <unknown>\n#12 0x55b8b4155581 <unknown>\n#13 0x55b8b416c342 <unknown>\n#14 0x55b8b413a88f <unknown>\n#15 0x55b8b4192738 <unknown>\n#16 0x55b8b419290b <unknown>\n#17 0x55b8b41a29c4 <unknown>\n#18 0x7facf2294ac3 <unknown>","time":{"start":1712363281051,"stop":1712363286348,"duration":5297}},{"uid":"5affc0568c73a4fa","reportUrl":"https://robbrad.github.io/UKBinCollectionData/3.10/1664//#testresult/5affc0568c73a4fa","status":"failed","statusDetails":"selenium.common.exceptions.NoSuchElementException: Message: no such element: Unable to locate element: {\"method\":\"css selector\",\"selector\":\"[id=\"ContentPlaceHolderDefault_ctl13_nptLLPG2_25_addresslookup_txtTmpPostcode\"]\"}\n  (Session info: chrome-headless-shell=123.0.6312.58); For documentation on this error, please visit: https://www.selenium.dev/documentation/webdriver/troubleshooting/errors#no-such-element-exception\nStacktrace:\n#0 0x557f99fe3873 <unknown>\n#1 0x557f99cd98c6 <unknown>\n#2 0x557f99d24618 <unknown>\n#3 0x557f99d246d1 <unknown>\n#4 0x557f99d67744 <unknown>\n#5 0x557f99d465cd <unknown>\n#6 0x557f99d64c19 <unknown>\n#7 0x557f99d46343 <unknown>\n#8 0x557f99d17593 <unknown>\n#9 0x557f99d17f5e <unknown>\n#10 0x557f99fa785b <unknown>\n#11 0x557f99fab7b5 <unknown>\n#12 0x557f99f95581 <unknown>\n#13 0x557f99fac342 <unknown>\n#14 0x557f99f7a88f <unknown>\n#15 0x557f99fd2738 <unknown>\n#16 0x557f99fd290b <unknown>\n#17 0x557f99fe29c4 <unknown>\n#18 0x7f2827894ac3 <unknown>","time":{"start":1712276895785,"stop":1712276899594,"duration":3809}},{"uid":"7c59f32561a34547","reportUrl":"https://robbrad.github.io/UKBinCollectionData/3.10/1660//#testresult/7c59f32561a34547","status":"failed","statusDetails":"selenium.common.exceptions.NoSuchElementException: Message: no such element: Unable to locate element: {\"method\":\"css selector\",\"selector\":\"[id=\"ContentPlaceHolderDefault_ctl13_nptLLPG2_25_addresslookup_txtTmpPostcode\"]\"}\n  (Session info: chrome-headless-shell=123.0.6312.105); For documentation on this error, please visit: https://www.selenium.dev/documentation/webdriver/troubleshooting/errors#no-such-element-exception\nStacktrace:\n#0 0x55f3ef8768a3 <unknown>\n#1 0x55f3ef56c8c6 <unknown>\n#2 0x55f3ef5b7618 <unknown>\n#3 0x55f3ef5b76d1 <unknown>\n#4 0x55f3ef5fa744 <unknown>\n#5 0x55f3ef5d95cd <unknown>\n#6 0x55f3ef5f7c19 <unknown>\n#7 0x55f3ef5d9343 <unknown>\n#8 0x55f3ef5aa593 <unknown>\n#9 0x55f3ef5aaf5e <unknown>\n#10 0x55f3ef83a88b <unknown>\n#11 0x55f3ef83e7e5 <unknown>\n#12 0x55f3ef8285b1 <unknown>\n#13 0x55f3ef83f372 <unknown>\n#14 0x55f3ef80d8bf <unknown>\n#15 0x55f3ef865768 <unknown>\n#16 0x55f3ef86593b <unknown>\n#17 0x55f3ef8759f4 <unknown>\n#18 0x7f3447e94ac3 <unknown>","time":{"start":1712190560670,"stop":1712190564856,"duration":4186}},{"uid":"9bce386f36026b29","reportUrl":"https://robbrad.github.io/UKBinCollectionData/3.10/1657//#testresult/9bce386f36026b29","status":"failed","statusDetails":"selenium.common.exceptions.NoSuchElementException: Message: no such element: Unable to locate element: {\"method\":\"css selector\",\"selector\":\"[id=\"ContentPlaceHolderDefault_ctl13_nptLLPG2_25_addresslookup_txtTmpPostcode\"]\"}\n  (Session info: chrome-headless-shell=123.0.6312.58); For documentation on this error, please visit: https://www.selenium.dev/documentation/webdriver/troubleshooting/errors#no-such-element-exception\nStacktrace:\n#0 0x55a7d51468a3 <unknown>\n#1 0x55a7d4e3c8c6 <unknown>\n#2 0x55a7d4e87618 <unknown>\n#3 0x55a7d4e876d1 <unknown>\n#4 0x55a7d4eca744 <unknown>\n#5 0x55a7d4ea95cd <unknown>\n#6 0x55a7d4ec7c19 <unknown>\n#7 0x55a7d4ea9343 <unknown>\n#8 0x55a7d4e7a593 <unknown>\n#9 0x55a7d4e7af5e <unknown>\n#10 0x55a7d510a88b <unknown>\n#11 0x55a7d510e7e5 <unknown>\n#12 0x55a7d50f85b1 <unknown>\n#13 0x55a7d510f372 <unknown>\n#14 0x55a7d50dd8bf <unknown>\n#15 0x55a7d5135768 <unknown>\n#16 0x55a7d513593b <unknown>\n#17 0x55a7d51459f4 <unknown>\n#18 0x7f080a294ac3 <unknown>","time":{"start":1712136956158,"stop":1712136959025,"duration":2867}},{"uid":"7f88fa68e463d5fb","reportUrl":"https://robbrad.github.io/UKBinCollectionData/3.10/1655//#testresult/7f88fa68e463d5fb","status":"failed","statusDetails":"selenium.common.exceptions.NoSuchElementException: Message: no such element: Unable to locate element: {\"method\":\"css selector\",\"selector\":\"[id=\"ContentPlaceHolderDefault_ctl13_nptLLPG2_25_addresslookup_txtTmpPostcode\"]\"}\n  (Session info: chrome-headless-shell=123.0.6312.58); For documentation on this error, please visit: https://www.selenium.dev/documentation/webdriver/troubleshooting/errors#no-such-element-exception\nStacktrace:\n#0 0x5649034478a3 <unknown>\n#1 0x56490313d8c6 <unknown>\n#2 0x564903188618 <unknown>\n#3 0x5649031886d1 <unknown>\n#4 0x5649031cb744 <unknown>\n#5 0x5649031aa5cd <unknown>\n#6 0x5649031c8c19 <unknown>\n#7 0x5649031aa343 <unknown>\n#8 0x56490317b593 <unknown>\n#9 0x56490317bf5e <unknown>\n#10 0x56490340b88b <unknown>\n#11 0x56490340f7e5 <unknown>\n#12 0x5649033f95b1 <unknown>\n#13 0x564903410372 <unknown>\n#14 0x5649033de8bf <unknown>\n#15 0x564903436768 <unknown>\n#16 0x56490343693b <unknown>\n#17 0x5649034469f4 <unknown>\n#18 0x7f6704494ac3 <unknown>","time":{"start":1712104022788,"stop":1712104026324,"duration":3536}},{"uid":"729e81c38c54ec75","reportUrl":"https://robbrad.github.io/UKBinCollectionData/3.10/1654//#testresult/729e81c38c54ec75","status":"failed","statusDetails":"selenium.common.exceptions.NoSuchElementException: Message: no such element: Unable to locate element: {\"method\":\"css selector\",\"selector\":\"[id=\"ContentPlaceHolderDefault_ctl13_nptLLPG2_25_addresslookup_txtTmpPostcode\"]\"}\n  (Session info: chrome-headless-shell=123.0.6312.58); For documentation on this error, please visit: https://www.selenium.dev/documentation/webdriver/troubleshooting/errors#no-such-element-exception\nStacktrace:\n#0 0x55c1205458a3 <unknown>\n#1 0x55c12023b8c6 <unknown>\n#2 0x55c120286618 <unknown>\n#3 0x55c1202866d1 <unknown>\n#4 0x55c1202c9744 <unknown>\n#5 0x55c1202a85cd <unknown>\n#6 0x55c1202c6c19 <unknown>\n#7 0x55c1202a8343 <unknown>\n#8 0x55c120279593 <unknown>\n#9 0x55c120279f5e <unknown>\n#10 0x55c12050988b <unknown>\n#11 0x55c12050d7e5 <unknown>\n#12 0x55c1204f75b1 <unknown>\n#13 0x55c12050e372 <unknown>\n#14 0x55c1204dc8bf <unknown>\n#15 0x55c120534768 <unknown>\n#16 0x55c12053493b <unknown>\n#17 0x55c1205449f4 <unknown>\n#18 0x7f7137894ac3 <unknown>","time":{"start":1712017665970,"stop":1712017669367,"duration":3397}},{"uid":"e8c1e044db638731","reportUrl":"https://robbrad.github.io/UKBinCollectionData/3.10/1653//#testresult/e8c1e044db638731","status":"failed","statusDetails":"selenium.common.exceptions.NoSuchElementException: Message: no such element: Unable to locate element: {\"method\":\"css selector\",\"selector\":\"[id=\"ContentPlaceHolderDefault_ctl13_nptLLPG2_25_addresslookup_txtTmpPostcode\"]\"}\n  (Session info: chrome-headless-shell=123.0.6312.58); For documentation on this error, please visit: https://www.selenium.dev/documentation/webdriver/troubleshooting/errors#no-such-element-exception\nStacktrace:\n#0 0x561c503da8a3 <unknown>\n#1 0x561c500d08c6 <unknown>\n#2 0x561c5011b618 <unknown>\n#3 0x561c5011b6d1 <unknown>\n#4 0x561c5015e744 <unknown>\n#5 0x561c5013d5cd <unknown>\n#6 0x561c5015bc19 <unknown>\n#7 0x561c5013d343 <unknown>\n#8 0x561c5010e593 <unknown>\n#9 0x561c5010ef5e <unknown>\n#10 0x561c5039e88b <unknown>\n#11 0x561c503a27e5 <unknown>\n#12 0x561c5038c5b1 <unknown>\n#13 0x561c503a3372 <unknown>\n#14 0x561c503718bf <unknown>\n#15 0x561c503c9768 <unknown>\n#16 0x561c503c993b <unknown>\n#17 0x561c503d99f4 <unknown>\n#18 0x7f8b4b894ac3 <unknown>","time":{"start":1711931504751,"stop":1711931509607,"duration":4856}},{"uid":"6f2af42c3b02cf87","reportUrl":"https://robbrad.github.io/UKBinCollectionData/3.10/1652//#testresult/6f2af42c3b02cf87","status":"failed","statusDetails":"selenium.common.exceptions.NoSuchElementException: Message: no such element: Unable to locate element: {\"method\":\"css selector\",\"selector\":\"[id=\"ContentPlaceHolderDefault_ctl13_nptLLPG2_25_addresslookup_txtTmpPostcode\"]\"}\n  (Session info: chrome-headless-shell=123.0.6312.58); For documentation on this error, please visit: https://www.selenium.dev/documentation/webdriver/troubleshooting/errors#no-such-element-exception\nStacktrace:\n#0 0x55c46ca5a8a3 <unknown>\n#1 0x55c46c7508c6 <unknown>\n#2 0x55c46c79b618 <unknown>\n#3 0x55c46c79b6d1 <unknown>\n#4 0x55c46c7de744 <unknown>\n#5 0x55c46c7bd5cd <unknown>\n#6 0x55c46c7dbc19 <unknown>\n#7 0x55c46c7bd343 <unknown>\n#8 0x55c46c78e593 <unknown>\n#9 0x55c46c78ef5e <unknown>\n#10 0x55c46ca1e88b <unknown>\n#11 0x55c46ca227e5 <unknown>\n#12 0x55c46ca0c5b1 <unknown>\n#13 0x55c46ca23372 <unknown>\n#14 0x55c46c9f18bf <unknown>\n#15 0x55c46ca49768 <unknown>\n#16 0x55c46ca4993b <unknown>\n#17 0x55c46ca599f4 <unknown>\n#18 0x7fa631494ac3 <unknown>","time":{"start":1711845062081,"stop":1711845064952,"duration":2871}},{"uid":"1debe981b150f7fe","reportUrl":"https://robbrad.github.io/UKBinCollectionData/3.10/1649//#testresult/1debe981b150f7fe","status":"failed","statusDetails":"selenium.common.exceptions.NoSuchElementException: Message: no such element: Unable to locate element: {\"method\":\"css selector\",\"selector\":\"[id=\"ContentPlaceHolderDefault_ctl13_nptLLPG2_25_addresslookup_txtTmpPostcode\"]\"}\n  (Session info: chrome-headless-shell=123.0.6312.58); For documentation on this error, please visit: https://www.selenium.dev/documentation/webdriver/troubleshooting/errors#no-such-element-exception\nStacktrace:\n#0 0x5578bbf188a3 <unknown>\n#1 0x5578bbc0e8c6 <unknown>\n#2 0x5578bbc59618 <unknown>\n#3 0x5578bbc596d1 <unknown>\n#4 0x5578bbc9c744 <unknown>\n#5 0x5578bbc7b5cd <unknown>\n#6 0x5578bbc99c19 <unknown>\n#7 0x5578bbc7b343 <unknown>\n#8 0x5578bbc4c593 <unknown>\n#9 0x5578bbc4cf5e <unknown>\n#10 0x5578bbedc88b <unknown>\n#11 0x5578bbee07e5 <unknown>\n#12 0x5578bbeca5b1 <unknown>\n#13 0x5578bbee1372 <unknown>\n#14 0x5578bbeaf8bf <unknown>\n#15 0x5578bbf07768 <unknown>\n#16 0x5578bbf0793b <unknown>\n#17 0x5578bbf179f4 <unknown>\n#18 0x7f9885494ac3 <unknown>","time":{"start":1711672042767,"stop":1711672045785,"duration":3018}},{"uid":"26c2322af6821cd4","reportUrl":"https://robbrad.github.io/UKBinCollectionData/3.10/1648//#testresult/26c2322af6821cd4","status":"failed","statusDetails":"selenium.common.exceptions.ElementClickInterceptedException: Message: element click intercepted: Element is not clickable at point (589, 609)\n  (Session info: chrome-headless-shell=123.0.6312.58)\nStacktrace:\n#0 0x5561388c08a3 <unknown>\n#1 0x5561385b68c6 <unknown>\n#2 0x556138608233 <unknown>\n#3 0x55613860614e <unknown>\n#4 0x556138603b27 <unknown>\n#5 0x556138602ed3 <unknown>\n#6 0x5561385f6507 <unknown>\n#7 0x5561386235a2 <unknown>\n#8 0x5561385f5e98 <unknown>\n#9 0x55613862376e <unknown>\n#10 0x556138641c19 <unknown>\n#11 0x556138623343 <unknown>\n#12 0x5561385f4593 <unknown>\n#13 0x5561385f4f5e <unknown>\n#14 0x55613888488b <unknown>\n#15 0x5561388887e5 <unknown>\n#16 0x5561388725b1 <unknown>\n#17 0x556138889372 <unknown>\n#18 0x5561388578bf <unknown>\n#19 0x5561388af768 <unknown>\n#20 0x5561388af93b <unknown>\n#21 0x5561388bf9f4 <unknown>\n#22 0x7fa11f494ac3 <unknown>","time":{"start":1711585657910,"stop":1711585662569,"duration":4659}},{"uid":"acce0f72c6800aa7","reportUrl":"https://robbrad.github.io/UKBinCollectionData/3.10/1646//#testresult/acce0f72c6800aa7","status":"failed","statusDetails":"selenium.common.exceptions.NoSuchElementException: Message: no such element: Unable to locate element: {\"method\":\"css selector\",\"selector\":\"[id=\"ContentPlaceHolderDefault_ctl13_nptLLPG2_25_addresslookup_txtTmpPostcode\"]\"}\n  (Session info: chrome-headless-shell=122.0.6261.128); For documentation on this error, please visit: https://www.selenium.dev/documentation/webdriver/troubleshooting/errors#no-such-element-exception\nStacktrace:\n#0 0x55e661714f33 <unknown>\n#1 0x55e66140cce6 <unknown>\n#2 0x55e661457e48 <unknown>\n#3 0x55e661457f01 <unknown>\n#4 0x55e66149b3f4 <unknown>\n#5 0x55e661479edd <unknown>\n#6 0x55e661498899 <unknown>\n#7 0x55e661479c53 <unknown>\n#8 0x55e66144adb3 <unknown>\n#9 0x55e66144b77e <unknown>\n#10 0x55e6616da86b <unknown>\n#11 0x55e6616de885 <unknown>\n#12 0x55e6616c8181 <unknown>\n#13 0x55e6616df412 <unknown>\n#14 0x55e6616ac25f <unknown>\n#15 0x55e661703528 <unknown>\n#16 0x55e661703723 <unknown>\n#17 0x55e6617140e4 <unknown>\n#18 0x7f690cc94ac3 <unknown>","time":{"start":1711499269690,"stop":1711499274292,"duration":4602}},{"uid":"67f9251ddd6ed1e4","reportUrl":"https://robbrad.github.io/UKBinCollectionData/3.10/1645//#testresult/67f9251ddd6ed1e4","status":"failed","statusDetails":"selenium.common.exceptions.ElementClickInterceptedException: Message: element click intercepted: Element is not clickable at point (589, 618)\n  (Session info: chrome-headless-shell=122.0.6261.128)\nStacktrace:\n#0 0x5575be04ff33 <unknown>\n#1 0x5575bdd47ce6 <unknown>\n#2 0x5575bdd99a73 <unknown>\n#3 0x5575bdd9798e <unknown>\n#4 0x5575bdd95367 <unknown>\n#5 0x5575bdd94732 <unknown>\n#6 0x5575bdd87d27 <unknown>\n#7 0x5575bddb4eb2 <unknown>\n#8 0x5575bdd876b8 <unknown>\n#9 0x5575bddb507e <unknown>\n#10 0x5575bddd3899 <unknown>\n#11 0x5575bddb4c53 <unknown>\n#12 0x5575bdd85db3 <unknown>\n#13 0x5575bdd8677e <unknown>\n#14 0x5575be01586b <unknown>\n#15 0x5575be019885 <unknown>\n#16 0x5575be003181 <unknown>\n#17 0x5575be01a412 <unknown>\n#18 0x5575bdfe725f <unknown>\n#19 0x5575be03e528 <unknown>\n#20 0x5575be03e723 <unknown>\n#21 0x5575be04f0e4 <unknown>\n#22 0x7f7333c94ac3 <unknown>","time":{"start":1711412841844,"stop":1711412848839,"duration":6995}},{"uid":"1710d07d1fa45ff7","reportUrl":"https://robbrad.github.io/UKBinCollectionData/3.10/1641//#testresult/1710d07d1fa45ff7","status":"failed","statusDetails":"selenium.common.exceptions.NoSuchElementException: Message: no such element: Unable to locate element: {\"method\":\"css selector\",\"selector\":\"[id=\"ContentPlaceHolderDefault_ctl13_nptLLPG2_25_addresslookup_txtTmpPostcode\"]\"}\n  (Session info: chrome-headless-shell=122.0.6261.128); For documentation on this error, please visit: https://www.selenium.dev/documentation/webdriver/troubleshooting/errors#no-such-element-exception\nStacktrace:\n#0 0x55ca73ae1f33 <unknown>\n#1 0x55ca737d9ce6 <unknown>\n#2 0x55ca73824e48 <unknown>\n#3 0x55ca73824f01 <unknown>\n#4 0x55ca738683f4 <unknown>\n#5 0x55ca73846edd <unknown>\n#6 0x55ca73865899 <unknown>\n#7 0x55ca73846c53 <unknown>\n#8 0x55ca73817db3 <unknown>\n#9 0x55ca7381877e <unknown>\n#10 0x55ca73aa786b <unknown>\n#11 0x55ca73aab885 <unknown>\n#12 0x55ca73a95181 <unknown>\n#13 0x55ca73aac412 <unknown>\n#14 0x55ca73a7925f <unknown>\n#15 0x55ca73ad0528 <unknown>\n#16 0x55ca73ad0723 <unknown>\n#17 0x55ca73ae10e4 <unknown>\n#18 0x7f1753494ac3 <unknown>","time":{"start":1711326516127,"stop":1711326519101,"duration":2974}},{"uid":"a21fc71cb6c05048","reportUrl":"https://robbrad.github.io/UKBinCollectionData/3.10/1634//#testresult/a21fc71cb6c05048","status":"failed","statusDetails":"selenium.common.exceptions.NoSuchElementException: Message: no such element: Unable to locate element: {\"method\":\"css selector\",\"selector\":\"[id=\"ContentPlaceHolderDefault_ctl13_nptLLPG2_25_addresslookup_txtTmpPostcode\"]\"}\n  (Session info: chrome-headless-shell=122.0.6261.128); For documentation on this error, please visit: https://www.selenium.dev/documentation/webdriver/troubleshooting/errors#no-such-element-exception\nStacktrace:\n#0 0x55d085b00f33 <unknown>\n#1 0x55d0857f8ce6 <unknown>\n#2 0x55d085843e48 <unknown>\n#3 0x55d085843f01 <unknown>\n#4 0x55d0858873f4 <unknown>\n#5 0x55d085865edd <unknown>\n#6 0x55d085884899 <unknown>\n#7 0x55d085865c53 <unknown>\n#8 0x55d085836db3 <unknown>\n#9 0x55d08583777e <unknown>\n#10 0x55d085ac686b <unknown>\n#11 0x55d085aca885 <unknown>\n#12 0x55d085ab4181 <unknown>\n#13 0x55d085acb412 <unknown>\n#14 0x55d085a9825f <unknown>\n#15 0x55d085aef528 <unknown>\n#16 0x55d085aef723 <unknown>\n#17 0x55d085b000e4 <unknown>\n#18 0x7f66ba894ac3 <unknown>","time":{"start":1711240216210,"stop":1711240219160,"duration":2950}},{"uid":"9fa38b66620c41b","reportUrl":"https://robbrad.github.io/UKBinCollectionData/3.10/1626//#testresult/9fa38b66620c41b","status":"failed","statusDetails":"selenium.common.exceptions.NoSuchElementException: Message: no such element: Unable to locate element: {\"method\":\"css selector\",\"selector\":\"[id=\"ContentPlaceHolderDefault_ctl13_nptLLPG2_25_addresslookup_txtTmpPostcode\"]\"}\n  (Session info: chrome-headless-shell=122.0.6261.128); For documentation on this error, please visit: https://www.selenium.dev/documentation/webdriver/troubleshooting/errors#no-such-element-exception\nStacktrace:\n#0 0x5620f9d5ff33 <unknown>\n#1 0x5620f9a57ce6 <unknown>\n#2 0x5620f9aa2e48 <unknown>\n#3 0x5620f9aa2f01 <unknown>\n#4 0x5620f9ae63f4 <unknown>\n#5 0x5620f9ac4edd <unknown>\n#6 0x5620f9ae3899 <unknown>\n#7 0x5620f9ac4c53 <unknown>\n#8 0x5620f9a95db3 <unknown>\n#9 0x5620f9a9677e <unknown>\n#10 0x5620f9d2586b <unknown>\n#11 0x5620f9d29885 <unknown>\n#12 0x5620f9d13181 <unknown>\n#13 0x5620f9d2a412 <unknown>\n#14 0x5620f9cf725f <unknown>\n#15 0x5620f9d4e528 <unknown>\n#16 0x5620f9d4e723 <unknown>\n#17 0x5620f9d5f0e4 <unknown>\n#18 0x7fc2e0494ac3 <unknown>","time":{"start":1711153633938,"stop":1711153637537,"duration":3599}}]},"tags":[]},"source":"4003b7ea129dae5a.json","parameterValues":["NeathPortTalbotCouncil","local","http://selenium:4444"]}