{"uid":"c6b3aa05441b5979","name":"Validate Council Output [PortsmouthCityCouncil]","fullName":"features/validate_council_outputs.feature:Validate Council Output","historyId":"cd64c168545c17f4e2ce269a29129461","time":{"start":1720918081744,"stop":1720918122659,"duration":40915},"status":"failed","statusMessage":"selenium.common.exceptions.NoSuchElementException: Message: Cannot locate option with value: 1775027504; For documentation on this error, please visit: https://www.selenium.dev/documentation/webdriver/troubleshooting/errors#no-such-element-exception","statusTrace":"fixturefunc = <function scrape_step at 0x7f0efb72dda0>\nrequest = <FixtureRequest for <Function test_scenario_outline[PortsmouthCityCouncil]>>\nkwargs = {'context': <test_validate_council.Context object at 0x7f0efc85e1e0>, 'headless_mode': 'True', 'local_browser': 'False', 'selenium_url': 'http://localhost:4444'}\n\n    def call_fixture_func(\n        fixturefunc: \"_FixtureFunc[FixtureValue]\", request: FixtureRequest, kwargs\n    ) -> FixtureValue:\n        if is_generator(fixturefunc):\n            fixturefunc = cast(\n                Callable[..., Generator[FixtureValue, None, None]], fixturefunc\n            )\n            generator = fixturefunc(**kwargs)\n            try:\n                fixture_result = next(generator)\n            except StopIteration:\n                raise ValueError(f\"{request.fixturename} did not yield a value\") from None\n            finalizer = functools.partial(_teardown_yield_fixture, fixturefunc, generator)\n            request.addfinalizer(finalizer)\n        else:\n            fixturefunc = cast(Callable[..., FixtureValue], fixturefunc)\n>           fixture_result = fixturefunc(**kwargs)\n\n../../../.cache/pypoetry/virtualenvs/uk-bin-collection-EwS6Gn8s-py3.12/lib/python3.12/site-packages/_pytest/fixtures.py:887: \n_ _ _ _ _ _ _ _ _ _ _ _ _ _ _ _ _ _ _ _ _ _ _ _ _ _ _ _ _ _ _ _ _ _ _ _ _ _ _ _ \nuk_bin_collection/tests/step_defs/test_validate_council.py:100: in scrape_step\n    context.parse_result = CollectData.run()\nuk_bin_collection/uk_bin_collection/collect_data.py:101: in run\n    return self.client_code(\nuk_bin_collection/uk_bin_collection/collect_data.py:121: in client_code\n    return get_bin_data_class.template_method(address_url, **kwargs)\nuk_bin_collection/uk_bin_collection/get_bin_data.py:61: in template_method\n    bin_data_dict = self.get_and_parse_data(this_url, **kwargs)\nuk_bin_collection/uk_bin_collection/get_bin_data.py:84: in get_and_parse_data\n    bin_data_dict = self.parse_data(\"\", url=address_url, **kwargs)\nuk_bin_collection/uk_bin_collection/councils/PortsmouthCityCouncil.py:71: in parse_data\n    dropdownSelect.select_by_value(str(user_uprn))\n_ _ _ _ _ _ _ _ _ _ _ _ _ _ _ _ _ _ _ _ _ _ _ _ _ _ _ _ _ _ _ _ _ _ _ _ _ _ _ _ \n\nself = <selenium.webdriver.support.select.Select object at 0x7f0efa822ed0>\nvalue = '1775027504'\n\n    def select_by_value(self, value: str) -> None:\n        \"\"\"Select all options that have a value matching the argument. That is,\n        when given \"foo\" this would select an option like:\n    \n        <option value=\"foo\">Bar</option>\n    \n        :Args:\n         - value - The value to match against\n    \n        throws NoSuchElementException If there is no option with specified value in SELECT\n        \"\"\"\n        css = f\"option[value ={self._escape_string(value)}]\"\n        opts = self._el.find_elements(By.CSS_SELECTOR, css)\n        matched = False\n        for opt in opts:\n            self._set_selected(opt)\n            if not self.is_multiple:\n                return\n            matched = True\n        if not matched:\n>           raise NoSuchElementException(f\"Cannot locate option with value: {value}\")\nE           selenium.common.exceptions.NoSuchElementException: Message: Cannot locate option with value: 1775027504; For documentation on this error, please visit: https://www.selenium.dev/documentation/webdriver/troubleshooting/errors#no-such-element-exception\n\n../../../.cache/pypoetry/virtualenvs/uk-bin-collection-EwS6Gn8s-py3.12/lib/python3.12/site-packages/selenium/webdriver/support/select.py:84: NoSuchElementException","flaky":true,"newFailed":true,"newBroken":false,"newPassed":false,"retriesCount":0,"retriesStatusChange":false,"beforeStages":[],"testStage":{"status":"failed","statusMessage":"selenium.common.exceptions.NoSuchElementException: Message: Cannot locate option with value: 1775027504; For documentation on this error, please visit: https://www.selenium.dev/documentation/webdriver/troubleshooting/errors#no-such-element-exception","statusTrace":"fixturefunc = <function scrape_step at 0x7f0efb72dda0>\nrequest = <FixtureRequest for <Function test_scenario_outline[PortsmouthCityCouncil]>>\nkwargs = {'context': <test_validate_council.Context object at 0x7f0efc85e1e0>, 'headless_mode': 'True', 'local_browser': 'False', 'selenium_url': 'http://localhost:4444'}\n\n    def call_fixture_func(\n        fixturefunc: \"_FixtureFunc[FixtureValue]\", request: FixtureRequest, kwargs\n    ) -> FixtureValue:\n        if is_generator(fixturefunc):\n            fixturefunc = cast(\n                Callable[..., Generator[FixtureValue, None, None]], fixturefunc\n            )\n            generator = fixturefunc(**kwargs)\n            try:\n                fixture_result = next(generator)\n            except StopIteration:\n                raise ValueError(f\"{request.fixturename} did not yield a value\") from None\n            finalizer = functools.partial(_teardown_yield_fixture, fixturefunc, generator)\n            request.addfinalizer(finalizer)\n        else:\n            fixturefunc = cast(Callable[..., FixtureValue], fixturefunc)\n>           fixture_result = fixturefunc(**kwargs)\n\n../../../.cache/pypoetry/virtualenvs/uk-bin-collection-EwS6Gn8s-py3.12/lib/python3.12/site-packages/_pytest/fixtures.py:887: \n_ _ _ _ _ _ _ _ _ _ _ _ _ _ _ _ _ _ _ _ _ _ _ _ _ _ _ _ _ _ _ _ _ _ _ _ _ _ _ _ \nuk_bin_collection/tests/step_defs/test_validate_council.py:100: in scrape_step\n    context.parse_result = CollectData.run()\nuk_bin_collection/uk_bin_collection/collect_data.py:101: in run\n    return self.client_code(\nuk_bin_collection/uk_bin_collection/collect_data.py:121: in client_code\n    return get_bin_data_class.template_method(address_url, **kwargs)\nuk_bin_collection/uk_bin_collection/get_bin_data.py:61: in template_method\n    bin_data_dict = self.get_and_parse_data(this_url, **kwargs)\nuk_bin_collection/uk_bin_collection/get_bin_data.py:84: in get_and_parse_data\n    bin_data_dict = self.parse_data(\"\", url=address_url, **kwargs)\nuk_bin_collection/uk_bin_collection/councils/PortsmouthCityCouncil.py:71: in parse_data\n    dropdownSelect.select_by_value(str(user_uprn))\n_ _ _ _ _ _ _ _ _ _ _ _ _ _ _ _ _ _ _ _ _ _ _ _ _ _ _ _ _ _ _ _ _ _ _ _ _ _ _ _ \n\nself = <selenium.webdriver.support.select.Select object at 0x7f0efa822ed0>\nvalue = '1775027504'\n\n    def select_by_value(self, value: str) -> None:\n        \"\"\"Select all options that have a value matching the argument. That is,\n        when given \"foo\" this would select an option like:\n    \n        <option value=\"foo\">Bar</option>\n    \n        :Args:\n         - value - The value to match against\n    \n        throws NoSuchElementException If there is no option with specified value in SELECT\n        \"\"\"\n        css = f\"option[value ={self._escape_string(value)}]\"\n        opts = self._el.find_elements(By.CSS_SELECTOR, css)\n        matched = False\n        for opt in opts:\n            self._set_selected(opt)\n            if not self.is_multiple:\n                return\n            matched = True\n        if not matched:\n>           raise NoSuchElementException(f\"Cannot locate option with value: {value}\")\nE           selenium.common.exceptions.NoSuchElementException: Message: Cannot locate option with value: 1775027504; For documentation on this error, please visit: https://www.selenium.dev/documentation/webdriver/troubleshooting/errors#no-such-element-exception\n\n../../../.cache/pypoetry/virtualenvs/uk-bin-collection-EwS6Gn8s-py3.12/lib/python3.12/site-packages/selenium/webdriver/support/select.py:84: NoSuchElementException","steps":[{"name":"Given the council","time":{"start":1720918081744,"stop":1720918081745,"duration":1},"status":"passed","steps":[],"attachments":[],"parameters":[],"shouldDisplayMessage":false,"stepsCount":0,"attachmentsCount":0,"hasContent":false,"attachmentStep":false},{"name":"When we scrape the data from the council","time":{"start":1720918081745,"stop":1720918122659,"duration":40914},"status":"failed","statusMessage":"Message: Cannot locate option with value: 1775027504; For documentation on this error, please visit: https://www.selenium.dev/documentation/webdriver/troubleshooting/errors#no-such-element-exception\n","statusTrace":"selenium.common.exceptions.NoSuchElementException: Message: Cannot locate option with value: 1775027504; For documentation on this error, please visit: https://www.selenium.dev/documentation/webdriver/troubleshooting/errors#no-such-element-exception\n\n","steps":[],"attachments":[],"parameters":[],"shouldDisplayMessage":true,"stepsCount":0,"attachmentsCount":0,"hasContent":true,"attachmentStep":false}],"attachments":[{"uid":"7f1684d9dd27501b","name":"stdout","source":"7f1684d9dd27501b.txt","type":"text/plain","size":267}],"parameters":[],"shouldDisplayMessage":true,"stepsCount":2,"attachmentsCount":1,"hasContent":true,"attachmentStep":false},"afterStages":[],"labels":[{"name":"host","value":"fv-az883-738"},{"name":"thread","value":"2681-MainThread"},{"name":"framework","value":"pytest-bdd"},{"name":"language","value":"cpython3"},{"name":"feature","value":"Test each council output matches expected results"},{"name":"resultFormat","value":"allure2"}],"parameters":[{"name":"council","value":"PortsmouthCityCouncil"}],"links":[],"hidden":false,"retry":false,"extra":{"severity":"normal","retries":[],"categories":[{"name":"Product defects","matchedStatuses":[],"flaky":false}],"history":{"statistic":{"failed":2,"broken":0,"skipped":0,"passed":64,"unknown":0,"total":66},"items":[{"uid":"a49747b3bd6416af","reportUrl":"https://robbrad.github.io/UKBinCollectionData/3.12/1980//#testresult/a49747b3bd6416af","status":"passed","time":{"start":1720831475349,"stop":1720831492104,"duration":16755}},{"uid":"4f9e28c9321f5ef9","reportUrl":"https://robbrad.github.io/UKBinCollectionData/3.12/1979//#testresult/4f9e28c9321f5ef9","status":"passed","time":{"start":1720745217336,"stop":1720745240040,"duration":22704}},{"uid":"316171a3dbb4bf21","reportUrl":"https://robbrad.github.io/UKBinCollectionData/3.12/1978//#testresult/316171a3dbb4bf21","status":"passed","time":{"start":1720658709696,"stop":1720658755614,"duration":45918}},{"uid":"4c01f30228298e14","reportUrl":"https://robbrad.github.io/UKBinCollectionData/3.12/1977//#testresult/4c01f30228298e14","status":"failed","statusDetails":"selenium.common.exceptions.NoSuchElementException: Message: Cannot locate option with value: 1775027504; For documentation on this error, please visit: https://www.selenium.dev/documentation/webdriver/troubleshooting/errors#no-such-element-exception","time":{"start":1720572379112,"stop":1720572400652,"duration":21540}},{"uid":"6cd3a4db348f1653","reportUrl":"https://robbrad.github.io/UKBinCollectionData/3.12/1976//#testresult/6cd3a4db348f1653","status":"passed","time":{"start":1720485587002,"stop":1720485618628,"duration":31626}},{"uid":"15330e96abe63480","reportUrl":"https://robbrad.github.io/UKBinCollectionData/3.12/1975//#testresult/15330e96abe63480","status":"passed","time":{"start":1720399421316,"stop":1720399447685,"duration":26369}},{"uid":"c3a6f62e7f8aed2e","reportUrl":"https://robbrad.github.io/UKBinCollectionData/3.12/1971//#testresult/c3a6f62e7f8aed2e","status":"passed","time":{"start":1720313015513,"stop":1720313040941,"duration":25428}},{"uid":"bfbd2ca0c33a51d6","reportUrl":"https://robbrad.github.io/UKBinCollectionData/3.12/1970//#testresult/bfbd2ca0c33a51d6","status":"passed","time":{"start":1720226419576,"stop":1720226577145,"duration":157569}},{"uid":"4057f18d5be2d55b","reportUrl":"https://robbrad.github.io/UKBinCollectionData/3.12/1969//#testresult/4057f18d5be2d55b","status":"passed","time":{"start":1720139814583,"stop":1720139960389,"duration":145806}},{"uid":"f5c7b83a3f5903db","reportUrl":"https://robbrad.github.io/UKBinCollectionData/3.12/1968//#testresult/f5c7b83a3f5903db","status":"passed","time":{"start":1720053568776,"stop":1720053601002,"duration":32226}},{"uid":"112f493a7a5c4ea1","reportUrl":"https://robbrad.github.io/UKBinCollectionData/3.12/1967//#testresult/112f493a7a5c4ea1","status":"passed","time":{"start":1719967006725,"stop":1719967036677,"duration":29952}},{"uid":"bc7120f130b73630","reportUrl":"https://robbrad.github.io/UKBinCollectionData/3.12/1966//#testresult/bc7120f130b73630","status":"passed","time":{"start":1719880795054,"stop":1719880819115,"duration":24061}},{"uid":"7ab1029564e86c2f","reportUrl":"https://robbrad.github.io/UKBinCollectionData/3.12/1965//#testresult/7ab1029564e86c2f","status":"passed","time":{"start":1719794687828,"stop":1719794745182,"duration":57354}},{"uid":"b6fe82d43c77927b","reportUrl":"https://robbrad.github.io/UKBinCollectionData/3.12/1964//#testresult/b6fe82d43c77927b","status":"passed","time":{"start":1719708243742,"stop":1719708269485,"duration":25743}},{"uid":"d651903554126943","reportUrl":"https://robbrad.github.io/UKBinCollectionData/3.12/1962//#testresult/d651903554126943","status":"passed","time":{"start":1719621402935,"stop":1719621462381,"duration":59446}},{"uid":"c51de2358cd18b1e","reportUrl":"https://robbrad.github.io/UKBinCollectionData/3.12/1958//#testresult/c51de2358cd18b1e","status":"passed","time":{"start":1719534992341,"stop":1719535053097,"duration":60756}},{"uid":"6ec73d642dd3f95","reportUrl":"https://robbrad.github.io/UKBinCollectionData/3.12/1954//#testresult/6ec73d642dd3f95","status":"passed","time":{"start":1719362425319,"stop":1719362445061,"duration":19742}},{"uid":"65c832d27db3d2ba","reportUrl":"https://robbrad.github.io/UKBinCollectionData/3.12/1953//#testresult/65c832d27db3d2ba","status":"passed","time":{"start":1719275911251,"stop":1719275942805,"duration":31554}},{"uid":"9c7fd168d0ac4c66","reportUrl":"https://robbrad.github.io/UKBinCollectionData/3.12/1952//#testresult/9c7fd168d0ac4c66","status":"passed","time":{"start":1719189648913,"stop":1719189703937,"duration":55024}},{"uid":"40fd44af60d0f5e7","reportUrl":"https://robbrad.github.io/UKBinCollectionData/3.12/1951//#testresult/40fd44af60d0f5e7","status":"passed","time":{"start":1719103259201,"stop":1719103356136,"duration":96935}}]},"tags":[]},"source":"c6b3aa05441b5979.json","parameterValues":["PortsmouthCityCouncil"]}