{"uid":"d9deeb88b51e5a2f","name":"Validate Council Output [GatesheadCouncil-http://selenium:4444-local]","fullName":"features/validate_council_outputs.feature:Validate Council Output","historyId":"06e54311f2a0be18545214e444671747","time":{"start":1712017740141,"stop":1712017773996,"duration":33855},"status":"failed","statusMessage":"selenium.common.exceptions.TimeoutException: Message: \nStacktrace:\n#0 0x5624572408a3 <unknown>\n#1 0x562456f368c6 <unknown>\n#2 0x562456f81618 <unknown>\n#3 0x562456f816d1 <unknown>\n#4 0x562456fc4744 <unknown>\n#5 0x562456fa35cd <unknown>\n#6 0x562456fc1c19 <unknown>\n#7 0x562456fa3343 <unknown>\n#8 0x562456f74593 <unknown>\n#9 0x562456f74f5e <unknown>\n#10 0x56245720488b <unknown>\n#11 0x5624572087e5 <unknown>\n#12 0x5624571f25b1 <unknown>\n#13 0x562457209372 <unknown>\n#14 0x5624571d78bf <unknown>\n#15 0x56245722f768 <unknown>\n#16 0x56245722f93b <unknown>\n#17 0x56245723f9f4 <unknown>\n#18 0x7f7d20094ac3 <unknown>","statusTrace":"fixturefunc = <function scrape_step at 0x7f54809d49a0>\nrequest = <FixtureRequest for <Function test_scenario_outline[GatesheadCouncil-http://selenium:4444-local]>>\nkwargs = {'context': <test_validate_council.context.<locals>.Context object at 0x7f547ffce950>, 'council': 'GatesheadCouncil', 'selenium_mode': 'local', 'selenium_url': 'http://selenium:4444'}\n\n    def call_fixture_func(\n        fixturefunc: \"_FixtureFunc[FixtureValue]\", request: FixtureRequest, kwargs\n    ) -> FixtureValue:\n        if is_generator(fixturefunc):\n            fixturefunc = cast(\n                Callable[..., Generator[FixtureValue, None, None]], fixturefunc\n            )\n            generator = fixturefunc(**kwargs)\n            try:\n                fixture_result = next(generator)\n            except StopIteration:\n                raise ValueError(f\"{request.fixturename} did not yield a value\") from None\n            finalizer = functools.partial(_teardown_yield_fixture, fixturefunc, generator)\n            request.addfinalizer(finalizer)\n        else:\n            fixturefunc = cast(Callable[..., FixtureValue], fixturefunc)\n>           fixture_result = fixturefunc(**kwargs)\n\n../../../.cache/pypoetry/virtualenvs/uk-bin-collection-EwS6Gn8s-py3.11/lib/python3.11/site-packages/_pytest/fixtures.py:902: \n_ _ _ _ _ _ _ _ _ _ _ _ _ _ _ _ _ _ _ _ _ _ _ _ _ _ _ _ _ _ _ _ _ _ _ _ _ _ _ _ \nuk_bin_collection/tests/step_defs/test_validate_council.py:92: in scrape_step\n    context.parse_result = CollectData.run()\nuk_bin_collection/uk_bin_collection/collect_data.py:96: in run\n    return self.client_code(\nuk_bin_collection/uk_bin_collection/collect_data.py:115: in client_code\n    return get_bin_data_class.template_method(address_url, **kwargs)\nuk_bin_collection/uk_bin_collection/get_bin_data.py:78: in template_method\n    bin_data_dict = self.parse_data(\nuk_bin_collection/uk_bin_collection/councils/GatesheadCouncil.py:35: in parse_data\n    accept_button = WebDriverWait(driver, timeout=30).until(\n_ _ _ _ _ _ _ _ _ _ _ _ _ _ _ _ _ _ _ _ _ _ _ _ _ _ _ _ _ _ _ _ _ _ _ _ _ _ _ _ \n\nself = <selenium.webdriver.support.wait.WebDriverWait (session=\"58c9dcf4a985f33bdaeb675fb3791c6e\")>\nmethod = <function element_to_be_clickable.<locals>._predicate at 0x7f548006d300>\nmessage = ''\n\n    def until(self, method, message: str = \"\"):\n        \"\"\"Calls the method provided with the driver as an argument until the \\\n        return value does not evaluate to ``False``.\n    \n        :param method: callable(WebDriver)\n        :param message: optional message for :exc:`TimeoutException`\n        :returns: the result of the last call to `method`\n        :raises: :exc:`selenium.common.exceptions.TimeoutException` if timeout occurs\n        \"\"\"\n        screen = None\n        stacktrace = None\n    \n        end_time = time.monotonic() + self._timeout\n        while True:\n            try:\n                value = method(self._driver)\n                if value:\n                    return value\n            except self._ignored_exceptions as exc:\n                screen = getattr(exc, \"screen\", None)\n                stacktrace = getattr(exc, \"stacktrace\", None)\n            time.sleep(self._poll)\n            if time.monotonic() > end_time:\n                break\n>       raise TimeoutException(message, screen, stacktrace)\nE       selenium.common.exceptions.TimeoutException: Message: \nE       Stacktrace:\nE       #0 0x5624572408a3 <unknown>\nE       #1 0x562456f368c6 <unknown>\nE       #2 0x562456f81618 <unknown>\nE       #3 0x562456f816d1 <unknown>\nE       #4 0x562456fc4744 <unknown>\nE       #5 0x562456fa35cd <unknown>\nE       #6 0x562456fc1c19 <unknown>\nE       #7 0x562456fa3343 <unknown>\nE       #8 0x562456f74593 <unknown>\nE       #9 0x562456f74f5e <unknown>\nE       #10 0x56245720488b <unknown>\nE       #11 0x5624572087e5 <unknown>\nE       #12 0x5624571f25b1 <unknown>\nE       #13 0x562457209372 <unknown>\nE       #14 0x5624571d78bf <unknown>\nE       #15 0x56245722f768 <unknown>\nE       #16 0x56245722f93b <unknown>\nE       #17 0x56245723f9f4 <unknown>\nE       #18 0x7f7d20094ac3 <unknown>\n\n../../../.cache/pypoetry/virtualenvs/uk-bin-collection-EwS6Gn8s-py3.11/lib/python3.11/site-packages/selenium/webdriver/support/wait.py:95: TimeoutException","flaky":false,"newFailed":false,"newBroken":false,"newPassed":false,"retriesCount":0,"retriesStatusChange":false,"beforeStages":[],"testStage":{"status":"failed","statusMessage":"selenium.common.exceptions.TimeoutException: Message: \nStacktrace:\n#0 0x5624572408a3 <unknown>\n#1 0x562456f368c6 <unknown>\n#2 0x562456f81618 <unknown>\n#3 0x562456f816d1 <unknown>\n#4 0x562456fc4744 <unknown>\n#5 0x562456fa35cd <unknown>\n#6 0x562456fc1c19 <unknown>\n#7 0x562456fa3343 <unknown>\n#8 0x562456f74593 <unknown>\n#9 0x562456f74f5e <unknown>\n#10 0x56245720488b <unknown>\n#11 0x5624572087e5 <unknown>\n#12 0x5624571f25b1 <unknown>\n#13 0x562457209372 <unknown>\n#14 0x5624571d78bf <unknown>\n#15 0x56245722f768 <unknown>\n#16 0x56245722f93b <unknown>\n#17 0x56245723f9f4 <unknown>\n#18 0x7f7d20094ac3 <unknown>","statusTrace":"fixturefunc = <function scrape_step at 0x7f54809d49a0>\nrequest = <FixtureRequest for <Function test_scenario_outline[GatesheadCouncil-http://selenium:4444-local]>>\nkwargs = {'context': <test_validate_council.context.<locals>.Context object at 0x7f547ffce950>, 'council': 'GatesheadCouncil', 'selenium_mode': 'local', 'selenium_url': 'http://selenium:4444'}\n\n    def call_fixture_func(\n        fixturefunc: \"_FixtureFunc[FixtureValue]\", request: FixtureRequest, kwargs\n    ) -> FixtureValue:\n        if is_generator(fixturefunc):\n            fixturefunc = cast(\n                Callable[..., Generator[FixtureValue, None, None]], fixturefunc\n            )\n            generator = fixturefunc(**kwargs)\n            try:\n                fixture_result = next(generator)\n            except StopIteration:\n                raise ValueError(f\"{request.fixturename} did not yield a value\") from None\n            finalizer = functools.partial(_teardown_yield_fixture, fixturefunc, generator)\n            request.addfinalizer(finalizer)\n        else:\n            fixturefunc = cast(Callable[..., FixtureValue], fixturefunc)\n>           fixture_result = fixturefunc(**kwargs)\n\n../../../.cache/pypoetry/virtualenvs/uk-bin-collection-EwS6Gn8s-py3.11/lib/python3.11/site-packages/_pytest/fixtures.py:902: \n_ _ _ _ _ _ _ _ _ _ _ _ _ _ _ _ _ _ _ _ _ _ _ _ _ _ _ _ _ _ _ _ _ _ _ _ _ _ _ _ \nuk_bin_collection/tests/step_defs/test_validate_council.py:92: in scrape_step\n    context.parse_result = CollectData.run()\nuk_bin_collection/uk_bin_collection/collect_data.py:96: in run\n    return self.client_code(\nuk_bin_collection/uk_bin_collection/collect_data.py:115: in client_code\n    return get_bin_data_class.template_method(address_url, **kwargs)\nuk_bin_collection/uk_bin_collection/get_bin_data.py:78: in template_method\n    bin_data_dict = self.parse_data(\nuk_bin_collection/uk_bin_collection/councils/GatesheadCouncil.py:35: in parse_data\n    accept_button = WebDriverWait(driver, timeout=30).until(\n_ _ _ _ _ _ _ _ _ _ _ _ _ _ _ _ _ _ _ _ _ _ _ _ _ _ _ _ _ _ _ _ _ _ _ _ _ _ _ _ \n\nself = <selenium.webdriver.support.wait.WebDriverWait (session=\"58c9dcf4a985f33bdaeb675fb3791c6e\")>\nmethod = <function element_to_be_clickable.<locals>._predicate at 0x7f548006d300>\nmessage = ''\n\n    def until(self, method, message: str = \"\"):\n        \"\"\"Calls the method provided with the driver as an argument until the \\\n        return value does not evaluate to ``False``.\n    \n        :param method: callable(WebDriver)\n        :param message: optional message for :exc:`TimeoutException`\n        :returns: the result of the last call to `method`\n        :raises: :exc:`selenium.common.exceptions.TimeoutException` if timeout occurs\n        \"\"\"\n        screen = None\n        stacktrace = None\n    \n        end_time = time.monotonic() + self._timeout\n        while True:\n            try:\n                value = method(self._driver)\n                if value:\n                    return value\n            except self._ignored_exceptions as exc:\n                screen = getattr(exc, \"screen\", None)\n                stacktrace = getattr(exc, \"stacktrace\", None)\n            time.sleep(self._poll)\n            if time.monotonic() > end_time:\n                break\n>       raise TimeoutException(message, screen, stacktrace)\nE       selenium.common.exceptions.TimeoutException: Message: \nE       Stacktrace:\nE       #0 0x5624572408a3 <unknown>\nE       #1 0x562456f368c6 <unknown>\nE       #2 0x562456f81618 <unknown>\nE       #3 0x562456f816d1 <unknown>\nE       #4 0x562456fc4744 <unknown>\nE       #5 0x562456fa35cd <unknown>\nE       #6 0x562456fc1c19 <unknown>\nE       #7 0x562456fa3343 <unknown>\nE       #8 0x562456f74593 <unknown>\nE       #9 0x562456f74f5e <unknown>\nE       #10 0x56245720488b <unknown>\nE       #11 0x5624572087e5 <unknown>\nE       #12 0x5624571f25b1 <unknown>\nE       #13 0x562457209372 <unknown>\nE       #14 0x5624571d78bf <unknown>\nE       #15 0x56245722f768 <unknown>\nE       #16 0x56245722f93b <unknown>\nE       #17 0x56245723f9f4 <unknown>\nE       #18 0x7f7d20094ac3 <unknown>\n\n../../../.cache/pypoetry/virtualenvs/uk-bin-collection-EwS6Gn8s-py3.11/lib/python3.11/site-packages/selenium/webdriver/support/wait.py:95: TimeoutException","steps":[{"name":"Given the council: GatesheadCouncil","time":{"start":1712017740141,"stop":1712017740142,"duration":1},"status":"passed","steps":[],"attachments":[],"parameters":[],"shouldDisplayMessage":false,"stepsCount":0,"attachmentsCount":0,"hasContent":false,"attachmentStep":false},{"name":"When we scrape the data from GatesheadCouncil using local and the http://selenium:4444 is set","time":{"start":1712017740142,"stop":1712017773996,"duration":33854},"status":"failed","statusMessage":"Message: \nStacktrace:\n#0 0x5624572408a3 <unknown>\n#1 0x562456f368c6 <unknown>\n#2 0x562456f81618 <unknown>\n#3 0x562456f816d1 <unknown>\n#4 0x562456fc4744 <unknown>\n#5 0x562456fa35cd <unknown>\n#6 0x562456fc1c19 <unknown>\n#7 0x562456fa3343 <unknown>\n#8 0x562456f74593 <unknown>\n#9 0x562456f74f5e <unknown>\n#10 0x56245720488b <unknown>\n#11 0x5624572087e5 <unknown>\n#12 0x5624571f25b1 <unknown>\n#13 0x562457209372 <unknown>\n#14 0x5624571d78bf <unknown>\n#15 0x56245722f768 <unknown>\n#16 0x56245722f93b <unknown>\n#17 0x56245723f9f4 <unknown>\n#18 0x7f7d20094ac3 <unknown>\n","statusTrace":"selenium.common.exceptions.TimeoutException: Message: \nStacktrace:\n#0 0x5624572408a3 <unknown>\n#1 0x562456f368c6 <unknown>\n#2 0x562456f81618 <unknown>\n#3 0x562456f816d1 <unknown>\n#4 0x562456fc4744 <unknown>\n#5 0x562456fa35cd <unknown>\n#6 0x562456fc1c19 <unknown>\n#7 0x562456fa3343 <unknown>\n#8 0x562456f74593 <unknown>\n#9 0x562456f74f5e <unknown>\n#10 0x56245720488b <unknown>\n#11 0x5624572087e5 <unknown>\n#12 0x5624571f25b1 <unknown>\n#13 0x562457209372 <unknown>\n#14 0x5624571d78bf <unknown>\n#15 0x56245722f768 <unknown>\n#16 0x56245722f93b <unknown>\n#17 0x56245723f9f4 <unknown>\n#18 0x7f7d20094ac3 <unknown>\n\n","steps":[],"attachments":[],"parameters":[],"shouldDisplayMessage":true,"stepsCount":0,"attachmentsCount":0,"hasContent":true,"attachmentStep":false}],"attachments":[],"parameters":[],"shouldDisplayMessage":true,"stepsCount":2,"attachmentsCount":0,"hasContent":true,"attachmentStep":false},"afterStages":[],"labels":[{"name":"host","value":"fv-az575-835"},{"name":"thread","value":"2795-MainThread"},{"name":"framework","value":"pytest-bdd"},{"name":"language","value":"cpython3"},{"name":"feature","value":"Test each council output matches expected results"},{"name":"resultFormat","value":"allure2"}],"parameters":[{"name":"council","value":"GatesheadCouncil"},{"name":"selenium_mode","value":"local"},{"name":"selenium_url","value":"http://selenium:4444"}],"links":[],"hidden":false,"retry":false,"extra":{"severity":"normal","retries":[],"categories":[{"name":"Product defects","matchedStatuses":[],"flaky":false}],"history":{"statistic":{"failed":93,"broken":0,"skipped":0,"passed":145,"unknown":0,"total":238},"items":[{"uid":"8df14665326e4409","reportUrl":"https://robbrad.github.io/UKBinCollectionData/3.11/1653//#testresult/8df14665326e4409","status":"failed","statusDetails":"selenium.common.exceptions.TimeoutException: Message: \nStacktrace:\n#0 0x557d62c308a3 <unknown>\n#1 0x557d629268c6 <unknown>\n#2 0x557d62971618 <unknown>\n#3 0x557d629716d1 <unknown>\n#4 0x557d629b4744 <unknown>\n#5 0x557d629935cd <unknown>\n#6 0x557d629b1c19 <unknown>\n#7 0x557d62993343 <unknown>\n#8 0x557d62964593 <unknown>\n#9 0x557d62964f5e <unknown>\n#10 0x557d62bf488b <unknown>\n#11 0x557d62bf87e5 <unknown>\n#12 0x557d62be25b1 <unknown>\n#13 0x557d62bf9372 <unknown>\n#14 0x557d62bc78bf <unknown>\n#15 0x557d62c1f768 <unknown>\n#16 0x557d62c1f93b <unknown>\n#17 0x557d62c2f9f4 <unknown>\n#18 0x7f3a33e94ac3 <unknown>","time":{"start":1711931540941,"stop":1711931575498,"duration":34557}},{"uid":"fdbf109efa3a0ec","reportUrl":"https://robbrad.github.io/UKBinCollectionData/3.11/1652//#testresult/fdbf109efa3a0ec","status":"failed","statusDetails":"selenium.common.exceptions.TimeoutException: Message: \nStacktrace:\n#0 0x55a7276688a3 <unknown>\n#1 0x55a72735e8c6 <unknown>\n#2 0x55a7273a9618 <unknown>\n#3 0x55a7273a96d1 <unknown>\n#4 0x55a7273ec744 <unknown>\n#5 0x55a7273cb5cd <unknown>\n#6 0x55a7273e9c19 <unknown>\n#7 0x55a7273cb343 <unknown>\n#8 0x55a72739c593 <unknown>\n#9 0x55a72739cf5e <unknown>\n#10 0x55a72762c88b <unknown>\n#11 0x55a7276307e5 <unknown>\n#12 0x55a72761a5b1 <unknown>\n#13 0x55a727631372 <unknown>\n#14 0x55a7275ff8bf <unknown>\n#15 0x55a727657768 <unknown>\n#16 0x55a72765793b <unknown>\n#17 0x55a7276679f4 <unknown>\n#18 0x7f34da894ac3 <unknown>","time":{"start":1711845063920,"stop":1711845097279,"duration":33359}},{"uid":"e6f20e6b1f1fe37a","reportUrl":"https://robbrad.github.io/UKBinCollectionData/3.11/1649//#testresult/e6f20e6b1f1fe37a","status":"failed","statusDetails":"selenium.common.exceptions.TimeoutException: Message: \nStacktrace:\n#0 0x55b1864028a3 <unknown>\n#1 0x55b1860f88c6 <unknown>\n#2 0x55b186143618 <unknown>\n#3 0x55b1861436d1 <unknown>\n#4 0x55b186186744 <unknown>\n#5 0x55b1861655cd <unknown>\n#6 0x55b186183c19 <unknown>\n#7 0x55b186165343 <unknown>\n#8 0x55b186136593 <unknown>\n#9 0x55b186136f5e <unknown>\n#10 0x55b1863c688b <unknown>\n#11 0x55b1863ca7e5 <unknown>\n#12 0x55b1863b45b1 <unknown>\n#13 0x55b1863cb372 <unknown>\n#14 0x55b1863998bf <unknown>\n#15 0x55b1863f1768 <unknown>\n#16 0x55b1863f193b <unknown>\n#17 0x55b1864019f4 <unknown>\n#18 0x7f6ef2c94ac3 <unknown>","time":{"start":1711672054925,"stop":1711672088599,"duration":33674}},{"uid":"3646137e23ee12d0","reportUrl":"https://robbrad.github.io/UKBinCollectionData/3.11/1648//#testresult/3646137e23ee12d0","status":"failed","statusDetails":"selenium.common.exceptions.TimeoutException: Message: \nStacktrace:\n#0 0x56013a0358a3 <unknown>\n#1 0x560139d2b8c6 <unknown>\n#2 0x560139d76618 <unknown>\n#3 0x560139d766d1 <unknown>\n#4 0x560139db9744 <unknown>\n#5 0x560139d985cd <unknown>\n#6 0x560139db6c19 <unknown>\n#7 0x560139d98343 <unknown>\n#8 0x560139d69593 <unknown>\n#9 0x560139d69f5e <unknown>\n#10 0x560139ff988b <unknown>\n#11 0x560139ffd7e5 <unknown>\n#12 0x560139fe75b1 <unknown>\n#13 0x560139ffe372 <unknown>\n#14 0x560139fcc8bf <unknown>\n#15 0x56013a024768 <unknown>\n#16 0x56013a02493b <unknown>\n#17 0x56013a0349f4 <unknown>\n#18 0x7f8153694ac3 <unknown>","time":{"start":1711585771241,"stop":1711585804887,"duration":33646}},{"uid":"3b237523c3022de2","reportUrl":"https://robbrad.github.io/UKBinCollectionData/3.11/1646//#testresult/3b237523c3022de2","status":"failed","statusDetails":"selenium.common.exceptions.TimeoutException: Message: \nStacktrace:\n#0 0x562fdabe9f33 <unknown>\n#1 0x562fda8e1ce6 <unknown>\n#2 0x562fda92ce48 <unknown>\n#3 0x562fda92cf01 <unknown>\n#4 0x562fda9703f4 <unknown>\n#5 0x562fda94eedd <unknown>\n#6 0x562fda96d899 <unknown>\n#7 0x562fda94ec53 <unknown>\n#8 0x562fda91fdb3 <unknown>\n#9 0x562fda92077e <unknown>\n#10 0x562fdabaf86b <unknown>\n#11 0x562fdabb3885 <unknown>\n#12 0x562fdab9d181 <unknown>\n#13 0x562fdabb4412 <unknown>\n#14 0x562fdab8125f <unknown>\n#15 0x562fdabd8528 <unknown>\n#16 0x562fdabd8723 <unknown>\n#17 0x562fdabe90e4 <unknown>\n#18 0x7fc404694ac3 <unknown>","time":{"start":1711499288318,"stop":1711499322763,"duration":34445}},{"uid":"432261253bd2a414","reportUrl":"https://robbrad.github.io/UKBinCollectionData/3.11/1645//#testresult/432261253bd2a414","status":"failed","statusDetails":"selenium.common.exceptions.TimeoutException: Message: \nStacktrace:\n#0 0x55bc2a050f33 <unknown>\n#1 0x55bc29d48ce6 <unknown>\n#2 0x55bc29d93e48 <unknown>\n#3 0x55bc29d93f01 <unknown>\n#4 0x55bc29dd73f4 <unknown>\n#5 0x55bc29db5edd <unknown>\n#6 0x55bc29dd4899 <unknown>\n#7 0x55bc29db5c53 <unknown>\n#8 0x55bc29d86db3 <unknown>\n#9 0x55bc29d8777e <unknown>\n#10 0x55bc2a01686b <unknown>\n#11 0x55bc2a01a885 <unknown>\n#12 0x55bc2a004181 <unknown>\n#13 0x55bc2a01b412 <unknown>\n#14 0x55bc29fe825f <unknown>\n#15 0x55bc2a03f528 <unknown>\n#16 0x55bc2a03f723 <unknown>\n#17 0x55bc2a0500e4 <unknown>\n#18 0x7f12b7e94ac3 <unknown>","time":{"start":1711412802887,"stop":1711412836505,"duration":33618}},{"uid":"afd9274ee814202f","reportUrl":"https://robbrad.github.io/UKBinCollectionData/3.11/1641//#testresult/afd9274ee814202f","status":"failed","statusDetails":"selenium.common.exceptions.TimeoutException: Message: \nStacktrace:\n#0 0x564a2c7a4f33 <unknown>\n#1 0x564a2c49cce6 <unknown>\n#2 0x564a2c4e7e48 <unknown>\n#3 0x564a2c4e7f01 <unknown>\n#4 0x564a2c52b3f4 <unknown>\n#5 0x564a2c509edd <unknown>\n#6 0x564a2c528899 <unknown>\n#7 0x564a2c509c53 <unknown>\n#8 0x564a2c4dadb3 <unknown>\n#9 0x564a2c4db77e <unknown>\n#10 0x564a2c76a86b <unknown>\n#11 0x564a2c76e885 <unknown>\n#12 0x564a2c758181 <unknown>\n#13 0x564a2c76f412 <unknown>\n#14 0x564a2c73c25f <unknown>\n#15 0x564a2c793528 <unknown>\n#16 0x564a2c793723 <unknown>\n#17 0x564a2c7a40e4 <unknown>\n#18 0x7f0d91a94ac3 <unknown>","time":{"start":1711326579068,"stop":1711326612387,"duration":33319}},{"uid":"accba3767e78c45b","reportUrl":"https://robbrad.github.io/UKBinCollectionData/3.11/1639//#testresult/accba3767e78c45b","status":"failed","statusDetails":"selenium.common.exceptions.TimeoutException: Message: \nStacktrace:\n#0 0x560385959f33 <unknown>\n#1 0x560385651ce6 <unknown>\n#2 0x56038569ce48 <unknown>\n#3 0x56038569cf01 <unknown>\n#4 0x5603856e03f4 <unknown>\n#5 0x5603856beedd <unknown>\n#6 0x5603856dd899 <unknown>\n#7 0x5603856bec53 <unknown>\n#8 0x56038568fdb3 <unknown>\n#9 0x56038569077e <unknown>\n#10 0x56038591f86b <unknown>\n#11 0x560385923885 <unknown>\n#12 0x56038590d181 <unknown>\n#13 0x560385924412 <unknown>\n#14 0x5603858f125f <unknown>\n#15 0x560385948528 <unknown>\n#16 0x560385948723 <unknown>\n#17 0x5603859590e4 <unknown>\n#18 0x7faeab494ac3 <unknown>","time":{"start":1711280779489,"stop":1711280814450,"duration":34961}},{"uid":"a4e27b0a368533f1","reportUrl":"https://robbrad.github.io/UKBinCollectionData/3.11/1634//#testresult/a4e27b0a368533f1","status":"failed","statusDetails":"selenium.common.exceptions.ElementClickInterceptedException: Message: element click intercepted: Element <input type=\"button\" value=\"Find address\" id=\"BINCOLLECTIONCHECKER_ADDRESSSEARCH_ADDRESSLOOKUPSEARCH\" name=\"BINCOLLECTIONCHECKER_ADDRESSSEARCH_ADDRESSLOOKUPSEARCH\" class=\"icminput icminput--button\" onclick=\"\"> is not clickable at point (90, 458). Other element would receive the click: <button class=\"btn btn--contrast btn--complete\" name=\"acceptall\" value=\"true\" type=\"submit\">...</button>\n  (Session info: chrome-headless-shell=122.0.6261.128)\nStacktrace:\n#0 0x556e330e3f33 <unknown>\n#1 0x556e32ddbce6 <unknown>\n#2 0x556e32e2da73 <unknown>\n#3 0x556e32e2b98e <unknown>\n#4 0x556e32e29367 <unknown>\n#5 0x556e32e28732 <unknown>\n#6 0x556e32e1bd27 <unknown>\n#7 0x556e32e48eb2 <unknown>\n#8 0x556e32e1b6b8 <unknown>\n#9 0x556e32e4907e <unknown>\n#10 0x556e32e67899 <unknown>\n#11 0x556e32e48c53 <unknown>\n#12 0x556e32e19db3 <unknown>\n#13 0x556e32e1a77e <unknown>\n#14 0x556e330a986b <unknown>\n#15 0x556e330ad885 <unknown>\n#16 0x556e33097181 <unknown>\n#17 0x556e330ae412 <unknown>\n#18 0x556e3307b25f <unknown>\n#19 0x556e330d2528 <unknown>\n#20 0x556e330d2723 <unknown>\n#21 0x556e330e30e4 <unknown>\n#22 0x7f63efc94ac3 <unknown>","time":{"start":1711240258047,"stop":1711240262164,"duration":4117}},{"uid":"ab30c9bcc731b7c8","reportUrl":"https://robbrad.github.io/UKBinCollectionData/3.11/1626//#testresult/ab30c9bcc731b7c8","status":"failed","statusDetails":"selenium.common.exceptions.ElementClickInterceptedException: Message: element click intercepted: Element <input type=\"button\" value=\"Find address\" id=\"BINCOLLECTIONCHECKER_ADDRESSSEARCH_ADDRESSLOOKUPSEARCH\" name=\"BINCOLLECTIONCHECKER_ADDRESSSEARCH_ADDRESSLOOKUPSEARCH\" class=\"icminput icminput--button\" onclick=\"\"> is not clickable at point (90, 458). Other element would receive the click: <button class=\"btn btn--contrast btn--complete\" name=\"acceptall\" value=\"true\" type=\"submit\">...</button>\n  (Session info: chrome-headless-shell=122.0.6261.128)\nStacktrace:\n#0 0x55a9ed7e1f33 <unknown>\n#1 0x55a9ed4d9ce6 <unknown>\n#2 0x55a9ed52ba73 <unknown>\n#3 0x55a9ed52998e <unknown>\n#4 0x55a9ed527367 <unknown>\n#5 0x55a9ed526732 <unknown>\n#6 0x55a9ed519d27 <unknown>\n#7 0x55a9ed546eb2 <unknown>\n#8 0x55a9ed5196b8 <unknown>\n#9 0x55a9ed54707e <unknown>\n#10 0x55a9ed565899 <unknown>\n#11 0x55a9ed546c53 <unknown>\n#12 0x55a9ed517db3 <unknown>\n#13 0x55a9ed51877e <unknown>\n#14 0x55a9ed7a786b <unknown>\n#15 0x55a9ed7ab885 <unknown>\n#16 0x55a9ed795181 <unknown>\n#17 0x55a9ed7ac412 <unknown>\n#18 0x55a9ed77925f <unknown>\n#19 0x55a9ed7d0528 <unknown>\n#20 0x55a9ed7d0723 <unknown>\n#21 0x55a9ed7e10e4 <unknown>\n#22 0x7f6903e94ac3 <unknown>","time":{"start":1711153664447,"stop":1711153668744,"duration":4297}},{"uid":"a74ce7dd9a51dc48","reportUrl":"https://robbrad.github.io/UKBinCollectionData/3.11/1625//#testresult/a74ce7dd9a51dc48","status":"failed","statusDetails":"selenium.common.exceptions.ElementClickInterceptedException: Message: element click intercepted: Element <input type=\"button\" value=\"Find address\" id=\"BINCOLLECTIONCHECKER_ADDRESSSEARCH_ADDRESSLOOKUPSEARCH\" name=\"BINCOLLECTIONCHECKER_ADDRESSSEARCH_ADDRESSLOOKUPSEARCH\" class=\"icminput icminput--button\" onclick=\"\"> is not clickable at point (90, 458). Other element would receive the click: <button class=\"btn btn--contrast btn--complete\" name=\"acceptall\" value=\"true\" type=\"submit\">...</button>\n  (Session info: chrome-headless-shell=122.0.6261.128)\nStacktrace:\n#0 0x564a6f6fcf33 <unknown>\n#1 0x564a6f3f4ce6 <unknown>\n#2 0x564a6f446a73 <unknown>\n#3 0x564a6f44498e <unknown>\n#4 0x564a6f442367 <unknown>\n#5 0x564a6f441732 <unknown>\n#6 0x564a6f434d27 <unknown>\n#7 0x564a6f461eb2 <unknown>\n#8 0x564a6f4346b8 <unknown>\n#9 0x564a6f46207e <unknown>\n#10 0x564a6f480899 <unknown>\n#11 0x564a6f461c53 <unknown>\n#12 0x564a6f432db3 <unknown>\n#13 0x564a6f43377e <unknown>\n#14 0x564a6f6c286b <unknown>\n#15 0x564a6f6c6885 <unknown>\n#16 0x564a6f6b0181 <unknown>\n#17 0x564a6f6c7412 <unknown>\n#18 0x564a6f69425f <unknown>\n#19 0x564a6f6eb528 <unknown>\n#20 0x564a6f6eb723 <unknown>\n#21 0x564a6f6fc0e4 <unknown>\n#22 0x7f586cc94ac3 <unknown>","time":{"start":1711067276675,"stop":1711067281221,"duration":4546}},{"uid":"6207f214d62b04aa","reportUrl":"https://robbrad.github.io/UKBinCollectionData/3.11/1624//#testresult/6207f214d62b04aa","status":"failed","statusDetails":"selenium.common.exceptions.ElementClickInterceptedException: Message: element click intercepted: Element <input type=\"button\" value=\"Find address\" id=\"BINCOLLECTIONCHECKER_ADDRESSSEARCH_ADDRESSLOOKUPSEARCH\" name=\"BINCOLLECTIONCHECKER_ADDRESSSEARCH_ADDRESSLOOKUPSEARCH\" class=\"icminput icminput--button\" onclick=\"\"> is not clickable at point (90, 458). Other element would receive the click: <button class=\"btn btn--contrast btn--complete\" name=\"acceptall\" value=\"true\" type=\"submit\">...</button>\n  (Session info: chrome-headless-shell=122.0.6261.128)\nStacktrace:\n#0 0x55eedcce8f33 <unknown>\n#1 0x55eedc9e0ce6 <unknown>\n#2 0x55eedca32a73 <unknown>\n#3 0x55eedca3098e <unknown>\n#4 0x55eedca2e367 <unknown>\n#5 0x55eedca2d732 <unknown>\n#6 0x55eedca20d27 <unknown>\n#7 0x55eedca4deb2 <unknown>\n#8 0x55eedca206b8 <unknown>\n#9 0x55eedca4e07e <unknown>\n#10 0x55eedca6c899 <unknown>\n#11 0x55eedca4dc53 <unknown>\n#12 0x55eedca1edb3 <unknown>\n#13 0x55eedca1f77e <unknown>\n#14 0x55eedccae86b <unknown>\n#15 0x55eedccb2885 <unknown>\n#16 0x55eedcc9c181 <unknown>\n#17 0x55eedccb3412 <unknown>\n#18 0x55eedcc8025f <unknown>\n#19 0x55eedccd7528 <unknown>\n#20 0x55eedccd7723 <unknown>\n#21 0x55eedcce80e4 <unknown>\n#22 0x7fc67c094ac3 <unknown>","time":{"start":1710980971161,"stop":1710980976143,"duration":4982}},{"uid":"3a47be4fece1f906","reportUrl":"https://robbrad.github.io/UKBinCollectionData/3.11/1621//#testresult/3a47be4fece1f906","status":"failed","statusDetails":"selenium.common.exceptions.ElementClickInterceptedException: Message: element click intercepted: Element <input type=\"button\" value=\"Find address\" id=\"BINCOLLECTIONCHECKER_ADDRESSSEARCH_ADDRESSLOOKUPSEARCH\" name=\"BINCOLLECTIONCHECKER_ADDRESSSEARCH_ADDRESSLOOKUPSEARCH\" class=\"icminput icminput--button\" onclick=\"\"> is not clickable at point (90, 458). Other element would receive the click: <button class=\"btn btn--contrast btn--complete\" name=\"acceptall\" value=\"true\" type=\"submit\">...</button>\n  (Session info: chrome-headless-shell=122.0.6261.128)\nStacktrace:\n#0 0x5631f4305f33 <unknown>\n#1 0x5631f3ffdce6 <unknown>\n#2 0x5631f404fa73 <unknown>\n#3 0x5631f404d98e <unknown>\n#4 0x5631f404b367 <unknown>\n#5 0x5631f404a732 <unknown>\n#6 0x5631f403dd27 <unknown>\n#7 0x5631f406aeb2 <unknown>\n#8 0x5631f403d6b8 <unknown>\n#9 0x5631f406b07e <unknown>\n#10 0x5631f4089899 <unknown>\n#11 0x5631f406ac53 <unknown>\n#12 0x5631f403bdb3 <unknown>\n#13 0x5631f403c77e <unknown>\n#14 0x5631f42cb86b <unknown>\n#15 0x5631f42cf885 <unknown>\n#16 0x5631f42b9181 <unknown>\n#17 0x5631f42d0412 <unknown>\n#18 0x5631f429d25f <unknown>\n#19 0x5631f42f4528 <unknown>\n#20 0x5631f42f4723 <unknown>\n#21 0x5631f43050e4 <unknown>\n#22 0x7fb060894ac3 <unknown>","time":{"start":1710971053279,"stop":1710971057370,"duration":4091}},{"uid":"14924f4f62079db8","reportUrl":"https://robbrad.github.io/UKBinCollectionData/3.11/1619//#testresult/14924f4f62079db8","status":"failed","statusDetails":"selenium.common.exceptions.ElementClickInterceptedException: Message: element click intercepted: Element <input type=\"button\" value=\"Find address\" id=\"BINCOLLECTIONCHECKER_ADDRESSSEARCH_ADDRESSLOOKUPSEARCH\" name=\"BINCOLLECTIONCHECKER_ADDRESSSEARCH_ADDRESSLOOKUPSEARCH\" class=\"icminput icminput--button\" onclick=\"\"> is not clickable at point (90, 458). Other element would receive the click: <button class=\"btn btn--contrast btn--complete\" name=\"acceptall\" value=\"true\" type=\"submit\">...</button>\n  (Session info: chrome-headless-shell=122.0.6261.111)\nStacktrace:\n#0 0x5b7d7b499f33 <unknown>\n#1 0x5b7d7b191ce6 <unknown>\n#2 0x5b7d7b1e3a73 <unknown>\n#3 0x5b7d7b1e198e <unknown>\n#4 0x5b7d7b1df367 <unknown>\n#5 0x5b7d7b1de732 <unknown>\n#6 0x5b7d7b1d1d27 <unknown>\n#7 0x5b7d7b1feeb2 <unknown>\n#8 0x5b7d7b1d16b8 <unknown>\n#9 0x5b7d7b1ff07e <unknown>\n#10 0x5b7d7b21d899 <unknown>\n#11 0x5b7d7b1fec53 <unknown>\n#12 0x5b7d7b1cfdb3 <unknown>\n#13 0x5b7d7b1d077e <unknown>\n#14 0x5b7d7b45f86b <unknown>\n#15 0x5b7d7b463885 <unknown>\n#16 0x5b7d7b44d181 <unknown>\n#17 0x5b7d7b464412 <unknown>\n#18 0x5b7d7b43125f <unknown>\n#19 0x5b7d7b488528 <unknown>\n#20 0x5b7d7b488723 <unknown>\n#21 0x5b7d7b4990e4 <unknown>\n#22 0x7949e2a94ac3 <unknown>","time":{"start":1710894456113,"stop":1710894465059,"duration":8946}},{"uid":"efe711f16ca6ac31","reportUrl":"https://robbrad.github.io/UKBinCollectionData/3.11/1615//#testresult/efe711f16ca6ac31","status":"failed","statusDetails":"selenium.common.exceptions.ElementClickInterceptedException: Message: element click intercepted: Element <input type=\"button\" value=\"Find address\" id=\"BINCOLLECTIONCHECKER_ADDRESSSEARCH_ADDRESSLOOKUPSEARCH\" name=\"BINCOLLECTIONCHECKER_ADDRESSSEARCH_ADDRESSLOOKUPSEARCH\" class=\"icminput icminput--button\" onclick=\"\"> is not clickable at point (90, 458). Other element would receive the click: <button class=\"btn btn--contrast btn--complete\" name=\"acceptall\" value=\"true\" type=\"submit\">...</button>\n  (Session info: chrome-headless-shell=122.0.6261.111)\nStacktrace:\n#0 0x61d44c4f0f33 <unknown>\n#1 0x61d44c1e8ce6 <unknown>\n#2 0x61d44c23aa73 <unknown>\n#3 0x61d44c23898e <unknown>\n#4 0x61d44c236367 <unknown>\n#5 0x61d44c235732 <unknown>\n#6 0x61d44c228d27 <unknown>\n#7 0x61d44c255eb2 <unknown>\n#8 0x61d44c2286b8 <unknown>\n#9 0x61d44c25607e <unknown>\n#10 0x61d44c274899 <unknown>\n#11 0x61d44c255c53 <unknown>\n#12 0x61d44c226db3 <unknown>\n#13 0x61d44c22777e <unknown>\n#14 0x61d44c4b686b <unknown>\n#15 0x61d44c4ba885 <unknown>\n#16 0x61d44c4a4181 <unknown>\n#17 0x61d44c4bb412 <unknown>\n#18 0x61d44c48825f <unknown>\n#19 0x61d44c4df528 <unknown>\n#20 0x61d44c4df723 <unknown>\n#21 0x61d44c4f00e4 <unknown>\n#22 0x74eb60c94ac3 <unknown>","time":{"start":1710808035298,"stop":1710808039715,"duration":4417}},{"uid":"7bb0e6b29e0cd999","reportUrl":"https://robbrad.github.io/UKBinCollectionData/3.11/1609//#testresult/7bb0e6b29e0cd999","status":"failed","statusDetails":"selenium.common.exceptions.ElementClickInterceptedException: Message: element click intercepted: Element <input type=\"button\" value=\"Find address\" id=\"BINCOLLECTIONCHECKER_ADDRESSSEARCH_ADDRESSLOOKUPSEARCH\" name=\"BINCOLLECTIONCHECKER_ADDRESSSEARCH_ADDRESSLOOKUPSEARCH\" class=\"icminput icminput--button\" onclick=\"\"> is not clickable at point (90, 458). Other element would receive the click: <button class=\"btn btn--contrast btn--complete\" name=\"acceptall\" value=\"true\" type=\"submit\">...</button>\n  (Session info: chrome-headless-shell=122.0.6261.111)\nStacktrace:\n#0 0x5ad791ae8f33 <unknown>\n#1 0x5ad7917e0ce6 <unknown>\n#2 0x5ad791832a73 <unknown>\n#3 0x5ad79183098e <unknown>\n#4 0x5ad79182e367 <unknown>\n#5 0x5ad79182d732 <unknown>\n#6 0x5ad791820d27 <unknown>\n#7 0x5ad79184deb2 <unknown>\n#8 0x5ad7918206b8 <unknown>\n#9 0x5ad79184e07e <unknown>\n#10 0x5ad79186c899 <unknown>\n#11 0x5ad79184dc53 <unknown>\n#12 0x5ad79181edb3 <unknown>\n#13 0x5ad79181f77e <unknown>\n#14 0x5ad791aae86b <unknown>\n#15 0x5ad791ab2885 <unknown>\n#16 0x5ad791a9c181 <unknown>\n#17 0x5ad791ab3412 <unknown>\n#18 0x5ad791a8025f <unknown>\n#19 0x5ad791ad7528 <unknown>\n#20 0x5ad791ad7723 <unknown>\n#21 0x5ad791ae80e4 <unknown>\n#22 0x79fc79a94ac3 <unknown>","time":{"start":1710721799359,"stop":1710721803887,"duration":4528}},{"uid":"5e3abcb7211481aa","reportUrl":"https://robbrad.github.io/UKBinCollectionData/3.11/1608//#testresult/5e3abcb7211481aa","status":"failed","statusDetails":"selenium.common.exceptions.ElementClickInterceptedException: Message: element click intercepted: Element <input type=\"button\" value=\"Find address\" id=\"BINCOLLECTIONCHECKER_ADDRESSSEARCH_ADDRESSLOOKUPSEARCH\" name=\"BINCOLLECTIONCHECKER_ADDRESSSEARCH_ADDRESSLOOKUPSEARCH\" class=\"icminput icminput--button\" onclick=\"\"> is not clickable at point (90, 458). Other element would receive the click: <button class=\"btn btn--contrast btn--complete\" name=\"acceptall\" value=\"true\" type=\"submit\">...</button>\n  (Session info: chrome-headless-shell=122.0.6261.111)\nStacktrace:\n#0 0x63639e5d6f33 <unknown>\n#1 0x63639e2cece6 <unknown>\n#2 0x63639e320a73 <unknown>\n#3 0x63639e31e98e <unknown>\n#4 0x63639e31c367 <unknown>\n#5 0x63639e31b732 <unknown>\n#6 0x63639e30ed27 <unknown>\n#7 0x63639e33beb2 <unknown>\n#8 0x63639e30e6b8 <unknown>\n#9 0x63639e33c07e <unknown>\n#10 0x63639e35a899 <unknown>\n#11 0x63639e33bc53 <unknown>\n#12 0x63639e30cdb3 <unknown>\n#13 0x63639e30d77e <unknown>\n#14 0x63639e59c86b <unknown>\n#15 0x63639e5a0885 <unknown>\n#16 0x63639e58a181 <unknown>\n#17 0x63639e5a1412 <unknown>\n#18 0x63639e56e25f <unknown>\n#19 0x63639e5c5528 <unknown>\n#20 0x63639e5c5723 <unknown>\n#21 0x63639e5d60e4 <unknown>\n#22 0x7e6d84c94ac3 <unknown>","time":{"start":1710635496987,"stop":1710635501420,"duration":4433}},{"uid":"903c3e93aefa22ba","reportUrl":"https://robbrad.github.io/UKBinCollectionData/3.11/1607//#testresult/903c3e93aefa22ba","status":"failed","statusDetails":"selenium.common.exceptions.ElementClickInterceptedException: Message: element click intercepted: Element <input type=\"button\" value=\"Find address\" id=\"BINCOLLECTIONCHECKER_ADDRESSSEARCH_ADDRESSLOOKUPSEARCH\" name=\"BINCOLLECTIONCHECKER_ADDRESSSEARCH_ADDRESSLOOKUPSEARCH\" class=\"icminput icminput--button\" onclick=\"\"> is not clickable at point (90, 458). Other element would receive the click: <button class=\"btn btn--contrast btn--complete\" name=\"acceptall\" value=\"true\" type=\"submit\">...</button>\n  (Session info: chrome-headless-shell=122.0.6261.111)\nStacktrace:\n#0 0x5dd190a11f33 <unknown>\n#1 0x5dd190709ce6 <unknown>\n#2 0x5dd19075ba73 <unknown>\n#3 0x5dd19075998e <unknown>\n#4 0x5dd190757367 <unknown>\n#5 0x5dd190756732 <unknown>\n#6 0x5dd190749d27 <unknown>\n#7 0x5dd190776eb2 <unknown>\n#8 0x5dd1907496b8 <unknown>\n#9 0x5dd19077707e <unknown>\n#10 0x5dd190795899 <unknown>\n#11 0x5dd190776c53 <unknown>\n#12 0x5dd190747db3 <unknown>\n#13 0x5dd19074877e <unknown>\n#14 0x5dd1909d786b <unknown>\n#15 0x5dd1909db885 <unknown>\n#16 0x5dd1909c5181 <unknown>\n#17 0x5dd1909dc412 <unknown>\n#18 0x5dd1909a925f <unknown>\n#19 0x5dd190a00528 <unknown>\n#20 0x5dd190a00723 <unknown>\n#21 0x5dd190a110e4 <unknown>\n#22 0x71ee9da94ac3 <unknown>","time":{"start":1710548789565,"stop":1710548795074,"duration":5509}},{"uid":"5ea21cefb6d7f782","reportUrl":"https://robbrad.github.io/UKBinCollectionData/3.11/1605//#testresult/5ea21cefb6d7f782","status":"failed","statusDetails":"selenium.common.exceptions.ElementClickInterceptedException: Message: element click intercepted: Element <input type=\"button\" value=\"Find address\" id=\"BINCOLLECTIONCHECKER_ADDRESSSEARCH_ADDRESSLOOKUPSEARCH\" name=\"BINCOLLECTIONCHECKER_ADDRESSSEARCH_ADDRESSLOOKUPSEARCH\" class=\"icminput icminput--button\" onclick=\"\"> is not clickable at point (90, 458). Other element would receive the click: <button class=\"btn btn--contrast btn--complete\" name=\"acceptall\" value=\"true\" type=\"submit\">...</button>\n  (Session info: chrome-headless-shell=122.0.6261.111)\nStacktrace:\n#0 0x565d0cf27f33 <unknown>\n#1 0x565d0cc1fce6 <unknown>\n#2 0x565d0cc71a73 <unknown>\n#3 0x565d0cc6f98e <unknown>\n#4 0x565d0cc6d367 <unknown>\n#5 0x565d0cc6c732 <unknown>\n#6 0x565d0cc5fd27 <unknown>\n#7 0x565d0cc8ceb2 <unknown>\n#8 0x565d0cc5f6b8 <unknown>\n#9 0x565d0cc8d07e <unknown>\n#10 0x565d0ccab899 <unknown>\n#11 0x565d0cc8cc53 <unknown>\n#12 0x565d0cc5ddb3 <unknown>\n#13 0x565d0cc5e77e <unknown>\n#14 0x565d0ceed86b <unknown>\n#15 0x565d0cef1885 <unknown>\n#16 0x565d0cedb181 <unknown>\n#17 0x565d0cef2412 <unknown>\n#18 0x565d0cebf25f <unknown>\n#19 0x565d0cf16528 <unknown>\n#20 0x565d0cf16723 <unknown>\n#21 0x565d0cf270e4 <unknown>\n#22 0x798420e94ac3 <unknown>","time":{"start":1710462464730,"stop":1710462470262,"duration":5532}},{"uid":"1ac39f7cc4e8990e","reportUrl":"https://robbrad.github.io/UKBinCollectionData/3.11/1604//#testresult/1ac39f7cc4e8990e","status":"failed","statusDetails":"selenium.common.exceptions.ElementClickInterceptedException: Message: element click intercepted: Element <input type=\"button\" value=\"Find address\" id=\"BINCOLLECTIONCHECKER_ADDRESSSEARCH_ADDRESSLOOKUPSEARCH\" name=\"BINCOLLECTIONCHECKER_ADDRESSSEARCH_ADDRESSLOOKUPSEARCH\" class=\"icminput icminput--button\" onclick=\"\"> is not clickable at point (90, 458). Other element would receive the click: <button class=\"btn btn--contrast btn--complete\" name=\"acceptall\" value=\"true\" type=\"submit\">...</button>\n  (Session info: chrome-headless-shell=122.0.6261.111)\nStacktrace:\n#0 0x5cdd0157ef33 <unknown>\n#1 0x5cdd01276ce6 <unknown>\n#2 0x5cdd012c8a73 <unknown>\n#3 0x5cdd012c698e <unknown>\n#4 0x5cdd012c4367 <unknown>\n#5 0x5cdd012c3732 <unknown>\n#6 0x5cdd012b6d27 <unknown>\n#7 0x5cdd012e3eb2 <unknown>\n#8 0x5cdd012b66b8 <unknown>\n#9 0x5cdd012e407e <unknown>\n#10 0x5cdd01302899 <unknown>\n#11 0x5cdd012e3c53 <unknown>\n#12 0x5cdd012b4db3 <unknown>\n#13 0x5cdd012b577e <unknown>\n#14 0x5cdd0154486b <unknown>\n#15 0x5cdd01548885 <unknown>\n#16 0x5cdd01532181 <unknown>\n#17 0x5cdd01549412 <unknown>\n#18 0x5cdd0151625f <unknown>\n#19 0x5cdd0156d528 <unknown>\n#20 0x5cdd0156d723 <unknown>\n#21 0x5cdd0157e0e4 <unknown>\n#22 0x7fe96c494ac3 <unknown>","time":{"start":1710452938421,"stop":1710452943680,"duration":5259}}]},"tags":[]},"source":"d9deeb88b51e5a2f.json","parameterValues":["GatesheadCouncil","local","http://selenium:4444"]}