{"uid":"20c974c424c48c10","name":"Validate Council Output [BuckinghamshireCouncil]","fullName":"features/validate_council_outputs.feature:Validate Council Output","historyId":"d3931a358fdfe26e1ace17c1805a29ca","time":{"start":1724371277538,"stop":1724371279872,"duration":2334},"status":"failed","statusMessage":"selenium.common.exceptions.NoSuchElementException: Message: no such element: Unable to locate element: {\"method\":\"css selector\",\"selector\":\"[id=\"COPYOFECHOCOLLECTIONDATES_ADDRESSSELECTION_ADDRESSSELECTIONPOSTCODE\"]\"}\n  (Session info: chrome-headless-shell=127.0.6533.119); For documentation on this error, please visit: https://www.selenium.dev/documentation/webdriver/troubleshooting/errors#no-such-element-exception\nStacktrace:\n#0 0x55c2230836ca <unknown>\n#1 0x55c222d54600 <unknown>\n#2 0x55c222da3bcb <unknown>\n#3 0x55c222da3eb1 <unknown>\n#4 0x55c222de7b24 <unknown>\n#5 0x55c222dc68cd <unknown>\n#6 0x55c222de504a <unknown>\n#7 0x55c222dc6643 <unknown>\n#8 0x55c222d96d31 <unknown>\n#9 0x55c222d9779e <unknown>\n#10 0x55c22304b25b <unknown>\n#11 0x55c22304f1f2 <unknown>\n#12 0x55c223038615 <unknown>\n#13 0x55c22304fd82 <unknown>\n#14 0x55c22301d25f <unknown>\n#15 0x55c223072e68 <unknown>\n#16 0x55c223073040 <unknown>\n#17 0x55c22308249c <unknown>\n#18 0x7fd4e8b06a94 <unknown>\n#19 0x7fd4e8b93a34 __clone","statusTrace":"fixturefunc = <function scrape_step at 0x7f01d47b6b60>\nrequest = <FixtureRequest for <Function test_scenario_outline[BuckinghamshireCouncil]>>\nkwargs = {'context': <test_validate_council.Context object at 0x7f01d54363f0>, 'headless_mode': 'True', 'local_browser': 'False', 'selenium_url': 'http://localhost:4444'}\n\n    def call_fixture_func(\n        fixturefunc: _FixtureFunc[FixtureValue], request: FixtureRequest, kwargs\n    ) -> FixtureValue:\n        if is_generator(fixturefunc):\n            fixturefunc = cast(\n                Callable[..., Generator[FixtureValue, None, None]], fixturefunc\n            )\n            generator = fixturefunc(**kwargs)\n            try:\n                fixture_result = next(generator)\n            except StopIteration:\n                raise ValueError(f\"{request.fixturename} did not yield a value\") from None\n            finalizer = functools.partial(_teardown_yield_fixture, fixturefunc, generator)\n            request.addfinalizer(finalizer)\n        else:\n            fixturefunc = cast(Callable[..., FixtureValue], fixturefunc)\n>           fixture_result = fixturefunc(**kwargs)\n\n../../../.cache/pypoetry/virtualenvs/uk-bin-collection-EwS6Gn8s-py3.12/lib/python3.12/site-packages/_pytest/fixtures.py:897: \n_ _ _ _ _ _ _ _ _ _ _ _ _ _ _ _ _ _ _ _ _ _ _ _ _ _ _ _ _ _ _ _ _ _ _ _ _ _ _ _ \nuk_bin_collection/tests/step_defs/test_validate_council.py:100: in scrape_step\n    context.parse_result = CollectData.run()\nuk_bin_collection/uk_bin_collection/collect_data.py:101: in run\n    return self.client_code(\nuk_bin_collection/uk_bin_collection/collect_data.py:121: in client_code\n    return get_bin_data_class.template_method(address_url, **kwargs)\nuk_bin_collection/uk_bin_collection/get_bin_data.py:61: in template_method\n    bin_data_dict = self.get_and_parse_data(this_url, **kwargs)\nuk_bin_collection/uk_bin_collection/get_bin_data.py:84: in get_and_parse_data\n    bin_data_dict = self.parse_data(\"\", url=address_url, **kwargs)\nuk_bin_collection/uk_bin_collection/councils/BuckinghamshireCouncil.py:50: in parse_data\n    inputElement_pc = driver.find_element(\n../../../.cache/pypoetry/virtualenvs/uk-bin-collection-EwS6Gn8s-py3.12/lib/python3.12/site-packages/selenium/webdriver/remote/webdriver.py:748: in find_element\n    return self.execute(Command.FIND_ELEMENT, {\"using\": by, \"value\": value})[\"value\"]\n../../../.cache/pypoetry/virtualenvs/uk-bin-collection-EwS6Gn8s-py3.12/lib/python3.12/site-packages/selenium/webdriver/remote/webdriver.py:354: in execute\n    self.error_handler.check_response(response)\n_ _ _ _ _ _ _ _ _ _ _ _ _ _ _ _ _ _ _ _ _ _ _ _ _ _ _ _ _ _ _ _ _ _ _ _ _ _ _ _ \n\nself = <selenium.webdriver.remote.errorhandler.ErrorHandler object at 0x7f01d5460050>\nresponse = {'status': 404, 'value': '{\"value\":{\"error\":\"no such element\",\"message\":\"no such element: Unable to locate element: {\\...unknown>\\\\n#17 0x55c22308249c \\\\u003Cunknown>\\\\n#18 0x7fd4e8b06a94 \\\\u003Cunknown>\\\\n#19 0x7fd4e8b93a34 __clone\\\\n\"}}'}\n\n    def check_response(self, response: Dict[str, Any]) -> None:\n        \"\"\"Checks that a JSON response from the WebDriver does not have an\n        error.\n    \n        :Args:\n         - response - The JSON response from the WebDriver server as a dictionary\n           object.\n    \n        :Raises: If the response contains an error message.\n        \"\"\"\n        status = response.get(\"status\", None)\n        if not status or status == ErrorCode.SUCCESS:\n            return\n        value = None\n        message = response.get(\"message\", \"\")\n        screen: str = response.get(\"screen\", \"\")\n        stacktrace = None\n        if isinstance(status, int):\n            value_json = response.get(\"value\", None)\n            if value_json and isinstance(value_json, str):\n                import json\n    \n                try:\n                    value = json.loads(value_json)\n                    if len(value) == 1:\n                        value = value[\"value\"]\n                    status = value.get(\"error\", None)\n                    if not status:\n                        status = value.get(\"status\", ErrorCode.UNKNOWN_ERROR)\n                        message = value.get(\"value\") or value.get(\"message\")\n                        if not isinstance(message, str):\n                            value = message\n                            message = message.get(\"message\")\n                    else:\n                        message = value.get(\"message\", None)\n                except ValueError:\n                    pass\n    \n        exception_class: Type[WebDriverException]\n        e = ErrorCode()\n        error_codes = [item for item in dir(e) if not item.startswith(\"__\")]\n        for error_code in error_codes:\n            error_info = getattr(ErrorCode, error_code)\n            if isinstance(error_info, list) and status in error_info:\n                exception_class = getattr(ExceptionMapping, error_code, WebDriverException)\n                break\n        else:\n            exception_class = WebDriverException\n    \n        if not value:\n            value = response[\"value\"]\n        if isinstance(value, str):\n            raise exception_class(value)\n        if message == \"\" and \"message\" in value:\n            message = value[\"message\"]\n    \n        screen = None  # type: ignore[assignment]\n        if \"screen\" in value:\n            screen = value[\"screen\"]\n    \n        stacktrace = None\n        st_value = value.get(\"stackTrace\") or value.get(\"stacktrace\")\n        if st_value:\n            if isinstance(st_value, str):\n                stacktrace = st_value.split(\"\\n\")\n            else:\n                stacktrace = []\n                try:\n                    for frame in st_value:\n                        line = frame.get(\"lineNumber\", \"\")\n                        file = frame.get(\"fileName\", \"<anonymous>\")\n                        if line:\n                            file = f\"{file}:{line}\"\n                        meth = frame.get(\"methodName\", \"<anonymous>\")\n                        if \"className\" in frame:\n                            meth = f\"{frame['className']}.{meth}\"\n                        msg = \"    at %s (%s)\"\n                        msg = msg % (meth, file)\n                        stacktrace.append(msg)\n                except TypeError:\n                    pass\n        if exception_class == UnexpectedAlertPresentException:\n            alert_text = None\n            if \"data\" in value:\n                alert_text = value[\"data\"].get(\"text\")\n            elif \"alert\" in value:\n                alert_text = value[\"alert\"].get(\"text\")\n            raise exception_class(message, screen, stacktrace, alert_text)  # type: ignore[call-arg]  # mypy is not smart enough here\n>       raise exception_class(message, screen, stacktrace)\nE       selenium.common.exceptions.NoSuchElementException: Message: no such element: Unable to locate element: {\"method\":\"css selector\",\"selector\":\"[id=\"COPYOFECHOCOLLECTIONDATES_ADDRESSSELECTION_ADDRESSSELECTIONPOSTCODE\"]\"}\nE         (Session info: chrome-headless-shell=127.0.6533.119); For documentation on this error, please visit: https://www.selenium.dev/documentation/webdriver/troubleshooting/errors#no-such-element-exception\nE       Stacktrace:\nE       #0 0x55c2230836ca <unknown>\nE       #1 0x55c222d54600 <unknown>\nE       #2 0x55c222da3bcb <unknown>\nE       #3 0x55c222da3eb1 <unknown>\nE       #4 0x55c222de7b24 <unknown>\nE       #5 0x55c222dc68cd <unknown>\nE       #6 0x55c222de504a <unknown>\nE       #7 0x55c222dc6643 <unknown>\nE       #8 0x55c222d96d31 <unknown>\nE       #9 0x55c222d9779e <unknown>\nE       #10 0x55c22304b25b <unknown>\nE       #11 0x55c22304f1f2 <unknown>\nE       #12 0x55c223038615 <unknown>\nE       #13 0x55c22304fd82 <unknown>\nE       #14 0x55c22301d25f <unknown>\nE       #15 0x55c223072e68 <unknown>\nE       #16 0x55c223073040 <unknown>\nE       #17 0x55c22308249c <unknown>\nE       #18 0x7fd4e8b06a94 <unknown>\nE       #19 0x7fd4e8b93a34 __clone\n\n../../../.cache/pypoetry/virtualenvs/uk-bin-collection-EwS6Gn8s-py3.12/lib/python3.12/site-packages/selenium/webdriver/remote/errorhandler.py:229: NoSuchElementException","flaky":false,"newFailed":false,"newBroken":false,"newPassed":false,"retriesCount":0,"retriesStatusChange":false,"beforeStages":[],"testStage":{"status":"failed","statusMessage":"selenium.common.exceptions.NoSuchElementException: Message: no such element: Unable to locate element: {\"method\":\"css selector\",\"selector\":\"[id=\"COPYOFECHOCOLLECTIONDATES_ADDRESSSELECTION_ADDRESSSELECTIONPOSTCODE\"]\"}\n  (Session info: chrome-headless-shell=127.0.6533.119); For documentation on this error, please visit: https://www.selenium.dev/documentation/webdriver/troubleshooting/errors#no-such-element-exception\nStacktrace:\n#0 0x55c2230836ca <unknown>\n#1 0x55c222d54600 <unknown>\n#2 0x55c222da3bcb <unknown>\n#3 0x55c222da3eb1 <unknown>\n#4 0x55c222de7b24 <unknown>\n#5 0x55c222dc68cd <unknown>\n#6 0x55c222de504a <unknown>\n#7 0x55c222dc6643 <unknown>\n#8 0x55c222d96d31 <unknown>\n#9 0x55c222d9779e <unknown>\n#10 0x55c22304b25b <unknown>\n#11 0x55c22304f1f2 <unknown>\n#12 0x55c223038615 <unknown>\n#13 0x55c22304fd82 <unknown>\n#14 0x55c22301d25f <unknown>\n#15 0x55c223072e68 <unknown>\n#16 0x55c223073040 <unknown>\n#17 0x55c22308249c <unknown>\n#18 0x7fd4e8b06a94 <unknown>\n#19 0x7fd4e8b93a34 __clone","statusTrace":"fixturefunc = <function scrape_step at 0x7f01d47b6b60>\nrequest = <FixtureRequest for <Function test_scenario_outline[BuckinghamshireCouncil]>>\nkwargs = {'context': <test_validate_council.Context object at 0x7f01d54363f0>, 'headless_mode': 'True', 'local_browser': 'False', 'selenium_url': 'http://localhost:4444'}\n\n    def call_fixture_func(\n        fixturefunc: _FixtureFunc[FixtureValue], request: FixtureRequest, kwargs\n    ) -> FixtureValue:\n        if is_generator(fixturefunc):\n            fixturefunc = cast(\n                Callable[..., Generator[FixtureValue, None, None]], fixturefunc\n            )\n            generator = fixturefunc(**kwargs)\n            try:\n                fixture_result = next(generator)\n            except StopIteration:\n                raise ValueError(f\"{request.fixturename} did not yield a value\") from None\n            finalizer = functools.partial(_teardown_yield_fixture, fixturefunc, generator)\n            request.addfinalizer(finalizer)\n        else:\n            fixturefunc = cast(Callable[..., FixtureValue], fixturefunc)\n>           fixture_result = fixturefunc(**kwargs)\n\n../../../.cache/pypoetry/virtualenvs/uk-bin-collection-EwS6Gn8s-py3.12/lib/python3.12/site-packages/_pytest/fixtures.py:897: \n_ _ _ _ _ _ _ _ _ _ _ _ _ _ _ _ _ _ _ _ _ _ _ _ _ _ _ _ _ _ _ _ _ _ _ _ _ _ _ _ \nuk_bin_collection/tests/step_defs/test_validate_council.py:100: in scrape_step\n    context.parse_result = CollectData.run()\nuk_bin_collection/uk_bin_collection/collect_data.py:101: in run\n    return self.client_code(\nuk_bin_collection/uk_bin_collection/collect_data.py:121: in client_code\n    return get_bin_data_class.template_method(address_url, **kwargs)\nuk_bin_collection/uk_bin_collection/get_bin_data.py:61: in template_method\n    bin_data_dict = self.get_and_parse_data(this_url, **kwargs)\nuk_bin_collection/uk_bin_collection/get_bin_data.py:84: in get_and_parse_data\n    bin_data_dict = self.parse_data(\"\", url=address_url, **kwargs)\nuk_bin_collection/uk_bin_collection/councils/BuckinghamshireCouncil.py:50: in parse_data\n    inputElement_pc = driver.find_element(\n../../../.cache/pypoetry/virtualenvs/uk-bin-collection-EwS6Gn8s-py3.12/lib/python3.12/site-packages/selenium/webdriver/remote/webdriver.py:748: in find_element\n    return self.execute(Command.FIND_ELEMENT, {\"using\": by, \"value\": value})[\"value\"]\n../../../.cache/pypoetry/virtualenvs/uk-bin-collection-EwS6Gn8s-py3.12/lib/python3.12/site-packages/selenium/webdriver/remote/webdriver.py:354: in execute\n    self.error_handler.check_response(response)\n_ _ _ _ _ _ _ _ _ _ _ _ _ _ _ _ _ _ _ _ _ _ _ _ _ _ _ _ _ _ _ _ _ _ _ _ _ _ _ _ \n\nself = <selenium.webdriver.remote.errorhandler.ErrorHandler object at 0x7f01d5460050>\nresponse = {'status': 404, 'value': '{\"value\":{\"error\":\"no such element\",\"message\":\"no such element: Unable to locate element: {\\...unknown>\\\\n#17 0x55c22308249c \\\\u003Cunknown>\\\\n#18 0x7fd4e8b06a94 \\\\u003Cunknown>\\\\n#19 0x7fd4e8b93a34 __clone\\\\n\"}}'}\n\n    def check_response(self, response: Dict[str, Any]) -> None:\n        \"\"\"Checks that a JSON response from the WebDriver does not have an\n        error.\n    \n        :Args:\n         - response - The JSON response from the WebDriver server as a dictionary\n           object.\n    \n        :Raises: If the response contains an error message.\n        \"\"\"\n        status = response.get(\"status\", None)\n        if not status or status == ErrorCode.SUCCESS:\n            return\n        value = None\n        message = response.get(\"message\", \"\")\n        screen: str = response.get(\"screen\", \"\")\n        stacktrace = None\n        if isinstance(status, int):\n            value_json = response.get(\"value\", None)\n            if value_json and isinstance(value_json, str):\n                import json\n    \n                try:\n                    value = json.loads(value_json)\n                    if len(value) == 1:\n                        value = value[\"value\"]\n                    status = value.get(\"error\", None)\n                    if not status:\n                        status = value.get(\"status\", ErrorCode.UNKNOWN_ERROR)\n                        message = value.get(\"value\") or value.get(\"message\")\n                        if not isinstance(message, str):\n                            value = message\n                            message = message.get(\"message\")\n                    else:\n                        message = value.get(\"message\", None)\n                except ValueError:\n                    pass\n    \n        exception_class: Type[WebDriverException]\n        e = ErrorCode()\n        error_codes = [item for item in dir(e) if not item.startswith(\"__\")]\n        for error_code in error_codes:\n            error_info = getattr(ErrorCode, error_code)\n            if isinstance(error_info, list) and status in error_info:\n                exception_class = getattr(ExceptionMapping, error_code, WebDriverException)\n                break\n        else:\n            exception_class = WebDriverException\n    \n        if not value:\n            value = response[\"value\"]\n        if isinstance(value, str):\n            raise exception_class(value)\n        if message == \"\" and \"message\" in value:\n            message = value[\"message\"]\n    \n        screen = None  # type: ignore[assignment]\n        if \"screen\" in value:\n            screen = value[\"screen\"]\n    \n        stacktrace = None\n        st_value = value.get(\"stackTrace\") or value.get(\"stacktrace\")\n        if st_value:\n            if isinstance(st_value, str):\n                stacktrace = st_value.split(\"\\n\")\n            else:\n                stacktrace = []\n                try:\n                    for frame in st_value:\n                        line = frame.get(\"lineNumber\", \"\")\n                        file = frame.get(\"fileName\", \"<anonymous>\")\n                        if line:\n                            file = f\"{file}:{line}\"\n                        meth = frame.get(\"methodName\", \"<anonymous>\")\n                        if \"className\" in frame:\n                            meth = f\"{frame['className']}.{meth}\"\n                        msg = \"    at %s (%s)\"\n                        msg = msg % (meth, file)\n                        stacktrace.append(msg)\n                except TypeError:\n                    pass\n        if exception_class == UnexpectedAlertPresentException:\n            alert_text = None\n            if \"data\" in value:\n                alert_text = value[\"data\"].get(\"text\")\n            elif \"alert\" in value:\n                alert_text = value[\"alert\"].get(\"text\")\n            raise exception_class(message, screen, stacktrace, alert_text)  # type: ignore[call-arg]  # mypy is not smart enough here\n>       raise exception_class(message, screen, stacktrace)\nE       selenium.common.exceptions.NoSuchElementException: Message: no such element: Unable to locate element: {\"method\":\"css selector\",\"selector\":\"[id=\"COPYOFECHOCOLLECTIONDATES_ADDRESSSELECTION_ADDRESSSELECTIONPOSTCODE\"]\"}\nE         (Session info: chrome-headless-shell=127.0.6533.119); For documentation on this error, please visit: https://www.selenium.dev/documentation/webdriver/troubleshooting/errors#no-such-element-exception\nE       Stacktrace:\nE       #0 0x55c2230836ca <unknown>\nE       #1 0x55c222d54600 <unknown>\nE       #2 0x55c222da3bcb <unknown>\nE       #3 0x55c222da3eb1 <unknown>\nE       #4 0x55c222de7b24 <unknown>\nE       #5 0x55c222dc68cd <unknown>\nE       #6 0x55c222de504a <unknown>\nE       #7 0x55c222dc6643 <unknown>\nE       #8 0x55c222d96d31 <unknown>\nE       #9 0x55c222d9779e <unknown>\nE       #10 0x55c22304b25b <unknown>\nE       #11 0x55c22304f1f2 <unknown>\nE       #12 0x55c223038615 <unknown>\nE       #13 0x55c22304fd82 <unknown>\nE       #14 0x55c22301d25f <unknown>\nE       #15 0x55c223072e68 <unknown>\nE       #16 0x55c223073040 <unknown>\nE       #17 0x55c22308249c <unknown>\nE       #18 0x7fd4e8b06a94 <unknown>\nE       #19 0x7fd4e8b93a34 __clone\n\n../../../.cache/pypoetry/virtualenvs/uk-bin-collection-EwS6Gn8s-py3.12/lib/python3.12/site-packages/selenium/webdriver/remote/errorhandler.py:229: NoSuchElementException","steps":[{"name":"Given the council","time":{"start":1724371277539,"stop":1724371277539,"duration":0},"status":"passed","steps":[],"attachments":[],"parameters":[],"shouldDisplayMessage":false,"stepsCount":0,"attachmentsCount":0,"hasContent":false,"attachmentStep":false},{"name":"When we scrape the data from the council","time":{"start":1724371277540,"stop":1724371279872,"duration":2332},"status":"failed","statusMessage":"Message: no such element: Unable to locate element: {\"method\":\"css selector\",\"selector\":\"[id=\"COPYOFECHOCOLLECTIONDATES_ADDRESSSELECTION_ADDRESSSELECTIONPOSTCODE\"]\"}\n  (Session info: chrome-headless-shell=127.0.6533.119); For documentation on this error, please visit: https://www.selenium.dev/documentation/webdriver/troubleshooting/errors#no-such-element-exception\nStacktrace:\n#0 0x55c2230836ca <unknown>\n#1 0x55c222d54600 <unknown>\n#2 0x55c222da3bcb <unknown>\n#3 0x55c222da3eb1 <unknown>\n#4 0x55c222de7b24 <unknown>\n#5 0x55c222dc68cd <unknown>\n#6 0x55c222de504a <unknown>\n#7 0x55c222dc6643 <unknown>\n#8 0x55c222d96d31 <unknown>\n#9 0x55c222d9779e <unknown>\n#10 0x55c22304b25b <unknown>\n#11 0x55c22304f1f2 <unknown>\n#12 0x55c223038615 <unknown>\n#13 0x55c22304fd82 <unknown>\n#14 0x55c22301d25f <unknown>\n#15 0x55c223072e68 <unknown>\n#16 0x55c223073040 <unknown>\n#17 0x55c22308249c <unknown>\n#18 0x7fd4e8b06a94 <unknown>\n#19 0x7fd4e8b93a34 __clone\n","statusTrace":"selenium.common.exceptions.NoSuchElementException: Message: no such element: Unable to locate element: {\"method\":\"css selector\",\"selector\":\"[id=\"COPYOFECHOCOLLECTIONDATES_ADDRESSSELECTION_ADDRESSSELECTIONPOSTCODE\"]\"}\n  (Session info: chrome-headless-shell=127.0.6533.119); For documentation on this error, please visit: https://www.selenium.dev/documentation/webdriver/troubleshooting/errors#no-such-element-exception\nStacktrace:\n#0 0x55c2230836ca <unknown>\n#1 0x55c222d54600 <unknown>\n#2 0x55c222da3bcb <unknown>\n#3 0x55c222da3eb1 <unknown>\n#4 0x55c222de7b24 <unknown>\n#5 0x55c222dc68cd <unknown>\n#6 0x55c222de504a <unknown>\n#7 0x55c222dc6643 <unknown>\n#8 0x55c222d96d31 <unknown>\n#9 0x55c222d9779e <unknown>\n#10 0x55c22304b25b <unknown>\n#11 0x55c22304f1f2 <unknown>\n#12 0x55c223038615 <unknown>\n#13 0x55c22304fd82 <unknown>\n#14 0x55c22301d25f <unknown>\n#15 0x55c223072e68 <unknown>\n#16 0x55c223073040 <unknown>\n#17 0x55c22308249c <unknown>\n#18 0x7fd4e8b06a94 <unknown>\n#19 0x7fd4e8b93a34 __clone\n\n","steps":[],"attachments":[],"parameters":[],"shouldDisplayMessage":true,"stepsCount":0,"attachmentsCount":0,"hasContent":true,"attachmentStep":false}],"attachments":[{"uid":"3df9401c2ec96551","name":"stdout","source":"3df9401c2ec96551.txt","type":"text/plain","size":1016}],"parameters":[],"shouldDisplayMessage":true,"stepsCount":2,"attachmentsCount":1,"hasContent":true,"attachmentStep":false},"afterStages":[],"labels":[{"name":"host","value":"fv-az1567-949"},{"name":"thread","value":"2762-MainThread"},{"name":"framework","value":"pytest-bdd"},{"name":"language","value":"cpython3"},{"name":"feature","value":"Test each council output matches expected results"},{"name":"resultFormat","value":"allure2"}],"parameters":[{"name":"council","value":"BuckinghamshireCouncil"}],"links":[],"hidden":false,"retry":false,"extra":{"severity":"normal","retries":[],"categories":[{"name":"Product defects","matchedStatuses":[],"flaky":false}],"history":{"statistic":{"failed":26,"broken":0,"skipped":0,"passed":81,"unknown":0,"total":107},"items":[{"uid":"94dffa1b935c522d","reportUrl":"https://robbrad.github.io/UKBinCollectionData/3.12/2034//#testresult/94dffa1b935c522d","status":"failed","statusDetails":"selenium.common.exceptions.NoSuchElementException: Message: no such element: Unable to locate element: {\"method\":\"css selector\",\"selector\":\"[id=\"COPYOFECHOCOLLECTIONDATES_ADDRESSSELECTION_ADDRESSSELECTIONPOSTCODE\"]\"}\n  (Session info: chrome-headless-shell=127.0.6533.119); For documentation on this error, please visit: https://www.selenium.dev/documentation/webdriver/troubleshooting/errors#no-such-element-exception\nStacktrace:\n#0 0x55ef8adfa6ca <unknown>\n#1 0x55ef8aacb600 <unknown>\n#2 0x55ef8ab1abcb <unknown>\n#3 0x55ef8ab1aeb1 <unknown>\n#4 0x55ef8ab5eb24 <unknown>\n#5 0x55ef8ab3d8cd <unknown>\n#6 0x55ef8ab5c04a <unknown>\n#7 0x55ef8ab3d643 <unknown>\n#8 0x55ef8ab0dd31 <unknown>\n#9 0x55ef8ab0e79e <unknown>\n#10 0x55ef8adc225b <unknown>\n#11 0x55ef8adc61f2 <unknown>\n#12 0x55ef8adaf615 <unknown>\n#13 0x55ef8adc6d82 <unknown>\n#14 0x55ef8ad9425f <unknown>\n#15 0x55ef8ade9e68 <unknown>\n#16 0x55ef8adea040 <unknown>\n#17 0x55ef8adf949c <unknown>\n#18 0x7fb6b7718a94 <unknown>\n#19 0x7fb6b77a5a34 __clone","time":{"start":1724284878484,"stop":1724284882159,"duration":3675}},{"uid":"596bcbb9ef0202ee","reportUrl":"https://robbrad.github.io/UKBinCollectionData/3.12/2033//#testresult/596bcbb9ef0202ee","status":"failed","statusDetails":"selenium.common.exceptions.NoSuchElementException: Message: no such element: Unable to locate element: {\"method\":\"css selector\",\"selector\":\"[id=\"COPYOFECHOCOLLECTIONDATES_ADDRESSSELECTION_ADDRESSSELECTIONPOSTCODE\"]\"}\n  (Session info: chrome-headless-shell=127.0.6533.119); For documentation on this error, please visit: https://www.selenium.dev/documentation/webdriver/troubleshooting/errors#no-such-element-exception\nStacktrace:\n#0 0x55a5358086ca <unknown>\n#1 0x55a5354d9600 <unknown>\n#2 0x55a535528bcb <unknown>\n#3 0x55a535528eb1 <unknown>\n#4 0x55a53556cb24 <unknown>\n#5 0x55a53554b8cd <unknown>\n#6 0x55a53556a04a <unknown>\n#7 0x55a53554b643 <unknown>\n#8 0x55a53551bd31 <unknown>\n#9 0x55a53551c79e <unknown>\n#10 0x55a5357d025b <unknown>\n#11 0x55a5357d41f2 <unknown>\n#12 0x55a5357bd615 <unknown>\n#13 0x55a5357d4d82 <unknown>\n#14 0x55a5357a225f <unknown>\n#15 0x55a5357f7e68 <unknown>\n#16 0x55a5357f8040 <unknown>\n#17 0x55a53580749c <unknown>\n#18 0x7f7806496a94 <unknown>\n#19 0x7f7806523a34 __clone","time":{"start":1724198481697,"stop":1724198483546,"duration":1849}},{"uid":"5099938e3e0df2e8","reportUrl":"https://robbrad.github.io/UKBinCollectionData/3.12/2032//#testresult/5099938e3e0df2e8","status":"failed","statusDetails":"selenium.common.exceptions.NoSuchElementException: Message: no such element: Unable to locate element: {\"method\":\"css selector\",\"selector\":\"[id=\"COPYOFECHOCOLLECTIONDATES_ADDRESSSELECTION_ADDRESSSELECTIONPOSTCODE\"]\"}\n  (Session info: chrome-headless-shell=127.0.6533.99); For documentation on this error, please visit: https://www.selenium.dev/documentation/webdriver/troubleshooting/errors#no-such-element-exception\nStacktrace:\n#0 0x55c456fd26aa <unknown>\n#1 0x55c456ca3600 <unknown>\n#2 0x55c456cf2bcb <unknown>\n#3 0x55c456cf2eb1 <unknown>\n#4 0x55c456d36b24 <unknown>\n#5 0x55c456d158cd <unknown>\n#6 0x55c456d3404a <unknown>\n#7 0x55c456d15643 <unknown>\n#8 0x55c456ce5d31 <unknown>\n#9 0x55c456ce679e <unknown>\n#10 0x55c456f9a23b <unknown>\n#11 0x55c456f9e1d2 <unknown>\n#12 0x55c456f875f5 <unknown>\n#13 0x55c456f9ed62 <unknown>\n#14 0x55c456f6c23f <unknown>\n#15 0x55c456fc1e48 <unknown>\n#16 0x55c456fc2020 <unknown>\n#17 0x55c456fd147c <unknown>\n#18 0x7fc61d656a94 <unknown>\n#19 0x7fc61d6e3a34 __clone","time":{"start":1724112084721,"stop":1724112086988,"duration":2267}},{"uid":"8257772371ad204c","reportUrl":"https://robbrad.github.io/UKBinCollectionData/3.12/2031//#testresult/8257772371ad204c","status":"failed","statusDetails":"selenium.common.exceptions.NoSuchElementException: Message: no such element: Unable to locate element: {\"method\":\"css selector\",\"selector\":\"[id=\"COPYOFECHOCOLLECTIONDATES_ADDRESSSELECTION_ADDRESSSELECTIONPOSTCODE\"]\"}\n  (Session info: chrome-headless-shell=127.0.6533.99); For documentation on this error, please visit: https://www.selenium.dev/documentation/webdriver/troubleshooting/errors#no-such-element-exception\nStacktrace:\n#0 0x555818dad6aa <unknown>\n#1 0x555818a7e600 <unknown>\n#2 0x555818acdbcb <unknown>\n#3 0x555818acdeb1 <unknown>\n#4 0x555818b11b24 <unknown>\n#5 0x555818af08cd <unknown>\n#6 0x555818b0f04a <unknown>\n#7 0x555818af0643 <unknown>\n#8 0x555818ac0d31 <unknown>\n#9 0x555818ac179e <unknown>\n#10 0x555818d7523b <unknown>\n#11 0x555818d791d2 <unknown>\n#12 0x555818d625f5 <unknown>\n#13 0x555818d79d62 <unknown>\n#14 0x555818d4723f <unknown>\n#15 0x555818d9ce48 <unknown>\n#16 0x555818d9d020 <unknown>\n#17 0x555818dac47c <unknown>\n#18 0x7f5ac87f3a94 <unknown>\n#19 0x7f5ac8880a34 __clone","time":{"start":1724025666575,"stop":1724025668328,"duration":1753}},{"uid":"398d1a83b0e566af","reportUrl":"https://robbrad.github.io/UKBinCollectionData/3.12/2030//#testresult/398d1a83b0e566af","status":"failed","statusDetails":"selenium.common.exceptions.NoSuchElementException: Message: no such element: Unable to locate element: {\"method\":\"css selector\",\"selector\":\"[id=\"COPYOFECHOCOLLECTIONDATES_ADDRESSSELECTION_ADDRESSSELECTIONPOSTCODE\"]\"}\n  (Session info: chrome-headless-shell=127.0.6533.99); For documentation on this error, please visit: https://www.selenium.dev/documentation/webdriver/troubleshooting/errors#no-such-element-exception\nStacktrace:\n#0 0x55edf14c96aa <unknown>\n#1 0x55edf119a600 <unknown>\n#2 0x55edf11e9bcb <unknown>\n#3 0x55edf11e9eb1 <unknown>\n#4 0x55edf122db24 <unknown>\n#5 0x55edf120c8cd <unknown>\n#6 0x55edf122b04a <unknown>\n#7 0x55edf120c643 <unknown>\n#8 0x55edf11dcd31 <unknown>\n#9 0x55edf11dd79e <unknown>\n#10 0x55edf149123b <unknown>\n#11 0x55edf14951d2 <unknown>\n#12 0x55edf147e5f5 <unknown>\n#13 0x55edf1495d62 <unknown>\n#14 0x55edf146323f <unknown>\n#15 0x55edf14b8e48 <unknown>\n#16 0x55edf14b9020 <unknown>\n#17 0x55edf14c847c <unknown>\n#18 0x7f8cfa8ada94 <unknown>\n#19 0x7f8cfa93aa34 __clone","time":{"start":1723939278720,"stop":1723939280571,"duration":1851}},{"uid":"c3a87cf2e8bfa534","reportUrl":"https://robbrad.github.io/UKBinCollectionData/3.12/2029//#testresult/c3a87cf2e8bfa534","status":"failed","statusDetails":"selenium.common.exceptions.NoSuchElementException: Message: no such element: Unable to locate element: {\"method\":\"css selector\",\"selector\":\"[id=\"COPYOFECHOCOLLECTIONDATES_ADDRESSSELECTION_ADDRESSSELECTIONPOSTCODE\"]\"}\n  (Session info: chrome-headless-shell=127.0.6533.99); For documentation on this error, please visit: https://www.selenium.dev/documentation/webdriver/troubleshooting/errors#no-such-element-exception\nStacktrace:\n#0 0x560edf1b16aa <unknown>\n#1 0x560edee82600 <unknown>\n#2 0x560edeed1bcb <unknown>\n#3 0x560edeed1eb1 <unknown>\n#4 0x560edef15b24 <unknown>\n#5 0x560edeef48cd <unknown>\n#6 0x560edef1304a <unknown>\n#7 0x560edeef4643 <unknown>\n#8 0x560edeec4d31 <unknown>\n#9 0x560edeec579e <unknown>\n#10 0x560edf17923b <unknown>\n#11 0x560edf17d1d2 <unknown>\n#12 0x560edf1665f5 <unknown>\n#13 0x560edf17dd62 <unknown>\n#14 0x560edf14b23f <unknown>\n#15 0x560edf1a0e48 <unknown>\n#16 0x560edf1a1020 <unknown>\n#17 0x560edf1b047c <unknown>\n#18 0x7fba8ca00a94 <unknown>\n#19 0x7fba8ca8da34 __clone","time":{"start":1723852872911,"stop":1723852874701,"duration":1790}},{"uid":"b763e78ff6eef734","reportUrl":"https://robbrad.github.io/UKBinCollectionData/3.12/2028//#testresult/b763e78ff6eef734","status":"failed","statusDetails":"selenium.common.exceptions.NoSuchElementException: Message: no such element: Unable to locate element: {\"method\":\"css selector\",\"selector\":\"[id=\"COPYOFECHOCOLLECTIONDATES_ADDRESSSELECTION_ADDRESSSELECTIONPOSTCODE\"]\"}\n  (Session info: chrome-headless-shell=127.0.6533.99); For documentation on this error, please visit: https://www.selenium.dev/documentation/webdriver/troubleshooting/errors#no-such-element-exception\nStacktrace:\n#0 0x55668a1766aa <unknown>\n#1 0x556689e47600 <unknown>\n#2 0x556689e96bcb <unknown>\n#3 0x556689e96eb1 <unknown>\n#4 0x556689edab24 <unknown>\n#5 0x556689eb98cd <unknown>\n#6 0x556689ed804a <unknown>\n#7 0x556689eb9643 <unknown>\n#8 0x556689e89d31 <unknown>\n#9 0x556689e8a79e <unknown>\n#10 0x55668a13e23b <unknown>\n#11 0x55668a1421d2 <unknown>\n#12 0x55668a12b5f5 <unknown>\n#13 0x55668a142d62 <unknown>\n#14 0x55668a11023f <unknown>\n#15 0x55668a165e48 <unknown>\n#16 0x55668a166020 <unknown>\n#17 0x55668a17547c <unknown>\n#18 0x7f79b54e3a94 <unknown>\n#19 0x7f79b5570a34 __clone","time":{"start":1723766485660,"stop":1723766487736,"duration":2076}},{"uid":"bdc261d74d8eb44e","reportUrl":"https://robbrad.github.io/UKBinCollectionData/3.12/2027//#testresult/bdc261d74d8eb44e","status":"failed","statusDetails":"selenium.common.exceptions.NoSuchElementException: Message: no such element: Unable to locate element: {\"method\":\"css selector\",\"selector\":\"[id=\"COPYOFECHOCOLLECTIONDATES_ADDRESSSELECTION_ADDRESSSELECTIONPOSTCODE\"]\"}\n  (Session info: chrome-headless-shell=127.0.6533.99); For documentation on this error, please visit: https://www.selenium.dev/documentation/webdriver/troubleshooting/errors#no-such-element-exception\nStacktrace:\n#0 0x562f80af06aa <unknown>\n#1 0x562f807c1600 <unknown>\n#2 0x562f80810bcb <unknown>\n#3 0x562f80810eb1 <unknown>\n#4 0x562f80854b24 <unknown>\n#5 0x562f808338cd <unknown>\n#6 0x562f8085204a <unknown>\n#7 0x562f80833643 <unknown>\n#8 0x562f80803d31 <unknown>\n#9 0x562f8080479e <unknown>\n#10 0x562f80ab823b <unknown>\n#11 0x562f80abc1d2 <unknown>\n#12 0x562f80aa55f5 <unknown>\n#13 0x562f80abcd62 <unknown>\n#14 0x562f80a8a23f <unknown>\n#15 0x562f80adfe48 <unknown>\n#16 0x562f80ae0020 <unknown>\n#17 0x562f80aef47c <unknown>\n#18 0x7f64aa3dfa94 <unknown>\n#19 0x7f64aa46ca34 __clone","time":{"start":1723680096278,"stop":1723680098212,"duration":1934}},{"uid":"50d4100bc1dcdb32","reportUrl":"https://robbrad.github.io/UKBinCollectionData/3.12/2026//#testresult/50d4100bc1dcdb32","status":"failed","statusDetails":"selenium.common.exceptions.NoSuchElementException: Message: no such element: Unable to locate element: {\"method\":\"css selector\",\"selector\":\"[id=\"COPYOFECHOCOLLECTIONDATES_ADDRESSSELECTION_ADDRESSSELECTIONPOSTCODE\"]\"}\n  (Session info: chrome-headless-shell=127.0.6533.99); For documentation on this error, please visit: https://www.selenium.dev/documentation/webdriver/troubleshooting/errors#no-such-element-exception\nStacktrace:\n#0 0x555ec7da76aa <unknown>\n#1 0x555ec7a78600 <unknown>\n#2 0x555ec7ac7bcb <unknown>\n#3 0x555ec7ac7eb1 <unknown>\n#4 0x555ec7b0bb24 <unknown>\n#5 0x555ec7aea8cd <unknown>\n#6 0x555ec7b0904a <unknown>\n#7 0x555ec7aea643 <unknown>\n#8 0x555ec7abad31 <unknown>\n#9 0x555ec7abb79e <unknown>\n#10 0x555ec7d6f23b <unknown>\n#11 0x555ec7d731d2 <unknown>\n#12 0x555ec7d5c5f5 <unknown>\n#13 0x555ec7d73d62 <unknown>\n#14 0x555ec7d4123f <unknown>\n#15 0x555ec7d96e48 <unknown>\n#16 0x555ec7d97020 <unknown>\n#17 0x555ec7da647c <unknown>\n#18 0x7fb7b53fca94 <unknown>\n#19 0x7fb7b5489a34 __clone","time":{"start":1723593688685,"stop":1723593692100,"duration":3415}},{"uid":"462db529f49ca5df","reportUrl":"https://robbrad.github.io/UKBinCollectionData/3.12/2025//#testresult/462db529f49ca5df","status":"failed","statusDetails":"selenium.common.exceptions.WebDriverException: Message: unknown error: net::ERR_CONNECTION_TIMED_OUT\n  (Session info: chrome-headless-shell=127.0.6533.99)\nStacktrace:\n#0 0x5619f87866aa <unknown>\n#1 0x5619f8457600 <unknown>\n#2 0x5619f844f631 <unknown>\n#3 0x5619f843f839 <unknown>\n#4 0x5619f84415c4 <unknown>\n#5 0x5619f843fb05 <unknown>\n#6 0x5619f843f35f <unknown>\n#7 0x5619f843f252 <unknown>\n#8 0x5619f843d56c <unknown>\n#9 0x5619f843d8ea <unknown>\n#10 0x5619f8459f21 <unknown>\n#11 0x5619f84e8b45 <unknown>\n#12 0x5619f84c98a2 <unknown>\n#13 0x5619f84e804a <unknown>\n#14 0x5619f84c9643 <unknown>\n#15 0x5619f8499d31 <unknown>\n#16 0x5619f849a79e <unknown>\n#17 0x5619f874e23b <unknown>\n#18 0x5619f87521d2 <unknown>\n#19 0x5619f873b5f5 <unknown>\n#20 0x5619f8752d62 <unknown>\n#21 0x5619f872023f <unknown>\n#22 0x5619f8775e48 <unknown>\n#23 0x5619f8776020 <unknown>\n#24 0x5619f878547c <unknown>\n#25 0x7f918a64da94 <unknown>\n#26 0x7f918a6daa34 __clone","time":{"start":1723507283855,"stop":1723507453498,"duration":169643}},{"uid":"35c8a4a2ec129712","reportUrl":"https://robbrad.github.io/UKBinCollectionData/3.12/2024//#testresult/35c8a4a2ec129712","status":"failed","statusDetails":"selenium.common.exceptions.WebDriverException: Message: unknown error: net::ERR_CONNECTION_TIMED_OUT\n  (Session info: chrome-headless-shell=127.0.6533.72)\nStacktrace:\n#0 0x55593a17a6ba <unknown>\n#1 0x555939e4a730 <unknown>\n#2 0x555939e42761 <unknown>\n#3 0x555939e328f9 <unknown>\n#4 0x555939e34684 <unknown>\n#5 0x555939e32bc5 <unknown>\n#6 0x555939e32426 <unknown>\n#7 0x555939e3231e <unknown>\n#8 0x555939e3064c <unknown>\n#9 0x555939e309ca <unknown>\n#10 0x555939e4d051 <unknown>\n#11 0x555939edbcc5 <unknown>\n#12 0x555939ebca52 <unknown>\n#13 0x555939edb1ca <unknown>\n#14 0x555939ebc7f3 <unknown>\n#15 0x555939e8cec9 <unknown>\n#16 0x555939e8d91e <unknown>\n#17 0x55593a1409eb <unknown>\n#18 0x55593a144972 <unknown>\n#19 0x55593a12de15 <unknown>\n#20 0x55593a145502 <unknown>\n#21 0x55593a112d2f <unknown>\n#22 0x55593a169578 <unknown>\n#23 0x55593a169750 <unknown>\n#24 0x55593a17948c <unknown>\n#25 0x7f8ccdbf0a94 <unknown>\n#26 0x7f8ccdc7da34 __clone","time":{"start":1723420873378,"stop":1723421008087,"duration":134709}},{"uid":"8e4032bc074eb854","reportUrl":"https://robbrad.github.io/UKBinCollectionData/3.12/2022//#testresult/8e4032bc074eb854","status":"failed","statusDetails":"selenium.common.exceptions.WebDriverException: Message: unknown error: net::ERR_CONNECTION_TIMED_OUT\n  (Session info: chrome-headless-shell=127.0.6533.72)\nStacktrace:\n#0 0x557b96e276ba <unknown>\n#1 0x557b96af7730 <unknown>\n#2 0x557b96aef761 <unknown>\n#3 0x557b96adf8f9 <unknown>\n#4 0x557b96ae1684 <unknown>\n#5 0x557b96adfbc5 <unknown>\n#6 0x557b96adf426 <unknown>\n#7 0x557b96adf31e <unknown>\n#8 0x557b96add64c <unknown>\n#9 0x557b96add9ca <unknown>\n#10 0x557b96afa051 <unknown>\n#11 0x557b96b88cc5 <unknown>\n#12 0x557b96b69a52 <unknown>\n#13 0x557b96b881ca <unknown>\n#14 0x557b96b697f3 <unknown>\n#15 0x557b96b39ec9 <unknown>\n#16 0x557b96b3a91e <unknown>\n#17 0x557b96ded9eb <unknown>\n#18 0x557b96df1972 <unknown>\n#19 0x557b96ddae15 <unknown>\n#20 0x557b96df2502 <unknown>\n#21 0x557b96dbfd2f <unknown>\n#22 0x557b96e16578 <unknown>\n#23 0x557b96e16750 <unknown>\n#24 0x557b96e2648c <unknown>\n#25 0x7fb46f653a94 <unknown>\n#26 0x7fb46f6e0a34 __clone","time":{"start":1723334484951,"stop":1723334620001,"duration":135050}},{"uid":"53b189c0311ab598","reportUrl":"https://robbrad.github.io/UKBinCollectionData/3.12/2020//#testresult/53b189c0311ab598","status":"failed","statusDetails":"selenium.common.exceptions.WebDriverException: Message: unknown error: net::ERR_CONNECTION_TIMED_OUT\n  (Session info: chrome-headless-shell=127.0.6533.72)\nStacktrace:\n#0 0x56394e2ef6ba <unknown>\n#1 0x56394dfbf730 <unknown>\n#2 0x56394dfb7761 <unknown>\n#3 0x56394dfa78f9 <unknown>\n#4 0x56394dfa9684 <unknown>\n#5 0x56394dfa7bc5 <unknown>\n#6 0x56394dfa7426 <unknown>\n#7 0x56394dfa731e <unknown>\n#8 0x56394dfa564c <unknown>\n#9 0x56394dfa59ca <unknown>\n#10 0x56394dfc2051 <unknown>\n#11 0x56394e050cc5 <unknown>\n#12 0x56394e031a52 <unknown>\n#13 0x56394e0501ca <unknown>\n#14 0x56394e0317f3 <unknown>\n#15 0x56394e001ec9 <unknown>\n#16 0x56394e00291e <unknown>\n#17 0x56394e2b59eb <unknown>\n#18 0x56394e2b9972 <unknown>\n#19 0x56394e2a2e15 <unknown>\n#20 0x56394e2ba502 <unknown>\n#21 0x56394e287d2f <unknown>\n#22 0x56394e2de578 <unknown>\n#23 0x56394e2de750 <unknown>\n#24 0x56394e2ee48c <unknown>\n#25 0x7fd39f87da94 <unknown>\n#26 0x7fd39f90aa34 __clone","time":{"start":1723248071800,"stop":1723248206679,"duration":134879}},{"uid":"10919dfa7a7f0ee2","reportUrl":"https://robbrad.github.io/UKBinCollectionData/3.12/2019//#testresult/10919dfa7a7f0ee2","status":"failed","statusDetails":"selenium.common.exceptions.WebDriverException: Message: unknown error: net::ERR_CONNECTION_TIMED_OUT\n  (Session info: chrome-headless-shell=127.0.6533.72)\nStacktrace:\n#0 0x55601eafe6ba <unknown>\n#1 0x55601e7ce730 <unknown>\n#2 0x55601e7c6761 <unknown>\n#3 0x55601e7b68f9 <unknown>\n#4 0x55601e7b8684 <unknown>\n#5 0x55601e7b6bc5 <unknown>\n#6 0x55601e7b6426 <unknown>\n#7 0x55601e7b631e <unknown>\n#8 0x55601e7b464c <unknown>\n#9 0x55601e7b49ca <unknown>\n#10 0x55601e7d1051 <unknown>\n#11 0x55601e85fcc5 <unknown>\n#12 0x55601e840a52 <unknown>\n#13 0x55601e85f1ca <unknown>\n#14 0x55601e8407f3 <unknown>\n#15 0x55601e810ec9 <unknown>\n#16 0x55601e81191e <unknown>\n#17 0x55601eac49eb <unknown>\n#18 0x55601eac8972 <unknown>\n#19 0x55601eab1e15 <unknown>\n#20 0x55601eac9502 <unknown>\n#21 0x55601ea96d2f <unknown>\n#22 0x55601eaed578 <unknown>\n#23 0x55601eaed750 <unknown>\n#24 0x55601eafd48c <unknown>\n#25 0x7f563f09da94 <unknown>\n#26 0x7f563f12aa34 __clone","time":{"start":1723161680293,"stop":1723161815340,"duration":135047}},{"uid":"9b340898962bb300","reportUrl":"https://robbrad.github.io/UKBinCollectionData/3.12/2014//#testresult/9b340898962bb300","status":"failed","statusDetails":"selenium.common.exceptions.WebDriverException: Message: unknown error: net::ERR_CONNECTION_TIMED_OUT\n  (Session info: chrome-headless-shell=127.0.6533.72)\nStacktrace:\n#0 0x56343bfa76ba <unknown>\n#1 0x56343bc77730 <unknown>\n#2 0x56343bc6f761 <unknown>\n#3 0x56343bc5f8f9 <unknown>\n#4 0x56343bc61684 <unknown>\n#5 0x56343bc5fbc5 <unknown>\n#6 0x56343bc5f426 <unknown>\n#7 0x56343bc5f31e <unknown>\n#8 0x56343bc5d64c <unknown>\n#9 0x56343bc5d9ca <unknown>\n#10 0x56343bc7a051 <unknown>\n#11 0x56343bd08cc5 <unknown>\n#12 0x56343bce9a52 <unknown>\n#13 0x56343bd081ca <unknown>\n#14 0x56343bce97f3 <unknown>\n#15 0x56343bcb9ec9 <unknown>\n#16 0x56343bcba91e <unknown>\n#17 0x56343bf6d9eb <unknown>\n#18 0x56343bf71972 <unknown>\n#19 0x56343bf5ae15 <unknown>\n#20 0x56343bf72502 <unknown>\n#21 0x56343bf3fd2f <unknown>\n#22 0x56343bf96578 <unknown>\n#23 0x56343bf96750 <unknown>\n#24 0x56343bfa648c <unknown>\n#25 0x7f4bd64aca94 <unknown>\n#26 0x7f4bd6539a34 __clone","time":{"start":1723075266076,"stop":1723075401237,"duration":135161}},{"uid":"6234d66e67e93c65","reportUrl":"https://robbrad.github.io/UKBinCollectionData/3.12/2012//#testresult/6234d66e67e93c65","status":"failed","statusDetails":"selenium.common.exceptions.WebDriverException: Message: unknown error: net::ERR_CONNECTION_TIMED_OUT\n  (Session info: chrome-headless-shell=127.0.6533.72)\nStacktrace:\n#0 0x5567c11f66ba <unknown>\n#1 0x5567c0ec6730 <unknown>\n#2 0x5567c0ebe761 <unknown>\n#3 0x5567c0eae8f9 <unknown>\n#4 0x5567c0eb0684 <unknown>\n#5 0x5567c0eaebc5 <unknown>\n#6 0x5567c0eae426 <unknown>\n#7 0x5567c0eae31e <unknown>\n#8 0x5567c0eac64c <unknown>\n#9 0x5567c0eac9ca <unknown>\n#10 0x5567c0ec9051 <unknown>\n#11 0x5567c0f57cc5 <unknown>\n#12 0x5567c0f38a52 <unknown>\n#13 0x5567c0f571ca <unknown>\n#14 0x5567c0f387f3 <unknown>\n#15 0x5567c0f08ec9 <unknown>\n#16 0x5567c0f0991e <unknown>\n#17 0x5567c11bc9eb <unknown>\n#18 0x5567c11c0972 <unknown>\n#19 0x5567c11a9e15 <unknown>\n#20 0x5567c11c1502 <unknown>\n#21 0x5567c118ed2f <unknown>\n#22 0x5567c11e5578 <unknown>\n#23 0x5567c11e5750 <unknown>\n#24 0x5567c11f548c <unknown>\n#25 0x7f4ac5ef3a94 <unknown>\n#26 0x7f4ac5f80a34 __clone","time":{"start":1722988885041,"stop":1722989019705,"duration":134664}},{"uid":"e1a0b6fbff157dd3","reportUrl":"https://robbrad.github.io/UKBinCollectionData/3.12/2007//#testresult/e1a0b6fbff157dd3","status":"failed","statusDetails":"selenium.common.exceptions.WebDriverException: Message: unknown error: net::ERR_CONNECTION_TIMED_OUT\n  (Session info: chrome-headless-shell=127.0.6533.72)\nStacktrace:\n#0 0x5650ea1346ba <unknown>\n#1 0x5650e9e04730 <unknown>\n#2 0x5650e9dfc761 <unknown>\n#3 0x5650e9dec8f9 <unknown>\n#4 0x5650e9dee684 <unknown>\n#5 0x5650e9decbc5 <unknown>\n#6 0x5650e9dec426 <unknown>\n#7 0x5650e9dec31e <unknown>\n#8 0x5650e9dea64c <unknown>\n#9 0x5650e9dea9ca <unknown>\n#10 0x5650e9e07051 <unknown>\n#11 0x5650e9e95cc5 <unknown>\n#12 0x5650e9e76a52 <unknown>\n#13 0x5650e9e951ca <unknown>\n#14 0x5650e9e767f3 <unknown>\n#15 0x5650e9e46ec9 <unknown>\n#16 0x5650e9e4791e <unknown>\n#17 0x5650ea0fa9eb <unknown>\n#18 0x5650ea0fe972 <unknown>\n#19 0x5650ea0e7e15 <unknown>\n#20 0x5650ea0ff502 <unknown>\n#21 0x5650ea0ccd2f <unknown>\n#22 0x5650ea123578 <unknown>\n#23 0x5650ea123750 <unknown>\n#24 0x5650ea13348c <unknown>\n#25 0x7f376125ba94 <unknown>\n#26 0x7f37612e8a34 __clone","time":{"start":1722902474374,"stop":1722902609291,"duration":134917}},{"uid":"1801458eae0fa164","reportUrl":"https://robbrad.github.io/UKBinCollectionData/3.12/2006//#testresult/1801458eae0fa164","status":"failed","statusDetails":"selenium.common.exceptions.WebDriverException: Message: unknown error: net::ERR_CONNECTION_TIMED_OUT\n  (Session info: chrome-headless-shell=127.0.6533.72)\nStacktrace:\n#0 0x562301d696ba <unknown>\n#1 0x562301a39730 <unknown>\n#2 0x562301a31761 <unknown>\n#3 0x562301a218f9 <unknown>\n#4 0x562301a23684 <unknown>\n#5 0x562301a21bc5 <unknown>\n#6 0x562301a21426 <unknown>\n#7 0x562301a2131e <unknown>\n#8 0x562301a1f64c <unknown>\n#9 0x562301a1f9ca <unknown>\n#10 0x562301a3c051 <unknown>\n#11 0x562301acacc5 <unknown>\n#12 0x562301aaba52 <unknown>\n#13 0x562301aca1ca <unknown>\n#14 0x562301aab7f3 <unknown>\n#15 0x562301a7bec9 <unknown>\n#16 0x562301a7c91e <unknown>\n#17 0x562301d2f9eb <unknown>\n#18 0x562301d33972 <unknown>\n#19 0x562301d1ce15 <unknown>\n#20 0x562301d34502 <unknown>\n#21 0x562301d01d2f <unknown>\n#22 0x562301d58578 <unknown>\n#23 0x562301d58750 <unknown>\n#24 0x562301d6848c <unknown>\n#25 0x7eff350b2a94 <unknown>\n#26 0x7eff3513fa34 __clone","time":{"start":1722816081013,"stop":1722816215549,"duration":134536}},{"uid":"54a4e610ec6861cd","reportUrl":"https://robbrad.github.io/UKBinCollectionData/3.12/2005//#testresult/54a4e610ec6861cd","status":"failed","statusDetails":"selenium.common.exceptions.WebDriverException: Message: unknown error: net::ERR_CONNECTION_TIMED_OUT\n  (Session info: chrome-headless-shell=127.0.6533.72)\nStacktrace:\n#0 0x56442505c6ba <unknown>\n#1 0x564424d2c730 <unknown>\n#2 0x564424d24761 <unknown>\n#3 0x564424d148f9 <unknown>\n#4 0x564424d16684 <unknown>\n#5 0x564424d14bc5 <unknown>\n#6 0x564424d14426 <unknown>\n#7 0x564424d1431e <unknown>\n#8 0x564424d1264c <unknown>\n#9 0x564424d129ca <unknown>\n#10 0x564424d2f051 <unknown>\n#11 0x564424dbdcc5 <unknown>\n#12 0x564424d9ea52 <unknown>\n#13 0x564424dbd1ca <unknown>\n#14 0x564424d9e7f3 <unknown>\n#15 0x564424d6eec9 <unknown>\n#16 0x564424d6f91e <unknown>\n#17 0x5644250229eb <unknown>\n#18 0x564425026972 <unknown>\n#19 0x56442500fe15 <unknown>\n#20 0x564425027502 <unknown>\n#21 0x564424ff4d2f <unknown>\n#22 0x56442504b578 <unknown>\n#23 0x56442504b750 <unknown>\n#24 0x56442505b48c <unknown>\n#25 0x7f8814a02a94 <unknown>\n#26 0x7f8814a8fa34 __clone","time":{"start":1722729685226,"stop":1722729821052,"duration":135826}},{"uid":"b20ef14c4a5a174b","reportUrl":"https://robbrad.github.io/UKBinCollectionData/3.12/2004//#testresult/b20ef14c4a5a174b","status":"failed","statusDetails":"selenium.common.exceptions.WebDriverException: Message: unknown error: net::ERR_CONNECTION_TIMED_OUT\n  (Session info: chrome-headless-shell=127.0.6533.72)\nStacktrace:\n#0 0x55bca9b1c6ba <unknown>\n#1 0x55bca97ec730 <unknown>\n#2 0x55bca97e4761 <unknown>\n#3 0x55bca97d48f9 <unknown>\n#4 0x55bca97d6684 <unknown>\n#5 0x55bca97d4bc5 <unknown>\n#6 0x55bca97d4426 <unknown>\n#7 0x55bca97d431e <unknown>\n#8 0x55bca97d264c <unknown>\n#9 0x55bca97d29ca <unknown>\n#10 0x55bca97ef051 <unknown>\n#11 0x55bca987dcc5 <unknown>\n#12 0x55bca985ea52 <unknown>\n#13 0x55bca987d1ca <unknown>\n#14 0x55bca985e7f3 <unknown>\n#15 0x55bca982eec9 <unknown>\n#16 0x55bca982f91e <unknown>\n#17 0x55bca9ae29eb <unknown>\n#18 0x55bca9ae6972 <unknown>\n#19 0x55bca9acfe15 <unknown>\n#20 0x55bca9ae7502 <unknown>\n#21 0x55bca9ab4d2f <unknown>\n#22 0x55bca9b0b578 <unknown>\n#23 0x55bca9b0b750 <unknown>\n#24 0x55bca9b1b48c <unknown>\n#25 0x7f7f7c986a94 <unknown>\n#26 0x7f7f7ca13a34 __clone","time":{"start":1722643290241,"stop":1722643425745,"duration":135504}}]},"tags":[]},"source":"20c974c424c48c10.json","parameterValues":["BuckinghamshireCouncil"]}