{"uid":"dc181bfda65c3d18","name":"Validate Council Output [KnowsleyMBCouncil]","fullName":"features/validate_council_outputs.feature:Validate Council Output","historyId":"56740e3e170c4ada5e89fee4a4334687","time":{"start":1717374808550,"stop":1717375056916,"duration":248366},"status":"failed","statusMessage":"selenium.common.exceptions.NoSuchElementException: Message: no such element: Unable to locate element: {\"method\":\"link text\",\"selector\":\"Choose this address\"}\n  (Session info: chrome-headless-shell=125.0.6422.76); For documentation on this error, please visit: https://www.selenium.dev/documentation/webdriver/troubleshooting/errors#no-such-element-exception\nStacktrace:\n#0 0x55b819a50e9a <unknown>\n#1 0x55b81973a45c <unknown>\n#2 0x55b8197865b5 <unknown>\n#3 0x55b819786671 <unknown>\n#4 0x55b81977ab96 <unknown>\n#5 0x55b8197a94dd <unknown>\n#6 0x55b81977aa79 <unknown>\n#7 0x55b8197a967e <unknown>\n#8 0x55b8197c82cc <unknown>\n#9 0x55b8197a9253 <unknown>\n#10 0x55b8197791c7 <unknown>\n#11 0x55b819779b3e <unknown>\n#12 0x55b819a172db <unknown>\n#13 0x55b819a1b387 <unknown>\n#14 0x55b819a03e0e <unknown>\n#15 0x55b819a1be52 <unknown>\n#16 0x55b8199e87af <unknown>\n#17 0x55b819a40188 <unknown>\n#18 0x55b819a4035b <unknown>\n#19 0x55b819a4ffcc <unknown>\n#20 0x7f418f16cac3 <unknown>","statusTrace":"fixturefunc = <function scrape_step at 0x7f40c35b9940>\nrequest = <FixtureRequest for <Function test_scenario_outline[KnowsleyMBCouncil]>>\nkwargs = {'context': <test_validate_council.Context object at 0x7f40c3253790>, 'headless_mode': 'True', 'local_browser': 'False', 'selenium_url': 'http://localhost:4444'}\n\n    def call_fixture_func(\n        fixturefunc: \"_FixtureFunc[FixtureValue]\", request: FixtureRequest, kwargs\n    ) -> FixtureValue:\n        if is_generator(fixturefunc):\n            fixturefunc = cast(\n                Callable[..., Generator[FixtureValue, None, None]], fixturefunc\n            )\n            generator = fixturefunc(**kwargs)\n            try:\n                fixture_result = next(generator)\n            except StopIteration:\n                raise ValueError(f\"{request.fixturename} did not yield a value\") from None\n            finalizer = functools.partial(_teardown_yield_fixture, fixturefunc, generator)\n            request.addfinalizer(finalizer)\n        else:\n            fixturefunc = cast(Callable[..., FixtureValue], fixturefunc)\n>           fixture_result = fixturefunc(**kwargs)\n\n../../../.cache/pypoetry/virtualenvs/uk-bin-collection-EwS6Gn8s-py3.11/lib/python3.11/site-packages/_pytest/fixtures.py:884: \n_ _ _ _ _ _ _ _ _ _ _ _ _ _ _ _ _ _ _ _ _ _ _ _ _ _ _ _ _ _ _ _ _ _ _ _ _ _ _ _ \nuk_bin_collection/tests/step_defs/test_validate_council.py:100: in scrape_step\n    context.parse_result = CollectData.run()\nuk_bin_collection/uk_bin_collection/collect_data.py:102: in run\n    return self.client_code(\nuk_bin_collection/uk_bin_collection/collect_data.py:121: in client_code\n    return get_bin_data_class.template_method(address_url, **kwargs)\nuk_bin_collection/uk_bin_collection/get_bin_data.py:80: in template_method\n    bin_data_dict = self.parse_data(\nuk_bin_collection/uk_bin_collection/councils/KnowsleyMBCouncil.py:77: in parse_data\n    address_to_select = row.find_element(By.LINK_TEXT, \"Choose this address\")\n../../../.cache/pypoetry/virtualenvs/uk-bin-collection-EwS6Gn8s-py3.11/lib/python3.11/site-packages/selenium/webdriver/remote/webelement.py:417: in find_element\n    return self._execute(Command.FIND_CHILD_ELEMENT, {\"using\": by, \"value\": value})[\"value\"]\n../../../.cache/pypoetry/virtualenvs/uk-bin-collection-EwS6Gn8s-py3.11/lib/python3.11/site-packages/selenium/webdriver/remote/webelement.py:395: in _execute\n    return self._parent.execute(command, params)\n../../../.cache/pypoetry/virtualenvs/uk-bin-collection-EwS6Gn8s-py3.11/lib/python3.11/site-packages/selenium/webdriver/remote/webdriver.py:347: in execute\n    self.error_handler.check_response(response)\n_ _ _ _ _ _ _ _ _ _ _ _ _ _ _ _ _ _ _ _ _ _ _ _ _ _ _ _ _ _ _ _ _ _ _ _ _ _ _ _ \n\nself = <selenium.webdriver.remote.errorhandler.ErrorHandler object at 0x7f40c26172d0>\nresponse = {'status': 404, 'value': '{\"value\":{\"error\":\"no such element\",\"message\":\"no such element: Unable to locate element: {\\...\\\\n#18 0x55b819a4035b \\\\u003Cunknown>\\\\n#19 0x55b819a4ffcc \\\\u003Cunknown>\\\\n#20 0x7f418f16cac3 \\\\u003Cunknown>\\\\n\"}}'}\n\n    def check_response(self, response: Dict[str, Any]) -> None:\n        \"\"\"Checks that a JSON response from the WebDriver does not have an\n        error.\n    \n        :Args:\n         - response - The JSON response from the WebDriver server as a dictionary\n           object.\n    \n        :Raises: If the response contains an error message.\n        \"\"\"\n        status = response.get(\"status\", None)\n        if not status or status == ErrorCode.SUCCESS:\n            return\n        value = None\n        message = response.get(\"message\", \"\")\n        screen: str = response.get(\"screen\", \"\")\n        stacktrace = None\n        if isinstance(status, int):\n            value_json = response.get(\"value\", None)\n            if value_json and isinstance(value_json, str):\n                import json\n    \n                try:\n                    value = json.loads(value_json)\n                    if len(value) == 1:\n                        value = value[\"value\"]\n                    status = value.get(\"error\", None)\n                    if not status:\n                        status = value.get(\"status\", ErrorCode.UNKNOWN_ERROR)\n                        message = value.get(\"value\") or value.get(\"message\")\n                        if not isinstance(message, str):\n                            value = message\n                            message = message.get(\"message\")\n                    else:\n                        message = value.get(\"message\", None)\n                except ValueError:\n                    pass\n    \n        exception_class: Type[WebDriverException]\n        e = ErrorCode()\n        error_codes = [item for item in dir(e) if not item.startswith(\"__\")]\n        for error_code in error_codes:\n            error_info = getattr(ErrorCode, error_code)\n            if isinstance(error_info, list) and status in error_info:\n                exception_class = getattr(ExceptionMapping, error_code, WebDriverException)\n                break\n        else:\n            exception_class = WebDriverException\n    \n        if not value:\n            value = response[\"value\"]\n        if isinstance(value, str):\n            raise exception_class(value)\n        if message == \"\" and \"message\" in value:\n            message = value[\"message\"]\n    \n        screen = None  # type: ignore[assignment]\n        if \"screen\" in value:\n            screen = value[\"screen\"]\n    \n        stacktrace = None\n        st_value = value.get(\"stackTrace\") or value.get(\"stacktrace\")\n        if st_value:\n            if isinstance(st_value, str):\n                stacktrace = st_value.split(\"\\n\")\n            else:\n                stacktrace = []\n                try:\n                    for frame in st_value:\n                        line = frame.get(\"lineNumber\", \"\")\n                        file = frame.get(\"fileName\", \"<anonymous>\")\n                        if line:\n                            file = f\"{file}:{line}\"\n                        meth = frame.get(\"methodName\", \"<anonymous>\")\n                        if \"className\" in frame:\n                            meth = f\"{frame['className']}.{meth}\"\n                        msg = \"    at %s (%s)\"\n                        msg = msg % (meth, file)\n                        stacktrace.append(msg)\n                except TypeError:\n                    pass\n        if exception_class == UnexpectedAlertPresentException:\n            alert_text = None\n            if \"data\" in value:\n                alert_text = value[\"data\"].get(\"text\")\n            elif \"alert\" in value:\n                alert_text = value[\"alert\"].get(\"text\")\n            raise exception_class(message, screen, stacktrace, alert_text)  # type: ignore[call-arg]  # mypy is not smart enough here\n>       raise exception_class(message, screen, stacktrace)\nE       selenium.common.exceptions.NoSuchElementException: Message: no such element: Unable to locate element: {\"method\":\"link text\",\"selector\":\"Choose this address\"}\nE         (Session info: chrome-headless-shell=125.0.6422.76); For documentation on this error, please visit: https://www.selenium.dev/documentation/webdriver/troubleshooting/errors#no-such-element-exception\nE       Stacktrace:\nE       #0 0x55b819a50e9a <unknown>\nE       #1 0x55b81973a45c <unknown>\nE       #2 0x55b8197865b5 <unknown>\nE       #3 0x55b819786671 <unknown>\nE       #4 0x55b81977ab96 <unknown>\nE       #5 0x55b8197a94dd <unknown>\nE       #6 0x55b81977aa79 <unknown>\nE       #7 0x55b8197a967e <unknown>\nE       #8 0x55b8197c82cc <unknown>\nE       #9 0x55b8197a9253 <unknown>\nE       #10 0x55b8197791c7 <unknown>\nE       #11 0x55b819779b3e <unknown>\nE       #12 0x55b819a172db <unknown>\nE       #13 0x55b819a1b387 <unknown>\nE       #14 0x55b819a03e0e <unknown>\nE       #15 0x55b819a1be52 <unknown>\nE       #16 0x55b8199e87af <unknown>\nE       #17 0x55b819a40188 <unknown>\nE       #18 0x55b819a4035b <unknown>\nE       #19 0x55b819a4ffcc <unknown>\nE       #20 0x7f418f16cac3 <unknown>\n\n../../../.cache/pypoetry/virtualenvs/uk-bin-collection-EwS6Gn8s-py3.11/lib/python3.11/site-packages/selenium/webdriver/remote/errorhandler.py:229: NoSuchElementException","flaky":false,"newFailed":false,"newBroken":false,"newPassed":false,"retriesCount":0,"retriesStatusChange":false,"beforeStages":[],"testStage":{"status":"failed","statusMessage":"selenium.common.exceptions.NoSuchElementException: Message: no such element: Unable to locate element: {\"method\":\"link text\",\"selector\":\"Choose this address\"}\n  (Session info: chrome-headless-shell=125.0.6422.76); For documentation on this error, please visit: https://www.selenium.dev/documentation/webdriver/troubleshooting/errors#no-such-element-exception\nStacktrace:\n#0 0x55b819a50e9a <unknown>\n#1 0x55b81973a45c <unknown>\n#2 0x55b8197865b5 <unknown>\n#3 0x55b819786671 <unknown>\n#4 0x55b81977ab96 <unknown>\n#5 0x55b8197a94dd <unknown>\n#6 0x55b81977aa79 <unknown>\n#7 0x55b8197a967e <unknown>\n#8 0x55b8197c82cc <unknown>\n#9 0x55b8197a9253 <unknown>\n#10 0x55b8197791c7 <unknown>\n#11 0x55b819779b3e <unknown>\n#12 0x55b819a172db <unknown>\n#13 0x55b819a1b387 <unknown>\n#14 0x55b819a03e0e <unknown>\n#15 0x55b819a1be52 <unknown>\n#16 0x55b8199e87af <unknown>\n#17 0x55b819a40188 <unknown>\n#18 0x55b819a4035b <unknown>\n#19 0x55b819a4ffcc <unknown>\n#20 0x7f418f16cac3 <unknown>","statusTrace":"fixturefunc = <function scrape_step at 0x7f40c35b9940>\nrequest = <FixtureRequest for <Function test_scenario_outline[KnowsleyMBCouncil]>>\nkwargs = {'context': <test_validate_council.Context object at 0x7f40c3253790>, 'headless_mode': 'True', 'local_browser': 'False', 'selenium_url': 'http://localhost:4444'}\n\n    def call_fixture_func(\n        fixturefunc: \"_FixtureFunc[FixtureValue]\", request: FixtureRequest, kwargs\n    ) -> FixtureValue:\n        if is_generator(fixturefunc):\n            fixturefunc = cast(\n                Callable[..., Generator[FixtureValue, None, None]], fixturefunc\n            )\n            generator = fixturefunc(**kwargs)\n            try:\n                fixture_result = next(generator)\n            except StopIteration:\n                raise ValueError(f\"{request.fixturename} did not yield a value\") from None\n            finalizer = functools.partial(_teardown_yield_fixture, fixturefunc, generator)\n            request.addfinalizer(finalizer)\n        else:\n            fixturefunc = cast(Callable[..., FixtureValue], fixturefunc)\n>           fixture_result = fixturefunc(**kwargs)\n\n../../../.cache/pypoetry/virtualenvs/uk-bin-collection-EwS6Gn8s-py3.11/lib/python3.11/site-packages/_pytest/fixtures.py:884: \n_ _ _ _ _ _ _ _ _ _ _ _ _ _ _ _ _ _ _ _ _ _ _ _ _ _ _ _ _ _ _ _ _ _ _ _ _ _ _ _ \nuk_bin_collection/tests/step_defs/test_validate_council.py:100: in scrape_step\n    context.parse_result = CollectData.run()\nuk_bin_collection/uk_bin_collection/collect_data.py:102: in run\n    return self.client_code(\nuk_bin_collection/uk_bin_collection/collect_data.py:121: in client_code\n    return get_bin_data_class.template_method(address_url, **kwargs)\nuk_bin_collection/uk_bin_collection/get_bin_data.py:80: in template_method\n    bin_data_dict = self.parse_data(\nuk_bin_collection/uk_bin_collection/councils/KnowsleyMBCouncil.py:77: in parse_data\n    address_to_select = row.find_element(By.LINK_TEXT, \"Choose this address\")\n../../../.cache/pypoetry/virtualenvs/uk-bin-collection-EwS6Gn8s-py3.11/lib/python3.11/site-packages/selenium/webdriver/remote/webelement.py:417: in find_element\n    return self._execute(Command.FIND_CHILD_ELEMENT, {\"using\": by, \"value\": value})[\"value\"]\n../../../.cache/pypoetry/virtualenvs/uk-bin-collection-EwS6Gn8s-py3.11/lib/python3.11/site-packages/selenium/webdriver/remote/webelement.py:395: in _execute\n    return self._parent.execute(command, params)\n../../../.cache/pypoetry/virtualenvs/uk-bin-collection-EwS6Gn8s-py3.11/lib/python3.11/site-packages/selenium/webdriver/remote/webdriver.py:347: in execute\n    self.error_handler.check_response(response)\n_ _ _ _ _ _ _ _ _ _ _ _ _ _ _ _ _ _ _ _ _ _ _ _ _ _ _ _ _ _ _ _ _ _ _ _ _ _ _ _ \n\nself = <selenium.webdriver.remote.errorhandler.ErrorHandler object at 0x7f40c26172d0>\nresponse = {'status': 404, 'value': '{\"value\":{\"error\":\"no such element\",\"message\":\"no such element: Unable to locate element: {\\...\\\\n#18 0x55b819a4035b \\\\u003Cunknown>\\\\n#19 0x55b819a4ffcc \\\\u003Cunknown>\\\\n#20 0x7f418f16cac3 \\\\u003Cunknown>\\\\n\"}}'}\n\n    def check_response(self, response: Dict[str, Any]) -> None:\n        \"\"\"Checks that a JSON response from the WebDriver does not have an\n        error.\n    \n        :Args:\n         - response - The JSON response from the WebDriver server as a dictionary\n           object.\n    \n        :Raises: If the response contains an error message.\n        \"\"\"\n        status = response.get(\"status\", None)\n        if not status or status == ErrorCode.SUCCESS:\n            return\n        value = None\n        message = response.get(\"message\", \"\")\n        screen: str = response.get(\"screen\", \"\")\n        stacktrace = None\n        if isinstance(status, int):\n            value_json = response.get(\"value\", None)\n            if value_json and isinstance(value_json, str):\n                import json\n    \n                try:\n                    value = json.loads(value_json)\n                    if len(value) == 1:\n                        value = value[\"value\"]\n                    status = value.get(\"error\", None)\n                    if not status:\n                        status = value.get(\"status\", ErrorCode.UNKNOWN_ERROR)\n                        message = value.get(\"value\") or value.get(\"message\")\n                        if not isinstance(message, str):\n                            value = message\n                            message = message.get(\"message\")\n                    else:\n                        message = value.get(\"message\", None)\n                except ValueError:\n                    pass\n    \n        exception_class: Type[WebDriverException]\n        e = ErrorCode()\n        error_codes = [item for item in dir(e) if not item.startswith(\"__\")]\n        for error_code in error_codes:\n            error_info = getattr(ErrorCode, error_code)\n            if isinstance(error_info, list) and status in error_info:\n                exception_class = getattr(ExceptionMapping, error_code, WebDriverException)\n                break\n        else:\n            exception_class = WebDriverException\n    \n        if not value:\n            value = response[\"value\"]\n        if isinstance(value, str):\n            raise exception_class(value)\n        if message == \"\" and \"message\" in value:\n            message = value[\"message\"]\n    \n        screen = None  # type: ignore[assignment]\n        if \"screen\" in value:\n            screen = value[\"screen\"]\n    \n        stacktrace = None\n        st_value = value.get(\"stackTrace\") or value.get(\"stacktrace\")\n        if st_value:\n            if isinstance(st_value, str):\n                stacktrace = st_value.split(\"\\n\")\n            else:\n                stacktrace = []\n                try:\n                    for frame in st_value:\n                        line = frame.get(\"lineNumber\", \"\")\n                        file = frame.get(\"fileName\", \"<anonymous>\")\n                        if line:\n                            file = f\"{file}:{line}\"\n                        meth = frame.get(\"methodName\", \"<anonymous>\")\n                        if \"className\" in frame:\n                            meth = f\"{frame['className']}.{meth}\"\n                        msg = \"    at %s (%s)\"\n                        msg = msg % (meth, file)\n                        stacktrace.append(msg)\n                except TypeError:\n                    pass\n        if exception_class == UnexpectedAlertPresentException:\n            alert_text = None\n            if \"data\" in value:\n                alert_text = value[\"data\"].get(\"text\")\n            elif \"alert\" in value:\n                alert_text = value[\"alert\"].get(\"text\")\n            raise exception_class(message, screen, stacktrace, alert_text)  # type: ignore[call-arg]  # mypy is not smart enough here\n>       raise exception_class(message, screen, stacktrace)\nE       selenium.common.exceptions.NoSuchElementException: Message: no such element: Unable to locate element: {\"method\":\"link text\",\"selector\":\"Choose this address\"}\nE         (Session info: chrome-headless-shell=125.0.6422.76); For documentation on this error, please visit: https://www.selenium.dev/documentation/webdriver/troubleshooting/errors#no-such-element-exception\nE       Stacktrace:\nE       #0 0x55b819a50e9a <unknown>\nE       #1 0x55b81973a45c <unknown>\nE       #2 0x55b8197865b5 <unknown>\nE       #3 0x55b819786671 <unknown>\nE       #4 0x55b81977ab96 <unknown>\nE       #5 0x55b8197a94dd <unknown>\nE       #6 0x55b81977aa79 <unknown>\nE       #7 0x55b8197a967e <unknown>\nE       #8 0x55b8197c82cc <unknown>\nE       #9 0x55b8197a9253 <unknown>\nE       #10 0x55b8197791c7 <unknown>\nE       #11 0x55b819779b3e <unknown>\nE       #12 0x55b819a172db <unknown>\nE       #13 0x55b819a1b387 <unknown>\nE       #14 0x55b819a03e0e <unknown>\nE       #15 0x55b819a1be52 <unknown>\nE       #16 0x55b8199e87af <unknown>\nE       #17 0x55b819a40188 <unknown>\nE       #18 0x55b819a4035b <unknown>\nE       #19 0x55b819a4ffcc <unknown>\nE       #20 0x7f418f16cac3 <unknown>\n\n../../../.cache/pypoetry/virtualenvs/uk-bin-collection-EwS6Gn8s-py3.11/lib/python3.11/site-packages/selenium/webdriver/remote/errorhandler.py:229: NoSuchElementException","steps":[{"name":"Given the council","time":{"start":1717374808550,"stop":1717374808550,"duration":0},"status":"passed","steps":[],"attachments":[],"parameters":[],"shouldDisplayMessage":false,"stepsCount":0,"attachmentsCount":0,"hasContent":false,"attachmentStep":false},{"name":"When we scrape the data from the council","time":{"start":1717374808550,"stop":1717375056916,"duration":248366},"status":"failed","statusMessage":"Message: no such element: Unable to locate element: {\"method\":\"link text\",\"selector\":\"Choose this address\"}\n  (Session info: chrome-headless-shell=125.0.6422.76); For documentation on this error, please visit: https://www.selenium.dev/documentation/webdriver/troubleshooting/errors#no-such-element-exception\nStacktrace:\n#0 0x55b819a50e9a <unknown>\n#1 0x55b81973a45c <unknown>\n#2 0x55b8197865b5 <unknown>\n#3 0x55b819786671 <unknown>\n#4 0x55b81977ab96 <unknown>\n#5 0x55b8197a94dd <unknown>\n#6 0x55b81977aa79 <unknown>\n#7 0x55b8197a967e <unknown>\n#8 0x55b8197c82cc <unknown>\n#9 0x55b8197a9253 <unknown>\n#10 0x55b8197791c7 <unknown>\n#11 0x55b819779b3e <unknown>\n#12 0x55b819a172db <unknown>\n#13 0x55b819a1b387 <unknown>\n#14 0x55b819a03e0e <unknown>\n#15 0x55b819a1be52 <unknown>\n#16 0x55b8199e87af <unknown>\n#17 0x55b819a40188 <unknown>\n#18 0x55b819a4035b <unknown>\n#19 0x55b819a4ffcc <unknown>\n#20 0x7f418f16cac3 <unknown>\n","statusTrace":"selenium.common.exceptions.NoSuchElementException: Message: no such element: Unable to locate element: {\"method\":\"link text\",\"selector\":\"Choose this address\"}\n  (Session info: chrome-headless-shell=125.0.6422.76); For documentation on this error, please visit: https://www.selenium.dev/documentation/webdriver/troubleshooting/errors#no-such-element-exception\nStacktrace:\n#0 0x55b819a50e9a <unknown>\n#1 0x55b81973a45c <unknown>\n#2 0x55b8197865b5 <unknown>\n#3 0x55b819786671 <unknown>\n#4 0x55b81977ab96 <unknown>\n#5 0x55b8197a94dd <unknown>\n#6 0x55b81977aa79 <unknown>\n#7 0x55b8197a967e <unknown>\n#8 0x55b8197c82cc <unknown>\n#9 0x55b8197a9253 <unknown>\n#10 0x55b8197791c7 <unknown>\n#11 0x55b819779b3e <unknown>\n#12 0x55b819a172db <unknown>\n#13 0x55b819a1b387 <unknown>\n#14 0x55b819a03e0e <unknown>\n#15 0x55b819a1be52 <unknown>\n#16 0x55b8199e87af <unknown>\n#17 0x55b819a40188 <unknown>\n#18 0x55b819a4035b <unknown>\n#19 0x55b819a4ffcc <unknown>\n#20 0x7f418f16cac3 <unknown>\n\n","steps":[],"attachments":[],"parameters":[],"shouldDisplayMessage":true,"stepsCount":0,"attachmentsCount":0,"hasContent":true,"attachmentStep":false}],"attachments":[{"uid":"c2a422333513bf2c","name":"stdout","source":"c2a422333513bf2c.txt","type":"text/plain","size":983}],"parameters":[],"shouldDisplayMessage":true,"stepsCount":2,"attachmentsCount":1,"hasContent":true,"attachmentStep":false},"afterStages":[],"labels":[{"name":"host","value":"fv-az841-851"},{"name":"thread","value":"2720-MainThread"},{"name":"framework","value":"pytest-bdd"},{"name":"language","value":"cpython3"},{"name":"feature","value":"Test each council output matches expected results"},{"name":"resultFormat","value":"allure2"}],"parameters":[{"name":"council","value":"KnowsleyMBCouncil"}],"links":[],"hidden":false,"retry":false,"extra":{"severity":"normal","retries":[],"categories":[{"name":"Product defects","matchedStatuses":[],"flaky":false}],"history":{"statistic":{"failed":27,"broken":0,"skipped":0,"passed":0,"unknown":0,"total":27},"items":[{"uid":"c582e3cf7352952b","reportUrl":"https://robbrad.github.io/UKBinCollectionData/3.11/1911//#testresult/c582e3cf7352952b","status":"failed","statusDetails":"ValueError: time data '' does not match format '%A %d/%m/%Y'","time":{"start":1717316350724,"stop":1717316408418,"duration":57694}},{"uid":"4a2acac91c875b5e","reportUrl":"https://robbrad.github.io/UKBinCollectionData/3.11/1908//#testresult/4a2acac91c875b5e","status":"failed","statusDetails":"ValueError: time data '' does not match format '%A %d/%m/%Y'","time":{"start":1717288566708,"stop":1717288643879,"duration":77171}},{"uid":"62feab077b2da3ff","reportUrl":"https://robbrad.github.io/UKBinCollectionData/3.11/1905//#testresult/62feab077b2da3ff","status":"failed","statusDetails":"ValueError: time data '' does not match format '%A %d/%m/%Y'","time":{"start":1717202414325,"stop":1717202435091,"duration":20766}},{"uid":"b255394e9745ccd2","reportUrl":"https://robbrad.github.io/UKBinCollectionData/3.11/1904//#testresult/b255394e9745ccd2","status":"failed","statusDetails":"ValueError: time data '' does not match format '%A %d/%m/%Y'","time":{"start":1717115387161,"stop":1717115431111,"duration":43950}},{"uid":"6900d816575d9eda","reportUrl":"https://robbrad.github.io/UKBinCollectionData/3.11/1903//#testresult/6900d816575d9eda","status":"failed","statusDetails":"ValueError: time data '' does not match format '%A %d/%m/%Y'","time":{"start":1717029055606,"stop":1717029308323,"duration":252717}},{"uid":"d7ba24a74114c58f","reportUrl":"https://robbrad.github.io/UKBinCollectionData/3.11/1898//#testresult/d7ba24a74114c58f","status":"failed","statusDetails":"ValueError: time data '' does not match format '%A %d/%m/%Y'","time":{"start":1716942772934,"stop":1716942800029,"duration":27095}},{"uid":"a1103fb01cda7fb8","reportUrl":"https://robbrad.github.io/UKBinCollectionData/3.11/1893//#testresult/a1103fb01cda7fb8","status":"failed","statusDetails":"selenium.common.exceptions.NoSuchElementException: Message: no such element: Unable to locate element: {\"method\":\"link text\",\"selector\":\"Choose this address\"}\n  (Session info: chrome-headless-shell=125.0.6422.76); For documentation on this error, please visit: https://www.selenium.dev/documentation/webdriver/troubleshooting/errors#no-such-element-exception\nStacktrace:\n#0 0x562001a39e9a <unknown>\n#1 0x56200172345c <unknown>\n#2 0x56200176f5b5 <unknown>\n#3 0x56200176f671 <unknown>\n#4 0x562001763b96 <unknown>\n#5 0x5620017924dd <unknown>\n#6 0x562001763a79 <unknown>\n#7 0x56200179267e <unknown>\n#8 0x5620017b12cc <unknown>\n#9 0x562001792253 <unknown>\n#10 0x5620017621c7 <unknown>\n#11 0x562001762b3e <unknown>\n#12 0x562001a002db <unknown>\n#13 0x562001a04387 <unknown>\n#14 0x5620019ece0e <unknown>\n#15 0x562001a04e52 <unknown>\n#16 0x5620019d17af <unknown>\n#17 0x562001a29188 <unknown>\n#18 0x562001a2935b <unknown>\n#19 0x562001a38fcc <unknown>\n#20 0x7f9e0e7ddac3 <unknown>","time":{"start":1716856488556,"stop":1716856568043,"duration":79487}},{"uid":"811119b10eef6f2","reportUrl":"https://robbrad.github.io/UKBinCollectionData/3.11/1883//#testresult/811119b10eef6f2","status":"failed","statusDetails":"selenium.common.exceptions.NoSuchElementException: Message: no such element: Unable to locate element: {\"method\":\"link text\",\"selector\":\"Choose this address\"}\n  (Session info: chrome-headless-shell=125.0.6422.76); For documentation on this error, please visit: https://www.selenium.dev/documentation/webdriver/troubleshooting/errors#no-such-element-exception\nStacktrace:\n#0 0x55ef5a234e9a <unknown>\n#1 0x55ef59f1e45c <unknown>\n#2 0x55ef59f6a5b5 <unknown>\n#3 0x55ef59f6a671 <unknown>\n#4 0x55ef59f5eb96 <unknown>\n#5 0x55ef59f8d4dd <unknown>\n#6 0x55ef59f5ea79 <unknown>\n#7 0x55ef59f8d67e <unknown>\n#8 0x55ef59fac2cc <unknown>\n#9 0x55ef59f8d253 <unknown>\n#10 0x55ef59f5d1c7 <unknown>\n#11 0x55ef59f5db3e <unknown>\n#12 0x55ef5a1fb2db <unknown>\n#13 0x55ef5a1ff387 <unknown>\n#14 0x55ef5a1e7e0e <unknown>\n#15 0x55ef5a1ffe52 <unknown>\n#16 0x55ef5a1cc7af <unknown>\n#17 0x55ef5a224188 <unknown>\n#18 0x55ef5a22435b <unknown>\n#19 0x55ef5a233fcc <unknown>\n#20 0x7fd43b05eac3 <unknown>","time":{"start":1716770228466,"stop":1716770277600,"duration":49134}},{"uid":"957d335cf5089a23","reportUrl":"https://robbrad.github.io/UKBinCollectionData/3.11/1881//#testresult/957d335cf5089a23","status":"failed","statusDetails":"ValueError: time data '' does not match format '%A %d/%m/%Y'","time":{"start":1716753239727,"stop":1716753318362,"duration":78635}},{"uid":"b214876e6dd1ed93","reportUrl":"https://robbrad.github.io/UKBinCollectionData/3.11/1877//#testresult/b214876e6dd1ed93","status":"failed","statusDetails":"ValueError: time data '' does not match format '%A %d/%m/%Y'","time":{"start":1716743418460,"stop":1716743465822,"duration":47362}},{"uid":"a43a3504832012fd","reportUrl":"https://robbrad.github.io/UKBinCollectionData/3.11/1871//#testresult/a43a3504832012fd","status":"failed","statusDetails":"ValueError: time data '' does not match format '%A %d/%m/%Y'","time":{"start":1716709890463,"stop":1716709948482,"duration":58019}},{"uid":"c663d37283c679e8","reportUrl":"https://robbrad.github.io/UKBinCollectionData/3.11/1866//#testresult/c663d37283c679e8","status":"failed","statusDetails":"ValueError: time data '' does not match format '%A %d/%m/%Y'","time":{"start":1716705187530,"stop":1716705291541,"duration":104011}},{"uid":"f0b88975361f1a0a","reportUrl":"https://robbrad.github.io/UKBinCollectionData/3.11/1865//#testresult/f0b88975361f1a0a","status":"failed","statusDetails":"ValueError: time data '' does not match format '%A %d/%m/%Y'","time":{"start":1716683546180,"stop":1716683598496,"duration":52316}},{"uid":"b9c511f4ed87b41a","reportUrl":"https://robbrad.github.io/UKBinCollectionData/3.11/1863//#testresult/b9c511f4ed87b41a","status":"failed","statusDetails":"ValueError: time data '' does not match format '%A %d/%m/%Y'","time":{"start":1716624912219,"stop":1716624937336,"duration":25117}},{"uid":"fc69969beb033841","reportUrl":"https://robbrad.github.io/UKBinCollectionData/3.11/1862//#testresult/fc69969beb033841","status":"failed","statusDetails":"selenium.common.exceptions.NoSuchElementException: Message: no such element: Unable to locate element: {\"method\":\"link text\",\"selector\":\"Choose this address\"}\n  (Session info: chrome-headless-shell=125.0.6422.76); For documentation on this error, please visit: https://www.selenium.dev/documentation/webdriver/troubleshooting/errors#no-such-element-exception\nStacktrace:\n#0 0x55d307180e9a <unknown>\n#1 0x55d306e6a45c <unknown>\n#2 0x55d306eb65b5 <unknown>\n#3 0x55d306eb6671 <unknown>\n#4 0x55d306eaab96 <unknown>\n#5 0x55d306ed94dd <unknown>\n#6 0x55d306eaaa79 <unknown>\n#7 0x55d306ed967e <unknown>\n#8 0x55d306ef82cc <unknown>\n#9 0x55d306ed9253 <unknown>\n#10 0x55d306ea91c7 <unknown>\n#11 0x55d306ea9b3e <unknown>\n#12 0x55d3071472db <unknown>\n#13 0x55d30714b387 <unknown>\n#14 0x55d307133e0e <unknown>\n#15 0x55d30714be52 <unknown>\n#16 0x55d3071187af <unknown>\n#17 0x55d307170188 <unknown>\n#18 0x55d30717035b <unknown>\n#19 0x55d30717ffcc <unknown>\n#20 0x7fbf9a0ddac3 <unknown>","time":{"start":1716596928529,"stop":1716596980913,"duration":52384}},{"uid":"7c68e52e93a19365","reportUrl":"https://robbrad.github.io/UKBinCollectionData/3.11/1856//#testresult/7c68e52e93a19365","status":"failed","statusDetails":"ValueError: time data '' does not match format '%A %d/%m/%Y'","time":{"start":1716510585048,"stop":1716510634760,"duration":49712}},{"uid":"b75f0a5256b0e80","reportUrl":"https://robbrad.github.io/UKBinCollectionData/3.11/1855//#testresult/b75f0a5256b0e80","status":"failed","statusDetails":"ValueError: time data '' does not match format '%A %d/%m/%Y'","time":{"start":1716424297504,"stop":1716424317585,"duration":20081}},{"uid":"547edf6ee51c2dcd","reportUrl":"https://robbrad.github.io/UKBinCollectionData/3.11/1854//#testresult/547edf6ee51c2dcd","status":"failed","statusDetails":"ValueError: time data '' does not match format '%A %d/%m/%Y'","time":{"start":1716337707549,"stop":1716337758506,"duration":50957}},{"uid":"3f196687c7a2c4b6","reportUrl":"https://robbrad.github.io/UKBinCollectionData/3.11/1853//#testresult/3f196687c7a2c4b6","status":"failed","statusDetails":"selenium.common.exceptions.NoSuchElementException: Message: no such element: Unable to locate element: {\"method\":\"link text\",\"selector\":\"Choose this address\"}\n  (Session info: chrome-headless-shell=125.0.6422.60); For documentation on this error, please visit: https://www.selenium.dev/documentation/webdriver/troubleshooting/errors#no-such-element-exception\nStacktrace:\n#0 0x558283a1ceca <unknown>\n#1 0x55828370645c <unknown>\n#2 0x5582837525b5 <unknown>\n#3 0x558283752671 <unknown>\n#4 0x558283746b96 <unknown>\n#5 0x5582837754dd <unknown>\n#6 0x558283746a79 <unknown>\n#7 0x55828377567e <unknown>\n#8 0x5582837942cc <unknown>\n#9 0x558283775253 <unknown>\n#10 0x5582837451c7 <unknown>\n#11 0x558283745b3e <unknown>\n#12 0x5582839e330b <unknown>\n#13 0x5582839e73b7 <unknown>\n#14 0x5582839cfe3e <unknown>\n#15 0x5582839e7e82 <unknown>\n#16 0x5582839b47df <unknown>\n#17 0x558283a0c1b8 <unknown>\n#18 0x558283a0c38b <unknown>\n#19 0x558283a1bffc <unknown>\n#20 0x7ffb73095ac3 <unknown>","time":{"start":1716251417292,"stop":1716251433292,"duration":16000}},{"uid":"af263acba9365ca0","reportUrl":"https://robbrad.github.io/UKBinCollectionData/3.11/1852//#testresult/af263acba9365ca0","status":"failed","statusDetails":"ValueError: time data '' does not match format '%A %d/%m/%Y'","time":{"start":1716164967468,"stop":1716165017728,"duration":50260}}]},"tags":[]},"source":"dc181bfda65c3d18.json","parameterValues":["KnowsleyMBCouncil"]}