{"uid":"a9045f259c471cbb","name":"Validate Council Output [NeathPortTalbotCouncil]","fullName":"features/validate_council_outputs.feature:Validate Council Output","historyId":"6a7795e00df27bb2a2723cbd96dd78a1","time":{"start":1698455530462,"stop":1698455533361,"duration":2899},"status":"failed","statusMessage":"selenium.common.exceptions.NoSuchElementException: Message: no such element: Unable to locate element: {\"method\":\"css selector\",\"selector\":\"[id=\"ContentPlaceHolderDefault_ctl13_nptLLPG2_25_addresslookup_txtTmpPostcode\"]\"}\n  (Session info: headless chrome=118.0.5993.117); For documentation on this error, please visit: https://www.selenium.dev/documentation/webdriver/troubleshooting/errors#no-such-element-exception\nStacktrace:\n#0 0x55ab1537afb3 <unknown>\n#1 0x55ab1504e4a7 <unknown>\n#2 0x55ab15095dd6 <unknown>\n#3 0x55ab15095ec1 <unknown>\n#4 0x55ab150d3354 <unknown>\n#5 0x55ab150b796d <unknown>\n#6 0x55ab150d0c02 <unknown>\n#7 0x55ab150b7713 <unknown>\n#8 0x55ab1508a18b <unknown>\n#9 0x55ab1508af7e <unknown>\n#10 0x55ab153408d8 <unknown>\n#11 0x55ab15344800 <unknown>\n#12 0x55ab1534ecfc <unknown>\n#13 0x55ab15345418 <unknown>\n#14 0x55ab1531242f <unknown>\n#15 0x55ab153694e8 <unknown>\n#16 0x55ab153696b4 <unknown>\n#17 0x55ab1537a143 <unknown>\n#18 0x7fa638694ac3 <unknown>","statusTrace":"fixturefunc = <function scrape_step at 0x7f603d40ab00>\nrequest = <FixtureRequest for <Function test_scenario_outline[NeathPortTalbotCouncil]>>\nkwargs = {'context': <test_validate_council.context.<locals>.Context object at 0x7f603098c430>, 'council': 'NeathPortTalbotCouncil'}\n\n    def call_fixture_func(\n        fixturefunc: \"_FixtureFunc[FixtureValue]\", request: FixtureRequest, kwargs\n    ) -> FixtureValue:\n        if is_generator(fixturefunc):\n            fixturefunc = cast(\n                Callable[..., Generator[FixtureValue, None, None]], fixturefunc\n            )\n            generator = fixturefunc(**kwargs)\n            try:\n                fixture_result = next(generator)\n            except StopIteration:\n                raise ValueError(f\"{request.fixturename} did not yield a value\") from None\n            finalizer = functools.partial(_teardown_yield_fixture, fixturefunc, generator)\n            request.addfinalizer(finalizer)\n        else:\n            fixturefunc = cast(Callable[..., FixtureValue], fixturefunc)\n>           fixture_result = fixturefunc(**kwargs)\n\n../../../.cache/pypoetry/virtualenvs/uk-bin-collection-EwS6Gn8s-py3.10/lib/python3.10/site-packages/_pytest/fixtures.py:902: \n_ _ _ _ _ _ _ _ _ _ _ _ _ _ _ _ _ _ _ _ _ _ _ _ _ _ _ _ _ _ _ _ _ _ _ _ _ _ _ _ \nuk_bin_collection/tests/step_defs/test_validate_council.py:62: in scrape_step\n    raise (err)\nuk_bin_collection/tests/step_defs/test_validate_council.py:58: in scrape_step\n    context.parse_result = CollectData.run()\nuk_bin_collection/uk_bin_collection/collect_data.py:71: in run\n    return self.client_code(\nuk_bin_collection/uk_bin_collection/collect_data.py:59: in client_code\n    return get_bin_data_class.template_method(address_url, **kwargs)\nuk_bin_collection/uk_bin_collection/get_bin_data.py:70: in template_method\n    bin_data_dict = self.parse_data(\nuk_bin_collection/uk_bin_collection/councils/NeathPortTalbotCouncil.py:49: in parse_data\n    inputElement_postcode = driver.find_element(\n../../../.cache/pypoetry/virtualenvs/uk-bin-collection-EwS6Gn8s-py3.10/lib/python3.10/site-packages/selenium/webdriver/remote/webdriver.py:738: in find_element\n    return self.execute(Command.FIND_ELEMENT, {\"using\": by, \"value\": value})[\"value\"]\n../../../.cache/pypoetry/virtualenvs/uk-bin-collection-EwS6Gn8s-py3.10/lib/python3.10/site-packages/selenium/webdriver/remote/webdriver.py:344: in execute\n    self.error_handler.check_response(response)\n_ _ _ _ _ _ _ _ _ _ _ _ _ _ _ _ _ _ _ _ _ _ _ _ _ _ _ _ _ _ _ _ _ _ _ _ _ _ _ _ \n\nself = <selenium.webdriver.remote.errorhandler.ErrorHandler object at 0x7f60309b69e0>\nresponse = {'status': 404, 'value': '{\"value\":{\"error\":\"no such element\",\"message\":\"no such element: Unable to locate element: {\\...\\\\n#16 0x55ab153696b4 \\\\u003Cunknown>\\\\n#17 0x55ab1537a143 \\\\u003Cunknown>\\\\n#18 0x7fa638694ac3 \\\\u003Cunknown>\\\\n\"}}'}\n\n    def check_response(self, response: Dict[str, Any]) -> None:\n        \"\"\"Checks that a JSON response from the WebDriver does not have an\n        error.\n    \n        :Args:\n         - response - The JSON response from the WebDriver server as a dictionary\n           object.\n    \n        :Raises: If the response contains an error message.\n        \"\"\"\n        status = response.get(\"status\", None)\n        if not status or status == ErrorCode.SUCCESS:\n            return\n        value = None\n        message = response.get(\"message\", \"\")\n        screen: str = response.get(\"screen\", \"\")\n        stacktrace = None\n        if isinstance(status, int):\n            value_json = response.get(\"value\", None)\n            if value_json and isinstance(value_json, str):\n                import json\n    \n                try:\n                    value = json.loads(value_json)\n                    if len(value) == 1:\n                        value = value[\"value\"]\n                    status = value.get(\"error\", None)\n                    if not status:\n                        status = value.get(\"status\", ErrorCode.UNKNOWN_ERROR)\n                        message = value.get(\"value\") or value.get(\"message\")\n                        if not isinstance(message, str):\n                            value = message\n                            message = message.get(\"message\")\n                    else:\n                        message = value.get(\"message\", None)\n                except ValueError:\n                    pass\n    \n        exception_class: Type[WebDriverException]\n        e = ErrorCode()\n        error_codes = [item for item in dir(e) if not item.startswith(\"__\")]\n        for error_code in error_codes:\n            error_info = getattr(ErrorCode, error_code)\n            if isinstance(error_info, list) and status in error_info:\n                exception_class = getattr(ExceptionMapping, error_code, WebDriverException)\n                break\n        else:\n            exception_class = WebDriverException\n    \n        if not value:\n            value = response[\"value\"]\n        if isinstance(value, str):\n            raise exception_class(value)\n        if message == \"\" and \"message\" in value:\n            message = value[\"message\"]\n    \n        screen = None  # type: ignore[assignment]\n        if \"screen\" in value:\n            screen = value[\"screen\"]\n    \n        stacktrace = None\n        st_value = value.get(\"stackTrace\") or value.get(\"stacktrace\")\n        if st_value:\n            if isinstance(st_value, str):\n                stacktrace = st_value.split(\"\\n\")\n            else:\n                stacktrace = []\n                try:\n                    for frame in st_value:\n                        line = frame.get(\"lineNumber\", \"\")\n                        file = frame.get(\"fileName\", \"<anonymous>\")\n                        if line:\n                            file = f\"{file}:{line}\"\n                        meth = frame.get(\"methodName\", \"<anonymous>\")\n                        if \"className\" in frame:\n                            meth = f\"{frame['className']}.{meth}\"\n                        msg = \"    at %s (%s)\"\n                        msg = msg % (meth, file)\n                        stacktrace.append(msg)\n                except TypeError:\n                    pass\n        if exception_class == UnexpectedAlertPresentException:\n            alert_text = None\n            if \"data\" in value:\n                alert_text = value[\"data\"].get(\"text\")\n            elif \"alert\" in value:\n                alert_text = value[\"alert\"].get(\"text\")\n            raise exception_class(message, screen, stacktrace, alert_text)  # type: ignore[call-arg]  # mypy is not smart enough here\n>       raise exception_class(message, screen, stacktrace)\nE       selenium.common.exceptions.NoSuchElementException: Message: no such element: Unable to locate element: {\"method\":\"css selector\",\"selector\":\"[id=\"ContentPlaceHolderDefault_ctl13_nptLLPG2_25_addresslookup_txtTmpPostcode\"]\"}\nE         (Session info: headless chrome=118.0.5993.117); For documentation on this error, please visit: https://www.selenium.dev/documentation/webdriver/troubleshooting/errors#no-such-element-exception\nE       Stacktrace:\nE       #0 0x55ab1537afb3 <unknown>\nE       #1 0x55ab1504e4a7 <unknown>\nE       #2 0x55ab15095dd6 <unknown>\nE       #3 0x55ab15095ec1 <unknown>\nE       #4 0x55ab150d3354 <unknown>\nE       #5 0x55ab150b796d <unknown>\nE       #6 0x55ab150d0c02 <unknown>\nE       #7 0x55ab150b7713 <unknown>\nE       #8 0x55ab1508a18b <unknown>\nE       #9 0x55ab1508af7e <unknown>\nE       #10 0x55ab153408d8 <unknown>\nE       #11 0x55ab15344800 <unknown>\nE       #12 0x55ab1534ecfc <unknown>\nE       #13 0x55ab15345418 <unknown>\nE       #14 0x55ab1531242f <unknown>\nE       #15 0x55ab153694e8 <unknown>\nE       #16 0x55ab153696b4 <unknown>\nE       #17 0x55ab1537a143 <unknown>\nE       #18 0x7fa638694ac3 <unknown>\n\n../../../.cache/pypoetry/virtualenvs/uk-bin-collection-EwS6Gn8s-py3.10/lib/python3.10/site-packages/selenium/webdriver/remote/errorhandler.py:229: NoSuchElementException","flaky":false,"newFailed":false,"newBroken":false,"newPassed":false,"retriesCount":0,"retriesStatusChange":false,"beforeStages":[],"testStage":{"status":"failed","statusMessage":"selenium.common.exceptions.NoSuchElementException: Message: no such element: Unable to locate element: {\"method\":\"css selector\",\"selector\":\"[id=\"ContentPlaceHolderDefault_ctl13_nptLLPG2_25_addresslookup_txtTmpPostcode\"]\"}\n  (Session info: headless chrome=118.0.5993.117); For documentation on this error, please visit: https://www.selenium.dev/documentation/webdriver/troubleshooting/errors#no-such-element-exception\nStacktrace:\n#0 0x55ab1537afb3 <unknown>\n#1 0x55ab1504e4a7 <unknown>\n#2 0x55ab15095dd6 <unknown>\n#3 0x55ab15095ec1 <unknown>\n#4 0x55ab150d3354 <unknown>\n#5 0x55ab150b796d <unknown>\n#6 0x55ab150d0c02 <unknown>\n#7 0x55ab150b7713 <unknown>\n#8 0x55ab1508a18b <unknown>\n#9 0x55ab1508af7e <unknown>\n#10 0x55ab153408d8 <unknown>\n#11 0x55ab15344800 <unknown>\n#12 0x55ab1534ecfc <unknown>\n#13 0x55ab15345418 <unknown>\n#14 0x55ab1531242f <unknown>\n#15 0x55ab153694e8 <unknown>\n#16 0x55ab153696b4 <unknown>\n#17 0x55ab1537a143 <unknown>\n#18 0x7fa638694ac3 <unknown>","statusTrace":"fixturefunc = <function scrape_step at 0x7f603d40ab00>\nrequest = <FixtureRequest for <Function test_scenario_outline[NeathPortTalbotCouncil]>>\nkwargs = {'context': <test_validate_council.context.<locals>.Context object at 0x7f603098c430>, 'council': 'NeathPortTalbotCouncil'}\n\n    def call_fixture_func(\n        fixturefunc: \"_FixtureFunc[FixtureValue]\", request: FixtureRequest, kwargs\n    ) -> FixtureValue:\n        if is_generator(fixturefunc):\n            fixturefunc = cast(\n                Callable[..., Generator[FixtureValue, None, None]], fixturefunc\n            )\n            generator = fixturefunc(**kwargs)\n            try:\n                fixture_result = next(generator)\n            except StopIteration:\n                raise ValueError(f\"{request.fixturename} did not yield a value\") from None\n            finalizer = functools.partial(_teardown_yield_fixture, fixturefunc, generator)\n            request.addfinalizer(finalizer)\n        else:\n            fixturefunc = cast(Callable[..., FixtureValue], fixturefunc)\n>           fixture_result = fixturefunc(**kwargs)\n\n../../../.cache/pypoetry/virtualenvs/uk-bin-collection-EwS6Gn8s-py3.10/lib/python3.10/site-packages/_pytest/fixtures.py:902: \n_ _ _ _ _ _ _ _ _ _ _ _ _ _ _ _ _ _ _ _ _ _ _ _ _ _ _ _ _ _ _ _ _ _ _ _ _ _ _ _ \nuk_bin_collection/tests/step_defs/test_validate_council.py:62: in scrape_step\n    raise (err)\nuk_bin_collection/tests/step_defs/test_validate_council.py:58: in scrape_step\n    context.parse_result = CollectData.run()\nuk_bin_collection/uk_bin_collection/collect_data.py:71: in run\n    return self.client_code(\nuk_bin_collection/uk_bin_collection/collect_data.py:59: in client_code\n    return get_bin_data_class.template_method(address_url, **kwargs)\nuk_bin_collection/uk_bin_collection/get_bin_data.py:70: in template_method\n    bin_data_dict = self.parse_data(\nuk_bin_collection/uk_bin_collection/councils/NeathPortTalbotCouncil.py:49: in parse_data\n    inputElement_postcode = driver.find_element(\n../../../.cache/pypoetry/virtualenvs/uk-bin-collection-EwS6Gn8s-py3.10/lib/python3.10/site-packages/selenium/webdriver/remote/webdriver.py:738: in find_element\n    return self.execute(Command.FIND_ELEMENT, {\"using\": by, \"value\": value})[\"value\"]\n../../../.cache/pypoetry/virtualenvs/uk-bin-collection-EwS6Gn8s-py3.10/lib/python3.10/site-packages/selenium/webdriver/remote/webdriver.py:344: in execute\n    self.error_handler.check_response(response)\n_ _ _ _ _ _ _ _ _ _ _ _ _ _ _ _ _ _ _ _ _ _ _ _ _ _ _ _ _ _ _ _ _ _ _ _ _ _ _ _ \n\nself = <selenium.webdriver.remote.errorhandler.ErrorHandler object at 0x7f60309b69e0>\nresponse = {'status': 404, 'value': '{\"value\":{\"error\":\"no such element\",\"message\":\"no such element: Unable to locate element: {\\...\\\\n#16 0x55ab153696b4 \\\\u003Cunknown>\\\\n#17 0x55ab1537a143 \\\\u003Cunknown>\\\\n#18 0x7fa638694ac3 \\\\u003Cunknown>\\\\n\"}}'}\n\n    def check_response(self, response: Dict[str, Any]) -> None:\n        \"\"\"Checks that a JSON response from the WebDriver does not have an\n        error.\n    \n        :Args:\n         - response - The JSON response from the WebDriver server as a dictionary\n           object.\n    \n        :Raises: If the response contains an error message.\n        \"\"\"\n        status = response.get(\"status\", None)\n        if not status or status == ErrorCode.SUCCESS:\n            return\n        value = None\n        message = response.get(\"message\", \"\")\n        screen: str = response.get(\"screen\", \"\")\n        stacktrace = None\n        if isinstance(status, int):\n            value_json = response.get(\"value\", None)\n            if value_json and isinstance(value_json, str):\n                import json\n    \n                try:\n                    value = json.loads(value_json)\n                    if len(value) == 1:\n                        value = value[\"value\"]\n                    status = value.get(\"error\", None)\n                    if not status:\n                        status = value.get(\"status\", ErrorCode.UNKNOWN_ERROR)\n                        message = value.get(\"value\") or value.get(\"message\")\n                        if not isinstance(message, str):\n                            value = message\n                            message = message.get(\"message\")\n                    else:\n                        message = value.get(\"message\", None)\n                except ValueError:\n                    pass\n    \n        exception_class: Type[WebDriverException]\n        e = ErrorCode()\n        error_codes = [item for item in dir(e) if not item.startswith(\"__\")]\n        for error_code in error_codes:\n            error_info = getattr(ErrorCode, error_code)\n            if isinstance(error_info, list) and status in error_info:\n                exception_class = getattr(ExceptionMapping, error_code, WebDriverException)\n                break\n        else:\n            exception_class = WebDriverException\n    \n        if not value:\n            value = response[\"value\"]\n        if isinstance(value, str):\n            raise exception_class(value)\n        if message == \"\" and \"message\" in value:\n            message = value[\"message\"]\n    \n        screen = None  # type: ignore[assignment]\n        if \"screen\" in value:\n            screen = value[\"screen\"]\n    \n        stacktrace = None\n        st_value = value.get(\"stackTrace\") or value.get(\"stacktrace\")\n        if st_value:\n            if isinstance(st_value, str):\n                stacktrace = st_value.split(\"\\n\")\n            else:\n                stacktrace = []\n                try:\n                    for frame in st_value:\n                        line = frame.get(\"lineNumber\", \"\")\n                        file = frame.get(\"fileName\", \"<anonymous>\")\n                        if line:\n                            file = f\"{file}:{line}\"\n                        meth = frame.get(\"methodName\", \"<anonymous>\")\n                        if \"className\" in frame:\n                            meth = f\"{frame['className']}.{meth}\"\n                        msg = \"    at %s (%s)\"\n                        msg = msg % (meth, file)\n                        stacktrace.append(msg)\n                except TypeError:\n                    pass\n        if exception_class == UnexpectedAlertPresentException:\n            alert_text = None\n            if \"data\" in value:\n                alert_text = value[\"data\"].get(\"text\")\n            elif \"alert\" in value:\n                alert_text = value[\"alert\"].get(\"text\")\n            raise exception_class(message, screen, stacktrace, alert_text)  # type: ignore[call-arg]  # mypy is not smart enough here\n>       raise exception_class(message, screen, stacktrace)\nE       selenium.common.exceptions.NoSuchElementException: Message: no such element: Unable to locate element: {\"method\":\"css selector\",\"selector\":\"[id=\"ContentPlaceHolderDefault_ctl13_nptLLPG2_25_addresslookup_txtTmpPostcode\"]\"}\nE         (Session info: headless chrome=118.0.5993.117); For documentation on this error, please visit: https://www.selenium.dev/documentation/webdriver/troubleshooting/errors#no-such-element-exception\nE       Stacktrace:\nE       #0 0x55ab1537afb3 <unknown>\nE       #1 0x55ab1504e4a7 <unknown>\nE       #2 0x55ab15095dd6 <unknown>\nE       #3 0x55ab15095ec1 <unknown>\nE       #4 0x55ab150d3354 <unknown>\nE       #5 0x55ab150b796d <unknown>\nE       #6 0x55ab150d0c02 <unknown>\nE       #7 0x55ab150b7713 <unknown>\nE       #8 0x55ab1508a18b <unknown>\nE       #9 0x55ab1508af7e <unknown>\nE       #10 0x55ab153408d8 <unknown>\nE       #11 0x55ab15344800 <unknown>\nE       #12 0x55ab1534ecfc <unknown>\nE       #13 0x55ab15345418 <unknown>\nE       #14 0x55ab1531242f <unknown>\nE       #15 0x55ab153694e8 <unknown>\nE       #16 0x55ab153696b4 <unknown>\nE       #17 0x55ab1537a143 <unknown>\nE       #18 0x7fa638694ac3 <unknown>\n\n../../../.cache/pypoetry/virtualenvs/uk-bin-collection-EwS6Gn8s-py3.10/lib/python3.10/site-packages/selenium/webdriver/remote/errorhandler.py:229: NoSuchElementException","steps":[{"name":"Given the council: NeathPortTalbotCouncil","time":{"start":1698455530463,"stop":1698455530463,"duration":0},"status":"passed","steps":[],"attachments":[],"parameters":[],"shouldDisplayMessage":false,"stepsCount":0,"attachmentsCount":0,"hasContent":false},{"name":"When we scrape the data from NeathPortTalbotCouncil","time":{"start":1698455530464,"stop":1698455533361,"duration":2897},"status":"failed","statusMessage":"Message: no such element: Unable to locate element: {\"method\":\"css selector\",\"selector\":\"[id=\"ContentPlaceHolderDefault_ctl13_nptLLPG2_25_addresslookup_txtTmpPostcode\"]\"}\n  (Session info: headless chrome=118.0.5993.117); For documentation on this error, please visit: https://www.selenium.dev/documentation/webdriver/troubleshooting/errors#no-such-element-exception\nStacktrace:\n#0 0x55ab1537afb3 <unknown>\n#1 0x55ab1504e4a7 <unknown>\n#2 0x55ab15095dd6 <unknown>\n#3 0x55ab15095ec1 <unknown>\n#4 0x55ab150d3354 <unknown>\n#5 0x55ab150b796d <unknown>\n#6 0x55ab150d0c02 <unknown>\n#7 0x55ab150b7713 <unknown>\n#8 0x55ab1508a18b <unknown>\n#9 0x55ab1508af7e <unknown>\n#10 0x55ab153408d8 <unknown>\n#11 0x55ab15344800 <unknown>\n#12 0x55ab1534ecfc <unknown>\n#13 0x55ab15345418 <unknown>\n#14 0x55ab1531242f <unknown>\n#15 0x55ab153694e8 <unknown>\n#16 0x55ab153696b4 <unknown>\n#17 0x55ab1537a143 <unknown>\n#18 0x7fa638694ac3 <unknown>\n","statusTrace":"selenium.common.exceptions.NoSuchElementException: Message: no such element: Unable to locate element: {\"method\":\"css selector\",\"selector\":\"[id=\"ContentPlaceHolderDefault_ctl13_nptLLPG2_25_addresslookup_txtTmpPostcode\"]\"}\n  (Session info: headless chrome=118.0.5993.117); For documentation on this error, please visit: https://www.selenium.dev/documentation/webdriver/troubleshooting/errors#no-such-element-exception\nStacktrace:\n#0 0x55ab1537afb3 <unknown>\n#1 0x55ab1504e4a7 <unknown>\n#2 0x55ab15095dd6 <unknown>\n#3 0x55ab15095ec1 <unknown>\n#4 0x55ab150d3354 <unknown>\n#5 0x55ab150b796d <unknown>\n#6 0x55ab150d0c02 <unknown>\n#7 0x55ab150b7713 <unknown>\n#8 0x55ab1508a18b <unknown>\n#9 0x55ab1508af7e <unknown>\n#10 0x55ab153408d8 <unknown>\n#11 0x55ab15344800 <unknown>\n#12 0x55ab1534ecfc <unknown>\n#13 0x55ab15345418 <unknown>\n#14 0x55ab1531242f <unknown>\n#15 0x55ab153694e8 <unknown>\n#16 0x55ab153696b4 <unknown>\n#17 0x55ab1537a143 <unknown>\n#18 0x7fa638694ac3 <unknown>\n\n","steps":[],"attachments":[],"parameters":[],"shouldDisplayMessage":true,"stepsCount":0,"attachmentsCount":0,"hasContent":true}],"attachments":[],"parameters":[],"shouldDisplayMessage":true,"stepsCount":2,"attachmentsCount":0,"hasContent":true},"afterStages":[],"labels":[{"name":"host","value":"fv-az593-563"},{"name":"thread","value":"2176-MainThread"},{"name":"framework","value":"pytest-bdd"},{"name":"language","value":"cpython3"},{"name":"feature","value":"Test each council output matches expected results in /outputs"},{"name":"resultFormat","value":"allure2"}],"parameters":[{"name":"council","value":"NeathPortTalbotCouncil"}],"links":[],"hidden":false,"retry":false,"extra":{"severity":"normal","retries":[],"categories":[{"name":"Product defects","matchedStatuses":[],"flaky":false}],"history":{"statistic":{"failed":14,"broken":0,"skipped":0,"passed":8,"unknown":0,"total":22},"items":[{"uid":"d45a12b932dd1d3c","reportUrl":"https://robbrad.github.io/UKBinCollectionData/3.10/1051//#testresult/d45a12b932dd1d3c","status":"failed","statusDetails":"selenium.common.exceptions.NoSuchElementException: Message: no such element: Unable to locate element: {\"method\":\"css selector\",\"selector\":\"[id=\"ContentPlaceHolderDefault_ctl13_nptLLPG2_25_addresslookup_txtTmpPostcode\"]\"}\n  (Session info: headless chrome=118.0.5993.117); For documentation on this error, please visit: https://www.selenium.dev/documentation/webdriver/troubleshooting/errors#no-such-element-exception\nStacktrace:\n#0 0x55ead8708fb3 <unknown>\n#1 0x55ead83dc4a7 <unknown>\n#2 0x55ead8423dd6 <unknown>\n#3 0x55ead8423ec1 <unknown>\n#4 0x55ead8461354 <unknown>\n#5 0x55ead844596d <unknown>\n#6 0x55ead845ec02 <unknown>\n#7 0x55ead8445713 <unknown>\n#8 0x55ead841818b <unknown>\n#9 0x55ead8418f7e <unknown>\n#10 0x55ead86ce8d8 <unknown>\n#11 0x55ead86d2800 <unknown>\n#12 0x55ead86dccfc <unknown>\n#13 0x55ead86d3418 <unknown>\n#14 0x55ead86a042f <unknown>\n#15 0x55ead86f74e8 <unknown>\n#16 0x55ead86f76b4 <unknown>\n#17 0x55ead8708143 <unknown>\n#18 0x7f8a60894ac3 <unknown>","time":{"start":1698369224190,"stop":1698369227792,"duration":3602}},{"uid":"608325b63676d40e","reportUrl":"https://robbrad.github.io/UKBinCollectionData/3.10/1050//#testresult/608325b63676d40e","status":"failed","statusDetails":"selenium.common.exceptions.NoSuchElementException: Message: no such element: Unable to locate element: {\"method\":\"css selector\",\"selector\":\"[id=\"ContentPlaceHolderDefault_ctl13_nptLLPG2_25_addresslookup_txtTmpPostcode\"]\"}\n  (Session info: headless chrome=118.0.5993.88); For documentation on this error, please visit: https://www.selenium.dev/documentation/webdriver/troubleshooting/errors#no-such-element-exception\nStacktrace:\n#0 0x5569ece13fb3 <unknown>\n#1 0x5569ecae74a7 <unknown>\n#2 0x5569ecb2edd6 <unknown>\n#3 0x5569ecb2eec1 <unknown>\n#4 0x5569ecb6c354 <unknown>\n#5 0x5569ecb5096d <unknown>\n#6 0x5569ecb69c02 <unknown>\n#7 0x5569ecb50713 <unknown>\n#8 0x5569ecb2318b <unknown>\n#9 0x5569ecb23f7e <unknown>\n#10 0x5569ecdd98d8 <unknown>\n#11 0x5569ecddd800 <unknown>\n#12 0x5569ecde7cfc <unknown>\n#13 0x5569ecdde418 <unknown>\n#14 0x5569ecdab42f <unknown>\n#15 0x5569ece024e8 <unknown>\n#16 0x5569ece026b4 <unknown>\n#17 0x5569ece13143 <unknown>\n#18 0x7fe474894ac3 <unknown>","time":{"start":1698282803998,"stop":1698282808682,"duration":4684}},{"uid":"cbe1a2fbe008b072","reportUrl":"https://robbrad.github.io/UKBinCollectionData/3.10/1049//#testresult/cbe1a2fbe008b072","status":"failed","statusDetails":"selenium.common.exceptions.NoSuchElementException: Message: no such element: Unable to locate element: {\"method\":\"css selector\",\"selector\":\"[id=\"ContentPlaceHolderDefault_ctl13_nptLLPG2_25_addresslookup_txtTmpPostcode\"]\"}\n  (Session info: headless chrome=118.0.5993.70); For documentation on this error, please visit: https://www.selenium.dev/documentation/webdriver/troubleshooting/errors#no-such-element-exception\nStacktrace:\n#0 0x55cdc4ac3fb3 <unknown>\n#1 0x55cdc47974a7 <unknown>\n#2 0x55cdc47dedd6 <unknown>\n#3 0x55cdc47deec1 <unknown>\n#4 0x55cdc481c354 <unknown>\n#5 0x55cdc480096d <unknown>\n#6 0x55cdc4819c02 <unknown>\n#7 0x55cdc4800713 <unknown>\n#8 0x55cdc47d318b <unknown>\n#9 0x55cdc47d3f7e <unknown>\n#10 0x55cdc4a898d8 <unknown>\n#11 0x55cdc4a8d800 <unknown>\n#12 0x55cdc4a97cfc <unknown>\n#13 0x55cdc4a8e418 <unknown>\n#14 0x55cdc4a5b42f <unknown>\n#15 0x55cdc4ab24e8 <unknown>\n#16 0x55cdc4ab26b4 <unknown>\n#17 0x55cdc4ac3143 <unknown>\n#18 0x7fc6bd094ac3 <unknown>","time":{"start":1698196475076,"stop":1698196478831,"duration":3755}},{"uid":"c63a9a87ffcfa456","reportUrl":"https://robbrad.github.io/UKBinCollectionData/3.10/1048//#testresult/c63a9a87ffcfa456","status":"failed","statusDetails":"selenium.common.exceptions.NoSuchElementException: Message: no such element: Unable to locate element: {\"method\":\"css selector\",\"selector\":\"[id=\"ContentPlaceHolderDefault_ctl13_nptLLPG2_25_addresslookup_txtTmpPostcode\"]\"}\n  (Session info: headless chrome=118.0.5993.70); For documentation on this error, please visit: https://www.selenium.dev/documentation/webdriver/troubleshooting/errors#no-such-element-exception\nStacktrace:\n#0 0x556a81783fb3 <unknown>\n#1 0x556a814574a7 <unknown>\n#2 0x556a8149edd6 <unknown>\n#3 0x556a8149eec1 <unknown>\n#4 0x556a814dc354 <unknown>\n#5 0x556a814c096d <unknown>\n#6 0x556a814d9c02 <unknown>\n#7 0x556a814c0713 <unknown>\n#8 0x556a8149318b <unknown>\n#9 0x556a81493f7e <unknown>\n#10 0x556a817498d8 <unknown>\n#11 0x556a8174d800 <unknown>\n#12 0x556a81757cfc <unknown>\n#13 0x556a8174e418 <unknown>\n#14 0x556a8171b42f <unknown>\n#15 0x556a817724e8 <unknown>\n#16 0x556a817726b4 <unknown>\n#17 0x556a81783143 <unknown>\n#18 0x7f4144894ac3 <unknown>","time":{"start":1698178211953,"stop":1698178215751,"duration":3798}},{"uid":"a49ec3ba2ebe0aa6","reportUrl":"https://robbrad.github.io/UKBinCollectionData/3.10/1047//#testresult/a49ec3ba2ebe0aa6","status":"failed","statusDetails":"selenium.common.exceptions.NoSuchElementException: Message: no such element: Unable to locate element: {\"method\":\"css selector\",\"selector\":\"[id=\"ContentPlaceHolderDefault_ctl13_nptLLPG2_25_addresslookup_txtTmpPostcode\"]\"}\n  (Session info: headless chrome=118.0.5993.88); For documentation on this error, please visit: https://www.selenium.dev/documentation/webdriver/troubleshooting/errors#no-such-element-exception\nStacktrace:\n#0 0x55e9d22bafb3 <unknown>\n#1 0x55e9d1f8e4a7 <unknown>\n#2 0x55e9d1fd5dd6 <unknown>\n#3 0x55e9d1fd5ec1 <unknown>\n#4 0x55e9d2013354 <unknown>\n#5 0x55e9d1ff796d <unknown>\n#6 0x55e9d2010c02 <unknown>\n#7 0x55e9d1ff7713 <unknown>\n#8 0x55e9d1fca18b <unknown>\n#9 0x55e9d1fcaf7e <unknown>\n#10 0x55e9d22808d8 <unknown>\n#11 0x55e9d2284800 <unknown>\n#12 0x55e9d228ecfc <unknown>\n#13 0x55e9d2285418 <unknown>\n#14 0x55e9d225242f <unknown>\n#15 0x55e9d22a94e8 <unknown>\n#16 0x55e9d22a96b4 <unknown>\n#17 0x55e9d22ba143 <unknown>\n#18 0x7fd26ca94ac3 <unknown>","time":{"start":1698178151635,"stop":1698178160436,"duration":8801}},{"uid":"b6382ad2a51b1221","reportUrl":"https://robbrad.github.io/UKBinCollectionData/3.10/1046//#testresult/b6382ad2a51b1221","status":"failed","statusDetails":"selenium.common.exceptions.ElementClickInterceptedException: Message: element click intercepted: Element is not clickable at point (589, 627)\n  (Session info: headless chrome=118.0.5993.70)\nStacktrace:\n#0 0x55bd55ee7fb3 <unknown>\n#1 0x55bd55bbb4a7 <unknown>\n#2 0x55bd55c08ecd <unknown>\n#3 0x55bd55c0726d <unknown>\n#4 0x55bd55c05028 <unknown>\n#5 0x55bd55c04097 <unknown>\n#6 0x55bd55bf8d59 <unknown>\n#7 0x55bd55c24942 <unknown>\n#8 0x55bd55bf8776 <unknown>\n#9 0x55bd55c24b0e <unknown>\n#10 0x55bd55c3dc02 <unknown>\n#11 0x55bd55c24713 <unknown>\n#12 0x55bd55bf718b <unknown>\n#13 0x55bd55bf7f7e <unknown>\n#14 0x55bd55ead8d8 <unknown>\n#15 0x55bd55eb1800 <unknown>\n#16 0x55bd55ebbcfc <unknown>\n#17 0x55bd55eb2418 <unknown>\n#18 0x55bd55e7f42f <unknown>\n#19 0x55bd55ed64e8 <unknown>\n#20 0x55bd55ed66b4 <unknown>\n#21 0x55bd55ee7143 <unknown>\n#22 0x7fdae0e94ac3 <unknown>","time":{"start":1698110077874,"stop":1698110081953,"duration":4079}},{"uid":"f4aa3d3cfb9ea909","reportUrl":"https://robbrad.github.io/UKBinCollectionData/3.10/1044//#testresult/f4aa3d3cfb9ea909","status":"failed","statusDetails":"ValueError: time data 'Monday, 23\\xa0October (Today) 2023' does not match format '%A, %d %B %Y'","time":{"start":1698064841569,"stop":1698064846793,"duration":5224}},{"uid":"4201967d5eb3b749","reportUrl":"https://robbrad.github.io/UKBinCollectionData/3.10/1045//#testresult/4201967d5eb3b749","status":"failed","statusDetails":"selenium.common.exceptions.ElementClickInterceptedException: Message: element click intercepted: Element is not clickable at point (589, 636)\n  (Session info: headless chrome=118.0.5993.70)\nStacktrace:\n#0 0x5636b23bcfb3 <unknown>\n#1 0x5636b20904a7 <unknown>\n#2 0x5636b20ddecd <unknown>\n#3 0x5636b20dc26d <unknown>\n#4 0x5636b20da028 <unknown>\n#5 0x5636b20d9097 <unknown>\n#6 0x5636b20cdd59 <unknown>\n#7 0x5636b20f9942 <unknown>\n#8 0x5636b20cd776 <unknown>\n#9 0x5636b20f9b0e <unknown>\n#10 0x5636b2112c02 <unknown>\n#11 0x5636b20f9713 <unknown>\n#12 0x5636b20cc18b <unknown>\n#13 0x5636b20ccf7e <unknown>\n#14 0x5636b23828d8 <unknown>\n#15 0x5636b2386800 <unknown>\n#16 0x5636b2390cfc <unknown>\n#17 0x5636b2387418 <unknown>\n#18 0x5636b235442f <unknown>\n#19 0x5636b23ab4e8 <unknown>\n#20 0x5636b23ab6b4 <unknown>\n#21 0x5636b23bc143 <unknown>\n#22 0x7ff469a94ac3 <unknown>","time":{"start":1698064873681,"stop":1698064883258,"duration":9577}},{"uid":"e347791793ed0919","reportUrl":"https://robbrad.github.io/UKBinCollectionData/3.10/1042//#testresult/e347791793ed0919","status":"failed","statusDetails":"ValueError: time data 'Monday, 23\\xa0October (Today) 2023' does not match format '%A, %d %B %Y'","time":{"start":1698023961079,"stop":1698023968409,"duration":7330}},{"uid":"a9b0f8114c54ce0a","reportUrl":"https://robbrad.github.io/UKBinCollectionData/3.10/1040//#testresult/a9b0f8114c54ce0a","status":"failed","statusDetails":"selenium.common.exceptions.ElementClickInterceptedException: Message: element click intercepted: Element is not clickable at point (589, 618)\n  (Session info: headless chrome=118.0.5993.70)\nStacktrace:\n#0 0x55751d72ffb3 <unknown>\n#1 0x55751d4034a7 <unknown>\n#2 0x55751d450ecd <unknown>\n#3 0x55751d44f26d <unknown>\n#4 0x55751d44d028 <unknown>\n#5 0x55751d44c097 <unknown>\n#6 0x55751d440d59 <unknown>\n#7 0x55751d46c942 <unknown>\n#8 0x55751d440776 <unknown>\n#9 0x55751d46cb0e <unknown>\n#10 0x55751d485c02 <unknown>\n#11 0x55751d46c713 <unknown>\n#12 0x55751d43f18b <unknown>\n#13 0x55751d43ff7e <unknown>\n#14 0x55751d6f58d8 <unknown>\n#15 0x55751d6f9800 <unknown>\n#16 0x55751d703cfc <unknown>\n#17 0x55751d6fa418 <unknown>\n#18 0x55751d6c742f <unknown>\n#19 0x55751d71e4e8 <unknown>\n#20 0x55751d71e6b4 <unknown>\n#21 0x55751d72f143 <unknown>\n#22 0x7f5197e94ac3 <unknown>","time":{"start":1697937810924,"stop":1697937815819,"duration":4895}},{"uid":"6bde0fa1c08cde8a","reportUrl":"https://robbrad.github.io/UKBinCollectionData/3.10/1039//#testresult/6bde0fa1c08cde8a","status":"passed","time":{"start":1697850980577,"stop":1697850987157,"duration":6580}},{"uid":"a37fe46628fd60cc","reportUrl":"https://robbrad.github.io/UKBinCollectionData/3.10/1037//#testresult/a37fe46628fd60cc","status":"passed","time":{"start":1697790385535,"stop":1697790390692,"duration":5157}},{"uid":"d6e1778b316c718b","reportUrl":"https://robbrad.github.io/UKBinCollectionData/3.10/1036//#testresult/d6e1778b316c718b","status":"passed","time":{"start":1697790403889,"stop":1697790410336,"duration":6447}},{"uid":"1d84327eec603902","reportUrl":"https://robbrad.github.io/UKBinCollectionData/3.10/1034//#testresult/1d84327eec603902","status":"failed","statusDetails":"selenium.common.exceptions.ElementClickInterceptedException: Message: element click intercepted: Element is not clickable at point (589, 618)\n  (Session info: headless chrome=118.0.5993.70)\nStacktrace:\n#0 0x555e5ab6cfb3 <unknown>\n#1 0x555e5a8404a7 <unknown>\n#2 0x555e5a88decd <unknown>\n#3 0x555e5a88c26d <unknown>\n#4 0x555e5a88a028 <unknown>\n#5 0x555e5a889097 <unknown>\n#6 0x555e5a87dd59 <unknown>\n#7 0x555e5a8a9942 <unknown>\n#8 0x555e5a87d776 <unknown>\n#9 0x555e5a8a9b0e <unknown>\n#10 0x555e5a8c2c02 <unknown>\n#11 0x555e5a8a9713 <unknown>\n#12 0x555e5a87c18b <unknown>\n#13 0x555e5a87cf7e <unknown>\n#14 0x555e5ab328d8 <unknown>\n#15 0x555e5ab36800 <unknown>\n#16 0x555e5ab40cfc <unknown>\n#17 0x555e5ab37418 <unknown>\n#18 0x555e5ab0442f <unknown>\n#19 0x555e5ab5b4e8 <unknown>\n#20 0x555e5ab5b6b4 <unknown>\n#21 0x555e5ab6c143 <unknown>\n#22 0x7ffb1da94ac3 <unknown>","time":{"start":1697764486196,"stop":1697764491651,"duration":5455}},{"uid":"626ba009f20cac9","reportUrl":"https://robbrad.github.io/UKBinCollectionData/3.10/1033//#testresult/626ba009f20cac9","status":"passed","time":{"start":1697706657669,"stop":1697706665010,"duration":7341}},{"uid":"edb68e8281d486e6","reportUrl":"https://robbrad.github.io/UKBinCollectionData/3.10/1032//#testresult/edb68e8281d486e6","status":"passed","time":{"start":1697706607981,"stop":1697706613980,"duration":5999}},{"uid":"938f67edf2e558d","reportUrl":"https://robbrad.github.io/UKBinCollectionData/3.10/1030//#testresult/938f67edf2e558d","status":"failed","statusDetails":"json.decoder.JSONDecodeError: Expecting ',' delimiter: line 181 column 5 (char 9185)","time":{"start":1697702048571,"stop":1697702048572,"duration":1}},{"uid":"7936db50370adcda","reportUrl":"https://robbrad.github.io/UKBinCollectionData/3.10/1027//#testresult/7936db50370adcda","status":"passed","time":{"start":1697696170081,"stop":1697696176406,"duration":6325}},{"uid":"49cd99ad90905eed","reportUrl":"https://robbrad.github.io/UKBinCollectionData/3.10/1025//#testresult/49cd99ad90905eed","status":"failed","statusDetails":"selenium.common.exceptions.ElementClickInterceptedException: Message: element click intercepted: Element is not clickable at point (589, 618)\n  (Session info: headless chrome=118.0.5993.70)\nStacktrace:\n#0 0x56356894ffb3 <unknown>\n#1 0x5635686234a7 <unknown>\n#2 0x563568670ecd <unknown>\n#3 0x56356866f26d <unknown>\n#4 0x56356866d028 <unknown>\n#5 0x56356866c097 <unknown>\n#6 0x563568660d59 <unknown>\n#7 0x56356868c942 <unknown>\n#8 0x563568660776 <unknown>\n#9 0x56356868cb0e <unknown>\n#10 0x5635686a5c02 <unknown>\n#11 0x56356868c713 <unknown>\n#12 0x56356865f18b <unknown>\n#13 0x56356865ff7e <unknown>\n#14 0x5635689158d8 <unknown>\n#15 0x563568919800 <unknown>\n#16 0x563568923cfc <unknown>\n#17 0x56356891a418 <unknown>\n#18 0x5635688e742f <unknown>\n#19 0x56356893e4e8 <unknown>\n#20 0x56356893e6b4 <unknown>\n#21 0x56356894f143 <unknown>\n#22 0x7f6923694ac3 <unknown>","time":{"start":1697678094615,"stop":1697678099095,"duration":4480}},{"uid":"7964699214828a86","reportUrl":"https://robbrad.github.io/UKBinCollectionData/3.10/1023//#testresult/7964699214828a86","status":"passed","time":{"start":1697666583890,"stop":1697666590663,"duration":6773}}]},"tags":[]},"source":"a9045f259c471cbb.json","parameterValues":["NeathPortTalbotCouncil"]}