{"uid":"5496ad307135dbe3","name":"Validate Council Output [NeathPortTalbotCouncil-http://selenium:4444-local]","fullName":"features/validate_council_outputs.feature:Validate Council Output","historyId":"68717d64a9b5b73045a4198b6f1e2a64","time":{"start":1712136943034,"stop":1712136946905,"duration":3871},"status":"failed","statusMessage":"selenium.common.exceptions.NoSuchElementException: Message: no such element: Unable to locate element: {\"method\":\"css selector\",\"selector\":\"[id=\"ContentPlaceHolderDefault_ctl13_nptLLPG2_25_addresslookup_txtTmpPostcode\"]\"}\n  (Session info: chrome-headless-shell=123.0.6312.58); For documentation on this error, please visit: https://www.selenium.dev/documentation/webdriver/troubleshooting/errors#no-such-element-exception\nStacktrace:\n#0 0x561fb07fb8a3 <unknown>\n#1 0x561fb04f18c6 <unknown>\n#2 0x561fb053c618 <unknown>\n#3 0x561fb053c6d1 <unknown>\n#4 0x561fb057f744 <unknown>\n#5 0x561fb055e5cd <unknown>\n#6 0x561fb057cc19 <unknown>\n#7 0x561fb055e343 <unknown>\n#8 0x561fb052f593 <unknown>\n#9 0x561fb052ff5e <unknown>\n#10 0x561fb07bf88b <unknown>\n#11 0x561fb07c37e5 <unknown>\n#12 0x561fb07ad5b1 <unknown>\n#13 0x561fb07c4372 <unknown>\n#14 0x561fb07928bf <unknown>\n#15 0x561fb07ea768 <unknown>\n#16 0x561fb07ea93b <unknown>\n#17 0x561fb07fa9f4 <unknown>\n#18 0x7febe9e94ac3 <unknown>","statusTrace":"fixturefunc = <function scrape_step at 0x7fef51f73250>\nrequest = <FixtureRequest for <Function test_scenario_outline[NeathPortTalbotCouncil-http://selenium:4444-local]>>\nkwargs = {'context': <test_validate_council.context.<locals>.Context object at 0x7fef50f56ec0>, 'council': 'NeathPortTalbotCouncil', 'selenium_mode': 'local', 'selenium_url': 'http://selenium:4444'}\n\n    def call_fixture_func(\n        fixturefunc: \"_FixtureFunc[FixtureValue]\", request: FixtureRequest, kwargs\n    ) -> FixtureValue:\n        if is_generator(fixturefunc):\n            fixturefunc = cast(\n                Callable[..., Generator[FixtureValue, None, None]], fixturefunc\n            )\n            generator = fixturefunc(**kwargs)\n            try:\n                fixture_result = next(generator)\n            except StopIteration:\n                raise ValueError(f\"{request.fixturename} did not yield a value\") from None\n            finalizer = functools.partial(_teardown_yield_fixture, fixturefunc, generator)\n            request.addfinalizer(finalizer)\n        else:\n            fixturefunc = cast(Callable[..., FixtureValue], fixturefunc)\n>           fixture_result = fixturefunc(**kwargs)\n\n../../../.cache/pypoetry/virtualenvs/uk-bin-collection-EwS6Gn8s-py3.10/lib/python3.10/site-packages/_pytest/fixtures.py:902: \n_ _ _ _ _ _ _ _ _ _ _ _ _ _ _ _ _ _ _ _ _ _ _ _ _ _ _ _ _ _ _ _ _ _ _ _ _ _ _ _ \nuk_bin_collection/tests/step_defs/test_validate_council.py:92: in scrape_step\n    context.parse_result = CollectData.run()\nuk_bin_collection/uk_bin_collection/collect_data.py:96: in run\n    return self.client_code(\nuk_bin_collection/uk_bin_collection/collect_data.py:115: in client_code\n    return get_bin_data_class.template_method(address_url, **kwargs)\nuk_bin_collection/uk_bin_collection/get_bin_data.py:78: in template_method\n    bin_data_dict = self.parse_data(\nuk_bin_collection/uk_bin_collection/councils/NeathPortTalbotCouncil.py:42: in parse_data\n    inputElement_postcode = driver.find_element(\n../../../.cache/pypoetry/virtualenvs/uk-bin-collection-EwS6Gn8s-py3.10/lib/python3.10/site-packages/selenium/webdriver/remote/webdriver.py:738: in find_element\n    return self.execute(Command.FIND_ELEMENT, {\"using\": by, \"value\": value})[\"value\"]\n../../../.cache/pypoetry/virtualenvs/uk-bin-collection-EwS6Gn8s-py3.10/lib/python3.10/site-packages/selenium/webdriver/remote/webdriver.py:344: in execute\n    self.error_handler.check_response(response)\n_ _ _ _ _ _ _ _ _ _ _ _ _ _ _ _ _ _ _ _ _ _ _ _ _ _ _ _ _ _ _ _ _ _ _ _ _ _ _ _ \n\nself = <selenium.webdriver.remote.errorhandler.ErrorHandler object at 0x7fef51d7e7d0>\nresponse = {'status': 404, 'value': '{\"value\":{\"error\":\"no such element\",\"message\":\"no such element: Unable to locate element: {\\...\\\\n#16 0x561fb07ea93b \\\\u003Cunknown>\\\\n#17 0x561fb07fa9f4 \\\\u003Cunknown>\\\\n#18 0x7febe9e94ac3 \\\\u003Cunknown>\\\\n\"}}'}\n\n    def check_response(self, response: Dict[str, Any]) -> None:\n        \"\"\"Checks that a JSON response from the WebDriver does not have an\n        error.\n    \n        :Args:\n         - response - The JSON response from the WebDriver server as a dictionary\n           object.\n    \n        :Raises: If the response contains an error message.\n        \"\"\"\n        status = response.get(\"status\", None)\n        if not status or status == ErrorCode.SUCCESS:\n            return\n        value = None\n        message = response.get(\"message\", \"\")\n        screen: str = response.get(\"screen\", \"\")\n        stacktrace = None\n        if isinstance(status, int):\n            value_json = response.get(\"value\", None)\n            if value_json and isinstance(value_json, str):\n                import json\n    \n                try:\n                    value = json.loads(value_json)\n                    if len(value) == 1:\n                        value = value[\"value\"]\n                    status = value.get(\"error\", None)\n                    if not status:\n                        status = value.get(\"status\", ErrorCode.UNKNOWN_ERROR)\n                        message = value.get(\"value\") or value.get(\"message\")\n                        if not isinstance(message, str):\n                            value = message\n                            message = message.get(\"message\")\n                    else:\n                        message = value.get(\"message\", None)\n                except ValueError:\n                    pass\n    \n        exception_class: Type[WebDriverException]\n        e = ErrorCode()\n        error_codes = [item for item in dir(e) if not item.startswith(\"__\")]\n        for error_code in error_codes:\n            error_info = getattr(ErrorCode, error_code)\n            if isinstance(error_info, list) and status in error_info:\n                exception_class = getattr(ExceptionMapping, error_code, WebDriverException)\n                break\n        else:\n            exception_class = WebDriverException\n    \n        if not value:\n            value = response[\"value\"]\n        if isinstance(value, str):\n            raise exception_class(value)\n        if message == \"\" and \"message\" in value:\n            message = value[\"message\"]\n    \n        screen = None  # type: ignore[assignment]\n        if \"screen\" in value:\n            screen = value[\"screen\"]\n    \n        stacktrace = None\n        st_value = value.get(\"stackTrace\") or value.get(\"stacktrace\")\n        if st_value:\n            if isinstance(st_value, str):\n                stacktrace = st_value.split(\"\\n\")\n            else:\n                stacktrace = []\n                try:\n                    for frame in st_value:\n                        line = frame.get(\"lineNumber\", \"\")\n                        file = frame.get(\"fileName\", \"<anonymous>\")\n                        if line:\n                            file = f\"{file}:{line}\"\n                        meth = frame.get(\"methodName\", \"<anonymous>\")\n                        if \"className\" in frame:\n                            meth = f\"{frame['className']}.{meth}\"\n                        msg = \"    at %s (%s)\"\n                        msg = msg % (meth, file)\n                        stacktrace.append(msg)\n                except TypeError:\n                    pass\n        if exception_class == UnexpectedAlertPresentException:\n            alert_text = None\n            if \"data\" in value:\n                alert_text = value[\"data\"].get(\"text\")\n            elif \"alert\" in value:\n                alert_text = value[\"alert\"].get(\"text\")\n            raise exception_class(message, screen, stacktrace, alert_text)  # type: ignore[call-arg]  # mypy is not smart enough here\n>       raise exception_class(message, screen, stacktrace)\nE       selenium.common.exceptions.NoSuchElementException: Message: no such element: Unable to locate element: {\"method\":\"css selector\",\"selector\":\"[id=\"ContentPlaceHolderDefault_ctl13_nptLLPG2_25_addresslookup_txtTmpPostcode\"]\"}\nE         (Session info: chrome-headless-shell=123.0.6312.58); For documentation on this error, please visit: https://www.selenium.dev/documentation/webdriver/troubleshooting/errors#no-such-element-exception\nE       Stacktrace:\nE       #0 0x561fb07fb8a3 <unknown>\nE       #1 0x561fb04f18c6 <unknown>\nE       #2 0x561fb053c618 <unknown>\nE       #3 0x561fb053c6d1 <unknown>\nE       #4 0x561fb057f744 <unknown>\nE       #5 0x561fb055e5cd <unknown>\nE       #6 0x561fb057cc19 <unknown>\nE       #7 0x561fb055e343 <unknown>\nE       #8 0x561fb052f593 <unknown>\nE       #9 0x561fb052ff5e <unknown>\nE       #10 0x561fb07bf88b <unknown>\nE       #11 0x561fb07c37e5 <unknown>\nE       #12 0x561fb07ad5b1 <unknown>\nE       #13 0x561fb07c4372 <unknown>\nE       #14 0x561fb07928bf <unknown>\nE       #15 0x561fb07ea768 <unknown>\nE       #16 0x561fb07ea93b <unknown>\nE       #17 0x561fb07fa9f4 <unknown>\nE       #18 0x7febe9e94ac3 <unknown>\n\n../../../.cache/pypoetry/virtualenvs/uk-bin-collection-EwS6Gn8s-py3.10/lib/python3.10/site-packages/selenium/webdriver/remote/errorhandler.py:229: NoSuchElementException","flaky":false,"newFailed":false,"newBroken":false,"newPassed":false,"retriesCount":0,"retriesStatusChange":false,"beforeStages":[],"testStage":{"status":"failed","statusMessage":"selenium.common.exceptions.NoSuchElementException: Message: no such element: Unable to locate element: {\"method\":\"css selector\",\"selector\":\"[id=\"ContentPlaceHolderDefault_ctl13_nptLLPG2_25_addresslookup_txtTmpPostcode\"]\"}\n  (Session info: chrome-headless-shell=123.0.6312.58); For documentation on this error, please visit: https://www.selenium.dev/documentation/webdriver/troubleshooting/errors#no-such-element-exception\nStacktrace:\n#0 0x561fb07fb8a3 <unknown>\n#1 0x561fb04f18c6 <unknown>\n#2 0x561fb053c618 <unknown>\n#3 0x561fb053c6d1 <unknown>\n#4 0x561fb057f744 <unknown>\n#5 0x561fb055e5cd <unknown>\n#6 0x561fb057cc19 <unknown>\n#7 0x561fb055e343 <unknown>\n#8 0x561fb052f593 <unknown>\n#9 0x561fb052ff5e <unknown>\n#10 0x561fb07bf88b <unknown>\n#11 0x561fb07c37e5 <unknown>\n#12 0x561fb07ad5b1 <unknown>\n#13 0x561fb07c4372 <unknown>\n#14 0x561fb07928bf <unknown>\n#15 0x561fb07ea768 <unknown>\n#16 0x561fb07ea93b <unknown>\n#17 0x561fb07fa9f4 <unknown>\n#18 0x7febe9e94ac3 <unknown>","statusTrace":"fixturefunc = <function scrape_step at 0x7fef51f73250>\nrequest = <FixtureRequest for <Function test_scenario_outline[NeathPortTalbotCouncil-http://selenium:4444-local]>>\nkwargs = {'context': <test_validate_council.context.<locals>.Context object at 0x7fef50f56ec0>, 'council': 'NeathPortTalbotCouncil', 'selenium_mode': 'local', 'selenium_url': 'http://selenium:4444'}\n\n    def call_fixture_func(\n        fixturefunc: \"_FixtureFunc[FixtureValue]\", request: FixtureRequest, kwargs\n    ) -> FixtureValue:\n        if is_generator(fixturefunc):\n            fixturefunc = cast(\n                Callable[..., Generator[FixtureValue, None, None]], fixturefunc\n            )\n            generator = fixturefunc(**kwargs)\n            try:\n                fixture_result = next(generator)\n            except StopIteration:\n                raise ValueError(f\"{request.fixturename} did not yield a value\") from None\n            finalizer = functools.partial(_teardown_yield_fixture, fixturefunc, generator)\n            request.addfinalizer(finalizer)\n        else:\n            fixturefunc = cast(Callable[..., FixtureValue], fixturefunc)\n>           fixture_result = fixturefunc(**kwargs)\n\n../../../.cache/pypoetry/virtualenvs/uk-bin-collection-EwS6Gn8s-py3.10/lib/python3.10/site-packages/_pytest/fixtures.py:902: \n_ _ _ _ _ _ _ _ _ _ _ _ _ _ _ _ _ _ _ _ _ _ _ _ _ _ _ _ _ _ _ _ _ _ _ _ _ _ _ _ \nuk_bin_collection/tests/step_defs/test_validate_council.py:92: in scrape_step\n    context.parse_result = CollectData.run()\nuk_bin_collection/uk_bin_collection/collect_data.py:96: in run\n    return self.client_code(\nuk_bin_collection/uk_bin_collection/collect_data.py:115: in client_code\n    return get_bin_data_class.template_method(address_url, **kwargs)\nuk_bin_collection/uk_bin_collection/get_bin_data.py:78: in template_method\n    bin_data_dict = self.parse_data(\nuk_bin_collection/uk_bin_collection/councils/NeathPortTalbotCouncil.py:42: in parse_data\n    inputElement_postcode = driver.find_element(\n../../../.cache/pypoetry/virtualenvs/uk-bin-collection-EwS6Gn8s-py3.10/lib/python3.10/site-packages/selenium/webdriver/remote/webdriver.py:738: in find_element\n    return self.execute(Command.FIND_ELEMENT, {\"using\": by, \"value\": value})[\"value\"]\n../../../.cache/pypoetry/virtualenvs/uk-bin-collection-EwS6Gn8s-py3.10/lib/python3.10/site-packages/selenium/webdriver/remote/webdriver.py:344: in execute\n    self.error_handler.check_response(response)\n_ _ _ _ _ _ _ _ _ _ _ _ _ _ _ _ _ _ _ _ _ _ _ _ _ _ _ _ _ _ _ _ _ _ _ _ _ _ _ _ \n\nself = <selenium.webdriver.remote.errorhandler.ErrorHandler object at 0x7fef51d7e7d0>\nresponse = {'status': 404, 'value': '{\"value\":{\"error\":\"no such element\",\"message\":\"no such element: Unable to locate element: {\\...\\\\n#16 0x561fb07ea93b \\\\u003Cunknown>\\\\n#17 0x561fb07fa9f4 \\\\u003Cunknown>\\\\n#18 0x7febe9e94ac3 \\\\u003Cunknown>\\\\n\"}}'}\n\n    def check_response(self, response: Dict[str, Any]) -> None:\n        \"\"\"Checks that a JSON response from the WebDriver does not have an\n        error.\n    \n        :Args:\n         - response - The JSON response from the WebDriver server as a dictionary\n           object.\n    \n        :Raises: If the response contains an error message.\n        \"\"\"\n        status = response.get(\"status\", None)\n        if not status or status == ErrorCode.SUCCESS:\n            return\n        value = None\n        message = response.get(\"message\", \"\")\n        screen: str = response.get(\"screen\", \"\")\n        stacktrace = None\n        if isinstance(status, int):\n            value_json = response.get(\"value\", None)\n            if value_json and isinstance(value_json, str):\n                import json\n    \n                try:\n                    value = json.loads(value_json)\n                    if len(value) == 1:\n                        value = value[\"value\"]\n                    status = value.get(\"error\", None)\n                    if not status:\n                        status = value.get(\"status\", ErrorCode.UNKNOWN_ERROR)\n                        message = value.get(\"value\") or value.get(\"message\")\n                        if not isinstance(message, str):\n                            value = message\n                            message = message.get(\"message\")\n                    else:\n                        message = value.get(\"message\", None)\n                except ValueError:\n                    pass\n    \n        exception_class: Type[WebDriverException]\n        e = ErrorCode()\n        error_codes = [item for item in dir(e) if not item.startswith(\"__\")]\n        for error_code in error_codes:\n            error_info = getattr(ErrorCode, error_code)\n            if isinstance(error_info, list) and status in error_info:\n                exception_class = getattr(ExceptionMapping, error_code, WebDriverException)\n                break\n        else:\n            exception_class = WebDriverException\n    \n        if not value:\n            value = response[\"value\"]\n        if isinstance(value, str):\n            raise exception_class(value)\n        if message == \"\" and \"message\" in value:\n            message = value[\"message\"]\n    \n        screen = None  # type: ignore[assignment]\n        if \"screen\" in value:\n            screen = value[\"screen\"]\n    \n        stacktrace = None\n        st_value = value.get(\"stackTrace\") or value.get(\"stacktrace\")\n        if st_value:\n            if isinstance(st_value, str):\n                stacktrace = st_value.split(\"\\n\")\n            else:\n                stacktrace = []\n                try:\n                    for frame in st_value:\n                        line = frame.get(\"lineNumber\", \"\")\n                        file = frame.get(\"fileName\", \"<anonymous>\")\n                        if line:\n                            file = f\"{file}:{line}\"\n                        meth = frame.get(\"methodName\", \"<anonymous>\")\n                        if \"className\" in frame:\n                            meth = f\"{frame['className']}.{meth}\"\n                        msg = \"    at %s (%s)\"\n                        msg = msg % (meth, file)\n                        stacktrace.append(msg)\n                except TypeError:\n                    pass\n        if exception_class == UnexpectedAlertPresentException:\n            alert_text = None\n            if \"data\" in value:\n                alert_text = value[\"data\"].get(\"text\")\n            elif \"alert\" in value:\n                alert_text = value[\"alert\"].get(\"text\")\n            raise exception_class(message, screen, stacktrace, alert_text)  # type: ignore[call-arg]  # mypy is not smart enough here\n>       raise exception_class(message, screen, stacktrace)\nE       selenium.common.exceptions.NoSuchElementException: Message: no such element: Unable to locate element: {\"method\":\"css selector\",\"selector\":\"[id=\"ContentPlaceHolderDefault_ctl13_nptLLPG2_25_addresslookup_txtTmpPostcode\"]\"}\nE         (Session info: chrome-headless-shell=123.0.6312.58); For documentation on this error, please visit: https://www.selenium.dev/documentation/webdriver/troubleshooting/errors#no-such-element-exception\nE       Stacktrace:\nE       #0 0x561fb07fb8a3 <unknown>\nE       #1 0x561fb04f18c6 <unknown>\nE       #2 0x561fb053c618 <unknown>\nE       #3 0x561fb053c6d1 <unknown>\nE       #4 0x561fb057f744 <unknown>\nE       #5 0x561fb055e5cd <unknown>\nE       #6 0x561fb057cc19 <unknown>\nE       #7 0x561fb055e343 <unknown>\nE       #8 0x561fb052f593 <unknown>\nE       #9 0x561fb052ff5e <unknown>\nE       #10 0x561fb07bf88b <unknown>\nE       #11 0x561fb07c37e5 <unknown>\nE       #12 0x561fb07ad5b1 <unknown>\nE       #13 0x561fb07c4372 <unknown>\nE       #14 0x561fb07928bf <unknown>\nE       #15 0x561fb07ea768 <unknown>\nE       #16 0x561fb07ea93b <unknown>\nE       #17 0x561fb07fa9f4 <unknown>\nE       #18 0x7febe9e94ac3 <unknown>\n\n../../../.cache/pypoetry/virtualenvs/uk-bin-collection-EwS6Gn8s-py3.10/lib/python3.10/site-packages/selenium/webdriver/remote/errorhandler.py:229: NoSuchElementException","steps":[{"name":"Given the council: NeathPortTalbotCouncil","time":{"start":1712136943035,"stop":1712136943035,"duration":0},"status":"passed","steps":[],"attachments":[],"parameters":[],"shouldDisplayMessage":false,"stepsCount":0,"attachmentsCount":0,"hasContent":false,"attachmentStep":false},{"name":"When we scrape the data from NeathPortTalbotCouncil using local and the http://selenium:4444 is set","time":{"start":1712136943035,"stop":1712136946905,"duration":3870},"status":"failed","statusMessage":"Message: no such element: Unable to locate element: {\"method\":\"css selector\",\"selector\":\"[id=\"ContentPlaceHolderDefault_ctl13_nptLLPG2_25_addresslookup_txtTmpPostcode\"]\"}\n  (Session info: chrome-headless-shell=123.0.6312.58); For documentation on this error, please visit: https://www.selenium.dev/documentation/webdriver/troubleshooting/errors#no-such-element-exception\nStacktrace:\n#0 0x561fb07fb8a3 <unknown>\n#1 0x561fb04f18c6 <unknown>\n#2 0x561fb053c618 <unknown>\n#3 0x561fb053c6d1 <unknown>\n#4 0x561fb057f744 <unknown>\n#5 0x561fb055e5cd <unknown>\n#6 0x561fb057cc19 <unknown>\n#7 0x561fb055e343 <unknown>\n#8 0x561fb052f593 <unknown>\n#9 0x561fb052ff5e <unknown>\n#10 0x561fb07bf88b <unknown>\n#11 0x561fb07c37e5 <unknown>\n#12 0x561fb07ad5b1 <unknown>\n#13 0x561fb07c4372 <unknown>\n#14 0x561fb07928bf <unknown>\n#15 0x561fb07ea768 <unknown>\n#16 0x561fb07ea93b <unknown>\n#17 0x561fb07fa9f4 <unknown>\n#18 0x7febe9e94ac3 <unknown>\n","statusTrace":"selenium.common.exceptions.NoSuchElementException: Message: no such element: Unable to locate element: {\"method\":\"css selector\",\"selector\":\"[id=\"ContentPlaceHolderDefault_ctl13_nptLLPG2_25_addresslookup_txtTmpPostcode\"]\"}\n  (Session info: chrome-headless-shell=123.0.6312.58); For documentation on this error, please visit: https://www.selenium.dev/documentation/webdriver/troubleshooting/errors#no-such-element-exception\nStacktrace:\n#0 0x561fb07fb8a3 <unknown>\n#1 0x561fb04f18c6 <unknown>\n#2 0x561fb053c618 <unknown>\n#3 0x561fb053c6d1 <unknown>\n#4 0x561fb057f744 <unknown>\n#5 0x561fb055e5cd <unknown>\n#6 0x561fb057cc19 <unknown>\n#7 0x561fb055e343 <unknown>\n#8 0x561fb052f593 <unknown>\n#9 0x561fb052ff5e <unknown>\n#10 0x561fb07bf88b <unknown>\n#11 0x561fb07c37e5 <unknown>\n#12 0x561fb07ad5b1 <unknown>\n#13 0x561fb07c4372 <unknown>\n#14 0x561fb07928bf <unknown>\n#15 0x561fb07ea768 <unknown>\n#16 0x561fb07ea93b <unknown>\n#17 0x561fb07fa9f4 <unknown>\n#18 0x7febe9e94ac3 <unknown>\n\n","steps":[],"attachments":[],"parameters":[],"shouldDisplayMessage":true,"stepsCount":0,"attachmentsCount":0,"hasContent":true,"attachmentStep":false}],"attachments":[],"parameters":[],"shouldDisplayMessage":true,"stepsCount":2,"attachmentsCount":0,"hasContent":true,"attachmentStep":false},"afterStages":[],"labels":[{"name":"host","value":"fv-az1380-551"},{"name":"thread","value":"2824-MainThread"},{"name":"framework","value":"pytest-bdd"},{"name":"language","value":"cpython3"},{"name":"feature","value":"Test each council output matches expected results"},{"name":"resultFormat","value":"allure2"}],"parameters":[{"name":"council","value":"NeathPortTalbotCouncil"},{"name":"selenium_mode","value":"local"},{"name":"selenium_url","value":"http://selenium:4444"}],"links":[],"hidden":false,"retry":false,"extra":{"severity":"normal","retries":[],"categories":[{"name":"Product defects","matchedStatuses":[],"flaky":false}],"history":{"statistic":{"failed":222,"broken":0,"skipped":0,"passed":13,"unknown":0,"total":235},"items":[{"uid":"7f88fa68e463d5fb","reportUrl":"https://robbrad.github.io/UKBinCollectionData/3.10/1655//#testresult/7f88fa68e463d5fb","status":"failed","statusDetails":"selenium.common.exceptions.NoSuchElementException: Message: no such element: Unable to locate element: {\"method\":\"css selector\",\"selector\":\"[id=\"ContentPlaceHolderDefault_ctl13_nptLLPG2_25_addresslookup_txtTmpPostcode\"]\"}\n  (Session info: chrome-headless-shell=123.0.6312.58); For documentation on this error, please visit: https://www.selenium.dev/documentation/webdriver/troubleshooting/errors#no-such-element-exception\nStacktrace:\n#0 0x5649034478a3 <unknown>\n#1 0x56490313d8c6 <unknown>\n#2 0x564903188618 <unknown>\n#3 0x5649031886d1 <unknown>\n#4 0x5649031cb744 <unknown>\n#5 0x5649031aa5cd <unknown>\n#6 0x5649031c8c19 <unknown>\n#7 0x5649031aa343 <unknown>\n#8 0x56490317b593 <unknown>\n#9 0x56490317bf5e <unknown>\n#10 0x56490340b88b <unknown>\n#11 0x56490340f7e5 <unknown>\n#12 0x5649033f95b1 <unknown>\n#13 0x564903410372 <unknown>\n#14 0x5649033de8bf <unknown>\n#15 0x564903436768 <unknown>\n#16 0x56490343693b <unknown>\n#17 0x5649034469f4 <unknown>\n#18 0x7f6704494ac3 <unknown>","time":{"start":1712104022788,"stop":1712104026324,"duration":3536}},{"uid":"729e81c38c54ec75","reportUrl":"https://robbrad.github.io/UKBinCollectionData/3.10/1654//#testresult/729e81c38c54ec75","status":"failed","statusDetails":"selenium.common.exceptions.NoSuchElementException: Message: no such element: Unable to locate element: {\"method\":\"css selector\",\"selector\":\"[id=\"ContentPlaceHolderDefault_ctl13_nptLLPG2_25_addresslookup_txtTmpPostcode\"]\"}\n  (Session info: chrome-headless-shell=123.0.6312.58); For documentation on this error, please visit: https://www.selenium.dev/documentation/webdriver/troubleshooting/errors#no-such-element-exception\nStacktrace:\n#0 0x55c1205458a3 <unknown>\n#1 0x55c12023b8c6 <unknown>\n#2 0x55c120286618 <unknown>\n#3 0x55c1202866d1 <unknown>\n#4 0x55c1202c9744 <unknown>\n#5 0x55c1202a85cd <unknown>\n#6 0x55c1202c6c19 <unknown>\n#7 0x55c1202a8343 <unknown>\n#8 0x55c120279593 <unknown>\n#9 0x55c120279f5e <unknown>\n#10 0x55c12050988b <unknown>\n#11 0x55c12050d7e5 <unknown>\n#12 0x55c1204f75b1 <unknown>\n#13 0x55c12050e372 <unknown>\n#14 0x55c1204dc8bf <unknown>\n#15 0x55c120534768 <unknown>\n#16 0x55c12053493b <unknown>\n#17 0x55c1205449f4 <unknown>\n#18 0x7f7137894ac3 <unknown>","time":{"start":1712017665970,"stop":1712017669367,"duration":3397}},{"uid":"e8c1e044db638731","reportUrl":"https://robbrad.github.io/UKBinCollectionData/3.10/1653//#testresult/e8c1e044db638731","status":"failed","statusDetails":"selenium.common.exceptions.NoSuchElementException: Message: no such element: Unable to locate element: {\"method\":\"css selector\",\"selector\":\"[id=\"ContentPlaceHolderDefault_ctl13_nptLLPG2_25_addresslookup_txtTmpPostcode\"]\"}\n  (Session info: chrome-headless-shell=123.0.6312.58); For documentation on this error, please visit: https://www.selenium.dev/documentation/webdriver/troubleshooting/errors#no-such-element-exception\nStacktrace:\n#0 0x561c503da8a3 <unknown>\n#1 0x561c500d08c6 <unknown>\n#2 0x561c5011b618 <unknown>\n#3 0x561c5011b6d1 <unknown>\n#4 0x561c5015e744 <unknown>\n#5 0x561c5013d5cd <unknown>\n#6 0x561c5015bc19 <unknown>\n#7 0x561c5013d343 <unknown>\n#8 0x561c5010e593 <unknown>\n#9 0x561c5010ef5e <unknown>\n#10 0x561c5039e88b <unknown>\n#11 0x561c503a27e5 <unknown>\n#12 0x561c5038c5b1 <unknown>\n#13 0x561c503a3372 <unknown>\n#14 0x561c503718bf <unknown>\n#15 0x561c503c9768 <unknown>\n#16 0x561c503c993b <unknown>\n#17 0x561c503d99f4 <unknown>\n#18 0x7f8b4b894ac3 <unknown>","time":{"start":1711931504751,"stop":1711931509607,"duration":4856}},{"uid":"6f2af42c3b02cf87","reportUrl":"https://robbrad.github.io/UKBinCollectionData/3.10/1652//#testresult/6f2af42c3b02cf87","status":"failed","statusDetails":"selenium.common.exceptions.NoSuchElementException: Message: no such element: Unable to locate element: {\"method\":\"css selector\",\"selector\":\"[id=\"ContentPlaceHolderDefault_ctl13_nptLLPG2_25_addresslookup_txtTmpPostcode\"]\"}\n  (Session info: chrome-headless-shell=123.0.6312.58); For documentation on this error, please visit: https://www.selenium.dev/documentation/webdriver/troubleshooting/errors#no-such-element-exception\nStacktrace:\n#0 0x55c46ca5a8a3 <unknown>\n#1 0x55c46c7508c6 <unknown>\n#2 0x55c46c79b618 <unknown>\n#3 0x55c46c79b6d1 <unknown>\n#4 0x55c46c7de744 <unknown>\n#5 0x55c46c7bd5cd <unknown>\n#6 0x55c46c7dbc19 <unknown>\n#7 0x55c46c7bd343 <unknown>\n#8 0x55c46c78e593 <unknown>\n#9 0x55c46c78ef5e <unknown>\n#10 0x55c46ca1e88b <unknown>\n#11 0x55c46ca227e5 <unknown>\n#12 0x55c46ca0c5b1 <unknown>\n#13 0x55c46ca23372 <unknown>\n#14 0x55c46c9f18bf <unknown>\n#15 0x55c46ca49768 <unknown>\n#16 0x55c46ca4993b <unknown>\n#17 0x55c46ca599f4 <unknown>\n#18 0x7fa631494ac3 <unknown>","time":{"start":1711845062081,"stop":1711845064952,"duration":2871}},{"uid":"1debe981b150f7fe","reportUrl":"https://robbrad.github.io/UKBinCollectionData/3.10/1649//#testresult/1debe981b150f7fe","status":"failed","statusDetails":"selenium.common.exceptions.NoSuchElementException: Message: no such element: Unable to locate element: {\"method\":\"css selector\",\"selector\":\"[id=\"ContentPlaceHolderDefault_ctl13_nptLLPG2_25_addresslookup_txtTmpPostcode\"]\"}\n  (Session info: chrome-headless-shell=123.0.6312.58); For documentation on this error, please visit: https://www.selenium.dev/documentation/webdriver/troubleshooting/errors#no-such-element-exception\nStacktrace:\n#0 0x5578bbf188a3 <unknown>\n#1 0x5578bbc0e8c6 <unknown>\n#2 0x5578bbc59618 <unknown>\n#3 0x5578bbc596d1 <unknown>\n#4 0x5578bbc9c744 <unknown>\n#5 0x5578bbc7b5cd <unknown>\n#6 0x5578bbc99c19 <unknown>\n#7 0x5578bbc7b343 <unknown>\n#8 0x5578bbc4c593 <unknown>\n#9 0x5578bbc4cf5e <unknown>\n#10 0x5578bbedc88b <unknown>\n#11 0x5578bbee07e5 <unknown>\n#12 0x5578bbeca5b1 <unknown>\n#13 0x5578bbee1372 <unknown>\n#14 0x5578bbeaf8bf <unknown>\n#15 0x5578bbf07768 <unknown>\n#16 0x5578bbf0793b <unknown>\n#17 0x5578bbf179f4 <unknown>\n#18 0x7f9885494ac3 <unknown>","time":{"start":1711672042767,"stop":1711672045785,"duration":3018}},{"uid":"26c2322af6821cd4","reportUrl":"https://robbrad.github.io/UKBinCollectionData/3.10/1648//#testresult/26c2322af6821cd4","status":"failed","statusDetails":"selenium.common.exceptions.ElementClickInterceptedException: Message: element click intercepted: Element is not clickable at point (589, 609)\n  (Session info: chrome-headless-shell=123.0.6312.58)\nStacktrace:\n#0 0x5561388c08a3 <unknown>\n#1 0x5561385b68c6 <unknown>\n#2 0x556138608233 <unknown>\n#3 0x55613860614e <unknown>\n#4 0x556138603b27 <unknown>\n#5 0x556138602ed3 <unknown>\n#6 0x5561385f6507 <unknown>\n#7 0x5561386235a2 <unknown>\n#8 0x5561385f5e98 <unknown>\n#9 0x55613862376e <unknown>\n#10 0x556138641c19 <unknown>\n#11 0x556138623343 <unknown>\n#12 0x5561385f4593 <unknown>\n#13 0x5561385f4f5e <unknown>\n#14 0x55613888488b <unknown>\n#15 0x5561388887e5 <unknown>\n#16 0x5561388725b1 <unknown>\n#17 0x556138889372 <unknown>\n#18 0x5561388578bf <unknown>\n#19 0x5561388af768 <unknown>\n#20 0x5561388af93b <unknown>\n#21 0x5561388bf9f4 <unknown>\n#22 0x7fa11f494ac3 <unknown>","time":{"start":1711585657910,"stop":1711585662569,"duration":4659}},{"uid":"acce0f72c6800aa7","reportUrl":"https://robbrad.github.io/UKBinCollectionData/3.10/1646//#testresult/acce0f72c6800aa7","status":"failed","statusDetails":"selenium.common.exceptions.NoSuchElementException: Message: no such element: Unable to locate element: {\"method\":\"css selector\",\"selector\":\"[id=\"ContentPlaceHolderDefault_ctl13_nptLLPG2_25_addresslookup_txtTmpPostcode\"]\"}\n  (Session info: chrome-headless-shell=122.0.6261.128); For documentation on this error, please visit: https://www.selenium.dev/documentation/webdriver/troubleshooting/errors#no-such-element-exception\nStacktrace:\n#0 0x55e661714f33 <unknown>\n#1 0x55e66140cce6 <unknown>\n#2 0x55e661457e48 <unknown>\n#3 0x55e661457f01 <unknown>\n#4 0x55e66149b3f4 <unknown>\n#5 0x55e661479edd <unknown>\n#6 0x55e661498899 <unknown>\n#7 0x55e661479c53 <unknown>\n#8 0x55e66144adb3 <unknown>\n#9 0x55e66144b77e <unknown>\n#10 0x55e6616da86b <unknown>\n#11 0x55e6616de885 <unknown>\n#12 0x55e6616c8181 <unknown>\n#13 0x55e6616df412 <unknown>\n#14 0x55e6616ac25f <unknown>\n#15 0x55e661703528 <unknown>\n#16 0x55e661703723 <unknown>\n#17 0x55e6617140e4 <unknown>\n#18 0x7f690cc94ac3 <unknown>","time":{"start":1711499269690,"stop":1711499274292,"duration":4602}},{"uid":"67f9251ddd6ed1e4","reportUrl":"https://robbrad.github.io/UKBinCollectionData/3.10/1645//#testresult/67f9251ddd6ed1e4","status":"failed","statusDetails":"selenium.common.exceptions.ElementClickInterceptedException: Message: element click intercepted: Element is not clickable at point (589, 618)\n  (Session info: chrome-headless-shell=122.0.6261.128)\nStacktrace:\n#0 0x5575be04ff33 <unknown>\n#1 0x5575bdd47ce6 <unknown>\n#2 0x5575bdd99a73 <unknown>\n#3 0x5575bdd9798e <unknown>\n#4 0x5575bdd95367 <unknown>\n#5 0x5575bdd94732 <unknown>\n#6 0x5575bdd87d27 <unknown>\n#7 0x5575bddb4eb2 <unknown>\n#8 0x5575bdd876b8 <unknown>\n#9 0x5575bddb507e <unknown>\n#10 0x5575bddd3899 <unknown>\n#11 0x5575bddb4c53 <unknown>\n#12 0x5575bdd85db3 <unknown>\n#13 0x5575bdd8677e <unknown>\n#14 0x5575be01586b <unknown>\n#15 0x5575be019885 <unknown>\n#16 0x5575be003181 <unknown>\n#17 0x5575be01a412 <unknown>\n#18 0x5575bdfe725f <unknown>\n#19 0x5575be03e528 <unknown>\n#20 0x5575be03e723 <unknown>\n#21 0x5575be04f0e4 <unknown>\n#22 0x7f7333c94ac3 <unknown>","time":{"start":1711412841844,"stop":1711412848839,"duration":6995}},{"uid":"1710d07d1fa45ff7","reportUrl":"https://robbrad.github.io/UKBinCollectionData/3.10/1641//#testresult/1710d07d1fa45ff7","status":"failed","statusDetails":"selenium.common.exceptions.NoSuchElementException: Message: no such element: Unable to locate element: {\"method\":\"css selector\",\"selector\":\"[id=\"ContentPlaceHolderDefault_ctl13_nptLLPG2_25_addresslookup_txtTmpPostcode\"]\"}\n  (Session info: chrome-headless-shell=122.0.6261.128); For documentation on this error, please visit: https://www.selenium.dev/documentation/webdriver/troubleshooting/errors#no-such-element-exception\nStacktrace:\n#0 0x55ca73ae1f33 <unknown>\n#1 0x55ca737d9ce6 <unknown>\n#2 0x55ca73824e48 <unknown>\n#3 0x55ca73824f01 <unknown>\n#4 0x55ca738683f4 <unknown>\n#5 0x55ca73846edd <unknown>\n#6 0x55ca73865899 <unknown>\n#7 0x55ca73846c53 <unknown>\n#8 0x55ca73817db3 <unknown>\n#9 0x55ca7381877e <unknown>\n#10 0x55ca73aa786b <unknown>\n#11 0x55ca73aab885 <unknown>\n#12 0x55ca73a95181 <unknown>\n#13 0x55ca73aac412 <unknown>\n#14 0x55ca73a7925f <unknown>\n#15 0x55ca73ad0528 <unknown>\n#16 0x55ca73ad0723 <unknown>\n#17 0x55ca73ae10e4 <unknown>\n#18 0x7f1753494ac3 <unknown>","time":{"start":1711326516127,"stop":1711326519101,"duration":2974}},{"uid":"a21fc71cb6c05048","reportUrl":"https://robbrad.github.io/UKBinCollectionData/3.10/1634//#testresult/a21fc71cb6c05048","status":"failed","statusDetails":"selenium.common.exceptions.NoSuchElementException: Message: no such element: Unable to locate element: {\"method\":\"css selector\",\"selector\":\"[id=\"ContentPlaceHolderDefault_ctl13_nptLLPG2_25_addresslookup_txtTmpPostcode\"]\"}\n  (Session info: chrome-headless-shell=122.0.6261.128); For documentation on this error, please visit: https://www.selenium.dev/documentation/webdriver/troubleshooting/errors#no-such-element-exception\nStacktrace:\n#0 0x55d085b00f33 <unknown>\n#1 0x55d0857f8ce6 <unknown>\n#2 0x55d085843e48 <unknown>\n#3 0x55d085843f01 <unknown>\n#4 0x55d0858873f4 <unknown>\n#5 0x55d085865edd <unknown>\n#6 0x55d085884899 <unknown>\n#7 0x55d085865c53 <unknown>\n#8 0x55d085836db3 <unknown>\n#9 0x55d08583777e <unknown>\n#10 0x55d085ac686b <unknown>\n#11 0x55d085aca885 <unknown>\n#12 0x55d085ab4181 <unknown>\n#13 0x55d085acb412 <unknown>\n#14 0x55d085a9825f <unknown>\n#15 0x55d085aef528 <unknown>\n#16 0x55d085aef723 <unknown>\n#17 0x55d085b000e4 <unknown>\n#18 0x7f66ba894ac3 <unknown>","time":{"start":1711240216210,"stop":1711240219160,"duration":2950}},{"uid":"9fa38b66620c41b","reportUrl":"https://robbrad.github.io/UKBinCollectionData/3.10/1626//#testresult/9fa38b66620c41b","status":"failed","statusDetails":"selenium.common.exceptions.NoSuchElementException: Message: no such element: Unable to locate element: {\"method\":\"css selector\",\"selector\":\"[id=\"ContentPlaceHolderDefault_ctl13_nptLLPG2_25_addresslookup_txtTmpPostcode\"]\"}\n  (Session info: chrome-headless-shell=122.0.6261.128); For documentation on this error, please visit: https://www.selenium.dev/documentation/webdriver/troubleshooting/errors#no-such-element-exception\nStacktrace:\n#0 0x5620f9d5ff33 <unknown>\n#1 0x5620f9a57ce6 <unknown>\n#2 0x5620f9aa2e48 <unknown>\n#3 0x5620f9aa2f01 <unknown>\n#4 0x5620f9ae63f4 <unknown>\n#5 0x5620f9ac4edd <unknown>\n#6 0x5620f9ae3899 <unknown>\n#7 0x5620f9ac4c53 <unknown>\n#8 0x5620f9a95db3 <unknown>\n#9 0x5620f9a9677e <unknown>\n#10 0x5620f9d2586b <unknown>\n#11 0x5620f9d29885 <unknown>\n#12 0x5620f9d13181 <unknown>\n#13 0x5620f9d2a412 <unknown>\n#14 0x5620f9cf725f <unknown>\n#15 0x5620f9d4e528 <unknown>\n#16 0x5620f9d4e723 <unknown>\n#17 0x5620f9d5f0e4 <unknown>\n#18 0x7fc2e0494ac3 <unknown>","time":{"start":1711153633938,"stop":1711153637537,"duration":3599}},{"uid":"e4e4d792ebf26d5d","reportUrl":"https://robbrad.github.io/UKBinCollectionData/3.10/1625//#testresult/e4e4d792ebf26d5d","status":"failed","statusDetails":"selenium.common.exceptions.NoSuchElementException: Message: no such element: Unable to locate element: {\"method\":\"css selector\",\"selector\":\"[id=\"ContentPlaceHolderDefault_ctl13_nptLLPG2_25_addresslookup_txtTmpPostcode\"]\"}\n  (Session info: chrome-headless-shell=122.0.6261.128); For documentation on this error, please visit: https://www.selenium.dev/documentation/webdriver/troubleshooting/errors#no-such-element-exception\nStacktrace:\n#0 0x55f31da82f33 <unknown>\n#1 0x55f31d77ace6 <unknown>\n#2 0x55f31d7c5e48 <unknown>\n#3 0x55f31d7c5f01 <unknown>\n#4 0x55f31d8093f4 <unknown>\n#5 0x55f31d7e7edd <unknown>\n#6 0x55f31d806899 <unknown>\n#7 0x55f31d7e7c53 <unknown>\n#8 0x55f31d7b8db3 <unknown>\n#9 0x55f31d7b977e <unknown>\n#10 0x55f31da4886b <unknown>\n#11 0x55f31da4c885 <unknown>\n#12 0x55f31da36181 <unknown>\n#13 0x55f31da4d412 <unknown>\n#14 0x55f31da1a25f <unknown>\n#15 0x55f31da71528 <unknown>\n#16 0x55f31da71723 <unknown>\n#17 0x55f31da820e4 <unknown>\n#18 0x7ff657894ac3 <unknown>","time":{"start":1711067253236,"stop":1711067256211,"duration":2975}},{"uid":"6afae099a68ef687","reportUrl":"https://robbrad.github.io/UKBinCollectionData/3.10/1624//#testresult/6afae099a68ef687","status":"failed","statusDetails":"selenium.common.exceptions.NoSuchElementException: Message: no such element: Unable to locate element: {\"method\":\"css selector\",\"selector\":\"[id=\"ContentPlaceHolderDefault_ctl13_nptLLPG2_25_addresslookup_txtTmpPostcode\"]\"}\n  (Session info: chrome-headless-shell=122.0.6261.128); For documentation on this error, please visit: https://www.selenium.dev/documentation/webdriver/troubleshooting/errors#no-such-element-exception\nStacktrace:\n#0 0x55f85ef10f33 <unknown>\n#1 0x55f85ec08ce6 <unknown>\n#2 0x55f85ec53e48 <unknown>\n#3 0x55f85ec53f01 <unknown>\n#4 0x55f85ec973f4 <unknown>\n#5 0x55f85ec75edd <unknown>\n#6 0x55f85ec94899 <unknown>\n#7 0x55f85ec75c53 <unknown>\n#8 0x55f85ec46db3 <unknown>\n#9 0x55f85ec4777e <unknown>\n#10 0x55f85eed686b <unknown>\n#11 0x55f85eeda885 <unknown>\n#12 0x55f85eec4181 <unknown>\n#13 0x55f85eedb412 <unknown>\n#14 0x55f85eea825f <unknown>\n#15 0x55f85eeff528 <unknown>\n#16 0x55f85eeff723 <unknown>\n#17 0x55f85ef100e4 <unknown>\n#18 0x7fb02e094ac3 <unknown>","time":{"start":1710980928409,"stop":1710980933140,"duration":4731}},{"uid":"bc3e67da92edecbd","reportUrl":"https://robbrad.github.io/UKBinCollectionData/3.10/1621//#testresult/bc3e67da92edecbd","status":"failed","statusDetails":"selenium.common.exceptions.NoSuchElementException: Message: no such element: Unable to locate element: {\"method\":\"css selector\",\"selector\":\"[id=\"ContentPlaceHolderDefault_ctl13_nptLLPG2_25_addresslookup_txtTmpPostcode\"]\"}\n  (Session info: chrome-headless-shell=122.0.6261.128); For documentation on this error, please visit: https://www.selenium.dev/documentation/webdriver/troubleshooting/errors#no-such-element-exception\nStacktrace:\n#0 0x55c36f4ecf33 <unknown>\n#1 0x55c36f1e4ce6 <unknown>\n#2 0x55c36f22fe48 <unknown>\n#3 0x55c36f22ff01 <unknown>\n#4 0x55c36f2733f4 <unknown>\n#5 0x55c36f251edd <unknown>\n#6 0x55c36f270899 <unknown>\n#7 0x55c36f251c53 <unknown>\n#8 0x55c36f222db3 <unknown>\n#9 0x55c36f22377e <unknown>\n#10 0x55c36f4b286b <unknown>\n#11 0x55c36f4b6885 <unknown>\n#12 0x55c36f4a0181 <unknown>\n#13 0x55c36f4b7412 <unknown>\n#14 0x55c36f48425f <unknown>\n#15 0x55c36f4db528 <unknown>\n#16 0x55c36f4db723 <unknown>\n#17 0x55c36f4ec0e4 <unknown>\n#18 0x7f63bbc94ac3 <unknown>","time":{"start":1710970996078,"stop":1710971000694,"duration":4616}},{"uid":"ba48a5af15e3580d","reportUrl":"https://robbrad.github.io/UKBinCollectionData/3.10/1619//#testresult/ba48a5af15e3580d","status":"failed","statusDetails":"selenium.common.exceptions.NoSuchElementException: Message: no such element: Unable to locate element: {\"method\":\"css selector\",\"selector\":\"[id=\"ContentPlaceHolderDefault_ctl13_nptLLPG2_25_addresslookup_txtTmpPostcode\"]\"}\n  (Session info: chrome-headless-shell=122.0.6261.111); For documentation on this error, please visit: https://www.selenium.dev/documentation/webdriver/troubleshooting/errors#no-such-element-exception\nStacktrace:\n#0 0x57a488e72f33 <unknown>\n#1 0x57a488b6ace6 <unknown>\n#2 0x57a488bb5e48 <unknown>\n#3 0x57a488bb5f01 <unknown>\n#4 0x57a488bf93f4 <unknown>\n#5 0x57a488bd7edd <unknown>\n#6 0x57a488bf6899 <unknown>\n#7 0x57a488bd7c53 <unknown>\n#8 0x57a488ba8db3 <unknown>\n#9 0x57a488ba977e <unknown>\n#10 0x57a488e3886b <unknown>\n#11 0x57a488e3c885 <unknown>\n#12 0x57a488e26181 <unknown>\n#13 0x57a488e3d412 <unknown>\n#14 0x57a488e0a25f <unknown>\n#15 0x57a488e61528 <unknown>\n#16 0x57a488e61723 <unknown>\n#17 0x57a488e720e4 <unknown>\n#18 0x7ecd4b494ac3 <unknown>","time":{"start":1710894457086,"stop":1710894460313,"duration":3227}},{"uid":"c0385a1d64810d16","reportUrl":"https://robbrad.github.io/UKBinCollectionData/3.10/1615//#testresult/c0385a1d64810d16","status":"failed","statusDetails":"selenium.common.exceptions.NoSuchElementException: Message: no such element: Unable to locate element: {\"method\":\"css selector\",\"selector\":\"[id=\"ContentPlaceHolderDefault_ctl13_nptLLPG2_25_addresslookup_txtTmpPostcode\"]\"}\n  (Session info: chrome-headless-shell=122.0.6261.128); For documentation on this error, please visit: https://www.selenium.dev/documentation/webdriver/troubleshooting/errors#no-such-element-exception\nStacktrace:\n#0 0x55b70c60ff33 <unknown>\n#1 0x55b70c307ce6 <unknown>\n#2 0x55b70c352e48 <unknown>\n#3 0x55b70c352f01 <unknown>\n#4 0x55b70c3963f4 <unknown>\n#5 0x55b70c374edd <unknown>\n#6 0x55b70c393899 <unknown>\n#7 0x55b70c374c53 <unknown>\n#8 0x55b70c345db3 <unknown>\n#9 0x55b70c34677e <unknown>\n#10 0x55b70c5d586b <unknown>\n#11 0x55b70c5d9885 <unknown>\n#12 0x55b70c5c3181 <unknown>\n#13 0x55b70c5da412 <unknown>\n#14 0x55b70c5a725f <unknown>\n#15 0x55b70c5fe528 <unknown>\n#16 0x55b70c5fe723 <unknown>\n#17 0x55b70c60f0e4 <unknown>\n#18 0x7fe955294ac3 <unknown>","time":{"start":1710808116062,"stop":1710808119625,"duration":3563}},{"uid":"d68b87e447ce795e","reportUrl":"https://robbrad.github.io/UKBinCollectionData/3.10/1609//#testresult/d68b87e447ce795e","status":"failed","statusDetails":"selenium.common.exceptions.NoSuchElementException: Message: no such element: Unable to locate element: {\"method\":\"css selector\",\"selector\":\"[id=\"ContentPlaceHolderDefault_ctl13_nptLLPG2_25_addresslookup_txtTmpPostcode\"]\"}\n  (Session info: chrome-headless-shell=122.0.6261.111); For documentation on this error, please visit: https://www.selenium.dev/documentation/webdriver/troubleshooting/errors#no-such-element-exception\nStacktrace:\n#0 0x5afb2bc91f33 <unknown>\n#1 0x5afb2b989ce6 <unknown>\n#2 0x5afb2b9d4e48 <unknown>\n#3 0x5afb2b9d4f01 <unknown>\n#4 0x5afb2ba183f4 <unknown>\n#5 0x5afb2b9f6edd <unknown>\n#6 0x5afb2ba15899 <unknown>\n#7 0x5afb2b9f6c53 <unknown>\n#8 0x5afb2b9c7db3 <unknown>\n#9 0x5afb2b9c877e <unknown>\n#10 0x5afb2bc5786b <unknown>\n#11 0x5afb2bc5b885 <unknown>\n#12 0x5afb2bc45181 <unknown>\n#13 0x5afb2bc5c412 <unknown>\n#14 0x5afb2bc2925f <unknown>\n#15 0x5afb2bc80528 <unknown>\n#16 0x5afb2bc80723 <unknown>\n#17 0x5afb2bc910e4 <unknown>\n#18 0x7336e0094ac3 <unknown>","time":{"start":1710721750128,"stop":1710721753636,"duration":3508}},{"uid":"9dc7d48e36366e13","reportUrl":"https://robbrad.github.io/UKBinCollectionData/3.10/1608//#testresult/9dc7d48e36366e13","status":"failed","statusDetails":"selenium.common.exceptions.NoSuchElementException: Message: no such element: Unable to locate element: {\"method\":\"css selector\",\"selector\":\"[id=\"ContentPlaceHolderDefault_ctl13_nptLLPG2_25_addresslookup_txtTmpPostcode\"]\"}\n  (Session info: chrome-headless-shell=122.0.6261.111); For documentation on this error, please visit: https://www.selenium.dev/documentation/webdriver/troubleshooting/errors#no-such-element-exception\nStacktrace:\n#0 0x61b52a561f33 <unknown>\n#1 0x61b52a259ce6 <unknown>\n#2 0x61b52a2a4e48 <unknown>\n#3 0x61b52a2a4f01 <unknown>\n#4 0x61b52a2e83f4 <unknown>\n#5 0x61b52a2c6edd <unknown>\n#6 0x61b52a2e5899 <unknown>\n#7 0x61b52a2c6c53 <unknown>\n#8 0x61b52a297db3 <unknown>\n#9 0x61b52a29877e <unknown>\n#10 0x61b52a52786b <unknown>\n#11 0x61b52a52b885 <unknown>\n#12 0x61b52a515181 <unknown>\n#13 0x61b52a52c412 <unknown>\n#14 0x61b52a4f925f <unknown>\n#15 0x61b52a550528 <unknown>\n#16 0x61b52a550723 <unknown>\n#17 0x61b52a5610e4 <unknown>\n#18 0x7544ae094ac3 <unknown>","time":{"start":1710635410127,"stop":1710635413468,"duration":3341}},{"uid":"ae1d1e8d4efcbe7d","reportUrl":"https://robbrad.github.io/UKBinCollectionData/3.10/1607//#testresult/ae1d1e8d4efcbe7d","status":"failed","statusDetails":"selenium.common.exceptions.NoSuchElementException: Message: no such element: Unable to locate element: {\"method\":\"css selector\",\"selector\":\"[id=\"ContentPlaceHolderDefault_ctl13_nptLLPG2_25_addresslookup_txtTmpPostcode\"]\"}\n  (Session info: chrome-headless-shell=122.0.6261.111); For documentation on this error, please visit: https://www.selenium.dev/documentation/webdriver/troubleshooting/errors#no-such-element-exception\nStacktrace:\n#0 0x59d9b48faf33 <unknown>\n#1 0x59d9b45f2ce6 <unknown>\n#2 0x59d9b463de48 <unknown>\n#3 0x59d9b463df01 <unknown>\n#4 0x59d9b46813f4 <unknown>\n#5 0x59d9b465fedd <unknown>\n#6 0x59d9b467e899 <unknown>\n#7 0x59d9b465fc53 <unknown>\n#8 0x59d9b4630db3 <unknown>\n#9 0x59d9b463177e <unknown>\n#10 0x59d9b48c086b <unknown>\n#11 0x59d9b48c4885 <unknown>\n#12 0x59d9b48ae181 <unknown>\n#13 0x59d9b48c5412 <unknown>\n#14 0x59d9b489225f <unknown>\n#15 0x59d9b48e9528 <unknown>\n#16 0x59d9b48e9723 <unknown>\n#17 0x59d9b48fa0e4 <unknown>\n#18 0x76c824094ac3 <unknown>","time":{"start":1710548758609,"stop":1710548762728,"duration":4119}},{"uid":"35e95af72ba1934b","reportUrl":"https://robbrad.github.io/UKBinCollectionData/3.10/1605//#testresult/35e95af72ba1934b","status":"failed","statusDetails":"selenium.common.exceptions.NoSuchElementException: Message: no such element: Unable to locate element: {\"method\":\"css selector\",\"selector\":\"[id=\"ContentPlaceHolderDefault_ctl13_nptLLPG2_25_addresslookup_txtTmpPostcode\"]\"}\n  (Session info: chrome-headless-shell=122.0.6261.111); For documentation on this error, please visit: https://www.selenium.dev/documentation/webdriver/troubleshooting/errors#no-such-element-exception\nStacktrace:\n#0 0x57439440bf33 <unknown>\n#1 0x574394103ce6 <unknown>\n#2 0x57439414ee48 <unknown>\n#3 0x57439414ef01 <unknown>\n#4 0x5743941923f4 <unknown>\n#5 0x574394170edd <unknown>\n#6 0x57439418f899 <unknown>\n#7 0x574394170c53 <unknown>\n#8 0x574394141db3 <unknown>\n#9 0x57439414277e <unknown>\n#10 0x5743943d186b <unknown>\n#11 0x5743943d5885 <unknown>\n#12 0x5743943bf181 <unknown>\n#13 0x5743943d6412 <unknown>\n#14 0x5743943a325f <unknown>\n#15 0x5743943fa528 <unknown>\n#16 0x5743943fa723 <unknown>\n#17 0x57439440b0e4 <unknown>\n#18 0x71a3bb094ac3 <unknown>","time":{"start":1710462462869,"stop":1710462467755,"duration":4886}}]},"tags":[]},"source":"5496ad307135dbe3.json","parameterValues":["NeathPortTalbotCouncil","local","http://selenium:4444"]}