{"uid":"cc30a9cf368851db","name":"Validate Council Output [WestSuffolkCouncil-http://selenium:4444-local]","fullName":"features/validate_council_outputs.feature:Validate Council Output","historyId":"446a4369fb450b9e3ee2f74bbf8ed65b","time":{"start":1705969894698,"stop":1705969905525,"duration":10827},"status":"failed","statusMessage":"selenium.common.exceptions.TimeoutException: Message:","statusTrace":"fixturefunc = <function scrape_step at 0x7f5cde9eb2e0>\nrequest = <FixtureRequest for <Function test_scenario_outline[WestSuffolkCouncil-http://selenium:4444-local]>>\nkwargs = {'context': <test_validate_council.context.<locals>.Context object at 0x7f5cdd946c20>, 'council': 'WestSuffolkCouncil', 'selenium_mode': 'local', 'selenium_url': 'http://selenium:4444'}\n\n    def call_fixture_func(\n        fixturefunc: \"_FixtureFunc[FixtureValue]\", request: FixtureRequest, kwargs\n    ) -> FixtureValue:\n        if is_generator(fixturefunc):\n            fixturefunc = cast(\n                Callable[..., Generator[FixtureValue, None, None]], fixturefunc\n            )\n            generator = fixturefunc(**kwargs)\n            try:\n                fixture_result = next(generator)\n            except StopIteration:\n                raise ValueError(f\"{request.fixturename} did not yield a value\") from None\n            finalizer = functools.partial(_teardown_yield_fixture, fixturefunc, generator)\n            request.addfinalizer(finalizer)\n        else:\n            fixturefunc = cast(Callable[..., FixtureValue], fixturefunc)\n>           fixture_result = fixturefunc(**kwargs)\n\n../../../.cache/pypoetry/virtualenvs/uk-bin-collection-EwS6Gn8s-py3.10/lib/python3.10/site-packages/_pytest/fixtures.py:902: \n_ _ _ _ _ _ _ _ _ _ _ _ _ _ _ _ _ _ _ _ _ _ _ _ _ _ _ _ _ _ _ _ _ _ _ _ _ _ _ _ \nuk_bin_collection/tests/step_defs/test_validate_council.py:92: in scrape_step\n    context.parse_result = CollectData.run()\nuk_bin_collection/uk_bin_collection/collect_data.py:96: in run\n    return self.client_code(\nuk_bin_collection/uk_bin_collection/collect_data.py:115: in client_code\n    return get_bin_data_class.template_method(address_url, **kwargs)\nuk_bin_collection/uk_bin_collection/get_bin_data.py:78: in template_method\n    bin_data_dict = self.parse_data(\nuk_bin_collection/uk_bin_collection/councils/WestSuffolkCouncil.py:80: in parse_data\n    self.wait_for_element_conditions(\nuk_bin_collection/uk_bin_collection/councils/WestSuffolkCouncil.py:19: in wait_for_element_conditions\n    WebDriverWait(driver, timeout).until(conditions)\n_ _ _ _ _ _ _ _ _ _ _ _ _ _ _ _ _ _ _ _ _ _ _ _ _ _ _ _ _ _ _ _ _ _ _ _ _ _ _ _ \n\nself = <selenium.webdriver.support.wait.WebDriverWait (session=\"108cf07aac552bbb6b9b675be2a9ef9a\")>\nmethod = <function element_to_be_clickable.<locals>._predicate at 0x7f5cddcbedd0>\nmessage = ''\n\n    def until(self, method, message: str = \"\"):\n        \"\"\"Calls the method provided with the driver as an argument until the \\\n        return value does not evaluate to ``False``.\n    \n        :param method: callable(WebDriver)\n        :param message: optional message for :exc:`TimeoutException`\n        :returns: the result of the last call to `method`\n        :raises: :exc:`selenium.common.exceptions.TimeoutException` if timeout occurs\n        \"\"\"\n        screen = None\n        stacktrace = None\n    \n        end_time = time.monotonic() + self._timeout\n        while True:\n            try:\n                value = method(self._driver)\n                if value:\n                    return value\n            except self._ignored_exceptions as exc:\n                screen = getattr(exc, \"screen\", None)\n                stacktrace = getattr(exc, \"stacktrace\", None)\n            time.sleep(self._poll)\n            if time.monotonic() > end_time:\n                break\n>       raise TimeoutException(message, screen, stacktrace)\nE       selenium.common.exceptions.TimeoutException: Message:\n\n../../../.cache/pypoetry/virtualenvs/uk-bin-collection-EwS6Gn8s-py3.10/lib/python3.10/site-packages/selenium/webdriver/support/wait.py:95: TimeoutException","flaky":false,"newFailed":false,"newBroken":false,"newPassed":false,"retriesCount":0,"retriesStatusChange":false,"beforeStages":[],"testStage":{"status":"failed","statusMessage":"selenium.common.exceptions.TimeoutException: Message:","statusTrace":"fixturefunc = <function scrape_step at 0x7f5cde9eb2e0>\nrequest = <FixtureRequest for <Function test_scenario_outline[WestSuffolkCouncil-http://selenium:4444-local]>>\nkwargs = {'context': <test_validate_council.context.<locals>.Context object at 0x7f5cdd946c20>, 'council': 'WestSuffolkCouncil', 'selenium_mode': 'local', 'selenium_url': 'http://selenium:4444'}\n\n    def call_fixture_func(\n        fixturefunc: \"_FixtureFunc[FixtureValue]\", request: FixtureRequest, kwargs\n    ) -> FixtureValue:\n        if is_generator(fixturefunc):\n            fixturefunc = cast(\n                Callable[..., Generator[FixtureValue, None, None]], fixturefunc\n            )\n            generator = fixturefunc(**kwargs)\n            try:\n                fixture_result = next(generator)\n            except StopIteration:\n                raise ValueError(f\"{request.fixturename} did not yield a value\") from None\n            finalizer = functools.partial(_teardown_yield_fixture, fixturefunc, generator)\n            request.addfinalizer(finalizer)\n        else:\n            fixturefunc = cast(Callable[..., FixtureValue], fixturefunc)\n>           fixture_result = fixturefunc(**kwargs)\n\n../../../.cache/pypoetry/virtualenvs/uk-bin-collection-EwS6Gn8s-py3.10/lib/python3.10/site-packages/_pytest/fixtures.py:902: \n_ _ _ _ _ _ _ _ _ _ _ _ _ _ _ _ _ _ _ _ _ _ _ _ _ _ _ _ _ _ _ _ _ _ _ _ _ _ _ _ \nuk_bin_collection/tests/step_defs/test_validate_council.py:92: in scrape_step\n    context.parse_result = CollectData.run()\nuk_bin_collection/uk_bin_collection/collect_data.py:96: in run\n    return self.client_code(\nuk_bin_collection/uk_bin_collection/collect_data.py:115: in client_code\n    return get_bin_data_class.template_method(address_url, **kwargs)\nuk_bin_collection/uk_bin_collection/get_bin_data.py:78: in template_method\n    bin_data_dict = self.parse_data(\nuk_bin_collection/uk_bin_collection/councils/WestSuffolkCouncil.py:80: in parse_data\n    self.wait_for_element_conditions(\nuk_bin_collection/uk_bin_collection/councils/WestSuffolkCouncil.py:19: in wait_for_element_conditions\n    WebDriverWait(driver, timeout).until(conditions)\n_ _ _ _ _ _ _ _ _ _ _ _ _ _ _ _ _ _ _ _ _ _ _ _ _ _ _ _ _ _ _ _ _ _ _ _ _ _ _ _ \n\nself = <selenium.webdriver.support.wait.WebDriverWait (session=\"108cf07aac552bbb6b9b675be2a9ef9a\")>\nmethod = <function element_to_be_clickable.<locals>._predicate at 0x7f5cddcbedd0>\nmessage = ''\n\n    def until(self, method, message: str = \"\"):\n        \"\"\"Calls the method provided with the driver as an argument until the \\\n        return value does not evaluate to ``False``.\n    \n        :param method: callable(WebDriver)\n        :param message: optional message for :exc:`TimeoutException`\n        :returns: the result of the last call to `method`\n        :raises: :exc:`selenium.common.exceptions.TimeoutException` if timeout occurs\n        \"\"\"\n        screen = None\n        stacktrace = None\n    \n        end_time = time.monotonic() + self._timeout\n        while True:\n            try:\n                value = method(self._driver)\n                if value:\n                    return value\n            except self._ignored_exceptions as exc:\n                screen = getattr(exc, \"screen\", None)\n                stacktrace = getattr(exc, \"stacktrace\", None)\n            time.sleep(self._poll)\n            if time.monotonic() > end_time:\n                break\n>       raise TimeoutException(message, screen, stacktrace)\nE       selenium.common.exceptions.TimeoutException: Message:\n\n../../../.cache/pypoetry/virtualenvs/uk-bin-collection-EwS6Gn8s-py3.10/lib/python3.10/site-packages/selenium/webdriver/support/wait.py:95: TimeoutException","steps":[{"name":"Given the council: WestSuffolkCouncil","time":{"start":1705969894699,"stop":1705969894699,"duration":0},"status":"passed","steps":[],"attachments":[],"parameters":[],"shouldDisplayMessage":false,"stepsCount":0,"attachmentsCount":0,"hasContent":false,"attachmentStep":false},{"name":"When we scrape the data from WestSuffolkCouncil using local and the http://selenium:4444 is set","time":{"start":1705969894699,"stop":1705969905525,"duration":10826},"status":"failed","statusMessage":"Message: \n","statusTrace":"selenium.common.exceptions.TimeoutException: Message: \n\n","steps":[],"attachments":[],"parameters":[],"shouldDisplayMessage":true,"stepsCount":0,"attachmentsCount":0,"hasContent":true,"attachmentStep":false}],"attachments":[],"parameters":[],"shouldDisplayMessage":true,"stepsCount":2,"attachmentsCount":0,"hasContent":true,"attachmentStep":false},"afterStages":[],"labels":[{"name":"host","value":"fv-az1052-501"},{"name":"thread","value":"2726-MainThread"},{"name":"framework","value":"pytest-bdd"},{"name":"language","value":"cpython3"},{"name":"feature","value":"Test each council output matches expected results"},{"name":"resultFormat","value":"allure2"}],"parameters":[{"name":"council","value":"WestSuffolkCouncil"},{"name":"selenium_mode","value":"local"},{"name":"selenium_url","value":"http://selenium:4444"}],"links":[],"hidden":false,"retry":false,"extra":{"severity":"normal","retries":[],"categories":[{"name":"Product defects","matchedStatuses":[],"flaky":false}],"history":{"statistic":{"failed":135,"broken":0,"skipped":0,"passed":0,"unknown":0,"total":135},"items":[{"uid":"14c93c3147ade8ae","reportUrl":"https://robbrad.github.io/UKBinCollectionData/3.10/1520//#testresult/14c93c3147ade8ae","status":"failed","statusDetails":"selenium.common.exceptions.TimeoutException: Message:","time":{"start":1705883629695,"stop":1705883643771,"duration":14076}},{"uid":"d9c9a7dc6e162fbc","reportUrl":"https://robbrad.github.io/UKBinCollectionData/3.10/1519//#testresult/d9c9a7dc6e162fbc","status":"failed","statusDetails":"selenium.common.exceptions.TimeoutException: Message:","time":{"start":1705797232586,"stop":1705797243077,"duration":10491}},{"uid":"20848aa849918d8","reportUrl":"https://robbrad.github.io/UKBinCollectionData/3.10/1515//#testresult/20848aa849918d8","status":"failed","statusDetails":"selenium.common.exceptions.TimeoutException: Message:","time":{"start":1705710642450,"stop":1705710652400,"duration":9950}},{"uid":"6ae9b6105ece3b40","reportUrl":"https://robbrad.github.io/UKBinCollectionData/3.10/1511//#testresult/6ae9b6105ece3b40","status":"failed","statusDetails":"selenium.common.exceptions.TimeoutException: Message:","time":{"start":1705624280823,"stop":1705624293446,"duration":12623}},{"uid":"d0f0e72029716c19","reportUrl":"https://robbrad.github.io/UKBinCollectionData/3.10/1505//#testresult/d0f0e72029716c19","status":"failed","statusDetails":"selenium.common.exceptions.TimeoutException: Message:","time":{"start":1705537820191,"stop":1705537831687,"duration":11496}},{"uid":"de88a083c0443383","reportUrl":"https://robbrad.github.io/UKBinCollectionData/3.10/1500//#testresult/de88a083c0443383","status":"failed","statusDetails":"selenium.common.exceptions.TimeoutException: Message:","time":{"start":1705451417211,"stop":1705451429051,"duration":11840}},{"uid":"2e89b42ffdb1c45c","reportUrl":"https://robbrad.github.io/UKBinCollectionData/3.10/1499//#testresult/2e89b42ffdb1c45c","status":"failed","statusDetails":"selenium.common.exceptions.TimeoutException: Message:","time":{"start":1705365110082,"stop":1705365124863,"duration":14781}},{"uid":"da55d660a3d42ef1","reportUrl":"https://robbrad.github.io/UKBinCollectionData/3.10/1492//#testresult/da55d660a3d42ef1","status":"failed","statusDetails":"selenium.common.exceptions.TimeoutException: Message:","time":{"start":1705295759134,"stop":1705295773046,"duration":13912}},{"uid":"4a3048c8a562dce7","reportUrl":"https://robbrad.github.io/UKBinCollectionData/3.10/1491//#testresult/4a3048c8a562dce7","status":"failed","statusDetails":"TypeError: create_webdriver() missing 1 required positional argument: 'user_agent'","time":{"start":1705295196452,"stop":1705295196455,"duration":3}},{"uid":"94d5b86b6710a9f5","reportUrl":"https://robbrad.github.io/UKBinCollectionData/3.10/1490//#testresult/94d5b86b6710a9f5","status":"failed","statusDetails":"TypeError: create_webdriver() missing 1 required positional argument: 'user_agent'","time":{"start":1705278618426,"stop":1705278618429,"duration":3}},{"uid":"d7090ff163fff75c","reportUrl":"https://robbrad.github.io/UKBinCollectionData/3.10/1485//#testresult/d7090ff163fff75c","status":"failed","statusDetails":"TypeError: create_webdriver() missing 1 required positional argument: 'user_agent'","time":{"start":1705192271299,"stop":1705192271301,"duration":2}},{"uid":"1d2dfb81b790353b","reportUrl":"https://robbrad.github.io/UKBinCollectionData/3.10/1484//#testresult/1d2dfb81b790353b","status":"failed","statusDetails":"TypeError: create_webdriver() missing 1 required positional argument: 'user_agent'","time":{"start":1705105723256,"stop":1705105723259,"duration":3}},{"uid":"e07a5126ca73f31b","reportUrl":"https://robbrad.github.io/UKBinCollectionData/3.10/1482//#testresult/e07a5126ca73f31b","status":"failed","statusDetails":"TypeError: create_webdriver() missing 1 required positional argument: 'user_agent'","time":{"start":1705019331432,"stop":1705019331434,"duration":2}},{"uid":"5f65c84cd92f77fa","reportUrl":"https://robbrad.github.io/UKBinCollectionData/3.10/1478//#testresult/5f65c84cd92f77fa","status":"failed","statusDetails":"TypeError: create_webdriver() missing 1 required positional argument: 'user_agent'","time":{"start":1704932896541,"stop":1704932896544,"duration":3}},{"uid":"32fbf8f88abe45db","reportUrl":"https://robbrad.github.io/UKBinCollectionData/3.10/1472//#testresult/32fbf8f88abe45db","status":"failed","statusDetails":"TypeError: create_webdriver() missing 1 required positional argument: 'user_agent'","time":{"start":1704846522790,"stop":1704846522792,"duration":2}},{"uid":"6d48819ad3141bf4","reportUrl":"https://robbrad.github.io/UKBinCollectionData/3.10/1456//#testresult/6d48819ad3141bf4","status":"failed","statusDetails":"selenium.common.exceptions.TimeoutException: Message:","time":{"start":1704760286168,"stop":1704760298349,"duration":12181}},{"uid":"ee7bb741162eb09f","reportUrl":"https://robbrad.github.io/UKBinCollectionData/3.10/1452//#testresult/ee7bb741162eb09f","status":"failed","statusDetails":"selenium.common.exceptions.TimeoutException: Message:","time":{"start":1704711661768,"stop":1704711675849,"duration":14081}},{"uid":"5a5832d7df5894af","reportUrl":"https://robbrad.github.io/UKBinCollectionData/3.10/1450//#testresult/5a5832d7df5894af","status":"failed","statusDetails":"selenium.common.exceptions.TimeoutException: Message:","time":{"start":1704710872171,"stop":1704710888028,"duration":15857}},{"uid":"13bec2615bb2f698","reportUrl":"https://robbrad.github.io/UKBinCollectionData/3.10/1448//#testresult/13bec2615bb2f698","status":"failed","statusDetails":"selenium.common.exceptions.TimeoutException: Message:","time":{"start":1704710256401,"stop":1704710267872,"duration":11471}},{"uid":"9d3c744afd718647","reportUrl":"https://robbrad.github.io/UKBinCollectionData/3.10/1446//#testresult/9d3c744afd718647","status":"failed","statusDetails":"selenium.common.exceptions.TimeoutException: Message:","time":{"start":1704709741031,"stop":1704709752263,"duration":11232}}]},"tags":[]},"source":"cc30a9cf368851db.json","parameterValues":["WestSuffolkCouncil","local","http://selenium:4444"]}