{"uid":"68e74d1605055555","name":"Validate Council Output [NeathPortTalbotCouncil-http://selenium:4444-local]","fullName":"features/validate_council_outputs.feature:Validate Council Output","historyId":"68717d64a9b5b73045a4198b6f1e2a64","time":{"start":1714782505918,"stop":1714782510699,"duration":4781},"status":"failed","statusMessage":"selenium.common.exceptions.ElementClickInterceptedException: Message: element click intercepted: Element is not clickable at point (589, 642)\n  (Session info: chrome-headless-shell=124.0.6367.60)\nStacktrace:\n#0 0x55c56896fcb3 <unknown>\n#1 0x55c56865e4a7 <unknown>\n#2 0x55c5686aff73 <unknown>\n#3 0x55c5686ade76 <unknown>\n#4 0x55c5686ab847 <unknown>\n#5 0x55c5686aac14 <unknown>\n#6 0x55c56869e1c9 <unknown>\n#7 0x55c5686cb412 <unknown>\n#8 0x55c56869db58 <unknown>\n#9 0x55c5686cb5de <unknown>\n#10 0x55c5686e9be9 <unknown>\n#11 0x55c5686cb1b3 <unknown>\n#12 0x55c56869c24a <unknown>\n#13 0x55c56869cc1e <unknown>\n#14 0x55c568933fdb <unknown>\n#15 0x55c568937f2b <unknown>\n#16 0x55c5689200f1 <unknown>\n#17 0x55c568938a92 <unknown>\n#18 0x55c568904faf <unknown>\n#19 0x55c56895ee08 <unknown>\n#20 0x55c56895efe0 <unknown>\n#21 0x55c56896ee04 <unknown>\n#22 0x7efeb5094ac3 <unknown>","statusTrace":"fixturefunc = <function scrape_step at 0x7fadf2f17ac0>\nrequest = <FixtureRequest for <Function test_scenario_outline[NeathPortTalbotCouncil-http://selenium:4444-local]>>\nkwargs = {'context': <test_validate_council.context.<locals>.Context object at 0x7fadf21b8850>, 'council': 'NeathPortTalbotCouncil', 'selenium_mode': 'local', 'selenium_url': 'http://selenium:4444'}\n\n    def call_fixture_func(\n        fixturefunc: \"_FixtureFunc[FixtureValue]\", request: FixtureRequest, kwargs\n    ) -> FixtureValue:\n        if is_generator(fixturefunc):\n            fixturefunc = cast(\n                Callable[..., Generator[FixtureValue, None, None]], fixturefunc\n            )\n            generator = fixturefunc(**kwargs)\n            try:\n                fixture_result = next(generator)\n            except StopIteration:\n                raise ValueError(f\"{request.fixturename} did not yield a value\") from None\n            finalizer = functools.partial(_teardown_yield_fixture, fixturefunc, generator)\n            request.addfinalizer(finalizer)\n        else:\n            fixturefunc = cast(Callable[..., FixtureValue], fixturefunc)\n>           fixture_result = fixturefunc(**kwargs)\n\n../../../.cache/pypoetry/virtualenvs/uk-bin-collection-EwS6Gn8s-py3.10/lib/python3.10/site-packages/_pytest/fixtures.py:902: \n_ _ _ _ _ _ _ _ _ _ _ _ _ _ _ _ _ _ _ _ _ _ _ _ _ _ _ _ _ _ _ _ _ _ _ _ _ _ _ _ \nuk_bin_collection/tests/step_defs/test_validate_council.py:92: in scrape_step\n    context.parse_result = CollectData.run()\nuk_bin_collection/uk_bin_collection/collect_data.py:96: in run\n    return self.client_code(\nuk_bin_collection/uk_bin_collection/collect_data.py:115: in client_code\n    return get_bin_data_class.template_method(address_url, **kwargs)\nuk_bin_collection/uk_bin_collection/get_bin_data.py:78: in template_method\n    bin_data_dict = self.parse_data(\nuk_bin_collection/uk_bin_collection/councils/NeathPortTalbotCouncil.py:39: in parse_data\n    cookieAccept.click()\n../../../.cache/pypoetry/virtualenvs/uk-bin-collection-EwS6Gn8s-py3.10/lib/python3.10/site-packages/selenium/webdriver/remote/webelement.py:93: in click\n    self._execute(Command.CLICK_ELEMENT)\n../../../.cache/pypoetry/virtualenvs/uk-bin-collection-EwS6Gn8s-py3.10/lib/python3.10/site-packages/selenium/webdriver/remote/webelement.py:394: in _execute\n    return self._parent.execute(command, params)\n../../../.cache/pypoetry/virtualenvs/uk-bin-collection-EwS6Gn8s-py3.10/lib/python3.10/site-packages/selenium/webdriver/remote/webdriver.py:344: in execute\n    self.error_handler.check_response(response)\n_ _ _ _ _ _ _ _ _ _ _ _ _ _ _ _ _ _ _ _ _ _ _ _ _ _ _ _ _ _ _ _ _ _ _ _ _ _ _ _ \n\nself = <selenium.webdriver.remote.errorhandler.ErrorHandler object at 0x7fadf21bb7f0>\nresponse = {'status': 400, 'value': '{\"value\":{\"error\":\"element click intercepted\",\"message\":\"element click intercepted: Element ...\\\\n#20 0x55c56895efe0 \\\\u003Cunknown>\\\\n#21 0x55c56896ee04 \\\\u003Cunknown>\\\\n#22 0x7efeb5094ac3 \\\\u003Cunknown>\\\\n\"}}'}\n\n    def check_response(self, response: Dict[str, Any]) -> None:\n        \"\"\"Checks that a JSON response from the WebDriver does not have an\n        error.\n    \n        :Args:\n         - response - The JSON response from the WebDriver server as a dictionary\n           object.\n    \n        :Raises: If the response contains an error message.\n        \"\"\"\n        status = response.get(\"status\", None)\n        if not status or status == ErrorCode.SUCCESS:\n            return\n        value = None\n        message = response.get(\"message\", \"\")\n        screen: str = response.get(\"screen\", \"\")\n        stacktrace = None\n        if isinstance(status, int):\n            value_json = response.get(\"value\", None)\n            if value_json and isinstance(value_json, str):\n                import json\n    \n                try:\n                    value = json.loads(value_json)\n                    if len(value) == 1:\n                        value = value[\"value\"]\n                    status = value.get(\"error\", None)\n                    if not status:\n                        status = value.get(\"status\", ErrorCode.UNKNOWN_ERROR)\n                        message = value.get(\"value\") or value.get(\"message\")\n                        if not isinstance(message, str):\n                            value = message\n                            message = message.get(\"message\")\n                    else:\n                        message = value.get(\"message\", None)\n                except ValueError:\n                    pass\n    \n        exception_class: Type[WebDriverException]\n        e = ErrorCode()\n        error_codes = [item for item in dir(e) if not item.startswith(\"__\")]\n        for error_code in error_codes:\n            error_info = getattr(ErrorCode, error_code)\n            if isinstance(error_info, list) and status in error_info:\n                exception_class = getattr(ExceptionMapping, error_code, WebDriverException)\n                break\n        else:\n            exception_class = WebDriverException\n    \n        if not value:\n            value = response[\"value\"]\n        if isinstance(value, str):\n            raise exception_class(value)\n        if message == \"\" and \"message\" in value:\n            message = value[\"message\"]\n    \n        screen = None  # type: ignore[assignment]\n        if \"screen\" in value:\n            screen = value[\"screen\"]\n    \n        stacktrace = None\n        st_value = value.get(\"stackTrace\") or value.get(\"stacktrace\")\n        if st_value:\n            if isinstance(st_value, str):\n                stacktrace = st_value.split(\"\\n\")\n            else:\n                stacktrace = []\n                try:\n                    for frame in st_value:\n                        line = frame.get(\"lineNumber\", \"\")\n                        file = frame.get(\"fileName\", \"<anonymous>\")\n                        if line:\n                            file = f\"{file}:{line}\"\n                        meth = frame.get(\"methodName\", \"<anonymous>\")\n                        if \"className\" in frame:\n                            meth = f\"{frame['className']}.{meth}\"\n                        msg = \"    at %s (%s)\"\n                        msg = msg % (meth, file)\n                        stacktrace.append(msg)\n                except TypeError:\n                    pass\n        if exception_class == UnexpectedAlertPresentException:\n            alert_text = None\n            if \"data\" in value:\n                alert_text = value[\"data\"].get(\"text\")\n            elif \"alert\" in value:\n                alert_text = value[\"alert\"].get(\"text\")\n            raise exception_class(message, screen, stacktrace, alert_text)  # type: ignore[call-arg]  # mypy is not smart enough here\n>       raise exception_class(message, screen, stacktrace)\nE       selenium.common.exceptions.ElementClickInterceptedException: Message: element click intercepted: Element is not clickable at point (589, 642)\nE         (Session info: chrome-headless-shell=124.0.6367.60)\nE       Stacktrace:\nE       #0 0x55c56896fcb3 <unknown>\nE       #1 0x55c56865e4a7 <unknown>\nE       #2 0x55c5686aff73 <unknown>\nE       #3 0x55c5686ade76 <unknown>\nE       #4 0x55c5686ab847 <unknown>\nE       #5 0x55c5686aac14 <unknown>\nE       #6 0x55c56869e1c9 <unknown>\nE       #7 0x55c5686cb412 <unknown>\nE       #8 0x55c56869db58 <unknown>\nE       #9 0x55c5686cb5de <unknown>\nE       #10 0x55c5686e9be9 <unknown>\nE       #11 0x55c5686cb1b3 <unknown>\nE       #12 0x55c56869c24a <unknown>\nE       #13 0x55c56869cc1e <unknown>\nE       #14 0x55c568933fdb <unknown>\nE       #15 0x55c568937f2b <unknown>\nE       #16 0x55c5689200f1 <unknown>\nE       #17 0x55c568938a92 <unknown>\nE       #18 0x55c568904faf <unknown>\nE       #19 0x55c56895ee08 <unknown>\nE       #20 0x55c56895efe0 <unknown>\nE       #21 0x55c56896ee04 <unknown>\nE       #22 0x7efeb5094ac3 <unknown>\n\n../../../.cache/pypoetry/virtualenvs/uk-bin-collection-EwS6Gn8s-py3.10/lib/python3.10/site-packages/selenium/webdriver/remote/errorhandler.py:229: ElementClickInterceptedException","flaky":false,"newFailed":false,"newBroken":false,"newPassed":false,"retriesCount":0,"retriesStatusChange":false,"beforeStages":[],"testStage":{"status":"failed","statusMessage":"selenium.common.exceptions.ElementClickInterceptedException: Message: element click intercepted: Element is not clickable at point (589, 642)\n  (Session info: chrome-headless-shell=124.0.6367.60)\nStacktrace:\n#0 0x55c56896fcb3 <unknown>\n#1 0x55c56865e4a7 <unknown>\n#2 0x55c5686aff73 <unknown>\n#3 0x55c5686ade76 <unknown>\n#4 0x55c5686ab847 <unknown>\n#5 0x55c5686aac14 <unknown>\n#6 0x55c56869e1c9 <unknown>\n#7 0x55c5686cb412 <unknown>\n#8 0x55c56869db58 <unknown>\n#9 0x55c5686cb5de <unknown>\n#10 0x55c5686e9be9 <unknown>\n#11 0x55c5686cb1b3 <unknown>\n#12 0x55c56869c24a <unknown>\n#13 0x55c56869cc1e <unknown>\n#14 0x55c568933fdb <unknown>\n#15 0x55c568937f2b <unknown>\n#16 0x55c5689200f1 <unknown>\n#17 0x55c568938a92 <unknown>\n#18 0x55c568904faf <unknown>\n#19 0x55c56895ee08 <unknown>\n#20 0x55c56895efe0 <unknown>\n#21 0x55c56896ee04 <unknown>\n#22 0x7efeb5094ac3 <unknown>","statusTrace":"fixturefunc = <function scrape_step at 0x7fadf2f17ac0>\nrequest = <FixtureRequest for <Function test_scenario_outline[NeathPortTalbotCouncil-http://selenium:4444-local]>>\nkwargs = {'context': <test_validate_council.context.<locals>.Context object at 0x7fadf21b8850>, 'council': 'NeathPortTalbotCouncil', 'selenium_mode': 'local', 'selenium_url': 'http://selenium:4444'}\n\n    def call_fixture_func(\n        fixturefunc: \"_FixtureFunc[FixtureValue]\", request: FixtureRequest, kwargs\n    ) -> FixtureValue:\n        if is_generator(fixturefunc):\n            fixturefunc = cast(\n                Callable[..., Generator[FixtureValue, None, None]], fixturefunc\n            )\n            generator = fixturefunc(**kwargs)\n            try:\n                fixture_result = next(generator)\n            except StopIteration:\n                raise ValueError(f\"{request.fixturename} did not yield a value\") from None\n            finalizer = functools.partial(_teardown_yield_fixture, fixturefunc, generator)\n            request.addfinalizer(finalizer)\n        else:\n            fixturefunc = cast(Callable[..., FixtureValue], fixturefunc)\n>           fixture_result = fixturefunc(**kwargs)\n\n../../../.cache/pypoetry/virtualenvs/uk-bin-collection-EwS6Gn8s-py3.10/lib/python3.10/site-packages/_pytest/fixtures.py:902: \n_ _ _ _ _ _ _ _ _ _ _ _ _ _ _ _ _ _ _ _ _ _ _ _ _ _ _ _ _ _ _ _ _ _ _ _ _ _ _ _ \nuk_bin_collection/tests/step_defs/test_validate_council.py:92: in scrape_step\n    context.parse_result = CollectData.run()\nuk_bin_collection/uk_bin_collection/collect_data.py:96: in run\n    return self.client_code(\nuk_bin_collection/uk_bin_collection/collect_data.py:115: in client_code\n    return get_bin_data_class.template_method(address_url, **kwargs)\nuk_bin_collection/uk_bin_collection/get_bin_data.py:78: in template_method\n    bin_data_dict = self.parse_data(\nuk_bin_collection/uk_bin_collection/councils/NeathPortTalbotCouncil.py:39: in parse_data\n    cookieAccept.click()\n../../../.cache/pypoetry/virtualenvs/uk-bin-collection-EwS6Gn8s-py3.10/lib/python3.10/site-packages/selenium/webdriver/remote/webelement.py:93: in click\n    self._execute(Command.CLICK_ELEMENT)\n../../../.cache/pypoetry/virtualenvs/uk-bin-collection-EwS6Gn8s-py3.10/lib/python3.10/site-packages/selenium/webdriver/remote/webelement.py:394: in _execute\n    return self._parent.execute(command, params)\n../../../.cache/pypoetry/virtualenvs/uk-bin-collection-EwS6Gn8s-py3.10/lib/python3.10/site-packages/selenium/webdriver/remote/webdriver.py:344: in execute\n    self.error_handler.check_response(response)\n_ _ _ _ _ _ _ _ _ _ _ _ _ _ _ _ _ _ _ _ _ _ _ _ _ _ _ _ _ _ _ _ _ _ _ _ _ _ _ _ \n\nself = <selenium.webdriver.remote.errorhandler.ErrorHandler object at 0x7fadf21bb7f0>\nresponse = {'status': 400, 'value': '{\"value\":{\"error\":\"element click intercepted\",\"message\":\"element click intercepted: Element ...\\\\n#20 0x55c56895efe0 \\\\u003Cunknown>\\\\n#21 0x55c56896ee04 \\\\u003Cunknown>\\\\n#22 0x7efeb5094ac3 \\\\u003Cunknown>\\\\n\"}}'}\n\n    def check_response(self, response: Dict[str, Any]) -> None:\n        \"\"\"Checks that a JSON response from the WebDriver does not have an\n        error.\n    \n        :Args:\n         - response - The JSON response from the WebDriver server as a dictionary\n           object.\n    \n        :Raises: If the response contains an error message.\n        \"\"\"\n        status = response.get(\"status\", None)\n        if not status or status == ErrorCode.SUCCESS:\n            return\n        value = None\n        message = response.get(\"message\", \"\")\n        screen: str = response.get(\"screen\", \"\")\n        stacktrace = None\n        if isinstance(status, int):\n            value_json = response.get(\"value\", None)\n            if value_json and isinstance(value_json, str):\n                import json\n    \n                try:\n                    value = json.loads(value_json)\n                    if len(value) == 1:\n                        value = value[\"value\"]\n                    status = value.get(\"error\", None)\n                    if not status:\n                        status = value.get(\"status\", ErrorCode.UNKNOWN_ERROR)\n                        message = value.get(\"value\") or value.get(\"message\")\n                        if not isinstance(message, str):\n                            value = message\n                            message = message.get(\"message\")\n                    else:\n                        message = value.get(\"message\", None)\n                except ValueError:\n                    pass\n    \n        exception_class: Type[WebDriverException]\n        e = ErrorCode()\n        error_codes = [item for item in dir(e) if not item.startswith(\"__\")]\n        for error_code in error_codes:\n            error_info = getattr(ErrorCode, error_code)\n            if isinstance(error_info, list) and status in error_info:\n                exception_class = getattr(ExceptionMapping, error_code, WebDriverException)\n                break\n        else:\n            exception_class = WebDriverException\n    \n        if not value:\n            value = response[\"value\"]\n        if isinstance(value, str):\n            raise exception_class(value)\n        if message == \"\" and \"message\" in value:\n            message = value[\"message\"]\n    \n        screen = None  # type: ignore[assignment]\n        if \"screen\" in value:\n            screen = value[\"screen\"]\n    \n        stacktrace = None\n        st_value = value.get(\"stackTrace\") or value.get(\"stacktrace\")\n        if st_value:\n            if isinstance(st_value, str):\n                stacktrace = st_value.split(\"\\n\")\n            else:\n                stacktrace = []\n                try:\n                    for frame in st_value:\n                        line = frame.get(\"lineNumber\", \"\")\n                        file = frame.get(\"fileName\", \"<anonymous>\")\n                        if line:\n                            file = f\"{file}:{line}\"\n                        meth = frame.get(\"methodName\", \"<anonymous>\")\n                        if \"className\" in frame:\n                            meth = f\"{frame['className']}.{meth}\"\n                        msg = \"    at %s (%s)\"\n                        msg = msg % (meth, file)\n                        stacktrace.append(msg)\n                except TypeError:\n                    pass\n        if exception_class == UnexpectedAlertPresentException:\n            alert_text = None\n            if \"data\" in value:\n                alert_text = value[\"data\"].get(\"text\")\n            elif \"alert\" in value:\n                alert_text = value[\"alert\"].get(\"text\")\n            raise exception_class(message, screen, stacktrace, alert_text)  # type: ignore[call-arg]  # mypy is not smart enough here\n>       raise exception_class(message, screen, stacktrace)\nE       selenium.common.exceptions.ElementClickInterceptedException: Message: element click intercepted: Element is not clickable at point (589, 642)\nE         (Session info: chrome-headless-shell=124.0.6367.60)\nE       Stacktrace:\nE       #0 0x55c56896fcb3 <unknown>\nE       #1 0x55c56865e4a7 <unknown>\nE       #2 0x55c5686aff73 <unknown>\nE       #3 0x55c5686ade76 <unknown>\nE       #4 0x55c5686ab847 <unknown>\nE       #5 0x55c5686aac14 <unknown>\nE       #6 0x55c56869e1c9 <unknown>\nE       #7 0x55c5686cb412 <unknown>\nE       #8 0x55c56869db58 <unknown>\nE       #9 0x55c5686cb5de <unknown>\nE       #10 0x55c5686e9be9 <unknown>\nE       #11 0x55c5686cb1b3 <unknown>\nE       #12 0x55c56869c24a <unknown>\nE       #13 0x55c56869cc1e <unknown>\nE       #14 0x55c568933fdb <unknown>\nE       #15 0x55c568937f2b <unknown>\nE       #16 0x55c5689200f1 <unknown>\nE       #17 0x55c568938a92 <unknown>\nE       #18 0x55c568904faf <unknown>\nE       #19 0x55c56895ee08 <unknown>\nE       #20 0x55c56895efe0 <unknown>\nE       #21 0x55c56896ee04 <unknown>\nE       #22 0x7efeb5094ac3 <unknown>\n\n../../../.cache/pypoetry/virtualenvs/uk-bin-collection-EwS6Gn8s-py3.10/lib/python3.10/site-packages/selenium/webdriver/remote/errorhandler.py:229: ElementClickInterceptedException","steps":[{"name":"Given the council: NeathPortTalbotCouncil","time":{"start":1714782505918,"stop":1714782505919,"duration":1},"status":"passed","steps":[],"attachments":[],"parameters":[],"shouldDisplayMessage":false,"stepsCount":0,"attachmentsCount":0,"hasContent":false,"attachmentStep":false},{"name":"When we scrape the data from NeathPortTalbotCouncil using local and the http://selenium:4444 is set","time":{"start":1714782505919,"stop":1714782510699,"duration":4780},"status":"failed","statusMessage":"Message: element click intercepted: Element is not clickable at point (589, 642)\n  (Session info: chrome-headless-shell=124.0.6367.60)\nStacktrace:\n#0 0x55c56896fcb3 <unknown>\n#1 0x55c56865e4a7 <unknown>\n#2 0x55c5686aff73 <unknown>\n#3 0x55c5686ade76 <unknown>\n#4 0x55c5686ab847 <unknown>\n#5 0x55c5686aac14 <unknown>\n#6 0x55c56869e1c9 <unknown>\n#7 0x55c5686cb412 <unknown>\n#8 0x55c56869db58 <unknown>\n#9 0x55c5686cb5de <unknown>\n#10 0x55c5686e9be9 <unknown>\n#11 0x55c5686cb1b3 <unknown>\n#12 0x55c56869c24a <unknown>\n#13 0x55c56869cc1e <unknown>\n#14 0x55c568933fdb <unknown>\n#15 0x55c568937f2b <unknown>\n#16 0x55c5689200f1 <unknown>\n#17 0x55c568938a92 <unknown>\n#18 0x55c568904faf <unknown>\n#19 0x55c56895ee08 <unknown>\n#20 0x55c56895efe0 <unknown>\n#21 0x55c56896ee04 <unknown>\n#22 0x7efeb5094ac3 <unknown>\n","statusTrace":"selenium.common.exceptions.ElementClickInterceptedException: Message: element click intercepted: Element is not clickable at point (589, 642)\n  (Session info: chrome-headless-shell=124.0.6367.60)\nStacktrace:\n#0 0x55c56896fcb3 <unknown>\n#1 0x55c56865e4a7 <unknown>\n#2 0x55c5686aff73 <unknown>\n#3 0x55c5686ade76 <unknown>\n#4 0x55c5686ab847 <unknown>\n#5 0x55c5686aac14 <unknown>\n#6 0x55c56869e1c9 <unknown>\n#7 0x55c5686cb412 <unknown>\n#8 0x55c56869db58 <unknown>\n#9 0x55c5686cb5de <unknown>\n#10 0x55c5686e9be9 <unknown>\n#11 0x55c5686cb1b3 <unknown>\n#12 0x55c56869c24a <unknown>\n#13 0x55c56869cc1e <unknown>\n#14 0x55c568933fdb <unknown>\n#15 0x55c568937f2b <unknown>\n#16 0x55c5689200f1 <unknown>\n#17 0x55c568938a92 <unknown>\n#18 0x55c568904faf <unknown>\n#19 0x55c56895ee08 <unknown>\n#20 0x55c56895efe0 <unknown>\n#21 0x55c56896ee04 <unknown>\n#22 0x7efeb5094ac3 <unknown>\n\n","steps":[],"attachments":[],"parameters":[],"shouldDisplayMessage":true,"stepsCount":0,"attachmentsCount":0,"hasContent":true,"attachmentStep":false}],"attachments":[],"parameters":[],"shouldDisplayMessage":true,"stepsCount":2,"attachmentsCount":0,"hasContent":true,"attachmentStep":false},"afterStages":[],"labels":[{"name":"host","value":"fv-az1020-841"},{"name":"thread","value":"2676-MainThread"},{"name":"framework","value":"pytest-bdd"},{"name":"language","value":"cpython3"},{"name":"feature","value":"Test each council output matches expected results"},{"name":"resultFormat","value":"allure2"}],"parameters":[{"name":"council","value":"NeathPortTalbotCouncil"},{"name":"selenium_mode","value":"local"},{"name":"selenium_url","value":"http://selenium:4444"}],"links":[],"hidden":false,"retry":false,"extra":{"severity":"normal","retries":[],"categories":[{"name":"Product defects","matchedStatuses":[],"flaky":false}],"history":{"statistic":{"failed":259,"broken":0,"skipped":0,"passed":13,"unknown":0,"total":272},"items":[{"uid":"6f62945dd9977ca2","reportUrl":"https://robbrad.github.io/UKBinCollectionData/3.10/1739//#testresult/6f62945dd9977ca2","status":"failed","statusDetails":"selenium.common.exceptions.NoSuchElementException: Message: no such element: Unable to locate element: {\"method\":\"css selector\",\"selector\":\"[id=\"ContentPlaceHolderDefault_ctl13_nptLLPG2_25_addresslookup_txtTmpPostcode\"]\"}\n  (Session info: chrome-headless-shell=124.0.6367.60); For documentation on this error, please visit: https://www.selenium.dev/documentation/webdriver/troubleshooting/errors#no-such-element-exception\nStacktrace:\n#0 0x5648e783ecb3 <unknown>\n#1 0x5648e752d4a7 <unknown>\n#2 0x5648e757831d <unknown>\n#3 0x5648e75783d1 <unknown>\n#4 0x5648e75bb734 <unknown>\n#5 0x5648e759a43d <unknown>\n#6 0x5648e75b8be9 <unknown>\n#7 0x5648e759a1b3 <unknown>\n#8 0x5648e756b24a <unknown>\n#9 0x5648e756bc1e <unknown>\n#10 0x5648e7802fdb <unknown>\n#11 0x5648e7806f2b <unknown>\n#12 0x5648e77ef0f1 <unknown>\n#13 0x5648e7807a92 <unknown>\n#14 0x5648e77d3faf <unknown>\n#15 0x5648e782de08 <unknown>\n#16 0x5648e782dfe0 <unknown>\n#17 0x5648e783de04 <unknown>\n#18 0x7f847a494ac3 <unknown>","time":{"start":1714696136134,"stop":1714696139043,"duration":2909}},{"uid":"ece5b05a4ef7cac3","reportUrl":"https://robbrad.github.io/UKBinCollectionData/3.10/1738//#testresult/ece5b05a4ef7cac3","status":"failed","statusDetails":"selenium.common.exceptions.NoSuchElementException: Message: no such element: Unable to locate element: {\"method\":\"css selector\",\"selector\":\"[id=\"ContentPlaceHolderDefault_ctl13_nptLLPG2_25_addresslookup_txtTmpPostcode\"]\"}\n  (Session info: chrome-headless-shell=124.0.6367.60); For documentation on this error, please visit: https://www.selenium.dev/documentation/webdriver/troubleshooting/errors#no-such-element-exception\nStacktrace:\n#0 0x55920c4a6cb3 <unknown>\n#1 0x55920c1954a7 <unknown>\n#2 0x55920c1e031d <unknown>\n#3 0x55920c1e03d1 <unknown>\n#4 0x55920c223734 <unknown>\n#5 0x55920c20243d <unknown>\n#6 0x55920c220be9 <unknown>\n#7 0x55920c2021b3 <unknown>\n#8 0x55920c1d324a <unknown>\n#9 0x55920c1d3c1e <unknown>\n#10 0x55920c46afdb <unknown>\n#11 0x55920c46ef2b <unknown>\n#12 0x55920c4570f1 <unknown>\n#13 0x55920c46fa92 <unknown>\n#14 0x55920c43bfaf <unknown>\n#15 0x55920c495e08 <unknown>\n#16 0x55920c495fe0 <unknown>\n#17 0x55920c4a5e04 <unknown>\n#18 0x7f8f6f494ac3 <unknown>","time":{"start":1714609744616,"stop":1714609747957,"duration":3341}},{"uid":"e08b8c6c8fa8b1f5","reportUrl":"https://robbrad.github.io/UKBinCollectionData/3.10/1735//#testresult/e08b8c6c8fa8b1f5","status":"failed","statusDetails":"selenium.common.exceptions.ElementClickInterceptedException: Message: element click intercepted: Element is not clickable at point (589, 636)\n  (Session info: chrome-headless-shell=124.0.6367.60)\nStacktrace:\n#0 0x5578c6f48cb3 <unknown>\n#1 0x5578c6c374a7 <unknown>\n#2 0x5578c6c88f73 <unknown>\n#3 0x5578c6c86e76 <unknown>\n#4 0x5578c6c84847 <unknown>\n#5 0x5578c6c83c14 <unknown>\n#6 0x5578c6c771c9 <unknown>\n#7 0x5578c6ca4412 <unknown>\n#8 0x5578c6c76b58 <unknown>\n#9 0x5578c6ca45de <unknown>\n#10 0x5578c6cc2be9 <unknown>\n#11 0x5578c6ca41b3 <unknown>\n#12 0x5578c6c7524a <unknown>\n#13 0x5578c6c75c1e <unknown>\n#14 0x5578c6f0cfdb <unknown>\n#15 0x5578c6f10f2b <unknown>\n#16 0x5578c6ef90f1 <unknown>\n#17 0x5578c6f11a92 <unknown>\n#18 0x5578c6eddfaf <unknown>\n#19 0x5578c6f37e08 <unknown>\n#20 0x5578c6f37fe0 <unknown>\n#21 0x5578c6f47e04 <unknown>\n#22 0x7efe27294ac3 <unknown>","time":{"start":1714523488760,"stop":1714523493661,"duration":4901}},{"uid":"ef82c015f3448051","reportUrl":"https://robbrad.github.io/UKBinCollectionData/3.10/1734//#testresult/ef82c015f3448051","status":"failed","statusDetails":"selenium.common.exceptions.NoSuchElementException: Message: no such element: Unable to locate element: {\"method\":\"css selector\",\"selector\":\"[id=\"ContentPlaceHolderDefault_ctl13_nptLLPG2_25_addresslookup_txtTmpPostcode\"]\"}\n  (Session info: chrome-headless-shell=124.0.6367.60); For documentation on this error, please visit: https://www.selenium.dev/documentation/webdriver/troubleshooting/errors#no-such-element-exception\nStacktrace:\n#0 0x5646a119ecb3 <unknown>\n#1 0x5646a0e8d4a7 <unknown>\n#2 0x5646a0ed831d <unknown>\n#3 0x5646a0ed83d1 <unknown>\n#4 0x5646a0f1b734 <unknown>\n#5 0x5646a0efa43d <unknown>\n#6 0x5646a0f18be9 <unknown>\n#7 0x5646a0efa1b3 <unknown>\n#8 0x5646a0ecb24a <unknown>\n#9 0x5646a0ecbc1e <unknown>\n#10 0x5646a1162fdb <unknown>\n#11 0x5646a1166f2b <unknown>\n#12 0x5646a114f0f1 <unknown>\n#13 0x5646a1167a92 <unknown>\n#14 0x5646a1133faf <unknown>\n#15 0x5646a118de08 <unknown>\n#16 0x5646a118dfe0 <unknown>\n#17 0x5646a119de04 <unknown>\n#18 0x7f2bb3a94ac3 <unknown>","time":{"start":1714436912777,"stop":1714436916835,"duration":4058}},{"uid":"64b7171c9b16ab22","reportUrl":"https://robbrad.github.io/UKBinCollectionData/3.10/1732//#testresult/64b7171c9b16ab22","status":"failed","statusDetails":"selenium.common.exceptions.NoSuchElementException: Message: no such element: Unable to locate element: {\"method\":\"css selector\",\"selector\":\"[id=\"ContentPlaceHolderDefault_ctl13_nptLLPG2_25_addresslookup_txtTmpPostcode\"]\"}\n  (Session info: chrome-headless-shell=124.0.6367.60); For documentation on this error, please visit: https://www.selenium.dev/documentation/webdriver/troubleshooting/errors#no-such-element-exception\nStacktrace:\n#0 0x55afa225bcb3 <unknown>\n#1 0x55afa1f4a4a7 <unknown>\n#2 0x55afa1f9531d <unknown>\n#3 0x55afa1f953d1 <unknown>\n#4 0x55afa1fd8734 <unknown>\n#5 0x55afa1fb743d <unknown>\n#6 0x55afa1fd5be9 <unknown>\n#7 0x55afa1fb71b3 <unknown>\n#8 0x55afa1f8824a <unknown>\n#9 0x55afa1f88c1e <unknown>\n#10 0x55afa221ffdb <unknown>\n#11 0x55afa2223f2b <unknown>\n#12 0x55afa220c0f1 <unknown>\n#13 0x55afa2224a92 <unknown>\n#14 0x55afa21f0faf <unknown>\n#15 0x55afa224ae08 <unknown>\n#16 0x55afa224afe0 <unknown>\n#17 0x55afa225ae04 <unknown>\n#18 0x7f1122494ac3 <unknown>","time":{"start":1714350660890,"stop":1714350664443,"duration":3553}},{"uid":"15fb37f7e1ab950d","reportUrl":"https://robbrad.github.io/UKBinCollectionData/3.10/1724//#testresult/15fb37f7e1ab950d","status":"failed","statusDetails":"selenium.common.exceptions.NoSuchElementException: Message: no such element: Unable to locate element: {\"method\":\"css selector\",\"selector\":\"[id=\"ContentPlaceHolderDefault_ctl13_nptLLPG2_25_addresslookup_txtTmpPostcode\"]\"}\n  (Session info: chrome-headless-shell=124.0.6367.60); For documentation on this error, please visit: https://www.selenium.dev/documentation/webdriver/troubleshooting/errors#no-such-element-exception\nStacktrace:\n#0 0x55a857308cb3 <unknown>\n#1 0x55a856ff74a7 <unknown>\n#2 0x55a85704231d <unknown>\n#3 0x55a8570423d1 <unknown>\n#4 0x55a857085734 <unknown>\n#5 0x55a85706443d <unknown>\n#6 0x55a857082be9 <unknown>\n#7 0x55a8570641b3 <unknown>\n#8 0x55a85703524a <unknown>\n#9 0x55a857035c1e <unknown>\n#10 0x55a8572ccfdb <unknown>\n#11 0x55a8572d0f2b <unknown>\n#12 0x55a8572b90f1 <unknown>\n#13 0x55a8572d1a92 <unknown>\n#14 0x55a85729dfaf <unknown>\n#15 0x55a8572f7e08 <unknown>\n#16 0x55a8572f7fe0 <unknown>\n#17 0x55a857307e04 <unknown>\n#18 0x7f9c33a94ac3 <unknown>","time":{"start":1714264348367,"stop":1714264351987,"duration":3620}},{"uid":"3cacbe20f26dfab0","reportUrl":"https://robbrad.github.io/UKBinCollectionData/3.10/1722//#testresult/3cacbe20f26dfab0","status":"failed","statusDetails":"selenium.common.exceptions.NoSuchElementException: Message: no such element: Unable to locate element: {\"method\":\"css selector\",\"selector\":\"[id=\"ContentPlaceHolderDefault_ctl13_nptLLPG2_25_addresslookup_txtTmpPostcode\"]\"}\n  (Session info: chrome-headless-shell=124.0.6367.60); For documentation on this error, please visit: https://www.selenium.dev/documentation/webdriver/troubleshooting/errors#no-such-element-exception\nStacktrace:\n#0 0x560c952dccb3 <unknown>\n#1 0x560c94fcb4a7 <unknown>\n#2 0x560c9501631d <unknown>\n#3 0x560c950163d1 <unknown>\n#4 0x560c95059734 <unknown>\n#5 0x560c9503843d <unknown>\n#6 0x560c95056be9 <unknown>\n#7 0x560c950381b3 <unknown>\n#8 0x560c9500924a <unknown>\n#9 0x560c95009c1e <unknown>\n#10 0x560c952a0fdb <unknown>\n#11 0x560c952a4f2b <unknown>\n#12 0x560c9528d0f1 <unknown>\n#13 0x560c952a5a92 <unknown>\n#14 0x560c95271faf <unknown>\n#15 0x560c952cbe08 <unknown>\n#16 0x560c952cbfe0 <unknown>\n#17 0x560c952dbe04 <unknown>\n#18 0x7f49cba94ac3 <unknown>","time":{"start":1714234211472,"stop":1714234214926,"duration":3454}},{"uid":"b7c733502aa5eed6","reportUrl":"https://robbrad.github.io/UKBinCollectionData/3.10/1714//#testresult/b7c733502aa5eed6","status":"failed","statusDetails":"selenium.common.exceptions.NoSuchElementException: Message: no such element: Unable to locate element: {\"method\":\"css selector\",\"selector\":\"[id=\"ContentPlaceHolderDefault_ctl13_nptLLPG2_25_addresslookup_txtTmpPostcode\"]\"}\n  (Session info: chrome-headless-shell=124.0.6367.60); For documentation on this error, please visit: https://www.selenium.dev/documentation/webdriver/troubleshooting/errors#no-such-element-exception\nStacktrace:\n#0 0x55e1ffa9bcb3 <unknown>\n#1 0x55e1ff78a4a7 <unknown>\n#2 0x55e1ff7d531d <unknown>\n#3 0x55e1ff7d53d1 <unknown>\n#4 0x55e1ff818734 <unknown>\n#5 0x55e1ff7f743d <unknown>\n#6 0x55e1ff815be9 <unknown>\n#7 0x55e1ff7f71b3 <unknown>\n#8 0x55e1ff7c824a <unknown>\n#9 0x55e1ff7c8c1e <unknown>\n#10 0x55e1ffa5ffdb <unknown>\n#11 0x55e1ffa63f2b <unknown>\n#12 0x55e1ffa4c0f1 <unknown>\n#13 0x55e1ffa64a92 <unknown>\n#14 0x55e1ffa30faf <unknown>\n#15 0x55e1ffa8ae08 <unknown>\n#16 0x55e1ffa8afe0 <unknown>\n#17 0x55e1ffa9ae04 <unknown>\n#18 0x7fcaa5c94ac3 <unknown>","time":{"start":1714232823505,"stop":1714232829893,"duration":6388}},{"uid":"a7ad4085c6bca623","reportUrl":"https://robbrad.github.io/UKBinCollectionData/3.10/1713//#testresult/a7ad4085c6bca623","status":"failed","statusDetails":"selenium.common.exceptions.NoSuchElementException: Message: no such element: Unable to locate element: {\"method\":\"css selector\",\"selector\":\"[id=\"ContentPlaceHolderDefault_ctl13_nptLLPG2_25_addresslookup_txtTmpPostcode\"]\"}\n  (Session info: chrome-headless-shell=124.0.6367.60); For documentation on this error, please visit: https://www.selenium.dev/documentation/webdriver/troubleshooting/errors#no-such-element-exception\nStacktrace:\n#0 0x557dad6a0cb3 <unknown>\n#1 0x557dad38f4a7 <unknown>\n#2 0x557dad3da31d <unknown>\n#3 0x557dad3da3d1 <unknown>\n#4 0x557dad41d734 <unknown>\n#5 0x557dad3fc43d <unknown>\n#6 0x557dad41abe9 <unknown>\n#7 0x557dad3fc1b3 <unknown>\n#8 0x557dad3cd24a <unknown>\n#9 0x557dad3cdc1e <unknown>\n#10 0x557dad664fdb <unknown>\n#11 0x557dad668f2b <unknown>\n#12 0x557dad6510f1 <unknown>\n#13 0x557dad669a92 <unknown>\n#14 0x557dad635faf <unknown>\n#15 0x557dad68fe08 <unknown>\n#16 0x557dad68ffe0 <unknown>\n#17 0x557dad69fe04 <unknown>\n#18 0x7f117e494ac3 <unknown>","time":{"start":1714177731650,"stop":1714177735139,"duration":3489}},{"uid":"87f5ebfa1d3beea7","reportUrl":"https://robbrad.github.io/UKBinCollectionData/3.10/1712//#testresult/87f5ebfa1d3beea7","status":"failed","statusDetails":"selenium.common.exceptions.NoSuchElementException: Message: no such element: Unable to locate element: {\"method\":\"css selector\",\"selector\":\"[id=\"ContentPlaceHolderDefault_ctl13_nptLLPG2_25_addresslookup_txtTmpPostcode\"]\"}\n  (Session info: chrome-headless-shell=124.0.6367.60); For documentation on this error, please visit: https://www.selenium.dev/documentation/webdriver/troubleshooting/errors#no-such-element-exception\nStacktrace:\n#0 0x559800824cb3 <unknown>\n#1 0x5598005134a7 <unknown>\n#2 0x55980055e31d <unknown>\n#3 0x55980055e3d1 <unknown>\n#4 0x5598005a1734 <unknown>\n#5 0x55980058043d <unknown>\n#6 0x55980059ebe9 <unknown>\n#7 0x5598005801b3 <unknown>\n#8 0x55980055124a <unknown>\n#9 0x559800551c1e <unknown>\n#10 0x5598007e8fdb <unknown>\n#11 0x5598007ecf2b <unknown>\n#12 0x5598007d50f1 <unknown>\n#13 0x5598007eda92 <unknown>\n#14 0x5598007b9faf <unknown>\n#15 0x559800813e08 <unknown>\n#16 0x559800813fe0 <unknown>\n#17 0x559800823e04 <unknown>\n#18 0x7f9bdb694ac3 <unknown>","time":{"start":1714091352107,"stop":1714091356669,"duration":4562}},{"uid":"1f80c8ad74fbd28e","reportUrl":"https://robbrad.github.io/UKBinCollectionData/3.10/1711//#testresult/1f80c8ad74fbd28e","status":"failed","statusDetails":"selenium.common.exceptions.NoSuchElementException: Message: no such element: Unable to locate element: {\"method\":\"css selector\",\"selector\":\"[id=\"ContentPlaceHolderDefault_ctl13_nptLLPG2_25_addresslookup_txtTmpPostcode\"]\"}\n  (Session info: chrome-headless-shell=124.0.6367.60); For documentation on this error, please visit: https://www.selenium.dev/documentation/webdriver/troubleshooting/errors#no-such-element-exception\nStacktrace:\n#0 0x5600dfc9dce3 <unknown>\n#1 0x5600df98c4a7 <unknown>\n#2 0x5600df9d731d <unknown>\n#3 0x5600df9d73d1 <unknown>\n#4 0x5600dfa1a734 <unknown>\n#5 0x5600df9f943d <unknown>\n#6 0x5600dfa17be9 <unknown>\n#7 0x5600df9f91b3 <unknown>\n#8 0x5600df9ca24a <unknown>\n#9 0x5600df9cac1e <unknown>\n#10 0x5600dfc6200b <unknown>\n#11 0x5600dfc65f5b <unknown>\n#12 0x5600dfc4e121 <unknown>\n#13 0x5600dfc66ac2 <unknown>\n#14 0x5600dfc32fdf <unknown>\n#15 0x5600dfc8ce38 <unknown>\n#16 0x5600dfc8d010 <unknown>\n#17 0x5600dfc9ce34 <unknown>\n#18 0x7f5ad0e94ac3 <unknown>","time":{"start":1714005006875,"stop":1714005010326,"duration":3451}},{"uid":"3650a27fb527cc68","reportUrl":"https://robbrad.github.io/UKBinCollectionData/3.10/1710//#testresult/3650a27fb527cc68","status":"failed","statusDetails":"selenium.common.exceptions.NoSuchElementException: Message: no such element: Unable to locate element: {\"method\":\"css selector\",\"selector\":\"[id=\"ContentPlaceHolderDefault_ctl13_nptLLPG2_25_addresslookup_txtTmpPostcode\"]\"}\n  (Session info: chrome-headless-shell=123.0.6312.122); For documentation on this error, please visit: https://www.selenium.dev/documentation/webdriver/troubleshooting/errors#no-such-element-exception\nStacktrace:\n#0 0x555abe4fd863 <unknown>\n#1 0x555abe1f38c6 <unknown>\n#2 0x555abe23e618 <unknown>\n#3 0x555abe23e6d1 <unknown>\n#4 0x555abe281744 <unknown>\n#5 0x555abe2605cd <unknown>\n#6 0x555abe27ec19 <unknown>\n#7 0x555abe260343 <unknown>\n#8 0x555abe231593 <unknown>\n#9 0x555abe231f5e <unknown>\n#10 0x555abe4c184b <unknown>\n#11 0x555abe4c57a5 <unknown>\n#12 0x555abe4af571 <unknown>\n#13 0x555abe4c6332 <unknown>\n#14 0x555abe49487f <unknown>\n#15 0x555abe4ec728 <unknown>\n#16 0x555abe4ec8fb <unknown>\n#17 0x555abe4fc9b4 <unknown>\n#18 0x7ff517e94ac3 <unknown>","time":{"start":1713918578801,"stop":1713918582283,"duration":3482}},{"uid":"88cb612762fc67cc","reportUrl":"https://robbrad.github.io/UKBinCollectionData/3.10/1709//#testresult/88cb612762fc67cc","status":"failed","statusDetails":"selenium.common.exceptions.NoSuchElementException: Message: no such element: Unable to locate element: {\"method\":\"css selector\",\"selector\":\"[id=\"ContentPlaceHolderDefault_ctl13_nptLLPG2_25_addresslookup_txtTmpPostcode\"]\"}\n  (Session info: chrome-headless-shell=123.0.6312.122); For documentation on this error, please visit: https://www.selenium.dev/documentation/webdriver/troubleshooting/errors#no-such-element-exception\nStacktrace:\n#0 0x56233ea4c863 <unknown>\n#1 0x56233e7428c6 <unknown>\n#2 0x56233e78d618 <unknown>\n#3 0x56233e78d6d1 <unknown>\n#4 0x56233e7d0744 <unknown>\n#5 0x56233e7af5cd <unknown>\n#6 0x56233e7cdc19 <unknown>\n#7 0x56233e7af343 <unknown>\n#8 0x56233e780593 <unknown>\n#9 0x56233e780f5e <unknown>\n#10 0x56233ea1084b <unknown>\n#11 0x56233ea147a5 <unknown>\n#12 0x56233e9fe571 <unknown>\n#13 0x56233ea15332 <unknown>\n#14 0x56233e9e387f <unknown>\n#15 0x56233ea3b728 <unknown>\n#16 0x56233ea3b8fb <unknown>\n#17 0x56233ea4b9b4 <unknown>\n#18 0x7f69e1694ac3 <unknown>","time":{"start":1713832604656,"stop":1713832608845,"duration":4189}},{"uid":"2a1704ad55a41601","reportUrl":"https://robbrad.github.io/UKBinCollectionData/3.10/1708//#testresult/2a1704ad55a41601","status":"failed","statusDetails":"selenium.common.exceptions.NoSuchElementException: Message: no such element: Unable to locate element: {\"method\":\"css selector\",\"selector\":\"[id=\"ContentPlaceHolderDefault_ctl13_nptLLPG2_25_addresslookup_txtTmpPostcode\"]\"}\n  (Session info: chrome-headless-shell=123.0.6312.122); For documentation on this error, please visit: https://www.selenium.dev/documentation/webdriver/troubleshooting/errors#no-such-element-exception\nStacktrace:\n#0 0x556bac174863 <unknown>\n#1 0x556babe6a8c6 <unknown>\n#2 0x556babeb5618 <unknown>\n#3 0x556babeb56d1 <unknown>\n#4 0x556babef8744 <unknown>\n#5 0x556babed75cd <unknown>\n#6 0x556babef5c19 <unknown>\n#7 0x556babed7343 <unknown>\n#8 0x556babea8593 <unknown>\n#9 0x556babea8f5e <unknown>\n#10 0x556bac13884b <unknown>\n#11 0x556bac13c7a5 <unknown>\n#12 0x556bac126571 <unknown>\n#13 0x556bac13d332 <unknown>\n#14 0x556bac10b87f <unknown>\n#15 0x556bac163728 <unknown>\n#16 0x556bac1638fb <unknown>\n#17 0x556bac1739b4 <unknown>\n#18 0x7f4a5d094ac3 <unknown>","time":{"start":1713745781774,"stop":1713745786630,"duration":4856}},{"uid":"2198aa51585ce5d5","reportUrl":"https://robbrad.github.io/UKBinCollectionData/3.10/1707//#testresult/2198aa51585ce5d5","status":"failed","statusDetails":"selenium.common.exceptions.NoSuchElementException: Message: no such element: Unable to locate element: {\"method\":\"css selector\",\"selector\":\"[id=\"ContentPlaceHolderDefault_ctl13_nptLLPG2_25_addresslookup_txtTmpPostcode\"]\"}\n  (Session info: chrome-headless-shell=123.0.6312.122); For documentation on this error, please visit: https://www.selenium.dev/documentation/webdriver/troubleshooting/errors#no-such-element-exception\nStacktrace:\n#0 0x55a7b3b91863 <unknown>\n#1 0x55a7b38878c6 <unknown>\n#2 0x55a7b38d2618 <unknown>\n#3 0x55a7b38d26d1 <unknown>\n#4 0x55a7b3915744 <unknown>\n#5 0x55a7b38f45cd <unknown>\n#6 0x55a7b3912c19 <unknown>\n#7 0x55a7b38f4343 <unknown>\n#8 0x55a7b38c5593 <unknown>\n#9 0x55a7b38c5f5e <unknown>\n#10 0x55a7b3b5584b <unknown>\n#11 0x55a7b3b597a5 <unknown>\n#12 0x55a7b3b43571 <unknown>\n#13 0x55a7b3b5a332 <unknown>\n#14 0x55a7b3b2887f <unknown>\n#15 0x55a7b3b80728 <unknown>\n#16 0x55a7b3b808fb <unknown>\n#17 0x55a7b3b909b4 <unknown>\n#18 0x7f15ec294ac3 <unknown>","time":{"start":1713659434393,"stop":1713659438234,"duration":3841}},{"uid":"90013d62f9393e9d","reportUrl":"https://robbrad.github.io/UKBinCollectionData/3.10/1706//#testresult/90013d62f9393e9d","status":"failed","statusDetails":"selenium.common.exceptions.NoSuchElementException: Message: no such element: Unable to locate element: {\"method\":\"css selector\",\"selector\":\"[id=\"ContentPlaceHolderDefault_ctl13_nptLLPG2_25_addresslookup_txtTmpPostcode\"]\"}\n  (Session info: chrome-headless-shell=123.0.6312.122); For documentation on this error, please visit: https://www.selenium.dev/documentation/webdriver/troubleshooting/errors#no-such-element-exception\nStacktrace:\n#0 0x55a1645ee863 <unknown>\n#1 0x55a1642e48c6 <unknown>\n#2 0x55a16432f618 <unknown>\n#3 0x55a16432f6d1 <unknown>\n#4 0x55a164372744 <unknown>\n#5 0x55a1643515cd <unknown>\n#6 0x55a16436fc19 <unknown>\n#7 0x55a164351343 <unknown>\n#8 0x55a164322593 <unknown>\n#9 0x55a164322f5e <unknown>\n#10 0x55a1645b284b <unknown>\n#11 0x55a1645b67a5 <unknown>\n#12 0x55a1645a0571 <unknown>\n#13 0x55a1645b7332 <unknown>\n#14 0x55a16458587f <unknown>\n#15 0x55a1645dd728 <unknown>\n#16 0x55a1645dd8fb <unknown>\n#17 0x55a1645ed9b4 <unknown>\n#18 0x7fcee1094ac3 <unknown>","time":{"start":1713572880068,"stop":1713572884268,"duration":4200}},{"uid":"fa4e88d96a497d0d","reportUrl":"https://robbrad.github.io/UKBinCollectionData/3.10/1702//#testresult/fa4e88d96a497d0d","status":"failed","statusDetails":"selenium.common.exceptions.NoSuchElementException: Message: no such element: Unable to locate element: {\"method\":\"css selector\",\"selector\":\"[id=\"ContentPlaceHolderDefault_ctl13_nptLLPG2_25_addresslookup_txtTmpPostcode\"]\"}\n  (Session info: chrome-headless-shell=123.0.6312.122); For documentation on this error, please visit: https://www.selenium.dev/documentation/webdriver/troubleshooting/errors#no-such-element-exception\nStacktrace:\n#0 0x563e336d4863 <unknown>\n#1 0x563e333ca8c6 <unknown>\n#2 0x563e33415618 <unknown>\n#3 0x563e334156d1 <unknown>\n#4 0x563e33458744 <unknown>\n#5 0x563e334375cd <unknown>\n#6 0x563e33455c19 <unknown>\n#7 0x563e33437343 <unknown>\n#8 0x563e33408593 <unknown>\n#9 0x563e33408f5e <unknown>\n#10 0x563e3369884b <unknown>\n#11 0x563e3369c7a5 <unknown>\n#12 0x563e33686571 <unknown>\n#13 0x563e3369d332 <unknown>\n#14 0x563e3366b87f <unknown>\n#15 0x563e336c3728 <unknown>\n#16 0x563e336c38fb <unknown>\n#17 0x563e336d39b4 <unknown>\n#18 0x7fc20e294ac3 <unknown>","time":{"start":1713486524101,"stop":1713486528892,"duration":4791}},{"uid":"203ba74dcfc404e6","reportUrl":"https://robbrad.github.io/UKBinCollectionData/3.10/1698//#testresult/203ba74dcfc404e6","status":"failed","statusDetails":"selenium.common.exceptions.ElementClickInterceptedException: Message: element click intercepted: Element is not clickable at point (589, 636)\n  (Session info: chrome-headless-shell=123.0.6312.122)\nStacktrace:\n#0 0x5557316a1863 <unknown>\n#1 0x5557313978c6 <unknown>\n#2 0x5557313e9233 <unknown>\n#3 0x5557313e714e <unknown>\n#4 0x5557313e4b27 <unknown>\n#5 0x5557313e3ed3 <unknown>\n#6 0x5557313d7507 <unknown>\n#7 0x5557314045a2 <unknown>\n#8 0x5557313d6e98 <unknown>\n#9 0x55573140476e <unknown>\n#10 0x555731422c19 <unknown>\n#11 0x555731404343 <unknown>\n#12 0x5557313d5593 <unknown>\n#13 0x5557313d5f5e <unknown>\n#14 0x55573166584b <unknown>\n#15 0x5557316697a5 <unknown>\n#16 0x555731653571 <unknown>\n#17 0x55573166a332 <unknown>\n#18 0x55573163887f <unknown>\n#19 0x555731690728 <unknown>\n#20 0x5557316908fb <unknown>\n#21 0x5557316a09b4 <unknown>\n#22 0x7f1a25494ac3 <unknown>","time":{"start":1713400123504,"stop":1713400127962,"duration":4458}},{"uid":"d9468048df9d1b19","reportUrl":"https://robbrad.github.io/UKBinCollectionData/3.10/1697//#testresult/d9468048df9d1b19","status":"failed","statusDetails":"selenium.common.exceptions.NoSuchElementException: Message: no such element: Unable to locate element: {\"method\":\"css selector\",\"selector\":\"[id=\"ContentPlaceHolderDefault_ctl13_nptLLPG2_25_addresslookup_txtTmpPostcode\"]\"}\n  (Session info: chrome-headless-shell=123.0.6312.122); For documentation on this error, please visit: https://www.selenium.dev/documentation/webdriver/troubleshooting/errors#no-such-element-exception\nStacktrace:\n#0 0x55a63073e863 <unknown>\n#1 0x55a6304348c6 <unknown>\n#2 0x55a63047f618 <unknown>\n#3 0x55a63047f6d1 <unknown>\n#4 0x55a6304c2744 <unknown>\n#5 0x55a6304a15cd <unknown>\n#6 0x55a6304bfc19 <unknown>\n#7 0x55a6304a1343 <unknown>\n#8 0x55a630472593 <unknown>\n#9 0x55a630472f5e <unknown>\n#10 0x55a63070284b <unknown>\n#11 0x55a6307067a5 <unknown>\n#12 0x55a6306f0571 <unknown>\n#13 0x55a630707332 <unknown>\n#14 0x55a6306d587f <unknown>\n#15 0x55a63072d728 <unknown>\n#16 0x55a63072d8fb <unknown>\n#17 0x55a63073d9b4 <unknown>\n#18 0x7ff5eb894ac3 <unknown>","time":{"start":1713313709198,"stop":1713313712796,"duration":3598}},{"uid":"5609f4fb7f3545cb","reportUrl":"https://robbrad.github.io/UKBinCollectionData/3.10/1696//#testresult/5609f4fb7f3545cb","status":"failed","statusDetails":"selenium.common.exceptions.NoSuchElementException: Message: no such element: Unable to locate element: {\"method\":\"css selector\",\"selector\":\"[id=\"ContentPlaceHolderDefault_ctl13_nptLLPG2_25_addresslookup_txtTmpPostcode\"]\"}\n  (Session info: chrome-headless-shell=123.0.6312.105); For documentation on this error, please visit: https://www.selenium.dev/documentation/webdriver/troubleshooting/errors#no-such-element-exception\nStacktrace:\n#0 0x55da156e3863 <unknown>\n#1 0x55da153d98c6 <unknown>\n#2 0x55da15424618 <unknown>\n#3 0x55da154246d1 <unknown>\n#4 0x55da15467744 <unknown>\n#5 0x55da154465cd <unknown>\n#6 0x55da15464c19 <unknown>\n#7 0x55da15446343 <unknown>\n#8 0x55da15417593 <unknown>\n#9 0x55da15417f5e <unknown>\n#10 0x55da156a784b <unknown>\n#11 0x55da156ab7a5 <unknown>\n#12 0x55da15695571 <unknown>\n#13 0x55da156ac332 <unknown>\n#14 0x55da1567a87f <unknown>\n#15 0x55da156d2728 <unknown>\n#16 0x55da156d28fb <unknown>\n#17 0x55da156e29b4 <unknown>\n#18 0x7fecb0e94ac3 <unknown>","time":{"start":1713252787395,"stop":1713252790405,"duration":3010}}]},"tags":[]},"source":"68e74d1605055555.json","parameterValues":["NeathPortTalbotCouncil","local","http://selenium:4444"]}