{"uid":"e79c2fd9d013b683","name":"Validate Council Output [NeathPortTalbotCouncil-http://selenium:4444-local]","fullName":"features/validate_council_outputs.feature:Validate Council Output","historyId":"68717d64a9b5b73045a4198b6f1e2a64","time":{"start":1702343971510,"stop":1702343975262,"duration":3752},"status":"failed","statusMessage":"selenium.common.exceptions.NoSuchElementException: Message: no such element: Unable to locate element: {\"method\":\"css selector\",\"selector\":\"[id=\"ContentPlaceHolderDefault_ctl13_nptLLPG2_25_addresslookup_txtTmpPostcode\"]\"}\n  (Session info: headless chrome=119.0.6045.199); For documentation on this error, please visit: https://www.selenium.dev/documentation/webdriver/troubleshooting/errors#no-such-element-exception\nStacktrace:\n#0 0x559c22a0b5e3 <unknown>\n#1 0x559c226ce0b7 <unknown>\n#2 0x559c2271bf53 <unknown>\n#3 0x559c2271c051 <unknown>\n#4 0x559c227619c4 <unknown>\n#5 0x559c22742f1d <unknown>\n#6 0x559c2275eb3d <unknown>\n#7 0x559c22742cc3 <unknown>\n#8 0x559c2270e0e4 <unknown>\n#9 0x559c2270f0ae <unknown>\n#10 0x559c229d1ce1 <unknown>\n#11 0x559c229d5b7e <unknown>\n#12 0x559c229bf4b5 <unknown>\n#13 0x559c229d67d6 <unknown>\n#14 0x559c229a2dbf <unknown>\n#15 0x559c229f9748 <unknown>\n#16 0x559c229f9917 <unknown>\n#17 0x559c22a0a773 <unknown>\n#18 0x7f20b1694ac3 <unknown>","statusTrace":"fixturefunc = <function scrape_step at 0x7fc0350b0400>\nrequest = <FixtureRequest for <Function test_scenario_outline[NeathPortTalbotCouncil-http://selenium:4444-local]>>\nkwargs = {'context': <test_validate_council.context.<locals>.Context object at 0x7fc0344a6ed0>, 'council': 'NeathPortTalbotCouncil', 'selenium_mode': 'local', 'selenium_url': 'http://selenium:4444'}\n\n    def call_fixture_func(\n        fixturefunc: \"_FixtureFunc[FixtureValue]\", request: FixtureRequest, kwargs\n    ) -> FixtureValue:\n        if is_generator(fixturefunc):\n            fixturefunc = cast(\n                Callable[..., Generator[FixtureValue, None, None]], fixturefunc\n            )\n            generator = fixturefunc(**kwargs)\n            try:\n                fixture_result = next(generator)\n            except StopIteration:\n                raise ValueError(f\"{request.fixturename} did not yield a value\") from None\n            finalizer = functools.partial(_teardown_yield_fixture, fixturefunc, generator)\n            request.addfinalizer(finalizer)\n        else:\n            fixturefunc = cast(Callable[..., FixtureValue], fixturefunc)\n>           fixture_result = fixturefunc(**kwargs)\n\n../../../.cache/pypoetry/virtualenvs/uk-bin-collection-EwS6Gn8s-py3.11/lib/python3.11/site-packages/_pytest/fixtures.py:902: \n_ _ _ _ _ _ _ _ _ _ _ _ _ _ _ _ _ _ _ _ _ _ _ _ _ _ _ _ _ _ _ _ _ _ _ _ _ _ _ _ \nuk_bin_collection/tests/step_defs/test_validate_council.py:75: in scrape_step\n    raise (err)\nuk_bin_collection/tests/step_defs/test_validate_council.py:71: in scrape_step\n    context.parse_result = CollectData.run()\nuk_bin_collection/uk_bin_collection/collect_data.py:82: in run\n    return self.client_code(\nuk_bin_collection/uk_bin_collection/collect_data.py:69: in client_code\n    return get_bin_data_class.template_method(address_url, **kwargs)\nuk_bin_collection/uk_bin_collection/get_bin_data.py:69: in template_method\n    bin_data_dict = self.parse_data(\nuk_bin_collection/uk_bin_collection/councils/NeathPortTalbotCouncil.py:41: in parse_data\n    inputElement_postcode = driver.find_element(\n../../../.cache/pypoetry/virtualenvs/uk-bin-collection-EwS6Gn8s-py3.11/lib/python3.11/site-packages/selenium/webdriver/remote/webdriver.py:738: in find_element\n    return self.execute(Command.FIND_ELEMENT, {\"using\": by, \"value\": value})[\"value\"]\n../../../.cache/pypoetry/virtualenvs/uk-bin-collection-EwS6Gn8s-py3.11/lib/python3.11/site-packages/selenium/webdriver/remote/webdriver.py:344: in execute\n    self.error_handler.check_response(response)\n_ _ _ _ _ _ _ _ _ _ _ _ _ _ _ _ _ _ _ _ _ _ _ _ _ _ _ _ _ _ _ _ _ _ _ _ _ _ _ _ \n\nself = <selenium.webdriver.remote.errorhandler.ErrorHandler object at 0x7fc035131650>\nresponse = {'status': 404, 'value': '{\"value\":{\"error\":\"no such element\",\"message\":\"no such element: Unable to locate element: {\\...\\\\n#16 0x559c229f9917 \\\\u003Cunknown>\\\\n#17 0x559c22a0a773 \\\\u003Cunknown>\\\\n#18 0x7f20b1694ac3 \\\\u003Cunknown>\\\\n\"}}'}\n\n    def check_response(self, response: Dict[str, Any]) -> None:\n        \"\"\"Checks that a JSON response from the WebDriver does not have an\n        error.\n    \n        :Args:\n         - response - The JSON response from the WebDriver server as a dictionary\n           object.\n    \n        :Raises: If the response contains an error message.\n        \"\"\"\n        status = response.get(\"status\", None)\n        if not status or status == ErrorCode.SUCCESS:\n            return\n        value = None\n        message = response.get(\"message\", \"\")\n        screen: str = response.get(\"screen\", \"\")\n        stacktrace = None\n        if isinstance(status, int):\n            value_json = response.get(\"value\", None)\n            if value_json and isinstance(value_json, str):\n                import json\n    \n                try:\n                    value = json.loads(value_json)\n                    if len(value) == 1:\n                        value = value[\"value\"]\n                    status = value.get(\"error\", None)\n                    if not status:\n                        status = value.get(\"status\", ErrorCode.UNKNOWN_ERROR)\n                        message = value.get(\"value\") or value.get(\"message\")\n                        if not isinstance(message, str):\n                            value = message\n                            message = message.get(\"message\")\n                    else:\n                        message = value.get(\"message\", None)\n                except ValueError:\n                    pass\n    \n        exception_class: Type[WebDriverException]\n        e = ErrorCode()\n        error_codes = [item for item in dir(e) if not item.startswith(\"__\")]\n        for error_code in error_codes:\n            error_info = getattr(ErrorCode, error_code)\n            if isinstance(error_info, list) and status in error_info:\n                exception_class = getattr(ExceptionMapping, error_code, WebDriverException)\n                break\n        else:\n            exception_class = WebDriverException\n    \n        if not value:\n            value = response[\"value\"]\n        if isinstance(value, str):\n            raise exception_class(value)\n        if message == \"\" and \"message\" in value:\n            message = value[\"message\"]\n    \n        screen = None  # type: ignore[assignment]\n        if \"screen\" in value:\n            screen = value[\"screen\"]\n    \n        stacktrace = None\n        st_value = value.get(\"stackTrace\") or value.get(\"stacktrace\")\n        if st_value:\n            if isinstance(st_value, str):\n                stacktrace = st_value.split(\"\\n\")\n            else:\n                stacktrace = []\n                try:\n                    for frame in st_value:\n                        line = frame.get(\"lineNumber\", \"\")\n                        file = frame.get(\"fileName\", \"<anonymous>\")\n                        if line:\n                            file = f\"{file}:{line}\"\n                        meth = frame.get(\"methodName\", \"<anonymous>\")\n                        if \"className\" in frame:\n                            meth = f\"{frame['className']}.{meth}\"\n                        msg = \"    at %s (%s)\"\n                        msg = msg % (meth, file)\n                        stacktrace.append(msg)\n                except TypeError:\n                    pass\n        if exception_class == UnexpectedAlertPresentException:\n            alert_text = None\n            if \"data\" in value:\n                alert_text = value[\"data\"].get(\"text\")\n            elif \"alert\" in value:\n                alert_text = value[\"alert\"].get(\"text\")\n            raise exception_class(message, screen, stacktrace, alert_text)  # type: ignore[call-arg]  # mypy is not smart enough here\n>       raise exception_class(message, screen, stacktrace)\nE       selenium.common.exceptions.NoSuchElementException: Message: no such element: Unable to locate element: {\"method\":\"css selector\",\"selector\":\"[id=\"ContentPlaceHolderDefault_ctl13_nptLLPG2_25_addresslookup_txtTmpPostcode\"]\"}\nE         (Session info: headless chrome=119.0.6045.199); For documentation on this error, please visit: https://www.selenium.dev/documentation/webdriver/troubleshooting/errors#no-such-element-exception\nE       Stacktrace:\nE       #0 0x559c22a0b5e3 <unknown>\nE       #1 0x559c226ce0b7 <unknown>\nE       #2 0x559c2271bf53 <unknown>\nE       #3 0x559c2271c051 <unknown>\nE       #4 0x559c227619c4 <unknown>\nE       #5 0x559c22742f1d <unknown>\nE       #6 0x559c2275eb3d <unknown>\nE       #7 0x559c22742cc3 <unknown>\nE       #8 0x559c2270e0e4 <unknown>\nE       #9 0x559c2270f0ae <unknown>\nE       #10 0x559c229d1ce1 <unknown>\nE       #11 0x559c229d5b7e <unknown>\nE       #12 0x559c229bf4b5 <unknown>\nE       #13 0x559c229d67d6 <unknown>\nE       #14 0x559c229a2dbf <unknown>\nE       #15 0x559c229f9748 <unknown>\nE       #16 0x559c229f9917 <unknown>\nE       #17 0x559c22a0a773 <unknown>\nE       #18 0x7f20b1694ac3 <unknown>\n\n../../../.cache/pypoetry/virtualenvs/uk-bin-collection-EwS6Gn8s-py3.11/lib/python3.11/site-packages/selenium/webdriver/remote/errorhandler.py:229: NoSuchElementException","flaky":false,"newFailed":false,"newBroken":false,"newPassed":false,"retriesCount":0,"retriesStatusChange":false,"beforeStages":[],"testStage":{"status":"failed","statusMessage":"selenium.common.exceptions.NoSuchElementException: Message: no such element: Unable to locate element: {\"method\":\"css selector\",\"selector\":\"[id=\"ContentPlaceHolderDefault_ctl13_nptLLPG2_25_addresslookup_txtTmpPostcode\"]\"}\n  (Session info: headless chrome=119.0.6045.199); For documentation on this error, please visit: https://www.selenium.dev/documentation/webdriver/troubleshooting/errors#no-such-element-exception\nStacktrace:\n#0 0x559c22a0b5e3 <unknown>\n#1 0x559c226ce0b7 <unknown>\n#2 0x559c2271bf53 <unknown>\n#3 0x559c2271c051 <unknown>\n#4 0x559c227619c4 <unknown>\n#5 0x559c22742f1d <unknown>\n#6 0x559c2275eb3d <unknown>\n#7 0x559c22742cc3 <unknown>\n#8 0x559c2270e0e4 <unknown>\n#9 0x559c2270f0ae <unknown>\n#10 0x559c229d1ce1 <unknown>\n#11 0x559c229d5b7e <unknown>\n#12 0x559c229bf4b5 <unknown>\n#13 0x559c229d67d6 <unknown>\n#14 0x559c229a2dbf <unknown>\n#15 0x559c229f9748 <unknown>\n#16 0x559c229f9917 <unknown>\n#17 0x559c22a0a773 <unknown>\n#18 0x7f20b1694ac3 <unknown>","statusTrace":"fixturefunc = <function scrape_step at 0x7fc0350b0400>\nrequest = <FixtureRequest for <Function test_scenario_outline[NeathPortTalbotCouncil-http://selenium:4444-local]>>\nkwargs = {'context': <test_validate_council.context.<locals>.Context object at 0x7fc0344a6ed0>, 'council': 'NeathPortTalbotCouncil', 'selenium_mode': 'local', 'selenium_url': 'http://selenium:4444'}\n\n    def call_fixture_func(\n        fixturefunc: \"_FixtureFunc[FixtureValue]\", request: FixtureRequest, kwargs\n    ) -> FixtureValue:\n        if is_generator(fixturefunc):\n            fixturefunc = cast(\n                Callable[..., Generator[FixtureValue, None, None]], fixturefunc\n            )\n            generator = fixturefunc(**kwargs)\n            try:\n                fixture_result = next(generator)\n            except StopIteration:\n                raise ValueError(f\"{request.fixturename} did not yield a value\") from None\n            finalizer = functools.partial(_teardown_yield_fixture, fixturefunc, generator)\n            request.addfinalizer(finalizer)\n        else:\n            fixturefunc = cast(Callable[..., FixtureValue], fixturefunc)\n>           fixture_result = fixturefunc(**kwargs)\n\n../../../.cache/pypoetry/virtualenvs/uk-bin-collection-EwS6Gn8s-py3.11/lib/python3.11/site-packages/_pytest/fixtures.py:902: \n_ _ _ _ _ _ _ _ _ _ _ _ _ _ _ _ _ _ _ _ _ _ _ _ _ _ _ _ _ _ _ _ _ _ _ _ _ _ _ _ \nuk_bin_collection/tests/step_defs/test_validate_council.py:75: in scrape_step\n    raise (err)\nuk_bin_collection/tests/step_defs/test_validate_council.py:71: in scrape_step\n    context.parse_result = CollectData.run()\nuk_bin_collection/uk_bin_collection/collect_data.py:82: in run\n    return self.client_code(\nuk_bin_collection/uk_bin_collection/collect_data.py:69: in client_code\n    return get_bin_data_class.template_method(address_url, **kwargs)\nuk_bin_collection/uk_bin_collection/get_bin_data.py:69: in template_method\n    bin_data_dict = self.parse_data(\nuk_bin_collection/uk_bin_collection/councils/NeathPortTalbotCouncil.py:41: in parse_data\n    inputElement_postcode = driver.find_element(\n../../../.cache/pypoetry/virtualenvs/uk-bin-collection-EwS6Gn8s-py3.11/lib/python3.11/site-packages/selenium/webdriver/remote/webdriver.py:738: in find_element\n    return self.execute(Command.FIND_ELEMENT, {\"using\": by, \"value\": value})[\"value\"]\n../../../.cache/pypoetry/virtualenvs/uk-bin-collection-EwS6Gn8s-py3.11/lib/python3.11/site-packages/selenium/webdriver/remote/webdriver.py:344: in execute\n    self.error_handler.check_response(response)\n_ _ _ _ _ _ _ _ _ _ _ _ _ _ _ _ _ _ _ _ _ _ _ _ _ _ _ _ _ _ _ _ _ _ _ _ _ _ _ _ \n\nself = <selenium.webdriver.remote.errorhandler.ErrorHandler object at 0x7fc035131650>\nresponse = {'status': 404, 'value': '{\"value\":{\"error\":\"no such element\",\"message\":\"no such element: Unable to locate element: {\\...\\\\n#16 0x559c229f9917 \\\\u003Cunknown>\\\\n#17 0x559c22a0a773 \\\\u003Cunknown>\\\\n#18 0x7f20b1694ac3 \\\\u003Cunknown>\\\\n\"}}'}\n\n    def check_response(self, response: Dict[str, Any]) -> None:\n        \"\"\"Checks that a JSON response from the WebDriver does not have an\n        error.\n    \n        :Args:\n         - response - The JSON response from the WebDriver server as a dictionary\n           object.\n    \n        :Raises: If the response contains an error message.\n        \"\"\"\n        status = response.get(\"status\", None)\n        if not status or status == ErrorCode.SUCCESS:\n            return\n        value = None\n        message = response.get(\"message\", \"\")\n        screen: str = response.get(\"screen\", \"\")\n        stacktrace = None\n        if isinstance(status, int):\n            value_json = response.get(\"value\", None)\n            if value_json and isinstance(value_json, str):\n                import json\n    \n                try:\n                    value = json.loads(value_json)\n                    if len(value) == 1:\n                        value = value[\"value\"]\n                    status = value.get(\"error\", None)\n                    if not status:\n                        status = value.get(\"status\", ErrorCode.UNKNOWN_ERROR)\n                        message = value.get(\"value\") or value.get(\"message\")\n                        if not isinstance(message, str):\n                            value = message\n                            message = message.get(\"message\")\n                    else:\n                        message = value.get(\"message\", None)\n                except ValueError:\n                    pass\n    \n        exception_class: Type[WebDriverException]\n        e = ErrorCode()\n        error_codes = [item for item in dir(e) if not item.startswith(\"__\")]\n        for error_code in error_codes:\n            error_info = getattr(ErrorCode, error_code)\n            if isinstance(error_info, list) and status in error_info:\n                exception_class = getattr(ExceptionMapping, error_code, WebDriverException)\n                break\n        else:\n            exception_class = WebDriverException\n    \n        if not value:\n            value = response[\"value\"]\n        if isinstance(value, str):\n            raise exception_class(value)\n        if message == \"\" and \"message\" in value:\n            message = value[\"message\"]\n    \n        screen = None  # type: ignore[assignment]\n        if \"screen\" in value:\n            screen = value[\"screen\"]\n    \n        stacktrace = None\n        st_value = value.get(\"stackTrace\") or value.get(\"stacktrace\")\n        if st_value:\n            if isinstance(st_value, str):\n                stacktrace = st_value.split(\"\\n\")\n            else:\n                stacktrace = []\n                try:\n                    for frame in st_value:\n                        line = frame.get(\"lineNumber\", \"\")\n                        file = frame.get(\"fileName\", \"<anonymous>\")\n                        if line:\n                            file = f\"{file}:{line}\"\n                        meth = frame.get(\"methodName\", \"<anonymous>\")\n                        if \"className\" in frame:\n                            meth = f\"{frame['className']}.{meth}\"\n                        msg = \"    at %s (%s)\"\n                        msg = msg % (meth, file)\n                        stacktrace.append(msg)\n                except TypeError:\n                    pass\n        if exception_class == UnexpectedAlertPresentException:\n            alert_text = None\n            if \"data\" in value:\n                alert_text = value[\"data\"].get(\"text\")\n            elif \"alert\" in value:\n                alert_text = value[\"alert\"].get(\"text\")\n            raise exception_class(message, screen, stacktrace, alert_text)  # type: ignore[call-arg]  # mypy is not smart enough here\n>       raise exception_class(message, screen, stacktrace)\nE       selenium.common.exceptions.NoSuchElementException: Message: no such element: Unable to locate element: {\"method\":\"css selector\",\"selector\":\"[id=\"ContentPlaceHolderDefault_ctl13_nptLLPG2_25_addresslookup_txtTmpPostcode\"]\"}\nE         (Session info: headless chrome=119.0.6045.199); For documentation on this error, please visit: https://www.selenium.dev/documentation/webdriver/troubleshooting/errors#no-such-element-exception\nE       Stacktrace:\nE       #0 0x559c22a0b5e3 <unknown>\nE       #1 0x559c226ce0b7 <unknown>\nE       #2 0x559c2271bf53 <unknown>\nE       #3 0x559c2271c051 <unknown>\nE       #4 0x559c227619c4 <unknown>\nE       #5 0x559c22742f1d <unknown>\nE       #6 0x559c2275eb3d <unknown>\nE       #7 0x559c22742cc3 <unknown>\nE       #8 0x559c2270e0e4 <unknown>\nE       #9 0x559c2270f0ae <unknown>\nE       #10 0x559c229d1ce1 <unknown>\nE       #11 0x559c229d5b7e <unknown>\nE       #12 0x559c229bf4b5 <unknown>\nE       #13 0x559c229d67d6 <unknown>\nE       #14 0x559c229a2dbf <unknown>\nE       #15 0x559c229f9748 <unknown>\nE       #16 0x559c229f9917 <unknown>\nE       #17 0x559c22a0a773 <unknown>\nE       #18 0x7f20b1694ac3 <unknown>\n\n../../../.cache/pypoetry/virtualenvs/uk-bin-collection-EwS6Gn8s-py3.11/lib/python3.11/site-packages/selenium/webdriver/remote/errorhandler.py:229: NoSuchElementException","steps":[{"name":"Given the council: NeathPortTalbotCouncil","time":{"start":1702343971510,"stop":1702343971511,"duration":1},"status":"passed","steps":[],"attachments":[],"parameters":[],"shouldDisplayMessage":false,"stepsCount":0,"attachmentsCount":0,"hasContent":false,"attachmentStep":false},{"name":"When we scrape the data from NeathPortTalbotCouncil using local and the http://selenium:4444 is set","time":{"start":1702343971511,"stop":1702343975262,"duration":3751},"status":"failed","statusMessage":"Message: no such element: Unable to locate element: {\"method\":\"css selector\",\"selector\":\"[id=\"ContentPlaceHolderDefault_ctl13_nptLLPG2_25_addresslookup_txtTmpPostcode\"]\"}\n  (Session info: headless chrome=119.0.6045.199); For documentation on this error, please visit: https://www.selenium.dev/documentation/webdriver/troubleshooting/errors#no-such-element-exception\nStacktrace:\n#0 0x559c22a0b5e3 <unknown>\n#1 0x559c226ce0b7 <unknown>\n#2 0x559c2271bf53 <unknown>\n#3 0x559c2271c051 <unknown>\n#4 0x559c227619c4 <unknown>\n#5 0x559c22742f1d <unknown>\n#6 0x559c2275eb3d <unknown>\n#7 0x559c22742cc3 <unknown>\n#8 0x559c2270e0e4 <unknown>\n#9 0x559c2270f0ae <unknown>\n#10 0x559c229d1ce1 <unknown>\n#11 0x559c229d5b7e <unknown>\n#12 0x559c229bf4b5 <unknown>\n#13 0x559c229d67d6 <unknown>\n#14 0x559c229a2dbf <unknown>\n#15 0x559c229f9748 <unknown>\n#16 0x559c229f9917 <unknown>\n#17 0x559c22a0a773 <unknown>\n#18 0x7f20b1694ac3 <unknown>\n","statusTrace":"selenium.common.exceptions.NoSuchElementException: Message: no such element: Unable to locate element: {\"method\":\"css selector\",\"selector\":\"[id=\"ContentPlaceHolderDefault_ctl13_nptLLPG2_25_addresslookup_txtTmpPostcode\"]\"}\n  (Session info: headless chrome=119.0.6045.199); For documentation on this error, please visit: https://www.selenium.dev/documentation/webdriver/troubleshooting/errors#no-such-element-exception\nStacktrace:\n#0 0x559c22a0b5e3 <unknown>\n#1 0x559c226ce0b7 <unknown>\n#2 0x559c2271bf53 <unknown>\n#3 0x559c2271c051 <unknown>\n#4 0x559c227619c4 <unknown>\n#5 0x559c22742f1d <unknown>\n#6 0x559c2275eb3d <unknown>\n#7 0x559c22742cc3 <unknown>\n#8 0x559c2270e0e4 <unknown>\n#9 0x559c2270f0ae <unknown>\n#10 0x559c229d1ce1 <unknown>\n#11 0x559c229d5b7e <unknown>\n#12 0x559c229bf4b5 <unknown>\n#13 0x559c229d67d6 <unknown>\n#14 0x559c229a2dbf <unknown>\n#15 0x559c229f9748 <unknown>\n#16 0x559c229f9917 <unknown>\n#17 0x559c22a0a773 <unknown>\n#18 0x7f20b1694ac3 <unknown>\n\n","steps":[],"attachments":[],"parameters":[],"shouldDisplayMessage":true,"stepsCount":0,"attachmentsCount":0,"hasContent":true,"attachmentStep":false}],"attachments":[],"parameters":[],"shouldDisplayMessage":true,"stepsCount":2,"attachmentsCount":0,"hasContent":true,"attachmentStep":false},"afterStages":[],"labels":[{"name":"host","value":"fv-az665-620"},{"name":"thread","value":"2759-MainThread"},{"name":"framework","value":"pytest-bdd"},{"name":"language","value":"cpython3"},{"name":"feature","value":"Test each council output matches expected results"},{"name":"resultFormat","value":"allure2"}],"parameters":[{"name":"council","value":"NeathPortTalbotCouncil"},{"name":"selenium_mode","value":"local"},{"name":"selenium_url","value":"http://selenium:4444"}],"links":[],"hidden":false,"retry":false,"extra":{"severity":"normal","retries":[],"categories":[{"name":"Product defects","matchedStatuses":[],"flaky":false}],"history":{"statistic":{"failed":57,"broken":0,"skipped":0,"passed":14,"unknown":0,"total":71},"items":[{"uid":"aceed5626ecddddb","reportUrl":"https://robbrad.github.io/UKBinCollectionData/3.11/1229//#testresult/aceed5626ecddddb","status":"failed","statusDetails":"selenium.common.exceptions.NoSuchElementException: Message: no such element: Unable to locate element: {\"method\":\"css selector\",\"selector\":\"[id=\"ContentPlaceHolderDefault_ctl13_nptLLPG2_25_addresslookup_txtTmpPostcode\"]\"}\n  (Session info: headless chrome=119.0.6045.199); For documentation on this error, please visit: https://www.selenium.dev/documentation/webdriver/troubleshooting/errors#no-such-element-exception\nStacktrace:\n#0 0x559c53c7f5e3 <unknown>\n#1 0x559c539420b7 <unknown>\n#2 0x559c5398ff53 <unknown>\n#3 0x559c53990051 <unknown>\n#4 0x559c539d59c4 <unknown>\n#5 0x559c539b6f1d <unknown>\n#6 0x559c539d2b3d <unknown>\n#7 0x559c539b6cc3 <unknown>\n#8 0x559c539820e4 <unknown>\n#9 0x559c539830ae <unknown>\n#10 0x559c53c45ce1 <unknown>\n#11 0x559c53c49b7e <unknown>\n#12 0x559c53c334b5 <unknown>\n#13 0x559c53c4a7d6 <unknown>\n#14 0x559c53c16dbf <unknown>\n#15 0x559c53c6d748 <unknown>\n#16 0x559c53c6d917 <unknown>\n#17 0x559c53c7e773 <unknown>\n#18 0x7f2ac8694ac3 <unknown>","time":{"start":1702257572695,"stop":1702257576100,"duration":3405}},{"uid":"b620b6b9e741dec3","reportUrl":"https://robbrad.github.io/UKBinCollectionData/3.11/1228//#testresult/b620b6b9e741dec3","status":"failed","statusDetails":"selenium.common.exceptions.NoSuchElementException: Message: no such element: Unable to locate element: {\"method\":\"css selector\",\"selector\":\"[id=\"ContentPlaceHolderDefault_ctl13_nptLLPG2_25_addresslookup_txtTmpPostcode\"]\"}\n  (Session info: headless chrome=119.0.6045.199); For documentation on this error, please visit: https://www.selenium.dev/documentation/webdriver/troubleshooting/errors#no-such-element-exception\nStacktrace:\n#0 0x55cfc1a6a5e3 <unknown>\n#1 0x55cfc172d0b7 <unknown>\n#2 0x55cfc177af53 <unknown>\n#3 0x55cfc177b051 <unknown>\n#4 0x55cfc17c09c4 <unknown>\n#5 0x55cfc17a1f1d <unknown>\n#6 0x55cfc17bdb3d <unknown>\n#7 0x55cfc17a1cc3 <unknown>\n#8 0x55cfc176d0e4 <unknown>\n#9 0x55cfc176e0ae <unknown>\n#10 0x55cfc1a30ce1 <unknown>\n#11 0x55cfc1a34b7e <unknown>\n#12 0x55cfc1a1e4b5 <unknown>\n#13 0x55cfc1a357d6 <unknown>\n#14 0x55cfc1a01dbf <unknown>\n#15 0x55cfc1a58748 <unknown>\n#16 0x55cfc1a58917 <unknown>\n#17 0x55cfc1a69773 <unknown>\n#18 0x7fb669294ac3 <unknown>","time":{"start":1702171467680,"stop":1702171471927,"duration":4247}},{"uid":"a5c6afb2010c1ea","reportUrl":"https://robbrad.github.io/UKBinCollectionData/3.11/1227//#testresult/a5c6afb2010c1ea","status":"failed","statusDetails":"selenium.common.exceptions.NoSuchElementException: Message: no such element: Unable to locate element: {\"method\":\"css selector\",\"selector\":\"[id=\"ContentPlaceHolderDefault_ctl13_nptLLPG2_25_addresslookup_txtTmpPostcode\"]\"}\n  (Session info: headless chrome=119.0.6045.199); For documentation on this error, please visit: https://www.selenium.dev/documentation/webdriver/troubleshooting/errors#no-such-element-exception\nStacktrace:\n#0 0x55d025dcc5e3 <unknown>\n#1 0x55d025a8f0b7 <unknown>\n#2 0x55d025adcf53 <unknown>\n#3 0x55d025add051 <unknown>\n#4 0x55d025b229c4 <unknown>\n#5 0x55d025b03f1d <unknown>\n#6 0x55d025b1fb3d <unknown>\n#7 0x55d025b03cc3 <unknown>\n#8 0x55d025acf0e4 <unknown>\n#9 0x55d025ad00ae <unknown>\n#10 0x55d025d92ce1 <unknown>\n#11 0x55d025d96b7e <unknown>\n#12 0x55d025d804b5 <unknown>\n#13 0x55d025d977d6 <unknown>\n#14 0x55d025d63dbf <unknown>\n#15 0x55d025dba748 <unknown>\n#16 0x55d025dba917 <unknown>\n#17 0x55d025dcb773 <unknown>\n#18 0x7f9b03a94ac3 <unknown>","time":{"start":1702084648444,"stop":1702084651656,"duration":3212}},{"uid":"cc469fc0e642a619","reportUrl":"https://robbrad.github.io/UKBinCollectionData/3.11/1225//#testresult/cc469fc0e642a619","status":"failed","statusDetails":"selenium.common.exceptions.ElementClickInterceptedException: Message: element click intercepted: Element is not clickable at point (589, 636)\n  (Session info: headless chrome=119.0.6045.199)\nStacktrace:\n#0 0x5631fc6945e3 <unknown>\n#1 0x5631fc3570b7 <unknown>\n#2 0x5631fc3accfc <unknown>\n#3 0x5631fc3aa65f <unknown>\n#4 0x5631fc3a7be4 <unknown>\n#5 0x5631fc3a6934 <unknown>\n#6 0x5631fc3991a0 <unknown>\n#7 0x5631fc3cbef2 <unknown>\n#8 0x5631fc398a02 <unknown>\n#9 0x5631fc3cc0be <unknown>\n#10 0x5631fc3e7b3d <unknown>\n#11 0x5631fc3cbcc3 <unknown>\n#12 0x5631fc3970e4 <unknown>\n#13 0x5631fc3980ae <unknown>\n#14 0x5631fc65ace1 <unknown>\n#15 0x5631fc65eb7e <unknown>\n#16 0x5631fc6484b5 <unknown>\n#17 0x5631fc65f7d6 <unknown>\n#18 0x5631fc62bdbf <unknown>\n#19 0x5631fc682748 <unknown>\n#20 0x5631fc682917 <unknown>\n#21 0x5631fc693773 <unknown>\n#22 0x7fb955694ac3 <unknown>","time":{"start":1702066730936,"stop":1702066735640,"duration":4704}},{"uid":"6b45ab064701cb3d","reportUrl":"https://robbrad.github.io/UKBinCollectionData/3.11/1222//#testresult/6b45ab064701cb3d","status":"failed","statusDetails":"selenium.common.exceptions.NoSuchElementException: Message: no such element: Unable to locate element: {\"method\":\"css selector\",\"selector\":\"[id=\"ContentPlaceHolderDefault_ctl13_nptLLPG2_25_addresslookup_txtTmpPostcode\"]\"}\n  (Session info: headless chrome=119.0.6045.199); For documentation on this error, please visit: https://www.selenium.dev/documentation/webdriver/troubleshooting/errors#no-such-element-exception\nStacktrace:\n#0 0x563a0691b5e3 <unknown>\n#1 0x563a065de0b7 <unknown>\n#2 0x563a0662bf53 <unknown>\n#3 0x563a0662c051 <unknown>\n#4 0x563a066719c4 <unknown>\n#5 0x563a06652f1d <unknown>\n#6 0x563a0666eb3d <unknown>\n#7 0x563a06652cc3 <unknown>\n#8 0x563a0661e0e4 <unknown>\n#9 0x563a0661f0ae <unknown>\n#10 0x563a068e1ce1 <unknown>\n#11 0x563a068e5b7e <unknown>\n#12 0x563a068cf4b5 <unknown>\n#13 0x563a068e67d6 <unknown>\n#14 0x563a068b2dbf <unknown>\n#15 0x563a06909748 <unknown>\n#16 0x563a06909917 <unknown>\n#17 0x563a0691a773 <unknown>\n#18 0x7fc59fa94ac3 <unknown>","time":{"start":1702054384866,"stop":1702054389613,"duration":4747}},{"uid":"1bccda958d7eaf39","reportUrl":"https://robbrad.github.io/UKBinCollectionData/3.11/1223//#testresult/1bccda958d7eaf39","status":"failed","statusDetails":"selenium.common.exceptions.NoSuchElementException: Message: no such element: Unable to locate element: {\"method\":\"css selector\",\"selector\":\"[id=\"ContentPlaceHolderDefault_ctl13_nptLLPG2_25_addresslookup_txtTmpPostcode\"]\"}\n  (Session info: headless chrome=119.0.6045.199); For documentation on this error, please visit: https://www.selenium.dev/documentation/webdriver/troubleshooting/errors#no-such-element-exception\nStacktrace:\n#0 0x557cbdea85e3 <unknown>\n#1 0x557cbdb6b0b7 <unknown>\n#2 0x557cbdbb8f53 <unknown>\n#3 0x557cbdbb9051 <unknown>\n#4 0x557cbdbfe9c4 <unknown>\n#5 0x557cbdbdff1d <unknown>\n#6 0x557cbdbfbb3d <unknown>\n#7 0x557cbdbdfcc3 <unknown>\n#8 0x557cbdbab0e4 <unknown>\n#9 0x557cbdbac0ae <unknown>\n#10 0x557cbde6ece1 <unknown>\n#11 0x557cbde72b7e <unknown>\n#12 0x557cbde5c4b5 <unknown>\n#13 0x557cbde737d6 <unknown>\n#14 0x557cbde3fdbf <unknown>\n#15 0x557cbde96748 <unknown>\n#16 0x557cbde96917 <unknown>\n#17 0x557cbdea7773 <unknown>\n#18 0x7fcc5c294ac3 <unknown>","time":{"start":1702054419286,"stop":1702054424189,"duration":4903}},{"uid":"4eab3b11fb6118f7","reportUrl":"https://robbrad.github.io/UKBinCollectionData/3.11/1219//#testresult/4eab3b11fb6118f7","status":"failed","statusDetails":"selenium.common.exceptions.NoSuchElementException: Message: no such element: Unable to locate element: {\"method\":\"css selector\",\"selector\":\"[id=\"ContentPlaceHolderDefault_ctl13_nptLLPG2_25_addresslookup_txtTmpPostcode\"]\"}\n  (Session info: headless chrome=119.0.6045.159); For documentation on this error, please visit: https://www.selenium.dev/documentation/webdriver/troubleshooting/errors#no-such-element-exception\nStacktrace:\n#0 0x5629ac4f35e3 <unknown>\n#1 0x5629ac1b60b7 <unknown>\n#2 0x5629ac203f53 <unknown>\n#3 0x5629ac204051 <unknown>\n#4 0x5629ac2499c4 <unknown>\n#5 0x5629ac22af1d <unknown>\n#6 0x5629ac246b3d <unknown>\n#7 0x5629ac22acc3 <unknown>\n#8 0x5629ac1f60e4 <unknown>\n#9 0x5629ac1f70ae <unknown>\n#10 0x5629ac4b9ce1 <unknown>\n#11 0x5629ac4bdb7e <unknown>\n#12 0x5629ac4a74b5 <unknown>\n#13 0x5629ac4be7d6 <unknown>\n#14 0x5629ac48adbf <unknown>\n#15 0x5629ac4e1748 <unknown>\n#16 0x5629ac4e1917 <unknown>\n#17 0x5629ac4f2773 <unknown>\n#18 0x7fbd17694ac3 <unknown>","time":{"start":1701998414770,"stop":1701998418790,"duration":4020}},{"uid":"46fc570aff914bbb","reportUrl":"https://robbrad.github.io/UKBinCollectionData/3.11/1218//#testresult/46fc570aff914bbb","status":"failed","statusDetails":"selenium.common.exceptions.ElementClickInterceptedException: Message: element click intercepted: Element is not clickable at point (589, 627)\n  (Session info: headless chrome=119.0.6045.159)\nStacktrace:\n#0 0x556e21b0a5e3 <unknown>\n#1 0x556e217cd0b7 <unknown>\n#2 0x556e21822cfc <unknown>\n#3 0x556e2182065f <unknown>\n#4 0x556e2181dbe4 <unknown>\n#5 0x556e2181c934 <unknown>\n#6 0x556e2180f1a0 <unknown>\n#7 0x556e21841ef2 <unknown>\n#8 0x556e2180ea02 <unknown>\n#9 0x556e218420be <unknown>\n#10 0x556e2185db3d <unknown>\n#11 0x556e21841cc3 <unknown>\n#12 0x556e2180d0e4 <unknown>\n#13 0x556e2180e0ae <unknown>\n#14 0x556e21ad0ce1 <unknown>\n#15 0x556e21ad4b7e <unknown>\n#16 0x556e21abe4b5 <unknown>\n#17 0x556e21ad57d6 <unknown>\n#18 0x556e21aa1dbf <unknown>\n#19 0x556e21af8748 <unknown>\n#20 0x556e21af8917 <unknown>\n#21 0x556e21b09773 <unknown>\n#22 0x7f78cda94ac3 <unknown>","time":{"start":1701990384673,"stop":1701990390458,"duration":5785}},{"uid":"ca568ff83a46a314","reportUrl":"https://robbrad.github.io/UKBinCollectionData/3.11/1217//#testresult/ca568ff83a46a314","status":"failed","statusDetails":"selenium.common.exceptions.NoSuchElementException: Message: no such element: Unable to locate element: {\"method\":\"css selector\",\"selector\":\"[id=\"ContentPlaceHolderDefault_ctl13_nptLLPG2_25_addresslookup_txtTmpPostcode\"]\"}\n  (Session info: headless chrome=119.0.6045.159); For documentation on this error, please visit: https://www.selenium.dev/documentation/webdriver/troubleshooting/errors#no-such-element-exception\nStacktrace:\n#0 0x55e9bddbb5e3 <unknown>\n#1 0x55e9bda7e0b7 <unknown>\n#2 0x55e9bdacbf53 <unknown>\n#3 0x55e9bdacc051 <unknown>\n#4 0x55e9bdb119c4 <unknown>\n#5 0x55e9bdaf2f1d <unknown>\n#6 0x55e9bdb0eb3d <unknown>\n#7 0x55e9bdaf2cc3 <unknown>\n#8 0x55e9bdabe0e4 <unknown>\n#9 0x55e9bdabf0ae <unknown>\n#10 0x55e9bdd81ce1 <unknown>\n#11 0x55e9bdd85b7e <unknown>\n#12 0x55e9bdd6f4b5 <unknown>\n#13 0x55e9bdd867d6 <unknown>\n#14 0x55e9bdd52dbf <unknown>\n#15 0x55e9bdda9748 <unknown>\n#16 0x55e9bdda9917 <unknown>\n#17 0x55e9bddba773 <unknown>\n#18 0x7f4b74094ac3 <unknown>","time":{"start":1701990347223,"stop":1701990351262,"duration":4039}},{"uid":"ef901cc2be643bfa","reportUrl":"https://robbrad.github.io/UKBinCollectionData/3.11/1215//#testresult/ef901cc2be643bfa","status":"failed","statusDetails":"selenium.common.exceptions.NoSuchElementException: Message: no such element: Unable to locate element: {\"method\":\"css selector\",\"selector\":\"[id=\"ContentPlaceHolderDefault_ctl13_nptLLPG2_25_addresslookup_txtTmpPostcode\"]\"}\n  (Session info: headless chrome=119.0.6045.159); For documentation on this error, please visit: https://www.selenium.dev/documentation/webdriver/troubleshooting/errors#no-such-element-exception\nStacktrace:\n#0 0x55a2a8bd95e3 <unknown>\n#1 0x55a2a889c0b7 <unknown>\n#2 0x55a2a88e9f53 <unknown>\n#3 0x55a2a88ea051 <unknown>\n#4 0x55a2a892f9c4 <unknown>\n#5 0x55a2a8910f1d <unknown>\n#6 0x55a2a892cb3d <unknown>\n#7 0x55a2a8910cc3 <unknown>\n#8 0x55a2a88dc0e4 <unknown>\n#9 0x55a2a88dd0ae <unknown>\n#10 0x55a2a8b9fce1 <unknown>\n#11 0x55a2a8ba3b7e <unknown>\n#12 0x55a2a8b8d4b5 <unknown>\n#13 0x55a2a8ba47d6 <unknown>\n#14 0x55a2a8b70dbf <unknown>\n#15 0x55a2a8bc7748 <unknown>\n#16 0x55a2a8bc7917 <unknown>\n#17 0x55a2a8bd8773 <unknown>\n#18 0x7f90f4494ac3 <unknown>","time":{"start":1701942810662,"stop":1701942814454,"duration":3792}},{"uid":"7e95d981797ae2c2","reportUrl":"https://robbrad.github.io/UKBinCollectionData/3.11/1214//#testresult/7e95d981797ae2c2","status":"failed","statusDetails":"selenium.common.exceptions.NoSuchElementException: Message: no such element: Unable to locate element: {\"method\":\"css selector\",\"selector\":\"[id=\"ContentPlaceHolderDefault_ctl13_nptLLPG2_25_addresslookup_txtTmpPostcode\"]\"}\n  (Session info: headless chrome=119.0.6045.159); For documentation on this error, please visit: https://www.selenium.dev/documentation/webdriver/troubleshooting/errors#no-such-element-exception\nStacktrace:\n#0 0x55d3918b65e3 <unknown>\n#1 0x55d3915790b7 <unknown>\n#2 0x55d3915c6f53 <unknown>\n#3 0x55d3915c7051 <unknown>\n#4 0x55d39160c9c4 <unknown>\n#5 0x55d3915edf1d <unknown>\n#6 0x55d391609b3d <unknown>\n#7 0x55d3915edcc3 <unknown>\n#8 0x55d3915b90e4 <unknown>\n#9 0x55d3915ba0ae <unknown>\n#10 0x55d39187cce1 <unknown>\n#11 0x55d391880b7e <unknown>\n#12 0x55d39186a4b5 <unknown>\n#13 0x55d3918817d6 <unknown>\n#14 0x55d39184ddbf <unknown>\n#15 0x55d3918a4748 <unknown>\n#16 0x55d3918a4917 <unknown>\n#17 0x55d3918b5773 <unknown>\n#18 0x7f61e6494ac3 <unknown>","time":{"start":1701936532904,"stop":1701936538122,"duration":5218}},{"uid":"27e0b6e979a74ac0","reportUrl":"https://robbrad.github.io/UKBinCollectionData/3.11/1213//#testresult/27e0b6e979a74ac0","status":"failed","statusDetails":"selenium.common.exceptions.NoSuchElementException: Message: no such element: Unable to locate element: {\"method\":\"css selector\",\"selector\":\"[id=\"ContentPlaceHolderDefault_ctl13_nptLLPG2_25_addresslookup_txtTmpPostcode\"]\"}\n  (Session info: headless chrome=119.0.6045.199); For documentation on this error, please visit: https://www.selenium.dev/documentation/webdriver/troubleshooting/errors#no-such-element-exception\nStacktrace:\n#0 0x55994947e5e3 <unknown>\n#1 0x5599491410b7 <unknown>\n#2 0x55994918ef53 <unknown>\n#3 0x55994918f051 <unknown>\n#4 0x5599491d49c4 <unknown>\n#5 0x5599491b5f1d <unknown>\n#6 0x5599491d1b3d <unknown>\n#7 0x5599491b5cc3 <unknown>\n#8 0x5599491810e4 <unknown>\n#9 0x5599491820ae <unknown>\n#10 0x559949444ce1 <unknown>\n#11 0x559949448b7e <unknown>\n#12 0x5599494324b5 <unknown>\n#13 0x5599494497d6 <unknown>\n#14 0x559949415dbf <unknown>\n#15 0x55994946c748 <unknown>\n#16 0x55994946c917 <unknown>\n#17 0x55994947d773 <unknown>\n#18 0x7f4e3d294ac3 <unknown>","time":{"start":1701936475616,"stop":1701936480260,"duration":4644}},{"uid":"b19e863d2a579ea6","reportUrl":"https://robbrad.github.io/UKBinCollectionData/3.11/1211//#testresult/b19e863d2a579ea6","status":"failed","statusDetails":"selenium.common.exceptions.NoSuchElementException: Message: no such element: Unable to locate element: {\"method\":\"css selector\",\"selector\":\"[id=\"ContentPlaceHolderDefault_ctl13_nptLLPG2_25_addresslookup_txtTmpPostcode\"]\"}\n  (Session info: headless chrome=119.0.6045.159); For documentation on this error, please visit: https://www.selenium.dev/documentation/webdriver/troubleshooting/errors#no-such-element-exception\nStacktrace:\n#0 0x55b2b352b5e3 <unknown>\n#1 0x55b2b31ee0b7 <unknown>\n#2 0x55b2b323bf53 <unknown>\n#3 0x55b2b323c051 <unknown>\n#4 0x55b2b32819c4 <unknown>\n#5 0x55b2b3262f1d <unknown>\n#6 0x55b2b327eb3d <unknown>\n#7 0x55b2b3262cc3 <unknown>\n#8 0x55b2b322e0e4 <unknown>\n#9 0x55b2b322f0ae <unknown>\n#10 0x55b2b34f1ce1 <unknown>\n#11 0x55b2b34f5b7e <unknown>\n#12 0x55b2b34df4b5 <unknown>\n#13 0x55b2b34f67d6 <unknown>\n#14 0x55b2b34c2dbf <unknown>\n#15 0x55b2b3519748 <unknown>\n#16 0x55b2b3519917 <unknown>\n#17 0x55b2b352a773 <unknown>\n#18 0x7faf14694ac3 <unknown>","time":{"start":1701911981226,"stop":1701911985665,"duration":4439}},{"uid":"6259c7064584a793","reportUrl":"https://robbrad.github.io/UKBinCollectionData/3.11/1209//#testresult/6259c7064584a793","status":"failed","statusDetails":"selenium.common.exceptions.NoSuchElementException: Message: no such element: Unable to locate element: {\"method\":\"css selector\",\"selector\":\"[id=\"ContentPlaceHolderDefault_ctl13_nptLLPG2_25_addresslookup_txtTmpPostcode\"]\"}\n  (Session info: headless chrome=119.0.6045.159); For documentation on this error, please visit: https://www.selenium.dev/documentation/webdriver/troubleshooting/errors#no-such-element-exception\nStacktrace:\n#0 0x557074ecb5e3 <unknown>\n#1 0x557074b8e0b7 <unknown>\n#2 0x557074bdbf53 <unknown>\n#3 0x557074bdc051 <unknown>\n#4 0x557074c219c4 <unknown>\n#5 0x557074c02f1d <unknown>\n#6 0x557074c1eb3d <unknown>\n#7 0x557074c02cc3 <unknown>\n#8 0x557074bce0e4 <unknown>\n#9 0x557074bcf0ae <unknown>\n#10 0x557074e91ce1 <unknown>\n#11 0x557074e95b7e <unknown>\n#12 0x557074e7f4b5 <unknown>\n#13 0x557074e967d6 <unknown>\n#14 0x557074e62dbf <unknown>\n#15 0x557074eb9748 <unknown>\n#16 0x557074eb9917 <unknown>\n#17 0x557074eca773 <unknown>\n#18 0x7fe7e9894ac3 <unknown>","time":{"start":1701904869370,"stop":1701904872941,"duration":3571}},{"uid":"a6eb6d7179481aa1","reportUrl":"https://robbrad.github.io/UKBinCollectionData/3.11/1201//#testresult/a6eb6d7179481aa1","status":"failed","statusDetails":"selenium.common.exceptions.ElementClickInterceptedException: Message: element click intercepted: Element is not clickable at point (589, 636)\n  (Session info: headless chrome=119.0.6045.159)\nStacktrace:\n#0 0x55feeff855e3 <unknown>\n#1 0x55feefc480b7 <unknown>\n#2 0x55feefc9dcfc <unknown>\n#3 0x55feefc9b65f <unknown>\n#4 0x55feefc98be4 <unknown>\n#5 0x55feefc97934 <unknown>\n#6 0x55feefc8a1a0 <unknown>\n#7 0x55feefcbcef2 <unknown>\n#8 0x55feefc89a02 <unknown>\n#9 0x55feefcbd0be <unknown>\n#10 0x55feefcd8b3d <unknown>\n#11 0x55feefcbccc3 <unknown>\n#12 0x55feefc880e4 <unknown>\n#13 0x55feefc890ae <unknown>\n#14 0x55feeff4bce1 <unknown>\n#15 0x55feeff4fb7e <unknown>\n#16 0x55feeff394b5 <unknown>\n#17 0x55feeff507d6 <unknown>\n#18 0x55feeff1cdbf <unknown>\n#19 0x55feeff73748 <unknown>\n#20 0x55feeff73917 <unknown>\n#21 0x55feeff84773 <unknown>\n#22 0x7f7d9fa94ac3 <unknown>","time":{"start":1701882544381,"stop":1701882548842,"duration":4461}},{"uid":"998a66441e13099d","reportUrl":"https://robbrad.github.io/UKBinCollectionData/3.11/1202//#testresult/998a66441e13099d","status":"failed","statusDetails":"selenium.common.exceptions.NoSuchElementException: Message: no such element: Unable to locate element: {\"method\":\"css selector\",\"selector\":\"[id=\"ContentPlaceHolderDefault_ctl13_nptLLPG2_25_addresslookup_txtTmpPostcode\"]\"}\n  (Session info: headless chrome=119.0.6045.159); For documentation on this error, please visit: https://www.selenium.dev/documentation/webdriver/troubleshooting/errors#no-such-element-exception\nStacktrace:\n#0 0x55fd7645f5e3 <unknown>\n#1 0x55fd761220b7 <unknown>\n#2 0x55fd7616ff53 <unknown>\n#3 0x55fd76170051 <unknown>\n#4 0x55fd761b59c4 <unknown>\n#5 0x55fd76196f1d <unknown>\n#6 0x55fd761b2b3d <unknown>\n#7 0x55fd76196cc3 <unknown>\n#8 0x55fd761620e4 <unknown>\n#9 0x55fd761630ae <unknown>\n#10 0x55fd76425ce1 <unknown>\n#11 0x55fd76429b7e <unknown>\n#12 0x55fd764134b5 <unknown>\n#13 0x55fd7642a7d6 <unknown>\n#14 0x55fd763f6dbf <unknown>\n#15 0x55fd7644d748 <unknown>\n#16 0x55fd7644d917 <unknown>\n#17 0x55fd7645e773 <unknown>\n#18 0x7fb4a2294ac3 <unknown>","time":{"start":1701882577973,"stop":1701882582980,"duration":5007}},{"uid":"323aafb947b2091f","reportUrl":"https://robbrad.github.io/UKBinCollectionData/3.11/1199//#testresult/323aafb947b2091f","status":"failed","statusDetails":"selenium.common.exceptions.ElementClickInterceptedException: Message: element click intercepted: Element is not clickable at point (589, 642)\n  (Session info: headless chrome=119.0.6045.159)\nStacktrace:\n#0 0x55e177be55e3 <unknown>\n#1 0x55e1778a80b7 <unknown>\n#2 0x55e1778fdcfc <unknown>\n#3 0x55e1778fb65f <unknown>\n#4 0x55e1778f8be4 <unknown>\n#5 0x55e1778f7934 <unknown>\n#6 0x55e1778ea1a0 <unknown>\n#7 0x55e17791cef2 <unknown>\n#8 0x55e1778e9a02 <unknown>\n#9 0x55e17791d0be <unknown>\n#10 0x55e177938b3d <unknown>\n#11 0x55e17791ccc3 <unknown>\n#12 0x55e1778e80e4 <unknown>\n#13 0x55e1778e90ae <unknown>\n#14 0x55e177babce1 <unknown>\n#15 0x55e177bafb7e <unknown>\n#16 0x55e177b994b5 <unknown>\n#17 0x55e177bb07d6 <unknown>\n#18 0x55e177b7cdbf <unknown>\n#19 0x55e177bd3748 <unknown>\n#20 0x55e177bd3917 <unknown>\n#21 0x55e177be4773 <unknown>\n#22 0x7ff3f0294ac3 <unknown>","time":{"start":1701825559655,"stop":1701825563430,"duration":3775}},{"uid":"91e9c23e2c559eb5","reportUrl":"https://robbrad.github.io/UKBinCollectionData/3.11/1198//#testresult/91e9c23e2c559eb5","status":"failed","statusDetails":"selenium.common.exceptions.NoSuchElementException: Message: no such element: Unable to locate element: {\"method\":\"css selector\",\"selector\":\"[id=\"ContentPlaceHolderDefault_ctl13_nptLLPG2_25_addresslookup_txtTmpPostcode\"]\"}\n  (Session info: headless chrome=119.0.6045.159); For documentation on this error, please visit: https://www.selenium.dev/documentation/webdriver/troubleshooting/errors#no-such-element-exception\nStacktrace:\n#0 0x5616194f65e3 <unknown>\n#1 0x5616191b90b7 <unknown>\n#2 0x561619206f53 <unknown>\n#3 0x561619207051 <unknown>\n#4 0x56161924c9c4 <unknown>\n#5 0x56161922df1d <unknown>\n#6 0x561619249b3d <unknown>\n#7 0x56161922dcc3 <unknown>\n#8 0x5616191f90e4 <unknown>\n#9 0x5616191fa0ae <unknown>\n#10 0x5616194bcce1 <unknown>\n#11 0x5616194c0b7e <unknown>\n#12 0x5616194aa4b5 <unknown>\n#13 0x5616194c17d6 <unknown>\n#14 0x56161948ddbf <unknown>\n#15 0x5616194e4748 <unknown>\n#16 0x5616194e4917 <unknown>\n#17 0x5616194f5773 <unknown>\n#18 0x7f260d494ac3 <unknown>","time":{"start":1701795535817,"stop":1701795539160,"duration":3343}},{"uid":"2a92964511150275","reportUrl":"https://robbrad.github.io/UKBinCollectionData/3.11/1197//#testresult/2a92964511150275","status":"failed","statusDetails":"selenium.common.exceptions.ElementClickInterceptedException: Message: element click intercepted: Element is not clickable at point (589, 642)\n  (Session info: headless chrome=119.0.6045.159)\nStacktrace:\n#0 0x559e32df95e3 <unknown>\n#1 0x559e32abc0b7 <unknown>\n#2 0x559e32b11cfc <unknown>\n#3 0x559e32b0f65f <unknown>\n#4 0x559e32b0cbe4 <unknown>\n#5 0x559e32b0b934 <unknown>\n#6 0x559e32afe1a0 <unknown>\n#7 0x559e32b30ef2 <unknown>\n#8 0x559e32afda02 <unknown>\n#9 0x559e32b310be <unknown>\n#10 0x559e32b4cb3d <unknown>\n#11 0x559e32b30cc3 <unknown>\n#12 0x559e32afc0e4 <unknown>\n#13 0x559e32afd0ae <unknown>\n#14 0x559e32dbfce1 <unknown>\n#15 0x559e32dc3b7e <unknown>\n#16 0x559e32dad4b5 <unknown>\n#17 0x559e32dc47d6 <unknown>\n#18 0x559e32d90dbf <unknown>\n#19 0x559e32de7748 <unknown>\n#20 0x559e32de7917 <unknown>\n#21 0x559e32df8773 <unknown>\n#22 0x7f357b494ac3 <unknown>","time":{"start":1701795529267,"stop":1701795533817,"duration":4550}},{"uid":"2dd5d0ea1c517bd5","reportUrl":"https://robbrad.github.io/UKBinCollectionData/3.11/1193//#testresult/2dd5d0ea1c517bd5","status":"failed","statusDetails":"selenium.common.exceptions.NoSuchElementException: Message: no such element: Unable to locate element: {\"method\":\"css selector\",\"selector\":\"[id=\"ContentPlaceHolderDefault_ctl13_nptLLPG2_25_addresslookup_txtTmpPostcode\"]\"}\n  (Session info: headless chrome=119.0.6045.159); For documentation on this error, please visit: https://www.selenium.dev/documentation/webdriver/troubleshooting/errors#no-such-element-exception\nStacktrace:\n#0 0x556b723265e3 <unknown>\n#1 0x556b71fe90b7 <unknown>\n#2 0x556b72036f53 <unknown>\n#3 0x556b72037051 <unknown>\n#4 0x556b7207c9c4 <unknown>\n#5 0x556b7205df1d <unknown>\n#6 0x556b72079b3d <unknown>\n#7 0x556b7205dcc3 <unknown>\n#8 0x556b720290e4 <unknown>\n#9 0x556b7202a0ae <unknown>\n#10 0x556b722ecce1 <unknown>\n#11 0x556b722f0b7e <unknown>\n#12 0x556b722da4b5 <unknown>\n#13 0x556b722f17d6 <unknown>\n#14 0x556b722bddbf <unknown>\n#15 0x556b72314748 <unknown>\n#16 0x556b72314917 <unknown>\n#17 0x556b72325773 <unknown>\n#18 0x7ff036894ac3 <unknown>","time":{"start":1701758533101,"stop":1701758538496,"duration":5395}}]},"tags":[]},"source":"e79c2fd9d013b683.json","parameterValues":["NeathPortTalbotCouncil","local","http://selenium:4444"]}