{"uid":"dd23e20ed37ce3ab","name":"Validate Council Output [BexleyCouncil]","fullName":"features/validate_council_outputs.feature:Validate Council Output","historyId":"b14d94c00a7a02b15ede5862fe9627b6","time":{"start":1718238503158,"stop":1718238600141,"duration":96983},"status":"failed","statusMessage":"selenium.common.exceptions.TimeoutException: Message: \nStacktrace:\n#0 0x5612fe38ae9a <unknown>\n#1 0x5612fe07445c <unknown>\n#2 0x5612fe0c05b5 <unknown>\n#3 0x5612fe0c0671 <unknown>\n#4 0x5612fe104f14 <unknown>\n#5 0x5612fe0e34dd <unknown>\n#6 0x5612fe1022cc <unknown>\n#7 0x5612fe0e3253 <unknown>\n#8 0x5612fe0b31c7 <unknown>\n#9 0x5612fe0b3b3e <unknown>\n#10 0x5612fe3512db <unknown>\n#11 0x5612fe355387 <unknown>\n#12 0x5612fe33de0e <unknown>\n#13 0x5612fe355e52 <unknown>\n#14 0x5612fe3227af <unknown>\n#15 0x5612fe37a188 <unknown>\n#16 0x5612fe37a35b <unknown>\n#17 0x5612fe389fcc <unknown>\n#18 0x7f049d41bac3 <unknown>","statusTrace":"fixturefunc = <function scrape_step at 0x7f9aaaaa0a40>\nrequest = <FixtureRequest for <Function test_scenario_outline[BexleyCouncil]>>\nkwargs = {'context': <test_validate_council.Context object at 0x7f9aabb96e10>, 'headless_mode': 'True', 'local_browser': 'False', 'selenium_url': 'http://localhost:4444'}\n\n    def call_fixture_func(\n        fixturefunc: \"_FixtureFunc[FixtureValue]\", request: FixtureRequest, kwargs\n    ) -> FixtureValue:\n        if is_generator(fixturefunc):\n            fixturefunc = cast(\n                Callable[..., Generator[FixtureValue, None, None]], fixturefunc\n            )\n            generator = fixturefunc(**kwargs)\n            try:\n                fixture_result = next(generator)\n            except StopIteration:\n                raise ValueError(f\"{request.fixturename} did not yield a value\") from None\n            finalizer = functools.partial(_teardown_yield_fixture, fixturefunc, generator)\n            request.addfinalizer(finalizer)\n        else:\n            fixturefunc = cast(Callable[..., FixtureValue], fixturefunc)\n>           fixture_result = fixturefunc(**kwargs)\n\n../../../.cache/pypoetry/virtualenvs/uk-bin-collection-EwS6Gn8s-py3.12/lib/python3.12/site-packages/_pytest/fixtures.py:887: \n_ _ _ _ _ _ _ _ _ _ _ _ _ _ _ _ _ _ _ _ _ _ _ _ _ _ _ _ _ _ _ _ _ _ _ _ _ _ _ _ \nuk_bin_collection/tests/step_defs/test_validate_council.py:100: in scrape_step\n    context.parse_result = CollectData.run()\nuk_bin_collection/uk_bin_collection/collect_data.py:102: in run\n    return self.client_code(\nuk_bin_collection/uk_bin_collection/collect_data.py:121: in client_code\n    return get_bin_data_class.template_method(address_url, **kwargs)\nuk_bin_collection/uk_bin_collection/get_bin_data.py:80: in template_method\n    bin_data_dict = self.parse_data(\nuk_bin_collection/uk_bin_collection/councils/BexleyCouncil.py:93: in parse_data\n    final_page = wait.until(\n_ _ _ _ _ _ _ _ _ _ _ _ _ _ _ _ _ _ _ _ _ _ _ _ _ _ _ _ _ _ _ _ _ _ _ _ _ _ _ _ \n\nself = <selenium.webdriver.support.wait.WebDriverWait (session=\"01eed8c79d087bb5059e776d28ef9e07\")>\nmethod = <function presence_of_element_located.<locals>._predicate at 0x7f9abdad7600>\nmessage = ''\n\n    def until(self, method: Callable[[D], Union[Literal[False], T]], message: str = \"\") -> T:\n        \"\"\"Calls the method provided with the driver as an argument until the \\\n        return value does not evaluate to ``False``.\n    \n        :param method: callable(WebDriver)\n        :param message: optional message for :exc:`TimeoutException`\n        :returns: the result of the last call to `method`\n        :raises: :exc:`selenium.common.exceptions.TimeoutException` if timeout occurs\n        \"\"\"\n        screen = None\n        stacktrace = None\n    \n        end_time = time.monotonic() + self._timeout\n        while True:\n            try:\n                value = method(self._driver)\n                if value:\n                    return value\n            except self._ignored_exceptions as exc:\n                screen = getattr(exc, \"screen\", None)\n                stacktrace = getattr(exc, \"stacktrace\", None)\n            time.sleep(self._poll)\n            if time.monotonic() > end_time:\n                break\n>       raise TimeoutException(message, screen, stacktrace)\nE       selenium.common.exceptions.TimeoutException: Message: \nE       Stacktrace:\nE       #0 0x5612fe38ae9a <unknown>\nE       #1 0x5612fe07445c <unknown>\nE       #2 0x5612fe0c05b5 <unknown>\nE       #3 0x5612fe0c0671 <unknown>\nE       #4 0x5612fe104f14 <unknown>\nE       #5 0x5612fe0e34dd <unknown>\nE       #6 0x5612fe1022cc <unknown>\nE       #7 0x5612fe0e3253 <unknown>\nE       #8 0x5612fe0b31c7 <unknown>\nE       #9 0x5612fe0b3b3e <unknown>\nE       #10 0x5612fe3512db <unknown>\nE       #11 0x5612fe355387 <unknown>\nE       #12 0x5612fe33de0e <unknown>\nE       #13 0x5612fe355e52 <unknown>\nE       #14 0x5612fe3227af <unknown>\nE       #15 0x5612fe37a188 <unknown>\nE       #16 0x5612fe37a35b <unknown>\nE       #17 0x5612fe389fcc <unknown>\nE       #18 0x7f049d41bac3 <unknown>\n\n../../../.cache/pypoetry/virtualenvs/uk-bin-collection-EwS6Gn8s-py3.12/lib/python3.12/site-packages/selenium/webdriver/support/wait.py:105: TimeoutException","flaky":true,"newFailed":true,"newBroken":false,"newPassed":false,"retriesCount":0,"retriesStatusChange":false,"beforeStages":[],"testStage":{"status":"failed","statusMessage":"selenium.common.exceptions.TimeoutException: Message: \nStacktrace:\n#0 0x5612fe38ae9a <unknown>\n#1 0x5612fe07445c <unknown>\n#2 0x5612fe0c05b5 <unknown>\n#3 0x5612fe0c0671 <unknown>\n#4 0x5612fe104f14 <unknown>\n#5 0x5612fe0e34dd <unknown>\n#6 0x5612fe1022cc <unknown>\n#7 0x5612fe0e3253 <unknown>\n#8 0x5612fe0b31c7 <unknown>\n#9 0x5612fe0b3b3e <unknown>\n#10 0x5612fe3512db <unknown>\n#11 0x5612fe355387 <unknown>\n#12 0x5612fe33de0e <unknown>\n#13 0x5612fe355e52 <unknown>\n#14 0x5612fe3227af <unknown>\n#15 0x5612fe37a188 <unknown>\n#16 0x5612fe37a35b <unknown>\n#17 0x5612fe389fcc <unknown>\n#18 0x7f049d41bac3 <unknown>","statusTrace":"fixturefunc = <function scrape_step at 0x7f9aaaaa0a40>\nrequest = <FixtureRequest for <Function test_scenario_outline[BexleyCouncil]>>\nkwargs = {'context': <test_validate_council.Context object at 0x7f9aabb96e10>, 'headless_mode': 'True', 'local_browser': 'False', 'selenium_url': 'http://localhost:4444'}\n\n    def call_fixture_func(\n        fixturefunc: \"_FixtureFunc[FixtureValue]\", request: FixtureRequest, kwargs\n    ) -> FixtureValue:\n        if is_generator(fixturefunc):\n            fixturefunc = cast(\n                Callable[..., Generator[FixtureValue, None, None]], fixturefunc\n            )\n            generator = fixturefunc(**kwargs)\n            try:\n                fixture_result = next(generator)\n            except StopIteration:\n                raise ValueError(f\"{request.fixturename} did not yield a value\") from None\n            finalizer = functools.partial(_teardown_yield_fixture, fixturefunc, generator)\n            request.addfinalizer(finalizer)\n        else:\n            fixturefunc = cast(Callable[..., FixtureValue], fixturefunc)\n>           fixture_result = fixturefunc(**kwargs)\n\n../../../.cache/pypoetry/virtualenvs/uk-bin-collection-EwS6Gn8s-py3.12/lib/python3.12/site-packages/_pytest/fixtures.py:887: \n_ _ _ _ _ _ _ _ _ _ _ _ _ _ _ _ _ _ _ _ _ _ _ _ _ _ _ _ _ _ _ _ _ _ _ _ _ _ _ _ \nuk_bin_collection/tests/step_defs/test_validate_council.py:100: in scrape_step\n    context.parse_result = CollectData.run()\nuk_bin_collection/uk_bin_collection/collect_data.py:102: in run\n    return self.client_code(\nuk_bin_collection/uk_bin_collection/collect_data.py:121: in client_code\n    return get_bin_data_class.template_method(address_url, **kwargs)\nuk_bin_collection/uk_bin_collection/get_bin_data.py:80: in template_method\n    bin_data_dict = self.parse_data(\nuk_bin_collection/uk_bin_collection/councils/BexleyCouncil.py:93: in parse_data\n    final_page = wait.until(\n_ _ _ _ _ _ _ _ _ _ _ _ _ _ _ _ _ _ _ _ _ _ _ _ _ _ _ _ _ _ _ _ _ _ _ _ _ _ _ _ \n\nself = <selenium.webdriver.support.wait.WebDriverWait (session=\"01eed8c79d087bb5059e776d28ef9e07\")>\nmethod = <function presence_of_element_located.<locals>._predicate at 0x7f9abdad7600>\nmessage = ''\n\n    def until(self, method: Callable[[D], Union[Literal[False], T]], message: str = \"\") -> T:\n        \"\"\"Calls the method provided with the driver as an argument until the \\\n        return value does not evaluate to ``False``.\n    \n        :param method: callable(WebDriver)\n        :param message: optional message for :exc:`TimeoutException`\n        :returns: the result of the last call to `method`\n        :raises: :exc:`selenium.common.exceptions.TimeoutException` if timeout occurs\n        \"\"\"\n        screen = None\n        stacktrace = None\n    \n        end_time = time.monotonic() + self._timeout\n        while True:\n            try:\n                value = method(self._driver)\n                if value:\n                    return value\n            except self._ignored_exceptions as exc:\n                screen = getattr(exc, \"screen\", None)\n                stacktrace = getattr(exc, \"stacktrace\", None)\n            time.sleep(self._poll)\n            if time.monotonic() > end_time:\n                break\n>       raise TimeoutException(message, screen, stacktrace)\nE       selenium.common.exceptions.TimeoutException: Message: \nE       Stacktrace:\nE       #0 0x5612fe38ae9a <unknown>\nE       #1 0x5612fe07445c <unknown>\nE       #2 0x5612fe0c05b5 <unknown>\nE       #3 0x5612fe0c0671 <unknown>\nE       #4 0x5612fe104f14 <unknown>\nE       #5 0x5612fe0e34dd <unknown>\nE       #6 0x5612fe1022cc <unknown>\nE       #7 0x5612fe0e3253 <unknown>\nE       #8 0x5612fe0b31c7 <unknown>\nE       #9 0x5612fe0b3b3e <unknown>\nE       #10 0x5612fe3512db <unknown>\nE       #11 0x5612fe355387 <unknown>\nE       #12 0x5612fe33de0e <unknown>\nE       #13 0x5612fe355e52 <unknown>\nE       #14 0x5612fe3227af <unknown>\nE       #15 0x5612fe37a188 <unknown>\nE       #16 0x5612fe37a35b <unknown>\nE       #17 0x5612fe389fcc <unknown>\nE       #18 0x7f049d41bac3 <unknown>\n\n../../../.cache/pypoetry/virtualenvs/uk-bin-collection-EwS6Gn8s-py3.12/lib/python3.12/site-packages/selenium/webdriver/support/wait.py:105: TimeoutException","steps":[{"name":"Given the council","time":{"start":1718238503158,"stop":1718238503159,"duration":1},"status":"passed","steps":[],"attachments":[],"parameters":[],"shouldDisplayMessage":false,"stepsCount":0,"attachmentsCount":0,"hasContent":false,"attachmentStep":false},{"name":"When we scrape the data from the council","time":{"start":1718238503160,"stop":1718238600141,"duration":96981},"status":"failed","statusMessage":"Message: \nStacktrace:\n#0 0x5612fe38ae9a <unknown>\n#1 0x5612fe07445c <unknown>\n#2 0x5612fe0c05b5 <unknown>\n#3 0x5612fe0c0671 <unknown>\n#4 0x5612fe104f14 <unknown>\n#5 0x5612fe0e34dd <unknown>\n#6 0x5612fe1022cc <unknown>\n#7 0x5612fe0e3253 <unknown>\n#8 0x5612fe0b31c7 <unknown>\n#9 0x5612fe0b3b3e <unknown>\n#10 0x5612fe3512db <unknown>\n#11 0x5612fe355387 <unknown>\n#12 0x5612fe33de0e <unknown>\n#13 0x5612fe355e52 <unknown>\n#14 0x5612fe3227af <unknown>\n#15 0x5612fe37a188 <unknown>\n#16 0x5612fe37a35b <unknown>\n#17 0x5612fe389fcc <unknown>\n#18 0x7f049d41bac3 <unknown>\n","statusTrace":"selenium.common.exceptions.TimeoutException: Message: \nStacktrace:\n#0 0x5612fe38ae9a <unknown>\n#1 0x5612fe07445c <unknown>\n#2 0x5612fe0c05b5 <unknown>\n#3 0x5612fe0c0671 <unknown>\n#4 0x5612fe104f14 <unknown>\n#5 0x5612fe0e34dd <unknown>\n#6 0x5612fe1022cc <unknown>\n#7 0x5612fe0e3253 <unknown>\n#8 0x5612fe0b31c7 <unknown>\n#9 0x5612fe0b3b3e <unknown>\n#10 0x5612fe3512db <unknown>\n#11 0x5612fe355387 <unknown>\n#12 0x5612fe33de0e <unknown>\n#13 0x5612fe355e52 <unknown>\n#14 0x5612fe3227af <unknown>\n#15 0x5612fe37a188 <unknown>\n#16 0x5612fe37a35b <unknown>\n#17 0x5612fe389fcc <unknown>\n#18 0x7f049d41bac3 <unknown>\n\n","steps":[],"attachments":[],"parameters":[],"shouldDisplayMessage":true,"stepsCount":0,"attachmentsCount":0,"hasContent":true,"attachmentStep":false}],"attachments":[{"uid":"90df7efa0e2a5bf9","name":"stdout","source":"90df7efa0e2a5bf9.txt","type":"text/plain","size":623}],"parameters":[],"shouldDisplayMessage":true,"stepsCount":2,"attachmentsCount":1,"hasContent":true,"attachmentStep":false},"afterStages":[],"labels":[{"name":"host","value":"fv-az1980-842"},{"name":"thread","value":"2767-MainThread"},{"name":"framework","value":"pytest-bdd"},{"name":"language","value":"cpython3"},{"name":"feature","value":"Test each council output matches expected results"},{"name":"resultFormat","value":"allure2"}],"parameters":[{"name":"council","value":"BexleyCouncil"}],"links":[],"hidden":false,"retry":false,"extra":{"severity":"normal","retries":[],"categories":[{"name":"Product defects","matchedStatuses":[],"flaky":false}],"history":{"statistic":{"failed":13,"broken":0,"skipped":0,"passed":23,"unknown":0,"total":36},"items":[{"uid":"4e3f448655bd6f1c","reportUrl":"https://robbrad.github.io/UKBinCollectionData/3.12/1938//#testresult/4e3f448655bd6f1c","status":"passed","time":{"start":1718152109966,"stop":1718152160483,"duration":50517}},{"uid":"55437d8ce9438a8c","reportUrl":"https://robbrad.github.io/UKBinCollectionData/3.12/1937//#testresult/55437d8ce9438a8c","status":"failed","statusDetails":"ValueError: time data 'Being collected today' does not match format '%A %d %B'","time":{"start":1718065698673,"stop":1718065754202,"duration":55529}},{"uid":"712514e71ce0434f","reportUrl":"https://robbrad.github.io/UKBinCollectionData/3.12/1936//#testresult/712514e71ce0434f","status":"passed","time":{"start":1717979384263,"stop":1717979421119,"duration":36856}},{"uid":"4dfa91f6a3db0f3","reportUrl":"https://robbrad.github.io/UKBinCollectionData/3.12/1934//#testresult/4dfa91f6a3db0f3","status":"passed","time":{"start":1717893116907,"stop":1717893156046,"duration":39139}},{"uid":"e97c7316271e5685","reportUrl":"https://robbrad.github.io/UKBinCollectionData/3.12/1933//#testresult/e97c7316271e5685","status":"failed","statusDetails":"selenium.common.exceptions.TimeoutException: Message: \nStacktrace:\n#0 0x558189710e9a <unknown>\n#1 0x5581893fa45c <unknown>\n#2 0x5581894465b5 <unknown>\n#3 0x558189446671 <unknown>\n#4 0x55818948af14 <unknown>\n#5 0x5581894694dd <unknown>\n#6 0x5581894882cc <unknown>\n#7 0x558189469253 <unknown>\n#8 0x5581894391c7 <unknown>\n#9 0x558189439b3e <unknown>\n#10 0x5581896d72db <unknown>\n#11 0x5581896db387 <unknown>\n#12 0x5581896c3e0e <unknown>\n#13 0x5581896dbe52 <unknown>\n#14 0x5581896a87af <unknown>\n#15 0x558189700188 <unknown>\n#16 0x55818970035b <unknown>\n#17 0x55818970ffcc <unknown>\n#18 0x7eff105fcac3 <unknown>","time":{"start":1717806512355,"stop":1717806604477,"duration":92122}},{"uid":"b0540687d3890f50","reportUrl":"https://robbrad.github.io/UKBinCollectionData/3.12/1932//#testresult/b0540687d3890f50","status":"failed","statusDetails":"selenium.common.exceptions.TimeoutException: Message: \nStacktrace:\n#0 0x555719c8de9a <unknown>\n#1 0x55571997745c <unknown>\n#2 0x5557199c35b5 <unknown>\n#3 0x5557199c3671 <unknown>\n#4 0x555719a07f14 <unknown>\n#5 0x5557199e64dd <unknown>\n#6 0x555719a052cc <unknown>\n#7 0x5557199e6253 <unknown>\n#8 0x5557199b61c7 <unknown>\n#9 0x5557199b6b3e <unknown>\n#10 0x555719c542db <unknown>\n#11 0x555719c58387 <unknown>\n#12 0x555719c40e0e <unknown>\n#13 0x555719c58e52 <unknown>\n#14 0x555719c257af <unknown>\n#15 0x555719c7d188 <unknown>\n#16 0x555719c7d35b <unknown>\n#17 0x555719c8cfcc <unknown>\n#18 0x7f3a2d41aac3 <unknown>","time":{"start":1717720118721,"stop":1717720207943,"duration":89222}},{"uid":"929510c4db5564e7","reportUrl":"https://robbrad.github.io/UKBinCollectionData/3.12/1927//#testresult/929510c4db5564e7","status":"passed","time":{"start":1717633675635,"stop":1717633720571,"duration":44936}},{"uid":"14e2d7ccbcb12502","reportUrl":"https://robbrad.github.io/UKBinCollectionData/3.12/1924//#testresult/14e2d7ccbcb12502","status":"passed","time":{"start":1717547264408,"stop":1717547310516,"duration":46108}},{"uid":"daf2b087720da1cc","reportUrl":"https://robbrad.github.io/UKBinCollectionData/3.12/1923//#testresult/daf2b087720da1cc","status":"failed","statusDetails":"ValueError: time data 'Being collected today' does not match format '%A %d %B'","time":{"start":1717460873011,"stop":1717460918019,"duration":45008}},{"uid":"f72cc0a3ce60bd05","reportUrl":"https://robbrad.github.io/UKBinCollectionData/3.12/1921//#testresult/f72cc0a3ce60bd05","status":"passed","time":{"start":1717374553529,"stop":1717374589449,"duration":35920}},{"uid":"589ca53ef6787de","reportUrl":"https://robbrad.github.io/UKBinCollectionData/3.12/1911//#testresult/589ca53ef6787de","status":"passed","time":{"start":1717316265182,"stop":1717316304951,"duration":39769}},{"uid":"fe898c4dc6dac9e5","reportUrl":"https://robbrad.github.io/UKBinCollectionData/3.12/1908//#testresult/fe898c4dc6dac9e5","status":"passed","time":{"start":1717288229820,"stop":1717288270295,"duration":40475}},{"uid":"293417ddb0463862","reportUrl":"https://robbrad.github.io/UKBinCollectionData/3.12/1905//#testresult/293417ddb0463862","status":"passed","time":{"start":1717201808886,"stop":1717201848298,"duration":39412}},{"uid":"1d7691f871d493d9","reportUrl":"https://robbrad.github.io/UKBinCollectionData/3.12/1904//#testresult/1d7691f871d493d9","status":"failed","statusDetails":"selenium.common.exceptions.ElementNotInteractableException: Message: element not interactable\n  (Session info: chrome-headless-shell=125.0.6422.76)\nStacktrace:\n#0 0x555dc795de9a <unknown>\n#1 0x555dc76472a1 <unknown>\n#2 0x555dc768d3e8 <unknown>\n#3 0x555dc768b7cf <unknown>\n#4 0x555dc76b64b2 <unknown>\n#5 0x555dc7687a79 <unknown>\n#6 0x555dc76b667e <unknown>\n#7 0x555dc76d52cc <unknown>\n#8 0x555dc76b6253 <unknown>\n#9 0x555dc76861c7 <unknown>\n#10 0x555dc7686b3e <unknown>\n#11 0x555dc79242db <unknown>\n#12 0x555dc7928387 <unknown>\n#13 0x555dc7910e0e <unknown>\n#14 0x555dc7928e52 <unknown>\n#15 0x555dc78f57af <unknown>\n#16 0x555dc794d188 <unknown>\n#17 0x555dc794d35b <unknown>\n#18 0x555dc795cfcc <unknown>\n#19 0x7f8b5331cac3 <unknown>","time":{"start":1717115240439,"stop":1717115275169,"duration":34730}},{"uid":"f1907e8197c75c62","reportUrl":"https://robbrad.github.io/UKBinCollectionData/3.12/1903//#testresult/f1907e8197c75c62","status":"failed","statusDetails":"selenium.common.exceptions.TimeoutException: Message: \nStacktrace:\n#0 0x55806835ae9a <unknown>\n#1 0x55806804445c <unknown>\n#2 0x5580680905b5 <unknown>\n#3 0x558068090671 <unknown>\n#4 0x5580680d4f14 <unknown>\n#5 0x5580680b34dd <unknown>\n#6 0x5580680d22cc <unknown>\n#7 0x5580680b3253 <unknown>\n#8 0x5580680831c7 <unknown>\n#9 0x558068083b3e <unknown>\n#10 0x5580683212db <unknown>\n#11 0x558068325387 <unknown>\n#12 0x55806830de0e <unknown>\n#13 0x558068325e52 <unknown>\n#14 0x5580682f27af <unknown>\n#15 0x55806834a188 <unknown>\n#16 0x55806834a35b <unknown>\n#17 0x558068359fcc <unknown>\n#18 0x7fe0cbab1ac3 <unknown>","time":{"start":1717028878484,"stop":1717028973111,"duration":94627}},{"uid":"8dcdc95684e53afc","reportUrl":"https://robbrad.github.io/UKBinCollectionData/3.12/1898//#testresult/8dcdc95684e53afc","status":"failed","statusDetails":"ValueError: time data 'Being collected today' does not match format '%A %d %B'","time":{"start":1716942519507,"stop":1716942560595,"duration":41088}},{"uid":"fdef5158f88320a3","reportUrl":"https://robbrad.github.io/UKBinCollectionData/3.12/1893//#testresult/fdef5158f88320a3","status":"passed","time":{"start":1716856057459,"stop":1716856093769,"duration":36310}},{"uid":"cf1bb785c2a06feb","reportUrl":"https://robbrad.github.io/UKBinCollectionData/3.12/1883//#testresult/cf1bb785c2a06feb","status":"passed","time":{"start":1716769721422,"stop":1716769738476,"duration":17054}},{"uid":"41c83390e19b0fd0","reportUrl":"https://robbrad.github.io/UKBinCollectionData/3.12/1881//#testresult/41c83390e19b0fd0","status":"passed","time":{"start":1716753032642,"stop":1716753123674,"duration":91032}},{"uid":"719902e4cb40a2b","reportUrl":"https://robbrad.github.io/UKBinCollectionData/3.12/1877//#testresult/719902e4cb40a2b","status":"passed","time":{"start":1716743182586,"stop":1716743263548,"duration":80962}}]},"tags":[]},"source":"dd23e20ed37ce3ab.json","parameterValues":["BexleyCouncil"]}