{"uid":"16e5502e37e6e862","name":"Validate Council Output [NeathPortTalbotCouncil]","fullName":"features/validate_council_outputs.feature:Validate Council Output","historyId":"6a7795e00df27bb2a2723cbd96dd78a1","time":{"start":1722817208825,"stop":1722817346721,"duration":137896},"status":"failed","statusMessage":"selenium.common.exceptions.ElementClickInterceptedException: Message: element click intercepted: Element is not clickable at point (589, 618)\n  (Session info: chrome-headless-shell=127.0.6533.72)\nStacktrace:\n#0 0x55e9efb936ba <unknown>\n#1 0x55e9ef863730 <unknown>\n#2 0x55e9ef8b9a96 <unknown>\n#3 0x55e9ef8b79ad <unknown>\n#4 0x55e9ef8b5447 <unknown>\n#5 0x55e9ef8b430e <unknown>\n#6 0x55e9ef8a7d66 <unknown>\n#7 0x55e9ef8d5a52 <unknown>\n#8 0x55e9ef8a7719 <unknown>\n#9 0x55e9ef8d5c1e <unknown>\n#10 0x55e9ef8f41ca <unknown>\n#11 0x55e9ef8d57f3 <unknown>\n#12 0x55e9ef8a5ec9 <unknown>\n#13 0x55e9ef8a691e <unknown>\n#14 0x55e9efb599eb <unknown>\n#15 0x55e9efb5d972 <unknown>\n#16 0x55e9efb46e15 <unknown>\n#17 0x55e9efb5e502 <unknown>\n#18 0x55e9efb2bd2f <unknown>\n#19 0x55e9efb82578 <unknown>\n#20 0x55e9efb82750 <unknown>\n#21 0x55e9efb9248c <unknown>\n#22 0x7fe8f1c55a94 <unknown>\n#23 0x7fe8f1ce2a34 __clone","statusTrace":"fixturefunc = <function scrape_step at 0x7faf11b4b920>\nrequest = <FixtureRequest for <Function test_scenario_outline[NeathPortTalbotCouncil]>>\nkwargs = {'context': <test_validate_council.Context object at 0x7faf119d6750>, 'headless_mode': 'True', 'local_browser': 'False', 'selenium_url': 'http://localhost:4444'}\n\n    def call_fixture_func(\n        fixturefunc: _FixtureFunc[FixtureValue], request: FixtureRequest, kwargs\n    ) -> FixtureValue:\n        if is_generator(fixturefunc):\n            fixturefunc = cast(\n                Callable[..., Generator[FixtureValue, None, None]], fixturefunc\n            )\n            generator = fixturefunc(**kwargs)\n            try:\n                fixture_result = next(generator)\n            except StopIteration:\n                raise ValueError(f\"{request.fixturename} did not yield a value\") from None\n            finalizer = functools.partial(_teardown_yield_fixture, fixturefunc, generator)\n            request.addfinalizer(finalizer)\n        else:\n            fixturefunc = cast(Callable[..., FixtureValue], fixturefunc)\n>           fixture_result = fixturefunc(**kwargs)\n\n../../../.cache/pypoetry/virtualenvs/uk-bin-collection-EwS6Gn8s-py3.11/lib/python3.11/site-packages/_pytest/fixtures.py:897: \n_ _ _ _ _ _ _ _ _ _ _ _ _ _ _ _ _ _ _ _ _ _ _ _ _ _ _ _ _ _ _ _ _ _ _ _ _ _ _ _ \nuk_bin_collection/tests/step_defs/test_validate_council.py:100: in scrape_step\n    context.parse_result = CollectData.run()\nuk_bin_collection/uk_bin_collection/collect_data.py:101: in run\n    return self.client_code(\nuk_bin_collection/uk_bin_collection/collect_data.py:121: in client_code\n    return get_bin_data_class.template_method(address_url, **kwargs)\nuk_bin_collection/uk_bin_collection/get_bin_data.py:61: in template_method\n    bin_data_dict = self.get_and_parse_data(this_url, **kwargs)\nuk_bin_collection/uk_bin_collection/get_bin_data.py:84: in get_and_parse_data\n    bin_data_dict = self.parse_data(\"\", url=address_url, **kwargs)\nuk_bin_collection/uk_bin_collection/councils/NeathPortTalbotCouncil.py:40: in parse_data\n    cookieAccept.click()\n../../../.cache/pypoetry/virtualenvs/uk-bin-collection-EwS6Gn8s-py3.11/lib/python3.11/site-packages/selenium/webdriver/remote/webelement.py:94: in click\n    self._execute(Command.CLICK_ELEMENT)\n../../../.cache/pypoetry/virtualenvs/uk-bin-collection-EwS6Gn8s-py3.11/lib/python3.11/site-packages/selenium/webdriver/remote/webelement.py:395: in _execute\n    return self._parent.execute(command, params)\n../../../.cache/pypoetry/virtualenvs/uk-bin-collection-EwS6Gn8s-py3.11/lib/python3.11/site-packages/selenium/webdriver/remote/webdriver.py:354: in execute\n    self.error_handler.check_response(response)\n_ _ _ _ _ _ _ _ _ _ _ _ _ _ _ _ _ _ _ _ _ _ _ _ _ _ _ _ _ _ _ _ _ _ _ _ _ _ _ _ \n\nself = <selenium.webdriver.remote.errorhandler.ErrorHandler object at 0x7faf10e91510>\nresponse = {'status': 400, 'value': '{\"value\":{\"error\":\"element click intercepted\",\"message\":\"element click intercepted: Element ...unknown>\\\\n#21 0x55e9efb9248c \\\\u003Cunknown>\\\\n#22 0x7fe8f1c55a94 \\\\u003Cunknown>\\\\n#23 0x7fe8f1ce2a34 __clone\\\\n\"}}'}\n\n    def check_response(self, response: Dict[str, Any]) -> None:\n        \"\"\"Checks that a JSON response from the WebDriver does not have an\n        error.\n    \n        :Args:\n         - response - The JSON response from the WebDriver server as a dictionary\n           object.\n    \n        :Raises: If the response contains an error message.\n        \"\"\"\n        status = response.get(\"status\", None)\n        if not status or status == ErrorCode.SUCCESS:\n            return\n        value = None\n        message = response.get(\"message\", \"\")\n        screen: str = response.get(\"screen\", \"\")\n        stacktrace = None\n        if isinstance(status, int):\n            value_json = response.get(\"value\", None)\n            if value_json and isinstance(value_json, str):\n                import json\n    \n                try:\n                    value = json.loads(value_json)\n                    if len(value) == 1:\n                        value = value[\"value\"]\n                    status = value.get(\"error\", None)\n                    if not status:\n                        status = value.get(\"status\", ErrorCode.UNKNOWN_ERROR)\n                        message = value.get(\"value\") or value.get(\"message\")\n                        if not isinstance(message, str):\n                            value = message\n                            message = message.get(\"message\")\n                    else:\n                        message = value.get(\"message\", None)\n                except ValueError:\n                    pass\n    \n        exception_class: Type[WebDriverException]\n        e = ErrorCode()\n        error_codes = [item for item in dir(e) if not item.startswith(\"__\")]\n        for error_code in error_codes:\n            error_info = getattr(ErrorCode, error_code)\n            if isinstance(error_info, list) and status in error_info:\n                exception_class = getattr(ExceptionMapping, error_code, WebDriverException)\n                break\n        else:\n            exception_class = WebDriverException\n    \n        if not value:\n            value = response[\"value\"]\n        if isinstance(value, str):\n            raise exception_class(value)\n        if message == \"\" and \"message\" in value:\n            message = value[\"message\"]\n    \n        screen = None  # type: ignore[assignment]\n        if \"screen\" in value:\n            screen = value[\"screen\"]\n    \n        stacktrace = None\n        st_value = value.get(\"stackTrace\") or value.get(\"stacktrace\")\n        if st_value:\n            if isinstance(st_value, str):\n                stacktrace = st_value.split(\"\\n\")\n            else:\n                stacktrace = []\n                try:\n                    for frame in st_value:\n                        line = frame.get(\"lineNumber\", \"\")\n                        file = frame.get(\"fileName\", \"<anonymous>\")\n                        if line:\n                            file = f\"{file}:{line}\"\n                        meth = frame.get(\"methodName\", \"<anonymous>\")\n                        if \"className\" in frame:\n                            meth = f\"{frame['className']}.{meth}\"\n                        msg = \"    at %s (%s)\"\n                        msg = msg % (meth, file)\n                        stacktrace.append(msg)\n                except TypeError:\n                    pass\n        if exception_class == UnexpectedAlertPresentException:\n            alert_text = None\n            if \"data\" in value:\n                alert_text = value[\"data\"].get(\"text\")\n            elif \"alert\" in value:\n                alert_text = value[\"alert\"].get(\"text\")\n            raise exception_class(message, screen, stacktrace, alert_text)  # type: ignore[call-arg]  # mypy is not smart enough here\n>       raise exception_class(message, screen, stacktrace)\nE       selenium.common.exceptions.ElementClickInterceptedException: Message: element click intercepted: Element is not clickable at point (589, 618)\nE         (Session info: chrome-headless-shell=127.0.6533.72)\nE       Stacktrace:\nE       #0 0x55e9efb936ba <unknown>\nE       #1 0x55e9ef863730 <unknown>\nE       #2 0x55e9ef8b9a96 <unknown>\nE       #3 0x55e9ef8b79ad <unknown>\nE       #4 0x55e9ef8b5447 <unknown>\nE       #5 0x55e9ef8b430e <unknown>\nE       #6 0x55e9ef8a7d66 <unknown>\nE       #7 0x55e9ef8d5a52 <unknown>\nE       #8 0x55e9ef8a7719 <unknown>\nE       #9 0x55e9ef8d5c1e <unknown>\nE       #10 0x55e9ef8f41ca <unknown>\nE       #11 0x55e9ef8d57f3 <unknown>\nE       #12 0x55e9ef8a5ec9 <unknown>\nE       #13 0x55e9ef8a691e <unknown>\nE       #14 0x55e9efb599eb <unknown>\nE       #15 0x55e9efb5d972 <unknown>\nE       #16 0x55e9efb46e15 <unknown>\nE       #17 0x55e9efb5e502 <unknown>\nE       #18 0x55e9efb2bd2f <unknown>\nE       #19 0x55e9efb82578 <unknown>\nE       #20 0x55e9efb82750 <unknown>\nE       #21 0x55e9efb9248c <unknown>\nE       #22 0x7fe8f1c55a94 <unknown>\nE       #23 0x7fe8f1ce2a34 __clone\n\n../../../.cache/pypoetry/virtualenvs/uk-bin-collection-EwS6Gn8s-py3.11/lib/python3.11/site-packages/selenium/webdriver/remote/errorhandler.py:229: ElementClickInterceptedException","flaky":false,"newFailed":false,"newBroken":false,"newPassed":false,"retriesCount":0,"retriesStatusChange":false,"beforeStages":[],"testStage":{"status":"failed","statusMessage":"selenium.common.exceptions.ElementClickInterceptedException: Message: element click intercepted: Element is not clickable at point (589, 618)\n  (Session info: chrome-headless-shell=127.0.6533.72)\nStacktrace:\n#0 0x55e9efb936ba <unknown>\n#1 0x55e9ef863730 <unknown>\n#2 0x55e9ef8b9a96 <unknown>\n#3 0x55e9ef8b79ad <unknown>\n#4 0x55e9ef8b5447 <unknown>\n#5 0x55e9ef8b430e <unknown>\n#6 0x55e9ef8a7d66 <unknown>\n#7 0x55e9ef8d5a52 <unknown>\n#8 0x55e9ef8a7719 <unknown>\n#9 0x55e9ef8d5c1e <unknown>\n#10 0x55e9ef8f41ca <unknown>\n#11 0x55e9ef8d57f3 <unknown>\n#12 0x55e9ef8a5ec9 <unknown>\n#13 0x55e9ef8a691e <unknown>\n#14 0x55e9efb599eb <unknown>\n#15 0x55e9efb5d972 <unknown>\n#16 0x55e9efb46e15 <unknown>\n#17 0x55e9efb5e502 <unknown>\n#18 0x55e9efb2bd2f <unknown>\n#19 0x55e9efb82578 <unknown>\n#20 0x55e9efb82750 <unknown>\n#21 0x55e9efb9248c <unknown>\n#22 0x7fe8f1c55a94 <unknown>\n#23 0x7fe8f1ce2a34 __clone","statusTrace":"fixturefunc = <function scrape_step at 0x7faf11b4b920>\nrequest = <FixtureRequest for <Function test_scenario_outline[NeathPortTalbotCouncil]>>\nkwargs = {'context': <test_validate_council.Context object at 0x7faf119d6750>, 'headless_mode': 'True', 'local_browser': 'False', 'selenium_url': 'http://localhost:4444'}\n\n    def call_fixture_func(\n        fixturefunc: _FixtureFunc[FixtureValue], request: FixtureRequest, kwargs\n    ) -> FixtureValue:\n        if is_generator(fixturefunc):\n            fixturefunc = cast(\n                Callable[..., Generator[FixtureValue, None, None]], fixturefunc\n            )\n            generator = fixturefunc(**kwargs)\n            try:\n                fixture_result = next(generator)\n            except StopIteration:\n                raise ValueError(f\"{request.fixturename} did not yield a value\") from None\n            finalizer = functools.partial(_teardown_yield_fixture, fixturefunc, generator)\n            request.addfinalizer(finalizer)\n        else:\n            fixturefunc = cast(Callable[..., FixtureValue], fixturefunc)\n>           fixture_result = fixturefunc(**kwargs)\n\n../../../.cache/pypoetry/virtualenvs/uk-bin-collection-EwS6Gn8s-py3.11/lib/python3.11/site-packages/_pytest/fixtures.py:897: \n_ _ _ _ _ _ _ _ _ _ _ _ _ _ _ _ _ _ _ _ _ _ _ _ _ _ _ _ _ _ _ _ _ _ _ _ _ _ _ _ \nuk_bin_collection/tests/step_defs/test_validate_council.py:100: in scrape_step\n    context.parse_result = CollectData.run()\nuk_bin_collection/uk_bin_collection/collect_data.py:101: in run\n    return self.client_code(\nuk_bin_collection/uk_bin_collection/collect_data.py:121: in client_code\n    return get_bin_data_class.template_method(address_url, **kwargs)\nuk_bin_collection/uk_bin_collection/get_bin_data.py:61: in template_method\n    bin_data_dict = self.get_and_parse_data(this_url, **kwargs)\nuk_bin_collection/uk_bin_collection/get_bin_data.py:84: in get_and_parse_data\n    bin_data_dict = self.parse_data(\"\", url=address_url, **kwargs)\nuk_bin_collection/uk_bin_collection/councils/NeathPortTalbotCouncil.py:40: in parse_data\n    cookieAccept.click()\n../../../.cache/pypoetry/virtualenvs/uk-bin-collection-EwS6Gn8s-py3.11/lib/python3.11/site-packages/selenium/webdriver/remote/webelement.py:94: in click\n    self._execute(Command.CLICK_ELEMENT)\n../../../.cache/pypoetry/virtualenvs/uk-bin-collection-EwS6Gn8s-py3.11/lib/python3.11/site-packages/selenium/webdriver/remote/webelement.py:395: in _execute\n    return self._parent.execute(command, params)\n../../../.cache/pypoetry/virtualenvs/uk-bin-collection-EwS6Gn8s-py3.11/lib/python3.11/site-packages/selenium/webdriver/remote/webdriver.py:354: in execute\n    self.error_handler.check_response(response)\n_ _ _ _ _ _ _ _ _ _ _ _ _ _ _ _ _ _ _ _ _ _ _ _ _ _ _ _ _ _ _ _ _ _ _ _ _ _ _ _ \n\nself = <selenium.webdriver.remote.errorhandler.ErrorHandler object at 0x7faf10e91510>\nresponse = {'status': 400, 'value': '{\"value\":{\"error\":\"element click intercepted\",\"message\":\"element click intercepted: Element ...unknown>\\\\n#21 0x55e9efb9248c \\\\u003Cunknown>\\\\n#22 0x7fe8f1c55a94 \\\\u003Cunknown>\\\\n#23 0x7fe8f1ce2a34 __clone\\\\n\"}}'}\n\n    def check_response(self, response: Dict[str, Any]) -> None:\n        \"\"\"Checks that a JSON response from the WebDriver does not have an\n        error.\n    \n        :Args:\n         - response - The JSON response from the WebDriver server as a dictionary\n           object.\n    \n        :Raises: If the response contains an error message.\n        \"\"\"\n        status = response.get(\"status\", None)\n        if not status or status == ErrorCode.SUCCESS:\n            return\n        value = None\n        message = response.get(\"message\", \"\")\n        screen: str = response.get(\"screen\", \"\")\n        stacktrace = None\n        if isinstance(status, int):\n            value_json = response.get(\"value\", None)\n            if value_json and isinstance(value_json, str):\n                import json\n    \n                try:\n                    value = json.loads(value_json)\n                    if len(value) == 1:\n                        value = value[\"value\"]\n                    status = value.get(\"error\", None)\n                    if not status:\n                        status = value.get(\"status\", ErrorCode.UNKNOWN_ERROR)\n                        message = value.get(\"value\") or value.get(\"message\")\n                        if not isinstance(message, str):\n                            value = message\n                            message = message.get(\"message\")\n                    else:\n                        message = value.get(\"message\", None)\n                except ValueError:\n                    pass\n    \n        exception_class: Type[WebDriverException]\n        e = ErrorCode()\n        error_codes = [item for item in dir(e) if not item.startswith(\"__\")]\n        for error_code in error_codes:\n            error_info = getattr(ErrorCode, error_code)\n            if isinstance(error_info, list) and status in error_info:\n                exception_class = getattr(ExceptionMapping, error_code, WebDriverException)\n                break\n        else:\n            exception_class = WebDriverException\n    \n        if not value:\n            value = response[\"value\"]\n        if isinstance(value, str):\n            raise exception_class(value)\n        if message == \"\" and \"message\" in value:\n            message = value[\"message\"]\n    \n        screen = None  # type: ignore[assignment]\n        if \"screen\" in value:\n            screen = value[\"screen\"]\n    \n        stacktrace = None\n        st_value = value.get(\"stackTrace\") or value.get(\"stacktrace\")\n        if st_value:\n            if isinstance(st_value, str):\n                stacktrace = st_value.split(\"\\n\")\n            else:\n                stacktrace = []\n                try:\n                    for frame in st_value:\n                        line = frame.get(\"lineNumber\", \"\")\n                        file = frame.get(\"fileName\", \"<anonymous>\")\n                        if line:\n                            file = f\"{file}:{line}\"\n                        meth = frame.get(\"methodName\", \"<anonymous>\")\n                        if \"className\" in frame:\n                            meth = f\"{frame['className']}.{meth}\"\n                        msg = \"    at %s (%s)\"\n                        msg = msg % (meth, file)\n                        stacktrace.append(msg)\n                except TypeError:\n                    pass\n        if exception_class == UnexpectedAlertPresentException:\n            alert_text = None\n            if \"data\" in value:\n                alert_text = value[\"data\"].get(\"text\")\n            elif \"alert\" in value:\n                alert_text = value[\"alert\"].get(\"text\")\n            raise exception_class(message, screen, stacktrace, alert_text)  # type: ignore[call-arg]  # mypy is not smart enough here\n>       raise exception_class(message, screen, stacktrace)\nE       selenium.common.exceptions.ElementClickInterceptedException: Message: element click intercepted: Element is not clickable at point (589, 618)\nE         (Session info: chrome-headless-shell=127.0.6533.72)\nE       Stacktrace:\nE       #0 0x55e9efb936ba <unknown>\nE       #1 0x55e9ef863730 <unknown>\nE       #2 0x55e9ef8b9a96 <unknown>\nE       #3 0x55e9ef8b79ad <unknown>\nE       #4 0x55e9ef8b5447 <unknown>\nE       #5 0x55e9ef8b430e <unknown>\nE       #6 0x55e9ef8a7d66 <unknown>\nE       #7 0x55e9ef8d5a52 <unknown>\nE       #8 0x55e9ef8a7719 <unknown>\nE       #9 0x55e9ef8d5c1e <unknown>\nE       #10 0x55e9ef8f41ca <unknown>\nE       #11 0x55e9ef8d57f3 <unknown>\nE       #12 0x55e9ef8a5ec9 <unknown>\nE       #13 0x55e9ef8a691e <unknown>\nE       #14 0x55e9efb599eb <unknown>\nE       #15 0x55e9efb5d972 <unknown>\nE       #16 0x55e9efb46e15 <unknown>\nE       #17 0x55e9efb5e502 <unknown>\nE       #18 0x55e9efb2bd2f <unknown>\nE       #19 0x55e9efb82578 <unknown>\nE       #20 0x55e9efb82750 <unknown>\nE       #21 0x55e9efb9248c <unknown>\nE       #22 0x7fe8f1c55a94 <unknown>\nE       #23 0x7fe8f1ce2a34 __clone\n\n../../../.cache/pypoetry/virtualenvs/uk-bin-collection-EwS6Gn8s-py3.11/lib/python3.11/site-packages/selenium/webdriver/remote/errorhandler.py:229: ElementClickInterceptedException","steps":[{"name":"Given the council","time":{"start":1722817208826,"stop":1722817208826,"duration":0},"status":"passed","steps":[],"attachments":[],"parameters":[],"shouldDisplayMessage":false,"stepsCount":0,"attachmentsCount":0,"hasContent":false,"attachmentStep":false},{"name":"When we scrape the data from the council","time":{"start":1722817208826,"stop":1722817346721,"duration":137895},"status":"failed","statusMessage":"Message: element click intercepted: Element is not clickable at point (589, 618)\n  (Session info: chrome-headless-shell=127.0.6533.72)\nStacktrace:\n#0 0x55e9efb936ba <unknown>\n#1 0x55e9ef863730 <unknown>\n#2 0x55e9ef8b9a96 <unknown>\n#3 0x55e9ef8b79ad <unknown>\n#4 0x55e9ef8b5447 <unknown>\n#5 0x55e9ef8b430e <unknown>\n#6 0x55e9ef8a7d66 <unknown>\n#7 0x55e9ef8d5a52 <unknown>\n#8 0x55e9ef8a7719 <unknown>\n#9 0x55e9ef8d5c1e <unknown>\n#10 0x55e9ef8f41ca <unknown>\n#11 0x55e9ef8d57f3 <unknown>\n#12 0x55e9ef8a5ec9 <unknown>\n#13 0x55e9ef8a691e <unknown>\n#14 0x55e9efb599eb <unknown>\n#15 0x55e9efb5d972 <unknown>\n#16 0x55e9efb46e15 <unknown>\n#17 0x55e9efb5e502 <unknown>\n#18 0x55e9efb2bd2f <unknown>\n#19 0x55e9efb82578 <unknown>\n#20 0x55e9efb82750 <unknown>\n#21 0x55e9efb9248c <unknown>\n#22 0x7fe8f1c55a94 <unknown>\n#23 0x7fe8f1ce2a34 __clone\n","statusTrace":"selenium.common.exceptions.ElementClickInterceptedException: Message: element click intercepted: Element is not clickable at point (589, 618)\n  (Session info: chrome-headless-shell=127.0.6533.72)\nStacktrace:\n#0 0x55e9efb936ba <unknown>\n#1 0x55e9ef863730 <unknown>\n#2 0x55e9ef8b9a96 <unknown>\n#3 0x55e9ef8b79ad <unknown>\n#4 0x55e9ef8b5447 <unknown>\n#5 0x55e9ef8b430e <unknown>\n#6 0x55e9ef8a7d66 <unknown>\n#7 0x55e9ef8d5a52 <unknown>\n#8 0x55e9ef8a7719 <unknown>\n#9 0x55e9ef8d5c1e <unknown>\n#10 0x55e9ef8f41ca <unknown>\n#11 0x55e9ef8d57f3 <unknown>\n#12 0x55e9ef8a5ec9 <unknown>\n#13 0x55e9ef8a691e <unknown>\n#14 0x55e9efb599eb <unknown>\n#15 0x55e9efb5d972 <unknown>\n#16 0x55e9efb46e15 <unknown>\n#17 0x55e9efb5e502 <unknown>\n#18 0x55e9efb2bd2f <unknown>\n#19 0x55e9efb82578 <unknown>\n#20 0x55e9efb82750 <unknown>\n#21 0x55e9efb9248c <unknown>\n#22 0x7fe8f1c55a94 <unknown>\n#23 0x7fe8f1ce2a34 __clone\n\n","steps":[],"attachments":[],"parameters":[],"shouldDisplayMessage":true,"stepsCount":0,"attachmentsCount":0,"hasContent":true,"attachmentStep":false}],"attachments":[{"uid":"b6f9233bda1392dc","name":"stdout","source":"b6f9233bda1392dc.txt","type":"text/plain","size":900}],"parameters":[],"shouldDisplayMessage":true,"stepsCount":2,"attachmentsCount":1,"hasContent":true,"attachmentStep":false},"afterStages":[],"labels":[{"name":"host","value":"fv-az1269-709"},{"name":"thread","value":"2776-MainThread"},{"name":"framework","value":"pytest-bdd"},{"name":"language","value":"cpython3"},{"name":"feature","value":"Test each council output matches expected results"},{"name":"resultFormat","value":"allure2"}],"parameters":[{"name":"council","value":"NeathPortTalbotCouncil"}],"links":[],"hidden":false,"retry":false,"extra":{"severity":"normal","retries":[],"categories":[{"name":"Product defects","matchedStatuses":[],"flaky":false}],"history":{"statistic":{"failed":123,"broken":0,"skipped":0,"passed":9,"unknown":0,"total":132},"items":[{"uid":"3eaaa2f75a1a03f9","reportUrl":"https://robbrad.github.io/UKBinCollectionData/3.11/2005//#testresult/3eaaa2f75a1a03f9","status":"failed","statusDetails":"selenium.common.exceptions.NoSuchElementException: Message: no such element: Unable to locate element: {\"method\":\"css selector\",\"selector\":\"[id=\"ContentPlaceHolderDefault_ctl13_nptLLPG2_25_addresslookup_txtTmpPostcode\"]\"}\n  (Session info: chrome-headless-shell=127.0.6533.72); For documentation on this error, please visit: https://www.selenium.dev/documentation/webdriver/troubleshooting/errors#no-such-element-exception\nStacktrace:\n#0 0x564b89f386ba <unknown>\n#1 0x564b89c08730 <unknown>\n#2 0x564b89c57d9b <unknown>\n#3 0x564b89c58081 <unknown>\n#4 0x564b89c9bcd4 <unknown>\n#5 0x564b89c7aa7d <unknown>\n#6 0x564b89c991ca <unknown>\n#7 0x564b89c7a7f3 <unknown>\n#8 0x564b89c4aec9 <unknown>\n#9 0x564b89c4b91e <unknown>\n#10 0x564b89efe9eb <unknown>\n#11 0x564b89f02972 <unknown>\n#12 0x564b89eebe15 <unknown>\n#13 0x564b89f03502 <unknown>\n#14 0x564b89ed0d2f <unknown>\n#15 0x564b89f27578 <unknown>\n#16 0x564b89f27750 <unknown>\n#17 0x564b89f3748c <unknown>\n#18 0x7f2b3a88ba94 <unknown>\n#19 0x7f2b3a918a34 __clone","time":{"start":1722730640806,"stop":1722730695687,"duration":54881}},{"uid":"438c2dd81b0ac9fa","reportUrl":"https://robbrad.github.io/UKBinCollectionData/3.11/2004//#testresult/438c2dd81b0ac9fa","status":"failed","statusDetails":"selenium.common.exceptions.NoSuchElementException: Message: no such element: Unable to locate element: {\"method\":\"css selector\",\"selector\":\"[id=\"ContentPlaceHolderDefault_ctl13_nptLLPG2_25_addresslookup_txtTmpPostcode\"]\"}\n  (Session info: chrome-headless-shell=127.0.6533.72); For documentation on this error, please visit: https://www.selenium.dev/documentation/webdriver/troubleshooting/errors#no-such-element-exception\nStacktrace:\n#0 0x56155f9c06ba <unknown>\n#1 0x56155f690730 <unknown>\n#2 0x56155f6dfd9b <unknown>\n#3 0x56155f6e0081 <unknown>\n#4 0x56155f723cd4 <unknown>\n#5 0x56155f702a7d <unknown>\n#6 0x56155f7211ca <unknown>\n#7 0x56155f7027f3 <unknown>\n#8 0x56155f6d2ec9 <unknown>\n#9 0x56155f6d391e <unknown>\n#10 0x56155f9869eb <unknown>\n#11 0x56155f98a972 <unknown>\n#12 0x56155f973e15 <unknown>\n#13 0x56155f98b502 <unknown>\n#14 0x56155f958d2f <unknown>\n#15 0x56155f9af578 <unknown>\n#16 0x56155f9af750 <unknown>\n#17 0x56155f9bf48c <unknown>\n#18 0x7fd4a45d3a94 <unknown>\n#19 0x7fd4a4660a34 __clone","time":{"start":1722644198814,"stop":1722644243326,"duration":44512}},{"uid":"7469b15bd305a978","reportUrl":"https://robbrad.github.io/UKBinCollectionData/3.11/2003//#testresult/7469b15bd305a978","status":"failed","statusDetails":"selenium.common.exceptions.NoSuchElementException: Message: no such element: Unable to locate element: {\"method\":\"css selector\",\"selector\":\"[id=\"ContentPlaceHolderDefault_ctl13_nptLLPG2_25_addresslookup_txtTmpPostcode\"]\"}\n  (Session info: chrome-headless-shell=127.0.6533.72); For documentation on this error, please visit: https://www.selenium.dev/documentation/webdriver/troubleshooting/errors#no-such-element-exception\nStacktrace:\n#0 0x55882a2656ba <unknown>\n#1 0x558829f35730 <unknown>\n#2 0x558829f84d9b <unknown>\n#3 0x558829f85081 <unknown>\n#4 0x558829fc8cd4 <unknown>\n#5 0x558829fa7a7d <unknown>\n#6 0x558829fc61ca <unknown>\n#7 0x558829fa77f3 <unknown>\n#8 0x558829f77ec9 <unknown>\n#9 0x558829f7891e <unknown>\n#10 0x55882a22b9eb <unknown>\n#11 0x55882a22f972 <unknown>\n#12 0x55882a218e15 <unknown>\n#13 0x55882a230502 <unknown>\n#14 0x55882a1fdd2f <unknown>\n#15 0x55882a254578 <unknown>\n#16 0x55882a254750 <unknown>\n#17 0x55882a26448c <unknown>\n#18 0x7f359b932a94 <unknown>\n#19 0x7f359b9bfa34 __clone","time":{"start":1722557966905,"stop":1722557982354,"duration":15449}},{"uid":"9778807d946e9be3","reportUrl":"https://robbrad.github.io/UKBinCollectionData/3.11/2002//#testresult/9778807d946e9be3","status":"failed","statusDetails":"selenium.common.exceptions.NoSuchElementException: Message: no such element: Unable to locate element: {\"method\":\"css selector\",\"selector\":\"[id=\"ContentPlaceHolderDefault_ctl13_nptLLPG2_25_addresslookup_txtTmpPostcode\"]\"}\n  (Session info: chrome-headless-shell=127.0.6533.72); For documentation on this error, please visit: https://www.selenium.dev/documentation/webdriver/troubleshooting/errors#no-such-element-exception\nStacktrace:\n#0 0x5633ee0746ba <unknown>\n#1 0x5633edd44730 <unknown>\n#2 0x5633edd93d9b <unknown>\n#3 0x5633edd94081 <unknown>\n#4 0x5633eddd7cd4 <unknown>\n#5 0x5633eddb6a7d <unknown>\n#6 0x5633eddd51ca <unknown>\n#7 0x5633eddb67f3 <unknown>\n#8 0x5633edd86ec9 <unknown>\n#9 0x5633edd8791e <unknown>\n#10 0x5633ee03a9eb <unknown>\n#11 0x5633ee03e972 <unknown>\n#12 0x5633ee027e15 <unknown>\n#13 0x5633ee03f502 <unknown>\n#14 0x5633ee00cd2f <unknown>\n#15 0x5633ee063578 <unknown>\n#16 0x5633ee063750 <unknown>\n#17 0x5633ee07348c <unknown>\n#18 0x7f63a6427a94 <unknown>\n#19 0x7f63a64b4a34 __clone","time":{"start":1722471227388,"stop":1722471283127,"duration":55739}},{"uid":"a86df20bacf7a9e0","reportUrl":"https://robbrad.github.io/UKBinCollectionData/3.11/1998//#testresult/a86df20bacf7a9e0","status":"failed","statusDetails":"selenium.common.exceptions.NoSuchElementException: Message: no such element: Unable to locate element: {\"method\":\"css selector\",\"selector\":\"[id=\"ContentPlaceHolderDefault_ctl13_nptLLPG2_25_addresslookup_txtTmpPostcode\"]\"}\n  (Session info: chrome-headless-shell=127.0.6533.72); For documentation on this error, please visit: https://www.selenium.dev/documentation/webdriver/troubleshooting/errors#no-such-element-exception\nStacktrace:\n#0 0x559ba868f6ba <unknown>\n#1 0x559ba835f730 <unknown>\n#2 0x559ba83aed9b <unknown>\n#3 0x559ba83af081 <unknown>\n#4 0x559ba83f2cd4 <unknown>\n#5 0x559ba83d1a7d <unknown>\n#6 0x559ba83f01ca <unknown>\n#7 0x559ba83d17f3 <unknown>\n#8 0x559ba83a1ec9 <unknown>\n#9 0x559ba83a291e <unknown>\n#10 0x559ba86559eb <unknown>\n#11 0x559ba8659972 <unknown>\n#12 0x559ba8642e15 <unknown>\n#13 0x559ba865a502 <unknown>\n#14 0x559ba8627d2f <unknown>\n#15 0x559ba867e578 <unknown>\n#16 0x559ba867e750 <unknown>\n#17 0x559ba868e48c <unknown>\n#18 0x7fdba25ada94 <unknown>\n#19 0x7fdba263aa34 __clone","time":{"start":1722384939393,"stop":1722385021818,"duration":82425}},{"uid":"96decea8d24a8e0d","reportUrl":"https://robbrad.github.io/UKBinCollectionData/3.11/1997//#testresult/96decea8d24a8e0d","status":"failed","statusDetails":"selenium.common.exceptions.NoSuchElementException: Message: no such element: Unable to locate element: {\"method\":\"css selector\",\"selector\":\"[id=\"ContentPlaceHolderDefault_ctl13_nptLLPG2_25_addresslookup_txtTmpPostcode\"]\"}\n  (Session info: chrome-headless-shell=127.0.6533.72); For documentation on this error, please visit: https://www.selenium.dev/documentation/webdriver/troubleshooting/errors#no-such-element-exception\nStacktrace:\n#0 0x556edc9326ba <unknown>\n#1 0x556edc602730 <unknown>\n#2 0x556edc651d9b <unknown>\n#3 0x556edc652081 <unknown>\n#4 0x556edc695cd4 <unknown>\n#5 0x556edc674a7d <unknown>\n#6 0x556edc6931ca <unknown>\n#7 0x556edc6747f3 <unknown>\n#8 0x556edc644ec9 <unknown>\n#9 0x556edc64591e <unknown>\n#10 0x556edc8f89eb <unknown>\n#11 0x556edc8fc972 <unknown>\n#12 0x556edc8e5e15 <unknown>\n#13 0x556edc8fd502 <unknown>\n#14 0x556edc8cad2f <unknown>\n#15 0x556edc921578 <unknown>\n#16 0x556edc921750 <unknown>\n#17 0x556edc93148c <unknown>\n#18 0x7f0d98096a94 <unknown>\n#19 0x7f0d98123a34 __clone","time":{"start":1722298454089,"stop":1722298559856,"duration":105767}},{"uid":"39cfa61e686c5df6","reportUrl":"https://robbrad.github.io/UKBinCollectionData/3.11/1996//#testresult/39cfa61e686c5df6","status":"failed","statusDetails":"selenium.common.exceptions.NoSuchElementException: Message: no such element: Unable to locate element: {\"method\":\"css selector\",\"selector\":\"[id=\"ContentPlaceHolderDefault_ctl13_nptLLPG2_25_addresslookup_txtTmpPostcode\"]\"}\n  (Session info: chrome-headless-shell=127.0.6533.72); For documentation on this error, please visit: https://www.selenium.dev/documentation/webdriver/troubleshooting/errors#no-such-element-exception\nStacktrace:\n#0 0x5655039636ba <unknown>\n#1 0x565503633730 <unknown>\n#2 0x565503682d9b <unknown>\n#3 0x565503683081 <unknown>\n#4 0x5655036c6cd4 <unknown>\n#5 0x5655036a5a7d <unknown>\n#6 0x5655036c41ca <unknown>\n#7 0x5655036a57f3 <unknown>\n#8 0x565503675ec9 <unknown>\n#9 0x56550367691e <unknown>\n#10 0x5655039299eb <unknown>\n#11 0x56550392d972 <unknown>\n#12 0x565503916e15 <unknown>\n#13 0x56550392e502 <unknown>\n#14 0x5655038fbd2f <unknown>\n#15 0x565503952578 <unknown>\n#16 0x565503952750 <unknown>\n#17 0x56550396248c <unknown>\n#18 0x7fda39225a94 <unknown>\n#19 0x7fda392b2a34 __clone","time":{"start":1722212098151,"stop":1722212199470,"duration":101319}},{"uid":"653f3ed653fa50ae","reportUrl":"https://robbrad.github.io/UKBinCollectionData/3.11/1995//#testresult/653f3ed653fa50ae","status":"failed","statusDetails":"selenium.common.exceptions.NoSuchElementException: Message: no such element: Unable to locate element: {\"method\":\"css selector\",\"selector\":\"[id=\"ContentPlaceHolderDefault_ctl13_nptLLPG2_25_addresslookup_txtTmpPostcode\"]\"}\n  (Session info: chrome-headless-shell=127.0.6533.72); For documentation on this error, please visit: https://www.selenium.dev/documentation/webdriver/troubleshooting/errors#no-such-element-exception\nStacktrace:\n#0 0x56058b15f6ba <unknown>\n#1 0x56058ae2f730 <unknown>\n#2 0x56058ae7ed9b <unknown>\n#3 0x56058ae7f081 <unknown>\n#4 0x56058aec2cd4 <unknown>\n#5 0x56058aea1a7d <unknown>\n#6 0x56058aec01ca <unknown>\n#7 0x56058aea17f3 <unknown>\n#8 0x56058ae71ec9 <unknown>\n#9 0x56058ae7291e <unknown>\n#10 0x56058b1259eb <unknown>\n#11 0x56058b129972 <unknown>\n#12 0x56058b112e15 <unknown>\n#13 0x56058b12a502 <unknown>\n#14 0x56058b0f7d2f <unknown>\n#15 0x56058b14e578 <unknown>\n#16 0x56058b14e750 <unknown>\n#17 0x56058b15e48c <unknown>\n#18 0x7ff41257fa94 <unknown>\n#19 0x7ff41260ca34 __clone","time":{"start":1722125687110,"stop":1722125731620,"duration":44510}},{"uid":"d46c47b0e0c4cba4","reportUrl":"https://robbrad.github.io/UKBinCollectionData/3.11/1994//#testresult/d46c47b0e0c4cba4","status":"failed","statusDetails":"selenium.common.exceptions.NoSuchElementException: Message: no such element: Unable to locate element: {\"method\":\"css selector\",\"selector\":\"[id=\"ContentPlaceHolderDefault_ctl13_nptLLPG2_25_addresslookup_txtTmpPostcode\"]\"}\n  (Session info: chrome-headless-shell=126.0.6478.114); For documentation on this error, please visit: https://www.selenium.dev/documentation/webdriver/troubleshooting/errors#no-such-element-exception\nStacktrace:\n#0 0x558ae511269a <unknown>\n#1 0x558ae4df50dc <unknown>\n#2 0x558ae4e41931 <unknown>\n#3 0x558ae4e41a21 <unknown>\n#4 0x558ae4e86234 <unknown>\n#5 0x558ae4e6489d <unknown>\n#6 0x558ae4e835c3 <unknown>\n#7 0x558ae4e64613 <unknown>\n#8 0x558ae4e344f7 <unknown>\n#9 0x558ae4e34e4e <unknown>\n#10 0x558ae50d886b <unknown>\n#11 0x558ae50dc911 <unknown>\n#12 0x558ae50c435e <unknown>\n#13 0x558ae50dd472 <unknown>\n#14 0x558ae50a8cbf <unknown>\n#15 0x558ae5102098 <unknown>\n#16 0x558ae5102270 <unknown>\n#17 0x558ae51117cc <unknown>\n#18 0x7fecdb8f6ac3 <unknown>","time":{"start":1722039279232,"stop":1722039331725,"duration":52493}},{"uid":"749679e4541ad1a1","reportUrl":"https://robbrad.github.io/UKBinCollectionData/3.11/1993//#testresult/749679e4541ad1a1","status":"failed","statusDetails":"selenium.common.exceptions.NoSuchElementException: Message: no such element: Unable to locate element: {\"method\":\"css selector\",\"selector\":\"[id=\"ContentPlaceHolderDefault_ctl13_nptLLPG2_25_addresslookup_txtTmpPostcode\"]\"}\n  (Session info: chrome-headless-shell=126.0.6478.114); For documentation on this error, please visit: https://www.selenium.dev/documentation/webdriver/troubleshooting/errors#no-such-element-exception\nStacktrace:\n#0 0x55558324669a <unknown>\n#1 0x555582f290dc <unknown>\n#2 0x555582f75931 <unknown>\n#3 0x555582f75a21 <unknown>\n#4 0x555582fba234 <unknown>\n#5 0x555582f9889d <unknown>\n#6 0x555582fb75c3 <unknown>\n#7 0x555582f98613 <unknown>\n#8 0x555582f684f7 <unknown>\n#9 0x555582f68e4e <unknown>\n#10 0x55558320c86b <unknown>\n#11 0x555583210911 <unknown>\n#12 0x5555831f835e <unknown>\n#13 0x555583211472 <unknown>\n#14 0x5555831dccbf <unknown>\n#15 0x555583236098 <unknown>\n#16 0x555583236270 <unknown>\n#17 0x5555832457cc <unknown>\n#18 0x7fd6e8418ac3 <unknown>","time":{"start":1721952899312,"stop":1721953005989,"duration":106677}},{"uid":"1e644365687502cc","reportUrl":"https://robbrad.github.io/UKBinCollectionData/3.11/1992//#testresult/1e644365687502cc","status":"failed","statusDetails":"selenium.common.exceptions.NoSuchElementException: Message: no such element: Unable to locate element: {\"method\":\"css selector\",\"selector\":\"[id=\"ContentPlaceHolderDefault_ctl13_nptLLPG2_25_addresslookup_txtTmpPostcode\"]\"}\n  (Session info: chrome-headless-shell=126.0.6478.114); For documentation on this error, please visit: https://www.selenium.dev/documentation/webdriver/troubleshooting/errors#no-such-element-exception\nStacktrace:\n#0 0x55fc1561269a <unknown>\n#1 0x55fc152f50dc <unknown>\n#2 0x55fc15341931 <unknown>\n#3 0x55fc15341a21 <unknown>\n#4 0x55fc15386234 <unknown>\n#5 0x55fc1536489d <unknown>\n#6 0x55fc153835c3 <unknown>\n#7 0x55fc15364613 <unknown>\n#8 0x55fc153344f7 <unknown>\n#9 0x55fc15334e4e <unknown>\n#10 0x55fc155d886b <unknown>\n#11 0x55fc155dc911 <unknown>\n#12 0x55fc155c435e <unknown>\n#13 0x55fc155dd472 <unknown>\n#14 0x55fc155a8cbf <unknown>\n#15 0x55fc15602098 <unknown>\n#16 0x55fc15602270 <unknown>\n#17 0x55fc156117cc <unknown>\n#18 0x7ff378e0dac3 <unknown>","time":{"start":1721866511963,"stop":1721866537435,"duration":25472}},{"uid":"283c12921a4b7635","reportUrl":"https://robbrad.github.io/UKBinCollectionData/3.11/1991//#testresult/283c12921a4b7635","status":"failed","statusDetails":"selenium.common.exceptions.NoSuchElementException: Message: no such element: Unable to locate element: {\"method\":\"css selector\",\"selector\":\"[id=\"ContentPlaceHolderDefault_ctl13_nptLLPG2_25_addresslookup_txtTmpPostcode\"]\"}\n  (Session info: chrome-headless-shell=126.0.6478.114); For documentation on this error, please visit: https://www.selenium.dev/documentation/webdriver/troubleshooting/errors#no-such-element-exception\nStacktrace:\n#0 0x55a9fd6f469a <unknown>\n#1 0x55a9fd3d70dc <unknown>\n#2 0x55a9fd423931 <unknown>\n#3 0x55a9fd423a21 <unknown>\n#4 0x55a9fd468234 <unknown>\n#5 0x55a9fd44689d <unknown>\n#6 0x55a9fd4655c3 <unknown>\n#7 0x55a9fd446613 <unknown>\n#8 0x55a9fd4164f7 <unknown>\n#9 0x55a9fd416e4e <unknown>\n#10 0x55a9fd6ba86b <unknown>\n#11 0x55a9fd6be911 <unknown>\n#12 0x55a9fd6a635e <unknown>\n#13 0x55a9fd6bf472 <unknown>\n#14 0x55a9fd68acbf <unknown>\n#15 0x55a9fd6e4098 <unknown>\n#16 0x55a9fd6e4270 <unknown>\n#17 0x55a9fd6f37cc <unknown>\n#18 0x7fb37a086ac3 <unknown>","time":{"start":1721780142055,"stop":1721780229129,"duration":87074}},{"uid":"71e1e82342388edc","reportUrl":"https://robbrad.github.io/UKBinCollectionData/3.11/1990//#testresult/71e1e82342388edc","status":"failed","statusDetails":"selenium.common.exceptions.NoSuchElementException: Message: no such element: Unable to locate element: {\"method\":\"css selector\",\"selector\":\"[id=\"ContentPlaceHolderDefault_ctl13_nptLLPG2_25_addresslookup_txtTmpPostcode\"]\"}\n  (Session info: chrome-headless-shell=126.0.6478.114); For documentation on this error, please visit: https://www.selenium.dev/documentation/webdriver/troubleshooting/errors#no-such-element-exception\nStacktrace:\n#0 0x55abb90a069a <unknown>\n#1 0x55abb8d830dc <unknown>\n#2 0x55abb8dcf931 <unknown>\n#3 0x55abb8dcfa21 <unknown>\n#4 0x55abb8e14234 <unknown>\n#5 0x55abb8df289d <unknown>\n#6 0x55abb8e115c3 <unknown>\n#7 0x55abb8df2613 <unknown>\n#8 0x55abb8dc24f7 <unknown>\n#9 0x55abb8dc2e4e <unknown>\n#10 0x55abb906686b <unknown>\n#11 0x55abb906a911 <unknown>\n#12 0x55abb905235e <unknown>\n#13 0x55abb906b472 <unknown>\n#14 0x55abb9036cbf <unknown>\n#15 0x55abb9090098 <unknown>\n#16 0x55abb9090270 <unknown>\n#17 0x55abb909f7cc <unknown>\n#18 0x7f62fbfacac3 <unknown>","time":{"start":1721693654177,"stop":1721693667527,"duration":13350}},{"uid":"3279329064ba5755","reportUrl":"https://robbrad.github.io/UKBinCollectionData/3.11/1989//#testresult/3279329064ba5755","status":"failed","statusDetails":"selenium.common.exceptions.NoSuchElementException: Message: no such element: Unable to locate element: {\"method\":\"css selector\",\"selector\":\"[id=\"ContentPlaceHolderDefault_ctl13_nptLLPG2_25_addresslookup_txtTmpPostcode\"]\"}\n  (Session info: chrome-headless-shell=126.0.6478.114); For documentation on this error, please visit: https://www.selenium.dev/documentation/webdriver/troubleshooting/errors#no-such-element-exception\nStacktrace:\n#0 0x5622436a669a <unknown>\n#1 0x5622433890dc <unknown>\n#2 0x5622433d5931 <unknown>\n#3 0x5622433d5a21 <unknown>\n#4 0x56224341a234 <unknown>\n#5 0x5622433f889d <unknown>\n#6 0x5622434175c3 <unknown>\n#7 0x5622433f8613 <unknown>\n#8 0x5622433c84f7 <unknown>\n#9 0x5622433c8e4e <unknown>\n#10 0x56224366c86b <unknown>\n#11 0x562243670911 <unknown>\n#12 0x56224365835e <unknown>\n#13 0x562243671472 <unknown>\n#14 0x56224363ccbf <unknown>\n#15 0x562243696098 <unknown>\n#16 0x562243696270 <unknown>\n#17 0x5622436a57cc <unknown>\n#18 0x7fbe6ec82ac3 <unknown>","time":{"start":1721607258162,"stop":1721607285667,"duration":27505}},{"uid":"8237f278d8fd14ef","reportUrl":"https://robbrad.github.io/UKBinCollectionData/3.11/1988//#testresult/8237f278d8fd14ef","status":"failed","statusDetails":"selenium.common.exceptions.NoSuchElementException: Message: no such element: Unable to locate element: {\"method\":\"css selector\",\"selector\":\"[id=\"ContentPlaceHolderDefault_ctl13_nptLLPG2_25_addresslookup_txtTmpPostcode\"]\"}\n  (Session info: chrome-headless-shell=126.0.6478.114); For documentation on this error, please visit: https://www.selenium.dev/documentation/webdriver/troubleshooting/errors#no-such-element-exception\nStacktrace:\n#0 0x56351aa9769a <unknown>\n#1 0x56351a77a0dc <unknown>\n#2 0x56351a7c6931 <unknown>\n#3 0x56351a7c6a21 <unknown>\n#4 0x56351a80b234 <unknown>\n#5 0x56351a7e989d <unknown>\n#6 0x56351a8085c3 <unknown>\n#7 0x56351a7e9613 <unknown>\n#8 0x56351a7b94f7 <unknown>\n#9 0x56351a7b9e4e <unknown>\n#10 0x56351aa5d86b <unknown>\n#11 0x56351aa61911 <unknown>\n#12 0x56351aa4935e <unknown>\n#13 0x56351aa62472 <unknown>\n#14 0x56351aa2dcbf <unknown>\n#15 0x56351aa87098 <unknown>\n#16 0x56351aa87270 <unknown>\n#17 0x56351aa967cc <unknown>\n#18 0x7f7eeeff4ac3 <unknown>","time":{"start":1721520867915,"stop":1721520941921,"duration":74006}},{"uid":"609bcd8ee685c91e","reportUrl":"https://robbrad.github.io/UKBinCollectionData/3.11/1987//#testresult/609bcd8ee685c91e","status":"failed","statusDetails":"selenium.common.exceptions.NoSuchElementException: Message: no such element: Unable to locate element: {\"method\":\"css selector\",\"selector\":\"[id=\"ContentPlaceHolderDefault_ctl13_nptLLPG2_25_addresslookup_txtTmpPostcode\"]\"}\n  (Session info: chrome-headless-shell=126.0.6478.114); For documentation on this error, please visit: https://www.selenium.dev/documentation/webdriver/troubleshooting/errors#no-such-element-exception\nStacktrace:\n#0 0x5627aac2e69a <unknown>\n#1 0x5627aa9110dc <unknown>\n#2 0x5627aa95d931 <unknown>\n#3 0x5627aa95da21 <unknown>\n#4 0x5627aa9a2234 <unknown>\n#5 0x5627aa98089d <unknown>\n#6 0x5627aa99f5c3 <unknown>\n#7 0x5627aa980613 <unknown>\n#8 0x5627aa9504f7 <unknown>\n#9 0x5627aa950e4e <unknown>\n#10 0x5627aabf486b <unknown>\n#11 0x5627aabf8911 <unknown>\n#12 0x5627aabe035e <unknown>\n#13 0x5627aabf9472 <unknown>\n#14 0x5627aabc4cbf <unknown>\n#15 0x5627aac1e098 <unknown>\n#16 0x5627aac1e270 <unknown>\n#17 0x5627aac2d7cc <unknown>\n#18 0x7f23e329fac3 <unknown>","time":{"start":1721434468360,"stop":1721434481152,"duration":12792}},{"uid":"e861403869678cb1","reportUrl":"https://robbrad.github.io/UKBinCollectionData/3.11/1986//#testresult/e861403869678cb1","status":"failed","statusDetails":"selenium.common.exceptions.NoSuchElementException: Message: no such element: Unable to locate element: {\"method\":\"css selector\",\"selector\":\"[id=\"ContentPlaceHolderDefault_ctl13_nptLLPG2_25_addresslookup_txtTmpPostcode\"]\"}\n  (Session info: chrome-headless-shell=126.0.6478.114); For documentation on this error, please visit: https://www.selenium.dev/documentation/webdriver/troubleshooting/errors#no-such-element-exception\nStacktrace:\n#0 0x555c62f6969a <unknown>\n#1 0x555c62c4c0dc <unknown>\n#2 0x555c62c98931 <unknown>\n#3 0x555c62c98a21 <unknown>\n#4 0x555c62cdd234 <unknown>\n#5 0x555c62cbb89d <unknown>\n#6 0x555c62cda5c3 <unknown>\n#7 0x555c62cbb613 <unknown>\n#8 0x555c62c8b4f7 <unknown>\n#9 0x555c62c8be4e <unknown>\n#10 0x555c62f2f86b <unknown>\n#11 0x555c62f33911 <unknown>\n#12 0x555c62f1b35e <unknown>\n#13 0x555c62f34472 <unknown>\n#14 0x555c62effcbf <unknown>\n#15 0x555c62f59098 <unknown>\n#16 0x555c62f59270 <unknown>\n#17 0x555c62f687cc <unknown>\n#18 0x7fc9b559dac3 <unknown>","time":{"start":1721372602257,"stop":1721372652861,"duration":50604}},{"uid":"35138c07e6dc77dd","reportUrl":"https://robbrad.github.io/UKBinCollectionData/3.11/1985//#testresult/35138c07e6dc77dd","status":"failed","statusDetails":"selenium.common.exceptions.NoSuchElementException: Message: no such element: Unable to locate element: {\"method\":\"css selector\",\"selector\":\"[id=\"ContentPlaceHolderDefault_ctl13_nptLLPG2_25_addresslookup_txtTmpPostcode\"]\"}\n  (Session info: chrome-headless-shell=126.0.6478.114); For documentation on this error, please visit: https://www.selenium.dev/documentation/webdriver/troubleshooting/errors#no-such-element-exception\nStacktrace:\n#0 0x55dd2d34769a <unknown>\n#1 0x55dd2d02a0dc <unknown>\n#2 0x55dd2d076931 <unknown>\n#3 0x55dd2d076a21 <unknown>\n#4 0x55dd2d0bb234 <unknown>\n#5 0x55dd2d09989d <unknown>\n#6 0x55dd2d0b85c3 <unknown>\n#7 0x55dd2d099613 <unknown>\n#8 0x55dd2d0694f7 <unknown>\n#9 0x55dd2d069e4e <unknown>\n#10 0x55dd2d30d86b <unknown>\n#11 0x55dd2d311911 <unknown>\n#12 0x55dd2d2f935e <unknown>\n#13 0x55dd2d312472 <unknown>\n#14 0x55dd2d2ddcbf <unknown>\n#15 0x55dd2d337098 <unknown>\n#16 0x55dd2d337270 <unknown>\n#17 0x55dd2d3467cc <unknown>\n#18 0x7fa477656ac3 <unknown>","time":{"start":1721263507088,"stop":1721263588752,"duration":81664}},{"uid":"3162a65d8b62632e","reportUrl":"https://robbrad.github.io/UKBinCollectionData/3.11/1984//#testresult/3162a65d8b62632e","status":"failed","statusDetails":"selenium.common.exceptions.TimeoutException: Message: \nStacktrace:\n#0 0x5615053fb69a <unknown>\n#1 0x5615050de0dc <unknown>\n#2 0x56150512a931 <unknown>\n#3 0x56150512aa21 <unknown>\n#4 0x56150516f234 <unknown>\n#5 0x56150514d89d <unknown>\n#6 0x56150516c5c3 <unknown>\n#7 0x56150514d613 <unknown>\n#8 0x56150511d4f7 <unknown>\n#9 0x56150511de4e <unknown>\n#10 0x5615053c186b <unknown>\n#11 0x5615053c5911 <unknown>\n#12 0x5615053ad35e <unknown>\n#13 0x5615053c6472 <unknown>\n#14 0x561505391cbf <unknown>\n#15 0x5615053eb098 <unknown>\n#16 0x5615053eb270 <unknown>\n#17 0x5615053fa7cc <unknown>\n#18 0x7f2f37baeac3 <unknown>","time":{"start":1721176995815,"stop":1721177079966,"duration":84151}},{"uid":"51e6fb17d9ca7682","reportUrl":"https://robbrad.github.io/UKBinCollectionData/3.11/1983//#testresult/51e6fb17d9ca7682","status":"failed","statusDetails":"selenium.common.exceptions.TimeoutException: Message: \nStacktrace:\n#0 0x55fedc68069a <unknown>\n#1 0x55fedc3630dc <unknown>\n#2 0x55fedc3af931 <unknown>\n#3 0x55fedc3afa21 <unknown>\n#4 0x55fedc3f4234 <unknown>\n#5 0x55fedc3d289d <unknown>\n#6 0x55fedc3f15c3 <unknown>\n#7 0x55fedc3d2613 <unknown>\n#8 0x55fedc3a24f7 <unknown>\n#9 0x55fedc3a2e4e <unknown>\n#10 0x55fedc64686b <unknown>\n#11 0x55fedc64a911 <unknown>\n#12 0x55fedc63235e <unknown>\n#13 0x55fedc64b472 <unknown>\n#14 0x55fedc616cbf <unknown>\n#15 0x55fedc670098 <unknown>\n#16 0x55fedc670270 <unknown>\n#17 0x55fedc67f7cc <unknown>\n#18 0x7f8931ac2ac3 <unknown>","time":{"start":1721090629198,"stop":1721090661043,"duration":31845}}]},"tags":[]},"source":"16e5502e37e6e862.json","parameterValues":["NeathPortTalbotCouncil"]}