{"uid":"d50eb58d7bede2e7","name":"Validate Council Output [NeathPortTalbotCouncil-http://selenium:4444-local]","fullName":"features/validate_council_outputs.feature:Validate Council Output","historyId":"68717d64a9b5b73045a4198b6f1e2a64","time":{"start":1705969806494,"stop":1705969810539,"duration":4045},"status":"failed","statusMessage":"selenium.common.exceptions.ElementClickInterceptedException: Message: element click intercepted: Element is not clickable at point (589, 636)\n  (Session info: chrome-headless-shell=120.0.6099.216)\nStacktrace:\n#0 0x563349ee0f83 <unknown>\n#1 0x563349b99cf7 <unknown>\n#2 0x563349bf1d92 <unknown>\n#3 0x563349bef7f4 <unknown>\n#4 0x563349bec894 <unknown>\n#5 0x563349beb4b9 <unknown>\n#6 0x563349bdd313 <unknown>\n#7 0x563349c130b2 <unknown>\n#8 0x563349bdcb49 <unknown>\n#9 0x563349c134ce <unknown>\n#10 0x563349c32006 <unknown>\n#11 0x563349c12e53 <unknown>\n#12 0x563349bdadd4 <unknown>\n#13 0x563349bdc1de <unknown>\n#14 0x563349ea5531 <unknown>\n#15 0x563349ea9455 <unknown>\n#16 0x563349e91f55 <unknown>\n#17 0x563349eaa0ef <unknown>\n#18 0x563349e7599f <unknown>\n#19 0x563349ece008 <unknown>\n#20 0x563349ece1d7 <unknown>\n#21 0x563349ee0124 <unknown>\n#22 0x7f5034494ac3 <unknown>","statusTrace":"fixturefunc = <function scrape_step at 0x7fcf1f4a4ae0>\nrequest = <FixtureRequest for <Function test_scenario_outline[NeathPortTalbotCouncil-http://selenium:4444-local]>>\nkwargs = {'context': <test_validate_council.context.<locals>.Context object at 0x7fcf1eb5e250>, 'council': 'NeathPortTalbotCouncil', 'selenium_mode': 'local', 'selenium_url': 'http://selenium:4444'}\n\n    def call_fixture_func(\n        fixturefunc: \"_FixtureFunc[FixtureValue]\", request: FixtureRequest, kwargs\n    ) -> FixtureValue:\n        if is_generator(fixturefunc):\n            fixturefunc = cast(\n                Callable[..., Generator[FixtureValue, None, None]], fixturefunc\n            )\n            generator = fixturefunc(**kwargs)\n            try:\n                fixture_result = next(generator)\n            except StopIteration:\n                raise ValueError(f\"{request.fixturename} did not yield a value\") from None\n            finalizer = functools.partial(_teardown_yield_fixture, fixturefunc, generator)\n            request.addfinalizer(finalizer)\n        else:\n            fixturefunc = cast(Callable[..., FixtureValue], fixturefunc)\n>           fixture_result = fixturefunc(**kwargs)\n\n../../../.cache/pypoetry/virtualenvs/uk-bin-collection-EwS6Gn8s-py3.11/lib/python3.11/site-packages/_pytest/fixtures.py:902: \n_ _ _ _ _ _ _ _ _ _ _ _ _ _ _ _ _ _ _ _ _ _ _ _ _ _ _ _ _ _ _ _ _ _ _ _ _ _ _ _ \nuk_bin_collection/tests/step_defs/test_validate_council.py:92: in scrape_step\n    context.parse_result = CollectData.run()\nuk_bin_collection/uk_bin_collection/collect_data.py:96: in run\n    return self.client_code(\nuk_bin_collection/uk_bin_collection/collect_data.py:115: in client_code\n    return get_bin_data_class.template_method(address_url, **kwargs)\nuk_bin_collection/uk_bin_collection/get_bin_data.py:78: in template_method\n    bin_data_dict = self.parse_data(\nuk_bin_collection/uk_bin_collection/councils/NeathPortTalbotCouncil.py:39: in parse_data\n    cookieAccept.click()\n../../../.cache/pypoetry/virtualenvs/uk-bin-collection-EwS6Gn8s-py3.11/lib/python3.11/site-packages/selenium/webdriver/remote/webelement.py:93: in click\n    self._execute(Command.CLICK_ELEMENT)\n../../../.cache/pypoetry/virtualenvs/uk-bin-collection-EwS6Gn8s-py3.11/lib/python3.11/site-packages/selenium/webdriver/remote/webelement.py:394: in _execute\n    return self._parent.execute(command, params)\n../../../.cache/pypoetry/virtualenvs/uk-bin-collection-EwS6Gn8s-py3.11/lib/python3.11/site-packages/selenium/webdriver/remote/webdriver.py:344: in execute\n    self.error_handler.check_response(response)\n_ _ _ _ _ _ _ _ _ _ _ _ _ _ _ _ _ _ _ _ _ _ _ _ _ _ _ _ _ _ _ _ _ _ _ _ _ _ _ _ \n\nself = <selenium.webdriver.remote.errorhandler.ErrorHandler object at 0x7fcf1f1ac950>\nresponse = {'status': 400, 'value': '{\"value\":{\"error\":\"element click intercepted\",\"message\":\"element click intercepted: Element ...\\\\n#20 0x563349ece1d7 \\\\u003Cunknown>\\\\n#21 0x563349ee0124 \\\\u003Cunknown>\\\\n#22 0x7f5034494ac3 \\\\u003Cunknown>\\\\n\"}}'}\n\n    def check_response(self, response: Dict[str, Any]) -> None:\n        \"\"\"Checks that a JSON response from the WebDriver does not have an\n        error.\n    \n        :Args:\n         - response - The JSON response from the WebDriver server as a dictionary\n           object.\n    \n        :Raises: If the response contains an error message.\n        \"\"\"\n        status = response.get(\"status\", None)\n        if not status or status == ErrorCode.SUCCESS:\n            return\n        value = None\n        message = response.get(\"message\", \"\")\n        screen: str = response.get(\"screen\", \"\")\n        stacktrace = None\n        if isinstance(status, int):\n            value_json = response.get(\"value\", None)\n            if value_json and isinstance(value_json, str):\n                import json\n    \n                try:\n                    value = json.loads(value_json)\n                    if len(value) == 1:\n                        value = value[\"value\"]\n                    status = value.get(\"error\", None)\n                    if not status:\n                        status = value.get(\"status\", ErrorCode.UNKNOWN_ERROR)\n                        message = value.get(\"value\") or value.get(\"message\")\n                        if not isinstance(message, str):\n                            value = message\n                            message = message.get(\"message\")\n                    else:\n                        message = value.get(\"message\", None)\n                except ValueError:\n                    pass\n    \n        exception_class: Type[WebDriverException]\n        e = ErrorCode()\n        error_codes = [item for item in dir(e) if not item.startswith(\"__\")]\n        for error_code in error_codes:\n            error_info = getattr(ErrorCode, error_code)\n            if isinstance(error_info, list) and status in error_info:\n                exception_class = getattr(ExceptionMapping, error_code, WebDriverException)\n                break\n        else:\n            exception_class = WebDriverException\n    \n        if not value:\n            value = response[\"value\"]\n        if isinstance(value, str):\n            raise exception_class(value)\n        if message == \"\" and \"message\" in value:\n            message = value[\"message\"]\n    \n        screen = None  # type: ignore[assignment]\n        if \"screen\" in value:\n            screen = value[\"screen\"]\n    \n        stacktrace = None\n        st_value = value.get(\"stackTrace\") or value.get(\"stacktrace\")\n        if st_value:\n            if isinstance(st_value, str):\n                stacktrace = st_value.split(\"\\n\")\n            else:\n                stacktrace = []\n                try:\n                    for frame in st_value:\n                        line = frame.get(\"lineNumber\", \"\")\n                        file = frame.get(\"fileName\", \"<anonymous>\")\n                        if line:\n                            file = f\"{file}:{line}\"\n                        meth = frame.get(\"methodName\", \"<anonymous>\")\n                        if \"className\" in frame:\n                            meth = f\"{frame['className']}.{meth}\"\n                        msg = \"    at %s (%s)\"\n                        msg = msg % (meth, file)\n                        stacktrace.append(msg)\n                except TypeError:\n                    pass\n        if exception_class == UnexpectedAlertPresentException:\n            alert_text = None\n            if \"data\" in value:\n                alert_text = value[\"data\"].get(\"text\")\n            elif \"alert\" in value:\n                alert_text = value[\"alert\"].get(\"text\")\n            raise exception_class(message, screen, stacktrace, alert_text)  # type: ignore[call-arg]  # mypy is not smart enough here\n>       raise exception_class(message, screen, stacktrace)\nE       selenium.common.exceptions.ElementClickInterceptedException: Message: element click intercepted: Element is not clickable at point (589, 636)\nE         (Session info: chrome-headless-shell=120.0.6099.216)\nE       Stacktrace:\nE       #0 0x563349ee0f83 <unknown>\nE       #1 0x563349b99cf7 <unknown>\nE       #2 0x563349bf1d92 <unknown>\nE       #3 0x563349bef7f4 <unknown>\nE       #4 0x563349bec894 <unknown>\nE       #5 0x563349beb4b9 <unknown>\nE       #6 0x563349bdd313 <unknown>\nE       #7 0x563349c130b2 <unknown>\nE       #8 0x563349bdcb49 <unknown>\nE       #9 0x563349c134ce <unknown>\nE       #10 0x563349c32006 <unknown>\nE       #11 0x563349c12e53 <unknown>\nE       #12 0x563349bdadd4 <unknown>\nE       #13 0x563349bdc1de <unknown>\nE       #14 0x563349ea5531 <unknown>\nE       #15 0x563349ea9455 <unknown>\nE       #16 0x563349e91f55 <unknown>\nE       #17 0x563349eaa0ef <unknown>\nE       #18 0x563349e7599f <unknown>\nE       #19 0x563349ece008 <unknown>\nE       #20 0x563349ece1d7 <unknown>\nE       #21 0x563349ee0124 <unknown>\nE       #22 0x7f5034494ac3 <unknown>\n\n../../../.cache/pypoetry/virtualenvs/uk-bin-collection-EwS6Gn8s-py3.11/lib/python3.11/site-packages/selenium/webdriver/remote/errorhandler.py:229: ElementClickInterceptedException","flaky":false,"newFailed":false,"newBroken":false,"newPassed":false,"retriesCount":0,"retriesStatusChange":false,"beforeStages":[],"testStage":{"status":"failed","statusMessage":"selenium.common.exceptions.ElementClickInterceptedException: Message: element click intercepted: Element is not clickable at point (589, 636)\n  (Session info: chrome-headless-shell=120.0.6099.216)\nStacktrace:\n#0 0x563349ee0f83 <unknown>\n#1 0x563349b99cf7 <unknown>\n#2 0x563349bf1d92 <unknown>\n#3 0x563349bef7f4 <unknown>\n#4 0x563349bec894 <unknown>\n#5 0x563349beb4b9 <unknown>\n#6 0x563349bdd313 <unknown>\n#7 0x563349c130b2 <unknown>\n#8 0x563349bdcb49 <unknown>\n#9 0x563349c134ce <unknown>\n#10 0x563349c32006 <unknown>\n#11 0x563349c12e53 <unknown>\n#12 0x563349bdadd4 <unknown>\n#13 0x563349bdc1de <unknown>\n#14 0x563349ea5531 <unknown>\n#15 0x563349ea9455 <unknown>\n#16 0x563349e91f55 <unknown>\n#17 0x563349eaa0ef <unknown>\n#18 0x563349e7599f <unknown>\n#19 0x563349ece008 <unknown>\n#20 0x563349ece1d7 <unknown>\n#21 0x563349ee0124 <unknown>\n#22 0x7f5034494ac3 <unknown>","statusTrace":"fixturefunc = <function scrape_step at 0x7fcf1f4a4ae0>\nrequest = <FixtureRequest for <Function test_scenario_outline[NeathPortTalbotCouncil-http://selenium:4444-local]>>\nkwargs = {'context': <test_validate_council.context.<locals>.Context object at 0x7fcf1eb5e250>, 'council': 'NeathPortTalbotCouncil', 'selenium_mode': 'local', 'selenium_url': 'http://selenium:4444'}\n\n    def call_fixture_func(\n        fixturefunc: \"_FixtureFunc[FixtureValue]\", request: FixtureRequest, kwargs\n    ) -> FixtureValue:\n        if is_generator(fixturefunc):\n            fixturefunc = cast(\n                Callable[..., Generator[FixtureValue, None, None]], fixturefunc\n            )\n            generator = fixturefunc(**kwargs)\n            try:\n                fixture_result = next(generator)\n            except StopIteration:\n                raise ValueError(f\"{request.fixturename} did not yield a value\") from None\n            finalizer = functools.partial(_teardown_yield_fixture, fixturefunc, generator)\n            request.addfinalizer(finalizer)\n        else:\n            fixturefunc = cast(Callable[..., FixtureValue], fixturefunc)\n>           fixture_result = fixturefunc(**kwargs)\n\n../../../.cache/pypoetry/virtualenvs/uk-bin-collection-EwS6Gn8s-py3.11/lib/python3.11/site-packages/_pytest/fixtures.py:902: \n_ _ _ _ _ _ _ _ _ _ _ _ _ _ _ _ _ _ _ _ _ _ _ _ _ _ _ _ _ _ _ _ _ _ _ _ _ _ _ _ \nuk_bin_collection/tests/step_defs/test_validate_council.py:92: in scrape_step\n    context.parse_result = CollectData.run()\nuk_bin_collection/uk_bin_collection/collect_data.py:96: in run\n    return self.client_code(\nuk_bin_collection/uk_bin_collection/collect_data.py:115: in client_code\n    return get_bin_data_class.template_method(address_url, **kwargs)\nuk_bin_collection/uk_bin_collection/get_bin_data.py:78: in template_method\n    bin_data_dict = self.parse_data(\nuk_bin_collection/uk_bin_collection/councils/NeathPortTalbotCouncil.py:39: in parse_data\n    cookieAccept.click()\n../../../.cache/pypoetry/virtualenvs/uk-bin-collection-EwS6Gn8s-py3.11/lib/python3.11/site-packages/selenium/webdriver/remote/webelement.py:93: in click\n    self._execute(Command.CLICK_ELEMENT)\n../../../.cache/pypoetry/virtualenvs/uk-bin-collection-EwS6Gn8s-py3.11/lib/python3.11/site-packages/selenium/webdriver/remote/webelement.py:394: in _execute\n    return self._parent.execute(command, params)\n../../../.cache/pypoetry/virtualenvs/uk-bin-collection-EwS6Gn8s-py3.11/lib/python3.11/site-packages/selenium/webdriver/remote/webdriver.py:344: in execute\n    self.error_handler.check_response(response)\n_ _ _ _ _ _ _ _ _ _ _ _ _ _ _ _ _ _ _ _ _ _ _ _ _ _ _ _ _ _ _ _ _ _ _ _ _ _ _ _ \n\nself = <selenium.webdriver.remote.errorhandler.ErrorHandler object at 0x7fcf1f1ac950>\nresponse = {'status': 400, 'value': '{\"value\":{\"error\":\"element click intercepted\",\"message\":\"element click intercepted: Element ...\\\\n#20 0x563349ece1d7 \\\\u003Cunknown>\\\\n#21 0x563349ee0124 \\\\u003Cunknown>\\\\n#22 0x7f5034494ac3 \\\\u003Cunknown>\\\\n\"}}'}\n\n    def check_response(self, response: Dict[str, Any]) -> None:\n        \"\"\"Checks that a JSON response from the WebDriver does not have an\n        error.\n    \n        :Args:\n         - response - The JSON response from the WebDriver server as a dictionary\n           object.\n    \n        :Raises: If the response contains an error message.\n        \"\"\"\n        status = response.get(\"status\", None)\n        if not status or status == ErrorCode.SUCCESS:\n            return\n        value = None\n        message = response.get(\"message\", \"\")\n        screen: str = response.get(\"screen\", \"\")\n        stacktrace = None\n        if isinstance(status, int):\n            value_json = response.get(\"value\", None)\n            if value_json and isinstance(value_json, str):\n                import json\n    \n                try:\n                    value = json.loads(value_json)\n                    if len(value) == 1:\n                        value = value[\"value\"]\n                    status = value.get(\"error\", None)\n                    if not status:\n                        status = value.get(\"status\", ErrorCode.UNKNOWN_ERROR)\n                        message = value.get(\"value\") or value.get(\"message\")\n                        if not isinstance(message, str):\n                            value = message\n                            message = message.get(\"message\")\n                    else:\n                        message = value.get(\"message\", None)\n                except ValueError:\n                    pass\n    \n        exception_class: Type[WebDriverException]\n        e = ErrorCode()\n        error_codes = [item for item in dir(e) if not item.startswith(\"__\")]\n        for error_code in error_codes:\n            error_info = getattr(ErrorCode, error_code)\n            if isinstance(error_info, list) and status in error_info:\n                exception_class = getattr(ExceptionMapping, error_code, WebDriverException)\n                break\n        else:\n            exception_class = WebDriverException\n    \n        if not value:\n            value = response[\"value\"]\n        if isinstance(value, str):\n            raise exception_class(value)\n        if message == \"\" and \"message\" in value:\n            message = value[\"message\"]\n    \n        screen = None  # type: ignore[assignment]\n        if \"screen\" in value:\n            screen = value[\"screen\"]\n    \n        stacktrace = None\n        st_value = value.get(\"stackTrace\") or value.get(\"stacktrace\")\n        if st_value:\n            if isinstance(st_value, str):\n                stacktrace = st_value.split(\"\\n\")\n            else:\n                stacktrace = []\n                try:\n                    for frame in st_value:\n                        line = frame.get(\"lineNumber\", \"\")\n                        file = frame.get(\"fileName\", \"<anonymous>\")\n                        if line:\n                            file = f\"{file}:{line}\"\n                        meth = frame.get(\"methodName\", \"<anonymous>\")\n                        if \"className\" in frame:\n                            meth = f\"{frame['className']}.{meth}\"\n                        msg = \"    at %s (%s)\"\n                        msg = msg % (meth, file)\n                        stacktrace.append(msg)\n                except TypeError:\n                    pass\n        if exception_class == UnexpectedAlertPresentException:\n            alert_text = None\n            if \"data\" in value:\n                alert_text = value[\"data\"].get(\"text\")\n            elif \"alert\" in value:\n                alert_text = value[\"alert\"].get(\"text\")\n            raise exception_class(message, screen, stacktrace, alert_text)  # type: ignore[call-arg]  # mypy is not smart enough here\n>       raise exception_class(message, screen, stacktrace)\nE       selenium.common.exceptions.ElementClickInterceptedException: Message: element click intercepted: Element is not clickable at point (589, 636)\nE         (Session info: chrome-headless-shell=120.0.6099.216)\nE       Stacktrace:\nE       #0 0x563349ee0f83 <unknown>\nE       #1 0x563349b99cf7 <unknown>\nE       #2 0x563349bf1d92 <unknown>\nE       #3 0x563349bef7f4 <unknown>\nE       #4 0x563349bec894 <unknown>\nE       #5 0x563349beb4b9 <unknown>\nE       #6 0x563349bdd313 <unknown>\nE       #7 0x563349c130b2 <unknown>\nE       #8 0x563349bdcb49 <unknown>\nE       #9 0x563349c134ce <unknown>\nE       #10 0x563349c32006 <unknown>\nE       #11 0x563349c12e53 <unknown>\nE       #12 0x563349bdadd4 <unknown>\nE       #13 0x563349bdc1de <unknown>\nE       #14 0x563349ea5531 <unknown>\nE       #15 0x563349ea9455 <unknown>\nE       #16 0x563349e91f55 <unknown>\nE       #17 0x563349eaa0ef <unknown>\nE       #18 0x563349e7599f <unknown>\nE       #19 0x563349ece008 <unknown>\nE       #20 0x563349ece1d7 <unknown>\nE       #21 0x563349ee0124 <unknown>\nE       #22 0x7f5034494ac3 <unknown>\n\n../../../.cache/pypoetry/virtualenvs/uk-bin-collection-EwS6Gn8s-py3.11/lib/python3.11/site-packages/selenium/webdriver/remote/errorhandler.py:229: ElementClickInterceptedException","steps":[{"name":"Given the council: NeathPortTalbotCouncil","time":{"start":1705969806494,"stop":1705969806494,"duration":0},"status":"passed","steps":[],"attachments":[],"parameters":[],"attachmentsCount":0,"hasContent":false,"attachmentStep":false,"shouldDisplayMessage":false,"stepsCount":0},{"name":"When we scrape the data from NeathPortTalbotCouncil using local and the http://selenium:4444 is set","time":{"start":1705969806494,"stop":1705969810539,"duration":4045},"status":"failed","statusMessage":"Message: element click intercepted: Element is not clickable at point (589, 636)\n  (Session info: chrome-headless-shell=120.0.6099.216)\nStacktrace:\n#0 0x563349ee0f83 <unknown>\n#1 0x563349b99cf7 <unknown>\n#2 0x563349bf1d92 <unknown>\n#3 0x563349bef7f4 <unknown>\n#4 0x563349bec894 <unknown>\n#5 0x563349beb4b9 <unknown>\n#6 0x563349bdd313 <unknown>\n#7 0x563349c130b2 <unknown>\n#8 0x563349bdcb49 <unknown>\n#9 0x563349c134ce <unknown>\n#10 0x563349c32006 <unknown>\n#11 0x563349c12e53 <unknown>\n#12 0x563349bdadd4 <unknown>\n#13 0x563349bdc1de <unknown>\n#14 0x563349ea5531 <unknown>\n#15 0x563349ea9455 <unknown>\n#16 0x563349e91f55 <unknown>\n#17 0x563349eaa0ef <unknown>\n#18 0x563349e7599f <unknown>\n#19 0x563349ece008 <unknown>\n#20 0x563349ece1d7 <unknown>\n#21 0x563349ee0124 <unknown>\n#22 0x7f5034494ac3 <unknown>\n","statusTrace":"selenium.common.exceptions.ElementClickInterceptedException: Message: element click intercepted: Element is not clickable at point (589, 636)\n  (Session info: chrome-headless-shell=120.0.6099.216)\nStacktrace:\n#0 0x563349ee0f83 <unknown>\n#1 0x563349b99cf7 <unknown>\n#2 0x563349bf1d92 <unknown>\n#3 0x563349bef7f4 <unknown>\n#4 0x563349bec894 <unknown>\n#5 0x563349beb4b9 <unknown>\n#6 0x563349bdd313 <unknown>\n#7 0x563349c130b2 <unknown>\n#8 0x563349bdcb49 <unknown>\n#9 0x563349c134ce <unknown>\n#10 0x563349c32006 <unknown>\n#11 0x563349c12e53 <unknown>\n#12 0x563349bdadd4 <unknown>\n#13 0x563349bdc1de <unknown>\n#14 0x563349ea5531 <unknown>\n#15 0x563349ea9455 <unknown>\n#16 0x563349e91f55 <unknown>\n#17 0x563349eaa0ef <unknown>\n#18 0x563349e7599f <unknown>\n#19 0x563349ece008 <unknown>\n#20 0x563349ece1d7 <unknown>\n#21 0x563349ee0124 <unknown>\n#22 0x7f5034494ac3 <unknown>\n\n","steps":[],"attachments":[],"parameters":[],"attachmentsCount":0,"hasContent":true,"attachmentStep":false,"shouldDisplayMessage":true,"stepsCount":0}],"attachments":[],"parameters":[],"attachmentsCount":0,"hasContent":true,"attachmentStep":false,"shouldDisplayMessage":true,"stepsCount":2},"afterStages":[],"labels":[{"name":"host","value":"fv-az975-244"},{"name":"thread","value":"2729-MainThread"},{"name":"framework","value":"pytest-bdd"},{"name":"language","value":"cpython3"},{"name":"feature","value":"Test each council output matches expected results"},{"name":"resultFormat","value":"allure2"}],"parameters":[{"name":"council","value":"NeathPortTalbotCouncil"},{"name":"selenium_mode","value":"local"},{"name":"selenium_url","value":"http://selenium:4444"}],"links":[],"hidden":false,"retry":false,"extra":{"severity":"normal","retries":[],"categories":[{"name":"Product defects","matchedStatuses":[],"flaky":false}],"history":{"statistic":{"failed":159,"broken":0,"skipped":0,"passed":14,"unknown":0,"total":173},"items":[{"uid":"1aab2011bfbda524","reportUrl":"https://robbrad.github.io/UKBinCollectionData/3.11/1520//#testresult/1aab2011bfbda524","status":"failed","statusDetails":"selenium.common.exceptions.ElementClickInterceptedException: Message: element click intercepted: Element is not clickable at point (589, 618)\n  (Session info: chrome-headless-shell=120.0.6099.216)\nStacktrace:\n#0 0x55d75a444f83 <unknown>\n#1 0x55d75a0fdcf7 <unknown>\n#2 0x55d75a155d92 <unknown>\n#3 0x55d75a1537f4 <unknown>\n#4 0x55d75a150894 <unknown>\n#5 0x55d75a14f4b9 <unknown>\n#6 0x55d75a141313 <unknown>\n#7 0x55d75a1770b2 <unknown>\n#8 0x55d75a140b49 <unknown>\n#9 0x55d75a1774ce <unknown>\n#10 0x55d75a196006 <unknown>\n#11 0x55d75a176e53 <unknown>\n#12 0x55d75a13edd4 <unknown>\n#13 0x55d75a1401de <unknown>\n#14 0x55d75a409531 <unknown>\n#15 0x55d75a40d455 <unknown>\n#16 0x55d75a3f5f55 <unknown>\n#17 0x55d75a40e0ef <unknown>\n#18 0x55d75a3d999f <unknown>\n#19 0x55d75a432008 <unknown>\n#20 0x55d75a4321d7 <unknown>\n#21 0x55d75a444124 <unknown>\n#22 0x7f6eba494ac3 <unknown>","time":{"start":1705883465488,"stop":1705883469988,"duration":4500}},{"uid":"59ef8f3316df7ad4","reportUrl":"https://robbrad.github.io/UKBinCollectionData/3.11/1519//#testresult/59ef8f3316df7ad4","status":"failed","statusDetails":"selenium.common.exceptions.NoSuchElementException: Message: no such element: Unable to locate element: {\"method\":\"css selector\",\"selector\":\"[id=\"ContentPlaceHolderDefault_ctl13_nptLLPG2_25_addresslookup_txtTmpPostcode\"]\"}\n  (Session info: chrome-headless-shell=120.0.6099.216); For documentation on this error, please visit: https://www.selenium.dev/documentation/webdriver/troubleshooting/errors#no-such-element-exception\nStacktrace:\n#0 0x561b0a9f2f83 <unknown>\n#1 0x561b0a6abcf7 <unknown>\n#2 0x561b0a6fb99e <unknown>\n#3 0x561b0a6fbaa1 <unknown>\n#4 0x561b0a746d64 <unknown>\n#5 0x561b0a7250dd <unknown>\n#6 0x561b0a744006 <unknown>\n#7 0x561b0a724e53 <unknown>\n#8 0x561b0a6ecdd4 <unknown>\n#9 0x561b0a6ee1de <unknown>\n#10 0x561b0a9b7531 <unknown>\n#11 0x561b0a9bb455 <unknown>\n#12 0x561b0a9a3f55 <unknown>\n#13 0x561b0a9bc0ef <unknown>\n#14 0x561b0a98799f <unknown>\n#15 0x561b0a9e0008 <unknown>\n#16 0x561b0a9e01d7 <unknown>\n#17 0x561b0a9f2124 <unknown>\n#18 0x7f94c5e94ac3 <unknown>","time":{"start":1705797093160,"stop":1705797099477,"duration":6317}},{"uid":"d46b0dbf2874138b","reportUrl":"https://robbrad.github.io/UKBinCollectionData/3.11/1515//#testresult/d46b0dbf2874138b","status":"failed","statusDetails":"selenium.common.exceptions.NoSuchElementException: Message: no such element: Unable to locate element: {\"method\":\"css selector\",\"selector\":\"[id=\"ContentPlaceHolderDefault_ctl13_nptLLPG2_25_addresslookup_txtTmpPostcode\"]\"}\n  (Session info: chrome-headless-shell=120.0.6099.216); For documentation on this error, please visit: https://www.selenium.dev/documentation/webdriver/troubleshooting/errors#no-such-element-exception\nStacktrace:\n#0 0x55afab00af83 <unknown>\n#1 0x55afaacc3cf7 <unknown>\n#2 0x55afaad1399e <unknown>\n#3 0x55afaad13aa1 <unknown>\n#4 0x55afaad5ed64 <unknown>\n#5 0x55afaad3d0dd <unknown>\n#6 0x55afaad5c006 <unknown>\n#7 0x55afaad3ce53 <unknown>\n#8 0x55afaad04dd4 <unknown>\n#9 0x55afaad061de <unknown>\n#10 0x55afaafcf531 <unknown>\n#11 0x55afaafd3455 <unknown>\n#12 0x55afaafbbf55 <unknown>\n#13 0x55afaafd40ef <unknown>\n#14 0x55afaaf9f99f <unknown>\n#15 0x55afaaff8008 <unknown>\n#16 0x55afaaff81d7 <unknown>\n#17 0x55afab00a124 <unknown>\n#18 0x7f07df294ac3 <unknown>","time":{"start":1705710510262,"stop":1705710514300,"duration":4038}},{"uid":"5ecfbeb4d2be9009","reportUrl":"https://robbrad.github.io/UKBinCollectionData/3.11/1511//#testresult/5ecfbeb4d2be9009","status":"failed","statusDetails":"selenium.common.exceptions.NoSuchElementException: Message: no such element: Unable to locate element: {\"method\":\"css selector\",\"selector\":\"[id=\"ContentPlaceHolderDefault_ctl13_nptLLPG2_25_addresslookup_txtTmpPostcode\"]\"}\n  (Session info: chrome-headless-shell=120.0.6099.216); For documentation on this error, please visit: https://www.selenium.dev/documentation/webdriver/troubleshooting/errors#no-such-element-exception\nStacktrace:\n#0 0x55a3b1092f83 <unknown>\n#1 0x55a3b0d4bcf7 <unknown>\n#2 0x55a3b0d9b99e <unknown>\n#3 0x55a3b0d9baa1 <unknown>\n#4 0x55a3b0de6d64 <unknown>\n#5 0x55a3b0dc50dd <unknown>\n#6 0x55a3b0de4006 <unknown>\n#7 0x55a3b0dc4e53 <unknown>\n#8 0x55a3b0d8cdd4 <unknown>\n#9 0x55a3b0d8e1de <unknown>\n#10 0x55a3b1057531 <unknown>\n#11 0x55a3b105b455 <unknown>\n#12 0x55a3b1043f55 <unknown>\n#13 0x55a3b105c0ef <unknown>\n#14 0x55a3b102799f <unknown>\n#15 0x55a3b1080008 <unknown>\n#16 0x55a3b10801d7 <unknown>\n#17 0x55a3b1092124 <unknown>\n#18 0x7fd7e0c94ac3 <unknown>","time":{"start":1705624208259,"stop":1705624211751,"duration":3492}},{"uid":"43724ec1012557b4","reportUrl":"https://robbrad.github.io/UKBinCollectionData/3.11/1505//#testresult/43724ec1012557b4","status":"failed","statusDetails":"selenium.common.exceptions.NoSuchElementException: Message: no such element: Unable to locate element: {\"method\":\"css selector\",\"selector\":\"[id=\"ContentPlaceHolderDefault_ctl13_nptLLPG2_25_addresslookup_txtTmpPostcode\"]\"}\n  (Session info: chrome-headless-shell=120.0.6099.216); For documentation on this error, please visit: https://www.selenium.dev/documentation/webdriver/troubleshooting/errors#no-such-element-exception\nStacktrace:\n#0 0x55fcdda29f83 <unknown>\n#1 0x55fcdd6e2cf7 <unknown>\n#2 0x55fcdd73299e <unknown>\n#3 0x55fcdd732aa1 <unknown>\n#4 0x55fcdd77dd64 <unknown>\n#5 0x55fcdd75c0dd <unknown>\n#6 0x55fcdd77b006 <unknown>\n#7 0x55fcdd75be53 <unknown>\n#8 0x55fcdd723dd4 <unknown>\n#9 0x55fcdd7251de <unknown>\n#10 0x55fcdd9ee531 <unknown>\n#11 0x55fcdd9f2455 <unknown>\n#12 0x55fcdd9daf55 <unknown>\n#13 0x55fcdd9f30ef <unknown>\n#14 0x55fcdd9be99f <unknown>\n#15 0x55fcdda17008 <unknown>\n#16 0x55fcdda171d7 <unknown>\n#17 0x55fcdda29124 <unknown>\n#18 0x7f67e4494ac3 <unknown>","time":{"start":1705537720204,"stop":1705537723005,"duration":2801}},{"uid":"eae5cbc181acbdea","reportUrl":"https://robbrad.github.io/UKBinCollectionData/3.11/1500//#testresult/eae5cbc181acbdea","status":"failed","statusDetails":"selenium.common.exceptions.NoSuchElementException: Message: no such element: Unable to locate element: {\"method\":\"css selector\",\"selector\":\"[id=\"ContentPlaceHolderDefault_ctl13_nptLLPG2_25_addresslookup_txtTmpPostcode\"]\"}\n  (Session info: chrome-headless-shell=120.0.6099.199); For documentation on this error, please visit: https://www.selenium.dev/documentation/webdriver/troubleshooting/errors#no-such-element-exception\nStacktrace:\n#0 0x55802cc84f83 <unknown>\n#1 0x55802c93dcf7 <unknown>\n#2 0x55802c98d99e <unknown>\n#3 0x55802c98daa1 <unknown>\n#4 0x55802c9d8d64 <unknown>\n#5 0x55802c9b70dd <unknown>\n#6 0x55802c9d6006 <unknown>\n#7 0x55802c9b6e53 <unknown>\n#8 0x55802c97edd4 <unknown>\n#9 0x55802c9801de <unknown>\n#10 0x55802cc49531 <unknown>\n#11 0x55802cc4d455 <unknown>\n#12 0x55802cc35f55 <unknown>\n#13 0x55802cc4e0ef <unknown>\n#14 0x55802cc1999f <unknown>\n#15 0x55802cc72008 <unknown>\n#16 0x55802cc721d7 <unknown>\n#17 0x55802cc84124 <unknown>\n#18 0x7f43a7a94ac3 <unknown>","time":{"start":1705451345165,"stop":1705451348967,"duration":3802}},{"uid":"165a4a645b53c9de","reportUrl":"https://robbrad.github.io/UKBinCollectionData/3.11/1499//#testresult/165a4a645b53c9de","status":"failed","statusDetails":"selenium.common.exceptions.NoSuchElementException: Message: no such element: Unable to locate element: {\"method\":\"css selector\",\"selector\":\"[id=\"ContentPlaceHolderDefault_ctl13_nptLLPG2_25_addresslookup_txtTmpPostcode\"]\"}\n  (Session info: chrome-headless-shell=120.0.6099.199); For documentation on this error, please visit: https://www.selenium.dev/documentation/webdriver/troubleshooting/errors#no-such-element-exception\nStacktrace:\n#0 0x55f2a2d27f83 <unknown>\n#1 0x55f2a29e0cf7 <unknown>\n#2 0x55f2a2a3099e <unknown>\n#3 0x55f2a2a30aa1 <unknown>\n#4 0x55f2a2a7bd64 <unknown>\n#5 0x55f2a2a5a0dd <unknown>\n#6 0x55f2a2a79006 <unknown>\n#7 0x55f2a2a59e53 <unknown>\n#8 0x55f2a2a21dd4 <unknown>\n#9 0x55f2a2a231de <unknown>\n#10 0x55f2a2cec531 <unknown>\n#11 0x55f2a2cf0455 <unknown>\n#12 0x55f2a2cd8f55 <unknown>\n#13 0x55f2a2cf10ef <unknown>\n#14 0x55f2a2cbc99f <unknown>\n#15 0x55f2a2d15008 <unknown>\n#16 0x55f2a2d151d7 <unknown>\n#17 0x55f2a2d27124 <unknown>\n#18 0x7f1b74294ac3 <unknown>","time":{"start":1705365010577,"stop":1705365013472,"duration":2895}},{"uid":"e7cc398e3689221b","reportUrl":"https://robbrad.github.io/UKBinCollectionData/3.11/1497//#testresult/e7cc398e3689221b","status":"failed","statusDetails":"selenium.common.exceptions.NoSuchElementException: Message: no such element: Unable to locate element: {\"method\":\"css selector\",\"selector\":\"[id=\"ContentPlaceHolderDefault_ctl13_nptLLPG2_25_addresslookup_txtTmpPostcode\"]\"}\n  (Session info: chrome-headless-shell=120.0.6099.199); For documentation on this error, please visit: https://www.selenium.dev/documentation/webdriver/troubleshooting/errors#no-such-element-exception\nStacktrace:\n#0 0x555fcdfdef83 <unknown>\n#1 0x555fcdc97cf7 <unknown>\n#2 0x555fcdce799e <unknown>\n#3 0x555fcdce7aa1 <unknown>\n#4 0x555fcdd32d64 <unknown>\n#5 0x555fcdd110dd <unknown>\n#6 0x555fcdd30006 <unknown>\n#7 0x555fcdd10e53 <unknown>\n#8 0x555fcdcd8dd4 <unknown>\n#9 0x555fcdcda1de <unknown>\n#10 0x555fcdfa3531 <unknown>\n#11 0x555fcdfa7455 <unknown>\n#12 0x555fcdf8ff55 <unknown>\n#13 0x555fcdfa80ef <unknown>\n#14 0x555fcdf7399f <unknown>\n#15 0x555fcdfcc008 <unknown>\n#16 0x555fcdfcc1d7 <unknown>\n#17 0x555fcdfde124 <unknown>\n#18 0x7f581ba94ac3 <unknown>","time":{"start":1705318508860,"stop":1705318512015,"duration":3155}},{"uid":"2ac96c2333f441a9","reportUrl":"https://robbrad.github.io/UKBinCollectionData/3.11/1492//#testresult/2ac96c2333f441a9","status":"failed","statusDetails":"selenium.common.exceptions.NoSuchElementException: Message: no such element: Unable to locate element: {\"method\":\"css selector\",\"selector\":\"[id=\"ContentPlaceHolderDefault_ctl13_nptLLPG2_25_addresslookup_txtTmpPostcode\"]\"}\n  (Session info: chrome-headless-shell=120.0.6099.199); For documentation on this error, please visit: https://www.selenium.dev/documentation/webdriver/troubleshooting/errors#no-such-element-exception\nStacktrace:\n#0 0x559d8288cf83 <unknown>\n#1 0x559d82545cf7 <unknown>\n#2 0x559d8259599e <unknown>\n#3 0x559d82595aa1 <unknown>\n#4 0x559d825e0d64 <unknown>\n#5 0x559d825bf0dd <unknown>\n#6 0x559d825de006 <unknown>\n#7 0x559d825bee53 <unknown>\n#8 0x559d82586dd4 <unknown>\n#9 0x559d825881de <unknown>\n#10 0x559d82851531 <unknown>\n#11 0x559d82855455 <unknown>\n#12 0x559d8283df55 <unknown>\n#13 0x559d828560ef <unknown>\n#14 0x559d8282199f <unknown>\n#15 0x559d8287a008 <unknown>\n#16 0x559d8287a1d7 <unknown>\n#17 0x559d8288c124 <unknown>\n#18 0x7f20a6c94ac3 <unknown>","time":{"start":1705295682265,"stop":1705295687262,"duration":4997}},{"uid":"29887e4036fc2661","reportUrl":"https://robbrad.github.io/UKBinCollectionData/3.11/1491//#testresult/29887e4036fc2661","status":"failed","statusDetails":"TypeError: create_webdriver() missing 1 required positional argument: 'user_agent'","time":{"start":1705295143427,"stop":1705295143508,"duration":81}},{"uid":"7574c2f8b55f68d2","reportUrl":"https://robbrad.github.io/UKBinCollectionData/3.11/1490//#testresult/7574c2f8b55f68d2","status":"failed","statusDetails":"TypeError: create_webdriver() missing 1 required positional argument: 'user_agent'","time":{"start":1705278537711,"stop":1705278537921,"duration":210}},{"uid":"f50d486611072cf8","reportUrl":"https://robbrad.github.io/UKBinCollectionData/3.11/1485//#testresult/f50d486611072cf8","status":"failed","statusDetails":"TypeError: create_webdriver() missing 1 required positional argument: 'user_agent'","time":{"start":1705192217234,"stop":1705192217412,"duration":178}},{"uid":"f03089aae6b0c62d","reportUrl":"https://robbrad.github.io/UKBinCollectionData/3.11/1484//#testresult/f03089aae6b0c62d","status":"failed","statusDetails":"TypeError: create_webdriver() missing 1 required positional argument: 'user_agent'","time":{"start":1705105681905,"stop":1705105682119,"duration":214}},{"uid":"50c9f11ae43e1e66","reportUrl":"https://robbrad.github.io/UKBinCollectionData/3.11/1482//#testresult/50c9f11ae43e1e66","status":"failed","statusDetails":"TypeError: create_webdriver() missing 1 required positional argument: 'user_agent'","time":{"start":1705019257975,"stop":1705019258201,"duration":226}},{"uid":"b949f1bc22d02fd2","reportUrl":"https://robbrad.github.io/UKBinCollectionData/3.11/1478//#testresult/b949f1bc22d02fd2","status":"failed","statusDetails":"TypeError: create_webdriver() missing 1 required positional argument: 'user_agent'","time":{"start":1704932836540,"stop":1704932836695,"duration":155}},{"uid":"b51380955eeffc1f","reportUrl":"https://robbrad.github.io/UKBinCollectionData/3.11/1472//#testresult/b51380955eeffc1f","status":"failed","statusDetails":"TypeError: create_webdriver() missing 1 required positional argument: 'user_agent'","time":{"start":1704846447925,"stop":1704846448122,"duration":197}},{"uid":"67652aa771097a6e","reportUrl":"https://robbrad.github.io/UKBinCollectionData/3.11/1456//#testresult/67652aa771097a6e","status":"failed","statusDetails":"selenium.common.exceptions.ElementClickInterceptedException: Message: element click intercepted: Element is not clickable at point (589, 618)\n  (Session info: chrome-headless-shell=120.0.6099.109)\nStacktrace:\n#0 0x564ee621ff83 <unknown>\n#1 0x564ee5ed8cf7 <unknown>\n#2 0x564ee5f30d92 <unknown>\n#3 0x564ee5f2e7f4 <unknown>\n#4 0x564ee5f2b894 <unknown>\n#5 0x564ee5f2a4b9 <unknown>\n#6 0x564ee5f1c313 <unknown>\n#7 0x564ee5f520b2 <unknown>\n#8 0x564ee5f1bb49 <unknown>\n#9 0x564ee5f524ce <unknown>\n#10 0x564ee5f71006 <unknown>\n#11 0x564ee5f51e53 <unknown>\n#12 0x564ee5f19dd4 <unknown>\n#13 0x564ee5f1b1de <unknown>\n#14 0x564ee61e4531 <unknown>\n#15 0x564ee61e8455 <unknown>\n#16 0x564ee61d0f55 <unknown>\n#17 0x564ee61e90ef <unknown>\n#18 0x564ee61b499f <unknown>\n#19 0x564ee620d008 <unknown>\n#20 0x564ee620d1d7 <unknown>\n#21 0x564ee621f124 <unknown>\n#22 0x7f74fc094ac3 <unknown>","time":{"start":1704760196722,"stop":1704760200903,"duration":4181}},{"uid":"22ceec82dc8f654f","reportUrl":"https://robbrad.github.io/UKBinCollectionData/3.11/1452//#testresult/22ceec82dc8f654f","status":"failed","statusDetails":"selenium.common.exceptions.NoSuchElementException: Message: no such element: Unable to locate element: {\"method\":\"css selector\",\"selector\":\"[id=\"ContentPlaceHolderDefault_ctl13_nptLLPG2_25_addresslookup_txtTmpPostcode\"]\"}\n  (Session info: chrome-headless-shell=120.0.6099.109); For documentation on this error, please visit: https://www.selenium.dev/documentation/webdriver/troubleshooting/errors#no-such-element-exception\nStacktrace:\n#0 0x560a503edf83 <unknown>\n#1 0x560a500a6cf7 <unknown>\n#2 0x560a500f699e <unknown>\n#3 0x560a500f6aa1 <unknown>\n#4 0x560a50141d64 <unknown>\n#5 0x560a501200dd <unknown>\n#6 0x560a5013f006 <unknown>\n#7 0x560a5011fe53 <unknown>\n#8 0x560a500e7dd4 <unknown>\n#9 0x560a500e91de <unknown>\n#10 0x560a503b2531 <unknown>\n#11 0x560a503b6455 <unknown>\n#12 0x560a5039ef55 <unknown>\n#13 0x560a503b70ef <unknown>\n#14 0x560a5038299f <unknown>\n#15 0x560a503db008 <unknown>\n#16 0x560a503db1d7 <unknown>\n#17 0x560a503ed124 <unknown>\n#18 0x7f0dd4e94ac3 <unknown>","time":{"start":1704711542047,"stop":1704711544953,"duration":2906}},{"uid":"a1f3c57b3ee865f0","reportUrl":"https://robbrad.github.io/UKBinCollectionData/3.11/1450//#testresult/a1f3c57b3ee865f0","status":"failed","statusDetails":"selenium.common.exceptions.ElementClickInterceptedException: Message: element click intercepted: Element is not clickable at point (589, 618)\n  (Session info: chrome-headless-shell=120.0.6099.109)\nStacktrace:\n#0 0x56324127ff83 <unknown>\n#1 0x563240f38cf7 <unknown>\n#2 0x563240f90d92 <unknown>\n#3 0x563240f8e7f4 <unknown>\n#4 0x563240f8b894 <unknown>\n#5 0x563240f8a4b9 <unknown>\n#6 0x563240f7c313 <unknown>\n#7 0x563240fb20b2 <unknown>\n#8 0x563240f7bb49 <unknown>\n#9 0x563240fb24ce <unknown>\n#10 0x563240fd1006 <unknown>\n#11 0x563240fb1e53 <unknown>\n#12 0x563240f79dd4 <unknown>\n#13 0x563240f7b1de <unknown>\n#14 0x563241244531 <unknown>\n#15 0x563241248455 <unknown>\n#16 0x563241230f55 <unknown>\n#17 0x5632412490ef <unknown>\n#18 0x56324121499f <unknown>\n#19 0x56324126d008 <unknown>\n#20 0x56324126d1d7 <unknown>\n#21 0x56324127f124 <unknown>\n#22 0x7f9550894ac3 <unknown>","time":{"start":1704710782482,"stop":1704710786642,"duration":4160}},{"uid":"1626c3b0d08a8224","reportUrl":"https://robbrad.github.io/UKBinCollectionData/3.11/1448//#testresult/1626c3b0d08a8224","status":"failed","statusDetails":"selenium.common.exceptions.NoSuchElementException: Message: no such element: Unable to locate element: {\"method\":\"css selector\",\"selector\":\"[id=\"ContentPlaceHolderDefault_ctl13_nptLLPG2_25_addresslookup_txtTmpPostcode\"]\"}\n  (Session info: chrome-headless-shell=120.0.6099.109); For documentation on this error, please visit: https://www.selenium.dev/documentation/webdriver/troubleshooting/errors#no-such-element-exception\nStacktrace:\n#0 0x56048333ef83 <unknown>\n#1 0x560482ff7cf7 <unknown>\n#2 0x56048304799e <unknown>\n#3 0x560483047aa1 <unknown>\n#4 0x560483092d64 <unknown>\n#5 0x5604830710dd <unknown>\n#6 0x560483090006 <unknown>\n#7 0x560483070e53 <unknown>\n#8 0x560483038dd4 <unknown>\n#9 0x56048303a1de <unknown>\n#10 0x560483303531 <unknown>\n#11 0x560483307455 <unknown>\n#12 0x5604832eff55 <unknown>\n#13 0x5604833080ef <unknown>\n#14 0x5604832d399f <unknown>\n#15 0x56048332c008 <unknown>\n#16 0x56048332c1d7 <unknown>\n#17 0x56048333e124 <unknown>\n#18 0x7f9e2ec94ac3 <unknown>","time":{"start":1704710189827,"stop":1704710194189,"duration":4362}}]},"tags":[]},"source":"d50eb58d7bede2e7.json","parameterValues":["NeathPortTalbotCouncil","local","http://selenium:4444"]}