{"uid":"20c3a8b9eeb68de3","name":"Validate Council Output [BuckinghamshireCouncil]","fullName":"features/validate_council_outputs.feature:Validate Council Output","historyId":"d3931a358fdfe26e1ace17c1805a29ca","time":{"start":1726704170335,"stop":1726704292241,"duration":121906},"status":"failed","statusMessage":"selenium.common.exceptions.NoSuchElementException: Message: no such element: Unable to locate element: {\"method\":\"css selector\",\"selector\":\"[id=\"COPYOFECHOCOLLECTIONDATES_ADDRESSSELECTION_ADDRESSSELECTIONPOSTCODE\"]\"}\n  (Session info: chrome=128.0.6613.119); For documentation on this error, please visit: https://www.selenium.dev/documentation/webdriver/troubleshooting/errors#no-such-element-exception\nStacktrace:\n#0 0x563d976cc86a <unknown>\n#1 0x563d9739ae50 <unknown>\n#2 0x563d973ea644 <unknown>\n#3 0x563d973ea931 <unknown>\n#4 0x563d97430534 <unknown>\n#5 0x563d9740f4bd <unknown>\n#6 0x563d9742d9c6 <unknown>\n#7 0x563d9740f233 <unknown>\n#8 0x563d973dd093 <unknown>\n#9 0x563d973de09e <unknown>\n#10 0x563d97693acb <unknown>\n#11 0x563d97697a81 <unknown>\n#12 0x563d9767f695 <unknown>\n#13 0x563d976985f2 <unknown>\n#14 0x563d9766486f <unknown>\n#15 0x563d976bb668 <unknown>\n#16 0x563d976bb832 <unknown>\n#17 0x563d976cb65c <unknown>\n#18 0x7fca7bc30a94 <unknown>\n#19 0x7fca7bcbda34 __clone","statusTrace":"fixturefunc = <function scrape_step at 0x7ff58ecc82c0>\nrequest = <FixtureRequest for <Function test_scenario_outline[BuckinghamshireCouncil]>>\nkwargs = {'context': <test_validate_council.Context object at 0x7ff5a1b8e600>, 'headless_mode': 'True', 'local_browser': 'False', 'selenium_url': 'http://localhost:4444'}\n\n    def call_fixture_func(\n        fixturefunc: _FixtureFunc[FixtureValue], request: FixtureRequest, kwargs\n    ) -> FixtureValue:\n        if is_generator(fixturefunc):\n            fixturefunc = cast(\n                Callable[..., Generator[FixtureValue, None, None]], fixturefunc\n            )\n            generator = fixturefunc(**kwargs)\n            try:\n                fixture_result = next(generator)\n            except StopIteration:\n                raise ValueError(f\"{request.fixturename} did not yield a value\") from None\n            finalizer = functools.partial(_teardown_yield_fixture, fixturefunc, generator)\n            request.addfinalizer(finalizer)\n        else:\n            fixturefunc = cast(Callable[..., FixtureValue], fixturefunc)\n>           fixture_result = fixturefunc(**kwargs)\n\n../../../.cache/pypoetry/virtualenvs/uk-bin-collection-EwS6Gn8s-py3.12/lib/python3.12/site-packages/_pytest/fixtures.py:898: \n_ _ _ _ _ _ _ _ _ _ _ _ _ _ _ _ _ _ _ _ _ _ _ _ _ _ _ _ _ _ _ _ _ _ _ _ _ _ _ _ \nuk_bin_collection/tests/step_defs/test_validate_council.py:100: in scrape_step\n    context.parse_result = CollectData.run()\nuk_bin_collection/uk_bin_collection/collect_data.py:101: in run\n    return self.client_code(\nuk_bin_collection/uk_bin_collection/collect_data.py:121: in client_code\n    return get_bin_data_class.template_method(address_url, **kwargs)\nuk_bin_collection/uk_bin_collection/get_bin_data.py:61: in template_method\n    bin_data_dict = self.get_and_parse_data(this_url, **kwargs)\nuk_bin_collection/uk_bin_collection/get_bin_data.py:84: in get_and_parse_data\n    bin_data_dict = self.parse_data(\"\", url=address_url, **kwargs)\nuk_bin_collection/uk_bin_collection/councils/BuckinghamshireCouncil.py:50: in parse_data\n    inputElement_pc = driver.find_element(\n../../../.cache/pypoetry/virtualenvs/uk-bin-collection-EwS6Gn8s-py3.12/lib/python3.12/site-packages/selenium/webdriver/remote/webdriver.py:748: in find_element\n    return self.execute(Command.FIND_ELEMENT, {\"using\": by, \"value\": value})[\"value\"]\n../../../.cache/pypoetry/virtualenvs/uk-bin-collection-EwS6Gn8s-py3.12/lib/python3.12/site-packages/selenium/webdriver/remote/webdriver.py:354: in execute\n    self.error_handler.check_response(response)\n_ _ _ _ _ _ _ _ _ _ _ _ _ _ _ _ _ _ _ _ _ _ _ _ _ _ _ _ _ _ _ _ _ _ _ _ _ _ _ _ \n\nself = <selenium.webdriver.remote.errorhandler.ErrorHandler object at 0x7ff58eb5a840>\nresponse = {'status': 404, 'value': '{\"value\":{\"error\":\"no such element\",\"message\":\"no such element: Unable to locate element: {\\...unknown>\\\\n#17 0x563d976cb65c \\\\u003Cunknown>\\\\n#18 0x7fca7bc30a94 \\\\u003Cunknown>\\\\n#19 0x7fca7bcbda34 __clone\\\\n\"}}'}\n\n    def check_response(self, response: Dict[str, Any]) -> None:\n        \"\"\"Checks that a JSON response from the WebDriver does not have an\n        error.\n    \n        :Args:\n         - response - The JSON response from the WebDriver server as a dictionary\n           object.\n    \n        :Raises: If the response contains an error message.\n        \"\"\"\n        status = response.get(\"status\", None)\n        if not status or status == ErrorCode.SUCCESS:\n            return\n        value = None\n        message = response.get(\"message\", \"\")\n        screen: str = response.get(\"screen\", \"\")\n        stacktrace = None\n        if isinstance(status, int):\n            value_json = response.get(\"value\", None)\n            if value_json and isinstance(value_json, str):\n                import json\n    \n                try:\n                    value = json.loads(value_json)\n                    if len(value) == 1:\n                        value = value[\"value\"]\n                    status = value.get(\"error\", None)\n                    if not status:\n                        status = value.get(\"status\", ErrorCode.UNKNOWN_ERROR)\n                        message = value.get(\"value\") or value.get(\"message\")\n                        if not isinstance(message, str):\n                            value = message\n                            message = message.get(\"message\")\n                    else:\n                        message = value.get(\"message\", None)\n                except ValueError:\n                    pass\n    \n        exception_class: Type[WebDriverException]\n        e = ErrorCode()\n        error_codes = [item for item in dir(e) if not item.startswith(\"__\")]\n        for error_code in error_codes:\n            error_info = getattr(ErrorCode, error_code)\n            if isinstance(error_info, list) and status in error_info:\n                exception_class = getattr(ExceptionMapping, error_code, WebDriverException)\n                break\n        else:\n            exception_class = WebDriverException\n    \n        if not value:\n            value = response[\"value\"]\n        if isinstance(value, str):\n            raise exception_class(value)\n        if message == \"\" and \"message\" in value:\n            message = value[\"message\"]\n    \n        screen = None  # type: ignore[assignment]\n        if \"screen\" in value:\n            screen = value[\"screen\"]\n    \n        stacktrace = None\n        st_value = value.get(\"stackTrace\") or value.get(\"stacktrace\")\n        if st_value:\n            if isinstance(st_value, str):\n                stacktrace = st_value.split(\"\\n\")\n            else:\n                stacktrace = []\n                try:\n                    for frame in st_value:\n                        line = frame.get(\"lineNumber\", \"\")\n                        file = frame.get(\"fileName\", \"<anonymous>\")\n                        if line:\n                            file = f\"{file}:{line}\"\n                        meth = frame.get(\"methodName\", \"<anonymous>\")\n                        if \"className\" in frame:\n                            meth = f\"{frame['className']}.{meth}\"\n                        msg = \"    at %s (%s)\"\n                        msg = msg % (meth, file)\n                        stacktrace.append(msg)\n                except TypeError:\n                    pass\n        if exception_class == UnexpectedAlertPresentException:\n            alert_text = None\n            if \"data\" in value:\n                alert_text = value[\"data\"].get(\"text\")\n            elif \"alert\" in value:\n                alert_text = value[\"alert\"].get(\"text\")\n            raise exception_class(message, screen, stacktrace, alert_text)  # type: ignore[call-arg]  # mypy is not smart enough here\n>       raise exception_class(message, screen, stacktrace)\nE       selenium.common.exceptions.NoSuchElementException: Message: no such element: Unable to locate element: {\"method\":\"css selector\",\"selector\":\"[id=\"COPYOFECHOCOLLECTIONDATES_ADDRESSSELECTION_ADDRESSSELECTIONPOSTCODE\"]\"}\nE         (Session info: chrome=128.0.6613.119); For documentation on this error, please visit: https://www.selenium.dev/documentation/webdriver/troubleshooting/errors#no-such-element-exception\nE       Stacktrace:\nE       #0 0x563d976cc86a <unknown>\nE       #1 0x563d9739ae50 <unknown>\nE       #2 0x563d973ea644 <unknown>\nE       #3 0x563d973ea931 <unknown>\nE       #4 0x563d97430534 <unknown>\nE       #5 0x563d9740f4bd <unknown>\nE       #6 0x563d9742d9c6 <unknown>\nE       #7 0x563d9740f233 <unknown>\nE       #8 0x563d973dd093 <unknown>\nE       #9 0x563d973de09e <unknown>\nE       #10 0x563d97693acb <unknown>\nE       #11 0x563d97697a81 <unknown>\nE       #12 0x563d9767f695 <unknown>\nE       #13 0x563d976985f2 <unknown>\nE       #14 0x563d9766486f <unknown>\nE       #15 0x563d976bb668 <unknown>\nE       #16 0x563d976bb832 <unknown>\nE       #17 0x563d976cb65c <unknown>\nE       #18 0x7fca7bc30a94 <unknown>\nE       #19 0x7fca7bcbda34 __clone\n\n../../../.cache/pypoetry/virtualenvs/uk-bin-collection-EwS6Gn8s-py3.12/lib/python3.12/site-packages/selenium/webdriver/remote/errorhandler.py:229: NoSuchElementException","flaky":false,"newFailed":false,"newBroken":false,"newPassed":false,"retriesCount":0,"retriesStatusChange":false,"beforeStages":[],"testStage":{"status":"failed","statusMessage":"selenium.common.exceptions.NoSuchElementException: Message: no such element: Unable to locate element: {\"method\":\"css selector\",\"selector\":\"[id=\"COPYOFECHOCOLLECTIONDATES_ADDRESSSELECTION_ADDRESSSELECTIONPOSTCODE\"]\"}\n  (Session info: chrome=128.0.6613.119); For documentation on this error, please visit: https://www.selenium.dev/documentation/webdriver/troubleshooting/errors#no-such-element-exception\nStacktrace:\n#0 0x563d976cc86a <unknown>\n#1 0x563d9739ae50 <unknown>\n#2 0x563d973ea644 <unknown>\n#3 0x563d973ea931 <unknown>\n#4 0x563d97430534 <unknown>\n#5 0x563d9740f4bd <unknown>\n#6 0x563d9742d9c6 <unknown>\n#7 0x563d9740f233 <unknown>\n#8 0x563d973dd093 <unknown>\n#9 0x563d973de09e <unknown>\n#10 0x563d97693acb <unknown>\n#11 0x563d97697a81 <unknown>\n#12 0x563d9767f695 <unknown>\n#13 0x563d976985f2 <unknown>\n#14 0x563d9766486f <unknown>\n#15 0x563d976bb668 <unknown>\n#16 0x563d976bb832 <unknown>\n#17 0x563d976cb65c <unknown>\n#18 0x7fca7bc30a94 <unknown>\n#19 0x7fca7bcbda34 __clone","statusTrace":"fixturefunc = <function scrape_step at 0x7ff58ecc82c0>\nrequest = <FixtureRequest for <Function test_scenario_outline[BuckinghamshireCouncil]>>\nkwargs = {'context': <test_validate_council.Context object at 0x7ff5a1b8e600>, 'headless_mode': 'True', 'local_browser': 'False', 'selenium_url': 'http://localhost:4444'}\n\n    def call_fixture_func(\n        fixturefunc: _FixtureFunc[FixtureValue], request: FixtureRequest, kwargs\n    ) -> FixtureValue:\n        if is_generator(fixturefunc):\n            fixturefunc = cast(\n                Callable[..., Generator[FixtureValue, None, None]], fixturefunc\n            )\n            generator = fixturefunc(**kwargs)\n            try:\n                fixture_result = next(generator)\n            except StopIteration:\n                raise ValueError(f\"{request.fixturename} did not yield a value\") from None\n            finalizer = functools.partial(_teardown_yield_fixture, fixturefunc, generator)\n            request.addfinalizer(finalizer)\n        else:\n            fixturefunc = cast(Callable[..., FixtureValue], fixturefunc)\n>           fixture_result = fixturefunc(**kwargs)\n\n../../../.cache/pypoetry/virtualenvs/uk-bin-collection-EwS6Gn8s-py3.12/lib/python3.12/site-packages/_pytest/fixtures.py:898: \n_ _ _ _ _ _ _ _ _ _ _ _ _ _ _ _ _ _ _ _ _ _ _ _ _ _ _ _ _ _ _ _ _ _ _ _ _ _ _ _ \nuk_bin_collection/tests/step_defs/test_validate_council.py:100: in scrape_step\n    context.parse_result = CollectData.run()\nuk_bin_collection/uk_bin_collection/collect_data.py:101: in run\n    return self.client_code(\nuk_bin_collection/uk_bin_collection/collect_data.py:121: in client_code\n    return get_bin_data_class.template_method(address_url, **kwargs)\nuk_bin_collection/uk_bin_collection/get_bin_data.py:61: in template_method\n    bin_data_dict = self.get_and_parse_data(this_url, **kwargs)\nuk_bin_collection/uk_bin_collection/get_bin_data.py:84: in get_and_parse_data\n    bin_data_dict = self.parse_data(\"\", url=address_url, **kwargs)\nuk_bin_collection/uk_bin_collection/councils/BuckinghamshireCouncil.py:50: in parse_data\n    inputElement_pc = driver.find_element(\n../../../.cache/pypoetry/virtualenvs/uk-bin-collection-EwS6Gn8s-py3.12/lib/python3.12/site-packages/selenium/webdriver/remote/webdriver.py:748: in find_element\n    return self.execute(Command.FIND_ELEMENT, {\"using\": by, \"value\": value})[\"value\"]\n../../../.cache/pypoetry/virtualenvs/uk-bin-collection-EwS6Gn8s-py3.12/lib/python3.12/site-packages/selenium/webdriver/remote/webdriver.py:354: in execute\n    self.error_handler.check_response(response)\n_ _ _ _ _ _ _ _ _ _ _ _ _ _ _ _ _ _ _ _ _ _ _ _ _ _ _ _ _ _ _ _ _ _ _ _ _ _ _ _ \n\nself = <selenium.webdriver.remote.errorhandler.ErrorHandler object at 0x7ff58eb5a840>\nresponse = {'status': 404, 'value': '{\"value\":{\"error\":\"no such element\",\"message\":\"no such element: Unable to locate element: {\\...unknown>\\\\n#17 0x563d976cb65c \\\\u003Cunknown>\\\\n#18 0x7fca7bc30a94 \\\\u003Cunknown>\\\\n#19 0x7fca7bcbda34 __clone\\\\n\"}}'}\n\n    def check_response(self, response: Dict[str, Any]) -> None:\n        \"\"\"Checks that a JSON response from the WebDriver does not have an\n        error.\n    \n        :Args:\n         - response - The JSON response from the WebDriver server as a dictionary\n           object.\n    \n        :Raises: If the response contains an error message.\n        \"\"\"\n        status = response.get(\"status\", None)\n        if not status or status == ErrorCode.SUCCESS:\n            return\n        value = None\n        message = response.get(\"message\", \"\")\n        screen: str = response.get(\"screen\", \"\")\n        stacktrace = None\n        if isinstance(status, int):\n            value_json = response.get(\"value\", None)\n            if value_json and isinstance(value_json, str):\n                import json\n    \n                try:\n                    value = json.loads(value_json)\n                    if len(value) == 1:\n                        value = value[\"value\"]\n                    status = value.get(\"error\", None)\n                    if not status:\n                        status = value.get(\"status\", ErrorCode.UNKNOWN_ERROR)\n                        message = value.get(\"value\") or value.get(\"message\")\n                        if not isinstance(message, str):\n                            value = message\n                            message = message.get(\"message\")\n                    else:\n                        message = value.get(\"message\", None)\n                except ValueError:\n                    pass\n    \n        exception_class: Type[WebDriverException]\n        e = ErrorCode()\n        error_codes = [item for item in dir(e) if not item.startswith(\"__\")]\n        for error_code in error_codes:\n            error_info = getattr(ErrorCode, error_code)\n            if isinstance(error_info, list) and status in error_info:\n                exception_class = getattr(ExceptionMapping, error_code, WebDriverException)\n                break\n        else:\n            exception_class = WebDriverException\n    \n        if not value:\n            value = response[\"value\"]\n        if isinstance(value, str):\n            raise exception_class(value)\n        if message == \"\" and \"message\" in value:\n            message = value[\"message\"]\n    \n        screen = None  # type: ignore[assignment]\n        if \"screen\" in value:\n            screen = value[\"screen\"]\n    \n        stacktrace = None\n        st_value = value.get(\"stackTrace\") or value.get(\"stacktrace\")\n        if st_value:\n            if isinstance(st_value, str):\n                stacktrace = st_value.split(\"\\n\")\n            else:\n                stacktrace = []\n                try:\n                    for frame in st_value:\n                        line = frame.get(\"lineNumber\", \"\")\n                        file = frame.get(\"fileName\", \"<anonymous>\")\n                        if line:\n                            file = f\"{file}:{line}\"\n                        meth = frame.get(\"methodName\", \"<anonymous>\")\n                        if \"className\" in frame:\n                            meth = f\"{frame['className']}.{meth}\"\n                        msg = \"    at %s (%s)\"\n                        msg = msg % (meth, file)\n                        stacktrace.append(msg)\n                except TypeError:\n                    pass\n        if exception_class == UnexpectedAlertPresentException:\n            alert_text = None\n            if \"data\" in value:\n                alert_text = value[\"data\"].get(\"text\")\n            elif \"alert\" in value:\n                alert_text = value[\"alert\"].get(\"text\")\n            raise exception_class(message, screen, stacktrace, alert_text)  # type: ignore[call-arg]  # mypy is not smart enough here\n>       raise exception_class(message, screen, stacktrace)\nE       selenium.common.exceptions.NoSuchElementException: Message: no such element: Unable to locate element: {\"method\":\"css selector\",\"selector\":\"[id=\"COPYOFECHOCOLLECTIONDATES_ADDRESSSELECTION_ADDRESSSELECTIONPOSTCODE\"]\"}\nE         (Session info: chrome=128.0.6613.119); For documentation on this error, please visit: https://www.selenium.dev/documentation/webdriver/troubleshooting/errors#no-such-element-exception\nE       Stacktrace:\nE       #0 0x563d976cc86a <unknown>\nE       #1 0x563d9739ae50 <unknown>\nE       #2 0x563d973ea644 <unknown>\nE       #3 0x563d973ea931 <unknown>\nE       #4 0x563d97430534 <unknown>\nE       #5 0x563d9740f4bd <unknown>\nE       #6 0x563d9742d9c6 <unknown>\nE       #7 0x563d9740f233 <unknown>\nE       #8 0x563d973dd093 <unknown>\nE       #9 0x563d973de09e <unknown>\nE       #10 0x563d97693acb <unknown>\nE       #11 0x563d97697a81 <unknown>\nE       #12 0x563d9767f695 <unknown>\nE       #13 0x563d976985f2 <unknown>\nE       #14 0x563d9766486f <unknown>\nE       #15 0x563d976bb668 <unknown>\nE       #16 0x563d976bb832 <unknown>\nE       #17 0x563d976cb65c <unknown>\nE       #18 0x7fca7bc30a94 <unknown>\nE       #19 0x7fca7bcbda34 __clone\n\n../../../.cache/pypoetry/virtualenvs/uk-bin-collection-EwS6Gn8s-py3.12/lib/python3.12/site-packages/selenium/webdriver/remote/errorhandler.py:229: NoSuchElementException","steps":[{"name":"Given the council","time":{"start":1726704170335,"stop":1726704170335,"duration":0},"status":"passed","steps":[],"attachments":[],"parameters":[],"shouldDisplayMessage":false,"stepsCount":0,"attachmentsCount":0,"hasContent":false,"attachmentStep":false},{"name":"When we scrape the data from the council","time":{"start":1726704170335,"stop":1726704292241,"duration":121906},"status":"failed","statusMessage":"Message: no such element: Unable to locate element: {\"method\":\"css selector\",\"selector\":\"[id=\"COPYOFECHOCOLLECTIONDATES_ADDRESSSELECTION_ADDRESSSELECTIONPOSTCODE\"]\"}\n  (Session info: chrome=128.0.6613.119); For documentation on this error, please visit: https://www.selenium.dev/documentation/webdriver/troubleshooting/errors#no-such-element-exception\nStacktrace:\n#0 0x563d976cc86a <unknown>\n#1 0x563d9739ae50 <unknown>\n#2 0x563d973ea644 <unknown>\n#3 0x563d973ea931 <unknown>\n#4 0x563d97430534 <unknown>\n#5 0x563d9740f4bd <unknown>\n#6 0x563d9742d9c6 <unknown>\n#7 0x563d9740f233 <unknown>\n#8 0x563d973dd093 <unknown>\n#9 0x563d973de09e <unknown>\n#10 0x563d97693acb <unknown>\n#11 0x563d97697a81 <unknown>\n#12 0x563d9767f695 <unknown>\n#13 0x563d976985f2 <unknown>\n#14 0x563d9766486f <unknown>\n#15 0x563d976bb668 <unknown>\n#16 0x563d976bb832 <unknown>\n#17 0x563d976cb65c <unknown>\n#18 0x7fca7bc30a94 <unknown>\n#19 0x7fca7bcbda34 __clone\n","statusTrace":"selenium.common.exceptions.NoSuchElementException: Message: no such element: Unable to locate element: {\"method\":\"css selector\",\"selector\":\"[id=\"COPYOFECHOCOLLECTIONDATES_ADDRESSSELECTION_ADDRESSSELECTIONPOSTCODE\"]\"}\n  (Session info: chrome=128.0.6613.119); For documentation on this error, please visit: https://www.selenium.dev/documentation/webdriver/troubleshooting/errors#no-such-element-exception\nStacktrace:\n#0 0x563d976cc86a <unknown>\n#1 0x563d9739ae50 <unknown>\n#2 0x563d973ea644 <unknown>\n#3 0x563d973ea931 <unknown>\n#4 0x563d97430534 <unknown>\n#5 0x563d9740f4bd <unknown>\n#6 0x563d9742d9c6 <unknown>\n#7 0x563d9740f233 <unknown>\n#8 0x563d973dd093 <unknown>\n#9 0x563d973de09e <unknown>\n#10 0x563d97693acb <unknown>\n#11 0x563d97697a81 <unknown>\n#12 0x563d9767f695 <unknown>\n#13 0x563d976985f2 <unknown>\n#14 0x563d9766486f <unknown>\n#15 0x563d976bb668 <unknown>\n#16 0x563d976bb832 <unknown>\n#17 0x563d976cb65c <unknown>\n#18 0x7fca7bc30a94 <unknown>\n#19 0x7fca7bcbda34 __clone\n\n","steps":[],"attachments":[],"parameters":[],"shouldDisplayMessage":true,"stepsCount":0,"attachmentsCount":0,"hasContent":true,"attachmentStep":false}],"attachments":[{"uid":"c7c749f0b12443ee","name":"stdout","source":"c7c749f0b12443ee.txt","type":"text/plain","size":1001}],"parameters":[],"shouldDisplayMessage":true,"stepsCount":2,"attachmentsCount":1,"hasContent":true,"attachmentStep":false},"afterStages":[],"labels":[{"name":"host","value":"fv-az692-270"},{"name":"thread","value":"2753-MainThread"},{"name":"framework","value":"pytest-bdd"},{"name":"language","value":"cpython3"},{"name":"feature","value":"Test each council output matches expected results"},{"name":"resultFormat","value":"allure2"}],"parameters":[{"name":"council","value":"BuckinghamshireCouncil"}],"links":[],"hidden":false,"retry":false,"extra":{"severity":"normal","retries":[],"categories":[{"name":"Product defects","matchedStatuses":[],"flaky":false}],"history":{"statistic":{"failed":64,"broken":0,"skipped":0,"passed":81,"unknown":0,"total":145},"items":[{"uid":"6baca5f8c543ddd9","reportUrl":"https://robbrad.github.io/UKBinCollectionData/3.12/2121//#testresult/6baca5f8c543ddd9","status":"failed","statusDetails":"selenium.common.exceptions.NoSuchElementException: Message: no such element: Unable to locate element: {\"method\":\"css selector\",\"selector\":\"[id=\"COPYOFECHOCOLLECTIONDATES_ADDRESSSELECTION_ADDRESSSELECTIONPOSTCODE\"]\"}\n  (Session info: chrome=128.0.6613.119); For documentation on this error, please visit: https://www.selenium.dev/documentation/webdriver/troubleshooting/errors#no-such-element-exception\nStacktrace:\n#0 0x563cb9fa786a <unknown>\n#1 0x563cb9c75e50 <unknown>\n#2 0x563cb9cc5644 <unknown>\n#3 0x563cb9cc5931 <unknown>\n#4 0x563cb9d0b534 <unknown>\n#5 0x563cb9cea4bd <unknown>\n#6 0x563cb9d089c6 <unknown>\n#7 0x563cb9cea233 <unknown>\n#8 0x563cb9cb8093 <unknown>\n#9 0x563cb9cb909e <unknown>\n#10 0x563cb9f6eacb <unknown>\n#11 0x563cb9f72a81 <unknown>\n#12 0x563cb9f5a695 <unknown>\n#13 0x563cb9f735f2 <unknown>\n#14 0x563cb9f3f86f <unknown>\n#15 0x563cb9f96668 <unknown>\n#16 0x563cb9f96832 <unknown>\n#17 0x563cb9fa665c <unknown>\n#18 0x7fe26652aa94 <unknown>\n#19 0x7fe2665b7a34 __clone","time":{"start":1726617686955,"stop":1726617799670,"duration":112715}},{"uid":"fd5112ecdc04486f","reportUrl":"https://robbrad.github.io/UKBinCollectionData/3.12/2120//#testresult/fd5112ecdc04486f","status":"failed","statusDetails":"selenium.common.exceptions.NoSuchElementException: Message: no such element: Unable to locate element: {\"method\":\"css selector\",\"selector\":\"[id=\"COPYOFECHOCOLLECTIONDATES_ADDRESSSELECTION_ADDRESSSELECTIONPOSTCODE\"]\"}\n  (Session info: chrome=128.0.6613.119); For documentation on this error, please visit: https://www.selenium.dev/documentation/webdriver/troubleshooting/errors#no-such-element-exception\nStacktrace:\n#0 0x5582e881786a <unknown>\n#1 0x5582e84e5e50 <unknown>\n#2 0x5582e8535644 <unknown>\n#3 0x5582e8535931 <unknown>\n#4 0x5582e857b534 <unknown>\n#5 0x5582e855a4bd <unknown>\n#6 0x5582e85789c6 <unknown>\n#7 0x5582e855a233 <unknown>\n#8 0x5582e8528093 <unknown>\n#9 0x5582e852909e <unknown>\n#10 0x5582e87deacb <unknown>\n#11 0x5582e87e2a81 <unknown>\n#12 0x5582e87ca695 <unknown>\n#13 0x5582e87e35f2 <unknown>\n#14 0x5582e87af86f <unknown>\n#15 0x5582e8806668 <unknown>\n#16 0x5582e8806832 <unknown>\n#17 0x5582e881665c <unknown>\n#18 0x7fb6f6804a94 <unknown>\n#19 0x7fb6f6891a34 __clone","time":{"start":1726531348915,"stop":1726531441828,"duration":92913}},{"uid":"b03a6ef1997a9da5","reportUrl":"https://robbrad.github.io/UKBinCollectionData/3.12/2116//#testresult/b03a6ef1997a9da5","status":"failed","statusDetails":"selenium.common.exceptions.NoSuchElementException: Message: no such element: Unable to locate element: {\"method\":\"css selector\",\"selector\":\"[id=\"COPYOFECHOCOLLECTIONDATES_ADDRESSSELECTION_ADDRESSSELECTIONPOSTCODE\"]\"}\n  (Session info: chrome=128.0.6613.119); For documentation on this error, please visit: https://www.selenium.dev/documentation/webdriver/troubleshooting/errors#no-such-element-exception\nStacktrace:\n#0 0x55a8003ff86a <unknown>\n#1 0x55a8000cde50 <unknown>\n#2 0x55a80011d644 <unknown>\n#3 0x55a80011d931 <unknown>\n#4 0x55a800163534 <unknown>\n#5 0x55a8001424bd <unknown>\n#6 0x55a8001609c6 <unknown>\n#7 0x55a800142233 <unknown>\n#8 0x55a800110093 <unknown>\n#9 0x55a80011109e <unknown>\n#10 0x55a8003c6acb <unknown>\n#11 0x55a8003caa81 <unknown>\n#12 0x55a8003b2695 <unknown>\n#13 0x55a8003cb5f2 <unknown>\n#14 0x55a80039786f <unknown>\n#15 0x55a8003ee668 <unknown>\n#16 0x55a8003ee832 <unknown>\n#17 0x55a8003fe65c <unknown>\n#18 0x7ff54e2c8a94 <unknown>\n#19 0x7ff54e355a34 __clone","time":{"start":1726444898962,"stop":1726444981074,"duration":82112}},{"uid":"7217adeef167c32f","reportUrl":"https://robbrad.github.io/UKBinCollectionData/3.12/2115//#testresult/7217adeef167c32f","status":"failed","statusDetails":"selenium.common.exceptions.NoSuchElementException: Message: no such element: Unable to locate element: {\"method\":\"css selector\",\"selector\":\"[id=\"COPYOFECHOCOLLECTIONDATES_ADDRESSSELECTION_ADDRESSSELECTIONPOSTCODE\"]\"}\n  (Session info: chrome=128.0.6613.119); For documentation on this error, please visit: https://www.selenium.dev/documentation/webdriver/troubleshooting/errors#no-such-element-exception\nStacktrace:\n#0 0x56046658e86a <unknown>\n#1 0x56046625ce50 <unknown>\n#2 0x5604662ac644 <unknown>\n#3 0x5604662ac931 <unknown>\n#4 0x5604662f2534 <unknown>\n#5 0x5604662d14bd <unknown>\n#6 0x5604662ef9c6 <unknown>\n#7 0x5604662d1233 <unknown>\n#8 0x56046629f093 <unknown>\n#9 0x5604662a009e <unknown>\n#10 0x560466555acb <unknown>\n#11 0x560466559a81 <unknown>\n#12 0x560466541695 <unknown>\n#13 0x56046655a5f2 <unknown>\n#14 0x56046652686f <unknown>\n#15 0x56046657d668 <unknown>\n#16 0x56046657d832 <unknown>\n#17 0x56046658d65c <unknown>\n#18 0x7f61662e9a94 <unknown>\n#19 0x7f6166376a34 __clone","time":{"start":1726358481500,"stop":1726358545466,"duration":63966}},{"uid":"6beeac2722636a8a","reportUrl":"https://robbrad.github.io/UKBinCollectionData/3.12/2114//#testresult/6beeac2722636a8a","status":"failed","statusDetails":"selenium.common.exceptions.NoSuchElementException: Message: no such element: Unable to locate element: {\"method\":\"css selector\",\"selector\":\"[id=\"COPYOFECHOCOLLECTIONDATES_ADDRESSSELECTION_ADDRESSSELECTIONPOSTCODE\"]\"}\n  (Session info: chrome=128.0.6613.119); For documentation on this error, please visit: https://www.selenium.dev/documentation/webdriver/troubleshooting/errors#no-such-element-exception\nStacktrace:\n#0 0x55b7acbe886a <unknown>\n#1 0x55b7ac8b6e50 <unknown>\n#2 0x55b7ac906644 <unknown>\n#3 0x55b7ac906931 <unknown>\n#4 0x55b7ac94c534 <unknown>\n#5 0x55b7ac92b4bd <unknown>\n#6 0x55b7ac9499c6 <unknown>\n#7 0x55b7ac92b233 <unknown>\n#8 0x55b7ac8f9093 <unknown>\n#9 0x55b7ac8fa09e <unknown>\n#10 0x55b7acbafacb <unknown>\n#11 0x55b7acbb3a81 <unknown>\n#12 0x55b7acb9b695 <unknown>\n#13 0x55b7acbb45f2 <unknown>\n#14 0x55b7acb8086f <unknown>\n#15 0x55b7acbd7668 <unknown>\n#16 0x55b7acbd7832 <unknown>\n#17 0x55b7acbe765c <unknown>\n#18 0x7f390c464a94 <unknown>\n#19 0x7f390c4f1a34 __clone","time":{"start":1726272094615,"stop":1726272173025,"duration":78410}},{"uid":"102ca55a86f0857a","reportUrl":"https://robbrad.github.io/UKBinCollectionData/3.12/2113//#testresult/102ca55a86f0857a","status":"failed","statusDetails":"selenium.common.exceptions.NoSuchElementException: Message: no such element: Unable to locate element: {\"method\":\"css selector\",\"selector\":\"[id=\"COPYOFECHOCOLLECTIONDATES_ADDRESSSELECTION_ADDRESSSELECTIONPOSTCODE\"]\"}\n  (Session info: chrome=128.0.6613.119); For documentation on this error, please visit: https://www.selenium.dev/documentation/webdriver/troubleshooting/errors#no-such-element-exception\nStacktrace:\n#0 0x5598f246286a <unknown>\n#1 0x5598f2130e50 <unknown>\n#2 0x5598f2180644 <unknown>\n#3 0x5598f2180931 <unknown>\n#4 0x5598f21c6534 <unknown>\n#5 0x5598f21a54bd <unknown>\n#6 0x5598f21c39c6 <unknown>\n#7 0x5598f21a5233 <unknown>\n#8 0x5598f2173093 <unknown>\n#9 0x5598f217409e <unknown>\n#10 0x5598f2429acb <unknown>\n#11 0x5598f242da81 <unknown>\n#12 0x5598f2415695 <unknown>\n#13 0x5598f242e5f2 <unknown>\n#14 0x5598f23fa86f <unknown>\n#15 0x5598f2451668 <unknown>\n#16 0x5598f2451832 <unknown>\n#17 0x5598f246165c <unknown>\n#18 0x7fa83efdfa94 <unknown>\n#19 0x7fa83f06ca34 __clone","time":{"start":1726185715277,"stop":1726185771317,"duration":56040}},{"uid":"3cc59ba1b563733a","reportUrl":"https://robbrad.github.io/UKBinCollectionData/3.12/2112//#testresult/3cc59ba1b563733a","status":"failed","statusDetails":"selenium.common.exceptions.NoSuchElementException: Message: no such element: Unable to locate element: {\"method\":\"css selector\",\"selector\":\"[id=\"COPYOFECHOCOLLECTIONDATES_ADDRESSSELECTION_ADDRESSSELECTIONPOSTCODE\"]\"}\n  (Session info: chrome=128.0.6613.119); For documentation on this error, please visit: https://www.selenium.dev/documentation/webdriver/troubleshooting/errors#no-such-element-exception\nStacktrace:\n#0 0x55915536286a <unknown>\n#1 0x559155030e50 <unknown>\n#2 0x559155080644 <unknown>\n#3 0x559155080931 <unknown>\n#4 0x5591550c6534 <unknown>\n#5 0x5591550a54bd <unknown>\n#6 0x5591550c39c6 <unknown>\n#7 0x5591550a5233 <unknown>\n#8 0x559155073093 <unknown>\n#9 0x55915507409e <unknown>\n#10 0x559155329acb <unknown>\n#11 0x55915532da81 <unknown>\n#12 0x559155315695 <unknown>\n#13 0x55915532e5f2 <unknown>\n#14 0x5591552fa86f <unknown>\n#15 0x559155351668 <unknown>\n#16 0x559155351832 <unknown>\n#17 0x55915536165c <unknown>\n#18 0x7f5aa9be4a94 <unknown>\n#19 0x7f5aa9c71a34 __clone","time":{"start":1726099365963,"stop":1726099410264,"duration":44301}},{"uid":"fb808567d4478c22","reportUrl":"https://robbrad.github.io/UKBinCollectionData/3.12/2111//#testresult/fb808567d4478c22","status":"failed","statusDetails":"selenium.common.exceptions.NoSuchElementException: Message: no such element: Unable to locate element: {\"method\":\"css selector\",\"selector\":\"[id=\"COPYOFECHOCOLLECTIONDATES_ADDRESSSELECTION_ADDRESSSELECTIONPOSTCODE\"]\"}\n  (Session info: chrome=128.0.6613.119); For documentation on this error, please visit: https://www.selenium.dev/documentation/webdriver/troubleshooting/errors#no-such-element-exception\nStacktrace:\n#0 0x55f051cf086a <unknown>\n#1 0x55f0519bee50 <unknown>\n#2 0x55f051a0e644 <unknown>\n#3 0x55f051a0e931 <unknown>\n#4 0x55f051a54534 <unknown>\n#5 0x55f051a334bd <unknown>\n#6 0x55f051a519c6 <unknown>\n#7 0x55f051a33233 <unknown>\n#8 0x55f051a01093 <unknown>\n#9 0x55f051a0209e <unknown>\n#10 0x55f051cb7acb <unknown>\n#11 0x55f051cbba81 <unknown>\n#12 0x55f051ca3695 <unknown>\n#13 0x55f051cbc5f2 <unknown>\n#14 0x55f051c8886f <unknown>\n#15 0x55f051cdf668 <unknown>\n#16 0x55f051cdf832 <unknown>\n#17 0x55f051cef65c <unknown>\n#18 0x7f164faa8a94 <unknown>\n#19 0x7f164fb35a34 __clone","time":{"start":1726012929765,"stop":1726012974757,"duration":44992}},{"uid":"94a03ffd0db9e7c8","reportUrl":"https://robbrad.github.io/UKBinCollectionData/3.12/2109//#testresult/94a03ffd0db9e7c8","status":"failed","statusDetails":"selenium.common.exceptions.NoSuchElementException: Message: no such element: Unable to locate element: {\"method\":\"css selector\",\"selector\":\"[id=\"COPYOFECHOCOLLECTIONDATES_ADDRESSSELECTION_ADDRESSSELECTIONPOSTCODE\"]\"}\n  (Session info: chrome=128.0.6613.119); For documentation on this error, please visit: https://www.selenium.dev/documentation/webdriver/troubleshooting/errors#no-such-element-exception\nStacktrace:\n#0 0x5589cd90286a <unknown>\n#1 0x5589cd5d0e50 <unknown>\n#2 0x5589cd620644 <unknown>\n#3 0x5589cd620931 <unknown>\n#4 0x5589cd666534 <unknown>\n#5 0x5589cd6454bd <unknown>\n#6 0x5589cd6639c6 <unknown>\n#7 0x5589cd645233 <unknown>\n#8 0x5589cd613093 <unknown>\n#9 0x5589cd61409e <unknown>\n#10 0x5589cd8c9acb <unknown>\n#11 0x5589cd8cda81 <unknown>\n#12 0x5589cd8b5695 <unknown>\n#13 0x5589cd8ce5f2 <unknown>\n#14 0x5589cd89a86f <unknown>\n#15 0x5589cd8f1668 <unknown>\n#16 0x5589cd8f1832 <unknown>\n#17 0x5589cd90165c <unknown>\n#18 0x7f91160bba94 <unknown>\n#19 0x7f9116148a34 __clone","time":{"start":1725954776511,"stop":1725954820815,"duration":44304}},{"uid":"f6c971a3726b4ac3","reportUrl":"https://robbrad.github.io/UKBinCollectionData/3.12/2107//#testresult/f6c971a3726b4ac3","status":"failed","statusDetails":"selenium.common.exceptions.NoSuchElementException: Message: no such element: Unable to locate element: {\"method\":\"css selector\",\"selector\":\"[id=\"COPYOFECHOCOLLECTIONDATES_ADDRESSSELECTION_ADDRESSSELECTIONPOSTCODE\"]\"}\n  (Session info: chrome=128.0.6613.119); For documentation on this error, please visit: https://www.selenium.dev/documentation/webdriver/troubleshooting/errors#no-such-element-exception\nStacktrace:\n#0 0x5588faf9486a <unknown>\n#1 0x5588fac62e50 <unknown>\n#2 0x5588facb2644 <unknown>\n#3 0x5588facb2931 <unknown>\n#4 0x5588facf8534 <unknown>\n#5 0x5588facd74bd <unknown>\n#6 0x5588facf59c6 <unknown>\n#7 0x5588facd7233 <unknown>\n#8 0x5588faca5093 <unknown>\n#9 0x5588faca609e <unknown>\n#10 0x5588faf5bacb <unknown>\n#11 0x5588faf5fa81 <unknown>\n#12 0x5588faf47695 <unknown>\n#13 0x5588faf605f2 <unknown>\n#14 0x5588faf2c86f <unknown>\n#15 0x5588faf83668 <unknown>\n#16 0x5588faf83832 <unknown>\n#17 0x5588faf9365c <unknown>\n#18 0x7fc0376efa94 <unknown>\n#19 0x7fc03777ca34 __clone","time":{"start":1725926493421,"stop":1725926562322,"duration":68901}},{"uid":"c14561eb201663d9","reportUrl":"https://robbrad.github.io/UKBinCollectionData/3.12/2095//#testresult/c14561eb201663d9","status":"failed","statusDetails":"selenium.common.exceptions.NoSuchElementException: Message: no such element: Unable to locate element: {\"method\":\"css selector\",\"selector\":\"[id=\"COPYOFECHOCOLLECTIONDATES_ADDRESSSELECTION_ADDRESSSELECTIONPOSTCODE\"]\"}\n  (Session info: chrome=128.0.6613.119); For documentation on this error, please visit: https://www.selenium.dev/documentation/webdriver/troubleshooting/errors#no-such-element-exception\nStacktrace:\n#0 0x5602a95e086a <unknown>\n#1 0x5602a92aee50 <unknown>\n#2 0x5602a92fe644 <unknown>\n#3 0x5602a92fe931 <unknown>\n#4 0x5602a9344534 <unknown>\n#5 0x5602a93234bd <unknown>\n#6 0x5602a93419c6 <unknown>\n#7 0x5602a9323233 <unknown>\n#8 0x5602a92f1093 <unknown>\n#9 0x5602a92f209e <unknown>\n#10 0x5602a95a7acb <unknown>\n#11 0x5602a95aba81 <unknown>\n#12 0x5602a9593695 <unknown>\n#13 0x5602a95ac5f2 <unknown>\n#14 0x5602a957886f <unknown>\n#15 0x5602a95cf668 <unknown>\n#16 0x5602a95cf832 <unknown>\n#17 0x5602a95df65c <unknown>\n#18 0x7f30f3bb1a94 <unknown>\n#19 0x7f30f3c3ea34 __clone","time":{"start":1725840104901,"stop":1725840172705,"duration":67804}},{"uid":"9e8ff863e080b247","reportUrl":"https://robbrad.github.io/UKBinCollectionData/3.12/2093//#testresult/9e8ff863e080b247","status":"failed","statusDetails":"selenium.common.exceptions.NoSuchElementException: Message: no such element: Unable to locate element: {\"method\":\"css selector\",\"selector\":\"[id=\"COPYOFECHOCOLLECTIONDATES_ADDRESSSELECTION_ADDRESSSELECTIONPOSTCODE\"]\"}\n  (Session info: chrome=128.0.6613.113); For documentation on this error, please visit: https://www.selenium.dev/documentation/webdriver/troubleshooting/errors#no-such-element-exception\nStacktrace:\n#0 0x5620d89558da <unknown>\n#1 0x5620d8623e50 <unknown>\n#2 0x5620d8673644 <unknown>\n#3 0x5620d8673931 <unknown>\n#4 0x5620d86b9534 <unknown>\n#5 0x5620d86984bd <unknown>\n#6 0x5620d86b69c6 <unknown>\n#7 0x5620d8698233 <unknown>\n#8 0x5620d8666093 <unknown>\n#9 0x5620d866709e <unknown>\n#10 0x5620d891cb3b <unknown>\n#11 0x5620d8920af1 <unknown>\n#12 0x5620d8908705 <unknown>\n#13 0x5620d8921662 <unknown>\n#14 0x5620d88ed8df <unknown>\n#15 0x5620d89446d8 <unknown>\n#16 0x5620d89448a2 <unknown>\n#17 0x5620d89546cc <unknown>\n#18 0x7f5ecc250a94 <unknown>\n#19 0x7f5ecc2dda34 __clone","time":{"start":1725753715120,"stop":1725753826996,"duration":111876}},{"uid":"d2f2bcb3a03df8ff","reportUrl":"https://robbrad.github.io/UKBinCollectionData/3.12/2092//#testresult/d2f2bcb3a03df8ff","status":"failed","statusDetails":"selenium.common.exceptions.NoSuchElementException: Message: no such element: Unable to locate element: {\"method\":\"css selector\",\"selector\":\"[id=\"COPYOFECHOCOLLECTIONDATES_ADDRESSSELECTION_ADDRESSSELECTIONPOSTCODE\"]\"}\n  (Session info: chrome=128.0.6613.113); For documentation on this error, please visit: https://www.selenium.dev/documentation/webdriver/troubleshooting/errors#no-such-element-exception\nStacktrace:\n#0 0x558c559768da <unknown>\n#1 0x558c55644e50 <unknown>\n#2 0x558c55694644 <unknown>\n#3 0x558c55694931 <unknown>\n#4 0x558c556da534 <unknown>\n#5 0x558c556b94bd <unknown>\n#6 0x558c556d79c6 <unknown>\n#7 0x558c556b9233 <unknown>\n#8 0x558c55687093 <unknown>\n#9 0x558c5568809e <unknown>\n#10 0x558c5593db3b <unknown>\n#11 0x558c55941af1 <unknown>\n#12 0x558c55929705 <unknown>\n#13 0x558c55942662 <unknown>\n#14 0x558c5590e8df <unknown>\n#15 0x558c559656d8 <unknown>\n#16 0x558c559658a2 <unknown>\n#17 0x558c559756cc <unknown>\n#18 0x7fed5d2fea94 <unknown>\n#19 0x7fed5d38ba34 __clone","time":{"start":1725667338089,"stop":1725667387591,"duration":49502}},{"uid":"5f11a94dc6ff8139","reportUrl":"https://robbrad.github.io/UKBinCollectionData/3.12/2088//#testresult/5f11a94dc6ff8139","status":"failed","statusDetails":"selenium.common.exceptions.NoSuchElementException: Message: no such element: Unable to locate element: {\"method\":\"css selector\",\"selector\":\"[id=\"COPYOFECHOCOLLECTIONDATES_ADDRESSSELECTION_ADDRESSSELECTIONPOSTCODE\"]\"}\n  (Session info: chrome=128.0.6613.113); For documentation on this error, please visit: https://www.selenium.dev/documentation/webdriver/troubleshooting/errors#no-such-element-exception\nStacktrace:\n#0 0x5651683e18da <unknown>\n#1 0x5651680afe50 <unknown>\n#2 0x5651680ff644 <unknown>\n#3 0x5651680ff931 <unknown>\n#4 0x565168145534 <unknown>\n#5 0x5651681244bd <unknown>\n#6 0x5651681429c6 <unknown>\n#7 0x565168124233 <unknown>\n#8 0x5651680f2093 <unknown>\n#9 0x5651680f309e <unknown>\n#10 0x5651683a8b3b <unknown>\n#11 0x5651683acaf1 <unknown>\n#12 0x565168394705 <unknown>\n#13 0x5651683ad662 <unknown>\n#14 0x5651683798df <unknown>\n#15 0x5651683d06d8 <unknown>\n#16 0x5651683d08a2 <unknown>\n#17 0x5651683e06cc <unknown>\n#18 0x7f5be3be6a94 <unknown>\n#19 0x7f5be3c73a34 __clone","time":{"start":1725580885282,"stop":1725580948194,"duration":62912}},{"uid":"f64861472bfc1200","reportUrl":"https://robbrad.github.io/UKBinCollectionData/3.12/2086//#testresult/f64861472bfc1200","status":"failed","statusDetails":"selenium.common.exceptions.NoSuchElementException: Message: no such element: Unable to locate element: {\"method\":\"css selector\",\"selector\":\"[id=\"COPYOFECHOCOLLECTIONDATES_ADDRESSSELECTION_ADDRESSSELECTIONPOSTCODE\"]\"}\n  (Session info: chrome=128.0.6613.113); For documentation on this error, please visit: https://www.selenium.dev/documentation/webdriver/troubleshooting/errors#no-such-element-exception\nStacktrace:\n#0 0x5593020b88da <unknown>\n#1 0x559301d86e50 <unknown>\n#2 0x559301dd6644 <unknown>\n#3 0x559301dd6931 <unknown>\n#4 0x559301e1c534 <unknown>\n#5 0x559301dfb4bd <unknown>\n#6 0x559301e199c6 <unknown>\n#7 0x559301dfb233 <unknown>\n#8 0x559301dc9093 <unknown>\n#9 0x559301dca09e <unknown>\n#10 0x55930207fb3b <unknown>\n#11 0x559302083af1 <unknown>\n#12 0x55930206b705 <unknown>\n#13 0x559302084662 <unknown>\n#14 0x5593020508df <unknown>\n#15 0x5593020a76d8 <unknown>\n#16 0x5593020a78a2 <unknown>\n#17 0x5593020b76cc <unknown>\n#18 0x7f61090d2a94 <unknown>\n#19 0x7f610915fa34 __clone","time":{"start":1725568771256,"stop":1725568828929,"duration":57673}},{"uid":"96ec027dd48273f6","reportUrl":"https://robbrad.github.io/UKBinCollectionData/3.12/2083//#testresult/96ec027dd48273f6","status":"failed","statusDetails":"selenium.common.exceptions.NoSuchElementException: Message: no such element: Unable to locate element: {\"method\":\"css selector\",\"selector\":\"[id=\"COPYOFECHOCOLLECTIONDATES_ADDRESSSELECTION_ADDRESSSELECTIONPOSTCODE\"]\"}\n  (Session info: chrome=128.0.6613.113); For documentation on this error, please visit: https://www.selenium.dev/documentation/webdriver/troubleshooting/errors#no-such-element-exception\nStacktrace:\n#0 0x55c62ecf18da <unknown>\n#1 0x55c62e9bfe50 <unknown>\n#2 0x55c62ea0f644 <unknown>\n#3 0x55c62ea0f931 <unknown>\n#4 0x55c62ea55534 <unknown>\n#5 0x55c62ea344bd <unknown>\n#6 0x55c62ea529c6 <unknown>\n#7 0x55c62ea34233 <unknown>\n#8 0x55c62ea02093 <unknown>\n#9 0x55c62ea0309e <unknown>\n#10 0x55c62ecb8b3b <unknown>\n#11 0x55c62ecbcaf1 <unknown>\n#12 0x55c62eca4705 <unknown>\n#13 0x55c62ecbd662 <unknown>\n#14 0x55c62ec898df <unknown>\n#15 0x55c62ece06d8 <unknown>\n#16 0x55c62ece08a2 <unknown>\n#17 0x55c62ecf06cc <unknown>\n#18 0x7f5a8ef95a94 <unknown>\n#19 0x7f5a8f022a34 __clone","time":{"start":1725494512493,"stop":1725494563936,"duration":51443}},{"uid":"b50cdda7456c9743","reportUrl":"https://robbrad.github.io/UKBinCollectionData/3.12/2082//#testresult/b50cdda7456c9743","status":"failed","statusDetails":"selenium.common.exceptions.NoSuchElementException: Message: no such element: Unable to locate element: {\"method\":\"css selector\",\"selector\":\"[id=\"COPYOFECHOCOLLECTIONDATES_ADDRESSSELECTION_ADDRESSSELECTIONPOSTCODE\"]\"}\n  (Session info: chrome=128.0.6613.113); For documentation on this error, please visit: https://www.selenium.dev/documentation/webdriver/troubleshooting/errors#no-such-element-exception\nStacktrace:\n#0 0x5642e88828da <unknown>\n#1 0x5642e8550e50 <unknown>\n#2 0x5642e85a0644 <unknown>\n#3 0x5642e85a0931 <unknown>\n#4 0x5642e85e6534 <unknown>\n#5 0x5642e85c54bd <unknown>\n#6 0x5642e85e39c6 <unknown>\n#7 0x5642e85c5233 <unknown>\n#8 0x5642e8593093 <unknown>\n#9 0x5642e859409e <unknown>\n#10 0x5642e8849b3b <unknown>\n#11 0x5642e884daf1 <unknown>\n#12 0x5642e8835705 <unknown>\n#13 0x5642e884e662 <unknown>\n#14 0x5642e881a8df <unknown>\n#15 0x5642e88716d8 <unknown>\n#16 0x5642e88718a2 <unknown>\n#17 0x5642e88816cc <unknown>\n#18 0x7f7f2d862a94 <unknown>\n#19 0x7f7f2d8efa34 __clone","time":{"start":1725429679989,"stop":1725429725859,"duration":45870}},{"uid":"69c666d55fc6d830","reportUrl":"https://robbrad.github.io/UKBinCollectionData/3.12/2082//#testresult/69c666d55fc6d830","status":"failed","statusDetails":"selenium.common.exceptions.NoSuchElementException: Message: no such element: Unable to locate element: {\"method\":\"css selector\",\"selector\":\"[id=\"COPYOFECHOCOLLECTIONDATES_ADDRESSSELECTION_ADDRESSSELECTIONPOSTCODE\"]\"}\n  (Session info: chrome=128.0.6613.113); For documentation on this error, please visit: https://www.selenium.dev/documentation/webdriver/troubleshooting/errors#no-such-element-exception\nStacktrace:\n#0 0x55d341fa98da <unknown>\n#1 0x55d341c77e50 <unknown>\n#2 0x55d341cc7644 <unknown>\n#3 0x55d341cc7931 <unknown>\n#4 0x55d341d0d534 <unknown>\n#5 0x55d341cec4bd <unknown>\n#6 0x55d341d0a9c6 <unknown>\n#7 0x55d341cec233 <unknown>\n#8 0x55d341cba093 <unknown>\n#9 0x55d341cbb09e <unknown>\n#10 0x55d341f70b3b <unknown>\n#11 0x55d341f74af1 <unknown>\n#12 0x55d341f5c705 <unknown>\n#13 0x55d341f75662 <unknown>\n#14 0x55d341f418df <unknown>\n#15 0x55d341f986d8 <unknown>\n#16 0x55d341f988a2 <unknown>\n#17 0x55d341fa86cc <unknown>\n#18 0x7fed49e5fa94 <unknown>\n#19 0x7fed49eeca34 __clone","time":{"start":1725408167543,"stop":1725408222221,"duration":54678}},{"uid":"541d035cfaea22bf","reportUrl":"https://robbrad.github.io/UKBinCollectionData/3.12/2080//#testresult/541d035cfaea22bf","status":"failed","statusDetails":"selenium.common.exceptions.NoSuchElementException: Message: no such element: Unable to locate element: {\"method\":\"css selector\",\"selector\":\"[id=\"COPYOFECHOCOLLECTIONDATES_ADDRESSSELECTION_ADDRESSSELECTIONPOSTCODE\"]\"}\n  (Session info: chrome=128.0.6613.113); For documentation on this error, please visit: https://www.selenium.dev/documentation/webdriver/troubleshooting/errors#no-such-element-exception\nStacktrace:\n#0 0x55a94863b8da <unknown>\n#1 0x55a948309e50 <unknown>\n#2 0x55a948359644 <unknown>\n#3 0x55a948359931 <unknown>\n#4 0x55a94839f534 <unknown>\n#5 0x55a94837e4bd <unknown>\n#6 0x55a94839c9c6 <unknown>\n#7 0x55a94837e233 <unknown>\n#8 0x55a94834c093 <unknown>\n#9 0x55a94834d09e <unknown>\n#10 0x55a948602b3b <unknown>\n#11 0x55a948606af1 <unknown>\n#12 0x55a9485ee705 <unknown>\n#13 0x55a948607662 <unknown>\n#14 0x55a9485d38df <unknown>\n#15 0x55a94862a6d8 <unknown>\n#16 0x55a94862a8a2 <unknown>\n#17 0x55a94863a6cc <unknown>\n#18 0x7efc80de4a94 <unknown>\n#19 0x7efc80e71a34 __clone","time":{"start":1725403282123,"stop":1725403333890,"duration":51767}},{"uid":"6dc480698f831a26","reportUrl":"https://robbrad.github.io/UKBinCollectionData/3.12/2073//#testresult/6dc480698f831a26","status":"failed","statusDetails":"selenium.common.exceptions.NoSuchElementException: Message: no such element: Unable to locate element: {\"method\":\"css selector\",\"selector\":\"[id=\"COPYOFECHOCOLLECTIONDATES_ADDRESSSELECTION_ADDRESSSELECTIONPOSTCODE\"]\"}\n  (Session info: chrome=128.0.6613.113); For documentation on this error, please visit: https://www.selenium.dev/documentation/webdriver/troubleshooting/errors#no-such-element-exception\nStacktrace:\n#0 0x555d9312d8da <unknown>\n#1 0x555d92dfbe50 <unknown>\n#2 0x555d92e4b644 <unknown>\n#3 0x555d92e4b931 <unknown>\n#4 0x555d92e91534 <unknown>\n#5 0x555d92e704bd <unknown>\n#6 0x555d92e8e9c6 <unknown>\n#7 0x555d92e70233 <unknown>\n#8 0x555d92e3e093 <unknown>\n#9 0x555d92e3f09e <unknown>\n#10 0x555d930f4b3b <unknown>\n#11 0x555d930f8af1 <unknown>\n#12 0x555d930e0705 <unknown>\n#13 0x555d930f9662 <unknown>\n#14 0x555d930c58df <unknown>\n#15 0x555d9311c6d8 <unknown>\n#16 0x555d9311c8a2 <unknown>\n#17 0x555d9312c6cc <unknown>\n#18 0x7f12ef34fa94 <unknown>\n#19 0x7f12ef3dca34 __clone","time":{"start":1725384225599,"stop":1725384278515,"duration":52916}}]},"tags":[]},"source":"20c3a8b9eeb68de3.json","parameterValues":["BuckinghamshireCouncil"]}