{"uid":"b01c6ed5c3c6e8f5","name":"Validate Council Output [RushcliffeBoroughCouncil]","fullName":"features/validate_council_outputs.feature:Validate Council Output","historyId":"10c5adec7cdd71fa36d93e2bcbd9ad16","time":{"start":1726705215679,"stop":1726705240159,"duration":24480},"status":"failed","statusMessage":"jsonschema.exceptions.ValidationError: [] should be non-empty\n\nFailed validating 'minItems' in schema['properties']['bins']:\n    {'type': 'array', 'items': {'$ref': '#/definitions/Bin'}, 'minItems': 1}\n\nOn instance['bins']:\n    []","statusTrace":"fixturefunc = <function validate_output_step at 0x7fe047b0fc40>\nrequest = <FixtureRequest for <Function test_scenario_outline[RushcliffeBoroughCouncil]>>\nkwargs = {'context': <test_validate_council.Context object at 0x7fe05a7048c0>}\n\n    def call_fixture_func(\n        fixturefunc: _FixtureFunc[FixtureValue], request: FixtureRequest, kwargs\n    ) -> FixtureValue:\n        if is_generator(fixturefunc):\n            fixturefunc = cast(\n                Callable[..., Generator[FixtureValue, None, None]], fixturefunc\n            )\n            generator = fixturefunc(**kwargs)\n            try:\n                fixture_result = next(generator)\n            except StopIteration:\n                raise ValueError(f\"{request.fixturename} did not yield a value\") from None\n            finalizer = functools.partial(_teardown_yield_fixture, fixturefunc, generator)\n            request.addfinalizer(finalizer)\n        else:\n            fixturefunc = cast(Callable[..., FixtureValue], fixturefunc)\n>           fixture_result = fixturefunc(**kwargs)\n\n../../../.cache/pypoetry/virtualenvs/uk-bin-collection-EwS6Gn8s-py3.12/lib/python3.12/site-packages/_pytest/fixtures.py:898: \n_ _ _ _ _ _ _ _ _ _ _ _ _ _ _ _ _ _ _ _ _ _ _ _ _ _ _ _ _ _ _ _ _ _ _ _ _ _ _ _ \nuk_bin_collection/tests/step_defs/test_validate_council.py:113: in validate_output_step\n    assert file_handler.validate_json_schema(\nuk_bin_collection/tests/step_defs/step_helpers/file_handler.py:40: in validate_json_schema\n    validate(instance=json_data, schema=schema)\n_ _ _ _ _ _ _ _ _ _ _ _ _ _ _ _ _ _ _ _ _ _ _ _ _ _ _ _ _ _ _ _ _ _ _ _ _ _ _ _ \n\ninstance = {'bins': []}\nschema = {'$ref': '#/definitions/BinData', '$schema': 'http://json-schema.org/draft-06/schema#', 'definitions': {'Bin': {'addit...ems': {'$ref': '#/definitions/Bin'}, 'minItems': 1, 'type': 'array'}}, 'required': ['bins'], 'title': 'BinData', ...}}}\ncls = <class 'jsonschema.validators.Draft6Validator'>, args = (), kwargs = {}\nvalidator = Draft6Validator(schema={'$ref': '#/definitions/BinData', '$schema': 'http://json-...ft-06/schema#', 'definitions': {'B...nitions/Bin'}, 'minItems': 1, 'type': 'array'}}, 'required': ['bins'], 'title': 'BinData', ...}}}, format_checker=None)\nerror = <ValidationError: '[] should be non-empty'>\n\n    def validate(instance, schema, cls=None, *args, **kwargs):  # noqa: D417\n        \"\"\"\n        Validate an instance under the given schema.\n    \n            >>> validate([2, 3, 4], {\"maxItems\": 2})\n            Traceback (most recent call last):\n                ...\n            ValidationError: [2, 3, 4] is too long\n    \n        :func:`~jsonschema.validators.validate` will first verify that the\n        provided schema is itself valid, since not doing so can lead to less\n        obvious error messages and fail in less obvious or consistent ways.\n    \n        If you know you have a valid schema already, especially\n        if you intend to validate multiple instances with\n        the same schema, you likely would prefer using the\n        `jsonschema.protocols.Validator.validate` method directly on a\n        specific validator (e.g. ``Draft202012Validator.validate``).\n    \n    \n        Arguments:\n    \n            instance:\n    \n                The instance to validate\n    \n            schema:\n    \n                The schema to validate with\n    \n            cls (jsonschema.protocols.Validator):\n    \n                The class that will be used to validate the instance.\n    \n        If the ``cls`` argument is not provided, two things will happen\n        in accordance with the specification. First, if the schema has a\n        :kw:`$schema` keyword containing a known meta-schema [#]_ then the\n        proper validator will be used. The specification recommends that\n        all schemas contain :kw:`$schema` properties for this reason. If no\n        :kw:`$schema` property is found, the default validator class is the\n        latest released draft.\n    \n        Any other provided positional and keyword arguments will be passed\n        on when instantiating the ``cls``.\n    \n        Raises:\n    \n            `jsonschema.exceptions.ValidationError`:\n    \n                if the instance is invalid\n    \n            `jsonschema.exceptions.SchemaError`:\n    \n                if the schema itself is invalid\n    \n        .. rubric:: Footnotes\n        .. [#] known by a validator registered with\n            `jsonschema.validators.validates`\n    \n        \"\"\"\n        if cls is None:\n            cls = validator_for(schema)\n    \n        cls.check_schema(schema)\n        validator = cls(schema, *args, **kwargs)\n        error = exceptions.best_match(validator.iter_errors(instance))\n        if error is not None:\n>           raise error\nE           jsonschema.exceptions.ValidationError: [] should be non-empty\nE           \nE           Failed validating 'minItems' in schema['properties']['bins']:\nE               {'type': 'array', 'items': {'$ref': '#/definitions/Bin'}, 'minItems': 1}\nE           \nE           On instance['bins']:\nE               []\n\n../../../.cache/pypoetry/virtualenvs/uk-bin-collection-EwS6Gn8s-py3.12/lib/python3.12/site-packages/jsonschema/validators.py:1332: ValidationError","flaky":false,"newFailed":false,"newBroken":false,"newPassed":false,"retriesCount":0,"retriesStatusChange":false,"beforeStages":[],"testStage":{"status":"failed","statusMessage":"jsonschema.exceptions.ValidationError: [] should be non-empty\n\nFailed validating 'minItems' in schema['properties']['bins']:\n    {'type': 'array', 'items': {'$ref': '#/definitions/Bin'}, 'minItems': 1}\n\nOn instance['bins']:\n    []","statusTrace":"fixturefunc = <function validate_output_step at 0x7fe047b0fc40>\nrequest = <FixtureRequest for <Function test_scenario_outline[RushcliffeBoroughCouncil]>>\nkwargs = {'context': <test_validate_council.Context object at 0x7fe05a7048c0>}\n\n    def call_fixture_func(\n        fixturefunc: _FixtureFunc[FixtureValue], request: FixtureRequest, kwargs\n    ) -> FixtureValue:\n        if is_generator(fixturefunc):\n            fixturefunc = cast(\n                Callable[..., Generator[FixtureValue, None, None]], fixturefunc\n            )\n            generator = fixturefunc(**kwargs)\n            try:\n                fixture_result = next(generator)\n            except StopIteration:\n                raise ValueError(f\"{request.fixturename} did not yield a value\") from None\n            finalizer = functools.partial(_teardown_yield_fixture, fixturefunc, generator)\n            request.addfinalizer(finalizer)\n        else:\n            fixturefunc = cast(Callable[..., FixtureValue], fixturefunc)\n>           fixture_result = fixturefunc(**kwargs)\n\n../../../.cache/pypoetry/virtualenvs/uk-bin-collection-EwS6Gn8s-py3.12/lib/python3.12/site-packages/_pytest/fixtures.py:898: \n_ _ _ _ _ _ _ _ _ _ _ _ _ _ _ _ _ _ _ _ _ _ _ _ _ _ _ _ _ _ _ _ _ _ _ _ _ _ _ _ \nuk_bin_collection/tests/step_defs/test_validate_council.py:113: in validate_output_step\n    assert file_handler.validate_json_schema(\nuk_bin_collection/tests/step_defs/step_helpers/file_handler.py:40: in validate_json_schema\n    validate(instance=json_data, schema=schema)\n_ _ _ _ _ _ _ _ _ _ _ _ _ _ _ _ _ _ _ _ _ _ _ _ _ _ _ _ _ _ _ _ _ _ _ _ _ _ _ _ \n\ninstance = {'bins': []}\nschema = {'$ref': '#/definitions/BinData', '$schema': 'http://json-schema.org/draft-06/schema#', 'definitions': {'Bin': {'addit...ems': {'$ref': '#/definitions/Bin'}, 'minItems': 1, 'type': 'array'}}, 'required': ['bins'], 'title': 'BinData', ...}}}\ncls = <class 'jsonschema.validators.Draft6Validator'>, args = (), kwargs = {}\nvalidator = Draft6Validator(schema={'$ref': '#/definitions/BinData', '$schema': 'http://json-...ft-06/schema#', 'definitions': {'B...nitions/Bin'}, 'minItems': 1, 'type': 'array'}}, 'required': ['bins'], 'title': 'BinData', ...}}}, format_checker=None)\nerror = <ValidationError: '[] should be non-empty'>\n\n    def validate(instance, schema, cls=None, *args, **kwargs):  # noqa: D417\n        \"\"\"\n        Validate an instance under the given schema.\n    \n            >>> validate([2, 3, 4], {\"maxItems\": 2})\n            Traceback (most recent call last):\n                ...\n            ValidationError: [2, 3, 4] is too long\n    \n        :func:`~jsonschema.validators.validate` will first verify that the\n        provided schema is itself valid, since not doing so can lead to less\n        obvious error messages and fail in less obvious or consistent ways.\n    \n        If you know you have a valid schema already, especially\n        if you intend to validate multiple instances with\n        the same schema, you likely would prefer using the\n        `jsonschema.protocols.Validator.validate` method directly on a\n        specific validator (e.g. ``Draft202012Validator.validate``).\n    \n    \n        Arguments:\n    \n            instance:\n    \n                The instance to validate\n    \n            schema:\n    \n                The schema to validate with\n    \n            cls (jsonschema.protocols.Validator):\n    \n                The class that will be used to validate the instance.\n    \n        If the ``cls`` argument is not provided, two things will happen\n        in accordance with the specification. First, if the schema has a\n        :kw:`$schema` keyword containing a known meta-schema [#]_ then the\n        proper validator will be used. The specification recommends that\n        all schemas contain :kw:`$schema` properties for this reason. If no\n        :kw:`$schema` property is found, the default validator class is the\n        latest released draft.\n    \n        Any other provided positional and keyword arguments will be passed\n        on when instantiating the ``cls``.\n    \n        Raises:\n    \n            `jsonschema.exceptions.ValidationError`:\n    \n                if the instance is invalid\n    \n            `jsonschema.exceptions.SchemaError`:\n    \n                if the schema itself is invalid\n    \n        .. rubric:: Footnotes\n        .. [#] known by a validator registered with\n            `jsonschema.validators.validates`\n    \n        \"\"\"\n        if cls is None:\n            cls = validator_for(schema)\n    \n        cls.check_schema(schema)\n        validator = cls(schema, *args, **kwargs)\n        error = exceptions.best_match(validator.iter_errors(instance))\n        if error is not None:\n>           raise error\nE           jsonschema.exceptions.ValidationError: [] should be non-empty\nE           \nE           Failed validating 'minItems' in schema['properties']['bins']:\nE               {'type': 'array', 'items': {'$ref': '#/definitions/Bin'}, 'minItems': 1}\nE           \nE           On instance['bins']:\nE               []\n\n../../../.cache/pypoetry/virtualenvs/uk-bin-collection-EwS6Gn8s-py3.12/lib/python3.12/site-packages/jsonschema/validators.py:1332: ValidationError","steps":[{"name":"Given the council","time":{"start":1726705215679,"stop":1726705215680,"duration":1},"status":"passed","steps":[],"attachments":[],"parameters":[],"shouldDisplayMessage":false,"stepsCount":0,"attachmentsCount":0,"hasContent":false,"attachmentStep":false},{"name":"When we scrape the data from the council","time":{"start":1726705215680,"stop":1726705240157,"duration":24477},"status":"passed","steps":[],"attachments":[],"parameters":[],"shouldDisplayMessage":false,"stepsCount":0,"attachmentsCount":0,"hasContent":false,"attachmentStep":false},{"name":"Then the result is valid json","time":{"start":1726705240157,"stop":1726705240157,"duration":0},"status":"passed","steps":[],"attachments":[],"parameters":[],"shouldDisplayMessage":false,"stepsCount":0,"attachmentsCount":0,"hasContent":false,"attachmentStep":false},{"name":"And the output should validate against the schema","time":{"start":1726705240157,"stop":1726705240159,"duration":2},"status":"failed","statusMessage":"[] should be non-empty\n\nFailed validating 'minItems' in schema['properties']['bins']:\n    {'type': 'array', 'items': {'$ref': '#/definitions/Bin'}, 'minItems': 1}\n\nOn instance['bins']:\n    []","statusTrace":"jsonschema.exceptions.ValidationError: [] should be non-empty\n\nFailed validating 'minItems' in schema['properties']['bins']:\n    {'type': 'array', 'items': {'$ref': '#/definitions/Bin'}, 'minItems': 1}\n\nOn instance['bins']:\n    []\n","steps":[],"attachments":[],"parameters":[],"shouldDisplayMessage":true,"stepsCount":0,"attachmentsCount":0,"hasContent":true,"attachmentStep":false}],"attachments":[{"uid":"f96868eb3ad3044","name":"log","source":"f96868eb3ad3044.txt","type":"text/plain","size":249},{"uid":"5e42353d00b17941","name":"stdout","source":"5e42353d00b17941.txt","type":"text/plain","size":51}],"parameters":[],"shouldDisplayMessage":true,"stepsCount":4,"attachmentsCount":2,"hasContent":true,"attachmentStep":false},"afterStages":[],"labels":[{"name":"host","value":"fv-az692-270"},{"name":"thread","value":"2750-MainThread"},{"name":"framework","value":"pytest-bdd"},{"name":"language","value":"cpython3"},{"name":"feature","value":"Test each council output matches expected results"},{"name":"resultFormat","value":"allure2"}],"parameters":[{"name":"council","value":"RushcliffeBoroughCouncil"}],"links":[],"hidden":false,"retry":false,"extra":{"severity":"normal","retries":[],"categories":[{"name":"Product defects","matchedStatuses":[],"flaky":false}],"history":{"statistic":{"failed":25,"broken":0,"skipped":0,"passed":119,"unknown":0,"total":144},"items":[{"uid":"dcc6fcb8143fb1ed","reportUrl":"https://robbrad.github.io/UKBinCollectionData/3.12/2121//#testresult/dcc6fcb8143fb1ed","status":"failed","statusDetails":"selenium.common.exceptions.SessionNotCreatedException: Message: Could not start a new session. New session request timed out \nHost info: host: 'selenium', ip: '172.18.0.2'\nBuild info: version: '4.24.0', revision: '748ffc9bc3'\nSystem info: os.name: 'Linux', os.arch: 'amd64', os.version: '6.5.0-1025-azure', java.version: '17.0.12'\nDriver info: driver.version: unknown\nStacktrace:\n    at org.openqa.selenium.grid.sessionqueue.local.LocalNewSessionQueue.addToQueue (LocalNewSessionQueue.java:221)\n    at org.openqa.selenium.grid.sessionqueue.NewSessionQueue.lambda$new$0 (NewSessionQueue.java:68)\n    at org.openqa.selenium.remote.http.Route$TemplatizedRoute.handle (Route.java:192)\n    at org.openqa.selenium.remote.http.Route.execute (Route.java:69)\n    at org.openqa.selenium.remote.http.Route$CombinedRoute.handle (Route.java:360)\n    at org.openqa.selenium.remote.http.Route.execute (Route.java:69)\n    at org.openqa.selenium.grid.sessionqueue.NewSessionQueue.execute (NewSessionQueue.java:128)\n    at org.openqa.selenium.remote.tracing.SpanWrappedHttpHandler.execute (SpanWrappedHttpHandler.java:87)\n    at org.openqa.selenium.remote.http.Filter$1.execute (Filter.java:63)\n    at org.openqa.selenium.remote.http.Route$CombinedRoute.handle (Route.java:360)\n    at org.openqa.selenium.remote.http.Route.execute (Route.java:69)\n    at org.openqa.selenium.grid.router.Router.execute (Router.java:87)\n    at org.openqa.selenium.grid.web.EnsureSpecCompliantResponseHeaders.lambda$apply$0 (EnsureSpecCompliantResponseHeaders.java:34)\n    at org.openqa.selenium.remote.http.Filter$1.execute (Filter.java:63)\n    at org.openqa.selenium.remote.http.Route$CombinedRoute.handle (Route.java:360)\n    at org.openqa.selenium.remote.http.Route.execute (Route.java:69)\n    at org.openqa.selenium.remote.AddWebDriverSpecHeaders.lambda$apply$0 (AddWebDriverSpecHeaders.java:35)\n    at org.openqa.selenium.remote.ErrorFilter.lambda$apply$0 (ErrorFilter.java:44)\n    at org.openqa.selenium.remote.http.Filter$1.execute (Filter.java:63)\n    at org.openqa.selenium.remote.ErrorFilter.lambda$apply$0 (ErrorFilter.java:44)\n    at org.openqa.selenium.remote.http.Filter$1.execute (Filter.java:63)\n    at org.openqa.selenium.netty.server.SeleniumHandler.lambda$channelRead0$0 (SeleniumHandler.java:44)\n    at java.util.concurrent.Executors$RunnableAdapter.call (Executors.java:539)\n    at java.util.concurrent.FutureTask.run (FutureTask.java:264)\n    at java.util.concurrent.ThreadPoolExecutor.runWorker (ThreadPoolExecutor.java:1136)\n    at java.util.concurrent.ThreadPoolExecutor$Worker.run (ThreadPoolExecutor.java:635)\n    at java.lang.Thread.run (Thread.java:840)","time":{"start":1726618815382,"stop":1726619115428,"duration":300046}},{"uid":"ec0f8e4b64943f12","reportUrl":"https://robbrad.github.io/UKBinCollectionData/3.12/2120//#testresult/ec0f8e4b64943f12","status":"failed","statusDetails":"jsonschema.exceptions.ValidationError: [] should be non-empty\n\nFailed validating 'minItems' in schema['properties']['bins']:\n    {'type': 'array', 'items': {'$ref': '#/definitions/Bin'}, 'minItems': 1}\n\nOn instance['bins']:\n    []","time":{"start":1726532492744,"stop":1726532786055,"duration":293311}},{"uid":"1e8a6a15b63484ec","reportUrl":"https://robbrad.github.io/UKBinCollectionData/3.12/2116//#testresult/1e8a6a15b63484ec","status":"failed","statusDetails":"jsonschema.exceptions.ValidationError: [] should be non-empty\n\nFailed validating 'minItems' in schema['properties']['bins']:\n    {'type': 'array', 'items': {'$ref': '#/definitions/Bin'}, 'minItems': 1}\n\nOn instance['bins']:\n    []","time":{"start":1726446121279,"stop":1726446133345,"duration":12066}},{"uid":"cd484cbc86b43392","reportUrl":"https://robbrad.github.io/UKBinCollectionData/3.12/2115//#testresult/cd484cbc86b43392","status":"failed","statusDetails":"jsonschema.exceptions.ValidationError: [] should be non-empty\n\nFailed validating 'minItems' in schema['properties']['bins']:\n    {'type': 'array', 'items': {'$ref': '#/definitions/Bin'}, 'minItems': 1}\n\nOn instance['bins']:\n    []","time":{"start":1726359547422,"stop":1726359554266,"duration":6844}},{"uid":"6ef77faa9e27f561","reportUrl":"https://robbrad.github.io/UKBinCollectionData/3.12/2114//#testresult/6ef77faa9e27f561","status":"passed","time":{"start":1726273274224,"stop":1726273291571,"duration":17347}},{"uid":"ee80579afa2865b0","reportUrl":"https://robbrad.github.io/UKBinCollectionData/3.12/2113//#testresult/ee80579afa2865b0","status":"passed","time":{"start":1726186827663,"stop":1726186851443,"duration":23780}},{"uid":"f0aa81ddc7f2833a","reportUrl":"https://robbrad.github.io/UKBinCollectionData/3.12/2112//#testresult/f0aa81ddc7f2833a","status":"failed","statusDetails":"jsonschema.exceptions.ValidationError: [] should be non-empty\n\nFailed validating 'minItems' in schema['properties']['bins']:\n    {'type': 'array', 'items': {'$ref': '#/definitions/Bin'}, 'minItems': 1}\n\nOn instance['bins']:\n    []","time":{"start":1726100475891,"stop":1726100486584,"duration":10693}},{"uid":"3a88d91cfde8b81d","reportUrl":"https://robbrad.github.io/UKBinCollectionData/3.12/2111//#testresult/3a88d91cfde8b81d","status":"failed","statusDetails":"jsonschema.exceptions.ValidationError: [] should be non-empty\n\nFailed validating 'minItems' in schema['properties']['bins']:\n    {'type': 'array', 'items': {'$ref': '#/definitions/Bin'}, 'minItems': 1}\n\nOn instance['bins']:\n    []","time":{"start":1726014077728,"stop":1726014090997,"duration":13269}},{"uid":"a3aeca689be63816","reportUrl":"https://robbrad.github.io/UKBinCollectionData/3.12/2109//#testresult/a3aeca689be63816","status":"failed","statusDetails":"selenium.common.exceptions.SessionNotCreatedException: Message: Could not start a new session. New session request timed out \nHost info: host: 'selenium', ip: '172.18.0.2'\nBuild info: version: '4.24.0', revision: '748ffc9bc3'\nSystem info: os.name: 'Linux', os.arch: 'amd64', os.version: '6.5.0-1025-azure', java.version: '17.0.12'\nDriver info: driver.version: unknown\nStacktrace:\n    at org.openqa.selenium.grid.sessionqueue.local.LocalNewSessionQueue.addToQueue (LocalNewSessionQueue.java:221)\n    at org.openqa.selenium.grid.sessionqueue.NewSessionQueue.lambda$new$0 (NewSessionQueue.java:68)\n    at org.openqa.selenium.remote.http.Route$TemplatizedRoute.handle (Route.java:192)\n    at org.openqa.selenium.remote.http.Route.execute (Route.java:69)\n    at org.openqa.selenium.remote.http.Route$CombinedRoute.handle (Route.java:360)\n    at org.openqa.selenium.remote.http.Route.execute (Route.java:69)\n    at org.openqa.selenium.grid.sessionqueue.NewSessionQueue.execute (NewSessionQueue.java:128)\n    at org.openqa.selenium.remote.tracing.SpanWrappedHttpHandler.execute (SpanWrappedHttpHandler.java:87)\n    at org.openqa.selenium.remote.http.Filter$1.execute (Filter.java:63)\n    at org.openqa.selenium.remote.http.Route$CombinedRoute.handle (Route.java:360)\n    at org.openqa.selenium.remote.http.Route.execute (Route.java:69)\n    at org.openqa.selenium.grid.router.Router.execute (Router.java:87)\n    at org.openqa.selenium.grid.web.EnsureSpecCompliantResponseHeaders.lambda$apply$0 (EnsureSpecCompliantResponseHeaders.java:34)\n    at org.openqa.selenium.remote.http.Filter$1.execute (Filter.java:63)\n    at org.openqa.selenium.remote.http.Route$CombinedRoute.handle (Route.java:360)\n    at org.openqa.selenium.remote.http.Route.execute (Route.java:69)\n    at org.openqa.selenium.remote.AddWebDriverSpecHeaders.lambda$apply$0 (AddWebDriverSpecHeaders.java:35)\n    at org.openqa.selenium.remote.ErrorFilter.lambda$apply$0 (ErrorFilter.java:44)\n    at org.openqa.selenium.remote.http.Filter$1.execute (Filter.java:63)\n    at org.openqa.selenium.remote.ErrorFilter.lambda$apply$0 (ErrorFilter.java:44)\n    at org.openqa.selenium.remote.http.Filter$1.execute (Filter.java:63)\n    at org.openqa.selenium.netty.server.SeleniumHandler.lambda$channelRead0$0 (SeleniumHandler.java:44)\n    at java.util.concurrent.Executors$RunnableAdapter.call (Executors.java:539)\n    at java.util.concurrent.FutureTask.run (FutureTask.java:264)\n    at java.util.concurrent.ThreadPoolExecutor.runWorker (ThreadPoolExecutor.java:1136)\n    at java.util.concurrent.ThreadPoolExecutor$Worker.run (ThreadPoolExecutor.java:635)\n    at java.lang.Thread.run (Thread.java:840)","time":{"start":1725955873424,"stop":1725956173452,"duration":300028}},{"uid":"db2e841dbfd9c2c","reportUrl":"https://robbrad.github.io/UKBinCollectionData/3.12/2107//#testresult/db2e841dbfd9c2c","status":"failed","statusDetails":"jsonschema.exceptions.ValidationError: [] should be non-empty\n\nFailed validating 'minItems' in schema['properties']['bins']:\n    {'type': 'array', 'items': {'$ref': '#/definitions/Bin'}, 'minItems': 1}\n\nOn instance['bins']:\n    []","time":{"start":1725927555650,"stop":1725927569158,"duration":13508}},{"uid":"2641b5489190cf4","reportUrl":"https://robbrad.github.io/UKBinCollectionData/3.12/2095//#testresult/2641b5489190cf4","status":"failed","statusDetails":"jsonschema.exceptions.ValidationError: [] should be non-empty\n\nFailed validating 'minItems' in schema['properties']['bins']:\n    {'type': 'array', 'items': {'$ref': '#/definitions/Bin'}, 'minItems': 1}\n\nOn instance['bins']:\n    []","time":{"start":1725841338657,"stop":1725841348125,"duration":9468}},{"uid":"6ca87fa94209115","reportUrl":"https://robbrad.github.io/UKBinCollectionData/3.12/2093//#testresult/6ca87fa94209115","status":"passed","time":{"start":1725754805802,"stop":1725754825828,"duration":20026}},{"uid":"114419c3e11b29da","reportUrl":"https://robbrad.github.io/UKBinCollectionData/3.12/2092//#testresult/114419c3e11b29da","status":"failed","statusDetails":"selenium.common.exceptions.SessionNotCreatedException: Message: Could not start a new session. New session request timed out \nHost info: host: 'selenium', ip: '172.18.0.2'\nBuild info: version: '4.24.0', revision: '748ffc9bc3'\nSystem info: os.name: 'Linux', os.arch: 'amd64', os.version: '6.5.0-1025-azure', java.version: '17.0.12'\nDriver info: driver.version: unknown\nStacktrace:\n    at org.openqa.selenium.grid.sessionqueue.local.LocalNewSessionQueue.addToQueue (LocalNewSessionQueue.java:221)\n    at org.openqa.selenium.grid.sessionqueue.NewSessionQueue.lambda$new$0 (NewSessionQueue.java:68)\n    at org.openqa.selenium.remote.http.Route$TemplatizedRoute.handle (Route.java:192)\n    at org.openqa.selenium.remote.http.Route.execute (Route.java:69)\n    at org.openqa.selenium.remote.http.Route$CombinedRoute.handle (Route.java:360)\n    at org.openqa.selenium.remote.http.Route.execute (Route.java:69)\n    at org.openqa.selenium.grid.sessionqueue.NewSessionQueue.execute (NewSessionQueue.java:128)\n    at org.openqa.selenium.remote.tracing.SpanWrappedHttpHandler.execute (SpanWrappedHttpHandler.java:87)\n    at org.openqa.selenium.remote.http.Filter$1.execute (Filter.java:63)\n    at org.openqa.selenium.remote.http.Route$CombinedRoute.handle (Route.java:360)\n    at org.openqa.selenium.remote.http.Route.execute (Route.java:69)\n    at org.openqa.selenium.grid.router.Router.execute (Router.java:87)\n    at org.openqa.selenium.grid.web.EnsureSpecCompliantResponseHeaders.lambda$apply$0 (EnsureSpecCompliantResponseHeaders.java:34)\n    at org.openqa.selenium.remote.http.Filter$1.execute (Filter.java:63)\n    at org.openqa.selenium.remote.http.Route$CombinedRoute.handle (Route.java:360)\n    at org.openqa.selenium.remote.http.Route.execute (Route.java:69)\n    at org.openqa.selenium.remote.AddWebDriverSpecHeaders.lambda$apply$0 (AddWebDriverSpecHeaders.java:35)\n    at org.openqa.selenium.remote.ErrorFilter.lambda$apply$0 (ErrorFilter.java:44)\n    at org.openqa.selenium.remote.http.Filter$1.execute (Filter.java:63)\n    at org.openqa.selenium.remote.ErrorFilter.lambda$apply$0 (ErrorFilter.java:44)\n    at org.openqa.selenium.remote.http.Filter$1.execute (Filter.java:63)\n    at org.openqa.selenium.netty.server.SeleniumHandler.lambda$channelRead0$0 (SeleniumHandler.java:44)\n    at java.util.concurrent.Executors$RunnableAdapter.call (Executors.java:539)\n    at java.util.concurrent.FutureTask.run (FutureTask.java:264)\n    at java.util.concurrent.ThreadPoolExecutor.runWorker (ThreadPoolExecutor.java:1136)\n    at java.util.concurrent.ThreadPoolExecutor$Worker.run (ThreadPoolExecutor.java:635)\n    at java.lang.Thread.run (Thread.java:840)","time":{"start":1725668420453,"stop":1725668720500,"duration":300047}},{"uid":"8d5aafacd399f744","reportUrl":"https://robbrad.github.io/UKBinCollectionData/3.12/2088//#testresult/8d5aafacd399f744","status":"failed","statusDetails":"selenium.common.exceptions.SessionNotCreatedException: Message: Could not start a new session. New session request timed out \nHost info: host: 'selenium', ip: '172.18.0.2'\nBuild info: version: '4.24.0', revision: '748ffc9bc3'\nSystem info: os.name: 'Linux', os.arch: 'amd64', os.version: '6.5.0-1025-azure', java.version: '17.0.12'\nDriver info: driver.version: unknown\nStacktrace:\n    at org.openqa.selenium.grid.sessionqueue.local.LocalNewSessionQueue.addToQueue (LocalNewSessionQueue.java:221)\n    at org.openqa.selenium.grid.sessionqueue.NewSessionQueue.lambda$new$0 (NewSessionQueue.java:68)\n    at org.openqa.selenium.remote.http.Route$TemplatizedRoute.handle (Route.java:192)\n    at org.openqa.selenium.remote.http.Route.execute (Route.java:69)\n    at org.openqa.selenium.remote.http.Route$CombinedRoute.handle (Route.java:360)\n    at org.openqa.selenium.remote.http.Route.execute (Route.java:69)\n    at org.openqa.selenium.grid.sessionqueue.NewSessionQueue.execute (NewSessionQueue.java:128)\n    at org.openqa.selenium.remote.tracing.SpanWrappedHttpHandler.execute (SpanWrappedHttpHandler.java:87)\n    at org.openqa.selenium.remote.http.Filter$1.execute (Filter.java:63)\n    at org.openqa.selenium.remote.http.Route$CombinedRoute.handle (Route.java:360)\n    at org.openqa.selenium.remote.http.Route.execute (Route.java:69)\n    at org.openqa.selenium.grid.router.Router.execute (Router.java:87)\n    at org.openqa.selenium.grid.web.EnsureSpecCompliantResponseHeaders.lambda$apply$0 (EnsureSpecCompliantResponseHeaders.java:34)\n    at org.openqa.selenium.remote.http.Filter$1.execute (Filter.java:63)\n    at org.openqa.selenium.remote.http.Route$CombinedRoute.handle (Route.java:360)\n    at org.openqa.selenium.remote.http.Route.execute (Route.java:69)\n    at org.openqa.selenium.remote.AddWebDriverSpecHeaders.lambda$apply$0 (AddWebDriverSpecHeaders.java:35)\n    at org.openqa.selenium.remote.ErrorFilter.lambda$apply$0 (ErrorFilter.java:44)\n    at org.openqa.selenium.remote.http.Filter$1.execute (Filter.java:63)\n    at org.openqa.selenium.remote.ErrorFilter.lambda$apply$0 (ErrorFilter.java:44)\n    at org.openqa.selenium.remote.http.Filter$1.execute (Filter.java:63)\n    at org.openqa.selenium.netty.server.SeleniumHandler.lambda$channelRead0$0 (SeleniumHandler.java:44)\n    at java.util.concurrent.Executors$RunnableAdapter.call (Executors.java:539)\n    at java.util.concurrent.FutureTask.run (FutureTask.java:264)\n    at java.util.concurrent.ThreadPoolExecutor.runWorker (ThreadPoolExecutor.java:1136)\n    at java.util.concurrent.ThreadPoolExecutor$Worker.run (ThreadPoolExecutor.java:635)\n    at java.lang.Thread.run (Thread.java:840)","time":{"start":1725582006447,"stop":1725582306482,"duration":300035}},{"uid":"f8f834fb4a63cb6e","reportUrl":"https://robbrad.github.io/UKBinCollectionData/3.12/2086//#testresult/f8f834fb4a63cb6e","status":"failed","statusDetails":"selenium.common.exceptions.SessionNotCreatedException: Message: Could not start a new session. New session request timed out \nHost info: host: 'selenium', ip: '172.18.0.2'\nBuild info: version: '4.24.0', revision: '748ffc9bc3'\nSystem info: os.name: 'Linux', os.arch: 'amd64', os.version: '6.5.0-1025-azure', java.version: '17.0.12'\nDriver info: driver.version: unknown\nStacktrace:\n    at org.openqa.selenium.grid.sessionqueue.local.LocalNewSessionQueue.addToQueue (LocalNewSessionQueue.java:221)\n    at org.openqa.selenium.grid.sessionqueue.NewSessionQueue.lambda$new$0 (NewSessionQueue.java:68)\n    at org.openqa.selenium.remote.http.Route$TemplatizedRoute.handle (Route.java:192)\n    at org.openqa.selenium.remote.http.Route.execute (Route.java:69)\n    at org.openqa.selenium.remote.http.Route$CombinedRoute.handle (Route.java:360)\n    at org.openqa.selenium.remote.http.Route.execute (Route.java:69)\n    at org.openqa.selenium.grid.sessionqueue.NewSessionQueue.execute (NewSessionQueue.java:128)\n    at org.openqa.selenium.remote.tracing.SpanWrappedHttpHandler.execute (SpanWrappedHttpHandler.java:87)\n    at org.openqa.selenium.remote.http.Filter$1.execute (Filter.java:63)\n    at org.openqa.selenium.remote.http.Route$CombinedRoute.handle (Route.java:360)\n    at org.openqa.selenium.remote.http.Route.execute (Route.java:69)\n    at org.openqa.selenium.grid.router.Router.execute (Router.java:87)\n    at org.openqa.selenium.grid.web.EnsureSpecCompliantResponseHeaders.lambda$apply$0 (EnsureSpecCompliantResponseHeaders.java:34)\n    at org.openqa.selenium.remote.http.Filter$1.execute (Filter.java:63)\n    at org.openqa.selenium.remote.http.Route$CombinedRoute.handle (Route.java:360)\n    at org.openqa.selenium.remote.http.Route.execute (Route.java:69)\n    at org.openqa.selenium.remote.AddWebDriverSpecHeaders.lambda$apply$0 (AddWebDriverSpecHeaders.java:35)\n    at org.openqa.selenium.remote.ErrorFilter.lambda$apply$0 (ErrorFilter.java:44)\n    at org.openqa.selenium.remote.http.Filter$1.execute (Filter.java:63)\n    at org.openqa.selenium.remote.ErrorFilter.lambda$apply$0 (ErrorFilter.java:44)\n    at org.openqa.selenium.remote.http.Filter$1.execute (Filter.java:63)\n    at org.openqa.selenium.netty.server.SeleniumHandler.lambda$channelRead0$0 (SeleniumHandler.java:44)\n    at java.util.concurrent.Executors$RunnableAdapter.call (Executors.java:539)\n    at java.util.concurrent.FutureTask.run (FutureTask.java:264)\n    at java.util.concurrent.ThreadPoolExecutor.runWorker (ThreadPoolExecutor.java:1136)\n    at java.util.concurrent.ThreadPoolExecutor$Worker.run (ThreadPoolExecutor.java:635)\n    at java.lang.Thread.run (Thread.java:840)","time":{"start":1725570095134,"stop":1725570395337,"duration":300203}},{"uid":"b20a2f91f54db259","reportUrl":"https://robbrad.github.io/UKBinCollectionData/3.12/2083//#testresult/b20a2f91f54db259","status":"passed","time":{"start":1725495586377,"stop":1725495620039,"duration":33662}},{"uid":"33ed4578aa20f8c4","reportUrl":"https://robbrad.github.io/UKBinCollectionData/3.12/2082//#testresult/33ed4578aa20f8c4","status":"failed","statusDetails":"selenium.common.exceptions.SessionNotCreatedException: Message: Could not start a new session. New session request timed out \nHost info: host: 'selenium', ip: '172.18.0.2'\nBuild info: version: '4.24.0', revision: '748ffc9bc3'\nSystem info: os.name: 'Linux', os.arch: 'amd64', os.version: '6.5.0-1025-azure', java.version: '17.0.12'\nDriver info: driver.version: unknown\nStacktrace:\n    at org.openqa.selenium.grid.sessionqueue.local.LocalNewSessionQueue.addToQueue (LocalNewSessionQueue.java:221)\n    at org.openqa.selenium.grid.sessionqueue.NewSessionQueue.lambda$new$0 (NewSessionQueue.java:68)\n    at org.openqa.selenium.remote.http.Route$TemplatizedRoute.handle (Route.java:192)\n    at org.openqa.selenium.remote.http.Route.execute (Route.java:69)\n    at org.openqa.selenium.remote.http.Route$CombinedRoute.handle (Route.java:360)\n    at org.openqa.selenium.remote.http.Route.execute (Route.java:69)\n    at org.openqa.selenium.grid.sessionqueue.NewSessionQueue.execute (NewSessionQueue.java:128)\n    at org.openqa.selenium.remote.tracing.SpanWrappedHttpHandler.execute (SpanWrappedHttpHandler.java:87)\n    at org.openqa.selenium.remote.http.Filter$1.execute (Filter.java:63)\n    at org.openqa.selenium.remote.http.Route$CombinedRoute.handle (Route.java:360)\n    at org.openqa.selenium.remote.http.Route.execute (Route.java:69)\n    at org.openqa.selenium.grid.router.Router.execute (Router.java:87)\n    at org.openqa.selenium.grid.web.EnsureSpecCompliantResponseHeaders.lambda$apply$0 (EnsureSpecCompliantResponseHeaders.java:34)\n    at org.openqa.selenium.remote.http.Filter$1.execute (Filter.java:63)\n    at org.openqa.selenium.remote.http.Route$CombinedRoute.handle (Route.java:360)\n    at org.openqa.selenium.remote.http.Route.execute (Route.java:69)\n    at org.openqa.selenium.remote.AddWebDriverSpecHeaders.lambda$apply$0 (AddWebDriverSpecHeaders.java:35)\n    at org.openqa.selenium.remote.ErrorFilter.lambda$apply$0 (ErrorFilter.java:44)\n    at org.openqa.selenium.remote.http.Filter$1.execute (Filter.java:63)\n    at org.openqa.selenium.remote.ErrorFilter.lambda$apply$0 (ErrorFilter.java:44)\n    at org.openqa.selenium.remote.http.Filter$1.execute (Filter.java:63)\n    at org.openqa.selenium.netty.server.SeleniumHandler.lambda$channelRead0$0 (SeleniumHandler.java:44)\n    at java.util.concurrent.Executors$RunnableAdapter.call (Executors.java:539)\n    at java.util.concurrent.FutureTask.run (FutureTask.java:264)\n    at java.util.concurrent.ThreadPoolExecutor.runWorker (ThreadPoolExecutor.java:1136)\n    at java.util.concurrent.ThreadPoolExecutor$Worker.run (ThreadPoolExecutor.java:635)\n    at java.lang.Thread.run (Thread.java:840)","time":{"start":1725430770407,"stop":1725431070449,"duration":300042}},{"uid":"370f47a4f8ac6c19","reportUrl":"https://robbrad.github.io/UKBinCollectionData/3.12/2082//#testresult/370f47a4f8ac6c19","status":"failed","statusDetails":"selenium.common.exceptions.SessionNotCreatedException: Message: Could not start a new session. New session request timed out \nHost info: host: 'selenium', ip: '172.18.0.2'\nBuild info: version: '4.24.0', revision: '748ffc9bc3'\nSystem info: os.name: 'Linux', os.arch: 'amd64', os.version: '6.5.0-1025-azure', java.version: '17.0.12'\nDriver info: driver.version: unknown\nStacktrace:\n    at org.openqa.selenium.grid.sessionqueue.local.LocalNewSessionQueue.addToQueue (LocalNewSessionQueue.java:221)\n    at org.openqa.selenium.grid.sessionqueue.NewSessionQueue.lambda$new$0 (NewSessionQueue.java:68)\n    at org.openqa.selenium.remote.http.Route$TemplatizedRoute.handle (Route.java:192)\n    at org.openqa.selenium.remote.http.Route.execute (Route.java:69)\n    at org.openqa.selenium.remote.http.Route$CombinedRoute.handle (Route.java:360)\n    at org.openqa.selenium.remote.http.Route.execute (Route.java:69)\n    at org.openqa.selenium.grid.sessionqueue.NewSessionQueue.execute (NewSessionQueue.java:128)\n    at org.openqa.selenium.remote.tracing.SpanWrappedHttpHandler.execute (SpanWrappedHttpHandler.java:87)\n    at org.openqa.selenium.remote.http.Filter$1.execute (Filter.java:63)\n    at org.openqa.selenium.remote.http.Route$CombinedRoute.handle (Route.java:360)\n    at org.openqa.selenium.remote.http.Route.execute (Route.java:69)\n    at org.openqa.selenium.grid.router.Router.execute (Router.java:87)\n    at org.openqa.selenium.grid.web.EnsureSpecCompliantResponseHeaders.lambda$apply$0 (EnsureSpecCompliantResponseHeaders.java:34)\n    at org.openqa.selenium.remote.http.Filter$1.execute (Filter.java:63)\n    at org.openqa.selenium.remote.http.Route$CombinedRoute.handle (Route.java:360)\n    at org.openqa.selenium.remote.http.Route.execute (Route.java:69)\n    at org.openqa.selenium.remote.AddWebDriverSpecHeaders.lambda$apply$0 (AddWebDriverSpecHeaders.java:35)\n    at org.openqa.selenium.remote.ErrorFilter.lambda$apply$0 (ErrorFilter.java:44)\n    at org.openqa.selenium.remote.http.Filter$1.execute (Filter.java:63)\n    at org.openqa.selenium.remote.ErrorFilter.lambda$apply$0 (ErrorFilter.java:44)\n    at org.openqa.selenium.remote.http.Filter$1.execute (Filter.java:63)\n    at org.openqa.selenium.netty.server.SeleniumHandler.lambda$channelRead0$0 (SeleniumHandler.java:44)\n    at java.util.concurrent.Executors$RunnableAdapter.call (Executors.java:539)\n    at java.util.concurrent.FutureTask.run (FutureTask.java:264)\n    at java.util.concurrent.ThreadPoolExecutor.runWorker (ThreadPoolExecutor.java:1136)\n    at java.util.concurrent.ThreadPoolExecutor$Worker.run (ThreadPoolExecutor.java:635)\n    at java.lang.Thread.run (Thread.java:840)","time":{"start":1725409257901,"stop":1725409557962,"duration":300061}},{"uid":"d4146eaaaa5c3c0d","reportUrl":"https://robbrad.github.io/UKBinCollectionData/3.12/2080//#testresult/d4146eaaaa5c3c0d","status":"failed","statusDetails":"selenium.common.exceptions.SessionNotCreatedException: Message: Could not start a new session. New session request timed out \nHost info: host: 'selenium', ip: '172.18.0.2'\nBuild info: version: '4.24.0', revision: '748ffc9bc3'\nSystem info: os.name: 'Linux', os.arch: 'amd64', os.version: '6.5.0-1025-azure', java.version: '17.0.12'\nDriver info: driver.version: unknown\nStacktrace:\n    at org.openqa.selenium.grid.sessionqueue.local.LocalNewSessionQueue.addToQueue (LocalNewSessionQueue.java:221)\n    at org.openqa.selenium.grid.sessionqueue.NewSessionQueue.lambda$new$0 (NewSessionQueue.java:68)\n    at org.openqa.selenium.remote.http.Route$TemplatizedRoute.handle (Route.java:192)\n    at org.openqa.selenium.remote.http.Route.execute (Route.java:69)\n    at org.openqa.selenium.remote.http.Route$CombinedRoute.handle (Route.java:360)\n    at org.openqa.selenium.remote.http.Route.execute (Route.java:69)\n    at org.openqa.selenium.grid.sessionqueue.NewSessionQueue.execute (NewSessionQueue.java:128)\n    at org.openqa.selenium.remote.tracing.SpanWrappedHttpHandler.execute (SpanWrappedHttpHandler.java:87)\n    at org.openqa.selenium.remote.http.Filter$1.execute (Filter.java:63)\n    at org.openqa.selenium.remote.http.Route$CombinedRoute.handle (Route.java:360)\n    at org.openqa.selenium.remote.http.Route.execute (Route.java:69)\n    at org.openqa.selenium.grid.router.Router.execute (Router.java:87)\n    at org.openqa.selenium.grid.web.EnsureSpecCompliantResponseHeaders.lambda$apply$0 (EnsureSpecCompliantResponseHeaders.java:34)\n    at org.openqa.selenium.remote.http.Filter$1.execute (Filter.java:63)\n    at org.openqa.selenium.remote.http.Route$CombinedRoute.handle (Route.java:360)\n    at org.openqa.selenium.remote.http.Route.execute (Route.java:69)\n    at org.openqa.selenium.remote.AddWebDriverSpecHeaders.lambda$apply$0 (AddWebDriverSpecHeaders.java:35)\n    at org.openqa.selenium.remote.ErrorFilter.lambda$apply$0 (ErrorFilter.java:44)\n    at org.openqa.selenium.remote.http.Filter$1.execute (Filter.java:63)\n    at org.openqa.selenium.remote.ErrorFilter.lambda$apply$0 (ErrorFilter.java:44)\n    at org.openqa.selenium.remote.http.Filter$1.execute (Filter.java:63)\n    at org.openqa.selenium.netty.server.SeleniumHandler.lambda$channelRead0$0 (SeleniumHandler.java:44)\n    at java.util.concurrent.Executors$RunnableAdapter.call (Executors.java:539)\n    at java.util.concurrent.FutureTask.run (FutureTask.java:264)\n    at java.util.concurrent.ThreadPoolExecutor.runWorker (ThreadPoolExecutor.java:1136)\n    at java.util.concurrent.ThreadPoolExecutor$Worker.run (ThreadPoolExecutor.java:635)\n    at java.lang.Thread.run (Thread.java:840)","time":{"start":1725404565653,"stop":1725404865696,"duration":300043}},{"uid":"6795097fb2c6ed7","reportUrl":"https://robbrad.github.io/UKBinCollectionData/3.12/2073//#testresult/6795097fb2c6ed7","status":"failed","statusDetails":"selenium.common.exceptions.SessionNotCreatedException: Message: Could not start a new session. New session request timed out \nHost info: host: 'selenium', ip: '172.18.0.2'\nBuild info: version: '4.24.0', revision: '748ffc9bc3'\nSystem info: os.name: 'Linux', os.arch: 'amd64', os.version: '6.5.0-1025-azure', java.version: '17.0.12'\nDriver info: driver.version: unknown\nStacktrace:\n    at org.openqa.selenium.grid.sessionqueue.local.LocalNewSessionQueue.addToQueue (LocalNewSessionQueue.java:221)\n    at org.openqa.selenium.grid.sessionqueue.NewSessionQueue.lambda$new$0 (NewSessionQueue.java:68)\n    at org.openqa.selenium.remote.http.Route$TemplatizedRoute.handle (Route.java:192)\n    at org.openqa.selenium.remote.http.Route.execute (Route.java:69)\n    at org.openqa.selenium.remote.http.Route$CombinedRoute.handle (Route.java:360)\n    at org.openqa.selenium.remote.http.Route.execute (Route.java:69)\n    at org.openqa.selenium.grid.sessionqueue.NewSessionQueue.execute (NewSessionQueue.java:128)\n    at org.openqa.selenium.remote.tracing.SpanWrappedHttpHandler.execute (SpanWrappedHttpHandler.java:87)\n    at org.openqa.selenium.remote.http.Filter$1.execute (Filter.java:63)\n    at org.openqa.selenium.remote.http.Route$CombinedRoute.handle (Route.java:360)\n    at org.openqa.selenium.remote.http.Route.execute (Route.java:69)\n    at org.openqa.selenium.grid.router.Router.execute (Router.java:87)\n    at org.openqa.selenium.grid.web.EnsureSpecCompliantResponseHeaders.lambda$apply$0 (EnsureSpecCompliantResponseHeaders.java:34)\n    at org.openqa.selenium.remote.http.Filter$1.execute (Filter.java:63)\n    at org.openqa.selenium.remote.http.Route$CombinedRoute.handle (Route.java:360)\n    at org.openqa.selenium.remote.http.Route.execute (Route.java:69)\n    at org.openqa.selenium.remote.AddWebDriverSpecHeaders.lambda$apply$0 (AddWebDriverSpecHeaders.java:35)\n    at org.openqa.selenium.remote.ErrorFilter.lambda$apply$0 (ErrorFilter.java:44)\n    at org.openqa.selenium.remote.http.Filter$1.execute (Filter.java:63)\n    at org.openqa.selenium.remote.ErrorFilter.lambda$apply$0 (ErrorFilter.java:44)\n    at org.openqa.selenium.remote.http.Filter$1.execute (Filter.java:63)\n    at org.openqa.selenium.netty.server.SeleniumHandler.lambda$channelRead0$0 (SeleniumHandler.java:44)\n    at java.util.concurrent.Executors$RunnableAdapter.call (Executors.java:539)\n    at java.util.concurrent.FutureTask.run (FutureTask.java:264)\n    at java.util.concurrent.ThreadPoolExecutor.runWorker (ThreadPoolExecutor.java:1136)\n    at java.util.concurrent.ThreadPoolExecutor$Worker.run (ThreadPoolExecutor.java:635)\n    at java.lang.Thread.run (Thread.java:840)","time":{"start":1725385527122,"stop":1725385827163,"duration":300041}}]},"tags":[]},"source":"b01c6ed5c3c6e8f5.json","parameterValues":["RushcliffeBoroughCouncil"]}