{"uid":"e14ed70ed07438b","name":"Validate Council Output [TendringDistrictCouncil]","fullName":"features/validate_council_outputs.feature:Validate Council Output","historyId":"ed07e2456ad23b8037ff3254aa143d3e","time":{"start":1722903917428,"stop":1722903933040,"duration":15612},"status":"failed","statusMessage":"selenium.common.exceptions.NoSuchElementException: Message: Cannot locate option with value: 100090604247; For documentation on this error, please visit: https://www.selenium.dev/documentation/webdriver/troubleshooting/errors#no-such-element-exception","statusTrace":"fixturefunc = <function scrape_step at 0x7ff9791187c0>\nrequest = <FixtureRequest for <Function test_scenario_outline[TendringDistrictCouncil]>>\nkwargs = {'context': <test_validate_council.Context object at 0x7ff978f8e550>, 'headless_mode': 'True', 'local_browser': 'False', 'selenium_url': 'http://localhost:4444'}\n\n    def call_fixture_func(\n        fixturefunc: _FixtureFunc[FixtureValue], request: FixtureRequest, kwargs\n    ) -> FixtureValue:\n        if is_generator(fixturefunc):\n            fixturefunc = cast(\n                Callable[..., Generator[FixtureValue, None, None]], fixturefunc\n            )\n            generator = fixturefunc(**kwargs)\n            try:\n                fixture_result = next(generator)\n            except StopIteration:\n                raise ValueError(f\"{request.fixturename} did not yield a value\") from None\n            finalizer = functools.partial(_teardown_yield_fixture, fixturefunc, generator)\n            request.addfinalizer(finalizer)\n        else:\n            fixturefunc = cast(Callable[..., FixtureValue], fixturefunc)\n>           fixture_result = fixturefunc(**kwargs)\n\n../../../.cache/pypoetry/virtualenvs/uk-bin-collection-EwS6Gn8s-py3.11/lib/python3.11/site-packages/_pytest/fixtures.py:897: \n_ _ _ _ _ _ _ _ _ _ _ _ _ _ _ _ _ _ _ _ _ _ _ _ _ _ _ _ _ _ _ _ _ _ _ _ _ _ _ _ \nuk_bin_collection/tests/step_defs/test_validate_council.py:100: in scrape_step\n    context.parse_result = CollectData.run()\nuk_bin_collection/uk_bin_collection/collect_data.py:101: in run\n    return self.client_code(\nuk_bin_collection/uk_bin_collection/collect_data.py:121: in client_code\n    return get_bin_data_class.template_method(address_url, **kwargs)\nuk_bin_collection/uk_bin_collection/get_bin_data.py:61: in template_method\n    bin_data_dict = self.get_and_parse_data(this_url, **kwargs)\nuk_bin_collection/uk_bin_collection/get_bin_data.py:84: in get_and_parse_data\n    bin_data_dict = self.parse_data(\"\", url=address_url, **kwargs)\nuk_bin_collection/uk_bin_collection/councils/TendringDistrictCouncil.py:73: in parse_data\n    dropdownSelect.select_by_value(str(user_uprn))\n_ _ _ _ _ _ _ _ _ _ _ _ _ _ _ _ _ _ _ _ _ _ _ _ _ _ _ _ _ _ _ _ _ _ _ _ _ _ _ _ \n\nself = <selenium.webdriver.support.select.Select object at 0x7ff978e80190>\nvalue = '100090604247'\n\n    def select_by_value(self, value: str) -> None:\n        \"\"\"Select all options that have a value matching the argument. That is,\n        when given \"foo\" this would select an option like:\n    \n        <option value=\"foo\">Bar</option>\n    \n        :Args:\n         - value - The value to match against\n    \n        throws NoSuchElementException If there is no option with specified value in SELECT\n        \"\"\"\n        css = f\"option[value ={self._escape_string(value)}]\"\n        opts = self._el.find_elements(By.CSS_SELECTOR, css)\n        matched = False\n        for opt in opts:\n            self._set_selected(opt)\n            if not self.is_multiple:\n                return\n            matched = True\n        if not matched:\n>           raise NoSuchElementException(f\"Cannot locate option with value: {value}\")\nE           selenium.common.exceptions.NoSuchElementException: Message: Cannot locate option with value: 100090604247; For documentation on this error, please visit: https://www.selenium.dev/documentation/webdriver/troubleshooting/errors#no-such-element-exception\n\n../../../.cache/pypoetry/virtualenvs/uk-bin-collection-EwS6Gn8s-py3.11/lib/python3.11/site-packages/selenium/webdriver/support/select.py:84: NoSuchElementException","flaky":true,"newFailed":true,"newBroken":false,"newPassed":false,"retriesCount":0,"retriesStatusChange":false,"beforeStages":[],"testStage":{"status":"failed","statusMessage":"selenium.common.exceptions.NoSuchElementException: Message: Cannot locate option with value: 100090604247; For documentation on this error, please visit: https://www.selenium.dev/documentation/webdriver/troubleshooting/errors#no-such-element-exception","statusTrace":"fixturefunc = <function scrape_step at 0x7ff9791187c0>\nrequest = <FixtureRequest for <Function test_scenario_outline[TendringDistrictCouncil]>>\nkwargs = {'context': <test_validate_council.Context object at 0x7ff978f8e550>, 'headless_mode': 'True', 'local_browser': 'False', 'selenium_url': 'http://localhost:4444'}\n\n    def call_fixture_func(\n        fixturefunc: _FixtureFunc[FixtureValue], request: FixtureRequest, kwargs\n    ) -> FixtureValue:\n        if is_generator(fixturefunc):\n            fixturefunc = cast(\n                Callable[..., Generator[FixtureValue, None, None]], fixturefunc\n            )\n            generator = fixturefunc(**kwargs)\n            try:\n                fixture_result = next(generator)\n            except StopIteration:\n                raise ValueError(f\"{request.fixturename} did not yield a value\") from None\n            finalizer = functools.partial(_teardown_yield_fixture, fixturefunc, generator)\n            request.addfinalizer(finalizer)\n        else:\n            fixturefunc = cast(Callable[..., FixtureValue], fixturefunc)\n>           fixture_result = fixturefunc(**kwargs)\n\n../../../.cache/pypoetry/virtualenvs/uk-bin-collection-EwS6Gn8s-py3.11/lib/python3.11/site-packages/_pytest/fixtures.py:897: \n_ _ _ _ _ _ _ _ _ _ _ _ _ _ _ _ _ _ _ _ _ _ _ _ _ _ _ _ _ _ _ _ _ _ _ _ _ _ _ _ \nuk_bin_collection/tests/step_defs/test_validate_council.py:100: in scrape_step\n    context.parse_result = CollectData.run()\nuk_bin_collection/uk_bin_collection/collect_data.py:101: in run\n    return self.client_code(\nuk_bin_collection/uk_bin_collection/collect_data.py:121: in client_code\n    return get_bin_data_class.template_method(address_url, **kwargs)\nuk_bin_collection/uk_bin_collection/get_bin_data.py:61: in template_method\n    bin_data_dict = self.get_and_parse_data(this_url, **kwargs)\nuk_bin_collection/uk_bin_collection/get_bin_data.py:84: in get_and_parse_data\n    bin_data_dict = self.parse_data(\"\", url=address_url, **kwargs)\nuk_bin_collection/uk_bin_collection/councils/TendringDistrictCouncil.py:73: in parse_data\n    dropdownSelect.select_by_value(str(user_uprn))\n_ _ _ _ _ _ _ _ _ _ _ _ _ _ _ _ _ _ _ _ _ _ _ _ _ _ _ _ _ _ _ _ _ _ _ _ _ _ _ _ \n\nself = <selenium.webdriver.support.select.Select object at 0x7ff978e80190>\nvalue = '100090604247'\n\n    def select_by_value(self, value: str) -> None:\n        \"\"\"Select all options that have a value matching the argument. That is,\n        when given \"foo\" this would select an option like:\n    \n        <option value=\"foo\">Bar</option>\n    \n        :Args:\n         - value - The value to match against\n    \n        throws NoSuchElementException If there is no option with specified value in SELECT\n        \"\"\"\n        css = f\"option[value ={self._escape_string(value)}]\"\n        opts = self._el.find_elements(By.CSS_SELECTOR, css)\n        matched = False\n        for opt in opts:\n            self._set_selected(opt)\n            if not self.is_multiple:\n                return\n            matched = True\n        if not matched:\n>           raise NoSuchElementException(f\"Cannot locate option with value: {value}\")\nE           selenium.common.exceptions.NoSuchElementException: Message: Cannot locate option with value: 100090604247; For documentation on this error, please visit: https://www.selenium.dev/documentation/webdriver/troubleshooting/errors#no-such-element-exception\n\n../../../.cache/pypoetry/virtualenvs/uk-bin-collection-EwS6Gn8s-py3.11/lib/python3.11/site-packages/selenium/webdriver/support/select.py:84: NoSuchElementException","steps":[{"name":"Given the council","time":{"start":1722903917428,"stop":1722903917428,"duration":0},"status":"passed","steps":[],"attachments":[],"parameters":[],"shouldDisplayMessage":false,"stepsCount":0,"attachmentsCount":0,"hasContent":false,"attachmentStep":false},{"name":"When we scrape the data from the council","time":{"start":1722903917428,"stop":1722903933040,"duration":15612},"status":"failed","statusMessage":"Message: Cannot locate option with value: 100090604247; For documentation on this error, please visit: https://www.selenium.dev/documentation/webdriver/troubleshooting/errors#no-such-element-exception\n","statusTrace":"selenium.common.exceptions.NoSuchElementException: Message: Cannot locate option with value: 100090604247; For documentation on this error, please visit: https://www.selenium.dev/documentation/webdriver/troubleshooting/errors#no-such-element-exception\n\n","steps":[],"attachments":[],"parameters":[],"shouldDisplayMessage":true,"stepsCount":0,"attachmentsCount":0,"hasContent":true,"attachmentStep":false}],"attachments":[{"uid":"acc0a09371b16964","name":"stdout","source":"acc0a09371b16964.txt","type":"text/plain","size":271}],"parameters":[],"shouldDisplayMessage":true,"stepsCount":2,"attachmentsCount":1,"hasContent":true,"attachmentStep":false},"afterStages":[],"labels":[{"name":"host","value":"fv-az1445-377"},{"name":"thread","value":"2752-MainThread"},{"name":"framework","value":"pytest-bdd"},{"name":"language","value":"cpython3"},{"name":"feature","value":"Test each council output matches expected results"},{"name":"resultFormat","value":"allure2"}],"parameters":[{"name":"council","value":"TendringDistrictCouncil"}],"links":[],"hidden":false,"retry":false,"extra":{"severity":"normal","retries":[],"categories":[{"name":"Product defects","matchedStatuses":[],"flaky":false}],"history":{"statistic":{"failed":7,"broken":0,"skipped":0,"passed":64,"unknown":0,"total":71},"items":[{"uid":"71219e26094161f7","reportUrl":"https://robbrad.github.io/UKBinCollectionData/3.11/2006//#testresult/71219e26094161f7","status":"passed","time":{"start":1722817767841,"stop":1722817795110,"duration":27269}},{"uid":"9447b567bf67ad9","reportUrl":"https://robbrad.github.io/UKBinCollectionData/3.11/2005//#testresult/9447b567bf67ad9","status":"passed","time":{"start":1722731116298,"stop":1722731138548,"duration":22250}},{"uid":"65596735a7466bbe","reportUrl":"https://robbrad.github.io/UKBinCollectionData/3.11/2004//#testresult/65596735a7466bbe","status":"passed","time":{"start":1722644801248,"stop":1722644821050,"duration":19802}},{"uid":"7c7cd5685c21d60a","reportUrl":"https://robbrad.github.io/UKBinCollectionData/3.11/2003//#testresult/7c7cd5685c21d60a","status":"failed","statusDetails":"selenium.common.exceptions.NoSuchElementException: Message: Cannot locate option with value: 100090604247; For documentation on this error, please visit: https://www.selenium.dev/documentation/webdriver/troubleshooting/errors#no-such-element-exception","time":{"start":1722558343794,"stop":1722558366190,"duration":22396}},{"uid":"17924cbfccaef755","reportUrl":"https://robbrad.github.io/UKBinCollectionData/3.11/2002//#testresult/17924cbfccaef755","status":"passed","time":{"start":1722471797796,"stop":1722471825653,"duration":27857}},{"uid":"65259b2e1b4fed00","reportUrl":"https://robbrad.github.io/UKBinCollectionData/3.11/1998//#testresult/65259b2e1b4fed00","status":"passed","time":{"start":1722385490615,"stop":1722385510274,"duration":19659}},{"uid":"f2f41dfaabf7ba32","reportUrl":"https://robbrad.github.io/UKBinCollectionData/3.11/1997//#testresult/f2f41dfaabf7ba32","status":"passed","time":{"start":1722299035037,"stop":1722299054148,"duration":19111}},{"uid":"6cea02d20cdd7a5e","reportUrl":"https://robbrad.github.io/UKBinCollectionData/3.11/1996//#testresult/6cea02d20cdd7a5e","status":"passed","time":{"start":1722212620893,"stop":1722212640251,"duration":19358}},{"uid":"51b2394486050c16","reportUrl":"https://robbrad.github.io/UKBinCollectionData/3.11/1995//#testresult/51b2394486050c16","status":"passed","time":{"start":1722126147651,"stop":1722126165929,"duration":18278}},{"uid":"d4d8a241c04353db","reportUrl":"https://robbrad.github.io/UKBinCollectionData/3.11/1994//#testresult/d4d8a241c04353db","status":"passed","time":{"start":1722039903283,"stop":1722039933785,"duration":30502}},{"uid":"3c7f4559d81cecab","reportUrl":"https://robbrad.github.io/UKBinCollectionData/3.11/1993//#testresult/3c7f4559d81cecab","status":"passed","time":{"start":1721953458791,"stop":1721953483509,"duration":24718}},{"uid":"d7fca1ad2a2b499","reportUrl":"https://robbrad.github.io/UKBinCollectionData/3.11/1992//#testresult/d7fca1ad2a2b499","status":"passed","time":{"start":1721867083557,"stop":1721867109278,"duration":25721}},{"uid":"cf33192b8c53481b","reportUrl":"https://robbrad.github.io/UKBinCollectionData/3.11/1991//#testresult/cf33192b8c53481b","status":"passed","time":{"start":1721780633731,"stop":1721780663227,"duration":29496}},{"uid":"1f8928e145356e01","reportUrl":"https://robbrad.github.io/UKBinCollectionData/3.11/1990//#testresult/1f8928e145356e01","status":"passed","time":{"start":1721694184432,"stop":1721694201488,"duration":17056}},{"uid":"56ad17f01d19fc45","reportUrl":"https://robbrad.github.io/UKBinCollectionData/3.11/1989//#testresult/56ad17f01d19fc45","status":"passed","time":{"start":1721607615331,"stop":1721607771982,"duration":156651}},{"uid":"208679748ea12023","reportUrl":"https://robbrad.github.io/UKBinCollectionData/3.11/1988//#testresult/208679748ea12023","status":"passed","time":{"start":1721521373917,"stop":1721521392671,"duration":18754}},{"uid":"5c7fe5445e656a6c","reportUrl":"https://robbrad.github.io/UKBinCollectionData/3.11/1987//#testresult/5c7fe5445e656a6c","status":"passed","time":{"start":1721434972181,"stop":1721435154319,"duration":182138}},{"uid":"3d4dc37fca39bff0","reportUrl":"https://robbrad.github.io/UKBinCollectionData/3.11/1986//#testresult/3d4dc37fca39bff0","status":"passed","time":{"start":1721373066571,"stop":1721373088649,"duration":22078}},{"uid":"6f0ecb31b51b079","reportUrl":"https://robbrad.github.io/UKBinCollectionData/3.11/1985//#testresult/6f0ecb31b51b079","status":"passed","time":{"start":1721264052997,"stop":1721264072854,"duration":19857}},{"uid":"d05f2e93cf715753","reportUrl":"https://robbrad.github.io/UKBinCollectionData/3.11/1984//#testresult/d05f2e93cf715753","status":"passed","time":{"start":1721177514676,"stop":1721177533751,"duration":19075}}]},"tags":[]},"source":"e14ed70ed07438b.json","parameterValues":["TendringDistrictCouncil"]}