{"uid":"9d08d30cba099a7c","name":"Validate Council Output [NeathPortTalbotCouncil-http://selenium:4444-local]","fullName":"features/validate_council_outputs.feature:Validate Council Output","historyId":"68717d64a9b5b73045a4198b6f1e2a64","time":{"start":1706747316899,"stop":1706747321982,"duration":5083},"status":"failed","statusMessage":"selenium.common.exceptions.NoSuchElementException: Message: no such element: Unable to locate element: {\"method\":\"css selector\",\"selector\":\"[id=\"ContentPlaceHolderDefault_ctl13_nptLLPG2_25_addresslookup_txtTmpPostcode\"]\"}\n  (Session info: chrome-headless-shell=121.0.6167.85); For documentation on this error, please visit: https://www.selenium.dev/documentation/webdriver/troubleshooting/errors#no-such-element-exception\nStacktrace:\n#0 0x56467fd16d93 <unknown>\n#1 0x56467f9fa337 <unknown>\n#2 0x56467fa45d60 <unknown>\n#3 0x56467fa45e51 <unknown>\n#4 0x56467fa89bc4 <unknown>\n#5 0x56467fa6846d <unknown>\n#6 0x56467fa8712d <unknown>\n#7 0x56467fa681e3 <unknown>\n#8 0x56467fa38135 <unknown>\n#9 0x56467fa3913e <unknown>\n#10 0x56467fcdae4b <unknown>\n#11 0x56467fcdedfa <unknown>\n#12 0x56467fcc76d5 <unknown>\n#13 0x56467fcdfa6f <unknown>\n#14 0x56467fcab69f <unknown>\n#15 0x56467fd04098 <unknown>\n#16 0x56467fd04262 <unknown>\n#17 0x56467fd15f34 <unknown>\n#18 0x7f90ab494ac3 <unknown>","statusTrace":"fixturefunc = <function scrape_step at 0x7f8dff1ebf60>\nrequest = <FixtureRequest for <Function test_scenario_outline[NeathPortTalbotCouncil-http://selenium:4444-local]>>\nkwargs = {'context': <test_validate_council.context.<locals>.Context object at 0x7f8e121b8810>, 'council': 'NeathPortTalbotCouncil', 'selenium_mode': 'local', 'selenium_url': 'http://selenium:4444'}\n\n    def call_fixture_func(\n        fixturefunc: \"_FixtureFunc[FixtureValue]\", request: FixtureRequest, kwargs\n    ) -> FixtureValue:\n        if is_generator(fixturefunc):\n            fixturefunc = cast(\n                Callable[..., Generator[FixtureValue, None, None]], fixturefunc\n            )\n            generator = fixturefunc(**kwargs)\n            try:\n                fixture_result = next(generator)\n            except StopIteration:\n                raise ValueError(f\"{request.fixturename} did not yield a value\") from None\n            finalizer = functools.partial(_teardown_yield_fixture, fixturefunc, generator)\n            request.addfinalizer(finalizer)\n        else:\n            fixturefunc = cast(Callable[..., FixtureValue], fixturefunc)\n>           fixture_result = fixturefunc(**kwargs)\n\n../../../.cache/pypoetry/virtualenvs/uk-bin-collection-EwS6Gn8s-py3.11/lib/python3.11/site-packages/_pytest/fixtures.py:902: \n_ _ _ _ _ _ _ _ _ _ _ _ _ _ _ _ _ _ _ _ _ _ _ _ _ _ _ _ _ _ _ _ _ _ _ _ _ _ _ _ \nuk_bin_collection/tests/step_defs/test_validate_council.py:92: in scrape_step\n    context.parse_result = CollectData.run()\nuk_bin_collection/uk_bin_collection/collect_data.py:96: in run\n    return self.client_code(\nuk_bin_collection/uk_bin_collection/collect_data.py:115: in client_code\n    return get_bin_data_class.template_method(address_url, **kwargs)\nuk_bin_collection/uk_bin_collection/get_bin_data.py:78: in template_method\n    bin_data_dict = self.parse_data(\nuk_bin_collection/uk_bin_collection/councils/NeathPortTalbotCouncil.py:42: in parse_data\n    inputElement_postcode = driver.find_element(\n../../../.cache/pypoetry/virtualenvs/uk-bin-collection-EwS6Gn8s-py3.11/lib/python3.11/site-packages/selenium/webdriver/remote/webdriver.py:738: in find_element\n    return self.execute(Command.FIND_ELEMENT, {\"using\": by, \"value\": value})[\"value\"]\n../../../.cache/pypoetry/virtualenvs/uk-bin-collection-EwS6Gn8s-py3.11/lib/python3.11/site-packages/selenium/webdriver/remote/webdriver.py:344: in execute\n    self.error_handler.check_response(response)\n_ _ _ _ _ _ _ _ _ _ _ _ _ _ _ _ _ _ _ _ _ _ _ _ _ _ _ _ _ _ _ _ _ _ _ _ _ _ _ _ \n\nself = <selenium.webdriver.remote.errorhandler.ErrorHandler object at 0x7f8dfe7946d0>\nresponse = {'status': 404, 'value': '{\"value\":{\"error\":\"no such element\",\"message\":\"no such element: Unable to locate element: {\\...\\\\n#16 0x56467fd04262 \\\\u003Cunknown>\\\\n#17 0x56467fd15f34 \\\\u003Cunknown>\\\\n#18 0x7f90ab494ac3 \\\\u003Cunknown>\\\\n\"}}'}\n\n    def check_response(self, response: Dict[str, Any]) -> None:\n        \"\"\"Checks that a JSON response from the WebDriver does not have an\n        error.\n    \n        :Args:\n         - response - The JSON response from the WebDriver server as a dictionary\n           object.\n    \n        :Raises: If the response contains an error message.\n        \"\"\"\n        status = response.get(\"status\", None)\n        if not status or status == ErrorCode.SUCCESS:\n            return\n        value = None\n        message = response.get(\"message\", \"\")\n        screen: str = response.get(\"screen\", \"\")\n        stacktrace = None\n        if isinstance(status, int):\n            value_json = response.get(\"value\", None)\n            if value_json and isinstance(value_json, str):\n                import json\n    \n                try:\n                    value = json.loads(value_json)\n                    if len(value) == 1:\n                        value = value[\"value\"]\n                    status = value.get(\"error\", None)\n                    if not status:\n                        status = value.get(\"status\", ErrorCode.UNKNOWN_ERROR)\n                        message = value.get(\"value\") or value.get(\"message\")\n                        if not isinstance(message, str):\n                            value = message\n                            message = message.get(\"message\")\n                    else:\n                        message = value.get(\"message\", None)\n                except ValueError:\n                    pass\n    \n        exception_class: Type[WebDriverException]\n        e = ErrorCode()\n        error_codes = [item for item in dir(e) if not item.startswith(\"__\")]\n        for error_code in error_codes:\n            error_info = getattr(ErrorCode, error_code)\n            if isinstance(error_info, list) and status in error_info:\n                exception_class = getattr(ExceptionMapping, error_code, WebDriverException)\n                break\n        else:\n            exception_class = WebDriverException\n    \n        if not value:\n            value = response[\"value\"]\n        if isinstance(value, str):\n            raise exception_class(value)\n        if message == \"\" and \"message\" in value:\n            message = value[\"message\"]\n    \n        screen = None  # type: ignore[assignment]\n        if \"screen\" in value:\n            screen = value[\"screen\"]\n    \n        stacktrace = None\n        st_value = value.get(\"stackTrace\") or value.get(\"stacktrace\")\n        if st_value:\n            if isinstance(st_value, str):\n                stacktrace = st_value.split(\"\\n\")\n            else:\n                stacktrace = []\n                try:\n                    for frame in st_value:\n                        line = frame.get(\"lineNumber\", \"\")\n                        file = frame.get(\"fileName\", \"<anonymous>\")\n                        if line:\n                            file = f\"{file}:{line}\"\n                        meth = frame.get(\"methodName\", \"<anonymous>\")\n                        if \"className\" in frame:\n                            meth = f\"{frame['className']}.{meth}\"\n                        msg = \"    at %s (%s)\"\n                        msg = msg % (meth, file)\n                        stacktrace.append(msg)\n                except TypeError:\n                    pass\n        if exception_class == UnexpectedAlertPresentException:\n            alert_text = None\n            if \"data\" in value:\n                alert_text = value[\"data\"].get(\"text\")\n            elif \"alert\" in value:\n                alert_text = value[\"alert\"].get(\"text\")\n            raise exception_class(message, screen, stacktrace, alert_text)  # type: ignore[call-arg]  # mypy is not smart enough here\n>       raise exception_class(message, screen, stacktrace)\nE       selenium.common.exceptions.NoSuchElementException: Message: no such element: Unable to locate element: {\"method\":\"css selector\",\"selector\":\"[id=\"ContentPlaceHolderDefault_ctl13_nptLLPG2_25_addresslookup_txtTmpPostcode\"]\"}\nE         (Session info: chrome-headless-shell=121.0.6167.85); For documentation on this error, please visit: https://www.selenium.dev/documentation/webdriver/troubleshooting/errors#no-such-element-exception\nE       Stacktrace:\nE       #0 0x56467fd16d93 <unknown>\nE       #1 0x56467f9fa337 <unknown>\nE       #2 0x56467fa45d60 <unknown>\nE       #3 0x56467fa45e51 <unknown>\nE       #4 0x56467fa89bc4 <unknown>\nE       #5 0x56467fa6846d <unknown>\nE       #6 0x56467fa8712d <unknown>\nE       #7 0x56467fa681e3 <unknown>\nE       #8 0x56467fa38135 <unknown>\nE       #9 0x56467fa3913e <unknown>\nE       #10 0x56467fcdae4b <unknown>\nE       #11 0x56467fcdedfa <unknown>\nE       #12 0x56467fcc76d5 <unknown>\nE       #13 0x56467fcdfa6f <unknown>\nE       #14 0x56467fcab69f <unknown>\nE       #15 0x56467fd04098 <unknown>\nE       #16 0x56467fd04262 <unknown>\nE       #17 0x56467fd15f34 <unknown>\nE       #18 0x7f90ab494ac3 <unknown>\n\n../../../.cache/pypoetry/virtualenvs/uk-bin-collection-EwS6Gn8s-py3.11/lib/python3.11/site-packages/selenium/webdriver/remote/errorhandler.py:229: NoSuchElementException","flaky":false,"newFailed":false,"newBroken":false,"newPassed":false,"retriesCount":0,"retriesStatusChange":false,"beforeStages":[],"testStage":{"status":"failed","statusMessage":"selenium.common.exceptions.NoSuchElementException: Message: no such element: Unable to locate element: {\"method\":\"css selector\",\"selector\":\"[id=\"ContentPlaceHolderDefault_ctl13_nptLLPG2_25_addresslookup_txtTmpPostcode\"]\"}\n  (Session info: chrome-headless-shell=121.0.6167.85); For documentation on this error, please visit: https://www.selenium.dev/documentation/webdriver/troubleshooting/errors#no-such-element-exception\nStacktrace:\n#0 0x56467fd16d93 <unknown>\n#1 0x56467f9fa337 <unknown>\n#2 0x56467fa45d60 <unknown>\n#3 0x56467fa45e51 <unknown>\n#4 0x56467fa89bc4 <unknown>\n#5 0x56467fa6846d <unknown>\n#6 0x56467fa8712d <unknown>\n#7 0x56467fa681e3 <unknown>\n#8 0x56467fa38135 <unknown>\n#9 0x56467fa3913e <unknown>\n#10 0x56467fcdae4b <unknown>\n#11 0x56467fcdedfa <unknown>\n#12 0x56467fcc76d5 <unknown>\n#13 0x56467fcdfa6f <unknown>\n#14 0x56467fcab69f <unknown>\n#15 0x56467fd04098 <unknown>\n#16 0x56467fd04262 <unknown>\n#17 0x56467fd15f34 <unknown>\n#18 0x7f90ab494ac3 <unknown>","statusTrace":"fixturefunc = <function scrape_step at 0x7f8dff1ebf60>\nrequest = <FixtureRequest for <Function test_scenario_outline[NeathPortTalbotCouncil-http://selenium:4444-local]>>\nkwargs = {'context': <test_validate_council.context.<locals>.Context object at 0x7f8e121b8810>, 'council': 'NeathPortTalbotCouncil', 'selenium_mode': 'local', 'selenium_url': 'http://selenium:4444'}\n\n    def call_fixture_func(\n        fixturefunc: \"_FixtureFunc[FixtureValue]\", request: FixtureRequest, kwargs\n    ) -> FixtureValue:\n        if is_generator(fixturefunc):\n            fixturefunc = cast(\n                Callable[..., Generator[FixtureValue, None, None]], fixturefunc\n            )\n            generator = fixturefunc(**kwargs)\n            try:\n                fixture_result = next(generator)\n            except StopIteration:\n                raise ValueError(f\"{request.fixturename} did not yield a value\") from None\n            finalizer = functools.partial(_teardown_yield_fixture, fixturefunc, generator)\n            request.addfinalizer(finalizer)\n        else:\n            fixturefunc = cast(Callable[..., FixtureValue], fixturefunc)\n>           fixture_result = fixturefunc(**kwargs)\n\n../../../.cache/pypoetry/virtualenvs/uk-bin-collection-EwS6Gn8s-py3.11/lib/python3.11/site-packages/_pytest/fixtures.py:902: \n_ _ _ _ _ _ _ _ _ _ _ _ _ _ _ _ _ _ _ _ _ _ _ _ _ _ _ _ _ _ _ _ _ _ _ _ _ _ _ _ \nuk_bin_collection/tests/step_defs/test_validate_council.py:92: in scrape_step\n    context.parse_result = CollectData.run()\nuk_bin_collection/uk_bin_collection/collect_data.py:96: in run\n    return self.client_code(\nuk_bin_collection/uk_bin_collection/collect_data.py:115: in client_code\n    return get_bin_data_class.template_method(address_url, **kwargs)\nuk_bin_collection/uk_bin_collection/get_bin_data.py:78: in template_method\n    bin_data_dict = self.parse_data(\nuk_bin_collection/uk_bin_collection/councils/NeathPortTalbotCouncil.py:42: in parse_data\n    inputElement_postcode = driver.find_element(\n../../../.cache/pypoetry/virtualenvs/uk-bin-collection-EwS6Gn8s-py3.11/lib/python3.11/site-packages/selenium/webdriver/remote/webdriver.py:738: in find_element\n    return self.execute(Command.FIND_ELEMENT, {\"using\": by, \"value\": value})[\"value\"]\n../../../.cache/pypoetry/virtualenvs/uk-bin-collection-EwS6Gn8s-py3.11/lib/python3.11/site-packages/selenium/webdriver/remote/webdriver.py:344: in execute\n    self.error_handler.check_response(response)\n_ _ _ _ _ _ _ _ _ _ _ _ _ _ _ _ _ _ _ _ _ _ _ _ _ _ _ _ _ _ _ _ _ _ _ _ _ _ _ _ \n\nself = <selenium.webdriver.remote.errorhandler.ErrorHandler object at 0x7f8dfe7946d0>\nresponse = {'status': 404, 'value': '{\"value\":{\"error\":\"no such element\",\"message\":\"no such element: Unable to locate element: {\\...\\\\n#16 0x56467fd04262 \\\\u003Cunknown>\\\\n#17 0x56467fd15f34 \\\\u003Cunknown>\\\\n#18 0x7f90ab494ac3 \\\\u003Cunknown>\\\\n\"}}'}\n\n    def check_response(self, response: Dict[str, Any]) -> None:\n        \"\"\"Checks that a JSON response from the WebDriver does not have an\n        error.\n    \n        :Args:\n         - response - The JSON response from the WebDriver server as a dictionary\n           object.\n    \n        :Raises: If the response contains an error message.\n        \"\"\"\n        status = response.get(\"status\", None)\n        if not status or status == ErrorCode.SUCCESS:\n            return\n        value = None\n        message = response.get(\"message\", \"\")\n        screen: str = response.get(\"screen\", \"\")\n        stacktrace = None\n        if isinstance(status, int):\n            value_json = response.get(\"value\", None)\n            if value_json and isinstance(value_json, str):\n                import json\n    \n                try:\n                    value = json.loads(value_json)\n                    if len(value) == 1:\n                        value = value[\"value\"]\n                    status = value.get(\"error\", None)\n                    if not status:\n                        status = value.get(\"status\", ErrorCode.UNKNOWN_ERROR)\n                        message = value.get(\"value\") or value.get(\"message\")\n                        if not isinstance(message, str):\n                            value = message\n                            message = message.get(\"message\")\n                    else:\n                        message = value.get(\"message\", None)\n                except ValueError:\n                    pass\n    \n        exception_class: Type[WebDriverException]\n        e = ErrorCode()\n        error_codes = [item for item in dir(e) if not item.startswith(\"__\")]\n        for error_code in error_codes:\n            error_info = getattr(ErrorCode, error_code)\n            if isinstance(error_info, list) and status in error_info:\n                exception_class = getattr(ExceptionMapping, error_code, WebDriverException)\n                break\n        else:\n            exception_class = WebDriverException\n    \n        if not value:\n            value = response[\"value\"]\n        if isinstance(value, str):\n            raise exception_class(value)\n        if message == \"\" and \"message\" in value:\n            message = value[\"message\"]\n    \n        screen = None  # type: ignore[assignment]\n        if \"screen\" in value:\n            screen = value[\"screen\"]\n    \n        stacktrace = None\n        st_value = value.get(\"stackTrace\") or value.get(\"stacktrace\")\n        if st_value:\n            if isinstance(st_value, str):\n                stacktrace = st_value.split(\"\\n\")\n            else:\n                stacktrace = []\n                try:\n                    for frame in st_value:\n                        line = frame.get(\"lineNumber\", \"\")\n                        file = frame.get(\"fileName\", \"<anonymous>\")\n                        if line:\n                            file = f\"{file}:{line}\"\n                        meth = frame.get(\"methodName\", \"<anonymous>\")\n                        if \"className\" in frame:\n                            meth = f\"{frame['className']}.{meth}\"\n                        msg = \"    at %s (%s)\"\n                        msg = msg % (meth, file)\n                        stacktrace.append(msg)\n                except TypeError:\n                    pass\n        if exception_class == UnexpectedAlertPresentException:\n            alert_text = None\n            if \"data\" in value:\n                alert_text = value[\"data\"].get(\"text\")\n            elif \"alert\" in value:\n                alert_text = value[\"alert\"].get(\"text\")\n            raise exception_class(message, screen, stacktrace, alert_text)  # type: ignore[call-arg]  # mypy is not smart enough here\n>       raise exception_class(message, screen, stacktrace)\nE       selenium.common.exceptions.NoSuchElementException: Message: no such element: Unable to locate element: {\"method\":\"css selector\",\"selector\":\"[id=\"ContentPlaceHolderDefault_ctl13_nptLLPG2_25_addresslookup_txtTmpPostcode\"]\"}\nE         (Session info: chrome-headless-shell=121.0.6167.85); For documentation on this error, please visit: https://www.selenium.dev/documentation/webdriver/troubleshooting/errors#no-such-element-exception\nE       Stacktrace:\nE       #0 0x56467fd16d93 <unknown>\nE       #1 0x56467f9fa337 <unknown>\nE       #2 0x56467fa45d60 <unknown>\nE       #3 0x56467fa45e51 <unknown>\nE       #4 0x56467fa89bc4 <unknown>\nE       #5 0x56467fa6846d <unknown>\nE       #6 0x56467fa8712d <unknown>\nE       #7 0x56467fa681e3 <unknown>\nE       #8 0x56467fa38135 <unknown>\nE       #9 0x56467fa3913e <unknown>\nE       #10 0x56467fcdae4b <unknown>\nE       #11 0x56467fcdedfa <unknown>\nE       #12 0x56467fcc76d5 <unknown>\nE       #13 0x56467fcdfa6f <unknown>\nE       #14 0x56467fcab69f <unknown>\nE       #15 0x56467fd04098 <unknown>\nE       #16 0x56467fd04262 <unknown>\nE       #17 0x56467fd15f34 <unknown>\nE       #18 0x7f90ab494ac3 <unknown>\n\n../../../.cache/pypoetry/virtualenvs/uk-bin-collection-EwS6Gn8s-py3.11/lib/python3.11/site-packages/selenium/webdriver/remote/errorhandler.py:229: NoSuchElementException","steps":[{"name":"Given the council: NeathPortTalbotCouncil","time":{"start":1706747316900,"stop":1706747316900,"duration":0},"status":"passed","steps":[],"attachments":[],"parameters":[],"shouldDisplayMessage":false,"stepsCount":0,"attachmentsCount":0,"hasContent":false,"attachmentStep":false},{"name":"When we scrape the data from NeathPortTalbotCouncil using local and the http://selenium:4444 is set","time":{"start":1706747316900,"stop":1706747321982,"duration":5082},"status":"failed","statusMessage":"Message: no such element: Unable to locate element: {\"method\":\"css selector\",\"selector\":\"[id=\"ContentPlaceHolderDefault_ctl13_nptLLPG2_25_addresslookup_txtTmpPostcode\"]\"}\n  (Session info: chrome-headless-shell=121.0.6167.85); For documentation on this error, please visit: https://www.selenium.dev/documentation/webdriver/troubleshooting/errors#no-such-element-exception\nStacktrace:\n#0 0x56467fd16d93 <unknown>\n#1 0x56467f9fa337 <unknown>\n#2 0x56467fa45d60 <unknown>\n#3 0x56467fa45e51 <unknown>\n#4 0x56467fa89bc4 <unknown>\n#5 0x56467fa6846d <unknown>\n#6 0x56467fa8712d <unknown>\n#7 0x56467fa681e3 <unknown>\n#8 0x56467fa38135 <unknown>\n#9 0x56467fa3913e <unknown>\n#10 0x56467fcdae4b <unknown>\n#11 0x56467fcdedfa <unknown>\n#12 0x56467fcc76d5 <unknown>\n#13 0x56467fcdfa6f <unknown>\n#14 0x56467fcab69f <unknown>\n#15 0x56467fd04098 <unknown>\n#16 0x56467fd04262 <unknown>\n#17 0x56467fd15f34 <unknown>\n#18 0x7f90ab494ac3 <unknown>\n","statusTrace":"selenium.common.exceptions.NoSuchElementException: Message: no such element: Unable to locate element: {\"method\":\"css selector\",\"selector\":\"[id=\"ContentPlaceHolderDefault_ctl13_nptLLPG2_25_addresslookup_txtTmpPostcode\"]\"}\n  (Session info: chrome-headless-shell=121.0.6167.85); For documentation on this error, please visit: https://www.selenium.dev/documentation/webdriver/troubleshooting/errors#no-such-element-exception\nStacktrace:\n#0 0x56467fd16d93 <unknown>\n#1 0x56467f9fa337 <unknown>\n#2 0x56467fa45d60 <unknown>\n#3 0x56467fa45e51 <unknown>\n#4 0x56467fa89bc4 <unknown>\n#5 0x56467fa6846d <unknown>\n#6 0x56467fa8712d <unknown>\n#7 0x56467fa681e3 <unknown>\n#8 0x56467fa38135 <unknown>\n#9 0x56467fa3913e <unknown>\n#10 0x56467fcdae4b <unknown>\n#11 0x56467fcdedfa <unknown>\n#12 0x56467fcc76d5 <unknown>\n#13 0x56467fcdfa6f <unknown>\n#14 0x56467fcab69f <unknown>\n#15 0x56467fd04098 <unknown>\n#16 0x56467fd04262 <unknown>\n#17 0x56467fd15f34 <unknown>\n#18 0x7f90ab494ac3 <unknown>\n\n","steps":[],"attachments":[],"parameters":[],"shouldDisplayMessage":true,"stepsCount":0,"attachmentsCount":0,"hasContent":true,"attachmentStep":false}],"attachments":[],"parameters":[],"shouldDisplayMessage":true,"stepsCount":2,"attachmentsCount":0,"hasContent":true,"attachmentStep":false},"afterStages":[],"labels":[{"name":"host","value":"fv-az914-428"},{"name":"thread","value":"2855-MainThread"},{"name":"framework","value":"pytest-bdd"},{"name":"language","value":"cpython3"},{"name":"feature","value":"Test each council output matches expected results"},{"name":"resultFormat","value":"allure2"}],"parameters":[{"name":"council","value":"NeathPortTalbotCouncil"},{"name":"selenium_mode","value":"local"},{"name":"selenium_url","value":"http://selenium:4444"}],"links":[],"hidden":false,"retry":false,"extra":{"severity":"normal","retries":[],"categories":[{"name":"Product defects","matchedStatuses":[],"flaky":false}],"history":{"statistic":{"failed":168,"broken":0,"skipped":0,"passed":14,"unknown":0,"total":182},"items":[{"uid":"368ee7b30883f3d4","reportUrl":"https://robbrad.github.io/UKBinCollectionData/3.11/1537//#testresult/368ee7b30883f3d4","status":"failed","statusDetails":"selenium.common.exceptions.NoSuchElementException: Message: no such element: Unable to locate element: {\"method\":\"css selector\",\"selector\":\"[id=\"ContentPlaceHolderDefault_ctl13_nptLLPG2_25_addresslookup_txtTmpPostcode\"]\"}\n  (Session info: chrome-headless-shell=120.0.6099.224); For documentation on this error, please visit: https://www.selenium.dev/documentation/webdriver/troubleshooting/errors#no-such-element-exception\nStacktrace:\n#0 0x55fffdae2f83 <unknown>\n#1 0x55fffd79bcf7 <unknown>\n#2 0x55fffd7eb99e <unknown>\n#3 0x55fffd7ebaa1 <unknown>\n#4 0x55fffd836d64 <unknown>\n#5 0x55fffd8150dd <unknown>\n#6 0x55fffd834006 <unknown>\n#7 0x55fffd814e53 <unknown>\n#8 0x55fffd7dcdd4 <unknown>\n#9 0x55fffd7de1de <unknown>\n#10 0x55fffdaa7531 <unknown>\n#11 0x55fffdaab455 <unknown>\n#12 0x55fffda93f55 <unknown>\n#13 0x55fffdaac0ef <unknown>\n#14 0x55fffda7799f <unknown>\n#15 0x55fffdad0008 <unknown>\n#16 0x55fffdad01d7 <unknown>\n#17 0x55fffdae2124 <unknown>\n#18 0x7f25f2094ac3 <unknown>","time":{"start":1706660857680,"stop":1706660862552,"duration":4872}},{"uid":"9f61f9eae07ded74","reportUrl":"https://robbrad.github.io/UKBinCollectionData/3.11/1535//#testresult/9f61f9eae07ded74","status":"failed","statusDetails":"selenium.common.exceptions.NoSuchElementException: Message: no such element: Unable to locate element: {\"method\":\"css selector\",\"selector\":\"[id=\"ContentPlaceHolderDefault_ctl13_nptLLPG2_25_addresslookup_txtTmpPostcode\"]\"}\n  (Session info: chrome-headless-shell=120.0.6099.224); For documentation on this error, please visit: https://www.selenium.dev/documentation/webdriver/troubleshooting/errors#no-such-element-exception\nStacktrace:\n#0 0x562d39327f83 <unknown>\n#1 0x562d38fe0cf7 <unknown>\n#2 0x562d3903099e <unknown>\n#3 0x562d39030aa1 <unknown>\n#4 0x562d3907bd64 <unknown>\n#5 0x562d3905a0dd <unknown>\n#6 0x562d39079006 <unknown>\n#7 0x562d39059e53 <unknown>\n#8 0x562d39021dd4 <unknown>\n#9 0x562d390231de <unknown>\n#10 0x562d392ec531 <unknown>\n#11 0x562d392f0455 <unknown>\n#12 0x562d392d8f55 <unknown>\n#13 0x562d392f10ef <unknown>\n#14 0x562d392bc99f <unknown>\n#15 0x562d39315008 <unknown>\n#16 0x562d393151d7 <unknown>\n#17 0x562d39327124 <unknown>\n#18 0x7f48b0a94ac3 <unknown>","time":{"start":1706574399145,"stop":1706574403668,"duration":4523}},{"uid":"c3e7699ce0a608ab","reportUrl":"https://robbrad.github.io/UKBinCollectionData/3.11/1534//#testresult/c3e7699ce0a608ab","status":"failed","statusDetails":"selenium.common.exceptions.NoSuchElementException: Message: no such element: Unable to locate element: {\"method\":\"css selector\",\"selector\":\"[id=\"ContentPlaceHolderDefault_ctl13_nptLLPG2_25_addresslookup_txtTmpPostcode\"]\"}\n  (Session info: chrome-headless-shell=120.0.6099.224); For documentation on this error, please visit: https://www.selenium.dev/documentation/webdriver/troubleshooting/errors#no-such-element-exception\nStacktrace:\n#0 0x55f3eb8fff83 <unknown>\n#1 0x55f3eb5b8cf7 <unknown>\n#2 0x55f3eb60899e <unknown>\n#3 0x55f3eb608aa1 <unknown>\n#4 0x55f3eb653d64 <unknown>\n#5 0x55f3eb6320dd <unknown>\n#6 0x55f3eb651006 <unknown>\n#7 0x55f3eb631e53 <unknown>\n#8 0x55f3eb5f9dd4 <unknown>\n#9 0x55f3eb5fb1de <unknown>\n#10 0x55f3eb8c4531 <unknown>\n#11 0x55f3eb8c8455 <unknown>\n#12 0x55f3eb8b0f55 <unknown>\n#13 0x55f3eb8c90ef <unknown>\n#14 0x55f3eb89499f <unknown>\n#15 0x55f3eb8ed008 <unknown>\n#16 0x55f3eb8ed1d7 <unknown>\n#17 0x55f3eb8ff124 <unknown>\n#18 0x7ff5bc094ac3 <unknown>","time":{"start":1706488078758,"stop":1706488083611,"duration":4853}},{"uid":"98935956147874b2","reportUrl":"https://robbrad.github.io/UKBinCollectionData/3.11/1531//#testresult/98935956147874b2","status":"failed","statusDetails":"selenium.common.exceptions.NoSuchElementException: Message: no such element: Unable to locate element: {\"method\":\"css selector\",\"selector\":\"[id=\"ContentPlaceHolderDefault_ctl13_nptLLPG2_25_addresslookup_txtTmpPostcode\"]\"}\n  (Session info: chrome-headless-shell=120.0.6099.224); For documentation on this error, please visit: https://www.selenium.dev/documentation/webdriver/troubleshooting/errors#no-such-element-exception\nStacktrace:\n#0 0x564cd7240f83 <unknown>\n#1 0x564cd6ef9cf7 <unknown>\n#2 0x564cd6f4999e <unknown>\n#3 0x564cd6f49aa1 <unknown>\n#4 0x564cd6f94d64 <unknown>\n#5 0x564cd6f730dd <unknown>\n#6 0x564cd6f92006 <unknown>\n#7 0x564cd6f72e53 <unknown>\n#8 0x564cd6f3add4 <unknown>\n#9 0x564cd6f3c1de <unknown>\n#10 0x564cd7205531 <unknown>\n#11 0x564cd7209455 <unknown>\n#12 0x564cd71f1f55 <unknown>\n#13 0x564cd720a0ef <unknown>\n#14 0x564cd71d599f <unknown>\n#15 0x564cd722e008 <unknown>\n#16 0x564cd722e1d7 <unknown>\n#17 0x564cd7240124 <unknown>\n#18 0x7f938d694ac3 <unknown>","time":{"start":1706401789645,"stop":1706401793774,"duration":4129}},{"uid":"c9f30b4d9352f2a4","reportUrl":"https://robbrad.github.io/UKBinCollectionData/3.11/1529//#testresult/c9f30b4d9352f2a4","status":"failed","statusDetails":"selenium.common.exceptions.ElementClickInterceptedException: Message: element click intercepted: Element is not clickable at point (589, 618)\n  (Session info: chrome-headless-shell=120.0.6099.224)\nStacktrace:\n#0 0x5625a6201f83 <unknown>\n#1 0x5625a5ebacf7 <unknown>\n#2 0x5625a5f12d92 <unknown>\n#3 0x5625a5f107f4 <unknown>\n#4 0x5625a5f0d894 <unknown>\n#5 0x5625a5f0c4b9 <unknown>\n#6 0x5625a5efe313 <unknown>\n#7 0x5625a5f340b2 <unknown>\n#8 0x5625a5efdb49 <unknown>\n#9 0x5625a5f344ce <unknown>\n#10 0x5625a5f53006 <unknown>\n#11 0x5625a5f33e53 <unknown>\n#12 0x5625a5efbdd4 <unknown>\n#13 0x5625a5efd1de <unknown>\n#14 0x5625a61c6531 <unknown>\n#15 0x5625a61ca455 <unknown>\n#16 0x5625a61b2f55 <unknown>\n#17 0x5625a61cb0ef <unknown>\n#18 0x5625a619699f <unknown>\n#19 0x5625a61ef008 <unknown>\n#20 0x5625a61ef1d7 <unknown>\n#21 0x5625a6201124 <unknown>\n#22 0x7f7005c94ac3 <unknown>","time":{"start":1706315209283,"stop":1706315213728,"duration":4445}},{"uid":"2472337c55051940","reportUrl":"https://robbrad.github.io/UKBinCollectionData/3.11/1528//#testresult/2472337c55051940","status":"failed","statusDetails":"selenium.common.exceptions.NoSuchElementException: Message: no such element: Unable to locate element: {\"method\":\"css selector\",\"selector\":\"[id=\"ContentPlaceHolderDefault_ctl13_nptLLPG2_25_addresslookup_txtTmpPostcode\"]\"}\n  (Session info: chrome-headless-shell=120.0.6099.224); For documentation on this error, please visit: https://www.selenium.dev/documentation/webdriver/troubleshooting/errors#no-such-element-exception\nStacktrace:\n#0 0x55ae2a1d4f83 <unknown>\n#1 0x55ae29e8dcf7 <unknown>\n#2 0x55ae29edd99e <unknown>\n#3 0x55ae29eddaa1 <unknown>\n#4 0x55ae29f28d64 <unknown>\n#5 0x55ae29f070dd <unknown>\n#6 0x55ae29f26006 <unknown>\n#7 0x55ae29f06e53 <unknown>\n#8 0x55ae29ecedd4 <unknown>\n#9 0x55ae29ed01de <unknown>\n#10 0x55ae2a199531 <unknown>\n#11 0x55ae2a19d455 <unknown>\n#12 0x55ae2a185f55 <unknown>\n#13 0x55ae2a19e0ef <unknown>\n#14 0x55ae2a16999f <unknown>\n#15 0x55ae2a1c2008 <unknown>\n#16 0x55ae2a1c21d7 <unknown>\n#17 0x55ae2a1d4124 <unknown>\n#18 0x7f7fb1294ac3 <unknown>","time":{"start":1706228857072,"stop":1706228863501,"duration":6429}},{"uid":"11699b42370618da","reportUrl":"https://robbrad.github.io/UKBinCollectionData/3.11/1523//#testresult/11699b42370618da","status":"failed","statusDetails":"selenium.common.exceptions.NoSuchElementException: Message: no such element: Unable to locate element: {\"method\":\"css selector\",\"selector\":\"[id=\"ContentPlaceHolderDefault_ctl13_nptLLPG2_25_addresslookup_txtTmpPostcode\"]\"}\n  (Session info: chrome-headless-shell=120.0.6099.224); For documentation on this error, please visit: https://www.selenium.dev/documentation/webdriver/troubleshooting/errors#no-such-element-exception\nStacktrace:\n#0 0x558822deef83 <unknown>\n#1 0x558822aa7cf7 <unknown>\n#2 0x558822af799e <unknown>\n#3 0x558822af7aa1 <unknown>\n#4 0x558822b42d64 <unknown>\n#5 0x558822b210dd <unknown>\n#6 0x558822b40006 <unknown>\n#7 0x558822b20e53 <unknown>\n#8 0x558822ae8dd4 <unknown>\n#9 0x558822aea1de <unknown>\n#10 0x558822db3531 <unknown>\n#11 0x558822db7455 <unknown>\n#12 0x558822d9ff55 <unknown>\n#13 0x558822db80ef <unknown>\n#14 0x558822d8399f <unknown>\n#15 0x558822ddc008 <unknown>\n#16 0x558822ddc1d7 <unknown>\n#17 0x558822dee124 <unknown>\n#18 0x7f43b0a94ac3 <unknown>","time":{"start":1706142555134,"stop":1706142558854,"duration":3720}},{"uid":"2bbfad3149f1b9cc","reportUrl":"https://robbrad.github.io/UKBinCollectionData/3.11/1522//#testresult/2bbfad3149f1b9cc","status":"failed","statusDetails":"selenium.common.exceptions.NoSuchElementException: Message: no such element: Unable to locate element: {\"method\":\"css selector\",\"selector\":\"[id=\"ContentPlaceHolderDefault_ctl13_nptLLPG2_25_addresslookup_txtTmpPostcode\"]\"}\n  (Session info: chrome-headless-shell=120.0.6099.216); For documentation on this error, please visit: https://www.selenium.dev/documentation/webdriver/troubleshooting/errors#no-such-element-exception\nStacktrace:\n#0 0x555863dc7f83 <unknown>\n#1 0x555863a80cf7 <unknown>\n#2 0x555863ad099e <unknown>\n#3 0x555863ad0aa1 <unknown>\n#4 0x555863b1bd64 <unknown>\n#5 0x555863afa0dd <unknown>\n#6 0x555863b19006 <unknown>\n#7 0x555863af9e53 <unknown>\n#8 0x555863ac1dd4 <unknown>\n#9 0x555863ac31de <unknown>\n#10 0x555863d8c531 <unknown>\n#11 0x555863d90455 <unknown>\n#12 0x555863d78f55 <unknown>\n#13 0x555863d910ef <unknown>\n#14 0x555863d5c99f <unknown>\n#15 0x555863db5008 <unknown>\n#16 0x555863db51d7 <unknown>\n#17 0x555863dc7124 <unknown>\n#18 0x7fe763294ac3 <unknown>","time":{"start":1706056190968,"stop":1706056196291,"duration":5323}},{"uid":"d50eb58d7bede2e7","reportUrl":"https://robbrad.github.io/UKBinCollectionData/3.11/1521//#testresult/d50eb58d7bede2e7","status":"failed","statusDetails":"selenium.common.exceptions.ElementClickInterceptedException: Message: element click intercepted: Element is not clickable at point (589, 636)\n  (Session info: chrome-headless-shell=120.0.6099.216)\nStacktrace:\n#0 0x563349ee0f83 <unknown>\n#1 0x563349b99cf7 <unknown>\n#2 0x563349bf1d92 <unknown>\n#3 0x563349bef7f4 <unknown>\n#4 0x563349bec894 <unknown>\n#5 0x563349beb4b9 <unknown>\n#6 0x563349bdd313 <unknown>\n#7 0x563349c130b2 <unknown>\n#8 0x563349bdcb49 <unknown>\n#9 0x563349c134ce <unknown>\n#10 0x563349c32006 <unknown>\n#11 0x563349c12e53 <unknown>\n#12 0x563349bdadd4 <unknown>\n#13 0x563349bdc1de <unknown>\n#14 0x563349ea5531 <unknown>\n#15 0x563349ea9455 <unknown>\n#16 0x563349e91f55 <unknown>\n#17 0x563349eaa0ef <unknown>\n#18 0x563349e7599f <unknown>\n#19 0x563349ece008 <unknown>\n#20 0x563349ece1d7 <unknown>\n#21 0x563349ee0124 <unknown>\n#22 0x7f5034494ac3 <unknown>","time":{"start":1705969806494,"stop":1705969810539,"duration":4045}},{"uid":"1aab2011bfbda524","reportUrl":"https://robbrad.github.io/UKBinCollectionData/3.11/1520//#testresult/1aab2011bfbda524","status":"failed","statusDetails":"selenium.common.exceptions.ElementClickInterceptedException: Message: element click intercepted: Element is not clickable at point (589, 618)\n  (Session info: chrome-headless-shell=120.0.6099.216)\nStacktrace:\n#0 0x55d75a444f83 <unknown>\n#1 0x55d75a0fdcf7 <unknown>\n#2 0x55d75a155d92 <unknown>\n#3 0x55d75a1537f4 <unknown>\n#4 0x55d75a150894 <unknown>\n#5 0x55d75a14f4b9 <unknown>\n#6 0x55d75a141313 <unknown>\n#7 0x55d75a1770b2 <unknown>\n#8 0x55d75a140b49 <unknown>\n#9 0x55d75a1774ce <unknown>\n#10 0x55d75a196006 <unknown>\n#11 0x55d75a176e53 <unknown>\n#12 0x55d75a13edd4 <unknown>\n#13 0x55d75a1401de <unknown>\n#14 0x55d75a409531 <unknown>\n#15 0x55d75a40d455 <unknown>\n#16 0x55d75a3f5f55 <unknown>\n#17 0x55d75a40e0ef <unknown>\n#18 0x55d75a3d999f <unknown>\n#19 0x55d75a432008 <unknown>\n#20 0x55d75a4321d7 <unknown>\n#21 0x55d75a444124 <unknown>\n#22 0x7f6eba494ac3 <unknown>","time":{"start":1705883465488,"stop":1705883469988,"duration":4500}},{"uid":"59ef8f3316df7ad4","reportUrl":"https://robbrad.github.io/UKBinCollectionData/3.11/1519//#testresult/59ef8f3316df7ad4","status":"failed","statusDetails":"selenium.common.exceptions.NoSuchElementException: Message: no such element: Unable to locate element: {\"method\":\"css selector\",\"selector\":\"[id=\"ContentPlaceHolderDefault_ctl13_nptLLPG2_25_addresslookup_txtTmpPostcode\"]\"}\n  (Session info: chrome-headless-shell=120.0.6099.216); For documentation on this error, please visit: https://www.selenium.dev/documentation/webdriver/troubleshooting/errors#no-such-element-exception\nStacktrace:\n#0 0x561b0a9f2f83 <unknown>\n#1 0x561b0a6abcf7 <unknown>\n#2 0x561b0a6fb99e <unknown>\n#3 0x561b0a6fbaa1 <unknown>\n#4 0x561b0a746d64 <unknown>\n#5 0x561b0a7250dd <unknown>\n#6 0x561b0a744006 <unknown>\n#7 0x561b0a724e53 <unknown>\n#8 0x561b0a6ecdd4 <unknown>\n#9 0x561b0a6ee1de <unknown>\n#10 0x561b0a9b7531 <unknown>\n#11 0x561b0a9bb455 <unknown>\n#12 0x561b0a9a3f55 <unknown>\n#13 0x561b0a9bc0ef <unknown>\n#14 0x561b0a98799f <unknown>\n#15 0x561b0a9e0008 <unknown>\n#16 0x561b0a9e01d7 <unknown>\n#17 0x561b0a9f2124 <unknown>\n#18 0x7f94c5e94ac3 <unknown>","time":{"start":1705797093160,"stop":1705797099477,"duration":6317}},{"uid":"d46b0dbf2874138b","reportUrl":"https://robbrad.github.io/UKBinCollectionData/3.11/1515//#testresult/d46b0dbf2874138b","status":"failed","statusDetails":"selenium.common.exceptions.NoSuchElementException: Message: no such element: Unable to locate element: {\"method\":\"css selector\",\"selector\":\"[id=\"ContentPlaceHolderDefault_ctl13_nptLLPG2_25_addresslookup_txtTmpPostcode\"]\"}\n  (Session info: chrome-headless-shell=120.0.6099.216); For documentation on this error, please visit: https://www.selenium.dev/documentation/webdriver/troubleshooting/errors#no-such-element-exception\nStacktrace:\n#0 0x55afab00af83 <unknown>\n#1 0x55afaacc3cf7 <unknown>\n#2 0x55afaad1399e <unknown>\n#3 0x55afaad13aa1 <unknown>\n#4 0x55afaad5ed64 <unknown>\n#5 0x55afaad3d0dd <unknown>\n#6 0x55afaad5c006 <unknown>\n#7 0x55afaad3ce53 <unknown>\n#8 0x55afaad04dd4 <unknown>\n#9 0x55afaad061de <unknown>\n#10 0x55afaafcf531 <unknown>\n#11 0x55afaafd3455 <unknown>\n#12 0x55afaafbbf55 <unknown>\n#13 0x55afaafd40ef <unknown>\n#14 0x55afaaf9f99f <unknown>\n#15 0x55afaaff8008 <unknown>\n#16 0x55afaaff81d7 <unknown>\n#17 0x55afab00a124 <unknown>\n#18 0x7f07df294ac3 <unknown>","time":{"start":1705710510262,"stop":1705710514300,"duration":4038}},{"uid":"5ecfbeb4d2be9009","reportUrl":"https://robbrad.github.io/UKBinCollectionData/3.11/1511//#testresult/5ecfbeb4d2be9009","status":"failed","statusDetails":"selenium.common.exceptions.NoSuchElementException: Message: no such element: Unable to locate element: {\"method\":\"css selector\",\"selector\":\"[id=\"ContentPlaceHolderDefault_ctl13_nptLLPG2_25_addresslookup_txtTmpPostcode\"]\"}\n  (Session info: chrome-headless-shell=120.0.6099.216); For documentation on this error, please visit: https://www.selenium.dev/documentation/webdriver/troubleshooting/errors#no-such-element-exception\nStacktrace:\n#0 0x55a3b1092f83 <unknown>\n#1 0x55a3b0d4bcf7 <unknown>\n#2 0x55a3b0d9b99e <unknown>\n#3 0x55a3b0d9baa1 <unknown>\n#4 0x55a3b0de6d64 <unknown>\n#5 0x55a3b0dc50dd <unknown>\n#6 0x55a3b0de4006 <unknown>\n#7 0x55a3b0dc4e53 <unknown>\n#8 0x55a3b0d8cdd4 <unknown>\n#9 0x55a3b0d8e1de <unknown>\n#10 0x55a3b1057531 <unknown>\n#11 0x55a3b105b455 <unknown>\n#12 0x55a3b1043f55 <unknown>\n#13 0x55a3b105c0ef <unknown>\n#14 0x55a3b102799f <unknown>\n#15 0x55a3b1080008 <unknown>\n#16 0x55a3b10801d7 <unknown>\n#17 0x55a3b1092124 <unknown>\n#18 0x7fd7e0c94ac3 <unknown>","time":{"start":1705624208259,"stop":1705624211751,"duration":3492}},{"uid":"43724ec1012557b4","reportUrl":"https://robbrad.github.io/UKBinCollectionData/3.11/1505//#testresult/43724ec1012557b4","status":"failed","statusDetails":"selenium.common.exceptions.NoSuchElementException: Message: no such element: Unable to locate element: {\"method\":\"css selector\",\"selector\":\"[id=\"ContentPlaceHolderDefault_ctl13_nptLLPG2_25_addresslookup_txtTmpPostcode\"]\"}\n  (Session info: chrome-headless-shell=120.0.6099.216); For documentation on this error, please visit: https://www.selenium.dev/documentation/webdriver/troubleshooting/errors#no-such-element-exception\nStacktrace:\n#0 0x55fcdda29f83 <unknown>\n#1 0x55fcdd6e2cf7 <unknown>\n#2 0x55fcdd73299e <unknown>\n#3 0x55fcdd732aa1 <unknown>\n#4 0x55fcdd77dd64 <unknown>\n#5 0x55fcdd75c0dd <unknown>\n#6 0x55fcdd77b006 <unknown>\n#7 0x55fcdd75be53 <unknown>\n#8 0x55fcdd723dd4 <unknown>\n#9 0x55fcdd7251de <unknown>\n#10 0x55fcdd9ee531 <unknown>\n#11 0x55fcdd9f2455 <unknown>\n#12 0x55fcdd9daf55 <unknown>\n#13 0x55fcdd9f30ef <unknown>\n#14 0x55fcdd9be99f <unknown>\n#15 0x55fcdda17008 <unknown>\n#16 0x55fcdda171d7 <unknown>\n#17 0x55fcdda29124 <unknown>\n#18 0x7f67e4494ac3 <unknown>","time":{"start":1705537720204,"stop":1705537723005,"duration":2801}},{"uid":"eae5cbc181acbdea","reportUrl":"https://robbrad.github.io/UKBinCollectionData/3.11/1500//#testresult/eae5cbc181acbdea","status":"failed","statusDetails":"selenium.common.exceptions.NoSuchElementException: Message: no such element: Unable to locate element: {\"method\":\"css selector\",\"selector\":\"[id=\"ContentPlaceHolderDefault_ctl13_nptLLPG2_25_addresslookup_txtTmpPostcode\"]\"}\n  (Session info: chrome-headless-shell=120.0.6099.199); For documentation on this error, please visit: https://www.selenium.dev/documentation/webdriver/troubleshooting/errors#no-such-element-exception\nStacktrace:\n#0 0x55802cc84f83 <unknown>\n#1 0x55802c93dcf7 <unknown>\n#2 0x55802c98d99e <unknown>\n#3 0x55802c98daa1 <unknown>\n#4 0x55802c9d8d64 <unknown>\n#5 0x55802c9b70dd <unknown>\n#6 0x55802c9d6006 <unknown>\n#7 0x55802c9b6e53 <unknown>\n#8 0x55802c97edd4 <unknown>\n#9 0x55802c9801de <unknown>\n#10 0x55802cc49531 <unknown>\n#11 0x55802cc4d455 <unknown>\n#12 0x55802cc35f55 <unknown>\n#13 0x55802cc4e0ef <unknown>\n#14 0x55802cc1999f <unknown>\n#15 0x55802cc72008 <unknown>\n#16 0x55802cc721d7 <unknown>\n#17 0x55802cc84124 <unknown>\n#18 0x7f43a7a94ac3 <unknown>","time":{"start":1705451345165,"stop":1705451348967,"duration":3802}},{"uid":"165a4a645b53c9de","reportUrl":"https://robbrad.github.io/UKBinCollectionData/3.11/1499//#testresult/165a4a645b53c9de","status":"failed","statusDetails":"selenium.common.exceptions.NoSuchElementException: Message: no such element: Unable to locate element: {\"method\":\"css selector\",\"selector\":\"[id=\"ContentPlaceHolderDefault_ctl13_nptLLPG2_25_addresslookup_txtTmpPostcode\"]\"}\n  (Session info: chrome-headless-shell=120.0.6099.199); For documentation on this error, please visit: https://www.selenium.dev/documentation/webdriver/troubleshooting/errors#no-such-element-exception\nStacktrace:\n#0 0x55f2a2d27f83 <unknown>\n#1 0x55f2a29e0cf7 <unknown>\n#2 0x55f2a2a3099e <unknown>\n#3 0x55f2a2a30aa1 <unknown>\n#4 0x55f2a2a7bd64 <unknown>\n#5 0x55f2a2a5a0dd <unknown>\n#6 0x55f2a2a79006 <unknown>\n#7 0x55f2a2a59e53 <unknown>\n#8 0x55f2a2a21dd4 <unknown>\n#9 0x55f2a2a231de <unknown>\n#10 0x55f2a2cec531 <unknown>\n#11 0x55f2a2cf0455 <unknown>\n#12 0x55f2a2cd8f55 <unknown>\n#13 0x55f2a2cf10ef <unknown>\n#14 0x55f2a2cbc99f <unknown>\n#15 0x55f2a2d15008 <unknown>\n#16 0x55f2a2d151d7 <unknown>\n#17 0x55f2a2d27124 <unknown>\n#18 0x7f1b74294ac3 <unknown>","time":{"start":1705365010577,"stop":1705365013472,"duration":2895}},{"uid":"e7cc398e3689221b","reportUrl":"https://robbrad.github.io/UKBinCollectionData/3.11/1497//#testresult/e7cc398e3689221b","status":"failed","statusDetails":"selenium.common.exceptions.NoSuchElementException: Message: no such element: Unable to locate element: {\"method\":\"css selector\",\"selector\":\"[id=\"ContentPlaceHolderDefault_ctl13_nptLLPG2_25_addresslookup_txtTmpPostcode\"]\"}\n  (Session info: chrome-headless-shell=120.0.6099.199); For documentation on this error, please visit: https://www.selenium.dev/documentation/webdriver/troubleshooting/errors#no-such-element-exception\nStacktrace:\n#0 0x555fcdfdef83 <unknown>\n#1 0x555fcdc97cf7 <unknown>\n#2 0x555fcdce799e <unknown>\n#3 0x555fcdce7aa1 <unknown>\n#4 0x555fcdd32d64 <unknown>\n#5 0x555fcdd110dd <unknown>\n#6 0x555fcdd30006 <unknown>\n#7 0x555fcdd10e53 <unknown>\n#8 0x555fcdcd8dd4 <unknown>\n#9 0x555fcdcda1de <unknown>\n#10 0x555fcdfa3531 <unknown>\n#11 0x555fcdfa7455 <unknown>\n#12 0x555fcdf8ff55 <unknown>\n#13 0x555fcdfa80ef <unknown>\n#14 0x555fcdf7399f <unknown>\n#15 0x555fcdfcc008 <unknown>\n#16 0x555fcdfcc1d7 <unknown>\n#17 0x555fcdfde124 <unknown>\n#18 0x7f581ba94ac3 <unknown>","time":{"start":1705318508860,"stop":1705318512015,"duration":3155}},{"uid":"2ac96c2333f441a9","reportUrl":"https://robbrad.github.io/UKBinCollectionData/3.11/1492//#testresult/2ac96c2333f441a9","status":"failed","statusDetails":"selenium.common.exceptions.NoSuchElementException: Message: no such element: Unable to locate element: {\"method\":\"css selector\",\"selector\":\"[id=\"ContentPlaceHolderDefault_ctl13_nptLLPG2_25_addresslookup_txtTmpPostcode\"]\"}\n  (Session info: chrome-headless-shell=120.0.6099.199); For documentation on this error, please visit: https://www.selenium.dev/documentation/webdriver/troubleshooting/errors#no-such-element-exception\nStacktrace:\n#0 0x559d8288cf83 <unknown>\n#1 0x559d82545cf7 <unknown>\n#2 0x559d8259599e <unknown>\n#3 0x559d82595aa1 <unknown>\n#4 0x559d825e0d64 <unknown>\n#5 0x559d825bf0dd <unknown>\n#6 0x559d825de006 <unknown>\n#7 0x559d825bee53 <unknown>\n#8 0x559d82586dd4 <unknown>\n#9 0x559d825881de <unknown>\n#10 0x559d82851531 <unknown>\n#11 0x559d82855455 <unknown>\n#12 0x559d8283df55 <unknown>\n#13 0x559d828560ef <unknown>\n#14 0x559d8282199f <unknown>\n#15 0x559d8287a008 <unknown>\n#16 0x559d8287a1d7 <unknown>\n#17 0x559d8288c124 <unknown>\n#18 0x7f20a6c94ac3 <unknown>","time":{"start":1705295682265,"stop":1705295687262,"duration":4997}},{"uid":"29887e4036fc2661","reportUrl":"https://robbrad.github.io/UKBinCollectionData/3.11/1491//#testresult/29887e4036fc2661","status":"failed","statusDetails":"TypeError: create_webdriver() missing 1 required positional argument: 'user_agent'","time":{"start":1705295143427,"stop":1705295143508,"duration":81}},{"uid":"7574c2f8b55f68d2","reportUrl":"https://robbrad.github.io/UKBinCollectionData/3.11/1490//#testresult/7574c2f8b55f68d2","status":"failed","statusDetails":"TypeError: create_webdriver() missing 1 required positional argument: 'user_agent'","time":{"start":1705278537711,"stop":1705278537921,"duration":210}}]},"tags":[]},"source":"9d08d30cba099a7c.json","parameterValues":["NeathPortTalbotCouncil","local","http://selenium:4444"]}