{"uid":"889b2abd9d8f0c9b","name":"Validate Council Output [KnowsleyMBCouncil]","fullName":"features/validate_council_outputs.feature:Validate Council Output","historyId":"56740e3e170c4ada5e89fee4a4334687","time":{"start":1715983274646,"stop":1715983332954,"duration":58308},"status":"failed","statusMessage":"selenium.common.exceptions.NoSuchElementException: Message: no such element: Unable to locate element: {\"method\":\"link text\",\"selector\":\"Choose this address\"}\n  (Session info: chrome-headless-shell=125.0.6422.60); For documentation on this error, please visit: https://www.selenium.dev/documentation/webdriver/troubleshooting/errors#no-such-element-exception\nStacktrace:\n#0 0x564ea9496eca <unknown>\n#1 0x564ea918045c <unknown>\n#2 0x564ea91cc5b5 <unknown>\n#3 0x564ea91cc671 <unknown>\n#4 0x564ea91c0b96 <unknown>\n#5 0x564ea91ef4dd <unknown>\n#6 0x564ea91c0a79 <unknown>\n#7 0x564ea91ef67e <unknown>\n#8 0x564ea920e2cc <unknown>\n#9 0x564ea91ef253 <unknown>\n#10 0x564ea91bf1c7 <unknown>\n#11 0x564ea91bfb3e <unknown>\n#12 0x564ea945d30b <unknown>\n#13 0x564ea94613b7 <unknown>\n#14 0x564ea9449e3e <unknown>\n#15 0x564ea9461e82 <unknown>\n#16 0x564ea942e7df <unknown>\n#17 0x564ea94861b8 <unknown>\n#18 0x564ea948638b <unknown>\n#19 0x564ea9495ffc <unknown>\n#20 0x7f1c2204bac3 <unknown>","statusTrace":"fixturefunc = <function scrape_step at 0x7f2667507e20>\nrequest = <FixtureRequest for <Function test_scenario_outline[KnowsleyMBCouncil]>>\nkwargs = {'context': <test_validate_council.context.<locals>.Context object at 0x7f26668902d0>, 'council': 'KnowsleyMBCouncil', 'headless_mode': 'True', 'local_browser': 'False', ...}\n\n    def call_fixture_func(\n        fixturefunc: \"_FixtureFunc[FixtureValue]\", request: FixtureRequest, kwargs\n    ) -> FixtureValue:\n        if is_generator(fixturefunc):\n            fixturefunc = cast(\n                Callable[..., Generator[FixtureValue, None, None]], fixturefunc\n            )\n            generator = fixturefunc(**kwargs)\n            try:\n                fixture_result = next(generator)\n            except StopIteration:\n                raise ValueError(f\"{request.fixturename} did not yield a value\") from None\n            finalizer = functools.partial(_teardown_yield_fixture, fixturefunc, generator)\n            request.addfinalizer(finalizer)\n        else:\n            fixturefunc = cast(Callable[..., FixtureValue], fixturefunc)\n>           fixture_result = fixturefunc(**kwargs)\n\n../../../.cache/pypoetry/virtualenvs/uk-bin-collection-EwS6Gn8s-py3.11/lib/python3.11/site-packages/_pytest/fixtures.py:884: \n_ _ _ _ _ _ _ _ _ _ _ _ _ _ _ _ _ _ _ _ _ _ _ _ _ _ _ _ _ _ _ _ _ _ _ _ _ _ _ _ \nuk_bin_collection/tests/step_defs/test_validate_council.py:76: in scrape_step\n    context.parse_result = CollectData.run()\nuk_bin_collection/uk_bin_collection/collect_data.py:102: in run\n    return self.client_code(\nuk_bin_collection/uk_bin_collection/collect_data.py:121: in client_code\n    return get_bin_data_class.template_method(address_url, **kwargs)\nuk_bin_collection/uk_bin_collection/get_bin_data.py:80: in template_method\n    bin_data_dict = self.parse_data(\nuk_bin_collection/uk_bin_collection/councils/KnowsleyMBCouncil.py:76: in parse_data\n    address_to_select = row.find_element(By.LINK_TEXT, \"Choose this address\")\n../../../.cache/pypoetry/virtualenvs/uk-bin-collection-EwS6Gn8s-py3.11/lib/python3.11/site-packages/selenium/webdriver/remote/webelement.py:417: in find_element\n    return self._execute(Command.FIND_CHILD_ELEMENT, {\"using\": by, \"value\": value})[\"value\"]\n../../../.cache/pypoetry/virtualenvs/uk-bin-collection-EwS6Gn8s-py3.11/lib/python3.11/site-packages/selenium/webdriver/remote/webelement.py:395: in _execute\n    return self._parent.execute(command, params)\n../../../.cache/pypoetry/virtualenvs/uk-bin-collection-EwS6Gn8s-py3.11/lib/python3.11/site-packages/selenium/webdriver/remote/webdriver.py:347: in execute\n    self.error_handler.check_response(response)\n_ _ _ _ _ _ _ _ _ _ _ _ _ _ _ _ _ _ _ _ _ _ _ _ _ _ _ _ _ _ _ _ _ _ _ _ _ _ _ _ \n\nself = <selenium.webdriver.remote.errorhandler.ErrorHandler object at 0x7f2666401390>\nresponse = {'status': 404, 'value': '{\"value\":{\"error\":\"no such element\",\"message\":\"no such element: Unable to locate element: {\\...\\\\n#18 0x564ea948638b \\\\u003Cunknown>\\\\n#19 0x564ea9495ffc \\\\u003Cunknown>\\\\n#20 0x7f1c2204bac3 \\\\u003Cunknown>\\\\n\"}}'}\n\n    def check_response(self, response: Dict[str, Any]) -> None:\n        \"\"\"Checks that a JSON response from the WebDriver does not have an\n        error.\n    \n        :Args:\n         - response - The JSON response from the WebDriver server as a dictionary\n           object.\n    \n        :Raises: If the response contains an error message.\n        \"\"\"\n        status = response.get(\"status\", None)\n        if not status or status == ErrorCode.SUCCESS:\n            return\n        value = None\n        message = response.get(\"message\", \"\")\n        screen: str = response.get(\"screen\", \"\")\n        stacktrace = None\n        if isinstance(status, int):\n            value_json = response.get(\"value\", None)\n            if value_json and isinstance(value_json, str):\n                import json\n    \n                try:\n                    value = json.loads(value_json)\n                    if len(value) == 1:\n                        value = value[\"value\"]\n                    status = value.get(\"error\", None)\n                    if not status:\n                        status = value.get(\"status\", ErrorCode.UNKNOWN_ERROR)\n                        message = value.get(\"value\") or value.get(\"message\")\n                        if not isinstance(message, str):\n                            value = message\n                            message = message.get(\"message\")\n                    else:\n                        message = value.get(\"message\", None)\n                except ValueError:\n                    pass\n    \n        exception_class: Type[WebDriverException]\n        e = ErrorCode()\n        error_codes = [item for item in dir(e) if not item.startswith(\"__\")]\n        for error_code in error_codes:\n            error_info = getattr(ErrorCode, error_code)\n            if isinstance(error_info, list) and status in error_info:\n                exception_class = getattr(ExceptionMapping, error_code, WebDriverException)\n                break\n        else:\n            exception_class = WebDriverException\n    \n        if not value:\n            value = response[\"value\"]\n        if isinstance(value, str):\n            raise exception_class(value)\n        if message == \"\" and \"message\" in value:\n            message = value[\"message\"]\n    \n        screen = None  # type: ignore[assignment]\n        if \"screen\" in value:\n            screen = value[\"screen\"]\n    \n        stacktrace = None\n        st_value = value.get(\"stackTrace\") or value.get(\"stacktrace\")\n        if st_value:\n            if isinstance(st_value, str):\n                stacktrace = st_value.split(\"\\n\")\n            else:\n                stacktrace = []\n                try:\n                    for frame in st_value:\n                        line = frame.get(\"lineNumber\", \"\")\n                        file = frame.get(\"fileName\", \"<anonymous>\")\n                        if line:\n                            file = f\"{file}:{line}\"\n                        meth = frame.get(\"methodName\", \"<anonymous>\")\n                        if \"className\" in frame:\n                            meth = f\"{frame['className']}.{meth}\"\n                        msg = \"    at %s (%s)\"\n                        msg = msg % (meth, file)\n                        stacktrace.append(msg)\n                except TypeError:\n                    pass\n        if exception_class == UnexpectedAlertPresentException:\n            alert_text = None\n            if \"data\" in value:\n                alert_text = value[\"data\"].get(\"text\")\n            elif \"alert\" in value:\n                alert_text = value[\"alert\"].get(\"text\")\n            raise exception_class(message, screen, stacktrace, alert_text)  # type: ignore[call-arg]  # mypy is not smart enough here\n>       raise exception_class(message, screen, stacktrace)\nE       selenium.common.exceptions.NoSuchElementException: Message: no such element: Unable to locate element: {\"method\":\"link text\",\"selector\":\"Choose this address\"}\nE         (Session info: chrome-headless-shell=125.0.6422.60); For documentation on this error, please visit: https://www.selenium.dev/documentation/webdriver/troubleshooting/errors#no-such-element-exception\nE       Stacktrace:\nE       #0 0x564ea9496eca <unknown>\nE       #1 0x564ea918045c <unknown>\nE       #2 0x564ea91cc5b5 <unknown>\nE       #3 0x564ea91cc671 <unknown>\nE       #4 0x564ea91c0b96 <unknown>\nE       #5 0x564ea91ef4dd <unknown>\nE       #6 0x564ea91c0a79 <unknown>\nE       #7 0x564ea91ef67e <unknown>\nE       #8 0x564ea920e2cc <unknown>\nE       #9 0x564ea91ef253 <unknown>\nE       #10 0x564ea91bf1c7 <unknown>\nE       #11 0x564ea91bfb3e <unknown>\nE       #12 0x564ea945d30b <unknown>\nE       #13 0x564ea94613b7 <unknown>\nE       #14 0x564ea9449e3e <unknown>\nE       #15 0x564ea9461e82 <unknown>\nE       #16 0x564ea942e7df <unknown>\nE       #17 0x564ea94861b8 <unknown>\nE       #18 0x564ea948638b <unknown>\nE       #19 0x564ea9495ffc <unknown>\nE       #20 0x7f1c2204bac3 <unknown>\n\n../../../.cache/pypoetry/virtualenvs/uk-bin-collection-EwS6Gn8s-py3.11/lib/python3.11/site-packages/selenium/webdriver/remote/errorhandler.py:229: NoSuchElementException","flaky":false,"newFailed":false,"newBroken":false,"newPassed":false,"retriesCount":0,"retriesStatusChange":false,"beforeStages":[],"testStage":{"status":"failed","statusMessage":"selenium.common.exceptions.NoSuchElementException: Message: no such element: Unable to locate element: {\"method\":\"link text\",\"selector\":\"Choose this address\"}\n  (Session info: chrome-headless-shell=125.0.6422.60); For documentation on this error, please visit: https://www.selenium.dev/documentation/webdriver/troubleshooting/errors#no-such-element-exception\nStacktrace:\n#0 0x564ea9496eca <unknown>\n#1 0x564ea918045c <unknown>\n#2 0x564ea91cc5b5 <unknown>\n#3 0x564ea91cc671 <unknown>\n#4 0x564ea91c0b96 <unknown>\n#5 0x564ea91ef4dd <unknown>\n#6 0x564ea91c0a79 <unknown>\n#7 0x564ea91ef67e <unknown>\n#8 0x564ea920e2cc <unknown>\n#9 0x564ea91ef253 <unknown>\n#10 0x564ea91bf1c7 <unknown>\n#11 0x564ea91bfb3e <unknown>\n#12 0x564ea945d30b <unknown>\n#13 0x564ea94613b7 <unknown>\n#14 0x564ea9449e3e <unknown>\n#15 0x564ea9461e82 <unknown>\n#16 0x564ea942e7df <unknown>\n#17 0x564ea94861b8 <unknown>\n#18 0x564ea948638b <unknown>\n#19 0x564ea9495ffc <unknown>\n#20 0x7f1c2204bac3 <unknown>","statusTrace":"fixturefunc = <function scrape_step at 0x7f2667507e20>\nrequest = <FixtureRequest for <Function test_scenario_outline[KnowsleyMBCouncil]>>\nkwargs = {'context': <test_validate_council.context.<locals>.Context object at 0x7f26668902d0>, 'council': 'KnowsleyMBCouncil', 'headless_mode': 'True', 'local_browser': 'False', ...}\n\n    def call_fixture_func(\n        fixturefunc: \"_FixtureFunc[FixtureValue]\", request: FixtureRequest, kwargs\n    ) -> FixtureValue:\n        if is_generator(fixturefunc):\n            fixturefunc = cast(\n                Callable[..., Generator[FixtureValue, None, None]], fixturefunc\n            )\n            generator = fixturefunc(**kwargs)\n            try:\n                fixture_result = next(generator)\n            except StopIteration:\n                raise ValueError(f\"{request.fixturename} did not yield a value\") from None\n            finalizer = functools.partial(_teardown_yield_fixture, fixturefunc, generator)\n            request.addfinalizer(finalizer)\n        else:\n            fixturefunc = cast(Callable[..., FixtureValue], fixturefunc)\n>           fixture_result = fixturefunc(**kwargs)\n\n../../../.cache/pypoetry/virtualenvs/uk-bin-collection-EwS6Gn8s-py3.11/lib/python3.11/site-packages/_pytest/fixtures.py:884: \n_ _ _ _ _ _ _ _ _ _ _ _ _ _ _ _ _ _ _ _ _ _ _ _ _ _ _ _ _ _ _ _ _ _ _ _ _ _ _ _ \nuk_bin_collection/tests/step_defs/test_validate_council.py:76: in scrape_step\n    context.parse_result = CollectData.run()\nuk_bin_collection/uk_bin_collection/collect_data.py:102: in run\n    return self.client_code(\nuk_bin_collection/uk_bin_collection/collect_data.py:121: in client_code\n    return get_bin_data_class.template_method(address_url, **kwargs)\nuk_bin_collection/uk_bin_collection/get_bin_data.py:80: in template_method\n    bin_data_dict = self.parse_data(\nuk_bin_collection/uk_bin_collection/councils/KnowsleyMBCouncil.py:76: in parse_data\n    address_to_select = row.find_element(By.LINK_TEXT, \"Choose this address\")\n../../../.cache/pypoetry/virtualenvs/uk-bin-collection-EwS6Gn8s-py3.11/lib/python3.11/site-packages/selenium/webdriver/remote/webelement.py:417: in find_element\n    return self._execute(Command.FIND_CHILD_ELEMENT, {\"using\": by, \"value\": value})[\"value\"]\n../../../.cache/pypoetry/virtualenvs/uk-bin-collection-EwS6Gn8s-py3.11/lib/python3.11/site-packages/selenium/webdriver/remote/webelement.py:395: in _execute\n    return self._parent.execute(command, params)\n../../../.cache/pypoetry/virtualenvs/uk-bin-collection-EwS6Gn8s-py3.11/lib/python3.11/site-packages/selenium/webdriver/remote/webdriver.py:347: in execute\n    self.error_handler.check_response(response)\n_ _ _ _ _ _ _ _ _ _ _ _ _ _ _ _ _ _ _ _ _ _ _ _ _ _ _ _ _ _ _ _ _ _ _ _ _ _ _ _ \n\nself = <selenium.webdriver.remote.errorhandler.ErrorHandler object at 0x7f2666401390>\nresponse = {'status': 404, 'value': '{\"value\":{\"error\":\"no such element\",\"message\":\"no such element: Unable to locate element: {\\...\\\\n#18 0x564ea948638b \\\\u003Cunknown>\\\\n#19 0x564ea9495ffc \\\\u003Cunknown>\\\\n#20 0x7f1c2204bac3 \\\\u003Cunknown>\\\\n\"}}'}\n\n    def check_response(self, response: Dict[str, Any]) -> None:\n        \"\"\"Checks that a JSON response from the WebDriver does not have an\n        error.\n    \n        :Args:\n         - response - The JSON response from the WebDriver server as a dictionary\n           object.\n    \n        :Raises: If the response contains an error message.\n        \"\"\"\n        status = response.get(\"status\", None)\n        if not status or status == ErrorCode.SUCCESS:\n            return\n        value = None\n        message = response.get(\"message\", \"\")\n        screen: str = response.get(\"screen\", \"\")\n        stacktrace = None\n        if isinstance(status, int):\n            value_json = response.get(\"value\", None)\n            if value_json and isinstance(value_json, str):\n                import json\n    \n                try:\n                    value = json.loads(value_json)\n                    if len(value) == 1:\n                        value = value[\"value\"]\n                    status = value.get(\"error\", None)\n                    if not status:\n                        status = value.get(\"status\", ErrorCode.UNKNOWN_ERROR)\n                        message = value.get(\"value\") or value.get(\"message\")\n                        if not isinstance(message, str):\n                            value = message\n                            message = message.get(\"message\")\n                    else:\n                        message = value.get(\"message\", None)\n                except ValueError:\n                    pass\n    \n        exception_class: Type[WebDriverException]\n        e = ErrorCode()\n        error_codes = [item for item in dir(e) if not item.startswith(\"__\")]\n        for error_code in error_codes:\n            error_info = getattr(ErrorCode, error_code)\n            if isinstance(error_info, list) and status in error_info:\n                exception_class = getattr(ExceptionMapping, error_code, WebDriverException)\n                break\n        else:\n            exception_class = WebDriverException\n    \n        if not value:\n            value = response[\"value\"]\n        if isinstance(value, str):\n            raise exception_class(value)\n        if message == \"\" and \"message\" in value:\n            message = value[\"message\"]\n    \n        screen = None  # type: ignore[assignment]\n        if \"screen\" in value:\n            screen = value[\"screen\"]\n    \n        stacktrace = None\n        st_value = value.get(\"stackTrace\") or value.get(\"stacktrace\")\n        if st_value:\n            if isinstance(st_value, str):\n                stacktrace = st_value.split(\"\\n\")\n            else:\n                stacktrace = []\n                try:\n                    for frame in st_value:\n                        line = frame.get(\"lineNumber\", \"\")\n                        file = frame.get(\"fileName\", \"<anonymous>\")\n                        if line:\n                            file = f\"{file}:{line}\"\n                        meth = frame.get(\"methodName\", \"<anonymous>\")\n                        if \"className\" in frame:\n                            meth = f\"{frame['className']}.{meth}\"\n                        msg = \"    at %s (%s)\"\n                        msg = msg % (meth, file)\n                        stacktrace.append(msg)\n                except TypeError:\n                    pass\n        if exception_class == UnexpectedAlertPresentException:\n            alert_text = None\n            if \"data\" in value:\n                alert_text = value[\"data\"].get(\"text\")\n            elif \"alert\" in value:\n                alert_text = value[\"alert\"].get(\"text\")\n            raise exception_class(message, screen, stacktrace, alert_text)  # type: ignore[call-arg]  # mypy is not smart enough here\n>       raise exception_class(message, screen, stacktrace)\nE       selenium.common.exceptions.NoSuchElementException: Message: no such element: Unable to locate element: {\"method\":\"link text\",\"selector\":\"Choose this address\"}\nE         (Session info: chrome-headless-shell=125.0.6422.60); For documentation on this error, please visit: https://www.selenium.dev/documentation/webdriver/troubleshooting/errors#no-such-element-exception\nE       Stacktrace:\nE       #0 0x564ea9496eca <unknown>\nE       #1 0x564ea918045c <unknown>\nE       #2 0x564ea91cc5b5 <unknown>\nE       #3 0x564ea91cc671 <unknown>\nE       #4 0x564ea91c0b96 <unknown>\nE       #5 0x564ea91ef4dd <unknown>\nE       #6 0x564ea91c0a79 <unknown>\nE       #7 0x564ea91ef67e <unknown>\nE       #8 0x564ea920e2cc <unknown>\nE       #9 0x564ea91ef253 <unknown>\nE       #10 0x564ea91bf1c7 <unknown>\nE       #11 0x564ea91bfb3e <unknown>\nE       #12 0x564ea945d30b <unknown>\nE       #13 0x564ea94613b7 <unknown>\nE       #14 0x564ea9449e3e <unknown>\nE       #15 0x564ea9461e82 <unknown>\nE       #16 0x564ea942e7df <unknown>\nE       #17 0x564ea94861b8 <unknown>\nE       #18 0x564ea948638b <unknown>\nE       #19 0x564ea9495ffc <unknown>\nE       #20 0x7f1c2204bac3 <unknown>\n\n../../../.cache/pypoetry/virtualenvs/uk-bin-collection-EwS6Gn8s-py3.11/lib/python3.11/site-packages/selenium/webdriver/remote/errorhandler.py:229: NoSuchElementException","steps":[{"name":"Given the council: KnowsleyMBCouncil","time":{"start":1715983274646,"stop":1715983274646,"duration":0},"status":"passed","steps":[],"attachments":[],"parameters":[],"shouldDisplayMessage":false,"stepsCount":0,"attachmentsCount":0,"hasContent":false,"attachmentStep":false},{"name":"When we scrape the data from KnowsleyMBCouncil","time":{"start":1715983274646,"stop":1715983332954,"duration":58308},"status":"failed","statusMessage":"Message: no such element: Unable to locate element: {\"method\":\"link text\",\"selector\":\"Choose this address\"}\n  (Session info: chrome-headless-shell=125.0.6422.60); For documentation on this error, please visit: https://www.selenium.dev/documentation/webdriver/troubleshooting/errors#no-such-element-exception\nStacktrace:\n#0 0x564ea9496eca <unknown>\n#1 0x564ea918045c <unknown>\n#2 0x564ea91cc5b5 <unknown>\n#3 0x564ea91cc671 <unknown>\n#4 0x564ea91c0b96 <unknown>\n#5 0x564ea91ef4dd <unknown>\n#6 0x564ea91c0a79 <unknown>\n#7 0x564ea91ef67e <unknown>\n#8 0x564ea920e2cc <unknown>\n#9 0x564ea91ef253 <unknown>\n#10 0x564ea91bf1c7 <unknown>\n#11 0x564ea91bfb3e <unknown>\n#12 0x564ea945d30b <unknown>\n#13 0x564ea94613b7 <unknown>\n#14 0x564ea9449e3e <unknown>\n#15 0x564ea9461e82 <unknown>\n#16 0x564ea942e7df <unknown>\n#17 0x564ea94861b8 <unknown>\n#18 0x564ea948638b <unknown>\n#19 0x564ea9495ffc <unknown>\n#20 0x7f1c2204bac3 <unknown>\n","statusTrace":"selenium.common.exceptions.NoSuchElementException: Message: no such element: Unable to locate element: {\"method\":\"link text\",\"selector\":\"Choose this address\"}\n  (Session info: chrome-headless-shell=125.0.6422.60); For documentation on this error, please visit: https://www.selenium.dev/documentation/webdriver/troubleshooting/errors#no-such-element-exception\nStacktrace:\n#0 0x564ea9496eca <unknown>\n#1 0x564ea918045c <unknown>\n#2 0x564ea91cc5b5 <unknown>\n#3 0x564ea91cc671 <unknown>\n#4 0x564ea91c0b96 <unknown>\n#5 0x564ea91ef4dd <unknown>\n#6 0x564ea91c0a79 <unknown>\n#7 0x564ea91ef67e <unknown>\n#8 0x564ea920e2cc <unknown>\n#9 0x564ea91ef253 <unknown>\n#10 0x564ea91bf1c7 <unknown>\n#11 0x564ea91bfb3e <unknown>\n#12 0x564ea945d30b <unknown>\n#13 0x564ea94613b7 <unknown>\n#14 0x564ea9449e3e <unknown>\n#15 0x564ea9461e82 <unknown>\n#16 0x564ea942e7df <unknown>\n#17 0x564ea94861b8 <unknown>\n#18 0x564ea948638b <unknown>\n#19 0x564ea9495ffc <unknown>\n#20 0x7f1c2204bac3 <unknown>\n\n","steps":[],"attachments":[],"parameters":[],"shouldDisplayMessage":true,"stepsCount":0,"attachmentsCount":0,"hasContent":true,"attachmentStep":false}],"attachments":[{"uid":"e5f51bc39bb405a0","name":"stdout","source":"e5f51bc39bb405a0.txt","type":"text/plain","size":939}],"parameters":[],"shouldDisplayMessage":true,"stepsCount":2,"attachmentsCount":1,"hasContent":true,"attachmentStep":false},"afterStages":[],"labels":[{"name":"host","value":"fv-az802-676"},{"name":"thread","value":"2761-MainThread"},{"name":"framework","value":"pytest-bdd"},{"name":"language","value":"cpython3"},{"name":"feature","value":"Test each council output matches expected results"},{"name":"resultFormat","value":"allure2"}],"parameters":[{"name":"council","value":"KnowsleyMBCouncil"}],"links":[],"hidden":false,"retry":false,"extra":{"severity":"normal","retries":[],"categories":[{"name":"Product defects","matchedStatuses":[],"flaky":false}],"history":{"statistic":{"failed":2,"broken":0,"skipped":0,"passed":0,"unknown":0,"total":2},"items":[{"uid":"6cec04b9189e58a5","reportUrl":"https://robbrad.github.io/UKBinCollectionData/3.11/1834//#testresult/6cec04b9189e58a5","status":"failed","statusDetails":"ValueError: time data '' does not match format '%A %d/%m/%Y'","time":{"start":1715973711571,"stop":1715973768031,"duration":56460}}]},"tags":[]},"source":"889b2abd9d8f0c9b.json","parameterValues":["KnowsleyMBCouncil"]}