{"uid":"926c3112e93c7239","name":"Validate Council Output [ForestOfDeanDistrictCouncil]","fullName":"features/validate_council_outputs.feature:Validate Council Output","historyId":"1863302d994cdc4d95cec317d29473ee","time":{"start":1725322134944,"stop":1725322434954,"duration":300010},"status":"failed","statusMessage":"selenium.common.exceptions.SessionNotCreatedException: Message: Could not start a new session. New session request timed out \nHost info: host: 'selenium', ip: '172.18.0.2'\nBuild info: version: '4.24.0', revision: '748ffc9bc3'\nSystem info: os.name: 'Linux', os.arch: 'amd64', os.version: '6.5.0-1025-azure', java.version: '17.0.12'\nDriver info: driver.version: unknown\nStacktrace:\n    at org.openqa.selenium.grid.sessionqueue.local.LocalNewSessionQueue.addToQueue (LocalNewSessionQueue.java:221)\n    at org.openqa.selenium.grid.sessionqueue.NewSessionQueue.lambda$new$0 (NewSessionQueue.java:68)\n    at org.openqa.selenium.remote.http.Route$TemplatizedRoute.handle (Route.java:192)\n    at org.openqa.selenium.remote.http.Route.execute (Route.java:69)\n    at org.openqa.selenium.remote.http.Route$CombinedRoute.handle (Route.java:360)\n    at org.openqa.selenium.remote.http.Route.execute (Route.java:69)\n    at org.openqa.selenium.grid.sessionqueue.NewSessionQueue.execute (NewSessionQueue.java:128)\n    at org.openqa.selenium.remote.tracing.SpanWrappedHttpHandler.execute (SpanWrappedHttpHandler.java:87)\n    at org.openqa.selenium.remote.http.Filter$1.execute (Filter.java:63)\n    at org.openqa.selenium.remote.http.Route$CombinedRoute.handle (Route.java:360)\n    at org.openqa.selenium.remote.http.Route.execute (Route.java:69)\n    at org.openqa.selenium.grid.router.Router.execute (Router.java:87)\n    at org.openqa.selenium.grid.web.EnsureSpecCompliantResponseHeaders.lambda$apply$0 (EnsureSpecCompliantResponseHeaders.java:34)\n    at org.openqa.selenium.remote.http.Filter$1.execute (Filter.java:63)\n    at org.openqa.selenium.remote.http.Route$CombinedRoute.handle (Route.java:360)\n    at org.openqa.selenium.remote.http.Route.execute (Route.java:69)\n    at org.openqa.selenium.remote.AddWebDriverSpecHeaders.lambda$apply$0 (AddWebDriverSpecHeaders.java:35)\n    at org.openqa.selenium.remote.ErrorFilter.lambda$apply$0 (ErrorFilter.java:44)\n    at org.openqa.selenium.remote.http.Filter$1.execute (Filter.java:63)\n    at org.openqa.selenium.remote.ErrorFilter.lambda$apply$0 (ErrorFilter.java:44)\n    at org.openqa.selenium.remote.http.Filter$1.execute (Filter.java:63)\n    at org.openqa.selenium.netty.server.SeleniumHandler.lambda$channelRead0$0 (SeleniumHandler.java:44)\n    at java.util.concurrent.Executors$RunnableAdapter.call (Executors.java:539)\n    at java.util.concurrent.FutureTask.run (FutureTask.java:264)\n    at java.util.concurrent.ThreadPoolExecutor.runWorker (ThreadPoolExecutor.java:1136)\n    at java.util.concurrent.ThreadPoolExecutor$Worker.run (ThreadPoolExecutor.java:635)\n    at java.lang.Thread.run (Thread.java:840)","statusTrace":"fixturefunc = <function scrape_step at 0x7f1dcb30e160>\nrequest = <FixtureRequest for <Function test_scenario_outline[ForestOfDeanDistrictCouncil]>>\nkwargs = {'context': <test_validate_council.Context object at 0x7f1dcb191c10>, 'headless_mode': 'True', 'local_browser': 'False', 'selenium_url': 'http://localhost:4444'}\n\n    def call_fixture_func(\n        fixturefunc: _FixtureFunc[FixtureValue], request: FixtureRequest, kwargs\n    ) -> FixtureValue:\n        if is_generator(fixturefunc):\n            fixturefunc = cast(\n                Callable[..., Generator[FixtureValue, None, None]], fixturefunc\n            )\n            generator = fixturefunc(**kwargs)\n            try:\n                fixture_result = next(generator)\n            except StopIteration:\n                raise ValueError(f\"{request.fixturename} did not yield a value\") from None\n            finalizer = functools.partial(_teardown_yield_fixture, fixturefunc, generator)\n            request.addfinalizer(finalizer)\n        else:\n            fixturefunc = cast(Callable[..., FixtureValue], fixturefunc)\n>           fixture_result = fixturefunc(**kwargs)\n\n../../../.cache/pypoetry/virtualenvs/uk-bin-collection-EwS6Gn8s-py3.11/lib/python3.11/site-packages/_pytest/fixtures.py:897: \n_ _ _ _ _ _ _ _ _ _ _ _ _ _ _ _ _ _ _ _ _ _ _ _ _ _ _ _ _ _ _ _ _ _ _ _ _ _ _ _ \nuk_bin_collection/tests/step_defs/test_validate_council.py:100: in scrape_step\n    context.parse_result = CollectData.run()\nuk_bin_collection/uk_bin_collection/collect_data.py:101: in run\n    return self.client_code(\nuk_bin_collection/uk_bin_collection/collect_data.py:121: in client_code\n    return get_bin_data_class.template_method(address_url, **kwargs)\nuk_bin_collection/uk_bin_collection/get_bin_data.py:61: in template_method\n    bin_data_dict = self.get_and_parse_data(this_url, **kwargs)\nuk_bin_collection/uk_bin_collection/get_bin_data.py:84: in get_and_parse_data\n    bin_data_dict = self.parse_data(\"\", url=address_url, **kwargs)\nuk_bin_collection/uk_bin_collection/councils/ForestOfDeanDistrictCouncil.py:38: in parse_data\n    driver = create_webdriver(web_driver, headless, None, __name__)\nuk_bin_collection/uk_bin_collection/common.py:323: in create_webdriver\n    return webdriver.Remote(command_executor=web_driver, options=options)\n../../../.cache/pypoetry/virtualenvs/uk-bin-collection-EwS6Gn8s-py3.11/lib/python3.11/site-packages/selenium/webdriver/remote/webdriver.py:212: in __init__\n    self.start_session(capabilities)\n../../../.cache/pypoetry/virtualenvs/uk-bin-collection-EwS6Gn8s-py3.11/lib/python3.11/site-packages/selenium/webdriver/remote/webdriver.py:299: in start_session\n    response = self.execute(Command.NEW_SESSION, caps)[\"value\"]\n../../../.cache/pypoetry/virtualenvs/uk-bin-collection-EwS6Gn8s-py3.11/lib/python3.11/site-packages/selenium/webdriver/remote/webdriver.py:354: in execute\n    self.error_handler.check_response(response)\n_ _ _ _ _ _ _ _ _ _ _ _ _ _ _ _ _ _ _ _ _ _ _ _ _ _ _ _ _ _ _ _ _ _ _ _ _ _ _ _ \n\nself = <selenium.webdriver.remote.errorhandler.ErrorHandler object at 0x7f1dca719dd0>\nresponse = {'status': 500, 'value': '{\\n  \"value\": {\\n    \"error\": \"session not created\",\\n    \"message\": \"Could not start a new ...\"className\": \"java.lang.Thread\",\\n        \"lineNumber\": 840,\\n        \"classLoaderName\": null\\n      }\\n    ]\\n  }\\n}'}\n\n    def check_response(self, response: Dict[str, Any]) -> None:\n        \"\"\"Checks that a JSON response from the WebDriver does not have an\n        error.\n    \n        :Args:\n         - response - The JSON response from the WebDriver server as a dictionary\n           object.\n    \n        :Raises: If the response contains an error message.\n        \"\"\"\n        status = response.get(\"status\", None)\n        if not status or status == ErrorCode.SUCCESS:\n            return\n        value = None\n        message = response.get(\"message\", \"\")\n        screen: str = response.get(\"screen\", \"\")\n        stacktrace = None\n        if isinstance(status, int):\n            value_json = response.get(\"value\", None)\n            if value_json and isinstance(value_json, str):\n                import json\n    \n                try:\n                    value = json.loads(value_json)\n                    if len(value) == 1:\n                        value = value[\"value\"]\n                    status = value.get(\"error\", None)\n                    if not status:\n                        status = value.get(\"status\", ErrorCode.UNKNOWN_ERROR)\n                        message = value.get(\"value\") or value.get(\"message\")\n                        if not isinstance(message, str):\n                            value = message\n                            message = message.get(\"message\")\n                    else:\n                        message = value.get(\"message\", None)\n                except ValueError:\n                    pass\n    \n        exception_class: Type[WebDriverException]\n        e = ErrorCode()\n        error_codes = [item for item in dir(e) if not item.startswith(\"__\")]\n        for error_code in error_codes:\n            error_info = getattr(ErrorCode, error_code)\n            if isinstance(error_info, list) and status in error_info:\n                exception_class = getattr(ExceptionMapping, error_code, WebDriverException)\n                break\n        else:\n            exception_class = WebDriverException\n    \n        if not value:\n            value = response[\"value\"]\n        if isinstance(value, str):\n            raise exception_class(value)\n        if message == \"\" and \"message\" in value:\n            message = value[\"message\"]\n    \n        screen = None  # type: ignore[assignment]\n        if \"screen\" in value:\n            screen = value[\"screen\"]\n    \n        stacktrace = None\n        st_value = value.get(\"stackTrace\") or value.get(\"stacktrace\")\n        if st_value:\n            if isinstance(st_value, str):\n                stacktrace = st_value.split(\"\\n\")\n            else:\n                stacktrace = []\n                try:\n                    for frame in st_value:\n                        line = frame.get(\"lineNumber\", \"\")\n                        file = frame.get(\"fileName\", \"<anonymous>\")\n                        if line:\n                            file = f\"{file}:{line}\"\n                        meth = frame.get(\"methodName\", \"<anonymous>\")\n                        if \"className\" in frame:\n                            meth = f\"{frame['className']}.{meth}\"\n                        msg = \"    at %s (%s)\"\n                        msg = msg % (meth, file)\n                        stacktrace.append(msg)\n                except TypeError:\n                    pass\n        if exception_class == UnexpectedAlertPresentException:\n            alert_text = None\n            if \"data\" in value:\n                alert_text = value[\"data\"].get(\"text\")\n            elif \"alert\" in value:\n                alert_text = value[\"alert\"].get(\"text\")\n            raise exception_class(message, screen, stacktrace, alert_text)  # type: ignore[call-arg]  # mypy is not smart enough here\n>       raise exception_class(message, screen, stacktrace)\nE       selenium.common.exceptions.SessionNotCreatedException: Message: Could not start a new session. New session request timed out \nE       Host info: host: 'selenium', ip: '172.18.0.2'\nE       Build info: version: '4.24.0', revision: '748ffc9bc3'\nE       System info: os.name: 'Linux', os.arch: 'amd64', os.version: '6.5.0-1025-azure', java.version: '17.0.12'\nE       Driver info: driver.version: unknown\nE       Stacktrace:\nE           at org.openqa.selenium.grid.sessionqueue.local.LocalNewSessionQueue.addToQueue (LocalNewSessionQueue.java:221)\nE           at org.openqa.selenium.grid.sessionqueue.NewSessionQueue.lambda$new$0 (NewSessionQueue.java:68)\nE           at org.openqa.selenium.remote.http.Route$TemplatizedRoute.handle (Route.java:192)\nE           at org.openqa.selenium.remote.http.Route.execute (Route.java:69)\nE           at org.openqa.selenium.remote.http.Route$CombinedRoute.handle (Route.java:360)\nE           at org.openqa.selenium.remote.http.Route.execute (Route.java:69)\nE           at org.openqa.selenium.grid.sessionqueue.NewSessionQueue.execute (NewSessionQueue.java:128)\nE           at org.openqa.selenium.remote.tracing.SpanWrappedHttpHandler.execute (SpanWrappedHttpHandler.java:87)\nE           at org.openqa.selenium.remote.http.Filter$1.execute (Filter.java:63)\nE           at org.openqa.selenium.remote.http.Route$CombinedRoute.handle (Route.java:360)\nE           at org.openqa.selenium.remote.http.Route.execute (Route.java:69)\nE           at org.openqa.selenium.grid.router.Router.execute (Router.java:87)\nE           at org.openqa.selenium.grid.web.EnsureSpecCompliantResponseHeaders.lambda$apply$0 (EnsureSpecCompliantResponseHeaders.java:34)\nE           at org.openqa.selenium.remote.http.Filter$1.execute (Filter.java:63)\nE           at org.openqa.selenium.remote.http.Route$CombinedRoute.handle (Route.java:360)\nE           at org.openqa.selenium.remote.http.Route.execute (Route.java:69)\nE           at org.openqa.selenium.remote.AddWebDriverSpecHeaders.lambda$apply$0 (AddWebDriverSpecHeaders.java:35)\nE           at org.openqa.selenium.remote.ErrorFilter.lambda$apply$0 (ErrorFilter.java:44)\nE           at org.openqa.selenium.remote.http.Filter$1.execute (Filter.java:63)\nE           at org.openqa.selenium.remote.ErrorFilter.lambda$apply$0 (ErrorFilter.java:44)\nE           at org.openqa.selenium.remote.http.Filter$1.execute (Filter.java:63)\nE           at org.openqa.selenium.netty.server.SeleniumHandler.lambda$channelRead0$0 (SeleniumHandler.java:44)\nE           at java.util.concurrent.Executors$RunnableAdapter.call (Executors.java:539)\nE           at java.util.concurrent.FutureTask.run (FutureTask.java:264)\nE           at java.util.concurrent.ThreadPoolExecutor.runWorker (ThreadPoolExecutor.java:1136)\nE           at java.util.concurrent.ThreadPoolExecutor$Worker.run (ThreadPoolExecutor.java:635)\nE           at java.lang.Thread.run (Thread.java:840)\n\n../../../.cache/pypoetry/virtualenvs/uk-bin-collection-EwS6Gn8s-py3.11/lib/python3.11/site-packages/selenium/webdriver/remote/errorhandler.py:229: SessionNotCreatedException","flaky":true,"newFailed":true,"newBroken":false,"newPassed":false,"retriesCount":0,"retriesStatusChange":false,"beforeStages":[],"testStage":{"status":"failed","statusMessage":"selenium.common.exceptions.SessionNotCreatedException: Message: Could not start a new session. New session request timed out \nHost info: host: 'selenium', ip: '172.18.0.2'\nBuild info: version: '4.24.0', revision: '748ffc9bc3'\nSystem info: os.name: 'Linux', os.arch: 'amd64', os.version: '6.5.0-1025-azure', java.version: '17.0.12'\nDriver info: driver.version: unknown\nStacktrace:\n    at org.openqa.selenium.grid.sessionqueue.local.LocalNewSessionQueue.addToQueue (LocalNewSessionQueue.java:221)\n    at org.openqa.selenium.grid.sessionqueue.NewSessionQueue.lambda$new$0 (NewSessionQueue.java:68)\n    at org.openqa.selenium.remote.http.Route$TemplatizedRoute.handle (Route.java:192)\n    at org.openqa.selenium.remote.http.Route.execute (Route.java:69)\n    at org.openqa.selenium.remote.http.Route$CombinedRoute.handle (Route.java:360)\n    at org.openqa.selenium.remote.http.Route.execute (Route.java:69)\n    at org.openqa.selenium.grid.sessionqueue.NewSessionQueue.execute (NewSessionQueue.java:128)\n    at org.openqa.selenium.remote.tracing.SpanWrappedHttpHandler.execute (SpanWrappedHttpHandler.java:87)\n    at org.openqa.selenium.remote.http.Filter$1.execute (Filter.java:63)\n    at org.openqa.selenium.remote.http.Route$CombinedRoute.handle (Route.java:360)\n    at org.openqa.selenium.remote.http.Route.execute (Route.java:69)\n    at org.openqa.selenium.grid.router.Router.execute (Router.java:87)\n    at org.openqa.selenium.grid.web.EnsureSpecCompliantResponseHeaders.lambda$apply$0 (EnsureSpecCompliantResponseHeaders.java:34)\n    at org.openqa.selenium.remote.http.Filter$1.execute (Filter.java:63)\n    at org.openqa.selenium.remote.http.Route$CombinedRoute.handle (Route.java:360)\n    at org.openqa.selenium.remote.http.Route.execute (Route.java:69)\n    at org.openqa.selenium.remote.AddWebDriverSpecHeaders.lambda$apply$0 (AddWebDriverSpecHeaders.java:35)\n    at org.openqa.selenium.remote.ErrorFilter.lambda$apply$0 (ErrorFilter.java:44)\n    at org.openqa.selenium.remote.http.Filter$1.execute (Filter.java:63)\n    at org.openqa.selenium.remote.ErrorFilter.lambda$apply$0 (ErrorFilter.java:44)\n    at org.openqa.selenium.remote.http.Filter$1.execute (Filter.java:63)\n    at org.openqa.selenium.netty.server.SeleniumHandler.lambda$channelRead0$0 (SeleniumHandler.java:44)\n    at java.util.concurrent.Executors$RunnableAdapter.call (Executors.java:539)\n    at java.util.concurrent.FutureTask.run (FutureTask.java:264)\n    at java.util.concurrent.ThreadPoolExecutor.runWorker (ThreadPoolExecutor.java:1136)\n    at java.util.concurrent.ThreadPoolExecutor$Worker.run (ThreadPoolExecutor.java:635)\n    at java.lang.Thread.run (Thread.java:840)","statusTrace":"fixturefunc = <function scrape_step at 0x7f1dcb30e160>\nrequest = <FixtureRequest for <Function test_scenario_outline[ForestOfDeanDistrictCouncil]>>\nkwargs = {'context': <test_validate_council.Context object at 0x7f1dcb191c10>, 'headless_mode': 'True', 'local_browser': 'False', 'selenium_url': 'http://localhost:4444'}\n\n    def call_fixture_func(\n        fixturefunc: _FixtureFunc[FixtureValue], request: FixtureRequest, kwargs\n    ) -> FixtureValue:\n        if is_generator(fixturefunc):\n            fixturefunc = cast(\n                Callable[..., Generator[FixtureValue, None, None]], fixturefunc\n            )\n            generator = fixturefunc(**kwargs)\n            try:\n                fixture_result = next(generator)\n            except StopIteration:\n                raise ValueError(f\"{request.fixturename} did not yield a value\") from None\n            finalizer = functools.partial(_teardown_yield_fixture, fixturefunc, generator)\n            request.addfinalizer(finalizer)\n        else:\n            fixturefunc = cast(Callable[..., FixtureValue], fixturefunc)\n>           fixture_result = fixturefunc(**kwargs)\n\n../../../.cache/pypoetry/virtualenvs/uk-bin-collection-EwS6Gn8s-py3.11/lib/python3.11/site-packages/_pytest/fixtures.py:897: \n_ _ _ _ _ _ _ _ _ _ _ _ _ _ _ _ _ _ _ _ _ _ _ _ _ _ _ _ _ _ _ _ _ _ _ _ _ _ _ _ \nuk_bin_collection/tests/step_defs/test_validate_council.py:100: in scrape_step\n    context.parse_result = CollectData.run()\nuk_bin_collection/uk_bin_collection/collect_data.py:101: in run\n    return self.client_code(\nuk_bin_collection/uk_bin_collection/collect_data.py:121: in client_code\n    return get_bin_data_class.template_method(address_url, **kwargs)\nuk_bin_collection/uk_bin_collection/get_bin_data.py:61: in template_method\n    bin_data_dict = self.get_and_parse_data(this_url, **kwargs)\nuk_bin_collection/uk_bin_collection/get_bin_data.py:84: in get_and_parse_data\n    bin_data_dict = self.parse_data(\"\", url=address_url, **kwargs)\nuk_bin_collection/uk_bin_collection/councils/ForestOfDeanDistrictCouncil.py:38: in parse_data\n    driver = create_webdriver(web_driver, headless, None, __name__)\nuk_bin_collection/uk_bin_collection/common.py:323: in create_webdriver\n    return webdriver.Remote(command_executor=web_driver, options=options)\n../../../.cache/pypoetry/virtualenvs/uk-bin-collection-EwS6Gn8s-py3.11/lib/python3.11/site-packages/selenium/webdriver/remote/webdriver.py:212: in __init__\n    self.start_session(capabilities)\n../../../.cache/pypoetry/virtualenvs/uk-bin-collection-EwS6Gn8s-py3.11/lib/python3.11/site-packages/selenium/webdriver/remote/webdriver.py:299: in start_session\n    response = self.execute(Command.NEW_SESSION, caps)[\"value\"]\n../../../.cache/pypoetry/virtualenvs/uk-bin-collection-EwS6Gn8s-py3.11/lib/python3.11/site-packages/selenium/webdriver/remote/webdriver.py:354: in execute\n    self.error_handler.check_response(response)\n_ _ _ _ _ _ _ _ _ _ _ _ _ _ _ _ _ _ _ _ _ _ _ _ _ _ _ _ _ _ _ _ _ _ _ _ _ _ _ _ \n\nself = <selenium.webdriver.remote.errorhandler.ErrorHandler object at 0x7f1dca719dd0>\nresponse = {'status': 500, 'value': '{\\n  \"value\": {\\n    \"error\": \"session not created\",\\n    \"message\": \"Could not start a new ...\"className\": \"java.lang.Thread\",\\n        \"lineNumber\": 840,\\n        \"classLoaderName\": null\\n      }\\n    ]\\n  }\\n}'}\n\n    def check_response(self, response: Dict[str, Any]) -> None:\n        \"\"\"Checks that a JSON response from the WebDriver does not have an\n        error.\n    \n        :Args:\n         - response - The JSON response from the WebDriver server as a dictionary\n           object.\n    \n        :Raises: If the response contains an error message.\n        \"\"\"\n        status = response.get(\"status\", None)\n        if not status or status == ErrorCode.SUCCESS:\n            return\n        value = None\n        message = response.get(\"message\", \"\")\n        screen: str = response.get(\"screen\", \"\")\n        stacktrace = None\n        if isinstance(status, int):\n            value_json = response.get(\"value\", None)\n            if value_json and isinstance(value_json, str):\n                import json\n    \n                try:\n                    value = json.loads(value_json)\n                    if len(value) == 1:\n                        value = value[\"value\"]\n                    status = value.get(\"error\", None)\n                    if not status:\n                        status = value.get(\"status\", ErrorCode.UNKNOWN_ERROR)\n                        message = value.get(\"value\") or value.get(\"message\")\n                        if not isinstance(message, str):\n                            value = message\n                            message = message.get(\"message\")\n                    else:\n                        message = value.get(\"message\", None)\n                except ValueError:\n                    pass\n    \n        exception_class: Type[WebDriverException]\n        e = ErrorCode()\n        error_codes = [item for item in dir(e) if not item.startswith(\"__\")]\n        for error_code in error_codes:\n            error_info = getattr(ErrorCode, error_code)\n            if isinstance(error_info, list) and status in error_info:\n                exception_class = getattr(ExceptionMapping, error_code, WebDriverException)\n                break\n        else:\n            exception_class = WebDriverException\n    \n        if not value:\n            value = response[\"value\"]\n        if isinstance(value, str):\n            raise exception_class(value)\n        if message == \"\" and \"message\" in value:\n            message = value[\"message\"]\n    \n        screen = None  # type: ignore[assignment]\n        if \"screen\" in value:\n            screen = value[\"screen\"]\n    \n        stacktrace = None\n        st_value = value.get(\"stackTrace\") or value.get(\"stacktrace\")\n        if st_value:\n            if isinstance(st_value, str):\n                stacktrace = st_value.split(\"\\n\")\n            else:\n                stacktrace = []\n                try:\n                    for frame in st_value:\n                        line = frame.get(\"lineNumber\", \"\")\n                        file = frame.get(\"fileName\", \"<anonymous>\")\n                        if line:\n                            file = f\"{file}:{line}\"\n                        meth = frame.get(\"methodName\", \"<anonymous>\")\n                        if \"className\" in frame:\n                            meth = f\"{frame['className']}.{meth}\"\n                        msg = \"    at %s (%s)\"\n                        msg = msg % (meth, file)\n                        stacktrace.append(msg)\n                except TypeError:\n                    pass\n        if exception_class == UnexpectedAlertPresentException:\n            alert_text = None\n            if \"data\" in value:\n                alert_text = value[\"data\"].get(\"text\")\n            elif \"alert\" in value:\n                alert_text = value[\"alert\"].get(\"text\")\n            raise exception_class(message, screen, stacktrace, alert_text)  # type: ignore[call-arg]  # mypy is not smart enough here\n>       raise exception_class(message, screen, stacktrace)\nE       selenium.common.exceptions.SessionNotCreatedException: Message: Could not start a new session. New session request timed out \nE       Host info: host: 'selenium', ip: '172.18.0.2'\nE       Build info: version: '4.24.0', revision: '748ffc9bc3'\nE       System info: os.name: 'Linux', os.arch: 'amd64', os.version: '6.5.0-1025-azure', java.version: '17.0.12'\nE       Driver info: driver.version: unknown\nE       Stacktrace:\nE           at org.openqa.selenium.grid.sessionqueue.local.LocalNewSessionQueue.addToQueue (LocalNewSessionQueue.java:221)\nE           at org.openqa.selenium.grid.sessionqueue.NewSessionQueue.lambda$new$0 (NewSessionQueue.java:68)\nE           at org.openqa.selenium.remote.http.Route$TemplatizedRoute.handle (Route.java:192)\nE           at org.openqa.selenium.remote.http.Route.execute (Route.java:69)\nE           at org.openqa.selenium.remote.http.Route$CombinedRoute.handle (Route.java:360)\nE           at org.openqa.selenium.remote.http.Route.execute (Route.java:69)\nE           at org.openqa.selenium.grid.sessionqueue.NewSessionQueue.execute (NewSessionQueue.java:128)\nE           at org.openqa.selenium.remote.tracing.SpanWrappedHttpHandler.execute (SpanWrappedHttpHandler.java:87)\nE           at org.openqa.selenium.remote.http.Filter$1.execute (Filter.java:63)\nE           at org.openqa.selenium.remote.http.Route$CombinedRoute.handle (Route.java:360)\nE           at org.openqa.selenium.remote.http.Route.execute (Route.java:69)\nE           at org.openqa.selenium.grid.router.Router.execute (Router.java:87)\nE           at org.openqa.selenium.grid.web.EnsureSpecCompliantResponseHeaders.lambda$apply$0 (EnsureSpecCompliantResponseHeaders.java:34)\nE           at org.openqa.selenium.remote.http.Filter$1.execute (Filter.java:63)\nE           at org.openqa.selenium.remote.http.Route$CombinedRoute.handle (Route.java:360)\nE           at org.openqa.selenium.remote.http.Route.execute (Route.java:69)\nE           at org.openqa.selenium.remote.AddWebDriverSpecHeaders.lambda$apply$0 (AddWebDriverSpecHeaders.java:35)\nE           at org.openqa.selenium.remote.ErrorFilter.lambda$apply$0 (ErrorFilter.java:44)\nE           at org.openqa.selenium.remote.http.Filter$1.execute (Filter.java:63)\nE           at org.openqa.selenium.remote.ErrorFilter.lambda$apply$0 (ErrorFilter.java:44)\nE           at org.openqa.selenium.remote.http.Filter$1.execute (Filter.java:63)\nE           at org.openqa.selenium.netty.server.SeleniumHandler.lambda$channelRead0$0 (SeleniumHandler.java:44)\nE           at java.util.concurrent.Executors$RunnableAdapter.call (Executors.java:539)\nE           at java.util.concurrent.FutureTask.run (FutureTask.java:264)\nE           at java.util.concurrent.ThreadPoolExecutor.runWorker (ThreadPoolExecutor.java:1136)\nE           at java.util.concurrent.ThreadPoolExecutor$Worker.run (ThreadPoolExecutor.java:635)\nE           at java.lang.Thread.run (Thread.java:840)\n\n../../../.cache/pypoetry/virtualenvs/uk-bin-collection-EwS6Gn8s-py3.11/lib/python3.11/site-packages/selenium/webdriver/remote/errorhandler.py:229: SessionNotCreatedException","steps":[{"name":"Given the council","time":{"start":1725322134945,"stop":1725322134945,"duration":0},"status":"passed","steps":[],"attachments":[],"parameters":[],"shouldDisplayMessage":false,"stepsCount":0,"attachmentsCount":0,"hasContent":false,"attachmentStep":false},{"name":"When we scrape the data from the council","time":{"start":1725322134945,"stop":1725322434954,"duration":300009},"status":"failed","statusMessage":"Message: Could not start a new session. New session request timed out \nHost info: host: 'selenium', ip: '172.18.0.2'\nBuild info: version: '4.24.0', revision: '748ffc9bc3'\nSystem info: os.name: 'Linux', os.arch: 'amd64', os.version: '6.5.0-1025-azure', java.version: '17.0.12'\nDriver info: driver.version: unknown\nStacktrace:\n    at org.openqa.selenium.grid.sessionqueue.local.LocalNewSessionQueue.addToQueue (LocalNewSessionQueue.java:221)\n    at org.openqa.selenium.grid.sessionqueue.NewSessionQueue.lambda$new$0 (NewSessionQueue.java:68)\n    at org.openqa.selenium.remote.http.Route$TemplatizedRoute.handle (Route.java:192)\n    at org.openqa.selenium.remote.http.Route.execute (Route.java:69)\n    at org.openqa.selenium.remote.http.Route$CombinedRoute.handle (Route.java:360)\n    at org.openqa.selenium.remote.http.Route.execute (Route.java:69)\n    at org.openqa.selenium.grid.sessionqueue.NewSessionQueue.execute (NewSessionQueue.java:128)\n    at org.openqa.selenium.remote.tracing.SpanWrappedHttpHandler.execute (SpanWrappedHttpHandler.java:87)\n    at org.openqa.selenium.remote.http.Filter$1.execute (Filter.java:63)\n    at org.openqa.selenium.remote.http.Route$CombinedRoute.handle (Route.java:360)\n    at org.openqa.selenium.remote.http.Route.execute (Route.java:69)\n    at org.openqa.selenium.grid.router.Router.execute (Router.java:87)\n    at org.openqa.selenium.grid.web.EnsureSpecCompliantResponseHeaders.lambda$apply$0 (EnsureSpecCompliantResponseHeaders.java:34)\n    at org.openqa.selenium.remote.http.Filter$1.execute (Filter.java:63)\n    at org.openqa.selenium.remote.http.Route$CombinedRoute.handle (Route.java:360)\n    at org.openqa.selenium.remote.http.Route.execute (Route.java:69)\n    at org.openqa.selenium.remote.AddWebDriverSpecHeaders.lambda$apply$0 (AddWebDriverSpecHeaders.java:35)\n    at org.openqa.selenium.remote.ErrorFilter.lambda$apply$0 (ErrorFilter.java:44)\n    at org.openqa.selenium.remote.http.Filter$1.execute (Filter.java:63)\n    at org.openqa.selenium.remote.ErrorFilter.lambda$apply$0 (ErrorFilter.java:44)\n    at org.openqa.selenium.remote.http.Filter$1.execute (Filter.java:63)\n    at org.openqa.selenium.netty.server.SeleniumHandler.lambda$channelRead0$0 (SeleniumHandler.java:44)\n    at java.util.concurrent.Executors$RunnableAdapter.call (Executors.java:539)\n    at java.util.concurrent.FutureTask.run (FutureTask.java:264)\n    at java.util.concurrent.ThreadPoolExecutor.runWorker (ThreadPoolExecutor.java:1136)\n    at java.util.concurrent.ThreadPoolExecutor$Worker.run (ThreadPoolExecutor.java:635)\n    at java.lang.Thread.run (Thread.java:840)","statusTrace":"selenium.common.exceptions.SessionNotCreatedException: Message: Could not start a new session. New session request timed out \nHost info: host: 'selenium', ip: '172.18.0.2'\nBuild info: version: '4.24.0', revision: '748ffc9bc3'\nSystem info: os.name: 'Linux', os.arch: 'amd64', os.version: '6.5.0-1025-azure', java.version: '17.0.12'\nDriver info: driver.version: unknown\nStacktrace:\n    at org.openqa.selenium.grid.sessionqueue.local.LocalNewSessionQueue.addToQueue (LocalNewSessionQueue.java:221)\n    at org.openqa.selenium.grid.sessionqueue.NewSessionQueue.lambda$new$0 (NewSessionQueue.java:68)\n    at org.openqa.selenium.remote.http.Route$TemplatizedRoute.handle (Route.java:192)\n    at org.openqa.selenium.remote.http.Route.execute (Route.java:69)\n    at org.openqa.selenium.remote.http.Route$CombinedRoute.handle (Route.java:360)\n    at org.openqa.selenium.remote.http.Route.execute (Route.java:69)\n    at org.openqa.selenium.grid.sessionqueue.NewSessionQueue.execute (NewSessionQueue.java:128)\n    at org.openqa.selenium.remote.tracing.SpanWrappedHttpHandler.execute (SpanWrappedHttpHandler.java:87)\n    at org.openqa.selenium.remote.http.Filter$1.execute (Filter.java:63)\n    at org.openqa.selenium.remote.http.Route$CombinedRoute.handle (Route.java:360)\n    at org.openqa.selenium.remote.http.Route.execute (Route.java:69)\n    at org.openqa.selenium.grid.router.Router.execute (Router.java:87)\n    at org.openqa.selenium.grid.web.EnsureSpecCompliantResponseHeaders.lambda$apply$0 (EnsureSpecCompliantResponseHeaders.java:34)\n    at org.openqa.selenium.remote.http.Filter$1.execute (Filter.java:63)\n    at org.openqa.selenium.remote.http.Route$CombinedRoute.handle (Route.java:360)\n    at org.openqa.selenium.remote.http.Route.execute (Route.java:69)\n    at org.openqa.selenium.remote.AddWebDriverSpecHeaders.lambda$apply$0 (AddWebDriverSpecHeaders.java:35)\n    at org.openqa.selenium.remote.ErrorFilter.lambda$apply$0 (ErrorFilter.java:44)\n    at org.openqa.selenium.remote.http.Filter$1.execute (Filter.java:63)\n    at org.openqa.selenium.remote.ErrorFilter.lambda$apply$0 (ErrorFilter.java:44)\n    at org.openqa.selenium.remote.http.Filter$1.execute (Filter.java:63)\n    at org.openqa.selenium.netty.server.SeleniumHandler.lambda$channelRead0$0 (SeleniumHandler.java:44)\n    at java.util.concurrent.Executors$RunnableAdapter.call (Executors.java:539)\n    at java.util.concurrent.FutureTask.run (FutureTask.java:264)\n    at java.util.concurrent.ThreadPoolExecutor.runWorker (ThreadPoolExecutor.java:1136)\n    at java.util.concurrent.ThreadPoolExecutor$Worker.run (ThreadPoolExecutor.java:635)\n    at java.lang.Thread.run (Thread.java:840)\n","steps":[],"attachments":[],"parameters":[],"shouldDisplayMessage":true,"stepsCount":0,"attachmentsCount":0,"hasContent":true,"attachmentStep":false}],"attachments":[{"uid":"ad01c6ae45099370","name":"stdout","source":"ad01c6ae45099370.txt","type":"text/plain","size":2664}],"parameters":[],"shouldDisplayMessage":true,"stepsCount":2,"attachmentsCount":1,"hasContent":true,"attachmentStep":false},"afterStages":[],"labels":[{"name":"host","value":"fv-az1146-680"},{"name":"thread","value":"2756-MainThread"},{"name":"framework","value":"pytest-bdd"},{"name":"language","value":"cpython3"},{"name":"feature","value":"Test each council output matches expected results"},{"name":"resultFormat","value":"allure2"}],"parameters":[{"name":"council","value":"ForestOfDeanDistrictCouncil"}],"links":[],"hidden":false,"retry":false,"extra":{"severity":"normal","retries":[],"categories":[{"name":"Product defects","matchedStatuses":[],"flaky":false}],"history":{"statistic":{"failed":111,"broken":0,"skipped":0,"passed":12,"unknown":0,"total":123},"items":[{"uid":"d0d9c41b1e6a23dc","reportUrl":"https://robbrad.github.io/UKBinCollectionData/3.11/2068//#testresult/d0d9c41b1e6a23dc","status":"passed","time":{"start":1725316341080,"stop":1725316387459,"duration":46379}},{"uid":"cc3a4e93f2631e2","reportUrl":"https://robbrad.github.io/UKBinCollectionData/3.11/2066//#testresult/cc3a4e93f2631e2","status":"failed","statusDetails":"selenium.common.exceptions.TimeoutException: Message: \nStacktrace:\n#0 0x55fabff678da <unknown>\n#1 0x55fabfc35e50 <unknown>\n#2 0x55fabfc85644 <unknown>\n#3 0x55fabfc85931 <unknown>\n#4 0x55fabfccb534 <unknown>\n#5 0x55fabfcaa4bd <unknown>\n#6 0x55fabfcc89c6 <unknown>\n#7 0x55fabfcaa233 <unknown>\n#8 0x55fabfc78093 <unknown>\n#9 0x55fabfc7909e <unknown>\n#10 0x55fabff2eb3b <unknown>\n#11 0x55fabff32af1 <unknown>\n#12 0x55fabff1a705 <unknown>\n#13 0x55fabff33662 <unknown>\n#14 0x55fabfeff8df <unknown>\n#15 0x55fabff566d8 <unknown>\n#16 0x55fabff568a2 <unknown>\n#17 0x55fabff666cc <unknown>\n#18 0x7f5a628f8a94 <unknown>\n#19 0x7f5a62985a34 __clone","time":{"start":1725313023460,"stop":1725313122006,"duration":98546}},{"uid":"eb9d22e855715832","reportUrl":"https://robbrad.github.io/UKBinCollectionData/3.11/2064//#testresult/eb9d22e855715832","status":"failed","statusDetails":"selenium.common.exceptions.TimeoutException: Message: \nStacktrace:\n#0 0x562d2bd658da <unknown>\n#1 0x562d2ba33e50 <unknown>\n#2 0x562d2ba83644 <unknown>\n#3 0x562d2ba83931 <unknown>\n#4 0x562d2bac9534 <unknown>\n#5 0x562d2baa84bd <unknown>\n#6 0x562d2bac69c6 <unknown>\n#7 0x562d2baa8233 <unknown>\n#8 0x562d2ba76093 <unknown>\n#9 0x562d2ba7709e <unknown>\n#10 0x562d2bd2cb3b <unknown>\n#11 0x562d2bd30af1 <unknown>\n#12 0x562d2bd18705 <unknown>\n#13 0x562d2bd31662 <unknown>\n#14 0x562d2bcfd8df <unknown>\n#15 0x562d2bd546d8 <unknown>\n#16 0x562d2bd548a2 <unknown>\n#17 0x562d2bd646cc <unknown>\n#18 0x7f6aba6dda94 <unknown>\n#19 0x7f6aba76aa34 __clone","time":{"start":1725310860620,"stop":1725310952286,"duration":91666}},{"uid":"e0887b1d374eb723","reportUrl":"https://robbrad.github.io/UKBinCollectionData/3.11/2060//#testresult/e0887b1d374eb723","status":"passed","time":{"start":1725308119013,"stop":1725308163013,"duration":44000}},{"uid":"fc38121858002308","reportUrl":"https://robbrad.github.io/UKBinCollectionData/3.11/2059//#testresult/fc38121858002308","status":"failed","statusDetails":"selenium.common.exceptions.TimeoutException: Message: \nStacktrace:\n#0 0x55e8e8cc28da <unknown>\n#1 0x55e8e8990e50 <unknown>\n#2 0x55e8e89e0644 <unknown>\n#3 0x55e8e89e0931 <unknown>\n#4 0x55e8e8a26534 <unknown>\n#5 0x55e8e8a054bd <unknown>\n#6 0x55e8e8a239c6 <unknown>\n#7 0x55e8e8a05233 <unknown>\n#8 0x55e8e89d3093 <unknown>\n#9 0x55e8e89d409e <unknown>\n#10 0x55e8e8c89b3b <unknown>\n#11 0x55e8e8c8daf1 <unknown>\n#12 0x55e8e8c75705 <unknown>\n#13 0x55e8e8c8e662 <unknown>\n#14 0x55e8e8c5a8df <unknown>\n#15 0x55e8e8cb16d8 <unknown>\n#16 0x55e8e8cb18a2 <unknown>\n#17 0x55e8e8cc16cc <unknown>\n#18 0x7ffbbb5fca94 <unknown>\n#19 0x7ffbbb689a34 __clone","time":{"start":1725308002492,"stop":1725308129291,"duration":126799}},{"uid":"92b5372ec6748cde","reportUrl":"https://robbrad.github.io/UKBinCollectionData/3.11/2054//#testresult/92b5372ec6748cde","status":"failed","statusDetails":"selenium.common.exceptions.TimeoutException: Message: \nStacktrace:\n#0 0x55eb730468da <unknown>\n#1 0x55eb72d14e50 <unknown>\n#2 0x55eb72d64644 <unknown>\n#3 0x55eb72d64931 <unknown>\n#4 0x55eb72daa534 <unknown>\n#5 0x55eb72d894bd <unknown>\n#6 0x55eb72da79c6 <unknown>\n#7 0x55eb72d89233 <unknown>\n#8 0x55eb72d57093 <unknown>\n#9 0x55eb72d5809e <unknown>\n#10 0x55eb7300db3b <unknown>\n#11 0x55eb73011af1 <unknown>\n#12 0x55eb72ff9705 <unknown>\n#13 0x55eb73012662 <unknown>\n#14 0x55eb72fde8df <unknown>\n#15 0x55eb730356d8 <unknown>\n#16 0x55eb730358a2 <unknown>\n#17 0x55eb730456cc <unknown>\n#18 0x7f85c2814a94 <unknown>\n#19 0x7f85c28a1a34 __clone","time":{"start":1725236218557,"stop":1725236305802,"duration":87245}},{"uid":"eaa2a2f5e0dabbbe","reportUrl":"https://robbrad.github.io/UKBinCollectionData/3.11/2053//#testresult/eaa2a2f5e0dabbbe","status":"failed","statusDetails":"selenium.common.exceptions.TimeoutException: Message: \nStacktrace:\n#0 0x55b6d4a458da <unknown>\n#1 0x55b6d4713e50 <unknown>\n#2 0x55b6d4763644 <unknown>\n#3 0x55b6d4763931 <unknown>\n#4 0x55b6d47a9534 <unknown>\n#5 0x55b6d47884bd <unknown>\n#6 0x55b6d47a69c6 <unknown>\n#7 0x55b6d4788233 <unknown>\n#8 0x55b6d4756093 <unknown>\n#9 0x55b6d475709e <unknown>\n#10 0x55b6d4a0cb3b <unknown>\n#11 0x55b6d4a10af1 <unknown>\n#12 0x55b6d49f8705 <unknown>\n#13 0x55b6d4a11662 <unknown>\n#14 0x55b6d49dd8df <unknown>\n#15 0x55b6d4a346d8 <unknown>\n#16 0x55b6d4a348a2 <unknown>\n#17 0x55b6d4a446cc <unknown>\n#18 0x7f77435aba94 <unknown>\n#19 0x7f7743638a34 __clone","time":{"start":1725149915136,"stop":1725149995607,"duration":80471}},{"uid":"e933cbba929bc4d2","reportUrl":"https://robbrad.github.io/UKBinCollectionData/3.11/2052//#testresult/e933cbba929bc4d2","status":"failed","statusDetails":"selenium.common.exceptions.TimeoutException: Message: \nStacktrace:\n#0 0x55efa768e8da <unknown>\n#1 0x55efa735ce50 <unknown>\n#2 0x55efa73ac644 <unknown>\n#3 0x55efa73ac931 <unknown>\n#4 0x55efa73f2534 <unknown>\n#5 0x55efa73d14bd <unknown>\n#6 0x55efa73ef9c6 <unknown>\n#7 0x55efa73d1233 <unknown>\n#8 0x55efa739f093 <unknown>\n#9 0x55efa73a009e <unknown>\n#10 0x55efa7655b3b <unknown>\n#11 0x55efa7659af1 <unknown>\n#12 0x55efa7641705 <unknown>\n#13 0x55efa765a662 <unknown>\n#14 0x55efa76268df <unknown>\n#15 0x55efa767d6d8 <unknown>\n#16 0x55efa767d8a2 <unknown>\n#17 0x55efa768d6cc <unknown>\n#18 0x7f330af5ca94 <unknown>\n#19 0x7f330afe9a34 __clone","time":{"start":1725062901474,"stop":1725063199171,"duration":297697}},{"uid":"2da6a2f849d6bf1a","reportUrl":"https://robbrad.github.io/UKBinCollectionData/3.11/2051//#testresult/2da6a2f849d6bf1a","status":"failed","statusDetails":"selenium.common.exceptions.TimeoutException: Message: \nStacktrace:\n#0 0x564ea81248da <unknown>\n#1 0x564ea7df2e50 <unknown>\n#2 0x564ea7e42644 <unknown>\n#3 0x564ea7e42931 <unknown>\n#4 0x564ea7e88534 <unknown>\n#5 0x564ea7e674bd <unknown>\n#6 0x564ea7e859c6 <unknown>\n#7 0x564ea7e67233 <unknown>\n#8 0x564ea7e35093 <unknown>\n#9 0x564ea7e3609e <unknown>\n#10 0x564ea80ebb3b <unknown>\n#11 0x564ea80efaf1 <unknown>\n#12 0x564ea80d7705 <unknown>\n#13 0x564ea80f0662 <unknown>\n#14 0x564ea80bc8df <unknown>\n#15 0x564ea81136d8 <unknown>\n#16 0x564ea81138a2 <unknown>\n#17 0x564ea81236cc <unknown>\n#18 0x7f3e7c00da94 <unknown>\n#19 0x7f3e7c09aa34 __clone","time":{"start":1724977045000,"stop":1724977124751,"duration":79751}},{"uid":"a193ec80f83b4271","reportUrl":"https://robbrad.github.io/UKBinCollectionData/3.11/2049//#testresult/a193ec80f83b4271","status":"failed","statusDetails":"selenium.common.exceptions.TimeoutException: Message: \nStacktrace:\n#0 0x562dbb5c16ca <unknown>\n#1 0x562dbb292600 <unknown>\n#2 0x562dbb2e1bcb <unknown>\n#3 0x562dbb2e1eb1 <unknown>\n#4 0x562dbb325b24 <unknown>\n#5 0x562dbb3048cd <unknown>\n#6 0x562dbb32304a <unknown>\n#7 0x562dbb304643 <unknown>\n#8 0x562dbb2d4d31 <unknown>\n#9 0x562dbb2d579e <unknown>\n#10 0x562dbb58925b <unknown>\n#11 0x562dbb58d1f2 <unknown>\n#12 0x562dbb576615 <unknown>\n#13 0x562dbb58dd82 <unknown>\n#14 0x562dbb55b25f <unknown>\n#15 0x562dbb5b0e68 <unknown>\n#16 0x562dbb5b1040 <unknown>\n#17 0x562dbb5c049c <unknown>\n#18 0x7f4623963a94 <unknown>\n#19 0x7f46239f0a34 __clone","time":{"start":1724890664025,"stop":1724890736859,"duration":72834}},{"uid":"4f11a6595cf17c61","reportUrl":"https://robbrad.github.io/UKBinCollectionData/3.11/2048//#testresult/4f11a6595cf17c61","status":"failed","statusDetails":"selenium.common.exceptions.TimeoutException: Message: \nStacktrace:\n#0 0x55f4e170f6ca <unknown>\n#1 0x55f4e13e0600 <unknown>\n#2 0x55f4e142fbcb <unknown>\n#3 0x55f4e142feb1 <unknown>\n#4 0x55f4e1473b24 <unknown>\n#5 0x55f4e14528cd <unknown>\n#6 0x55f4e147104a <unknown>\n#7 0x55f4e1452643 <unknown>\n#8 0x55f4e1422d31 <unknown>\n#9 0x55f4e142379e <unknown>\n#10 0x55f4e16d725b <unknown>\n#11 0x55f4e16db1f2 <unknown>\n#12 0x55f4e16c4615 <unknown>\n#13 0x55f4e16dbd82 <unknown>\n#14 0x55f4e16a925f <unknown>\n#15 0x55f4e16fee68 <unknown>\n#16 0x55f4e16ff040 <unknown>\n#17 0x55f4e170e49c <unknown>\n#18 0x7efd286aba94 <unknown>\n#19 0x7efd28738a34 __clone","time":{"start":1724803653078,"stop":1724803962341,"duration":309263}},{"uid":"6572a06ff381291c","reportUrl":"https://robbrad.github.io/UKBinCollectionData/3.11/2043//#testresult/6572a06ff381291c","status":"failed","statusDetails":"selenium.common.exceptions.TimeoutException: Message: \nStacktrace:\n#0 0x55fcc5ca56ca <unknown>\n#1 0x55fcc5976600 <unknown>\n#2 0x55fcc59c5bcb <unknown>\n#3 0x55fcc59c5eb1 <unknown>\n#4 0x55fcc5a09b24 <unknown>\n#5 0x55fcc59e88cd <unknown>\n#6 0x55fcc5a0704a <unknown>\n#7 0x55fcc59e8643 <unknown>\n#8 0x55fcc59b8d31 <unknown>\n#9 0x55fcc59b979e <unknown>\n#10 0x55fcc5c6d25b <unknown>\n#11 0x55fcc5c711f2 <unknown>\n#12 0x55fcc5c5a615 <unknown>\n#13 0x55fcc5c71d82 <unknown>\n#14 0x55fcc5c3f25f <unknown>\n#15 0x55fcc5c94e68 <unknown>\n#16 0x55fcc5c95040 <unknown>\n#17 0x55fcc5ca449c <unknown>\n#18 0x7fdb5837ba94 <unknown>\n#19 0x7fdb58408a34 __clone","time":{"start":1724717540189,"stop":1724717625122,"duration":84933}},{"uid":"9e4a36a8b3b75244","reportUrl":"https://robbrad.github.io/UKBinCollectionData/3.11/2039//#testresult/9e4a36a8b3b75244","status":"failed","statusDetails":"selenium.common.exceptions.TimeoutException: Message: \nStacktrace:\n#0 0x563bf037b6ca <unknown>\n#1 0x563bf004c600 <unknown>\n#2 0x563bf009bbcb <unknown>\n#3 0x563bf009beb1 <unknown>\n#4 0x563bf00dfb24 <unknown>\n#5 0x563bf00be8cd <unknown>\n#6 0x563bf00dd04a <unknown>\n#7 0x563bf00be643 <unknown>\n#8 0x563bf008ed31 <unknown>\n#9 0x563bf008f79e <unknown>\n#10 0x563bf034325b <unknown>\n#11 0x563bf03471f2 <unknown>\n#12 0x563bf0330615 <unknown>\n#13 0x563bf0347d82 <unknown>\n#14 0x563bf031525f <unknown>\n#15 0x563bf036ae68 <unknown>\n#16 0x563bf036b040 <unknown>\n#17 0x563bf037a49c <unknown>\n#18 0x7f2c3c11da94 <unknown>\n#19 0x7f2c3c1aaa34 __clone","time":{"start":1724631314906,"stop":1724631420114,"duration":105208}},{"uid":"a5d3e244bedae772","reportUrl":"https://robbrad.github.io/UKBinCollectionData/3.11/2038//#testresult/a5d3e244bedae772","status":"failed","statusDetails":"selenium.common.exceptions.TimeoutException: Message: \nStacktrace:\n#0 0x55d005e2d6ca <unknown>\n#1 0x55d005afe600 <unknown>\n#2 0x55d005b4dbcb <unknown>\n#3 0x55d005b4deb1 <unknown>\n#4 0x55d005b91b24 <unknown>\n#5 0x55d005b708cd <unknown>\n#6 0x55d005b8f04a <unknown>\n#7 0x55d005b70643 <unknown>\n#8 0x55d005b40d31 <unknown>\n#9 0x55d005b4179e <unknown>\n#10 0x55d005df525b <unknown>\n#11 0x55d005df91f2 <unknown>\n#12 0x55d005de2615 <unknown>\n#13 0x55d005df9d82 <unknown>\n#14 0x55d005dc725f <unknown>\n#15 0x55d005e1ce68 <unknown>\n#16 0x55d005e1d040 <unknown>\n#17 0x55d005e2c49c <unknown>\n#18 0x7f26690a0a94 <unknown>\n#19 0x7f266912da34 __clone","time":{"start":1724544861436,"stop":1724544944908,"duration":83472}},{"uid":"bd1c2c792c2b31e7","reportUrl":"https://robbrad.github.io/UKBinCollectionData/3.11/2037//#testresult/bd1c2c792c2b31e7","status":"failed","statusDetails":"selenium.common.exceptions.TimeoutException: Message: \nStacktrace:\n#0 0x55643507a6ca <unknown>\n#1 0x556434d4b600 <unknown>\n#2 0x556434d9abcb <unknown>\n#3 0x556434d9aeb1 <unknown>\n#4 0x556434ddeb24 <unknown>\n#5 0x556434dbd8cd <unknown>\n#6 0x556434ddc04a <unknown>\n#7 0x556434dbd643 <unknown>\n#8 0x556434d8dd31 <unknown>\n#9 0x556434d8e79e <unknown>\n#10 0x55643504225b <unknown>\n#11 0x5564350461f2 <unknown>\n#12 0x55643502f615 <unknown>\n#13 0x556435046d82 <unknown>\n#14 0x55643501425f <unknown>\n#15 0x556435069e68 <unknown>\n#16 0x55643506a040 <unknown>\n#17 0x55643507949c <unknown>\n#18 0x7f94c6a27a94 <unknown>\n#19 0x7f94c6ab4a34 __clone","time":{"start":1724458537212,"stop":1724458616601,"duration":79389}},{"uid":"84e1b38ad8f6f030","reportUrl":"https://robbrad.github.io/UKBinCollectionData/3.11/2036//#testresult/84e1b38ad8f6f030","status":"failed","statusDetails":"selenium.common.exceptions.TimeoutException: Message: \nStacktrace:\n#0 0x55e00212e6ca <unknown>\n#1 0x55e001dff600 <unknown>\n#2 0x55e001e4ebcb <unknown>\n#3 0x55e001e4eeb1 <unknown>\n#4 0x55e001e92b24 <unknown>\n#5 0x55e001e718cd <unknown>\n#6 0x55e001e9004a <unknown>\n#7 0x55e001e71643 <unknown>\n#8 0x55e001e41d31 <unknown>\n#9 0x55e001e4279e <unknown>\n#10 0x55e0020f625b <unknown>\n#11 0x55e0020fa1f2 <unknown>\n#12 0x55e0020e3615 <unknown>\n#13 0x55e0020fad82 <unknown>\n#14 0x55e0020c825f <unknown>\n#15 0x55e00211de68 <unknown>\n#16 0x55e00211e040 <unknown>\n#17 0x55e00212d49c <unknown>\n#18 0x7f24f23a2a94 <unknown>\n#19 0x7f24f242fa34 __clone","time":{"start":1724372063669,"stop":1724372146773,"duration":83104}},{"uid":"33cce06a915d451d","reportUrl":"https://robbrad.github.io/UKBinCollectionData/3.11/2034//#testresult/33cce06a915d451d","status":"failed","statusDetails":"selenium.common.exceptions.TimeoutException: Message: \nStacktrace:\n#0 0x55ee9d36f6ca <unknown>\n#1 0x55ee9d040600 <unknown>\n#2 0x55ee9d08fbcb <unknown>\n#3 0x55ee9d08feb1 <unknown>\n#4 0x55ee9d0d3b24 <unknown>\n#5 0x55ee9d0b28cd <unknown>\n#6 0x55ee9d0d104a <unknown>\n#7 0x55ee9d0b2643 <unknown>\n#8 0x55ee9d082d31 <unknown>\n#9 0x55ee9d08379e <unknown>\n#10 0x55ee9d33725b <unknown>\n#11 0x55ee9d33b1f2 <unknown>\n#12 0x55ee9d324615 <unknown>\n#13 0x55ee9d33bd82 <unknown>\n#14 0x55ee9d30925f <unknown>\n#15 0x55ee9d35ee68 <unknown>\n#16 0x55ee9d35f040 <unknown>\n#17 0x55ee9d36e49c <unknown>\n#18 0x7f4d1ea2da94 <unknown>\n#19 0x7f4d1eabaa34 __clone","time":{"start":1724285711783,"stop":1724285791778,"duration":79995}},{"uid":"4b73dabb53b6971a","reportUrl":"https://robbrad.github.io/UKBinCollectionData/3.11/2033//#testresult/4b73dabb53b6971a","status":"failed","statusDetails":"selenium.common.exceptions.TimeoutException: Message: \nStacktrace:\n#0 0x561afd6136ca <unknown>\n#1 0x561afd2e4600 <unknown>\n#2 0x561afd333bcb <unknown>\n#3 0x561afd333eb1 <unknown>\n#4 0x561afd377b24 <unknown>\n#5 0x561afd3568cd <unknown>\n#6 0x561afd37504a <unknown>\n#7 0x561afd356643 <unknown>\n#8 0x561afd326d31 <unknown>\n#9 0x561afd32779e <unknown>\n#10 0x561afd5db25b <unknown>\n#11 0x561afd5df1f2 <unknown>\n#12 0x561afd5c8615 <unknown>\n#13 0x561afd5dfd82 <unknown>\n#14 0x561afd5ad25f <unknown>\n#15 0x561afd602e68 <unknown>\n#16 0x561afd603040 <unknown>\n#17 0x561afd61249c <unknown>\n#18 0x7fcf69040a94 <unknown>\n#19 0x7fcf690cda34 __clone","time":{"start":1724199314173,"stop":1724199398663,"duration":84490}},{"uid":"9650df26980f5cc7","reportUrl":"https://robbrad.github.io/UKBinCollectionData/3.11/2032//#testresult/9650df26980f5cc7","status":"failed","statusDetails":"selenium.common.exceptions.TimeoutException: Message: \nStacktrace:\n#0 0x55942b20b6aa <unknown>\n#1 0x55942aedc600 <unknown>\n#2 0x55942af2bbcb <unknown>\n#3 0x55942af2beb1 <unknown>\n#4 0x55942af6fb24 <unknown>\n#5 0x55942af4e8cd <unknown>\n#6 0x55942af6d04a <unknown>\n#7 0x55942af4e643 <unknown>\n#8 0x55942af1ed31 <unknown>\n#9 0x55942af1f79e <unknown>\n#10 0x55942b1d323b <unknown>\n#11 0x55942b1d71d2 <unknown>\n#12 0x55942b1c05f5 <unknown>\n#13 0x55942b1d7d62 <unknown>\n#14 0x55942b1a523f <unknown>\n#15 0x55942b1fae48 <unknown>\n#16 0x55942b1fb020 <unknown>\n#17 0x55942b20a47c <unknown>\n#18 0x7f85d7ef5a94 <unknown>\n#19 0x7f85d7f82a34 __clone","time":{"start":1724112911450,"stop":1724112996327,"duration":84877}},{"uid":"34b4d1f59acfdd3c","reportUrl":"https://robbrad.github.io/UKBinCollectionData/3.11/2031//#testresult/34b4d1f59acfdd3c","status":"failed","statusDetails":"selenium.common.exceptions.TimeoutException: Message: \nStacktrace:\n#0 0x560e7e1dc6aa <unknown>\n#1 0x560e7dead600 <unknown>\n#2 0x560e7defcbcb <unknown>\n#3 0x560e7defceb1 <unknown>\n#4 0x560e7df40b24 <unknown>\n#5 0x560e7df1f8cd <unknown>\n#6 0x560e7df3e04a <unknown>\n#7 0x560e7df1f643 <unknown>\n#8 0x560e7deefd31 <unknown>\n#9 0x560e7def079e <unknown>\n#10 0x560e7e1a423b <unknown>\n#11 0x560e7e1a81d2 <unknown>\n#12 0x560e7e1915f5 <unknown>\n#13 0x560e7e1a8d62 <unknown>\n#14 0x560e7e17623f <unknown>\n#15 0x560e7e1cbe48 <unknown>\n#16 0x560e7e1cc020 <unknown>\n#17 0x560e7e1db47c <unknown>\n#18 0x7f083bc75a94 <unknown>\n#19 0x7f083bd02a34 __clone","time":{"start":1724026475140,"stop":1724026559287,"duration":84147}}]},"tags":[]},"source":"926c3112e93c7239.json","parameterValues":["ForestOfDeanDistrictCouncil"]}