{"uid":"1ef1b8c4140d76ab","name":"Validate Council Output [NeathPortTalbotCouncil]","fullName":"features/validate_council_outputs.feature:Validate Council Output","historyId":"6a7795e00df27bb2a2723cbd96dd78a1","time":{"start":1724717769982,"stop":1724717785798,"duration":15816},"status":"failed","statusMessage":"selenium.common.exceptions.ElementClickInterceptedException: Message: element click intercepted: Element is not clickable at point (589, 636)\n  (Session info: chrome-headless-shell=127.0.6533.119)\nStacktrace:\n#0 0x564358ec06ca <unknown>\n#1 0x564358b91600 <unknown>\n#2 0x564358be78e6 <unknown>\n#3 0x564358be57f6 <unknown>\n#4 0x564358be3277 <unknown>\n#5 0x564358be211c <unknown>\n#6 0x564358bd5be6 <unknown>\n#7 0x564358c038a2 <unknown>\n#8 0x564358bd5599 <unknown>\n#9 0x564358c03a6e <unknown>\n#10 0x564358c2204a <unknown>\n#11 0x564358c03643 <unknown>\n#12 0x564358bd3d31 <unknown>\n#13 0x564358bd479e <unknown>\n#14 0x564358e8825b <unknown>\n#15 0x564358e8c1f2 <unknown>\n#16 0x564358e75615 <unknown>\n#17 0x564358e8cd82 <unknown>\n#18 0x564358e5a25f <unknown>\n#19 0x564358eafe68 <unknown>\n#20 0x564358eb0040 <unknown>\n#21 0x564358ebf49c <unknown>\n#22 0x7f3246297a94 <unknown>\n#23 0x7f3246324a34 __clone","statusTrace":"fixturefunc = <function scrape_step at 0x7f3aef7b8a40>\nrequest = <FixtureRequest for <Function test_scenario_outline[NeathPortTalbotCouncil]>>\nkwargs = {'context': <test_validate_council.Context object at 0x7f3aef630dd0>, 'headless_mode': 'True', 'local_browser': 'False', 'selenium_url': 'http://localhost:4444'}\n\n    def call_fixture_func(\n        fixturefunc: _FixtureFunc[FixtureValue], request: FixtureRequest, kwargs\n    ) -> FixtureValue:\n        if is_generator(fixturefunc):\n            fixturefunc = cast(\n                Callable[..., Generator[FixtureValue, None, None]], fixturefunc\n            )\n            generator = fixturefunc(**kwargs)\n            try:\n                fixture_result = next(generator)\n            except StopIteration:\n                raise ValueError(f\"{request.fixturename} did not yield a value\") from None\n            finalizer = functools.partial(_teardown_yield_fixture, fixturefunc, generator)\n            request.addfinalizer(finalizer)\n        else:\n            fixturefunc = cast(Callable[..., FixtureValue], fixturefunc)\n>           fixture_result = fixturefunc(**kwargs)\n\n../../../.cache/pypoetry/virtualenvs/uk-bin-collection-EwS6Gn8s-py3.11/lib/python3.11/site-packages/_pytest/fixtures.py:897: \n_ _ _ _ _ _ _ _ _ _ _ _ _ _ _ _ _ _ _ _ _ _ _ _ _ _ _ _ _ _ _ _ _ _ _ _ _ _ _ _ \nuk_bin_collection/tests/step_defs/test_validate_council.py:100: in scrape_step\n    context.parse_result = CollectData.run()\nuk_bin_collection/uk_bin_collection/collect_data.py:101: in run\n    return self.client_code(\nuk_bin_collection/uk_bin_collection/collect_data.py:121: in client_code\n    return get_bin_data_class.template_method(address_url, **kwargs)\nuk_bin_collection/uk_bin_collection/get_bin_data.py:61: in template_method\n    bin_data_dict = self.get_and_parse_data(this_url, **kwargs)\nuk_bin_collection/uk_bin_collection/get_bin_data.py:84: in get_and_parse_data\n    bin_data_dict = self.parse_data(\"\", url=address_url, **kwargs)\nuk_bin_collection/uk_bin_collection/councils/NeathPortTalbotCouncil.py:40: in parse_data\n    cookieAccept.click()\n../../../.cache/pypoetry/virtualenvs/uk-bin-collection-EwS6Gn8s-py3.11/lib/python3.11/site-packages/selenium/webdriver/remote/webelement.py:94: in click\n    self._execute(Command.CLICK_ELEMENT)\n../../../.cache/pypoetry/virtualenvs/uk-bin-collection-EwS6Gn8s-py3.11/lib/python3.11/site-packages/selenium/webdriver/remote/webelement.py:395: in _execute\n    return self._parent.execute(command, params)\n../../../.cache/pypoetry/virtualenvs/uk-bin-collection-EwS6Gn8s-py3.11/lib/python3.11/site-packages/selenium/webdriver/remote/webdriver.py:354: in execute\n    self.error_handler.check_response(response)\n_ _ _ _ _ _ _ _ _ _ _ _ _ _ _ _ _ _ _ _ _ _ _ _ _ _ _ _ _ _ _ _ _ _ _ _ _ _ _ _ \n\nself = <selenium.webdriver.remote.errorhandler.ErrorHandler object at 0x7f3aeed7f910>\nresponse = {'status': 400, 'value': '{\"value\":{\"error\":\"element click intercepted\",\"message\":\"element click intercepted: Element ...unknown>\\\\n#21 0x564358ebf49c \\\\u003Cunknown>\\\\n#22 0x7f3246297a94 \\\\u003Cunknown>\\\\n#23 0x7f3246324a34 __clone\\\\n\"}}'}\n\n    def check_response(self, response: Dict[str, Any]) -> None:\n        \"\"\"Checks that a JSON response from the WebDriver does not have an\n        error.\n    \n        :Args:\n         - response - The JSON response from the WebDriver server as a dictionary\n           object.\n    \n        :Raises: If the response contains an error message.\n        \"\"\"\n        status = response.get(\"status\", None)\n        if not status or status == ErrorCode.SUCCESS:\n            return\n        value = None\n        message = response.get(\"message\", \"\")\n        screen: str = response.get(\"screen\", \"\")\n        stacktrace = None\n        if isinstance(status, int):\n            value_json = response.get(\"value\", None)\n            if value_json and isinstance(value_json, str):\n                import json\n    \n                try:\n                    value = json.loads(value_json)\n                    if len(value) == 1:\n                        value = value[\"value\"]\n                    status = value.get(\"error\", None)\n                    if not status:\n                        status = value.get(\"status\", ErrorCode.UNKNOWN_ERROR)\n                        message = value.get(\"value\") or value.get(\"message\")\n                        if not isinstance(message, str):\n                            value = message\n                            message = message.get(\"message\")\n                    else:\n                        message = value.get(\"message\", None)\n                except ValueError:\n                    pass\n    \n        exception_class: Type[WebDriverException]\n        e = ErrorCode()\n        error_codes = [item for item in dir(e) if not item.startswith(\"__\")]\n        for error_code in error_codes:\n            error_info = getattr(ErrorCode, error_code)\n            if isinstance(error_info, list) and status in error_info:\n                exception_class = getattr(ExceptionMapping, error_code, WebDriverException)\n                break\n        else:\n            exception_class = WebDriverException\n    \n        if not value:\n            value = response[\"value\"]\n        if isinstance(value, str):\n            raise exception_class(value)\n        if message == \"\" and \"message\" in value:\n            message = value[\"message\"]\n    \n        screen = None  # type: ignore[assignment]\n        if \"screen\" in value:\n            screen = value[\"screen\"]\n    \n        stacktrace = None\n        st_value = value.get(\"stackTrace\") or value.get(\"stacktrace\")\n        if st_value:\n            if isinstance(st_value, str):\n                stacktrace = st_value.split(\"\\n\")\n            else:\n                stacktrace = []\n                try:\n                    for frame in st_value:\n                        line = frame.get(\"lineNumber\", \"\")\n                        file = frame.get(\"fileName\", \"<anonymous>\")\n                        if line:\n                            file = f\"{file}:{line}\"\n                        meth = frame.get(\"methodName\", \"<anonymous>\")\n                        if \"className\" in frame:\n                            meth = f\"{frame['className']}.{meth}\"\n                        msg = \"    at %s (%s)\"\n                        msg = msg % (meth, file)\n                        stacktrace.append(msg)\n                except TypeError:\n                    pass\n        if exception_class == UnexpectedAlertPresentException:\n            alert_text = None\n            if \"data\" in value:\n                alert_text = value[\"data\"].get(\"text\")\n            elif \"alert\" in value:\n                alert_text = value[\"alert\"].get(\"text\")\n            raise exception_class(message, screen, stacktrace, alert_text)  # type: ignore[call-arg]  # mypy is not smart enough here\n>       raise exception_class(message, screen, stacktrace)\nE       selenium.common.exceptions.ElementClickInterceptedException: Message: element click intercepted: Element is not clickable at point (589, 636)\nE         (Session info: chrome-headless-shell=127.0.6533.119)\nE       Stacktrace:\nE       #0 0x564358ec06ca <unknown>\nE       #1 0x564358b91600 <unknown>\nE       #2 0x564358be78e6 <unknown>\nE       #3 0x564358be57f6 <unknown>\nE       #4 0x564358be3277 <unknown>\nE       #5 0x564358be211c <unknown>\nE       #6 0x564358bd5be6 <unknown>\nE       #7 0x564358c038a2 <unknown>\nE       #8 0x564358bd5599 <unknown>\nE       #9 0x564358c03a6e <unknown>\nE       #10 0x564358c2204a <unknown>\nE       #11 0x564358c03643 <unknown>\nE       #12 0x564358bd3d31 <unknown>\nE       #13 0x564358bd479e <unknown>\nE       #14 0x564358e8825b <unknown>\nE       #15 0x564358e8c1f2 <unknown>\nE       #16 0x564358e75615 <unknown>\nE       #17 0x564358e8cd82 <unknown>\nE       #18 0x564358e5a25f <unknown>\nE       #19 0x564358eafe68 <unknown>\nE       #20 0x564358eb0040 <unknown>\nE       #21 0x564358ebf49c <unknown>\nE       #22 0x7f3246297a94 <unknown>\nE       #23 0x7f3246324a34 __clone\n\n../../../.cache/pypoetry/virtualenvs/uk-bin-collection-EwS6Gn8s-py3.11/lib/python3.11/site-packages/selenium/webdriver/remote/errorhandler.py:229: ElementClickInterceptedException","flaky":false,"newFailed":false,"newBroken":false,"newPassed":false,"retriesCount":0,"retriesStatusChange":false,"beforeStages":[],"testStage":{"status":"failed","statusMessage":"selenium.common.exceptions.ElementClickInterceptedException: Message: element click intercepted: Element is not clickable at point (589, 636)\n  (Session info: chrome-headless-shell=127.0.6533.119)\nStacktrace:\n#0 0x564358ec06ca <unknown>\n#1 0x564358b91600 <unknown>\n#2 0x564358be78e6 <unknown>\n#3 0x564358be57f6 <unknown>\n#4 0x564358be3277 <unknown>\n#5 0x564358be211c <unknown>\n#6 0x564358bd5be6 <unknown>\n#7 0x564358c038a2 <unknown>\n#8 0x564358bd5599 <unknown>\n#9 0x564358c03a6e <unknown>\n#10 0x564358c2204a <unknown>\n#11 0x564358c03643 <unknown>\n#12 0x564358bd3d31 <unknown>\n#13 0x564358bd479e <unknown>\n#14 0x564358e8825b <unknown>\n#15 0x564358e8c1f2 <unknown>\n#16 0x564358e75615 <unknown>\n#17 0x564358e8cd82 <unknown>\n#18 0x564358e5a25f <unknown>\n#19 0x564358eafe68 <unknown>\n#20 0x564358eb0040 <unknown>\n#21 0x564358ebf49c <unknown>\n#22 0x7f3246297a94 <unknown>\n#23 0x7f3246324a34 __clone","statusTrace":"fixturefunc = <function scrape_step at 0x7f3aef7b8a40>\nrequest = <FixtureRequest for <Function test_scenario_outline[NeathPortTalbotCouncil]>>\nkwargs = {'context': <test_validate_council.Context object at 0x7f3aef630dd0>, 'headless_mode': 'True', 'local_browser': 'False', 'selenium_url': 'http://localhost:4444'}\n\n    def call_fixture_func(\n        fixturefunc: _FixtureFunc[FixtureValue], request: FixtureRequest, kwargs\n    ) -> FixtureValue:\n        if is_generator(fixturefunc):\n            fixturefunc = cast(\n                Callable[..., Generator[FixtureValue, None, None]], fixturefunc\n            )\n            generator = fixturefunc(**kwargs)\n            try:\n                fixture_result = next(generator)\n            except StopIteration:\n                raise ValueError(f\"{request.fixturename} did not yield a value\") from None\n            finalizer = functools.partial(_teardown_yield_fixture, fixturefunc, generator)\n            request.addfinalizer(finalizer)\n        else:\n            fixturefunc = cast(Callable[..., FixtureValue], fixturefunc)\n>           fixture_result = fixturefunc(**kwargs)\n\n../../../.cache/pypoetry/virtualenvs/uk-bin-collection-EwS6Gn8s-py3.11/lib/python3.11/site-packages/_pytest/fixtures.py:897: \n_ _ _ _ _ _ _ _ _ _ _ _ _ _ _ _ _ _ _ _ _ _ _ _ _ _ _ _ _ _ _ _ _ _ _ _ _ _ _ _ \nuk_bin_collection/tests/step_defs/test_validate_council.py:100: in scrape_step\n    context.parse_result = CollectData.run()\nuk_bin_collection/uk_bin_collection/collect_data.py:101: in run\n    return self.client_code(\nuk_bin_collection/uk_bin_collection/collect_data.py:121: in client_code\n    return get_bin_data_class.template_method(address_url, **kwargs)\nuk_bin_collection/uk_bin_collection/get_bin_data.py:61: in template_method\n    bin_data_dict = self.get_and_parse_data(this_url, **kwargs)\nuk_bin_collection/uk_bin_collection/get_bin_data.py:84: in get_and_parse_data\n    bin_data_dict = self.parse_data(\"\", url=address_url, **kwargs)\nuk_bin_collection/uk_bin_collection/councils/NeathPortTalbotCouncil.py:40: in parse_data\n    cookieAccept.click()\n../../../.cache/pypoetry/virtualenvs/uk-bin-collection-EwS6Gn8s-py3.11/lib/python3.11/site-packages/selenium/webdriver/remote/webelement.py:94: in click\n    self._execute(Command.CLICK_ELEMENT)\n../../../.cache/pypoetry/virtualenvs/uk-bin-collection-EwS6Gn8s-py3.11/lib/python3.11/site-packages/selenium/webdriver/remote/webelement.py:395: in _execute\n    return self._parent.execute(command, params)\n../../../.cache/pypoetry/virtualenvs/uk-bin-collection-EwS6Gn8s-py3.11/lib/python3.11/site-packages/selenium/webdriver/remote/webdriver.py:354: in execute\n    self.error_handler.check_response(response)\n_ _ _ _ _ _ _ _ _ _ _ _ _ _ _ _ _ _ _ _ _ _ _ _ _ _ _ _ _ _ _ _ _ _ _ _ _ _ _ _ \n\nself = <selenium.webdriver.remote.errorhandler.ErrorHandler object at 0x7f3aeed7f910>\nresponse = {'status': 400, 'value': '{\"value\":{\"error\":\"element click intercepted\",\"message\":\"element click intercepted: Element ...unknown>\\\\n#21 0x564358ebf49c \\\\u003Cunknown>\\\\n#22 0x7f3246297a94 \\\\u003Cunknown>\\\\n#23 0x7f3246324a34 __clone\\\\n\"}}'}\n\n    def check_response(self, response: Dict[str, Any]) -> None:\n        \"\"\"Checks that a JSON response from the WebDriver does not have an\n        error.\n    \n        :Args:\n         - response - The JSON response from the WebDriver server as a dictionary\n           object.\n    \n        :Raises: If the response contains an error message.\n        \"\"\"\n        status = response.get(\"status\", None)\n        if not status or status == ErrorCode.SUCCESS:\n            return\n        value = None\n        message = response.get(\"message\", \"\")\n        screen: str = response.get(\"screen\", \"\")\n        stacktrace = None\n        if isinstance(status, int):\n            value_json = response.get(\"value\", None)\n            if value_json and isinstance(value_json, str):\n                import json\n    \n                try:\n                    value = json.loads(value_json)\n                    if len(value) == 1:\n                        value = value[\"value\"]\n                    status = value.get(\"error\", None)\n                    if not status:\n                        status = value.get(\"status\", ErrorCode.UNKNOWN_ERROR)\n                        message = value.get(\"value\") or value.get(\"message\")\n                        if not isinstance(message, str):\n                            value = message\n                            message = message.get(\"message\")\n                    else:\n                        message = value.get(\"message\", None)\n                except ValueError:\n                    pass\n    \n        exception_class: Type[WebDriverException]\n        e = ErrorCode()\n        error_codes = [item for item in dir(e) if not item.startswith(\"__\")]\n        for error_code in error_codes:\n            error_info = getattr(ErrorCode, error_code)\n            if isinstance(error_info, list) and status in error_info:\n                exception_class = getattr(ExceptionMapping, error_code, WebDriverException)\n                break\n        else:\n            exception_class = WebDriverException\n    \n        if not value:\n            value = response[\"value\"]\n        if isinstance(value, str):\n            raise exception_class(value)\n        if message == \"\" and \"message\" in value:\n            message = value[\"message\"]\n    \n        screen = None  # type: ignore[assignment]\n        if \"screen\" in value:\n            screen = value[\"screen\"]\n    \n        stacktrace = None\n        st_value = value.get(\"stackTrace\") or value.get(\"stacktrace\")\n        if st_value:\n            if isinstance(st_value, str):\n                stacktrace = st_value.split(\"\\n\")\n            else:\n                stacktrace = []\n                try:\n                    for frame in st_value:\n                        line = frame.get(\"lineNumber\", \"\")\n                        file = frame.get(\"fileName\", \"<anonymous>\")\n                        if line:\n                            file = f\"{file}:{line}\"\n                        meth = frame.get(\"methodName\", \"<anonymous>\")\n                        if \"className\" in frame:\n                            meth = f\"{frame['className']}.{meth}\"\n                        msg = \"    at %s (%s)\"\n                        msg = msg % (meth, file)\n                        stacktrace.append(msg)\n                except TypeError:\n                    pass\n        if exception_class == UnexpectedAlertPresentException:\n            alert_text = None\n            if \"data\" in value:\n                alert_text = value[\"data\"].get(\"text\")\n            elif \"alert\" in value:\n                alert_text = value[\"alert\"].get(\"text\")\n            raise exception_class(message, screen, stacktrace, alert_text)  # type: ignore[call-arg]  # mypy is not smart enough here\n>       raise exception_class(message, screen, stacktrace)\nE       selenium.common.exceptions.ElementClickInterceptedException: Message: element click intercepted: Element is not clickable at point (589, 636)\nE         (Session info: chrome-headless-shell=127.0.6533.119)\nE       Stacktrace:\nE       #0 0x564358ec06ca <unknown>\nE       #1 0x564358b91600 <unknown>\nE       #2 0x564358be78e6 <unknown>\nE       #3 0x564358be57f6 <unknown>\nE       #4 0x564358be3277 <unknown>\nE       #5 0x564358be211c <unknown>\nE       #6 0x564358bd5be6 <unknown>\nE       #7 0x564358c038a2 <unknown>\nE       #8 0x564358bd5599 <unknown>\nE       #9 0x564358c03a6e <unknown>\nE       #10 0x564358c2204a <unknown>\nE       #11 0x564358c03643 <unknown>\nE       #12 0x564358bd3d31 <unknown>\nE       #13 0x564358bd479e <unknown>\nE       #14 0x564358e8825b <unknown>\nE       #15 0x564358e8c1f2 <unknown>\nE       #16 0x564358e75615 <unknown>\nE       #17 0x564358e8cd82 <unknown>\nE       #18 0x564358e5a25f <unknown>\nE       #19 0x564358eafe68 <unknown>\nE       #20 0x564358eb0040 <unknown>\nE       #21 0x564358ebf49c <unknown>\nE       #22 0x7f3246297a94 <unknown>\nE       #23 0x7f3246324a34 __clone\n\n../../../.cache/pypoetry/virtualenvs/uk-bin-collection-EwS6Gn8s-py3.11/lib/python3.11/site-packages/selenium/webdriver/remote/errorhandler.py:229: ElementClickInterceptedException","steps":[{"name":"Given the council","time":{"start":1724717769982,"stop":1724717769982,"duration":0},"status":"passed","steps":[],"attachments":[],"parameters":[],"shouldDisplayMessage":false,"stepsCount":0,"attachmentsCount":0,"hasContent":false,"attachmentStep":false},{"name":"When we scrape the data from the council","time":{"start":1724717769982,"stop":1724717785798,"duration":15816},"status":"failed","statusMessage":"Message: element click intercepted: Element is not clickable at point (589, 636)\n  (Session info: chrome-headless-shell=127.0.6533.119)\nStacktrace:\n#0 0x564358ec06ca <unknown>\n#1 0x564358b91600 <unknown>\n#2 0x564358be78e6 <unknown>\n#3 0x564358be57f6 <unknown>\n#4 0x564358be3277 <unknown>\n#5 0x564358be211c <unknown>\n#6 0x564358bd5be6 <unknown>\n#7 0x564358c038a2 <unknown>\n#8 0x564358bd5599 <unknown>\n#9 0x564358c03a6e <unknown>\n#10 0x564358c2204a <unknown>\n#11 0x564358c03643 <unknown>\n#12 0x564358bd3d31 <unknown>\n#13 0x564358bd479e <unknown>\n#14 0x564358e8825b <unknown>\n#15 0x564358e8c1f2 <unknown>\n#16 0x564358e75615 <unknown>\n#17 0x564358e8cd82 <unknown>\n#18 0x564358e5a25f <unknown>\n#19 0x564358eafe68 <unknown>\n#20 0x564358eb0040 <unknown>\n#21 0x564358ebf49c <unknown>\n#22 0x7f3246297a94 <unknown>\n#23 0x7f3246324a34 __clone\n","statusTrace":"selenium.common.exceptions.ElementClickInterceptedException: Message: element click intercepted: Element is not clickable at point (589, 636)\n  (Session info: chrome-headless-shell=127.0.6533.119)\nStacktrace:\n#0 0x564358ec06ca <unknown>\n#1 0x564358b91600 <unknown>\n#2 0x564358be78e6 <unknown>\n#3 0x564358be57f6 <unknown>\n#4 0x564358be3277 <unknown>\n#5 0x564358be211c <unknown>\n#6 0x564358bd5be6 <unknown>\n#7 0x564358c038a2 <unknown>\n#8 0x564358bd5599 <unknown>\n#9 0x564358c03a6e <unknown>\n#10 0x564358c2204a <unknown>\n#11 0x564358c03643 <unknown>\n#12 0x564358bd3d31 <unknown>\n#13 0x564358bd479e <unknown>\n#14 0x564358e8825b <unknown>\n#15 0x564358e8c1f2 <unknown>\n#16 0x564358e75615 <unknown>\n#17 0x564358e8cd82 <unknown>\n#18 0x564358e5a25f <unknown>\n#19 0x564358eafe68 <unknown>\n#20 0x564358eb0040 <unknown>\n#21 0x564358ebf49c <unknown>\n#22 0x7f3246297a94 <unknown>\n#23 0x7f3246324a34 __clone\n\n","steps":[],"attachments":[],"parameters":[],"shouldDisplayMessage":true,"stepsCount":0,"attachmentsCount":0,"hasContent":true,"attachmentStep":false}],"attachments":[{"uid":"177a7a212de949f6","name":"stdout","source":"177a7a212de949f6.txt","type":"text/plain","size":901}],"parameters":[],"shouldDisplayMessage":true,"stepsCount":2,"attachmentsCount":1,"hasContent":true,"attachmentStep":false},"afterStages":[],"labels":[{"name":"host","value":"fv-az1456-91"},{"name":"thread","value":"2785-MainThread"},{"name":"framework","value":"pytest-bdd"},{"name":"language","value":"cpython3"},{"name":"feature","value":"Test each council output matches expected results"},{"name":"resultFormat","value":"allure2"}],"parameters":[{"name":"council","value":"NeathPortTalbotCouncil"}],"links":[],"hidden":false,"retry":false,"extra":{"severity":"normal","retries":[],"categories":[{"name":"Product defects","matchedStatuses":[],"flaky":false}],"history":{"statistic":{"failed":145,"broken":0,"skipped":0,"passed":9,"unknown":0,"total":154},"items":[{"uid":"779c2b3754fd4dc8","reportUrl":"https://robbrad.github.io/UKBinCollectionData/3.11/2039//#testresult/779c2b3754fd4dc8","status":"failed","statusDetails":"selenium.common.exceptions.NoSuchElementException: Message: no such element: Unable to locate element: {\"method\":\"css selector\",\"selector\":\"[id=\"ContentPlaceHolderDefault_ctl13_nptLLPG2_25_addresslookup_txtTmpPostcode\"]\"}\n  (Session info: chrome-headless-shell=127.0.6533.119); For documentation on this error, please visit: https://www.selenium.dev/documentation/webdriver/troubleshooting/errors#no-such-element-exception\nStacktrace:\n#0 0x557fb59716ca <unknown>\n#1 0x557fb5642600 <unknown>\n#2 0x557fb5691bcb <unknown>\n#3 0x557fb5691eb1 <unknown>\n#4 0x557fb56d5b24 <unknown>\n#5 0x557fb56b48cd <unknown>\n#6 0x557fb56d304a <unknown>\n#7 0x557fb56b4643 <unknown>\n#8 0x557fb5684d31 <unknown>\n#9 0x557fb568579e <unknown>\n#10 0x557fb593925b <unknown>\n#11 0x557fb593d1f2 <unknown>\n#12 0x557fb5926615 <unknown>\n#13 0x557fb593dd82 <unknown>\n#14 0x557fb590b25f <unknown>\n#15 0x557fb5960e68 <unknown>\n#16 0x557fb5961040 <unknown>\n#17 0x557fb597049c <unknown>\n#18 0x7ff77e4a0a94 <unknown>\n#19 0x7ff77e52da34 __clone","time":{"start":1724631313464,"stop":1724631355888,"duration":42424}},{"uid":"5b8b8e5bd0057f72","reportUrl":"https://robbrad.github.io/UKBinCollectionData/3.11/2038//#testresult/5b8b8e5bd0057f72","status":"failed","statusDetails":"selenium.common.exceptions.NoSuchElementException: Message: no such element: Unable to locate element: {\"method\":\"css selector\",\"selector\":\"[id=\"ContentPlaceHolderDefault_ctl13_nptLLPG2_25_addresslookup_txtTmpPostcode\"]\"}\n  (Session info: chrome-headless-shell=127.0.6533.119); For documentation on this error, please visit: https://www.selenium.dev/documentation/webdriver/troubleshooting/errors#no-such-element-exception\nStacktrace:\n#0 0x5591423e16ca <unknown>\n#1 0x5591420b2600 <unknown>\n#2 0x559142101bcb <unknown>\n#3 0x559142101eb1 <unknown>\n#4 0x559142145b24 <unknown>\n#5 0x5591421248cd <unknown>\n#6 0x55914214304a <unknown>\n#7 0x559142124643 <unknown>\n#8 0x5591420f4d31 <unknown>\n#9 0x5591420f579e <unknown>\n#10 0x5591423a925b <unknown>\n#11 0x5591423ad1f2 <unknown>\n#12 0x559142396615 <unknown>\n#13 0x5591423add82 <unknown>\n#14 0x55914237b25f <unknown>\n#15 0x5591423d0e68 <unknown>\n#16 0x5591423d1040 <unknown>\n#17 0x5591423e049c <unknown>\n#18 0x7f189c752a94 <unknown>\n#19 0x7f189c7dfa34 __clone","time":{"start":1724544861661,"stop":1724544948879,"duration":87218}},{"uid":"879e2b2df58d6b40","reportUrl":"https://robbrad.github.io/UKBinCollectionData/3.11/2037//#testresult/879e2b2df58d6b40","status":"failed","statusDetails":"selenium.common.exceptions.NoSuchElementException: Message: no such element: Unable to locate element: {\"method\":\"css selector\",\"selector\":\"[id=\"ContentPlaceHolderDefault_ctl13_nptLLPG2_25_addresslookup_txtTmpPostcode\"]\"}\n  (Session info: chrome-headless-shell=127.0.6533.119); For documentation on this error, please visit: https://www.selenium.dev/documentation/webdriver/troubleshooting/errors#no-such-element-exception\nStacktrace:\n#0 0x55f2dbcb96ca <unknown>\n#1 0x55f2db98a600 <unknown>\n#2 0x55f2db9d9bcb <unknown>\n#3 0x55f2db9d9eb1 <unknown>\n#4 0x55f2dba1db24 <unknown>\n#5 0x55f2db9fc8cd <unknown>\n#6 0x55f2dba1b04a <unknown>\n#7 0x55f2db9fc643 <unknown>\n#8 0x55f2db9ccd31 <unknown>\n#9 0x55f2db9cd79e <unknown>\n#10 0x55f2dbc8125b <unknown>\n#11 0x55f2dbc851f2 <unknown>\n#12 0x55f2dbc6e615 <unknown>\n#13 0x55f2dbc85d82 <unknown>\n#14 0x55f2dbc5325f <unknown>\n#15 0x55f2dbca8e68 <unknown>\n#16 0x55f2dbca9040 <unknown>\n#17 0x55f2dbcb849c <unknown>\n#18 0x7fa5c35a2a94 <unknown>\n#19 0x7fa5c362fa34 __clone","time":{"start":1724458514306,"stop":1724458553102,"duration":38796}},{"uid":"e72a38d0672115ba","reportUrl":"https://robbrad.github.io/UKBinCollectionData/3.11/2036//#testresult/e72a38d0672115ba","status":"failed","statusDetails":"selenium.common.exceptions.NoSuchElementException: Message: no such element: Unable to locate element: {\"method\":\"css selector\",\"selector\":\"[id=\"ContentPlaceHolderDefault_ctl13_nptLLPG2_25_addresslookup_txtTmpPostcode\"]\"}\n  (Session info: chrome-headless-shell=127.0.6533.119); For documentation on this error, please visit: https://www.selenium.dev/documentation/webdriver/troubleshooting/errors#no-such-element-exception\nStacktrace:\n#0 0x5641589226ca <unknown>\n#1 0x5641585f3600 <unknown>\n#2 0x564158642bcb <unknown>\n#3 0x564158642eb1 <unknown>\n#4 0x564158686b24 <unknown>\n#5 0x5641586658cd <unknown>\n#6 0x56415868404a <unknown>\n#7 0x564158665643 <unknown>\n#8 0x564158635d31 <unknown>\n#9 0x56415863679e <unknown>\n#10 0x5641588ea25b <unknown>\n#11 0x5641588ee1f2 <unknown>\n#12 0x5641588d7615 <unknown>\n#13 0x5641588eed82 <unknown>\n#14 0x5641588bc25f <unknown>\n#15 0x564158911e68 <unknown>\n#16 0x564158912040 <unknown>\n#17 0x56415892149c <unknown>\n#18 0x7fc3a72f1a94 <unknown>\n#19 0x7fc3a737ea34 __clone","time":{"start":1724372074489,"stop":1724372162375,"duration":87886}},{"uid":"4a97276626851c85","reportUrl":"https://robbrad.github.io/UKBinCollectionData/3.11/2034//#testresult/4a97276626851c85","status":"failed","statusDetails":"selenium.common.exceptions.NoSuchElementException: Message: no such element: Unable to locate element: {\"method\":\"css selector\",\"selector\":\"[id=\"ContentPlaceHolderDefault_ctl13_nptLLPG2_25_addresslookup_txtTmpPostcode\"]\"}\n  (Session info: chrome-headless-shell=127.0.6533.119); For documentation on this error, please visit: https://www.selenium.dev/documentation/webdriver/troubleshooting/errors#no-such-element-exception\nStacktrace:\n#0 0x55727d1646ca <unknown>\n#1 0x55727ce35600 <unknown>\n#2 0x55727ce84bcb <unknown>\n#3 0x55727ce84eb1 <unknown>\n#4 0x55727cec8b24 <unknown>\n#5 0x55727cea78cd <unknown>\n#6 0x55727cec604a <unknown>\n#7 0x55727cea7643 <unknown>\n#8 0x55727ce77d31 <unknown>\n#9 0x55727ce7879e <unknown>\n#10 0x55727d12c25b <unknown>\n#11 0x55727d1301f2 <unknown>\n#12 0x55727d119615 <unknown>\n#13 0x55727d130d82 <unknown>\n#14 0x55727d0fe25f <unknown>\n#15 0x55727d153e68 <unknown>\n#16 0x55727d154040 <unknown>\n#17 0x55727d16349c <unknown>\n#18 0x7f1b9f0a2a94 <unknown>\n#19 0x7f1b9f12fa34 __clone","time":{"start":1724285651864,"stop":1724285702869,"duration":51005}},{"uid":"974145df4be6532e","reportUrl":"https://robbrad.github.io/UKBinCollectionData/3.11/2033//#testresult/974145df4be6532e","status":"failed","statusDetails":"selenium.common.exceptions.NoSuchElementException: Message: no such element: Unable to locate element: {\"method\":\"css selector\",\"selector\":\"[id=\"ContentPlaceHolderDefault_ctl13_nptLLPG2_25_addresslookup_txtTmpPostcode\"]\"}\n  (Session info: chrome-headless-shell=127.0.6533.119); For documentation on this error, please visit: https://www.selenium.dev/documentation/webdriver/troubleshooting/errors#no-such-element-exception\nStacktrace:\n#0 0x560b7801b6ca <unknown>\n#1 0x560b77cec600 <unknown>\n#2 0x560b77d3bbcb <unknown>\n#3 0x560b77d3beb1 <unknown>\n#4 0x560b77d7fb24 <unknown>\n#5 0x560b77d5e8cd <unknown>\n#6 0x560b77d7d04a <unknown>\n#7 0x560b77d5e643 <unknown>\n#8 0x560b77d2ed31 <unknown>\n#9 0x560b77d2f79e <unknown>\n#10 0x560b77fe325b <unknown>\n#11 0x560b77fe71f2 <unknown>\n#12 0x560b77fd0615 <unknown>\n#13 0x560b77fe7d82 <unknown>\n#14 0x560b77fb525f <unknown>\n#15 0x560b7800ae68 <unknown>\n#16 0x560b7800b040 <unknown>\n#17 0x560b7801a49c <unknown>\n#18 0x7ff1a766ea94 <unknown>\n#19 0x7ff1a76fba34 __clone","time":{"start":1724199314537,"stop":1724199401076,"duration":86539}},{"uid":"e260b8bfda05c785","reportUrl":"https://robbrad.github.io/UKBinCollectionData/3.11/2032//#testresult/e260b8bfda05c785","status":"failed","statusDetails":"selenium.common.exceptions.NoSuchElementException: Message: no such element: Unable to locate element: {\"method\":\"css selector\",\"selector\":\"[id=\"ContentPlaceHolderDefault_ctl13_nptLLPG2_25_addresslookup_txtTmpPostcode\"]\"}\n  (Session info: chrome-headless-shell=127.0.6533.99); For documentation on this error, please visit: https://www.selenium.dev/documentation/webdriver/troubleshooting/errors#no-such-element-exception\nStacktrace:\n#0 0x55fbec0c96aa <unknown>\n#1 0x55fbebd9a600 <unknown>\n#2 0x55fbebde9bcb <unknown>\n#3 0x55fbebde9eb1 <unknown>\n#4 0x55fbebe2db24 <unknown>\n#5 0x55fbebe0c8cd <unknown>\n#6 0x55fbebe2b04a <unknown>\n#7 0x55fbebe0c643 <unknown>\n#8 0x55fbebddcd31 <unknown>\n#9 0x55fbebddd79e <unknown>\n#10 0x55fbec09123b <unknown>\n#11 0x55fbec0951d2 <unknown>\n#12 0x55fbec07e5f5 <unknown>\n#13 0x55fbec095d62 <unknown>\n#14 0x55fbec06323f <unknown>\n#15 0x55fbec0b8e48 <unknown>\n#16 0x55fbec0b9020 <unknown>\n#17 0x55fbec0c847c <unknown>\n#18 0x7fb2df9c4a94 <unknown>\n#19 0x7fb2dfa51a34 __clone","time":{"start":1724112911369,"stop":1724112932971,"duration":21602}},{"uid":"580f07816492f40d","reportUrl":"https://robbrad.github.io/UKBinCollectionData/3.11/2031//#testresult/580f07816492f40d","status":"failed","statusDetails":"selenium.common.exceptions.NoSuchElementException: Message: no such element: Unable to locate element: {\"method\":\"css selector\",\"selector\":\"[id=\"ContentPlaceHolderDefault_ctl13_nptLLPG2_25_addresslookup_txtTmpPostcode\"]\"}\n  (Session info: chrome-headless-shell=127.0.6533.99); For documentation on this error, please visit: https://www.selenium.dev/documentation/webdriver/troubleshooting/errors#no-such-element-exception\nStacktrace:\n#0 0x55e1ddf336aa <unknown>\n#1 0x55e1ddc04600 <unknown>\n#2 0x55e1ddc53bcb <unknown>\n#3 0x55e1ddc53eb1 <unknown>\n#4 0x55e1ddc97b24 <unknown>\n#5 0x55e1ddc768cd <unknown>\n#6 0x55e1ddc9504a <unknown>\n#7 0x55e1ddc76643 <unknown>\n#8 0x55e1ddc46d31 <unknown>\n#9 0x55e1ddc4779e <unknown>\n#10 0x55e1ddefb23b <unknown>\n#11 0x55e1ddeff1d2 <unknown>\n#12 0x55e1ddee85f5 <unknown>\n#13 0x55e1ddeffd62 <unknown>\n#14 0x55e1ddecd23f <unknown>\n#15 0x55e1ddf22e48 <unknown>\n#16 0x55e1ddf23020 <unknown>\n#17 0x55e1ddf3247c <unknown>\n#18 0x7f6d30722a94 <unknown>\n#19 0x7f6d307afa34 __clone","time":{"start":1724026472495,"stop":1724026496083,"duration":23588}},{"uid":"6e32fa13ce0619e4","reportUrl":"https://robbrad.github.io/UKBinCollectionData/3.11/2030//#testresult/6e32fa13ce0619e4","status":"failed","statusDetails":"selenium.common.exceptions.NoSuchElementException: Message: no such element: Unable to locate element: {\"method\":\"css selector\",\"selector\":\"[id=\"ContentPlaceHolderDefault_ctl13_nptLLPG2_25_addresslookup_txtTmpPostcode\"]\"}\n  (Session info: chrome-headless-shell=127.0.6533.99); For documentation on this error, please visit: https://www.selenium.dev/documentation/webdriver/troubleshooting/errors#no-such-element-exception\nStacktrace:\n#0 0x555dbcfa46aa <unknown>\n#1 0x555dbcc75600 <unknown>\n#2 0x555dbccc4bcb <unknown>\n#3 0x555dbccc4eb1 <unknown>\n#4 0x555dbcd08b24 <unknown>\n#5 0x555dbcce78cd <unknown>\n#6 0x555dbcd0604a <unknown>\n#7 0x555dbcce7643 <unknown>\n#8 0x555dbccb7d31 <unknown>\n#9 0x555dbccb879e <unknown>\n#10 0x555dbcf6c23b <unknown>\n#11 0x555dbcf701d2 <unknown>\n#12 0x555dbcf595f5 <unknown>\n#13 0x555dbcf70d62 <unknown>\n#14 0x555dbcf3e23f <unknown>\n#15 0x555dbcf93e48 <unknown>\n#16 0x555dbcf94020 <unknown>\n#17 0x555dbcfa347c <unknown>\n#18 0x7fc244adca94 <unknown>\n#19 0x7fc244b69a34 __clone","time":{"start":1723940121171,"stop":1723940197444,"duration":76273}},{"uid":"d430b5de56c894c8","reportUrl":"https://robbrad.github.io/UKBinCollectionData/3.11/2029//#testresult/d430b5de56c894c8","status":"failed","statusDetails":"selenium.common.exceptions.NoSuchElementException: Message: no such element: Unable to locate element: {\"method\":\"css selector\",\"selector\":\"[id=\"ContentPlaceHolderDefault_ctl13_nptLLPG2_25_addresslookup_txtTmpPostcode\"]\"}\n  (Session info: chrome-headless-shell=127.0.6533.99); For documentation on this error, please visit: https://www.selenium.dev/documentation/webdriver/troubleshooting/errors#no-such-element-exception\nStacktrace:\n#0 0x560b1ed996aa <unknown>\n#1 0x560b1ea6a600 <unknown>\n#2 0x560b1eab9bcb <unknown>\n#3 0x560b1eab9eb1 <unknown>\n#4 0x560b1eafdb24 <unknown>\n#5 0x560b1eadc8cd <unknown>\n#6 0x560b1eafb04a <unknown>\n#7 0x560b1eadc643 <unknown>\n#8 0x560b1eaacd31 <unknown>\n#9 0x560b1eaad79e <unknown>\n#10 0x560b1ed6123b <unknown>\n#11 0x560b1ed651d2 <unknown>\n#12 0x560b1ed4e5f5 <unknown>\n#13 0x560b1ed65d62 <unknown>\n#14 0x560b1ed3323f <unknown>\n#15 0x560b1ed88e48 <unknown>\n#16 0x560b1ed89020 <unknown>\n#17 0x560b1ed9847c <unknown>\n#18 0x7f07388a0a94 <unknown>\n#19 0x7f073892da34 __clone","time":{"start":1723853654648,"stop":1723853737791,"duration":83143}},{"uid":"d0990f3dd30bdbcb","reportUrl":"https://robbrad.github.io/UKBinCollectionData/3.11/2028//#testresult/d0990f3dd30bdbcb","status":"failed","statusDetails":"selenium.common.exceptions.NoSuchElementException: Message: no such element: Unable to locate element: {\"method\":\"css selector\",\"selector\":\"[id=\"ContentPlaceHolderDefault_ctl13_nptLLPG2_25_addresslookup_txtTmpPostcode\"]\"}\n  (Session info: chrome-headless-shell=127.0.6533.99); For documentation on this error, please visit: https://www.selenium.dev/documentation/webdriver/troubleshooting/errors#no-such-element-exception\nStacktrace:\n#0 0x564879e166aa <unknown>\n#1 0x564879ae7600 <unknown>\n#2 0x564879b36bcb <unknown>\n#3 0x564879b36eb1 <unknown>\n#4 0x564879b7ab24 <unknown>\n#5 0x564879b598cd <unknown>\n#6 0x564879b7804a <unknown>\n#7 0x564879b59643 <unknown>\n#8 0x564879b29d31 <unknown>\n#9 0x564879b2a79e <unknown>\n#10 0x564879dde23b <unknown>\n#11 0x564879de21d2 <unknown>\n#12 0x564879dcb5f5 <unknown>\n#13 0x564879de2d62 <unknown>\n#14 0x564879db023f <unknown>\n#15 0x564879e05e48 <unknown>\n#16 0x564879e06020 <unknown>\n#17 0x564879e1547c <unknown>\n#18 0x7f19cbbcaa94 <unknown>\n#19 0x7f19cbc57a34 __clone","time":{"start":1723767264883,"stop":1723767292969,"duration":28086}},{"uid":"c1bf6b06c6e69212","reportUrl":"https://robbrad.github.io/UKBinCollectionData/3.11/2027//#testresult/c1bf6b06c6e69212","status":"failed","statusDetails":"selenium.common.exceptions.NoSuchElementException: Message: no such element: Unable to locate element: {\"method\":\"css selector\",\"selector\":\"[id=\"ContentPlaceHolderDefault_ctl13_nptLLPG2_25_addresslookup_txtTmpPostcode\"]\"}\n  (Session info: chrome-headless-shell=127.0.6533.99); For documentation on this error, please visit: https://www.selenium.dev/documentation/webdriver/troubleshooting/errors#no-such-element-exception\nStacktrace:\n#0 0x55ffe3dba6aa <unknown>\n#1 0x55ffe3a8b600 <unknown>\n#2 0x55ffe3adabcb <unknown>\n#3 0x55ffe3adaeb1 <unknown>\n#4 0x55ffe3b1eb24 <unknown>\n#5 0x55ffe3afd8cd <unknown>\n#6 0x55ffe3b1c04a <unknown>\n#7 0x55ffe3afd643 <unknown>\n#8 0x55ffe3acdd31 <unknown>\n#9 0x55ffe3ace79e <unknown>\n#10 0x55ffe3d8223b <unknown>\n#11 0x55ffe3d861d2 <unknown>\n#12 0x55ffe3d6f5f5 <unknown>\n#13 0x55ffe3d86d62 <unknown>\n#14 0x55ffe3d5423f <unknown>\n#15 0x55ffe3da9e48 <unknown>\n#16 0x55ffe3daa020 <unknown>\n#17 0x55ffe3db947c <unknown>\n#18 0x7fccd5753a94 <unknown>\n#19 0x7fccd57e0a34 __clone","time":{"start":1723680437717,"stop":1723680458836,"duration":21119}},{"uid":"f7c4e458586b8b4b","reportUrl":"https://robbrad.github.io/UKBinCollectionData/3.11/2026//#testresult/f7c4e458586b8b4b","status":"failed","statusDetails":"selenium.common.exceptions.NoSuchElementException: Message: no such element: Unable to locate element: {\"method\":\"css selector\",\"selector\":\"[id=\"ContentPlaceHolderDefault_ctl13_nptLLPG2_25_addresslookup_txtTmpPostcode\"]\"}\n  (Session info: chrome-headless-shell=127.0.6533.99); For documentation on this error, please visit: https://www.selenium.dev/documentation/webdriver/troubleshooting/errors#no-such-element-exception\nStacktrace:\n#0 0x55841cfe86aa <unknown>\n#1 0x55841ccb9600 <unknown>\n#2 0x55841cd08bcb <unknown>\n#3 0x55841cd08eb1 <unknown>\n#4 0x55841cd4cb24 <unknown>\n#5 0x55841cd2b8cd <unknown>\n#6 0x55841cd4a04a <unknown>\n#7 0x55841cd2b643 <unknown>\n#8 0x55841ccfbd31 <unknown>\n#9 0x55841ccfc79e <unknown>\n#10 0x55841cfb023b <unknown>\n#11 0x55841cfb41d2 <unknown>\n#12 0x55841cf9d5f5 <unknown>\n#13 0x55841cfb4d62 <unknown>\n#14 0x55841cf8223f <unknown>\n#15 0x55841cfd7e48 <unknown>\n#16 0x55841cfd8020 <unknown>\n#17 0x55841cfe747c <unknown>\n#18 0x7fa02312ea94 <unknown>\n#19 0x7fa0231bba34 __clone","time":{"start":1723594506809,"stop":1723594590388,"duration":83579}},{"uid":"b26a3fcb6f04edeb","reportUrl":"https://robbrad.github.io/UKBinCollectionData/3.11/2025//#testresult/b26a3fcb6f04edeb","status":"failed","statusDetails":"selenium.common.exceptions.NoSuchElementException: Message: no such element: Unable to locate element: {\"method\":\"css selector\",\"selector\":\"[id=\"ContentPlaceHolderDefault_ctl13_nptLLPG2_25_addresslookup_txtTmpPostcode\"]\"}\n  (Session info: chrome-headless-shell=127.0.6533.99); For documentation on this error, please visit: https://www.selenium.dev/documentation/webdriver/troubleshooting/errors#no-such-element-exception\nStacktrace:\n#0 0x560da45b56aa <unknown>\n#1 0x560da4286600 <unknown>\n#2 0x560da42d5bcb <unknown>\n#3 0x560da42d5eb1 <unknown>\n#4 0x560da4319b24 <unknown>\n#5 0x560da42f88cd <unknown>\n#6 0x560da431704a <unknown>\n#7 0x560da42f8643 <unknown>\n#8 0x560da42c8d31 <unknown>\n#9 0x560da42c979e <unknown>\n#10 0x560da457d23b <unknown>\n#11 0x560da45811d2 <unknown>\n#12 0x560da456a5f5 <unknown>\n#13 0x560da4581d62 <unknown>\n#14 0x560da454f23f <unknown>\n#15 0x560da45a4e48 <unknown>\n#16 0x560da45a5020 <unknown>\n#17 0x560da45b447c <unknown>\n#18 0x7f2d1f4a1a94 <unknown>\n#19 0x7f2d1f52ea34 __clone","time":{"start":1723508379840,"stop":1723508421756,"duration":41916}},{"uid":"e065f7ebd6e9ac8e","reportUrl":"https://robbrad.github.io/UKBinCollectionData/3.11/2024//#testresult/e065f7ebd6e9ac8e","status":"failed","statusDetails":"selenium.common.exceptions.NoSuchElementException: Message: no such element: Unable to locate element: {\"method\":\"css selector\",\"selector\":\"[id=\"ContentPlaceHolderDefault_ctl13_nptLLPG2_25_addresslookup_txtTmpPostcode\"]\"}\n  (Session info: chrome-headless-shell=127.0.6533.72); For documentation on this error, please visit: https://www.selenium.dev/documentation/webdriver/troubleshooting/errors#no-such-element-exception\nStacktrace:\n#0 0x559f363f96ba <unknown>\n#1 0x559f360c9730 <unknown>\n#2 0x559f36118d9b <unknown>\n#3 0x559f36119081 <unknown>\n#4 0x559f3615ccd4 <unknown>\n#5 0x559f3613ba7d <unknown>\n#6 0x559f3615a1ca <unknown>\n#7 0x559f3613b7f3 <unknown>\n#8 0x559f3610bec9 <unknown>\n#9 0x559f3610c91e <unknown>\n#10 0x559f363bf9eb <unknown>\n#11 0x559f363c3972 <unknown>\n#12 0x559f363ace15 <unknown>\n#13 0x559f363c4502 <unknown>\n#14 0x559f36391d2f <unknown>\n#15 0x559f363e8578 <unknown>\n#16 0x559f363e8750 <unknown>\n#17 0x559f363f848c <unknown>\n#18 0x7f50e0be5a94 <unknown>\n#19 0x7f50e0c72a34 __clone","time":{"start":1723421900383,"stop":1723421979900,"duration":79517}},{"uid":"2579e1cefaa69f21","reportUrl":"https://robbrad.github.io/UKBinCollectionData/3.11/2022//#testresult/2579e1cefaa69f21","status":"failed","statusDetails":"selenium.common.exceptions.ElementClickInterceptedException: Message: element click intercepted: Element is not clickable at point (589, 636)\n  (Session info: chrome-headless-shell=127.0.6533.72)\nStacktrace:\n#0 0x5556520926ba <unknown>\n#1 0x555651d62730 <unknown>\n#2 0x555651db8a96 <unknown>\n#3 0x555651db69ad <unknown>\n#4 0x555651db4447 <unknown>\n#5 0x555651db330e <unknown>\n#6 0x555651da6d66 <unknown>\n#7 0x555651dd4a52 <unknown>\n#8 0x555651da6719 <unknown>\n#9 0x555651dd4c1e <unknown>\n#10 0x555651df31ca <unknown>\n#11 0x555651dd47f3 <unknown>\n#12 0x555651da4ec9 <unknown>\n#13 0x555651da591e <unknown>\n#14 0x5556520589eb <unknown>\n#15 0x55565205c972 <unknown>\n#16 0x555652045e15 <unknown>\n#17 0x55565205d502 <unknown>\n#18 0x55565202ad2f <unknown>\n#19 0x555652081578 <unknown>\n#20 0x555652081750 <unknown>\n#21 0x55565209148c <unknown>\n#22 0x7f7e714e3a94 <unknown>\n#23 0x7f7e71570a34 __clone","time":{"start":1723335440851,"stop":1723335516524,"duration":75673}},{"uid":"817a604410b4230e","reportUrl":"https://robbrad.github.io/UKBinCollectionData/3.11/2020//#testresult/817a604410b4230e","status":"failed","statusDetails":"selenium.common.exceptions.NoSuchElementException: Message: no such element: Unable to locate element: {\"method\":\"css selector\",\"selector\":\"[id=\"ContentPlaceHolderDefault_ctl13_nptLLPG2_25_addresslookup_txtTmpPostcode\"]\"}\n  (Session info: chrome-headless-shell=127.0.6533.72); For documentation on this error, please visit: https://www.selenium.dev/documentation/webdriver/troubleshooting/errors#no-such-element-exception\nStacktrace:\n#0 0x564257d516ba <unknown>\n#1 0x564257a21730 <unknown>\n#2 0x564257a70d9b <unknown>\n#3 0x564257a71081 <unknown>\n#4 0x564257ab4cd4 <unknown>\n#5 0x564257a93a7d <unknown>\n#6 0x564257ab21ca <unknown>\n#7 0x564257a937f3 <unknown>\n#8 0x564257a63ec9 <unknown>\n#9 0x564257a6491e <unknown>\n#10 0x564257d179eb <unknown>\n#11 0x564257d1b972 <unknown>\n#12 0x564257d04e15 <unknown>\n#13 0x564257d1c502 <unknown>\n#14 0x564257ce9d2f <unknown>\n#15 0x564257d40578 <unknown>\n#16 0x564257d40750 <unknown>\n#17 0x564257d5048c <unknown>\n#18 0x7fea853a2a94 <unknown>\n#19 0x7fea8542fa34 __clone","time":{"start":1723249021378,"stop":1723249054468,"duration":33090}},{"uid":"714a156c2fa89a55","reportUrl":"https://robbrad.github.io/UKBinCollectionData/3.11/2019//#testresult/714a156c2fa89a55","status":"failed","statusDetails":"selenium.common.exceptions.NoSuchElementException: Message: no such element: Unable to locate element: {\"method\":\"css selector\",\"selector\":\"[id=\"ContentPlaceHolderDefault_ctl13_nptLLPG2_25_addresslookup_txtTmpPostcode\"]\"}\n  (Session info: chrome-headless-shell=127.0.6533.72); For documentation on this error, please visit: https://www.selenium.dev/documentation/webdriver/troubleshooting/errors#no-such-element-exception\nStacktrace:\n#0 0x55e24248e6ba <unknown>\n#1 0x55e24215e730 <unknown>\n#2 0x55e2421add9b <unknown>\n#3 0x55e2421ae081 <unknown>\n#4 0x55e2421f1cd4 <unknown>\n#5 0x55e2421d0a7d <unknown>\n#6 0x55e2421ef1ca <unknown>\n#7 0x55e2421d07f3 <unknown>\n#8 0x55e2421a0ec9 <unknown>\n#9 0x55e2421a191e <unknown>\n#10 0x55e2424549eb <unknown>\n#11 0x55e242458972 <unknown>\n#12 0x55e242441e15 <unknown>\n#13 0x55e242459502 <unknown>\n#14 0x55e242426d2f <unknown>\n#15 0x55e24247d578 <unknown>\n#16 0x55e24247d750 <unknown>\n#17 0x55e24248d48c <unknown>\n#18 0x7f6b64028a94 <unknown>\n#19 0x7f6b640b5a34 __clone","time":{"start":1723162707138,"stop":1723162759780,"duration":52642}},{"uid":"771adb544918fddb","reportUrl":"https://robbrad.github.io/UKBinCollectionData/3.11/2014//#testresult/771adb544918fddb","status":"failed","statusDetails":"selenium.common.exceptions.NoSuchElementException: Message: no such element: Unable to locate element: {\"method\":\"css selector\",\"selector\":\"[id=\"ContentPlaceHolderDefault_ctl13_nptLLPG2_25_addresslookup_txtTmpPostcode\"]\"}\n  (Session info: chrome-headless-shell=127.0.6533.72); For documentation on this error, please visit: https://www.selenium.dev/documentation/webdriver/troubleshooting/errors#no-such-element-exception\nStacktrace:\n#0 0x5600ffb046ba <unknown>\n#1 0x5600ff7d4730 <unknown>\n#2 0x5600ff823d9b <unknown>\n#3 0x5600ff824081 <unknown>\n#4 0x5600ff867cd4 <unknown>\n#5 0x5600ff846a7d <unknown>\n#6 0x5600ff8651ca <unknown>\n#7 0x5600ff8467f3 <unknown>\n#8 0x5600ff816ec9 <unknown>\n#9 0x5600ff81791e <unknown>\n#10 0x5600ffaca9eb <unknown>\n#11 0x5600fface972 <unknown>\n#12 0x5600ffab7e15 <unknown>\n#13 0x5600ffacf502 <unknown>\n#14 0x5600ffa9cd2f <unknown>\n#15 0x5600ffaf3578 <unknown>\n#16 0x5600ffaf3750 <unknown>\n#17 0x5600ffb0348c <unknown>\n#18 0x7f8ef54bfa94 <unknown>\n#19 0x7f8ef554ca34 __clone","time":{"start":1723076181912,"stop":1723076206720,"duration":24808}},{"uid":"f7353dc45f5c2f0d","reportUrl":"https://robbrad.github.io/UKBinCollectionData/3.11/2012//#testresult/f7353dc45f5c2f0d","status":"failed","statusDetails":"selenium.common.exceptions.ElementClickInterceptedException: Message: element click intercepted: Element is not clickable at point (589, 618)\n  (Session info: chrome-headless-shell=127.0.6533.72)\nStacktrace:\n#0 0x561d7ddae6ba <unknown>\n#1 0x561d7da7e730 <unknown>\n#2 0x561d7dad4a96 <unknown>\n#3 0x561d7dad29ad <unknown>\n#4 0x561d7dad0447 <unknown>\n#5 0x561d7dacf30e <unknown>\n#6 0x561d7dac2d66 <unknown>\n#7 0x561d7daf0a52 <unknown>\n#8 0x561d7dac2719 <unknown>\n#9 0x561d7daf0c1e <unknown>\n#10 0x561d7db0f1ca <unknown>\n#11 0x561d7daf07f3 <unknown>\n#12 0x561d7dac0ec9 <unknown>\n#13 0x561d7dac191e <unknown>\n#14 0x561d7dd749eb <unknown>\n#15 0x561d7dd78972 <unknown>\n#16 0x561d7dd61e15 <unknown>\n#17 0x561d7dd79502 <unknown>\n#18 0x561d7dd46d2f <unknown>\n#19 0x561d7dd9d578 <unknown>\n#20 0x561d7dd9d750 <unknown>\n#21 0x561d7ddad48c <unknown>\n#22 0x7fbb32f71a94 <unknown>\n#23 0x7fbb32ffea34 __clone","time":{"start":1722989752410,"stop":1722989790280,"duration":37870}}]},"tags":[]},"source":"1ef1b8c4140d76ab.json","parameterValues":["NeathPortTalbotCouncil"]}