{"uid":"7ec24c21ad1bebcf","name":"Validate Council Output [TendringDistrictCouncil]","fullName":"features/validate_council_outputs.feature:Validate Council Output","historyId":"ed07e2456ad23b8037ff3254aa143d3e","time":{"start":1726446757579,"stop":1726446813924,"duration":56345},"status":"failed","statusMessage":"selenium.common.exceptions.NoSuchElementException: Message: Cannot locate option with value: 100090604247; For documentation on this error, please visit: https://www.selenium.dev/documentation/webdriver/troubleshooting/errors#no-such-element-exception","statusTrace":"fixturefunc = <function scrape_step at 0x7f963b9bc040>\nrequest = <FixtureRequest for <Function test_scenario_outline[TendringDistrictCouncil]>>\nkwargs = {'context': <test_validate_council.Context object at 0x7f963c690170>, 'headless_mode': 'True', 'local_browser': 'False', 'selenium_url': 'http://localhost:4444'}\n\n    def call_fixture_func(\n        fixturefunc: _FixtureFunc[FixtureValue], request: FixtureRequest, kwargs\n    ) -> FixtureValue:\n        if is_generator(fixturefunc):\n            fixturefunc = cast(\n                Callable[..., Generator[FixtureValue, None, None]], fixturefunc\n            )\n            generator = fixturefunc(**kwargs)\n            try:\n                fixture_result = next(generator)\n            except StopIteration:\n                raise ValueError(f\"{request.fixturename} did not yield a value\") from None\n            finalizer = functools.partial(_teardown_yield_fixture, fixturefunc, generator)\n            request.addfinalizer(finalizer)\n        else:\n            fixturefunc = cast(Callable[..., FixtureValue], fixturefunc)\n>           fixture_result = fixturefunc(**kwargs)\n\n../../../.cache/pypoetry/virtualenvs/uk-bin-collection-EwS6Gn8s-py3.12/lib/python3.12/site-packages/_pytest/fixtures.py:898: \n_ _ _ _ _ _ _ _ _ _ _ _ _ _ _ _ _ _ _ _ _ _ _ _ _ _ _ _ _ _ _ _ _ _ _ _ _ _ _ _ \nuk_bin_collection/tests/step_defs/test_validate_council.py:100: in scrape_step\n    context.parse_result = CollectData.run()\nuk_bin_collection/uk_bin_collection/collect_data.py:101: in run\n    return self.client_code(\nuk_bin_collection/uk_bin_collection/collect_data.py:121: in client_code\n    return get_bin_data_class.template_method(address_url, **kwargs)\nuk_bin_collection/uk_bin_collection/get_bin_data.py:61: in template_method\n    bin_data_dict = self.get_and_parse_data(this_url, **kwargs)\nuk_bin_collection/uk_bin_collection/get_bin_data.py:84: in get_and_parse_data\n    bin_data_dict = self.parse_data(\"\", url=address_url, **kwargs)\nuk_bin_collection/uk_bin_collection/councils/TendringDistrictCouncil.py:73: in parse_data\n    dropdownSelect.select_by_value(str(user_uprn))\n_ _ _ _ _ _ _ _ _ _ _ _ _ _ _ _ _ _ _ _ _ _ _ _ _ _ _ _ _ _ _ _ _ _ _ _ _ _ _ _ \n\nself = <selenium.webdriver.support.select.Select object at 0x7f963a9772f0>\nvalue = '100090604247'\n\n    def select_by_value(self, value: str) -> None:\n        \"\"\"Select all options that have a value matching the argument. That is,\n        when given \"foo\" this would select an option like:\n    \n        <option value=\"foo\">Bar</option>\n    \n        :Args:\n         - value - The value to match against\n    \n        throws NoSuchElementException If there is no option with specified value in SELECT\n        \"\"\"\n        css = f\"option[value ={self._escape_string(value)}]\"\n        opts = self._el.find_elements(By.CSS_SELECTOR, css)\n        matched = False\n        for opt in opts:\n            self._set_selected(opt)\n            if not self.is_multiple:\n                return\n            matched = True\n        if not matched:\n>           raise NoSuchElementException(f\"Cannot locate option with value: {value}\")\nE           selenium.common.exceptions.NoSuchElementException: Message: Cannot locate option with value: 100090604247; For documentation on this error, please visit: https://www.selenium.dev/documentation/webdriver/troubleshooting/errors#no-such-element-exception\n\n../../../.cache/pypoetry/virtualenvs/uk-bin-collection-EwS6Gn8s-py3.12/lib/python3.12/site-packages/selenium/webdriver/support/select.py:84: NoSuchElementException","flaky":true,"newFailed":true,"newBroken":false,"newPassed":false,"retriesCount":0,"retriesStatusChange":false,"beforeStages":[],"testStage":{"status":"failed","statusMessage":"selenium.common.exceptions.NoSuchElementException: Message: Cannot locate option with value: 100090604247; For documentation on this error, please visit: https://www.selenium.dev/documentation/webdriver/troubleshooting/errors#no-such-element-exception","statusTrace":"fixturefunc = <function scrape_step at 0x7f963b9bc040>\nrequest = <FixtureRequest for <Function test_scenario_outline[TendringDistrictCouncil]>>\nkwargs = {'context': <test_validate_council.Context object at 0x7f963c690170>, 'headless_mode': 'True', 'local_browser': 'False', 'selenium_url': 'http://localhost:4444'}\n\n    def call_fixture_func(\n        fixturefunc: _FixtureFunc[FixtureValue], request: FixtureRequest, kwargs\n    ) -> FixtureValue:\n        if is_generator(fixturefunc):\n            fixturefunc = cast(\n                Callable[..., Generator[FixtureValue, None, None]], fixturefunc\n            )\n            generator = fixturefunc(**kwargs)\n            try:\n                fixture_result = next(generator)\n            except StopIteration:\n                raise ValueError(f\"{request.fixturename} did not yield a value\") from None\n            finalizer = functools.partial(_teardown_yield_fixture, fixturefunc, generator)\n            request.addfinalizer(finalizer)\n        else:\n            fixturefunc = cast(Callable[..., FixtureValue], fixturefunc)\n>           fixture_result = fixturefunc(**kwargs)\n\n../../../.cache/pypoetry/virtualenvs/uk-bin-collection-EwS6Gn8s-py3.12/lib/python3.12/site-packages/_pytest/fixtures.py:898: \n_ _ _ _ _ _ _ _ _ _ _ _ _ _ _ _ _ _ _ _ _ _ _ _ _ _ _ _ _ _ _ _ _ _ _ _ _ _ _ _ \nuk_bin_collection/tests/step_defs/test_validate_council.py:100: in scrape_step\n    context.parse_result = CollectData.run()\nuk_bin_collection/uk_bin_collection/collect_data.py:101: in run\n    return self.client_code(\nuk_bin_collection/uk_bin_collection/collect_data.py:121: in client_code\n    return get_bin_data_class.template_method(address_url, **kwargs)\nuk_bin_collection/uk_bin_collection/get_bin_data.py:61: in template_method\n    bin_data_dict = self.get_and_parse_data(this_url, **kwargs)\nuk_bin_collection/uk_bin_collection/get_bin_data.py:84: in get_and_parse_data\n    bin_data_dict = self.parse_data(\"\", url=address_url, **kwargs)\nuk_bin_collection/uk_bin_collection/councils/TendringDistrictCouncil.py:73: in parse_data\n    dropdownSelect.select_by_value(str(user_uprn))\n_ _ _ _ _ _ _ _ _ _ _ _ _ _ _ _ _ _ _ _ _ _ _ _ _ _ _ _ _ _ _ _ _ _ _ _ _ _ _ _ \n\nself = <selenium.webdriver.support.select.Select object at 0x7f963a9772f0>\nvalue = '100090604247'\n\n    def select_by_value(self, value: str) -> None:\n        \"\"\"Select all options that have a value matching the argument. That is,\n        when given \"foo\" this would select an option like:\n    \n        <option value=\"foo\">Bar</option>\n    \n        :Args:\n         - value - The value to match against\n    \n        throws NoSuchElementException If there is no option with specified value in SELECT\n        \"\"\"\n        css = f\"option[value ={self._escape_string(value)}]\"\n        opts = self._el.find_elements(By.CSS_SELECTOR, css)\n        matched = False\n        for opt in opts:\n            self._set_selected(opt)\n            if not self.is_multiple:\n                return\n            matched = True\n        if not matched:\n>           raise NoSuchElementException(f\"Cannot locate option with value: {value}\")\nE           selenium.common.exceptions.NoSuchElementException: Message: Cannot locate option with value: 100090604247; For documentation on this error, please visit: https://www.selenium.dev/documentation/webdriver/troubleshooting/errors#no-such-element-exception\n\n../../../.cache/pypoetry/virtualenvs/uk-bin-collection-EwS6Gn8s-py3.12/lib/python3.12/site-packages/selenium/webdriver/support/select.py:84: NoSuchElementException","steps":[{"name":"Given the council","time":{"start":1726446757579,"stop":1726446757580,"duration":1},"status":"passed","steps":[],"attachments":[],"parameters":[],"shouldDisplayMessage":false,"stepsCount":0,"attachmentsCount":0,"hasContent":false,"attachmentStep":false},{"name":"When we scrape the data from the council","time":{"start":1726446757580,"stop":1726446813924,"duration":56344},"status":"failed","statusMessage":"Message: Cannot locate option with value: 100090604247; For documentation on this error, please visit: https://www.selenium.dev/documentation/webdriver/troubleshooting/errors#no-such-element-exception\n","statusTrace":"selenium.common.exceptions.NoSuchElementException: Message: Cannot locate option with value: 100090604247; For documentation on this error, please visit: https://www.selenium.dev/documentation/webdriver/troubleshooting/errors#no-such-element-exception\n\n","steps":[],"attachments":[],"parameters":[],"shouldDisplayMessage":true,"stepsCount":0,"attachmentsCount":0,"hasContent":true,"attachmentStep":false}],"attachments":[{"uid":"430d8fc23c75898b","name":"stdout","source":"430d8fc23c75898b.txt","type":"text/plain","size":271}],"parameters":[],"shouldDisplayMessage":true,"stepsCount":2,"attachmentsCount":1,"hasContent":true,"attachmentStep":false},"afterStages":[],"labels":[{"name":"host","value":"fv-az915-524"},{"name":"thread","value":"2739-MainThread"},{"name":"framework","value":"pytest-bdd"},{"name":"language","value":"cpython3"},{"name":"feature","value":"Test each council output matches expected results"},{"name":"resultFormat","value":"allure2"}],"parameters":[{"name":"council","value":"TendringDistrictCouncil"}],"links":[],"hidden":false,"retry":false,"extra":{"severity":"normal","retries":[],"categories":[{"name":"Product defects","matchedStatuses":[],"flaky":false}],"history":{"statistic":{"failed":13,"broken":0,"skipped":0,"passed":110,"unknown":0,"total":123},"items":[{"uid":"6ded2f37f7f3ea3e","reportUrl":"https://robbrad.github.io/UKBinCollectionData/3.12/2115//#testresult/6ded2f37f7f3ea3e","status":"passed","time":{"start":1726359892566,"stop":1726359927613,"duration":35047}},{"uid":"c203d4fb469332c5","reportUrl":"https://robbrad.github.io/UKBinCollectionData/3.12/2114//#testresult/c203d4fb469332c5","status":"passed","time":{"start":1726273617403,"stop":1726273731481,"duration":114078}},{"uid":"446060b93101f103","reportUrl":"https://robbrad.github.io/UKBinCollectionData/3.12/2113//#testresult/446060b93101f103","status":"failed","statusDetails":"selenium.common.exceptions.SessionNotCreatedException: Message: Could not start a new session. New session request timed out \nHost info: host: 'selenium', ip: '172.18.0.2'\nBuild info: version: '4.24.0', revision: '748ffc9bc3'\nSystem info: os.name: 'Linux', os.arch: 'amd64', os.version: '6.5.0-1025-azure', java.version: '17.0.12'\nDriver info: driver.version: unknown\nStacktrace:\n    at org.openqa.selenium.grid.sessionqueue.local.LocalNewSessionQueue.addToQueue (LocalNewSessionQueue.java:221)\n    at org.openqa.selenium.grid.sessionqueue.NewSessionQueue.lambda$new$0 (NewSessionQueue.java:68)\n    at org.openqa.selenium.remote.http.Route$TemplatizedRoute.handle (Route.java:192)\n    at org.openqa.selenium.remote.http.Route.execute (Route.java:69)\n    at org.openqa.selenium.remote.http.Route$CombinedRoute.handle (Route.java:360)\n    at org.openqa.selenium.remote.http.Route.execute (Route.java:69)\n    at org.openqa.selenium.grid.sessionqueue.NewSessionQueue.execute (NewSessionQueue.java:128)\n    at org.openqa.selenium.remote.tracing.SpanWrappedHttpHandler.execute (SpanWrappedHttpHandler.java:87)\n    at org.openqa.selenium.remote.http.Filter$1.execute (Filter.java:63)\n    at org.openqa.selenium.remote.http.Route$CombinedRoute.handle (Route.java:360)\n    at org.openqa.selenium.remote.http.Route.execute (Route.java:69)\n    at org.openqa.selenium.grid.router.Router.execute (Router.java:87)\n    at org.openqa.selenium.grid.web.EnsureSpecCompliantResponseHeaders.lambda$apply$0 (EnsureSpecCompliantResponseHeaders.java:34)\n    at org.openqa.selenium.remote.http.Filter$1.execute (Filter.java:63)\n    at org.openqa.selenium.remote.http.Route$CombinedRoute.handle (Route.java:360)\n    at org.openqa.selenium.remote.http.Route.execute (Route.java:69)\n    at org.openqa.selenium.remote.AddWebDriverSpecHeaders.lambda$apply$0 (AddWebDriverSpecHeaders.java:35)\n    at org.openqa.selenium.remote.ErrorFilter.lambda$apply$0 (ErrorFilter.java:44)\n    at org.openqa.selenium.remote.http.Filter$1.execute (Filter.java:63)\n    at org.openqa.selenium.remote.ErrorFilter.lambda$apply$0 (ErrorFilter.java:44)\n    at org.openqa.selenium.remote.http.Filter$1.execute (Filter.java:63)\n    at org.openqa.selenium.netty.server.SeleniumHandler.lambda$channelRead0$0 (SeleniumHandler.java:44)\n    at java.util.concurrent.Executors$RunnableAdapter.call (Executors.java:539)\n    at java.util.concurrent.FutureTask.run (FutureTask.java:264)\n    at java.util.concurrent.ThreadPoolExecutor.runWorker (ThreadPoolExecutor.java:1136)\n    at java.util.concurrent.ThreadPoolExecutor$Worker.run (ThreadPoolExecutor.java:635)\n    at java.lang.Thread.run (Thread.java:840)","time":{"start":1726187183737,"stop":1726187483971,"duration":300234}},{"uid":"8c388c65cd105f4e","reportUrl":"https://robbrad.github.io/UKBinCollectionData/3.12/2112//#testresult/8c388c65cd105f4e","status":"passed","time":{"start":1726100798815,"stop":1726100833020,"duration":34205}},{"uid":"84c154a24f7d6f00","reportUrl":"https://robbrad.github.io/UKBinCollectionData/3.12/2111//#testresult/84c154a24f7d6f00","status":"passed","time":{"start":1726014401091,"stop":1726014453951,"duration":52860}},{"uid":"e42f20cfd6470f62","reportUrl":"https://robbrad.github.io/UKBinCollectionData/3.12/2109//#testresult/e42f20cfd6470f62","status":"passed","time":{"start":1725956362014,"stop":1725956544747,"duration":182733}},{"uid":"afd2148879e4848f","reportUrl":"https://robbrad.github.io/UKBinCollectionData/3.12/2107//#testresult/afd2148879e4848f","status":"passed","time":{"start":1725927598851,"stop":1725927894789,"duration":295938}},{"uid":"6ebfb4ce33ec5cc5","reportUrl":"https://robbrad.github.io/UKBinCollectionData/3.12/2095//#testresult/6ebfb4ce33ec5cc5","status":"passed","time":{"start":1725841689963,"stop":1725841718025,"duration":28062}},{"uid":"c673b3287f9b35b5","reportUrl":"https://robbrad.github.io/UKBinCollectionData/3.12/2093//#testresult/c673b3287f9b35b5","status":"passed","time":{"start":1725755282189,"stop":1725755290943,"duration":8754}},{"uid":"6643ee522471d314","reportUrl":"https://robbrad.github.io/UKBinCollectionData/3.12/2092//#testresult/6643ee522471d314","status":"passed","time":{"start":1725669042244,"stop":1725669070420,"duration":28176}},{"uid":"6a1dd23010c18b6b","reportUrl":"https://robbrad.github.io/UKBinCollectionData/3.12/2088//#testresult/6a1dd23010c18b6b","status":"passed","time":{"start":1725582339125,"stop":1725582361609,"duration":22484}},{"uid":"48cad42cb3ef09dd","reportUrl":"https://robbrad.github.io/UKBinCollectionData/3.12/2086//#testresult/48cad42cb3ef09dd","status":"passed","time":{"start":1725570435444,"stop":1725570453262,"duration":17818}},{"uid":"aef23cb1335fe0c1","reportUrl":"https://robbrad.github.io/UKBinCollectionData/3.12/2083//#testresult/aef23cb1335fe0c1","status":"passed","time":{"start":1725495979466,"stop":1725496002524,"duration":23058}},{"uid":"39949883eba39fc6","reportUrl":"https://robbrad.github.io/UKBinCollectionData/3.12/2082//#testresult/39949883eba39fc6","status":"passed","time":{"start":1725431113484,"stop":1725431134505,"duration":21021}},{"uid":"e928ba42eb78c9ca","reportUrl":"https://robbrad.github.io/UKBinCollectionData/3.12/2082//#testresult/e928ba42eb78c9ca","status":"passed","time":{"start":1725409906185,"stop":1725409954678,"duration":48493}},{"uid":"c7219f99518abcc8","reportUrl":"https://robbrad.github.io/UKBinCollectionData/3.12/2080//#testresult/c7219f99518abcc8","status":"passed","time":{"start":1725404905565,"stop":1725404924633,"duration":19068}},{"uid":"fd5d3d7ab0431105","reportUrl":"https://robbrad.github.io/UKBinCollectionData/3.12/2073//#testresult/fd5d3d7ab0431105","status":"passed","time":{"start":1725385888724,"stop":1725385911213,"duration":22489}},{"uid":"2d1cfd8aaa3652fa","reportUrl":"https://robbrad.github.io/UKBinCollectionData/3.12/2070//#testresult/2d1cfd8aaa3652fa","status":"passed","time":{"start":1725347878927,"stop":1725348068369,"duration":189442}},{"uid":"8b4858ee292d8b9f","reportUrl":"https://robbrad.github.io/UKBinCollectionData/3.12/2069//#testresult/8b4858ee292d8b9f","status":"passed","time":{"start":1725323406094,"stop":1725323443086,"duration":36992}},{"uid":"b837eb5b339265ac","reportUrl":"https://robbrad.github.io/UKBinCollectionData/3.12/2068//#testresult/b837eb5b339265ac","status":"passed","time":{"start":1725317216703,"stop":1725317236403,"duration":19700}}]},"tags":[]},"source":"7ec24c21ad1bebcf.json","parameterValues":["TendringDistrictCouncil"]}