{"uid":"6ff8132afa74b985","name":"Validate Council Output [RenfrewshireCouncil]","fullName":"features/validate_council_outputs.feature:Validate Council Output","historyId":"21c77c05ec171f4a60a68c21bf3d0b55","time":{"start":1725309069406,"stop":1725309124450,"duration":55044},"status":"failed","statusMessage":"selenium.common.exceptions.ElementClickInterceptedException: Message: element click intercepted: Element is not clickable at point (1142, 1033)\n  (Session info: chrome=128.0.6613.113)\nStacktrace:\n#0 0x5564024c98da <unknown>\n#1 0x556402197e50 <unknown>\n#2 0x5564021ee346 <unknown>\n#3 0x5564021ec25d <unknown>\n#4 0x5564021e9cf7 <unknown>\n#5 0x5564021e8b9c <unknown>\n#6 0x5564021dc4d6 <unknown>\n#7 0x55640220c492 <unknown>\n#8 0x5564021dbe89 <unknown>\n#9 0x55640220c65e <unknown>\n#10 0x55640222a9c6 <unknown>\n#11 0x55640220c233 <unknown>\n#12 0x5564021da093 <unknown>\n#13 0x5564021db09e <unknown>\n#14 0x556402490b3b <unknown>\n#15 0x556402494af1 <unknown>\n#16 0x55640247c705 <unknown>\n#17 0x556402495662 <unknown>\n#18 0x5564024618df <unknown>\n#19 0x5564024b86d8 <unknown>\n#20 0x5564024b88a2 <unknown>\n#21 0x5564024c86cc <unknown>\n#22 0x7f0fe3465a94 <unknown>\n#23 0x7f0fe34f2a34 __clone","statusTrace":"fixturefunc = <function scrape_step at 0x7f376122a980>\nrequest = <FixtureRequest for <Function test_scenario_outline[RenfrewshireCouncil]>>\nkwargs = {'context': <test_validate_council.Context object at 0x7f3761f19610>, 'headless_mode': 'True', 'local_browser': 'False', 'selenium_url': 'http://localhost:4444'}\n\n    def call_fixture_func(\n        fixturefunc: _FixtureFunc[FixtureValue], request: FixtureRequest, kwargs\n    ) -> FixtureValue:\n        if is_generator(fixturefunc):\n            fixturefunc = cast(\n                Callable[..., Generator[FixtureValue, None, None]], fixturefunc\n            )\n            generator = fixturefunc(**kwargs)\n            try:\n                fixture_result = next(generator)\n            except StopIteration:\n                raise ValueError(f\"{request.fixturename} did not yield a value\") from None\n            finalizer = functools.partial(_teardown_yield_fixture, fixturefunc, generator)\n            request.addfinalizer(finalizer)\n        else:\n            fixturefunc = cast(Callable[..., FixtureValue], fixturefunc)\n>           fixture_result = fixturefunc(**kwargs)\n\n../../../.cache/pypoetry/virtualenvs/uk-bin-collection-EwS6Gn8s-py3.12/lib/python3.12/site-packages/_pytest/fixtures.py:897: \n_ _ _ _ _ _ _ _ _ _ _ _ _ _ _ _ _ _ _ _ _ _ _ _ _ _ _ _ _ _ _ _ _ _ _ _ _ _ _ _ \nuk_bin_collection/tests/step_defs/test_validate_council.py:100: in scrape_step\n    context.parse_result = CollectData.run()\nuk_bin_collection/uk_bin_collection/collect_data.py:101: in run\n    return self.client_code(\nuk_bin_collection/uk_bin_collection/collect_data.py:121: in client_code\n    return get_bin_data_class.template_method(address_url, **kwargs)\nuk_bin_collection/uk_bin_collection/get_bin_data.py:61: in template_method\n    bin_data_dict = self.get_and_parse_data(this_url, **kwargs)\nuk_bin_collection/uk_bin_collection/get_bin_data.py:84: in get_and_parse_data\n    bin_data_dict = self.parse_data(\"\", url=address_url, **kwargs)\nuk_bin_collection/uk_bin_collection/councils/RenfrewshireCouncil.py:38: in parse_data\n    accept_button.click()\n../../../.cache/pypoetry/virtualenvs/uk-bin-collection-EwS6Gn8s-py3.12/lib/python3.12/site-packages/selenium/webdriver/remote/webelement.py:94: in click\n    self._execute(Command.CLICK_ELEMENT)\n../../../.cache/pypoetry/virtualenvs/uk-bin-collection-EwS6Gn8s-py3.12/lib/python3.12/site-packages/selenium/webdriver/remote/webelement.py:395: in _execute\n    return self._parent.execute(command, params)\n../../../.cache/pypoetry/virtualenvs/uk-bin-collection-EwS6Gn8s-py3.12/lib/python3.12/site-packages/selenium/webdriver/remote/webdriver.py:354: in execute\n    self.error_handler.check_response(response)\n_ _ _ _ _ _ _ _ _ _ _ _ _ _ _ _ _ _ _ _ _ _ _ _ _ _ _ _ _ _ _ _ _ _ _ _ _ _ _ _ \n\nself = <selenium.webdriver.remote.errorhandler.ErrorHandler object at 0x7f3760370b30>\nresponse = {'status': 400, 'value': '{\"value\":{\"error\":\"element click intercepted\",\"message\":\"element click intercepted: Element ...unknown>\\\\n#21 0x5564024c86cc \\\\u003Cunknown>\\\\n#22 0x7f0fe3465a94 \\\\u003Cunknown>\\\\n#23 0x7f0fe34f2a34 __clone\\\\n\"}}'}\n\n    def check_response(self, response: Dict[str, Any]) -> None:\n        \"\"\"Checks that a JSON response from the WebDriver does not have an\n        error.\n    \n        :Args:\n         - response - The JSON response from the WebDriver server as a dictionary\n           object.\n    \n        :Raises: If the response contains an error message.\n        \"\"\"\n        status = response.get(\"status\", None)\n        if not status or status == ErrorCode.SUCCESS:\n            return\n        value = None\n        message = response.get(\"message\", \"\")\n        screen: str = response.get(\"screen\", \"\")\n        stacktrace = None\n        if isinstance(status, int):\n            value_json = response.get(\"value\", None)\n            if value_json and isinstance(value_json, str):\n                import json\n    \n                try:\n                    value = json.loads(value_json)\n                    if len(value) == 1:\n                        value = value[\"value\"]\n                    status = value.get(\"error\", None)\n                    if not status:\n                        status = value.get(\"status\", ErrorCode.UNKNOWN_ERROR)\n                        message = value.get(\"value\") or value.get(\"message\")\n                        if not isinstance(message, str):\n                            value = message\n                            message = message.get(\"message\")\n                    else:\n                        message = value.get(\"message\", None)\n                except ValueError:\n                    pass\n    \n        exception_class: Type[WebDriverException]\n        e = ErrorCode()\n        error_codes = [item for item in dir(e) if not item.startswith(\"__\")]\n        for error_code in error_codes:\n            error_info = getattr(ErrorCode, error_code)\n            if isinstance(error_info, list) and status in error_info:\n                exception_class = getattr(ExceptionMapping, error_code, WebDriverException)\n                break\n        else:\n            exception_class = WebDriverException\n    \n        if not value:\n            value = response[\"value\"]\n        if isinstance(value, str):\n            raise exception_class(value)\n        if message == \"\" and \"message\" in value:\n            message = value[\"message\"]\n    \n        screen = None  # type: ignore[assignment]\n        if \"screen\" in value:\n            screen = value[\"screen\"]\n    \n        stacktrace = None\n        st_value = value.get(\"stackTrace\") or value.get(\"stacktrace\")\n        if st_value:\n            if isinstance(st_value, str):\n                stacktrace = st_value.split(\"\\n\")\n            else:\n                stacktrace = []\n                try:\n                    for frame in st_value:\n                        line = frame.get(\"lineNumber\", \"\")\n                        file = frame.get(\"fileName\", \"<anonymous>\")\n                        if line:\n                            file = f\"{file}:{line}\"\n                        meth = frame.get(\"methodName\", \"<anonymous>\")\n                        if \"className\" in frame:\n                            meth = f\"{frame['className']}.{meth}\"\n                        msg = \"    at %s (%s)\"\n                        msg = msg % (meth, file)\n                        stacktrace.append(msg)\n                except TypeError:\n                    pass\n        if exception_class == UnexpectedAlertPresentException:\n            alert_text = None\n            if \"data\" in value:\n                alert_text = value[\"data\"].get(\"text\")\n            elif \"alert\" in value:\n                alert_text = value[\"alert\"].get(\"text\")\n            raise exception_class(message, screen, stacktrace, alert_text)  # type: ignore[call-arg]  # mypy is not smart enough here\n>       raise exception_class(message, screen, stacktrace)\nE       selenium.common.exceptions.ElementClickInterceptedException: Message: element click intercepted: Element is not clickable at point (1142, 1033)\nE         (Session info: chrome=128.0.6613.113)\nE       Stacktrace:\nE       #0 0x5564024c98da <unknown>\nE       #1 0x556402197e50 <unknown>\nE       #2 0x5564021ee346 <unknown>\nE       #3 0x5564021ec25d <unknown>\nE       #4 0x5564021e9cf7 <unknown>\nE       #5 0x5564021e8b9c <unknown>\nE       #6 0x5564021dc4d6 <unknown>\nE       #7 0x55640220c492 <unknown>\nE       #8 0x5564021dbe89 <unknown>\nE       #9 0x55640220c65e <unknown>\nE       #10 0x55640222a9c6 <unknown>\nE       #11 0x55640220c233 <unknown>\nE       #12 0x5564021da093 <unknown>\nE       #13 0x5564021db09e <unknown>\nE       #14 0x556402490b3b <unknown>\nE       #15 0x556402494af1 <unknown>\nE       #16 0x55640247c705 <unknown>\nE       #17 0x556402495662 <unknown>\nE       #18 0x5564024618df <unknown>\nE       #19 0x5564024b86d8 <unknown>\nE       #20 0x5564024b88a2 <unknown>\nE       #21 0x5564024c86cc <unknown>\nE       #22 0x7f0fe3465a94 <unknown>\nE       #23 0x7f0fe34f2a34 __clone\n\n../../../.cache/pypoetry/virtualenvs/uk-bin-collection-EwS6Gn8s-py3.12/lib/python3.12/site-packages/selenium/webdriver/remote/errorhandler.py:229: ElementClickInterceptedException","flaky":true,"newFailed":true,"newBroken":false,"newPassed":false,"retriesCount":0,"retriesStatusChange":false,"beforeStages":[],"testStage":{"status":"failed","statusMessage":"selenium.common.exceptions.ElementClickInterceptedException: Message: element click intercepted: Element is not clickable at point (1142, 1033)\n  (Session info: chrome=128.0.6613.113)\nStacktrace:\n#0 0x5564024c98da <unknown>\n#1 0x556402197e50 <unknown>\n#2 0x5564021ee346 <unknown>\n#3 0x5564021ec25d <unknown>\n#4 0x5564021e9cf7 <unknown>\n#5 0x5564021e8b9c <unknown>\n#6 0x5564021dc4d6 <unknown>\n#7 0x55640220c492 <unknown>\n#8 0x5564021dbe89 <unknown>\n#9 0x55640220c65e <unknown>\n#10 0x55640222a9c6 <unknown>\n#11 0x55640220c233 <unknown>\n#12 0x5564021da093 <unknown>\n#13 0x5564021db09e <unknown>\n#14 0x556402490b3b <unknown>\n#15 0x556402494af1 <unknown>\n#16 0x55640247c705 <unknown>\n#17 0x556402495662 <unknown>\n#18 0x5564024618df <unknown>\n#19 0x5564024b86d8 <unknown>\n#20 0x5564024b88a2 <unknown>\n#21 0x5564024c86cc <unknown>\n#22 0x7f0fe3465a94 <unknown>\n#23 0x7f0fe34f2a34 __clone","statusTrace":"fixturefunc = <function scrape_step at 0x7f376122a980>\nrequest = <FixtureRequest for <Function test_scenario_outline[RenfrewshireCouncil]>>\nkwargs = {'context': <test_validate_council.Context object at 0x7f3761f19610>, 'headless_mode': 'True', 'local_browser': 'False', 'selenium_url': 'http://localhost:4444'}\n\n    def call_fixture_func(\n        fixturefunc: _FixtureFunc[FixtureValue], request: FixtureRequest, kwargs\n    ) -> FixtureValue:\n        if is_generator(fixturefunc):\n            fixturefunc = cast(\n                Callable[..., Generator[FixtureValue, None, None]], fixturefunc\n            )\n            generator = fixturefunc(**kwargs)\n            try:\n                fixture_result = next(generator)\n            except StopIteration:\n                raise ValueError(f\"{request.fixturename} did not yield a value\") from None\n            finalizer = functools.partial(_teardown_yield_fixture, fixturefunc, generator)\n            request.addfinalizer(finalizer)\n        else:\n            fixturefunc = cast(Callable[..., FixtureValue], fixturefunc)\n>           fixture_result = fixturefunc(**kwargs)\n\n../../../.cache/pypoetry/virtualenvs/uk-bin-collection-EwS6Gn8s-py3.12/lib/python3.12/site-packages/_pytest/fixtures.py:897: \n_ _ _ _ _ _ _ _ _ _ _ _ _ _ _ _ _ _ _ _ _ _ _ _ _ _ _ _ _ _ _ _ _ _ _ _ _ _ _ _ \nuk_bin_collection/tests/step_defs/test_validate_council.py:100: in scrape_step\n    context.parse_result = CollectData.run()\nuk_bin_collection/uk_bin_collection/collect_data.py:101: in run\n    return self.client_code(\nuk_bin_collection/uk_bin_collection/collect_data.py:121: in client_code\n    return get_bin_data_class.template_method(address_url, **kwargs)\nuk_bin_collection/uk_bin_collection/get_bin_data.py:61: in template_method\n    bin_data_dict = self.get_and_parse_data(this_url, **kwargs)\nuk_bin_collection/uk_bin_collection/get_bin_data.py:84: in get_and_parse_data\n    bin_data_dict = self.parse_data(\"\", url=address_url, **kwargs)\nuk_bin_collection/uk_bin_collection/councils/RenfrewshireCouncil.py:38: in parse_data\n    accept_button.click()\n../../../.cache/pypoetry/virtualenvs/uk-bin-collection-EwS6Gn8s-py3.12/lib/python3.12/site-packages/selenium/webdriver/remote/webelement.py:94: in click\n    self._execute(Command.CLICK_ELEMENT)\n../../../.cache/pypoetry/virtualenvs/uk-bin-collection-EwS6Gn8s-py3.12/lib/python3.12/site-packages/selenium/webdriver/remote/webelement.py:395: in _execute\n    return self._parent.execute(command, params)\n../../../.cache/pypoetry/virtualenvs/uk-bin-collection-EwS6Gn8s-py3.12/lib/python3.12/site-packages/selenium/webdriver/remote/webdriver.py:354: in execute\n    self.error_handler.check_response(response)\n_ _ _ _ _ _ _ _ _ _ _ _ _ _ _ _ _ _ _ _ _ _ _ _ _ _ _ _ _ _ _ _ _ _ _ _ _ _ _ _ \n\nself = <selenium.webdriver.remote.errorhandler.ErrorHandler object at 0x7f3760370b30>\nresponse = {'status': 400, 'value': '{\"value\":{\"error\":\"element click intercepted\",\"message\":\"element click intercepted: Element ...unknown>\\\\n#21 0x5564024c86cc \\\\u003Cunknown>\\\\n#22 0x7f0fe3465a94 \\\\u003Cunknown>\\\\n#23 0x7f0fe34f2a34 __clone\\\\n\"}}'}\n\n    def check_response(self, response: Dict[str, Any]) -> None:\n        \"\"\"Checks that a JSON response from the WebDriver does not have an\n        error.\n    \n        :Args:\n         - response - The JSON response from the WebDriver server as a dictionary\n           object.\n    \n        :Raises: If the response contains an error message.\n        \"\"\"\n        status = response.get(\"status\", None)\n        if not status or status == ErrorCode.SUCCESS:\n            return\n        value = None\n        message = response.get(\"message\", \"\")\n        screen: str = response.get(\"screen\", \"\")\n        stacktrace = None\n        if isinstance(status, int):\n            value_json = response.get(\"value\", None)\n            if value_json and isinstance(value_json, str):\n                import json\n    \n                try:\n                    value = json.loads(value_json)\n                    if len(value) == 1:\n                        value = value[\"value\"]\n                    status = value.get(\"error\", None)\n                    if not status:\n                        status = value.get(\"status\", ErrorCode.UNKNOWN_ERROR)\n                        message = value.get(\"value\") or value.get(\"message\")\n                        if not isinstance(message, str):\n                            value = message\n                            message = message.get(\"message\")\n                    else:\n                        message = value.get(\"message\", None)\n                except ValueError:\n                    pass\n    \n        exception_class: Type[WebDriverException]\n        e = ErrorCode()\n        error_codes = [item for item in dir(e) if not item.startswith(\"__\")]\n        for error_code in error_codes:\n            error_info = getattr(ErrorCode, error_code)\n            if isinstance(error_info, list) and status in error_info:\n                exception_class = getattr(ExceptionMapping, error_code, WebDriverException)\n                break\n        else:\n            exception_class = WebDriverException\n    \n        if not value:\n            value = response[\"value\"]\n        if isinstance(value, str):\n            raise exception_class(value)\n        if message == \"\" and \"message\" in value:\n            message = value[\"message\"]\n    \n        screen = None  # type: ignore[assignment]\n        if \"screen\" in value:\n            screen = value[\"screen\"]\n    \n        stacktrace = None\n        st_value = value.get(\"stackTrace\") or value.get(\"stacktrace\")\n        if st_value:\n            if isinstance(st_value, str):\n                stacktrace = st_value.split(\"\\n\")\n            else:\n                stacktrace = []\n                try:\n                    for frame in st_value:\n                        line = frame.get(\"lineNumber\", \"\")\n                        file = frame.get(\"fileName\", \"<anonymous>\")\n                        if line:\n                            file = f\"{file}:{line}\"\n                        meth = frame.get(\"methodName\", \"<anonymous>\")\n                        if \"className\" in frame:\n                            meth = f\"{frame['className']}.{meth}\"\n                        msg = \"    at %s (%s)\"\n                        msg = msg % (meth, file)\n                        stacktrace.append(msg)\n                except TypeError:\n                    pass\n        if exception_class == UnexpectedAlertPresentException:\n            alert_text = None\n            if \"data\" in value:\n                alert_text = value[\"data\"].get(\"text\")\n            elif \"alert\" in value:\n                alert_text = value[\"alert\"].get(\"text\")\n            raise exception_class(message, screen, stacktrace, alert_text)  # type: ignore[call-arg]  # mypy is not smart enough here\n>       raise exception_class(message, screen, stacktrace)\nE       selenium.common.exceptions.ElementClickInterceptedException: Message: element click intercepted: Element is not clickable at point (1142, 1033)\nE         (Session info: chrome=128.0.6613.113)\nE       Stacktrace:\nE       #0 0x5564024c98da <unknown>\nE       #1 0x556402197e50 <unknown>\nE       #2 0x5564021ee346 <unknown>\nE       #3 0x5564021ec25d <unknown>\nE       #4 0x5564021e9cf7 <unknown>\nE       #5 0x5564021e8b9c <unknown>\nE       #6 0x5564021dc4d6 <unknown>\nE       #7 0x55640220c492 <unknown>\nE       #8 0x5564021dbe89 <unknown>\nE       #9 0x55640220c65e <unknown>\nE       #10 0x55640222a9c6 <unknown>\nE       #11 0x55640220c233 <unknown>\nE       #12 0x5564021da093 <unknown>\nE       #13 0x5564021db09e <unknown>\nE       #14 0x556402490b3b <unknown>\nE       #15 0x556402494af1 <unknown>\nE       #16 0x55640247c705 <unknown>\nE       #17 0x556402495662 <unknown>\nE       #18 0x5564024618df <unknown>\nE       #19 0x5564024b86d8 <unknown>\nE       #20 0x5564024b88a2 <unknown>\nE       #21 0x5564024c86cc <unknown>\nE       #22 0x7f0fe3465a94 <unknown>\nE       #23 0x7f0fe34f2a34 __clone\n\n../../../.cache/pypoetry/virtualenvs/uk-bin-collection-EwS6Gn8s-py3.12/lib/python3.12/site-packages/selenium/webdriver/remote/errorhandler.py:229: ElementClickInterceptedException","steps":[{"name":"Given the council","time":{"start":1725309069406,"stop":1725309069406,"duration":0},"status":"passed","steps":[],"attachments":[],"parameters":[],"shouldDisplayMessage":false,"stepsCount":0,"attachmentsCount":0,"hasContent":false,"attachmentStep":false},{"name":"When we scrape the data from the council","time":{"start":1725309069407,"stop":1725309124450,"duration":55043},"status":"failed","statusMessage":"Message: element click intercepted: Element is not clickable at point (1142, 1033)\n  (Session info: chrome=128.0.6613.113)\nStacktrace:\n#0 0x5564024c98da <unknown>\n#1 0x556402197e50 <unknown>\n#2 0x5564021ee346 <unknown>\n#3 0x5564021ec25d <unknown>\n#4 0x5564021e9cf7 <unknown>\n#5 0x5564021e8b9c <unknown>\n#6 0x5564021dc4d6 <unknown>\n#7 0x55640220c492 <unknown>\n#8 0x5564021dbe89 <unknown>\n#9 0x55640220c65e <unknown>\n#10 0x55640222a9c6 <unknown>\n#11 0x55640220c233 <unknown>\n#12 0x5564021da093 <unknown>\n#13 0x5564021db09e <unknown>\n#14 0x556402490b3b <unknown>\n#15 0x556402494af1 <unknown>\n#16 0x55640247c705 <unknown>\n#17 0x556402495662 <unknown>\n#18 0x5564024618df <unknown>\n#19 0x5564024b86d8 <unknown>\n#20 0x5564024b88a2 <unknown>\n#21 0x5564024c86cc <unknown>\n#22 0x7f0fe3465a94 <unknown>\n#23 0x7f0fe34f2a34 __clone\n","statusTrace":"selenium.common.exceptions.ElementClickInterceptedException: Message: element click intercepted: Element is not clickable at point (1142, 1033)\n  (Session info: chrome=128.0.6613.113)\nStacktrace:\n#0 0x5564024c98da <unknown>\n#1 0x556402197e50 <unknown>\n#2 0x5564021ee346 <unknown>\n#3 0x5564021ec25d <unknown>\n#4 0x5564021e9cf7 <unknown>\n#5 0x5564021e8b9c <unknown>\n#6 0x5564021dc4d6 <unknown>\n#7 0x55640220c492 <unknown>\n#8 0x5564021dbe89 <unknown>\n#9 0x55640220c65e <unknown>\n#10 0x55640222a9c6 <unknown>\n#11 0x55640220c233 <unknown>\n#12 0x5564021da093 <unknown>\n#13 0x5564021db09e <unknown>\n#14 0x556402490b3b <unknown>\n#15 0x556402494af1 <unknown>\n#16 0x55640247c705 <unknown>\n#17 0x556402495662 <unknown>\n#18 0x5564024618df <unknown>\n#19 0x5564024b86d8 <unknown>\n#20 0x5564024b88a2 <unknown>\n#21 0x5564024c86cc <unknown>\n#22 0x7f0fe3465a94 <unknown>\n#23 0x7f0fe34f2a34 __clone\n\n","steps":[],"attachments":[],"parameters":[],"shouldDisplayMessage":true,"stepsCount":0,"attachmentsCount":0,"hasContent":true,"attachmentStep":false}],"attachments":[{"uid":"adf2e05a38f1c354","name":"stdout","source":"adf2e05a38f1c354.txt","type":"text/plain","size":885}],"parameters":[],"shouldDisplayMessage":true,"stepsCount":2,"attachmentsCount":1,"hasContent":true,"attachmentStep":false},"afterStages":[],"labels":[{"name":"host","value":"fv-az698-412"},{"name":"thread","value":"2676-MainThread"},{"name":"framework","value":"pytest-bdd"},{"name":"language","value":"cpython3"},{"name":"feature","value":"Test each council output matches expected results"},{"name":"resultFormat","value":"allure2"}],"parameters":[{"name":"council","value":"RenfrewshireCouncil"}],"links":[],"hidden":false,"retry":false,"extra":{"severity":"normal","retries":[],"categories":[{"name":"Product defects","matchedStatuses":[],"flaky":false}],"history":{"statistic":{"failed":39,"broken":0,"skipped":0,"passed":79,"unknown":0,"total":118},"items":[{"uid":"d4b96d69c5bbab4b","reportUrl":"https://robbrad.github.io/UKBinCollectionData/3.12/2059//#testresult/d4b96d69c5bbab4b","status":"passed","time":{"start":1725308644240,"stop":1725308664279,"duration":20039}},{"uid":"9943f01d90f74fc5","reportUrl":"https://robbrad.github.io/UKBinCollectionData/3.12/2054//#testresult/9943f01d90f74fc5","status":"failed","statusDetails":"selenium.common.exceptions.SessionNotCreatedException: Message: Could not start a new session. New session request timed out \nHost info: host: 'selenium', ip: '172.18.0.2'\nBuild info: version: '4.24.0', revision: '748ffc9bc3'\nSystem info: os.name: 'Linux', os.arch: 'amd64', os.version: '6.5.0-1025-azure', java.version: '17.0.12'\nDriver info: driver.version: unknown\nStacktrace:\n    at org.openqa.selenium.grid.sessionqueue.local.LocalNewSessionQueue.addToQueue (LocalNewSessionQueue.java:221)\n    at org.openqa.selenium.grid.sessionqueue.NewSessionQueue.lambda$new$0 (NewSessionQueue.java:68)\n    at org.openqa.selenium.remote.http.Route$TemplatizedRoute.handle (Route.java:192)\n    at org.openqa.selenium.remote.http.Route.execute (Route.java:69)\n    at org.openqa.selenium.remote.http.Route$CombinedRoute.handle (Route.java:360)\n    at org.openqa.selenium.remote.http.Route.execute (Route.java:69)\n    at org.openqa.selenium.grid.sessionqueue.NewSessionQueue.execute (NewSessionQueue.java:128)\n    at org.openqa.selenium.remote.tracing.SpanWrappedHttpHandler.execute (SpanWrappedHttpHandler.java:87)\n    at org.openqa.selenium.remote.http.Filter$1.execute (Filter.java:63)\n    at org.openqa.selenium.remote.http.Route$CombinedRoute.handle (Route.java:360)\n    at org.openqa.selenium.remote.http.Route.execute (Route.java:69)\n    at org.openqa.selenium.grid.router.Router.execute (Router.java:87)\n    at org.openqa.selenium.grid.web.EnsureSpecCompliantResponseHeaders.lambda$apply$0 (EnsureSpecCompliantResponseHeaders.java:34)\n    at org.openqa.selenium.remote.http.Filter$1.execute (Filter.java:63)\n    at org.openqa.selenium.remote.http.Route$CombinedRoute.handle (Route.java:360)\n    at org.openqa.selenium.remote.http.Route.execute (Route.java:69)\n    at org.openqa.selenium.remote.AddWebDriverSpecHeaders.lambda$apply$0 (AddWebDriverSpecHeaders.java:35)\n    at org.openqa.selenium.remote.ErrorFilter.lambda$apply$0 (ErrorFilter.java:44)\n    at org.openqa.selenium.remote.http.Filter$1.execute (Filter.java:63)\n    at org.openqa.selenium.remote.ErrorFilter.lambda$apply$0 (ErrorFilter.java:44)\n    at org.openqa.selenium.remote.http.Filter$1.execute (Filter.java:63)\n    at org.openqa.selenium.netty.server.SeleniumHandler.lambda$channelRead0$0 (SeleniumHandler.java:44)\n    at java.util.concurrent.Executors$RunnableAdapter.call (Executors.java:539)\n    at java.util.concurrent.FutureTask.run (FutureTask.java:264)\n    at java.util.concurrent.ThreadPoolExecutor.runWorker (ThreadPoolExecutor.java:1136)\n    at java.util.concurrent.ThreadPoolExecutor$Worker.run (ThreadPoolExecutor.java:635)\n    at java.lang.Thread.run (Thread.java:840)","time":{"start":1725236708441,"stop":1725237008484,"duration":300043}},{"uid":"c025a747e212aedf","reportUrl":"https://robbrad.github.io/UKBinCollectionData/3.12/2053//#testresult/c025a747e212aedf","status":"failed","statusDetails":"selenium.common.exceptions.SessionNotCreatedException: Message: Could not start a new session. New session request timed out \nHost info: host: 'selenium', ip: '172.18.0.2'\nBuild info: version: '4.24.0', revision: '748ffc9bc3'\nSystem info: os.name: 'Linux', os.arch: 'amd64', os.version: '6.5.0-1025-azure', java.version: '17.0.12'\nDriver info: driver.version: unknown\nStacktrace:\n    at org.openqa.selenium.grid.sessionqueue.local.LocalNewSessionQueue.addToQueue (LocalNewSessionQueue.java:221)\n    at org.openqa.selenium.grid.sessionqueue.NewSessionQueue.lambda$new$0 (NewSessionQueue.java:68)\n    at org.openqa.selenium.remote.http.Route$TemplatizedRoute.handle (Route.java:192)\n    at org.openqa.selenium.remote.http.Route.execute (Route.java:69)\n    at org.openqa.selenium.remote.http.Route$CombinedRoute.handle (Route.java:360)\n    at org.openqa.selenium.remote.http.Route.execute (Route.java:69)\n    at org.openqa.selenium.grid.sessionqueue.NewSessionQueue.execute (NewSessionQueue.java:128)\n    at org.openqa.selenium.remote.tracing.SpanWrappedHttpHandler.execute (SpanWrappedHttpHandler.java:87)\n    at org.openqa.selenium.remote.http.Filter$1.execute (Filter.java:63)\n    at org.openqa.selenium.remote.http.Route$CombinedRoute.handle (Route.java:360)\n    at org.openqa.selenium.remote.http.Route.execute (Route.java:69)\n    at org.openqa.selenium.grid.router.Router.execute (Router.java:87)\n    at org.openqa.selenium.grid.web.EnsureSpecCompliantResponseHeaders.lambda$apply$0 (EnsureSpecCompliantResponseHeaders.java:34)\n    at org.openqa.selenium.remote.http.Filter$1.execute (Filter.java:63)\n    at org.openqa.selenium.remote.http.Route$CombinedRoute.handle (Route.java:360)\n    at org.openqa.selenium.remote.http.Route.execute (Route.java:69)\n    at org.openqa.selenium.remote.AddWebDriverSpecHeaders.lambda$apply$0 (AddWebDriverSpecHeaders.java:35)\n    at org.openqa.selenium.remote.ErrorFilter.lambda$apply$0 (ErrorFilter.java:44)\n    at org.openqa.selenium.remote.http.Filter$1.execute (Filter.java:63)\n    at org.openqa.selenium.remote.ErrorFilter.lambda$apply$0 (ErrorFilter.java:44)\n    at org.openqa.selenium.remote.http.Filter$1.execute (Filter.java:63)\n    at org.openqa.selenium.netty.server.SeleniumHandler.lambda$channelRead0$0 (SeleniumHandler.java:44)\n    at java.util.concurrent.Executors$RunnableAdapter.call (Executors.java:539)\n    at java.util.concurrent.FutureTask.run (FutureTask.java:264)\n    at java.util.concurrent.ThreadPoolExecutor.runWorker (ThreadPoolExecutor.java:1136)\n    at java.util.concurrent.ThreadPoolExecutor$Worker.run (ThreadPoolExecutor.java:635)\n    at java.lang.Thread.run (Thread.java:840)","time":{"start":1725150366466,"stop":1725150666512,"duration":300046}},{"uid":"d44f8de6df37a329","reportUrl":"https://robbrad.github.io/UKBinCollectionData/3.12/2052//#testresult/d44f8de6df37a329","status":"passed","time":{"start":1725064374861,"stop":1725064421625,"duration":46764}},{"uid":"b366304a6dd0824b","reportUrl":"https://robbrad.github.io/UKBinCollectionData/3.12/2051//#testresult/b366304a6dd0824b","status":"failed","statusDetails":"selenium.common.exceptions.SessionNotCreatedException: Message: Could not start a new session. New session request timed out \nHost info: host: 'selenium', ip: '172.18.0.2'\nBuild info: version: '4.24.0', revision: '748ffc9bc3'\nSystem info: os.name: 'Linux', os.arch: 'amd64', os.version: '6.5.0-1025-azure', java.version: '17.0.12'\nDriver info: driver.version: unknown\nStacktrace:\n    at org.openqa.selenium.grid.sessionqueue.local.LocalNewSessionQueue.addToQueue (LocalNewSessionQueue.java:221)\n    at org.openqa.selenium.grid.sessionqueue.NewSessionQueue.lambda$new$0 (NewSessionQueue.java:68)\n    at org.openqa.selenium.remote.http.Route$TemplatizedRoute.handle (Route.java:192)\n    at org.openqa.selenium.remote.http.Route.execute (Route.java:69)\n    at org.openqa.selenium.remote.http.Route$CombinedRoute.handle (Route.java:360)\n    at org.openqa.selenium.remote.http.Route.execute (Route.java:69)\n    at org.openqa.selenium.grid.sessionqueue.NewSessionQueue.execute (NewSessionQueue.java:128)\n    at org.openqa.selenium.remote.tracing.SpanWrappedHttpHandler.execute (SpanWrappedHttpHandler.java:87)\n    at org.openqa.selenium.remote.http.Filter$1.execute (Filter.java:63)\n    at org.openqa.selenium.remote.http.Route$CombinedRoute.handle (Route.java:360)\n    at org.openqa.selenium.remote.http.Route.execute (Route.java:69)\n    at org.openqa.selenium.grid.router.Router.execute (Router.java:87)\n    at org.openqa.selenium.grid.web.EnsureSpecCompliantResponseHeaders.lambda$apply$0 (EnsureSpecCompliantResponseHeaders.java:34)\n    at org.openqa.selenium.remote.http.Filter$1.execute (Filter.java:63)\n    at org.openqa.selenium.remote.http.Route$CombinedRoute.handle (Route.java:360)\n    at org.openqa.selenium.remote.http.Route.execute (Route.java:69)\n    at org.openqa.selenium.remote.AddWebDriverSpecHeaders.lambda$apply$0 (AddWebDriverSpecHeaders.java:35)\n    at org.openqa.selenium.remote.ErrorFilter.lambda$apply$0 (ErrorFilter.java:44)\n    at org.openqa.selenium.remote.http.Filter$1.execute (Filter.java:63)\n    at org.openqa.selenium.remote.ErrorFilter.lambda$apply$0 (ErrorFilter.java:44)\n    at org.openqa.selenium.remote.http.Filter$1.execute (Filter.java:63)\n    at org.openqa.selenium.netty.server.SeleniumHandler.lambda$channelRead0$0 (SeleniumHandler.java:44)\n    at java.util.concurrent.Executors$RunnableAdapter.call (Executors.java:539)\n    at java.util.concurrent.FutureTask.run (FutureTask.java:264)\n    at java.util.concurrent.ThreadPoolExecutor.runWorker (ThreadPoolExecutor.java:1136)\n    at java.util.concurrent.ThreadPoolExecutor$Worker.run (ThreadPoolExecutor.java:635)\n    at java.lang.Thread.run (Thread.java:840)","time":{"start":1724977483038,"stop":1724977783070,"duration":300032}},{"uid":"c063245a9b6e9e4d","reportUrl":"https://robbrad.github.io/UKBinCollectionData/3.12/2049//#testresult/c063245a9b6e9e4d","status":"failed","statusDetails":"selenium.common.exceptions.ElementClickInterceptedException: Message: element click intercepted: Element is not clickable at point (141, 654)\n  (Session info: chrome-headless-shell=127.0.6533.119)\nStacktrace:\n#0 0x563d640366ca <unknown>\n#1 0x563d63d07600 <unknown>\n#2 0x563d63d5d8e6 <unknown>\n#3 0x563d63d5b7f6 <unknown>\n#4 0x563d63d59277 <unknown>\n#5 0x563d63d5811c <unknown>\n#6 0x563d63d4bbe6 <unknown>\n#7 0x563d63d798a2 <unknown>\n#8 0x563d63d4b599 <unknown>\n#9 0x563d63d79a6e <unknown>\n#10 0x563d63d9804a <unknown>\n#11 0x563d63d79643 <unknown>\n#12 0x563d63d49d31 <unknown>\n#13 0x563d63d4a79e <unknown>\n#14 0x563d63ffe25b <unknown>\n#15 0x563d640021f2 <unknown>\n#16 0x563d63feb615 <unknown>\n#17 0x563d64002d82 <unknown>\n#18 0x563d63fd025f <unknown>\n#19 0x563d64025e68 <unknown>\n#20 0x563d64026040 <unknown>\n#21 0x563d6403549c <unknown>\n#22 0x7f0512e9da94 <unknown>\n#23 0x7f0512f2aa34 __clone","time":{"start":1724891094297,"stop":1724891111271,"duration":16974}},{"uid":"9b6defc698041083","reportUrl":"https://robbrad.github.io/UKBinCollectionData/3.12/2048//#testresult/9b6defc698041083","status":"passed","time":{"start":1724804477589,"stop":1724804623911,"duration":146322}},{"uid":"1df88b4cb583c800","reportUrl":"https://robbrad.github.io/UKBinCollectionData/3.12/2043//#testresult/1df88b4cb583c800","status":"failed","statusDetails":"selenium.common.exceptions.ElementClickInterceptedException: Message: element click intercepted: Element is not clickable at point (141, 601)\n  (Session info: chrome-headless-shell=127.0.6533.119)\nStacktrace:\n#0 0x557f338316ca <unknown>\n#1 0x557f33502600 <unknown>\n#2 0x557f335588e6 <unknown>\n#3 0x557f335567f6 <unknown>\n#4 0x557f33554277 <unknown>\n#5 0x557f3355311c <unknown>\n#6 0x557f33546be6 <unknown>\n#7 0x557f335748a2 <unknown>\n#8 0x557f33546599 <unknown>\n#9 0x557f33574a6e <unknown>\n#10 0x557f3359304a <unknown>\n#11 0x557f33574643 <unknown>\n#12 0x557f33544d31 <unknown>\n#13 0x557f3354579e <unknown>\n#14 0x557f337f925b <unknown>\n#15 0x557f337fd1f2 <unknown>\n#16 0x557f337e6615 <unknown>\n#17 0x557f337fdd82 <unknown>\n#18 0x557f337cb25f <unknown>\n#19 0x557f33820e68 <unknown>\n#20 0x557f33821040 <unknown>\n#21 0x557f3383049c <unknown>\n#22 0x7f57d0264a94 <unknown>\n#23 0x7f57d02f1a34 __clone","time":{"start":1724718107918,"stop":1724718251597,"duration":143679}},{"uid":"701e69123cb0026c","reportUrl":"https://robbrad.github.io/UKBinCollectionData/3.12/2039//#testresult/701e69123cb0026c","status":"failed","statusDetails":"selenium.common.exceptions.ElementClickInterceptedException: Message: element click intercepted: Element is not clickable at point (141, 654)\n  (Session info: chrome-headless-shell=127.0.6533.119)\nStacktrace:\n#0 0x5648eb3706ca <unknown>\n#1 0x5648eb041600 <unknown>\n#2 0x5648eb0978e6 <unknown>\n#3 0x5648eb0957f6 <unknown>\n#4 0x5648eb093277 <unknown>\n#5 0x5648eb09211c <unknown>\n#6 0x5648eb085be6 <unknown>\n#7 0x5648eb0b38a2 <unknown>\n#8 0x5648eb085599 <unknown>\n#9 0x5648eb0b3a6e <unknown>\n#10 0x5648eb0d204a <unknown>\n#11 0x5648eb0b3643 <unknown>\n#12 0x5648eb083d31 <unknown>\n#13 0x5648eb08479e <unknown>\n#14 0x5648eb33825b <unknown>\n#15 0x5648eb33c1f2 <unknown>\n#16 0x5648eb325615 <unknown>\n#17 0x5648eb33cd82 <unknown>\n#18 0x5648eb30a25f <unknown>\n#19 0x5648eb35fe68 <unknown>\n#20 0x5648eb360040 <unknown>\n#21 0x5648eb36f49c <unknown>\n#22 0x7f1c6e104a94 <unknown>\n#23 0x7f1c6e191a34 __clone","time":{"start":1724631855333,"stop":1724631875053,"duration":19720}},{"uid":"7c114805d055c828","reportUrl":"https://robbrad.github.io/UKBinCollectionData/3.12/2038//#testresult/7c114805d055c828","status":"passed","time":{"start":1724545470113,"stop":1724545510732,"duration":40619}},{"uid":"4d797e592123a2e0","reportUrl":"https://robbrad.github.io/UKBinCollectionData/3.12/2037//#testresult/4d797e592123a2e0","status":"passed","time":{"start":1724458865596,"stop":1724459012789,"duration":147193}},{"uid":"eda156d18f84ad92","reportUrl":"https://robbrad.github.io/UKBinCollectionData/3.12/2036//#testresult/eda156d18f84ad92","status":"failed","statusDetails":"selenium.common.exceptions.ElementClickInterceptedException: Message: element click intercepted: Element is not clickable at point (141, 612)\n  (Session info: chrome-headless-shell=127.0.6533.119)\nStacktrace:\n#0 0x561fbe4276ca <unknown>\n#1 0x561fbe0f8600 <unknown>\n#2 0x561fbe14e8e6 <unknown>\n#3 0x561fbe14c7f6 <unknown>\n#4 0x561fbe14a277 <unknown>\n#5 0x561fbe14911c <unknown>\n#6 0x561fbe13cbe6 <unknown>\n#7 0x561fbe16a8a2 <unknown>\n#8 0x561fbe13c599 <unknown>\n#9 0x561fbe16aa6e <unknown>\n#10 0x561fbe18904a <unknown>\n#11 0x561fbe16a643 <unknown>\n#12 0x561fbe13ad31 <unknown>\n#13 0x561fbe13b79e <unknown>\n#14 0x561fbe3ef25b <unknown>\n#15 0x561fbe3f31f2 <unknown>\n#16 0x561fbe3dc615 <unknown>\n#17 0x561fbe3f3d82 <unknown>\n#18 0x561fbe3c125f <unknown>\n#19 0x561fbe416e68 <unknown>\n#20 0x561fbe417040 <unknown>\n#21 0x561fbe42649c <unknown>\n#22 0x7f880ee6ca94 <unknown>\n#23 0x7f880eef9a34 __clone","time":{"start":1724372503406,"stop":1724372513698,"duration":10292}},{"uid":"fdc870113ba767b2","reportUrl":"https://robbrad.github.io/UKBinCollectionData/3.12/2034//#testresult/fdc870113ba767b2","status":"failed","statusDetails":"selenium.common.exceptions.ElementClickInterceptedException: Message: element click intercepted: Element is not clickable at point (141, 639)\n  (Session info: chrome-headless-shell=127.0.6533.119)\nStacktrace:\n#0 0x55b3758bd6ca <unknown>\n#1 0x55b37558e600 <unknown>\n#2 0x55b3755e48e6 <unknown>\n#3 0x55b3755e27f6 <unknown>\n#4 0x55b3755e0277 <unknown>\n#5 0x55b3755df11c <unknown>\n#6 0x55b3755d2be6 <unknown>\n#7 0x55b3756008a2 <unknown>\n#8 0x55b3755d2599 <unknown>\n#9 0x55b375600a6e <unknown>\n#10 0x55b37561f04a <unknown>\n#11 0x55b375600643 <unknown>\n#12 0x55b3755d0d31 <unknown>\n#13 0x55b3755d179e <unknown>\n#14 0x55b37588525b <unknown>\n#15 0x55b3758891f2 <unknown>\n#16 0x55b375872615 <unknown>\n#17 0x55b375889d82 <unknown>\n#18 0x55b37585725f <unknown>\n#19 0x55b3758ace68 <unknown>\n#20 0x55b3758ad040 <unknown>\n#21 0x55b3758bc49c <unknown>\n#22 0x7f26275baa94 <unknown>\n#23 0x7f2627647a34 __clone","time":{"start":1724286061132,"stop":1724286210848,"duration":149716}},{"uid":"d3a0fdc17fad9151","reportUrl":"https://robbrad.github.io/UKBinCollectionData/3.12/2033//#testresult/d3a0fdc17fad9151","status":"passed","time":{"start":1724199656683,"stop":1724199806171,"duration":149488}},{"uid":"3f285a0951d0fc2c","reportUrl":"https://robbrad.github.io/UKBinCollectionData/3.12/2032//#testresult/3f285a0951d0fc2c","status":"passed","time":{"start":1724113259569,"stop":1724113279308,"duration":19739}},{"uid":"3714696df589a7e7","reportUrl":"https://robbrad.github.io/UKBinCollectionData/3.12/2031//#testresult/3714696df589a7e7","status":"passed","time":{"start":1724026844422,"stop":1724026994014,"duration":149592}},{"uid":"28fc4d8e6ae00a1f","reportUrl":"https://robbrad.github.io/UKBinCollectionData/3.12/2030//#testresult/28fc4d8e6ae00a1f","status":"passed","time":{"start":1723940498861,"stop":1723940649653,"duration":150792}},{"uid":"4b3012ec04ca3ace","reportUrl":"https://robbrad.github.io/UKBinCollectionData/3.12/2029//#testresult/4b3012ec04ca3ace","status":"passed","time":{"start":1723853886909,"stop":1723853899817,"duration":12908}},{"uid":"da6a0961a4ace7d5","reportUrl":"https://robbrad.github.io/UKBinCollectionData/3.12/2028//#testresult/da6a0961a4ace7d5","status":"passed","time":{"start":1723767661455,"stop":1723767804503,"duration":143048}},{"uid":"d5a987b7ef4b844","reportUrl":"https://robbrad.github.io/UKBinCollectionData/3.12/2027//#testresult/d5a987b7ef4b844","status":"passed","time":{"start":1723680950106,"stop":1723680969161,"duration":19055}}]},"tags":[]},"source":"6ff8132afa74b985.json","parameterValues":["RenfrewshireCouncil"]}