{"uid":"958e4b15379ef35a","name":"Validate Council Output [UttlesfordDistrictCouncil]","fullName":"features/validate_council_outputs.feature:Validate Council Output","historyId":"85e4c6b99adcc222d67fb70016996414","time":{"start":1725309132784,"stop":1725309143875,"duration":11091},"status":"failed","statusMessage":"ValueError: time data 'Thursday 3rd October' does not match format '%A %dth %B'","statusTrace":"fixturefunc = <function scrape_step at 0x7f65e7a1b380>\nrequest = <FixtureRequest for <Function test_scenario_outline[UttlesfordDistrictCouncil]>>\nkwargs = {'context': <test_validate_council.Context object at 0x7f65e8b55a00>, 'headless_mode': 'True', 'local_browser': 'False', 'selenium_url': 'http://localhost:4444'}\n\n    def call_fixture_func(\n        fixturefunc: _FixtureFunc[FixtureValue], request: FixtureRequest, kwargs\n    ) -> FixtureValue:\n        if is_generator(fixturefunc):\n            fixturefunc = cast(\n                Callable[..., Generator[FixtureValue, None, None]], fixturefunc\n            )\n            generator = fixturefunc(**kwargs)\n            try:\n                fixture_result = next(generator)\n            except StopIteration:\n                raise ValueError(f\"{request.fixturename} did not yield a value\") from None\n            finalizer = functools.partial(_teardown_yield_fixture, fixturefunc, generator)\n            request.addfinalizer(finalizer)\n        else:\n            fixturefunc = cast(Callable[..., FixtureValue], fixturefunc)\n>           fixture_result = fixturefunc(**kwargs)\n\n../../../.cache/pypoetry/virtualenvs/uk-bin-collection-EwS6Gn8s-py3.12/lib/python3.12/site-packages/_pytest/fixtures.py:897: \n_ _ _ _ _ _ _ _ _ _ _ _ _ _ _ _ _ _ _ _ _ _ _ _ _ _ _ _ _ _ _ _ _ _ _ _ _ _ _ _ \nuk_bin_collection/tests/step_defs/test_validate_council.py:100: in scrape_step\n    context.parse_result = CollectData.run()\nuk_bin_collection/uk_bin_collection/collect_data.py:101: in run\n    return self.client_code(\nuk_bin_collection/uk_bin_collection/collect_data.py:121: in client_code\n    return get_bin_data_class.template_method(address_url, **kwargs)\nuk_bin_collection/uk_bin_collection/get_bin_data.py:61: in template_method\n    bin_data_dict = self.get_and_parse_data(this_url, **kwargs)\nuk_bin_collection/uk_bin_collection/get_bin_data.py:84: in get_and_parse_data\n    bin_data_dict = self.parse_data(\"\", url=address_url, **kwargs)\nuk_bin_collection/uk_bin_collection/councils/UttlesfordDistrictCouncil.py:94: in parse_data\n    collection_date = datetime.strptime(\n/opt/hostedtoolcache/Python/3.12.5/x64/lib/python3.12/_strptime.py:554: in _strptime_datetime\n    tt, fraction, gmtoff_fraction = _strptime(data_string, format)\n_ _ _ _ _ _ _ _ _ _ _ _ _ _ _ _ _ _ _ _ _ _ _ _ _ _ _ _ _ _ _ _ _ _ _ _ _ _ _ _ \n\ndata_string = 'Thursday 3rd October', format = '%A %dth %B'\n\n    def _strptime(data_string, format=\"%a %b %d %H:%M:%S %Y\"):\n        \"\"\"Return a 2-tuple consisting of a time struct and an int containing\n        the number of microseconds based on the input string and the\n        format string.\"\"\"\n    \n        for index, arg in enumerate([data_string, format]):\n            if not isinstance(arg, str):\n                msg = \"strptime() argument {} must be str, not {}\"\n                raise TypeError(msg.format(index, type(arg)))\n    \n        global _TimeRE_cache, _regex_cache\n        with _cache_lock:\n            locale_time = _TimeRE_cache.locale_time\n            if (_getlang() != locale_time.lang or\n                time.tzname != locale_time.tzname or\n                time.daylight != locale_time.daylight):\n                _TimeRE_cache = TimeRE()\n                _regex_cache.clear()\n                locale_time = _TimeRE_cache.locale_time\n            if len(_regex_cache) > _CACHE_MAX_SIZE:\n                _regex_cache.clear()\n            format_regex = _regex_cache.get(format)\n            if not format_regex:\n                try:\n                    format_regex = _TimeRE_cache.compile(format)\n                # KeyError raised when a bad format is found; can be specified as\n                # \\\\, in which case it was a stray % but with a space after it\n                except KeyError as err:\n                    bad_directive = err.args[0]\n                    if bad_directive == \"\\\\\":\n                        bad_directive = \"%\"\n                    del err\n                    raise ValueError(\"'%s' is a bad directive in format '%s'\" %\n                                        (bad_directive, format)) from None\n                # IndexError only occurs when the format string is \"%\"\n                except IndexError:\n                    raise ValueError(\"stray %% in format '%s'\" % format) from None\n                _regex_cache[format] = format_regex\n        found = format_regex.match(data_string)\n        if not found:\n>           raise ValueError(\"time data %r does not match format %r\" %\n                             (data_string, format))\nE           ValueError: time data 'Thursday 3rd October' does not match format '%A %dth %B'\n\n/opt/hostedtoolcache/Python/3.12.5/x64/lib/python3.12/_strptime.py:333: ValueError","flaky":false,"newFailed":false,"newBroken":false,"newPassed":false,"retriesCount":0,"retriesStatusChange":false,"beforeStages":[],"testStage":{"status":"failed","statusMessage":"ValueError: time data 'Thursday 3rd October' does not match format '%A %dth %B'","statusTrace":"fixturefunc = <function scrape_step at 0x7f65e7a1b380>\nrequest = <FixtureRequest for <Function test_scenario_outline[UttlesfordDistrictCouncil]>>\nkwargs = {'context': <test_validate_council.Context object at 0x7f65e8b55a00>, 'headless_mode': 'True', 'local_browser': 'False', 'selenium_url': 'http://localhost:4444'}\n\n    def call_fixture_func(\n        fixturefunc: _FixtureFunc[FixtureValue], request: FixtureRequest, kwargs\n    ) -> FixtureValue:\n        if is_generator(fixturefunc):\n            fixturefunc = cast(\n                Callable[..., Generator[FixtureValue, None, None]], fixturefunc\n            )\n            generator = fixturefunc(**kwargs)\n            try:\n                fixture_result = next(generator)\n            except StopIteration:\n                raise ValueError(f\"{request.fixturename} did not yield a value\") from None\n            finalizer = functools.partial(_teardown_yield_fixture, fixturefunc, generator)\n            request.addfinalizer(finalizer)\n        else:\n            fixturefunc = cast(Callable[..., FixtureValue], fixturefunc)\n>           fixture_result = fixturefunc(**kwargs)\n\n../../../.cache/pypoetry/virtualenvs/uk-bin-collection-EwS6Gn8s-py3.12/lib/python3.12/site-packages/_pytest/fixtures.py:897: \n_ _ _ _ _ _ _ _ _ _ _ _ _ _ _ _ _ _ _ _ _ _ _ _ _ _ _ _ _ _ _ _ _ _ _ _ _ _ _ _ \nuk_bin_collection/tests/step_defs/test_validate_council.py:100: in scrape_step\n    context.parse_result = CollectData.run()\nuk_bin_collection/uk_bin_collection/collect_data.py:101: in run\n    return self.client_code(\nuk_bin_collection/uk_bin_collection/collect_data.py:121: in client_code\n    return get_bin_data_class.template_method(address_url, **kwargs)\nuk_bin_collection/uk_bin_collection/get_bin_data.py:61: in template_method\n    bin_data_dict = self.get_and_parse_data(this_url, **kwargs)\nuk_bin_collection/uk_bin_collection/get_bin_data.py:84: in get_and_parse_data\n    bin_data_dict = self.parse_data(\"\", url=address_url, **kwargs)\nuk_bin_collection/uk_bin_collection/councils/UttlesfordDistrictCouncil.py:94: in parse_data\n    collection_date = datetime.strptime(\n/opt/hostedtoolcache/Python/3.12.5/x64/lib/python3.12/_strptime.py:554: in _strptime_datetime\n    tt, fraction, gmtoff_fraction = _strptime(data_string, format)\n_ _ _ _ _ _ _ _ _ _ _ _ _ _ _ _ _ _ _ _ _ _ _ _ _ _ _ _ _ _ _ _ _ _ _ _ _ _ _ _ \n\ndata_string = 'Thursday 3rd October', format = '%A %dth %B'\n\n    def _strptime(data_string, format=\"%a %b %d %H:%M:%S %Y\"):\n        \"\"\"Return a 2-tuple consisting of a time struct and an int containing\n        the number of microseconds based on the input string and the\n        format string.\"\"\"\n    \n        for index, arg in enumerate([data_string, format]):\n            if not isinstance(arg, str):\n                msg = \"strptime() argument {} must be str, not {}\"\n                raise TypeError(msg.format(index, type(arg)))\n    \n        global _TimeRE_cache, _regex_cache\n        with _cache_lock:\n            locale_time = _TimeRE_cache.locale_time\n            if (_getlang() != locale_time.lang or\n                time.tzname != locale_time.tzname or\n                time.daylight != locale_time.daylight):\n                _TimeRE_cache = TimeRE()\n                _regex_cache.clear()\n                locale_time = _TimeRE_cache.locale_time\n            if len(_regex_cache) > _CACHE_MAX_SIZE:\n                _regex_cache.clear()\n            format_regex = _regex_cache.get(format)\n            if not format_regex:\n                try:\n                    format_regex = _TimeRE_cache.compile(format)\n                # KeyError raised when a bad format is found; can be specified as\n                # \\\\, in which case it was a stray % but with a space after it\n                except KeyError as err:\n                    bad_directive = err.args[0]\n                    if bad_directive == \"\\\\\":\n                        bad_directive = \"%\"\n                    del err\n                    raise ValueError(\"'%s' is a bad directive in format '%s'\" %\n                                        (bad_directive, format)) from None\n                # IndexError only occurs when the format string is \"%\"\n                except IndexError:\n                    raise ValueError(\"stray %% in format '%s'\" % format) from None\n                _regex_cache[format] = format_regex\n        found = format_regex.match(data_string)\n        if not found:\n>           raise ValueError(\"time data %r does not match format %r\" %\n                             (data_string, format))\nE           ValueError: time data 'Thursday 3rd October' does not match format '%A %dth %B'\n\n/opt/hostedtoolcache/Python/3.12.5/x64/lib/python3.12/_strptime.py:333: ValueError","steps":[{"name":"Given the council","time":{"start":1725309132784,"stop":1725309132785,"duration":1},"status":"passed","steps":[],"attachments":[],"parameters":[],"shouldDisplayMessage":false,"stepsCount":0,"attachmentsCount":0,"hasContent":false,"attachmentStep":false},{"name":"When we scrape the data from the council","time":{"start":1725309132785,"stop":1725309143875,"duration":11090},"status":"failed","statusMessage":"time data 'Thursday 3rd October' does not match format '%A %dth %B'","statusTrace":"ValueError: time data 'Thursday 3rd October' does not match format '%A %dth %B'\n","steps":[],"attachments":[],"parameters":[],"shouldDisplayMessage":true,"stepsCount":0,"attachmentsCount":0,"hasContent":true,"attachmentStep":false}],"attachments":[{"uid":"53cb15f2219c11f2","name":"log","source":"53cb15f2219c11f2.txt","type":"text/plain","size":133},{"uid":"f12a92028cbb3273","name":"stdout","source":"f12a92028cbb3273.txt","type":"text/plain","size":52}],"parameters":[],"shouldDisplayMessage":true,"stepsCount":2,"attachmentsCount":2,"hasContent":true,"attachmentStep":false},"afterStages":[],"labels":[{"name":"host","value":"fv-az698-412"},{"name":"thread","value":"2670-MainThread"},{"name":"framework","value":"pytest-bdd"},{"name":"language","value":"cpython3"},{"name":"feature","value":"Test each council output matches expected results"},{"name":"resultFormat","value":"allure2"}],"parameters":[{"name":"council","value":"UttlesfordDistrictCouncil"}],"links":[],"hidden":false,"retry":false,"extra":{"severity":"normal","retries":[],"categories":[{"name":"Product defects","matchedStatuses":[],"flaky":false}],"history":{"statistic":{"failed":75,"broken":0,"skipped":0,"passed":19,"unknown":0,"total":94},"items":[{"uid":"58b8e725de2bc4b8","reportUrl":"https://robbrad.github.io/UKBinCollectionData/3.12/2059//#testresult/58b8e725de2bc4b8","status":"failed","statusDetails":"ValueError: time data 'Thursday 3rd October' does not match format '%A %dth %B'","time":{"start":1725308667559,"stop":1725308674187,"duration":6628}},{"uid":"5b4251261b51243e","reportUrl":"https://robbrad.github.io/UKBinCollectionData/3.12/2054//#testresult/5b4251261b51243e","status":"failed","statusDetails":"ValueError: time data 'Thursday 3rd October' does not match format '%A %dth %B'","time":{"start":1725237022715,"stop":1725237058961,"duration":36246}},{"uid":"3a542ae62ce65fd6","reportUrl":"https://robbrad.github.io/UKBinCollectionData/3.12/2053//#testresult/3a542ae62ce65fd6","status":"failed","statusDetails":"ValueError: time data 'Thursday 3rd October' does not match format '%A %dth %B'","time":{"start":1725150681783,"stop":1725150709624,"duration":27841}},{"uid":"113740b5133228fe","reportUrl":"https://robbrad.github.io/UKBinCollectionData/3.12/2052//#testresult/113740b5133228fe","status":"failed","statusDetails":"ValueError: time data 'Thursday 3rd October' does not match format '%A %dth %B'","time":{"start":1725064037158,"stop":1725064050111,"duration":12953}},{"uid":"6d81e9ed5f46e363","reportUrl":"https://robbrad.github.io/UKBinCollectionData/3.12/2051//#testresult/6d81e9ed5f46e363","status":"failed","statusDetails":"selenium.common.exceptions.SessionNotCreatedException: Message: Could not start a new session. New session request timed out \nHost info: host: 'selenium', ip: '172.18.0.2'\nBuild info: version: '4.24.0', revision: '748ffc9bc3'\nSystem info: os.name: 'Linux', os.arch: 'amd64', os.version: '6.5.0-1025-azure', java.version: '17.0.12'\nDriver info: driver.version: unknown\nStacktrace:\n    at org.openqa.selenium.grid.sessionqueue.local.LocalNewSessionQueue.addToQueue (LocalNewSessionQueue.java:221)\n    at org.openqa.selenium.grid.sessionqueue.NewSessionQueue.lambda$new$0 (NewSessionQueue.java:68)\n    at org.openqa.selenium.remote.http.Route$TemplatizedRoute.handle (Route.java:192)\n    at org.openqa.selenium.remote.http.Route.execute (Route.java:69)\n    at org.openqa.selenium.remote.http.Route$CombinedRoute.handle (Route.java:360)\n    at org.openqa.selenium.remote.http.Route.execute (Route.java:69)\n    at org.openqa.selenium.grid.sessionqueue.NewSessionQueue.execute (NewSessionQueue.java:128)\n    at org.openqa.selenium.remote.tracing.SpanWrappedHttpHandler.execute (SpanWrappedHttpHandler.java:87)\n    at org.openqa.selenium.remote.http.Filter$1.execute (Filter.java:63)\n    at org.openqa.selenium.remote.http.Route$CombinedRoute.handle (Route.java:360)\n    at org.openqa.selenium.remote.http.Route.execute (Route.java:69)\n    at org.openqa.selenium.grid.router.Router.execute (Router.java:87)\n    at org.openqa.selenium.grid.web.EnsureSpecCompliantResponseHeaders.lambda$apply$0 (EnsureSpecCompliantResponseHeaders.java:34)\n    at org.openqa.selenium.remote.http.Filter$1.execute (Filter.java:63)\n    at org.openqa.selenium.remote.http.Route$CombinedRoute.handle (Route.java:360)\n    at org.openqa.selenium.remote.http.Route.execute (Route.java:69)\n    at org.openqa.selenium.remote.AddWebDriverSpecHeaders.lambda$apply$0 (AddWebDriverSpecHeaders.java:35)\n    at org.openqa.selenium.remote.ErrorFilter.lambda$apply$0 (ErrorFilter.java:44)\n    at org.openqa.selenium.remote.http.Filter$1.execute (Filter.java:63)\n    at org.openqa.selenium.remote.ErrorFilter.lambda$apply$0 (ErrorFilter.java:44)\n    at org.openqa.selenium.remote.http.Filter$1.execute (Filter.java:63)\n    at org.openqa.selenium.netty.server.SeleniumHandler.lambda$channelRead0$0 (SeleniumHandler.java:44)\n    at java.util.concurrent.Executors$RunnableAdapter.call (Executors.java:539)\n    at java.util.concurrent.FutureTask.run (FutureTask.java:264)\n    at java.util.concurrent.ThreadPoolExecutor.runWorker (ThreadPoolExecutor.java:1136)\n    at java.util.concurrent.ThreadPoolExecutor$Worker.run (ThreadPoolExecutor.java:635)\n    at java.lang.Thread.run (Thread.java:840)","time":{"start":1724977495179,"stop":1724977795236,"duration":300057}},{"uid":"89e287805af02bda","reportUrl":"https://robbrad.github.io/UKBinCollectionData/3.12/2049//#testresult/89e287805af02bda","status":"failed","statusDetails":"ValueError: time data 'Thursday 3rd October' does not match format '%A %dth %B'","time":{"start":1724891093012,"stop":1724891106869,"duration":13857}},{"uid":"6c11730736b8490d","reportUrl":"https://robbrad.github.io/UKBinCollectionData/3.12/2048//#testresult/6c11730736b8490d","status":"failed","statusDetails":"ValueError: time data 'Thursday 3rd October' does not match format '%A %dth %B'","time":{"start":1724804652269,"stop":1724804677996,"duration":25727}},{"uid":"cc41337044f897b0","reportUrl":"https://robbrad.github.io/UKBinCollectionData/3.12/2043//#testresult/cc41337044f897b0","status":"failed","statusDetails":"ValueError: time data 'Thursday 3rd October' does not match format '%A %dth %B'","time":{"start":1724718254295,"stop":1724718263180,"duration":8885}},{"uid":"90fc5ae8330fbb9c","reportUrl":"https://robbrad.github.io/UKBinCollectionData/3.12/2039//#testresult/90fc5ae8330fbb9c","status":"failed","statusDetails":"ValueError: time data 'Thursday 3rd October' does not match format '%A %dth %B'","time":{"start":1724631880035,"stop":1724631886837,"duration":6802}},{"uid":"39c20be07a8ccd50","reportUrl":"https://robbrad.github.io/UKBinCollectionData/3.12/2038//#testresult/39c20be07a8ccd50","status":"failed","statusDetails":"ValueError: time data 'Thursday 3rd October' does not match format '%A %dth %B'","time":{"start":1724545279684,"stop":1724545414391,"duration":134707}},{"uid":"deadda0e3ec4a838","reportUrl":"https://robbrad.github.io/UKBinCollectionData/3.12/2037//#testresult/deadda0e3ec4a838","status":"failed","statusDetails":"ValueError: time data 'Thursday 3rd October' does not match format '%A %dth %B'","time":{"start":1724459098159,"stop":1724459107221,"duration":9062}},{"uid":"87eca4db964009f2","reportUrl":"https://robbrad.github.io/UKBinCollectionData/3.12/2036//#testresult/87eca4db964009f2","status":"failed","statusDetails":"ValueError: time data 'Thursday 3rd October' does not match format '%A %dth %B'","time":{"start":1724372662523,"stop":1724372673846,"duration":11323}},{"uid":"957dbee9dc54dad","reportUrl":"https://robbrad.github.io/UKBinCollectionData/3.12/2034//#testresult/957dbee9dc54dad","status":"failed","statusDetails":"ValueError: time data 'Thursday 22nd August' does not match format '%A %dth %B'","time":{"start":1724286217834,"stop":1724286223955,"duration":6121}},{"uid":"ee31ae98b70eb1ab","reportUrl":"https://robbrad.github.io/UKBinCollectionData/3.12/2033//#testresult/ee31ae98b70eb1ab","status":"failed","statusDetails":"ValueError: time data 'Thursday 22nd August' does not match format '%A %dth %B'","time":{"start":1724199811206,"stop":1724199824198,"duration":12992}},{"uid":"55729ee841e6bb51","reportUrl":"https://robbrad.github.io/UKBinCollectionData/3.12/2032//#testresult/55729ee841e6bb51","status":"failed","statusDetails":"selenium.common.exceptions.SessionNotCreatedException: Message: Could not start a new session. New session request timed out \nHost info: host: 'selenium', ip: '172.18.0.2'\nBuild info: version: '4.23.1', revision: '656257d8e9'\nSystem info: os.name: 'Linux', os.arch: 'amd64', os.version: '6.5.0-1025-azure', java.version: '17.0.12'\nDriver info: driver.version: unknown\nStacktrace:\n    at org.openqa.selenium.grid.sessionqueue.local.LocalNewSessionQueue.addToQueue (LocalNewSessionQueue.java:221)\n    at org.openqa.selenium.grid.sessionqueue.NewSessionQueue.lambda$new$0 (NewSessionQueue.java:68)\n    at org.openqa.selenium.remote.http.Route$TemplatizedRoute.handle (Route.java:192)\n    at org.openqa.selenium.remote.http.Route.execute (Route.java:69)\n    at org.openqa.selenium.remote.http.Route$CombinedRoute.handle (Route.java:360)\n    at org.openqa.selenium.remote.http.Route.execute (Route.java:69)\n    at org.openqa.selenium.grid.sessionqueue.NewSessionQueue.execute (NewSessionQueue.java:128)\n    at org.openqa.selenium.remote.tracing.SpanWrappedHttpHandler.execute (SpanWrappedHttpHandler.java:87)\n    at org.openqa.selenium.remote.http.Filter$1.execute (Filter.java:63)\n    at org.openqa.selenium.remote.http.Route$CombinedRoute.handle (Route.java:360)\n    at org.openqa.selenium.remote.http.Route.execute (Route.java:69)\n    at org.openqa.selenium.grid.router.Router.execute (Router.java:87)\n    at org.openqa.selenium.grid.web.EnsureSpecCompliantResponseHeaders.lambda$apply$0 (EnsureSpecCompliantResponseHeaders.java:34)\n    at org.openqa.selenium.remote.http.Filter$1.execute (Filter.java:63)\n    at org.openqa.selenium.remote.http.Route$CombinedRoute.handle (Route.java:360)\n    at org.openqa.selenium.remote.http.Route.execute (Route.java:69)\n    at org.openqa.selenium.remote.AddWebDriverSpecHeaders.lambda$apply$0 (AddWebDriverSpecHeaders.java:35)\n    at org.openqa.selenium.remote.ErrorFilter.lambda$apply$0 (ErrorFilter.java:44)\n    at org.openqa.selenium.remote.http.Filter$1.execute (Filter.java:63)\n    at org.openqa.selenium.remote.ErrorFilter.lambda$apply$0 (ErrorFilter.java:44)\n    at org.openqa.selenium.remote.http.Filter$1.execute (Filter.java:63)\n    at org.openqa.selenium.netty.server.SeleniumHandler.lambda$channelRead0$0 (SeleniumHandler.java:44)\n    at java.util.concurrent.Executors$RunnableAdapter.call (Executors.java:539)\n    at java.util.concurrent.FutureTask.run (FutureTask.java:264)\n    at java.util.concurrent.ThreadPoolExecutor.runWorker (ThreadPoolExecutor.java:1136)\n    at java.util.concurrent.ThreadPoolExecutor$Worker.run (ThreadPoolExecutor.java:635)\n    at java.lang.Thread.run (Thread.java:840)","time":{"start":1724113431860,"stop":1724113732068,"duration":300208}},{"uid":"1d71ba053a114f8c","reportUrl":"https://robbrad.github.io/UKBinCollectionData/3.12/2031//#testresult/1d71ba053a114f8c","status":"failed","statusDetails":"ValueError: time data 'Thursday 22nd August' does not match format '%A %dth %B'","time":{"start":1724027023286,"stop":1724027032838,"duration":9552}},{"uid":"f92ae003b1fd74b8","reportUrl":"https://robbrad.github.io/UKBinCollectionData/3.12/2030//#testresult/f92ae003b1fd74b8","status":"failed","statusDetails":"ValueError: time data 'Thursday 22nd August' does not match format '%A %dth %B'","time":{"start":1723940673001,"stop":1723940710306,"duration":37305}},{"uid":"5458b7447702d7ba","reportUrl":"https://robbrad.github.io/UKBinCollectionData/3.12/2029//#testresult/5458b7447702d7ba","status":"failed","statusDetails":"ValueError: time data 'Thursday 22nd August' does not match format '%A %dth %B'","time":{"start":1723854143264,"stop":1723854300438,"duration":157174}},{"uid":"25331d48c48b4a04","reportUrl":"https://robbrad.github.io/UKBinCollectionData/3.12/2028//#testresult/25331d48c48b4a04","status":"failed","statusDetails":"ValueError: time data 'Thursday 22nd August' does not match format '%A %dth %B'","time":{"start":1723767830621,"stop":1723767894285,"duration":63664}},{"uid":"8de202b980677bba","reportUrl":"https://robbrad.github.io/UKBinCollectionData/3.12/2027//#testresult/8de202b980677bba","status":"failed","statusDetails":"ValueError: time data 'Thursday 22nd August' does not match format '%A %dth %B'","time":{"start":1723680972185,"stop":1723680978510,"duration":6325}}]},"tags":[]},"source":"958e4b15379ef35a.json","parameterValues":["UttlesfordDistrictCouncil"]}