{"uid":"52c1985d68dd3eb7","name":"Validate Council Output [NeathPortTalbotCouncil]","fullName":"features/validate_council_outputs.feature:Validate Council Output","historyId":"6a7795e00df27bb2a2723cbd96dd78a1","time":{"start":1718238955857,"stop":1718239032357,"duration":76500},"status":"failed","statusMessage":"selenium.common.exceptions.NoSuchElementException: Message: no such element: Unable to locate element: {\"method\":\"css selector\",\"selector\":\"[id=\"ContentPlaceHolderDefault_ctl13_nptLLPG2_25_addresslookup_txtTmpPostcode\"]\"}\n  (Session info: chrome-headless-shell=125.0.6422.76); For documentation on this error, please visit: https://www.selenium.dev/documentation/webdriver/troubleshooting/errors#no-such-element-exception\nStacktrace:\n#0 0x5649ea224e9a <unknown>\n#1 0x5649e9f0e45c <unknown>\n#2 0x5649e9f5a5b5 <unknown>\n#3 0x5649e9f5a671 <unknown>\n#4 0x5649e9f9ef14 <unknown>\n#5 0x5649e9f7d4dd <unknown>\n#6 0x5649e9f9c2cc <unknown>\n#7 0x5649e9f7d253 <unknown>\n#8 0x5649e9f4d1c7 <unknown>\n#9 0x5649e9f4db3e <unknown>\n#10 0x5649ea1eb2db <unknown>\n#11 0x5649ea1ef387 <unknown>\n#12 0x5649ea1d7e0e <unknown>\n#13 0x5649ea1efe52 <unknown>\n#14 0x5649ea1bc7af <unknown>\n#15 0x5649ea214188 <unknown>\n#16 0x5649ea21435b <unknown>\n#17 0x5649ea223fcc <unknown>\n#18 0x7f7f12fabac3 <unknown>","statusTrace":"fixturefunc = <function scrape_step at 0x7fe521c1bc40>\nrequest = <FixtureRequest for <Function test_scenario_outline[NeathPortTalbotCouncil]>>\nkwargs = {'context': <test_validate_council.Context object at 0x7fe522520f10>, 'headless_mode': 'True', 'local_browser': 'False', 'selenium_url': 'http://localhost:4444'}\n\n    def call_fixture_func(\n        fixturefunc: \"_FixtureFunc[FixtureValue]\", request: FixtureRequest, kwargs\n    ) -> FixtureValue:\n        if is_generator(fixturefunc):\n            fixturefunc = cast(\n                Callable[..., Generator[FixtureValue, None, None]], fixturefunc\n            )\n            generator = fixturefunc(**kwargs)\n            try:\n                fixture_result = next(generator)\n            except StopIteration:\n                raise ValueError(f\"{request.fixturename} did not yield a value\") from None\n            finalizer = functools.partial(_teardown_yield_fixture, fixturefunc, generator)\n            request.addfinalizer(finalizer)\n        else:\n            fixturefunc = cast(Callable[..., FixtureValue], fixturefunc)\n>           fixture_result = fixturefunc(**kwargs)\n\n../../../.cache/pypoetry/virtualenvs/uk-bin-collection-EwS6Gn8s-py3.11/lib/python3.11/site-packages/_pytest/fixtures.py:887: \n_ _ _ _ _ _ _ _ _ _ _ _ _ _ _ _ _ _ _ _ _ _ _ _ _ _ _ _ _ _ _ _ _ _ _ _ _ _ _ _ \nuk_bin_collection/tests/step_defs/test_validate_council.py:100: in scrape_step\n    context.parse_result = CollectData.run()\nuk_bin_collection/uk_bin_collection/collect_data.py:102: in run\n    return self.client_code(\nuk_bin_collection/uk_bin_collection/collect_data.py:121: in client_code\n    return get_bin_data_class.template_method(address_url, **kwargs)\nuk_bin_collection/uk_bin_collection/get_bin_data.py:80: in template_method\n    bin_data_dict = self.parse_data(\nuk_bin_collection/uk_bin_collection/councils/NeathPortTalbotCouncil.py:43: in parse_data\n    inputElement_postcode = driver.find_element(\n../../../.cache/pypoetry/virtualenvs/uk-bin-collection-EwS6Gn8s-py3.11/lib/python3.11/site-packages/selenium/webdriver/remote/webdriver.py:741: in find_element\n    return self.execute(Command.FIND_ELEMENT, {\"using\": by, \"value\": value})[\"value\"]\n../../../.cache/pypoetry/virtualenvs/uk-bin-collection-EwS6Gn8s-py3.11/lib/python3.11/site-packages/selenium/webdriver/remote/webdriver.py:347: in execute\n    self.error_handler.check_response(response)\n_ _ _ _ _ _ _ _ _ _ _ _ _ _ _ _ _ _ _ _ _ _ _ _ _ _ _ _ _ _ _ _ _ _ _ _ _ _ _ _ \n\nself = <selenium.webdriver.remote.errorhandler.ErrorHandler object at 0x7fe521ad0790>\nresponse = {'status': 404, 'value': '{\"value\":{\"error\":\"no such element\",\"message\":\"no such element: Unable to locate element: {\\...\\\\n#16 0x5649ea21435b \\\\u003Cunknown>\\\\n#17 0x5649ea223fcc \\\\u003Cunknown>\\\\n#18 0x7f7f12fabac3 \\\\u003Cunknown>\\\\n\"}}'}\n\n    def check_response(self, response: Dict[str, Any]) -> None:\n        \"\"\"Checks that a JSON response from the WebDriver does not have an\n        error.\n    \n        :Args:\n         - response - The JSON response from the WebDriver server as a dictionary\n           object.\n    \n        :Raises: If the response contains an error message.\n        \"\"\"\n        status = response.get(\"status\", None)\n        if not status or status == ErrorCode.SUCCESS:\n            return\n        value = None\n        message = response.get(\"message\", \"\")\n        screen: str = response.get(\"screen\", \"\")\n        stacktrace = None\n        if isinstance(status, int):\n            value_json = response.get(\"value\", None)\n            if value_json and isinstance(value_json, str):\n                import json\n    \n                try:\n                    value = json.loads(value_json)\n                    if len(value) == 1:\n                        value = value[\"value\"]\n                    status = value.get(\"error\", None)\n                    if not status:\n                        status = value.get(\"status\", ErrorCode.UNKNOWN_ERROR)\n                        message = value.get(\"value\") or value.get(\"message\")\n                        if not isinstance(message, str):\n                            value = message\n                            message = message.get(\"message\")\n                    else:\n                        message = value.get(\"message\", None)\n                except ValueError:\n                    pass\n    \n        exception_class: Type[WebDriverException]\n        e = ErrorCode()\n        error_codes = [item for item in dir(e) if not item.startswith(\"__\")]\n        for error_code in error_codes:\n            error_info = getattr(ErrorCode, error_code)\n            if isinstance(error_info, list) and status in error_info:\n                exception_class = getattr(ExceptionMapping, error_code, WebDriverException)\n                break\n        else:\n            exception_class = WebDriverException\n    \n        if not value:\n            value = response[\"value\"]\n        if isinstance(value, str):\n            raise exception_class(value)\n        if message == \"\" and \"message\" in value:\n            message = value[\"message\"]\n    \n        screen = None  # type: ignore[assignment]\n        if \"screen\" in value:\n            screen = value[\"screen\"]\n    \n        stacktrace = None\n        st_value = value.get(\"stackTrace\") or value.get(\"stacktrace\")\n        if st_value:\n            if isinstance(st_value, str):\n                stacktrace = st_value.split(\"\\n\")\n            else:\n                stacktrace = []\n                try:\n                    for frame in st_value:\n                        line = frame.get(\"lineNumber\", \"\")\n                        file = frame.get(\"fileName\", \"<anonymous>\")\n                        if line:\n                            file = f\"{file}:{line}\"\n                        meth = frame.get(\"methodName\", \"<anonymous>\")\n                        if \"className\" in frame:\n                            meth = f\"{frame['className']}.{meth}\"\n                        msg = \"    at %s (%s)\"\n                        msg = msg % (meth, file)\n                        stacktrace.append(msg)\n                except TypeError:\n                    pass\n        if exception_class == UnexpectedAlertPresentException:\n            alert_text = None\n            if \"data\" in value:\n                alert_text = value[\"data\"].get(\"text\")\n            elif \"alert\" in value:\n                alert_text = value[\"alert\"].get(\"text\")\n            raise exception_class(message, screen, stacktrace, alert_text)  # type: ignore[call-arg]  # mypy is not smart enough here\n>       raise exception_class(message, screen, stacktrace)\nE       selenium.common.exceptions.NoSuchElementException: Message: no such element: Unable to locate element: {\"method\":\"css selector\",\"selector\":\"[id=\"ContentPlaceHolderDefault_ctl13_nptLLPG2_25_addresslookup_txtTmpPostcode\"]\"}\nE         (Session info: chrome-headless-shell=125.0.6422.76); For documentation on this error, please visit: https://www.selenium.dev/documentation/webdriver/troubleshooting/errors#no-such-element-exception\nE       Stacktrace:\nE       #0 0x5649ea224e9a <unknown>\nE       #1 0x5649e9f0e45c <unknown>\nE       #2 0x5649e9f5a5b5 <unknown>\nE       #3 0x5649e9f5a671 <unknown>\nE       #4 0x5649e9f9ef14 <unknown>\nE       #5 0x5649e9f7d4dd <unknown>\nE       #6 0x5649e9f9c2cc <unknown>\nE       #7 0x5649e9f7d253 <unknown>\nE       #8 0x5649e9f4d1c7 <unknown>\nE       #9 0x5649e9f4db3e <unknown>\nE       #10 0x5649ea1eb2db <unknown>\nE       #11 0x5649ea1ef387 <unknown>\nE       #12 0x5649ea1d7e0e <unknown>\nE       #13 0x5649ea1efe52 <unknown>\nE       #14 0x5649ea1bc7af <unknown>\nE       #15 0x5649ea214188 <unknown>\nE       #16 0x5649ea21435b <unknown>\nE       #17 0x5649ea223fcc <unknown>\nE       #18 0x7f7f12fabac3 <unknown>\n\n../../../.cache/pypoetry/virtualenvs/uk-bin-collection-EwS6Gn8s-py3.11/lib/python3.11/site-packages/selenium/webdriver/remote/errorhandler.py:229: NoSuchElementException","flaky":false,"newFailed":false,"newBroken":false,"newPassed":false,"retriesCount":0,"retriesStatusChange":false,"beforeStages":[],"testStage":{"status":"failed","statusMessage":"selenium.common.exceptions.NoSuchElementException: Message: no such element: Unable to locate element: {\"method\":\"css selector\",\"selector\":\"[id=\"ContentPlaceHolderDefault_ctl13_nptLLPG2_25_addresslookup_txtTmpPostcode\"]\"}\n  (Session info: chrome-headless-shell=125.0.6422.76); For documentation on this error, please visit: https://www.selenium.dev/documentation/webdriver/troubleshooting/errors#no-such-element-exception\nStacktrace:\n#0 0x5649ea224e9a <unknown>\n#1 0x5649e9f0e45c <unknown>\n#2 0x5649e9f5a5b5 <unknown>\n#3 0x5649e9f5a671 <unknown>\n#4 0x5649e9f9ef14 <unknown>\n#5 0x5649e9f7d4dd <unknown>\n#6 0x5649e9f9c2cc <unknown>\n#7 0x5649e9f7d253 <unknown>\n#8 0x5649e9f4d1c7 <unknown>\n#9 0x5649e9f4db3e <unknown>\n#10 0x5649ea1eb2db <unknown>\n#11 0x5649ea1ef387 <unknown>\n#12 0x5649ea1d7e0e <unknown>\n#13 0x5649ea1efe52 <unknown>\n#14 0x5649ea1bc7af <unknown>\n#15 0x5649ea214188 <unknown>\n#16 0x5649ea21435b <unknown>\n#17 0x5649ea223fcc <unknown>\n#18 0x7f7f12fabac3 <unknown>","statusTrace":"fixturefunc = <function scrape_step at 0x7fe521c1bc40>\nrequest = <FixtureRequest for <Function test_scenario_outline[NeathPortTalbotCouncil]>>\nkwargs = {'context': <test_validate_council.Context object at 0x7fe522520f10>, 'headless_mode': 'True', 'local_browser': 'False', 'selenium_url': 'http://localhost:4444'}\n\n    def call_fixture_func(\n        fixturefunc: \"_FixtureFunc[FixtureValue]\", request: FixtureRequest, kwargs\n    ) -> FixtureValue:\n        if is_generator(fixturefunc):\n            fixturefunc = cast(\n                Callable[..., Generator[FixtureValue, None, None]], fixturefunc\n            )\n            generator = fixturefunc(**kwargs)\n            try:\n                fixture_result = next(generator)\n            except StopIteration:\n                raise ValueError(f\"{request.fixturename} did not yield a value\") from None\n            finalizer = functools.partial(_teardown_yield_fixture, fixturefunc, generator)\n            request.addfinalizer(finalizer)\n        else:\n            fixturefunc = cast(Callable[..., FixtureValue], fixturefunc)\n>           fixture_result = fixturefunc(**kwargs)\n\n../../../.cache/pypoetry/virtualenvs/uk-bin-collection-EwS6Gn8s-py3.11/lib/python3.11/site-packages/_pytest/fixtures.py:887: \n_ _ _ _ _ _ _ _ _ _ _ _ _ _ _ _ _ _ _ _ _ _ _ _ _ _ _ _ _ _ _ _ _ _ _ _ _ _ _ _ \nuk_bin_collection/tests/step_defs/test_validate_council.py:100: in scrape_step\n    context.parse_result = CollectData.run()\nuk_bin_collection/uk_bin_collection/collect_data.py:102: in run\n    return self.client_code(\nuk_bin_collection/uk_bin_collection/collect_data.py:121: in client_code\n    return get_bin_data_class.template_method(address_url, **kwargs)\nuk_bin_collection/uk_bin_collection/get_bin_data.py:80: in template_method\n    bin_data_dict = self.parse_data(\nuk_bin_collection/uk_bin_collection/councils/NeathPortTalbotCouncil.py:43: in parse_data\n    inputElement_postcode = driver.find_element(\n../../../.cache/pypoetry/virtualenvs/uk-bin-collection-EwS6Gn8s-py3.11/lib/python3.11/site-packages/selenium/webdriver/remote/webdriver.py:741: in find_element\n    return self.execute(Command.FIND_ELEMENT, {\"using\": by, \"value\": value})[\"value\"]\n../../../.cache/pypoetry/virtualenvs/uk-bin-collection-EwS6Gn8s-py3.11/lib/python3.11/site-packages/selenium/webdriver/remote/webdriver.py:347: in execute\n    self.error_handler.check_response(response)\n_ _ _ _ _ _ _ _ _ _ _ _ _ _ _ _ _ _ _ _ _ _ _ _ _ _ _ _ _ _ _ _ _ _ _ _ _ _ _ _ \n\nself = <selenium.webdriver.remote.errorhandler.ErrorHandler object at 0x7fe521ad0790>\nresponse = {'status': 404, 'value': '{\"value\":{\"error\":\"no such element\",\"message\":\"no such element: Unable to locate element: {\\...\\\\n#16 0x5649ea21435b \\\\u003Cunknown>\\\\n#17 0x5649ea223fcc \\\\u003Cunknown>\\\\n#18 0x7f7f12fabac3 \\\\u003Cunknown>\\\\n\"}}'}\n\n    def check_response(self, response: Dict[str, Any]) -> None:\n        \"\"\"Checks that a JSON response from the WebDriver does not have an\n        error.\n    \n        :Args:\n         - response - The JSON response from the WebDriver server as a dictionary\n           object.\n    \n        :Raises: If the response contains an error message.\n        \"\"\"\n        status = response.get(\"status\", None)\n        if not status or status == ErrorCode.SUCCESS:\n            return\n        value = None\n        message = response.get(\"message\", \"\")\n        screen: str = response.get(\"screen\", \"\")\n        stacktrace = None\n        if isinstance(status, int):\n            value_json = response.get(\"value\", None)\n            if value_json and isinstance(value_json, str):\n                import json\n    \n                try:\n                    value = json.loads(value_json)\n                    if len(value) == 1:\n                        value = value[\"value\"]\n                    status = value.get(\"error\", None)\n                    if not status:\n                        status = value.get(\"status\", ErrorCode.UNKNOWN_ERROR)\n                        message = value.get(\"value\") or value.get(\"message\")\n                        if not isinstance(message, str):\n                            value = message\n                            message = message.get(\"message\")\n                    else:\n                        message = value.get(\"message\", None)\n                except ValueError:\n                    pass\n    \n        exception_class: Type[WebDriverException]\n        e = ErrorCode()\n        error_codes = [item for item in dir(e) if not item.startswith(\"__\")]\n        for error_code in error_codes:\n            error_info = getattr(ErrorCode, error_code)\n            if isinstance(error_info, list) and status in error_info:\n                exception_class = getattr(ExceptionMapping, error_code, WebDriverException)\n                break\n        else:\n            exception_class = WebDriverException\n    \n        if not value:\n            value = response[\"value\"]\n        if isinstance(value, str):\n            raise exception_class(value)\n        if message == \"\" and \"message\" in value:\n            message = value[\"message\"]\n    \n        screen = None  # type: ignore[assignment]\n        if \"screen\" in value:\n            screen = value[\"screen\"]\n    \n        stacktrace = None\n        st_value = value.get(\"stackTrace\") or value.get(\"stacktrace\")\n        if st_value:\n            if isinstance(st_value, str):\n                stacktrace = st_value.split(\"\\n\")\n            else:\n                stacktrace = []\n                try:\n                    for frame in st_value:\n                        line = frame.get(\"lineNumber\", \"\")\n                        file = frame.get(\"fileName\", \"<anonymous>\")\n                        if line:\n                            file = f\"{file}:{line}\"\n                        meth = frame.get(\"methodName\", \"<anonymous>\")\n                        if \"className\" in frame:\n                            meth = f\"{frame['className']}.{meth}\"\n                        msg = \"    at %s (%s)\"\n                        msg = msg % (meth, file)\n                        stacktrace.append(msg)\n                except TypeError:\n                    pass\n        if exception_class == UnexpectedAlertPresentException:\n            alert_text = None\n            if \"data\" in value:\n                alert_text = value[\"data\"].get(\"text\")\n            elif \"alert\" in value:\n                alert_text = value[\"alert\"].get(\"text\")\n            raise exception_class(message, screen, stacktrace, alert_text)  # type: ignore[call-arg]  # mypy is not smart enough here\n>       raise exception_class(message, screen, stacktrace)\nE       selenium.common.exceptions.NoSuchElementException: Message: no such element: Unable to locate element: {\"method\":\"css selector\",\"selector\":\"[id=\"ContentPlaceHolderDefault_ctl13_nptLLPG2_25_addresslookup_txtTmpPostcode\"]\"}\nE         (Session info: chrome-headless-shell=125.0.6422.76); For documentation on this error, please visit: https://www.selenium.dev/documentation/webdriver/troubleshooting/errors#no-such-element-exception\nE       Stacktrace:\nE       #0 0x5649ea224e9a <unknown>\nE       #1 0x5649e9f0e45c <unknown>\nE       #2 0x5649e9f5a5b5 <unknown>\nE       #3 0x5649e9f5a671 <unknown>\nE       #4 0x5649e9f9ef14 <unknown>\nE       #5 0x5649e9f7d4dd <unknown>\nE       #6 0x5649e9f9c2cc <unknown>\nE       #7 0x5649e9f7d253 <unknown>\nE       #8 0x5649e9f4d1c7 <unknown>\nE       #9 0x5649e9f4db3e <unknown>\nE       #10 0x5649ea1eb2db <unknown>\nE       #11 0x5649ea1ef387 <unknown>\nE       #12 0x5649ea1d7e0e <unknown>\nE       #13 0x5649ea1efe52 <unknown>\nE       #14 0x5649ea1bc7af <unknown>\nE       #15 0x5649ea214188 <unknown>\nE       #16 0x5649ea21435b <unknown>\nE       #17 0x5649ea223fcc <unknown>\nE       #18 0x7f7f12fabac3 <unknown>\n\n../../../.cache/pypoetry/virtualenvs/uk-bin-collection-EwS6Gn8s-py3.11/lib/python3.11/site-packages/selenium/webdriver/remote/errorhandler.py:229: NoSuchElementException","steps":[{"name":"Given the council","time":{"start":1718238955857,"stop":1718238955858,"duration":1},"status":"passed","steps":[],"attachments":[],"parameters":[],"shouldDisplayMessage":false,"stepsCount":0,"attachmentsCount":0,"hasContent":false,"attachmentStep":false},{"name":"When we scrape the data from the council","time":{"start":1718238955858,"stop":1718239032357,"duration":76499},"status":"failed","statusMessage":"Message: no such element: Unable to locate element: {\"method\":\"css selector\",\"selector\":\"[id=\"ContentPlaceHolderDefault_ctl13_nptLLPG2_25_addresslookup_txtTmpPostcode\"]\"}\n  (Session info: chrome-headless-shell=125.0.6422.76); For documentation on this error, please visit: https://www.selenium.dev/documentation/webdriver/troubleshooting/errors#no-such-element-exception\nStacktrace:\n#0 0x5649ea224e9a <unknown>\n#1 0x5649e9f0e45c <unknown>\n#2 0x5649e9f5a5b5 <unknown>\n#3 0x5649e9f5a671 <unknown>\n#4 0x5649e9f9ef14 <unknown>\n#5 0x5649e9f7d4dd <unknown>\n#6 0x5649e9f9c2cc <unknown>\n#7 0x5649e9f7d253 <unknown>\n#8 0x5649e9f4d1c7 <unknown>\n#9 0x5649e9f4db3e <unknown>\n#10 0x5649ea1eb2db <unknown>\n#11 0x5649ea1ef387 <unknown>\n#12 0x5649ea1d7e0e <unknown>\n#13 0x5649ea1efe52 <unknown>\n#14 0x5649ea1bc7af <unknown>\n#15 0x5649ea214188 <unknown>\n#16 0x5649ea21435b <unknown>\n#17 0x5649ea223fcc <unknown>\n#18 0x7f7f12fabac3 <unknown>\n","statusTrace":"selenium.common.exceptions.NoSuchElementException: Message: no such element: Unable to locate element: {\"method\":\"css selector\",\"selector\":\"[id=\"ContentPlaceHolderDefault_ctl13_nptLLPG2_25_addresslookup_txtTmpPostcode\"]\"}\n  (Session info: chrome-headless-shell=125.0.6422.76); For documentation on this error, please visit: https://www.selenium.dev/documentation/webdriver/troubleshooting/errors#no-such-element-exception\nStacktrace:\n#0 0x5649ea224e9a <unknown>\n#1 0x5649e9f0e45c <unknown>\n#2 0x5649e9f5a5b5 <unknown>\n#3 0x5649e9f5a671 <unknown>\n#4 0x5649e9f9ef14 <unknown>\n#5 0x5649e9f7d4dd <unknown>\n#6 0x5649e9f9c2cc <unknown>\n#7 0x5649e9f7d253 <unknown>\n#8 0x5649e9f4d1c7 <unknown>\n#9 0x5649e9f4db3e <unknown>\n#10 0x5649ea1eb2db <unknown>\n#11 0x5649ea1ef387 <unknown>\n#12 0x5649ea1d7e0e <unknown>\n#13 0x5649ea1efe52 <unknown>\n#14 0x5649ea1bc7af <unknown>\n#15 0x5649ea214188 <unknown>\n#16 0x5649ea21435b <unknown>\n#17 0x5649ea223fcc <unknown>\n#18 0x7f7f12fabac3 <unknown>\n\n","steps":[],"attachments":[],"parameters":[],"shouldDisplayMessage":true,"stepsCount":0,"attachmentsCount":0,"hasContent":true,"attachmentStep":false}],"attachments":[{"uid":"f2ee5d1db812fe32","name":"stdout","source":"f2ee5d1db812fe32.txt","type":"text/plain","size":993}],"parameters":[],"shouldDisplayMessage":true,"stepsCount":2,"attachmentsCount":1,"hasContent":true,"attachmentStep":false},"afterStages":[],"labels":[{"name":"host","value":"fv-az1530-779"},{"name":"thread","value":"2689-MainThread"},{"name":"framework","value":"pytest-bdd"},{"name":"language","value":"cpython3"},{"name":"feature","value":"Test each council output matches expected results"},{"name":"resultFormat","value":"allure2"}],"parameters":[{"name":"council","value":"NeathPortTalbotCouncil"}],"links":[],"hidden":false,"retry":false,"extra":{"severity":"normal","retries":[],"categories":[{"name":"Product defects","matchedStatuses":[],"flaky":false}],"history":{"statistic":{"failed":71,"broken":0,"skipped":0,"passed":9,"unknown":0,"total":80},"items":[{"uid":"213d131d87a48e09","reportUrl":"https://robbrad.github.io/UKBinCollectionData/3.11/1938//#testresult/213d131d87a48e09","status":"failed","statusDetails":"selenium.common.exceptions.NoSuchElementException: Message: no such element: Unable to locate element: {\"method\":\"css selector\",\"selector\":\"[id=\"ContentPlaceHolderDefault_ctl13_nptLLPG2_25_addresslookup_txtTmpPostcode\"]\"}\n  (Session info: chrome-headless-shell=125.0.6422.76); For documentation on this error, please visit: https://www.selenium.dev/documentation/webdriver/troubleshooting/errors#no-such-element-exception\nStacktrace:\n#0 0x5580168fde9a <unknown>\n#1 0x5580165e745c <unknown>\n#2 0x5580166335b5 <unknown>\n#3 0x558016633671 <unknown>\n#4 0x558016677f14 <unknown>\n#5 0x5580166564dd <unknown>\n#6 0x5580166752cc <unknown>\n#7 0x558016656253 <unknown>\n#8 0x5580166261c7 <unknown>\n#9 0x558016626b3e <unknown>\n#10 0x5580168c42db <unknown>\n#11 0x5580168c8387 <unknown>\n#12 0x5580168b0e0e <unknown>\n#13 0x5580168c8e52 <unknown>\n#14 0x5580168957af <unknown>\n#15 0x5580168ed188 <unknown>\n#16 0x5580168ed35b <unknown>\n#17 0x5580168fcfcc <unknown>\n#18 0x7f92f259cac3 <unknown>","time":{"start":1718152563649,"stop":1718152642472,"duration":78823}},{"uid":"280a6d1002f4db57","reportUrl":"https://robbrad.github.io/UKBinCollectionData/3.11/1937//#testresult/280a6d1002f4db57","status":"failed","statusDetails":"selenium.common.exceptions.NoSuchElementException: Message: no such element: Unable to locate element: {\"method\":\"css selector\",\"selector\":\"[id=\"ContentPlaceHolderDefault_ctl13_nptLLPG2_25_addresslookup_txtTmpPostcode\"]\"}\n  (Session info: chrome-headless-shell=125.0.6422.76); For documentation on this error, please visit: https://www.selenium.dev/documentation/webdriver/troubleshooting/errors#no-such-element-exception\nStacktrace:\n#0 0x55c99a172e9a <unknown>\n#1 0x55c999e5c45c <unknown>\n#2 0x55c999ea85b5 <unknown>\n#3 0x55c999ea8671 <unknown>\n#4 0x55c999eecf14 <unknown>\n#5 0x55c999ecb4dd <unknown>\n#6 0x55c999eea2cc <unknown>\n#7 0x55c999ecb253 <unknown>\n#8 0x55c999e9b1c7 <unknown>\n#9 0x55c999e9bb3e <unknown>\n#10 0x55c99a1392db <unknown>\n#11 0x55c99a13d387 <unknown>\n#12 0x55c99a125e0e <unknown>\n#13 0x55c99a13de52 <unknown>\n#14 0x55c99a10a7af <unknown>\n#15 0x55c99a162188 <unknown>\n#16 0x55c99a16235b <unknown>\n#17 0x55c99a171fcc <unknown>\n#18 0x7fb650847ac3 <unknown>","time":{"start":1718066300576,"stop":1718066323299,"duration":22723}},{"uid":"d5f153af0096baf6","reportUrl":"https://robbrad.github.io/UKBinCollectionData/3.11/1936//#testresult/d5f153af0096baf6","status":"failed","statusDetails":"selenium.common.exceptions.ElementClickInterceptedException: Message: element click intercepted: Element is not clickable at point (589, 635)\n  (Session info: chrome-headless-shell=125.0.6422.76)\nStacktrace:\n#0 0x564160befe9a <unknown>\n#1 0x5641608d945c <unknown>\n#2 0x56416092c336 <unknown>\n#3 0x56416092a176 <unknown>\n#4 0x564160927b57 <unknown>\n#5 0x56416092697c <unknown>\n#6 0x56416091a0ff <unknown>\n#7 0x5641609484b2 <unknown>\n#8 0x564160919a79 <unknown>\n#9 0x56416094867e <unknown>\n#10 0x5641609672cc <unknown>\n#11 0x564160948253 <unknown>\n#12 0x5641609181c7 <unknown>\n#13 0x564160918b3e <unknown>\n#14 0x564160bb62db <unknown>\n#15 0x564160bba387 <unknown>\n#16 0x564160ba2e0e <unknown>\n#17 0x564160bbae52 <unknown>\n#18 0x564160b877af <unknown>\n#19 0x564160bdf188 <unknown>\n#20 0x564160bdf35b <unknown>\n#21 0x564160beefcc <unknown>\n#22 0x7fb84a60aac3 <unknown>","time":{"start":1717979883686,"stop":1717979900147,"duration":16461}},{"uid":"e06e6bff40210ccd","reportUrl":"https://robbrad.github.io/UKBinCollectionData/3.11/1934//#testresult/e06e6bff40210ccd","status":"failed","statusDetails":"selenium.common.exceptions.NoSuchElementException: Message: no such element: Unable to locate element: {\"method\":\"css selector\",\"selector\":\"[id=\"ContentPlaceHolderDefault_ctl13_nptLLPG2_25_addresslookup_txtTmpPostcode\"]\"}\n  (Session info: chrome-headless-shell=125.0.6422.76); For documentation on this error, please visit: https://www.selenium.dev/documentation/webdriver/troubleshooting/errors#no-such-element-exception\nStacktrace:\n#0 0x55deea55fe9a <unknown>\n#1 0x55deea24945c <unknown>\n#2 0x55deea2955b5 <unknown>\n#3 0x55deea295671 <unknown>\n#4 0x55deea2d9f14 <unknown>\n#5 0x55deea2b84dd <unknown>\n#6 0x55deea2d72cc <unknown>\n#7 0x55deea2b8253 <unknown>\n#8 0x55deea2881c7 <unknown>\n#9 0x55deea288b3e <unknown>\n#10 0x55deea5262db <unknown>\n#11 0x55deea52a387 <unknown>\n#12 0x55deea512e0e <unknown>\n#13 0x55deea52ae52 <unknown>\n#14 0x55deea4f77af <unknown>\n#15 0x55deea54f188 <unknown>\n#16 0x55deea54f35b <unknown>\n#17 0x55deea55efcc <unknown>\n#18 0x7f6590c5bac3 <unknown>","time":{"start":1717893364850,"stop":1717893396501,"duration":31651}},{"uid":"48dbbe4c1e26acdb","reportUrl":"https://robbrad.github.io/UKBinCollectionData/3.11/1933//#testresult/48dbbe4c1e26acdb","status":"failed","statusDetails":"selenium.common.exceptions.NoSuchElementException: Message: no such element: Unable to locate element: {\"method\":\"css selector\",\"selector\":\"[id=\"ContentPlaceHolderDefault_ctl13_nptLLPG2_25_addresslookup_txtTmpPostcode\"]\"}\n  (Session info: chrome-headless-shell=125.0.6422.76); For documentation on this error, please visit: https://www.selenium.dev/documentation/webdriver/troubleshooting/errors#no-such-element-exception\nStacktrace:\n#0 0x55de46e4ae9a <unknown>\n#1 0x55de46b3445c <unknown>\n#2 0x55de46b805b5 <unknown>\n#3 0x55de46b80671 <unknown>\n#4 0x55de46bc4f14 <unknown>\n#5 0x55de46ba34dd <unknown>\n#6 0x55de46bc22cc <unknown>\n#7 0x55de46ba3253 <unknown>\n#8 0x55de46b731c7 <unknown>\n#9 0x55de46b73b3e <unknown>\n#10 0x55de46e112db <unknown>\n#11 0x55de46e15387 <unknown>\n#12 0x55de46dfde0e <unknown>\n#13 0x55de46e15e52 <unknown>\n#14 0x55de46de27af <unknown>\n#15 0x55de46e3a188 <unknown>\n#16 0x55de46e3a35b <unknown>\n#17 0x55de46e49fcc <unknown>\n#18 0x7f1558ac0ac3 <unknown>","time":{"start":1717807093233,"stop":1717807129891,"duration":36658}},{"uid":"f673bb3ff5ad378c","reportUrl":"https://robbrad.github.io/UKBinCollectionData/3.11/1932//#testresult/f673bb3ff5ad378c","status":"failed","statusDetails":"selenium.common.exceptions.NoSuchElementException: Message: no such element: Unable to locate element: {\"method\":\"css selector\",\"selector\":\"[id=\"ContentPlaceHolderDefault_ctl13_nptLLPG2_25_addresslookup_txtTmpPostcode\"]\"}\n  (Session info: chrome-headless-shell=125.0.6422.76); For documentation on this error, please visit: https://www.selenium.dev/documentation/webdriver/troubleshooting/errors#no-such-element-exception\nStacktrace:\n#0 0x55e254391e9a <unknown>\n#1 0x55e25407b45c <unknown>\n#2 0x55e2540c75b5 <unknown>\n#3 0x55e2540c7671 <unknown>\n#4 0x55e25410bf14 <unknown>\n#5 0x55e2540ea4dd <unknown>\n#6 0x55e2541092cc <unknown>\n#7 0x55e2540ea253 <unknown>\n#8 0x55e2540ba1c7 <unknown>\n#9 0x55e2540bab3e <unknown>\n#10 0x55e2543582db <unknown>\n#11 0x55e25435c387 <unknown>\n#12 0x55e254344e0e <unknown>\n#13 0x55e25435ce52 <unknown>\n#14 0x55e2543297af <unknown>\n#15 0x55e254381188 <unknown>\n#16 0x55e25438135b <unknown>\n#17 0x55e254390fcc <unknown>\n#18 0x7f6adb222ac3 <unknown>","time":{"start":1717720562700,"stop":1717720589628,"duration":26928}},{"uid":"a079c4338f26505f","reportUrl":"https://robbrad.github.io/UKBinCollectionData/3.11/1927//#testresult/a079c4338f26505f","status":"failed","statusDetails":"selenium.common.exceptions.NoSuchElementException: Message: no such element: Unable to locate element: {\"method\":\"css selector\",\"selector\":\"[id=\"ContentPlaceHolderDefault_ctl13_nptLLPG2_25_addresslookup_txtTmpPostcode\"]\"}\n  (Session info: chrome-headless-shell=125.0.6422.76); For documentation on this error, please visit: https://www.selenium.dev/documentation/webdriver/troubleshooting/errors#no-such-element-exception\nStacktrace:\n#0 0x5635114a7e9a <unknown>\n#1 0x56351119145c <unknown>\n#2 0x5635111dd5b5 <unknown>\n#3 0x5635111dd671 <unknown>\n#4 0x563511221f14 <unknown>\n#5 0x5635112004dd <unknown>\n#6 0x56351121f2cc <unknown>\n#7 0x563511200253 <unknown>\n#8 0x5635111d01c7 <unknown>\n#9 0x5635111d0b3e <unknown>\n#10 0x56351146e2db <unknown>\n#11 0x563511472387 <unknown>\n#12 0x56351145ae0e <unknown>\n#13 0x563511472e52 <unknown>\n#14 0x56351143f7af <unknown>\n#15 0x563511497188 <unknown>\n#16 0x56351149735b <unknown>\n#17 0x5635114a6fcc <unknown>\n#18 0x7ffb90ed7ac3 <unknown>","time":{"start":1717634199452,"stop":1717634217880,"duration":18428}},{"uid":"a0c3c5159c3a2d3f","reportUrl":"https://robbrad.github.io/UKBinCollectionData/3.11/1924//#testresult/a0c3c5159c3a2d3f","status":"failed","statusDetails":"selenium.common.exceptions.ElementClickInterceptedException: Message: element click intercepted: Element is not clickable at point (589, 636)\n  (Session info: chrome-headless-shell=125.0.6422.76)\nStacktrace:\n#0 0x55f89fbf4e9a <unknown>\n#1 0x55f89f8de45c <unknown>\n#2 0x55f89f931336 <unknown>\n#3 0x55f89f92f176 <unknown>\n#4 0x55f89f92cb57 <unknown>\n#5 0x55f89f92b97c <unknown>\n#6 0x55f89f91f0ff <unknown>\n#7 0x55f89f94d4b2 <unknown>\n#8 0x55f89f91ea79 <unknown>\n#9 0x55f89f94d67e <unknown>\n#10 0x55f89f96c2cc <unknown>\n#11 0x55f89f94d253 <unknown>\n#12 0x55f89f91d1c7 <unknown>\n#13 0x55f89f91db3e <unknown>\n#14 0x55f89fbbb2db <unknown>\n#15 0x55f89fbbf387 <unknown>\n#16 0x55f89fba7e0e <unknown>\n#17 0x55f89fbbfe52 <unknown>\n#18 0x55f89fb8c7af <unknown>\n#19 0x55f89fbe4188 <unknown>\n#20 0x55f89fbe435b <unknown>\n#21 0x55f89fbf3fcc <unknown>\n#22 0x7f12f48b7ac3 <unknown>","time":{"start":1717547787586,"stop":1717547842479,"duration":54893}},{"uid":"9a7e11e3675271cd","reportUrl":"https://robbrad.github.io/UKBinCollectionData/3.11/1923//#testresult/9a7e11e3675271cd","status":"failed","statusDetails":"selenium.common.exceptions.NoSuchElementException: Message: no such element: Unable to locate element: {\"method\":\"css selector\",\"selector\":\"[id=\"ContentPlaceHolderDefault_ctl13_nptLLPG2_25_addresslookup_txtTmpPostcode\"]\"}\n  (Session info: chrome-headless-shell=125.0.6422.76); For documentation on this error, please visit: https://www.selenium.dev/documentation/webdriver/troubleshooting/errors#no-such-element-exception\nStacktrace:\n#0 0x55ef4cc3ce9a <unknown>\n#1 0x55ef4c92645c <unknown>\n#2 0x55ef4c9725b5 <unknown>\n#3 0x55ef4c972671 <unknown>\n#4 0x55ef4c9b6f14 <unknown>\n#5 0x55ef4c9954dd <unknown>\n#6 0x55ef4c9b42cc <unknown>\n#7 0x55ef4c995253 <unknown>\n#8 0x55ef4c9651c7 <unknown>\n#9 0x55ef4c965b3e <unknown>\n#10 0x55ef4cc032db <unknown>\n#11 0x55ef4cc07387 <unknown>\n#12 0x55ef4cbefe0e <unknown>\n#13 0x55ef4cc07e52 <unknown>\n#14 0x55ef4cbd47af <unknown>\n#15 0x55ef4cc2c188 <unknown>\n#16 0x55ef4cc2c35b <unknown>\n#17 0x55ef4cc3bfcc <unknown>\n#18 0x7fdfd5e86ac3 <unknown>","time":{"start":1717461415788,"stop":1717461443741,"duration":27953}},{"uid":"aa2d1eb3040e2d8b","reportUrl":"https://robbrad.github.io/UKBinCollectionData/3.11/1921//#testresult/aa2d1eb3040e2d8b","status":"failed","statusDetails":"selenium.common.exceptions.NoSuchElementException: Message: no such element: Unable to locate element: {\"method\":\"css selector\",\"selector\":\"[id=\"ContentPlaceHolderDefault_ctl13_nptLLPG2_25_addresslookup_txtTmpPostcode\"]\"}\n  (Session info: chrome-headless-shell=125.0.6422.76); For documentation on this error, please visit: https://www.selenium.dev/documentation/webdriver/troubleshooting/errors#no-such-element-exception\nStacktrace:\n#0 0x55a7c4e84e9a <unknown>\n#1 0x55a7c4b6e45c <unknown>\n#2 0x55a7c4bba5b5 <unknown>\n#3 0x55a7c4bba671 <unknown>\n#4 0x55a7c4bfef14 <unknown>\n#5 0x55a7c4bdd4dd <unknown>\n#6 0x55a7c4bfc2cc <unknown>\n#7 0x55a7c4bdd253 <unknown>\n#8 0x55a7c4bad1c7 <unknown>\n#9 0x55a7c4badb3e <unknown>\n#10 0x55a7c4e4b2db <unknown>\n#11 0x55a7c4e4f387 <unknown>\n#12 0x55a7c4e37e0e <unknown>\n#13 0x55a7c4e4fe52 <unknown>\n#14 0x55a7c4e1c7af <unknown>\n#15 0x55a7c4e74188 <unknown>\n#16 0x55a7c4e7435b <unknown>\n#17 0x55a7c4e83fcc <unknown>\n#18 0x7f706accdac3 <unknown>","time":{"start":1717375149646,"stop":1717375171567,"duration":21921}},{"uid":"5da5e0f4e46e7af6","reportUrl":"https://robbrad.github.io/UKBinCollectionData/3.11/1911//#testresult/5da5e0f4e46e7af6","status":"failed","statusDetails":"selenium.common.exceptions.NoSuchElementException: Message: no such element: Unable to locate element: {\"method\":\"css selector\",\"selector\":\"[id=\"ContentPlaceHolderDefault_ctl13_nptLLPG2_25_addresslookup_txtTmpPostcode\"]\"}\n  (Session info: chrome-headless-shell=125.0.6422.76); For documentation on this error, please visit: https://www.selenium.dev/documentation/webdriver/troubleshooting/errors#no-such-element-exception\nStacktrace:\n#0 0x560a0272fe9a <unknown>\n#1 0x560a0241945c <unknown>\n#2 0x560a024655b5 <unknown>\n#3 0x560a02465671 <unknown>\n#4 0x560a024a9f14 <unknown>\n#5 0x560a024884dd <unknown>\n#6 0x560a024a72cc <unknown>\n#7 0x560a02488253 <unknown>\n#8 0x560a024581c7 <unknown>\n#9 0x560a02458b3e <unknown>\n#10 0x560a026f62db <unknown>\n#11 0x560a026fa387 <unknown>\n#12 0x560a026e2e0e <unknown>\n#13 0x560a026fae52 <unknown>\n#14 0x560a026c77af <unknown>\n#15 0x560a0271f188 <unknown>\n#16 0x560a0271f35b <unknown>\n#17 0x560a0272efcc <unknown>\n#18 0x7f148666bac3 <unknown>","time":{"start":1717316484095,"stop":1717316502555,"duration":18460}},{"uid":"31c544265c992847","reportUrl":"https://robbrad.github.io/UKBinCollectionData/3.11/1908//#testresult/31c544265c992847","status":"failed","statusDetails":"selenium.common.exceptions.NoSuchElementException: Message: no such element: Unable to locate element: {\"method\":\"css selector\",\"selector\":\"[id=\"ContentPlaceHolderDefault_ctl13_nptLLPG2_25_addresslookup_txtTmpPostcode\"]\"}\n  (Session info: chrome-headless-shell=125.0.6422.76); For documentation on this error, please visit: https://www.selenium.dev/documentation/webdriver/troubleshooting/errors#no-such-element-exception\nStacktrace:\n#0 0x56227ec42e9a <unknown>\n#1 0x56227e92c45c <unknown>\n#2 0x56227e9785b5 <unknown>\n#3 0x56227e978671 <unknown>\n#4 0x56227e9bcf14 <unknown>\n#5 0x56227e99b4dd <unknown>\n#6 0x56227e9ba2cc <unknown>\n#7 0x56227e99b253 <unknown>\n#8 0x56227e96b1c7 <unknown>\n#9 0x56227e96bb3e <unknown>\n#10 0x56227ec092db <unknown>\n#11 0x56227ec0d387 <unknown>\n#12 0x56227ebf5e0e <unknown>\n#13 0x56227ec0de52 <unknown>\n#14 0x56227ebda7af <unknown>\n#15 0x56227ec32188 <unknown>\n#16 0x56227ec3235b <unknown>\n#17 0x56227ec41fcc <unknown>\n#18 0x7f28d7a3bac3 <unknown>","time":{"start":1717288673479,"stop":1717288705880,"duration":32401}},{"uid":"a5283c55a56e5a81","reportUrl":"https://robbrad.github.io/UKBinCollectionData/3.11/1905//#testresult/a5283c55a56e5a81","status":"failed","statusDetails":"selenium.common.exceptions.NoSuchElementException: Message: no such element: Unable to locate element: {\"method\":\"css selector\",\"selector\":\"[id=\"ContentPlaceHolderDefault_ctl13_nptLLPG2_25_addresslookup_txtTmpPostcode\"]\"}\n  (Session info: chrome-headless-shell=125.0.6422.76); For documentation on this error, please visit: https://www.selenium.dev/documentation/webdriver/troubleshooting/errors#no-such-element-exception\nStacktrace:\n#0 0x56170075de9a <unknown>\n#1 0x56170044745c <unknown>\n#2 0x5617004935b5 <unknown>\n#3 0x561700493671 <unknown>\n#4 0x5617004d7f14 <unknown>\n#5 0x5617004b64dd <unknown>\n#6 0x5617004d52cc <unknown>\n#7 0x5617004b6253 <unknown>\n#8 0x5617004861c7 <unknown>\n#9 0x561700486b3e <unknown>\n#10 0x5617007242db <unknown>\n#11 0x561700728387 <unknown>\n#12 0x561700710e0e <unknown>\n#13 0x561700728e52 <unknown>\n#14 0x5617006f57af <unknown>\n#15 0x56170074d188 <unknown>\n#16 0x56170074d35b <unknown>\n#17 0x56170075cfcc <unknown>\n#18 0x7f64cfe2bac3 <unknown>","time":{"start":1717202397874,"stop":1717202417137,"duration":19263}},{"uid":"48496d425224b0a0","reportUrl":"https://robbrad.github.io/UKBinCollectionData/3.11/1904//#testresult/48496d425224b0a0","status":"failed","statusDetails":"selenium.common.exceptions.NoSuchElementException: Message: no such element: Unable to locate element: {\"method\":\"css selector\",\"selector\":\"[id=\"ContentPlaceHolderDefault_ctl13_nptLLPG2_25_addresslookup_txtTmpPostcode\"]\"}\n  (Session info: chrome-headless-shell=125.0.6422.76); For documentation on this error, please visit: https://www.selenium.dev/documentation/webdriver/troubleshooting/errors#no-such-element-exception\nStacktrace:\n#0 0x5649835d3e9a <unknown>\n#1 0x5649832bd45c <unknown>\n#2 0x5649833095b5 <unknown>\n#3 0x564983309671 <unknown>\n#4 0x56498334df14 <unknown>\n#5 0x56498332c4dd <unknown>\n#6 0x56498334b2cc <unknown>\n#7 0x56498332c253 <unknown>\n#8 0x5649832fc1c7 <unknown>\n#9 0x5649832fcb3e <unknown>\n#10 0x56498359a2db <unknown>\n#11 0x56498359e387 <unknown>\n#12 0x564983586e0e <unknown>\n#13 0x56498359ee52 <unknown>\n#14 0x56498356b7af <unknown>\n#15 0x5649835c3188 <unknown>\n#16 0x5649835c335b <unknown>\n#17 0x5649835d2fcc <unknown>\n#18 0x7f81f2714ac3 <unknown>","time":{"start":1717115794564,"stop":1717115855878,"duration":61314}},{"uid":"ab683562ea22da2","reportUrl":"https://robbrad.github.io/UKBinCollectionData/3.11/1903//#testresult/ab683562ea22da2","status":"failed","statusDetails":"selenium.common.exceptions.NoSuchElementException: Message: no such element: Unable to locate element: {\"method\":\"css selector\",\"selector\":\"[id=\"ContentPlaceHolderDefault_ctl13_nptLLPG2_25_addresslookup_txtTmpPostcode\"]\"}\n  (Session info: chrome-headless-shell=125.0.6422.76); For documentation on this error, please visit: https://www.selenium.dev/documentation/webdriver/troubleshooting/errors#no-such-element-exception\nStacktrace:\n#0 0x55ff9e019e9a <unknown>\n#1 0x55ff9dd0345c <unknown>\n#2 0x55ff9dd4f5b5 <unknown>\n#3 0x55ff9dd4f671 <unknown>\n#4 0x55ff9dd93f14 <unknown>\n#5 0x55ff9dd724dd <unknown>\n#6 0x55ff9dd912cc <unknown>\n#7 0x55ff9dd72253 <unknown>\n#8 0x55ff9dd421c7 <unknown>\n#9 0x55ff9dd42b3e <unknown>\n#10 0x55ff9dfe02db <unknown>\n#11 0x55ff9dfe4387 <unknown>\n#12 0x55ff9dfcce0e <unknown>\n#13 0x55ff9dfe4e52 <unknown>\n#14 0x55ff9dfb17af <unknown>\n#15 0x55ff9e009188 <unknown>\n#16 0x55ff9e00935b <unknown>\n#17 0x55ff9e018fcc <unknown>\n#18 0x7f572a492ac3 <unknown>","time":{"start":1717029449188,"stop":1717029492515,"duration":43327}},{"uid":"d7e31bd9ad493048","reportUrl":"https://robbrad.github.io/UKBinCollectionData/3.11/1898//#testresult/d7e31bd9ad493048","status":"failed","statusDetails":"selenium.common.exceptions.NoSuchElementException: Message: no such element: Unable to locate element: {\"method\":\"css selector\",\"selector\":\"[id=\"ContentPlaceHolderDefault_ctl13_nptLLPG2_25_addresslookup_txtTmpPostcode\"]\"}\n  (Session info: chrome-headless-shell=125.0.6422.76); For documentation on this error, please visit: https://www.selenium.dev/documentation/webdriver/troubleshooting/errors#no-such-element-exception\nStacktrace:\n#0 0x562bcf9dbe9a <unknown>\n#1 0x562bcf6c545c <unknown>\n#2 0x562bcf7115b5 <unknown>\n#3 0x562bcf711671 <unknown>\n#4 0x562bcf755f14 <unknown>\n#5 0x562bcf7344dd <unknown>\n#6 0x562bcf7532cc <unknown>\n#7 0x562bcf734253 <unknown>\n#8 0x562bcf7041c7 <unknown>\n#9 0x562bcf704b3e <unknown>\n#10 0x562bcf9a22db <unknown>\n#11 0x562bcf9a6387 <unknown>\n#12 0x562bcf98ee0e <unknown>\n#13 0x562bcf9a6e52 <unknown>\n#14 0x562bcf9737af <unknown>\n#15 0x562bcf9cb188 <unknown>\n#16 0x562bcf9cb35b <unknown>\n#17 0x562bcf9dafcc <unknown>\n#18 0x7f6895537ac3 <unknown>","time":{"start":1716943209092,"stop":1716943237599,"duration":28507}},{"uid":"64b6fecb6cfb3948","reportUrl":"https://robbrad.github.io/UKBinCollectionData/3.11/1893//#testresult/64b6fecb6cfb3948","status":"failed","statusDetails":"selenium.common.exceptions.NoSuchElementException: Message: no such element: Unable to locate element: {\"method\":\"css selector\",\"selector\":\"[id=\"ContentPlaceHolderDefault_ctl13_nptLLPG2_25_addresslookup_txtTmpPostcode\"]\"}\n  (Session info: chrome-headless-shell=125.0.6422.76); For documentation on this error, please visit: https://www.selenium.dev/documentation/webdriver/troubleshooting/errors#no-such-element-exception\nStacktrace:\n#0 0x561f785b5e9a <unknown>\n#1 0x561f7829f45c <unknown>\n#2 0x561f782eb5b5 <unknown>\n#3 0x561f782eb671 <unknown>\n#4 0x561f7832ff14 <unknown>\n#5 0x561f7830e4dd <unknown>\n#6 0x561f7832d2cc <unknown>\n#7 0x561f7830e253 <unknown>\n#8 0x561f782de1c7 <unknown>\n#9 0x561f782deb3e <unknown>\n#10 0x561f7857c2db <unknown>\n#11 0x561f78580387 <unknown>\n#12 0x561f78568e0e <unknown>\n#13 0x561f78580e52 <unknown>\n#14 0x561f7854d7af <unknown>\n#15 0x561f785a5188 <unknown>\n#16 0x561f785a535b <unknown>\n#17 0x561f785b4fcc <unknown>\n#18 0x7f42fa71aac3 <unknown>","time":{"start":1716856595254,"stop":1716856617940,"duration":22686}},{"uid":"b09adb94337df237","reportUrl":"https://robbrad.github.io/UKBinCollectionData/3.11/1883//#testresult/b09adb94337df237","status":"failed","statusDetails":"selenium.common.exceptions.NoSuchElementException: Message: no such element: Unable to locate element: {\"method\":\"css selector\",\"selector\":\"[id=\"ContentPlaceHolderDefault_ctl13_nptLLPG2_25_addresslookup_txtTmpPostcode\"]\"}\n  (Session info: chrome-headless-shell=125.0.6422.76); For documentation on this error, please visit: https://www.selenium.dev/documentation/webdriver/troubleshooting/errors#no-such-element-exception\nStacktrace:\n#0 0x56471ff7be9a <unknown>\n#1 0x56471fc6545c <unknown>\n#2 0x56471fcb15b5 <unknown>\n#3 0x56471fcb1671 <unknown>\n#4 0x56471fcf5f14 <unknown>\n#5 0x56471fcd44dd <unknown>\n#6 0x56471fcf32cc <unknown>\n#7 0x56471fcd4253 <unknown>\n#8 0x56471fca41c7 <unknown>\n#9 0x56471fca4b3e <unknown>\n#10 0x56471ff422db <unknown>\n#11 0x56471ff46387 <unknown>\n#12 0x56471ff2ee0e <unknown>\n#13 0x56471ff46e52 <unknown>\n#14 0x56471ff137af <unknown>\n#15 0x56471ff6b188 <unknown>\n#16 0x56471ff6b35b <unknown>\n#17 0x56471ff7afcc <unknown>\n#18 0x7fbebf818ac3 <unknown>","time":{"start":1716770267918,"stop":1716770306801,"duration":38883}},{"uid":"2ebf390897b56fc9","reportUrl":"https://robbrad.github.io/UKBinCollectionData/3.11/1881//#testresult/2ebf390897b56fc9","status":"failed","statusDetails":"selenium.common.exceptions.NoSuchElementException: Message: no such element: Unable to locate element: {\"method\":\"css selector\",\"selector\":\"[id=\"ContentPlaceHolderDefault_ctl13_nptLLPG2_25_addresslookup_txtTmpPostcode\"]\"}\n  (Session info: chrome-headless-shell=125.0.6422.76); For documentation on this error, please visit: https://www.selenium.dev/documentation/webdriver/troubleshooting/errors#no-such-element-exception\nStacktrace:\n#0 0x55d71b011e9a <unknown>\n#1 0x55d71acfb45c <unknown>\n#2 0x55d71ad475b5 <unknown>\n#3 0x55d71ad47671 <unknown>\n#4 0x55d71ad8bf14 <unknown>\n#5 0x55d71ad6a4dd <unknown>\n#6 0x55d71ad892cc <unknown>\n#7 0x55d71ad6a253 <unknown>\n#8 0x55d71ad3a1c7 <unknown>\n#9 0x55d71ad3ab3e <unknown>\n#10 0x55d71afd82db <unknown>\n#11 0x55d71afdc387 <unknown>\n#12 0x55d71afc4e0e <unknown>\n#13 0x55d71afdce52 <unknown>\n#14 0x55d71afa97af <unknown>\n#15 0x55d71b001188 <unknown>\n#16 0x55d71b00135b <unknown>\n#17 0x55d71b010fcc <unknown>\n#18 0x7f5ab79c6ac3 <unknown>","time":{"start":1716753274094,"stop":1716753320958,"duration":46864}},{"uid":"e8ecb14957df72c1","reportUrl":"https://robbrad.github.io/UKBinCollectionData/3.11/1877//#testresult/e8ecb14957df72c1","status":"failed","statusDetails":"selenium.common.exceptions.NoSuchElementException: Message: no such element: Unable to locate element: {\"method\":\"css selector\",\"selector\":\"[id=\"ContentPlaceHolderDefault_ctl13_nptLLPG2_25_addresslookup_txtTmpPostcode\"]\"}\n  (Session info: chrome-headless-shell=125.0.6422.76); For documentation on this error, please visit: https://www.selenium.dev/documentation/webdriver/troubleshooting/errors#no-such-element-exception\nStacktrace:\n#0 0x55e188c41e9a <unknown>\n#1 0x55e18892b45c <unknown>\n#2 0x55e1889775b5 <unknown>\n#3 0x55e188977671 <unknown>\n#4 0x55e1889bbf14 <unknown>\n#5 0x55e18899a4dd <unknown>\n#6 0x55e1889b92cc <unknown>\n#7 0x55e18899a253 <unknown>\n#8 0x55e18896a1c7 <unknown>\n#9 0x55e18896ab3e <unknown>\n#10 0x55e188c082db <unknown>\n#11 0x55e188c0c387 <unknown>\n#12 0x55e188bf4e0e <unknown>\n#13 0x55e188c0ce52 <unknown>\n#14 0x55e188bd97af <unknown>\n#15 0x55e188c31188 <unknown>\n#16 0x55e188c3135b <unknown>\n#17 0x55e188c40fcc <unknown>\n#18 0x7fbb43d51ac3 <unknown>","time":{"start":1716743394742,"stop":1716743420773,"duration":26031}}]},"tags":[]},"source":"52c1985d68dd3eb7.json","parameterValues":["NeathPortTalbotCouncil"]}