{"uid":"4e7db503b7d5c435","name":"Validate Council Output [NeathPortTalbotCouncil]","fullName":"features/validate_council_outputs.feature:Validate Council Output","historyId":"6a7795e00df27bb2a2723cbd96dd78a1","time":{"start":1727655483239,"stop":1727655517391,"duration":34152},"status":"failed","statusMessage":"selenium.common.exceptions.NoSuchElementException: Message: no such element: Unable to locate element: {\"method\":\"css selector\",\"selector\":\"[id=\"ContentPlaceHolderDefault_ctl13_nptLLPG2_25_addresslookup_txtTmpPostcode\"]\"}\n  (Session info: chrome=129.0.6668.58); For documentation on this error, please visit: https://www.selenium.dev/documentation/webdriver/troubleshooting/errors#no-such-element-exception\nStacktrace:\n#0 0x5597401ac13a <unknown>\n#1 0x55973fe925e0 <unknown>\n#2 0x55973fee1be8 <unknown>\n#3 0x55973fee1e81 <unknown>\n#4 0x55973ff288c4 <unknown>\n#5 0x55973ff06b4d <unknown>\n#6 0x55973ff25d7d <unknown>\n#7 0x55973ff068c3 <unknown>\n#8 0x55973fed46b3 <unknown>\n#9 0x55973fed568e <unknown>\n#10 0x559740176b3b <unknown>\n#11 0x55974017aac1 <unknown>\n#12 0x559740163335 <unknown>\n#13 0x55974017b642 <unknown>\n#14 0x55974014849f <unknown>\n#15 0x55974019b038 <unknown>\n#16 0x55974019b203 <unknown>\n#17 0x5597401aaf8c <unknown>\n#18 0x7fe06b73ba94 <unknown>\n#19 0x7fe06b7c8a34 __clone","statusTrace":"fixturefunc = <function scrape_step at 0x7f338faa7740>\nrequest = <FixtureRequest for <Function test_scenario_outline[NeathPortTalbotCouncil]>>\nkwargs = {'context': <test_validate_council.Context object at 0x7f33a2604aa0>, 'headless_mode': 'True', 'local_browser': 'False', 'selenium_url': 'http://localhost:4444'}\n\n    def call_fixture_func(\n        fixturefunc: _FixtureFunc[FixtureValue], request: FixtureRequest, kwargs\n    ) -> FixtureValue:\n        if is_generator(fixturefunc):\n            fixturefunc = cast(\n                Callable[..., Generator[FixtureValue, None, None]], fixturefunc\n            )\n            generator = fixturefunc(**kwargs)\n            try:\n                fixture_result = next(generator)\n            except StopIteration:\n                raise ValueError(f\"{request.fixturename} did not yield a value\") from None\n            finalizer = functools.partial(_teardown_yield_fixture, fixturefunc, generator)\n            request.addfinalizer(finalizer)\n        else:\n            fixturefunc = cast(Callable[..., FixtureValue], fixturefunc)\n>           fixture_result = fixturefunc(**kwargs)\n\n../../../.cache/pypoetry/virtualenvs/uk-bin-collection-EwS6Gn8s-py3.12/lib/python3.12/site-packages/_pytest/fixtures.py:898: \n_ _ _ _ _ _ _ _ _ _ _ _ _ _ _ _ _ _ _ _ _ _ _ _ _ _ _ _ _ _ _ _ _ _ _ _ _ _ _ _ \nuk_bin_collection/tests/step_defs/test_validate_council.py:100: in scrape_step\n    context.parse_result = CollectData.run()\nuk_bin_collection/uk_bin_collection/collect_data.py:101: in run\n    return self.client_code(\nuk_bin_collection/uk_bin_collection/collect_data.py:121: in client_code\n    return get_bin_data_class.template_method(address_url, **kwargs)\nuk_bin_collection/uk_bin_collection/get_bin_data.py:61: in template_method\n    bin_data_dict = self.get_and_parse_data(this_url, **kwargs)\nuk_bin_collection/uk_bin_collection/get_bin_data.py:84: in get_and_parse_data\n    bin_data_dict = self.parse_data(\"\", url=address_url, **kwargs)\nuk_bin_collection/uk_bin_collection/councils/NeathPortTalbotCouncil.py:43: in parse_data\n    inputElement_postcode = driver.find_element(\n../../../.cache/pypoetry/virtualenvs/uk-bin-collection-EwS6Gn8s-py3.12/lib/python3.12/site-packages/selenium/webdriver/remote/webdriver.py:748: in find_element\n    return self.execute(Command.FIND_ELEMENT, {\"using\": by, \"value\": value})[\"value\"]\n../../../.cache/pypoetry/virtualenvs/uk-bin-collection-EwS6Gn8s-py3.12/lib/python3.12/site-packages/selenium/webdriver/remote/webdriver.py:354: in execute\n    self.error_handler.check_response(response)\n_ _ _ _ _ _ _ _ _ _ _ _ _ _ _ _ _ _ _ _ _ _ _ _ _ _ _ _ _ _ _ _ _ _ _ _ _ _ _ _ \n\nself = <selenium.webdriver.remote.errorhandler.ErrorHandler object at 0x7f338efd8800>\nresponse = {'status': 404, 'value': '{\"value\":{\"error\":\"no such element\",\"message\":\"no such element: Unable to locate element: {\\...unknown>\\\\n#17 0x5597401aaf8c \\\\u003Cunknown>\\\\n#18 0x7fe06b73ba94 \\\\u003Cunknown>\\\\n#19 0x7fe06b7c8a34 __clone\\\\n\"}}'}\n\n    def check_response(self, response: Dict[str, Any]) -> None:\n        \"\"\"Checks that a JSON response from the WebDriver does not have an\n        error.\n    \n        :Args:\n         - response - The JSON response from the WebDriver server as a dictionary\n           object.\n    \n        :Raises: If the response contains an error message.\n        \"\"\"\n        status = response.get(\"status\", None)\n        if not status or status == ErrorCode.SUCCESS:\n            return\n        value = None\n        message = response.get(\"message\", \"\")\n        screen: str = response.get(\"screen\", \"\")\n        stacktrace = None\n        if isinstance(status, int):\n            value_json = response.get(\"value\", None)\n            if value_json and isinstance(value_json, str):\n                import json\n    \n                try:\n                    value = json.loads(value_json)\n                    if len(value) == 1:\n                        value = value[\"value\"]\n                    status = value.get(\"error\", None)\n                    if not status:\n                        status = value.get(\"status\", ErrorCode.UNKNOWN_ERROR)\n                        message = value.get(\"value\") or value.get(\"message\")\n                        if not isinstance(message, str):\n                            value = message\n                            message = message.get(\"message\")\n                    else:\n                        message = value.get(\"message\", None)\n                except ValueError:\n                    pass\n    \n        exception_class: Type[WebDriverException]\n        e = ErrorCode()\n        error_codes = [item for item in dir(e) if not item.startswith(\"__\")]\n        for error_code in error_codes:\n            error_info = getattr(ErrorCode, error_code)\n            if isinstance(error_info, list) and status in error_info:\n                exception_class = getattr(ExceptionMapping, error_code, WebDriverException)\n                break\n        else:\n            exception_class = WebDriverException\n    \n        if not value:\n            value = response[\"value\"]\n        if isinstance(value, str):\n            raise exception_class(value)\n        if message == \"\" and \"message\" in value:\n            message = value[\"message\"]\n    \n        screen = None  # type: ignore[assignment]\n        if \"screen\" in value:\n            screen = value[\"screen\"]\n    \n        stacktrace = None\n        st_value = value.get(\"stackTrace\") or value.get(\"stacktrace\")\n        if st_value:\n            if isinstance(st_value, str):\n                stacktrace = st_value.split(\"\\n\")\n            else:\n                stacktrace = []\n                try:\n                    for frame in st_value:\n                        line = frame.get(\"lineNumber\", \"\")\n                        file = frame.get(\"fileName\", \"<anonymous>\")\n                        if line:\n                            file = f\"{file}:{line}\"\n                        meth = frame.get(\"methodName\", \"<anonymous>\")\n                        if \"className\" in frame:\n                            meth = f\"{frame['className']}.{meth}\"\n                        msg = \"    at %s (%s)\"\n                        msg = msg % (meth, file)\n                        stacktrace.append(msg)\n                except TypeError:\n                    pass\n        if exception_class == UnexpectedAlertPresentException:\n            alert_text = None\n            if \"data\" in value:\n                alert_text = value[\"data\"].get(\"text\")\n            elif \"alert\" in value:\n                alert_text = value[\"alert\"].get(\"text\")\n            raise exception_class(message, screen, stacktrace, alert_text)  # type: ignore[call-arg]  # mypy is not smart enough here\n>       raise exception_class(message, screen, stacktrace)\nE       selenium.common.exceptions.NoSuchElementException: Message: no such element: Unable to locate element: {\"method\":\"css selector\",\"selector\":\"[id=\"ContentPlaceHolderDefault_ctl13_nptLLPG2_25_addresslookup_txtTmpPostcode\"]\"}\nE         (Session info: chrome=129.0.6668.58); For documentation on this error, please visit: https://www.selenium.dev/documentation/webdriver/troubleshooting/errors#no-such-element-exception\nE       Stacktrace:\nE       #0 0x5597401ac13a <unknown>\nE       #1 0x55973fe925e0 <unknown>\nE       #2 0x55973fee1be8 <unknown>\nE       #3 0x55973fee1e81 <unknown>\nE       #4 0x55973ff288c4 <unknown>\nE       #5 0x55973ff06b4d <unknown>\nE       #6 0x55973ff25d7d <unknown>\nE       #7 0x55973ff068c3 <unknown>\nE       #8 0x55973fed46b3 <unknown>\nE       #9 0x55973fed568e <unknown>\nE       #10 0x559740176b3b <unknown>\nE       #11 0x55974017aac1 <unknown>\nE       #12 0x559740163335 <unknown>\nE       #13 0x55974017b642 <unknown>\nE       #14 0x55974014849f <unknown>\nE       #15 0x55974019b038 <unknown>\nE       #16 0x55974019b203 <unknown>\nE       #17 0x5597401aaf8c <unknown>\nE       #18 0x7fe06b73ba94 <unknown>\nE       #19 0x7fe06b7c8a34 __clone\n\n../../../.cache/pypoetry/virtualenvs/uk-bin-collection-EwS6Gn8s-py3.12/lib/python3.12/site-packages/selenium/webdriver/remote/errorhandler.py:229: NoSuchElementException","flaky":false,"newFailed":false,"newBroken":false,"newPassed":false,"retriesCount":0,"retriesStatusChange":false,"beforeStages":[],"testStage":{"status":"failed","statusMessage":"selenium.common.exceptions.NoSuchElementException: Message: no such element: Unable to locate element: {\"method\":\"css selector\",\"selector\":\"[id=\"ContentPlaceHolderDefault_ctl13_nptLLPG2_25_addresslookup_txtTmpPostcode\"]\"}\n  (Session info: chrome=129.0.6668.58); For documentation on this error, please visit: https://www.selenium.dev/documentation/webdriver/troubleshooting/errors#no-such-element-exception\nStacktrace:\n#0 0x5597401ac13a <unknown>\n#1 0x55973fe925e0 <unknown>\n#2 0x55973fee1be8 <unknown>\n#3 0x55973fee1e81 <unknown>\n#4 0x55973ff288c4 <unknown>\n#5 0x55973ff06b4d <unknown>\n#6 0x55973ff25d7d <unknown>\n#7 0x55973ff068c3 <unknown>\n#8 0x55973fed46b3 <unknown>\n#9 0x55973fed568e <unknown>\n#10 0x559740176b3b <unknown>\n#11 0x55974017aac1 <unknown>\n#12 0x559740163335 <unknown>\n#13 0x55974017b642 <unknown>\n#14 0x55974014849f <unknown>\n#15 0x55974019b038 <unknown>\n#16 0x55974019b203 <unknown>\n#17 0x5597401aaf8c <unknown>\n#18 0x7fe06b73ba94 <unknown>\n#19 0x7fe06b7c8a34 __clone","statusTrace":"fixturefunc = <function scrape_step at 0x7f338faa7740>\nrequest = <FixtureRequest for <Function test_scenario_outline[NeathPortTalbotCouncil]>>\nkwargs = {'context': <test_validate_council.Context object at 0x7f33a2604aa0>, 'headless_mode': 'True', 'local_browser': 'False', 'selenium_url': 'http://localhost:4444'}\n\n    def call_fixture_func(\n        fixturefunc: _FixtureFunc[FixtureValue], request: FixtureRequest, kwargs\n    ) -> FixtureValue:\n        if is_generator(fixturefunc):\n            fixturefunc = cast(\n                Callable[..., Generator[FixtureValue, None, None]], fixturefunc\n            )\n            generator = fixturefunc(**kwargs)\n            try:\n                fixture_result = next(generator)\n            except StopIteration:\n                raise ValueError(f\"{request.fixturename} did not yield a value\") from None\n            finalizer = functools.partial(_teardown_yield_fixture, fixturefunc, generator)\n            request.addfinalizer(finalizer)\n        else:\n            fixturefunc = cast(Callable[..., FixtureValue], fixturefunc)\n>           fixture_result = fixturefunc(**kwargs)\n\n../../../.cache/pypoetry/virtualenvs/uk-bin-collection-EwS6Gn8s-py3.12/lib/python3.12/site-packages/_pytest/fixtures.py:898: \n_ _ _ _ _ _ _ _ _ _ _ _ _ _ _ _ _ _ _ _ _ _ _ _ _ _ _ _ _ _ _ _ _ _ _ _ _ _ _ _ \nuk_bin_collection/tests/step_defs/test_validate_council.py:100: in scrape_step\n    context.parse_result = CollectData.run()\nuk_bin_collection/uk_bin_collection/collect_data.py:101: in run\n    return self.client_code(\nuk_bin_collection/uk_bin_collection/collect_data.py:121: in client_code\n    return get_bin_data_class.template_method(address_url, **kwargs)\nuk_bin_collection/uk_bin_collection/get_bin_data.py:61: in template_method\n    bin_data_dict = self.get_and_parse_data(this_url, **kwargs)\nuk_bin_collection/uk_bin_collection/get_bin_data.py:84: in get_and_parse_data\n    bin_data_dict = self.parse_data(\"\", url=address_url, **kwargs)\nuk_bin_collection/uk_bin_collection/councils/NeathPortTalbotCouncil.py:43: in parse_data\n    inputElement_postcode = driver.find_element(\n../../../.cache/pypoetry/virtualenvs/uk-bin-collection-EwS6Gn8s-py3.12/lib/python3.12/site-packages/selenium/webdriver/remote/webdriver.py:748: in find_element\n    return self.execute(Command.FIND_ELEMENT, {\"using\": by, \"value\": value})[\"value\"]\n../../../.cache/pypoetry/virtualenvs/uk-bin-collection-EwS6Gn8s-py3.12/lib/python3.12/site-packages/selenium/webdriver/remote/webdriver.py:354: in execute\n    self.error_handler.check_response(response)\n_ _ _ _ _ _ _ _ _ _ _ _ _ _ _ _ _ _ _ _ _ _ _ _ _ _ _ _ _ _ _ _ _ _ _ _ _ _ _ _ \n\nself = <selenium.webdriver.remote.errorhandler.ErrorHandler object at 0x7f338efd8800>\nresponse = {'status': 404, 'value': '{\"value\":{\"error\":\"no such element\",\"message\":\"no such element: Unable to locate element: {\\...unknown>\\\\n#17 0x5597401aaf8c \\\\u003Cunknown>\\\\n#18 0x7fe06b73ba94 \\\\u003Cunknown>\\\\n#19 0x7fe06b7c8a34 __clone\\\\n\"}}'}\n\n    def check_response(self, response: Dict[str, Any]) -> None:\n        \"\"\"Checks that a JSON response from the WebDriver does not have an\n        error.\n    \n        :Args:\n         - response - The JSON response from the WebDriver server as a dictionary\n           object.\n    \n        :Raises: If the response contains an error message.\n        \"\"\"\n        status = response.get(\"status\", None)\n        if not status or status == ErrorCode.SUCCESS:\n            return\n        value = None\n        message = response.get(\"message\", \"\")\n        screen: str = response.get(\"screen\", \"\")\n        stacktrace = None\n        if isinstance(status, int):\n            value_json = response.get(\"value\", None)\n            if value_json and isinstance(value_json, str):\n                import json\n    \n                try:\n                    value = json.loads(value_json)\n                    if len(value) == 1:\n                        value = value[\"value\"]\n                    status = value.get(\"error\", None)\n                    if not status:\n                        status = value.get(\"status\", ErrorCode.UNKNOWN_ERROR)\n                        message = value.get(\"value\") or value.get(\"message\")\n                        if not isinstance(message, str):\n                            value = message\n                            message = message.get(\"message\")\n                    else:\n                        message = value.get(\"message\", None)\n                except ValueError:\n                    pass\n    \n        exception_class: Type[WebDriverException]\n        e = ErrorCode()\n        error_codes = [item for item in dir(e) if not item.startswith(\"__\")]\n        for error_code in error_codes:\n            error_info = getattr(ErrorCode, error_code)\n            if isinstance(error_info, list) and status in error_info:\n                exception_class = getattr(ExceptionMapping, error_code, WebDriverException)\n                break\n        else:\n            exception_class = WebDriverException\n    \n        if not value:\n            value = response[\"value\"]\n        if isinstance(value, str):\n            raise exception_class(value)\n        if message == \"\" and \"message\" in value:\n            message = value[\"message\"]\n    \n        screen = None  # type: ignore[assignment]\n        if \"screen\" in value:\n            screen = value[\"screen\"]\n    \n        stacktrace = None\n        st_value = value.get(\"stackTrace\") or value.get(\"stacktrace\")\n        if st_value:\n            if isinstance(st_value, str):\n                stacktrace = st_value.split(\"\\n\")\n            else:\n                stacktrace = []\n                try:\n                    for frame in st_value:\n                        line = frame.get(\"lineNumber\", \"\")\n                        file = frame.get(\"fileName\", \"<anonymous>\")\n                        if line:\n                            file = f\"{file}:{line}\"\n                        meth = frame.get(\"methodName\", \"<anonymous>\")\n                        if \"className\" in frame:\n                            meth = f\"{frame['className']}.{meth}\"\n                        msg = \"    at %s (%s)\"\n                        msg = msg % (meth, file)\n                        stacktrace.append(msg)\n                except TypeError:\n                    pass\n        if exception_class == UnexpectedAlertPresentException:\n            alert_text = None\n            if \"data\" in value:\n                alert_text = value[\"data\"].get(\"text\")\n            elif \"alert\" in value:\n                alert_text = value[\"alert\"].get(\"text\")\n            raise exception_class(message, screen, stacktrace, alert_text)  # type: ignore[call-arg]  # mypy is not smart enough here\n>       raise exception_class(message, screen, stacktrace)\nE       selenium.common.exceptions.NoSuchElementException: Message: no such element: Unable to locate element: {\"method\":\"css selector\",\"selector\":\"[id=\"ContentPlaceHolderDefault_ctl13_nptLLPG2_25_addresslookup_txtTmpPostcode\"]\"}\nE         (Session info: chrome=129.0.6668.58); For documentation on this error, please visit: https://www.selenium.dev/documentation/webdriver/troubleshooting/errors#no-such-element-exception\nE       Stacktrace:\nE       #0 0x5597401ac13a <unknown>\nE       #1 0x55973fe925e0 <unknown>\nE       #2 0x55973fee1be8 <unknown>\nE       #3 0x55973fee1e81 <unknown>\nE       #4 0x55973ff288c4 <unknown>\nE       #5 0x55973ff06b4d <unknown>\nE       #6 0x55973ff25d7d <unknown>\nE       #7 0x55973ff068c3 <unknown>\nE       #8 0x55973fed46b3 <unknown>\nE       #9 0x55973fed568e <unknown>\nE       #10 0x559740176b3b <unknown>\nE       #11 0x55974017aac1 <unknown>\nE       #12 0x559740163335 <unknown>\nE       #13 0x55974017b642 <unknown>\nE       #14 0x55974014849f <unknown>\nE       #15 0x55974019b038 <unknown>\nE       #16 0x55974019b203 <unknown>\nE       #17 0x5597401aaf8c <unknown>\nE       #18 0x7fe06b73ba94 <unknown>\nE       #19 0x7fe06b7c8a34 __clone\n\n../../../.cache/pypoetry/virtualenvs/uk-bin-collection-EwS6Gn8s-py3.12/lib/python3.12/site-packages/selenium/webdriver/remote/errorhandler.py:229: NoSuchElementException","steps":[{"name":"Given the council","time":{"start":1727655483239,"stop":1727655483240,"duration":1},"status":"passed","steps":[],"attachments":[],"parameters":[],"shouldDisplayMessage":false,"stepsCount":0,"attachmentsCount":0,"hasContent":false,"attachmentStep":false},{"name":"When we scrape the data from the council","time":{"start":1727655483240,"stop":1727655517391,"duration":34151},"status":"failed","statusMessage":"Message: no such element: Unable to locate element: {\"method\":\"css selector\",\"selector\":\"[id=\"ContentPlaceHolderDefault_ctl13_nptLLPG2_25_addresslookup_txtTmpPostcode\"]\"}\n  (Session info: chrome=129.0.6668.58); For documentation on this error, please visit: https://www.selenium.dev/documentation/webdriver/troubleshooting/errors#no-such-element-exception\nStacktrace:\n#0 0x5597401ac13a <unknown>\n#1 0x55973fe925e0 <unknown>\n#2 0x55973fee1be8 <unknown>\n#3 0x55973fee1e81 <unknown>\n#4 0x55973ff288c4 <unknown>\n#5 0x55973ff06b4d <unknown>\n#6 0x55973ff25d7d <unknown>\n#7 0x55973ff068c3 <unknown>\n#8 0x55973fed46b3 <unknown>\n#9 0x55973fed568e <unknown>\n#10 0x559740176b3b <unknown>\n#11 0x55974017aac1 <unknown>\n#12 0x559740163335 <unknown>\n#13 0x55974017b642 <unknown>\n#14 0x55974014849f <unknown>\n#15 0x55974019b038 <unknown>\n#16 0x55974019b203 <unknown>\n#17 0x5597401aaf8c <unknown>\n#18 0x7fe06b73ba94 <unknown>\n#19 0x7fe06b7c8a34 __clone\n","statusTrace":"selenium.common.exceptions.NoSuchElementException: Message: no such element: Unable to locate element: {\"method\":\"css selector\",\"selector\":\"[id=\"ContentPlaceHolderDefault_ctl13_nptLLPG2_25_addresslookup_txtTmpPostcode\"]\"}\n  (Session info: chrome=129.0.6668.58); For documentation on this error, please visit: https://www.selenium.dev/documentation/webdriver/troubleshooting/errors#no-such-element-exception\nStacktrace:\n#0 0x5597401ac13a <unknown>\n#1 0x55973fe925e0 <unknown>\n#2 0x55973fee1be8 <unknown>\n#3 0x55973fee1e81 <unknown>\n#4 0x55973ff288c4 <unknown>\n#5 0x55973ff06b4d <unknown>\n#6 0x55973ff25d7d <unknown>\n#7 0x55973ff068c3 <unknown>\n#8 0x55973fed46b3 <unknown>\n#9 0x55973fed568e <unknown>\n#10 0x559740176b3b <unknown>\n#11 0x55974017aac1 <unknown>\n#12 0x559740163335 <unknown>\n#13 0x55974017b642 <unknown>\n#14 0x55974014849f <unknown>\n#15 0x55974019b038 <unknown>\n#16 0x55974019b203 <unknown>\n#17 0x5597401aaf8c <unknown>\n#18 0x7fe06b73ba94 <unknown>\n#19 0x7fe06b7c8a34 __clone\n\n","steps":[],"attachments":[],"parameters":[],"shouldDisplayMessage":true,"stepsCount":0,"attachmentsCount":0,"hasContent":true,"attachmentStep":false}],"attachments":[{"uid":"f8b8244990ec61f4","name":"stdout","source":"f8b8244990ec61f4.txt","type":"text/plain","size":1005}],"parameters":[],"shouldDisplayMessage":true,"stepsCount":2,"attachmentsCount":1,"hasContent":true,"attachmentStep":false},"afterStages":[],"labels":[{"name":"host","value":"fv-az1196-271"},{"name":"thread","value":"2838-MainThread"},{"name":"framework","value":"pytest-bdd"},{"name":"language","value":"cpython3"},{"name":"feature","value":"Test each council output matches expected results"},{"name":"resultFormat","value":"allure2"}],"parameters":[{"name":"council","value":"NeathPortTalbotCouncil"}],"links":[],"hidden":false,"retry":false,"extra":{"severity":"normal","retries":[],"categories":[{"name":"Product defects","matchedStatuses":[],"flaky":false}],"history":{"statistic":{"failed":156,"broken":0,"skipped":0,"passed":0,"unknown":0,"total":156},"items":[{"uid":"3291459f65f007cc","reportUrl":"https://robbrad.github.io/UKBinCollectionData/3.12/2136//#testresult/3291459f65f007cc","status":"failed","statusDetails":"selenium.common.exceptions.NoSuchElementException: Message: no such element: Unable to locate element: {\"method\":\"css selector\",\"selector\":\"[id=\"ContentPlaceHolderDefault_ctl13_nptLLPG2_25_addresslookup_txtTmpPostcode\"]\"}\n  (Session info: chrome=129.0.6668.58); For documentation on this error, please visit: https://www.selenium.dev/documentation/webdriver/troubleshooting/errors#no-such-element-exception\nStacktrace:\n#0 0x55de208df13a <unknown>\n#1 0x55de205c55e0 <unknown>\n#2 0x55de20614be8 <unknown>\n#3 0x55de20614e81 <unknown>\n#4 0x55de2065b8c4 <unknown>\n#5 0x55de20639b4d <unknown>\n#6 0x55de20658d7d <unknown>\n#7 0x55de206398c3 <unknown>\n#8 0x55de206076b3 <unknown>\n#9 0x55de2060868e <unknown>\n#10 0x55de208a9b3b <unknown>\n#11 0x55de208adac1 <unknown>\n#12 0x55de20896335 <unknown>\n#13 0x55de208ae642 <unknown>\n#14 0x55de2087b49f <unknown>\n#15 0x55de208ce038 <unknown>\n#16 0x55de208ce203 <unknown>\n#17 0x55de208ddf8c <unknown>\n#18 0x7fe4a45e1a94 <unknown>\n#19 0x7fe4a466ea34 __clone","time":{"start":1727569184790,"stop":1727569194040,"duration":9250}},{"uid":"15d4ceab4744bb34","reportUrl":"https://robbrad.github.io/UKBinCollectionData/3.12/2135//#testresult/15d4ceab4744bb34","status":"failed","statusDetails":"selenium.common.exceptions.NoSuchElementException: Message: no such element: Unable to locate element: {\"method\":\"css selector\",\"selector\":\"[id=\"ContentPlaceHolderDefault_ctl13_nptLLPG2_25_addresslookup_txtTmpPostcode\"]\"}\n  (Session info: chrome=129.0.6668.58); For documentation on this error, please visit: https://www.selenium.dev/documentation/webdriver/troubleshooting/errors#no-such-element-exception\nStacktrace:\n#0 0x565383c6e13a <unknown>\n#1 0x5653839545e0 <unknown>\n#2 0x5653839a3be8 <unknown>\n#3 0x5653839a3e81 <unknown>\n#4 0x5653839ea8c4 <unknown>\n#5 0x5653839c8b4d <unknown>\n#6 0x5653839e7d7d <unknown>\n#7 0x5653839c88c3 <unknown>\n#8 0x5653839966b3 <unknown>\n#9 0x56538399768e <unknown>\n#10 0x565383c38b3b <unknown>\n#11 0x565383c3cac1 <unknown>\n#12 0x565383c25335 <unknown>\n#13 0x565383c3d642 <unknown>\n#14 0x565383c0a49f <unknown>\n#15 0x565383c5d038 <unknown>\n#16 0x565383c5d203 <unknown>\n#17 0x565383c6cf8c <unknown>\n#18 0x7fa6af866a94 <unknown>\n#19 0x7fa6af8f3a34 __clone","time":{"start":1727482659324,"stop":1727482713025,"duration":53701}},{"uid":"56e4a522134f6159","reportUrl":"https://robbrad.github.io/UKBinCollectionData/3.12/2131//#testresult/56e4a522134f6159","status":"failed","statusDetails":"selenium.common.exceptions.NoSuchElementException: Message: no such element: Unable to locate element: {\"method\":\"css selector\",\"selector\":\"[id=\"ContentPlaceHolderDefault_ctl13_nptLLPG2_25_addresslookup_txtTmpPostcode\"]\"}\n  (Session info: chrome=129.0.6668.58); For documentation on this error, please visit: https://www.selenium.dev/documentation/webdriver/troubleshooting/errors#no-such-element-exception\nStacktrace:\n#0 0x558b8d66013a <unknown>\n#1 0x558b8d3465e0 <unknown>\n#2 0x558b8d395be8 <unknown>\n#3 0x558b8d395e81 <unknown>\n#4 0x558b8d3dc8c4 <unknown>\n#5 0x558b8d3bab4d <unknown>\n#6 0x558b8d3d9d7d <unknown>\n#7 0x558b8d3ba8c3 <unknown>\n#8 0x558b8d3886b3 <unknown>\n#9 0x558b8d38968e <unknown>\n#10 0x558b8d62ab3b <unknown>\n#11 0x558b8d62eac1 <unknown>\n#12 0x558b8d617335 <unknown>\n#13 0x558b8d62f642 <unknown>\n#14 0x558b8d5fc49f <unknown>\n#15 0x558b8d64f038 <unknown>\n#16 0x558b8d64f203 <unknown>\n#17 0x558b8d65ef8c <unknown>\n#18 0x7f5a1046ba94 <unknown>\n#19 0x7f5a104f8a34 __clone","time":{"start":1727422601357,"stop":1727422642086,"duration":40729}},{"uid":"a0de2d4f82909ba2","reportUrl":"https://robbrad.github.io/UKBinCollectionData/3.12/2130//#testresult/a0de2d4f82909ba2","status":"failed","statusDetails":"selenium.common.exceptions.NoSuchElementException: Message: no such element: Unable to locate element: {\"method\":\"css selector\",\"selector\":\"[id=\"ContentPlaceHolderDefault_ctl13_nptLLPG2_25_addresslookup_txtTmpPostcode\"]\"}\n  (Session info: chrome=129.0.6668.58); For documentation on this error, please visit: https://www.selenium.dev/documentation/webdriver/troubleshooting/errors#no-such-element-exception\nStacktrace:\n#0 0x55e50ed0313a <unknown>\n#1 0x55e50e9e95e0 <unknown>\n#2 0x55e50ea38be8 <unknown>\n#3 0x55e50ea38e81 <unknown>\n#4 0x55e50ea7f8c4 <unknown>\n#5 0x55e50ea5db4d <unknown>\n#6 0x55e50ea7cd7d <unknown>\n#7 0x55e50ea5d8c3 <unknown>\n#8 0x55e50ea2b6b3 <unknown>\n#9 0x55e50ea2c68e <unknown>\n#10 0x55e50eccdb3b <unknown>\n#11 0x55e50ecd1ac1 <unknown>\n#12 0x55e50ecba335 <unknown>\n#13 0x55e50ecd2642 <unknown>\n#14 0x55e50ec9f49f <unknown>\n#15 0x55e50ecf2038 <unknown>\n#16 0x55e50ecf2203 <unknown>\n#17 0x55e50ed01f8c <unknown>\n#18 0x7f47938a2a94 <unknown>\n#19 0x7f479392fa34 __clone","time":{"start":1727396364696,"stop":1727396411677,"duration":46981}},{"uid":"f837e938274f97d4","reportUrl":"https://robbrad.github.io/UKBinCollectionData/3.12/2129//#testresult/f837e938274f97d4","status":"failed","statusDetails":"selenium.common.exceptions.NoSuchElementException: Message: no such element: Unable to locate element: {\"method\":\"css selector\",\"selector\":\"[id=\"ContentPlaceHolderDefault_ctl13_nptLLPG2_25_addresslookup_txtTmpPostcode\"]\"}\n  (Session info: chrome=129.0.6668.58); For documentation on this error, please visit: https://www.selenium.dev/documentation/webdriver/troubleshooting/errors#no-such-element-exception\nStacktrace:\n#0 0x564ddc24f13a <unknown>\n#1 0x564ddbf355e0 <unknown>\n#2 0x564ddbf84be8 <unknown>\n#3 0x564ddbf84e81 <unknown>\n#4 0x564ddbfcb8c4 <unknown>\n#5 0x564ddbfa9b4d <unknown>\n#6 0x564ddbfc8d7d <unknown>\n#7 0x564ddbfa98c3 <unknown>\n#8 0x564ddbf776b3 <unknown>\n#9 0x564ddbf7868e <unknown>\n#10 0x564ddc219b3b <unknown>\n#11 0x564ddc21dac1 <unknown>\n#12 0x564ddc206335 <unknown>\n#13 0x564ddc21e642 <unknown>\n#14 0x564ddc1eb49f <unknown>\n#15 0x564ddc23e038 <unknown>\n#16 0x564ddc23e203 <unknown>\n#17 0x564ddc24df8c <unknown>\n#18 0x7f18c5213a94 <unknown>\n#19 0x7f18c52a0a34 __clone","time":{"start":1727309886703,"stop":1727309912313,"duration":25610}},{"uid":"b3095a243ba086ae","reportUrl":"https://robbrad.github.io/UKBinCollectionData/3.12/2128//#testresult/b3095a243ba086ae","status":"failed","statusDetails":"selenium.common.exceptions.NoSuchElementException: Message: no such element: Unable to locate element: {\"method\":\"css selector\",\"selector\":\"[id=\"ContentPlaceHolderDefault_ctl13_nptLLPG2_25_addresslookup_txtTmpPostcode\"]\"}\n  (Session info: chrome=129.0.6668.58); For documentation on this error, please visit: https://www.selenium.dev/documentation/webdriver/troubleshooting/errors#no-such-element-exception\nStacktrace:\n#0 0x5577f618e13a <unknown>\n#1 0x5577f5e745e0 <unknown>\n#2 0x5577f5ec3be8 <unknown>\n#3 0x5577f5ec3e81 <unknown>\n#4 0x5577f5f0a8c4 <unknown>\n#5 0x5577f5ee8b4d <unknown>\n#6 0x5577f5f07d7d <unknown>\n#7 0x5577f5ee88c3 <unknown>\n#8 0x5577f5eb66b3 <unknown>\n#9 0x5577f5eb768e <unknown>\n#10 0x5577f6158b3b <unknown>\n#11 0x5577f615cac1 <unknown>\n#12 0x5577f6145335 <unknown>\n#13 0x5577f615d642 <unknown>\n#14 0x5577f612a49f <unknown>\n#15 0x5577f617d038 <unknown>\n#16 0x5577f617d203 <unknown>\n#17 0x5577f618cf8c <unknown>\n#18 0x7f32de324a94 <unknown>\n#19 0x7f32de3b1a34 __clone","time":{"start":1727223513208,"stop":1727223560293,"duration":47085}},{"uid":"e86e626977881724","reportUrl":"https://robbrad.github.io/UKBinCollectionData/3.12/2127//#testresult/e86e626977881724","status":"failed","statusDetails":"selenium.common.exceptions.ElementNotInteractableException: Message: element not interactable\n  (Session info: chrome=129.0.6668.58)\nStacktrace:\n#0 0x55bf7430413a <unknown>\n#1 0x55bf73fea43d <unknown>\n#2 0x55bf7403addb <unknown>\n#3 0x55bf7402ea98 <unknown>\n#4 0x55bf7405eb22 <unknown>\n#5 0x55bf7402e478 <unknown>\n#6 0x55bf7405ecee <unknown>\n#7 0x55bf7407dd7d <unknown>\n#8 0x55bf7405e8c3 <unknown>\n#9 0x55bf7402c6b3 <unknown>\n#10 0x55bf7402d68e <unknown>\n#11 0x55bf742ceb3b <unknown>\n#12 0x55bf742d2ac1 <unknown>\n#13 0x55bf742bb335 <unknown>\n#14 0x55bf742d3642 <unknown>\n#15 0x55bf742a049f <unknown>\n#16 0x55bf742f3038 <unknown>\n#17 0x55bf742f3203 <unknown>\n#18 0x55bf74302f8c <unknown>\n#19 0x7f87df47ca94 <unknown>\n#20 0x7f87df509a34 __clone","time":{"start":1727137213770,"stop":1727137223832,"duration":10062}},{"uid":"4d6540f7d364bb68","reportUrl":"https://robbrad.github.io/UKBinCollectionData/3.12/2126//#testresult/4d6540f7d364bb68","status":"failed","statusDetails":"selenium.common.exceptions.NoSuchElementException: Message: no such element: Unable to locate element: {\"method\":\"css selector\",\"selector\":\"[id=\"ContentPlaceHolderDefault_ctl13_nptLLPG2_25_addresslookup_txtTmpPostcode\"]\"}\n  (Session info: chrome=129.0.6668.58); For documentation on this error, please visit: https://www.selenium.dev/documentation/webdriver/troubleshooting/errors#no-such-element-exception\nStacktrace:\n#0 0x55603333213a <unknown>\n#1 0x5560330185e0 <unknown>\n#2 0x556033067be8 <unknown>\n#3 0x556033067e81 <unknown>\n#4 0x5560330ae8c4 <unknown>\n#5 0x55603308cb4d <unknown>\n#6 0x5560330abd7d <unknown>\n#7 0x55603308c8c3 <unknown>\n#8 0x55603305a6b3 <unknown>\n#9 0x55603305b68e <unknown>\n#10 0x5560332fcb3b <unknown>\n#11 0x556033300ac1 <unknown>\n#12 0x5560332e9335 <unknown>\n#13 0x556033301642 <unknown>\n#14 0x5560332ce49f <unknown>\n#15 0x556033321038 <unknown>\n#16 0x556033321203 <unknown>\n#17 0x556033330f8c <unknown>\n#18 0x7f578ae96a94 <unknown>\n#19 0x7f578af23a34 __clone","time":{"start":1727050884954,"stop":1727050907298,"duration":22344}},{"uid":"e68ff16195f3ec18","reportUrl":"https://robbrad.github.io/UKBinCollectionData/3.12/2125//#testresult/e68ff16195f3ec18","status":"failed","statusDetails":"selenium.common.exceptions.ElementNotInteractableException: Message: element not interactable\n  (Session info: chrome=128.0.6613.119)\nStacktrace:\n#0 0x55d66792886a <unknown>\n#1 0x55d6675f6c91 <unknown>\n#2 0x55d66764792f <unknown>\n#3 0x55d66763b4d6 <unknown>\n#4 0x55d66766b492 <unknown>\n#5 0x55d66763ae89 <unknown>\n#6 0x55d66766b65e <unknown>\n#7 0x55d6676899c6 <unknown>\n#8 0x55d66766b233 <unknown>\n#9 0x55d667639093 <unknown>\n#10 0x55d66763a09e <unknown>\n#11 0x55d6678efacb <unknown>\n#12 0x55d6678f3a81 <unknown>\n#13 0x55d6678db695 <unknown>\n#14 0x55d6678f45f2 <unknown>\n#15 0x55d6678c086f <unknown>\n#16 0x55d667917668 <unknown>\n#17 0x55d667917832 <unknown>\n#18 0x55d66792765c <unknown>\n#19 0x7f2fc82b4a94 <unknown>\n#20 0x7f2fc8341a34 __clone","time":{"start":1726964400177,"stop":1726964420897,"duration":20720}},{"uid":"b829b963dbcb7664","reportUrl":"https://robbrad.github.io/UKBinCollectionData/3.12/2124//#testresult/b829b963dbcb7664","status":"failed","statusDetails":"selenium.common.exceptions.NoSuchElementException: Message: no such element: Unable to locate element: {\"method\":\"css selector\",\"selector\":\"[id=\"ContentPlaceHolderDefault_ctl13_nptLLPG2_25_addresslookup_txtTmpPostcode\"]\"}\n  (Session info: chrome=128.0.6613.119); For documentation on this error, please visit: https://www.selenium.dev/documentation/webdriver/troubleshooting/errors#no-such-element-exception\nStacktrace:\n#0 0x5616b693386a <unknown>\n#1 0x5616b6601e50 <unknown>\n#2 0x5616b6651644 <unknown>\n#3 0x5616b6651931 <unknown>\n#4 0x5616b6697534 <unknown>\n#5 0x5616b66764bd <unknown>\n#6 0x5616b66949c6 <unknown>\n#7 0x5616b6676233 <unknown>\n#8 0x5616b6644093 <unknown>\n#9 0x5616b664509e <unknown>\n#10 0x5616b68faacb <unknown>\n#11 0x5616b68fea81 <unknown>\n#12 0x5616b68e6695 <unknown>\n#13 0x5616b68ff5f2 <unknown>\n#14 0x5616b68cb86f <unknown>\n#15 0x5616b6922668 <unknown>\n#16 0x5616b6922832 <unknown>\n#17 0x5616b693265c <unknown>\n#18 0x7f50b2e5fa94 <unknown>\n#19 0x7f50b2eeca34 __clone","time":{"start":1726878089760,"stop":1726878111276,"duration":21516}},{"uid":"b5bcd0ea03fafc00","reportUrl":"https://robbrad.github.io/UKBinCollectionData/3.12/2123//#testresult/b5bcd0ea03fafc00","status":"failed","statusDetails":"selenium.common.exceptions.NoSuchElementException: Message: no such element: Unable to locate element: {\"method\":\"css selector\",\"selector\":\"[id=\"ContentPlaceHolderDefault_ctl13_nptLLPG2_25_addresslookup_txtTmpPostcode\"]\"}\n  (Session info: chrome=128.0.6613.119); For documentation on this error, please visit: https://www.selenium.dev/documentation/webdriver/troubleshooting/errors#no-such-element-exception\nStacktrace:\n#0 0x55b2eaa1486a <unknown>\n#1 0x55b2ea6e2e50 <unknown>\n#2 0x55b2ea732644 <unknown>\n#3 0x55b2ea732931 <unknown>\n#4 0x55b2ea778534 <unknown>\n#5 0x55b2ea7574bd <unknown>\n#6 0x55b2ea7759c6 <unknown>\n#7 0x55b2ea757233 <unknown>\n#8 0x55b2ea725093 <unknown>\n#9 0x55b2ea72609e <unknown>\n#10 0x55b2ea9dbacb <unknown>\n#11 0x55b2ea9dfa81 <unknown>\n#12 0x55b2ea9c7695 <unknown>\n#13 0x55b2ea9e05f2 <unknown>\n#14 0x55b2ea9ac86f <unknown>\n#15 0x55b2eaa03668 <unknown>\n#16 0x55b2eaa03832 <unknown>\n#17 0x55b2eaa1365c <unknown>\n#18 0x7fd870a70a94 <unknown>\n#19 0x7fd870afda34 __clone","time":{"start":1726791537717,"stop":1726791611717,"duration":74000}},{"uid":"e9736b47b77b576a","reportUrl":"https://robbrad.github.io/UKBinCollectionData/3.12/2122//#testresult/e9736b47b77b576a","status":"failed","statusDetails":"selenium.common.exceptions.NoSuchElementException: Message: no such element: Unable to locate element: {\"method\":\"css selector\",\"selector\":\"[id=\"ContentPlaceHolderDefault_ctl13_nptLLPG2_25_addresslookup_txtTmpPostcode\"]\"}\n  (Session info: chrome=128.0.6613.119); For documentation on this error, please visit: https://www.selenium.dev/documentation/webdriver/troubleshooting/errors#no-such-element-exception\nStacktrace:\n#0 0x55eed80f786a <unknown>\n#1 0x55eed7dc5e50 <unknown>\n#2 0x55eed7e15644 <unknown>\n#3 0x55eed7e15931 <unknown>\n#4 0x55eed7e5b534 <unknown>\n#5 0x55eed7e3a4bd <unknown>\n#6 0x55eed7e589c6 <unknown>\n#7 0x55eed7e3a233 <unknown>\n#8 0x55eed7e08093 <unknown>\n#9 0x55eed7e0909e <unknown>\n#10 0x55eed80beacb <unknown>\n#11 0x55eed80c2a81 <unknown>\n#12 0x55eed80aa695 <unknown>\n#13 0x55eed80c35f2 <unknown>\n#14 0x55eed808f86f <unknown>\n#15 0x55eed80e6668 <unknown>\n#16 0x55eed80e6832 <unknown>\n#17 0x55eed80f665c <unknown>\n#18 0x7f2d32b5aa94 <unknown>\n#19 0x7f2d32be7a34 __clone","time":{"start":1726705157740,"stop":1726705169003,"duration":11263}},{"uid":"9739a4877a24b3eb","reportUrl":"https://robbrad.github.io/UKBinCollectionData/3.12/2121//#testresult/9739a4877a24b3eb","status":"failed","statusDetails":"selenium.common.exceptions.NoSuchElementException: Message: no such element: Unable to locate element: {\"method\":\"css selector\",\"selector\":\"[id=\"ContentPlaceHolderDefault_ctl13_nptLLPG2_25_addresslookup_txtTmpPostcode\"]\"}\n  (Session info: chrome=128.0.6613.119); For documentation on this error, please visit: https://www.selenium.dev/documentation/webdriver/troubleshooting/errors#no-such-element-exception\nStacktrace:\n#0 0x55b386d9886a <unknown>\n#1 0x55b386a66e50 <unknown>\n#2 0x55b386ab6644 <unknown>\n#3 0x55b386ab6931 <unknown>\n#4 0x55b386afc534 <unknown>\n#5 0x55b386adb4bd <unknown>\n#6 0x55b386af99c6 <unknown>\n#7 0x55b386adb233 <unknown>\n#8 0x55b386aa9093 <unknown>\n#9 0x55b386aaa09e <unknown>\n#10 0x55b386d5facb <unknown>\n#11 0x55b386d63a81 <unknown>\n#12 0x55b386d4b695 <unknown>\n#13 0x55b386d645f2 <unknown>\n#14 0x55b386d3086f <unknown>\n#15 0x55b386d87668 <unknown>\n#16 0x55b386d87832 <unknown>\n#17 0x55b386d9765c <unknown>\n#18 0x7f16bbec1a94 <unknown>\n#19 0x7f16bbf4ea34 __clone","time":{"start":1726618712242,"stop":1726618753180,"duration":40938}},{"uid":"3299a43190d85978","reportUrl":"https://robbrad.github.io/UKBinCollectionData/3.12/2120//#testresult/3299a43190d85978","status":"failed","statusDetails":"selenium.common.exceptions.NoSuchElementException: Message: no such element: Unable to locate element: {\"method\":\"css selector\",\"selector\":\"[id=\"ContentPlaceHolderDefault_ctl13_nptLLPG2_25_addresslookup_txtTmpPostcode\"]\"}\n  (Session info: chrome=128.0.6613.119); For documentation on this error, please visit: https://www.selenium.dev/documentation/webdriver/troubleshooting/errors#no-such-element-exception\nStacktrace:\n#0 0x55ef5298e86a <unknown>\n#1 0x55ef5265ce50 <unknown>\n#2 0x55ef526ac644 <unknown>\n#3 0x55ef526ac931 <unknown>\n#4 0x55ef526f2534 <unknown>\n#5 0x55ef526d14bd <unknown>\n#6 0x55ef526ef9c6 <unknown>\n#7 0x55ef526d1233 <unknown>\n#8 0x55ef5269f093 <unknown>\n#9 0x55ef526a009e <unknown>\n#10 0x55ef52955acb <unknown>\n#11 0x55ef52959a81 <unknown>\n#12 0x55ef52941695 <unknown>\n#13 0x55ef5295a5f2 <unknown>\n#14 0x55ef5292686f <unknown>\n#15 0x55ef5297d668 <unknown>\n#16 0x55ef5297d832 <unknown>\n#17 0x55ef5298d65c <unknown>\n#18 0x7fd2cb214a94 <unknown>\n#19 0x7fd2cb2a1a34 __clone","time":{"start":1726532344647,"stop":1726532431957,"duration":87310}},{"uid":"9d9e31deec3d8a84","reportUrl":"https://robbrad.github.io/UKBinCollectionData/3.12/2116//#testresult/9d9e31deec3d8a84","status":"failed","statusDetails":"selenium.common.exceptions.NoSuchElementException: Message: no such element: Unable to locate element: {\"method\":\"css selector\",\"selector\":\"[id=\"ContentPlaceHolderDefault_ctl13_nptLLPG2_25_addresslookup_txtTmpPostcode\"]\"}\n  (Session info: chrome=128.0.6613.119); For documentation on this error, please visit: https://www.selenium.dev/documentation/webdriver/troubleshooting/errors#no-such-element-exception\nStacktrace:\n#0 0x557d5f7f886a <unknown>\n#1 0x557d5f4c6e50 <unknown>\n#2 0x557d5f516644 <unknown>\n#3 0x557d5f516931 <unknown>\n#4 0x557d5f55c534 <unknown>\n#5 0x557d5f53b4bd <unknown>\n#6 0x557d5f5599c6 <unknown>\n#7 0x557d5f53b233 <unknown>\n#8 0x557d5f509093 <unknown>\n#9 0x557d5f50a09e <unknown>\n#10 0x557d5f7bfacb <unknown>\n#11 0x557d5f7c3a81 <unknown>\n#12 0x557d5f7ab695 <unknown>\n#13 0x557d5f7c45f2 <unknown>\n#14 0x557d5f79086f <unknown>\n#15 0x557d5f7e7668 <unknown>\n#16 0x557d5f7e7832 <unknown>\n#17 0x557d5f7f765c <unknown>\n#18 0x7f71997e3a94 <unknown>\n#19 0x7f7199870a34 __clone","time":{"start":1726446089384,"stop":1726446100463,"duration":11079}},{"uid":"524d4ba0afa4391b","reportUrl":"https://robbrad.github.io/UKBinCollectionData/3.12/2115//#testresult/524d4ba0afa4391b","status":"failed","statusDetails":"selenium.common.exceptions.NoSuchElementException: Message: no such element: Unable to locate element: {\"method\":\"css selector\",\"selector\":\"[id=\"ContentPlaceHolderDefault_ctl13_nptLLPG2_25_addresslookup_txtTmpPostcode\"]\"}\n  (Session info: chrome=128.0.6613.119); For documentation on this error, please visit: https://www.selenium.dev/documentation/webdriver/troubleshooting/errors#no-such-element-exception\nStacktrace:\n#0 0x5619bb3d186a <unknown>\n#1 0x5619bb09fe50 <unknown>\n#2 0x5619bb0ef644 <unknown>\n#3 0x5619bb0ef931 <unknown>\n#4 0x5619bb135534 <unknown>\n#5 0x5619bb1144bd <unknown>\n#6 0x5619bb1329c6 <unknown>\n#7 0x5619bb114233 <unknown>\n#8 0x5619bb0e2093 <unknown>\n#9 0x5619bb0e309e <unknown>\n#10 0x5619bb398acb <unknown>\n#11 0x5619bb39ca81 <unknown>\n#12 0x5619bb384695 <unknown>\n#13 0x5619bb39d5f2 <unknown>\n#14 0x5619bb36986f <unknown>\n#15 0x5619bb3c0668 <unknown>\n#16 0x5619bb3c0832 <unknown>\n#17 0x5619bb3d065c <unknown>\n#18 0x7f24d2786a94 <unknown>\n#19 0x7f24d2813a34 __clone","time":{"start":1726359500090,"stop":1726359517164,"duration":17074}},{"uid":"d1695609b12bb1f4","reportUrl":"https://robbrad.github.io/UKBinCollectionData/3.12/2114//#testresult/d1695609b12bb1f4","status":"failed","statusDetails":"selenium.common.exceptions.NoSuchElementException: Message: no such element: Unable to locate element: {\"method\":\"css selector\",\"selector\":\"[id=\"ContentPlaceHolderDefault_ctl13_nptLLPG2_25_addresslookup_txtTmpPostcode\"]\"}\n  (Session info: chrome=128.0.6613.119); For documentation on this error, please visit: https://www.selenium.dev/documentation/webdriver/troubleshooting/errors#no-such-element-exception\nStacktrace:\n#0 0x55e503bad86a <unknown>\n#1 0x55e50387be50 <unknown>\n#2 0x55e5038cb644 <unknown>\n#3 0x55e5038cb931 <unknown>\n#4 0x55e503911534 <unknown>\n#5 0x55e5038f04bd <unknown>\n#6 0x55e50390e9c6 <unknown>\n#7 0x55e5038f0233 <unknown>\n#8 0x55e5038be093 <unknown>\n#9 0x55e5038bf09e <unknown>\n#10 0x55e503b74acb <unknown>\n#11 0x55e503b78a81 <unknown>\n#12 0x55e503b60695 <unknown>\n#13 0x55e503b795f2 <unknown>\n#14 0x55e503b4586f <unknown>\n#15 0x55e503b9c668 <unknown>\n#16 0x55e503b9c832 <unknown>\n#17 0x55e503bac65c <unknown>\n#18 0x7fde66e1ea94 <unknown>\n#19 0x7fde66eaba34 __clone","time":{"start":1726273151567,"stop":1726273206053,"duration":54486}},{"uid":"e37f8702671a3c42","reportUrl":"https://robbrad.github.io/UKBinCollectionData/3.12/2113//#testresult/e37f8702671a3c42","status":"failed","statusDetails":"selenium.common.exceptions.NoSuchElementException: Message: no such element: Unable to locate element: {\"method\":\"css selector\",\"selector\":\"[id=\"ContentPlaceHolderDefault_ctl13_nptLLPG2_25_addresslookup_txtTmpPostcode\"]\"}\n  (Session info: chrome=128.0.6613.119); For documentation on this error, please visit: https://www.selenium.dev/documentation/webdriver/troubleshooting/errors#no-such-element-exception\nStacktrace:\n#0 0x55e79e06a86a <unknown>\n#1 0x55e79dd38e50 <unknown>\n#2 0x55e79dd88644 <unknown>\n#3 0x55e79dd88931 <unknown>\n#4 0x55e79ddce534 <unknown>\n#5 0x55e79ddad4bd <unknown>\n#6 0x55e79ddcb9c6 <unknown>\n#7 0x55e79ddad233 <unknown>\n#8 0x55e79dd7b093 <unknown>\n#9 0x55e79dd7c09e <unknown>\n#10 0x55e79e031acb <unknown>\n#11 0x55e79e035a81 <unknown>\n#12 0x55e79e01d695 <unknown>\n#13 0x55e79e0365f2 <unknown>\n#14 0x55e79e00286f <unknown>\n#15 0x55e79e059668 <unknown>\n#16 0x55e79e059832 <unknown>\n#17 0x55e79e06965c <unknown>\n#18 0x7fe053322a94 <unknown>\n#19 0x7fe0533afa34 __clone","time":{"start":1726186763050,"stop":1726186781489,"duration":18439}},{"uid":"e929fc034289c7f3","reportUrl":"https://robbrad.github.io/UKBinCollectionData/3.12/2112//#testresult/e929fc034289c7f3","status":"failed","statusDetails":"selenium.common.exceptions.NoSuchElementException: Message: no such element: Unable to locate element: {\"method\":\"css selector\",\"selector\":\"[id=\"ContentPlaceHolderDefault_ctl13_nptLLPG2_25_addresslookup_txtTmpPostcode\"]\"}\n  (Session info: chrome=128.0.6613.119); For documentation on this error, please visit: https://www.selenium.dev/documentation/webdriver/troubleshooting/errors#no-such-element-exception\nStacktrace:\n#0 0x55a187bad86a <unknown>\n#1 0x55a18787be50 <unknown>\n#2 0x55a1878cb644 <unknown>\n#3 0x55a1878cb931 <unknown>\n#4 0x55a187911534 <unknown>\n#5 0x55a1878f04bd <unknown>\n#6 0x55a18790e9c6 <unknown>\n#7 0x55a1878f0233 <unknown>\n#8 0x55a1878be093 <unknown>\n#9 0x55a1878bf09e <unknown>\n#10 0x55a187b74acb <unknown>\n#11 0x55a187b78a81 <unknown>\n#12 0x55a187b60695 <unknown>\n#13 0x55a187b795f2 <unknown>\n#14 0x55a187b4586f <unknown>\n#15 0x55a187b9c668 <unknown>\n#16 0x55a187b9c832 <unknown>\n#17 0x55a187bac65c <unknown>\n#18 0x7f0feb654a94 <unknown>\n#19 0x7f0feb6e1a34 __clone","time":{"start":1726100427026,"stop":1726100437486,"duration":10460}},{"uid":"8e01082ea1f96875","reportUrl":"https://robbrad.github.io/UKBinCollectionData/3.12/2111//#testresult/8e01082ea1f96875","status":"failed","statusDetails":"selenium.common.exceptions.NoSuchElementException: Message: no such element: Unable to locate element: {\"method\":\"css selector\",\"selector\":\"[id=\"ContentPlaceHolderDefault_ctl13_nptLLPG2_25_addresslookup_txtTmpPostcode\"]\"}\n  (Session info: chrome=128.0.6613.119); For documentation on this error, please visit: https://www.selenium.dev/documentation/webdriver/troubleshooting/errors#no-such-element-exception\nStacktrace:\n#0 0x55c71649886a <unknown>\n#1 0x55c716166e50 <unknown>\n#2 0x55c7161b6644 <unknown>\n#3 0x55c7161b6931 <unknown>\n#4 0x55c7161fc534 <unknown>\n#5 0x55c7161db4bd <unknown>\n#6 0x55c7161f99c6 <unknown>\n#7 0x55c7161db233 <unknown>\n#8 0x55c7161a9093 <unknown>\n#9 0x55c7161aa09e <unknown>\n#10 0x55c71645facb <unknown>\n#11 0x55c716463a81 <unknown>\n#12 0x55c71644b695 <unknown>\n#13 0x55c7164645f2 <unknown>\n#14 0x55c71643086f <unknown>\n#15 0x55c716487668 <unknown>\n#16 0x55c716487832 <unknown>\n#17 0x55c71649765c <unknown>\n#18 0x7f5f324e3a94 <unknown>\n#19 0x7f5f32570a34 __clone","time":{"start":1726013940852,"stop":1726014002576,"duration":61724}}]},"tags":[]},"source":"4e7db503b7d5c435.json","parameterValues":["NeathPortTalbotCouncil"]}