{"uid":"372f1585a4e0788d","name":"Validate Council Output [NeathPortTalbotCouncil-http://selenium:4444-local]","fullName":"features/validate_council_outputs.feature:Validate Council Output","historyId":"68717d64a9b5b73045a4198b6f1e2a64","time":{"start":1706315209085,"stop":1706315212407,"duration":3322},"status":"failed","statusMessage":"selenium.common.exceptions.NoSuchElementException: Message: no such element: Unable to locate element: {\"method\":\"css selector\",\"selector\":\"[id=\"ContentPlaceHolderDefault_ctl13_nptLLPG2_25_addresslookup_txtTmpPostcode\"]\"}\n  (Session info: chrome-headless-shell=120.0.6099.224); For documentation on this error, please visit: https://www.selenium.dev/documentation/webdriver/troubleshooting/errors#no-such-element-exception\nStacktrace:\n#0 0x558c3196af83 <unknown>\n#1 0x558c31623cf7 <unknown>\n#2 0x558c3167399e <unknown>\n#3 0x558c31673aa1 <unknown>\n#4 0x558c316bed64 <unknown>\n#5 0x558c3169d0dd <unknown>\n#6 0x558c316bc006 <unknown>\n#7 0x558c3169ce53 <unknown>\n#8 0x558c31664dd4 <unknown>\n#9 0x558c316661de <unknown>\n#10 0x558c3192f531 <unknown>\n#11 0x558c31933455 <unknown>\n#12 0x558c3191bf55 <unknown>\n#13 0x558c319340ef <unknown>\n#14 0x558c318ff99f <unknown>\n#15 0x558c31958008 <unknown>\n#16 0x558c319581d7 <unknown>\n#17 0x558c3196a124 <unknown>\n#18 0x7fe5b4a94ac3 <unknown>","statusTrace":"fixturefunc = <function scrape_step at 0x7fccb750f250>\nrequest = <FixtureRequest for <Function test_scenario_outline[NeathPortTalbotCouncil-http://selenium:4444-local]>>\nkwargs = {'context': <test_validate_council.context.<locals>.Context object at 0x7fccb685d900>, 'council': 'NeathPortTalbotCouncil', 'selenium_mode': 'local', 'selenium_url': 'http://selenium:4444'}\n\n    def call_fixture_func(\n        fixturefunc: \"_FixtureFunc[FixtureValue]\", request: FixtureRequest, kwargs\n    ) -> FixtureValue:\n        if is_generator(fixturefunc):\n            fixturefunc = cast(\n                Callable[..., Generator[FixtureValue, None, None]], fixturefunc\n            )\n            generator = fixturefunc(**kwargs)\n            try:\n                fixture_result = next(generator)\n            except StopIteration:\n                raise ValueError(f\"{request.fixturename} did not yield a value\") from None\n            finalizer = functools.partial(_teardown_yield_fixture, fixturefunc, generator)\n            request.addfinalizer(finalizer)\n        else:\n            fixturefunc = cast(Callable[..., FixtureValue], fixturefunc)\n>           fixture_result = fixturefunc(**kwargs)\n\n../../../.cache/pypoetry/virtualenvs/uk-bin-collection-EwS6Gn8s-py3.10/lib/python3.10/site-packages/_pytest/fixtures.py:902: \n_ _ _ _ _ _ _ _ _ _ _ _ _ _ _ _ _ _ _ _ _ _ _ _ _ _ _ _ _ _ _ _ _ _ _ _ _ _ _ _ \nuk_bin_collection/tests/step_defs/test_validate_council.py:92: in scrape_step\n    context.parse_result = CollectData.run()\nuk_bin_collection/uk_bin_collection/collect_data.py:96: in run\n    return self.client_code(\nuk_bin_collection/uk_bin_collection/collect_data.py:115: in client_code\n    return get_bin_data_class.template_method(address_url, **kwargs)\nuk_bin_collection/uk_bin_collection/get_bin_data.py:78: in template_method\n    bin_data_dict = self.parse_data(\nuk_bin_collection/uk_bin_collection/councils/NeathPortTalbotCouncil.py:42: in parse_data\n    inputElement_postcode = driver.find_element(\n../../../.cache/pypoetry/virtualenvs/uk-bin-collection-EwS6Gn8s-py3.10/lib/python3.10/site-packages/selenium/webdriver/remote/webdriver.py:738: in find_element\n    return self.execute(Command.FIND_ELEMENT, {\"using\": by, \"value\": value})[\"value\"]\n../../../.cache/pypoetry/virtualenvs/uk-bin-collection-EwS6Gn8s-py3.10/lib/python3.10/site-packages/selenium/webdriver/remote/webdriver.py:344: in execute\n    self.error_handler.check_response(response)\n_ _ _ _ _ _ _ _ _ _ _ _ _ _ _ _ _ _ _ _ _ _ _ _ _ _ _ _ _ _ _ _ _ _ _ _ _ _ _ _ \n\nself = <selenium.webdriver.remote.errorhandler.ErrorHandler object at 0x7fccb6878be0>\nresponse = {'status': 404, 'value': '{\"value\":{\"error\":\"no such element\",\"message\":\"no such element: Unable to locate element: {\\...\\\\n#16 0x558c319581d7 \\\\u003Cunknown>\\\\n#17 0x558c3196a124 \\\\u003Cunknown>\\\\n#18 0x7fe5b4a94ac3 \\\\u003Cunknown>\\\\n\"}}'}\n\n    def check_response(self, response: Dict[str, Any]) -> None:\n        \"\"\"Checks that a JSON response from the WebDriver does not have an\n        error.\n    \n        :Args:\n         - response - The JSON response from the WebDriver server as a dictionary\n           object.\n    \n        :Raises: If the response contains an error message.\n        \"\"\"\n        status = response.get(\"status\", None)\n        if not status or status == ErrorCode.SUCCESS:\n            return\n        value = None\n        message = response.get(\"message\", \"\")\n        screen: str = response.get(\"screen\", \"\")\n        stacktrace = None\n        if isinstance(status, int):\n            value_json = response.get(\"value\", None)\n            if value_json and isinstance(value_json, str):\n                import json\n    \n                try:\n                    value = json.loads(value_json)\n                    if len(value) == 1:\n                        value = value[\"value\"]\n                    status = value.get(\"error\", None)\n                    if not status:\n                        status = value.get(\"status\", ErrorCode.UNKNOWN_ERROR)\n                        message = value.get(\"value\") or value.get(\"message\")\n                        if not isinstance(message, str):\n                            value = message\n                            message = message.get(\"message\")\n                    else:\n                        message = value.get(\"message\", None)\n                except ValueError:\n                    pass\n    \n        exception_class: Type[WebDriverException]\n        e = ErrorCode()\n        error_codes = [item for item in dir(e) if not item.startswith(\"__\")]\n        for error_code in error_codes:\n            error_info = getattr(ErrorCode, error_code)\n            if isinstance(error_info, list) and status in error_info:\n                exception_class = getattr(ExceptionMapping, error_code, WebDriverException)\n                break\n        else:\n            exception_class = WebDriverException\n    \n        if not value:\n            value = response[\"value\"]\n        if isinstance(value, str):\n            raise exception_class(value)\n        if message == \"\" and \"message\" in value:\n            message = value[\"message\"]\n    \n        screen = None  # type: ignore[assignment]\n        if \"screen\" in value:\n            screen = value[\"screen\"]\n    \n        stacktrace = None\n        st_value = value.get(\"stackTrace\") or value.get(\"stacktrace\")\n        if st_value:\n            if isinstance(st_value, str):\n                stacktrace = st_value.split(\"\\n\")\n            else:\n                stacktrace = []\n                try:\n                    for frame in st_value:\n                        line = frame.get(\"lineNumber\", \"\")\n                        file = frame.get(\"fileName\", \"<anonymous>\")\n                        if line:\n                            file = f\"{file}:{line}\"\n                        meth = frame.get(\"methodName\", \"<anonymous>\")\n                        if \"className\" in frame:\n                            meth = f\"{frame['className']}.{meth}\"\n                        msg = \"    at %s (%s)\"\n                        msg = msg % (meth, file)\n                        stacktrace.append(msg)\n                except TypeError:\n                    pass\n        if exception_class == UnexpectedAlertPresentException:\n            alert_text = None\n            if \"data\" in value:\n                alert_text = value[\"data\"].get(\"text\")\n            elif \"alert\" in value:\n                alert_text = value[\"alert\"].get(\"text\")\n            raise exception_class(message, screen, stacktrace, alert_text)  # type: ignore[call-arg]  # mypy is not smart enough here\n>       raise exception_class(message, screen, stacktrace)\nE       selenium.common.exceptions.NoSuchElementException: Message: no such element: Unable to locate element: {\"method\":\"css selector\",\"selector\":\"[id=\"ContentPlaceHolderDefault_ctl13_nptLLPG2_25_addresslookup_txtTmpPostcode\"]\"}\nE         (Session info: chrome-headless-shell=120.0.6099.224); For documentation on this error, please visit: https://www.selenium.dev/documentation/webdriver/troubleshooting/errors#no-such-element-exception\nE       Stacktrace:\nE       #0 0x558c3196af83 <unknown>\nE       #1 0x558c31623cf7 <unknown>\nE       #2 0x558c3167399e <unknown>\nE       #3 0x558c31673aa1 <unknown>\nE       #4 0x558c316bed64 <unknown>\nE       #5 0x558c3169d0dd <unknown>\nE       #6 0x558c316bc006 <unknown>\nE       #7 0x558c3169ce53 <unknown>\nE       #8 0x558c31664dd4 <unknown>\nE       #9 0x558c316661de <unknown>\nE       #10 0x558c3192f531 <unknown>\nE       #11 0x558c31933455 <unknown>\nE       #12 0x558c3191bf55 <unknown>\nE       #13 0x558c319340ef <unknown>\nE       #14 0x558c318ff99f <unknown>\nE       #15 0x558c31958008 <unknown>\nE       #16 0x558c319581d7 <unknown>\nE       #17 0x558c3196a124 <unknown>\nE       #18 0x7fe5b4a94ac3 <unknown>\n\n../../../.cache/pypoetry/virtualenvs/uk-bin-collection-EwS6Gn8s-py3.10/lib/python3.10/site-packages/selenium/webdriver/remote/errorhandler.py:229: NoSuchElementException","flaky":false,"newFailed":false,"newBroken":false,"newPassed":false,"retriesCount":0,"retriesStatusChange":false,"beforeStages":[],"testStage":{"status":"failed","statusMessage":"selenium.common.exceptions.NoSuchElementException: Message: no such element: Unable to locate element: {\"method\":\"css selector\",\"selector\":\"[id=\"ContentPlaceHolderDefault_ctl13_nptLLPG2_25_addresslookup_txtTmpPostcode\"]\"}\n  (Session info: chrome-headless-shell=120.0.6099.224); For documentation on this error, please visit: https://www.selenium.dev/documentation/webdriver/troubleshooting/errors#no-such-element-exception\nStacktrace:\n#0 0x558c3196af83 <unknown>\n#1 0x558c31623cf7 <unknown>\n#2 0x558c3167399e <unknown>\n#3 0x558c31673aa1 <unknown>\n#4 0x558c316bed64 <unknown>\n#5 0x558c3169d0dd <unknown>\n#6 0x558c316bc006 <unknown>\n#7 0x558c3169ce53 <unknown>\n#8 0x558c31664dd4 <unknown>\n#9 0x558c316661de <unknown>\n#10 0x558c3192f531 <unknown>\n#11 0x558c31933455 <unknown>\n#12 0x558c3191bf55 <unknown>\n#13 0x558c319340ef <unknown>\n#14 0x558c318ff99f <unknown>\n#15 0x558c31958008 <unknown>\n#16 0x558c319581d7 <unknown>\n#17 0x558c3196a124 <unknown>\n#18 0x7fe5b4a94ac3 <unknown>","statusTrace":"fixturefunc = <function scrape_step at 0x7fccb750f250>\nrequest = <FixtureRequest for <Function test_scenario_outline[NeathPortTalbotCouncil-http://selenium:4444-local]>>\nkwargs = {'context': <test_validate_council.context.<locals>.Context object at 0x7fccb685d900>, 'council': 'NeathPortTalbotCouncil', 'selenium_mode': 'local', 'selenium_url': 'http://selenium:4444'}\n\n    def call_fixture_func(\n        fixturefunc: \"_FixtureFunc[FixtureValue]\", request: FixtureRequest, kwargs\n    ) -> FixtureValue:\n        if is_generator(fixturefunc):\n            fixturefunc = cast(\n                Callable[..., Generator[FixtureValue, None, None]], fixturefunc\n            )\n            generator = fixturefunc(**kwargs)\n            try:\n                fixture_result = next(generator)\n            except StopIteration:\n                raise ValueError(f\"{request.fixturename} did not yield a value\") from None\n            finalizer = functools.partial(_teardown_yield_fixture, fixturefunc, generator)\n            request.addfinalizer(finalizer)\n        else:\n            fixturefunc = cast(Callable[..., FixtureValue], fixturefunc)\n>           fixture_result = fixturefunc(**kwargs)\n\n../../../.cache/pypoetry/virtualenvs/uk-bin-collection-EwS6Gn8s-py3.10/lib/python3.10/site-packages/_pytest/fixtures.py:902: \n_ _ _ _ _ _ _ _ _ _ _ _ _ _ _ _ _ _ _ _ _ _ _ _ _ _ _ _ _ _ _ _ _ _ _ _ _ _ _ _ \nuk_bin_collection/tests/step_defs/test_validate_council.py:92: in scrape_step\n    context.parse_result = CollectData.run()\nuk_bin_collection/uk_bin_collection/collect_data.py:96: in run\n    return self.client_code(\nuk_bin_collection/uk_bin_collection/collect_data.py:115: in client_code\n    return get_bin_data_class.template_method(address_url, **kwargs)\nuk_bin_collection/uk_bin_collection/get_bin_data.py:78: in template_method\n    bin_data_dict = self.parse_data(\nuk_bin_collection/uk_bin_collection/councils/NeathPortTalbotCouncil.py:42: in parse_data\n    inputElement_postcode = driver.find_element(\n../../../.cache/pypoetry/virtualenvs/uk-bin-collection-EwS6Gn8s-py3.10/lib/python3.10/site-packages/selenium/webdriver/remote/webdriver.py:738: in find_element\n    return self.execute(Command.FIND_ELEMENT, {\"using\": by, \"value\": value})[\"value\"]\n../../../.cache/pypoetry/virtualenvs/uk-bin-collection-EwS6Gn8s-py3.10/lib/python3.10/site-packages/selenium/webdriver/remote/webdriver.py:344: in execute\n    self.error_handler.check_response(response)\n_ _ _ _ _ _ _ _ _ _ _ _ _ _ _ _ _ _ _ _ _ _ _ _ _ _ _ _ _ _ _ _ _ _ _ _ _ _ _ _ \n\nself = <selenium.webdriver.remote.errorhandler.ErrorHandler object at 0x7fccb6878be0>\nresponse = {'status': 404, 'value': '{\"value\":{\"error\":\"no such element\",\"message\":\"no such element: Unable to locate element: {\\...\\\\n#16 0x558c319581d7 \\\\u003Cunknown>\\\\n#17 0x558c3196a124 \\\\u003Cunknown>\\\\n#18 0x7fe5b4a94ac3 \\\\u003Cunknown>\\\\n\"}}'}\n\n    def check_response(self, response: Dict[str, Any]) -> None:\n        \"\"\"Checks that a JSON response from the WebDriver does not have an\n        error.\n    \n        :Args:\n         - response - The JSON response from the WebDriver server as a dictionary\n           object.\n    \n        :Raises: If the response contains an error message.\n        \"\"\"\n        status = response.get(\"status\", None)\n        if not status or status == ErrorCode.SUCCESS:\n            return\n        value = None\n        message = response.get(\"message\", \"\")\n        screen: str = response.get(\"screen\", \"\")\n        stacktrace = None\n        if isinstance(status, int):\n            value_json = response.get(\"value\", None)\n            if value_json and isinstance(value_json, str):\n                import json\n    \n                try:\n                    value = json.loads(value_json)\n                    if len(value) == 1:\n                        value = value[\"value\"]\n                    status = value.get(\"error\", None)\n                    if not status:\n                        status = value.get(\"status\", ErrorCode.UNKNOWN_ERROR)\n                        message = value.get(\"value\") or value.get(\"message\")\n                        if not isinstance(message, str):\n                            value = message\n                            message = message.get(\"message\")\n                    else:\n                        message = value.get(\"message\", None)\n                except ValueError:\n                    pass\n    \n        exception_class: Type[WebDriverException]\n        e = ErrorCode()\n        error_codes = [item for item in dir(e) if not item.startswith(\"__\")]\n        for error_code in error_codes:\n            error_info = getattr(ErrorCode, error_code)\n            if isinstance(error_info, list) and status in error_info:\n                exception_class = getattr(ExceptionMapping, error_code, WebDriverException)\n                break\n        else:\n            exception_class = WebDriverException\n    \n        if not value:\n            value = response[\"value\"]\n        if isinstance(value, str):\n            raise exception_class(value)\n        if message == \"\" and \"message\" in value:\n            message = value[\"message\"]\n    \n        screen = None  # type: ignore[assignment]\n        if \"screen\" in value:\n            screen = value[\"screen\"]\n    \n        stacktrace = None\n        st_value = value.get(\"stackTrace\") or value.get(\"stacktrace\")\n        if st_value:\n            if isinstance(st_value, str):\n                stacktrace = st_value.split(\"\\n\")\n            else:\n                stacktrace = []\n                try:\n                    for frame in st_value:\n                        line = frame.get(\"lineNumber\", \"\")\n                        file = frame.get(\"fileName\", \"<anonymous>\")\n                        if line:\n                            file = f\"{file}:{line}\"\n                        meth = frame.get(\"methodName\", \"<anonymous>\")\n                        if \"className\" in frame:\n                            meth = f\"{frame['className']}.{meth}\"\n                        msg = \"    at %s (%s)\"\n                        msg = msg % (meth, file)\n                        stacktrace.append(msg)\n                except TypeError:\n                    pass\n        if exception_class == UnexpectedAlertPresentException:\n            alert_text = None\n            if \"data\" in value:\n                alert_text = value[\"data\"].get(\"text\")\n            elif \"alert\" in value:\n                alert_text = value[\"alert\"].get(\"text\")\n            raise exception_class(message, screen, stacktrace, alert_text)  # type: ignore[call-arg]  # mypy is not smart enough here\n>       raise exception_class(message, screen, stacktrace)\nE       selenium.common.exceptions.NoSuchElementException: Message: no such element: Unable to locate element: {\"method\":\"css selector\",\"selector\":\"[id=\"ContentPlaceHolderDefault_ctl13_nptLLPG2_25_addresslookup_txtTmpPostcode\"]\"}\nE         (Session info: chrome-headless-shell=120.0.6099.224); For documentation on this error, please visit: https://www.selenium.dev/documentation/webdriver/troubleshooting/errors#no-such-element-exception\nE       Stacktrace:\nE       #0 0x558c3196af83 <unknown>\nE       #1 0x558c31623cf7 <unknown>\nE       #2 0x558c3167399e <unknown>\nE       #3 0x558c31673aa1 <unknown>\nE       #4 0x558c316bed64 <unknown>\nE       #5 0x558c3169d0dd <unknown>\nE       #6 0x558c316bc006 <unknown>\nE       #7 0x558c3169ce53 <unknown>\nE       #8 0x558c31664dd4 <unknown>\nE       #9 0x558c316661de <unknown>\nE       #10 0x558c3192f531 <unknown>\nE       #11 0x558c31933455 <unknown>\nE       #12 0x558c3191bf55 <unknown>\nE       #13 0x558c319340ef <unknown>\nE       #14 0x558c318ff99f <unknown>\nE       #15 0x558c31958008 <unknown>\nE       #16 0x558c319581d7 <unknown>\nE       #17 0x558c3196a124 <unknown>\nE       #18 0x7fe5b4a94ac3 <unknown>\n\n../../../.cache/pypoetry/virtualenvs/uk-bin-collection-EwS6Gn8s-py3.10/lib/python3.10/site-packages/selenium/webdriver/remote/errorhandler.py:229: NoSuchElementException","steps":[{"name":"Given the council: NeathPortTalbotCouncil","time":{"start":1706315209086,"stop":1706315209086,"duration":0},"status":"passed","steps":[],"attachments":[],"parameters":[],"shouldDisplayMessage":false,"stepsCount":0,"attachmentsCount":0,"hasContent":false,"attachmentStep":false},{"name":"When we scrape the data from NeathPortTalbotCouncil using local and the http://selenium:4444 is set","time":{"start":1706315209086,"stop":1706315212407,"duration":3321},"status":"failed","statusMessage":"Message: no such element: Unable to locate element: {\"method\":\"css selector\",\"selector\":\"[id=\"ContentPlaceHolderDefault_ctl13_nptLLPG2_25_addresslookup_txtTmpPostcode\"]\"}\n  (Session info: chrome-headless-shell=120.0.6099.224); For documentation on this error, please visit: https://www.selenium.dev/documentation/webdriver/troubleshooting/errors#no-such-element-exception\nStacktrace:\n#0 0x558c3196af83 <unknown>\n#1 0x558c31623cf7 <unknown>\n#2 0x558c3167399e <unknown>\n#3 0x558c31673aa1 <unknown>\n#4 0x558c316bed64 <unknown>\n#5 0x558c3169d0dd <unknown>\n#6 0x558c316bc006 <unknown>\n#7 0x558c3169ce53 <unknown>\n#8 0x558c31664dd4 <unknown>\n#9 0x558c316661de <unknown>\n#10 0x558c3192f531 <unknown>\n#11 0x558c31933455 <unknown>\n#12 0x558c3191bf55 <unknown>\n#13 0x558c319340ef <unknown>\n#14 0x558c318ff99f <unknown>\n#15 0x558c31958008 <unknown>\n#16 0x558c319581d7 <unknown>\n#17 0x558c3196a124 <unknown>\n#18 0x7fe5b4a94ac3 <unknown>\n","statusTrace":"selenium.common.exceptions.NoSuchElementException: Message: no such element: Unable to locate element: {\"method\":\"css selector\",\"selector\":\"[id=\"ContentPlaceHolderDefault_ctl13_nptLLPG2_25_addresslookup_txtTmpPostcode\"]\"}\n  (Session info: chrome-headless-shell=120.0.6099.224); For documentation on this error, please visit: https://www.selenium.dev/documentation/webdriver/troubleshooting/errors#no-such-element-exception\nStacktrace:\n#0 0x558c3196af83 <unknown>\n#1 0x558c31623cf7 <unknown>\n#2 0x558c3167399e <unknown>\n#3 0x558c31673aa1 <unknown>\n#4 0x558c316bed64 <unknown>\n#5 0x558c3169d0dd <unknown>\n#6 0x558c316bc006 <unknown>\n#7 0x558c3169ce53 <unknown>\n#8 0x558c31664dd4 <unknown>\n#9 0x558c316661de <unknown>\n#10 0x558c3192f531 <unknown>\n#11 0x558c31933455 <unknown>\n#12 0x558c3191bf55 <unknown>\n#13 0x558c319340ef <unknown>\n#14 0x558c318ff99f <unknown>\n#15 0x558c31958008 <unknown>\n#16 0x558c319581d7 <unknown>\n#17 0x558c3196a124 <unknown>\n#18 0x7fe5b4a94ac3 <unknown>\n\n","steps":[],"attachments":[],"parameters":[],"shouldDisplayMessage":true,"stepsCount":0,"attachmentsCount":0,"hasContent":true,"attachmentStep":false}],"attachments":[],"parameters":[],"shouldDisplayMessage":true,"stepsCount":2,"attachmentsCount":0,"hasContent":true,"attachmentStep":false},"afterStages":[],"labels":[{"name":"host","value":"fv-az1208-470"},{"name":"thread","value":"2867-MainThread"},{"name":"framework","value":"pytest-bdd"},{"name":"language","value":"cpython3"},{"name":"feature","value":"Test each council output matches expected results"},{"name":"resultFormat","value":"allure2"}],"parameters":[{"name":"council","value":"NeathPortTalbotCouncil"},{"name":"selenium_mode","value":"local"},{"name":"selenium_url","value":"http://selenium:4444"}],"links":[],"hidden":false,"retry":false,"extra":{"severity":"normal","retries":[],"categories":[{"name":"Product defects","matchedStatuses":[],"flaky":false}],"history":{"statistic":{"failed":160,"broken":0,"skipped":0,"passed":13,"unknown":0,"total":173},"items":[{"uid":"9e95ad184f317949","reportUrl":"https://robbrad.github.io/UKBinCollectionData/3.10/1528//#testresult/9e95ad184f317949","status":"failed","statusDetails":"selenium.common.exceptions.NoSuchElementException: Message: no such element: Unable to locate element: {\"method\":\"css selector\",\"selector\":\"[id=\"ContentPlaceHolderDefault_ctl13_nptLLPG2_25_addresslookup_txtTmpPostcode\"]\"}\n  (Session info: chrome-headless-shell=120.0.6099.224); For documentation on this error, please visit: https://www.selenium.dev/documentation/webdriver/troubleshooting/errors#no-such-element-exception\nStacktrace:\n#0 0x55878716bf83 <unknown>\n#1 0x558786e24cf7 <unknown>\n#2 0x558786e7499e <unknown>\n#3 0x558786e74aa1 <unknown>\n#4 0x558786ebfd64 <unknown>\n#5 0x558786e9e0dd <unknown>\n#6 0x558786ebd006 <unknown>\n#7 0x558786e9de53 <unknown>\n#8 0x558786e65dd4 <unknown>\n#9 0x558786e671de <unknown>\n#10 0x558787130531 <unknown>\n#11 0x558787134455 <unknown>\n#12 0x55878711cf55 <unknown>\n#13 0x5587871350ef <unknown>\n#14 0x55878710099f <unknown>\n#15 0x558787159008 <unknown>\n#16 0x5587871591d7 <unknown>\n#17 0x55878716b124 <unknown>\n#18 0x7fb2f4894ac3 <unknown>","time":{"start":1706228857023,"stop":1706228861187,"duration":4164}},{"uid":"313bfbda833f8a06","reportUrl":"https://robbrad.github.io/UKBinCollectionData/3.10/1523//#testresult/313bfbda833f8a06","status":"failed","statusDetails":"selenium.common.exceptions.NoSuchElementException: Message: no such element: Unable to locate element: {\"method\":\"css selector\",\"selector\":\"[id=\"ContentPlaceHolderDefault_ctl13_nptLLPG2_25_addresslookup_txtTmpPostcode\"]\"}\n  (Session info: chrome-headless-shell=120.0.6099.216); For documentation on this error, please visit: https://www.selenium.dev/documentation/webdriver/troubleshooting/errors#no-such-element-exception\nStacktrace:\n#0 0x55951d0c4f83 <unknown>\n#1 0x55951cd7dcf7 <unknown>\n#2 0x55951cdcd99e <unknown>\n#3 0x55951cdcdaa1 <unknown>\n#4 0x55951ce18d64 <unknown>\n#5 0x55951cdf70dd <unknown>\n#6 0x55951ce16006 <unknown>\n#7 0x55951cdf6e53 <unknown>\n#8 0x55951cdbedd4 <unknown>\n#9 0x55951cdc01de <unknown>\n#10 0x55951d089531 <unknown>\n#11 0x55951d08d455 <unknown>\n#12 0x55951d075f55 <unknown>\n#13 0x55951d08e0ef <unknown>\n#14 0x55951d05999f <unknown>\n#15 0x55951d0b2008 <unknown>\n#16 0x55951d0b21d7 <unknown>\n#17 0x55951d0c4124 <unknown>\n#18 0x7f35b8a94ac3 <unknown>","time":{"start":1706142544148,"stop":1706142548629,"duration":4481}},{"uid":"70c3b82b13971110","reportUrl":"https://robbrad.github.io/UKBinCollectionData/3.10/1522//#testresult/70c3b82b13971110","status":"failed","statusDetails":"selenium.common.exceptions.NoSuchElementException: Message: no such element: Unable to locate element: {\"method\":\"css selector\",\"selector\":\"[id=\"ContentPlaceHolderDefault_ctl13_nptLLPG2_25_addresslookup_txtTmpPostcode\"]\"}\n  (Session info: chrome-headless-shell=120.0.6099.216); For documentation on this error, please visit: https://www.selenium.dev/documentation/webdriver/troubleshooting/errors#no-such-element-exception\nStacktrace:\n#0 0x55f5cffd5f83 <unknown>\n#1 0x55f5cfc8ecf7 <unknown>\n#2 0x55f5cfcde99e <unknown>\n#3 0x55f5cfcdeaa1 <unknown>\n#4 0x55f5cfd29d64 <unknown>\n#5 0x55f5cfd080dd <unknown>\n#6 0x55f5cfd27006 <unknown>\n#7 0x55f5cfd07e53 <unknown>\n#8 0x55f5cfccfdd4 <unknown>\n#9 0x55f5cfcd11de <unknown>\n#10 0x55f5cff9a531 <unknown>\n#11 0x55f5cff9e455 <unknown>\n#12 0x55f5cff86f55 <unknown>\n#13 0x55f5cff9f0ef <unknown>\n#14 0x55f5cff6a99f <unknown>\n#15 0x55f5cffc3008 <unknown>\n#16 0x55f5cffc31d7 <unknown>\n#17 0x55f5cffd5124 <unknown>\n#18 0x7fe911094ac3 <unknown>","time":{"start":1706056189647,"stop":1706056192739,"duration":3092}},{"uid":"5f06a09d9e3612b3","reportUrl":"https://robbrad.github.io/UKBinCollectionData/3.10/1521//#testresult/5f06a09d9e3612b3","status":"failed","statusDetails":"selenium.common.exceptions.NoSuchElementException: Message: no such element: Unable to locate element: {\"method\":\"css selector\",\"selector\":\"[id=\"ContentPlaceHolderDefault_ctl13_nptLLPG2_25_addresslookup_txtTmpPostcode\"]\"}\n  (Session info: chrome-headless-shell=120.0.6099.216); For documentation on this error, please visit: https://www.selenium.dev/documentation/webdriver/troubleshooting/errors#no-such-element-exception\nStacktrace:\n#0 0x56401240ff83 <unknown>\n#1 0x5640120c8cf7 <unknown>\n#2 0x56401211899e <unknown>\n#3 0x564012118aa1 <unknown>\n#4 0x564012163d64 <unknown>\n#5 0x5640121420dd <unknown>\n#6 0x564012161006 <unknown>\n#7 0x564012141e53 <unknown>\n#8 0x564012109dd4 <unknown>\n#9 0x56401210b1de <unknown>\n#10 0x5640123d4531 <unknown>\n#11 0x5640123d8455 <unknown>\n#12 0x5640123c0f55 <unknown>\n#13 0x5640123d90ef <unknown>\n#14 0x5640123a499f <unknown>\n#15 0x5640123fd008 <unknown>\n#16 0x5640123fd1d7 <unknown>\n#17 0x56401240f124 <unknown>\n#18 0x7fe41b494ac3 <unknown>","time":{"start":1705969807880,"stop":1705969811982,"duration":4102}},{"uid":"4461b98a91f91f52","reportUrl":"https://robbrad.github.io/UKBinCollectionData/3.10/1520//#testresult/4461b98a91f91f52","status":"failed","statusDetails":"selenium.common.exceptions.NoSuchElementException: Message: no such element: Unable to locate element: {\"method\":\"css selector\",\"selector\":\"[id=\"ContentPlaceHolderDefault_ctl13_nptLLPG2_25_addresslookup_txtTmpPostcode\"]\"}\n  (Session info: chrome-headless-shell=120.0.6099.216); For documentation on this error, please visit: https://www.selenium.dev/documentation/webdriver/troubleshooting/errors#no-such-element-exception\nStacktrace:\n#0 0x5645796cbf83 <unknown>\n#1 0x564579384cf7 <unknown>\n#2 0x5645793d499e <unknown>\n#3 0x5645793d4aa1 <unknown>\n#4 0x56457941fd64 <unknown>\n#5 0x5645793fe0dd <unknown>\n#6 0x56457941d006 <unknown>\n#7 0x5645793fde53 <unknown>\n#8 0x5645793c5dd4 <unknown>\n#9 0x5645793c71de <unknown>\n#10 0x564579690531 <unknown>\n#11 0x564579694455 <unknown>\n#12 0x56457967cf55 <unknown>\n#13 0x5645796950ef <unknown>\n#14 0x56457966099f <unknown>\n#15 0x5645796b9008 <unknown>\n#16 0x5645796b91d7 <unknown>\n#17 0x5645796cb124 <unknown>\n#18 0x7f796c694ac3 <unknown>","time":{"start":1705883433449,"stop":1705883438614,"duration":5165}},{"uid":"113b58acb4906a4d","reportUrl":"https://robbrad.github.io/UKBinCollectionData/3.10/1519//#testresult/113b58acb4906a4d","status":"failed","statusDetails":"selenium.common.exceptions.NoSuchElementException: Message: no such element: Unable to locate element: {\"method\":\"css selector\",\"selector\":\"[id=\"ContentPlaceHolderDefault_ctl13_nptLLPG2_25_addresslookup_txtTmpPostcode\"]\"}\n  (Session info: chrome-headless-shell=120.0.6099.216); For documentation on this error, please visit: https://www.selenium.dev/documentation/webdriver/troubleshooting/errors#no-such-element-exception\nStacktrace:\n#0 0x564394b30f83 <unknown>\n#1 0x5643947e9cf7 <unknown>\n#2 0x56439483999e <unknown>\n#3 0x564394839aa1 <unknown>\n#4 0x564394884d64 <unknown>\n#5 0x5643948630dd <unknown>\n#6 0x564394882006 <unknown>\n#7 0x564394862e53 <unknown>\n#8 0x56439482add4 <unknown>\n#9 0x56439482c1de <unknown>\n#10 0x564394af5531 <unknown>\n#11 0x564394af9455 <unknown>\n#12 0x564394ae1f55 <unknown>\n#13 0x564394afa0ef <unknown>\n#14 0x564394ac599f <unknown>\n#15 0x564394b1e008 <unknown>\n#16 0x564394b1e1d7 <unknown>\n#17 0x564394b30124 <unknown>\n#18 0x7fea23a94ac3 <unknown>","time":{"start":1705797115383,"stop":1705797118587,"duration":3204}},{"uid":"b8db54d08ca9fbfe","reportUrl":"https://robbrad.github.io/UKBinCollectionData/3.10/1515//#testresult/b8db54d08ca9fbfe","status":"failed","statusDetails":"selenium.common.exceptions.NoSuchElementException: Message: no such element: Unable to locate element: {\"method\":\"css selector\",\"selector\":\"[id=\"ContentPlaceHolderDefault_ctl13_nptLLPG2_25_addresslookup_txtTmpPostcode\"]\"}\n  (Session info: chrome-headless-shell=120.0.6099.216); For documentation on this error, please visit: https://www.selenium.dev/documentation/webdriver/troubleshooting/errors#no-such-element-exception\nStacktrace:\n#0 0x55f249e25f83 <unknown>\n#1 0x55f249adecf7 <unknown>\n#2 0x55f249b2e99e <unknown>\n#3 0x55f249b2eaa1 <unknown>\n#4 0x55f249b79d64 <unknown>\n#5 0x55f249b580dd <unknown>\n#6 0x55f249b77006 <unknown>\n#7 0x55f249b57e53 <unknown>\n#8 0x55f249b1fdd4 <unknown>\n#9 0x55f249b211de <unknown>\n#10 0x55f249dea531 <unknown>\n#11 0x55f249dee455 <unknown>\n#12 0x55f249dd6f55 <unknown>\n#13 0x55f249def0ef <unknown>\n#14 0x55f249dba99f <unknown>\n#15 0x55f249e13008 <unknown>\n#16 0x55f249e131d7 <unknown>\n#17 0x55f249e25124 <unknown>\n#18 0x7f01ea094ac3 <unknown>","time":{"start":1705710507238,"stop":1705710510776,"duration":3538}},{"uid":"1b0bafa89887f80e","reportUrl":"https://robbrad.github.io/UKBinCollectionData/3.10/1511//#testresult/1b0bafa89887f80e","status":"failed","statusDetails":"selenium.common.exceptions.NoSuchElementException: Message: no such element: Unable to locate element: {\"method\":\"css selector\",\"selector\":\"[id=\"ContentPlaceHolderDefault_ctl13_nptLLPG2_25_addresslookup_txtTmpPostcode\"]\"}\n  (Session info: chrome-headless-shell=120.0.6099.216); For documentation on this error, please visit: https://www.selenium.dev/documentation/webdriver/troubleshooting/errors#no-such-element-exception\nStacktrace:\n#0 0x55866c9d8f83 <unknown>\n#1 0x55866c691cf7 <unknown>\n#2 0x55866c6e199e <unknown>\n#3 0x55866c6e1aa1 <unknown>\n#4 0x55866c72cd64 <unknown>\n#5 0x55866c70b0dd <unknown>\n#6 0x55866c72a006 <unknown>\n#7 0x55866c70ae53 <unknown>\n#8 0x55866c6d2dd4 <unknown>\n#9 0x55866c6d41de <unknown>\n#10 0x55866c99d531 <unknown>\n#11 0x55866c9a1455 <unknown>\n#12 0x55866c989f55 <unknown>\n#13 0x55866c9a20ef <unknown>\n#14 0x55866c96d99f <unknown>\n#15 0x55866c9c6008 <unknown>\n#16 0x55866c9c61d7 <unknown>\n#17 0x55866c9d8124 <unknown>\n#18 0x7f90be294ac3 <unknown>","time":{"start":1705624206606,"stop":1705624210411,"duration":3805}},{"uid":"3db99665fd9b54bc","reportUrl":"https://robbrad.github.io/UKBinCollectionData/3.10/1505//#testresult/3db99665fd9b54bc","status":"failed","statusDetails":"selenium.common.exceptions.NoSuchElementException: Message: no such element: Unable to locate element: {\"method\":\"css selector\",\"selector\":\"[id=\"ContentPlaceHolderDefault_ctl13_nptLLPG2_25_addresslookup_txtTmpPostcode\"]\"}\n  (Session info: chrome-headless-shell=120.0.6099.216); For documentation on this error, please visit: https://www.selenium.dev/documentation/webdriver/troubleshooting/errors#no-such-element-exception\nStacktrace:\n#0 0x5576c21a7f83 <unknown>\n#1 0x5576c1e60cf7 <unknown>\n#2 0x5576c1eb099e <unknown>\n#3 0x5576c1eb0aa1 <unknown>\n#4 0x5576c1efbd64 <unknown>\n#5 0x5576c1eda0dd <unknown>\n#6 0x5576c1ef9006 <unknown>\n#7 0x5576c1ed9e53 <unknown>\n#8 0x5576c1ea1dd4 <unknown>\n#9 0x5576c1ea31de <unknown>\n#10 0x5576c216c531 <unknown>\n#11 0x5576c2170455 <unknown>\n#12 0x5576c2158f55 <unknown>\n#13 0x5576c21710ef <unknown>\n#14 0x5576c213c99f <unknown>\n#15 0x5576c2195008 <unknown>\n#16 0x5576c21951d7 <unknown>\n#17 0x5576c21a7124 <unknown>\n#18 0x7fca84c94ac3 <unknown>","time":{"start":1705537692434,"stop":1705537695429,"duration":2995}},{"uid":"b086f91a26f52cff","reportUrl":"https://robbrad.github.io/UKBinCollectionData/3.10/1500//#testresult/b086f91a26f52cff","status":"failed","statusDetails":"selenium.common.exceptions.NoSuchElementException: Message: no such element: Unable to locate element: {\"method\":\"css selector\",\"selector\":\"[id=\"ContentPlaceHolderDefault_ctl13_nptLLPG2_25_addresslookup_txtTmpPostcode\"]\"}\n  (Session info: chrome-headless-shell=120.0.6099.199); For documentation on this error, please visit: https://www.selenium.dev/documentation/webdriver/troubleshooting/errors#no-such-element-exception\nStacktrace:\n#0 0x5623e719ff83 <unknown>\n#1 0x5623e6e58cf7 <unknown>\n#2 0x5623e6ea899e <unknown>\n#3 0x5623e6ea8aa1 <unknown>\n#4 0x5623e6ef3d64 <unknown>\n#5 0x5623e6ed20dd <unknown>\n#6 0x5623e6ef1006 <unknown>\n#7 0x5623e6ed1e53 <unknown>\n#8 0x5623e6e99dd4 <unknown>\n#9 0x5623e6e9b1de <unknown>\n#10 0x5623e7164531 <unknown>\n#11 0x5623e7168455 <unknown>\n#12 0x5623e7150f55 <unknown>\n#13 0x5623e71690ef <unknown>\n#14 0x5623e713499f <unknown>\n#15 0x5623e718d008 <unknown>\n#16 0x5623e718d1d7 <unknown>\n#17 0x5623e719f124 <unknown>\n#18 0x7f14bba94ac3 <unknown>","time":{"start":1705451348197,"stop":1705451350937,"duration":2740}},{"uid":"3fce6b1957653784","reportUrl":"https://robbrad.github.io/UKBinCollectionData/3.10/1499//#testresult/3fce6b1957653784","status":"failed","statusDetails":"selenium.common.exceptions.NoSuchElementException: Message: no such element: Unable to locate element: {\"method\":\"css selector\",\"selector\":\"[id=\"ContentPlaceHolderDefault_ctl13_nptLLPG2_25_addresslookup_txtTmpPostcode\"]\"}\n  (Session info: chrome-headless-shell=120.0.6099.199); For documentation on this error, please visit: https://www.selenium.dev/documentation/webdriver/troubleshooting/errors#no-such-element-exception\nStacktrace:\n#0 0x5619ff205f83 <unknown>\n#1 0x5619feebecf7 <unknown>\n#2 0x5619fef0e99e <unknown>\n#3 0x5619fef0eaa1 <unknown>\n#4 0x5619fef59d64 <unknown>\n#5 0x5619fef380dd <unknown>\n#6 0x5619fef57006 <unknown>\n#7 0x5619fef37e53 <unknown>\n#8 0x5619feeffdd4 <unknown>\n#9 0x5619fef011de <unknown>\n#10 0x5619ff1ca531 <unknown>\n#11 0x5619ff1ce455 <unknown>\n#12 0x5619ff1b6f55 <unknown>\n#13 0x5619ff1cf0ef <unknown>\n#14 0x5619ff19a99f <unknown>\n#15 0x5619ff1f3008 <unknown>\n#16 0x5619ff1f31d7 <unknown>\n#17 0x5619ff205124 <unknown>\n#18 0x7f3376a94ac3 <unknown>","time":{"start":1705364996032,"stop":1705364999554,"duration":3522}},{"uid":"f0009cddbf418e91","reportUrl":"https://robbrad.github.io/UKBinCollectionData/3.10/1497//#testresult/f0009cddbf418e91","status":"failed","statusDetails":"selenium.common.exceptions.NoSuchElementException: Message: no such element: Unable to locate element: {\"method\":\"css selector\",\"selector\":\"[id=\"ContentPlaceHolderDefault_ctl13_nptLLPG2_25_addresslookup_txtTmpPostcode\"]\"}\n  (Session info: chrome-headless-shell=120.0.6099.199); For documentation on this error, please visit: https://www.selenium.dev/documentation/webdriver/troubleshooting/errors#no-such-element-exception\nStacktrace:\n#0 0x556e8c57af83 <unknown>\n#1 0x556e8c233cf7 <unknown>\n#2 0x556e8c28399e <unknown>\n#3 0x556e8c283aa1 <unknown>\n#4 0x556e8c2ced64 <unknown>\n#5 0x556e8c2ad0dd <unknown>\n#6 0x556e8c2cc006 <unknown>\n#7 0x556e8c2ace53 <unknown>\n#8 0x556e8c274dd4 <unknown>\n#9 0x556e8c2761de <unknown>\n#10 0x556e8c53f531 <unknown>\n#11 0x556e8c543455 <unknown>\n#12 0x556e8c52bf55 <unknown>\n#13 0x556e8c5440ef <unknown>\n#14 0x556e8c50f99f <unknown>\n#15 0x556e8c568008 <unknown>\n#16 0x556e8c5681d7 <unknown>\n#17 0x556e8c57a124 <unknown>\n#18 0x7efc65c94ac3 <unknown>","time":{"start":1705318512453,"stop":1705318516230,"duration":3777}},{"uid":"3089732d9dabe5dc","reportUrl":"https://robbrad.github.io/UKBinCollectionData/3.10/1492//#testresult/3089732d9dabe5dc","status":"failed","statusDetails":"selenium.common.exceptions.NoSuchElementException: Message: no such element: Unable to locate element: {\"method\":\"css selector\",\"selector\":\"[id=\"ContentPlaceHolderDefault_ctl13_nptLLPG2_25_addresslookup_txtTmpPostcode\"]\"}\n  (Session info: chrome-headless-shell=120.0.6099.199); For documentation on this error, please visit: https://www.selenium.dev/documentation/webdriver/troubleshooting/errors#no-such-element-exception\nStacktrace:\n#0 0x55e4cd328f83 <unknown>\n#1 0x55e4ccfe1cf7 <unknown>\n#2 0x55e4cd03199e <unknown>\n#3 0x55e4cd031aa1 <unknown>\n#4 0x55e4cd07cd64 <unknown>\n#5 0x55e4cd05b0dd <unknown>\n#6 0x55e4cd07a006 <unknown>\n#7 0x55e4cd05ae53 <unknown>\n#8 0x55e4cd022dd4 <unknown>\n#9 0x55e4cd0241de <unknown>\n#10 0x55e4cd2ed531 <unknown>\n#11 0x55e4cd2f1455 <unknown>\n#12 0x55e4cd2d9f55 <unknown>\n#13 0x55e4cd2f20ef <unknown>\n#14 0x55e4cd2bd99f <unknown>\n#15 0x55e4cd316008 <unknown>\n#16 0x55e4cd3161d7 <unknown>\n#17 0x55e4cd328124 <unknown>\n#18 0x7f5a4fe94ac3 <unknown>","time":{"start":1705295677397,"stop":1705295682083,"duration":4686}},{"uid":"13a75076a669ad86","reportUrl":"https://robbrad.github.io/UKBinCollectionData/3.10/1491//#testresult/13a75076a669ad86","status":"failed","statusDetails":"TypeError: create_webdriver() missing 1 required positional argument: 'user_agent'","time":{"start":1705295148023,"stop":1705295148120,"duration":97}},{"uid":"de60106acac27946","reportUrl":"https://robbrad.github.io/UKBinCollectionData/3.10/1490//#testresult/de60106acac27946","status":"failed","statusDetails":"TypeError: create_webdriver() missing 1 required positional argument: 'user_agent'","time":{"start":1705278543874,"stop":1705278544013,"duration":139}},{"uid":"a55a0ef2d1df3fa6","reportUrl":"https://robbrad.github.io/UKBinCollectionData/3.10/1485//#testresult/a55a0ef2d1df3fa6","status":"failed","statusDetails":"TypeError: create_webdriver() missing 1 required positional argument: 'user_agent'","time":{"start":1705192220112,"stop":1705192220266,"duration":154}},{"uid":"eb7b9c6983b1038b","reportUrl":"https://robbrad.github.io/UKBinCollectionData/3.10/1484//#testresult/eb7b9c6983b1038b","status":"failed","statusDetails":"TypeError: create_webdriver() missing 1 required positional argument: 'user_agent'","time":{"start":1705105636612,"stop":1705105636831,"duration":219}},{"uid":"65fe233697a6e36d","reportUrl":"https://robbrad.github.io/UKBinCollectionData/3.10/1482//#testresult/65fe233697a6e36d","status":"failed","statusDetails":"TypeError: create_webdriver() missing 1 required positional argument: 'user_agent'","time":{"start":1705019256343,"stop":1705019256560,"duration":217}},{"uid":"a55824b1d182af62","reportUrl":"https://robbrad.github.io/UKBinCollectionData/3.10/1478//#testresult/a55824b1d182af62","status":"failed","statusDetails":"TypeError: create_webdriver() missing 1 required positional argument: 'user_agent'","time":{"start":1704932834356,"stop":1704932834537,"duration":181}},{"uid":"f71e037510c1d70c","reportUrl":"https://robbrad.github.io/UKBinCollectionData/3.10/1472//#testresult/f71e037510c1d70c","status":"failed","statusDetails":"TypeError: create_webdriver() missing 1 required positional argument: 'user_agent'","time":{"start":1704846471173,"stop":1704846471396,"duration":223}}]},"tags":[]},"source":"372f1585a4e0788d.json","parameterValues":["NeathPortTalbotCouncil","local","http://selenium:4444"]}