{"uid":"61d35e337a5fe72e","name":"Validate Council Output [NeathPortTalbotCouncil-http://selenium:4444-local]","fullName":"features/validate_council_outputs.feature:Validate Council Output","historyId":"68717d64a9b5b73045a4198b6f1e2a64","time":{"start":1708388802175,"stop":1708388805529,"duration":3354},"status":"failed","statusMessage":"selenium.common.exceptions.NoSuchElementException: Message: no such element: Unable to locate element: {\"method\":\"css selector\",\"selector\":\"[id=\"ContentPlaceHolderDefault_ctl13_nptLLPG2_25_addresslookup_txtTmpPostcode\"]\"}\n  (Session info: chrome-headless-shell=121.0.6167.160); For documentation on this error, please visit: https://www.selenium.dev/documentation/webdriver/troubleshooting/errors#no-such-element-exception\nStacktrace:\n#0 0x55a41f4d6303 <unknown>\n#1 0x55a41f1bb2b7 <unknown>\n#2 0x55a41f206cc0 <unknown>\n#3 0x55a41f206db1 <unknown>\n#4 0x55a41f24ab44 <unknown>\n#5 0x55a41f2293ad <unknown>\n#6 0x55a41f24807c <unknown>\n#7 0x55a41f229123 <unknown>\n#8 0x55a41f1f9095 <unknown>\n#9 0x55a41f1fa09e <unknown>\n#10 0x55a41f49a6ab <unknown>\n#11 0x55a41f49e4ba <unknown>\n#12 0x55a41f486f85 <unknown>\n#13 0x55a41f49f12f <unknown>\n#14 0x55a41f46ae6f <unknown>\n#15 0x55a41f4c35f8 <unknown>\n#16 0x55a41f4c37c2 <unknown>\n#17 0x55a41f4d54a4 <unknown>\n#18 0x7f13b1a94ac3 <unknown>","statusTrace":"fixturefunc = <function scrape_step at 0x7f27d1c88e00>\nrequest = <FixtureRequest for <Function test_scenario_outline[NeathPortTalbotCouncil-http://selenium:4444-local]>>\nkwargs = {'context': <test_validate_council.context.<locals>.Context object at 0x7f27d1bd2c90>, 'council': 'NeathPortTalbotCouncil', 'selenium_mode': 'local', 'selenium_url': 'http://selenium:4444'}\n\n    def call_fixture_func(\n        fixturefunc: \"_FixtureFunc[FixtureValue]\", request: FixtureRequest, kwargs\n    ) -> FixtureValue:\n        if is_generator(fixturefunc):\n            fixturefunc = cast(\n                Callable[..., Generator[FixtureValue, None, None]], fixturefunc\n            )\n            generator = fixturefunc(**kwargs)\n            try:\n                fixture_result = next(generator)\n            except StopIteration:\n                raise ValueError(f\"{request.fixturename} did not yield a value\") from None\n            finalizer = functools.partial(_teardown_yield_fixture, fixturefunc, generator)\n            request.addfinalizer(finalizer)\n        else:\n            fixturefunc = cast(Callable[..., FixtureValue], fixturefunc)\n>           fixture_result = fixturefunc(**kwargs)\n\n../../../.cache/pypoetry/virtualenvs/uk-bin-collection-EwS6Gn8s-py3.11/lib/python3.11/site-packages/_pytest/fixtures.py:902: \n_ _ _ _ _ _ _ _ _ _ _ _ _ _ _ _ _ _ _ _ _ _ _ _ _ _ _ _ _ _ _ _ _ _ _ _ _ _ _ _ \nuk_bin_collection/tests/step_defs/test_validate_council.py:92: in scrape_step\n    context.parse_result = CollectData.run()\nuk_bin_collection/uk_bin_collection/collect_data.py:96: in run\n    return self.client_code(\nuk_bin_collection/uk_bin_collection/collect_data.py:115: in client_code\n    return get_bin_data_class.template_method(address_url, **kwargs)\nuk_bin_collection/uk_bin_collection/get_bin_data.py:78: in template_method\n    bin_data_dict = self.parse_data(\nuk_bin_collection/uk_bin_collection/councils/NeathPortTalbotCouncil.py:42: in parse_data\n    inputElement_postcode = driver.find_element(\n../../../.cache/pypoetry/virtualenvs/uk-bin-collection-EwS6Gn8s-py3.11/lib/python3.11/site-packages/selenium/webdriver/remote/webdriver.py:738: in find_element\n    return self.execute(Command.FIND_ELEMENT, {\"using\": by, \"value\": value})[\"value\"]\n../../../.cache/pypoetry/virtualenvs/uk-bin-collection-EwS6Gn8s-py3.11/lib/python3.11/site-packages/selenium/webdriver/remote/webdriver.py:344: in execute\n    self.error_handler.check_response(response)\n_ _ _ _ _ _ _ _ _ _ _ _ _ _ _ _ _ _ _ _ _ _ _ _ _ _ _ _ _ _ _ _ _ _ _ _ _ _ _ _ \n\nself = <selenium.webdriver.remote.errorhandler.ErrorHandler object at 0x7f27d1245310>\nresponse = {'status': 404, 'value': '{\"value\":{\"error\":\"no such element\",\"message\":\"no such element: Unable to locate element: {\\...\\\\n#16 0x55a41f4c37c2 \\\\u003Cunknown>\\\\n#17 0x55a41f4d54a4 \\\\u003Cunknown>\\\\n#18 0x7f13b1a94ac3 \\\\u003Cunknown>\\\\n\"}}'}\n\n    def check_response(self, response: Dict[str, Any]) -> None:\n        \"\"\"Checks that a JSON response from the WebDriver does not have an\n        error.\n    \n        :Args:\n         - response - The JSON response from the WebDriver server as a dictionary\n           object.\n    \n        :Raises: If the response contains an error message.\n        \"\"\"\n        status = response.get(\"status\", None)\n        if not status or status == ErrorCode.SUCCESS:\n            return\n        value = None\n        message = response.get(\"message\", \"\")\n        screen: str = response.get(\"screen\", \"\")\n        stacktrace = None\n        if isinstance(status, int):\n            value_json = response.get(\"value\", None)\n            if value_json and isinstance(value_json, str):\n                import json\n    \n                try:\n                    value = json.loads(value_json)\n                    if len(value) == 1:\n                        value = value[\"value\"]\n                    status = value.get(\"error\", None)\n                    if not status:\n                        status = value.get(\"status\", ErrorCode.UNKNOWN_ERROR)\n                        message = value.get(\"value\") or value.get(\"message\")\n                        if not isinstance(message, str):\n                            value = message\n                            message = message.get(\"message\")\n                    else:\n                        message = value.get(\"message\", None)\n                except ValueError:\n                    pass\n    \n        exception_class: Type[WebDriverException]\n        e = ErrorCode()\n        error_codes = [item for item in dir(e) if not item.startswith(\"__\")]\n        for error_code in error_codes:\n            error_info = getattr(ErrorCode, error_code)\n            if isinstance(error_info, list) and status in error_info:\n                exception_class = getattr(ExceptionMapping, error_code, WebDriverException)\n                break\n        else:\n            exception_class = WebDriverException\n    \n        if not value:\n            value = response[\"value\"]\n        if isinstance(value, str):\n            raise exception_class(value)\n        if message == \"\" and \"message\" in value:\n            message = value[\"message\"]\n    \n        screen = None  # type: ignore[assignment]\n        if \"screen\" in value:\n            screen = value[\"screen\"]\n    \n        stacktrace = None\n        st_value = value.get(\"stackTrace\") or value.get(\"stacktrace\")\n        if st_value:\n            if isinstance(st_value, str):\n                stacktrace = st_value.split(\"\\n\")\n            else:\n                stacktrace = []\n                try:\n                    for frame in st_value:\n                        line = frame.get(\"lineNumber\", \"\")\n                        file = frame.get(\"fileName\", \"<anonymous>\")\n                        if line:\n                            file = f\"{file}:{line}\"\n                        meth = frame.get(\"methodName\", \"<anonymous>\")\n                        if \"className\" in frame:\n                            meth = f\"{frame['className']}.{meth}\"\n                        msg = \"    at %s (%s)\"\n                        msg = msg % (meth, file)\n                        stacktrace.append(msg)\n                except TypeError:\n                    pass\n        if exception_class == UnexpectedAlertPresentException:\n            alert_text = None\n            if \"data\" in value:\n                alert_text = value[\"data\"].get(\"text\")\n            elif \"alert\" in value:\n                alert_text = value[\"alert\"].get(\"text\")\n            raise exception_class(message, screen, stacktrace, alert_text)  # type: ignore[call-arg]  # mypy is not smart enough here\n>       raise exception_class(message, screen, stacktrace)\nE       selenium.common.exceptions.NoSuchElementException: Message: no such element: Unable to locate element: {\"method\":\"css selector\",\"selector\":\"[id=\"ContentPlaceHolderDefault_ctl13_nptLLPG2_25_addresslookup_txtTmpPostcode\"]\"}\nE         (Session info: chrome-headless-shell=121.0.6167.160); For documentation on this error, please visit: https://www.selenium.dev/documentation/webdriver/troubleshooting/errors#no-such-element-exception\nE       Stacktrace:\nE       #0 0x55a41f4d6303 <unknown>\nE       #1 0x55a41f1bb2b7 <unknown>\nE       #2 0x55a41f206cc0 <unknown>\nE       #3 0x55a41f206db1 <unknown>\nE       #4 0x55a41f24ab44 <unknown>\nE       #5 0x55a41f2293ad <unknown>\nE       #6 0x55a41f24807c <unknown>\nE       #7 0x55a41f229123 <unknown>\nE       #8 0x55a41f1f9095 <unknown>\nE       #9 0x55a41f1fa09e <unknown>\nE       #10 0x55a41f49a6ab <unknown>\nE       #11 0x55a41f49e4ba <unknown>\nE       #12 0x55a41f486f85 <unknown>\nE       #13 0x55a41f49f12f <unknown>\nE       #14 0x55a41f46ae6f <unknown>\nE       #15 0x55a41f4c35f8 <unknown>\nE       #16 0x55a41f4c37c2 <unknown>\nE       #17 0x55a41f4d54a4 <unknown>\nE       #18 0x7f13b1a94ac3 <unknown>\n\n../../../.cache/pypoetry/virtualenvs/uk-bin-collection-EwS6Gn8s-py3.11/lib/python3.11/site-packages/selenium/webdriver/remote/errorhandler.py:229: NoSuchElementException","flaky":false,"newFailed":false,"newBroken":false,"newPassed":false,"retriesCount":0,"retriesStatusChange":false,"beforeStages":[],"testStage":{"status":"failed","statusMessage":"selenium.common.exceptions.NoSuchElementException: Message: no such element: Unable to locate element: {\"method\":\"css selector\",\"selector\":\"[id=\"ContentPlaceHolderDefault_ctl13_nptLLPG2_25_addresslookup_txtTmpPostcode\"]\"}\n  (Session info: chrome-headless-shell=121.0.6167.160); For documentation on this error, please visit: https://www.selenium.dev/documentation/webdriver/troubleshooting/errors#no-such-element-exception\nStacktrace:\n#0 0x55a41f4d6303 <unknown>\n#1 0x55a41f1bb2b7 <unknown>\n#2 0x55a41f206cc0 <unknown>\n#3 0x55a41f206db1 <unknown>\n#4 0x55a41f24ab44 <unknown>\n#5 0x55a41f2293ad <unknown>\n#6 0x55a41f24807c <unknown>\n#7 0x55a41f229123 <unknown>\n#8 0x55a41f1f9095 <unknown>\n#9 0x55a41f1fa09e <unknown>\n#10 0x55a41f49a6ab <unknown>\n#11 0x55a41f49e4ba <unknown>\n#12 0x55a41f486f85 <unknown>\n#13 0x55a41f49f12f <unknown>\n#14 0x55a41f46ae6f <unknown>\n#15 0x55a41f4c35f8 <unknown>\n#16 0x55a41f4c37c2 <unknown>\n#17 0x55a41f4d54a4 <unknown>\n#18 0x7f13b1a94ac3 <unknown>","statusTrace":"fixturefunc = <function scrape_step at 0x7f27d1c88e00>\nrequest = <FixtureRequest for <Function test_scenario_outline[NeathPortTalbotCouncil-http://selenium:4444-local]>>\nkwargs = {'context': <test_validate_council.context.<locals>.Context object at 0x7f27d1bd2c90>, 'council': 'NeathPortTalbotCouncil', 'selenium_mode': 'local', 'selenium_url': 'http://selenium:4444'}\n\n    def call_fixture_func(\n        fixturefunc: \"_FixtureFunc[FixtureValue]\", request: FixtureRequest, kwargs\n    ) -> FixtureValue:\n        if is_generator(fixturefunc):\n            fixturefunc = cast(\n                Callable[..., Generator[FixtureValue, None, None]], fixturefunc\n            )\n            generator = fixturefunc(**kwargs)\n            try:\n                fixture_result = next(generator)\n            except StopIteration:\n                raise ValueError(f\"{request.fixturename} did not yield a value\") from None\n            finalizer = functools.partial(_teardown_yield_fixture, fixturefunc, generator)\n            request.addfinalizer(finalizer)\n        else:\n            fixturefunc = cast(Callable[..., FixtureValue], fixturefunc)\n>           fixture_result = fixturefunc(**kwargs)\n\n../../../.cache/pypoetry/virtualenvs/uk-bin-collection-EwS6Gn8s-py3.11/lib/python3.11/site-packages/_pytest/fixtures.py:902: \n_ _ _ _ _ _ _ _ _ _ _ _ _ _ _ _ _ _ _ _ _ _ _ _ _ _ _ _ _ _ _ _ _ _ _ _ _ _ _ _ \nuk_bin_collection/tests/step_defs/test_validate_council.py:92: in scrape_step\n    context.parse_result = CollectData.run()\nuk_bin_collection/uk_bin_collection/collect_data.py:96: in run\n    return self.client_code(\nuk_bin_collection/uk_bin_collection/collect_data.py:115: in client_code\n    return get_bin_data_class.template_method(address_url, **kwargs)\nuk_bin_collection/uk_bin_collection/get_bin_data.py:78: in template_method\n    bin_data_dict = self.parse_data(\nuk_bin_collection/uk_bin_collection/councils/NeathPortTalbotCouncil.py:42: in parse_data\n    inputElement_postcode = driver.find_element(\n../../../.cache/pypoetry/virtualenvs/uk-bin-collection-EwS6Gn8s-py3.11/lib/python3.11/site-packages/selenium/webdriver/remote/webdriver.py:738: in find_element\n    return self.execute(Command.FIND_ELEMENT, {\"using\": by, \"value\": value})[\"value\"]\n../../../.cache/pypoetry/virtualenvs/uk-bin-collection-EwS6Gn8s-py3.11/lib/python3.11/site-packages/selenium/webdriver/remote/webdriver.py:344: in execute\n    self.error_handler.check_response(response)\n_ _ _ _ _ _ _ _ _ _ _ _ _ _ _ _ _ _ _ _ _ _ _ _ _ _ _ _ _ _ _ _ _ _ _ _ _ _ _ _ \n\nself = <selenium.webdriver.remote.errorhandler.ErrorHandler object at 0x7f27d1245310>\nresponse = {'status': 404, 'value': '{\"value\":{\"error\":\"no such element\",\"message\":\"no such element: Unable to locate element: {\\...\\\\n#16 0x55a41f4c37c2 \\\\u003Cunknown>\\\\n#17 0x55a41f4d54a4 \\\\u003Cunknown>\\\\n#18 0x7f13b1a94ac3 \\\\u003Cunknown>\\\\n\"}}'}\n\n    def check_response(self, response: Dict[str, Any]) -> None:\n        \"\"\"Checks that a JSON response from the WebDriver does not have an\n        error.\n    \n        :Args:\n         - response - The JSON response from the WebDriver server as a dictionary\n           object.\n    \n        :Raises: If the response contains an error message.\n        \"\"\"\n        status = response.get(\"status\", None)\n        if not status or status == ErrorCode.SUCCESS:\n            return\n        value = None\n        message = response.get(\"message\", \"\")\n        screen: str = response.get(\"screen\", \"\")\n        stacktrace = None\n        if isinstance(status, int):\n            value_json = response.get(\"value\", None)\n            if value_json and isinstance(value_json, str):\n                import json\n    \n                try:\n                    value = json.loads(value_json)\n                    if len(value) == 1:\n                        value = value[\"value\"]\n                    status = value.get(\"error\", None)\n                    if not status:\n                        status = value.get(\"status\", ErrorCode.UNKNOWN_ERROR)\n                        message = value.get(\"value\") or value.get(\"message\")\n                        if not isinstance(message, str):\n                            value = message\n                            message = message.get(\"message\")\n                    else:\n                        message = value.get(\"message\", None)\n                except ValueError:\n                    pass\n    \n        exception_class: Type[WebDriverException]\n        e = ErrorCode()\n        error_codes = [item for item in dir(e) if not item.startswith(\"__\")]\n        for error_code in error_codes:\n            error_info = getattr(ErrorCode, error_code)\n            if isinstance(error_info, list) and status in error_info:\n                exception_class = getattr(ExceptionMapping, error_code, WebDriverException)\n                break\n        else:\n            exception_class = WebDriverException\n    \n        if not value:\n            value = response[\"value\"]\n        if isinstance(value, str):\n            raise exception_class(value)\n        if message == \"\" and \"message\" in value:\n            message = value[\"message\"]\n    \n        screen = None  # type: ignore[assignment]\n        if \"screen\" in value:\n            screen = value[\"screen\"]\n    \n        stacktrace = None\n        st_value = value.get(\"stackTrace\") or value.get(\"stacktrace\")\n        if st_value:\n            if isinstance(st_value, str):\n                stacktrace = st_value.split(\"\\n\")\n            else:\n                stacktrace = []\n                try:\n                    for frame in st_value:\n                        line = frame.get(\"lineNumber\", \"\")\n                        file = frame.get(\"fileName\", \"<anonymous>\")\n                        if line:\n                            file = f\"{file}:{line}\"\n                        meth = frame.get(\"methodName\", \"<anonymous>\")\n                        if \"className\" in frame:\n                            meth = f\"{frame['className']}.{meth}\"\n                        msg = \"    at %s (%s)\"\n                        msg = msg % (meth, file)\n                        stacktrace.append(msg)\n                except TypeError:\n                    pass\n        if exception_class == UnexpectedAlertPresentException:\n            alert_text = None\n            if \"data\" in value:\n                alert_text = value[\"data\"].get(\"text\")\n            elif \"alert\" in value:\n                alert_text = value[\"alert\"].get(\"text\")\n            raise exception_class(message, screen, stacktrace, alert_text)  # type: ignore[call-arg]  # mypy is not smart enough here\n>       raise exception_class(message, screen, stacktrace)\nE       selenium.common.exceptions.NoSuchElementException: Message: no such element: Unable to locate element: {\"method\":\"css selector\",\"selector\":\"[id=\"ContentPlaceHolderDefault_ctl13_nptLLPG2_25_addresslookup_txtTmpPostcode\"]\"}\nE         (Session info: chrome-headless-shell=121.0.6167.160); For documentation on this error, please visit: https://www.selenium.dev/documentation/webdriver/troubleshooting/errors#no-such-element-exception\nE       Stacktrace:\nE       #0 0x55a41f4d6303 <unknown>\nE       #1 0x55a41f1bb2b7 <unknown>\nE       #2 0x55a41f206cc0 <unknown>\nE       #3 0x55a41f206db1 <unknown>\nE       #4 0x55a41f24ab44 <unknown>\nE       #5 0x55a41f2293ad <unknown>\nE       #6 0x55a41f24807c <unknown>\nE       #7 0x55a41f229123 <unknown>\nE       #8 0x55a41f1f9095 <unknown>\nE       #9 0x55a41f1fa09e <unknown>\nE       #10 0x55a41f49a6ab <unknown>\nE       #11 0x55a41f49e4ba <unknown>\nE       #12 0x55a41f486f85 <unknown>\nE       #13 0x55a41f49f12f <unknown>\nE       #14 0x55a41f46ae6f <unknown>\nE       #15 0x55a41f4c35f8 <unknown>\nE       #16 0x55a41f4c37c2 <unknown>\nE       #17 0x55a41f4d54a4 <unknown>\nE       #18 0x7f13b1a94ac3 <unknown>\n\n../../../.cache/pypoetry/virtualenvs/uk-bin-collection-EwS6Gn8s-py3.11/lib/python3.11/site-packages/selenium/webdriver/remote/errorhandler.py:229: NoSuchElementException","steps":[{"name":"Given the council: NeathPortTalbotCouncil","time":{"start":1708388802175,"stop":1708388802176,"duration":1},"status":"passed","steps":[],"attachments":[],"parameters":[],"shouldDisplayMessage":false,"stepsCount":0,"attachmentsCount":0,"hasContent":false,"attachmentStep":false},{"name":"When we scrape the data from NeathPortTalbotCouncil using local and the http://selenium:4444 is set","time":{"start":1708388802176,"stop":1708388805529,"duration":3353},"status":"failed","statusMessage":"Message: no such element: Unable to locate element: {\"method\":\"css selector\",\"selector\":\"[id=\"ContentPlaceHolderDefault_ctl13_nptLLPG2_25_addresslookup_txtTmpPostcode\"]\"}\n  (Session info: chrome-headless-shell=121.0.6167.160); For documentation on this error, please visit: https://www.selenium.dev/documentation/webdriver/troubleshooting/errors#no-such-element-exception\nStacktrace:\n#0 0x55a41f4d6303 <unknown>\n#1 0x55a41f1bb2b7 <unknown>\n#2 0x55a41f206cc0 <unknown>\n#3 0x55a41f206db1 <unknown>\n#4 0x55a41f24ab44 <unknown>\n#5 0x55a41f2293ad <unknown>\n#6 0x55a41f24807c <unknown>\n#7 0x55a41f229123 <unknown>\n#8 0x55a41f1f9095 <unknown>\n#9 0x55a41f1fa09e <unknown>\n#10 0x55a41f49a6ab <unknown>\n#11 0x55a41f49e4ba <unknown>\n#12 0x55a41f486f85 <unknown>\n#13 0x55a41f49f12f <unknown>\n#14 0x55a41f46ae6f <unknown>\n#15 0x55a41f4c35f8 <unknown>\n#16 0x55a41f4c37c2 <unknown>\n#17 0x55a41f4d54a4 <unknown>\n#18 0x7f13b1a94ac3 <unknown>\n","statusTrace":"selenium.common.exceptions.NoSuchElementException: Message: no such element: Unable to locate element: {\"method\":\"css selector\",\"selector\":\"[id=\"ContentPlaceHolderDefault_ctl13_nptLLPG2_25_addresslookup_txtTmpPostcode\"]\"}\n  (Session info: chrome-headless-shell=121.0.6167.160); For documentation on this error, please visit: https://www.selenium.dev/documentation/webdriver/troubleshooting/errors#no-such-element-exception\nStacktrace:\n#0 0x55a41f4d6303 <unknown>\n#1 0x55a41f1bb2b7 <unknown>\n#2 0x55a41f206cc0 <unknown>\n#3 0x55a41f206db1 <unknown>\n#4 0x55a41f24ab44 <unknown>\n#5 0x55a41f2293ad <unknown>\n#6 0x55a41f24807c <unknown>\n#7 0x55a41f229123 <unknown>\n#8 0x55a41f1f9095 <unknown>\n#9 0x55a41f1fa09e <unknown>\n#10 0x55a41f49a6ab <unknown>\n#11 0x55a41f49e4ba <unknown>\n#12 0x55a41f486f85 <unknown>\n#13 0x55a41f49f12f <unknown>\n#14 0x55a41f46ae6f <unknown>\n#15 0x55a41f4c35f8 <unknown>\n#16 0x55a41f4c37c2 <unknown>\n#17 0x55a41f4d54a4 <unknown>\n#18 0x7f13b1a94ac3 <unknown>\n\n","steps":[],"attachments":[],"parameters":[],"shouldDisplayMessage":true,"stepsCount":0,"attachmentsCount":0,"hasContent":true,"attachmentStep":false}],"attachments":[],"parameters":[],"shouldDisplayMessage":true,"stepsCount":2,"attachmentsCount":0,"hasContent":true,"attachmentStep":false},"afterStages":[],"labels":[{"name":"host","value":"fv-az1432-196"},{"name":"thread","value":"2802-MainThread"},{"name":"framework","value":"pytest-bdd"},{"name":"language","value":"cpython3"},{"name":"feature","value":"Test each council output matches expected results"},{"name":"resultFormat","value":"allure2"}],"parameters":[{"name":"council","value":"NeathPortTalbotCouncil"},{"name":"selenium_mode","value":"local"},{"name":"selenium_url","value":"http://selenium:4444"}],"links":[],"hidden":false,"retry":false,"extra":{"severity":"normal","retries":[],"categories":[{"name":"Product defects","matchedStatuses":[],"flaky":false}],"history":{"statistic":{"failed":190,"broken":0,"skipped":0,"passed":14,"unknown":0,"total":204},"items":[{"uid":"11d4f70304cf5419","reportUrl":"https://robbrad.github.io/UKBinCollectionData/3.11/1568//#testresult/11d4f70304cf5419","status":"failed","statusDetails":"selenium.common.exceptions.NoSuchElementException: Message: no such element: Unable to locate element: {\"method\":\"css selector\",\"selector\":\"[id=\"ContentPlaceHolderDefault_ctl13_nptLLPG2_25_addresslookup_txtTmpPostcode\"]\"}\n  (Session info: chrome-headless-shell=121.0.6167.160); For documentation on this error, please visit: https://www.selenium.dev/documentation/webdriver/troubleshooting/errors#no-such-element-exception\nStacktrace:\n#0 0x56005619d303 <unknown>\n#1 0x560055e822b7 <unknown>\n#2 0x560055ecdcc0 <unknown>\n#3 0x560055ecddb1 <unknown>\n#4 0x560055f11b44 <unknown>\n#5 0x560055ef03ad <unknown>\n#6 0x560055f0f07c <unknown>\n#7 0x560055ef0123 <unknown>\n#8 0x560055ec0095 <unknown>\n#9 0x560055ec109e <unknown>\n#10 0x5600561616ab <unknown>\n#11 0x5600561654ba <unknown>\n#12 0x56005614df85 <unknown>\n#13 0x56005616612f <unknown>\n#14 0x560056131e6f <unknown>\n#15 0x56005618a5f8 <unknown>\n#16 0x56005618a7c2 <unknown>\n#17 0x56005619c4a4 <unknown>\n#18 0x7fd019c94ac3 <unknown>","time":{"start":1708302546157,"stop":1708302551020,"duration":4863}},{"uid":"612f9c3c345d7434","reportUrl":"https://robbrad.github.io/UKBinCollectionData/3.11/1567//#testresult/612f9c3c345d7434","status":"failed","statusDetails":"selenium.common.exceptions.NoSuchElementException: Message: no such element: Unable to locate element: {\"method\":\"css selector\",\"selector\":\"[id=\"ContentPlaceHolderDefault_ctl13_nptLLPG2_25_addresslookup_txtTmpPostcode\"]\"}\n  (Session info: chrome-headless-shell=121.0.6167.160); For documentation on this error, please visit: https://www.selenium.dev/documentation/webdriver/troubleshooting/errors#no-such-element-exception\nStacktrace:\n#0 0x5621b3550303 <unknown>\n#1 0x5621b32352b7 <unknown>\n#2 0x5621b3280cc0 <unknown>\n#3 0x5621b3280db1 <unknown>\n#4 0x5621b32c4b44 <unknown>\n#5 0x5621b32a33ad <unknown>\n#6 0x5621b32c207c <unknown>\n#7 0x5621b32a3123 <unknown>\n#8 0x5621b3273095 <unknown>\n#9 0x5621b327409e <unknown>\n#10 0x5621b35146ab <unknown>\n#11 0x5621b35184ba <unknown>\n#12 0x5621b3500f85 <unknown>\n#13 0x5621b351912f <unknown>\n#14 0x5621b34e4e6f <unknown>\n#15 0x5621b353d5f8 <unknown>\n#16 0x5621b353d7c2 <unknown>\n#17 0x5621b354f4a4 <unknown>\n#18 0x7f9371094ac3 <unknown>","time":{"start":1708216149088,"stop":1708216152136,"duration":3048}},{"uid":"fe51d15b4bb9a256","reportUrl":"https://robbrad.github.io/UKBinCollectionData/3.11/1566//#testresult/fe51d15b4bb9a256","status":"failed","statusDetails":"selenium.common.exceptions.NoSuchElementException: Message: no such element: Unable to locate element: {\"method\":\"css selector\",\"selector\":\"[id=\"ContentPlaceHolderDefault_ctl13_nptLLPG2_25_addresslookup_txtTmpPostcode\"]\"}\n  (Session info: chrome-headless-shell=121.0.6167.160); For documentation on this error, please visit: https://www.selenium.dev/documentation/webdriver/troubleshooting/errors#no-such-element-exception\nStacktrace:\n#0 0x560b0b0ea303 <unknown>\n#1 0x560b0adcf2b7 <unknown>\n#2 0x560b0ae1acc0 <unknown>\n#3 0x560b0ae1adb1 <unknown>\n#4 0x560b0ae5eb44 <unknown>\n#5 0x560b0ae3d3ad <unknown>\n#6 0x560b0ae5c07c <unknown>\n#7 0x560b0ae3d123 <unknown>\n#8 0x560b0ae0d095 <unknown>\n#9 0x560b0ae0e09e <unknown>\n#10 0x560b0b0ae6ab <unknown>\n#11 0x560b0b0b24ba <unknown>\n#12 0x560b0b09af85 <unknown>\n#13 0x560b0b0b312f <unknown>\n#14 0x560b0b07ee6f <unknown>\n#15 0x560b0b0d75f8 <unknown>\n#16 0x560b0b0d77c2 <unknown>\n#17 0x560b0b0e94a4 <unknown>\n#18 0x7f9e84094ac3 <unknown>","time":{"start":1708129617528,"stop":1708129620875,"duration":3347}},{"uid":"48293f27e446413e","reportUrl":"https://robbrad.github.io/UKBinCollectionData/3.11/1563//#testresult/48293f27e446413e","status":"failed","statusDetails":"selenium.common.exceptions.NoSuchElementException: Message: no such element: Unable to locate element: {\"method\":\"css selector\",\"selector\":\"[id=\"ContentPlaceHolderDefault_ctl13_nptLLPG2_25_addresslookup_txtTmpPostcode\"]\"}\n  (Session info: chrome-headless-shell=121.0.6167.160); For documentation on this error, please visit: https://www.selenium.dev/documentation/webdriver/troubleshooting/errors#no-such-element-exception\nStacktrace:\n#0 0x561ee1c90d93 <unknown>\n#1 0x561ee1974337 <unknown>\n#2 0x561ee19bfd60 <unknown>\n#3 0x561ee19bfe51 <unknown>\n#4 0x561ee1a03bc4 <unknown>\n#5 0x561ee19e246d <unknown>\n#6 0x561ee1a0112d <unknown>\n#7 0x561ee19e21e3 <unknown>\n#8 0x561ee19b2135 <unknown>\n#9 0x561ee19b313e <unknown>\n#10 0x561ee1c54e4b <unknown>\n#11 0x561ee1c58dfa <unknown>\n#12 0x561ee1c416d5 <unknown>\n#13 0x561ee1c59a6f <unknown>\n#14 0x561ee1c2569f <unknown>\n#15 0x561ee1c7e098 <unknown>\n#16 0x561ee1c7e262 <unknown>\n#17 0x561ee1c8ff34 <unknown>\n#18 0x7fb925694ac3 <unknown>","time":{"start":1708043175495,"stop":1708043178991,"duration":3496}},{"uid":"65db3f9d521f6e53","reportUrl":"https://robbrad.github.io/UKBinCollectionData/3.11/1562//#testresult/65db3f9d521f6e53","status":"failed","statusDetails":"selenium.common.exceptions.NoSuchElementException: Message: no such element: Unable to locate element: {\"method\":\"css selector\",\"selector\":\"[id=\"ContentPlaceHolderDefault_ctl13_nptLLPG2_25_addresslookup_txtTmpPostcode\"]\"}\n  (Session info: chrome-headless-shell=121.0.6167.160); For documentation on this error, please visit: https://www.selenium.dev/documentation/webdriver/troubleshooting/errors#no-such-element-exception\nStacktrace:\n#0 0x55814665cd93 <unknown>\n#1 0x558146340337 <unknown>\n#2 0x55814638bd60 <unknown>\n#3 0x55814638be51 <unknown>\n#4 0x5581463cfbc4 <unknown>\n#5 0x5581463ae46d <unknown>\n#6 0x5581463cd12d <unknown>\n#7 0x5581463ae1e3 <unknown>\n#8 0x55814637e135 <unknown>\n#9 0x55814637f13e <unknown>\n#10 0x558146620e4b <unknown>\n#11 0x558146624dfa <unknown>\n#12 0x55814660d6d5 <unknown>\n#13 0x558146625a6f <unknown>\n#14 0x5581465f169f <unknown>\n#15 0x55814664a098 <unknown>\n#16 0x55814664a262 <unknown>\n#17 0x55814665bf34 <unknown>\n#18 0x7fbfec694ac3 <unknown>","time":{"start":1707956801787,"stop":1707956805433,"duration":3646}},{"uid":"ad94b4f0203295c0","reportUrl":"https://robbrad.github.io/UKBinCollectionData/3.11/1561//#testresult/ad94b4f0203295c0","status":"failed","statusDetails":"selenium.common.exceptions.NoSuchElementException: Message: no such element: Unable to locate element: {\"method\":\"css selector\",\"selector\":\"[id=\"ContentPlaceHolderDefault_ctl13_nptLLPG2_25_addresslookup_txtTmpPostcode\"]\"}\n  (Session info: chrome-headless-shell=121.0.6167.160); For documentation on this error, please visit: https://www.selenium.dev/documentation/webdriver/troubleshooting/errors#no-such-element-exception\nStacktrace:\n#0 0x55807bd3fd93 <unknown>\n#1 0x55807ba23337 <unknown>\n#2 0x55807ba6ed60 <unknown>\n#3 0x55807ba6ee51 <unknown>\n#4 0x55807bab2bc4 <unknown>\n#5 0x55807ba9146d <unknown>\n#6 0x55807bab012d <unknown>\n#7 0x55807ba911e3 <unknown>\n#8 0x55807ba61135 <unknown>\n#9 0x55807ba6213e <unknown>\n#10 0x55807bd03e4b <unknown>\n#11 0x55807bd07dfa <unknown>\n#12 0x55807bcf06d5 <unknown>\n#13 0x55807bd08a6f <unknown>\n#14 0x55807bcd469f <unknown>\n#15 0x55807bd2d098 <unknown>\n#16 0x55807bd2d262 <unknown>\n#17 0x55807bd3ef34 <unknown>\n#18 0x7f4779494ac3 <unknown>","time":{"start":1707870435696,"stop":1707870439581,"duration":3885}},{"uid":"1cbf3c668ea1a350","reportUrl":"https://robbrad.github.io/UKBinCollectionData/3.11/1560//#testresult/1cbf3c668ea1a350","status":"failed","statusDetails":"selenium.common.exceptions.NoSuchElementException: Message: no such element: Unable to locate element: {\"method\":\"css selector\",\"selector\":\"[id=\"ContentPlaceHolderDefault_ctl13_nptLLPG2_25_addresslookup_txtTmpPostcode\"]\"}\n  (Session info: chrome-headless-shell=121.0.6167.139); For documentation on this error, please visit: https://www.selenium.dev/documentation/webdriver/troubleshooting/errors#no-such-element-exception\nStacktrace:\n#0 0x564f2059fd93 <unknown>\n#1 0x564f20283337 <unknown>\n#2 0x564f202ced60 <unknown>\n#3 0x564f202cee51 <unknown>\n#4 0x564f20312bc4 <unknown>\n#5 0x564f202f146d <unknown>\n#6 0x564f2031012d <unknown>\n#7 0x564f202f11e3 <unknown>\n#8 0x564f202c1135 <unknown>\n#9 0x564f202c213e <unknown>\n#10 0x564f20563e4b <unknown>\n#11 0x564f20567dfa <unknown>\n#12 0x564f205506d5 <unknown>\n#13 0x564f20568a6f <unknown>\n#14 0x564f2053469f <unknown>\n#15 0x564f2058d098 <unknown>\n#16 0x564f2058d262 <unknown>\n#17 0x564f2059ef34 <unknown>\n#18 0x7f8e21094ac3 <unknown>","time":{"start":1707784053994,"stop":1707784057314,"duration":3320}},{"uid":"dfb1fdfafbdf179c","reportUrl":"https://robbrad.github.io/UKBinCollectionData/3.11/1559//#testresult/dfb1fdfafbdf179c","status":"failed","statusDetails":"selenium.common.exceptions.NoSuchElementException: Message: no such element: Unable to locate element: {\"method\":\"css selector\",\"selector\":\"[id=\"ContentPlaceHolderDefault_ctl13_nptLLPG2_25_addresslookup_txtTmpPostcode\"]\"}\n  (Session info: chrome-headless-shell=121.0.6167.139); For documentation on this error, please visit: https://www.selenium.dev/documentation/webdriver/troubleshooting/errors#no-such-element-exception\nStacktrace:\n#0 0x55fac9488d93 <unknown>\n#1 0x55fac916c337 <unknown>\n#2 0x55fac91b7d60 <unknown>\n#3 0x55fac91b7e51 <unknown>\n#4 0x55fac91fbbc4 <unknown>\n#5 0x55fac91da46d <unknown>\n#6 0x55fac91f912d <unknown>\n#7 0x55fac91da1e3 <unknown>\n#8 0x55fac91aa135 <unknown>\n#9 0x55fac91ab13e <unknown>\n#10 0x55fac944ce4b <unknown>\n#11 0x55fac9450dfa <unknown>\n#12 0x55fac94396d5 <unknown>\n#13 0x55fac9451a6f <unknown>\n#14 0x55fac941d69f <unknown>\n#15 0x55fac9476098 <unknown>\n#16 0x55fac9476262 <unknown>\n#17 0x55fac9487f34 <unknown>\n#18 0x7fe393494ac3 <unknown>","time":{"start":1707697694748,"stop":1707697698928,"duration":4180}},{"uid":"ece713a9bfbc6f8b","reportUrl":"https://robbrad.github.io/UKBinCollectionData/3.11/1556//#testresult/ece713a9bfbc6f8b","status":"failed","statusDetails":"selenium.common.exceptions.NoSuchElementException: Message: no such element: Unable to locate element: {\"method\":\"css selector\",\"selector\":\"[id=\"ContentPlaceHolderDefault_ctl13_nptLLPG2_25_addresslookup_txtTmpPostcode\"]\"}\n  (Session info: chrome-headless-shell=121.0.6167.139); For documentation on this error, please visit: https://www.selenium.dev/documentation/webdriver/troubleshooting/errors#no-such-element-exception\nStacktrace:\n#0 0x5583623ecd93 <unknown>\n#1 0x5583620d0337 <unknown>\n#2 0x55836211bd60 <unknown>\n#3 0x55836211be51 <unknown>\n#4 0x55836215fbc4 <unknown>\n#5 0x55836213e46d <unknown>\n#6 0x55836215d12d <unknown>\n#7 0x55836213e1e3 <unknown>\n#8 0x55836210e135 <unknown>\n#9 0x55836210f13e <unknown>\n#10 0x5583623b0e4b <unknown>\n#11 0x5583623b4dfa <unknown>\n#12 0x55836239d6d5 <unknown>\n#13 0x5583623b5a6f <unknown>\n#14 0x55836238169f <unknown>\n#15 0x5583623da098 <unknown>\n#16 0x5583623da262 <unknown>\n#17 0x5583623ebf34 <unknown>\n#18 0x7f4754894ac3 <unknown>","time":{"start":1707611375554,"stop":1707611380111,"duration":4557}},{"uid":"5398069ea5782c08","reportUrl":"https://robbrad.github.io/UKBinCollectionData/3.11/1554//#testresult/5398069ea5782c08","status":"failed","statusDetails":"selenium.common.exceptions.NoSuchElementException: Message: no such element: Unable to locate element: {\"method\":\"css selector\",\"selector\":\"[id=\"ContentPlaceHolderDefault_ctl13_nptLLPG2_25_addresslookup_txtTmpPostcode\"]\"}\n  (Session info: chrome-headless-shell=121.0.6167.139); For documentation on this error, please visit: https://www.selenium.dev/documentation/webdriver/troubleshooting/errors#no-such-element-exception\nStacktrace:\n#0 0x5601f8fcad93 <unknown>\n#1 0x5601f8cae337 <unknown>\n#2 0x5601f8cf9d60 <unknown>\n#3 0x5601f8cf9e51 <unknown>\n#4 0x5601f8d3dbc4 <unknown>\n#5 0x5601f8d1c46d <unknown>\n#6 0x5601f8d3b12d <unknown>\n#7 0x5601f8d1c1e3 <unknown>\n#8 0x5601f8cec135 <unknown>\n#9 0x5601f8ced13e <unknown>\n#10 0x5601f8f8ee4b <unknown>\n#11 0x5601f8f92dfa <unknown>\n#12 0x5601f8f7b6d5 <unknown>\n#13 0x5601f8f93a6f <unknown>\n#14 0x5601f8f5f69f <unknown>\n#15 0x5601f8fb8098 <unknown>\n#16 0x5601f8fb8262 <unknown>\n#17 0x5601f8fc9f34 <unknown>\n#18 0x7faa40894ac3 <unknown>","time":{"start":1707524757761,"stop":1707524761058,"duration":3297}},{"uid":"aeacf8da64008daa","reportUrl":"https://robbrad.github.io/UKBinCollectionData/3.11/1553//#testresult/aeacf8da64008daa","status":"failed","statusDetails":"selenium.common.exceptions.NoSuchElementException: Message: no such element: Unable to locate element: {\"method\":\"css selector\",\"selector\":\"[id=\"ContentPlaceHolderDefault_ctl13_nptLLPG2_25_addresslookup_txtTmpPostcode\"]\"}\n  (Session info: chrome-headless-shell=121.0.6167.139); For documentation on this error, please visit: https://www.selenium.dev/documentation/webdriver/troubleshooting/errors#no-such-element-exception\nStacktrace:\n#0 0x55ea5f02fd93 <unknown>\n#1 0x55ea5ed13337 <unknown>\n#2 0x55ea5ed5ed60 <unknown>\n#3 0x55ea5ed5ee51 <unknown>\n#4 0x55ea5eda2bc4 <unknown>\n#5 0x55ea5ed8146d <unknown>\n#6 0x55ea5eda012d <unknown>\n#7 0x55ea5ed811e3 <unknown>\n#8 0x55ea5ed51135 <unknown>\n#9 0x55ea5ed5213e <unknown>\n#10 0x55ea5eff3e4b <unknown>\n#11 0x55ea5eff7dfa <unknown>\n#12 0x55ea5efe06d5 <unknown>\n#13 0x55ea5eff8a6f <unknown>\n#14 0x55ea5efc469f <unknown>\n#15 0x55ea5f01d098 <unknown>\n#16 0x55ea5f01d262 <unknown>\n#17 0x55ea5f02ef34 <unknown>\n#18 0x7f3cae694ac3 <unknown>","time":{"start":1707438399827,"stop":1707438402985,"duration":3158}},{"uid":"b9feba47ec342281","reportUrl":"https://robbrad.github.io/UKBinCollectionData/3.11/1552//#testresult/b9feba47ec342281","status":"failed","statusDetails":"selenium.common.exceptions.NoSuchElementException: Message: no such element: Unable to locate element: {\"method\":\"css selector\",\"selector\":\"[id=\"ContentPlaceHolderDefault_ctl13_nptLLPG2_25_addresslookup_txtTmpPostcode\"]\"}\n  (Session info: chrome-headless-shell=121.0.6167.139); For documentation on this error, please visit: https://www.selenium.dev/documentation/webdriver/troubleshooting/errors#no-such-element-exception\nStacktrace:\n#0 0x55f099d82d93 <unknown>\n#1 0x55f099a66337 <unknown>\n#2 0x55f099ab1d60 <unknown>\n#3 0x55f099ab1e51 <unknown>\n#4 0x55f099af5bc4 <unknown>\n#5 0x55f099ad446d <unknown>\n#6 0x55f099af312d <unknown>\n#7 0x55f099ad41e3 <unknown>\n#8 0x55f099aa4135 <unknown>\n#9 0x55f099aa513e <unknown>\n#10 0x55f099d46e4b <unknown>\n#11 0x55f099d4adfa <unknown>\n#12 0x55f099d336d5 <unknown>\n#13 0x55f099d4ba6f <unknown>\n#14 0x55f099d1769f <unknown>\n#15 0x55f099d70098 <unknown>\n#16 0x55f099d70262 <unknown>\n#17 0x55f099d81f34 <unknown>\n#18 0x7f456d094ac3 <unknown>","time":{"start":1707352034745,"stop":1707352039088,"duration":4343}},{"uid":"b70df1312677502a","reportUrl":"https://robbrad.github.io/UKBinCollectionData/3.11/1551//#testresult/b70df1312677502a","status":"failed","statusDetails":"selenium.common.exceptions.NoSuchElementException: Message: no such element: Unable to locate element: {\"method\":\"css selector\",\"selector\":\"[id=\"ContentPlaceHolderDefault_ctl13_nptLLPG2_25_addresslookup_txtTmpPostcode\"]\"}\n  (Session info: chrome-headless-shell=121.0.6167.139); For documentation on this error, please visit: https://www.selenium.dev/documentation/webdriver/troubleshooting/errors#no-such-element-exception\nStacktrace:\n#0 0x55dd8b9aad93 <unknown>\n#1 0x55dd8b68e337 <unknown>\n#2 0x55dd8b6d9d60 <unknown>\n#3 0x55dd8b6d9e51 <unknown>\n#4 0x55dd8b71dbc4 <unknown>\n#5 0x55dd8b6fc46d <unknown>\n#6 0x55dd8b71b12d <unknown>\n#7 0x55dd8b6fc1e3 <unknown>\n#8 0x55dd8b6cc135 <unknown>\n#9 0x55dd8b6cd13e <unknown>\n#10 0x55dd8b96ee4b <unknown>\n#11 0x55dd8b972dfa <unknown>\n#12 0x55dd8b95b6d5 <unknown>\n#13 0x55dd8b973a6f <unknown>\n#14 0x55dd8b93f69f <unknown>\n#15 0x55dd8b998098 <unknown>\n#16 0x55dd8b998262 <unknown>\n#17 0x55dd8b9a9f34 <unknown>\n#18 0x7fa397494ac3 <unknown>","time":{"start":1707265544902,"stop":1707265548212,"duration":3310}},{"uid":"5bf5639e511e9b3","reportUrl":"https://robbrad.github.io/UKBinCollectionData/3.11/1549//#testresult/5bf5639e511e9b3","status":"failed","statusDetails":"selenium.common.exceptions.NoSuchElementException: Message: no such element: Unable to locate element: {\"method\":\"css selector\",\"selector\":\"[id=\"ContentPlaceHolderDefault_ctl13_nptLLPG2_25_addresslookup_txtTmpPostcode\"]\"}\n  (Session info: chrome-headless-shell=121.0.6167.139); For documentation on this error, please visit: https://www.selenium.dev/documentation/webdriver/troubleshooting/errors#no-such-element-exception\nStacktrace:\n#0 0x556ccd6b6d93 <unknown>\n#1 0x556ccd39a337 <unknown>\n#2 0x556ccd3e5d60 <unknown>\n#3 0x556ccd3e5e51 <unknown>\n#4 0x556ccd429bc4 <unknown>\n#5 0x556ccd40846d <unknown>\n#6 0x556ccd42712d <unknown>\n#7 0x556ccd4081e3 <unknown>\n#8 0x556ccd3d8135 <unknown>\n#9 0x556ccd3d913e <unknown>\n#10 0x556ccd67ae4b <unknown>\n#11 0x556ccd67edfa <unknown>\n#12 0x556ccd6676d5 <unknown>\n#13 0x556ccd67fa6f <unknown>\n#14 0x556ccd64b69f <unknown>\n#15 0x556ccd6a4098 <unknown>\n#16 0x556ccd6a4262 <unknown>\n#17 0x556ccd6b5f34 <unknown>\n#18 0x7fa4aae94ac3 <unknown>","time":{"start":1707179253288,"stop":1707179257468,"duration":4180}},{"uid":"d29da1d44d737ddb","reportUrl":"https://robbrad.github.io/UKBinCollectionData/3.11/1548//#testresult/d29da1d44d737ddb","status":"failed","statusDetails":"selenium.common.exceptions.NoSuchElementException: Message: no such element: Unable to locate element: {\"method\":\"css selector\",\"selector\":\"[id=\"ContentPlaceHolderDefault_ctl13_nptLLPG2_25_addresslookup_txtTmpPostcode\"]\"}\n  (Session info: chrome-headless-shell=121.0.6167.139); For documentation on this error, please visit: https://www.selenium.dev/documentation/webdriver/troubleshooting/errors#no-such-element-exception\nStacktrace:\n#0 0x55686645cd93 <unknown>\n#1 0x556866140337 <unknown>\n#2 0x55686618bd60 <unknown>\n#3 0x55686618be51 <unknown>\n#4 0x5568661cfbc4 <unknown>\n#5 0x5568661ae46d <unknown>\n#6 0x5568661cd12d <unknown>\n#7 0x5568661ae1e3 <unknown>\n#8 0x55686617e135 <unknown>\n#9 0x55686617f13e <unknown>\n#10 0x556866420e4b <unknown>\n#11 0x556866424dfa <unknown>\n#12 0x55686640d6d5 <unknown>\n#13 0x556866425a6f <unknown>\n#14 0x5568663f169f <unknown>\n#15 0x55686644a098 <unknown>\n#16 0x55686644a262 <unknown>\n#17 0x55686645bf34 <unknown>\n#18 0x7ff84c694ac3 <unknown>","time":{"start":1707092948249,"stop":1707092952687,"duration":4438}},{"uid":"52ca25ff19571d33","reportUrl":"https://robbrad.github.io/UKBinCollectionData/3.11/1547//#testresult/52ca25ff19571d33","status":"failed","statusDetails":"selenium.common.exceptions.NoSuchElementException: Message: no such element: Unable to locate element: {\"method\":\"css selector\",\"selector\":\"[id=\"ContentPlaceHolderDefault_ctl13_nptLLPG2_25_addresslookup_txtTmpPostcode\"]\"}\n  (Session info: chrome-headless-shell=121.0.6167.139); For documentation on this error, please visit: https://www.selenium.dev/documentation/webdriver/troubleshooting/errors#no-such-element-exception\nStacktrace:\n#0 0x564a59e49d93 <unknown>\n#1 0x564a59b2d337 <unknown>\n#2 0x564a59b78d60 <unknown>\n#3 0x564a59b78e51 <unknown>\n#4 0x564a59bbcbc4 <unknown>\n#5 0x564a59b9b46d <unknown>\n#6 0x564a59bba12d <unknown>\n#7 0x564a59b9b1e3 <unknown>\n#8 0x564a59b6b135 <unknown>\n#9 0x564a59b6c13e <unknown>\n#10 0x564a59e0de4b <unknown>\n#11 0x564a59e11dfa <unknown>\n#12 0x564a59dfa6d5 <unknown>\n#13 0x564a59e12a6f <unknown>\n#14 0x564a59dde69f <unknown>\n#15 0x564a59e37098 <unknown>\n#16 0x564a59e37262 <unknown>\n#17 0x564a59e48f34 <unknown>\n#18 0x7f23ee494ac3 <unknown>","time":{"start":1707006655322,"stop":1707006659175,"duration":3853}},{"uid":"3f547a17ed40406d","reportUrl":"https://robbrad.github.io/UKBinCollectionData/3.11/1545//#testresult/3f547a17ed40406d","status":"failed","statusDetails":"selenium.common.exceptions.NoSuchElementException: Message: no such element: Unable to locate element: {\"method\":\"css selector\",\"selector\":\"[id=\"ContentPlaceHolderDefault_ctl13_nptLLPG2_25_addresslookup_txtTmpPostcode\"]\"}\n  (Session info: chrome-headless-shell=121.0.6167.85); For documentation on this error, please visit: https://www.selenium.dev/documentation/webdriver/troubleshooting/errors#no-such-element-exception\nStacktrace:\n#0 0x55f910c3ad93 <unknown>\n#1 0x55f91091e337 <unknown>\n#2 0x55f910969d60 <unknown>\n#3 0x55f910969e51 <unknown>\n#4 0x55f9109adbc4 <unknown>\n#5 0x55f91098c46d <unknown>\n#6 0x55f9109ab12d <unknown>\n#7 0x55f91098c1e3 <unknown>\n#8 0x55f91095c135 <unknown>\n#9 0x55f91095d13e <unknown>\n#10 0x55f910bfee4b <unknown>\n#11 0x55f910c02dfa <unknown>\n#12 0x55f910beb6d5 <unknown>\n#13 0x55f910c03a6f <unknown>\n#14 0x55f910bcf69f <unknown>\n#15 0x55f910c28098 <unknown>\n#16 0x55f910c28262 <unknown>\n#17 0x55f910c39f34 <unknown>\n#18 0x7efd29094ac3 <unknown>","time":{"start":1706941923890,"stop":1706941928645,"duration":4755}},{"uid":"e3fbe9fab098b632","reportUrl":"https://robbrad.github.io/UKBinCollectionData/3.11/1544//#testresult/e3fbe9fab098b632","status":"failed","statusDetails":"selenium.common.exceptions.NoSuchElementException: Message: no such element: Unable to locate element: {\"method\":\"css selector\",\"selector\":\"[id=\"ContentPlaceHolderDefault_ctl13_nptLLPG2_25_addresslookup_txtTmpPostcode\"]\"}\n  (Session info: chrome-headless-shell=121.0.6167.85); For documentation on this error, please visit: https://www.selenium.dev/documentation/webdriver/troubleshooting/errors#no-such-element-exception\nStacktrace:\n#0 0x5628fd84dd93 <unknown>\n#1 0x5628fd531337 <unknown>\n#2 0x5628fd57cd60 <unknown>\n#3 0x5628fd57ce51 <unknown>\n#4 0x5628fd5c0bc4 <unknown>\n#5 0x5628fd59f46d <unknown>\n#6 0x5628fd5be12d <unknown>\n#7 0x5628fd59f1e3 <unknown>\n#8 0x5628fd56f135 <unknown>\n#9 0x5628fd57013e <unknown>\n#10 0x5628fd811e4b <unknown>\n#11 0x5628fd815dfa <unknown>\n#12 0x5628fd7fe6d5 <unknown>\n#13 0x5628fd816a6f <unknown>\n#14 0x5628fd7e269f <unknown>\n#15 0x5628fd83b098 <unknown>\n#16 0x5628fd83b262 <unknown>\n#17 0x5628fd84cf34 <unknown>\n#18 0x7f64ee894ac3 <unknown>","time":{"start":1706939018164,"stop":1706939023100,"duration":4936}},{"uid":"8ca1ffe49059728d","reportUrl":"https://robbrad.github.io/UKBinCollectionData/3.11/1542//#testresult/8ca1ffe49059728d","status":"failed","statusDetails":"selenium.common.exceptions.NoSuchElementException: Message: no such element: Unable to locate element: {\"method\":\"css selector\",\"selector\":\"[id=\"ContentPlaceHolderDefault_ctl13_nptLLPG2_25_addresslookup_txtTmpPostcode\"]\"}\n  (Session info: chrome-headless-shell=121.0.6167.139); For documentation on this error, please visit: https://www.selenium.dev/documentation/webdriver/troubleshooting/errors#no-such-element-exception\nStacktrace:\n#0 0x55f10bc8ed93 <unknown>\n#1 0x55f10b972337 <unknown>\n#2 0x55f10b9bdd60 <unknown>\n#3 0x55f10b9bde51 <unknown>\n#4 0x55f10ba01bc4 <unknown>\n#5 0x55f10b9e046d <unknown>\n#6 0x55f10b9ff12d <unknown>\n#7 0x55f10b9e01e3 <unknown>\n#8 0x55f10b9b0135 <unknown>\n#9 0x55f10b9b113e <unknown>\n#10 0x55f10bc52e4b <unknown>\n#11 0x55f10bc56dfa <unknown>\n#12 0x55f10bc3f6d5 <unknown>\n#13 0x55f10bc57a6f <unknown>\n#14 0x55f10bc2369f <unknown>\n#15 0x55f10bc7c098 <unknown>\n#16 0x55f10bc7c262 <unknown>\n#17 0x55f10bc8df34 <unknown>\n#18 0x7f0598494ac3 <unknown>","time":{"start":1706938492864,"stop":1706938497720,"duration":4856}},{"uid":"a15d9ae3aa66ff5e","reportUrl":"https://robbrad.github.io/UKBinCollectionData/3.11/1541//#testresult/a15d9ae3aa66ff5e","status":"failed","statusDetails":"selenium.common.exceptions.NoSuchElementException: Message: no such element: Unable to locate element: {\"method\":\"css selector\",\"selector\":\"[id=\"ContentPlaceHolderDefault_ctl13_nptLLPG2_25_addresslookup_txtTmpPostcode\"]\"}\n  (Session info: chrome-headless-shell=121.0.6167.85); For documentation on this error, please visit: https://www.selenium.dev/documentation/webdriver/troubleshooting/errors#no-such-element-exception\nStacktrace:\n#0 0x5569643dfd93 <unknown>\n#1 0x5569640c3337 <unknown>\n#2 0x55696410ed60 <unknown>\n#3 0x55696410ee51 <unknown>\n#4 0x556964152bc4 <unknown>\n#5 0x55696413146d <unknown>\n#6 0x55696415012d <unknown>\n#7 0x5569641311e3 <unknown>\n#8 0x556964101135 <unknown>\n#9 0x55696410213e <unknown>\n#10 0x5569643a3e4b <unknown>\n#11 0x5569643a7dfa <unknown>\n#12 0x5569643906d5 <unknown>\n#13 0x5569643a8a6f <unknown>\n#14 0x55696437469f <unknown>\n#15 0x5569643cd098 <unknown>\n#16 0x5569643cd262 <unknown>\n#17 0x5569643def34 <unknown>\n#18 0x7f9c43294ac3 <unknown>","time":{"start":1706920044781,"stop":1706920051064,"duration":6283}}]},"tags":[]},"source":"61d35e337a5fe72e.json","parameterValues":["NeathPortTalbotCouncil","local","http://selenium:4444"]}