{"uid":"2536d43f5414f028","name":"Validate Council Output [NorthumberlandCouncil]","fullName":"features/validate_council_outputs.feature:Validate Council Output","historyId":"be5066a45f8f21ace99c9910b786c6c9","time":{"start":1698974257022,"stop":1698974261614,"duration":4592},"status":"failed","statusMessage":"selenium.common.exceptions.NoSuchElementException: Message: no such element: Unable to locate element: {\"method\":\"css selector\",\"selector\":\"[id=\"ccc-notify-accept\"]\"}\n  (Session info: headless chrome=118.0.5993.117); For documentation on this error, please visit: https://www.selenium.dev/documentation/webdriver/troubleshooting/errors#no-such-element-exception\nStacktrace:\n#0 0x55d7dcb2afb3 <unknown>\n#1 0x55d7dc7fe4a7 <unknown>\n#2 0x55d7dc845dd6 <unknown>\n#3 0x55d7dc845ec1 <unknown>\n#4 0x55d7dc883354 <unknown>\n#5 0x55d7dc86796d <unknown>\n#6 0x55d7dc880c02 <unknown>\n#7 0x55d7dc867713 <unknown>\n#8 0x55d7dc83a18b <unknown>\n#9 0x55d7dc83af7e <unknown>\n#10 0x55d7dcaf08d8 <unknown>\n#11 0x55d7dcaf4800 <unknown>\n#12 0x55d7dcafecfc <unknown>\n#13 0x55d7dcaf5418 <unknown>\n#14 0x55d7dcac242f <unknown>\n#15 0x55d7dcb194e8 <unknown>\n#16 0x55d7dcb196b4 <unknown>\n#17 0x55d7dcb2a143 <unknown>\n#18 0x7f19f7094ac3 <unknown>","statusTrace":"fixturefunc = <function scrape_step at 0x7f1a3156d580>\nrequest = <FixtureRequest for <Function test_scenario_outline[NorthumberlandCouncil]>>\nkwargs = {'context': <test_validate_council.context.<locals>.Context object at 0x7f1a23830a10>, 'council': 'NorthumberlandCouncil'}\n\n    def call_fixture_func(\n        fixturefunc: \"_FixtureFunc[FixtureValue]\", request: FixtureRequest, kwargs\n    ) -> FixtureValue:\n        if is_generator(fixturefunc):\n            fixturefunc = cast(\n                Callable[..., Generator[FixtureValue, None, None]], fixturefunc\n            )\n            generator = fixturefunc(**kwargs)\n            try:\n                fixture_result = next(generator)\n            except StopIteration:\n                raise ValueError(f\"{request.fixturename} did not yield a value\") from None\n            finalizer = functools.partial(_teardown_yield_fixture, fixturefunc, generator)\n            request.addfinalizer(finalizer)\n        else:\n            fixturefunc = cast(Callable[..., FixtureValue], fixturefunc)\n>           fixture_result = fixturefunc(**kwargs)\n\n../../../.cache/pypoetry/virtualenvs/uk-bin-collection-EwS6Gn8s-py3.11/lib/python3.11/site-packages/_pytest/fixtures.py:902: \n_ _ _ _ _ _ _ _ _ _ _ _ _ _ _ _ _ _ _ _ _ _ _ _ _ _ _ _ _ _ _ _ _ _ _ _ _ _ _ _ \nuk_bin_collection/tests/step_defs/test_validate_council.py:63: in scrape_step\n    raise (err)\nuk_bin_collection/tests/step_defs/test_validate_council.py:59: in scrape_step\n    context.parse_result = CollectData.run()\nuk_bin_collection/uk_bin_collection/collect_data.py:71: in run\n    return self.client_code(\nuk_bin_collection/uk_bin_collection/collect_data.py:59: in client_code\n    return get_bin_data_class.template_method(address_url, **kwargs)\nuk_bin_collection/uk_bin_collection/get_bin_data.py:70: in template_method\n    bin_data_dict = self.parse_data(\nuk_bin_collection/uk_bin_collection/councils/NorthumberlandCouncil.py:45: in parse_data\n    driver.find_element(By.ID, \"ccc-notify-accept\").click()\n../../../.cache/pypoetry/virtualenvs/uk-bin-collection-EwS6Gn8s-py3.11/lib/python3.11/site-packages/selenium/webdriver/remote/webdriver.py:738: in find_element\n    return self.execute(Command.FIND_ELEMENT, {\"using\": by, \"value\": value})[\"value\"]\n../../../.cache/pypoetry/virtualenvs/uk-bin-collection-EwS6Gn8s-py3.11/lib/python3.11/site-packages/selenium/webdriver/remote/webdriver.py:344: in execute\n    self.error_handler.check_response(response)\n_ _ _ _ _ _ _ _ _ _ _ _ _ _ _ _ _ _ _ _ _ _ _ _ _ _ _ _ _ _ _ _ _ _ _ _ _ _ _ _ \n\nself = <selenium.webdriver.remote.errorhandler.ErrorHandler object at 0x7f1a3174b890>\nresponse = {'status': 404, 'value': '{\"value\":{\"error\":\"no such element\",\"message\":\"no such element: Unable to locate element: {\\...\\\\n#16 0x55d7dcb196b4 \\\\u003Cunknown>\\\\n#17 0x55d7dcb2a143 \\\\u003Cunknown>\\\\n#18 0x7f19f7094ac3 \\\\u003Cunknown>\\\\n\"}}'}\n\n    def check_response(self, response: Dict[str, Any]) -> None:\n        \"\"\"Checks that a JSON response from the WebDriver does not have an\n        error.\n    \n        :Args:\n         - response - The JSON response from the WebDriver server as a dictionary\n           object.\n    \n        :Raises: If the response contains an error message.\n        \"\"\"\n        status = response.get(\"status\", None)\n        if not status or status == ErrorCode.SUCCESS:\n            return\n        value = None\n        message = response.get(\"message\", \"\")\n        screen: str = response.get(\"screen\", \"\")\n        stacktrace = None\n        if isinstance(status, int):\n            value_json = response.get(\"value\", None)\n            if value_json and isinstance(value_json, str):\n                import json\n    \n                try:\n                    value = json.loads(value_json)\n                    if len(value) == 1:\n                        value = value[\"value\"]\n                    status = value.get(\"error\", None)\n                    if not status:\n                        status = value.get(\"status\", ErrorCode.UNKNOWN_ERROR)\n                        message = value.get(\"value\") or value.get(\"message\")\n                        if not isinstance(message, str):\n                            value = message\n                            message = message.get(\"message\")\n                    else:\n                        message = value.get(\"message\", None)\n                except ValueError:\n                    pass\n    \n        exception_class: Type[WebDriverException]\n        e = ErrorCode()\n        error_codes = [item for item in dir(e) if not item.startswith(\"__\")]\n        for error_code in error_codes:\n            error_info = getattr(ErrorCode, error_code)\n            if isinstance(error_info, list) and status in error_info:\n                exception_class = getattr(ExceptionMapping, error_code, WebDriverException)\n                break\n        else:\n            exception_class = WebDriverException\n    \n        if not value:\n            value = response[\"value\"]\n        if isinstance(value, str):\n            raise exception_class(value)\n        if message == \"\" and \"message\" in value:\n            message = value[\"message\"]\n    \n        screen = None  # type: ignore[assignment]\n        if \"screen\" in value:\n            screen = value[\"screen\"]\n    \n        stacktrace = None\n        st_value = value.get(\"stackTrace\") or value.get(\"stacktrace\")\n        if st_value:\n            if isinstance(st_value, str):\n                stacktrace = st_value.split(\"\\n\")\n            else:\n                stacktrace = []\n                try:\n                    for frame in st_value:\n                        line = frame.get(\"lineNumber\", \"\")\n                        file = frame.get(\"fileName\", \"<anonymous>\")\n                        if line:\n                            file = f\"{file}:{line}\"\n                        meth = frame.get(\"methodName\", \"<anonymous>\")\n                        if \"className\" in frame:\n                            meth = f\"{frame['className']}.{meth}\"\n                        msg = \"    at %s (%s)\"\n                        msg = msg % (meth, file)\n                        stacktrace.append(msg)\n                except TypeError:\n                    pass\n        if exception_class == UnexpectedAlertPresentException:\n            alert_text = None\n            if \"data\" in value:\n                alert_text = value[\"data\"].get(\"text\")\n            elif \"alert\" in value:\n                alert_text = value[\"alert\"].get(\"text\")\n            raise exception_class(message, screen, stacktrace, alert_text)  # type: ignore[call-arg]  # mypy is not smart enough here\n>       raise exception_class(message, screen, stacktrace)\nE       selenium.common.exceptions.NoSuchElementException: Message: no such element: Unable to locate element: {\"method\":\"css selector\",\"selector\":\"[id=\"ccc-notify-accept\"]\"}\nE         (Session info: headless chrome=118.0.5993.117); For documentation on this error, please visit: https://www.selenium.dev/documentation/webdriver/troubleshooting/errors#no-such-element-exception\nE       Stacktrace:\nE       #0 0x55d7dcb2afb3 <unknown>\nE       #1 0x55d7dc7fe4a7 <unknown>\nE       #2 0x55d7dc845dd6 <unknown>\nE       #3 0x55d7dc845ec1 <unknown>\nE       #4 0x55d7dc883354 <unknown>\nE       #5 0x55d7dc86796d <unknown>\nE       #6 0x55d7dc880c02 <unknown>\nE       #7 0x55d7dc867713 <unknown>\nE       #8 0x55d7dc83a18b <unknown>\nE       #9 0x55d7dc83af7e <unknown>\nE       #10 0x55d7dcaf08d8 <unknown>\nE       #11 0x55d7dcaf4800 <unknown>\nE       #12 0x55d7dcafecfc <unknown>\nE       #13 0x55d7dcaf5418 <unknown>\nE       #14 0x55d7dcac242f <unknown>\nE       #15 0x55d7dcb194e8 <unknown>\nE       #16 0x55d7dcb196b4 <unknown>\nE       #17 0x55d7dcb2a143 <unknown>\nE       #18 0x7f19f7094ac3 <unknown>\n\n../../../.cache/pypoetry/virtualenvs/uk-bin-collection-EwS6Gn8s-py3.11/lib/python3.11/site-packages/selenium/webdriver/remote/errorhandler.py:229: NoSuchElementException","flaky":false,"newFailed":false,"newBroken":false,"newPassed":false,"retriesCount":0,"retriesStatusChange":false,"beforeStages":[],"testStage":{"status":"failed","statusMessage":"selenium.common.exceptions.NoSuchElementException: Message: no such element: Unable to locate element: {\"method\":\"css selector\",\"selector\":\"[id=\"ccc-notify-accept\"]\"}\n  (Session info: headless chrome=118.0.5993.117); For documentation on this error, please visit: https://www.selenium.dev/documentation/webdriver/troubleshooting/errors#no-such-element-exception\nStacktrace:\n#0 0x55d7dcb2afb3 <unknown>\n#1 0x55d7dc7fe4a7 <unknown>\n#2 0x55d7dc845dd6 <unknown>\n#3 0x55d7dc845ec1 <unknown>\n#4 0x55d7dc883354 <unknown>\n#5 0x55d7dc86796d <unknown>\n#6 0x55d7dc880c02 <unknown>\n#7 0x55d7dc867713 <unknown>\n#8 0x55d7dc83a18b <unknown>\n#9 0x55d7dc83af7e <unknown>\n#10 0x55d7dcaf08d8 <unknown>\n#11 0x55d7dcaf4800 <unknown>\n#12 0x55d7dcafecfc <unknown>\n#13 0x55d7dcaf5418 <unknown>\n#14 0x55d7dcac242f <unknown>\n#15 0x55d7dcb194e8 <unknown>\n#16 0x55d7dcb196b4 <unknown>\n#17 0x55d7dcb2a143 <unknown>\n#18 0x7f19f7094ac3 <unknown>","statusTrace":"fixturefunc = <function scrape_step at 0x7f1a3156d580>\nrequest = <FixtureRequest for <Function test_scenario_outline[NorthumberlandCouncil]>>\nkwargs = {'context': <test_validate_council.context.<locals>.Context object at 0x7f1a23830a10>, 'council': 'NorthumberlandCouncil'}\n\n    def call_fixture_func(\n        fixturefunc: \"_FixtureFunc[FixtureValue]\", request: FixtureRequest, kwargs\n    ) -> FixtureValue:\n        if is_generator(fixturefunc):\n            fixturefunc = cast(\n                Callable[..., Generator[FixtureValue, None, None]], fixturefunc\n            )\n            generator = fixturefunc(**kwargs)\n            try:\n                fixture_result = next(generator)\n            except StopIteration:\n                raise ValueError(f\"{request.fixturename} did not yield a value\") from None\n            finalizer = functools.partial(_teardown_yield_fixture, fixturefunc, generator)\n            request.addfinalizer(finalizer)\n        else:\n            fixturefunc = cast(Callable[..., FixtureValue], fixturefunc)\n>           fixture_result = fixturefunc(**kwargs)\n\n../../../.cache/pypoetry/virtualenvs/uk-bin-collection-EwS6Gn8s-py3.11/lib/python3.11/site-packages/_pytest/fixtures.py:902: \n_ _ _ _ _ _ _ _ _ _ _ _ _ _ _ _ _ _ _ _ _ _ _ _ _ _ _ _ _ _ _ _ _ _ _ _ _ _ _ _ \nuk_bin_collection/tests/step_defs/test_validate_council.py:63: in scrape_step\n    raise (err)\nuk_bin_collection/tests/step_defs/test_validate_council.py:59: in scrape_step\n    context.parse_result = CollectData.run()\nuk_bin_collection/uk_bin_collection/collect_data.py:71: in run\n    return self.client_code(\nuk_bin_collection/uk_bin_collection/collect_data.py:59: in client_code\n    return get_bin_data_class.template_method(address_url, **kwargs)\nuk_bin_collection/uk_bin_collection/get_bin_data.py:70: in template_method\n    bin_data_dict = self.parse_data(\nuk_bin_collection/uk_bin_collection/councils/NorthumberlandCouncil.py:45: in parse_data\n    driver.find_element(By.ID, \"ccc-notify-accept\").click()\n../../../.cache/pypoetry/virtualenvs/uk-bin-collection-EwS6Gn8s-py3.11/lib/python3.11/site-packages/selenium/webdriver/remote/webdriver.py:738: in find_element\n    return self.execute(Command.FIND_ELEMENT, {\"using\": by, \"value\": value})[\"value\"]\n../../../.cache/pypoetry/virtualenvs/uk-bin-collection-EwS6Gn8s-py3.11/lib/python3.11/site-packages/selenium/webdriver/remote/webdriver.py:344: in execute\n    self.error_handler.check_response(response)\n_ _ _ _ _ _ _ _ _ _ _ _ _ _ _ _ _ _ _ _ _ _ _ _ _ _ _ _ _ _ _ _ _ _ _ _ _ _ _ _ \n\nself = <selenium.webdriver.remote.errorhandler.ErrorHandler object at 0x7f1a3174b890>\nresponse = {'status': 404, 'value': '{\"value\":{\"error\":\"no such element\",\"message\":\"no such element: Unable to locate element: {\\...\\\\n#16 0x55d7dcb196b4 \\\\u003Cunknown>\\\\n#17 0x55d7dcb2a143 \\\\u003Cunknown>\\\\n#18 0x7f19f7094ac3 \\\\u003Cunknown>\\\\n\"}}'}\n\n    def check_response(self, response: Dict[str, Any]) -> None:\n        \"\"\"Checks that a JSON response from the WebDriver does not have an\n        error.\n    \n        :Args:\n         - response - The JSON response from the WebDriver server as a dictionary\n           object.\n    \n        :Raises: If the response contains an error message.\n        \"\"\"\n        status = response.get(\"status\", None)\n        if not status or status == ErrorCode.SUCCESS:\n            return\n        value = None\n        message = response.get(\"message\", \"\")\n        screen: str = response.get(\"screen\", \"\")\n        stacktrace = None\n        if isinstance(status, int):\n            value_json = response.get(\"value\", None)\n            if value_json and isinstance(value_json, str):\n                import json\n    \n                try:\n                    value = json.loads(value_json)\n                    if len(value) == 1:\n                        value = value[\"value\"]\n                    status = value.get(\"error\", None)\n                    if not status:\n                        status = value.get(\"status\", ErrorCode.UNKNOWN_ERROR)\n                        message = value.get(\"value\") or value.get(\"message\")\n                        if not isinstance(message, str):\n                            value = message\n                            message = message.get(\"message\")\n                    else:\n                        message = value.get(\"message\", None)\n                except ValueError:\n                    pass\n    \n        exception_class: Type[WebDriverException]\n        e = ErrorCode()\n        error_codes = [item for item in dir(e) if not item.startswith(\"__\")]\n        for error_code in error_codes:\n            error_info = getattr(ErrorCode, error_code)\n            if isinstance(error_info, list) and status in error_info:\n                exception_class = getattr(ExceptionMapping, error_code, WebDriverException)\n                break\n        else:\n            exception_class = WebDriverException\n    \n        if not value:\n            value = response[\"value\"]\n        if isinstance(value, str):\n            raise exception_class(value)\n        if message == \"\" and \"message\" in value:\n            message = value[\"message\"]\n    \n        screen = None  # type: ignore[assignment]\n        if \"screen\" in value:\n            screen = value[\"screen\"]\n    \n        stacktrace = None\n        st_value = value.get(\"stackTrace\") or value.get(\"stacktrace\")\n        if st_value:\n            if isinstance(st_value, str):\n                stacktrace = st_value.split(\"\\n\")\n            else:\n                stacktrace = []\n                try:\n                    for frame in st_value:\n                        line = frame.get(\"lineNumber\", \"\")\n                        file = frame.get(\"fileName\", \"<anonymous>\")\n                        if line:\n                            file = f\"{file}:{line}\"\n                        meth = frame.get(\"methodName\", \"<anonymous>\")\n                        if \"className\" in frame:\n                            meth = f\"{frame['className']}.{meth}\"\n                        msg = \"    at %s (%s)\"\n                        msg = msg % (meth, file)\n                        stacktrace.append(msg)\n                except TypeError:\n                    pass\n        if exception_class == UnexpectedAlertPresentException:\n            alert_text = None\n            if \"data\" in value:\n                alert_text = value[\"data\"].get(\"text\")\n            elif \"alert\" in value:\n                alert_text = value[\"alert\"].get(\"text\")\n            raise exception_class(message, screen, stacktrace, alert_text)  # type: ignore[call-arg]  # mypy is not smart enough here\n>       raise exception_class(message, screen, stacktrace)\nE       selenium.common.exceptions.NoSuchElementException: Message: no such element: Unable to locate element: {\"method\":\"css selector\",\"selector\":\"[id=\"ccc-notify-accept\"]\"}\nE         (Session info: headless chrome=118.0.5993.117); For documentation on this error, please visit: https://www.selenium.dev/documentation/webdriver/troubleshooting/errors#no-such-element-exception\nE       Stacktrace:\nE       #0 0x55d7dcb2afb3 <unknown>\nE       #1 0x55d7dc7fe4a7 <unknown>\nE       #2 0x55d7dc845dd6 <unknown>\nE       #3 0x55d7dc845ec1 <unknown>\nE       #4 0x55d7dc883354 <unknown>\nE       #5 0x55d7dc86796d <unknown>\nE       #6 0x55d7dc880c02 <unknown>\nE       #7 0x55d7dc867713 <unknown>\nE       #8 0x55d7dc83a18b <unknown>\nE       #9 0x55d7dc83af7e <unknown>\nE       #10 0x55d7dcaf08d8 <unknown>\nE       #11 0x55d7dcaf4800 <unknown>\nE       #12 0x55d7dcafecfc <unknown>\nE       #13 0x55d7dcaf5418 <unknown>\nE       #14 0x55d7dcac242f <unknown>\nE       #15 0x55d7dcb194e8 <unknown>\nE       #16 0x55d7dcb196b4 <unknown>\nE       #17 0x55d7dcb2a143 <unknown>\nE       #18 0x7f19f7094ac3 <unknown>\n\n../../../.cache/pypoetry/virtualenvs/uk-bin-collection-EwS6Gn8s-py3.11/lib/python3.11/site-packages/selenium/webdriver/remote/errorhandler.py:229: NoSuchElementException","steps":[{"name":"Given the council: NorthumberlandCouncil","time":{"start":1698974257023,"stop":1698974257023,"duration":0},"status":"passed","steps":[],"attachments":[],"parameters":[],"shouldDisplayMessage":false,"stepsCount":0,"attachmentsCount":0,"hasContent":false},{"name":"When we scrape the data from NorthumberlandCouncil","time":{"start":1698974257023,"stop":1698974261614,"duration":4591},"status":"failed","statusMessage":"Message: no such element: Unable to locate element: {\"method\":\"css selector\",\"selector\":\"[id=\"ccc-notify-accept\"]\"}\n  (Session info: headless chrome=118.0.5993.117); For documentation on this error, please visit: https://www.selenium.dev/documentation/webdriver/troubleshooting/errors#no-such-element-exception\nStacktrace:\n#0 0x55d7dcb2afb3 <unknown>\n#1 0x55d7dc7fe4a7 <unknown>\n#2 0x55d7dc845dd6 <unknown>\n#3 0x55d7dc845ec1 <unknown>\n#4 0x55d7dc883354 <unknown>\n#5 0x55d7dc86796d <unknown>\n#6 0x55d7dc880c02 <unknown>\n#7 0x55d7dc867713 <unknown>\n#8 0x55d7dc83a18b <unknown>\n#9 0x55d7dc83af7e <unknown>\n#10 0x55d7dcaf08d8 <unknown>\n#11 0x55d7dcaf4800 <unknown>\n#12 0x55d7dcafecfc <unknown>\n#13 0x55d7dcaf5418 <unknown>\n#14 0x55d7dcac242f <unknown>\n#15 0x55d7dcb194e8 <unknown>\n#16 0x55d7dcb196b4 <unknown>\n#17 0x55d7dcb2a143 <unknown>\n#18 0x7f19f7094ac3 <unknown>\n","statusTrace":"selenium.common.exceptions.NoSuchElementException: Message: no such element: Unable to locate element: {\"method\":\"css selector\",\"selector\":\"[id=\"ccc-notify-accept\"]\"}\n  (Session info: headless chrome=118.0.5993.117); For documentation on this error, please visit: https://www.selenium.dev/documentation/webdriver/troubleshooting/errors#no-such-element-exception\nStacktrace:\n#0 0x55d7dcb2afb3 <unknown>\n#1 0x55d7dc7fe4a7 <unknown>\n#2 0x55d7dc845dd6 <unknown>\n#3 0x55d7dc845ec1 <unknown>\n#4 0x55d7dc883354 <unknown>\n#5 0x55d7dc86796d <unknown>\n#6 0x55d7dc880c02 <unknown>\n#7 0x55d7dc867713 <unknown>\n#8 0x55d7dc83a18b <unknown>\n#9 0x55d7dc83af7e <unknown>\n#10 0x55d7dcaf08d8 <unknown>\n#11 0x55d7dcaf4800 <unknown>\n#12 0x55d7dcafecfc <unknown>\n#13 0x55d7dcaf5418 <unknown>\n#14 0x55d7dcac242f <unknown>\n#15 0x55d7dcb194e8 <unknown>\n#16 0x55d7dcb196b4 <unknown>\n#17 0x55d7dcb2a143 <unknown>\n#18 0x7f19f7094ac3 <unknown>\n\n","steps":[],"attachments":[],"parameters":[],"shouldDisplayMessage":true,"stepsCount":0,"attachmentsCount":0,"hasContent":true}],"attachments":[],"parameters":[],"shouldDisplayMessage":true,"stepsCount":2,"attachmentsCount":0,"hasContent":true},"afterStages":[],"labels":[{"name":"host","value":"fv-az796-469"},{"name":"thread","value":"2341-MainThread"},{"name":"framework","value":"pytest-bdd"},{"name":"language","value":"cpython3"},{"name":"feature","value":"Test each council output matches expected results in /outputs"},{"name":"resultFormat","value":"allure2"}],"parameters":[{"name":"council","value":"NorthumberlandCouncil"}],"links":[],"hidden":false,"retry":false,"extra":{"severity":"normal","retries":[],"categories":[{"name":"Product defects","matchedStatuses":[],"flaky":false}],"history":{"statistic":{"failed":42,"broken":0,"skipped":0,"passed":132,"unknown":0,"total":174},"items":[{"uid":"ccb583e1c9fadc12","reportUrl":"https://robbrad.github.io/UKBinCollectionData/3.11/1091//#testresult/ccb583e1c9fadc12","status":"failed","statusDetails":"selenium.common.exceptions.NoSuchElementException: Message: no such element: Unable to locate element: {\"method\":\"css selector\",\"selector\":\"[id=\"ccc-notify-accept\"]\"}\n  (Session info: headless chrome=118.0.5993.117); For documentation on this error, please visit: https://www.selenium.dev/documentation/webdriver/troubleshooting/errors#no-such-element-exception\nStacktrace:\n#0 0x55c04fe78fb3 <unknown>\n#1 0x55c04fb4c4a7 <unknown>\n#2 0x55c04fb93dd6 <unknown>\n#3 0x55c04fb93ec1 <unknown>\n#4 0x55c04fbd1354 <unknown>\n#5 0x55c04fbb596d <unknown>\n#6 0x55c04fbcec02 <unknown>\n#7 0x55c04fbb5713 <unknown>\n#8 0x55c04fb8818b <unknown>\n#9 0x55c04fb88f7e <unknown>\n#10 0x55c04fe3e8d8 <unknown>\n#11 0x55c04fe42800 <unknown>\n#12 0x55c04fe4ccfc <unknown>\n#13 0x55c04fe43418 <unknown>\n#14 0x55c04fe1042f <unknown>\n#15 0x55c04fe674e8 <unknown>\n#16 0x55c04fe676b4 <unknown>\n#17 0x55c04fe78143 <unknown>\n#18 0x7f8de6a94ac3 <unknown>","time":{"start":1698887690590,"stop":1698887694296,"duration":3706}},{"uid":"f25b407f960d9920","reportUrl":"https://robbrad.github.io/UKBinCollectionData/3.11/1090//#testresult/f25b407f960d9920","status":"failed","statusDetails":"selenium.common.exceptions.NoSuchElementException: Message: no such element: Unable to locate element: {\"method\":\"css selector\",\"selector\":\"[id=\"ccc-notify-accept\"]\"}\n  (Session info: headless chrome=118.0.5993.117); For documentation on this error, please visit: https://www.selenium.dev/documentation/webdriver/troubleshooting/errors#no-such-element-exception\nStacktrace:\n#0 0x55e9c000dfb3 <unknown>\n#1 0x55e9bfce14a7 <unknown>\n#2 0x55e9bfd28dd6 <unknown>\n#3 0x55e9bfd28ec1 <unknown>\n#4 0x55e9bfd66354 <unknown>\n#5 0x55e9bfd4a96d <unknown>\n#6 0x55e9bfd63c02 <unknown>\n#7 0x55e9bfd4a713 <unknown>\n#8 0x55e9bfd1d18b <unknown>\n#9 0x55e9bfd1df7e <unknown>\n#10 0x55e9bffd38d8 <unknown>\n#11 0x55e9bffd7800 <unknown>\n#12 0x55e9bffe1cfc <unknown>\n#13 0x55e9bffd8418 <unknown>\n#14 0x55e9bffa542f <unknown>\n#15 0x55e9bfffc4e8 <unknown>\n#16 0x55e9bfffc6b4 <unknown>\n#17 0x55e9c000d143 <unknown>\n#18 0x7fe187a94ac3 <unknown>","time":{"start":1698878374750,"stop":1698878378621,"duration":3871}},{"uid":"e675fc28d30ac21c","reportUrl":"https://robbrad.github.io/UKBinCollectionData/3.11/1089//#testresult/e675fc28d30ac21c","status":"failed","statusDetails":"selenium.common.exceptions.NoSuchElementException: Message: no such element: Unable to locate element: {\"method\":\"css selector\",\"selector\":\"[id=\"ccc-notify-accept\"]\"}\n  (Session info: headless chrome=118.0.5993.117); For documentation on this error, please visit: https://www.selenium.dev/documentation/webdriver/troubleshooting/errors#no-such-element-exception\nStacktrace:\n#0 0x55ba74046fb3 <unknown>\n#1 0x55ba73d1a4a7 <unknown>\n#2 0x55ba73d61dd6 <unknown>\n#3 0x55ba73d61ec1 <unknown>\n#4 0x55ba73d9f354 <unknown>\n#5 0x55ba73d8396d <unknown>\n#6 0x55ba73d9cc02 <unknown>\n#7 0x55ba73d83713 <unknown>\n#8 0x55ba73d5618b <unknown>\n#9 0x55ba73d56f7e <unknown>\n#10 0x55ba7400c8d8 <unknown>\n#11 0x55ba74010800 <unknown>\n#12 0x55ba7401acfc <unknown>\n#13 0x55ba74011418 <unknown>\n#14 0x55ba73fde42f <unknown>\n#15 0x55ba740354e8 <unknown>\n#16 0x55ba740356b4 <unknown>\n#17 0x55ba74046143 <unknown>\n#18 0x7fc317494ac3 <unknown>","time":{"start":1698878268036,"stop":1698878271676,"duration":3640}},{"uid":"49f76b6d0f5cd82","reportUrl":"https://robbrad.github.io/UKBinCollectionData/3.11/1086//#testresult/49f76b6d0f5cd82","status":"failed","statusDetails":"selenium.common.exceptions.NoSuchElementException: Message: no such element: Unable to locate element: {\"method\":\"css selector\",\"selector\":\"[id=\"ccc-notify-accept\"]\"}\n  (Session info: headless chrome=118.0.5993.117); For documentation on this error, please visit: https://www.selenium.dev/documentation/webdriver/troubleshooting/errors#no-such-element-exception\nStacktrace:\n#0 0x55f39051dfb3 <unknown>\n#1 0x55f3901f14a7 <unknown>\n#2 0x55f390238dd6 <unknown>\n#3 0x55f390238ec1 <unknown>\n#4 0x55f390276354 <unknown>\n#5 0x55f39025a96d <unknown>\n#6 0x55f390273c02 <unknown>\n#7 0x55f39025a713 <unknown>\n#8 0x55f39022d18b <unknown>\n#9 0x55f39022df7e <unknown>\n#10 0x55f3904e38d8 <unknown>\n#11 0x55f3904e7800 <unknown>\n#12 0x55f3904f1cfc <unknown>\n#13 0x55f3904e8418 <unknown>\n#14 0x55f3904b542f <unknown>\n#15 0x55f39050c4e8 <unknown>\n#16 0x55f39050c6b4 <unknown>\n#17 0x55f39051d143 <unknown>\n#18 0x7f46b5494ac3 <unknown>","time":{"start":1698867628626,"stop":1698867633176,"duration":4550}},{"uid":"122c13a0f9ece0ae","reportUrl":"https://robbrad.github.io/UKBinCollectionData/3.11/1081//#testresult/122c13a0f9ece0ae","status":"failed","statusDetails":"selenium.common.exceptions.NoSuchElementException: Message: no such element: Unable to locate element: {\"method\":\"css selector\",\"selector\":\"[id=\"ccc-notify-accept\"]\"}\n  (Session info: headless chrome=118.0.5993.117); For documentation on this error, please visit: https://www.selenium.dev/documentation/webdriver/troubleshooting/errors#no-such-element-exception\nStacktrace:\n#0 0x5640138f7fb3 <unknown>\n#1 0x5640135cb4a7 <unknown>\n#2 0x564013612dd6 <unknown>\n#3 0x564013612ec1 <unknown>\n#4 0x564013650354 <unknown>\n#5 0x56401363496d <unknown>\n#6 0x56401364dc02 <unknown>\n#7 0x564013634713 <unknown>\n#8 0x56401360718b <unknown>\n#9 0x564013607f7e <unknown>\n#10 0x5640138bd8d8 <unknown>\n#11 0x5640138c1800 <unknown>\n#12 0x5640138cbcfc <unknown>\n#13 0x5640138c2418 <unknown>\n#14 0x56401388f42f <unknown>\n#15 0x5640138e64e8 <unknown>\n#16 0x5640138e66b4 <unknown>\n#17 0x5640138f7143 <unknown>\n#18 0x7f059c094ac3 <unknown>","time":{"start":1698801570182,"stop":1698801573909,"duration":3727}},{"uid":"f147af36d63e6799","reportUrl":"https://robbrad.github.io/UKBinCollectionData/3.11/1079//#testresult/f147af36d63e6799","status":"failed","statusDetails":"selenium.common.exceptions.NoSuchElementException: Message: no such element: Unable to locate element: {\"method\":\"css selector\",\"selector\":\"[id=\"ccc-notify-accept\"]\"}\n  (Session info: headless chrome=118.0.5993.117); For documentation on this error, please visit: https://www.selenium.dev/documentation/webdriver/troubleshooting/errors#no-such-element-exception\nStacktrace:\n#0 0x55e139e9cfb3 <unknown>\n#1 0x55e139b704a7 <unknown>\n#2 0x55e139bb7dd6 <unknown>\n#3 0x55e139bb7ec1 <unknown>\n#4 0x55e139bf5354 <unknown>\n#5 0x55e139bd996d <unknown>\n#6 0x55e139bf2c02 <unknown>\n#7 0x55e139bd9713 <unknown>\n#8 0x55e139bac18b <unknown>\n#9 0x55e139bacf7e <unknown>\n#10 0x55e139e628d8 <unknown>\n#11 0x55e139e66800 <unknown>\n#12 0x55e139e70cfc <unknown>\n#13 0x55e139e67418 <unknown>\n#14 0x55e139e3442f <unknown>\n#15 0x55e139e8b4e8 <unknown>\n#16 0x55e139e8b6b4 <unknown>\n#17 0x55e139e9c143 <unknown>\n#18 0x7f0552a94ac3 <unknown>","time":{"start":1698788554554,"stop":1698788559767,"duration":5213}},{"uid":"d1d0caba7cda0114","reportUrl":"https://robbrad.github.io/UKBinCollectionData/3.11/1077//#testresult/d1d0caba7cda0114","status":"passed","time":{"start":1698715036105,"stop":1698715042642,"duration":6537}},{"uid":"9e4be25b0f3f9207","reportUrl":"https://robbrad.github.io/UKBinCollectionData/3.11/1075//#testresult/9e4be25b0f3f9207","status":"passed","time":{"start":1698701384646,"stop":1698701390069,"duration":5423}},{"uid":"c236db1d11bceaaf","reportUrl":"https://robbrad.github.io/UKBinCollectionData/3.11/1073//#testresult/c236db1d11bceaaf","status":"passed","time":{"start":1698700273900,"stop":1698700280899,"duration":6999}},{"uid":"d1e88b6ec1a5b82d","reportUrl":"https://robbrad.github.io/UKBinCollectionData/3.11/1070//#testresult/d1e88b6ec1a5b82d","status":"passed","time":{"start":1698693028958,"stop":1698693035280,"duration":6322}},{"uid":"e3fdd23b01e8312f","reportUrl":"https://robbrad.github.io/UKBinCollectionData/3.11/1069//#testresult/e3fdd23b01e8312f","status":"passed","time":{"start":1698692792605,"stop":1698692798784,"duration":6179}},{"uid":"66bc9049c85f0775","reportUrl":"https://robbrad.github.io/UKBinCollectionData/3.11/1066//#testresult/66bc9049c85f0775","status":"passed","time":{"start":1698646383075,"stop":1698646389356,"duration":6281}},{"uid":"6fa6b2d69af64a7e","reportUrl":"https://robbrad.github.io/UKBinCollectionData/3.11/1067//#testresult/6fa6b2d69af64a7e","status":"passed","time":{"start":1698646385705,"stop":1698646391572,"duration":5867}},{"uid":"c29688a69b12334c","reportUrl":"https://robbrad.github.io/UKBinCollectionData/3.11/1064//#testresult/c29688a69b12334c","status":"passed","time":{"start":1698628753968,"stop":1698628759458,"duration":5490}},{"uid":"ae25b3b2d0793e12","reportUrl":"https://robbrad.github.io/UKBinCollectionData/3.11/1062//#testresult/ae25b3b2d0793e12","status":"failed","statusDetails":"AttributeError: 'NoneType' object has no attribute 'string'","time":{"start":1698615195673,"stop":1698615200874,"duration":5201}},{"uid":"a71e51a55046948b","reportUrl":"https://robbrad.github.io/UKBinCollectionData/3.11/1063//#testresult/a71e51a55046948b","status":"passed","time":{"start":1698615427934,"stop":1698615433899,"duration":5965}},{"uid":"722bb57e30bb2edd","reportUrl":"https://robbrad.github.io/UKBinCollectionData/3.11/1061//#testresult/722bb57e30bb2edd","status":"passed","time":{"start":1698615128303,"stop":1698615134747,"duration":6444}},{"uid":"f7f6e2df09b61226","reportUrl":"https://robbrad.github.io/UKBinCollectionData/3.11/1054//#testresult/f7f6e2df09b61226","status":"failed","statusDetails":"AttributeError: 'NoneType' object has no attribute 'string'","time":{"start":1698542372845,"stop":1698542378360,"duration":5515}},{"uid":"2768297b779f43ae","reportUrl":"https://robbrad.github.io/UKBinCollectionData/3.11/1053//#testresult/2768297b779f43ae","status":"failed","statusDetails":"AttributeError: 'NoneType' object has no attribute 'string'","time":{"start":1698455713506,"stop":1698455731196,"duration":17690}},{"uid":"18894f62f38a4d07","reportUrl":"https://robbrad.github.io/UKBinCollectionData/3.11/1051//#testresult/18894f62f38a4d07","status":"passed","time":{"start":1698369480106,"stop":1698369486227,"duration":6121}}]},"tags":[]},"source":"2536d43f5414f028.json","parameterValues":["NorthumberlandCouncil"]}