{"uid":"3bf0e13111715fe8","name":"Validate Council Output [ChelmsfordCityCouncil]","fullName":"features/validate_council_outputs.feature:Validate Council Output","historyId":"ca53b6762a00c9270716d2dce73b5f79","time":{"start":1721262923508,"stop":1721263397243,"duration":473735},"status":"failed","statusMessage":"selenium.common.exceptions.TimeoutException: Message: \nStacktrace:\n#0 0x55945652e69a <unknown>\n#1 0x5594562110dc <unknown>\n#2 0x55945625d931 <unknown>\n#3 0x55945625da21 <unknown>\n#4 0x5594562a2234 <unknown>\n#5 0x55945628089d <unknown>\n#6 0x55945629f5c3 <unknown>\n#7 0x559456280613 <unknown>\n#8 0x5594562504f7 <unknown>\n#9 0x559456250e4e <unknown>\n#10 0x5594564f486b <unknown>\n#11 0x5594564f8911 <unknown>\n#12 0x5594564e035e <unknown>\n#13 0x5594564f9472 <unknown>\n#14 0x5594564c4cbf <unknown>\n#15 0x55945651e098 <unknown>\n#16 0x55945651e270 <unknown>\n#17 0x55945652d7cc <unknown>\n#18 0x7f4fc4d96ac3 <unknown>","statusTrace":"fixturefunc = <function scrape_step at 0x7f8d3cf6dee0>\nrequest = <FixtureRequest for <Function test_scenario_outline[ChelmsfordCityCouncil]>>\nkwargs = {'context': <test_validate_council.Context object at 0x7f8d48fa2dd0>, 'headless_mode': 'True', 'local_browser': 'False', 'selenium_url': 'http://localhost:4444'}\n\n    def call_fixture_func(\n        fixturefunc: \"_FixtureFunc[FixtureValue]\", request: FixtureRequest, kwargs\n    ) -> FixtureValue:\n        if is_generator(fixturefunc):\n            fixturefunc = cast(\n                Callable[..., Generator[FixtureValue, None, None]], fixturefunc\n            )\n            generator = fixturefunc(**kwargs)\n            try:\n                fixture_result = next(generator)\n            except StopIteration:\n                raise ValueError(f\"{request.fixturename} did not yield a value\") from None\n            finalizer = functools.partial(_teardown_yield_fixture, fixturefunc, generator)\n            request.addfinalizer(finalizer)\n        else:\n            fixturefunc = cast(Callable[..., FixtureValue], fixturefunc)\n>           fixture_result = fixturefunc(**kwargs)\n\n../../../.cache/pypoetry/virtualenvs/uk-bin-collection-EwS6Gn8s-py3.11/lib/python3.11/site-packages/_pytest/fixtures.py:887: \n_ _ _ _ _ _ _ _ _ _ _ _ _ _ _ _ _ _ _ _ _ _ _ _ _ _ _ _ _ _ _ _ _ _ _ _ _ _ _ _ \nuk_bin_collection/tests/step_defs/test_validate_council.py:100: in scrape_step\n    context.parse_result = CollectData.run()\nuk_bin_collection/uk_bin_collection/collect_data.py:101: in run\n    return self.client_code(\nuk_bin_collection/uk_bin_collection/collect_data.py:121: in client_code\n    return get_bin_data_class.template_method(address_url, **kwargs)\nuk_bin_collection/uk_bin_collection/get_bin_data.py:61: in template_method\n    bin_data_dict = self.get_and_parse_data(this_url, **kwargs)\nuk_bin_collection/uk_bin_collection/get_bin_data.py:82: in get_and_parse_data\n    bin_data_dict = self.parse_data(page, url=address_url, **kwargs)\nuk_bin_collection/uk_bin_collection/councils/ChelmsfordCityCouncil.py:44: in parse_data\n    post_code_search = wait.until(\n_ _ _ _ _ _ _ _ _ _ _ _ _ _ _ _ _ _ _ _ _ _ _ _ _ _ _ _ _ _ _ _ _ _ _ _ _ _ _ _ \n\nself = <selenium.webdriver.support.wait.WebDriverWait (session=\"b22df9d12be251c9336deea126194b9d\")>\nmethod = <function presence_of_element_located.<locals>._predicate at 0x7f8d3c3789a0>\nmessage = ''\n\n    def until(self, method: Callable[[D], Union[Literal[False], T]], message: str = \"\") -> T:\n        \"\"\"Calls the method provided with the driver as an argument until the \\\n        return value does not evaluate to ``False``.\n    \n        :param method: callable(WebDriver)\n        :param message: optional message for :exc:`TimeoutException`\n        :returns: the result of the last call to `method`\n        :raises: :exc:`selenium.common.exceptions.TimeoutException` if timeout occurs\n        \"\"\"\n        screen = None\n        stacktrace = None\n    \n        end_time = time.monotonic() + self._timeout\n        while True:\n            try:\n                value = method(self._driver)\n                if value:\n                    return value\n            except self._ignored_exceptions as exc:\n                screen = getattr(exc, \"screen\", None)\n                stacktrace = getattr(exc, \"stacktrace\", None)\n            time.sleep(self._poll)\n            if time.monotonic() > end_time:\n                break\n>       raise TimeoutException(message, screen, stacktrace)\nE       selenium.common.exceptions.TimeoutException: Message: \nE       Stacktrace:\nE       #0 0x55945652e69a <unknown>\nE       #1 0x5594562110dc <unknown>\nE       #2 0x55945625d931 <unknown>\nE       #3 0x55945625da21 <unknown>\nE       #4 0x5594562a2234 <unknown>\nE       #5 0x55945628089d <unknown>\nE       #6 0x55945629f5c3 <unknown>\nE       #7 0x559456280613 <unknown>\nE       #8 0x5594562504f7 <unknown>\nE       #9 0x559456250e4e <unknown>\nE       #10 0x5594564f486b <unknown>\nE       #11 0x5594564f8911 <unknown>\nE       #12 0x5594564e035e <unknown>\nE       #13 0x5594564f9472 <unknown>\nE       #14 0x5594564c4cbf <unknown>\nE       #15 0x55945651e098 <unknown>\nE       #16 0x55945651e270 <unknown>\nE       #17 0x55945652d7cc <unknown>\nE       #18 0x7f4fc4d96ac3 <unknown>\n\n../../../.cache/pypoetry/virtualenvs/uk-bin-collection-EwS6Gn8s-py3.11/lib/python3.11/site-packages/selenium/webdriver/support/wait.py:105: TimeoutException","flaky":false,"newFailed":false,"newBroken":false,"newPassed":false,"retriesCount":0,"retriesStatusChange":false,"beforeStages":[],"testStage":{"status":"failed","statusMessage":"selenium.common.exceptions.TimeoutException: Message: \nStacktrace:\n#0 0x55945652e69a <unknown>\n#1 0x5594562110dc <unknown>\n#2 0x55945625d931 <unknown>\n#3 0x55945625da21 <unknown>\n#4 0x5594562a2234 <unknown>\n#5 0x55945628089d <unknown>\n#6 0x55945629f5c3 <unknown>\n#7 0x559456280613 <unknown>\n#8 0x5594562504f7 <unknown>\n#9 0x559456250e4e <unknown>\n#10 0x5594564f486b <unknown>\n#11 0x5594564f8911 <unknown>\n#12 0x5594564e035e <unknown>\n#13 0x5594564f9472 <unknown>\n#14 0x5594564c4cbf <unknown>\n#15 0x55945651e098 <unknown>\n#16 0x55945651e270 <unknown>\n#17 0x55945652d7cc <unknown>\n#18 0x7f4fc4d96ac3 <unknown>","statusTrace":"fixturefunc = <function scrape_step at 0x7f8d3cf6dee0>\nrequest = <FixtureRequest for <Function test_scenario_outline[ChelmsfordCityCouncil]>>\nkwargs = {'context': <test_validate_council.Context object at 0x7f8d48fa2dd0>, 'headless_mode': 'True', 'local_browser': 'False', 'selenium_url': 'http://localhost:4444'}\n\n    def call_fixture_func(\n        fixturefunc: \"_FixtureFunc[FixtureValue]\", request: FixtureRequest, kwargs\n    ) -> FixtureValue:\n        if is_generator(fixturefunc):\n            fixturefunc = cast(\n                Callable[..., Generator[FixtureValue, None, None]], fixturefunc\n            )\n            generator = fixturefunc(**kwargs)\n            try:\n                fixture_result = next(generator)\n            except StopIteration:\n                raise ValueError(f\"{request.fixturename} did not yield a value\") from None\n            finalizer = functools.partial(_teardown_yield_fixture, fixturefunc, generator)\n            request.addfinalizer(finalizer)\n        else:\n            fixturefunc = cast(Callable[..., FixtureValue], fixturefunc)\n>           fixture_result = fixturefunc(**kwargs)\n\n../../../.cache/pypoetry/virtualenvs/uk-bin-collection-EwS6Gn8s-py3.11/lib/python3.11/site-packages/_pytest/fixtures.py:887: \n_ _ _ _ _ _ _ _ _ _ _ _ _ _ _ _ _ _ _ _ _ _ _ _ _ _ _ _ _ _ _ _ _ _ _ _ _ _ _ _ \nuk_bin_collection/tests/step_defs/test_validate_council.py:100: in scrape_step\n    context.parse_result = CollectData.run()\nuk_bin_collection/uk_bin_collection/collect_data.py:101: in run\n    return self.client_code(\nuk_bin_collection/uk_bin_collection/collect_data.py:121: in client_code\n    return get_bin_data_class.template_method(address_url, **kwargs)\nuk_bin_collection/uk_bin_collection/get_bin_data.py:61: in template_method\n    bin_data_dict = self.get_and_parse_data(this_url, **kwargs)\nuk_bin_collection/uk_bin_collection/get_bin_data.py:82: in get_and_parse_data\n    bin_data_dict = self.parse_data(page, url=address_url, **kwargs)\nuk_bin_collection/uk_bin_collection/councils/ChelmsfordCityCouncil.py:44: in parse_data\n    post_code_search = wait.until(\n_ _ _ _ _ _ _ _ _ _ _ _ _ _ _ _ _ _ _ _ _ _ _ _ _ _ _ _ _ _ _ _ _ _ _ _ _ _ _ _ \n\nself = <selenium.webdriver.support.wait.WebDriverWait (session=\"b22df9d12be251c9336deea126194b9d\")>\nmethod = <function presence_of_element_located.<locals>._predicate at 0x7f8d3c3789a0>\nmessage = ''\n\n    def until(self, method: Callable[[D], Union[Literal[False], T]], message: str = \"\") -> T:\n        \"\"\"Calls the method provided with the driver as an argument until the \\\n        return value does not evaluate to ``False``.\n    \n        :param method: callable(WebDriver)\n        :param message: optional message for :exc:`TimeoutException`\n        :returns: the result of the last call to `method`\n        :raises: :exc:`selenium.common.exceptions.TimeoutException` if timeout occurs\n        \"\"\"\n        screen = None\n        stacktrace = None\n    \n        end_time = time.monotonic() + self._timeout\n        while True:\n            try:\n                value = method(self._driver)\n                if value:\n                    return value\n            except self._ignored_exceptions as exc:\n                screen = getattr(exc, \"screen\", None)\n                stacktrace = getattr(exc, \"stacktrace\", None)\n            time.sleep(self._poll)\n            if time.monotonic() > end_time:\n                break\n>       raise TimeoutException(message, screen, stacktrace)\nE       selenium.common.exceptions.TimeoutException: Message: \nE       Stacktrace:\nE       #0 0x55945652e69a <unknown>\nE       #1 0x5594562110dc <unknown>\nE       #2 0x55945625d931 <unknown>\nE       #3 0x55945625da21 <unknown>\nE       #4 0x5594562a2234 <unknown>\nE       #5 0x55945628089d <unknown>\nE       #6 0x55945629f5c3 <unknown>\nE       #7 0x559456280613 <unknown>\nE       #8 0x5594562504f7 <unknown>\nE       #9 0x559456250e4e <unknown>\nE       #10 0x5594564f486b <unknown>\nE       #11 0x5594564f8911 <unknown>\nE       #12 0x5594564e035e <unknown>\nE       #13 0x5594564f9472 <unknown>\nE       #14 0x5594564c4cbf <unknown>\nE       #15 0x55945651e098 <unknown>\nE       #16 0x55945651e270 <unknown>\nE       #17 0x55945652d7cc <unknown>\nE       #18 0x7f4fc4d96ac3 <unknown>\n\n../../../.cache/pypoetry/virtualenvs/uk-bin-collection-EwS6Gn8s-py3.11/lib/python3.11/site-packages/selenium/webdriver/support/wait.py:105: TimeoutException","steps":[{"name":"Given the council","time":{"start":1721262923508,"stop":1721262923509,"duration":1},"status":"passed","steps":[],"attachments":[],"parameters":[],"shouldDisplayMessage":false,"stepsCount":0,"attachmentsCount":0,"hasContent":false,"attachmentStep":false},{"name":"When we scrape the data from the council","time":{"start":1721262923509,"stop":1721263397243,"duration":473734},"status":"failed","statusMessage":"Message: \nStacktrace:\n#0 0x55945652e69a <unknown>\n#1 0x5594562110dc <unknown>\n#2 0x55945625d931 <unknown>\n#3 0x55945625da21 <unknown>\n#4 0x5594562a2234 <unknown>\n#5 0x55945628089d <unknown>\n#6 0x55945629f5c3 <unknown>\n#7 0x559456280613 <unknown>\n#8 0x5594562504f7 <unknown>\n#9 0x559456250e4e <unknown>\n#10 0x5594564f486b <unknown>\n#11 0x5594564f8911 <unknown>\n#12 0x5594564e035e <unknown>\n#13 0x5594564f9472 <unknown>\n#14 0x5594564c4cbf <unknown>\n#15 0x55945651e098 <unknown>\n#16 0x55945651e270 <unknown>\n#17 0x55945652d7cc <unknown>\n#18 0x7f4fc4d96ac3 <unknown>\n","statusTrace":"selenium.common.exceptions.TimeoutException: Message: \nStacktrace:\n#0 0x55945652e69a <unknown>\n#1 0x5594562110dc <unknown>\n#2 0x55945625d931 <unknown>\n#3 0x55945625da21 <unknown>\n#4 0x5594562a2234 <unknown>\n#5 0x55945628089d <unknown>\n#6 0x55945629f5c3 <unknown>\n#7 0x559456280613 <unknown>\n#8 0x5594562504f7 <unknown>\n#9 0x559456250e4e <unknown>\n#10 0x5594564f486b <unknown>\n#11 0x5594564f8911 <unknown>\n#12 0x5594564e035e <unknown>\n#13 0x5594564f9472 <unknown>\n#14 0x5594564c4cbf <unknown>\n#15 0x55945651e098 <unknown>\n#16 0x55945651e270 <unknown>\n#17 0x55945652d7cc <unknown>\n#18 0x7f4fc4d96ac3 <unknown>\n\n","steps":[],"attachments":[],"parameters":[],"shouldDisplayMessage":true,"stepsCount":0,"attachmentsCount":0,"hasContent":true,"attachmentStep":false}],"attachments":[{"uid":"832fd61b3f9f70e7","name":"stdout","source":"832fd61b3f9f70e7.txt","type":"text/plain","size":631}],"parameters":[],"shouldDisplayMessage":true,"stepsCount":2,"attachmentsCount":1,"hasContent":true,"attachmentStep":false},"afterStages":[],"labels":[{"name":"host","value":"fv-az837-652"},{"name":"thread","value":"2685-MainThread"},{"name":"framework","value":"pytest-bdd"},{"name":"language","value":"cpython3"},{"name":"feature","value":"Test each council output matches expected results"},{"name":"resultFormat","value":"allure2"}],"parameters":[{"name":"council","value":"ChelmsfordCityCouncil"}],"links":[],"hidden":false,"retry":false,"extra":{"severity":"normal","retries":[],"categories":[{"name":"Product defects","matchedStatuses":[],"flaky":false}],"history":{"statistic":{"failed":62,"broken":0,"skipped":0,"passed":188,"unknown":0,"total":250},"items":[{"uid":"762f975c1425d10a","reportUrl":"https://robbrad.github.io/UKBinCollectionData/3.11/1984//#testresult/762f975c1425d10a","status":"failed","statusDetails":"selenium.common.exceptions.SessionNotCreatedException: Message: Could not start a new session. New session request timed out \nHost info: host: 'selenium', ip: '172.18.0.2'\nBuild info: version: '4.22.0', revision: 'c5f3146703'\nSystem info: os.name: 'Linux', os.arch: 'amd64', os.version: '6.5.0-1023-azure', java.version: '17.0.11'\nDriver info: driver.version: unknown\nStacktrace:\n    at org.openqa.selenium.grid.sessionqueue.local.LocalNewSessionQueue.addToQueue (LocalNewSessionQueue.java:221)\n    at org.openqa.selenium.grid.sessionqueue.NewSessionQueue.lambda$new$0 (NewSessionQueue.java:68)\n    at org.openqa.selenium.remote.http.Route$TemplatizedRoute.handle (Route.java:192)\n    at org.openqa.selenium.remote.http.Route.execute (Route.java:69)\n    at org.openqa.selenium.remote.http.Route$CombinedRoute.handle (Route.java:360)\n    at org.openqa.selenium.remote.http.Route.execute (Route.java:69)\n    at org.openqa.selenium.grid.sessionqueue.NewSessionQueue.execute (NewSessionQueue.java:128)\n    at org.openqa.selenium.remote.tracing.SpanWrappedHttpHandler.execute (SpanWrappedHttpHandler.java:87)\n    at org.openqa.selenium.remote.http.Filter$1.execute (Filter.java:63)\n    at org.openqa.selenium.remote.http.Route$CombinedRoute.handle (Route.java:360)\n    at org.openqa.selenium.remote.http.Route.execute (Route.java:69)\n    at org.openqa.selenium.grid.router.Router.execute (Router.java:87)\n    at org.openqa.selenium.grid.web.EnsureSpecCompliantResponseHeaders.lambda$apply$0 (EnsureSpecCompliantResponseHeaders.java:34)\n    at org.openqa.selenium.remote.http.Filter$1.execute (Filter.java:63)\n    at org.openqa.selenium.remote.http.Route$CombinedRoute.handle (Route.java:360)\n    at org.openqa.selenium.remote.http.Route.execute (Route.java:69)\n    at org.openqa.selenium.remote.AddWebDriverSpecHeaders.lambda$apply$0 (AddWebDriverSpecHeaders.java:35)\n    at org.openqa.selenium.remote.ErrorFilter.lambda$apply$0 (ErrorFilter.java:44)\n    at org.openqa.selenium.remote.http.Filter$1.execute (Filter.java:63)\n    at org.openqa.selenium.remote.ErrorFilter.lambda$apply$0 (ErrorFilter.java:44)\n    at org.openqa.selenium.remote.http.Filter$1.execute (Filter.java:63)\n    at org.openqa.selenium.netty.server.SeleniumHandler.lambda$channelRead0$0 (SeleniumHandler.java:44)\n    at java.util.concurrent.Executors$RunnableAdapter.call (None:-1)\n    at java.util.concurrent.FutureTask.run (None:-1)\n    at java.util.concurrent.ThreadPoolExecutor.runWorker (None:-1)\n    at java.util.concurrent.ThreadPoolExecutor$Worker.run (None:-1)\n    at java.lang.Thread.run (None:-1)","time":{"start":1721176254498,"stop":1721176555552,"duration":301054}},{"uid":"725e9daff6ee4180","reportUrl":"https://robbrad.github.io/UKBinCollectionData/3.11/1983//#testresult/725e9daff6ee4180","status":"failed","statusDetails":"selenium.common.exceptions.SessionNotCreatedException: Message: Could not start a new session. New session request timed out \nHost info: host: 'selenium', ip: '172.18.0.2'\nBuild info: version: '4.22.0', revision: 'c5f3146703'\nSystem info: os.name: 'Linux', os.arch: 'amd64', os.version: '6.5.0-1023-azure', java.version: '17.0.11'\nDriver info: driver.version: unknown\nStacktrace:\n    at org.openqa.selenium.grid.sessionqueue.local.LocalNewSessionQueue.addToQueue (LocalNewSessionQueue.java:221)\n    at org.openqa.selenium.grid.sessionqueue.NewSessionQueue.lambda$new$0 (NewSessionQueue.java:68)\n    at org.openqa.selenium.remote.http.Route$TemplatizedRoute.handle (Route.java:192)\n    at org.openqa.selenium.remote.http.Route.execute (Route.java:69)\n    at org.openqa.selenium.remote.http.Route$CombinedRoute.handle (Route.java:360)\n    at org.openqa.selenium.remote.http.Route.execute (Route.java:69)\n    at org.openqa.selenium.grid.sessionqueue.NewSessionQueue.execute (NewSessionQueue.java:128)\n    at org.openqa.selenium.remote.tracing.SpanWrappedHttpHandler.execute (SpanWrappedHttpHandler.java:87)\n    at org.openqa.selenium.remote.http.Filter$1.execute (Filter.java:63)\n    at org.openqa.selenium.remote.http.Route$CombinedRoute.handle (Route.java:360)\n    at org.openqa.selenium.remote.http.Route.execute (Route.java:69)\n    at org.openqa.selenium.grid.router.Router.execute (Router.java:87)\n    at org.openqa.selenium.grid.web.EnsureSpecCompliantResponseHeaders.lambda$apply$0 (EnsureSpecCompliantResponseHeaders.java:34)\n    at org.openqa.selenium.remote.http.Filter$1.execute (Filter.java:63)\n    at org.openqa.selenium.remote.http.Route$CombinedRoute.handle (Route.java:360)\n    at org.openqa.selenium.remote.http.Route.execute (Route.java:69)\n    at org.openqa.selenium.remote.AddWebDriverSpecHeaders.lambda$apply$0 (AddWebDriverSpecHeaders.java:35)\n    at org.openqa.selenium.remote.ErrorFilter.lambda$apply$0 (ErrorFilter.java:44)\n    at org.openqa.selenium.remote.http.Filter$1.execute (Filter.java:63)\n    at org.openqa.selenium.remote.ErrorFilter.lambda$apply$0 (ErrorFilter.java:44)\n    at org.openqa.selenium.remote.http.Filter$1.execute (Filter.java:63)\n    at org.openqa.selenium.netty.server.SeleniumHandler.lambda$channelRead0$0 (SeleniumHandler.java:44)\n    at java.util.concurrent.Executors$RunnableAdapter.call (None:-1)\n    at java.util.concurrent.FutureTask.run (None:-1)\n    at java.util.concurrent.ThreadPoolExecutor.runWorker (None:-1)\n    at java.util.concurrent.ThreadPoolExecutor$Worker.run (None:-1)\n    at java.lang.Thread.run (None:-1)","time":{"start":1721089847697,"stop":1721090148549,"duration":300852}},{"uid":"a4f46d306fc8d278","reportUrl":"https://robbrad.github.io/UKBinCollectionData/3.11/1982//#testresult/a4f46d306fc8d278","status":"failed","statusDetails":"selenium.common.exceptions.SessionNotCreatedException: Message: Could not start a new session. New session request timed out \nHost info: host: 'selenium', ip: '172.18.0.2'\nBuild info: version: '4.22.0', revision: 'c5f3146703'\nSystem info: os.name: 'Linux', os.arch: 'amd64', os.version: '6.5.0-1023-azure', java.version: '17.0.11'\nDriver info: driver.version: unknown\nStacktrace:\n    at org.openqa.selenium.grid.sessionqueue.local.LocalNewSessionQueue.addToQueue (LocalNewSessionQueue.java:221)\n    at org.openqa.selenium.grid.sessionqueue.NewSessionQueue.lambda$new$0 (NewSessionQueue.java:68)\n    at org.openqa.selenium.remote.http.Route$TemplatizedRoute.handle (Route.java:192)\n    at org.openqa.selenium.remote.http.Route.execute (Route.java:69)\n    at org.openqa.selenium.remote.http.Route$CombinedRoute.handle (Route.java:360)\n    at org.openqa.selenium.remote.http.Route.execute (Route.java:69)\n    at org.openqa.selenium.grid.sessionqueue.NewSessionQueue.execute (NewSessionQueue.java:128)\n    at org.openqa.selenium.remote.tracing.SpanWrappedHttpHandler.execute (SpanWrappedHttpHandler.java:87)\n    at org.openqa.selenium.remote.http.Filter$1.execute (Filter.java:63)\n    at org.openqa.selenium.remote.http.Route$CombinedRoute.handle (Route.java:360)\n    at org.openqa.selenium.remote.http.Route.execute (Route.java:69)\n    at org.openqa.selenium.grid.router.Router.execute (Router.java:87)\n    at org.openqa.selenium.grid.web.EnsureSpecCompliantResponseHeaders.lambda$apply$0 (EnsureSpecCompliantResponseHeaders.java:34)\n    at org.openqa.selenium.remote.http.Filter$1.execute (Filter.java:63)\n    at org.openqa.selenium.remote.http.Route$CombinedRoute.handle (Route.java:360)\n    at org.openqa.selenium.remote.http.Route.execute (Route.java:69)\n    at org.openqa.selenium.remote.AddWebDriverSpecHeaders.lambda$apply$0 (AddWebDriverSpecHeaders.java:35)\n    at org.openqa.selenium.remote.ErrorFilter.lambda$apply$0 (ErrorFilter.java:44)\n    at org.openqa.selenium.remote.http.Filter$1.execute (Filter.java:63)\n    at org.openqa.selenium.remote.ErrorFilter.lambda$apply$0 (ErrorFilter.java:44)\n    at org.openqa.selenium.remote.http.Filter$1.execute (Filter.java:63)\n    at org.openqa.selenium.netty.server.SeleniumHandler.lambda$channelRead0$0 (SeleniumHandler.java:44)\n    at java.util.concurrent.Executors$RunnableAdapter.call (None:-1)\n    at java.util.concurrent.FutureTask.run (None:-1)\n    at java.util.concurrent.ThreadPoolExecutor.runWorker (None:-1)\n    at java.util.concurrent.ThreadPoolExecutor$Worker.run (None:-1)\n    at java.lang.Thread.run (None:-1)","time":{"start":1721003584224,"stop":1721003984867,"duration":400643}},{"uid":"fda81512f1e80251","reportUrl":"https://robbrad.github.io/UKBinCollectionData/3.11/1981//#testresult/fda81512f1e80251","status":"failed","statusDetails":"selenium.common.exceptions.SessionNotCreatedException: Message: Could not start a new session. New session request timed out \nHost info: host: 'selenium', ip: '172.18.0.2'\nBuild info: version: '4.22.0', revision: 'c5f3146703'\nSystem info: os.name: 'Linux', os.arch: 'amd64', os.version: '6.5.0-1023-azure', java.version: '17.0.11'\nDriver info: driver.version: unknown\nStacktrace:\n    at org.openqa.selenium.grid.sessionqueue.local.LocalNewSessionQueue.addToQueue (LocalNewSessionQueue.java:221)\n    at org.openqa.selenium.grid.sessionqueue.NewSessionQueue.lambda$new$0 (NewSessionQueue.java:68)\n    at org.openqa.selenium.remote.http.Route$TemplatizedRoute.handle (Route.java:192)\n    at org.openqa.selenium.remote.http.Route.execute (Route.java:69)\n    at org.openqa.selenium.remote.http.Route$CombinedRoute.handle (Route.java:360)\n    at org.openqa.selenium.remote.http.Route.execute (Route.java:69)\n    at org.openqa.selenium.grid.sessionqueue.NewSessionQueue.execute (NewSessionQueue.java:128)\n    at org.openqa.selenium.remote.tracing.SpanWrappedHttpHandler.execute (SpanWrappedHttpHandler.java:87)\n    at org.openqa.selenium.remote.http.Filter$1.execute (Filter.java:63)\n    at org.openqa.selenium.remote.http.Route$CombinedRoute.handle (Route.java:360)\n    at org.openqa.selenium.remote.http.Route.execute (Route.java:69)\n    at org.openqa.selenium.grid.router.Router.execute (Router.java:87)\n    at org.openqa.selenium.grid.web.EnsureSpecCompliantResponseHeaders.lambda$apply$0 (EnsureSpecCompliantResponseHeaders.java:34)\n    at org.openqa.selenium.remote.http.Filter$1.execute (Filter.java:63)\n    at org.openqa.selenium.remote.http.Route$CombinedRoute.handle (Route.java:360)\n    at org.openqa.selenium.remote.http.Route.execute (Route.java:69)\n    at org.openqa.selenium.remote.AddWebDriverSpecHeaders.lambda$apply$0 (AddWebDriverSpecHeaders.java:35)\n    at org.openqa.selenium.remote.ErrorFilter.lambda$apply$0 (ErrorFilter.java:44)\n    at org.openqa.selenium.remote.http.Filter$1.execute (Filter.java:63)\n    at org.openqa.selenium.remote.ErrorFilter.lambda$apply$0 (ErrorFilter.java:44)\n    at org.openqa.selenium.remote.http.Filter$1.execute (Filter.java:63)\n    at org.openqa.selenium.netty.server.SeleniumHandler.lambda$channelRead0$0 (SeleniumHandler.java:44)\n    at java.util.concurrent.Executors$RunnableAdapter.call (None:-1)\n    at java.util.concurrent.FutureTask.run (None:-1)\n    at java.util.concurrent.ThreadPoolExecutor.runWorker (None:-1)\n    at java.util.concurrent.ThreadPoolExecutor$Worker.run (None:-1)\n    at java.lang.Thread.run (None:-1)","time":{"start":1720917276091,"stop":1720917676864,"duration":400773}},{"uid":"462933ed7fd51c2e","reportUrl":"https://robbrad.github.io/UKBinCollectionData/3.11/1980//#testresult/462933ed7fd51c2e","status":"failed","statusDetails":"selenium.common.exceptions.SessionNotCreatedException: Message: Could not start a new session. New session request timed out \nHost info: host: 'selenium', ip: '172.18.0.2'\nBuild info: version: '4.22.0', revision: 'c5f3146703'\nSystem info: os.name: 'Linux', os.arch: 'amd64', os.version: '6.5.0-1023-azure', java.version: '17.0.11'\nDriver info: driver.version: unknown\nStacktrace:\n    at org.openqa.selenium.grid.sessionqueue.local.LocalNewSessionQueue.addToQueue (LocalNewSessionQueue.java:221)\n    at org.openqa.selenium.grid.sessionqueue.NewSessionQueue.lambda$new$0 (NewSessionQueue.java:68)\n    at org.openqa.selenium.remote.http.Route$TemplatizedRoute.handle (Route.java:192)\n    at org.openqa.selenium.remote.http.Route.execute (Route.java:69)\n    at org.openqa.selenium.remote.http.Route$CombinedRoute.handle (Route.java:360)\n    at org.openqa.selenium.remote.http.Route.execute (Route.java:69)\n    at org.openqa.selenium.grid.sessionqueue.NewSessionQueue.execute (NewSessionQueue.java:128)\n    at org.openqa.selenium.remote.tracing.SpanWrappedHttpHandler.execute (SpanWrappedHttpHandler.java:87)\n    at org.openqa.selenium.remote.http.Filter$1.execute (Filter.java:63)\n    at org.openqa.selenium.remote.http.Route$CombinedRoute.handle (Route.java:360)\n    at org.openqa.selenium.remote.http.Route.execute (Route.java:69)\n    at org.openqa.selenium.grid.router.Router.execute (Router.java:87)\n    at org.openqa.selenium.grid.web.EnsureSpecCompliantResponseHeaders.lambda$apply$0 (EnsureSpecCompliantResponseHeaders.java:34)\n    at org.openqa.selenium.remote.http.Filter$1.execute (Filter.java:63)\n    at org.openqa.selenium.remote.http.Route$CombinedRoute.handle (Route.java:360)\n    at org.openqa.selenium.remote.http.Route.execute (Route.java:69)\n    at org.openqa.selenium.remote.AddWebDriverSpecHeaders.lambda$apply$0 (AddWebDriverSpecHeaders.java:35)\n    at org.openqa.selenium.remote.ErrorFilter.lambda$apply$0 (ErrorFilter.java:44)\n    at org.openqa.selenium.remote.http.Filter$1.execute (Filter.java:63)\n    at org.openqa.selenium.remote.ErrorFilter.lambda$apply$0 (ErrorFilter.java:44)\n    at org.openqa.selenium.remote.http.Filter$1.execute (Filter.java:63)\n    at org.openqa.selenium.netty.server.SeleniumHandler.lambda$channelRead0$0 (SeleniumHandler.java:44)\n    at java.util.concurrent.Executors$RunnableAdapter.call (None:-1)\n    at java.util.concurrent.FutureTask.run (None:-1)\n    at java.util.concurrent.ThreadPoolExecutor.runWorker (None:-1)\n    at java.util.concurrent.ThreadPoolExecutor$Worker.run (None:-1)\n    at java.lang.Thread.run (None:-1)","time":{"start":1720830658405,"stop":1720831058892,"duration":400487}},{"uid":"be6625eeaa4dcb7","reportUrl":"https://robbrad.github.io/UKBinCollectionData/3.11/1979//#testresult/be6625eeaa4dcb7","status":"failed","statusDetails":"selenium.common.exceptions.SessionNotCreatedException: Message: Could not start a new session. New session request timed out \nHost info: host: 'selenium', ip: '172.18.0.2'\nBuild info: version: '4.22.0', revision: 'c5f3146703'\nSystem info: os.name: 'Linux', os.arch: 'amd64', os.version: '6.5.0-1023-azure', java.version: '17.0.11'\nDriver info: driver.version: unknown\nStacktrace:\n    at org.openqa.selenium.grid.sessionqueue.local.LocalNewSessionQueue.addToQueue (LocalNewSessionQueue.java:221)\n    at org.openqa.selenium.grid.sessionqueue.NewSessionQueue.lambda$new$0 (NewSessionQueue.java:68)\n    at org.openqa.selenium.remote.http.Route$TemplatizedRoute.handle (Route.java:192)\n    at org.openqa.selenium.remote.http.Route.execute (Route.java:69)\n    at org.openqa.selenium.remote.http.Route$CombinedRoute.handle (Route.java:360)\n    at org.openqa.selenium.remote.http.Route.execute (Route.java:69)\n    at org.openqa.selenium.grid.sessionqueue.NewSessionQueue.execute (NewSessionQueue.java:128)\n    at org.openqa.selenium.remote.tracing.SpanWrappedHttpHandler.execute (SpanWrappedHttpHandler.java:87)\n    at org.openqa.selenium.remote.http.Filter$1.execute (Filter.java:63)\n    at org.openqa.selenium.remote.http.Route$CombinedRoute.handle (Route.java:360)\n    at org.openqa.selenium.remote.http.Route.execute (Route.java:69)\n    at org.openqa.selenium.grid.router.Router.execute (Router.java:87)\n    at org.openqa.selenium.grid.web.EnsureSpecCompliantResponseHeaders.lambda$apply$0 (EnsureSpecCompliantResponseHeaders.java:34)\n    at org.openqa.selenium.remote.http.Filter$1.execute (Filter.java:63)\n    at org.openqa.selenium.remote.http.Route$CombinedRoute.handle (Route.java:360)\n    at org.openqa.selenium.remote.http.Route.execute (Route.java:69)\n    at org.openqa.selenium.remote.AddWebDriverSpecHeaders.lambda$apply$0 (AddWebDriverSpecHeaders.java:35)\n    at org.openqa.selenium.remote.ErrorFilter.lambda$apply$0 (ErrorFilter.java:44)\n    at org.openqa.selenium.remote.http.Filter$1.execute (Filter.java:63)\n    at org.openqa.selenium.remote.ErrorFilter.lambda$apply$0 (ErrorFilter.java:44)\n    at org.openqa.selenium.remote.http.Filter$1.execute (Filter.java:63)\n    at org.openqa.selenium.netty.server.SeleniumHandler.lambda$channelRead0$0 (SeleniumHandler.java:44)\n    at java.util.concurrent.Executors$RunnableAdapter.call (None:-1)\n    at java.util.concurrent.FutureTask.run (None:-1)\n    at java.util.concurrent.ThreadPoolExecutor.runWorker (None:-1)\n    at java.util.concurrent.ThreadPoolExecutor$Worker.run (None:-1)\n    at java.lang.Thread.run (None:-1)","time":{"start":1720744198567,"stop":1720744499386,"duration":300819}},{"uid":"11ec2dc26b92ac8a","reportUrl":"https://robbrad.github.io/UKBinCollectionData/3.11/1978//#testresult/11ec2dc26b92ac8a","status":"failed","statusDetails":"selenium.common.exceptions.SessionNotCreatedException: Message: Could not start a new session. New session request timed out \nHost info: host: 'selenium', ip: '172.18.0.2'\nBuild info: version: '4.22.0', revision: 'c5f3146703'\nSystem info: os.name: 'Linux', os.arch: 'amd64', os.version: '6.5.0-1023-azure', java.version: '17.0.11'\nDriver info: driver.version: unknown\nStacktrace:\n    at org.openqa.selenium.grid.sessionqueue.local.LocalNewSessionQueue.addToQueue (LocalNewSessionQueue.java:221)\n    at org.openqa.selenium.grid.sessionqueue.NewSessionQueue.lambda$new$0 (NewSessionQueue.java:68)\n    at org.openqa.selenium.remote.http.Route$TemplatizedRoute.handle (Route.java:192)\n    at org.openqa.selenium.remote.http.Route.execute (Route.java:69)\n    at org.openqa.selenium.remote.http.Route$CombinedRoute.handle (Route.java:360)\n    at org.openqa.selenium.remote.http.Route.execute (Route.java:69)\n    at org.openqa.selenium.grid.sessionqueue.NewSessionQueue.execute (NewSessionQueue.java:128)\n    at org.openqa.selenium.remote.tracing.SpanWrappedHttpHandler.execute (SpanWrappedHttpHandler.java:87)\n    at org.openqa.selenium.remote.http.Filter$1.execute (Filter.java:63)\n    at org.openqa.selenium.remote.http.Route$CombinedRoute.handle (Route.java:360)\n    at org.openqa.selenium.remote.http.Route.execute (Route.java:69)\n    at org.openqa.selenium.grid.router.Router.execute (Router.java:87)\n    at org.openqa.selenium.grid.web.EnsureSpecCompliantResponseHeaders.lambda$apply$0 (EnsureSpecCompliantResponseHeaders.java:34)\n    at org.openqa.selenium.remote.http.Filter$1.execute (Filter.java:63)\n    at org.openqa.selenium.remote.http.Route$CombinedRoute.handle (Route.java:360)\n    at org.openqa.selenium.remote.http.Route.execute (Route.java:69)\n    at org.openqa.selenium.remote.AddWebDriverSpecHeaders.lambda$apply$0 (AddWebDriverSpecHeaders.java:35)\n    at org.openqa.selenium.remote.ErrorFilter.lambda$apply$0 (ErrorFilter.java:44)\n    at org.openqa.selenium.remote.http.Filter$1.execute (Filter.java:63)\n    at org.openqa.selenium.remote.ErrorFilter.lambda$apply$0 (ErrorFilter.java:44)\n    at org.openqa.selenium.remote.http.Filter$1.execute (Filter.java:63)\n    at org.openqa.selenium.netty.server.SeleniumHandler.lambda$channelRead0$0 (SeleniumHandler.java:44)\n    at java.util.concurrent.Executors$RunnableAdapter.call (None:-1)\n    at java.util.concurrent.FutureTask.run (None:-1)\n    at java.util.concurrent.ThreadPoolExecutor.runWorker (None:-1)\n    at java.util.concurrent.ThreadPoolExecutor$Worker.run (None:-1)\n    at java.lang.Thread.run (None:-1)","time":{"start":1720657867302,"stop":1720658268019,"duration":400717}},{"uid":"a7871d751b978866","reportUrl":"https://robbrad.github.io/UKBinCollectionData/3.11/1977//#testresult/a7871d751b978866","status":"failed","statusDetails":"selenium.common.exceptions.SessionNotCreatedException: Message: Could not start a new session. New session request timed out \nHost info: host: 'selenium', ip: '172.18.0.2'\nBuild info: version: '4.22.0', revision: 'c5f3146703'\nSystem info: os.name: 'Linux', os.arch: 'amd64', os.version: '6.5.0-1022-azure', java.version: '17.0.11'\nDriver info: driver.version: unknown\nStacktrace:\n    at org.openqa.selenium.grid.sessionqueue.local.LocalNewSessionQueue.addToQueue (LocalNewSessionQueue.java:221)\n    at org.openqa.selenium.grid.sessionqueue.NewSessionQueue.lambda$new$0 (NewSessionQueue.java:68)\n    at org.openqa.selenium.remote.http.Route$TemplatizedRoute.handle (Route.java:192)\n    at org.openqa.selenium.remote.http.Route.execute (Route.java:69)\n    at org.openqa.selenium.remote.http.Route$CombinedRoute.handle (Route.java:360)\n    at org.openqa.selenium.remote.http.Route.execute (Route.java:69)\n    at org.openqa.selenium.grid.sessionqueue.NewSessionQueue.execute (NewSessionQueue.java:128)\n    at org.openqa.selenium.remote.tracing.SpanWrappedHttpHandler.execute (SpanWrappedHttpHandler.java:87)\n    at org.openqa.selenium.remote.http.Filter$1.execute (Filter.java:63)\n    at org.openqa.selenium.remote.http.Route$CombinedRoute.handle (Route.java:360)\n    at org.openqa.selenium.remote.http.Route.execute (Route.java:69)\n    at org.openqa.selenium.grid.router.Router.execute (Router.java:87)\n    at org.openqa.selenium.grid.web.EnsureSpecCompliantResponseHeaders.lambda$apply$0 (EnsureSpecCompliantResponseHeaders.java:34)\n    at org.openqa.selenium.remote.http.Filter$1.execute (Filter.java:63)\n    at org.openqa.selenium.remote.http.Route$CombinedRoute.handle (Route.java:360)\n    at org.openqa.selenium.remote.http.Route.execute (Route.java:69)\n    at org.openqa.selenium.remote.AddWebDriverSpecHeaders.lambda$apply$0 (AddWebDriverSpecHeaders.java:35)\n    at org.openqa.selenium.remote.ErrorFilter.lambda$apply$0 (ErrorFilter.java:44)\n    at org.openqa.selenium.remote.http.Filter$1.execute (Filter.java:63)\n    at org.openqa.selenium.remote.ErrorFilter.lambda$apply$0 (ErrorFilter.java:44)\n    at org.openqa.selenium.remote.http.Filter$1.execute (Filter.java:63)\n    at org.openqa.selenium.netty.server.SeleniumHandler.lambda$channelRead0$0 (SeleniumHandler.java:44)\n    at java.util.concurrent.Executors$RunnableAdapter.call (None:-1)\n    at java.util.concurrent.FutureTask.run (None:-1)\n    at java.util.concurrent.ThreadPoolExecutor.runWorker (None:-1)\n    at java.util.concurrent.ThreadPoolExecutor$Worker.run (None:-1)\n    at java.lang.Thread.run (None:-1)","time":{"start":1720571465597,"stop":1720571766322,"duration":300725}},{"uid":"ef378ccbd806a962","reportUrl":"https://robbrad.github.io/UKBinCollectionData/3.11/1976//#testresult/ef378ccbd806a962","status":"passed","time":{"start":1720485156967,"stop":1720485174859,"duration":17892}},{"uid":"7f5b0da88edd77f3","reportUrl":"https://robbrad.github.io/UKBinCollectionData/3.11/1975//#testresult/7f5b0da88edd77f3","status":"failed","statusDetails":"selenium.common.exceptions.TimeoutException: Message: \nStacktrace:\n#0 0x5606e465169a <unknown>\n#1 0x5606e43340dc <unknown>\n#2 0x5606e4380931 <unknown>\n#3 0x5606e4380a21 <unknown>\n#4 0x5606e43c5234 <unknown>\n#5 0x5606e43a389d <unknown>\n#6 0x5606e43c25c3 <unknown>\n#7 0x5606e43a3613 <unknown>\n#8 0x5606e43734f7 <unknown>\n#9 0x5606e4373e4e <unknown>\n#10 0x5606e461786b <unknown>\n#11 0x5606e461b911 <unknown>\n#12 0x5606e460335e <unknown>\n#13 0x5606e461c472 <unknown>\n#14 0x5606e45e7cbf <unknown>\n#15 0x5606e4641098 <unknown>\n#16 0x5606e4641270 <unknown>\n#17 0x5606e46507cc <unknown>\n#18 0x7f8c723f8ac3 <unknown>","time":{"start":1720398703171,"stop":1720398948027,"duration":244856}},{"uid":"a05fbb00b83a8c6","reportUrl":"https://robbrad.github.io/UKBinCollectionData/3.11/1971//#testresult/a05fbb00b83a8c6","status":"failed","statusDetails":"selenium.common.exceptions.TimeoutException: Message: \nStacktrace:\n#0 0x5622de86b69a <unknown>\n#1 0x5622de54e0dc <unknown>\n#2 0x5622de59a931 <unknown>\n#3 0x5622de59aa21 <unknown>\n#4 0x5622de5df234 <unknown>\n#5 0x5622de5bd89d <unknown>\n#6 0x5622de5dc5c3 <unknown>\n#7 0x5622de5bd613 <unknown>\n#8 0x5622de58d4f7 <unknown>\n#9 0x5622de58de4e <unknown>\n#10 0x5622de83186b <unknown>\n#11 0x5622de835911 <unknown>\n#12 0x5622de81d35e <unknown>\n#13 0x5622de836472 <unknown>\n#14 0x5622de801cbf <unknown>\n#15 0x5622de85b098 <unknown>\n#16 0x5622de85b270 <unknown>\n#17 0x5622de86a7cc <unknown>\n#18 0x7f1f18e67ac3 <unknown>","time":{"start":1720312370156,"stop":1720312736657,"duration":366501}},{"uid":"caa8381f0bd001b3","reportUrl":"https://robbrad.github.io/UKBinCollectionData/3.11/1970//#testresult/caa8381f0bd001b3","status":"passed","time":{"start":1720225826330,"stop":1720225874657,"duration":48327}},{"uid":"e295e5f0cb0e2ba2","reportUrl":"https://robbrad.github.io/UKBinCollectionData/3.11/1969//#testresult/e295e5f0cb0e2ba2","status":"passed","time":{"start":1720139364421,"stop":1720139437304,"duration":72883}},{"uid":"7d6b8ba08ad0177c","reportUrl":"https://robbrad.github.io/UKBinCollectionData/3.11/1968//#testresult/7d6b8ba08ad0177c","status":"passed","time":{"start":1720052987580,"stop":1720053071331,"duration":83751}},{"uid":"f31b0a0cd1ad7a18","reportUrl":"https://robbrad.github.io/UKBinCollectionData/3.11/1967//#testresult/f31b0a0cd1ad7a18","status":"passed","time":{"start":1719966585905,"stop":1719966669283,"duration":83378}},{"uid":"4df58b85e84e0976","reportUrl":"https://robbrad.github.io/UKBinCollectionData/3.11/1966//#testresult/4df58b85e84e0976","status":"passed","time":{"start":1719880248044,"stop":1719880320586,"duration":72542}},{"uid":"778c11f053401498","reportUrl":"https://robbrad.github.io/UKBinCollectionData/3.11/1965//#testresult/778c11f053401498","status":"failed","statusDetails":"selenium.common.exceptions.TimeoutException: Message: \nStacktrace:\n#0 0x5617d786a69a <unknown>\n#1 0x5617d754d0dc <unknown>\n#2 0x5617d7599931 <unknown>\n#3 0x5617d7599a21 <unknown>\n#4 0x5617d75de234 <unknown>\n#5 0x5617d75bc89d <unknown>\n#6 0x5617d75db5c3 <unknown>\n#7 0x5617d75bc613 <unknown>\n#8 0x5617d758c4f7 <unknown>\n#9 0x5617d758ce4e <unknown>\n#10 0x5617d783086b <unknown>\n#11 0x5617d7834911 <unknown>\n#12 0x5617d781c35e <unknown>\n#13 0x5617d7835472 <unknown>\n#14 0x5617d7800cbf <unknown>\n#15 0x5617d785a098 <unknown>\n#16 0x5617d785a270 <unknown>\n#17 0x5617d78697cc <unknown>\n#18 0x7f3604dc5ac3 <unknown>","time":{"start":1719794074427,"stop":1719794415901,"duration":341474}},{"uid":"5a54af01a3a3a027","reportUrl":"https://robbrad.github.io/UKBinCollectionData/3.11/1964//#testresult/5a54af01a3a3a027","status":"failed","statusDetails":"selenium.common.exceptions.TimeoutException: Message: \nStacktrace:\n#0 0x5640604da69a <unknown>\n#1 0x5640601bd0dc <unknown>\n#2 0x564060209931 <unknown>\n#3 0x564060209a21 <unknown>\n#4 0x56406024e234 <unknown>\n#5 0x56406022c89d <unknown>\n#6 0x56406024b5c3 <unknown>\n#7 0x56406022c613 <unknown>\n#8 0x5640601fc4f7 <unknown>\n#9 0x5640601fce4e <unknown>\n#10 0x5640604a086b <unknown>\n#11 0x5640604a4911 <unknown>\n#12 0x56406048c35e <unknown>\n#13 0x5640604a5472 <unknown>\n#14 0x564060470cbf <unknown>\n#15 0x5640604ca098 <unknown>\n#16 0x5640604ca270 <unknown>\n#17 0x5640604d97cc <unknown>\n#18 0x7f72143ddac3 <unknown>","time":{"start":1719707571820,"stop":1719707908501,"duration":336681}},{"uid":"c343dc27c41e6de8","reportUrl":"https://robbrad.github.io/UKBinCollectionData/3.11/1962//#testresult/c343dc27c41e6de8","status":"passed","time":{"start":1719620937714,"stop":1719621007273,"duration":69559}},{"uid":"1505b99768de6351","reportUrl":"https://robbrad.github.io/UKBinCollectionData/3.11/1958//#testresult/1505b99768de6351","status":"passed","time":{"start":1719534558886,"stop":1719534630218,"duration":71332}}]},"tags":[]},"source":"3bf0e13111715fe8.json","parameterValues":["ChelmsfordCityCouncil"]}