{"uid":"1be59864cff63a16","name":"Validate Council Output [NorthumberlandCouncil-http://selenium:4444-local]","fullName":"features/validate_council_outputs.feature:Validate Council Output","historyId":"9088d6bc2b89de0e3e509aca63a583bf","time":{"start":1702862400441,"stop":1702862405373,"duration":4932},"status":"failed","statusMessage":"AttributeError: 'NoneType' object has no attribute 'replace'","statusTrace":"fixturefunc = <function scrape_step at 0x7efd365c77e0>\nrequest = <FixtureRequest for <Function test_scenario_outline[NorthumberlandCouncil-http://selenium:4444-local]>>\nkwargs = {'context': <test_validate_council.context.<locals>.Context object at 0x7efd35b53cd0>, 'council': 'NorthumberlandCouncil', 'selenium_mode': 'local', 'selenium_url': 'http://selenium:4444'}\n\n    def call_fixture_func(\n        fixturefunc: \"_FixtureFunc[FixtureValue]\", request: FixtureRequest, kwargs\n    ) -> FixtureValue:\n        if is_generator(fixturefunc):\n            fixturefunc = cast(\n                Callable[..., Generator[FixtureValue, None, None]], fixturefunc\n            )\n            generator = fixturefunc(**kwargs)\n            try:\n                fixture_result = next(generator)\n            except StopIteration:\n                raise ValueError(f\"{request.fixturename} did not yield a value\") from None\n            finalizer = functools.partial(_teardown_yield_fixture, fixturefunc, generator)\n            request.addfinalizer(finalizer)\n        else:\n            fixturefunc = cast(Callable[..., FixtureValue], fixturefunc)\n>           fixture_result = fixturefunc(**kwargs)\n\n../../../.cache/pypoetry/virtualenvs/uk-bin-collection-EwS6Gn8s-py3.11/lib/python3.11/site-packages/_pytest/fixtures.py:902: \n_ _ _ _ _ _ _ _ _ _ _ _ _ _ _ _ _ _ _ _ _ _ _ _ _ _ _ _ _ _ _ _ _ _ _ _ _ _ _ _ \nuk_bin_collection/tests/step_defs/test_validate_council.py:75: in scrape_step\n    raise (err)\nuk_bin_collection/tests/step_defs/test_validate_council.py:71: in scrape_step\n    context.parse_result = CollectData.run()\nuk_bin_collection/uk_bin_collection/collect_data.py:82: in run\n    return self.client_code(\nuk_bin_collection/uk_bin_collection/collect_data.py:69: in client_code\n    return get_bin_data_class.template_method(address_url, **kwargs)\nuk_bin_collection/uk_bin_collection/get_bin_data.py:69: in template_method\n    bin_data_dict = self.parse_data(\n_ _ _ _ _ _ _ _ _ _ _ _ _ _ _ _ _ _ _ _ _ _ _ _ _ _ _ _ _ _ _ _ _ _ _ _ _ _ _ _ \n\nself = <NorthumberlandCouncil.CouncilClass object at 0x7efd49762910>\npage = 'https://www.northumberland.gov.uk/Waste/Bins/Bin-Calendars.aspx'\nkwargs = {'paon': '22', 'postcode': 'NE46 1UQ', 'uprn': None, 'url': 'https://www.northumberland.gov.uk/Waste/Bins/Bin-Calendars.aspx', ...}\ndata = {'bins': []}, user_paon = '22', user_postcode = 'NE46 1UQ'\nweb_driver = None\ndriver = <selenium.webdriver.chrome.webdriver.WebDriver (session=\"c6724ab733ae218642dc65052c096d58\")>\ninputElement_hn = <selenium.webdriver.remote.webelement.WebElement (session=\"c6724ab733ae218642dc65052c096d58\", element=\"4B5640A9BCA86C0FDB17DBE364F11ED3_element_4\")>\ninputElement_pc = <selenium.webdriver.remote.webelement.WebElement (session=\"c6724ab733ae218642dc65052c096d58\", element=\"4B5640A9BCA86C0FDB17DBE364F11ED3_element_26\")>\n\n    def parse_data(self, page: str, **kwargs) -> dict:\n        page = \"https://www.northumberland.gov.uk/Waste/Bins/Bin-Calendars.aspx\"\n    \n        data = {\"bins\": []}\n    \n        user_paon = kwargs.get(\"paon\")\n        user_postcode = kwargs.get(\"postcode\")\n        web_driver = kwargs.get(\"web_driver\")\n        check_paon(user_paon)\n        check_postcode(user_postcode)\n    \n        # Create Selenium webdriver\n        driver = create_webdriver(web_driver)\n        driver.get(page)\n    \n        time.sleep(1)\n    \n        # Press the cookie accept - wait is to let the JS load it up\n        driver.find_element(By.ID, \"ccc-notify-accept\").click()\n    \n        inputElement_hn = driver.find_element(\n            By.ID,\n            \"p_lt_ctl04_pageplaceholder_p_lt_ctl02_WasteCollectionCalendars_NCCAddressLookup_txtHouse\",\n        )\n        inputElement_pc = driver.find_element(\n            By.ID,\n            \"p_lt_ctl04_pageplaceholder_p_lt_ctl02_WasteCollectionCalendars_NCCAddressLookup_txtPostcode\",\n        )\n    \n        inputElement_pc.send_keys(user_postcode)\n        inputElement_hn.send_keys(user_paon)\n    \n        driver.find_element(\n            By.ID,\n            \"p_lt_ctl04_pageplaceholder_p_lt_ctl02_WasteCollectionCalendars_NCCAddressLookup_butLookup\",\n        ).click()\n    \n        soup = BeautifulSoup(driver.page_source, features=\"html.parser\")\n    \n        # Quit Selenium webdriver to release session\n        driver.quit()\n    \n        # Work out which bins can be collected for this address. Glass bins are only on some houses due to pilot programme.\n        bins_collected = list(\n            map(\n                str.strip,\n                soup.find(\n                    \"span\",\n                    id=\"p_lt_ctl04_pageplaceholder_p_lt_ctl02_WasteCollectionCalendars_spanRouteSummary\",\n                )\n>               .string.replace(\"Routes found: \", \"\")\n                .split(\",\"),\n            )\n        )\nE       AttributeError: 'NoneType' object has no attribute 'replace'\n\nuk_bin_collection/uk_bin_collection/councils/NorthumberlandCouncil.py:78: AttributeError","flaky":false,"newFailed":false,"newBroken":false,"newPassed":false,"retriesCount":0,"retriesStatusChange":false,"beforeStages":[],"testStage":{"status":"failed","statusMessage":"AttributeError: 'NoneType' object has no attribute 'replace'","statusTrace":"fixturefunc = <function scrape_step at 0x7efd365c77e0>\nrequest = <FixtureRequest for <Function test_scenario_outline[NorthumberlandCouncil-http://selenium:4444-local]>>\nkwargs = {'context': <test_validate_council.context.<locals>.Context object at 0x7efd35b53cd0>, 'council': 'NorthumberlandCouncil', 'selenium_mode': 'local', 'selenium_url': 'http://selenium:4444'}\n\n    def call_fixture_func(\n        fixturefunc: \"_FixtureFunc[FixtureValue]\", request: FixtureRequest, kwargs\n    ) -> FixtureValue:\n        if is_generator(fixturefunc):\n            fixturefunc = cast(\n                Callable[..., Generator[FixtureValue, None, None]], fixturefunc\n            )\n            generator = fixturefunc(**kwargs)\n            try:\n                fixture_result = next(generator)\n            except StopIteration:\n                raise ValueError(f\"{request.fixturename} did not yield a value\") from None\n            finalizer = functools.partial(_teardown_yield_fixture, fixturefunc, generator)\n            request.addfinalizer(finalizer)\n        else:\n            fixturefunc = cast(Callable[..., FixtureValue], fixturefunc)\n>           fixture_result = fixturefunc(**kwargs)\n\n../../../.cache/pypoetry/virtualenvs/uk-bin-collection-EwS6Gn8s-py3.11/lib/python3.11/site-packages/_pytest/fixtures.py:902: \n_ _ _ _ _ _ _ _ _ _ _ _ _ _ _ _ _ _ _ _ _ _ _ _ _ _ _ _ _ _ _ _ _ _ _ _ _ _ _ _ \nuk_bin_collection/tests/step_defs/test_validate_council.py:75: in scrape_step\n    raise (err)\nuk_bin_collection/tests/step_defs/test_validate_council.py:71: in scrape_step\n    context.parse_result = CollectData.run()\nuk_bin_collection/uk_bin_collection/collect_data.py:82: in run\n    return self.client_code(\nuk_bin_collection/uk_bin_collection/collect_data.py:69: in client_code\n    return get_bin_data_class.template_method(address_url, **kwargs)\nuk_bin_collection/uk_bin_collection/get_bin_data.py:69: in template_method\n    bin_data_dict = self.parse_data(\n_ _ _ _ _ _ _ _ _ _ _ _ _ _ _ _ _ _ _ _ _ _ _ _ _ _ _ _ _ _ _ _ _ _ _ _ _ _ _ _ \n\nself = <NorthumberlandCouncil.CouncilClass object at 0x7efd49762910>\npage = 'https://www.northumberland.gov.uk/Waste/Bins/Bin-Calendars.aspx'\nkwargs = {'paon': '22', 'postcode': 'NE46 1UQ', 'uprn': None, 'url': 'https://www.northumberland.gov.uk/Waste/Bins/Bin-Calendars.aspx', ...}\ndata = {'bins': []}, user_paon = '22', user_postcode = 'NE46 1UQ'\nweb_driver = None\ndriver = <selenium.webdriver.chrome.webdriver.WebDriver (session=\"c6724ab733ae218642dc65052c096d58\")>\ninputElement_hn = <selenium.webdriver.remote.webelement.WebElement (session=\"c6724ab733ae218642dc65052c096d58\", element=\"4B5640A9BCA86C0FDB17DBE364F11ED3_element_4\")>\ninputElement_pc = <selenium.webdriver.remote.webelement.WebElement (session=\"c6724ab733ae218642dc65052c096d58\", element=\"4B5640A9BCA86C0FDB17DBE364F11ED3_element_26\")>\n\n    def parse_data(self, page: str, **kwargs) -> dict:\n        page = \"https://www.northumberland.gov.uk/Waste/Bins/Bin-Calendars.aspx\"\n    \n        data = {\"bins\": []}\n    \n        user_paon = kwargs.get(\"paon\")\n        user_postcode = kwargs.get(\"postcode\")\n        web_driver = kwargs.get(\"web_driver\")\n        check_paon(user_paon)\n        check_postcode(user_postcode)\n    \n        # Create Selenium webdriver\n        driver = create_webdriver(web_driver)\n        driver.get(page)\n    \n        time.sleep(1)\n    \n        # Press the cookie accept - wait is to let the JS load it up\n        driver.find_element(By.ID, \"ccc-notify-accept\").click()\n    \n        inputElement_hn = driver.find_element(\n            By.ID,\n            \"p_lt_ctl04_pageplaceholder_p_lt_ctl02_WasteCollectionCalendars_NCCAddressLookup_txtHouse\",\n        )\n        inputElement_pc = driver.find_element(\n            By.ID,\n            \"p_lt_ctl04_pageplaceholder_p_lt_ctl02_WasteCollectionCalendars_NCCAddressLookup_txtPostcode\",\n        )\n    \n        inputElement_pc.send_keys(user_postcode)\n        inputElement_hn.send_keys(user_paon)\n    \n        driver.find_element(\n            By.ID,\n            \"p_lt_ctl04_pageplaceholder_p_lt_ctl02_WasteCollectionCalendars_NCCAddressLookup_butLookup\",\n        ).click()\n    \n        soup = BeautifulSoup(driver.page_source, features=\"html.parser\")\n    \n        # Quit Selenium webdriver to release session\n        driver.quit()\n    \n        # Work out which bins can be collected for this address. Glass bins are only on some houses due to pilot programme.\n        bins_collected = list(\n            map(\n                str.strip,\n                soup.find(\n                    \"span\",\n                    id=\"p_lt_ctl04_pageplaceholder_p_lt_ctl02_WasteCollectionCalendars_spanRouteSummary\",\n                )\n>               .string.replace(\"Routes found: \", \"\")\n                .split(\",\"),\n            )\n        )\nE       AttributeError: 'NoneType' object has no attribute 'replace'\n\nuk_bin_collection/uk_bin_collection/councils/NorthumberlandCouncil.py:78: AttributeError","steps":[{"name":"Given the council: NorthumberlandCouncil","time":{"start":1702862400441,"stop":1702862400441,"duration":0},"status":"passed","steps":[],"attachments":[],"parameters":[],"shouldDisplayMessage":false,"stepsCount":0,"attachmentsCount":0,"hasContent":false,"attachmentStep":false},{"name":"When we scrape the data from NorthumberlandCouncil using local and the http://selenium:4444 is set","time":{"start":1702862400441,"stop":1702862405373,"duration":4932},"status":"failed","statusMessage":"'NoneType' object has no attribute 'replace'","statusTrace":"AttributeError: 'NoneType' object has no attribute 'replace'\n","steps":[],"attachments":[],"parameters":[],"shouldDisplayMessage":true,"stepsCount":0,"attachmentsCount":0,"hasContent":true,"attachmentStep":false}],"attachments":[],"parameters":[],"shouldDisplayMessage":true,"stepsCount":2,"attachmentsCount":0,"hasContent":true,"attachmentStep":false},"afterStages":[],"labels":[{"name":"host","value":"fv-az1205-714"},{"name":"thread","value":"2761-MainThread"},{"name":"framework","value":"pytest-bdd"},{"name":"language","value":"cpython3"},{"name":"feature","value":"Test each council output matches expected results"},{"name":"resultFormat","value":"allure2"}],"parameters":[{"name":"council","value":"NorthumberlandCouncil"},{"name":"selenium_mode","value":"local"},{"name":"selenium_url","value":"http://selenium:4444"}],"links":[],"hidden":false,"retry":false,"extra":{"severity":"normal","retries":[],"categories":[{"name":"Product defects","matchedStatuses":[],"flaky":false}],"history":{"statistic":{"failed":83,"broken":0,"skipped":0,"passed":0,"unknown":0,"total":83},"items":[{"uid":"c72b07dd62e653c7","reportUrl":"https://robbrad.github.io/UKBinCollectionData/3.11/1274//#testresult/c72b07dd62e653c7","status":"failed","statusDetails":"AttributeError: 'NoneType' object has no attribute 'replace'","time":{"start":1702860051999,"stop":1702860056486,"duration":4487}},{"uid":"18f5b3faa9e1b49d","reportUrl":"https://robbrad.github.io/UKBinCollectionData/3.11/1272//#testresult/18f5b3faa9e1b49d","status":"failed","statusDetails":"AttributeError: 'NoneType' object has no attribute 'replace'","time":{"start":1702843618355,"stop":1702843624225,"duration":5870}},{"uid":"c965726e0dfcce94","reportUrl":"https://robbrad.github.io/UKBinCollectionData/3.11/1270//#testresult/c965726e0dfcce94","status":"failed","statusDetails":"AttributeError: 'NoneType' object has no attribute 'replace'","time":{"start":1702809428569,"stop":1702809433334,"duration":4765}},{"uid":"38dadc3c596c18e","reportUrl":"https://robbrad.github.io/UKBinCollectionData/3.11/1247//#testresult/38dadc3c596c18e","status":"failed","statusDetails":"AttributeError: 'NoneType' object has no attribute 'replace'","time":{"start":1702657238029,"stop":1702657243964,"duration":5935}},{"uid":"4dacb899095fc2d4","reportUrl":"https://robbrad.github.io/UKBinCollectionData/3.11/1248//#testresult/4dacb899095fc2d4","status":"failed","statusDetails":"AttributeError: 'NoneType' object has no attribute 'replace'","time":{"start":1702657246054,"stop":1702657250739,"duration":4685}},{"uid":"a1996eba55d1434b","reportUrl":"https://robbrad.github.io/UKBinCollectionData/3.11/1244//#testresult/a1996eba55d1434b","status":"failed","statusDetails":"AttributeError: 'NoneType' object has no attribute 'replace'","time":{"start":1702603240983,"stop":1702603245449,"duration":4466}},{"uid":"d5de9c4310f099be","reportUrl":"https://robbrad.github.io/UKBinCollectionData/3.11/1243//#testresult/d5de9c4310f099be","status":"failed","statusDetails":"AttributeError: 'NoneType' object has no attribute 'replace'","time":{"start":1702540093149,"stop":1702540097954,"duration":4805}},{"uid":"2ee4ad85ee598253","reportUrl":"https://robbrad.github.io/UKBinCollectionData/3.11/1241//#testresult/2ee4ad85ee598253","status":"failed","statusDetails":"AttributeError: 'NoneType' object has no attribute 'replace'","time":{"start":1702516734540,"stop":1702516739678,"duration":5138}},{"uid":"1112305bf97027cb","reportUrl":"https://robbrad.github.io/UKBinCollectionData/3.11/1238//#testresult/1112305bf97027cb","status":"failed","statusDetails":"AttributeError: 'NoneType' object has no attribute 'replace'","time":{"start":1702447505921,"stop":1702447510345,"duration":4424}},{"uid":"cc66a14a58402d5e","reportUrl":"https://robbrad.github.io/UKBinCollectionData/3.11/1236//#testresult/cc66a14a58402d5e","status":"failed","statusDetails":"AttributeError: 'NoneType' object has no attribute 'replace'","time":{"start":1702430369500,"stop":1702430374164,"duration":4664}},{"uid":"3d08875aed046090","reportUrl":"https://robbrad.github.io/UKBinCollectionData/3.11/1232//#testresult/3d08875aed046090","status":"failed","statusDetails":"AttributeError: 'NoneType' object has no attribute 'replace'","time":{"start":1702366526736,"stop":1702366531259,"duration":4523}},{"uid":"55c1bb70f32ba0bb","reportUrl":"https://robbrad.github.io/UKBinCollectionData/3.11/1231//#testresult/55c1bb70f32ba0bb","status":"failed","statusDetails":"AttributeError: 'NoneType' object has no attribute 'replace'","time":{"start":1702343995851,"stop":1702344000440,"duration":4589}},{"uid":"3c9bda546d9cf38b","reportUrl":"https://robbrad.github.io/UKBinCollectionData/3.11/1229//#testresult/3c9bda546d9cf38b","status":"failed","statusDetails":"selenium.common.exceptions.NoSuchElementException: Message: no such element: Unable to locate element: {\"method\":\"css selector\",\"selector\":\"[id=\"ccc-notify-accept\"]\"}\n  (Session info: headless chrome=119.0.6045.199); For documentation on this error, please visit: https://www.selenium.dev/documentation/webdriver/troubleshooting/errors#no-such-element-exception\nStacktrace:\n#0 0x55714c5f05e3 <unknown>\n#1 0x55714c2b30b7 <unknown>\n#2 0x55714c300f53 <unknown>\n#3 0x55714c301051 <unknown>\n#4 0x55714c3469c4 <unknown>\n#5 0x55714c327f1d <unknown>\n#6 0x55714c343b3d <unknown>\n#7 0x55714c327cc3 <unknown>\n#8 0x55714c2f30e4 <unknown>\n#9 0x55714c2f40ae <unknown>\n#10 0x55714c5b6ce1 <unknown>\n#11 0x55714c5bab7e <unknown>\n#12 0x55714c5a44b5 <unknown>\n#13 0x55714c5bb7d6 <unknown>\n#14 0x55714c587dbf <unknown>\n#15 0x55714c5de748 <unknown>\n#16 0x55714c5de917 <unknown>\n#17 0x55714c5ef773 <unknown>\n#18 0x7fe753a94ac3 <unknown>","time":{"start":1702257576239,"stop":1702257579979,"duration":3740}},{"uid":"9a18fb46fefb1445","reportUrl":"https://robbrad.github.io/UKBinCollectionData/3.11/1228//#testresult/9a18fb46fefb1445","status":"failed","statusDetails":"selenium.common.exceptions.NoSuchElementException: Message: no such element: Unable to locate element: {\"method\":\"css selector\",\"selector\":\"[id=\"ccc-notify-accept\"]\"}\n  (Session info: headless chrome=119.0.6045.199); For documentation on this error, please visit: https://www.selenium.dev/documentation/webdriver/troubleshooting/errors#no-such-element-exception\nStacktrace:\n#0 0x5600cdef55e3 <unknown>\n#1 0x5600cdbb80b7 <unknown>\n#2 0x5600cdc05f53 <unknown>\n#3 0x5600cdc06051 <unknown>\n#4 0x5600cdc4b9c4 <unknown>\n#5 0x5600cdc2cf1d <unknown>\n#6 0x5600cdc48b3d <unknown>\n#7 0x5600cdc2ccc3 <unknown>\n#8 0x5600cdbf80e4 <unknown>\n#9 0x5600cdbf90ae <unknown>\n#10 0x5600cdebbce1 <unknown>\n#11 0x5600cdebfb7e <unknown>\n#12 0x5600cdea94b5 <unknown>\n#13 0x5600cdec07d6 <unknown>\n#14 0x5600cde8cdbf <unknown>\n#15 0x5600cdee3748 <unknown>\n#16 0x5600cdee3917 <unknown>\n#17 0x5600cdef4773 <unknown>\n#18 0x7fcc0ea94ac3 <unknown>","time":{"start":1702171506296,"stop":1702171510061,"duration":3765}},{"uid":"43baa60e4745ab4a","reportUrl":"https://robbrad.github.io/UKBinCollectionData/3.11/1227//#testresult/43baa60e4745ab4a","status":"failed","statusDetails":"selenium.common.exceptions.NoSuchElementException: Message: no such element: Unable to locate element: {\"method\":\"css selector\",\"selector\":\"[id=\"ccc-notify-accept\"]\"}\n  (Session info: headless chrome=119.0.6045.199); For documentation on this error, please visit: https://www.selenium.dev/documentation/webdriver/troubleshooting/errors#no-such-element-exception\nStacktrace:\n#0 0x55e97c8075e3 <unknown>\n#1 0x55e97c4ca0b7 <unknown>\n#2 0x55e97c517f53 <unknown>\n#3 0x55e97c518051 <unknown>\n#4 0x55e97c55d9c4 <unknown>\n#5 0x55e97c53ef1d <unknown>\n#6 0x55e97c55ab3d <unknown>\n#7 0x55e97c53ecc3 <unknown>\n#8 0x55e97c50a0e4 <unknown>\n#9 0x55e97c50b0ae <unknown>\n#10 0x55e97c7cdce1 <unknown>\n#11 0x55e97c7d1b7e <unknown>\n#12 0x55e97c7bb4b5 <unknown>\n#13 0x55e97c7d27d6 <unknown>\n#14 0x55e97c79edbf <unknown>\n#15 0x55e97c7f5748 <unknown>\n#16 0x55e97c7f5917 <unknown>\n#17 0x55e97c806773 <unknown>\n#18 0x7f0559094ac3 <unknown>","time":{"start":1702084707622,"stop":1702084711241,"duration":3619}},{"uid":"ed3ef1ea492b1504","reportUrl":"https://robbrad.github.io/UKBinCollectionData/3.11/1225//#testresult/ed3ef1ea492b1504","status":"failed","statusDetails":"selenium.common.exceptions.NoSuchElementException: Message: no such element: Unable to locate element: {\"method\":\"css selector\",\"selector\":\"[id=\"ccc-notify-accept\"]\"}\n  (Session info: headless chrome=119.0.6045.199); For documentation on this error, please visit: https://www.selenium.dev/documentation/webdriver/troubleshooting/errors#no-such-element-exception\nStacktrace:\n#0 0x56110264f5e3 <unknown>\n#1 0x5611023120b7 <unknown>\n#2 0x56110235ff53 <unknown>\n#3 0x561102360051 <unknown>\n#4 0x5611023a59c4 <unknown>\n#5 0x561102386f1d <unknown>\n#6 0x5611023a2b3d <unknown>\n#7 0x561102386cc3 <unknown>\n#8 0x5611023520e4 <unknown>\n#9 0x5611023530ae <unknown>\n#10 0x561102615ce1 <unknown>\n#11 0x561102619b7e <unknown>\n#12 0x5611026034b5 <unknown>\n#13 0x56110261a7d6 <unknown>\n#14 0x5611025e6dbf <unknown>\n#15 0x56110263d748 <unknown>\n#16 0x56110263d917 <unknown>\n#17 0x56110264e773 <unknown>\n#18 0x7f44a1e94ac3 <unknown>","time":{"start":1702066772194,"stop":1702066776083,"duration":3889}},{"uid":"5cb6f04dc013b37e","reportUrl":"https://robbrad.github.io/UKBinCollectionData/3.11/1222//#testresult/5cb6f04dc013b37e","status":"failed","statusDetails":"selenium.common.exceptions.NoSuchElementException: Message: no such element: Unable to locate element: {\"method\":\"css selector\",\"selector\":\"[id=\"ccc-notify-accept\"]\"}\n  (Session info: headless chrome=119.0.6045.199); For documentation on this error, please visit: https://www.selenium.dev/documentation/webdriver/troubleshooting/errors#no-such-element-exception\nStacktrace:\n#0 0x55fc65da05e3 <unknown>\n#1 0x55fc65a630b7 <unknown>\n#2 0x55fc65ab0f53 <unknown>\n#3 0x55fc65ab1051 <unknown>\n#4 0x55fc65af69c4 <unknown>\n#5 0x55fc65ad7f1d <unknown>\n#6 0x55fc65af3b3d <unknown>\n#7 0x55fc65ad7cc3 <unknown>\n#8 0x55fc65aa30e4 <unknown>\n#9 0x55fc65aa40ae <unknown>\n#10 0x55fc65d66ce1 <unknown>\n#11 0x55fc65d6ab7e <unknown>\n#12 0x55fc65d544b5 <unknown>\n#13 0x55fc65d6b7d6 <unknown>\n#14 0x55fc65d37dbf <unknown>\n#15 0x55fc65d8e748 <unknown>\n#16 0x55fc65d8e917 <unknown>\n#17 0x55fc65d9f773 <unknown>\n#18 0x7f9381c94ac3 <unknown>","time":{"start":1702054410551,"stop":1702054415082,"duration":4531}},{"uid":"d8bc3dd0bae35e0d","reportUrl":"https://robbrad.github.io/UKBinCollectionData/3.11/1223//#testresult/d8bc3dd0bae35e0d","status":"failed","statusDetails":"selenium.common.exceptions.NoSuchElementException: Message: no such element: Unable to locate element: {\"method\":\"css selector\",\"selector\":\"[id=\"ccc-notify-accept\"]\"}\n  (Session info: headless chrome=119.0.6045.199); For documentation on this error, please visit: https://www.selenium.dev/documentation/webdriver/troubleshooting/errors#no-such-element-exception\nStacktrace:\n#0 0x5653427f55e3 <unknown>\n#1 0x5653424b80b7 <unknown>\n#2 0x565342505f53 <unknown>\n#3 0x565342506051 <unknown>\n#4 0x56534254b9c4 <unknown>\n#5 0x56534252cf1d <unknown>\n#6 0x565342548b3d <unknown>\n#7 0x56534252ccc3 <unknown>\n#8 0x5653424f80e4 <unknown>\n#9 0x5653424f90ae <unknown>\n#10 0x5653427bbce1 <unknown>\n#11 0x5653427bfb7e <unknown>\n#12 0x5653427a94b5 <unknown>\n#13 0x5653427c07d6 <unknown>\n#14 0x56534278cdbf <unknown>\n#15 0x5653427e3748 <unknown>\n#16 0x5653427e3917 <unknown>\n#17 0x5653427f4773 <unknown>\n#18 0x7f77d2894ac3 <unknown>","time":{"start":1702054432964,"stop":1702054436495,"duration":3531}},{"uid":"ff26c2d40aae277","reportUrl":"https://robbrad.github.io/UKBinCollectionData/3.11/1219//#testresult/ff26c2d40aae277","status":"failed","statusDetails":"selenium.common.exceptions.NoSuchElementException: Message: no such element: Unable to locate element: {\"method\":\"css selector\",\"selector\":\"[id=\"ccc-notify-accept\"]\"}\n  (Session info: headless chrome=119.0.6045.159); For documentation on this error, please visit: https://www.selenium.dev/documentation/webdriver/troubleshooting/errors#no-such-element-exception\nStacktrace:\n#0 0x56166e5105e3 <unknown>\n#1 0x56166e1d30b7 <unknown>\n#2 0x56166e220f53 <unknown>\n#3 0x56166e221051 <unknown>\n#4 0x56166e2669c4 <unknown>\n#5 0x56166e247f1d <unknown>\n#6 0x56166e263b3d <unknown>\n#7 0x56166e247cc3 <unknown>\n#8 0x56166e2130e4 <unknown>\n#9 0x56166e2140ae <unknown>\n#10 0x56166e4d6ce1 <unknown>\n#11 0x56166e4dab7e <unknown>\n#12 0x56166e4c44b5 <unknown>\n#13 0x56166e4db7d6 <unknown>\n#14 0x56166e4a7dbf <unknown>\n#15 0x56166e4fe748 <unknown>\n#16 0x56166e4fe917 <unknown>\n#17 0x56166e50f773 <unknown>\n#18 0x7fe460894ac3 <unknown>","time":{"start":1701998441115,"stop":1701998444813,"duration":3698}},{"uid":"3476fba03f970640","reportUrl":"https://robbrad.github.io/UKBinCollectionData/3.11/1218//#testresult/3476fba03f970640","status":"failed","statusDetails":"selenium.common.exceptions.NoSuchElementException: Message: no such element: Unable to locate element: {\"method\":\"css selector\",\"selector\":\"[id=\"ccc-notify-accept\"]\"}\n  (Session info: headless chrome=119.0.6045.159); For documentation on this error, please visit: https://www.selenium.dev/documentation/webdriver/troubleshooting/errors#no-such-element-exception\nStacktrace:\n#0 0x55eff79a95e3 <unknown>\n#1 0x55eff766c0b7 <unknown>\n#2 0x55eff76b9f53 <unknown>\n#3 0x55eff76ba051 <unknown>\n#4 0x55eff76ff9c4 <unknown>\n#5 0x55eff76e0f1d <unknown>\n#6 0x55eff76fcb3d <unknown>\n#7 0x55eff76e0cc3 <unknown>\n#8 0x55eff76ac0e4 <unknown>\n#9 0x55eff76ad0ae <unknown>\n#10 0x55eff796fce1 <unknown>\n#11 0x55eff7973b7e <unknown>\n#12 0x55eff795d4b5 <unknown>\n#13 0x55eff79747d6 <unknown>\n#14 0x55eff7940dbf <unknown>\n#15 0x55eff7997748 <unknown>\n#16 0x55eff7997917 <unknown>\n#17 0x55eff79a8773 <unknown>\n#18 0x7fde47c94ac3 <unknown>","time":{"start":1701990410654,"stop":1701990415134,"duration":4480}}]},"tags":[]},"source":"1be59864cff63a16.json","parameterValues":["NorthumberlandCouncil","local","http://selenium:4444"]}