{"uid":"af835eab8352210d","name":"Validate Council Output [TendringDistrictCouncil]","fullName":"features/validate_council_outputs.feature:Validate Council Output","historyId":"ed07e2456ad23b8037ff3254aa143d3e","time":{"start":1720831748314,"stop":1720831768241,"duration":19927},"status":"failed","statusMessage":"selenium.common.exceptions.NoSuchElementException: Message: Cannot locate option with value: 100090604247; For documentation on this error, please visit: https://www.selenium.dev/documentation/webdriver/troubleshooting/errors#no-such-element-exception","statusTrace":"fixturefunc = <function scrape_step at 0x7fddd892eac0>\nrequest = <FixtureRequest for <Function test_scenario_outline[TendringDistrictCouncil]>>\nkwargs = {'context': <test_validate_council.Context object at 0x7fdde4356c50>, 'headless_mode': 'True', 'local_browser': 'False', 'selenium_url': 'http://localhost:4444'}\n\n    def call_fixture_func(\n        fixturefunc: \"_FixtureFunc[FixtureValue]\", request: FixtureRequest, kwargs\n    ) -> FixtureValue:\n        if is_generator(fixturefunc):\n            fixturefunc = cast(\n                Callable[..., Generator[FixtureValue, None, None]], fixturefunc\n            )\n            generator = fixturefunc(**kwargs)\n            try:\n                fixture_result = next(generator)\n            except StopIteration:\n                raise ValueError(f\"{request.fixturename} did not yield a value\") from None\n            finalizer = functools.partial(_teardown_yield_fixture, fixturefunc, generator)\n            request.addfinalizer(finalizer)\n        else:\n            fixturefunc = cast(Callable[..., FixtureValue], fixturefunc)\n>           fixture_result = fixturefunc(**kwargs)\n\n../../../.cache/pypoetry/virtualenvs/uk-bin-collection-EwS6Gn8s-py3.11/lib/python3.11/site-packages/_pytest/fixtures.py:887: \n_ _ _ _ _ _ _ _ _ _ _ _ _ _ _ _ _ _ _ _ _ _ _ _ _ _ _ _ _ _ _ _ _ _ _ _ _ _ _ _ \nuk_bin_collection/tests/step_defs/test_validate_council.py:100: in scrape_step\n    context.parse_result = CollectData.run()\nuk_bin_collection/uk_bin_collection/collect_data.py:101: in run\n    return self.client_code(\nuk_bin_collection/uk_bin_collection/collect_data.py:121: in client_code\n    return get_bin_data_class.template_method(address_url, **kwargs)\nuk_bin_collection/uk_bin_collection/get_bin_data.py:61: in template_method\n    bin_data_dict = self.get_and_parse_data(this_url, **kwargs)\nuk_bin_collection/uk_bin_collection/get_bin_data.py:84: in get_and_parse_data\n    bin_data_dict = self.parse_data(\"\", url=address_url, **kwargs)\nuk_bin_collection/uk_bin_collection/councils/TendringDistrictCouncil.py:73: in parse_data\n    dropdownSelect.select_by_value(str(user_uprn))\n_ _ _ _ _ _ _ _ _ _ _ _ _ _ _ _ _ _ _ _ _ _ _ _ _ _ _ _ _ _ _ _ _ _ _ _ _ _ _ _ \n\nself = <selenium.webdriver.support.select.Select object at 0x7fddd7fad9d0>\nvalue = '100090604247'\n\n    def select_by_value(self, value: str) -> None:\n        \"\"\"Select all options that have a value matching the argument. That is,\n        when given \"foo\" this would select an option like:\n    \n        <option value=\"foo\">Bar</option>\n    \n        :Args:\n         - value - The value to match against\n    \n        throws NoSuchElementException If there is no option with specified value in SELECT\n        \"\"\"\n        css = f\"option[value ={self._escape_string(value)}]\"\n        opts = self._el.find_elements(By.CSS_SELECTOR, css)\n        matched = False\n        for opt in opts:\n            self._set_selected(opt)\n            if not self.is_multiple:\n                return\n            matched = True\n        if not matched:\n>           raise NoSuchElementException(f\"Cannot locate option with value: {value}\")\nE           selenium.common.exceptions.NoSuchElementException: Message: Cannot locate option with value: 100090604247; For documentation on this error, please visit: https://www.selenium.dev/documentation/webdriver/troubleshooting/errors#no-such-element-exception\n\n../../../.cache/pypoetry/virtualenvs/uk-bin-collection-EwS6Gn8s-py3.11/lib/python3.11/site-packages/selenium/webdriver/support/select.py:84: NoSuchElementException","flaky":true,"newFailed":true,"newBroken":false,"newPassed":false,"retriesCount":0,"retriesStatusChange":false,"beforeStages":[],"testStage":{"status":"failed","statusMessage":"selenium.common.exceptions.NoSuchElementException: Message: Cannot locate option with value: 100090604247; For documentation on this error, please visit: https://www.selenium.dev/documentation/webdriver/troubleshooting/errors#no-such-element-exception","statusTrace":"fixturefunc = <function scrape_step at 0x7fddd892eac0>\nrequest = <FixtureRequest for <Function test_scenario_outline[TendringDistrictCouncil]>>\nkwargs = {'context': <test_validate_council.Context object at 0x7fdde4356c50>, 'headless_mode': 'True', 'local_browser': 'False', 'selenium_url': 'http://localhost:4444'}\n\n    def call_fixture_func(\n        fixturefunc: \"_FixtureFunc[FixtureValue]\", request: FixtureRequest, kwargs\n    ) -> FixtureValue:\n        if is_generator(fixturefunc):\n            fixturefunc = cast(\n                Callable[..., Generator[FixtureValue, None, None]], fixturefunc\n            )\n            generator = fixturefunc(**kwargs)\n            try:\n                fixture_result = next(generator)\n            except StopIteration:\n                raise ValueError(f\"{request.fixturename} did not yield a value\") from None\n            finalizer = functools.partial(_teardown_yield_fixture, fixturefunc, generator)\n            request.addfinalizer(finalizer)\n        else:\n            fixturefunc = cast(Callable[..., FixtureValue], fixturefunc)\n>           fixture_result = fixturefunc(**kwargs)\n\n../../../.cache/pypoetry/virtualenvs/uk-bin-collection-EwS6Gn8s-py3.11/lib/python3.11/site-packages/_pytest/fixtures.py:887: \n_ _ _ _ _ _ _ _ _ _ _ _ _ _ _ _ _ _ _ _ _ _ _ _ _ _ _ _ _ _ _ _ _ _ _ _ _ _ _ _ \nuk_bin_collection/tests/step_defs/test_validate_council.py:100: in scrape_step\n    context.parse_result = CollectData.run()\nuk_bin_collection/uk_bin_collection/collect_data.py:101: in run\n    return self.client_code(\nuk_bin_collection/uk_bin_collection/collect_data.py:121: in client_code\n    return get_bin_data_class.template_method(address_url, **kwargs)\nuk_bin_collection/uk_bin_collection/get_bin_data.py:61: in template_method\n    bin_data_dict = self.get_and_parse_data(this_url, **kwargs)\nuk_bin_collection/uk_bin_collection/get_bin_data.py:84: in get_and_parse_data\n    bin_data_dict = self.parse_data(\"\", url=address_url, **kwargs)\nuk_bin_collection/uk_bin_collection/councils/TendringDistrictCouncil.py:73: in parse_data\n    dropdownSelect.select_by_value(str(user_uprn))\n_ _ _ _ _ _ _ _ _ _ _ _ _ _ _ _ _ _ _ _ _ _ _ _ _ _ _ _ _ _ _ _ _ _ _ _ _ _ _ _ \n\nself = <selenium.webdriver.support.select.Select object at 0x7fddd7fad9d0>\nvalue = '100090604247'\n\n    def select_by_value(self, value: str) -> None:\n        \"\"\"Select all options that have a value matching the argument. That is,\n        when given \"foo\" this would select an option like:\n    \n        <option value=\"foo\">Bar</option>\n    \n        :Args:\n         - value - The value to match against\n    \n        throws NoSuchElementException If there is no option with specified value in SELECT\n        \"\"\"\n        css = f\"option[value ={self._escape_string(value)}]\"\n        opts = self._el.find_elements(By.CSS_SELECTOR, css)\n        matched = False\n        for opt in opts:\n            self._set_selected(opt)\n            if not self.is_multiple:\n                return\n            matched = True\n        if not matched:\n>           raise NoSuchElementException(f\"Cannot locate option with value: {value}\")\nE           selenium.common.exceptions.NoSuchElementException: Message: Cannot locate option with value: 100090604247; For documentation on this error, please visit: https://www.selenium.dev/documentation/webdriver/troubleshooting/errors#no-such-element-exception\n\n../../../.cache/pypoetry/virtualenvs/uk-bin-collection-EwS6Gn8s-py3.11/lib/python3.11/site-packages/selenium/webdriver/support/select.py:84: NoSuchElementException","steps":[{"name":"Given the council","time":{"start":1720831748314,"stop":1720831748314,"duration":0},"status":"passed","steps":[],"attachments":[],"parameters":[],"shouldDisplayMessage":false,"stepsCount":0,"attachmentsCount":0,"hasContent":false,"attachmentStep":false},{"name":"When we scrape the data from the council","time":{"start":1720831748314,"stop":1720831768241,"duration":19927},"status":"failed","statusMessage":"Message: Cannot locate option with value: 100090604247; For documentation on this error, please visit: https://www.selenium.dev/documentation/webdriver/troubleshooting/errors#no-such-element-exception\n","statusTrace":"selenium.common.exceptions.NoSuchElementException: Message: Cannot locate option with value: 100090604247; For documentation on this error, please visit: https://www.selenium.dev/documentation/webdriver/troubleshooting/errors#no-such-element-exception\n\n","steps":[],"attachments":[],"parameters":[],"shouldDisplayMessage":true,"stepsCount":0,"attachmentsCount":0,"hasContent":true,"attachmentStep":false}],"attachments":[{"uid":"40a472715fd1c1bf","name":"stdout","source":"40a472715fd1c1bf.txt","type":"text/plain","size":271}],"parameters":[],"shouldDisplayMessage":true,"stepsCount":2,"attachmentsCount":1,"hasContent":true,"attachmentStep":false},"afterStages":[],"labels":[{"name":"host","value":"fv-az573-34"},{"name":"thread","value":"2667-MainThread"},{"name":"framework","value":"pytest-bdd"},{"name":"language","value":"cpython3"},{"name":"feature","value":"Test each council output matches expected results"},{"name":"resultFormat","value":"allure2"}],"parameters":[{"name":"council","value":"TendringDistrictCouncil"}],"links":[],"hidden":false,"retry":false,"extra":{"severity":"normal","retries":[],"categories":[{"name":"Product defects","matchedStatuses":[],"flaky":false}],"history":{"statistic":{"failed":5,"broken":0,"skipped":0,"passed":42,"unknown":0,"total":47},"items":[{"uid":"5eb6efd4bc52f611","reportUrl":"https://robbrad.github.io/UKBinCollectionData/3.11/1979//#testresult/5eb6efd4bc52f611","status":"passed","time":{"start":1720745396928,"stop":1720745433458,"duration":36530}},{"uid":"f0819ed8b51af77","reportUrl":"https://robbrad.github.io/UKBinCollectionData/3.11/1978//#testresult/f0819ed8b51af77","status":"passed","time":{"start":1720659100502,"stop":1720659121538,"duration":21036}},{"uid":"cc0da5d721e58dfa","reportUrl":"https://robbrad.github.io/UKBinCollectionData/3.11/1977//#testresult/cc0da5d721e58dfa","status":"passed","time":{"start":1720572654658,"stop":1720572690221,"duration":35563}},{"uid":"bc11cec48566cdde","reportUrl":"https://robbrad.github.io/UKBinCollectionData/3.11/1976//#testresult/bc11cec48566cdde","status":"failed","statusDetails":"selenium.common.exceptions.NoSuchElementException: Message: Cannot locate option with value: 100090604247; For documentation on this error, please visit: https://www.selenium.dev/documentation/webdriver/troubleshooting/errors#no-such-element-exception","time":{"start":1720485884667,"stop":1720485902998,"duration":18331}},{"uid":"684eb676b3aabde7","reportUrl":"https://robbrad.github.io/UKBinCollectionData/3.11/1975//#testresult/684eb676b3aabde7","status":"passed","time":{"start":1720399493264,"stop":1720399634839,"duration":141575}},{"uid":"d457e6c9a84915f8","reportUrl":"https://robbrad.github.io/UKBinCollectionData/3.11/1971//#testresult/d457e6c9a84915f8","status":"passed","time":{"start":1720313145125,"stop":1720313295993,"duration":150868}},{"uid":"8eee40e05918ce98","reportUrl":"https://robbrad.github.io/UKBinCollectionData/3.11/1970//#testresult/8eee40e05918ce98","status":"passed","time":{"start":1720226737812,"stop":1720226760586,"duration":22774}},{"uid":"c95fe80accaa0250","reportUrl":"https://robbrad.github.io/UKBinCollectionData/3.11/1969//#testresult/c95fe80accaa0250","status":"passed","time":{"start":1720139981194,"stop":1720140133850,"duration":152656}},{"uid":"174aff9a11580df3","reportUrl":"https://robbrad.github.io/UKBinCollectionData/3.11/1968//#testresult/174aff9a11580df3","status":"passed","time":{"start":1720053778342,"stop":1720053812601,"duration":34259}},{"uid":"17e0fcb6cd7521a7","reportUrl":"https://robbrad.github.io/UKBinCollectionData/3.11/1967//#testresult/17e0fcb6cd7521a7","status":"failed","statusDetails":"selenium.common.exceptions.NoSuchElementException: Message: Cannot locate option with value: 100090604247; For documentation on this error, please visit: https://www.selenium.dev/documentation/webdriver/troubleshooting/errors#no-such-element-exception","time":{"start":1719967221645,"stop":1719967363625,"duration":141980}},{"uid":"3c3c8f8e7312381d","reportUrl":"https://robbrad.github.io/UKBinCollectionData/3.11/1966//#testresult/3c3c8f8e7312381d","status":"passed","time":{"start":1719880847772,"stop":1719880995561,"duration":147789}},{"uid":"28c9dd70cc124351","reportUrl":"https://robbrad.github.io/UKBinCollectionData/3.11/1965//#testresult/28c9dd70cc124351","status":"passed","time":{"start":1719794870517,"stop":1719795030835,"duration":160318}},{"uid":"e13940a4b75e1825","reportUrl":"https://robbrad.github.io/UKBinCollectionData/3.11/1964//#testresult/e13940a4b75e1825","status":"passed","time":{"start":1719708399361,"stop":1719708533267,"duration":133906}},{"uid":"4b0215c2abe60e4e","reportUrl":"https://robbrad.github.io/UKBinCollectionData/3.11/1962//#testresult/4b0215c2abe60e4e","status":"passed","time":{"start":1719621631104,"stop":1719621779452,"duration":148348}},{"uid":"a1028d6ec64ce5da","reportUrl":"https://robbrad.github.io/UKBinCollectionData/3.11/1958//#testresult/a1028d6ec64ce5da","status":"passed","time":{"start":1719535198527,"stop":1719535345532,"duration":147005}},{"uid":"2531c7dd84043232","reportUrl":"https://robbrad.github.io/UKBinCollectionData/3.11/1954//#testresult/2531c7dd84043232","status":"passed","time":{"start":1719362726216,"stop":1719362742631,"duration":16415}},{"uid":"47c2ff764c91fef6","reportUrl":"https://robbrad.github.io/UKBinCollectionData/3.11/1953//#testresult/47c2ff764c91fef6","status":"failed","statusDetails":"selenium.common.exceptions.TimeoutException: Message: \nStacktrace:\n#0 0x55a4aa79f69a <unknown>\n#1 0x55a4aa4820dc <unknown>\n#2 0x55a4aa4ce931 <unknown>\n#3 0x55a4aa4cea21 <unknown>\n#4 0x55a4aa513234 <unknown>\n#5 0x55a4aa4f189d <unknown>\n#6 0x55a4aa5105c3 <unknown>\n#7 0x55a4aa4f1613 <unknown>\n#8 0x55a4aa4c14f7 <unknown>\n#9 0x55a4aa4c1e4e <unknown>\n#10 0x55a4aa76586b <unknown>\n#11 0x55a4aa769911 <unknown>\n#12 0x55a4aa75135e <unknown>\n#13 0x55a4aa76a472 <unknown>\n#14 0x55a4aa735cbf <unknown>\n#15 0x55a4aa78f098 <unknown>\n#16 0x55a4aa78f270 <unknown>\n#17 0x55a4aa79e7cc <unknown>\n#18 0x7feacbbc0ac3 <unknown>","time":{"start":1719276255926,"stop":1719276279452,"duration":23526}},{"uid":"33b6c0f5b5685316","reportUrl":"https://robbrad.github.io/UKBinCollectionData/3.11/1952//#testresult/33b6c0f5b5685316","status":"passed","time":{"start":1719189852031,"stop":1719189999383,"duration":147352}},{"uid":"ca60fd3656430b43","reportUrl":"https://robbrad.github.io/UKBinCollectionData/3.11/1951//#testresult/ca60fd3656430b43","status":"passed","time":{"start":1719103410753,"stop":1719103560796,"duration":150043}},{"uid":"7a12e44d4c51840","reportUrl":"https://robbrad.github.io/UKBinCollectionData/3.11/1950//#testresult/7a12e44d4c51840","status":"passed","time":{"start":1719016991493,"stop":1719017144962,"duration":153469}}]},"tags":[]},"source":"af835eab8352210d.json","parameterValues":["TendringDistrictCouncil"]}