{"uid":"66f7e41d38c217ca","name":"Validate Council Output [ThreeRiversDistrictCouncil]","fullName":"features/validate_council_outputs.feature:Validate Council Output","historyId":"e3654e30da7afdc28f7fe7f42f4ffd96","time":{"start":1727933416752,"stop":1727933607074,"duration":190322},"status":"failed","statusMessage":"selenium.common.exceptions.StaleElementReferenceException: Message: stale element reference: stale element not found in the current frame\n  (Session info: chrome=129.0.6668.58); For documentation on this error, please visit: https://www.selenium.dev/documentation/webdriver/troubleshooting/errors#stale-element-reference-exception\nStacktrace:\n#0 0x5620c298913a <unknown>\n#1 0x5620c266f5e0 <unknown>\n#2 0x5620c2675443 <unknown>\n#3 0x5620c2677105 <unknown>\n#4 0x5620c267718c <unknown>\n#5 0x5620c26b9561 <unknown>\n#6 0x5620c26e3b22 <unknown>\n#7 0x5620c26b3478 <unknown>\n#8 0x5620c26e3cee <unknown>\n#9 0x5620c2702d7d <unknown>\n#10 0x5620c26e38c3 <unknown>\n#11 0x5620c26b16b3 <unknown>\n#12 0x5620c26b268e <unknown>\n#13 0x5620c2953b3b <unknown>\n#14 0x5620c2957ac1 <unknown>\n#15 0x5620c2940335 <unknown>\n#16 0x5620c2958642 <unknown>\n#17 0x5620c292549f <unknown>\n#18 0x5620c2978038 <unknown>\n#19 0x5620c2978203 <unknown>\n#20 0x5620c2987f8c <unknown>\n#21 0x7f381dd9aa94 <unknown>\n#22 0x7f381de27a34 __clone","statusTrace":"fixturefunc = <function scrape_step at 0x7fba508a68e0>\nrequest = <FixtureRequest for <Function test_scenario_outline[ThreeRiversDistrictCouncil]>>\nkwargs = {'context': <test_validate_council.Context object at 0x7fba5176e930>, 'headless_mode': 'True', 'local_browser': 'False', 'selenium_url': 'http://localhost:4444'}\n\n    def call_fixture_func(\n        fixturefunc: _FixtureFunc[FixtureValue], request: FixtureRequest, kwargs\n    ) -> FixtureValue:\n        if is_generator(fixturefunc):\n            fixturefunc = cast(\n                Callable[..., Generator[FixtureValue, None, None]], fixturefunc\n            )\n            generator = fixturefunc(**kwargs)\n            try:\n                fixture_result = next(generator)\n            except StopIteration:\n                raise ValueError(f\"{request.fixturename} did not yield a value\") from None\n            finalizer = functools.partial(_teardown_yield_fixture, fixturefunc, generator)\n            request.addfinalizer(finalizer)\n        else:\n            fixturefunc = cast(Callable[..., FixtureValue], fixturefunc)\n>           fixture_result = fixturefunc(**kwargs)\n\n../../../.cache/pypoetry/virtualenvs/uk-bin-collection-EwS6Gn8s-py3.12/lib/python3.12/site-packages/_pytest/fixtures.py:898: \n_ _ _ _ _ _ _ _ _ _ _ _ _ _ _ _ _ _ _ _ _ _ _ _ _ _ _ _ _ _ _ _ _ _ _ _ _ _ _ _ \nuk_bin_collection/tests/step_defs/test_validate_council.py:100: in scrape_step\n    context.parse_result = CollectData.run()\nuk_bin_collection/uk_bin_collection/collect_data.py:101: in run\n    return self.client_code(\nuk_bin_collection/uk_bin_collection/collect_data.py:121: in client_code\n    return get_bin_data_class.template_method(address_url, **kwargs)\nuk_bin_collection/uk_bin_collection/get_bin_data.py:61: in template_method\n    bin_data_dict = self.get_and_parse_data(this_url, **kwargs)\nuk_bin_collection/uk_bin_collection/get_bin_data.py:84: in get_and_parse_data\n    bin_data_dict = self.parse_data(\"\", url=address_url, **kwargs)\nuk_bin_collection/uk_bin_collection/councils/ThreeRiversDistrictCouncil.py:75: in parse_data\n    drop_down_values.select_by_value(str(user_uprn))\n../../../.cache/pypoetry/virtualenvs/uk-bin-collection-EwS6Gn8s-py3.12/lib/python3.12/site-packages/selenium/webdriver/support/select.py:79: in select_by_value\n    self._set_selected(opt)\n../../../.cache/pypoetry/virtualenvs/uk-bin-collection-EwS6Gn8s-py3.12/lib/python3.12/site-packages/selenium/webdriver/support/select.py:212: in _set_selected\n    if not option.is_enabled():\n../../../.cache/pypoetry/virtualenvs/uk-bin-collection-EwS6Gn8s-py3.12/lib/python3.12/site-packages/selenium/webdriver/remote/webelement.py:192: in is_enabled\n    return self._execute(Command.IS_ELEMENT_ENABLED)[\"value\"]\n../../../.cache/pypoetry/virtualenvs/uk-bin-collection-EwS6Gn8s-py3.12/lib/python3.12/site-packages/selenium/webdriver/remote/webelement.py:395: in _execute\n    return self._parent.execute(command, params)\n../../../.cache/pypoetry/virtualenvs/uk-bin-collection-EwS6Gn8s-py3.12/lib/python3.12/site-packages/selenium/webdriver/remote/webdriver.py:354: in execute\n    self.error_handler.check_response(response)\n_ _ _ _ _ _ _ _ _ _ _ _ _ _ _ _ _ _ _ _ _ _ _ _ _ _ _ _ _ _ _ _ _ _ _ _ _ _ _ _ \n\nself = <selenium.webdriver.remote.errorhandler.ErrorHandler object at 0x7fba4fb9a510>\nresponse = {'status': 404, 'value': '{\"value\":{\"error\":\"stale element reference\",\"message\":\"stale element reference: stale elemen...unknown>\\\\n#20 0x5620c2987f8c \\\\u003Cunknown>\\\\n#21 0x7f381dd9aa94 \\\\u003Cunknown>\\\\n#22 0x7f381de27a34 __clone\\\\n\"}}'}\n\n    def check_response(self, response: Dict[str, Any]) -> None:\n        \"\"\"Checks that a JSON response from the WebDriver does not have an\n        error.\n    \n        :Args:\n         - response - The JSON response from the WebDriver server as a dictionary\n           object.\n    \n        :Raises: If the response contains an error message.\n        \"\"\"\n        status = response.get(\"status\", None)\n        if not status or status == ErrorCode.SUCCESS:\n            return\n        value = None\n        message = response.get(\"message\", \"\")\n        screen: str = response.get(\"screen\", \"\")\n        stacktrace = None\n        if isinstance(status, int):\n            value_json = response.get(\"value\", None)\n            if value_json and isinstance(value_json, str):\n                import json\n    \n                try:\n                    value = json.loads(value_json)\n                    if len(value) == 1:\n                        value = value[\"value\"]\n                    status = value.get(\"error\", None)\n                    if not status:\n                        status = value.get(\"status\", ErrorCode.UNKNOWN_ERROR)\n                        message = value.get(\"value\") or value.get(\"message\")\n                        if not isinstance(message, str):\n                            value = message\n                            message = message.get(\"message\")\n                    else:\n                        message = value.get(\"message\", None)\n                except ValueError:\n                    pass\n    \n        exception_class: Type[WebDriverException]\n        e = ErrorCode()\n        error_codes = [item for item in dir(e) if not item.startswith(\"__\")]\n        for error_code in error_codes:\n            error_info = getattr(ErrorCode, error_code)\n            if isinstance(error_info, list) and status in error_info:\n                exception_class = getattr(ExceptionMapping, error_code, WebDriverException)\n                break\n        else:\n            exception_class = WebDriverException\n    \n        if not value:\n            value = response[\"value\"]\n        if isinstance(value, str):\n            raise exception_class(value)\n        if message == \"\" and \"message\" in value:\n            message = value[\"message\"]\n    \n        screen = None  # type: ignore[assignment]\n        if \"screen\" in value:\n            screen = value[\"screen\"]\n    \n        stacktrace = None\n        st_value = value.get(\"stackTrace\") or value.get(\"stacktrace\")\n        if st_value:\n            if isinstance(st_value, str):\n                stacktrace = st_value.split(\"\\n\")\n            else:\n                stacktrace = []\n                try:\n                    for frame in st_value:\n                        line = frame.get(\"lineNumber\", \"\")\n                        file = frame.get(\"fileName\", \"<anonymous>\")\n                        if line:\n                            file = f\"{file}:{line}\"\n                        meth = frame.get(\"methodName\", \"<anonymous>\")\n                        if \"className\" in frame:\n                            meth = f\"{frame['className']}.{meth}\"\n                        msg = \"    at %s (%s)\"\n                        msg = msg % (meth, file)\n                        stacktrace.append(msg)\n                except TypeError:\n                    pass\n        if exception_class == UnexpectedAlertPresentException:\n            alert_text = None\n            if \"data\" in value:\n                alert_text = value[\"data\"].get(\"text\")\n            elif \"alert\" in value:\n                alert_text = value[\"alert\"].get(\"text\")\n            raise exception_class(message, screen, stacktrace, alert_text)  # type: ignore[call-arg]  # mypy is not smart enough here\n>       raise exception_class(message, screen, stacktrace)\nE       selenium.common.exceptions.StaleElementReferenceException: Message: stale element reference: stale element not found in the current frame\nE         (Session info: chrome=129.0.6668.58); For documentation on this error, please visit: https://www.selenium.dev/documentation/webdriver/troubleshooting/errors#stale-element-reference-exception\nE       Stacktrace:\nE       #0 0x5620c298913a <unknown>\nE       #1 0x5620c266f5e0 <unknown>\nE       #2 0x5620c2675443 <unknown>\nE       #3 0x5620c2677105 <unknown>\nE       #4 0x5620c267718c <unknown>\nE       #5 0x5620c26b9561 <unknown>\nE       #6 0x5620c26e3b22 <unknown>\nE       #7 0x5620c26b3478 <unknown>\nE       #8 0x5620c26e3cee <unknown>\nE       #9 0x5620c2702d7d <unknown>\nE       #10 0x5620c26e38c3 <unknown>\nE       #11 0x5620c26b16b3 <unknown>\nE       #12 0x5620c26b268e <unknown>\nE       #13 0x5620c2953b3b <unknown>\nE       #14 0x5620c2957ac1 <unknown>\nE       #15 0x5620c2940335 <unknown>\nE       #16 0x5620c2958642 <unknown>\nE       #17 0x5620c292549f <unknown>\nE       #18 0x5620c2978038 <unknown>\nE       #19 0x5620c2978203 <unknown>\nE       #20 0x5620c2987f8c <unknown>\nE       #21 0x7f381dd9aa94 <unknown>\nE       #22 0x7f381de27a34 __clone\n\n../../../.cache/pypoetry/virtualenvs/uk-bin-collection-EwS6Gn8s-py3.12/lib/python3.12/site-packages/selenium/webdriver/remote/errorhandler.py:229: StaleElementReferenceException","flaky":true,"newFailed":true,"newBroken":false,"newPassed":false,"retriesCount":0,"retriesStatusChange":false,"beforeStages":[],"testStage":{"status":"failed","statusMessage":"selenium.common.exceptions.StaleElementReferenceException: Message: stale element reference: stale element not found in the current frame\n  (Session info: chrome=129.0.6668.58); For documentation on this error, please visit: https://www.selenium.dev/documentation/webdriver/troubleshooting/errors#stale-element-reference-exception\nStacktrace:\n#0 0x5620c298913a <unknown>\n#1 0x5620c266f5e0 <unknown>\n#2 0x5620c2675443 <unknown>\n#3 0x5620c2677105 <unknown>\n#4 0x5620c267718c <unknown>\n#5 0x5620c26b9561 <unknown>\n#6 0x5620c26e3b22 <unknown>\n#7 0x5620c26b3478 <unknown>\n#8 0x5620c26e3cee <unknown>\n#9 0x5620c2702d7d <unknown>\n#10 0x5620c26e38c3 <unknown>\n#11 0x5620c26b16b3 <unknown>\n#12 0x5620c26b268e <unknown>\n#13 0x5620c2953b3b <unknown>\n#14 0x5620c2957ac1 <unknown>\n#15 0x5620c2940335 <unknown>\n#16 0x5620c2958642 <unknown>\n#17 0x5620c292549f <unknown>\n#18 0x5620c2978038 <unknown>\n#19 0x5620c2978203 <unknown>\n#20 0x5620c2987f8c <unknown>\n#21 0x7f381dd9aa94 <unknown>\n#22 0x7f381de27a34 __clone","statusTrace":"fixturefunc = <function scrape_step at 0x7fba508a68e0>\nrequest = <FixtureRequest for <Function test_scenario_outline[ThreeRiversDistrictCouncil]>>\nkwargs = {'context': <test_validate_council.Context object at 0x7fba5176e930>, 'headless_mode': 'True', 'local_browser': 'False', 'selenium_url': 'http://localhost:4444'}\n\n    def call_fixture_func(\n        fixturefunc: _FixtureFunc[FixtureValue], request: FixtureRequest, kwargs\n    ) -> FixtureValue:\n        if is_generator(fixturefunc):\n            fixturefunc = cast(\n                Callable[..., Generator[FixtureValue, None, None]], fixturefunc\n            )\n            generator = fixturefunc(**kwargs)\n            try:\n                fixture_result = next(generator)\n            except StopIteration:\n                raise ValueError(f\"{request.fixturename} did not yield a value\") from None\n            finalizer = functools.partial(_teardown_yield_fixture, fixturefunc, generator)\n            request.addfinalizer(finalizer)\n        else:\n            fixturefunc = cast(Callable[..., FixtureValue], fixturefunc)\n>           fixture_result = fixturefunc(**kwargs)\n\n../../../.cache/pypoetry/virtualenvs/uk-bin-collection-EwS6Gn8s-py3.12/lib/python3.12/site-packages/_pytest/fixtures.py:898: \n_ _ _ _ _ _ _ _ _ _ _ _ _ _ _ _ _ _ _ _ _ _ _ _ _ _ _ _ _ _ _ _ _ _ _ _ _ _ _ _ \nuk_bin_collection/tests/step_defs/test_validate_council.py:100: in scrape_step\n    context.parse_result = CollectData.run()\nuk_bin_collection/uk_bin_collection/collect_data.py:101: in run\n    return self.client_code(\nuk_bin_collection/uk_bin_collection/collect_data.py:121: in client_code\n    return get_bin_data_class.template_method(address_url, **kwargs)\nuk_bin_collection/uk_bin_collection/get_bin_data.py:61: in template_method\n    bin_data_dict = self.get_and_parse_data(this_url, **kwargs)\nuk_bin_collection/uk_bin_collection/get_bin_data.py:84: in get_and_parse_data\n    bin_data_dict = self.parse_data(\"\", url=address_url, **kwargs)\nuk_bin_collection/uk_bin_collection/councils/ThreeRiversDistrictCouncil.py:75: in parse_data\n    drop_down_values.select_by_value(str(user_uprn))\n../../../.cache/pypoetry/virtualenvs/uk-bin-collection-EwS6Gn8s-py3.12/lib/python3.12/site-packages/selenium/webdriver/support/select.py:79: in select_by_value\n    self._set_selected(opt)\n../../../.cache/pypoetry/virtualenvs/uk-bin-collection-EwS6Gn8s-py3.12/lib/python3.12/site-packages/selenium/webdriver/support/select.py:212: in _set_selected\n    if not option.is_enabled():\n../../../.cache/pypoetry/virtualenvs/uk-bin-collection-EwS6Gn8s-py3.12/lib/python3.12/site-packages/selenium/webdriver/remote/webelement.py:192: in is_enabled\n    return self._execute(Command.IS_ELEMENT_ENABLED)[\"value\"]\n../../../.cache/pypoetry/virtualenvs/uk-bin-collection-EwS6Gn8s-py3.12/lib/python3.12/site-packages/selenium/webdriver/remote/webelement.py:395: in _execute\n    return self._parent.execute(command, params)\n../../../.cache/pypoetry/virtualenvs/uk-bin-collection-EwS6Gn8s-py3.12/lib/python3.12/site-packages/selenium/webdriver/remote/webdriver.py:354: in execute\n    self.error_handler.check_response(response)\n_ _ _ _ _ _ _ _ _ _ _ _ _ _ _ _ _ _ _ _ _ _ _ _ _ _ _ _ _ _ _ _ _ _ _ _ _ _ _ _ \n\nself = <selenium.webdriver.remote.errorhandler.ErrorHandler object at 0x7fba4fb9a510>\nresponse = {'status': 404, 'value': '{\"value\":{\"error\":\"stale element reference\",\"message\":\"stale element reference: stale elemen...unknown>\\\\n#20 0x5620c2987f8c \\\\u003Cunknown>\\\\n#21 0x7f381dd9aa94 \\\\u003Cunknown>\\\\n#22 0x7f381de27a34 __clone\\\\n\"}}'}\n\n    def check_response(self, response: Dict[str, Any]) -> None:\n        \"\"\"Checks that a JSON response from the WebDriver does not have an\n        error.\n    \n        :Args:\n         - response - The JSON response from the WebDriver server as a dictionary\n           object.\n    \n        :Raises: If the response contains an error message.\n        \"\"\"\n        status = response.get(\"status\", None)\n        if not status or status == ErrorCode.SUCCESS:\n            return\n        value = None\n        message = response.get(\"message\", \"\")\n        screen: str = response.get(\"screen\", \"\")\n        stacktrace = None\n        if isinstance(status, int):\n            value_json = response.get(\"value\", None)\n            if value_json and isinstance(value_json, str):\n                import json\n    \n                try:\n                    value = json.loads(value_json)\n                    if len(value) == 1:\n                        value = value[\"value\"]\n                    status = value.get(\"error\", None)\n                    if not status:\n                        status = value.get(\"status\", ErrorCode.UNKNOWN_ERROR)\n                        message = value.get(\"value\") or value.get(\"message\")\n                        if not isinstance(message, str):\n                            value = message\n                            message = message.get(\"message\")\n                    else:\n                        message = value.get(\"message\", None)\n                except ValueError:\n                    pass\n    \n        exception_class: Type[WebDriverException]\n        e = ErrorCode()\n        error_codes = [item for item in dir(e) if not item.startswith(\"__\")]\n        for error_code in error_codes:\n            error_info = getattr(ErrorCode, error_code)\n            if isinstance(error_info, list) and status in error_info:\n                exception_class = getattr(ExceptionMapping, error_code, WebDriverException)\n                break\n        else:\n            exception_class = WebDriverException\n    \n        if not value:\n            value = response[\"value\"]\n        if isinstance(value, str):\n            raise exception_class(value)\n        if message == \"\" and \"message\" in value:\n            message = value[\"message\"]\n    \n        screen = None  # type: ignore[assignment]\n        if \"screen\" in value:\n            screen = value[\"screen\"]\n    \n        stacktrace = None\n        st_value = value.get(\"stackTrace\") or value.get(\"stacktrace\")\n        if st_value:\n            if isinstance(st_value, str):\n                stacktrace = st_value.split(\"\\n\")\n            else:\n                stacktrace = []\n                try:\n                    for frame in st_value:\n                        line = frame.get(\"lineNumber\", \"\")\n                        file = frame.get(\"fileName\", \"<anonymous>\")\n                        if line:\n                            file = f\"{file}:{line}\"\n                        meth = frame.get(\"methodName\", \"<anonymous>\")\n                        if \"className\" in frame:\n                            meth = f\"{frame['className']}.{meth}\"\n                        msg = \"    at %s (%s)\"\n                        msg = msg % (meth, file)\n                        stacktrace.append(msg)\n                except TypeError:\n                    pass\n        if exception_class == UnexpectedAlertPresentException:\n            alert_text = None\n            if \"data\" in value:\n                alert_text = value[\"data\"].get(\"text\")\n            elif \"alert\" in value:\n                alert_text = value[\"alert\"].get(\"text\")\n            raise exception_class(message, screen, stacktrace, alert_text)  # type: ignore[call-arg]  # mypy is not smart enough here\n>       raise exception_class(message, screen, stacktrace)\nE       selenium.common.exceptions.StaleElementReferenceException: Message: stale element reference: stale element not found in the current frame\nE         (Session info: chrome=129.0.6668.58); For documentation on this error, please visit: https://www.selenium.dev/documentation/webdriver/troubleshooting/errors#stale-element-reference-exception\nE       Stacktrace:\nE       #0 0x5620c298913a <unknown>\nE       #1 0x5620c266f5e0 <unknown>\nE       #2 0x5620c2675443 <unknown>\nE       #3 0x5620c2677105 <unknown>\nE       #4 0x5620c267718c <unknown>\nE       #5 0x5620c26b9561 <unknown>\nE       #6 0x5620c26e3b22 <unknown>\nE       #7 0x5620c26b3478 <unknown>\nE       #8 0x5620c26e3cee <unknown>\nE       #9 0x5620c2702d7d <unknown>\nE       #10 0x5620c26e38c3 <unknown>\nE       #11 0x5620c26b16b3 <unknown>\nE       #12 0x5620c26b268e <unknown>\nE       #13 0x5620c2953b3b <unknown>\nE       #14 0x5620c2957ac1 <unknown>\nE       #15 0x5620c2940335 <unknown>\nE       #16 0x5620c2958642 <unknown>\nE       #17 0x5620c292549f <unknown>\nE       #18 0x5620c2978038 <unknown>\nE       #19 0x5620c2978203 <unknown>\nE       #20 0x5620c2987f8c <unknown>\nE       #21 0x7f381dd9aa94 <unknown>\nE       #22 0x7f381de27a34 __clone\n\n../../../.cache/pypoetry/virtualenvs/uk-bin-collection-EwS6Gn8s-py3.12/lib/python3.12/site-packages/selenium/webdriver/remote/errorhandler.py:229: StaleElementReferenceException","steps":[{"name":"Given the council","time":{"start":1727933416752,"stop":1727933416752,"duration":0},"status":"passed","steps":[],"attachments":[],"parameters":[],"shouldDisplayMessage":false,"stepsCount":0,"attachmentsCount":0,"hasContent":false,"attachmentStep":false},{"name":"When we scrape the data from the council","time":{"start":1727933416753,"stop":1727933607074,"duration":190321},"status":"failed","statusMessage":"Message: stale element reference: stale element not found in the current frame\n  (Session info: chrome=129.0.6668.58); For documentation on this error, please visit: https://www.selenium.dev/documentation/webdriver/troubleshooting/errors#stale-element-reference-exception\nStacktrace:\n#0 0x5620c298913a <unknown>\n#1 0x5620c266f5e0 <unknown>\n#2 0x5620c2675443 <unknown>\n#3 0x5620c2677105 <unknown>\n#4 0x5620c267718c <unknown>\n#5 0x5620c26b9561 <unknown>\n#6 0x5620c26e3b22 <unknown>\n#7 0x5620c26b3478 <unknown>\n#8 0x5620c26e3cee <unknown>\n#9 0x5620c2702d7d <unknown>\n#10 0x5620c26e38c3 <unknown>\n#11 0x5620c26b16b3 <unknown>\n#12 0x5620c26b268e <unknown>\n#13 0x5620c2953b3b <unknown>\n#14 0x5620c2957ac1 <unknown>\n#15 0x5620c2940335 <unknown>\n#16 0x5620c2958642 <unknown>\n#17 0x5620c292549f <unknown>\n#18 0x5620c2978038 <unknown>\n#19 0x5620c2978203 <unknown>\n#20 0x5620c2987f8c <unknown>\n#21 0x7f381dd9aa94 <unknown>\n#22 0x7f381de27a34 __clone\n","statusTrace":"selenium.common.exceptions.StaleElementReferenceException: Message: stale element reference: stale element not found in the current frame\n  (Session info: chrome=129.0.6668.58); For documentation on this error, please visit: https://www.selenium.dev/documentation/webdriver/troubleshooting/errors#stale-element-reference-exception\nStacktrace:\n#0 0x5620c298913a <unknown>\n#1 0x5620c266f5e0 <unknown>\n#2 0x5620c2675443 <unknown>\n#3 0x5620c2677105 <unknown>\n#4 0x5620c267718c <unknown>\n#5 0x5620c26b9561 <unknown>\n#6 0x5620c26e3b22 <unknown>\n#7 0x5620c26b3478 <unknown>\n#8 0x5620c26e3cee <unknown>\n#9 0x5620c2702d7d <unknown>\n#10 0x5620c26e38c3 <unknown>\n#11 0x5620c26b16b3 <unknown>\n#12 0x5620c26b268e <unknown>\n#13 0x5620c2953b3b <unknown>\n#14 0x5620c2957ac1 <unknown>\n#15 0x5620c2940335 <unknown>\n#16 0x5620c2958642 <unknown>\n#17 0x5620c292549f <unknown>\n#18 0x5620c2978038 <unknown>\n#19 0x5620c2978203 <unknown>\n#20 0x5620c2987f8c <unknown>\n#21 0x7f381dd9aa94 <unknown>\n#22 0x7f381de27a34 __clone\n\n","steps":[],"attachments":[],"parameters":[],"shouldDisplayMessage":true,"stepsCount":0,"attachmentsCount":0,"hasContent":true,"attachmentStep":false}],"attachments":[{"uid":"5974d4996790c8c3","name":"log","source":"5974d4996790c8c3.txt","type":"text/plain","size":1005},{"uid":"f7abc977e7d7771f","name":"stdout","source":"f7abc977e7d7771f.txt","type":"text/plain","size":53}],"parameters":[],"shouldDisplayMessage":true,"stepsCount":2,"attachmentsCount":2,"hasContent":true,"attachmentStep":false},"afterStages":[],"labels":[{"name":"host","value":"fv-az732-326"},{"name":"thread","value":"2727-MainThread"},{"name":"framework","value":"pytest-bdd"},{"name":"language","value":"cpython3"},{"name":"feature","value":"Test each council output matches expected results"},{"name":"resultFormat","value":"allure2"}],"parameters":[{"name":"council","value":"ThreeRiversDistrictCouncil"}],"links":[],"hidden":false,"retry":false,"extra":{"severity":"normal","retries":[],"categories":[{"name":"Product defects","matchedStatuses":[],"flaky":false}],"history":{"statistic":{"failed":7,"broken":0,"skipped":0,"passed":130,"unknown":0,"total":137},"items":[{"uid":"e05bb028dba0ca46","reportUrl":"https://robbrad.github.io/UKBinCollectionData/3.12/2146//#testresult/e05bb028dba0ca46","status":"passed","time":{"start":1727915435475,"stop":1727915467593,"duration":32118}},{"uid":"67c3e451d1fbc441","reportUrl":"https://robbrad.github.io/UKBinCollectionData/3.12/2139//#testresult/67c3e451d1fbc441","status":"passed","time":{"start":1727828913415,"stop":1727828985371,"duration":71956}},{"uid":"db3bb7a0298afa94","reportUrl":"https://robbrad.github.io/UKBinCollectionData/3.12/2138//#testresult/db3bb7a0298afa94","status":"passed","time":{"start":1727742638573,"stop":1727742678837,"duration":40264}},{"uid":"f4a8f03b0f7942bb","reportUrl":"https://robbrad.github.io/UKBinCollectionData/3.12/2137//#testresult/f4a8f03b0f7942bb","status":"failed","statusDetails":"selenium.common.exceptions.StaleElementReferenceException: Message: stale element reference: stale element not found in the current frame\n  (Session info: chrome=129.0.6668.58); For documentation on this error, please visit: https://www.selenium.dev/documentation/webdriver/troubleshooting/errors#stale-element-reference-exception\nStacktrace:\n#0 0x55a01ee3413a <unknown>\n#1 0x55a01eb1a5e0 <unknown>\n#2 0x55a01eb20443 <unknown>\n#3 0x55a01eb22105 <unknown>\n#4 0x55a01eb2218c <unknown>\n#5 0x55a01eb64302 <unknown>\n#6 0x55a01eb8eb22 <unknown>\n#7 0x55a01eb5e478 <unknown>\n#8 0x55a01eb8ecee <unknown>\n#9 0x55a01ebadd7d <unknown>\n#10 0x55a01eb8e8c3 <unknown>\n#11 0x55a01eb5c6b3 <unknown>\n#12 0x55a01eb5d68e <unknown>\n#13 0x55a01edfeb3b <unknown>\n#14 0x55a01ee02ac1 <unknown>\n#15 0x55a01edeb335 <unknown>\n#16 0x55a01ee03642 <unknown>\n#17 0x55a01edd049f <unknown>\n#18 0x55a01ee23038 <unknown>\n#19 0x55a01ee23203 <unknown>\n#20 0x55a01ee32f8c <unknown>\n#21 0x7efc810c0a94 <unknown>\n#22 0x7efc8114da34 __clone","time":{"start":1727655947727,"stop":1727655989005,"duration":41278}},{"uid":"253e5df2e15146be","reportUrl":"https://robbrad.github.io/UKBinCollectionData/3.12/2136//#testresult/253e5df2e15146be","status":"passed","time":{"start":1727569373647,"stop":1727569571573,"duration":197926}},{"uid":"8171aa6bb1397353","reportUrl":"https://robbrad.github.io/UKBinCollectionData/3.12/2135//#testresult/8171aa6bb1397353","status":"passed","time":{"start":1727483515059,"stop":1727483560108,"duration":45049}},{"uid":"a4eea183fea39649","reportUrl":"https://robbrad.github.io/UKBinCollectionData/3.12/2131//#testresult/a4eea183fea39649","status":"passed","time":{"start":1727423367208,"stop":1727423383725,"duration":16517}},{"uid":"a901775a38a69bfe","reportUrl":"https://robbrad.github.io/UKBinCollectionData/3.12/2130//#testresult/a901775a38a69bfe","status":"passed","time":{"start":1727396812255,"stop":1727396858919,"duration":46664}},{"uid":"c07f48a31d6ea619","reportUrl":"https://robbrad.github.io/UKBinCollectionData/3.12/2129//#testresult/c07f48a31d6ea619","status":"passed","time":{"start":1727310298084,"stop":1727310346654,"duration":48570}},{"uid":"c1be4456b3452601","reportUrl":"https://robbrad.github.io/UKBinCollectionData/3.12/2128//#testresult/c1be4456b3452601","status":"passed","time":{"start":1727223985513,"stop":1727224301832,"duration":316319}},{"uid":"2d6b0de757695f9d","reportUrl":"https://robbrad.github.io/UKBinCollectionData/3.12/2127//#testresult/2d6b0de757695f9d","status":"passed","time":{"start":1727137632769,"stop":1727137671378,"duration":38609}},{"uid":"b11aeffd89c962c0","reportUrl":"https://robbrad.github.io/UKBinCollectionData/3.12/2126//#testresult/b11aeffd89c962c0","status":"passed","time":{"start":1727051309966,"stop":1727051325621,"duration":15655}},{"uid":"1d7f14ec768424cb","reportUrl":"https://robbrad.github.io/UKBinCollectionData/3.12/2125//#testresult/1d7f14ec768424cb","status":"passed","time":{"start":1726965130574,"stop":1726965162084,"duration":31510}},{"uid":"f99b44115218677c","reportUrl":"https://robbrad.github.io/UKBinCollectionData/3.12/2124//#testresult/f99b44115218677c","status":"passed","time":{"start":1726878515898,"stop":1726878548011,"duration":32113}},{"uid":"179bafb94f7f9898","reportUrl":"https://robbrad.github.io/UKBinCollectionData/3.12/2123//#testresult/179bafb94f7f9898","status":"failed","statusDetails":"selenium.common.exceptions.SessionNotCreatedException: Message: Could not start a new session. New session request timed out \nHost info: host: 'selenium', ip: '172.18.0.2'\nBuild info: version: '4.24.0', revision: '748ffc9bc3'\nSystem info: os.name: 'Linux', os.arch: 'amd64', os.version: '6.8.0-1014-azure', java.version: '17.0.12'\nDriver info: driver.version: unknown\nStacktrace:\n    at org.openqa.selenium.grid.sessionqueue.local.LocalNewSessionQueue.addToQueue (LocalNewSessionQueue.java:221)\n    at org.openqa.selenium.grid.sessionqueue.NewSessionQueue.lambda$new$0 (NewSessionQueue.java:68)\n    at org.openqa.selenium.remote.http.Route$TemplatizedRoute.handle (Route.java:192)\n    at org.openqa.selenium.remote.http.Route.execute (Route.java:69)\n    at org.openqa.selenium.remote.http.Route$CombinedRoute.handle (Route.java:360)\n    at org.openqa.selenium.remote.http.Route.execute (Route.java:69)\n    at org.openqa.selenium.grid.sessionqueue.NewSessionQueue.execute (NewSessionQueue.java:128)\n    at org.openqa.selenium.remote.tracing.SpanWrappedHttpHandler.execute (SpanWrappedHttpHandler.java:87)\n    at org.openqa.selenium.remote.http.Filter$1.execute (Filter.java:63)\n    at org.openqa.selenium.remote.http.Route$CombinedRoute.handle (Route.java:360)\n    at org.openqa.selenium.remote.http.Route.execute (Route.java:69)\n    at org.openqa.selenium.grid.router.Router.execute (Router.java:87)\n    at org.openqa.selenium.grid.web.EnsureSpecCompliantResponseHeaders.lambda$apply$0 (EnsureSpecCompliantResponseHeaders.java:34)\n    at org.openqa.selenium.remote.http.Filter$1.execute (Filter.java:63)\n    at org.openqa.selenium.remote.http.Route$CombinedRoute.handle (Route.java:360)\n    at org.openqa.selenium.remote.http.Route.execute (Route.java:69)\n    at org.openqa.selenium.remote.AddWebDriverSpecHeaders.lambda$apply$0 (AddWebDriverSpecHeaders.java:35)\n    at org.openqa.selenium.remote.ErrorFilter.lambda$apply$0 (ErrorFilter.java:44)\n    at org.openqa.selenium.remote.http.Filter$1.execute (Filter.java:63)\n    at org.openqa.selenium.remote.ErrorFilter.lambda$apply$0 (ErrorFilter.java:44)\n    at org.openqa.selenium.remote.http.Filter$1.execute (Filter.java:63)\n    at org.openqa.selenium.netty.server.SeleniumHandler.lambda$channelRead0$0 (SeleniumHandler.java:44)\n    at java.util.concurrent.Executors$RunnableAdapter.call (Executors.java:539)\n    at java.util.concurrent.FutureTask.run (FutureTask.java:264)\n    at java.util.concurrent.ThreadPoolExecutor.runWorker (ThreadPoolExecutor.java:1136)\n    at java.util.concurrent.ThreadPoolExecutor$Worker.run (ThreadPoolExecutor.java:635)\n    at java.lang.Thread.run (Thread.java:840)","time":{"start":1726792039172,"stop":1726792339211,"duration":300039}},{"uid":"74e551a4cb2b38de","reportUrl":"https://robbrad.github.io/UKBinCollectionData/3.12/2122//#testresult/74e551a4cb2b38de","status":"passed","time":{"start":1726705694503,"stop":1726705910478,"duration":215975}},{"uid":"1520675d453391f1","reportUrl":"https://robbrad.github.io/UKBinCollectionData/3.12/2121//#testresult/1520675d453391f1","status":"passed","time":{"start":1726619467402,"stop":1726619515145,"duration":47743}},{"uid":"778c5a09c9e4cec","reportUrl":"https://robbrad.github.io/UKBinCollectionData/3.12/2120//#testresult/778c5a09c9e4cec","status":"passed","time":{"start":1726533121578,"stop":1726533160676,"duration":39098}},{"uid":"81723f47dcada1b6","reportUrl":"https://robbrad.github.io/UKBinCollectionData/3.12/2116//#testresult/81723f47dcada1b6","status":"passed","time":{"start":1726446763487,"stop":1726446829651,"duration":66164}},{"uid":"a754bb29fed565d2","reportUrl":"https://robbrad.github.io/UKBinCollectionData/3.12/2115//#testresult/a754bb29fed565d2","status":"passed","time":{"start":1726359903601,"stop":1726359948570,"duration":44969}}]},"tags":[]},"source":"66f7e41d38c217ca.json","parameterValues":["ThreeRiversDistrictCouncil"]}