{"uid":"2db981442ab8b183","name":"Validate Council Output [NorthumberlandCouncil-http://selenium:4444-local]","fullName":"features/validate_council_outputs.feature:Validate Council Output","historyId":"9088d6bc2b89de0e3e509aca63a583bf","time":{"start":1703024962290,"stop":1703024966888,"duration":4598},"status":"failed","statusMessage":"AttributeError: 'NoneType' object has no attribute 'replace'","statusTrace":"fixturefunc = <function scrape_step at 0x7f0cf55177f0>\nrequest = <FixtureRequest for <Function test_scenario_outline[NorthumberlandCouncil-http://selenium:4444-local]>>\nkwargs = {'context': <test_validate_council.context.<locals>.Context object at 0x7f0ce36fd2a0>, 'council': 'NorthumberlandCouncil', 'selenium_mode': 'local', 'selenium_url': 'http://selenium:4444'}\n\n    def call_fixture_func(\n        fixturefunc: \"_FixtureFunc[FixtureValue]\", request: FixtureRequest, kwargs\n    ) -> FixtureValue:\n        if is_generator(fixturefunc):\n            fixturefunc = cast(\n                Callable[..., Generator[FixtureValue, None, None]], fixturefunc\n            )\n            generator = fixturefunc(**kwargs)\n            try:\n                fixture_result = next(generator)\n            except StopIteration:\n                raise ValueError(f\"{request.fixturename} did not yield a value\") from None\n            finalizer = functools.partial(_teardown_yield_fixture, fixturefunc, generator)\n            request.addfinalizer(finalizer)\n        else:\n            fixturefunc = cast(Callable[..., FixtureValue], fixturefunc)\n>           fixture_result = fixturefunc(**kwargs)\n\n../../../.cache/pypoetry/virtualenvs/uk-bin-collection-EwS6Gn8s-py3.10/lib/python3.10/site-packages/_pytest/fixtures.py:902: \n_ _ _ _ _ _ _ _ _ _ _ _ _ _ _ _ _ _ _ _ _ _ _ _ _ _ _ _ _ _ _ _ _ _ _ _ _ _ _ _ \nuk_bin_collection/tests/step_defs/test_validate_council.py:75: in scrape_step\n    raise (err)\nuk_bin_collection/tests/step_defs/test_validate_council.py:71: in scrape_step\n    context.parse_result = CollectData.run()\nuk_bin_collection/uk_bin_collection/collect_data.py:82: in run\n    return self.client_code(\nuk_bin_collection/uk_bin_collection/collect_data.py:69: in client_code\n    return get_bin_data_class.template_method(address_url, **kwargs)\nuk_bin_collection/uk_bin_collection/get_bin_data.py:69: in template_method\n    bin_data_dict = self.parse_data(\n_ _ _ _ _ _ _ _ _ _ _ _ _ _ _ _ _ _ _ _ _ _ _ _ _ _ _ _ _ _ _ _ _ _ _ _ _ _ _ _ \n\nself = <NorthumberlandCouncil.CouncilClass object at 0x7f0ce3de0a30>\npage = 'https://www.northumberland.gov.uk/Waste/Bins/Bin-Calendars.aspx'\nkwargs = {'paon': '22', 'postcode': 'NE46 1UQ', 'uprn': None, 'url': 'https://www.northumberland.gov.uk/Waste/Bins/Bin-Calendars.aspx', ...}\ndata = {'bins': []}, user_paon = '22', user_postcode = 'NE46 1UQ'\nweb_driver = None\ndriver = <selenium.webdriver.chrome.webdriver.WebDriver (session=\"261b5c5aff0d0600b065412281f4eba6\")>\ninputElement_hn = <selenium.webdriver.remote.webelement.WebElement (session=\"261b5c5aff0d0600b065412281f4eba6\", element=\"BF3F746DF1F3B31507031BF3F07808D6_element_4\")>\ninputElement_pc = <selenium.webdriver.remote.webelement.WebElement (session=\"261b5c5aff0d0600b065412281f4eba6\", element=\"BF3F746DF1F3B31507031BF3F07808D6_element_26\")>\n\n    def parse_data(self, page: str, **kwargs) -> dict:\n        page = \"https://www.northumberland.gov.uk/Waste/Bins/Bin-Calendars.aspx\"\n    \n        data = {\"bins\": []}\n    \n        user_paon = kwargs.get(\"paon\")\n        user_postcode = kwargs.get(\"postcode\")\n        web_driver = kwargs.get(\"web_driver\")\n        check_paon(user_paon)\n        check_postcode(user_postcode)\n    \n        # Create Selenium webdriver\n        driver = create_webdriver(web_driver)\n        driver.get(page)\n    \n        time.sleep(1)\n    \n        # Press the cookie accept - wait is to let the JS load it up\n        driver.find_element(By.ID, \"ccc-notify-accept\").click()\n    \n        inputElement_hn = driver.find_element(\n            By.ID,\n            \"p_lt_ctl04_pageplaceholder_p_lt_ctl02_WasteCollectionCalendars_NCCAddressLookup_txtHouse\",\n        )\n        inputElement_pc = driver.find_element(\n            By.ID,\n            \"p_lt_ctl04_pageplaceholder_p_lt_ctl02_WasteCollectionCalendars_NCCAddressLookup_txtPostcode\",\n        )\n    \n        inputElement_pc.send_keys(user_postcode)\n        inputElement_hn.send_keys(user_paon)\n    \n        driver.find_element(\n            By.ID,\n            \"p_lt_ctl04_pageplaceholder_p_lt_ctl02_WasteCollectionCalendars_NCCAddressLookup_butLookup\",\n        ).click()\n    \n        soup = BeautifulSoup(driver.page_source, features=\"html.parser\")\n    \n        # Quit Selenium webdriver to release session\n        driver.quit()\n    \n        # Work out which bins can be collected for this address. Glass bins are only on some houses due to pilot programme.\n        bins_collected = list(\n            map(\n                str.strip,\n                soup.find(\n                    \"span\",\n                    id=\"p_lt_ctl04_pageplaceholder_p_lt_ctl02_WasteCollectionCalendars_spanRouteSummary\",\n                )\n>               .string.replace(\"Routes found: \", \"\")\n                .split(\",\"),\n            )\n        )\nE       AttributeError: 'NoneType' object has no attribute 'replace'\n\nuk_bin_collection/uk_bin_collection/councils/NorthumberlandCouncil.py:78: AttributeError","flaky":false,"newFailed":false,"newBroken":false,"newPassed":false,"retriesCount":0,"retriesStatusChange":false,"beforeStages":[],"testStage":{"status":"failed","statusMessage":"AttributeError: 'NoneType' object has no attribute 'replace'","statusTrace":"fixturefunc = <function scrape_step at 0x7f0cf55177f0>\nrequest = <FixtureRequest for <Function test_scenario_outline[NorthumberlandCouncil-http://selenium:4444-local]>>\nkwargs = {'context': <test_validate_council.context.<locals>.Context object at 0x7f0ce36fd2a0>, 'council': 'NorthumberlandCouncil', 'selenium_mode': 'local', 'selenium_url': 'http://selenium:4444'}\n\n    def call_fixture_func(\n        fixturefunc: \"_FixtureFunc[FixtureValue]\", request: FixtureRequest, kwargs\n    ) -> FixtureValue:\n        if is_generator(fixturefunc):\n            fixturefunc = cast(\n                Callable[..., Generator[FixtureValue, None, None]], fixturefunc\n            )\n            generator = fixturefunc(**kwargs)\n            try:\n                fixture_result = next(generator)\n            except StopIteration:\n                raise ValueError(f\"{request.fixturename} did not yield a value\") from None\n            finalizer = functools.partial(_teardown_yield_fixture, fixturefunc, generator)\n            request.addfinalizer(finalizer)\n        else:\n            fixturefunc = cast(Callable[..., FixtureValue], fixturefunc)\n>           fixture_result = fixturefunc(**kwargs)\n\n../../../.cache/pypoetry/virtualenvs/uk-bin-collection-EwS6Gn8s-py3.10/lib/python3.10/site-packages/_pytest/fixtures.py:902: \n_ _ _ _ _ _ _ _ _ _ _ _ _ _ _ _ _ _ _ _ _ _ _ _ _ _ _ _ _ _ _ _ _ _ _ _ _ _ _ _ \nuk_bin_collection/tests/step_defs/test_validate_council.py:75: in scrape_step\n    raise (err)\nuk_bin_collection/tests/step_defs/test_validate_council.py:71: in scrape_step\n    context.parse_result = CollectData.run()\nuk_bin_collection/uk_bin_collection/collect_data.py:82: in run\n    return self.client_code(\nuk_bin_collection/uk_bin_collection/collect_data.py:69: in client_code\n    return get_bin_data_class.template_method(address_url, **kwargs)\nuk_bin_collection/uk_bin_collection/get_bin_data.py:69: in template_method\n    bin_data_dict = self.parse_data(\n_ _ _ _ _ _ _ _ _ _ _ _ _ _ _ _ _ _ _ _ _ _ _ _ _ _ _ _ _ _ _ _ _ _ _ _ _ _ _ _ \n\nself = <NorthumberlandCouncil.CouncilClass object at 0x7f0ce3de0a30>\npage = 'https://www.northumberland.gov.uk/Waste/Bins/Bin-Calendars.aspx'\nkwargs = {'paon': '22', 'postcode': 'NE46 1UQ', 'uprn': None, 'url': 'https://www.northumberland.gov.uk/Waste/Bins/Bin-Calendars.aspx', ...}\ndata = {'bins': []}, user_paon = '22', user_postcode = 'NE46 1UQ'\nweb_driver = None\ndriver = <selenium.webdriver.chrome.webdriver.WebDriver (session=\"261b5c5aff0d0600b065412281f4eba6\")>\ninputElement_hn = <selenium.webdriver.remote.webelement.WebElement (session=\"261b5c5aff0d0600b065412281f4eba6\", element=\"BF3F746DF1F3B31507031BF3F07808D6_element_4\")>\ninputElement_pc = <selenium.webdriver.remote.webelement.WebElement (session=\"261b5c5aff0d0600b065412281f4eba6\", element=\"BF3F746DF1F3B31507031BF3F07808D6_element_26\")>\n\n    def parse_data(self, page: str, **kwargs) -> dict:\n        page = \"https://www.northumberland.gov.uk/Waste/Bins/Bin-Calendars.aspx\"\n    \n        data = {\"bins\": []}\n    \n        user_paon = kwargs.get(\"paon\")\n        user_postcode = kwargs.get(\"postcode\")\n        web_driver = kwargs.get(\"web_driver\")\n        check_paon(user_paon)\n        check_postcode(user_postcode)\n    \n        # Create Selenium webdriver\n        driver = create_webdriver(web_driver)\n        driver.get(page)\n    \n        time.sleep(1)\n    \n        # Press the cookie accept - wait is to let the JS load it up\n        driver.find_element(By.ID, \"ccc-notify-accept\").click()\n    \n        inputElement_hn = driver.find_element(\n            By.ID,\n            \"p_lt_ctl04_pageplaceholder_p_lt_ctl02_WasteCollectionCalendars_NCCAddressLookup_txtHouse\",\n        )\n        inputElement_pc = driver.find_element(\n            By.ID,\n            \"p_lt_ctl04_pageplaceholder_p_lt_ctl02_WasteCollectionCalendars_NCCAddressLookup_txtPostcode\",\n        )\n    \n        inputElement_pc.send_keys(user_postcode)\n        inputElement_hn.send_keys(user_paon)\n    \n        driver.find_element(\n            By.ID,\n            \"p_lt_ctl04_pageplaceholder_p_lt_ctl02_WasteCollectionCalendars_NCCAddressLookup_butLookup\",\n        ).click()\n    \n        soup = BeautifulSoup(driver.page_source, features=\"html.parser\")\n    \n        # Quit Selenium webdriver to release session\n        driver.quit()\n    \n        # Work out which bins can be collected for this address. Glass bins are only on some houses due to pilot programme.\n        bins_collected = list(\n            map(\n                str.strip,\n                soup.find(\n                    \"span\",\n                    id=\"p_lt_ctl04_pageplaceholder_p_lt_ctl02_WasteCollectionCalendars_spanRouteSummary\",\n                )\n>               .string.replace(\"Routes found: \", \"\")\n                .split(\",\"),\n            )\n        )\nE       AttributeError: 'NoneType' object has no attribute 'replace'\n\nuk_bin_collection/uk_bin_collection/councils/NorthumberlandCouncil.py:78: AttributeError","steps":[{"name":"Given the council: NorthumberlandCouncil","time":{"start":1703024962290,"stop":1703024962291,"duration":1},"status":"passed","steps":[],"attachments":[],"parameters":[],"shouldDisplayMessage":false,"stepsCount":0,"attachmentsCount":0,"hasContent":false,"attachmentStep":false},{"name":"When we scrape the data from NorthumberlandCouncil using local and the http://selenium:4444 is set","time":{"start":1703024962291,"stop":1703024966888,"duration":4597},"status":"failed","statusMessage":"'NoneType' object has no attribute 'replace'","statusTrace":"AttributeError: 'NoneType' object has no attribute 'replace'\n","steps":[],"attachments":[],"parameters":[],"shouldDisplayMessage":true,"stepsCount":0,"attachmentsCount":0,"hasContent":true,"attachmentStep":false}],"attachments":[],"parameters":[],"shouldDisplayMessage":true,"stepsCount":2,"attachmentsCount":0,"hasContent":true,"attachmentStep":false},"afterStages":[],"labels":[{"name":"host","value":"fv-az1215-887"},{"name":"thread","value":"2815-MainThread"},{"name":"framework","value":"pytest-bdd"},{"name":"language","value":"cpython3"},{"name":"feature","value":"Test each council output matches expected results"},{"name":"resultFormat","value":"allure2"}],"parameters":[{"name":"council","value":"NorthumberlandCouncil"},{"name":"selenium_mode","value":"local"},{"name":"selenium_url","value":"http://selenium:4444"}],"links":[],"hidden":false,"retry":false,"extra":{"severity":"normal","retries":[],"categories":[{"name":"Product defects","matchedStatuses":[],"flaky":false}],"history":{"statistic":{"failed":79,"broken":0,"skipped":0,"passed":0,"unknown":0,"total":79},"items":[{"uid":"8fe86df47c62ab2","reportUrl":"https://robbrad.github.io/UKBinCollectionData/3.10/1276//#testresult/8fe86df47c62ab2","status":"failed","statusDetails":"AttributeError: 'NoneType' object has no attribute 'replace'","time":{"start":1702948775862,"stop":1702948780768,"duration":4906}},{"uid":"e5f0039bd5d95b8e","reportUrl":"https://robbrad.github.io/UKBinCollectionData/3.10/1275//#testresult/e5f0039bd5d95b8e","status":"failed","statusDetails":"AttributeError: 'NoneType' object has no attribute 'replace'","time":{"start":1702862414317,"stop":1702862418795,"duration":4478}},{"uid":"a4d14382760276eb","reportUrl":"https://robbrad.github.io/UKBinCollectionData/3.10/1274//#testresult/a4d14382760276eb","status":"failed","statusDetails":"AttributeError: 'NoneType' object has no attribute 'replace'","time":{"start":1702860044502,"stop":1702860048896,"duration":4394}},{"uid":"240dca73492316ed","reportUrl":"https://robbrad.github.io/UKBinCollectionData/3.10/1272//#testresult/240dca73492316ed","status":"failed","statusDetails":"AttributeError: 'NoneType' object has no attribute 'replace'","time":{"start":1702843591886,"stop":1702843597050,"duration":5164}},{"uid":"ae047b2d908380e2","reportUrl":"https://robbrad.github.io/UKBinCollectionData/3.10/1270//#testresult/ae047b2d908380e2","status":"failed","statusDetails":"AttributeError: 'NoneType' object has no attribute 'replace'","time":{"start":1702809425543,"stop":1702809431171,"duration":5628}},{"uid":"c8bd31b998bba973","reportUrl":"https://robbrad.github.io/UKBinCollectionData/3.10/1247//#testresult/c8bd31b998bba973","status":"failed","statusDetails":"AttributeError: 'NoneType' object has no attribute 'replace'","time":{"start":1702657234544,"stop":1702657239109,"duration":4565}},{"uid":"87db3b6c36a5ef93","reportUrl":"https://robbrad.github.io/UKBinCollectionData/3.10/1244//#testresult/87db3b6c36a5ef93","status":"failed","statusDetails":"AttributeError: 'NoneType' object has no attribute 'replace'","time":{"start":1702603223094,"stop":1702603227831,"duration":4737}},{"uid":"aa512581779905a5","reportUrl":"https://robbrad.github.io/UKBinCollectionData/3.10/1243//#testresult/aa512581779905a5","status":"failed","statusDetails":"AttributeError: 'NoneType' object has no attribute 'replace'","time":{"start":1702540081262,"stop":1702540086139,"duration":4877}},{"uid":"afe56e79b61622ac","reportUrl":"https://robbrad.github.io/UKBinCollectionData/3.10/1241//#testresult/afe56e79b61622ac","status":"failed","statusDetails":"AttributeError: 'NoneType' object has no attribute 'replace'","time":{"start":1702516730448,"stop":1702516735647,"duration":5199}},{"uid":"3af5726293b7a102","reportUrl":"https://robbrad.github.io/UKBinCollectionData/3.10/1238//#testresult/3af5726293b7a102","status":"failed","statusDetails":"AttributeError: 'NoneType' object has no attribute 'replace'","time":{"start":1702447541474,"stop":1702447547351,"duration":5877}},{"uid":"9af567ad752ee846","reportUrl":"https://robbrad.github.io/UKBinCollectionData/3.10/1237//#testresult/9af567ad752ee846","status":"failed","statusDetails":"AttributeError: 'NoneType' object has no attribute 'replace'","time":{"start":1702447469457,"stop":1702447474221,"duration":4764}},{"uid":"49c569dea6f41c91","reportUrl":"https://robbrad.github.io/UKBinCollectionData/3.10/1236//#testresult/49c569dea6f41c91","status":"failed","statusDetails":"AttributeError: 'NoneType' object has no attribute 'replace'","time":{"start":1702430367915,"stop":1702430372697,"duration":4782}},{"uid":"9f82f1204d558b5a","reportUrl":"https://robbrad.github.io/UKBinCollectionData/3.10/1232//#testresult/9f82f1204d558b5a","status":"failed","statusDetails":"AttributeError: 'NoneType' object has no attribute 'replace'","time":{"start":1702366539707,"stop":1702366544191,"duration":4484}},{"uid":"674dd3b7d137ef22","reportUrl":"https://robbrad.github.io/UKBinCollectionData/3.10/1231//#testresult/674dd3b7d137ef22","status":"failed","statusDetails":"AttributeError: 'NoneType' object has no attribute 'replace'","time":{"start":1702344007296,"stop":1702344011947,"duration":4651}},{"uid":"af826c0dfe58404f","reportUrl":"https://robbrad.github.io/UKBinCollectionData/3.10/1229//#testresult/af826c0dfe58404f","status":"failed","statusDetails":"selenium.common.exceptions.NoSuchElementException: Message: no such element: Unable to locate element: {\"method\":\"css selector\",\"selector\":\"[id=\"ccc-notify-accept\"]\"}\n  (Session info: headless chrome=119.0.6045.199); For documentation on this error, please visit: https://www.selenium.dev/documentation/webdriver/troubleshooting/errors#no-such-element-exception\nStacktrace:\n#0 0x560e3cd765e3 <unknown>\n#1 0x560e3ca390b7 <unknown>\n#2 0x560e3ca86f53 <unknown>\n#3 0x560e3ca87051 <unknown>\n#4 0x560e3cacc9c4 <unknown>\n#5 0x560e3caadf1d <unknown>\n#6 0x560e3cac9b3d <unknown>\n#7 0x560e3caadcc3 <unknown>\n#8 0x560e3ca790e4 <unknown>\n#9 0x560e3ca7a0ae <unknown>\n#10 0x560e3cd3cce1 <unknown>\n#11 0x560e3cd40b7e <unknown>\n#12 0x560e3cd2a4b5 <unknown>\n#13 0x560e3cd417d6 <unknown>\n#14 0x560e3cd0ddbf <unknown>\n#15 0x560e3cd64748 <unknown>\n#16 0x560e3cd64917 <unknown>\n#17 0x560e3cd75773 <unknown>\n#18 0x7f72d0494ac3 <unknown>","time":{"start":1702257582368,"stop":1702257585964,"duration":3596}},{"uid":"5d34e6dee4bcd2cf","reportUrl":"https://robbrad.github.io/UKBinCollectionData/3.10/1228//#testresult/5d34e6dee4bcd2cf","status":"failed","statusDetails":"selenium.common.exceptions.NoSuchElementException: Message: no such element: Unable to locate element: {\"method\":\"css selector\",\"selector\":\"[id=\"ccc-notify-accept\"]\"}\n  (Session info: headless chrome=119.0.6045.199); For documentation on this error, please visit: https://www.selenium.dev/documentation/webdriver/troubleshooting/errors#no-such-element-exception\nStacktrace:\n#0 0x5595ac1995e3 <unknown>\n#1 0x5595abe5c0b7 <unknown>\n#2 0x5595abea9f53 <unknown>\n#3 0x5595abeaa051 <unknown>\n#4 0x5595abeef9c4 <unknown>\n#5 0x5595abed0f1d <unknown>\n#6 0x5595abeecb3d <unknown>\n#7 0x5595abed0cc3 <unknown>\n#8 0x5595abe9c0e4 <unknown>\n#9 0x5595abe9d0ae <unknown>\n#10 0x5595ac15fce1 <unknown>\n#11 0x5595ac163b7e <unknown>\n#12 0x5595ac14d4b5 <unknown>\n#13 0x5595ac1647d6 <unknown>\n#14 0x5595ac130dbf <unknown>\n#15 0x5595ac187748 <unknown>\n#16 0x5595ac187917 <unknown>\n#17 0x5595ac198773 <unknown>\n#18 0x7f97e0894ac3 <unknown>","time":{"start":1702171506094,"stop":1702171510232,"duration":4138}},{"uid":"4a5bc981edf6d4d5","reportUrl":"https://robbrad.github.io/UKBinCollectionData/3.10/1227//#testresult/4a5bc981edf6d4d5","status":"failed","statusDetails":"selenium.common.exceptions.NoSuchElementException: Message: no such element: Unable to locate element: {\"method\":\"css selector\",\"selector\":\"[id=\"ccc-notify-accept\"]\"}\n  (Session info: headless chrome=119.0.6045.199); For documentation on this error, please visit: https://www.selenium.dev/documentation/webdriver/troubleshooting/errors#no-such-element-exception\nStacktrace:\n#0 0x55c2fb1fd5e3 <unknown>\n#1 0x55c2faec00b7 <unknown>\n#2 0x55c2faf0df53 <unknown>\n#3 0x55c2faf0e051 <unknown>\n#4 0x55c2faf539c4 <unknown>\n#5 0x55c2faf34f1d <unknown>\n#6 0x55c2faf50b3d <unknown>\n#7 0x55c2faf34cc3 <unknown>\n#8 0x55c2faf000e4 <unknown>\n#9 0x55c2faf010ae <unknown>\n#10 0x55c2fb1c3ce1 <unknown>\n#11 0x55c2fb1c7b7e <unknown>\n#12 0x55c2fb1b14b5 <unknown>\n#13 0x55c2fb1c87d6 <unknown>\n#14 0x55c2fb194dbf <unknown>\n#15 0x55c2fb1eb748 <unknown>\n#16 0x55c2fb1eb917 <unknown>\n#17 0x55c2fb1fc773 <unknown>\n#18 0x7fd0d6e94ac3 <unknown>","time":{"start":1702084711152,"stop":1702084715235,"duration":4083}},{"uid":"cb374d0e822dfe5d","reportUrl":"https://robbrad.github.io/UKBinCollectionData/3.10/1225//#testresult/cb374d0e822dfe5d","status":"failed","statusDetails":"selenium.common.exceptions.NoSuchElementException: Message: no such element: Unable to locate element: {\"method\":\"css selector\",\"selector\":\"[id=\"ccc-notify-accept\"]\"}\n  (Session info: headless chrome=119.0.6045.199); For documentation on this error, please visit: https://www.selenium.dev/documentation/webdriver/troubleshooting/errors#no-such-element-exception\nStacktrace:\n#0 0x55f7c05cc5e3 <unknown>\n#1 0x55f7c028f0b7 <unknown>\n#2 0x55f7c02dcf53 <unknown>\n#3 0x55f7c02dd051 <unknown>\n#4 0x55f7c03229c4 <unknown>\n#5 0x55f7c0303f1d <unknown>\n#6 0x55f7c031fb3d <unknown>\n#7 0x55f7c0303cc3 <unknown>\n#8 0x55f7c02cf0e4 <unknown>\n#9 0x55f7c02d00ae <unknown>\n#10 0x55f7c0592ce1 <unknown>\n#11 0x55f7c0596b7e <unknown>\n#12 0x55f7c05804b5 <unknown>\n#13 0x55f7c05977d6 <unknown>\n#14 0x55f7c0563dbf <unknown>\n#15 0x55f7c05ba748 <unknown>\n#16 0x55f7c05ba917 <unknown>\n#17 0x55f7c05cb773 <unknown>\n#18 0x7fa687c94ac3 <unknown>","time":{"start":1702066763069,"stop":1702066768231,"duration":5162}},{"uid":"99ec900ea5e1f037","reportUrl":"https://robbrad.github.io/UKBinCollectionData/3.10/1222//#testresult/99ec900ea5e1f037","status":"failed","statusDetails":"selenium.common.exceptions.NoSuchElementException: Message: no such element: Unable to locate element: {\"method\":\"css selector\",\"selector\":\"[id=\"ccc-notify-accept\"]\"}\n  (Session info: headless chrome=119.0.6045.199); For documentation on this error, please visit: https://www.selenium.dev/documentation/webdriver/troubleshooting/errors#no-such-element-exception\nStacktrace:\n#0 0x55ead4cb85e3 <unknown>\n#1 0x55ead497b0b7 <unknown>\n#2 0x55ead49c8f53 <unknown>\n#3 0x55ead49c9051 <unknown>\n#4 0x55ead4a0e9c4 <unknown>\n#5 0x55ead49eff1d <unknown>\n#6 0x55ead4a0bb3d <unknown>\n#7 0x55ead49efcc3 <unknown>\n#8 0x55ead49bb0e4 <unknown>\n#9 0x55ead49bc0ae <unknown>\n#10 0x55ead4c7ece1 <unknown>\n#11 0x55ead4c82b7e <unknown>\n#12 0x55ead4c6c4b5 <unknown>\n#13 0x55ead4c837d6 <unknown>\n#14 0x55ead4c4fdbf <unknown>\n#15 0x55ead4ca6748 <unknown>\n#16 0x55ead4ca6917 <unknown>\n#17 0x55ead4cb7773 <unknown>\n#18 0x7fbf71494ac3 <unknown>","time":{"start":1702054390531,"stop":1702054394257,"duration":3726}},{"uid":"949a40829a6341","reportUrl":"https://robbrad.github.io/UKBinCollectionData/3.10/1219//#testresult/949a40829a6341","status":"failed","statusDetails":"selenium.common.exceptions.NoSuchElementException: Message: no such element: Unable to locate element: {\"method\":\"css selector\",\"selector\":\"[id=\"ccc-notify-accept\"]\"}\n  (Session info: headless chrome=119.0.6045.159); For documentation on this error, please visit: https://www.selenium.dev/documentation/webdriver/troubleshooting/errors#no-such-element-exception\nStacktrace:\n#0 0x564faf5ae5e3 <unknown>\n#1 0x564faf2710b7 <unknown>\n#2 0x564faf2bef53 <unknown>\n#3 0x564faf2bf051 <unknown>\n#4 0x564faf3049c4 <unknown>\n#5 0x564faf2e5f1d <unknown>\n#6 0x564faf301b3d <unknown>\n#7 0x564faf2e5cc3 <unknown>\n#8 0x564faf2b10e4 <unknown>\n#9 0x564faf2b20ae <unknown>\n#10 0x564faf574ce1 <unknown>\n#11 0x564faf578b7e <unknown>\n#12 0x564faf5624b5 <unknown>\n#13 0x564faf5797d6 <unknown>\n#14 0x564faf545dbf <unknown>\n#15 0x564faf59c748 <unknown>\n#16 0x564faf59c917 <unknown>\n#17 0x564faf5ad773 <unknown>\n#18 0x7f39b9694ac3 <unknown>","time":{"start":1701998434153,"stop":1701998438733,"duration":4580}}]},"tags":[]},"source":"2db981442ab8b183.json","parameterValues":["NorthumberlandCouncil","local","http://selenium:4444"]}