{"uid":"a354fcf0c7b5c104","name":"Validate Council Output [WestBerkshireCouncil-http://selenium:4444-local]","fullName":"features/validate_council_outputs.feature:Validate Council Output","historyId":"0c653912d60f4330bd56cf24b8a101e5","time":{"start":1715905980902,"stop":1715905981758,"duration":856},"status":"failed","statusMessage":"selenium.common.exceptions.SessionNotCreatedException: Message: session not created: Chrome failed to start: exited normally.\n  (session not created: DevToolsActivePort file doesn't exist)\n  (The process started from chrome location /opt/google/chrome/chrome is no longer running, so ChromeDriver is assuming that Chrome has crashed.)\nStacktrace:\n#0 0x55cf66668dc3 <unknown>\n#1 0x55cf663574e7 <unknown>\n#2 0x55cf6638ba66 <unknown>\n#3 0x55cf663879c0 <unknown>\n#4 0x55cf663d07f0 <unknown>\n#5 0x55cf663c41f3 <unknown>\n#6 0x55cf6639528a <unknown>\n#7 0x55cf66395c5e <unknown>\n#8 0x55cf6662d0eb <unknown>\n#9 0x55cf6663103b <unknown>\n#10 0x55cf66619201 <unknown>\n#11 0x55cf66631ba2 <unknown>\n#12 0x55cf665fe0bf <unknown>\n#13 0x55cf66657f18 <unknown>\n#14 0x55cf666580f0 <unknown>\n#15 0x55cf66667f14 <unknown>\n#16 0x7fe0f8494ac3 <unknown>","statusTrace":"fixturefunc = <function scrape_step at 0x7ffa6bfc0720>\nrequest = <FixtureRequest for <Function test_scenario_outline[WestBerkshireCouncil-http://selenium:4444-local]>>\nkwargs = {'context': <test_validate_council.context.<locals>.Context object at 0x7ffa6b5759d0>, 'council': 'WestBerkshireCouncil', 'headless_mode': 'True', 'selenium_mode': 'local', ...}\n\n    def call_fixture_func(\n        fixturefunc: \"_FixtureFunc[FixtureValue]\", request: FixtureRequest, kwargs\n    ) -> FixtureValue:\n        if is_generator(fixturefunc):\n            fixturefunc = cast(\n                Callable[..., Generator[FixtureValue, None, None]], fixturefunc\n            )\n            generator = fixturefunc(**kwargs)\n            try:\n                fixture_result = next(generator)\n            except StopIteration:\n                raise ValueError(f\"{request.fixturename} did not yield a value\") from None\n            finalizer = functools.partial(_teardown_yield_fixture, fixturefunc, generator)\n            request.addfinalizer(finalizer)\n        else:\n            fixturefunc = cast(Callable[..., FixtureValue], fixturefunc)\n>           fixture_result = fixturefunc(**kwargs)\n\n../../../.cache/pypoetry/virtualenvs/uk-bin-collection-EwS6Gn8s-py3.11/lib/python3.11/site-packages/_pytest/fixtures.py:902: \n_ _ _ _ _ _ _ _ _ _ _ _ _ _ _ _ _ _ _ _ _ _ _ _ _ _ _ _ _ _ _ _ _ _ _ _ _ _ _ _ \nuk_bin_collection/tests/step_defs/test_validate_council.py:92: in scrape_step\n    context.parse_result = CollectData.run()\nuk_bin_collection/uk_bin_collection/collect_data.py:102: in run\n    return self.client_code(\nuk_bin_collection/uk_bin_collection/collect_data.py:121: in client_code\n    return get_bin_data_class.template_method(address_url, **kwargs)\nuk_bin_collection/uk_bin_collection/get_bin_data.py:80: in template_method\n    bin_data_dict = self.parse_data(\nuk_bin_collection/uk_bin_collection/councils/WestBerkshireCouncil.py:36: in parse_data\n    driver = webdriver.Chrome(\n../../../.cache/pypoetry/virtualenvs/uk-bin-collection-EwS6Gn8s-py3.11/lib/python3.11/site-packages/selenium/webdriver/chrome/webdriver.py:45: in __init__\n    super().__init__(\n../../../.cache/pypoetry/virtualenvs/uk-bin-collection-EwS6Gn8s-py3.11/lib/python3.11/site-packages/selenium/webdriver/chromium/webdriver.py:56: in __init__\n    super().__init__(\n../../../.cache/pypoetry/virtualenvs/uk-bin-collection-EwS6Gn8s-py3.11/lib/python3.11/site-packages/selenium/webdriver/remote/webdriver.py:205: in __init__\n    self.start_session(capabilities)\n../../../.cache/pypoetry/virtualenvs/uk-bin-collection-EwS6Gn8s-py3.11/lib/python3.11/site-packages/selenium/webdriver/remote/webdriver.py:289: in start_session\n    response = self.execute(Command.NEW_SESSION, caps)[\"value\"]\n../../../.cache/pypoetry/virtualenvs/uk-bin-collection-EwS6Gn8s-py3.11/lib/python3.11/site-packages/selenium/webdriver/remote/webdriver.py:344: in execute\n    self.error_handler.check_response(response)\n_ _ _ _ _ _ _ _ _ _ _ _ _ _ _ _ _ _ _ _ _ _ _ _ _ _ _ _ _ _ _ _ _ _ _ _ _ _ _ _ \n\nself = <selenium.webdriver.remote.errorhandler.ErrorHandler object at 0x7ffa6b2143d0>\nresponse = {'status': 500, 'value': '{\"value\":{\"error\":\"session not created\",\"message\":\"session not created: Chrome failed to sta...\\\\n#14 0x55cf666580f0 \\\\u003Cunknown>\\\\n#15 0x55cf66667f14 \\\\u003Cunknown>\\\\n#16 0x7fe0f8494ac3 \\\\u003Cunknown>\\\\n\"}}'}\n\n    def check_response(self, response: Dict[str, Any]) -> None:\n        \"\"\"Checks that a JSON response from the WebDriver does not have an\n        error.\n    \n        :Args:\n         - response - The JSON response from the WebDriver server as a dictionary\n           object.\n    \n        :Raises: If the response contains an error message.\n        \"\"\"\n        status = response.get(\"status\", None)\n        if not status or status == ErrorCode.SUCCESS:\n            return\n        value = None\n        message = response.get(\"message\", \"\")\n        screen: str = response.get(\"screen\", \"\")\n        stacktrace = None\n        if isinstance(status, int):\n            value_json = response.get(\"value\", None)\n            if value_json and isinstance(value_json, str):\n                import json\n    \n                try:\n                    value = json.loads(value_json)\n                    if len(value) == 1:\n                        value = value[\"value\"]\n                    status = value.get(\"error\", None)\n                    if not status:\n                        status = value.get(\"status\", ErrorCode.UNKNOWN_ERROR)\n                        message = value.get(\"value\") or value.get(\"message\")\n                        if not isinstance(message, str):\n                            value = message\n                            message = message.get(\"message\")\n                    else:\n                        message = value.get(\"message\", None)\n                except ValueError:\n                    pass\n    \n        exception_class: Type[WebDriverException]\n        e = ErrorCode()\n        error_codes = [item for item in dir(e) if not item.startswith(\"__\")]\n        for error_code in error_codes:\n            error_info = getattr(ErrorCode, error_code)\n            if isinstance(error_info, list) and status in error_info:\n                exception_class = getattr(ExceptionMapping, error_code, WebDriverException)\n                break\n        else:\n            exception_class = WebDriverException\n    \n        if not value:\n            value = response[\"value\"]\n        if isinstance(value, str):\n            raise exception_class(value)\n        if message == \"\" and \"message\" in value:\n            message = value[\"message\"]\n    \n        screen = None  # type: ignore[assignment]\n        if \"screen\" in value:\n            screen = value[\"screen\"]\n    \n        stacktrace = None\n        st_value = value.get(\"stackTrace\") or value.get(\"stacktrace\")\n        if st_value:\n            if isinstance(st_value, str):\n                stacktrace = st_value.split(\"\\n\")\n            else:\n                stacktrace = []\n                try:\n                    for frame in st_value:\n                        line = frame.get(\"lineNumber\", \"\")\n                        file = frame.get(\"fileName\", \"<anonymous>\")\n                        if line:\n                            file = f\"{file}:{line}\"\n                        meth = frame.get(\"methodName\", \"<anonymous>\")\n                        if \"className\" in frame:\n                            meth = f\"{frame['className']}.{meth}\"\n                        msg = \"    at %s (%s)\"\n                        msg = msg % (meth, file)\n                        stacktrace.append(msg)\n                except TypeError:\n                    pass\n        if exception_class == UnexpectedAlertPresentException:\n            alert_text = None\n            if \"data\" in value:\n                alert_text = value[\"data\"].get(\"text\")\n            elif \"alert\" in value:\n                alert_text = value[\"alert\"].get(\"text\")\n            raise exception_class(message, screen, stacktrace, alert_text)  # type: ignore[call-arg]  # mypy is not smart enough here\n>       raise exception_class(message, screen, stacktrace)\nE       selenium.common.exceptions.SessionNotCreatedException: Message: session not created: Chrome failed to start: exited normally.\nE         (session not created: DevToolsActivePort file doesn't exist)\nE         (The process started from chrome location /opt/google/chrome/chrome is no longer running, so ChromeDriver is assuming that Chrome has crashed.)\nE       Stacktrace:\nE       #0 0x55cf66668dc3 <unknown>\nE       #1 0x55cf663574e7 <unknown>\nE       #2 0x55cf6638ba66 <unknown>\nE       #3 0x55cf663879c0 <unknown>\nE       #4 0x55cf663d07f0 <unknown>\nE       #5 0x55cf663c41f3 <unknown>\nE       #6 0x55cf6639528a <unknown>\nE       #7 0x55cf66395c5e <unknown>\nE       #8 0x55cf6662d0eb <unknown>\nE       #9 0x55cf6663103b <unknown>\nE       #10 0x55cf66619201 <unknown>\nE       #11 0x55cf66631ba2 <unknown>\nE       #12 0x55cf665fe0bf <unknown>\nE       #13 0x55cf66657f18 <unknown>\nE       #14 0x55cf666580f0 <unknown>\nE       #15 0x55cf66667f14 <unknown>\nE       #16 0x7fe0f8494ac3 <unknown>\n\n../../../.cache/pypoetry/virtualenvs/uk-bin-collection-EwS6Gn8s-py3.11/lib/python3.11/site-packages/selenium/webdriver/remote/errorhandler.py:229: SessionNotCreatedException","flaky":false,"newFailed":false,"newBroken":false,"newPassed":false,"retriesCount":0,"retriesStatusChange":false,"beforeStages":[],"testStage":{"status":"failed","statusMessage":"selenium.common.exceptions.SessionNotCreatedException: Message: session not created: Chrome failed to start: exited normally.\n  (session not created: DevToolsActivePort file doesn't exist)\n  (The process started from chrome location /opt/google/chrome/chrome is no longer running, so ChromeDriver is assuming that Chrome has crashed.)\nStacktrace:\n#0 0x55cf66668dc3 <unknown>\n#1 0x55cf663574e7 <unknown>\n#2 0x55cf6638ba66 <unknown>\n#3 0x55cf663879c0 <unknown>\n#4 0x55cf663d07f0 <unknown>\n#5 0x55cf663c41f3 <unknown>\n#6 0x55cf6639528a <unknown>\n#7 0x55cf66395c5e <unknown>\n#8 0x55cf6662d0eb <unknown>\n#9 0x55cf6663103b <unknown>\n#10 0x55cf66619201 <unknown>\n#11 0x55cf66631ba2 <unknown>\n#12 0x55cf665fe0bf <unknown>\n#13 0x55cf66657f18 <unknown>\n#14 0x55cf666580f0 <unknown>\n#15 0x55cf66667f14 <unknown>\n#16 0x7fe0f8494ac3 <unknown>","statusTrace":"fixturefunc = <function scrape_step at 0x7ffa6bfc0720>\nrequest = <FixtureRequest for <Function test_scenario_outline[WestBerkshireCouncil-http://selenium:4444-local]>>\nkwargs = {'context': <test_validate_council.context.<locals>.Context object at 0x7ffa6b5759d0>, 'council': 'WestBerkshireCouncil', 'headless_mode': 'True', 'selenium_mode': 'local', ...}\n\n    def call_fixture_func(\n        fixturefunc: \"_FixtureFunc[FixtureValue]\", request: FixtureRequest, kwargs\n    ) -> FixtureValue:\n        if is_generator(fixturefunc):\n            fixturefunc = cast(\n                Callable[..., Generator[FixtureValue, None, None]], fixturefunc\n            )\n            generator = fixturefunc(**kwargs)\n            try:\n                fixture_result = next(generator)\n            except StopIteration:\n                raise ValueError(f\"{request.fixturename} did not yield a value\") from None\n            finalizer = functools.partial(_teardown_yield_fixture, fixturefunc, generator)\n            request.addfinalizer(finalizer)\n        else:\n            fixturefunc = cast(Callable[..., FixtureValue], fixturefunc)\n>           fixture_result = fixturefunc(**kwargs)\n\n../../../.cache/pypoetry/virtualenvs/uk-bin-collection-EwS6Gn8s-py3.11/lib/python3.11/site-packages/_pytest/fixtures.py:902: \n_ _ _ _ _ _ _ _ _ _ _ _ _ _ _ _ _ _ _ _ _ _ _ _ _ _ _ _ _ _ _ _ _ _ _ _ _ _ _ _ \nuk_bin_collection/tests/step_defs/test_validate_council.py:92: in scrape_step\n    context.parse_result = CollectData.run()\nuk_bin_collection/uk_bin_collection/collect_data.py:102: in run\n    return self.client_code(\nuk_bin_collection/uk_bin_collection/collect_data.py:121: in client_code\n    return get_bin_data_class.template_method(address_url, **kwargs)\nuk_bin_collection/uk_bin_collection/get_bin_data.py:80: in template_method\n    bin_data_dict = self.parse_data(\nuk_bin_collection/uk_bin_collection/councils/WestBerkshireCouncil.py:36: in parse_data\n    driver = webdriver.Chrome(\n../../../.cache/pypoetry/virtualenvs/uk-bin-collection-EwS6Gn8s-py3.11/lib/python3.11/site-packages/selenium/webdriver/chrome/webdriver.py:45: in __init__\n    super().__init__(\n../../../.cache/pypoetry/virtualenvs/uk-bin-collection-EwS6Gn8s-py3.11/lib/python3.11/site-packages/selenium/webdriver/chromium/webdriver.py:56: in __init__\n    super().__init__(\n../../../.cache/pypoetry/virtualenvs/uk-bin-collection-EwS6Gn8s-py3.11/lib/python3.11/site-packages/selenium/webdriver/remote/webdriver.py:205: in __init__\n    self.start_session(capabilities)\n../../../.cache/pypoetry/virtualenvs/uk-bin-collection-EwS6Gn8s-py3.11/lib/python3.11/site-packages/selenium/webdriver/remote/webdriver.py:289: in start_session\n    response = self.execute(Command.NEW_SESSION, caps)[\"value\"]\n../../../.cache/pypoetry/virtualenvs/uk-bin-collection-EwS6Gn8s-py3.11/lib/python3.11/site-packages/selenium/webdriver/remote/webdriver.py:344: in execute\n    self.error_handler.check_response(response)\n_ _ _ _ _ _ _ _ _ _ _ _ _ _ _ _ _ _ _ _ _ _ _ _ _ _ _ _ _ _ _ _ _ _ _ _ _ _ _ _ \n\nself = <selenium.webdriver.remote.errorhandler.ErrorHandler object at 0x7ffa6b2143d0>\nresponse = {'status': 500, 'value': '{\"value\":{\"error\":\"session not created\",\"message\":\"session not created: Chrome failed to sta...\\\\n#14 0x55cf666580f0 \\\\u003Cunknown>\\\\n#15 0x55cf66667f14 \\\\u003Cunknown>\\\\n#16 0x7fe0f8494ac3 \\\\u003Cunknown>\\\\n\"}}'}\n\n    def check_response(self, response: Dict[str, Any]) -> None:\n        \"\"\"Checks that a JSON response from the WebDriver does not have an\n        error.\n    \n        :Args:\n         - response - The JSON response from the WebDriver server as a dictionary\n           object.\n    \n        :Raises: If the response contains an error message.\n        \"\"\"\n        status = response.get(\"status\", None)\n        if not status or status == ErrorCode.SUCCESS:\n            return\n        value = None\n        message = response.get(\"message\", \"\")\n        screen: str = response.get(\"screen\", \"\")\n        stacktrace = None\n        if isinstance(status, int):\n            value_json = response.get(\"value\", None)\n            if value_json and isinstance(value_json, str):\n                import json\n    \n                try:\n                    value = json.loads(value_json)\n                    if len(value) == 1:\n                        value = value[\"value\"]\n                    status = value.get(\"error\", None)\n                    if not status:\n                        status = value.get(\"status\", ErrorCode.UNKNOWN_ERROR)\n                        message = value.get(\"value\") or value.get(\"message\")\n                        if not isinstance(message, str):\n                            value = message\n                            message = message.get(\"message\")\n                    else:\n                        message = value.get(\"message\", None)\n                except ValueError:\n                    pass\n    \n        exception_class: Type[WebDriverException]\n        e = ErrorCode()\n        error_codes = [item for item in dir(e) if not item.startswith(\"__\")]\n        for error_code in error_codes:\n            error_info = getattr(ErrorCode, error_code)\n            if isinstance(error_info, list) and status in error_info:\n                exception_class = getattr(ExceptionMapping, error_code, WebDriverException)\n                break\n        else:\n            exception_class = WebDriverException\n    \n        if not value:\n            value = response[\"value\"]\n        if isinstance(value, str):\n            raise exception_class(value)\n        if message == \"\" and \"message\" in value:\n            message = value[\"message\"]\n    \n        screen = None  # type: ignore[assignment]\n        if \"screen\" in value:\n            screen = value[\"screen\"]\n    \n        stacktrace = None\n        st_value = value.get(\"stackTrace\") or value.get(\"stacktrace\")\n        if st_value:\n            if isinstance(st_value, str):\n                stacktrace = st_value.split(\"\\n\")\n            else:\n                stacktrace = []\n                try:\n                    for frame in st_value:\n                        line = frame.get(\"lineNumber\", \"\")\n                        file = frame.get(\"fileName\", \"<anonymous>\")\n                        if line:\n                            file = f\"{file}:{line}\"\n                        meth = frame.get(\"methodName\", \"<anonymous>\")\n                        if \"className\" in frame:\n                            meth = f\"{frame['className']}.{meth}\"\n                        msg = \"    at %s (%s)\"\n                        msg = msg % (meth, file)\n                        stacktrace.append(msg)\n                except TypeError:\n                    pass\n        if exception_class == UnexpectedAlertPresentException:\n            alert_text = None\n            if \"data\" in value:\n                alert_text = value[\"data\"].get(\"text\")\n            elif \"alert\" in value:\n                alert_text = value[\"alert\"].get(\"text\")\n            raise exception_class(message, screen, stacktrace, alert_text)  # type: ignore[call-arg]  # mypy is not smart enough here\n>       raise exception_class(message, screen, stacktrace)\nE       selenium.common.exceptions.SessionNotCreatedException: Message: session not created: Chrome failed to start: exited normally.\nE         (session not created: DevToolsActivePort file doesn't exist)\nE         (The process started from chrome location /opt/google/chrome/chrome is no longer running, so ChromeDriver is assuming that Chrome has crashed.)\nE       Stacktrace:\nE       #0 0x55cf66668dc3 <unknown>\nE       #1 0x55cf663574e7 <unknown>\nE       #2 0x55cf6638ba66 <unknown>\nE       #3 0x55cf663879c0 <unknown>\nE       #4 0x55cf663d07f0 <unknown>\nE       #5 0x55cf663c41f3 <unknown>\nE       #6 0x55cf6639528a <unknown>\nE       #7 0x55cf66395c5e <unknown>\nE       #8 0x55cf6662d0eb <unknown>\nE       #9 0x55cf6663103b <unknown>\nE       #10 0x55cf66619201 <unknown>\nE       #11 0x55cf66631ba2 <unknown>\nE       #12 0x55cf665fe0bf <unknown>\nE       #13 0x55cf66657f18 <unknown>\nE       #14 0x55cf666580f0 <unknown>\nE       #15 0x55cf66667f14 <unknown>\nE       #16 0x7fe0f8494ac3 <unknown>\n\n../../../.cache/pypoetry/virtualenvs/uk-bin-collection-EwS6Gn8s-py3.11/lib/python3.11/site-packages/selenium/webdriver/remote/errorhandler.py:229: SessionNotCreatedException","steps":[{"name":"Given the council: WestBerkshireCouncil","time":{"start":1715905980902,"stop":1715905980902,"duration":0},"status":"passed","steps":[],"attachments":[],"parameters":[],"shouldDisplayMessage":false,"stepsCount":0,"attachmentsCount":0,"hasContent":false,"attachmentStep":false},{"name":"When we scrape the data from WestBerkshireCouncil using local and the http://selenium:4444 is set","time":{"start":1715905980902,"stop":1715905981758,"duration":856},"status":"failed","statusMessage":"Message: session not created: Chrome failed to start: exited normally.\n  (session not created: DevToolsActivePort file doesn't exist)\n  (The process started from chrome location /opt/google/chrome/chrome is no longer running, so ChromeDriver is assuming that Chrome has crashed.)\nStacktrace:\n#0 0x55cf66668dc3 <unknown>\n#1 0x55cf663574e7 <unknown>\n#2 0x55cf6638ba66 <unknown>\n#3 0x55cf663879c0 <unknown>\n#4 0x55cf663d07f0 <unknown>\n#5 0x55cf663c41f3 <unknown>\n#6 0x55cf6639528a <unknown>\n#7 0x55cf66395c5e <unknown>\n#8 0x55cf6662d0eb <unknown>\n#9 0x55cf6663103b <unknown>\n#10 0x55cf66619201 <unknown>\n#11 0x55cf66631ba2 <unknown>\n#12 0x55cf665fe0bf <unknown>\n#13 0x55cf66657f18 <unknown>\n#14 0x55cf666580f0 <unknown>\n#15 0x55cf66667f14 <unknown>\n#16 0x7fe0f8494ac3 <unknown>\n","statusTrace":"selenium.common.exceptions.SessionNotCreatedException: Message: session not created: Chrome failed to start: exited normally.\n  (session not created: DevToolsActivePort file doesn't exist)\n  (The process started from chrome location /opt/google/chrome/chrome is no longer running, so ChromeDriver is assuming that Chrome has crashed.)\nStacktrace:\n#0 0x55cf66668dc3 <unknown>\n#1 0x55cf663574e7 <unknown>\n#2 0x55cf6638ba66 <unknown>\n#3 0x55cf663879c0 <unknown>\n#4 0x55cf663d07f0 <unknown>\n#5 0x55cf663c41f3 <unknown>\n#6 0x55cf6639528a <unknown>\n#7 0x55cf66395c5e <unknown>\n#8 0x55cf6662d0eb <unknown>\n#9 0x55cf6663103b <unknown>\n#10 0x55cf66619201 <unknown>\n#11 0x55cf66631ba2 <unknown>\n#12 0x55cf665fe0bf <unknown>\n#13 0x55cf66657f18 <unknown>\n#14 0x55cf666580f0 <unknown>\n#15 0x55cf66667f14 <unknown>\n#16 0x7fe0f8494ac3 <unknown>\n\n","steps":[],"attachments":[],"parameters":[],"shouldDisplayMessage":true,"stepsCount":0,"attachmentsCount":0,"hasContent":true,"attachmentStep":false}],"attachments":[],"parameters":[],"shouldDisplayMessage":true,"stepsCount":2,"attachmentsCount":0,"hasContent":true,"attachmentStep":false},"afterStages":[],"labels":[{"name":"host","value":"fv-az768-465"},{"name":"thread","value":"2660-MainThread"},{"name":"framework","value":"pytest-bdd"},{"name":"language","value":"cpython3"},{"name":"feature","value":"Test each council output matches expected results"},{"name":"resultFormat","value":"allure2"}],"parameters":[{"name":"council","value":"WestBerkshireCouncil"},{"name":"selenium_mode","value":"local"},{"name":"selenium_url","value":"http://selenium:4444"}],"links":[],"hidden":false,"retry":false,"extra":{"severity":"normal","retries":[],"categories":[{"name":"Product defects","matchedStatuses":[],"flaky":false}],"history":{"statistic":{"failed":22,"broken":0,"skipped":0,"passed":0,"unknown":0,"total":22},"items":[{"uid":"97c1f91dc69c07f5","reportUrl":"https://robbrad.github.io/UKBinCollectionData/3.11/1803//#testresult/97c1f91dc69c07f5","status":"failed","statusDetails":"selenium.common.exceptions.SessionNotCreatedException: Message: session not created: Chrome failed to start: exited normally.\n  (session not created: DevToolsActivePort file doesn't exist)\n  (The process started from chrome location /opt/google/chrome/chrome is no longer running, so ChromeDriver is assuming that Chrome has crashed.)\nStacktrace:\n#0 0x55dbecba1dc3 <unknown>\n#1 0x55dbec8904e7 <unknown>\n#2 0x55dbec8c4a66 <unknown>\n#3 0x55dbec8c09c0 <unknown>\n#4 0x55dbec9097f0 <unknown>\n#5 0x55dbec8fd1f3 <unknown>\n#6 0x55dbec8ce28a <unknown>\n#7 0x55dbec8cec5e <unknown>\n#8 0x55dbecb660eb <unknown>\n#9 0x55dbecb6a03b <unknown>\n#10 0x55dbecb52201 <unknown>\n#11 0x55dbecb6aba2 <unknown>\n#12 0x55dbecb370bf <unknown>\n#13 0x55dbecb90f18 <unknown>\n#14 0x55dbecb910f0 <unknown>\n#15 0x55dbecba0f14 <unknown>\n#16 0x7fced5e94ac3 <unknown>","time":{"start":1715819598907,"stop":1715819599733,"duration":826}},{"uid":"57464b8f00f78297","reportUrl":"https://robbrad.github.io/UKBinCollectionData/3.11/1781//#testresult/57464b8f00f78297","status":"failed","statusDetails":"selenium.common.exceptions.SessionNotCreatedException: Message: session not created: Chrome failed to start: exited normally.\n  (session not created: DevToolsActivePort file doesn't exist)\n  (The process started from chrome location /opt/google/chrome/chrome is no longer running, so ChromeDriver is assuming that Chrome has crashed.)\nStacktrace:\n#0 0x55a24ccb7dc3 <unknown>\n#1 0x55a24c9a64e7 <unknown>\n#2 0x55a24c9daa66 <unknown>\n#3 0x55a24c9d69c0 <unknown>\n#4 0x55a24ca1f7f0 <unknown>\n#5 0x55a24ca131f3 <unknown>\n#6 0x55a24c9e428a <unknown>\n#7 0x55a24c9e4c5e <unknown>\n#8 0x55a24cc7c0eb <unknown>\n#9 0x55a24cc8003b <unknown>\n#10 0x55a24cc68201 <unknown>\n#11 0x55a24cc80ba2 <unknown>\n#12 0x55a24cc4d0bf <unknown>\n#13 0x55a24cca6f18 <unknown>\n#14 0x55a24cca70f0 <unknown>\n#15 0x55a24ccb6f14 <unknown>\n#16 0x7fab99694ac3 <unknown>","time":{"start":1715733209643,"stop":1715733210669,"duration":1026}},{"uid":"e9c4a5a62229de0c","reportUrl":"https://robbrad.github.io/UKBinCollectionData/3.11/1776//#testresult/e9c4a5a62229de0c","status":"failed","statusDetails":"selenium.common.exceptions.SessionNotCreatedException: Message: session not created: Chrome failed to start: exited normally.\n  (session not created: DevToolsActivePort file doesn't exist)\n  (The process started from chrome location /opt/google/chrome/chrome is no longer running, so ChromeDriver is assuming that Chrome has crashed.)\nStacktrace:\n#0 0x558ed9542dc3 <unknown>\n#1 0x558ed92314e7 <unknown>\n#2 0x558ed9265a66 <unknown>\n#3 0x558ed92619c0 <unknown>\n#4 0x558ed92aa7f0 <unknown>\n#5 0x558ed929e1f3 <unknown>\n#6 0x558ed926f28a <unknown>\n#7 0x558ed926fc5e <unknown>\n#8 0x558ed95070eb <unknown>\n#9 0x558ed950b03b <unknown>\n#10 0x558ed94f3201 <unknown>\n#11 0x558ed950bba2 <unknown>\n#12 0x558ed94d80bf <unknown>\n#13 0x558ed9531f18 <unknown>\n#14 0x558ed95320f0 <unknown>\n#15 0x558ed9541f14 <unknown>\n#16 0x7f4ba5294ac3 <unknown>","time":{"start":1715720059873,"stop":1715720060897,"duration":1024}},{"uid":"2cb668035a95e51a","reportUrl":"https://robbrad.github.io/UKBinCollectionData/3.11/1766//#testresult/2cb668035a95e51a","status":"failed","statusDetails":"selenium.common.exceptions.SessionNotCreatedException: Message: session not created: Chrome failed to start: exited normally.\n  (session not created: DevToolsActivePort file doesn't exist)\n  (The process started from chrome location /opt/google/chrome/chrome is no longer running, so ChromeDriver is assuming that Chrome has crashed.)\nStacktrace:\n#0 0x5585b2358dc3 <unknown>\n#1 0x5585b20474e7 <unknown>\n#2 0x5585b207ba66 <unknown>\n#3 0x5585b20779c0 <unknown>\n#4 0x5585b20c07f0 <unknown>\n#5 0x5585b20b41f3 <unknown>\n#6 0x5585b208528a <unknown>\n#7 0x5585b2085c5e <unknown>\n#8 0x5585b231d0eb <unknown>\n#9 0x5585b232103b <unknown>\n#10 0x5585b2309201 <unknown>\n#11 0x5585b2321ba2 <unknown>\n#12 0x5585b22ee0bf <unknown>\n#13 0x5585b2347f18 <unknown>\n#14 0x5585b23480f0 <unknown>\n#15 0x5585b2357f14 <unknown>\n#16 0x7f6404c94ac3 <unknown>","time":{"start":1715646720274,"stop":1715646722004,"duration":1730}},{"uid":"c9a54cbf355ea9fa","reportUrl":"https://robbrad.github.io/UKBinCollectionData/3.11/1765//#testresult/c9a54cbf355ea9fa","status":"failed","statusDetails":"selenium.common.exceptions.SessionNotCreatedException: Message: session not created: Chrome failed to start: exited normally.\n  (session not created: DevToolsActivePort file doesn't exist)\n  (The process started from chrome location /opt/google/chrome/chrome is no longer running, so ChromeDriver is assuming that Chrome has crashed.)\nStacktrace:\n#0 0x55bbe73ebe43 <unknown>\n#1 0x55bbe70da4e7 <unknown>\n#2 0x55bbe710ea66 <unknown>\n#3 0x55bbe710a9c0 <unknown>\n#4 0x55bbe71537f0 <unknown>\n#5 0x55bbe71471f3 <unknown>\n#6 0x55bbe711828a <unknown>\n#7 0x55bbe7118c5e <unknown>\n#8 0x55bbe73b016b <unknown>\n#9 0x55bbe73b40bb <unknown>\n#10 0x55bbe739c281 <unknown>\n#11 0x55bbe73b4c22 <unknown>\n#12 0x55bbe738113f <unknown>\n#13 0x55bbe73daf98 <unknown>\n#14 0x55bbe73db170 <unknown>\n#15 0x55bbe73eaf94 <unknown>\n#16 0x7f0187894ac3 <unknown>","time":{"start":1715560391709,"stop":1715560392928,"duration":1219}},{"uid":"37a513e9a4b798e2","reportUrl":"https://robbrad.github.io/UKBinCollectionData/3.11/1764//#testresult/37a513e9a4b798e2","status":"failed","statusDetails":"selenium.common.exceptions.SessionNotCreatedException: Message: session not created: Chrome failed to start: exited normally.\n  (session not created: DevToolsActivePort file doesn't exist)\n  (The process started from chrome location /opt/google/chrome/chrome is no longer running, so ChromeDriver is assuming that Chrome has crashed.)\nStacktrace:\n#0 0x5577e9c1ae43 <unknown>\n#1 0x5577e99094e7 <unknown>\n#2 0x5577e993da66 <unknown>\n#3 0x5577e99399c0 <unknown>\n#4 0x5577e99827f0 <unknown>\n#5 0x5577e99761f3 <unknown>\n#6 0x5577e994728a <unknown>\n#7 0x5577e9947c5e <unknown>\n#8 0x5577e9bdf16b <unknown>\n#9 0x5577e9be30bb <unknown>\n#10 0x5577e9bcb281 <unknown>\n#11 0x5577e9be3c22 <unknown>\n#12 0x5577e9bb013f <unknown>\n#13 0x5577e9c09f98 <unknown>\n#14 0x5577e9c0a170 <unknown>\n#15 0x5577e9c19f94 <unknown>\n#16 0x7fed83e94ac3 <unknown>","time":{"start":1715474135574,"stop":1715474136514,"duration":940}},{"uid":"52a3351da3d5c170","reportUrl":"https://robbrad.github.io/UKBinCollectionData/3.11/1763//#testresult/52a3351da3d5c170","status":"failed","statusDetails":"selenium.common.exceptions.SessionNotCreatedException: Message: session not created: Chrome failed to start: exited normally.\n  (session not created: DevToolsActivePort file doesn't exist)\n  (The process started from chrome location /opt/google/chrome/chrome is no longer running, so ChromeDriver is assuming that Chrome has crashed.)\nStacktrace:\n#0 0x5646a1286e43 <unknown>\n#1 0x5646a0f754e7 <unknown>\n#2 0x5646a0fa9a66 <unknown>\n#3 0x5646a0fa59c0 <unknown>\n#4 0x5646a0fee7f0 <unknown>\n#5 0x5646a0fe21f3 <unknown>\n#6 0x5646a0fb328a <unknown>\n#7 0x5646a0fb3c5e <unknown>\n#8 0x5646a124b16b <unknown>\n#9 0x5646a124f0bb <unknown>\n#10 0x5646a1237281 <unknown>\n#11 0x5646a124fc22 <unknown>\n#12 0x5646a121c13f <unknown>\n#13 0x5646a1275f98 <unknown>\n#14 0x5646a1276170 <unknown>\n#15 0x5646a1285f94 <unknown>\n#16 0x7f5a77e94ac3 <unknown>","time":{"start":1715387522778,"stop":1715387523723,"duration":945}},{"uid":"cd9a736ba985906c","reportUrl":"https://robbrad.github.io/UKBinCollectionData/3.11/1762//#testresult/cd9a736ba985906c","status":"failed","statusDetails":"selenium.common.exceptions.SessionNotCreatedException: Message: session not created: Chrome failed to start: exited normally.\n  (session not created: DevToolsActivePort file doesn't exist)\n  (The process started from chrome location /opt/google/chrome/chrome is no longer running, so ChromeDriver is assuming that Chrome has crashed.)\nStacktrace:\n#0 0x55e786fc8e43 <unknown>\n#1 0x55e786cb74e7 <unknown>\n#2 0x55e786ceba66 <unknown>\n#3 0x55e786ce79c0 <unknown>\n#4 0x55e786d307f0 <unknown>\n#5 0x55e786d241f3 <unknown>\n#6 0x55e786cf528a <unknown>\n#7 0x55e786cf5c5e <unknown>\n#8 0x55e786f8d16b <unknown>\n#9 0x55e786f910bb <unknown>\n#10 0x55e786f79281 <unknown>\n#11 0x55e786f91c22 <unknown>\n#12 0x55e786f5e13f <unknown>\n#13 0x55e786fb7f98 <unknown>\n#14 0x55e786fb8170 <unknown>\n#15 0x55e786fc7f94 <unknown>\n#16 0x7fe6cc894ac3 <unknown>","time":{"start":1715301146896,"stop":1715301147731,"duration":835}},{"uid":"ac0082ef9552fa62","reportUrl":"https://robbrad.github.io/UKBinCollectionData/3.11/1760//#testresult/ac0082ef9552fa62","status":"failed","statusDetails":"selenium.common.exceptions.SessionNotCreatedException: Message: session not created: Chrome failed to start: exited normally.\n  (session not created: DevToolsActivePort file doesn't exist)\n  (The process started from chrome location /opt/google/chrome/chrome is no longer running, so ChromeDriver is assuming that Chrome has crashed.)\nStacktrace:\n#0 0x55d870d62df3 <unknown>\n#1 0x55d870a514e7 <unknown>\n#2 0x55d870a85a66 <unknown>\n#3 0x55d870a819c0 <unknown>\n#4 0x55d870aca7f0 <unknown>\n#5 0x55d870abe1f3 <unknown>\n#6 0x55d870a8f28a <unknown>\n#7 0x55d870a8fc5e <unknown>\n#8 0x55d870d2711b <unknown>\n#9 0x55d870d2b06b <unknown>\n#10 0x55d870d13231 <unknown>\n#11 0x55d870d2bbd2 <unknown>\n#12 0x55d870cf80ef <unknown>\n#13 0x55d870d51f48 <unknown>\n#14 0x55d870d52120 <unknown>\n#15 0x55d870d61f44 <unknown>\n#16 0x7f3703e94ac3 <unknown>","time":{"start":1715285285038,"stop":1715285286023,"duration":985}},{"uid":"60bd6d257cb7b971","reportUrl":"https://robbrad.github.io/UKBinCollectionData/3.11/1756//#testresult/60bd6d257cb7b971","status":"failed","statusDetails":"selenium.common.exceptions.SessionNotCreatedException: Message: session not created: Chrome failed to start: exited normally.\n  (session not created: DevToolsActivePort file doesn't exist)\n  (The process started from chrome location /opt/google/chrome/chrome is no longer running, so ChromeDriver is assuming that Chrome has crashed.)\nStacktrace:\n#0 0x556450627df3 <unknown>\n#1 0x5564503164e7 <unknown>\n#2 0x55645034aa66 <unknown>\n#3 0x5564503469c0 <unknown>\n#4 0x55645038f7f0 <unknown>\n#5 0x5564503831f3 <unknown>\n#6 0x55645035428a <unknown>\n#7 0x556450354c5e <unknown>\n#8 0x5564505ec11b <unknown>\n#9 0x5564505f006b <unknown>\n#10 0x5564505d8231 <unknown>\n#11 0x5564505f0bd2 <unknown>\n#12 0x5564505bd0ef <unknown>\n#13 0x556450616f48 <unknown>\n#14 0x556450617120 <unknown>\n#15 0x556450626f44 <unknown>\n#16 0x7fcc0c494ac3 <unknown>","time":{"start":1715214662177,"stop":1715214663228,"duration":1051}},{"uid":"a514ed501c101847","reportUrl":"https://robbrad.github.io/UKBinCollectionData/3.11/1743//#testresult/a514ed501c101847","status":"failed","statusDetails":"selenium.common.exceptions.SessionNotCreatedException: Message: session not created: Chrome failed to start: exited normally.\n  (session not created: DevToolsActivePort file doesn't exist)\n  (The process started from chrome location /opt/google/chrome/chrome is no longer running, so ChromeDriver is assuming that Chrome has crashed.)\nStacktrace:\n#0 0x5635f2a68cb3 <unknown>\n#1 0x5635f27574a7 <unknown>\n#2 0x5635f278ba26 <unknown>\n#3 0x5635f2787980 <unknown>\n#4 0x5635f27d07b0 <unknown>\n#5 0x5635f27c41b3 <unknown>\n#6 0x5635f279524a <unknown>\n#7 0x5635f2795c1e <unknown>\n#8 0x5635f2a2cfdb <unknown>\n#9 0x5635f2a30f2b <unknown>\n#10 0x5635f2a190f1 <unknown>\n#11 0x5635f2a31a92 <unknown>\n#12 0x5635f29fdfaf <unknown>\n#13 0x5635f2a57e08 <unknown>\n#14 0x5635f2a57fe0 <unknown>\n#15 0x5635f2a67e04 <unknown>\n#16 0x7fecbf894ac3 <unknown>","time":{"start":1715041901853,"stop":1715041902686,"duration":833}},{"uid":"58afdef394bdddef","reportUrl":"https://robbrad.github.io/UKBinCollectionData/3.11/1742//#testresult/58afdef394bdddef","status":"failed","statusDetails":"selenium.common.exceptions.SessionNotCreatedException: Message: session not created: Chrome failed to start: exited normally.\n  (session not created: DevToolsActivePort file doesn't exist)\n  (The process started from chrome location /opt/google/chrome/chrome is no longer running, so ChromeDriver is assuming that Chrome has crashed.)\nStacktrace:\n#0 0x55ddb5240cb3 <unknown>\n#1 0x55ddb4f2f4a7 <unknown>\n#2 0x55ddb4f63a26 <unknown>\n#3 0x55ddb4f5f980 <unknown>\n#4 0x55ddb4fa87b0 <unknown>\n#5 0x55ddb4f9c1b3 <unknown>\n#6 0x55ddb4f6d24a <unknown>\n#7 0x55ddb4f6dc1e <unknown>\n#8 0x55ddb5204fdb <unknown>\n#9 0x55ddb5208f2b <unknown>\n#10 0x55ddb51f10f1 <unknown>\n#11 0x55ddb5209a92 <unknown>\n#12 0x55ddb51d5faf <unknown>\n#13 0x55ddb522fe08 <unknown>\n#14 0x55ddb522ffe0 <unknown>\n#15 0x55ddb523fe04 <unknown>\n#16 0x7fb2ae894ac3 <unknown>","time":{"start":1714955621256,"stop":1714955622107,"duration":851}},{"uid":"185be8f73ba1cba7","reportUrl":"https://robbrad.github.io/UKBinCollectionData/3.11/1741//#testresult/185be8f73ba1cba7","status":"failed","statusDetails":"selenium.common.exceptions.SessionNotCreatedException: Message: session not created: Chrome failed to start: exited normally.\n  (session not created: DevToolsActivePort file doesn't exist)\n  (The process started from chrome location /opt/google/chrome/chrome is no longer running, so ChromeDriver is assuming that Chrome has crashed.)\nStacktrace:\n#0 0x5612a20e8cb3 <unknown>\n#1 0x5612a1dd74a7 <unknown>\n#2 0x5612a1e0ba26 <unknown>\n#3 0x5612a1e07980 <unknown>\n#4 0x5612a1e507b0 <unknown>\n#5 0x5612a1e441b3 <unknown>\n#6 0x5612a1e1524a <unknown>\n#7 0x5612a1e15c1e <unknown>\n#8 0x5612a20acfdb <unknown>\n#9 0x5612a20b0f2b <unknown>\n#10 0x5612a20990f1 <unknown>\n#11 0x5612a20b1a92 <unknown>\n#12 0x5612a207dfaf <unknown>\n#13 0x5612a20d7e08 <unknown>\n#14 0x5612a20d7fe0 <unknown>\n#15 0x5612a20e7e04 <unknown>\n#16 0x7f1499094ac3 <unknown>","time":{"start":1714869295819,"stop":1714869297017,"duration":1198}},{"uid":"84a2fd5ef07845c7","reportUrl":"https://robbrad.github.io/UKBinCollectionData/3.11/1740//#testresult/84a2fd5ef07845c7","status":"failed","statusDetails":"selenium.common.exceptions.SessionNotCreatedException: Message: session not created: Chrome failed to start: exited normally.\n  (session not created: DevToolsActivePort file doesn't exist)\n  (The process started from chrome location /opt/google/chrome/chrome is no longer running, so ChromeDriver is assuming that Chrome has crashed.)\nStacktrace:\n#0 0x5565c5be9cb3 <unknown>\n#1 0x5565c58d84a7 <unknown>\n#2 0x5565c590ca26 <unknown>\n#3 0x5565c5908980 <unknown>\n#4 0x5565c59517b0 <unknown>\n#5 0x5565c59451b3 <unknown>\n#6 0x5565c591624a <unknown>\n#7 0x5565c5916c1e <unknown>\n#8 0x5565c5badfdb <unknown>\n#9 0x5565c5bb1f2b <unknown>\n#10 0x5565c5b9a0f1 <unknown>\n#11 0x5565c5bb2a92 <unknown>\n#12 0x5565c5b7efaf <unknown>\n#13 0x5565c5bd8e08 <unknown>\n#14 0x5565c5bd8fe0 <unknown>\n#15 0x5565c5be8e04 <unknown>\n#16 0x7fe5f4c94ac3 <unknown>","time":{"start":1714782684623,"stop":1714782685863,"duration":1240}},{"uid":"e4568aca3224f651","reportUrl":"https://robbrad.github.io/UKBinCollectionData/3.11/1739//#testresult/e4568aca3224f651","status":"failed","statusDetails":"selenium.common.exceptions.SessionNotCreatedException: Message: session not created: Chrome failed to start: exited normally.\n  (session not created: DevToolsActivePort file doesn't exist)\n  (The process started from chrome location /opt/google/chrome/chrome is no longer running, so ChromeDriver is assuming that Chrome has crashed.)\nStacktrace:\n#0 0x5563c4858cb3 <unknown>\n#1 0x5563c45474a7 <unknown>\n#2 0x5563c457ba26 <unknown>\n#3 0x5563c4577980 <unknown>\n#4 0x5563c45c07b0 <unknown>\n#5 0x5563c45b41b3 <unknown>\n#6 0x5563c458524a <unknown>\n#7 0x5563c4585c1e <unknown>\n#8 0x5563c481cfdb <unknown>\n#9 0x5563c4820f2b <unknown>\n#10 0x5563c48090f1 <unknown>\n#11 0x5563c4821a92 <unknown>\n#12 0x5563c47edfaf <unknown>\n#13 0x5563c4847e08 <unknown>\n#14 0x5563c4847fe0 <unknown>\n#15 0x5563c4857e04 <unknown>\n#16 0x7fe349e94ac3 <unknown>","time":{"start":1714696269373,"stop":1714696270444,"duration":1071}},{"uid":"9b80b5f5b535c14f","reportUrl":"https://robbrad.github.io/UKBinCollectionData/3.11/1738//#testresult/9b80b5f5b535c14f","status":"failed","statusDetails":"selenium.common.exceptions.SessionNotCreatedException: Message: session not created: Chrome failed to start: exited normally.\n  (session not created: DevToolsActivePort file doesn't exist)\n  (The process started from chrome location /opt/google/chrome/chrome is no longer running, so ChromeDriver is assuming that Chrome has crashed.)\nStacktrace:\n#0 0x55811731ecb3 <unknown>\n#1 0x55811700d4a7 <unknown>\n#2 0x558117041a26 <unknown>\n#3 0x55811703d980 <unknown>\n#4 0x5581170867b0 <unknown>\n#5 0x55811707a1b3 <unknown>\n#6 0x55811704b24a <unknown>\n#7 0x55811704bc1e <unknown>\n#8 0x5581172e2fdb <unknown>\n#9 0x5581172e6f2b <unknown>\n#10 0x5581172cf0f1 <unknown>\n#11 0x5581172e7a92 <unknown>\n#12 0x5581172b3faf <unknown>\n#13 0x55811730de08 <unknown>\n#14 0x55811730dfe0 <unknown>\n#15 0x55811731de04 <unknown>\n#16 0x7fe28b294ac3 <unknown>","time":{"start":1714609860356,"stop":1714609861846,"duration":1490}},{"uid":"4f4c40434d062bc5","reportUrl":"https://robbrad.github.io/UKBinCollectionData/3.11/1735//#testresult/4f4c40434d062bc5","status":"failed","statusDetails":"selenium.common.exceptions.SessionNotCreatedException: Message: session not created: Chrome failed to start: exited normally.\n  (session not created: DevToolsActivePort file doesn't exist)\n  (The process started from chrome location /opt/google/chrome/chrome is no longer running, so ChromeDriver is assuming that Chrome has crashed.)\nStacktrace:\n#0 0x556f5ab2acb3 <unknown>\n#1 0x556f5a8194a7 <unknown>\n#2 0x556f5a84da26 <unknown>\n#3 0x556f5a849980 <unknown>\n#4 0x556f5a8927b0 <unknown>\n#5 0x556f5a8861b3 <unknown>\n#6 0x556f5a85724a <unknown>\n#7 0x556f5a857c1e <unknown>\n#8 0x556f5aaeefdb <unknown>\n#9 0x556f5aaf2f2b <unknown>\n#10 0x556f5aadb0f1 <unknown>\n#11 0x556f5aaf3a92 <unknown>\n#12 0x556f5aabffaf <unknown>\n#13 0x556f5ab19e08 <unknown>\n#14 0x556f5ab19fe0 <unknown>\n#15 0x556f5ab29e04 <unknown>\n#16 0x7f76dc694ac3 <unknown>","time":{"start":1714523568411,"stop":1714523569598,"duration":1187}},{"uid":"72ff0d2363c6afcf","reportUrl":"https://robbrad.github.io/UKBinCollectionData/3.11/1734//#testresult/72ff0d2363c6afcf","status":"failed","statusDetails":"selenium.common.exceptions.SessionNotCreatedException: Message: session not created: Chrome failed to start: exited normally.\n  (session not created: DevToolsActivePort file doesn't exist)\n  (The process started from chrome location /opt/google/chrome/chrome is no longer running, so ChromeDriver is assuming that Chrome has crashed.)\nStacktrace:\n#0 0x55ee95185cb3 <unknown>\n#1 0x55ee94e744a7 <unknown>\n#2 0x55ee94ea8a26 <unknown>\n#3 0x55ee94ea4980 <unknown>\n#4 0x55ee94eed7b0 <unknown>\n#5 0x55ee94ee11b3 <unknown>\n#6 0x55ee94eb224a <unknown>\n#7 0x55ee94eb2c1e <unknown>\n#8 0x55ee95149fdb <unknown>\n#9 0x55ee9514df2b <unknown>\n#10 0x55ee951360f1 <unknown>\n#11 0x55ee9514ea92 <unknown>\n#12 0x55ee9511afaf <unknown>\n#13 0x55ee95174e08 <unknown>\n#14 0x55ee95174fe0 <unknown>\n#15 0x55ee95184e04 <unknown>\n#16 0x7f5f38694ac3 <unknown>","time":{"start":1714436975542,"stop":1714436976493,"duration":951}},{"uid":"de35e47cd66acb45","reportUrl":"https://robbrad.github.io/UKBinCollectionData/3.11/1732//#testresult/de35e47cd66acb45","status":"failed","statusDetails":"selenium.common.exceptions.SessionNotCreatedException: Message: session not created: Chrome failed to start: exited normally.\n  (session not created: DevToolsActivePort file doesn't exist)\n  (The process started from chrome location /opt/google/chrome/chrome is no longer running, so ChromeDriver is assuming that Chrome has crashed.)\nStacktrace:\n#0 0x560de0666cb3 <unknown>\n#1 0x560de03554a7 <unknown>\n#2 0x560de0389a26 <unknown>\n#3 0x560de0385980 <unknown>\n#4 0x560de03ce7b0 <unknown>\n#5 0x560de03c21b3 <unknown>\n#6 0x560de039324a <unknown>\n#7 0x560de0393c1e <unknown>\n#8 0x560de062afdb <unknown>\n#9 0x560de062ef2b <unknown>\n#10 0x560de06170f1 <unknown>\n#11 0x560de062fa92 <unknown>\n#12 0x560de05fbfaf <unknown>\n#13 0x560de0655e08 <unknown>\n#14 0x560de0655fe0 <unknown>\n#15 0x560de0665e04 <unknown>\n#16 0x7f89cec94ac3 <unknown>","time":{"start":1714350856041,"stop":1714350857443,"duration":1402}},{"uid":"72d0915f3e41eff3","reportUrl":"https://robbrad.github.io/UKBinCollectionData/3.11/1724//#testresult/72d0915f3e41eff3","status":"failed","statusDetails":"selenium.common.exceptions.SessionNotCreatedException: Message: session not created: Chrome failed to start: exited normally.\n  (session not created: DevToolsActivePort file doesn't exist)\n  (The process started from chrome location /opt/google/chrome/chrome is no longer running, so ChromeDriver is assuming that Chrome has crashed.)\nStacktrace:\n#0 0x558af68c0cb3 <unknown>\n#1 0x558af65af4a7 <unknown>\n#2 0x558af65e3a26 <unknown>\n#3 0x558af65df980 <unknown>\n#4 0x558af66287b0 <unknown>\n#5 0x558af661c1b3 <unknown>\n#6 0x558af65ed24a <unknown>\n#7 0x558af65edc1e <unknown>\n#8 0x558af6884fdb <unknown>\n#9 0x558af6888f2b <unknown>\n#10 0x558af68710f1 <unknown>\n#11 0x558af6889a92 <unknown>\n#12 0x558af6855faf <unknown>\n#13 0x558af68afe08 <unknown>\n#14 0x558af68affe0 <unknown>\n#15 0x558af68bfe04 <unknown>\n#16 0x7f5797e94ac3 <unknown>","time":{"start":1714264480803,"stop":1714264481686,"duration":883}}]},"tags":[]},"source":"a354fcf0c7b5c104.json","parameterValues":["WestBerkshireCouncil","local","http://selenium:4444"]}