{"uid":"6b80e53badce98c2","name":"Validate Council Output [NeathPortTalbotCouncil-http://selenium:4444-local]","fullName":"features/validate_council_outputs.feature:Validate Council Output","historyId":"68717d64a9b5b73045a4198b6f1e2a64","time":{"start":1704113737527,"stop":1704113740763,"duration":3236},"status":"failed","statusMessage":"selenium.common.exceptions.NoSuchElementException: Message: no such element: Unable to locate element: {\"method\":\"css selector\",\"selector\":\"[id=\"ContentPlaceHolderDefault_ctl13_nptLLPG2_25_addresslookup_txtTmpPostcode\"]\"}\n  (Session info: chrome-headless-shell=120.0.6099.109); For documentation on this error, please visit: https://www.selenium.dev/documentation/webdriver/troubleshooting/errors#no-such-element-exception\nStacktrace:\n#0 0x5562df7a4f83 <unknown>\n#1 0x5562df45dcf7 <unknown>\n#2 0x5562df4ad99e <unknown>\n#3 0x5562df4adaa1 <unknown>\n#4 0x5562df4f8d64 <unknown>\n#5 0x5562df4d70dd <unknown>\n#6 0x5562df4f6006 <unknown>\n#7 0x5562df4d6e53 <unknown>\n#8 0x5562df49edd4 <unknown>\n#9 0x5562df4a01de <unknown>\n#10 0x5562df769531 <unknown>\n#11 0x5562df76d455 <unknown>\n#12 0x5562df755f55 <unknown>\n#13 0x5562df76e0ef <unknown>\n#14 0x5562df73999f <unknown>\n#15 0x5562df792008 <unknown>\n#16 0x5562df7921d7 <unknown>\n#17 0x5562df7a4124 <unknown>\n#18 0x7fc39e894ac3 <unknown>","statusTrace":"fixturefunc = <function scrape_step at 0x7f742b2d3640>\nrequest = <FixtureRequest for <Function test_scenario_outline[NeathPortTalbotCouncil-http://selenium:4444-local]>>\nkwargs = {'context': <test_validate_council.context.<locals>.Context object at 0x7f741d90e620>, 'council': 'NeathPortTalbotCouncil', 'selenium_mode': 'local', 'selenium_url': 'http://selenium:4444'}\n\n    def call_fixture_func(\n        fixturefunc: \"_FixtureFunc[FixtureValue]\", request: FixtureRequest, kwargs\n    ) -> FixtureValue:\n        if is_generator(fixturefunc):\n            fixturefunc = cast(\n                Callable[..., Generator[FixtureValue, None, None]], fixturefunc\n            )\n            generator = fixturefunc(**kwargs)\n            try:\n                fixture_result = next(generator)\n            except StopIteration:\n                raise ValueError(f\"{request.fixturename} did not yield a value\") from None\n            finalizer = functools.partial(_teardown_yield_fixture, fixturefunc, generator)\n            request.addfinalizer(finalizer)\n        else:\n            fixturefunc = cast(Callable[..., FixtureValue], fixturefunc)\n>           fixture_result = fixturefunc(**kwargs)\n\n../../../.cache/pypoetry/virtualenvs/uk-bin-collection-EwS6Gn8s-py3.10/lib/python3.10/site-packages/_pytest/fixtures.py:902: \n_ _ _ _ _ _ _ _ _ _ _ _ _ _ _ _ _ _ _ _ _ _ _ _ _ _ _ _ _ _ _ _ _ _ _ _ _ _ _ _ \nuk_bin_collection/tests/step_defs/test_validate_council.py:75: in scrape_step\n    raise (err)\nuk_bin_collection/tests/step_defs/test_validate_council.py:71: in scrape_step\n    context.parse_result = CollectData.run()\nuk_bin_collection/uk_bin_collection/collect_data.py:89: in run\n    return self.client_code(\nuk_bin_collection/uk_bin_collection/collect_data.py:76: in client_code\n    return get_bin_data_class.template_method(address_url, **kwargs)\nuk_bin_collection/uk_bin_collection/get_bin_data.py:76: in template_method\n    bin_data_dict = self.parse_data(\nuk_bin_collection/uk_bin_collection/councils/NeathPortTalbotCouncil.py:39: in parse_data\n    inputElement_postcode = driver.find_element(\n../../../.cache/pypoetry/virtualenvs/uk-bin-collection-EwS6Gn8s-py3.10/lib/python3.10/site-packages/selenium/webdriver/remote/webdriver.py:738: in find_element\n    return self.execute(Command.FIND_ELEMENT, {\"using\": by, \"value\": value})[\"value\"]\n../../../.cache/pypoetry/virtualenvs/uk-bin-collection-EwS6Gn8s-py3.10/lib/python3.10/site-packages/selenium/webdriver/remote/webdriver.py:344: in execute\n    self.error_handler.check_response(response)\n_ _ _ _ _ _ _ _ _ _ _ _ _ _ _ _ _ _ _ _ _ _ _ _ _ _ _ _ _ _ _ _ _ _ _ _ _ _ _ _ \n\nself = <selenium.webdriver.remote.errorhandler.ErrorHandler object at 0x7f741d536d10>\nresponse = {'status': 404, 'value': '{\"value\":{\"error\":\"no such element\",\"message\":\"no such element: Unable to locate element: {\\...\\\\n#16 0x5562df7921d7 \\\\u003Cunknown>\\\\n#17 0x5562df7a4124 \\\\u003Cunknown>\\\\n#18 0x7fc39e894ac3 \\\\u003Cunknown>\\\\n\"}}'}\n\n    def check_response(self, response: Dict[str, Any]) -> None:\n        \"\"\"Checks that a JSON response from the WebDriver does not have an\n        error.\n    \n        :Args:\n         - response - The JSON response from the WebDriver server as a dictionary\n           object.\n    \n        :Raises: If the response contains an error message.\n        \"\"\"\n        status = response.get(\"status\", None)\n        if not status or status == ErrorCode.SUCCESS:\n            return\n        value = None\n        message = response.get(\"message\", \"\")\n        screen: str = response.get(\"screen\", \"\")\n        stacktrace = None\n        if isinstance(status, int):\n            value_json = response.get(\"value\", None)\n            if value_json and isinstance(value_json, str):\n                import json\n    \n                try:\n                    value = json.loads(value_json)\n                    if len(value) == 1:\n                        value = value[\"value\"]\n                    status = value.get(\"error\", None)\n                    if not status:\n                        status = value.get(\"status\", ErrorCode.UNKNOWN_ERROR)\n                        message = value.get(\"value\") or value.get(\"message\")\n                        if not isinstance(message, str):\n                            value = message\n                            message = message.get(\"message\")\n                    else:\n                        message = value.get(\"message\", None)\n                except ValueError:\n                    pass\n    \n        exception_class: Type[WebDriverException]\n        e = ErrorCode()\n        error_codes = [item for item in dir(e) if not item.startswith(\"__\")]\n        for error_code in error_codes:\n            error_info = getattr(ErrorCode, error_code)\n            if isinstance(error_info, list) and status in error_info:\n                exception_class = getattr(ExceptionMapping, error_code, WebDriverException)\n                break\n        else:\n            exception_class = WebDriverException\n    \n        if not value:\n            value = response[\"value\"]\n        if isinstance(value, str):\n            raise exception_class(value)\n        if message == \"\" and \"message\" in value:\n            message = value[\"message\"]\n    \n        screen = None  # type: ignore[assignment]\n        if \"screen\" in value:\n            screen = value[\"screen\"]\n    \n        stacktrace = None\n        st_value = value.get(\"stackTrace\") or value.get(\"stacktrace\")\n        if st_value:\n            if isinstance(st_value, str):\n                stacktrace = st_value.split(\"\\n\")\n            else:\n                stacktrace = []\n                try:\n                    for frame in st_value:\n                        line = frame.get(\"lineNumber\", \"\")\n                        file = frame.get(\"fileName\", \"<anonymous>\")\n                        if line:\n                            file = f\"{file}:{line}\"\n                        meth = frame.get(\"methodName\", \"<anonymous>\")\n                        if \"className\" in frame:\n                            meth = f\"{frame['className']}.{meth}\"\n                        msg = \"    at %s (%s)\"\n                        msg = msg % (meth, file)\n                        stacktrace.append(msg)\n                except TypeError:\n                    pass\n        if exception_class == UnexpectedAlertPresentException:\n            alert_text = None\n            if \"data\" in value:\n                alert_text = value[\"data\"].get(\"text\")\n            elif \"alert\" in value:\n                alert_text = value[\"alert\"].get(\"text\")\n            raise exception_class(message, screen, stacktrace, alert_text)  # type: ignore[call-arg]  # mypy is not smart enough here\n>       raise exception_class(message, screen, stacktrace)\nE       selenium.common.exceptions.NoSuchElementException: Message: no such element: Unable to locate element: {\"method\":\"css selector\",\"selector\":\"[id=\"ContentPlaceHolderDefault_ctl13_nptLLPG2_25_addresslookup_txtTmpPostcode\"]\"}\nE         (Session info: chrome-headless-shell=120.0.6099.109); For documentation on this error, please visit: https://www.selenium.dev/documentation/webdriver/troubleshooting/errors#no-such-element-exception\nE       Stacktrace:\nE       #0 0x5562df7a4f83 <unknown>\nE       #1 0x5562df45dcf7 <unknown>\nE       #2 0x5562df4ad99e <unknown>\nE       #3 0x5562df4adaa1 <unknown>\nE       #4 0x5562df4f8d64 <unknown>\nE       #5 0x5562df4d70dd <unknown>\nE       #6 0x5562df4f6006 <unknown>\nE       #7 0x5562df4d6e53 <unknown>\nE       #8 0x5562df49edd4 <unknown>\nE       #9 0x5562df4a01de <unknown>\nE       #10 0x5562df769531 <unknown>\nE       #11 0x5562df76d455 <unknown>\nE       #12 0x5562df755f55 <unknown>\nE       #13 0x5562df76e0ef <unknown>\nE       #14 0x5562df73999f <unknown>\nE       #15 0x5562df792008 <unknown>\nE       #16 0x5562df7921d7 <unknown>\nE       #17 0x5562df7a4124 <unknown>\nE       #18 0x7fc39e894ac3 <unknown>\n\n../../../.cache/pypoetry/virtualenvs/uk-bin-collection-EwS6Gn8s-py3.10/lib/python3.10/site-packages/selenium/webdriver/remote/errorhandler.py:229: NoSuchElementException","flaky":false,"newFailed":false,"newBroken":false,"newPassed":false,"retriesCount":0,"retriesStatusChange":false,"beforeStages":[],"testStage":{"status":"failed","statusMessage":"selenium.common.exceptions.NoSuchElementException: Message: no such element: Unable to locate element: {\"method\":\"css selector\",\"selector\":\"[id=\"ContentPlaceHolderDefault_ctl13_nptLLPG2_25_addresslookup_txtTmpPostcode\"]\"}\n  (Session info: chrome-headless-shell=120.0.6099.109); For documentation on this error, please visit: https://www.selenium.dev/documentation/webdriver/troubleshooting/errors#no-such-element-exception\nStacktrace:\n#0 0x5562df7a4f83 <unknown>\n#1 0x5562df45dcf7 <unknown>\n#2 0x5562df4ad99e <unknown>\n#3 0x5562df4adaa1 <unknown>\n#4 0x5562df4f8d64 <unknown>\n#5 0x5562df4d70dd <unknown>\n#6 0x5562df4f6006 <unknown>\n#7 0x5562df4d6e53 <unknown>\n#8 0x5562df49edd4 <unknown>\n#9 0x5562df4a01de <unknown>\n#10 0x5562df769531 <unknown>\n#11 0x5562df76d455 <unknown>\n#12 0x5562df755f55 <unknown>\n#13 0x5562df76e0ef <unknown>\n#14 0x5562df73999f <unknown>\n#15 0x5562df792008 <unknown>\n#16 0x5562df7921d7 <unknown>\n#17 0x5562df7a4124 <unknown>\n#18 0x7fc39e894ac3 <unknown>","statusTrace":"fixturefunc = <function scrape_step at 0x7f742b2d3640>\nrequest = <FixtureRequest for <Function test_scenario_outline[NeathPortTalbotCouncil-http://selenium:4444-local]>>\nkwargs = {'context': <test_validate_council.context.<locals>.Context object at 0x7f741d90e620>, 'council': 'NeathPortTalbotCouncil', 'selenium_mode': 'local', 'selenium_url': 'http://selenium:4444'}\n\n    def call_fixture_func(\n        fixturefunc: \"_FixtureFunc[FixtureValue]\", request: FixtureRequest, kwargs\n    ) -> FixtureValue:\n        if is_generator(fixturefunc):\n            fixturefunc = cast(\n                Callable[..., Generator[FixtureValue, None, None]], fixturefunc\n            )\n            generator = fixturefunc(**kwargs)\n            try:\n                fixture_result = next(generator)\n            except StopIteration:\n                raise ValueError(f\"{request.fixturename} did not yield a value\") from None\n            finalizer = functools.partial(_teardown_yield_fixture, fixturefunc, generator)\n            request.addfinalizer(finalizer)\n        else:\n            fixturefunc = cast(Callable[..., FixtureValue], fixturefunc)\n>           fixture_result = fixturefunc(**kwargs)\n\n../../../.cache/pypoetry/virtualenvs/uk-bin-collection-EwS6Gn8s-py3.10/lib/python3.10/site-packages/_pytest/fixtures.py:902: \n_ _ _ _ _ _ _ _ _ _ _ _ _ _ _ _ _ _ _ _ _ _ _ _ _ _ _ _ _ _ _ _ _ _ _ _ _ _ _ _ \nuk_bin_collection/tests/step_defs/test_validate_council.py:75: in scrape_step\n    raise (err)\nuk_bin_collection/tests/step_defs/test_validate_council.py:71: in scrape_step\n    context.parse_result = CollectData.run()\nuk_bin_collection/uk_bin_collection/collect_data.py:89: in run\n    return self.client_code(\nuk_bin_collection/uk_bin_collection/collect_data.py:76: in client_code\n    return get_bin_data_class.template_method(address_url, **kwargs)\nuk_bin_collection/uk_bin_collection/get_bin_data.py:76: in template_method\n    bin_data_dict = self.parse_data(\nuk_bin_collection/uk_bin_collection/councils/NeathPortTalbotCouncil.py:39: in parse_data\n    inputElement_postcode = driver.find_element(\n../../../.cache/pypoetry/virtualenvs/uk-bin-collection-EwS6Gn8s-py3.10/lib/python3.10/site-packages/selenium/webdriver/remote/webdriver.py:738: in find_element\n    return self.execute(Command.FIND_ELEMENT, {\"using\": by, \"value\": value})[\"value\"]\n../../../.cache/pypoetry/virtualenvs/uk-bin-collection-EwS6Gn8s-py3.10/lib/python3.10/site-packages/selenium/webdriver/remote/webdriver.py:344: in execute\n    self.error_handler.check_response(response)\n_ _ _ _ _ _ _ _ _ _ _ _ _ _ _ _ _ _ _ _ _ _ _ _ _ _ _ _ _ _ _ _ _ _ _ _ _ _ _ _ \n\nself = <selenium.webdriver.remote.errorhandler.ErrorHandler object at 0x7f741d536d10>\nresponse = {'status': 404, 'value': '{\"value\":{\"error\":\"no such element\",\"message\":\"no such element: Unable to locate element: {\\...\\\\n#16 0x5562df7921d7 \\\\u003Cunknown>\\\\n#17 0x5562df7a4124 \\\\u003Cunknown>\\\\n#18 0x7fc39e894ac3 \\\\u003Cunknown>\\\\n\"}}'}\n\n    def check_response(self, response: Dict[str, Any]) -> None:\n        \"\"\"Checks that a JSON response from the WebDriver does not have an\n        error.\n    \n        :Args:\n         - response - The JSON response from the WebDriver server as a dictionary\n           object.\n    \n        :Raises: If the response contains an error message.\n        \"\"\"\n        status = response.get(\"status\", None)\n        if not status or status == ErrorCode.SUCCESS:\n            return\n        value = None\n        message = response.get(\"message\", \"\")\n        screen: str = response.get(\"screen\", \"\")\n        stacktrace = None\n        if isinstance(status, int):\n            value_json = response.get(\"value\", None)\n            if value_json and isinstance(value_json, str):\n                import json\n    \n                try:\n                    value = json.loads(value_json)\n                    if len(value) == 1:\n                        value = value[\"value\"]\n                    status = value.get(\"error\", None)\n                    if not status:\n                        status = value.get(\"status\", ErrorCode.UNKNOWN_ERROR)\n                        message = value.get(\"value\") or value.get(\"message\")\n                        if not isinstance(message, str):\n                            value = message\n                            message = message.get(\"message\")\n                    else:\n                        message = value.get(\"message\", None)\n                except ValueError:\n                    pass\n    \n        exception_class: Type[WebDriverException]\n        e = ErrorCode()\n        error_codes = [item for item in dir(e) if not item.startswith(\"__\")]\n        for error_code in error_codes:\n            error_info = getattr(ErrorCode, error_code)\n            if isinstance(error_info, list) and status in error_info:\n                exception_class = getattr(ExceptionMapping, error_code, WebDriverException)\n                break\n        else:\n            exception_class = WebDriverException\n    \n        if not value:\n            value = response[\"value\"]\n        if isinstance(value, str):\n            raise exception_class(value)\n        if message == \"\" and \"message\" in value:\n            message = value[\"message\"]\n    \n        screen = None  # type: ignore[assignment]\n        if \"screen\" in value:\n            screen = value[\"screen\"]\n    \n        stacktrace = None\n        st_value = value.get(\"stackTrace\") or value.get(\"stacktrace\")\n        if st_value:\n            if isinstance(st_value, str):\n                stacktrace = st_value.split(\"\\n\")\n            else:\n                stacktrace = []\n                try:\n                    for frame in st_value:\n                        line = frame.get(\"lineNumber\", \"\")\n                        file = frame.get(\"fileName\", \"<anonymous>\")\n                        if line:\n                            file = f\"{file}:{line}\"\n                        meth = frame.get(\"methodName\", \"<anonymous>\")\n                        if \"className\" in frame:\n                            meth = f\"{frame['className']}.{meth}\"\n                        msg = \"    at %s (%s)\"\n                        msg = msg % (meth, file)\n                        stacktrace.append(msg)\n                except TypeError:\n                    pass\n        if exception_class == UnexpectedAlertPresentException:\n            alert_text = None\n            if \"data\" in value:\n                alert_text = value[\"data\"].get(\"text\")\n            elif \"alert\" in value:\n                alert_text = value[\"alert\"].get(\"text\")\n            raise exception_class(message, screen, stacktrace, alert_text)  # type: ignore[call-arg]  # mypy is not smart enough here\n>       raise exception_class(message, screen, stacktrace)\nE       selenium.common.exceptions.NoSuchElementException: Message: no such element: Unable to locate element: {\"method\":\"css selector\",\"selector\":\"[id=\"ContentPlaceHolderDefault_ctl13_nptLLPG2_25_addresslookup_txtTmpPostcode\"]\"}\nE         (Session info: chrome-headless-shell=120.0.6099.109); For documentation on this error, please visit: https://www.selenium.dev/documentation/webdriver/troubleshooting/errors#no-such-element-exception\nE       Stacktrace:\nE       #0 0x5562df7a4f83 <unknown>\nE       #1 0x5562df45dcf7 <unknown>\nE       #2 0x5562df4ad99e <unknown>\nE       #3 0x5562df4adaa1 <unknown>\nE       #4 0x5562df4f8d64 <unknown>\nE       #5 0x5562df4d70dd <unknown>\nE       #6 0x5562df4f6006 <unknown>\nE       #7 0x5562df4d6e53 <unknown>\nE       #8 0x5562df49edd4 <unknown>\nE       #9 0x5562df4a01de <unknown>\nE       #10 0x5562df769531 <unknown>\nE       #11 0x5562df76d455 <unknown>\nE       #12 0x5562df755f55 <unknown>\nE       #13 0x5562df76e0ef <unknown>\nE       #14 0x5562df73999f <unknown>\nE       #15 0x5562df792008 <unknown>\nE       #16 0x5562df7921d7 <unknown>\nE       #17 0x5562df7a4124 <unknown>\nE       #18 0x7fc39e894ac3 <unknown>\n\n../../../.cache/pypoetry/virtualenvs/uk-bin-collection-EwS6Gn8s-py3.10/lib/python3.10/site-packages/selenium/webdriver/remote/errorhandler.py:229: NoSuchElementException","steps":[{"name":"Given the council: NeathPortTalbotCouncil","time":{"start":1704113737527,"stop":1704113737527,"duration":0},"status":"passed","steps":[],"attachments":[],"parameters":[],"shouldDisplayMessage":false,"stepsCount":0,"attachmentsCount":0,"hasContent":false,"attachmentStep":false},{"name":"When we scrape the data from NeathPortTalbotCouncil using local and the http://selenium:4444 is set","time":{"start":1704113737527,"stop":1704113740762,"duration":3235},"status":"failed","statusMessage":"Message: no such element: Unable to locate element: {\"method\":\"css selector\",\"selector\":\"[id=\"ContentPlaceHolderDefault_ctl13_nptLLPG2_25_addresslookup_txtTmpPostcode\"]\"}\n  (Session info: chrome-headless-shell=120.0.6099.109); For documentation on this error, please visit: https://www.selenium.dev/documentation/webdriver/troubleshooting/errors#no-such-element-exception\nStacktrace:\n#0 0x5562df7a4f83 <unknown>\n#1 0x5562df45dcf7 <unknown>\n#2 0x5562df4ad99e <unknown>\n#3 0x5562df4adaa1 <unknown>\n#4 0x5562df4f8d64 <unknown>\n#5 0x5562df4d70dd <unknown>\n#6 0x5562df4f6006 <unknown>\n#7 0x5562df4d6e53 <unknown>\n#8 0x5562df49edd4 <unknown>\n#9 0x5562df4a01de <unknown>\n#10 0x5562df769531 <unknown>\n#11 0x5562df76d455 <unknown>\n#12 0x5562df755f55 <unknown>\n#13 0x5562df76e0ef <unknown>\n#14 0x5562df73999f <unknown>\n#15 0x5562df792008 <unknown>\n#16 0x5562df7921d7 <unknown>\n#17 0x5562df7a4124 <unknown>\n#18 0x7fc39e894ac3 <unknown>\n","statusTrace":"selenium.common.exceptions.NoSuchElementException: Message: no such element: Unable to locate element: {\"method\":\"css selector\",\"selector\":\"[id=\"ContentPlaceHolderDefault_ctl13_nptLLPG2_25_addresslookup_txtTmpPostcode\"]\"}\n  (Session info: chrome-headless-shell=120.0.6099.109); For documentation on this error, please visit: https://www.selenium.dev/documentation/webdriver/troubleshooting/errors#no-such-element-exception\nStacktrace:\n#0 0x5562df7a4f83 <unknown>\n#1 0x5562df45dcf7 <unknown>\n#2 0x5562df4ad99e <unknown>\n#3 0x5562df4adaa1 <unknown>\n#4 0x5562df4f8d64 <unknown>\n#5 0x5562df4d70dd <unknown>\n#6 0x5562df4f6006 <unknown>\n#7 0x5562df4d6e53 <unknown>\n#8 0x5562df49edd4 <unknown>\n#9 0x5562df4a01de <unknown>\n#10 0x5562df769531 <unknown>\n#11 0x5562df76d455 <unknown>\n#12 0x5562df755f55 <unknown>\n#13 0x5562df76e0ef <unknown>\n#14 0x5562df73999f <unknown>\n#15 0x5562df792008 <unknown>\n#16 0x5562df7921d7 <unknown>\n#17 0x5562df7a4124 <unknown>\n#18 0x7fc39e894ac3 <unknown>\n\n","steps":[],"attachments":[],"parameters":[],"shouldDisplayMessage":true,"stepsCount":0,"attachmentsCount":0,"hasContent":true,"attachmentStep":false}],"attachments":[],"parameters":[],"shouldDisplayMessage":true,"stepsCount":2,"attachmentsCount":0,"hasContent":true,"attachmentStep":false},"afterStages":[],"labels":[{"name":"host","value":"fv-az1543-731"},{"name":"thread","value":"2670-MainThread"},{"name":"framework","value":"pytest-bdd"},{"name":"language","value":"cpython3"},{"name":"feature","value":"Test each council output matches expected results"},{"name":"resultFormat","value":"allure2"}],"parameters":[{"name":"council","value":"NeathPortTalbotCouncil"},{"name":"selenium_mode","value":"local"},{"name":"selenium_url","value":"http://selenium:4444"}],"links":[],"hidden":false,"retry":false,"extra":{"severity":"normal","retries":[],"categories":[{"name":"Product defects","matchedStatuses":[],"flaky":false}],"history":{"statistic":{"failed":99,"broken":0,"skipped":0,"passed":13,"unknown":0,"total":112},"items":[{"uid":"bc2ec4fd1b65ff4b","reportUrl":"https://robbrad.github.io/UKBinCollectionData/3.10/1341//#testresult/bc2ec4fd1b65ff4b","status":"failed","statusDetails":"selenium.common.exceptions.NoSuchElementException: Message: no such element: Unable to locate element: {\"method\":\"css selector\",\"selector\":\"[id=\"ContentPlaceHolderDefault_ctl13_nptLLPG2_25_addresslookup_txtTmpPostcode\"]\"}\n  (Session info: chrome-headless-shell=120.0.6099.109); For documentation on this error, please visit: https://www.selenium.dev/documentation/webdriver/troubleshooting/errors#no-such-element-exception\nStacktrace:\n#0 0x559bcb9e3f83 <unknown>\n#1 0x559bcb69ccf7 <unknown>\n#2 0x559bcb6ec99e <unknown>\n#3 0x559bcb6ecaa1 <unknown>\n#4 0x559bcb737d64 <unknown>\n#5 0x559bcb7160dd <unknown>\n#6 0x559bcb735006 <unknown>\n#7 0x559bcb715e53 <unknown>\n#8 0x559bcb6dddd4 <unknown>\n#9 0x559bcb6df1de <unknown>\n#10 0x559bcb9a8531 <unknown>\n#11 0x559bcb9ac455 <unknown>\n#12 0x559bcb994f55 <unknown>\n#13 0x559bcb9ad0ef <unknown>\n#14 0x559bcb97899f <unknown>\n#15 0x559bcb9d1008 <unknown>\n#16 0x559bcb9d11d7 <unknown>\n#17 0x559bcb9e3124 <unknown>\n#18 0x7fd69fa94ac3 <unknown>","time":{"start":1704112310829,"stop":1704112351210,"duration":40381}},{"uid":"5359ce3cfef5da97","reportUrl":"https://robbrad.github.io/UKBinCollectionData/3.10/1339//#testresult/5359ce3cfef5da97","status":"failed","statusDetails":"selenium.common.exceptions.TimeoutException: Message: \nStacktrace:\n#0 0x55a81575df83 <unknown>\n#1 0x55a815416cf7 <unknown>\n#2 0x55a81546699e <unknown>\n#3 0x55a815466aa1 <unknown>\n#4 0x55a8154b1d64 <unknown>\n#5 0x55a8154900dd <unknown>\n#6 0x55a8154af006 <unknown>\n#7 0x55a81548fe53 <unknown>\n#8 0x55a815457dd4 <unknown>\n#9 0x55a8154591de <unknown>\n#10 0x55a815722531 <unknown>\n#11 0x55a815726455 <unknown>\n#12 0x55a81570ef55 <unknown>\n#13 0x55a8157270ef <unknown>\n#14 0x55a8156f299f <unknown>\n#15 0x55a81574b008 <unknown>\n#16 0x55a81574b1d7 <unknown>\n#17 0x55a81575d124 <unknown>\n#18 0x7f6e44094ac3 <unknown>","time":{"start":1704112156131,"stop":1704112317684,"duration":161553}},{"uid":"7267639b8846442f","reportUrl":"https://robbrad.github.io/UKBinCollectionData/3.10/1338//#testresult/7267639b8846442f","status":"failed","statusDetails":"selenium.common.exceptions.TimeoutException: Message: \nStacktrace:\n#0 0x5618cc33cf83 <unknown>\n#1 0x5618cbff5cf7 <unknown>\n#2 0x5618cc04599e <unknown>\n#3 0x5618cc045aa1 <unknown>\n#4 0x5618cc090d64 <unknown>\n#5 0x5618cc06f0dd <unknown>\n#6 0x5618cc08e006 <unknown>\n#7 0x5618cc06ee53 <unknown>\n#8 0x5618cc036dd4 <unknown>\n#9 0x5618cc0381de <unknown>\n#10 0x5618cc301531 <unknown>\n#11 0x5618cc305455 <unknown>\n#12 0x5618cc2edf55 <unknown>\n#13 0x5618cc3060ef <unknown>\n#14 0x5618cc2d199f <unknown>\n#15 0x5618cc32a008 <unknown>\n#16 0x5618cc32a1d7 <unknown>\n#17 0x5618cc33c124 <unknown>\n#18 0x7f3d0ce94ac3 <unknown>","time":{"start":1704112093781,"stop":1704112317694,"duration":223913}},{"uid":"aa1fe9194ebbde93","reportUrl":"https://robbrad.github.io/UKBinCollectionData/3.10/1336//#testresult/aa1fe9194ebbde93","status":"failed","statusDetails":"selenium.common.exceptions.TimeoutException: Message: \nStacktrace:\n#0 0x55d50184df83 <unknown>\n#1 0x55d501506cf7 <unknown>\n#2 0x55d50155699e <unknown>\n#3 0x55d501556aa1 <unknown>\n#4 0x55d5015a1d64 <unknown>\n#5 0x55d5015800dd <unknown>\n#6 0x55d50159f006 <unknown>\n#7 0x55d50157fe53 <unknown>\n#8 0x55d501547dd4 <unknown>\n#9 0x55d5015491de <unknown>\n#10 0x55d501812531 <unknown>\n#11 0x55d501816455 <unknown>\n#12 0x55d5017fef55 <unknown>\n#13 0x55d5018170ef <unknown>\n#14 0x55d5017e299f <unknown>\n#15 0x55d50183b008 <unknown>\n#16 0x55d50183b1d7 <unknown>\n#17 0x55d50184d124 <unknown>\n#18 0x7f389f094ac3 <unknown>","time":{"start":1704111873779,"stop":1704111937265,"duration":63486}},{"uid":"6ee4e90aff8a3c7","reportUrl":"https://robbrad.github.io/UKBinCollectionData/3.10/1335//#testresult/6ee4e90aff8a3c7","status":"failed","statusDetails":"selenium.common.exceptions.NoSuchElementException: Message: no such element: Unable to locate element: {\"method\":\"css selector\",\"selector\":\"[id=\"ContentPlaceHolderDefault_ctl13_nptLLPG2_25_addresslookup_txtTmpPostcode\"]\"}\n  (Session info: chrome-headless-shell=120.0.6099.109); For documentation on this error, please visit: https://www.selenium.dev/documentation/webdriver/troubleshooting/errors#no-such-element-exception\nStacktrace:\n#0 0x555e14ad8f83 <unknown>\n#1 0x555e14791cf7 <unknown>\n#2 0x555e147e199e <unknown>\n#3 0x555e147e1aa1 <unknown>\n#4 0x555e1482cd64 <unknown>\n#5 0x555e1480b0dd <unknown>\n#6 0x555e1482a006 <unknown>\n#7 0x555e1480ae53 <unknown>\n#8 0x555e147d2dd4 <unknown>\n#9 0x555e147d41de <unknown>\n#10 0x555e14a9d531 <unknown>\n#11 0x555e14aa1455 <unknown>\n#12 0x555e14a89f55 <unknown>\n#13 0x555e14aa20ef <unknown>\n#14 0x555e14a6d99f <unknown>\n#15 0x555e14ac6008 <unknown>\n#16 0x555e14ac61d7 <unknown>\n#17 0x555e14ad8124 <unknown>\n#18 0x7fb3c8894ac3 <unknown>","time":{"start":1704111566837,"stop":1704111604426,"duration":37589}},{"uid":"3812e3bfe902f1d5","reportUrl":"https://robbrad.github.io/UKBinCollectionData/3.10/1334//#testresult/3812e3bfe902f1d5","status":"failed","statusDetails":"selenium.common.exceptions.NoSuchElementException: Message: no such element: Unable to locate element: {\"method\":\"css selector\",\"selector\":\"[id=\"ContentPlaceHolderDefault_ctl13_nptLLPG2_25_addresslookup_txtTmpPostcode\"]\"}\n  (Session info: chrome-headless-shell=120.0.6099.109); For documentation on this error, please visit: https://www.selenium.dev/documentation/webdriver/troubleshooting/errors#no-such-element-exception\nStacktrace:\n#0 0x5596fef6cf83 <unknown>\n#1 0x5596fec25cf7 <unknown>\n#2 0x5596fec7599e <unknown>\n#3 0x5596fec75aa1 <unknown>\n#4 0x5596fecc0d64 <unknown>\n#5 0x5596fec9f0dd <unknown>\n#6 0x5596fecbe006 <unknown>\n#7 0x5596fec9ee53 <unknown>\n#8 0x5596fec66dd4 <unknown>\n#9 0x5596fec681de <unknown>\n#10 0x5596fef31531 <unknown>\n#11 0x5596fef35455 <unknown>\n#12 0x5596fef1df55 <unknown>\n#13 0x5596fef360ef <unknown>\n#14 0x5596fef0199f <unknown>\n#15 0x5596fef5a008 <unknown>\n#16 0x5596fef5a1d7 <unknown>\n#17 0x5596fef6c124 <unknown>\n#18 0x7f1d48c94ac3 <unknown>","time":{"start":1704111526101,"stop":1704111604455,"duration":78354}},{"uid":"2b905d625cb17b37","reportUrl":"https://robbrad.github.io/UKBinCollectionData/3.10/1332//#testresult/2b905d625cb17b37","status":"failed","statusDetails":"selenium.common.exceptions.NoSuchElementException: Message: no such element: Unable to locate element: {\"method\":\"css selector\",\"selector\":\"[id=\"ContentPlaceHolderDefault_ctl13_nptLLPG2_25_addresslookup_txtTmpPostcode\"]\"}\n  (Session info: chrome-headless-shell=120.0.6099.109); For documentation on this error, please visit: https://www.selenium.dev/documentation/webdriver/troubleshooting/errors#no-such-element-exception\nStacktrace:\n#0 0x560ef20a5f83 <unknown>\n#1 0x560ef1d5ecf7 <unknown>\n#2 0x560ef1dae99e <unknown>\n#3 0x560ef1daeaa1 <unknown>\n#4 0x560ef1df9d64 <unknown>\n#5 0x560ef1dd80dd <unknown>\n#6 0x560ef1df7006 <unknown>\n#7 0x560ef1dd7e53 <unknown>\n#8 0x560ef1d9fdd4 <unknown>\n#9 0x560ef1da11de <unknown>\n#10 0x560ef206a531 <unknown>\n#11 0x560ef206e455 <unknown>\n#12 0x560ef2056f55 <unknown>\n#13 0x560ef206f0ef <unknown>\n#14 0x560ef203a99f <unknown>\n#15 0x560ef2093008 <unknown>\n#16 0x560ef20931d7 <unknown>\n#17 0x560ef20a5124 <unknown>\n#18 0x7fb4a0494ac3 <unknown>","time":{"start":1704111355756,"stop":1704111448442,"duration":92686}},{"uid":"1e9de5f3b5dc5af7","reportUrl":"https://robbrad.github.io/UKBinCollectionData/3.10/1330//#testresult/1e9de5f3b5dc5af7","status":"failed","statusDetails":"selenium.common.exceptions.NoSuchElementException: Message: no such element: Unable to locate element: {\"method\":\"css selector\",\"selector\":\"[id=\"ContentPlaceHolderDefault_ctl13_nptLLPG2_25_addresslookup_txtTmpPostcode\"]\"}\n  (Session info: chrome-headless-shell=120.0.6099.109); For documentation on this error, please visit: https://www.selenium.dev/documentation/webdriver/troubleshooting/errors#no-such-element-exception\nStacktrace:\n#0 0x56068a724f83 <unknown>\n#1 0x56068a3ddcf7 <unknown>\n#2 0x56068a42d99e <unknown>\n#3 0x56068a42daa1 <unknown>\n#4 0x56068a478d64 <unknown>\n#5 0x56068a4570dd <unknown>\n#6 0x56068a476006 <unknown>\n#7 0x56068a456e53 <unknown>\n#8 0x56068a41edd4 <unknown>\n#9 0x56068a4201de <unknown>\n#10 0x56068a6e9531 <unknown>\n#11 0x56068a6ed455 <unknown>\n#12 0x56068a6d5f55 <unknown>\n#13 0x56068a6ee0ef <unknown>\n#14 0x56068a6b999f <unknown>\n#15 0x56068a712008 <unknown>\n#16 0x56068a7121d7 <unknown>\n#17 0x56068a724124 <unknown>\n#18 0x7f8531094ac3 <unknown>","time":{"start":1704099971195,"stop":1704100027755,"duration":56560}},{"uid":"74614a40158a4810","reportUrl":"https://robbrad.github.io/UKBinCollectionData/3.10/1329//#testresult/74614a40158a4810","status":"failed","statusDetails":"selenium.common.exceptions.TimeoutException: Message: \nStacktrace:\n#0 0x55e5d53a4f83 <unknown>\n#1 0x55e5d505dcf7 <unknown>\n#2 0x55e5d50ad99e <unknown>\n#3 0x55e5d50adaa1 <unknown>\n#4 0x55e5d50f8d64 <unknown>\n#5 0x55e5d50d70dd <unknown>\n#6 0x55e5d50f6006 <unknown>\n#7 0x55e5d50d6e53 <unknown>\n#8 0x55e5d509edd4 <unknown>\n#9 0x55e5d50a01de <unknown>\n#10 0x55e5d5369531 <unknown>\n#11 0x55e5d536d455 <unknown>\n#12 0x55e5d5355f55 <unknown>\n#13 0x55e5d536e0ef <unknown>\n#14 0x55e5d533999f <unknown>\n#15 0x55e5d5392008 <unknown>\n#16 0x55e5d53921d7 <unknown>\n#17 0x55e5d53a4124 <unknown>\n#18 0x7fe117894ac3 <unknown>","time":{"start":1704072297414,"stop":1704072556392,"duration":258978}},{"uid":"ab1b678f7dd5db90","reportUrl":"https://robbrad.github.io/UKBinCollectionData/3.10/1327//#testresult/ab1b678f7dd5db90","status":"failed","statusDetails":"selenium.common.exceptions.WebDriverException: Message: unknown error: net::ERR_CONNECTION_RESET\n  (Session info: chrome-headless-shell=120.0.6099.109)\nStacktrace:\n#0 0x563b5852af83 <unknown>\n#1 0x563b581e3cf7 <unknown>\n#2 0x563b581db6ea <unknown>\n#3 0x563b581ca5a1 <unknown>\n#4 0x563b581cbd40 <unknown>\n#5 0x563b581ca854 <unknown>\n#6 0x563b581c9586 <unknown>\n#7 0x563b581c944a <unknown>\n#8 0x563b581c77e1 <unknown>\n#9 0x563b581c801a <unknown>\n#10 0x563b581e6bbe <unknown>\n#11 0x563b5827c7a5 <unknown>\n#12 0x563b5825d0b2 <unknown>\n#13 0x563b5827c006 <unknown>\n#14 0x563b5825ce53 <unknown>\n#15 0x563b58224dd4 <unknown>\n#16 0x563b582261de <unknown>\n#17 0x563b584ef531 <unknown>\n#18 0x563b584f3455 <unknown>\n#19 0x563b584dbf55 <unknown>\n#20 0x563b584f40ef <unknown>\n#21 0x563b584bf99f <unknown>\n#22 0x563b58518008 <unknown>\n#23 0x563b585181d7 <unknown>\n#24 0x563b5852a124 <unknown>\n#25 0x7f21d7694ac3 <unknown>","time":{"start":1704050429512,"stop":1704050481801,"duration":52289}},{"uid":"cc85b7338c9ce474","reportUrl":"https://robbrad.github.io/UKBinCollectionData/3.10/1325//#testresult/cc85b7338c9ce474","status":"failed","statusDetails":"selenium.common.exceptions.TimeoutException: Message: \nStacktrace:\n#0 0x56110f40ff83 <unknown>\n#1 0x56110f0c8cf7 <unknown>\n#2 0x56110f11899e <unknown>\n#3 0x56110f118aa1 <unknown>\n#4 0x56110f163d64 <unknown>\n#5 0x56110f1420dd <unknown>\n#6 0x56110f161006 <unknown>\n#7 0x56110f141e53 <unknown>\n#8 0x56110f109dd4 <unknown>\n#9 0x56110f10b1de <unknown>\n#10 0x56110f3d4531 <unknown>\n#11 0x56110f3d8455 <unknown>\n#12 0x56110f3c0f55 <unknown>\n#13 0x56110f3d90ef <unknown>\n#14 0x56110f3a499f <unknown>\n#15 0x56110f3fd008 <unknown>\n#16 0x56110f3fd1d7 <unknown>\n#17 0x56110f40f124 <unknown>\n#18 0x7f71b6694ac3 <unknown>","time":{"start":1704043941305,"stop":1704043982013,"duration":40708}},{"uid":"156fdba1020acd42","reportUrl":"https://robbrad.github.io/UKBinCollectionData/3.10/1320//#testresult/156fdba1020acd42","status":"failed","statusDetails":"selenium.common.exceptions.TimeoutException: Message: \nStacktrace:\n#0 0x55cb650ecf83 <unknown>\n#1 0x55cb64da5cf7 <unknown>\n#2 0x55cb64df599e <unknown>\n#3 0x55cb64df5aa1 <unknown>\n#4 0x55cb64e40d64 <unknown>\n#5 0x55cb64e1f0dd <unknown>\n#6 0x55cb64e3e006 <unknown>\n#7 0x55cb64e1ee53 <unknown>\n#8 0x55cb64de6dd4 <unknown>\n#9 0x55cb64de81de <unknown>\n#10 0x55cb650b1531 <unknown>\n#11 0x55cb650b5455 <unknown>\n#12 0x55cb6509df55 <unknown>\n#13 0x55cb650b60ef <unknown>\n#14 0x55cb6508199f <unknown>\n#15 0x55cb650da008 <unknown>\n#16 0x55cb650da1d7 <unknown>\n#17 0x55cb650ec124 <unknown>\n#18 0x7ff4ea894ac3 <unknown>","time":{"start":1703985796677,"stop":1703985841484,"duration":44807}},{"uid":"d9606dff8376aed5","reportUrl":"https://robbrad.github.io/UKBinCollectionData/3.10/1316//#testresult/d9606dff8376aed5","status":"failed","statusDetails":"selenium.common.exceptions.NoSuchElementException: Message: no such element: Unable to locate element: {\"method\":\"css selector\",\"selector\":\"[id=\"ContentPlaceHolderDefault_ctl13_nptLLPG2_25_addresslookup_txtTmpPostcode\"]\"}\n  (Session info: chrome-headless-shell=120.0.6099.109); For documentation on this error, please visit: https://www.selenium.dev/documentation/webdriver/troubleshooting/errors#no-such-element-exception\nStacktrace:\n#0 0x55ffcbd97f83 <unknown>\n#1 0x55ffcba50cf7 <unknown>\n#2 0x55ffcbaa099e <unknown>\n#3 0x55ffcbaa0aa1 <unknown>\n#4 0x55ffcbaebd64 <unknown>\n#5 0x55ffcbaca0dd <unknown>\n#6 0x55ffcbae9006 <unknown>\n#7 0x55ffcbac9e53 <unknown>\n#8 0x55ffcba91dd4 <unknown>\n#9 0x55ffcba931de <unknown>\n#10 0x55ffcbd5c531 <unknown>\n#11 0x55ffcbd60455 <unknown>\n#12 0x55ffcbd48f55 <unknown>\n#13 0x55ffcbd610ef <unknown>\n#14 0x55ffcbd2c99f <unknown>\n#15 0x55ffcbd85008 <unknown>\n#16 0x55ffcbd851d7 <unknown>\n#17 0x55ffcbd97124 <unknown>\n#18 0x7f3c17294ac3 <unknown>","time":{"start":1703899046885,"stop":1703899050181,"duration":3296}},{"uid":"8fc6aa94108fb373","reportUrl":"https://robbrad.github.io/UKBinCollectionData/3.10/1314//#testresult/8fc6aa94108fb373","status":"failed","statusDetails":"selenium.common.exceptions.NoSuchElementException: Message: no such element: Unable to locate element: {\"method\":\"css selector\",\"selector\":\"[id=\"ContentPlaceHolderDefault_ctl13_nptLLPG2_25_addresslookup_txtTmpPostcode\"]\"}\n  (Session info: chrome-headless-shell=120.0.6099.109); For documentation on this error, please visit: https://www.selenium.dev/documentation/webdriver/troubleshooting/errors#no-such-element-exception\nStacktrace:\n#0 0x55e6e03b2f83 <unknown>\n#1 0x55e6e006bcf7 <unknown>\n#2 0x55e6e00bb99e <unknown>\n#3 0x55e6e00bbaa1 <unknown>\n#4 0x55e6e0106d64 <unknown>\n#5 0x55e6e00e50dd <unknown>\n#6 0x55e6e0104006 <unknown>\n#7 0x55e6e00e4e53 <unknown>\n#8 0x55e6e00acdd4 <unknown>\n#9 0x55e6e00ae1de <unknown>\n#10 0x55e6e0377531 <unknown>\n#11 0x55e6e037b455 <unknown>\n#12 0x55e6e0363f55 <unknown>\n#13 0x55e6e037c0ef <unknown>\n#14 0x55e6e034799f <unknown>\n#15 0x55e6e03a0008 <unknown>\n#16 0x55e6e03a01d7 <unknown>\n#17 0x55e6e03b2124 <unknown>\n#18 0x7ff908294ac3 <unknown>","time":{"start":1703853518087,"stop":1703853526222,"duration":8135}},{"uid":"e8e7d2a5d83d9ef3","reportUrl":"https://robbrad.github.io/UKBinCollectionData/3.10/1311//#testresult/e8e7d2a5d83d9ef3","status":"failed","statusDetails":"selenium.common.exceptions.NoSuchElementException: Message: no such element: Unable to locate element: {\"method\":\"css selector\",\"selector\":\"[id=\"ContentPlaceHolderDefault_ctl13_nptLLPG2_25_addresslookup_txtTmpPostcode\"]\"}\n  (Session info: chrome-headless-shell=120.0.6099.109); For documentation on this error, please visit: https://www.selenium.dev/documentation/webdriver/troubleshooting/errors#no-such-element-exception\nStacktrace:\n#0 0x555fa9d97f83 <unknown>\n#1 0x555fa9a50cf7 <unknown>\n#2 0x555fa9aa099e <unknown>\n#3 0x555fa9aa0aa1 <unknown>\n#4 0x555fa9aebd64 <unknown>\n#5 0x555fa9aca0dd <unknown>\n#6 0x555fa9ae9006 <unknown>\n#7 0x555fa9ac9e53 <unknown>\n#8 0x555fa9a91dd4 <unknown>\n#9 0x555fa9a931de <unknown>\n#10 0x555fa9d5c531 <unknown>\n#11 0x555fa9d60455 <unknown>\n#12 0x555fa9d48f55 <unknown>\n#13 0x555fa9d610ef <unknown>\n#14 0x555fa9d2c99f <unknown>\n#15 0x555fa9d85008 <unknown>\n#16 0x555fa9d851d7 <unknown>\n#17 0x555fa9d97124 <unknown>\n#18 0x7f7a5e094ac3 <unknown>","time":{"start":1703851125594,"stop":1703851166525,"duration":40931}},{"uid":"87cd8be8ff824539","reportUrl":"https://robbrad.github.io/UKBinCollectionData/3.10/1312//#testresult/87cd8be8ff824539","status":"failed","statusDetails":"selenium.common.exceptions.NoSuchElementException: Message: no such element: Unable to locate element: {\"method\":\"css selector\",\"selector\":\"[id=\"ContentPlaceHolderDefault_ctl13_nptLLPG2_25_addresslookup_txtTmpPostcode\"]\"}\n  (Session info: chrome-headless-shell=120.0.6099.109); For documentation on this error, please visit: https://www.selenium.dev/documentation/webdriver/troubleshooting/errors#no-such-element-exception\nStacktrace:\n#0 0x5613e6dfaf83 <unknown>\n#1 0x5613e6ab3cf7 <unknown>\n#2 0x5613e6b0399e <unknown>\n#3 0x5613e6b03aa1 <unknown>\n#4 0x5613e6b4ed64 <unknown>\n#5 0x5613e6b2d0dd <unknown>\n#6 0x5613e6b4c006 <unknown>\n#7 0x5613e6b2ce53 <unknown>\n#8 0x5613e6af4dd4 <unknown>\n#9 0x5613e6af61de <unknown>\n#10 0x5613e6dbf531 <unknown>\n#11 0x5613e6dc3455 <unknown>\n#12 0x5613e6dabf55 <unknown>\n#13 0x5613e6dc40ef <unknown>\n#14 0x5613e6d8f99f <unknown>\n#15 0x5613e6de8008 <unknown>\n#16 0x5613e6de81d7 <unknown>\n#17 0x5613e6dfa124 <unknown>\n#18 0x7fc7a7c94ac3 <unknown>","time":{"start":1703851161142,"stop":1703851167621,"duration":6479}},{"uid":"56fc2de65cbbb236","reportUrl":"https://robbrad.github.io/UKBinCollectionData/3.10/1309//#testresult/56fc2de65cbbb236","status":"failed","statusDetails":"selenium.common.exceptions.TimeoutException: Message: \nStacktrace:\n#0 0x5639ff0c6f83 <unknown>\n#1 0x5639fed7fcf7 <unknown>\n#2 0x5639fedcf99e <unknown>\n#3 0x5639fedcfaa1 <unknown>\n#4 0x5639fee1ad64 <unknown>\n#5 0x5639fedf90dd <unknown>\n#6 0x5639fee18006 <unknown>\n#7 0x5639fedf8e53 <unknown>\n#8 0x5639fedc0dd4 <unknown>\n#9 0x5639fedc21de <unknown>\n#10 0x5639ff08b531 <unknown>\n#11 0x5639ff08f455 <unknown>\n#12 0x5639ff077f55 <unknown>\n#13 0x5639ff0900ef <unknown>\n#14 0x5639ff05b99f <unknown>\n#15 0x5639ff0b4008 <unknown>\n#16 0x5639ff0b41d7 <unknown>\n#17 0x5639ff0c6124 <unknown>\n#18 0x7fd150694ac3 <unknown>","time":{"start":1703812058680,"stop":1703812100297,"duration":41617}},{"uid":"943be443a3b4d03e","reportUrl":"https://robbrad.github.io/UKBinCollectionData/3.10/1306//#testresult/943be443a3b4d03e","status":"failed","statusDetails":"selenium.common.exceptions.NoSuchElementException: Message: no such element: Unable to locate element: {\"method\":\"css selector\",\"selector\":\"[id=\"ContentPlaceHolderDefault_ctl13_nptLLPG2_25_addresslookup_txtTmpPostcode\"]\"}\n  (Session info: chrome-headless-shell=120.0.6099.109); For documentation on this error, please visit: https://www.selenium.dev/documentation/webdriver/troubleshooting/errors#no-such-element-exception\nStacktrace:\n#0 0x562eb41c4f83 <unknown>\n#1 0x562eb3e7dcf7 <unknown>\n#2 0x562eb3ecd99e <unknown>\n#3 0x562eb3ecdaa1 <unknown>\n#4 0x562eb3f18d64 <unknown>\n#5 0x562eb3ef70dd <unknown>\n#6 0x562eb3f16006 <unknown>\n#7 0x562eb3ef6e53 <unknown>\n#8 0x562eb3ebedd4 <unknown>\n#9 0x562eb3ec01de <unknown>\n#10 0x562eb4189531 <unknown>\n#11 0x562eb418d455 <unknown>\n#12 0x562eb4175f55 <unknown>\n#13 0x562eb418e0ef <unknown>\n#14 0x562eb415999f <unknown>\n#15 0x562eb41b2008 <unknown>\n#16 0x562eb41b21d7 <unknown>\n#17 0x562eb41c4124 <unknown>\n#18 0x7f36af094ac3 <unknown>","time":{"start":1703756205236,"stop":1703756222942,"duration":17706}},{"uid":"bb6e50dc88194f98","reportUrl":"https://robbrad.github.io/UKBinCollectionData/3.10/1305//#testresult/bb6e50dc88194f98","status":"failed","statusDetails":"selenium.common.exceptions.NoSuchElementException: Message: no such element: Unable to locate element: {\"method\":\"css selector\",\"selector\":\"[id=\"ContentPlaceHolderDefault_ctl13_nptLLPG2_25_addresslookup_txtTmpPostcode\"]\"}\n  (Session info: chrome-headless-shell=120.0.6099.109); For documentation on this error, please visit: https://www.selenium.dev/documentation/webdriver/troubleshooting/errors#no-such-element-exception\nStacktrace:\n#0 0x55ff9d9c8f83 <unknown>\n#1 0x55ff9d681cf7 <unknown>\n#2 0x55ff9d6d199e <unknown>\n#3 0x55ff9d6d1aa1 <unknown>\n#4 0x55ff9d71cd64 <unknown>\n#5 0x55ff9d6fb0dd <unknown>\n#6 0x55ff9d71a006 <unknown>\n#7 0x55ff9d6fae53 <unknown>\n#8 0x55ff9d6c2dd4 <unknown>\n#9 0x55ff9d6c41de <unknown>\n#10 0x55ff9d98d531 <unknown>\n#11 0x55ff9d991455 <unknown>\n#12 0x55ff9d979f55 <unknown>\n#13 0x55ff9d9920ef <unknown>\n#14 0x55ff9d95d99f <unknown>\n#15 0x55ff9d9b6008 <unknown>\n#16 0x55ff9d9b61d7 <unknown>\n#17 0x55ff9d9c8124 <unknown>\n#18 0x7f65fca94ac3 <unknown>","time":{"start":1703726189339,"stop":1703726228482,"duration":39143}},{"uid":"5193d19318f5f7c2","reportUrl":"https://robbrad.github.io/UKBinCollectionData/3.10/1304//#testresult/5193d19318f5f7c2","status":"failed","statusDetails":"selenium.common.exceptions.NoSuchElementException: Message: no such element: Unable to locate element: {\"method\":\"css selector\",\"selector\":\"[id=\"ContentPlaceHolderDefault_ctl13_nptLLPG2_25_addresslookup_txtTmpPostcode\"]\"}\n  (Session info: chrome-headless-shell=120.0.6099.109); For documentation on this error, please visit: https://www.selenium.dev/documentation/webdriver/troubleshooting/errors#no-such-element-exception\nStacktrace:\n#0 0x55a3af10df83 <unknown>\n#1 0x55a3aedc6cf7 <unknown>\n#2 0x55a3aee1699e <unknown>\n#3 0x55a3aee16aa1 <unknown>\n#4 0x55a3aee61d64 <unknown>\n#5 0x55a3aee400dd <unknown>\n#6 0x55a3aee5f006 <unknown>\n#7 0x55a3aee3fe53 <unknown>\n#8 0x55a3aee07dd4 <unknown>\n#9 0x55a3aee091de <unknown>\n#10 0x55a3af0d2531 <unknown>\n#11 0x55a3af0d6455 <unknown>\n#12 0x55a3af0bef55 <unknown>\n#13 0x55a3af0d70ef <unknown>\n#14 0x55a3af0a299f <unknown>\n#15 0x55a3af0fb008 <unknown>\n#16 0x55a3af0fb1d7 <unknown>\n#17 0x55a3af10d124 <unknown>\n#18 0x7f7310094ac3 <unknown>","time":{"start":1703717375065,"stop":1703717380138,"duration":5073}}]},"tags":[]},"source":"6b80e53badce98c2.json","parameterValues":["NeathPortTalbotCouncil","local","http://selenium:4444"]}