{"uid":"1cd1d891798211ef","name":"Validate Council Output [NeathPortTalbotCouncil]","fullName":"features/validate_council_outputs.feature:Validate Council Output","historyId":"6a7795e00df27bb2a2723cbd96dd78a1","time":{"start":1717316485589,"stop":1717316502963,"duration":17374},"status":"failed","statusMessage":"selenium.common.exceptions.NoSuchElementException: Message: no such element: Unable to locate element: {\"method\":\"css selector\",\"selector\":\"[id=\"ContentPlaceHolderDefault_ctl13_nptLLPG2_25_addresslookup_txtTmpPostcode\"]\"}\n  (Session info: chrome-headless-shell=125.0.6422.76); For documentation on this error, please visit: https://www.selenium.dev/documentation/webdriver/troubleshooting/errors#no-such-element-exception\nStacktrace:\n#0 0x563f8dbbbe9a <unknown>\n#1 0x563f8d8a545c <unknown>\n#2 0x563f8d8f15b5 <unknown>\n#3 0x563f8d8f1671 <unknown>\n#4 0x563f8d935f14 <unknown>\n#5 0x563f8d9144dd <unknown>\n#6 0x563f8d9332cc <unknown>\n#7 0x563f8d914253 <unknown>\n#8 0x563f8d8e41c7 <unknown>\n#9 0x563f8d8e4b3e <unknown>\n#10 0x563f8db822db <unknown>\n#11 0x563f8db86387 <unknown>\n#12 0x563f8db6ee0e <unknown>\n#13 0x563f8db86e52 <unknown>\n#14 0x563f8db537af <unknown>\n#15 0x563f8dbab188 <unknown>\n#16 0x563f8dbab35b <unknown>\n#17 0x563f8dbbafcc <unknown>\n#18 0x7feeb0219ac3 <unknown>","statusTrace":"fixturefunc = <function scrape_step at 0x7f57de7a0b80>\nrequest = <FixtureRequest for <Function test_scenario_outline[NeathPortTalbotCouncil]>>\nkwargs = {'context': <test_validate_council.Context object at 0x7f57f1ad61b0>, 'headless_mode': 'True', 'local_browser': 'False', 'selenium_url': 'http://localhost:4444'}\n\n    def call_fixture_func(\n        fixturefunc: \"_FixtureFunc[FixtureValue]\", request: FixtureRequest, kwargs\n    ) -> FixtureValue:\n        if is_generator(fixturefunc):\n            fixturefunc = cast(\n                Callable[..., Generator[FixtureValue, None, None]], fixturefunc\n            )\n            generator = fixturefunc(**kwargs)\n            try:\n                fixture_result = next(generator)\n            except StopIteration:\n                raise ValueError(f\"{request.fixturename} did not yield a value\") from None\n            finalizer = functools.partial(_teardown_yield_fixture, fixturefunc, generator)\n            request.addfinalizer(finalizer)\n        else:\n            fixturefunc = cast(Callable[..., FixtureValue], fixturefunc)\n>           fixture_result = fixturefunc(**kwargs)\n\n../../../.cache/pypoetry/virtualenvs/uk-bin-collection-EwS6Gn8s-py3.12/lib/python3.12/site-packages/_pytest/fixtures.py:884: \n_ _ _ _ _ _ _ _ _ _ _ _ _ _ _ _ _ _ _ _ _ _ _ _ _ _ _ _ _ _ _ _ _ _ _ _ _ _ _ _ \nuk_bin_collection/tests/step_defs/test_validate_council.py:100: in scrape_step\n    context.parse_result = CollectData.run()\nuk_bin_collection/uk_bin_collection/collect_data.py:102: in run\n    return self.client_code(\nuk_bin_collection/uk_bin_collection/collect_data.py:121: in client_code\n    return get_bin_data_class.template_method(address_url, **kwargs)\nuk_bin_collection/uk_bin_collection/get_bin_data.py:80: in template_method\n    bin_data_dict = self.parse_data(\nuk_bin_collection/uk_bin_collection/councils/NeathPortTalbotCouncil.py:43: in parse_data\n    inputElement_postcode = driver.find_element(\n../../../.cache/pypoetry/virtualenvs/uk-bin-collection-EwS6Gn8s-py3.12/lib/python3.12/site-packages/selenium/webdriver/remote/webdriver.py:741: in find_element\n    return self.execute(Command.FIND_ELEMENT, {\"using\": by, \"value\": value})[\"value\"]\n../../../.cache/pypoetry/virtualenvs/uk-bin-collection-EwS6Gn8s-py3.12/lib/python3.12/site-packages/selenium/webdriver/remote/webdriver.py:347: in execute\n    self.error_handler.check_response(response)\n_ _ _ _ _ _ _ _ _ _ _ _ _ _ _ _ _ _ _ _ _ _ _ _ _ _ _ _ _ _ _ _ _ _ _ _ _ _ _ _ \n\nself = <selenium.webdriver.remote.errorhandler.ErrorHandler object at 0x7f57ddbbf770>\nresponse = {'status': 404, 'value': '{\"value\":{\"error\":\"no such element\",\"message\":\"no such element: Unable to locate element: {\\...\\\\n#16 0x563f8dbab35b \\\\u003Cunknown>\\\\n#17 0x563f8dbbafcc \\\\u003Cunknown>\\\\n#18 0x7feeb0219ac3 \\\\u003Cunknown>\\\\n\"}}'}\n\n    def check_response(self, response: Dict[str, Any]) -> None:\n        \"\"\"Checks that a JSON response from the WebDriver does not have an\n        error.\n    \n        :Args:\n         - response - The JSON response from the WebDriver server as a dictionary\n           object.\n    \n        :Raises: If the response contains an error message.\n        \"\"\"\n        status = response.get(\"status\", None)\n        if not status or status == ErrorCode.SUCCESS:\n            return\n        value = None\n        message = response.get(\"message\", \"\")\n        screen: str = response.get(\"screen\", \"\")\n        stacktrace = None\n        if isinstance(status, int):\n            value_json = response.get(\"value\", None)\n            if value_json and isinstance(value_json, str):\n                import json\n    \n                try:\n                    value = json.loads(value_json)\n                    if len(value) == 1:\n                        value = value[\"value\"]\n                    status = value.get(\"error\", None)\n                    if not status:\n                        status = value.get(\"status\", ErrorCode.UNKNOWN_ERROR)\n                        message = value.get(\"value\") or value.get(\"message\")\n                        if not isinstance(message, str):\n                            value = message\n                            message = message.get(\"message\")\n                    else:\n                        message = value.get(\"message\", None)\n                except ValueError:\n                    pass\n    \n        exception_class: Type[WebDriverException]\n        e = ErrorCode()\n        error_codes = [item for item in dir(e) if not item.startswith(\"__\")]\n        for error_code in error_codes:\n            error_info = getattr(ErrorCode, error_code)\n            if isinstance(error_info, list) and status in error_info:\n                exception_class = getattr(ExceptionMapping, error_code, WebDriverException)\n                break\n        else:\n            exception_class = WebDriverException\n    \n        if not value:\n            value = response[\"value\"]\n        if isinstance(value, str):\n            raise exception_class(value)\n        if message == \"\" and \"message\" in value:\n            message = value[\"message\"]\n    \n        screen = None  # type: ignore[assignment]\n        if \"screen\" in value:\n            screen = value[\"screen\"]\n    \n        stacktrace = None\n        st_value = value.get(\"stackTrace\") or value.get(\"stacktrace\")\n        if st_value:\n            if isinstance(st_value, str):\n                stacktrace = st_value.split(\"\\n\")\n            else:\n                stacktrace = []\n                try:\n                    for frame in st_value:\n                        line = frame.get(\"lineNumber\", \"\")\n                        file = frame.get(\"fileName\", \"<anonymous>\")\n                        if line:\n                            file = f\"{file}:{line}\"\n                        meth = frame.get(\"methodName\", \"<anonymous>\")\n                        if \"className\" in frame:\n                            meth = f\"{frame['className']}.{meth}\"\n                        msg = \"    at %s (%s)\"\n                        msg = msg % (meth, file)\n                        stacktrace.append(msg)\n                except TypeError:\n                    pass\n        if exception_class == UnexpectedAlertPresentException:\n            alert_text = None\n            if \"data\" in value:\n                alert_text = value[\"data\"].get(\"text\")\n            elif \"alert\" in value:\n                alert_text = value[\"alert\"].get(\"text\")\n            raise exception_class(message, screen, stacktrace, alert_text)  # type: ignore[call-arg]  # mypy is not smart enough here\n>       raise exception_class(message, screen, stacktrace)\nE       selenium.common.exceptions.NoSuchElementException: Message: no such element: Unable to locate element: {\"method\":\"css selector\",\"selector\":\"[id=\"ContentPlaceHolderDefault_ctl13_nptLLPG2_25_addresslookup_txtTmpPostcode\"]\"}\nE         (Session info: chrome-headless-shell=125.0.6422.76); For documentation on this error, please visit: https://www.selenium.dev/documentation/webdriver/troubleshooting/errors#no-such-element-exception\nE       Stacktrace:\nE       #0 0x563f8dbbbe9a <unknown>\nE       #1 0x563f8d8a545c <unknown>\nE       #2 0x563f8d8f15b5 <unknown>\nE       #3 0x563f8d8f1671 <unknown>\nE       #4 0x563f8d935f14 <unknown>\nE       #5 0x563f8d9144dd <unknown>\nE       #6 0x563f8d9332cc <unknown>\nE       #7 0x563f8d914253 <unknown>\nE       #8 0x563f8d8e41c7 <unknown>\nE       #9 0x563f8d8e4b3e <unknown>\nE       #10 0x563f8db822db <unknown>\nE       #11 0x563f8db86387 <unknown>\nE       #12 0x563f8db6ee0e <unknown>\nE       #13 0x563f8db86e52 <unknown>\nE       #14 0x563f8db537af <unknown>\nE       #15 0x563f8dbab188 <unknown>\nE       #16 0x563f8dbab35b <unknown>\nE       #17 0x563f8dbbafcc <unknown>\nE       #18 0x7feeb0219ac3 <unknown>\n\n../../../.cache/pypoetry/virtualenvs/uk-bin-collection-EwS6Gn8s-py3.12/lib/python3.12/site-packages/selenium/webdriver/remote/errorhandler.py:229: NoSuchElementException","flaky":false,"newFailed":false,"newBroken":false,"newPassed":false,"retriesCount":0,"retriesStatusChange":false,"beforeStages":[],"testStage":{"status":"failed","statusMessage":"selenium.common.exceptions.NoSuchElementException: Message: no such element: Unable to locate element: {\"method\":\"css selector\",\"selector\":\"[id=\"ContentPlaceHolderDefault_ctl13_nptLLPG2_25_addresslookup_txtTmpPostcode\"]\"}\n  (Session info: chrome-headless-shell=125.0.6422.76); For documentation on this error, please visit: https://www.selenium.dev/documentation/webdriver/troubleshooting/errors#no-such-element-exception\nStacktrace:\n#0 0x563f8dbbbe9a <unknown>\n#1 0x563f8d8a545c <unknown>\n#2 0x563f8d8f15b5 <unknown>\n#3 0x563f8d8f1671 <unknown>\n#4 0x563f8d935f14 <unknown>\n#5 0x563f8d9144dd <unknown>\n#6 0x563f8d9332cc <unknown>\n#7 0x563f8d914253 <unknown>\n#8 0x563f8d8e41c7 <unknown>\n#9 0x563f8d8e4b3e <unknown>\n#10 0x563f8db822db <unknown>\n#11 0x563f8db86387 <unknown>\n#12 0x563f8db6ee0e <unknown>\n#13 0x563f8db86e52 <unknown>\n#14 0x563f8db537af <unknown>\n#15 0x563f8dbab188 <unknown>\n#16 0x563f8dbab35b <unknown>\n#17 0x563f8dbbafcc <unknown>\n#18 0x7feeb0219ac3 <unknown>","statusTrace":"fixturefunc = <function scrape_step at 0x7f57de7a0b80>\nrequest = <FixtureRequest for <Function test_scenario_outline[NeathPortTalbotCouncil]>>\nkwargs = {'context': <test_validate_council.Context object at 0x7f57f1ad61b0>, 'headless_mode': 'True', 'local_browser': 'False', 'selenium_url': 'http://localhost:4444'}\n\n    def call_fixture_func(\n        fixturefunc: \"_FixtureFunc[FixtureValue]\", request: FixtureRequest, kwargs\n    ) -> FixtureValue:\n        if is_generator(fixturefunc):\n            fixturefunc = cast(\n                Callable[..., Generator[FixtureValue, None, None]], fixturefunc\n            )\n            generator = fixturefunc(**kwargs)\n            try:\n                fixture_result = next(generator)\n            except StopIteration:\n                raise ValueError(f\"{request.fixturename} did not yield a value\") from None\n            finalizer = functools.partial(_teardown_yield_fixture, fixturefunc, generator)\n            request.addfinalizer(finalizer)\n        else:\n            fixturefunc = cast(Callable[..., FixtureValue], fixturefunc)\n>           fixture_result = fixturefunc(**kwargs)\n\n../../../.cache/pypoetry/virtualenvs/uk-bin-collection-EwS6Gn8s-py3.12/lib/python3.12/site-packages/_pytest/fixtures.py:884: \n_ _ _ _ _ _ _ _ _ _ _ _ _ _ _ _ _ _ _ _ _ _ _ _ _ _ _ _ _ _ _ _ _ _ _ _ _ _ _ _ \nuk_bin_collection/tests/step_defs/test_validate_council.py:100: in scrape_step\n    context.parse_result = CollectData.run()\nuk_bin_collection/uk_bin_collection/collect_data.py:102: in run\n    return self.client_code(\nuk_bin_collection/uk_bin_collection/collect_data.py:121: in client_code\n    return get_bin_data_class.template_method(address_url, **kwargs)\nuk_bin_collection/uk_bin_collection/get_bin_data.py:80: in template_method\n    bin_data_dict = self.parse_data(\nuk_bin_collection/uk_bin_collection/councils/NeathPortTalbotCouncil.py:43: in parse_data\n    inputElement_postcode = driver.find_element(\n../../../.cache/pypoetry/virtualenvs/uk-bin-collection-EwS6Gn8s-py3.12/lib/python3.12/site-packages/selenium/webdriver/remote/webdriver.py:741: in find_element\n    return self.execute(Command.FIND_ELEMENT, {\"using\": by, \"value\": value})[\"value\"]\n../../../.cache/pypoetry/virtualenvs/uk-bin-collection-EwS6Gn8s-py3.12/lib/python3.12/site-packages/selenium/webdriver/remote/webdriver.py:347: in execute\n    self.error_handler.check_response(response)\n_ _ _ _ _ _ _ _ _ _ _ _ _ _ _ _ _ _ _ _ _ _ _ _ _ _ _ _ _ _ _ _ _ _ _ _ _ _ _ _ \n\nself = <selenium.webdriver.remote.errorhandler.ErrorHandler object at 0x7f57ddbbf770>\nresponse = {'status': 404, 'value': '{\"value\":{\"error\":\"no such element\",\"message\":\"no such element: Unable to locate element: {\\...\\\\n#16 0x563f8dbab35b \\\\u003Cunknown>\\\\n#17 0x563f8dbbafcc \\\\u003Cunknown>\\\\n#18 0x7feeb0219ac3 \\\\u003Cunknown>\\\\n\"}}'}\n\n    def check_response(self, response: Dict[str, Any]) -> None:\n        \"\"\"Checks that a JSON response from the WebDriver does not have an\n        error.\n    \n        :Args:\n         - response - The JSON response from the WebDriver server as a dictionary\n           object.\n    \n        :Raises: If the response contains an error message.\n        \"\"\"\n        status = response.get(\"status\", None)\n        if not status or status == ErrorCode.SUCCESS:\n            return\n        value = None\n        message = response.get(\"message\", \"\")\n        screen: str = response.get(\"screen\", \"\")\n        stacktrace = None\n        if isinstance(status, int):\n            value_json = response.get(\"value\", None)\n            if value_json and isinstance(value_json, str):\n                import json\n    \n                try:\n                    value = json.loads(value_json)\n                    if len(value) == 1:\n                        value = value[\"value\"]\n                    status = value.get(\"error\", None)\n                    if not status:\n                        status = value.get(\"status\", ErrorCode.UNKNOWN_ERROR)\n                        message = value.get(\"value\") or value.get(\"message\")\n                        if not isinstance(message, str):\n                            value = message\n                            message = message.get(\"message\")\n                    else:\n                        message = value.get(\"message\", None)\n                except ValueError:\n                    pass\n    \n        exception_class: Type[WebDriverException]\n        e = ErrorCode()\n        error_codes = [item for item in dir(e) if not item.startswith(\"__\")]\n        for error_code in error_codes:\n            error_info = getattr(ErrorCode, error_code)\n            if isinstance(error_info, list) and status in error_info:\n                exception_class = getattr(ExceptionMapping, error_code, WebDriverException)\n                break\n        else:\n            exception_class = WebDriverException\n    \n        if not value:\n            value = response[\"value\"]\n        if isinstance(value, str):\n            raise exception_class(value)\n        if message == \"\" and \"message\" in value:\n            message = value[\"message\"]\n    \n        screen = None  # type: ignore[assignment]\n        if \"screen\" in value:\n            screen = value[\"screen\"]\n    \n        stacktrace = None\n        st_value = value.get(\"stackTrace\") or value.get(\"stacktrace\")\n        if st_value:\n            if isinstance(st_value, str):\n                stacktrace = st_value.split(\"\\n\")\n            else:\n                stacktrace = []\n                try:\n                    for frame in st_value:\n                        line = frame.get(\"lineNumber\", \"\")\n                        file = frame.get(\"fileName\", \"<anonymous>\")\n                        if line:\n                            file = f\"{file}:{line}\"\n                        meth = frame.get(\"methodName\", \"<anonymous>\")\n                        if \"className\" in frame:\n                            meth = f\"{frame['className']}.{meth}\"\n                        msg = \"    at %s (%s)\"\n                        msg = msg % (meth, file)\n                        stacktrace.append(msg)\n                except TypeError:\n                    pass\n        if exception_class == UnexpectedAlertPresentException:\n            alert_text = None\n            if \"data\" in value:\n                alert_text = value[\"data\"].get(\"text\")\n            elif \"alert\" in value:\n                alert_text = value[\"alert\"].get(\"text\")\n            raise exception_class(message, screen, stacktrace, alert_text)  # type: ignore[call-arg]  # mypy is not smart enough here\n>       raise exception_class(message, screen, stacktrace)\nE       selenium.common.exceptions.NoSuchElementException: Message: no such element: Unable to locate element: {\"method\":\"css selector\",\"selector\":\"[id=\"ContentPlaceHolderDefault_ctl13_nptLLPG2_25_addresslookup_txtTmpPostcode\"]\"}\nE         (Session info: chrome-headless-shell=125.0.6422.76); For documentation on this error, please visit: https://www.selenium.dev/documentation/webdriver/troubleshooting/errors#no-such-element-exception\nE       Stacktrace:\nE       #0 0x563f8dbbbe9a <unknown>\nE       #1 0x563f8d8a545c <unknown>\nE       #2 0x563f8d8f15b5 <unknown>\nE       #3 0x563f8d8f1671 <unknown>\nE       #4 0x563f8d935f14 <unknown>\nE       #5 0x563f8d9144dd <unknown>\nE       #6 0x563f8d9332cc <unknown>\nE       #7 0x563f8d914253 <unknown>\nE       #8 0x563f8d8e41c7 <unknown>\nE       #9 0x563f8d8e4b3e <unknown>\nE       #10 0x563f8db822db <unknown>\nE       #11 0x563f8db86387 <unknown>\nE       #12 0x563f8db6ee0e <unknown>\nE       #13 0x563f8db86e52 <unknown>\nE       #14 0x563f8db537af <unknown>\nE       #15 0x563f8dbab188 <unknown>\nE       #16 0x563f8dbab35b <unknown>\nE       #17 0x563f8dbbafcc <unknown>\nE       #18 0x7feeb0219ac3 <unknown>\n\n../../../.cache/pypoetry/virtualenvs/uk-bin-collection-EwS6Gn8s-py3.12/lib/python3.12/site-packages/selenium/webdriver/remote/errorhandler.py:229: NoSuchElementException","steps":[{"name":"Given the council","time":{"start":1717316485589,"stop":1717316485590,"duration":1},"status":"passed","steps":[],"attachments":[],"parameters":[],"shouldDisplayMessage":false,"stepsCount":0,"attachmentsCount":0,"hasContent":false,"attachmentStep":false},{"name":"When we scrape the data from the council","time":{"start":1717316485590,"stop":1717316502963,"duration":17373},"status":"failed","statusMessage":"Message: no such element: Unable to locate element: {\"method\":\"css selector\",\"selector\":\"[id=\"ContentPlaceHolderDefault_ctl13_nptLLPG2_25_addresslookup_txtTmpPostcode\"]\"}\n  (Session info: chrome-headless-shell=125.0.6422.76); For documentation on this error, please visit: https://www.selenium.dev/documentation/webdriver/troubleshooting/errors#no-such-element-exception\nStacktrace:\n#0 0x563f8dbbbe9a <unknown>\n#1 0x563f8d8a545c <unknown>\n#2 0x563f8d8f15b5 <unknown>\n#3 0x563f8d8f1671 <unknown>\n#4 0x563f8d935f14 <unknown>\n#5 0x563f8d9144dd <unknown>\n#6 0x563f8d9332cc <unknown>\n#7 0x563f8d914253 <unknown>\n#8 0x563f8d8e41c7 <unknown>\n#9 0x563f8d8e4b3e <unknown>\n#10 0x563f8db822db <unknown>\n#11 0x563f8db86387 <unknown>\n#12 0x563f8db6ee0e <unknown>\n#13 0x563f8db86e52 <unknown>\n#14 0x563f8db537af <unknown>\n#15 0x563f8dbab188 <unknown>\n#16 0x563f8dbab35b <unknown>\n#17 0x563f8dbbafcc <unknown>\n#18 0x7feeb0219ac3 <unknown>\n","statusTrace":"selenium.common.exceptions.NoSuchElementException: Message: no such element: Unable to locate element: {\"method\":\"css selector\",\"selector\":\"[id=\"ContentPlaceHolderDefault_ctl13_nptLLPG2_25_addresslookup_txtTmpPostcode\"]\"}\n  (Session info: chrome-headless-shell=125.0.6422.76); For documentation on this error, please visit: https://www.selenium.dev/documentation/webdriver/troubleshooting/errors#no-such-element-exception\nStacktrace:\n#0 0x563f8dbbbe9a <unknown>\n#1 0x563f8d8a545c <unknown>\n#2 0x563f8d8f15b5 <unknown>\n#3 0x563f8d8f1671 <unknown>\n#4 0x563f8d935f14 <unknown>\n#5 0x563f8d9144dd <unknown>\n#6 0x563f8d9332cc <unknown>\n#7 0x563f8d914253 <unknown>\n#8 0x563f8d8e41c7 <unknown>\n#9 0x563f8d8e4b3e <unknown>\n#10 0x563f8db822db <unknown>\n#11 0x563f8db86387 <unknown>\n#12 0x563f8db6ee0e <unknown>\n#13 0x563f8db86e52 <unknown>\n#14 0x563f8db537af <unknown>\n#15 0x563f8dbab188 <unknown>\n#16 0x563f8dbab35b <unknown>\n#17 0x563f8dbbafcc <unknown>\n#18 0x7feeb0219ac3 <unknown>\n\n","steps":[],"attachments":[],"parameters":[],"shouldDisplayMessage":true,"stepsCount":0,"attachmentsCount":0,"hasContent":true,"attachmentStep":false}],"attachments":[{"uid":"7d34da764dcc87e5","name":"stdout","source":"7d34da764dcc87e5.txt","type":"text/plain","size":993}],"parameters":[],"shouldDisplayMessage":true,"stepsCount":2,"attachmentsCount":1,"hasContent":true,"attachmentStep":false},"afterStages":[],"labels":[{"name":"host","value":"fv-az2028-443"},{"name":"thread","value":"2678-MainThread"},{"name":"framework","value":"pytest-bdd"},{"name":"language","value":"cpython3"},{"name":"feature","value":"Test each council output matches expected results"},{"name":"resultFormat","value":"allure2"}],"parameters":[{"name":"council","value":"NeathPortTalbotCouncil"}],"links":[],"hidden":false,"retry":false,"extra":{"severity":"normal","retries":[],"categories":[{"name":"Product defects","matchedStatuses":[],"flaky":false}],"history":{"statistic":{"failed":25,"broken":0,"skipped":0,"passed":0,"unknown":0,"total":25},"items":[{"uid":"7312691b47bc56a5","reportUrl":"https://robbrad.github.io/UKBinCollectionData/3.12/1908//#testresult/7312691b47bc56a5","status":"failed","statusDetails":"selenium.common.exceptions.NoSuchElementException: Message: no such element: Unable to locate element: {\"method\":\"css selector\",\"selector\":\"[id=\"ContentPlaceHolderDefault_ctl13_nptLLPG2_25_addresslookup_txtTmpPostcode\"]\"}\n  (Session info: chrome-headless-shell=125.0.6422.76); For documentation on this error, please visit: https://www.selenium.dev/documentation/webdriver/troubleshooting/errors#no-such-element-exception\nStacktrace:\n#0 0x56501cbd3e9a <unknown>\n#1 0x56501c8bd45c <unknown>\n#2 0x56501c9095b5 <unknown>\n#3 0x56501c909671 <unknown>\n#4 0x56501c94df14 <unknown>\n#5 0x56501c92c4dd <unknown>\n#6 0x56501c94b2cc <unknown>\n#7 0x56501c92c253 <unknown>\n#8 0x56501c8fc1c7 <unknown>\n#9 0x56501c8fcb3e <unknown>\n#10 0x56501cb9a2db <unknown>\n#11 0x56501cb9e387 <unknown>\n#12 0x56501cb86e0e <unknown>\n#13 0x56501cb9ee52 <unknown>\n#14 0x56501cb6b7af <unknown>\n#15 0x56501cbc3188 <unknown>\n#16 0x56501cbc335b <unknown>\n#17 0x56501cbd2fcc <unknown>\n#18 0x7f9b4fee2ac3 <unknown>","time":{"start":1717288715653,"stop":1717288764065,"duration":48412}},{"uid":"45b11e1c6cb3a9b8","reportUrl":"https://robbrad.github.io/UKBinCollectionData/3.12/1905//#testresult/45b11e1c6cb3a9b8","status":"failed","statusDetails":"selenium.common.exceptions.NoSuchElementException: Message: no such element: Unable to locate element: {\"method\":\"css selector\",\"selector\":\"[id=\"ContentPlaceHolderDefault_ctl13_nptLLPG2_25_addresslookup_txtTmpPostcode\"]\"}\n  (Session info: chrome-headless-shell=125.0.6422.76); For documentation on this error, please visit: https://www.selenium.dev/documentation/webdriver/troubleshooting/errors#no-such-element-exception\nStacktrace:\n#0 0x561ddfdb9e9a <unknown>\n#1 0x561ddfaa345c <unknown>\n#2 0x561ddfaef5b5 <unknown>\n#3 0x561ddfaef671 <unknown>\n#4 0x561ddfb33f14 <unknown>\n#5 0x561ddfb124dd <unknown>\n#6 0x561ddfb312cc <unknown>\n#7 0x561ddfb12253 <unknown>\n#8 0x561ddfae21c7 <unknown>\n#9 0x561ddfae2b3e <unknown>\n#10 0x561ddfd802db <unknown>\n#11 0x561ddfd84387 <unknown>\n#12 0x561ddfd6ce0e <unknown>\n#13 0x561ddfd84e52 <unknown>\n#14 0x561ddfd517af <unknown>\n#15 0x561ddfda9188 <unknown>\n#16 0x561ddfda935b <unknown>\n#17 0x561ddfdb8fcc <unknown>\n#18 0x7fc75790fac3 <unknown>","time":{"start":1717202433968,"stop":1717202458979,"duration":25011}},{"uid":"6aa58e731a5f8fa","reportUrl":"https://robbrad.github.io/UKBinCollectionData/3.12/1904//#testresult/6aa58e731a5f8fa","status":"failed","statusDetails":"selenium.common.exceptions.NoSuchElementException: Message: no such element: Unable to locate element: {\"method\":\"css selector\",\"selector\":\"[id=\"ContentPlaceHolderDefault_ctl13_nptLLPG2_25_addresslookup_txtTmpPostcode\"]\"}\n  (Session info: chrome-headless-shell=125.0.6422.76); For documentation on this error, please visit: https://www.selenium.dev/documentation/webdriver/troubleshooting/errors#no-such-element-exception\nStacktrace:\n#0 0x55c4b5cc2e9a <unknown>\n#1 0x55c4b59ac45c <unknown>\n#2 0x55c4b59f85b5 <unknown>\n#3 0x55c4b59f8671 <unknown>\n#4 0x55c4b5a3cf14 <unknown>\n#5 0x55c4b5a1b4dd <unknown>\n#6 0x55c4b5a3a2cc <unknown>\n#7 0x55c4b5a1b253 <unknown>\n#8 0x55c4b59eb1c7 <unknown>\n#9 0x55c4b59ebb3e <unknown>\n#10 0x55c4b5c892db <unknown>\n#11 0x55c4b5c8d387 <unknown>\n#12 0x55c4b5c75e0e <unknown>\n#13 0x55c4b5c8de52 <unknown>\n#14 0x55c4b5c5a7af <unknown>\n#15 0x55c4b5cb2188 <unknown>\n#16 0x55c4b5cb235b <unknown>\n#17 0x55c4b5cc1fcc <unknown>\n#18 0x7f9b2b429ac3 <unknown>","time":{"start":1717115776853,"stop":1717115809177,"duration":32324}},{"uid":"76f1821ff0d52182","reportUrl":"https://robbrad.github.io/UKBinCollectionData/3.12/1903//#testresult/76f1821ff0d52182","status":"failed","statusDetails":"selenium.common.exceptions.NoSuchElementException: Message: no such element: Unable to locate element: {\"method\":\"css selector\",\"selector\":\"[id=\"ContentPlaceHolderDefault_ctl13_nptLLPG2_25_addresslookup_txtTmpPostcode\"]\"}\n  (Session info: chrome-headless-shell=125.0.6422.76); For documentation on this error, please visit: https://www.selenium.dev/documentation/webdriver/troubleshooting/errors#no-such-element-exception\nStacktrace:\n#0 0x559be6e0ae9a <unknown>\n#1 0x559be6af445c <unknown>\n#2 0x559be6b405b5 <unknown>\n#3 0x559be6b40671 <unknown>\n#4 0x559be6b84f14 <unknown>\n#5 0x559be6b634dd <unknown>\n#6 0x559be6b822cc <unknown>\n#7 0x559be6b63253 <unknown>\n#8 0x559be6b331c7 <unknown>\n#9 0x559be6b33b3e <unknown>\n#10 0x559be6dd12db <unknown>\n#11 0x559be6dd5387 <unknown>\n#12 0x559be6dbde0e <unknown>\n#13 0x559be6dd5e52 <unknown>\n#14 0x559be6da27af <unknown>\n#15 0x559be6dfa188 <unknown>\n#16 0x559be6dfa35b <unknown>\n#17 0x559be6e09fcc <unknown>\n#18 0x7f5a442e0ac3 <unknown>","time":{"start":1717029512767,"stop":1717029559705,"duration":46938}},{"uid":"85d5e82c2a527316","reportUrl":"https://robbrad.github.io/UKBinCollectionData/3.12/1898//#testresult/85d5e82c2a527316","status":"failed","statusDetails":"selenium.common.exceptions.NoSuchElementException: Message: no such element: Unable to locate element: {\"method\":\"css selector\",\"selector\":\"[id=\"ContentPlaceHolderDefault_ctl13_nptLLPG2_25_addresslookup_txtTmpPostcode\"]\"}\n  (Session info: chrome-headless-shell=125.0.6422.76); For documentation on this error, please visit: https://www.selenium.dev/documentation/webdriver/troubleshooting/errors#no-such-element-exception\nStacktrace:\n#0 0x563adfe55e9a <unknown>\n#1 0x563adfb3f45c <unknown>\n#2 0x563adfb8b5b5 <unknown>\n#3 0x563adfb8b671 <unknown>\n#4 0x563adfbcff14 <unknown>\n#5 0x563adfbae4dd <unknown>\n#6 0x563adfbcd2cc <unknown>\n#7 0x563adfbae253 <unknown>\n#8 0x563adfb7e1c7 <unknown>\n#9 0x563adfb7eb3e <unknown>\n#10 0x563adfe1c2db <unknown>\n#11 0x563adfe20387 <unknown>\n#12 0x563adfe08e0e <unknown>\n#13 0x563adfe20e52 <unknown>\n#14 0x563adfded7af <unknown>\n#15 0x563adfe45188 <unknown>\n#16 0x563adfe4535b <unknown>\n#17 0x563adfe54fcc <unknown>\n#18 0x7f4ec8c81ac3 <unknown>","time":{"start":1716943190569,"stop":1716943220738,"duration":30169}},{"uid":"d559ddce9045c108","reportUrl":"https://robbrad.github.io/UKBinCollectionData/3.12/1893//#testresult/d559ddce9045c108","status":"failed","statusDetails":"selenium.common.exceptions.NoSuchElementException: Message: no such element: Unable to locate element: {\"method\":\"css selector\",\"selector\":\"[id=\"ContentPlaceHolderDefault_ctl13_nptLLPG2_25_addresslookup_txtTmpPostcode\"]\"}\n  (Session info: chrome-headless-shell=125.0.6422.76); For documentation on this error, please visit: https://www.selenium.dev/documentation/webdriver/troubleshooting/errors#no-such-element-exception\nStacktrace:\n#0 0x55fe4d30ae9a <unknown>\n#1 0x55fe4cff445c <unknown>\n#2 0x55fe4d0405b5 <unknown>\n#3 0x55fe4d040671 <unknown>\n#4 0x55fe4d084f14 <unknown>\n#5 0x55fe4d0634dd <unknown>\n#6 0x55fe4d0822cc <unknown>\n#7 0x55fe4d063253 <unknown>\n#8 0x55fe4d0331c7 <unknown>\n#9 0x55fe4d033b3e <unknown>\n#10 0x55fe4d2d12db <unknown>\n#11 0x55fe4d2d5387 <unknown>\n#12 0x55fe4d2bde0e <unknown>\n#13 0x55fe4d2d5e52 <unknown>\n#14 0x55fe4d2a27af <unknown>\n#15 0x55fe4d2fa188 <unknown>\n#16 0x55fe4d2fa35b <unknown>\n#17 0x55fe4d309fcc <unknown>\n#18 0x7f0a2ba96ac3 <unknown>","time":{"start":1716856582739,"stop":1716856604582,"duration":21843}},{"uid":"d2e250f5faf7206c","reportUrl":"https://robbrad.github.io/UKBinCollectionData/3.12/1883//#testresult/d2e250f5faf7206c","status":"failed","statusDetails":"selenium.common.exceptions.NoSuchElementException: Message: no such element: Unable to locate element: {\"method\":\"css selector\",\"selector\":\"[id=\"ContentPlaceHolderDefault_ctl13_nptLLPG2_25_addresslookup_txtTmpPostcode\"]\"}\n  (Session info: chrome-headless-shell=125.0.6422.76); For documentation on this error, please visit: https://www.selenium.dev/documentation/webdriver/troubleshooting/errors#no-such-element-exception\nStacktrace:\n#0 0x564bc6808e9a <unknown>\n#1 0x564bc64f245c <unknown>\n#2 0x564bc653e5b5 <unknown>\n#3 0x564bc653e671 <unknown>\n#4 0x564bc6582f14 <unknown>\n#5 0x564bc65614dd <unknown>\n#6 0x564bc65802cc <unknown>\n#7 0x564bc6561253 <unknown>\n#8 0x564bc65311c7 <unknown>\n#9 0x564bc6531b3e <unknown>\n#10 0x564bc67cf2db <unknown>\n#11 0x564bc67d3387 <unknown>\n#12 0x564bc67bbe0e <unknown>\n#13 0x564bc67d3e52 <unknown>\n#14 0x564bc67a07af <unknown>\n#15 0x564bc67f8188 <unknown>\n#16 0x564bc67f835b <unknown>\n#17 0x564bc6807fcc <unknown>\n#18 0x7f91a7b10ac3 <unknown>","time":{"start":1716770203409,"stop":1716770217441,"duration":14032}},{"uid":"1599b2e8ee2f7c8f","reportUrl":"https://robbrad.github.io/UKBinCollectionData/3.12/1881//#testresult/1599b2e8ee2f7c8f","status":"failed","statusDetails":"selenium.common.exceptions.NoSuchElementException: Message: no such element: Unable to locate element: {\"method\":\"css selector\",\"selector\":\"[id=\"ContentPlaceHolderDefault_ctl13_nptLLPG2_25_addresslookup_txtTmpPostcode\"]\"}\n  (Session info: chrome-headless-shell=125.0.6422.76); For documentation on this error, please visit: https://www.selenium.dev/documentation/webdriver/troubleshooting/errors#no-such-element-exception\nStacktrace:\n#0 0x558b1d4fbe9a <unknown>\n#1 0x558b1d1e545c <unknown>\n#2 0x558b1d2315b5 <unknown>\n#3 0x558b1d231671 <unknown>\n#4 0x558b1d275f14 <unknown>\n#5 0x558b1d2544dd <unknown>\n#6 0x558b1d2732cc <unknown>\n#7 0x558b1d254253 <unknown>\n#8 0x558b1d2241c7 <unknown>\n#9 0x558b1d224b3e <unknown>\n#10 0x558b1d4c22db <unknown>\n#11 0x558b1d4c6387 <unknown>\n#12 0x558b1d4aee0e <unknown>\n#13 0x558b1d4c6e52 <unknown>\n#14 0x558b1d4937af <unknown>\n#15 0x558b1d4eb188 <unknown>\n#16 0x558b1d4eb35b <unknown>\n#17 0x558b1d4fafcc <unknown>\n#18 0x7fed74879ac3 <unknown>","time":{"start":1716753294746,"stop":1716753342439,"duration":47693}},{"uid":"199037392c9af697","reportUrl":"https://robbrad.github.io/UKBinCollectionData/3.12/1877//#testresult/199037392c9af697","status":"failed","statusDetails":"selenium.common.exceptions.NoSuchElementException: Message: no such element: Unable to locate element: {\"method\":\"css selector\",\"selector\":\"[id=\"ContentPlaceHolderDefault_ctl13_nptLLPG2_25_addresslookup_txtTmpPostcode\"]\"}\n  (Session info: chrome-headless-shell=125.0.6422.76); For documentation on this error, please visit: https://www.selenium.dev/documentation/webdriver/troubleshooting/errors#no-such-element-exception\nStacktrace:\n#0 0x55d1a9472e9a <unknown>\n#1 0x55d1a915c45c <unknown>\n#2 0x55d1a91a85b5 <unknown>\n#3 0x55d1a91a8671 <unknown>\n#4 0x55d1a91ecf14 <unknown>\n#5 0x55d1a91cb4dd <unknown>\n#6 0x55d1a91ea2cc <unknown>\n#7 0x55d1a91cb253 <unknown>\n#8 0x55d1a919b1c7 <unknown>\n#9 0x55d1a919bb3e <unknown>\n#10 0x55d1a94392db <unknown>\n#11 0x55d1a943d387 <unknown>\n#12 0x55d1a9425e0e <unknown>\n#13 0x55d1a943de52 <unknown>\n#14 0x55d1a940a7af <unknown>\n#15 0x55d1a9462188 <unknown>\n#16 0x55d1a946235b <unknown>\n#17 0x55d1a9471fcc <unknown>\n#18 0x7fc9506d5ac3 <unknown>","time":{"start":1716743482327,"stop":1716743538646,"duration":56319}},{"uid":"90c9f86bf0595876","reportUrl":"https://robbrad.github.io/UKBinCollectionData/3.12/1871//#testresult/90c9f86bf0595876","status":"failed","statusDetails":"selenium.common.exceptions.NoSuchElementException: Message: no such element: Unable to locate element: {\"method\":\"css selector\",\"selector\":\"[id=\"ContentPlaceHolderDefault_ctl13_nptLLPG2_25_addresslookup_txtTmpPostcode\"]\"}\n  (Session info: chrome-headless-shell=125.0.6422.76); For documentation on this error, please visit: https://www.selenium.dev/documentation/webdriver/troubleshooting/errors#no-such-element-exception\nStacktrace:\n#0 0x55fa78767e9a <unknown>\n#1 0x55fa7845145c <unknown>\n#2 0x55fa7849d5b5 <unknown>\n#3 0x55fa7849d671 <unknown>\n#4 0x55fa784e1f14 <unknown>\n#5 0x55fa784c04dd <unknown>\n#6 0x55fa784df2cc <unknown>\n#7 0x55fa784c0253 <unknown>\n#8 0x55fa784901c7 <unknown>\n#9 0x55fa78490b3e <unknown>\n#10 0x55fa7872e2db <unknown>\n#11 0x55fa78732387 <unknown>\n#12 0x55fa7871ae0e <unknown>\n#13 0x55fa78732e52 <unknown>\n#14 0x55fa786ff7af <unknown>\n#15 0x55fa78757188 <unknown>\n#16 0x55fa7875735b <unknown>\n#17 0x55fa78766fcc <unknown>\n#18 0x7f099c321ac3 <unknown>","time":{"start":1716710002855,"stop":1716710034345,"duration":31490}},{"uid":"f1412cbf0f4c6758","reportUrl":"https://robbrad.github.io/UKBinCollectionData/3.12/1866//#testresult/f1412cbf0f4c6758","status":"failed","statusDetails":"selenium.common.exceptions.NoSuchElementException: Message: no such element: Unable to locate element: {\"method\":\"css selector\",\"selector\":\"[id=\"ContentPlaceHolderDefault_ctl13_nptLLPG2_25_addresslookup_txtTmpPostcode\"]\"}\n  (Session info: chrome-headless-shell=125.0.6422.76); For documentation on this error, please visit: https://www.selenium.dev/documentation/webdriver/troubleshooting/errors#no-such-element-exception\nStacktrace:\n#0 0x5616a9d51e9a <unknown>\n#1 0x5616a9a3b45c <unknown>\n#2 0x5616a9a875b5 <unknown>\n#3 0x5616a9a87671 <unknown>\n#4 0x5616a9acbf14 <unknown>\n#5 0x5616a9aaa4dd <unknown>\n#6 0x5616a9ac92cc <unknown>\n#7 0x5616a9aaa253 <unknown>\n#8 0x5616a9a7a1c7 <unknown>\n#9 0x5616a9a7ab3e <unknown>\n#10 0x5616a9d182db <unknown>\n#11 0x5616a9d1c387 <unknown>\n#12 0x5616a9d04e0e <unknown>\n#13 0x5616a9d1ce52 <unknown>\n#14 0x5616a9ce97af <unknown>\n#15 0x5616a9d41188 <unknown>\n#16 0x5616a9d4135b <unknown>\n#17 0x5616a9d50fcc <unknown>\n#18 0x7f8157078ac3 <unknown>","time":{"start":1716705363455,"stop":1716705386488,"duration":23033}},{"uid":"81c121fd95c1366f","reportUrl":"https://robbrad.github.io/UKBinCollectionData/3.12/1865//#testresult/81c121fd95c1366f","status":"failed","statusDetails":"selenium.common.exceptions.NoSuchElementException: Message: no such element: Unable to locate element: {\"method\":\"css selector\",\"selector\":\"[id=\"ContentPlaceHolderDefault_ctl13_nptLLPG2_25_addresslookup_txtTmpPostcode\"]\"}\n  (Session info: chrome-headless-shell=125.0.6422.76); For documentation on this error, please visit: https://www.selenium.dev/documentation/webdriver/troubleshooting/errors#no-such-element-exception\nStacktrace:\n#0 0x5635703a9e9a <unknown>\n#1 0x56357009345c <unknown>\n#2 0x5635700df5b5 <unknown>\n#3 0x5635700df671 <unknown>\n#4 0x563570123f14 <unknown>\n#5 0x5635701024dd <unknown>\n#6 0x5635701212cc <unknown>\n#7 0x563570102253 <unknown>\n#8 0x5635700d21c7 <unknown>\n#9 0x5635700d2b3e <unknown>\n#10 0x5635703702db <unknown>\n#11 0x563570374387 <unknown>\n#12 0x56357035ce0e <unknown>\n#13 0x563570374e52 <unknown>\n#14 0x5635703417af <unknown>\n#15 0x563570399188 <unknown>\n#16 0x56357039935b <unknown>\n#17 0x5635703a8fcc <unknown>\n#18 0x7fd83a022ac3 <unknown>","time":{"start":1716683799622,"stop":1716683860615,"duration":60993}},{"uid":"af442c2c20102708","reportUrl":"https://robbrad.github.io/UKBinCollectionData/3.12/1863//#testresult/af442c2c20102708","status":"failed","statusDetails":"selenium.common.exceptions.NoSuchElementException: Message: no such element: Unable to locate element: {\"method\":\"css selector\",\"selector\":\"[id=\"ContentPlaceHolderDefault_ctl13_nptLLPG2_25_addresslookup_txtTmpPostcode\"]\"}\n  (Session info: chrome-headless-shell=125.0.6422.76); For documentation on this error, please visit: https://www.selenium.dev/documentation/webdriver/troubleshooting/errors#no-such-element-exception\nStacktrace:\n#0 0x55cb64495e9a <unknown>\n#1 0x55cb6417f45c <unknown>\n#2 0x55cb641cb5b5 <unknown>\n#3 0x55cb641cb671 <unknown>\n#4 0x55cb6420ff14 <unknown>\n#5 0x55cb641ee4dd <unknown>\n#6 0x55cb6420d2cc <unknown>\n#7 0x55cb641ee253 <unknown>\n#8 0x55cb641be1c7 <unknown>\n#9 0x55cb641beb3e <unknown>\n#10 0x55cb6445c2db <unknown>\n#11 0x55cb64460387 <unknown>\n#12 0x55cb64448e0e <unknown>\n#13 0x55cb64460e52 <unknown>\n#14 0x55cb6442d7af <unknown>\n#15 0x55cb64485188 <unknown>\n#16 0x55cb6448535b <unknown>\n#17 0x55cb64494fcc <unknown>\n#18 0x7fd4169e7ac3 <unknown>","time":{"start":1716625074738,"stop":1716625112755,"duration":38017}},{"uid":"41d10ead4cb06a9a","reportUrl":"https://robbrad.github.io/UKBinCollectionData/3.12/1862//#testresult/41d10ead4cb06a9a","status":"failed","statusDetails":"selenium.common.exceptions.NoSuchElementException: Message: no such element: Unable to locate element: {\"method\":\"css selector\",\"selector\":\"[id=\"ContentPlaceHolderDefault_ctl13_nptLLPG2_25_addresslookup_txtTmpPostcode\"]\"}\n  (Session info: chrome-headless-shell=125.0.6422.76); For documentation on this error, please visit: https://www.selenium.dev/documentation/webdriver/troubleshooting/errors#no-such-element-exception\nStacktrace:\n#0 0x55da0ad46e9a <unknown>\n#1 0x55da0aa3045c <unknown>\n#2 0x55da0aa7c5b5 <unknown>\n#3 0x55da0aa7c671 <unknown>\n#4 0x55da0aac0f14 <unknown>\n#5 0x55da0aa9f4dd <unknown>\n#6 0x55da0aabe2cc <unknown>\n#7 0x55da0aa9f253 <unknown>\n#8 0x55da0aa6f1c7 <unknown>\n#9 0x55da0aa6fb3e <unknown>\n#10 0x55da0ad0d2db <unknown>\n#11 0x55da0ad11387 <unknown>\n#12 0x55da0acf9e0e <unknown>\n#13 0x55da0ad11e52 <unknown>\n#14 0x55da0acde7af <unknown>\n#15 0x55da0ad36188 <unknown>\n#16 0x55da0ad3635b <unknown>\n#17 0x55da0ad45fcc <unknown>\n#18 0x7f04d6e8cac3 <unknown>","time":{"start":1716597337618,"stop":1716597387142,"duration":49524}},{"uid":"db6c031ec78a6242","reportUrl":"https://robbrad.github.io/UKBinCollectionData/3.12/1856//#testresult/db6c031ec78a6242","status":"failed","statusDetails":"selenium.common.exceptions.NoSuchElementException: Message: no such element: Unable to locate element: {\"method\":\"css selector\",\"selector\":\"[id=\"ContentPlaceHolderDefault_ctl13_nptLLPG2_25_addresslookup_txtTmpPostcode\"]\"}\n  (Session info: chrome-headless-shell=125.0.6422.76); For documentation on this error, please visit: https://www.selenium.dev/documentation/webdriver/troubleshooting/errors#no-such-element-exception\nStacktrace:\n#0 0x5638e4009e9a <unknown>\n#1 0x5638e3cf345c <unknown>\n#2 0x5638e3d3f5b5 <unknown>\n#3 0x5638e3d3f671 <unknown>\n#4 0x5638e3d83f14 <unknown>\n#5 0x5638e3d624dd <unknown>\n#6 0x5638e3d812cc <unknown>\n#7 0x5638e3d62253 <unknown>\n#8 0x5638e3d321c7 <unknown>\n#9 0x5638e3d32b3e <unknown>\n#10 0x5638e3fd02db <unknown>\n#11 0x5638e3fd4387 <unknown>\n#12 0x5638e3fbce0e <unknown>\n#13 0x5638e3fd4e52 <unknown>\n#14 0x5638e3fa17af <unknown>\n#15 0x5638e3ff9188 <unknown>\n#16 0x5638e3ff935b <unknown>\n#17 0x5638e4008fcc <unknown>\n#18 0x7fc99a3ceac3 <unknown>","time":{"start":1716510668179,"stop":1716510960492,"duration":292313}},{"uid":"a57e68045adb7e64","reportUrl":"https://robbrad.github.io/UKBinCollectionData/3.12/1855//#testresult/a57e68045adb7e64","status":"failed","statusDetails":"selenium.common.exceptions.NoSuchElementException: Message: no such element: Unable to locate element: {\"method\":\"css selector\",\"selector\":\"[id=\"ContentPlaceHolderDefault_ctl13_nptLLPG2_25_addresslookup_txtTmpPostcode\"]\"}\n  (Session info: chrome-headless-shell=125.0.6422.76); For documentation on this error, please visit: https://www.selenium.dev/documentation/webdriver/troubleshooting/errors#no-such-element-exception\nStacktrace:\n#0 0x55b24f8b8e9a <unknown>\n#1 0x55b24f5a245c <unknown>\n#2 0x55b24f5ee5b5 <unknown>\n#3 0x55b24f5ee671 <unknown>\n#4 0x55b24f632f14 <unknown>\n#5 0x55b24f6114dd <unknown>\n#6 0x55b24f6302cc <unknown>\n#7 0x55b24f611253 <unknown>\n#8 0x55b24f5e11c7 <unknown>\n#9 0x55b24f5e1b3e <unknown>\n#10 0x55b24f87f2db <unknown>\n#11 0x55b24f883387 <unknown>\n#12 0x55b24f86be0e <unknown>\n#13 0x55b24f883e52 <unknown>\n#14 0x55b24f8507af <unknown>\n#15 0x55b24f8a8188 <unknown>\n#16 0x55b24f8a835b <unknown>\n#17 0x55b24f8b7fcc <unknown>\n#18 0x7fa28b116ac3 <unknown>","time":{"start":1716424307800,"stop":1716424607082,"duration":299282}},{"uid":"32132fb8ff25675c","reportUrl":"https://robbrad.github.io/UKBinCollectionData/3.12/1854//#testresult/32132fb8ff25675c","status":"failed","statusDetails":"selenium.common.exceptions.NoSuchElementException: Message: no such element: Unable to locate element: {\"method\":\"css selector\",\"selector\":\"[id=\"ContentPlaceHolderDefault_ctl13_nptLLPG2_25_addresslookup_txtTmpPostcode\"]\"}\n  (Session info: chrome-headless-shell=125.0.6422.76); For documentation on this error, please visit: https://www.selenium.dev/documentation/webdriver/troubleshooting/errors#no-such-element-exception\nStacktrace:\n#0 0x565335007e9a <unknown>\n#1 0x565334cf145c <unknown>\n#2 0x565334d3d5b5 <unknown>\n#3 0x565334d3d671 <unknown>\n#4 0x565334d81f14 <unknown>\n#5 0x565334d604dd <unknown>\n#6 0x565334d7f2cc <unknown>\n#7 0x565334d60253 <unknown>\n#8 0x565334d301c7 <unknown>\n#9 0x565334d30b3e <unknown>\n#10 0x565334fce2db <unknown>\n#11 0x565334fd2387 <unknown>\n#12 0x565334fbae0e <unknown>\n#13 0x565334fd2e52 <unknown>\n#14 0x565334f9f7af <unknown>\n#15 0x565334ff7188 <unknown>\n#16 0x565334ff735b <unknown>\n#17 0x565335006fcc <unknown>\n#18 0x7ffb669f5ac3 <unknown>","time":{"start":1716338105510,"stop":1716338151600,"duration":46090}},{"uid":"d8fde0568911f313","reportUrl":"https://robbrad.github.io/UKBinCollectionData/3.12/1853//#testresult/d8fde0568911f313","status":"failed","statusDetails":"selenium.common.exceptions.NoSuchElementException: Message: no such element: Unable to locate element: {\"method\":\"css selector\",\"selector\":\"[id=\"ContentPlaceHolderDefault_ctl13_nptLLPG2_25_addresslookup_txtTmpPostcode\"]\"}\n  (Session info: chrome-headless-shell=125.0.6422.60); For documentation on this error, please visit: https://www.selenium.dev/documentation/webdriver/troubleshooting/errors#no-such-element-exception\nStacktrace:\n#0 0x55f0cdc6deca <unknown>\n#1 0x55f0cd95745c <unknown>\n#2 0x55f0cd9a35b5 <unknown>\n#3 0x55f0cd9a3671 <unknown>\n#4 0x55f0cd9e7f14 <unknown>\n#5 0x55f0cd9c64dd <unknown>\n#6 0x55f0cd9e52cc <unknown>\n#7 0x55f0cd9c6253 <unknown>\n#8 0x55f0cd9961c7 <unknown>\n#9 0x55f0cd996b3e <unknown>\n#10 0x55f0cdc3430b <unknown>\n#11 0x55f0cdc383b7 <unknown>\n#12 0x55f0cdc20e3e <unknown>\n#13 0x55f0cdc38e82 <unknown>\n#14 0x55f0cdc057df <unknown>\n#15 0x55f0cdc5d1b8 <unknown>\n#16 0x55f0cdc5d38b <unknown>\n#17 0x55f0cdc6cffc <unknown>\n#18 0x7f3bae1c8ac3 <unknown>","time":{"start":1716251448933,"stop":1716251748168,"duration":299235}},{"uid":"146a493f905aa119","reportUrl":"https://robbrad.github.io/UKBinCollectionData/3.12/1852//#testresult/146a493f905aa119","status":"failed","statusDetails":"selenium.common.exceptions.NoSuchElementException: Message: no such element: Unable to locate element: {\"method\":\"css selector\",\"selector\":\"[id=\"ContentPlaceHolderDefault_ctl13_nptLLPG2_25_addresslookup_txtTmpPostcode\"]\"}\n  (Session info: chrome-headless-shell=125.0.6422.60); For documentation on this error, please visit: https://www.selenium.dev/documentation/webdriver/troubleshooting/errors#no-such-element-exception\nStacktrace:\n#0 0x5604febd5eca <unknown>\n#1 0x5604fe8bf45c <unknown>\n#2 0x5604fe90b5b5 <unknown>\n#3 0x5604fe90b671 <unknown>\n#4 0x5604fe94ff14 <unknown>\n#5 0x5604fe92e4dd <unknown>\n#6 0x5604fe94d2cc <unknown>\n#7 0x5604fe92e253 <unknown>\n#8 0x5604fe8fe1c7 <unknown>\n#9 0x5604fe8feb3e <unknown>\n#10 0x5604feb9c30b <unknown>\n#11 0x5604feba03b7 <unknown>\n#12 0x5604feb88e3e <unknown>\n#13 0x5604feba0e82 <unknown>\n#14 0x5604feb6d7df <unknown>\n#15 0x5604febc51b8 <unknown>\n#16 0x5604febc538b <unknown>\n#17 0x5604febd4ffc <unknown>\n#18 0x7fa8aea8aac3 <unknown>","time":{"start":1716165367029,"stop":1716165411914,"duration":44885}},{"uid":"d9170357127c0fdf","reportUrl":"https://robbrad.github.io/UKBinCollectionData/3.12/1851//#testresult/d9170357127c0fdf","status":"failed","statusDetails":"selenium.common.exceptions.NoSuchElementException: Message: no such element: Unable to locate element: {\"method\":\"css selector\",\"selector\":\"[id=\"ContentPlaceHolderDefault_ctl13_nptLLPG2_25_addresslookup_txtTmpPostcode\"]\"}\n  (Session info: chrome-headless-shell=125.0.6422.60); For documentation on this error, please visit: https://www.selenium.dev/documentation/webdriver/troubleshooting/errors#no-such-element-exception\nStacktrace:\n#0 0x55c0b9dcfeca <unknown>\n#1 0x55c0b9ab945c <unknown>\n#2 0x55c0b9b055b5 <unknown>\n#3 0x55c0b9b05671 <unknown>\n#4 0x55c0b9b49f14 <unknown>\n#5 0x55c0b9b284dd <unknown>\n#6 0x55c0b9b472cc <unknown>\n#7 0x55c0b9b28253 <unknown>\n#8 0x55c0b9af81c7 <unknown>\n#9 0x55c0b9af8b3e <unknown>\n#10 0x55c0b9d9630b <unknown>\n#11 0x55c0b9d9a3b7 <unknown>\n#12 0x55c0b9d82e3e <unknown>\n#13 0x55c0b9d9ae82 <unknown>\n#14 0x55c0b9d677df <unknown>\n#15 0x55c0b9dbf1b8 <unknown>\n#16 0x55c0b9dbf38b <unknown>\n#17 0x55c0b9dceffc <unknown>\n#18 0x7f8b4f046ac3 <unknown>","time":{"start":1716155114323,"stop":1716155131095,"duration":16772}}]},"tags":[]},"source":"1cd1d891798211ef.json","parameterValues":["NeathPortTalbotCouncil"]}