{"uid":"d8c4f4f6aed48d97","name":"Validate Council Output [KnowsleyMBCouncil-http://selenium:4444-local]","fullName":"features/validate_council_outputs.feature:Validate Council Output","historyId":"21085768e6a9bca9eed2667a2bec1713","time":{"start":1714782461816,"stop":1714782474724,"duration":12908},"status":"failed","statusMessage":"selenium.common.exceptions.NoSuchElementException: Message: no such element: Unable to locate element: {\"method\":\"link text\",\"selector\":\"Choose this address\"}\n  (Session info: chrome-headless-shell=124.0.6367.60); For documentation on this error, please visit: https://www.selenium.dev/documentation/webdriver/troubleshooting/errors#no-such-element-exception\nStacktrace:\n#0 0x55964e074cb3 <unknown>\n#1 0x55964dd634a7 <unknown>\n#2 0x55964ddae31d <unknown>\n#3 0x55964ddae3d1 <unknown>\n#4 0x55964dda2c66 <unknown>\n#5 0x55964ddd043d <unknown>\n#6 0x55964dda2b58 <unknown>\n#7 0x55964ddd05de <unknown>\n#8 0x55964ddeebe9 <unknown>\n#9 0x55964ddd01b3 <unknown>\n#10 0x55964dda124a <unknown>\n#11 0x55964dda1c1e <unknown>\n#12 0x55964e038fdb <unknown>\n#13 0x55964e03cf2b <unknown>\n#14 0x55964e0250f1 <unknown>\n#15 0x55964e03da92 <unknown>\n#16 0x55964e009faf <unknown>\n#17 0x55964e063e08 <unknown>\n#18 0x55964e063fe0 <unknown>\n#19 0x55964e073e04 <unknown>\n#20 0x7fa74e694ac3 <unknown>","statusTrace":"fixturefunc = <function scrape_step at 0x7f96742d4900>\nrequest = <FixtureRequest for <Function test_scenario_outline[KnowsleyMBCouncil-http://selenium:4444-local]>>\nkwargs = {'context': <test_validate_council.context.<locals>.Context object at 0x7f967346e150>, 'council': 'KnowsleyMBCouncil', 'selenium_mode': 'local', 'selenium_url': 'http://selenium:4444'}\n\n    def call_fixture_func(\n        fixturefunc: \"_FixtureFunc[FixtureValue]\", request: FixtureRequest, kwargs\n    ) -> FixtureValue:\n        if is_generator(fixturefunc):\n            fixturefunc = cast(\n                Callable[..., Generator[FixtureValue, None, None]], fixturefunc\n            )\n            generator = fixturefunc(**kwargs)\n            try:\n                fixture_result = next(generator)\n            except StopIteration:\n                raise ValueError(f\"{request.fixturename} did not yield a value\") from None\n            finalizer = functools.partial(_teardown_yield_fixture, fixturefunc, generator)\n            request.addfinalizer(finalizer)\n        else:\n            fixturefunc = cast(Callable[..., FixtureValue], fixturefunc)\n>           fixture_result = fixturefunc(**kwargs)\n\n../../../.cache/pypoetry/virtualenvs/uk-bin-collection-EwS6Gn8s-py3.11/lib/python3.11/site-packages/_pytest/fixtures.py:902: \n_ _ _ _ _ _ _ _ _ _ _ _ _ _ _ _ _ _ _ _ _ _ _ _ _ _ _ _ _ _ _ _ _ _ _ _ _ _ _ _ \nuk_bin_collection/tests/step_defs/test_validate_council.py:92: in scrape_step\n    context.parse_result = CollectData.run()\nuk_bin_collection/uk_bin_collection/collect_data.py:96: in run\n    return self.client_code(\nuk_bin_collection/uk_bin_collection/collect_data.py:115: in client_code\n    return get_bin_data_class.template_method(address_url, **kwargs)\nuk_bin_collection/uk_bin_collection/get_bin_data.py:78: in template_method\n    bin_data_dict = self.parse_data(\nuk_bin_collection/uk_bin_collection/councils/KnowsleyMBCouncil.py:66: in parse_data\n    address_to_select = row.find_element(By.LINK_TEXT, \"Choose this address\")\n../../../.cache/pypoetry/virtualenvs/uk-bin-collection-EwS6Gn8s-py3.11/lib/python3.11/site-packages/selenium/webdriver/remote/webelement.py:416: in find_element\n    return self._execute(Command.FIND_CHILD_ELEMENT, {\"using\": by, \"value\": value})[\"value\"]\n../../../.cache/pypoetry/virtualenvs/uk-bin-collection-EwS6Gn8s-py3.11/lib/python3.11/site-packages/selenium/webdriver/remote/webelement.py:394: in _execute\n    return self._parent.execute(command, params)\n../../../.cache/pypoetry/virtualenvs/uk-bin-collection-EwS6Gn8s-py3.11/lib/python3.11/site-packages/selenium/webdriver/remote/webdriver.py:344: in execute\n    self.error_handler.check_response(response)\n_ _ _ _ _ _ _ _ _ _ _ _ _ _ _ _ _ _ _ _ _ _ _ _ _ _ _ _ _ _ _ _ _ _ _ _ _ _ _ _ \n\nself = <selenium.webdriver.remote.errorhandler.ErrorHandler object at 0x7f96734a41d0>\nresponse = {'status': 404, 'value': '{\"value\":{\"error\":\"no such element\",\"message\":\"no such element: Unable to locate element: {\\...\\\\n#18 0x55964e063fe0 \\\\u003Cunknown>\\\\n#19 0x55964e073e04 \\\\u003Cunknown>\\\\n#20 0x7fa74e694ac3 \\\\u003Cunknown>\\\\n\"}}'}\n\n    def check_response(self, response: Dict[str, Any]) -> None:\n        \"\"\"Checks that a JSON response from the WebDriver does not have an\n        error.\n    \n        :Args:\n         - response - The JSON response from the WebDriver server as a dictionary\n           object.\n    \n        :Raises: If the response contains an error message.\n        \"\"\"\n        status = response.get(\"status\", None)\n        if not status or status == ErrorCode.SUCCESS:\n            return\n        value = None\n        message = response.get(\"message\", \"\")\n        screen: str = response.get(\"screen\", \"\")\n        stacktrace = None\n        if isinstance(status, int):\n            value_json = response.get(\"value\", None)\n            if value_json and isinstance(value_json, str):\n                import json\n    \n                try:\n                    value = json.loads(value_json)\n                    if len(value) == 1:\n                        value = value[\"value\"]\n                    status = value.get(\"error\", None)\n                    if not status:\n                        status = value.get(\"status\", ErrorCode.UNKNOWN_ERROR)\n                        message = value.get(\"value\") or value.get(\"message\")\n                        if not isinstance(message, str):\n                            value = message\n                            message = message.get(\"message\")\n                    else:\n                        message = value.get(\"message\", None)\n                except ValueError:\n                    pass\n    \n        exception_class: Type[WebDriverException]\n        e = ErrorCode()\n        error_codes = [item for item in dir(e) if not item.startswith(\"__\")]\n        for error_code in error_codes:\n            error_info = getattr(ErrorCode, error_code)\n            if isinstance(error_info, list) and status in error_info:\n                exception_class = getattr(ExceptionMapping, error_code, WebDriverException)\n                break\n        else:\n            exception_class = WebDriverException\n    \n        if not value:\n            value = response[\"value\"]\n        if isinstance(value, str):\n            raise exception_class(value)\n        if message == \"\" and \"message\" in value:\n            message = value[\"message\"]\n    \n        screen = None  # type: ignore[assignment]\n        if \"screen\" in value:\n            screen = value[\"screen\"]\n    \n        stacktrace = None\n        st_value = value.get(\"stackTrace\") or value.get(\"stacktrace\")\n        if st_value:\n            if isinstance(st_value, str):\n                stacktrace = st_value.split(\"\\n\")\n            else:\n                stacktrace = []\n                try:\n                    for frame in st_value:\n                        line = frame.get(\"lineNumber\", \"\")\n                        file = frame.get(\"fileName\", \"<anonymous>\")\n                        if line:\n                            file = f\"{file}:{line}\"\n                        meth = frame.get(\"methodName\", \"<anonymous>\")\n                        if \"className\" in frame:\n                            meth = f\"{frame['className']}.{meth}\"\n                        msg = \"    at %s (%s)\"\n                        msg = msg % (meth, file)\n                        stacktrace.append(msg)\n                except TypeError:\n                    pass\n        if exception_class == UnexpectedAlertPresentException:\n            alert_text = None\n            if \"data\" in value:\n                alert_text = value[\"data\"].get(\"text\")\n            elif \"alert\" in value:\n                alert_text = value[\"alert\"].get(\"text\")\n            raise exception_class(message, screen, stacktrace, alert_text)  # type: ignore[call-arg]  # mypy is not smart enough here\n>       raise exception_class(message, screen, stacktrace)\nE       selenium.common.exceptions.NoSuchElementException: Message: no such element: Unable to locate element: {\"method\":\"link text\",\"selector\":\"Choose this address\"}\nE         (Session info: chrome-headless-shell=124.0.6367.60); For documentation on this error, please visit: https://www.selenium.dev/documentation/webdriver/troubleshooting/errors#no-such-element-exception\nE       Stacktrace:\nE       #0 0x55964e074cb3 <unknown>\nE       #1 0x55964dd634a7 <unknown>\nE       #2 0x55964ddae31d <unknown>\nE       #3 0x55964ddae3d1 <unknown>\nE       #4 0x55964dda2c66 <unknown>\nE       #5 0x55964ddd043d <unknown>\nE       #6 0x55964dda2b58 <unknown>\nE       #7 0x55964ddd05de <unknown>\nE       #8 0x55964ddeebe9 <unknown>\nE       #9 0x55964ddd01b3 <unknown>\nE       #10 0x55964dda124a <unknown>\nE       #11 0x55964dda1c1e <unknown>\nE       #12 0x55964e038fdb <unknown>\nE       #13 0x55964e03cf2b <unknown>\nE       #14 0x55964e0250f1 <unknown>\nE       #15 0x55964e03da92 <unknown>\nE       #16 0x55964e009faf <unknown>\nE       #17 0x55964e063e08 <unknown>\nE       #18 0x55964e063fe0 <unknown>\nE       #19 0x55964e073e04 <unknown>\nE       #20 0x7fa74e694ac3 <unknown>\n\n../../../.cache/pypoetry/virtualenvs/uk-bin-collection-EwS6Gn8s-py3.11/lib/python3.11/site-packages/selenium/webdriver/remote/errorhandler.py:229: NoSuchElementException","flaky":true,"newFailed":false,"newBroken":false,"newPassed":false,"retriesCount":0,"retriesStatusChange":false,"beforeStages":[],"testStage":{"status":"failed","statusMessage":"selenium.common.exceptions.NoSuchElementException: Message: no such element: Unable to locate element: {\"method\":\"link text\",\"selector\":\"Choose this address\"}\n  (Session info: chrome-headless-shell=124.0.6367.60); For documentation on this error, please visit: https://www.selenium.dev/documentation/webdriver/troubleshooting/errors#no-such-element-exception\nStacktrace:\n#0 0x55964e074cb3 <unknown>\n#1 0x55964dd634a7 <unknown>\n#2 0x55964ddae31d <unknown>\n#3 0x55964ddae3d1 <unknown>\n#4 0x55964dda2c66 <unknown>\n#5 0x55964ddd043d <unknown>\n#6 0x55964dda2b58 <unknown>\n#7 0x55964ddd05de <unknown>\n#8 0x55964ddeebe9 <unknown>\n#9 0x55964ddd01b3 <unknown>\n#10 0x55964dda124a <unknown>\n#11 0x55964dda1c1e <unknown>\n#12 0x55964e038fdb <unknown>\n#13 0x55964e03cf2b <unknown>\n#14 0x55964e0250f1 <unknown>\n#15 0x55964e03da92 <unknown>\n#16 0x55964e009faf <unknown>\n#17 0x55964e063e08 <unknown>\n#18 0x55964e063fe0 <unknown>\n#19 0x55964e073e04 <unknown>\n#20 0x7fa74e694ac3 <unknown>","statusTrace":"fixturefunc = <function scrape_step at 0x7f96742d4900>\nrequest = <FixtureRequest for <Function test_scenario_outline[KnowsleyMBCouncil-http://selenium:4444-local]>>\nkwargs = {'context': <test_validate_council.context.<locals>.Context object at 0x7f967346e150>, 'council': 'KnowsleyMBCouncil', 'selenium_mode': 'local', 'selenium_url': 'http://selenium:4444'}\n\n    def call_fixture_func(\n        fixturefunc: \"_FixtureFunc[FixtureValue]\", request: FixtureRequest, kwargs\n    ) -> FixtureValue:\n        if is_generator(fixturefunc):\n            fixturefunc = cast(\n                Callable[..., Generator[FixtureValue, None, None]], fixturefunc\n            )\n            generator = fixturefunc(**kwargs)\n            try:\n                fixture_result = next(generator)\n            except StopIteration:\n                raise ValueError(f\"{request.fixturename} did not yield a value\") from None\n            finalizer = functools.partial(_teardown_yield_fixture, fixturefunc, generator)\n            request.addfinalizer(finalizer)\n        else:\n            fixturefunc = cast(Callable[..., FixtureValue], fixturefunc)\n>           fixture_result = fixturefunc(**kwargs)\n\n../../../.cache/pypoetry/virtualenvs/uk-bin-collection-EwS6Gn8s-py3.11/lib/python3.11/site-packages/_pytest/fixtures.py:902: \n_ _ _ _ _ _ _ _ _ _ _ _ _ _ _ _ _ _ _ _ _ _ _ _ _ _ _ _ _ _ _ _ _ _ _ _ _ _ _ _ \nuk_bin_collection/tests/step_defs/test_validate_council.py:92: in scrape_step\n    context.parse_result = CollectData.run()\nuk_bin_collection/uk_bin_collection/collect_data.py:96: in run\n    return self.client_code(\nuk_bin_collection/uk_bin_collection/collect_data.py:115: in client_code\n    return get_bin_data_class.template_method(address_url, **kwargs)\nuk_bin_collection/uk_bin_collection/get_bin_data.py:78: in template_method\n    bin_data_dict = self.parse_data(\nuk_bin_collection/uk_bin_collection/councils/KnowsleyMBCouncil.py:66: in parse_data\n    address_to_select = row.find_element(By.LINK_TEXT, \"Choose this address\")\n../../../.cache/pypoetry/virtualenvs/uk-bin-collection-EwS6Gn8s-py3.11/lib/python3.11/site-packages/selenium/webdriver/remote/webelement.py:416: in find_element\n    return self._execute(Command.FIND_CHILD_ELEMENT, {\"using\": by, \"value\": value})[\"value\"]\n../../../.cache/pypoetry/virtualenvs/uk-bin-collection-EwS6Gn8s-py3.11/lib/python3.11/site-packages/selenium/webdriver/remote/webelement.py:394: in _execute\n    return self._parent.execute(command, params)\n../../../.cache/pypoetry/virtualenvs/uk-bin-collection-EwS6Gn8s-py3.11/lib/python3.11/site-packages/selenium/webdriver/remote/webdriver.py:344: in execute\n    self.error_handler.check_response(response)\n_ _ _ _ _ _ _ _ _ _ _ _ _ _ _ _ _ _ _ _ _ _ _ _ _ _ _ _ _ _ _ _ _ _ _ _ _ _ _ _ \n\nself = <selenium.webdriver.remote.errorhandler.ErrorHandler object at 0x7f96734a41d0>\nresponse = {'status': 404, 'value': '{\"value\":{\"error\":\"no such element\",\"message\":\"no such element: Unable to locate element: {\\...\\\\n#18 0x55964e063fe0 \\\\u003Cunknown>\\\\n#19 0x55964e073e04 \\\\u003Cunknown>\\\\n#20 0x7fa74e694ac3 \\\\u003Cunknown>\\\\n\"}}'}\n\n    def check_response(self, response: Dict[str, Any]) -> None:\n        \"\"\"Checks that a JSON response from the WebDriver does not have an\n        error.\n    \n        :Args:\n         - response - The JSON response from the WebDriver server as a dictionary\n           object.\n    \n        :Raises: If the response contains an error message.\n        \"\"\"\n        status = response.get(\"status\", None)\n        if not status or status == ErrorCode.SUCCESS:\n            return\n        value = None\n        message = response.get(\"message\", \"\")\n        screen: str = response.get(\"screen\", \"\")\n        stacktrace = None\n        if isinstance(status, int):\n            value_json = response.get(\"value\", None)\n            if value_json and isinstance(value_json, str):\n                import json\n    \n                try:\n                    value = json.loads(value_json)\n                    if len(value) == 1:\n                        value = value[\"value\"]\n                    status = value.get(\"error\", None)\n                    if not status:\n                        status = value.get(\"status\", ErrorCode.UNKNOWN_ERROR)\n                        message = value.get(\"value\") or value.get(\"message\")\n                        if not isinstance(message, str):\n                            value = message\n                            message = message.get(\"message\")\n                    else:\n                        message = value.get(\"message\", None)\n                except ValueError:\n                    pass\n    \n        exception_class: Type[WebDriverException]\n        e = ErrorCode()\n        error_codes = [item for item in dir(e) if not item.startswith(\"__\")]\n        for error_code in error_codes:\n            error_info = getattr(ErrorCode, error_code)\n            if isinstance(error_info, list) and status in error_info:\n                exception_class = getattr(ExceptionMapping, error_code, WebDriverException)\n                break\n        else:\n            exception_class = WebDriverException\n    \n        if not value:\n            value = response[\"value\"]\n        if isinstance(value, str):\n            raise exception_class(value)\n        if message == \"\" and \"message\" in value:\n            message = value[\"message\"]\n    \n        screen = None  # type: ignore[assignment]\n        if \"screen\" in value:\n            screen = value[\"screen\"]\n    \n        stacktrace = None\n        st_value = value.get(\"stackTrace\") or value.get(\"stacktrace\")\n        if st_value:\n            if isinstance(st_value, str):\n                stacktrace = st_value.split(\"\\n\")\n            else:\n                stacktrace = []\n                try:\n                    for frame in st_value:\n                        line = frame.get(\"lineNumber\", \"\")\n                        file = frame.get(\"fileName\", \"<anonymous>\")\n                        if line:\n                            file = f\"{file}:{line}\"\n                        meth = frame.get(\"methodName\", \"<anonymous>\")\n                        if \"className\" in frame:\n                            meth = f\"{frame['className']}.{meth}\"\n                        msg = \"    at %s (%s)\"\n                        msg = msg % (meth, file)\n                        stacktrace.append(msg)\n                except TypeError:\n                    pass\n        if exception_class == UnexpectedAlertPresentException:\n            alert_text = None\n            if \"data\" in value:\n                alert_text = value[\"data\"].get(\"text\")\n            elif \"alert\" in value:\n                alert_text = value[\"alert\"].get(\"text\")\n            raise exception_class(message, screen, stacktrace, alert_text)  # type: ignore[call-arg]  # mypy is not smart enough here\n>       raise exception_class(message, screen, stacktrace)\nE       selenium.common.exceptions.NoSuchElementException: Message: no such element: Unable to locate element: {\"method\":\"link text\",\"selector\":\"Choose this address\"}\nE         (Session info: chrome-headless-shell=124.0.6367.60); For documentation on this error, please visit: https://www.selenium.dev/documentation/webdriver/troubleshooting/errors#no-such-element-exception\nE       Stacktrace:\nE       #0 0x55964e074cb3 <unknown>\nE       #1 0x55964dd634a7 <unknown>\nE       #2 0x55964ddae31d <unknown>\nE       #3 0x55964ddae3d1 <unknown>\nE       #4 0x55964dda2c66 <unknown>\nE       #5 0x55964ddd043d <unknown>\nE       #6 0x55964dda2b58 <unknown>\nE       #7 0x55964ddd05de <unknown>\nE       #8 0x55964ddeebe9 <unknown>\nE       #9 0x55964ddd01b3 <unknown>\nE       #10 0x55964dda124a <unknown>\nE       #11 0x55964dda1c1e <unknown>\nE       #12 0x55964e038fdb <unknown>\nE       #13 0x55964e03cf2b <unknown>\nE       #14 0x55964e0250f1 <unknown>\nE       #15 0x55964e03da92 <unknown>\nE       #16 0x55964e009faf <unknown>\nE       #17 0x55964e063e08 <unknown>\nE       #18 0x55964e063fe0 <unknown>\nE       #19 0x55964e073e04 <unknown>\nE       #20 0x7fa74e694ac3 <unknown>\n\n../../../.cache/pypoetry/virtualenvs/uk-bin-collection-EwS6Gn8s-py3.11/lib/python3.11/site-packages/selenium/webdriver/remote/errorhandler.py:229: NoSuchElementException","steps":[{"name":"Given the council: KnowsleyMBCouncil","time":{"start":1714782461816,"stop":1714782461816,"duration":0},"status":"passed","steps":[],"attachments":[],"parameters":[],"shouldDisplayMessage":false,"stepsCount":0,"attachmentsCount":0,"hasContent":false,"attachmentStep":false},{"name":"When we scrape the data from KnowsleyMBCouncil using local and the http://selenium:4444 is set","time":{"start":1714782461816,"stop":1714782474724,"duration":12908},"status":"failed","statusMessage":"Message: no such element: Unable to locate element: {\"method\":\"link text\",\"selector\":\"Choose this address\"}\n  (Session info: chrome-headless-shell=124.0.6367.60); For documentation on this error, please visit: https://www.selenium.dev/documentation/webdriver/troubleshooting/errors#no-such-element-exception\nStacktrace:\n#0 0x55964e074cb3 <unknown>\n#1 0x55964dd634a7 <unknown>\n#2 0x55964ddae31d <unknown>\n#3 0x55964ddae3d1 <unknown>\n#4 0x55964dda2c66 <unknown>\n#5 0x55964ddd043d <unknown>\n#6 0x55964dda2b58 <unknown>\n#7 0x55964ddd05de <unknown>\n#8 0x55964ddeebe9 <unknown>\n#9 0x55964ddd01b3 <unknown>\n#10 0x55964dda124a <unknown>\n#11 0x55964dda1c1e <unknown>\n#12 0x55964e038fdb <unknown>\n#13 0x55964e03cf2b <unknown>\n#14 0x55964e0250f1 <unknown>\n#15 0x55964e03da92 <unknown>\n#16 0x55964e009faf <unknown>\n#17 0x55964e063e08 <unknown>\n#18 0x55964e063fe0 <unknown>\n#19 0x55964e073e04 <unknown>\n#20 0x7fa74e694ac3 <unknown>\n","statusTrace":"selenium.common.exceptions.NoSuchElementException: Message: no such element: Unable to locate element: {\"method\":\"link text\",\"selector\":\"Choose this address\"}\n  (Session info: chrome-headless-shell=124.0.6367.60); For documentation on this error, please visit: https://www.selenium.dev/documentation/webdriver/troubleshooting/errors#no-such-element-exception\nStacktrace:\n#0 0x55964e074cb3 <unknown>\n#1 0x55964dd634a7 <unknown>\n#2 0x55964ddae31d <unknown>\n#3 0x55964ddae3d1 <unknown>\n#4 0x55964dda2c66 <unknown>\n#5 0x55964ddd043d <unknown>\n#6 0x55964dda2b58 <unknown>\n#7 0x55964ddd05de <unknown>\n#8 0x55964ddeebe9 <unknown>\n#9 0x55964ddd01b3 <unknown>\n#10 0x55964dda124a <unknown>\n#11 0x55964dda1c1e <unknown>\n#12 0x55964e038fdb <unknown>\n#13 0x55964e03cf2b <unknown>\n#14 0x55964e0250f1 <unknown>\n#15 0x55964e03da92 <unknown>\n#16 0x55964e009faf <unknown>\n#17 0x55964e063e08 <unknown>\n#18 0x55964e063fe0 <unknown>\n#19 0x55964e073e04 <unknown>\n#20 0x7fa74e694ac3 <unknown>\n\n","steps":[],"attachments":[],"parameters":[],"shouldDisplayMessage":true,"stepsCount":0,"attachmentsCount":0,"hasContent":true,"attachmentStep":false}],"attachments":[],"parameters":[],"shouldDisplayMessage":true,"stepsCount":2,"attachmentsCount":0,"hasContent":true,"attachmentStep":false},"afterStages":[],"labels":[{"name":"host","value":"fv-az1019-20"},{"name":"thread","value":"2664-MainThread"},{"name":"framework","value":"pytest-bdd"},{"name":"language","value":"cpython3"},{"name":"feature","value":"Test each council output matches expected results"},{"name":"resultFormat","value":"allure2"}],"parameters":[{"name":"council","value":"KnowsleyMBCouncil"},{"name":"selenium_mode","value":"local"},{"name":"selenium_url","value":"http://selenium:4444"}],"links":[],"hidden":false,"retry":false,"extra":{"severity":"normal","retries":[],"categories":[{"name":"Product defects","matchedStatuses":[],"flaky":false}],"history":{"statistic":{"failed":7,"broken":0,"skipped":0,"passed":1,"unknown":0,"total":8},"items":[{"uid":"b233582b63b4d662","reportUrl":"https://robbrad.github.io/UKBinCollectionData/3.11/1739//#testresult/b233582b63b4d662","status":"failed","statusDetails":"ValueError: time data '' does not match format '%A %d/%m/%Y'","time":{"start":1714696093040,"stop":1714696106038,"duration":12998}},{"uid":"5abd3c7f9e580c45","reportUrl":"https://robbrad.github.io/UKBinCollectionData/3.11/1738//#testresult/5abd3c7f9e580c45","status":"failed","statusDetails":"ValueError: time data '' does not match format '%A %d/%m/%Y'","time":{"start":1714609678410,"stop":1714609692428,"duration":14018}},{"uid":"79309c146a06c469","reportUrl":"https://robbrad.github.io/UKBinCollectionData/3.11/1735//#testresult/79309c146a06c469","status":"passed","time":{"start":1714523397827,"stop":1714523411457,"duration":13630}},{"uid":"a8e62feaed77ecf2","reportUrl":"https://robbrad.github.io/UKBinCollectionData/3.11/1734//#testresult/a8e62feaed77ecf2","status":"failed","statusDetails":"selenium.common.exceptions.NoSuchElementException: Message: no such element: Unable to locate element: {\"method\":\"link text\",\"selector\":\"Choose this address\"}\n  (Session info: chrome-headless-shell=124.0.6367.60); For documentation on this error, please visit: https://www.selenium.dev/documentation/webdriver/troubleshooting/errors#no-such-element-exception\nStacktrace:\n#0 0x55e36f3dccb3 <unknown>\n#1 0x55e36f0cb4a7 <unknown>\n#2 0x55e36f11631d <unknown>\n#3 0x55e36f1163d1 <unknown>\n#4 0x55e36f10ac66 <unknown>\n#5 0x55e36f13843d <unknown>\n#6 0x55e36f10ab58 <unknown>\n#7 0x55e36f1385de <unknown>\n#8 0x55e36f156be9 <unknown>\n#9 0x55e36f1381b3 <unknown>\n#10 0x55e36f10924a <unknown>\n#11 0x55e36f109c1e <unknown>\n#12 0x55e36f3a0fdb <unknown>\n#13 0x55e36f3a4f2b <unknown>\n#14 0x55e36f38d0f1 <unknown>\n#15 0x55e36f3a5a92 <unknown>\n#16 0x55e36f371faf <unknown>\n#17 0x55e36f3cbe08 <unknown>\n#18 0x55e36f3cbfe0 <unknown>\n#19 0x55e36f3dbe04 <unknown>\n#20 0x7fe888a94ac3 <unknown>","time":{"start":1714436823983,"stop":1714436837819,"duration":13836}},{"uid":"8ef5d24016e3e0e9","reportUrl":"https://robbrad.github.io/UKBinCollectionData/3.11/1732//#testresult/8ef5d24016e3e0e9","status":"failed","statusDetails":"ValueError: time data '' does not match format '%A %d/%m/%Y'","time":{"start":1714350567639,"stop":1714350581187,"duration":13548}},{"uid":"27854d9f95885b99","reportUrl":"https://robbrad.github.io/UKBinCollectionData/3.11/1724//#testresult/27854d9f95885b99","status":"failed","statusDetails":"selenium.common.exceptions.NoSuchElementException: Message: no such element: Unable to locate element: {\"method\":\"link text\",\"selector\":\"Choose this address\"}\n  (Session info: chrome-headless-shell=124.0.6367.60); For documentation on this error, please visit: https://www.selenium.dev/documentation/webdriver/troubleshooting/errors#no-such-element-exception\nStacktrace:\n#0 0x56367a4dacb3 <unknown>\n#1 0x56367a1c94a7 <unknown>\n#2 0x56367a21431d <unknown>\n#3 0x56367a2143d1 <unknown>\n#4 0x56367a208c66 <unknown>\n#5 0x56367a23643d <unknown>\n#6 0x56367a208b58 <unknown>\n#7 0x56367a2365de <unknown>\n#8 0x56367a254be9 <unknown>\n#9 0x56367a2361b3 <unknown>\n#10 0x56367a20724a <unknown>\n#11 0x56367a207c1e <unknown>\n#12 0x56367a49efdb <unknown>\n#13 0x56367a4a2f2b <unknown>\n#14 0x56367a48b0f1 <unknown>\n#15 0x56367a4a3a92 <unknown>\n#16 0x56367a46ffaf <unknown>\n#17 0x56367a4c9e08 <unknown>\n#18 0x56367a4c9fe0 <unknown>\n#19 0x56367a4d9e04 <unknown>\n#20 0x7fab7f294ac3 <unknown>","time":{"start":1714264266511,"stop":1714264278349,"duration":11838}},{"uid":"e08f13af5241446","reportUrl":"https://robbrad.github.io/UKBinCollectionData/3.11/1722//#testresult/e08f13af5241446","status":"failed","statusDetails":"ValueError: time data '' does not match format '%A %d/%m/%Y'","time":{"start":1714234241443,"stop":1714234254448,"duration":13005}}]},"tags":[]},"source":"d8c4f4f6aed48d97.json","parameterValues":["KnowsleyMBCouncil","local","http://selenium:4444"]}