{"uid":"5f55fdad77032716","name":"Validate Council Output [TendringDistrictCouncil]","fullName":"features/validate_council_outputs.feature:Validate Council Output","historyId":"ed07e2456ad23b8037ff3254aa143d3e","time":{"start":1719621614928,"stop":1719621766449,"duration":151521},"status":"failed","statusMessage":"selenium.common.exceptions.NoSuchElementException: Message: Cannot locate option with value: 100090604247; For documentation on this error, please visit: https://www.selenium.dev/documentation/webdriver/troubleshooting/errors#no-such-element-exception","statusTrace":"fixturefunc = <function scrape_step at 0x7f629b132ac0>\nrequest = <FixtureRequest for <Function test_scenario_outline[TendringDistrictCouncil]>>\nkwargs = {'context': <test_validate_council.Context object at 0x7f629c366f30>, 'headless_mode': 'True', 'local_browser': 'False', 'selenium_url': 'http://localhost:4444'}\n\n    def call_fixture_func(\n        fixturefunc: \"_FixtureFunc[FixtureValue]\", request: FixtureRequest, kwargs\n    ) -> FixtureValue:\n        if is_generator(fixturefunc):\n            fixturefunc = cast(\n                Callable[..., Generator[FixtureValue, None, None]], fixturefunc\n            )\n            generator = fixturefunc(**kwargs)\n            try:\n                fixture_result = next(generator)\n            except StopIteration:\n                raise ValueError(f\"{request.fixturename} did not yield a value\") from None\n            finalizer = functools.partial(_teardown_yield_fixture, fixturefunc, generator)\n            request.addfinalizer(finalizer)\n        else:\n            fixturefunc = cast(Callable[..., FixtureValue], fixturefunc)\n>           fixture_result = fixturefunc(**kwargs)\n\n../../../.cache/pypoetry/virtualenvs/uk-bin-collection-EwS6Gn8s-py3.12/lib/python3.12/site-packages/_pytest/fixtures.py:887: \n_ _ _ _ _ _ _ _ _ _ _ _ _ _ _ _ _ _ _ _ _ _ _ _ _ _ _ _ _ _ _ _ _ _ _ _ _ _ _ _ \nuk_bin_collection/tests/step_defs/test_validate_council.py:100: in scrape_step\n    context.parse_result = CollectData.run()\nuk_bin_collection/uk_bin_collection/collect_data.py:101: in run\n    return self.client_code(\nuk_bin_collection/uk_bin_collection/collect_data.py:121: in client_code\n    return get_bin_data_class.template_method(address_url, **kwargs)\nuk_bin_collection/uk_bin_collection/get_bin_data.py:61: in template_method\n    bin_data_dict = self.get_and_parse_data(this_url, **kwargs)\nuk_bin_collection/uk_bin_collection/get_bin_data.py:84: in get_and_parse_data\n    bin_data_dict = self.parse_data(\"\", url=address_url, **kwargs)\nuk_bin_collection/uk_bin_collection/councils/TendringDistrictCouncil.py:73: in parse_data\n    dropdownSelect.select_by_value(str(user_uprn))\n_ _ _ _ _ _ _ _ _ _ _ _ _ _ _ _ _ _ _ _ _ _ _ _ _ _ _ _ _ _ _ _ _ _ _ _ _ _ _ _ \n\nself = <selenium.webdriver.support.select.Select object at 0x7f62ae595c40>\nvalue = '100090604247'\n\n    def select_by_value(self, value: str) -> None:\n        \"\"\"Select all options that have a value matching the argument. That is,\n        when given \"foo\" this would select an option like:\n    \n        <option value=\"foo\">Bar</option>\n    \n        :Args:\n         - value - The value to match against\n    \n        throws NoSuchElementException If there is no option with specified value in SELECT\n        \"\"\"\n        css = f\"option[value ={self._escape_string(value)}]\"\n        opts = self._el.find_elements(By.CSS_SELECTOR, css)\n        matched = False\n        for opt in opts:\n            self._set_selected(opt)\n            if not self.is_multiple:\n                return\n            matched = True\n        if not matched:\n>           raise NoSuchElementException(f\"Cannot locate option with value: {value}\")\nE           selenium.common.exceptions.NoSuchElementException: Message: Cannot locate option with value: 100090604247; For documentation on this error, please visit: https://www.selenium.dev/documentation/webdriver/troubleshooting/errors#no-such-element-exception\n\n../../../.cache/pypoetry/virtualenvs/uk-bin-collection-EwS6Gn8s-py3.12/lib/python3.12/site-packages/selenium/webdriver/support/select.py:84: NoSuchElementException","flaky":false,"newFailed":true,"newBroken":false,"newPassed":false,"retriesCount":0,"retriesStatusChange":false,"beforeStages":[],"testStage":{"status":"failed","statusMessage":"selenium.common.exceptions.NoSuchElementException: Message: Cannot locate option with value: 100090604247; For documentation on this error, please visit: https://www.selenium.dev/documentation/webdriver/troubleshooting/errors#no-such-element-exception","statusTrace":"fixturefunc = <function scrape_step at 0x7f629b132ac0>\nrequest = <FixtureRequest for <Function test_scenario_outline[TendringDistrictCouncil]>>\nkwargs = {'context': <test_validate_council.Context object at 0x7f629c366f30>, 'headless_mode': 'True', 'local_browser': 'False', 'selenium_url': 'http://localhost:4444'}\n\n    def call_fixture_func(\n        fixturefunc: \"_FixtureFunc[FixtureValue]\", request: FixtureRequest, kwargs\n    ) -> FixtureValue:\n        if is_generator(fixturefunc):\n            fixturefunc = cast(\n                Callable[..., Generator[FixtureValue, None, None]], fixturefunc\n            )\n            generator = fixturefunc(**kwargs)\n            try:\n                fixture_result = next(generator)\n            except StopIteration:\n                raise ValueError(f\"{request.fixturename} did not yield a value\") from None\n            finalizer = functools.partial(_teardown_yield_fixture, fixturefunc, generator)\n            request.addfinalizer(finalizer)\n        else:\n            fixturefunc = cast(Callable[..., FixtureValue], fixturefunc)\n>           fixture_result = fixturefunc(**kwargs)\n\n../../../.cache/pypoetry/virtualenvs/uk-bin-collection-EwS6Gn8s-py3.12/lib/python3.12/site-packages/_pytest/fixtures.py:887: \n_ _ _ _ _ _ _ _ _ _ _ _ _ _ _ _ _ _ _ _ _ _ _ _ _ _ _ _ _ _ _ _ _ _ _ _ _ _ _ _ \nuk_bin_collection/tests/step_defs/test_validate_council.py:100: in scrape_step\n    context.parse_result = CollectData.run()\nuk_bin_collection/uk_bin_collection/collect_data.py:101: in run\n    return self.client_code(\nuk_bin_collection/uk_bin_collection/collect_data.py:121: in client_code\n    return get_bin_data_class.template_method(address_url, **kwargs)\nuk_bin_collection/uk_bin_collection/get_bin_data.py:61: in template_method\n    bin_data_dict = self.get_and_parse_data(this_url, **kwargs)\nuk_bin_collection/uk_bin_collection/get_bin_data.py:84: in get_and_parse_data\n    bin_data_dict = self.parse_data(\"\", url=address_url, **kwargs)\nuk_bin_collection/uk_bin_collection/councils/TendringDistrictCouncil.py:73: in parse_data\n    dropdownSelect.select_by_value(str(user_uprn))\n_ _ _ _ _ _ _ _ _ _ _ _ _ _ _ _ _ _ _ _ _ _ _ _ _ _ _ _ _ _ _ _ _ _ _ _ _ _ _ _ \n\nself = <selenium.webdriver.support.select.Select object at 0x7f62ae595c40>\nvalue = '100090604247'\n\n    def select_by_value(self, value: str) -> None:\n        \"\"\"Select all options that have a value matching the argument. That is,\n        when given \"foo\" this would select an option like:\n    \n        <option value=\"foo\">Bar</option>\n    \n        :Args:\n         - value - The value to match against\n    \n        throws NoSuchElementException If there is no option with specified value in SELECT\n        \"\"\"\n        css = f\"option[value ={self._escape_string(value)}]\"\n        opts = self._el.find_elements(By.CSS_SELECTOR, css)\n        matched = False\n        for opt in opts:\n            self._set_selected(opt)\n            if not self.is_multiple:\n                return\n            matched = True\n        if not matched:\n>           raise NoSuchElementException(f\"Cannot locate option with value: {value}\")\nE           selenium.common.exceptions.NoSuchElementException: Message: Cannot locate option with value: 100090604247; For documentation on this error, please visit: https://www.selenium.dev/documentation/webdriver/troubleshooting/errors#no-such-element-exception\n\n../../../.cache/pypoetry/virtualenvs/uk-bin-collection-EwS6Gn8s-py3.12/lib/python3.12/site-packages/selenium/webdriver/support/select.py:84: NoSuchElementException","steps":[{"name":"Given the council","time":{"start":1719621614928,"stop":1719621614929,"duration":1},"status":"passed","steps":[],"attachments":[],"parameters":[],"shouldDisplayMessage":false,"stepsCount":0,"attachmentsCount":0,"hasContent":false,"attachmentStep":false},{"name":"When we scrape the data from the council","time":{"start":1719621614929,"stop":1719621766449,"duration":151520},"status":"failed","statusMessage":"Message: Cannot locate option with value: 100090604247; For documentation on this error, please visit: https://www.selenium.dev/documentation/webdriver/troubleshooting/errors#no-such-element-exception\n","statusTrace":"selenium.common.exceptions.NoSuchElementException: Message: Cannot locate option with value: 100090604247; For documentation on this error, please visit: https://www.selenium.dev/documentation/webdriver/troubleshooting/errors#no-such-element-exception\n\n","steps":[],"attachments":[],"parameters":[],"shouldDisplayMessage":true,"stepsCount":0,"attachmentsCount":0,"hasContent":true,"attachmentStep":false}],"attachments":[{"uid":"59ed3d73745e1a86","name":"stdout","source":"59ed3d73745e1a86.txt","type":"text/plain","size":271}],"parameters":[],"shouldDisplayMessage":true,"stepsCount":2,"attachmentsCount":1,"hasContent":true,"attachmentStep":false},"afterStages":[],"labels":[{"name":"host","value":"fv-az651-306"},{"name":"thread","value":"2653-MainThread"},{"name":"framework","value":"pytest-bdd"},{"name":"language","value":"cpython3"},{"name":"feature","value":"Test each council output matches expected results"},{"name":"resultFormat","value":"allure2"}],"parameters":[{"name":"council","value":"TendringDistrictCouncil"}],"links":[],"hidden":false,"retry":false,"extra":{"severity":"normal","retries":[],"categories":[{"name":"Product defects","matchedStatuses":[],"flaky":false}],"history":{"statistic":{"failed":2,"broken":0,"skipped":0,"passed":31,"unknown":0,"total":33},"items":[{"uid":"dcdd8eae1cfb5cf4","reportUrl":"https://robbrad.github.io/UKBinCollectionData/3.12/1958//#testresult/dcdd8eae1cfb5cf4","status":"passed","time":{"start":1719535217117,"stop":1719535362707,"duration":145590}},{"uid":"733119e92cd74cf6","reportUrl":"https://robbrad.github.io/UKBinCollectionData/3.12/1954//#testresult/733119e92cd74cf6","status":"passed","time":{"start":1719362598715,"stop":1719362750674,"duration":151959}},{"uid":"5d1110f0cb389f55","reportUrl":"https://robbrad.github.io/UKBinCollectionData/3.12/1953//#testresult/5d1110f0cb389f55","status":"passed","time":{"start":1719276237775,"stop":1719276262320,"duration":24545}},{"uid":"4163185a10877b1f","reportUrl":"https://robbrad.github.io/UKBinCollectionData/3.12/1952//#testresult/4163185a10877b1f","status":"passed","time":{"start":1719190035800,"stop":1719190053782,"duration":17982}},{"uid":"b06623f94ab18749","reportUrl":"https://robbrad.github.io/UKBinCollectionData/3.12/1951//#testresult/b06623f94ab18749","status":"passed","time":{"start":1719103680978,"stop":1719103699005,"duration":18027}},{"uid":"6ce80f1461bd990f","reportUrl":"https://robbrad.github.io/UKBinCollectionData/3.12/1950//#testresult/6ce80f1461bd990f","status":"passed","time":{"start":1719016991469,"stop":1719017161127,"duration":169658}},{"uid":"65e0597ae530fc7f","reportUrl":"https://robbrad.github.io/UKBinCollectionData/3.12/1949//#testresult/65e0597ae530fc7f","status":"passed","time":{"start":1718930626520,"stop":1718930781917,"duration":155397}},{"uid":"a4fd112f6b4a11b5","reportUrl":"https://robbrad.github.io/UKBinCollectionData/3.12/1948//#testresult/a4fd112f6b4a11b5","status":"passed","time":{"start":1718844144270,"stop":1718844176219,"duration":31949}},{"uid":"f988c776deb4ee1f","reportUrl":"https://robbrad.github.io/UKBinCollectionData/3.12/1947//#testresult/f988c776deb4ee1f","status":"passed","time":{"start":1718757822510,"stop":1718757969814,"duration":147304}},{"uid":"44de8b14699595e4","reportUrl":"https://robbrad.github.io/UKBinCollectionData/3.12/1946//#testresult/44de8b14699595e4","status":"passed","time":{"start":1718671488525,"stop":1718671508290,"duration":19765}},{"uid":"2af34015bc57cf49","reportUrl":"https://robbrad.github.io/UKBinCollectionData/3.12/1945//#testresult/2af34015bc57cf49","status":"passed","time":{"start":1718585039282,"stop":1718585067967,"duration":28685}},{"uid":"c0831a8dcab6c6d6","reportUrl":"https://robbrad.github.io/UKBinCollectionData/3.12/1944//#testresult/c0831a8dcab6c6d6","status":"passed","time":{"start":1718498620814,"stop":1718498759318,"duration":138504}},{"uid":"733b8a8dfdabadd5","reportUrl":"https://robbrad.github.io/UKBinCollectionData/3.12/1943//#testresult/733b8a8dfdabadd5","status":"passed","time":{"start":1718412201823,"stop":1718412237284,"duration":35461}},{"uid":"d9638247a435579a","reportUrl":"https://robbrad.github.io/UKBinCollectionData/3.12/1942//#testresult/d9638247a435579a","status":"failed","statusDetails":"selenium.common.exceptions.NoSuchElementException: Message: Cannot locate option with value: 100090604247; For documentation on this error, please visit: https://www.selenium.dev/documentation/webdriver/troubleshooting/errors#no-such-element-exception","time":{"start":1718325888884,"stop":1718325911307,"duration":22423}},{"uid":"4ce2cb6bfbef6ca6","reportUrl":"https://robbrad.github.io/UKBinCollectionData/3.12/1939//#testresult/4ce2cb6bfbef6ca6","status":"passed","time":{"start":1718239525710,"stop":1718239567107,"duration":41397}},{"uid":"df7dd1b1de56e9c7","reportUrl":"https://robbrad.github.io/UKBinCollectionData/3.12/1938//#testresult/df7dd1b1de56e9c7","status":"passed","time":{"start":1718152970694,"stop":1718153113528,"duration":142834}},{"uid":"938e59ea8aa32fe4","reportUrl":"https://robbrad.github.io/UKBinCollectionData/3.12/1937//#testresult/938e59ea8aa32fe4","status":"passed","time":{"start":1718066713303,"stop":1718066865740,"duration":152437}},{"uid":"6debecb66f360b33","reportUrl":"https://robbrad.github.io/UKBinCollectionData/3.12/1936//#testresult/6debecb66f360b33","status":"passed","time":{"start":1717980220532,"stop":1717980363768,"duration":143236}},{"uid":"e1ce55487d02ee95","reportUrl":"https://robbrad.github.io/UKBinCollectionData/3.12/1934//#testresult/e1ce55487d02ee95","status":"passed","time":{"start":1717893764064,"stop":1717893794104,"duration":30040}},{"uid":"25149a41d9193b2b","reportUrl":"https://robbrad.github.io/UKBinCollectionData/3.12/1933//#testresult/25149a41d9193b2b","status":"passed","time":{"start":1717807507761,"stop":1717807572634,"duration":64873}}]},"tags":[]},"source":"5f55fdad77032716.json","parameterValues":["TendringDistrictCouncil"]}