{"uid":"21b6ed8e66d3d108","name":"Validate Council Output [KingstonUponThamesCouncil-None-None]","fullName":"features/validate_council_outputs.feature:Validate Council Output","historyId":"c71a5e41515c8e4d6c2924d94d56bebb","time":{"start":1704660274455,"stop":1704660274457,"duration":2},"status":"failed","statusMessage":"  File \"/home/runner/work/UKBinCollectionData/UKBinCollectionData/uk_bin_collection/uk_bin_collection/councils/KingstonUponThamesCouncil.py\", line 28\n    collection_date = collection_date.split(\"\\\")[0]\n                                            ^\nSyntaxError: unterminated string literal (detected at line 28)","statusTrace":"fixturefunc = <function scrape_step at 0x7f34e8ff4d60>\nrequest = <FixtureRequest for <Function test_scenario_outline[KingstonUponThamesCouncil-None-None]>>\nkwargs = {'context': <test_validate_council.context.<locals>.Context object at 0x7f34e9351b10>, 'council': 'KingstonUponThamesCouncil', 'selenium_mode': 'None', 'selenium_url': 'None'}\n\n    def call_fixture_func(\n        fixturefunc: \"_FixtureFunc[FixtureValue]\", request: FixtureRequest, kwargs\n    ) -> FixtureValue:\n        if is_generator(fixturefunc):\n            fixturefunc = cast(\n                Callable[..., Generator[FixtureValue, None, None]], fixturefunc\n            )\n            generator = fixturefunc(**kwargs)\n            try:\n                fixture_result = next(generator)\n            except StopIteration:\n                raise ValueError(f\"{request.fixturename} did not yield a value\") from None\n            finalizer = functools.partial(_teardown_yield_fixture, fixturefunc, generator)\n            request.addfinalizer(finalizer)\n        else:\n            fixturefunc = cast(Callable[..., FixtureValue], fixturefunc)\n>           fixture_result = fixturefunc(**kwargs)\n\n../../../.cache/pypoetry/virtualenvs/uk-bin-collection-EwS6Gn8s-py3.11/lib/python3.11/site-packages/_pytest/fixtures.py:902: \n_ _ _ _ _ _ _ _ _ _ _ _ _ _ _ _ _ _ _ _ _ _ _ _ _ _ _ _ _ _ _ _ _ _ _ _ _ _ _ _ \nuk_bin_collection/tests/step_defs/test_validate_council.py:88: in scrape_step\n    context.parse_result = CollectData.run()\nuk_bin_collection/uk_bin_collection/collect_data.py:85: in run\n    council_module = import_council_module(council_module_str)\nuk_bin_collection/uk_bin_collection/collect_data.py:19: in import_council_module\n    return importlib.import_module(module_name)\n/opt/hostedtoolcache/Python/3.11.7/x64/lib/python3.11/importlib/__init__.py:126: in import_module\n    return _bootstrap._gcd_import(name[level:], package, level)\n<frozen importlib._bootstrap>:1204: in _gcd_import\n    ???\n<frozen importlib._bootstrap>:1176: in _find_and_load\n    ???\n<frozen importlib._bootstrap>:1147: in _find_and_load_unlocked\n    ???\n<frozen importlib._bootstrap>:690: in _load_unlocked\n    ???\n<frozen importlib._bootstrap_external>:936: in exec_module\n    ???\n<frozen importlib._bootstrap_external>:1074: in get_code\n    ???\n<frozen importlib._bootstrap_external>:1004: in source_to_code\n    ???\n_ _ _ _ _ _ _ _ _ _ _ _ _ _ _ _ _ _ _ _ _ _ _ _ _ _ _ _ _ _ _ _ _ _ _ _ _ _ _ _ \n\nf = <built-in function compile>\nargs = (b'from bs4 import BeautifulSoup\\nfrom uk_bin_collection.uk_bin_collection.common import *\\nfrom uk_bin_collection.uk_...nCollectionData/UKBinCollectionData/uk_bin_collection/uk_bin_collection/councils/KingstonUponThamesCouncil.py', 'exec')\nkwds = {'dont_inherit': True, 'optimize': -1}\n\n>   ???\nE     File \"/home/runner/work/UKBinCollectionData/UKBinCollectionData/uk_bin_collection/uk_bin_collection/councils/KingstonUponThamesCouncil.py\", line 28\nE       collection_date = collection_date.split(\"\\\")[0]\nE                                               ^\nE   SyntaxError: unterminated string literal (detected at line 28)\n\n<frozen importlib._bootstrap>:241: SyntaxError","flaky":false,"newFailed":false,"newBroken":false,"newPassed":false,"retriesCount":0,"retriesStatusChange":false,"beforeStages":[],"testStage":{"status":"failed","statusMessage":"  File \"/home/runner/work/UKBinCollectionData/UKBinCollectionData/uk_bin_collection/uk_bin_collection/councils/KingstonUponThamesCouncil.py\", line 28\n    collection_date = collection_date.split(\"\\\")[0]\n                                            ^\nSyntaxError: unterminated string literal (detected at line 28)","statusTrace":"fixturefunc = <function scrape_step at 0x7f34e8ff4d60>\nrequest = <FixtureRequest for <Function test_scenario_outline[KingstonUponThamesCouncil-None-None]>>\nkwargs = {'context': <test_validate_council.context.<locals>.Context object at 0x7f34e9351b10>, 'council': 'KingstonUponThamesCouncil', 'selenium_mode': 'None', 'selenium_url': 'None'}\n\n    def call_fixture_func(\n        fixturefunc: \"_FixtureFunc[FixtureValue]\", request: FixtureRequest, kwargs\n    ) -> FixtureValue:\n        if is_generator(fixturefunc):\n            fixturefunc = cast(\n                Callable[..., Generator[FixtureValue, None, None]], fixturefunc\n            )\n            generator = fixturefunc(**kwargs)\n            try:\n                fixture_result = next(generator)\n            except StopIteration:\n                raise ValueError(f\"{request.fixturename} did not yield a value\") from None\n            finalizer = functools.partial(_teardown_yield_fixture, fixturefunc, generator)\n            request.addfinalizer(finalizer)\n        else:\n            fixturefunc = cast(Callable[..., FixtureValue], fixturefunc)\n>           fixture_result = fixturefunc(**kwargs)\n\n../../../.cache/pypoetry/virtualenvs/uk-bin-collection-EwS6Gn8s-py3.11/lib/python3.11/site-packages/_pytest/fixtures.py:902: \n_ _ _ _ _ _ _ _ _ _ _ _ _ _ _ _ _ _ _ _ _ _ _ _ _ _ _ _ _ _ _ _ _ _ _ _ _ _ _ _ \nuk_bin_collection/tests/step_defs/test_validate_council.py:88: in scrape_step\n    context.parse_result = CollectData.run()\nuk_bin_collection/uk_bin_collection/collect_data.py:85: in run\n    council_module = import_council_module(council_module_str)\nuk_bin_collection/uk_bin_collection/collect_data.py:19: in import_council_module\n    return importlib.import_module(module_name)\n/opt/hostedtoolcache/Python/3.11.7/x64/lib/python3.11/importlib/__init__.py:126: in import_module\n    return _bootstrap._gcd_import(name[level:], package, level)\n<frozen importlib._bootstrap>:1204: in _gcd_import\n    ???\n<frozen importlib._bootstrap>:1176: in _find_and_load\n    ???\n<frozen importlib._bootstrap>:1147: in _find_and_load_unlocked\n    ???\n<frozen importlib._bootstrap>:690: in _load_unlocked\n    ???\n<frozen importlib._bootstrap_external>:936: in exec_module\n    ???\n<frozen importlib._bootstrap_external>:1074: in get_code\n    ???\n<frozen importlib._bootstrap_external>:1004: in source_to_code\n    ???\n_ _ _ _ _ _ _ _ _ _ _ _ _ _ _ _ _ _ _ _ _ _ _ _ _ _ _ _ _ _ _ _ _ _ _ _ _ _ _ _ \n\nf = <built-in function compile>\nargs = (b'from bs4 import BeautifulSoup\\nfrom uk_bin_collection.uk_bin_collection.common import *\\nfrom uk_bin_collection.uk_...nCollectionData/UKBinCollectionData/uk_bin_collection/uk_bin_collection/councils/KingstonUponThamesCouncil.py', 'exec')\nkwds = {'dont_inherit': True, 'optimize': -1}\n\n>   ???\nE     File \"/home/runner/work/UKBinCollectionData/UKBinCollectionData/uk_bin_collection/uk_bin_collection/councils/KingstonUponThamesCouncil.py\", line 28\nE       collection_date = collection_date.split(\"\\\")[0]\nE                                               ^\nE   SyntaxError: unterminated string literal (detected at line 28)\n\n<frozen importlib._bootstrap>:241: SyntaxError","steps":[{"name":"Given the council: KingstonUponThamesCouncil","time":{"start":1704660274455,"stop":1704660274456,"duration":1},"status":"passed","steps":[],"attachments":[],"parameters":[],"shouldDisplayMessage":false,"stepsCount":0,"attachmentsCount":0,"hasContent":false,"attachmentStep":false},{"name":"When we scrape the data from KingstonUponThamesCouncil using None and the None is set","time":{"start":1704660274456,"stop":1704660274457,"duration":1},"status":"failed","statusMessage":"unterminated string literal (detected at line 28) (KingstonUponThamesCouncil.py, line 28)","statusTrace":"  File \"/home/runner/work/UKBinCollectionData/UKBinCollectionData/uk_bin_collection/uk_bin_collection/councils/KingstonUponThamesCouncil.py\", line 28\n\n    collection_date = collection_date.split(\"\\\")[0]\n\n                                            ^\n\nSyntaxError: unterminated string literal (detected at line 28)\n","steps":[],"attachments":[],"parameters":[],"shouldDisplayMessage":true,"stepsCount":0,"attachmentsCount":0,"hasContent":true,"attachmentStep":false}],"attachments":[],"parameters":[],"shouldDisplayMessage":true,"stepsCount":2,"attachmentsCount":0,"hasContent":true,"attachmentStep":false},"afterStages":[],"labels":[{"name":"host","value":"fv-az665-402"},{"name":"thread","value":"2719-MainThread"},{"name":"framework","value":"pytest-bdd"},{"name":"language","value":"cpython3"},{"name":"feature","value":"Test each council output matches expected results"},{"name":"resultFormat","value":"allure2"}],"parameters":[{"name":"council","value":"KingstonUponThamesCouncil"},{"name":"selenium_mode","value":"None"},{"name":"selenium_url","value":"None"}],"links":[],"hidden":false,"retry":false,"extra":{"severity":"normal","retries":[],"categories":[{"name":"Product defects","matchedStatuses":[],"flaky":false}],"history":{"statistic":{"failed":131,"broken":0,"skipped":0,"passed":17,"unknown":0,"total":148},"items":[{"uid":"6f381c393b2b2a0a","reportUrl":"https://robbrad.github.io/UKBinCollectionData/3.11/1426//#testresult/6f381c393b2b2a0a","status":"failed","statusDetails":"jsonschema.exceptions.ValidationError: [] is too short\n\nFailed validating 'minItems' in schema['properties']['bins']:\n    {'items': {'$ref': '#/definitions/Bin'}, 'minItems': 1, 'type': 'array'}\n\nOn instance['bins']:\n    []","time":{"start":1704615406017,"stop":1704615406546,"duration":529}},{"uid":"c4a9e39cc5b29ed4","reportUrl":"https://robbrad.github.io/UKBinCollectionData/3.11/1423//#testresult/c4a9e39cc5b29ed4","status":"failed","statusDetails":"jsonschema.exceptions.ValidationError: [] is too short\n\nFailed validating 'minItems' in schema['properties']['bins']:\n    {'items': {'$ref': '#/definitions/Bin'}, 'minItems': 1, 'type': 'array'}\n\nOn instance['bins']:\n    []","time":{"start":1704614818881,"stop":1704614819692,"duration":811}},{"uid":"310433131af6b01f","reportUrl":"https://robbrad.github.io/UKBinCollectionData/3.11/1420//#testresult/310433131af6b01f","status":"failed","statusDetails":"AssertionError: True","time":{"start":1704587467174,"stop":1704587467852,"duration":678}},{"uid":"c066b245b6487166","reportUrl":"https://robbrad.github.io/UKBinCollectionData/3.11/1413//#testresult/c066b245b6487166","status":"failed","statusDetails":"ValueError: time data 'Thursday, 11 January\\n              (this collection has been adjusted from its usual time) 2024' does not match format '%A, %d %B %Y'","time":{"start":1704542742297,"stop":1704542744063,"duration":1766}},{"uid":"3f6d2cddd9a4f319","reportUrl":"https://robbrad.github.io/UKBinCollectionData/3.11/1408//#testresult/3f6d2cddd9a4f319","status":"failed","statusDetails":"AssertionError: True","time":{"start":1704496172174,"stop":1704496172991,"duration":817}},{"uid":"681e342f3ae9dcb8","reportUrl":"https://robbrad.github.io/UKBinCollectionData/3.11/1406//#testresult/681e342f3ae9dcb8","status":"failed","statusDetails":"AssertionError: True","time":{"start":1704453423044,"stop":1704453423965,"duration":921}},{"uid":"9ece16cce3d7d93d","reportUrl":"https://robbrad.github.io/UKBinCollectionData/3.11/1405//#testresult/9ece16cce3d7d93d","status":"failed","statusDetails":"AssertionError: True","time":{"start":1704452632839,"stop":1704452633450,"duration":611}},{"uid":"ebd5b008d50a671f","reportUrl":"https://robbrad.github.io/UKBinCollectionData/3.11/1400//#testresult/ebd5b008d50a671f","status":"failed","statusDetails":"AssertionError: True","time":{"start":1704443779328,"stop":1704443780227,"duration":899}},{"uid":"1d559d9e8548a289","reportUrl":"https://robbrad.github.io/UKBinCollectionData/3.11/1399//#testresult/1d559d9e8548a289","status":"failed","statusDetails":"AssertionError: True","time":{"start":1704443368747,"stop":1704443369431,"duration":684}},{"uid":"7ceae9c8c40e13f6","reportUrl":"https://robbrad.github.io/UKBinCollectionData/3.11/1397//#testresult/7ceae9c8c40e13f6","status":"failed","statusDetails":"AssertionError: True","time":{"start":1704442488996,"stop":1704442489854,"duration":858}},{"uid":"8bf6ede4327878a","reportUrl":"https://robbrad.github.io/UKBinCollectionData/3.11/1396//#testresult/8bf6ede4327878a","status":"failed","statusDetails":"AssertionError: True","time":{"start":1704442472072,"stop":1704442473109,"duration":1037}},{"uid":"3cd608a9d6af105e","reportUrl":"https://robbrad.github.io/UKBinCollectionData/3.11/1390//#testresult/3cd608a9d6af105e","status":"failed","statusDetails":"ValueError: time data 'Friday, 5 January\\n              (this collection has been adjusted from its usual time)\\n              (In progress) 2024' does not match format '%A, %d %B %Y'","time":{"start":1704417525440,"stop":1704417526999,"duration":1559}},{"uid":"f8d34db2873734e3","reportUrl":"https://robbrad.github.io/UKBinCollectionData/3.11/1379//#testresult/f8d34db2873734e3","status":"failed","statusDetails":"AssertionError: True","time":{"start":1704406028559,"stop":1704406029385,"duration":826}},{"uid":"9dbf738f80792b12","reportUrl":"https://robbrad.github.io/UKBinCollectionData/3.11/1378//#testresult/9dbf738f80792b12","status":"failed","statusDetails":"AssertionError: True","time":{"start":1704405973099,"stop":1704405973740,"duration":641}},{"uid":"417c97cdb720bfc4","reportUrl":"https://robbrad.github.io/UKBinCollectionData/3.11/1376//#testresult/417c97cdb720bfc4","status":"failed","statusDetails":"ValueError: time data 'Friday, 5 January\\n              (this collection has been adjusted from its usual time) 2024' does not match format '%A, %d %B %Y'","time":{"start":1704398806896,"stop":1704398808744,"duration":1848}},{"uid":"7826eab619003d4c","reportUrl":"https://robbrad.github.io/UKBinCollectionData/3.11/1375//#testresult/7826eab619003d4c","status":"failed","statusDetails":"AssertionError: True","time":{"start":1704398758495,"stop":1704398759131,"duration":636}},{"uid":"2104d028f26a7fcd","reportUrl":"https://robbrad.github.io/UKBinCollectionData/3.11/1373//#testresult/2104d028f26a7fcd","status":"failed","statusDetails":"AssertionError: True","time":{"start":1704388317653,"stop":1704388318803,"duration":1150}},{"uid":"c760280707cdd3cb","reportUrl":"https://robbrad.github.io/UKBinCollectionData/3.11/1369//#testresult/c760280707cdd3cb","status":"failed","statusDetails":"AssertionError: True","time":{"start":1704378335980,"stop":1704378336768,"duration":788}},{"uid":"c0b04ffb58c1b20","reportUrl":"https://robbrad.github.io/UKBinCollectionData/3.11/1367//#testresult/c0b04ffb58c1b20","status":"failed","statusDetails":"AssertionError: True","time":{"start":1704378049613,"stop":1704378050727,"duration":1114}},{"uid":"5c01ae81d17ed976","reportUrl":"https://robbrad.github.io/UKBinCollectionData/3.11/1366//#testresult/5c01ae81d17ed976","status":"failed","statusDetails":"AssertionError: True","time":{"start":1704375868193,"stop":1704375868973,"duration":780}}]},"tags":[]},"source":"21b6ed8e66d3d108.json","parameterValues":["KingstonUponThamesCouncil","None","None"]}