{"uid":"7634d2d2cda7307c","name":"Validate Council Output [KingstonUponThamesCouncil-None-None]","fullName":"features/validate_council_outputs.feature:Validate Council Output","historyId":"c71a5e41515c8e4d6c2924d94d56bebb","time":{"start":1699445157880,"stop":1699445158454,"duration":574},"status":"failed","statusMessage":"AssertionError: True","statusTrace":"fixturefunc = <function validate_output_step at 0x7f722bc9a9e0>\nrequest = <FixtureRequest for <Function test_scenario_outline[KingstonUponThamesCouncil-None-None]>>\nkwargs = {'context': <test_validate_council.context.<locals>.Context object at 0x7f7221de7820>}\n\n    def call_fixture_func(\n        fixturefunc: \"_FixtureFunc[FixtureValue]\", request: FixtureRequest, kwargs\n    ) -> FixtureValue:\n        if is_generator(fixturefunc):\n            fixturefunc = cast(\n                Callable[..., Generator[FixtureValue, None, None]], fixturefunc\n            )\n            generator = fixturefunc(**kwargs)\n            try:\n                fixture_result = next(generator)\n            except StopIteration:\n                raise ValueError(f\"{request.fixturename} did not yield a value\") from None\n            finalizer = functools.partial(_teardown_yield_fixture, fixturefunc, generator)\n            request.addfinalizer(finalizer)\n        else:\n            fixturefunc = cast(Callable[..., FixtureValue], fixturefunc)\n>           fixture_result = fixturefunc(**kwargs)\n\n../../../.cache/pypoetry/virtualenvs/uk-bin-collection-EwS6Gn8s-py3.10/lib/python3.10/site-packages/_pytest/fixtures.py:902: \n_ _ _ _ _ _ _ _ _ _ _ _ _ _ _ _ _ _ _ _ _ _ _ _ _ _ _ _ _ _ _ _ _ _ _ _ _ _ _ _ \nuk_bin_collection/tests/step_defs/test_validate_council.py:102: in validate_output_step\n    raise (err)\n_ _ _ _ _ _ _ _ _ _ _ _ _ _ _ _ _ _ _ _ _ _ _ _ _ _ _ _ _ _ _ _ _ _ _ _ _ _ _ _ \n\ncontext = <test_validate_council.context.<locals>.Context object at 0x7f7221de7820>\n\n    @then(\"the output should validate against the schema\")\n    def validate_output_step(context):\n        try:\n            council_schema = file_handler.load_schema_file(f\"output.schema\")\n            schema_result = file_handler.validate_json_schema(\n                context.parse_result, council_schema\n            )\n>           assert_that(schema_result, True)\nE           AssertionError: True\n\nuk_bin_collection/tests/step_defs/test_validate_council.py:97: AssertionError","flaky":false,"newFailed":false,"newBroken":false,"newPassed":false,"retriesCount":0,"retriesStatusChange":false,"beforeStages":[],"testStage":{"status":"failed","statusMessage":"AssertionError: True","statusTrace":"fixturefunc = <function validate_output_step at 0x7f722bc9a9e0>\nrequest = <FixtureRequest for <Function test_scenario_outline[KingstonUponThamesCouncil-None-None]>>\nkwargs = {'context': <test_validate_council.context.<locals>.Context object at 0x7f7221de7820>}\n\n    def call_fixture_func(\n        fixturefunc: \"_FixtureFunc[FixtureValue]\", request: FixtureRequest, kwargs\n    ) -> FixtureValue:\n        if is_generator(fixturefunc):\n            fixturefunc = cast(\n                Callable[..., Generator[FixtureValue, None, None]], fixturefunc\n            )\n            generator = fixturefunc(**kwargs)\n            try:\n                fixture_result = next(generator)\n            except StopIteration:\n                raise ValueError(f\"{request.fixturename} did not yield a value\") from None\n            finalizer = functools.partial(_teardown_yield_fixture, fixturefunc, generator)\n            request.addfinalizer(finalizer)\n        else:\n            fixturefunc = cast(Callable[..., FixtureValue], fixturefunc)\n>           fixture_result = fixturefunc(**kwargs)\n\n../../../.cache/pypoetry/virtualenvs/uk-bin-collection-EwS6Gn8s-py3.10/lib/python3.10/site-packages/_pytest/fixtures.py:902: \n_ _ _ _ _ _ _ _ _ _ _ _ _ _ _ _ _ _ _ _ _ _ _ _ _ _ _ _ _ _ _ _ _ _ _ _ _ _ _ _ \nuk_bin_collection/tests/step_defs/test_validate_council.py:102: in validate_output_step\n    raise (err)\n_ _ _ _ _ _ _ _ _ _ _ _ _ _ _ _ _ _ _ _ _ _ _ _ _ _ _ _ _ _ _ _ _ _ _ _ _ _ _ _ \n\ncontext = <test_validate_council.context.<locals>.Context object at 0x7f7221de7820>\n\n    @then(\"the output should validate against the schema\")\n    def validate_output_step(context):\n        try:\n            council_schema = file_handler.load_schema_file(f\"output.schema\")\n            schema_result = file_handler.validate_json_schema(\n                context.parse_result, council_schema\n            )\n>           assert_that(schema_result, True)\nE           AssertionError: True\n\nuk_bin_collection/tests/step_defs/test_validate_council.py:97: AssertionError","steps":[{"name":"Given the council: KingstonUponThamesCouncil","time":{"start":1699445157880,"stop":1699445157881,"duration":1},"status":"passed","steps":[],"attachments":[],"parameters":[],"shouldDisplayMessage":false,"stepsCount":0,"attachmentsCount":0,"hasContent":false},{"name":"When we scrape the data from KingstonUponThamesCouncil using None and the None is set","time":{"start":1699445157881,"stop":1699445158451,"duration":570},"status":"passed","steps":[],"attachments":[],"parameters":[],"shouldDisplayMessage":false,"stepsCount":0,"attachmentsCount":0,"hasContent":false},{"name":"Then the result is valid json","time":{"start":1699445158451,"stop":1699445158451,"duration":0},"status":"passed","steps":[],"attachments":[],"parameters":[],"shouldDisplayMessage":false,"stepsCount":0,"attachmentsCount":0,"hasContent":false},{"name":"And the output should validate against the schema","time":{"start":1699445158451,"stop":1699445158453,"duration":2},"status":"failed","statusMessage":"True","statusTrace":"AssertionError: True\n","steps":[],"attachments":[],"parameters":[],"shouldDisplayMessage":true,"stepsCount":0,"attachmentsCount":0,"hasContent":true}],"attachments":[],"parameters":[],"shouldDisplayMessage":true,"stepsCount":4,"attachmentsCount":0,"hasContent":true},"afterStages":[],"labels":[{"name":"host","value":"fv-az183-475"},{"name":"thread","value":"2659-MainThread"},{"name":"framework","value":"pytest-bdd"},{"name":"language","value":"cpython3"},{"name":"feature","value":"Test each council output matches expected results"},{"name":"resultFormat","value":"allure2"}],"parameters":[{"name":"council","value":"KingstonUponThamesCouncil"},{"name":"selenium_mode","value":"None"},{"name":"selenium_url","value":"None"}],"links":[],"hidden":false,"retry":false,"extra":{"severity":"normal","retries":[],"categories":[{"name":"Product defects","matchedStatuses":[],"flaky":false}],"history":{"statistic":{"failed":4,"broken":0,"skipped":0,"passed":1,"unknown":0,"total":5},"items":[{"uid":"6f1702b4e8fca5","reportUrl":"https://robbrad.github.io/UKBinCollectionData/3.10/1115//#testresult/6f1702b4e8fca5","status":"failed","statusDetails":"AssertionError: True","time":{"start":1699406251984,"stop":1699406252905,"duration":921}},{"uid":"6b8df7b4f206019e","reportUrl":"https://robbrad.github.io/UKBinCollectionData/3.10/1114//#testresult/6b8df7b4f206019e","status":"failed","statusDetails":"AssertionError: True","time":{"start":1699319816061,"stop":1699319816900,"duration":839}},{"uid":"65282331ccd420bd","reportUrl":"https://robbrad.github.io/UKBinCollectionData/3.10/1113//#testresult/65282331ccd420bd","status":"failed","statusDetails":"AssertionError: True","time":{"start":1699233490055,"stop":1699233490838,"duration":783}},{"uid":"bd86177e7671371e","reportUrl":"https://robbrad.github.io/UKBinCollectionData/3.10/1111//#testresult/bd86177e7671371e","status":"passed","time":{"start":1699170670116,"stop":1699170671781,"duration":1665}}]},"tags":[]},"source":"7634d2d2cda7307c.json","parameterValues":["KingstonUponThamesCouncil","None","None"]}