{"uid":"2edb685b8972bc2a","name":"Validate Council Output [PortsmouthCityCouncil-http://selenium:4444-local]","fullName":"features/validate_council_outputs.feature:Validate Council Output","historyId":"bdbaa907efcb9320cd1c72cfdb17ee5a","time":{"start":1706488119520,"stop":1706488136569,"duration":17049},"status":"failed","statusMessage":"selenium.common.exceptions.NoSuchElementException: Message: Cannot locate option with value: 1775027504; For documentation on this error, please visit: https://www.selenium.dev/documentation/webdriver/troubleshooting/errors#no-such-element-exception","statusTrace":"fixturefunc = <function scrape_step at 0x7f32616e4d60>\nrequest = <FixtureRequest for <Function test_scenario_outline[PortsmouthCityCouncil-http://selenium:4444-local]>>\nkwargs = {'context': <test_validate_council.context.<locals>.Context object at 0x7f3260423210>, 'council': 'PortsmouthCityCouncil', 'selenium_mode': 'local', 'selenium_url': 'http://selenium:4444'}\n\n    def call_fixture_func(\n        fixturefunc: \"_FixtureFunc[FixtureValue]\", request: FixtureRequest, kwargs\n    ) -> FixtureValue:\n        if is_generator(fixturefunc):\n            fixturefunc = cast(\n                Callable[..., Generator[FixtureValue, None, None]], fixturefunc\n            )\n            generator = fixturefunc(**kwargs)\n            try:\n                fixture_result = next(generator)\n            except StopIteration:\n                raise ValueError(f\"{request.fixturename} did not yield a value\") from None\n            finalizer = functools.partial(_teardown_yield_fixture, fixturefunc, generator)\n            request.addfinalizer(finalizer)\n        else:\n            fixturefunc = cast(Callable[..., FixtureValue], fixturefunc)\n>           fixture_result = fixturefunc(**kwargs)\n\n../../../.cache/pypoetry/virtualenvs/uk-bin-collection-EwS6Gn8s-py3.11/lib/python3.11/site-packages/_pytest/fixtures.py:902: \n_ _ _ _ _ _ _ _ _ _ _ _ _ _ _ _ _ _ _ _ _ _ _ _ _ _ _ _ _ _ _ _ _ _ _ _ _ _ _ _ \nuk_bin_collection/tests/step_defs/test_validate_council.py:92: in scrape_step\n    context.parse_result = CollectData.run()\nuk_bin_collection/uk_bin_collection/collect_data.py:96: in run\n    return self.client_code(\nuk_bin_collection/uk_bin_collection/collect_data.py:115: in client_code\n    return get_bin_data_class.template_method(address_url, **kwargs)\nuk_bin_collection/uk_bin_collection/get_bin_data.py:78: in template_method\n    bin_data_dict = self.parse_data(\nuk_bin_collection/uk_bin_collection/councils/PortsmouthCityCouncil.py:71: in parse_data\n    dropdownSelect.select_by_value(str(user_uprn))\n_ _ _ _ _ _ _ _ _ _ _ _ _ _ _ _ _ _ _ _ _ _ _ _ _ _ _ _ _ _ _ _ _ _ _ _ _ _ _ _ \n\nself = <selenium.webdriver.support.select.Select object at 0x7f327411bc50>\nvalue = '1775027504'\n\n    def select_by_value(self, value: str) -> None:\n        \"\"\"Select all options that have a value matching the argument. That is,\n        when given \"foo\" this would select an option like:\n    \n        <option value=\"foo\">Bar</option>\n    \n        :Args:\n         - value - The value to match against\n    \n        throws NoSuchElementException If there is no option with specified value in SELECT\n        \"\"\"\n        css = f\"option[value ={self._escape_string(value)}]\"\n        opts = self._el.find_elements(By.CSS_SELECTOR, css)\n        matched = False\n        for opt in opts:\n            self._set_selected(opt)\n            if not self.is_multiple:\n                return\n            matched = True\n        if not matched:\n>           raise NoSuchElementException(f\"Cannot locate option with value: {value}\")\nE           selenium.common.exceptions.NoSuchElementException: Message: Cannot locate option with value: 1775027504; For documentation on this error, please visit: https://www.selenium.dev/documentation/webdriver/troubleshooting/errors#no-such-element-exception\n\n../../../.cache/pypoetry/virtualenvs/uk-bin-collection-EwS6Gn8s-py3.11/lib/python3.11/site-packages/selenium/webdriver/support/select.py:84: NoSuchElementException","flaky":false,"newFailed":true,"newBroken":false,"newPassed":false,"retriesCount":0,"retriesStatusChange":false,"beforeStages":[],"testStage":{"status":"failed","statusMessage":"selenium.common.exceptions.NoSuchElementException: Message: Cannot locate option with value: 1775027504; For documentation on this error, please visit: https://www.selenium.dev/documentation/webdriver/troubleshooting/errors#no-such-element-exception","statusTrace":"fixturefunc = <function scrape_step at 0x7f32616e4d60>\nrequest = <FixtureRequest for <Function test_scenario_outline[PortsmouthCityCouncil-http://selenium:4444-local]>>\nkwargs = {'context': <test_validate_council.context.<locals>.Context object at 0x7f3260423210>, 'council': 'PortsmouthCityCouncil', 'selenium_mode': 'local', 'selenium_url': 'http://selenium:4444'}\n\n    def call_fixture_func(\n        fixturefunc: \"_FixtureFunc[FixtureValue]\", request: FixtureRequest, kwargs\n    ) -> FixtureValue:\n        if is_generator(fixturefunc):\n            fixturefunc = cast(\n                Callable[..., Generator[FixtureValue, None, None]], fixturefunc\n            )\n            generator = fixturefunc(**kwargs)\n            try:\n                fixture_result = next(generator)\n            except StopIteration:\n                raise ValueError(f\"{request.fixturename} did not yield a value\") from None\n            finalizer = functools.partial(_teardown_yield_fixture, fixturefunc, generator)\n            request.addfinalizer(finalizer)\n        else:\n            fixturefunc = cast(Callable[..., FixtureValue], fixturefunc)\n>           fixture_result = fixturefunc(**kwargs)\n\n../../../.cache/pypoetry/virtualenvs/uk-bin-collection-EwS6Gn8s-py3.11/lib/python3.11/site-packages/_pytest/fixtures.py:902: \n_ _ _ _ _ _ _ _ _ _ _ _ _ _ _ _ _ _ _ _ _ _ _ _ _ _ _ _ _ _ _ _ _ _ _ _ _ _ _ _ \nuk_bin_collection/tests/step_defs/test_validate_council.py:92: in scrape_step\n    context.parse_result = CollectData.run()\nuk_bin_collection/uk_bin_collection/collect_data.py:96: in run\n    return self.client_code(\nuk_bin_collection/uk_bin_collection/collect_data.py:115: in client_code\n    return get_bin_data_class.template_method(address_url, **kwargs)\nuk_bin_collection/uk_bin_collection/get_bin_data.py:78: in template_method\n    bin_data_dict = self.parse_data(\nuk_bin_collection/uk_bin_collection/councils/PortsmouthCityCouncil.py:71: in parse_data\n    dropdownSelect.select_by_value(str(user_uprn))\n_ _ _ _ _ _ _ _ _ _ _ _ _ _ _ _ _ _ _ _ _ _ _ _ _ _ _ _ _ _ _ _ _ _ _ _ _ _ _ _ \n\nself = <selenium.webdriver.support.select.Select object at 0x7f327411bc50>\nvalue = '1775027504'\n\n    def select_by_value(self, value: str) -> None:\n        \"\"\"Select all options that have a value matching the argument. That is,\n        when given \"foo\" this would select an option like:\n    \n        <option value=\"foo\">Bar</option>\n    \n        :Args:\n         - value - The value to match against\n    \n        throws NoSuchElementException If there is no option with specified value in SELECT\n        \"\"\"\n        css = f\"option[value ={self._escape_string(value)}]\"\n        opts = self._el.find_elements(By.CSS_SELECTOR, css)\n        matched = False\n        for opt in opts:\n            self._set_selected(opt)\n            if not self.is_multiple:\n                return\n            matched = True\n        if not matched:\n>           raise NoSuchElementException(f\"Cannot locate option with value: {value}\")\nE           selenium.common.exceptions.NoSuchElementException: Message: Cannot locate option with value: 1775027504; For documentation on this error, please visit: https://www.selenium.dev/documentation/webdriver/troubleshooting/errors#no-such-element-exception\n\n../../../.cache/pypoetry/virtualenvs/uk-bin-collection-EwS6Gn8s-py3.11/lib/python3.11/site-packages/selenium/webdriver/support/select.py:84: NoSuchElementException","steps":[{"name":"Given the council: PortsmouthCityCouncil","time":{"start":1706488119520,"stop":1706488119521,"duration":1},"status":"passed","steps":[],"attachments":[],"parameters":[],"shouldDisplayMessage":false,"stepsCount":0,"attachmentsCount":0,"hasContent":false,"attachmentStep":false},{"name":"When we scrape the data from PortsmouthCityCouncil using local and the http://selenium:4444 is set","time":{"start":1706488119521,"stop":1706488136569,"duration":17048},"status":"failed","statusMessage":"Message: Cannot locate option with value: 1775027504; For documentation on this error, please visit: https://www.selenium.dev/documentation/webdriver/troubleshooting/errors#no-such-element-exception\n","statusTrace":"selenium.common.exceptions.NoSuchElementException: Message: Cannot locate option with value: 1775027504; For documentation on this error, please visit: https://www.selenium.dev/documentation/webdriver/troubleshooting/errors#no-such-element-exception\n\n","steps":[],"attachments":[],"parameters":[],"shouldDisplayMessage":true,"stepsCount":0,"attachmentsCount":0,"hasContent":true,"attachmentStep":false}],"attachments":[],"parameters":[],"shouldDisplayMessage":true,"stepsCount":2,"attachmentsCount":0,"hasContent":true,"attachmentStep":false},"afterStages":[],"labels":[{"name":"host","value":"fv-az1200-577"},{"name":"thread","value":"2865-MainThread"},{"name":"framework","value":"pytest-bdd"},{"name":"language","value":"cpython3"},{"name":"feature","value":"Test each council output matches expected results"},{"name":"resultFormat","value":"allure2"}],"parameters":[{"name":"council","value":"PortsmouthCityCouncil"},{"name":"selenium_mode","value":"local"},{"name":"selenium_url","value":"http://selenium:4444"}],"links":[],"hidden":false,"retry":false,"extra":{"severity":"normal","retries":[],"categories":[{"name":"Product defects","matchedStatuses":[],"flaky":false}],"history":{"statistic":{"failed":10,"broken":0,"skipped":0,"passed":89,"unknown":0,"total":99},"items":[{"uid":"5ee56203c461e37d","reportUrl":"https://robbrad.github.io/UKBinCollectionData/3.11/1531//#testresult/5ee56203c461e37d","status":"passed","time":{"start":1706401826557,"stop":1706401839960,"duration":13403}},{"uid":"4bb5d8de29f9f9ab","reportUrl":"https://robbrad.github.io/UKBinCollectionData/3.11/1529//#testresult/4bb5d8de29f9f9ab","status":"passed","time":{"start":1706315253135,"stop":1706315270820,"duration":17685}},{"uid":"1fe49444bc3ecb3f","reportUrl":"https://robbrad.github.io/UKBinCollectionData/3.11/1528//#testresult/1fe49444bc3ecb3f","status":"passed","time":{"start":1706228892219,"stop":1706228907986,"duration":15767}},{"uid":"18880da9cf8045fa","reportUrl":"https://robbrad.github.io/UKBinCollectionData/3.11/1523//#testresult/18880da9cf8045fa","status":"passed","time":{"start":1706142608125,"stop":1706142624563,"duration":16438}},{"uid":"e93c39f867fc44bb","reportUrl":"https://robbrad.github.io/UKBinCollectionData/3.11/1522//#testresult/e93c39f867fc44bb","status":"passed","time":{"start":1706056212096,"stop":1706056227292,"duration":15196}},{"uid":"5245b5f186a188cb","reportUrl":"https://robbrad.github.io/UKBinCollectionData/3.11/1521//#testresult/5245b5f186a188cb","status":"passed","time":{"start":1705969810472,"stop":1705969824277,"duration":13805}},{"uid":"3ad1c39443449bbf","reportUrl":"https://robbrad.github.io/UKBinCollectionData/3.11/1520//#testresult/3ad1c39443449bbf","status":"passed","time":{"start":1705883480889,"stop":1705883497312,"duration":16423}},{"uid":"b2c7c589a846af44","reportUrl":"https://robbrad.github.io/UKBinCollectionData/3.11/1519//#testresult/b2c7c589a846af44","status":"passed","time":{"start":1705797143618,"stop":1705797158104,"duration":14486}},{"uid":"2a9fbe03e0a9fee9","reportUrl":"https://robbrad.github.io/UKBinCollectionData/3.11/1515//#testresult/2a9fbe03e0a9fee9","status":"passed","time":{"start":1705710544351,"stop":1705710559171,"duration":14820}},{"uid":"820ec484ee9e1f76","reportUrl":"https://robbrad.github.io/UKBinCollectionData/3.11/1511//#testresult/820ec484ee9e1f76","status":"passed","time":{"start":1705624171133,"stop":1705624184085,"duration":12952}},{"uid":"bafa4765f117a496","reportUrl":"https://robbrad.github.io/UKBinCollectionData/3.11/1505//#testresult/bafa4765f117a496","status":"passed","time":{"start":1705537747285,"stop":1705537760047,"duration":12762}},{"uid":"5ba826f1c1c6274d","reportUrl":"https://robbrad.github.io/UKBinCollectionData/3.11/1500//#testresult/5ba826f1c1c6274d","status":"passed","time":{"start":1705451363757,"stop":1705451377628,"duration":13871}},{"uid":"c5184c44fb936054","reportUrl":"https://robbrad.github.io/UKBinCollectionData/3.11/1499//#testresult/c5184c44fb936054","status":"passed","time":{"start":1705365038122,"stop":1705365060309,"duration":22187}},{"uid":"6bbbd6fdd358d530","reportUrl":"https://robbrad.github.io/UKBinCollectionData/3.11/1492//#testresult/6bbbd6fdd358d530","status":"passed","time":{"start":1705295712810,"stop":1705295732162,"duration":19352}},{"uid":"5bf6270bbd20c15","reportUrl":"https://robbrad.github.io/UKBinCollectionData/3.11/1491//#testresult/5bf6270bbd20c15","status":"failed","statusDetails":"TypeError: create_webdriver() missing 1 required positional argument: 'user_agent'","time":{"start":1705295160431,"stop":1705295160516,"duration":85}},{"uid":"a54b516a9d66302e","reportUrl":"https://robbrad.github.io/UKBinCollectionData/3.11/1490//#testresult/a54b516a9d66302e","status":"failed","statusDetails":"TypeError: create_webdriver() missing 1 required positional argument: 'user_agent'","time":{"start":1705278578897,"stop":1705278579095,"duration":198}},{"uid":"b9df2414cf3c4e47","reportUrl":"https://robbrad.github.io/UKBinCollectionData/3.11/1485//#testresult/b9df2414cf3c4e47","status":"failed","statusDetails":"TypeError: create_webdriver() missing 1 required positional argument: 'user_agent'","time":{"start":1705192227754,"stop":1705192227908,"duration":154}},{"uid":"207b1b96f290d1b1","reportUrl":"https://robbrad.github.io/UKBinCollectionData/3.11/1484//#testresult/207b1b96f290d1b1","status":"failed","statusDetails":"TypeError: create_webdriver() missing 1 required positional argument: 'user_agent'","time":{"start":1705105702021,"stop":1705105702225,"duration":204}},{"uid":"8d27677efa9935fe","reportUrl":"https://robbrad.github.io/UKBinCollectionData/3.11/1482//#testresult/8d27677efa9935fe","status":"failed","statusDetails":"TypeError: create_webdriver() missing 1 required positional argument: 'user_agent'","time":{"start":1705019270186,"stop":1705019270431,"duration":245}},{"uid":"822e6dbe74b7ff8f","reportUrl":"https://robbrad.github.io/UKBinCollectionData/3.11/1478//#testresult/822e6dbe74b7ff8f","status":"failed","statusDetails":"TypeError: create_webdriver() missing 1 required positional argument: 'user_agent'","time":{"start":1704932859921,"stop":1704932860080,"duration":159}}]},"tags":[]},"source":"2edb685b8972bc2a.json","parameterValues":["PortsmouthCityCouncil","local","http://selenium:4444"]}