{"uid":"b63c384bd7447941","name":"Validate Council Output [CalderdaleCouncil-http://selenium:4444-local]","fullName":"features/validate_council_outputs.feature:Validate Council Output","historyId":"f80b0c90a66dd1aff5f349ea68c0d9b4","time":{"start":1706487966025,"stop":1706488031039,"duration":65014},"status":"failed","statusMessage":"selenium.common.exceptions.TimeoutException: Message: \nStacktrace:\n#0 0x55d05fe08f83 <unknown>\n#1 0x55d05fac1cf7 <unknown>\n#2 0x55d05fb1199e <unknown>\n#3 0x55d05fb11aa1 <unknown>\n#4 0x55d05fb5cd64 <unknown>\n#5 0x55d05fb3b0dd <unknown>\n#6 0x55d05fb5a006 <unknown>\n#7 0x55d05fb3ae53 <unknown>\n#8 0x55d05fb02dd4 <unknown>\n#9 0x55d05fb041de <unknown>\n#10 0x55d05fdcd531 <unknown>\n#11 0x55d05fdd1455 <unknown>\n#12 0x55d05fdb9f55 <unknown>\n#13 0x55d05fdd20ef <unknown>\n#14 0x55d05fd9d99f <unknown>\n#15 0x55d05fdf6008 <unknown>\n#16 0x55d05fdf61d7 <unknown>\n#17 0x55d05fe08124 <unknown>\n#18 0x7fe152494ac3 <unknown>","statusTrace":"fixturefunc = <function scrape_step at 0x7f55df46cd60>\nrequest = <FixtureRequest for <Function test_scenario_outline[CalderdaleCouncil-http://selenium:4444-local]>>\nkwargs = {'context': <test_validate_council.context.<locals>.Context object at 0x7f55df345dd0>, 'council': 'CalderdaleCouncil', 'selenium_mode': 'local', 'selenium_url': 'http://selenium:4444'}\n\n    def call_fixture_func(\n        fixturefunc: \"_FixtureFunc[FixtureValue]\", request: FixtureRequest, kwargs\n    ) -> FixtureValue:\n        if is_generator(fixturefunc):\n            fixturefunc = cast(\n                Callable[..., Generator[FixtureValue, None, None]], fixturefunc\n            )\n            generator = fixturefunc(**kwargs)\n            try:\n                fixture_result = next(generator)\n            except StopIteration:\n                raise ValueError(f\"{request.fixturename} did not yield a value\") from None\n            finalizer = functools.partial(_teardown_yield_fixture, fixturefunc, generator)\n            request.addfinalizer(finalizer)\n        else:\n            fixturefunc = cast(Callable[..., FixtureValue], fixturefunc)\n>           fixture_result = fixturefunc(**kwargs)\n\n../../../.cache/pypoetry/virtualenvs/uk-bin-collection-EwS6Gn8s-py3.11/lib/python3.11/site-packages/_pytest/fixtures.py:902: \n_ _ _ _ _ _ _ _ _ _ _ _ _ _ _ _ _ _ _ _ _ _ _ _ _ _ _ _ _ _ _ _ _ _ _ _ _ _ _ _ \nuk_bin_collection/tests/step_defs/test_validate_council.py:92: in scrape_step\n    context.parse_result = CollectData.run()\nuk_bin_collection/uk_bin_collection/collect_data.py:96: in run\n    return self.client_code(\nuk_bin_collection/uk_bin_collection/collect_data.py:115: in client_code\n    return get_bin_data_class.template_method(address_url, **kwargs)\nuk_bin_collection/uk_bin_collection/get_bin_data.py:78: in template_method\n    bin_data_dict = self.parse_data(\nuk_bin_collection/uk_bin_collection/councils/CalderdaleCouncil.py:57: in parse_data\n    dropdown = wait.until(EC.element_to_be_clickable((By.ID, \"uprn\")))\n_ _ _ _ _ _ _ _ _ _ _ _ _ _ _ _ _ _ _ _ _ _ _ _ _ _ _ _ _ _ _ _ _ _ _ _ _ _ _ _ \n\nself = <selenium.webdriver.support.wait.WebDriverWait (session=\"db6c4240170ec9d5bc4f2b92bc531ec8\")>\nmethod = <function element_to_be_clickable.<locals>._predicate at 0x7f55df2a79c0>\nmessage = ''\n\n    def until(self, method, message: str = \"\"):\n        \"\"\"Calls the method provided with the driver as an argument until the \\\n        return value does not evaluate to ``False``.\n    \n        :param method: callable(WebDriver)\n        :param message: optional message for :exc:`TimeoutException`\n        :returns: the result of the last call to `method`\n        :raises: :exc:`selenium.common.exceptions.TimeoutException` if timeout occurs\n        \"\"\"\n        screen = None\n        stacktrace = None\n    \n        end_time = time.monotonic() + self._timeout\n        while True:\n            try:\n                value = method(self._driver)\n                if value:\n                    return value\n            except self._ignored_exceptions as exc:\n                screen = getattr(exc, \"screen\", None)\n                stacktrace = getattr(exc, \"stacktrace\", None)\n            time.sleep(self._poll)\n            if time.monotonic() > end_time:\n                break\n>       raise TimeoutException(message, screen, stacktrace)\nE       selenium.common.exceptions.TimeoutException: Message: \nE       Stacktrace:\nE       #0 0x55d05fe08f83 <unknown>\nE       #1 0x55d05fac1cf7 <unknown>\nE       #2 0x55d05fb1199e <unknown>\nE       #3 0x55d05fb11aa1 <unknown>\nE       #4 0x55d05fb5cd64 <unknown>\nE       #5 0x55d05fb3b0dd <unknown>\nE       #6 0x55d05fb5a006 <unknown>\nE       #7 0x55d05fb3ae53 <unknown>\nE       #8 0x55d05fb02dd4 <unknown>\nE       #9 0x55d05fb041de <unknown>\nE       #10 0x55d05fdcd531 <unknown>\nE       #11 0x55d05fdd1455 <unknown>\nE       #12 0x55d05fdb9f55 <unknown>\nE       #13 0x55d05fdd20ef <unknown>\nE       #14 0x55d05fd9d99f <unknown>\nE       #15 0x55d05fdf6008 <unknown>\nE       #16 0x55d05fdf61d7 <unknown>\nE       #17 0x55d05fe08124 <unknown>\nE       #18 0x7fe152494ac3 <unknown>\n\n../../../.cache/pypoetry/virtualenvs/uk-bin-collection-EwS6Gn8s-py3.11/lib/python3.11/site-packages/selenium/webdriver/support/wait.py:95: TimeoutException","flaky":false,"newFailed":true,"newBroken":false,"newPassed":false,"retriesCount":0,"retriesStatusChange":false,"beforeStages":[],"testStage":{"status":"failed","statusMessage":"selenium.common.exceptions.TimeoutException: Message: \nStacktrace:\n#0 0x55d05fe08f83 <unknown>\n#1 0x55d05fac1cf7 <unknown>\n#2 0x55d05fb1199e <unknown>\n#3 0x55d05fb11aa1 <unknown>\n#4 0x55d05fb5cd64 <unknown>\n#5 0x55d05fb3b0dd <unknown>\n#6 0x55d05fb5a006 <unknown>\n#7 0x55d05fb3ae53 <unknown>\n#8 0x55d05fb02dd4 <unknown>\n#9 0x55d05fb041de <unknown>\n#10 0x55d05fdcd531 <unknown>\n#11 0x55d05fdd1455 <unknown>\n#12 0x55d05fdb9f55 <unknown>\n#13 0x55d05fdd20ef <unknown>\n#14 0x55d05fd9d99f <unknown>\n#15 0x55d05fdf6008 <unknown>\n#16 0x55d05fdf61d7 <unknown>\n#17 0x55d05fe08124 <unknown>\n#18 0x7fe152494ac3 <unknown>","statusTrace":"fixturefunc = <function scrape_step at 0x7f55df46cd60>\nrequest = <FixtureRequest for <Function test_scenario_outline[CalderdaleCouncil-http://selenium:4444-local]>>\nkwargs = {'context': <test_validate_council.context.<locals>.Context object at 0x7f55df345dd0>, 'council': 'CalderdaleCouncil', 'selenium_mode': 'local', 'selenium_url': 'http://selenium:4444'}\n\n    def call_fixture_func(\n        fixturefunc: \"_FixtureFunc[FixtureValue]\", request: FixtureRequest, kwargs\n    ) -> FixtureValue:\n        if is_generator(fixturefunc):\n            fixturefunc = cast(\n                Callable[..., Generator[FixtureValue, None, None]], fixturefunc\n            )\n            generator = fixturefunc(**kwargs)\n            try:\n                fixture_result = next(generator)\n            except StopIteration:\n                raise ValueError(f\"{request.fixturename} did not yield a value\") from None\n            finalizer = functools.partial(_teardown_yield_fixture, fixturefunc, generator)\n            request.addfinalizer(finalizer)\n        else:\n            fixturefunc = cast(Callable[..., FixtureValue], fixturefunc)\n>           fixture_result = fixturefunc(**kwargs)\n\n../../../.cache/pypoetry/virtualenvs/uk-bin-collection-EwS6Gn8s-py3.11/lib/python3.11/site-packages/_pytest/fixtures.py:902: \n_ _ _ _ _ _ _ _ _ _ _ _ _ _ _ _ _ _ _ _ _ _ _ _ _ _ _ _ _ _ _ _ _ _ _ _ _ _ _ _ \nuk_bin_collection/tests/step_defs/test_validate_council.py:92: in scrape_step\n    context.parse_result = CollectData.run()\nuk_bin_collection/uk_bin_collection/collect_data.py:96: in run\n    return self.client_code(\nuk_bin_collection/uk_bin_collection/collect_data.py:115: in client_code\n    return get_bin_data_class.template_method(address_url, **kwargs)\nuk_bin_collection/uk_bin_collection/get_bin_data.py:78: in template_method\n    bin_data_dict = self.parse_data(\nuk_bin_collection/uk_bin_collection/councils/CalderdaleCouncil.py:57: in parse_data\n    dropdown = wait.until(EC.element_to_be_clickable((By.ID, \"uprn\")))\n_ _ _ _ _ _ _ _ _ _ _ _ _ _ _ _ _ _ _ _ _ _ _ _ _ _ _ _ _ _ _ _ _ _ _ _ _ _ _ _ \n\nself = <selenium.webdriver.support.wait.WebDriverWait (session=\"db6c4240170ec9d5bc4f2b92bc531ec8\")>\nmethod = <function element_to_be_clickable.<locals>._predicate at 0x7f55df2a79c0>\nmessage = ''\n\n    def until(self, method, message: str = \"\"):\n        \"\"\"Calls the method provided with the driver as an argument until the \\\n        return value does not evaluate to ``False``.\n    \n        :param method: callable(WebDriver)\n        :param message: optional message for :exc:`TimeoutException`\n        :returns: the result of the last call to `method`\n        :raises: :exc:`selenium.common.exceptions.TimeoutException` if timeout occurs\n        \"\"\"\n        screen = None\n        stacktrace = None\n    \n        end_time = time.monotonic() + self._timeout\n        while True:\n            try:\n                value = method(self._driver)\n                if value:\n                    return value\n            except self._ignored_exceptions as exc:\n                screen = getattr(exc, \"screen\", None)\n                stacktrace = getattr(exc, \"stacktrace\", None)\n            time.sleep(self._poll)\n            if time.monotonic() > end_time:\n                break\n>       raise TimeoutException(message, screen, stacktrace)\nE       selenium.common.exceptions.TimeoutException: Message: \nE       Stacktrace:\nE       #0 0x55d05fe08f83 <unknown>\nE       #1 0x55d05fac1cf7 <unknown>\nE       #2 0x55d05fb1199e <unknown>\nE       #3 0x55d05fb11aa1 <unknown>\nE       #4 0x55d05fb5cd64 <unknown>\nE       #5 0x55d05fb3b0dd <unknown>\nE       #6 0x55d05fb5a006 <unknown>\nE       #7 0x55d05fb3ae53 <unknown>\nE       #8 0x55d05fb02dd4 <unknown>\nE       #9 0x55d05fb041de <unknown>\nE       #10 0x55d05fdcd531 <unknown>\nE       #11 0x55d05fdd1455 <unknown>\nE       #12 0x55d05fdb9f55 <unknown>\nE       #13 0x55d05fdd20ef <unknown>\nE       #14 0x55d05fd9d99f <unknown>\nE       #15 0x55d05fdf6008 <unknown>\nE       #16 0x55d05fdf61d7 <unknown>\nE       #17 0x55d05fe08124 <unknown>\nE       #18 0x7fe152494ac3 <unknown>\n\n../../../.cache/pypoetry/virtualenvs/uk-bin-collection-EwS6Gn8s-py3.11/lib/python3.11/site-packages/selenium/webdriver/support/wait.py:95: TimeoutException","steps":[{"name":"Given the council: CalderdaleCouncil","time":{"start":1706487966025,"stop":1706487966026,"duration":1},"status":"passed","steps":[],"attachments":[],"parameters":[],"shouldDisplayMessage":false,"stepsCount":0,"attachmentsCount":0,"hasContent":false,"attachmentStep":false},{"name":"When we scrape the data from CalderdaleCouncil using local and the http://selenium:4444 is set","time":{"start":1706487966026,"stop":1706488031039,"duration":65013},"status":"failed","statusMessage":"Message: \nStacktrace:\n#0 0x55d05fe08f83 <unknown>\n#1 0x55d05fac1cf7 <unknown>\n#2 0x55d05fb1199e <unknown>\n#3 0x55d05fb11aa1 <unknown>\n#4 0x55d05fb5cd64 <unknown>\n#5 0x55d05fb3b0dd <unknown>\n#6 0x55d05fb5a006 <unknown>\n#7 0x55d05fb3ae53 <unknown>\n#8 0x55d05fb02dd4 <unknown>\n#9 0x55d05fb041de <unknown>\n#10 0x55d05fdcd531 <unknown>\n#11 0x55d05fdd1455 <unknown>\n#12 0x55d05fdb9f55 <unknown>\n#13 0x55d05fdd20ef <unknown>\n#14 0x55d05fd9d99f <unknown>\n#15 0x55d05fdf6008 <unknown>\n#16 0x55d05fdf61d7 <unknown>\n#17 0x55d05fe08124 <unknown>\n#18 0x7fe152494ac3 <unknown>\n","statusTrace":"selenium.common.exceptions.TimeoutException: Message: \nStacktrace:\n#0 0x55d05fe08f83 <unknown>\n#1 0x55d05fac1cf7 <unknown>\n#2 0x55d05fb1199e <unknown>\n#3 0x55d05fb11aa1 <unknown>\n#4 0x55d05fb5cd64 <unknown>\n#5 0x55d05fb3b0dd <unknown>\n#6 0x55d05fb5a006 <unknown>\n#7 0x55d05fb3ae53 <unknown>\n#8 0x55d05fb02dd4 <unknown>\n#9 0x55d05fb041de <unknown>\n#10 0x55d05fdcd531 <unknown>\n#11 0x55d05fdd1455 <unknown>\n#12 0x55d05fdb9f55 <unknown>\n#13 0x55d05fdd20ef <unknown>\n#14 0x55d05fd9d99f <unknown>\n#15 0x55d05fdf6008 <unknown>\n#16 0x55d05fdf61d7 <unknown>\n#17 0x55d05fe08124 <unknown>\n#18 0x7fe152494ac3 <unknown>\n\n","steps":[],"attachments":[],"parameters":[],"shouldDisplayMessage":true,"stepsCount":0,"attachmentsCount":0,"hasContent":true,"attachmentStep":false}],"attachments":[],"parameters":[],"shouldDisplayMessage":true,"stepsCount":2,"attachmentsCount":0,"hasContent":true,"attachmentStep":false},"afterStages":[],"labels":[{"name":"host","value":"fv-az1200-577"},{"name":"thread","value":"2871-MainThread"},{"name":"framework","value":"pytest-bdd"},{"name":"language","value":"cpython3"},{"name":"feature","value":"Test each council output matches expected results"},{"name":"resultFormat","value":"allure2"}],"parameters":[{"name":"council","value":"CalderdaleCouncil"},{"name":"selenium_mode","value":"local"},{"name":"selenium_url","value":"http://selenium:4444"}],"links":[],"hidden":false,"retry":false,"extra":{"severity":"normal","retries":[],"categories":[{"name":"Product defects","matchedStatuses":[],"flaky":false}],"history":{"statistic":{"failed":16,"broken":0,"skipped":0,"passed":71,"unknown":0,"total":87},"items":[{"uid":"4c59439067065f24","reportUrl":"https://robbrad.github.io/UKBinCollectionData/3.11/1531//#testresult/4c59439067065f24","status":"passed","time":{"start":1706401650621,"stop":1706401669664,"duration":19043}},{"uid":"e71f3c700725cf60","reportUrl":"https://robbrad.github.io/UKBinCollectionData/3.11/1529//#testresult/e71f3c700725cf60","status":"passed","time":{"start":1706315111409,"stop":1706315132299,"duration":20890}},{"uid":"58485a94b5abd4a6","reportUrl":"https://robbrad.github.io/UKBinCollectionData/3.11/1528//#testresult/58485a94b5abd4a6","status":"passed","time":{"start":1706228742363,"stop":1706228755558,"duration":13195}},{"uid":"55980dfefa8b7ea7","reportUrl":"https://robbrad.github.io/UKBinCollectionData/3.11/1523//#testresult/55980dfefa8b7ea7","status":"passed","time":{"start":1706142444073,"stop":1706142456905,"duration":12832}},{"uid":"156d62d28ff594ab","reportUrl":"https://robbrad.github.io/UKBinCollectionData/3.11/1522//#testresult/156d62d28ff594ab","status":"passed","time":{"start":1706056052586,"stop":1706056076179,"duration":23593}},{"uid":"5f2a355d9a0aa3b3","reportUrl":"https://robbrad.github.io/UKBinCollectionData/3.11/1521//#testresult/5f2a355d9a0aa3b3","status":"failed","statusDetails":"selenium.common.exceptions.TimeoutException: Message: \nStacktrace:\n#0 0x56536b33af83 <unknown>\n#1 0x56536aff3cf7 <unknown>\n#2 0x56536b04399e <unknown>\n#3 0x56536b043aa1 <unknown>\n#4 0x56536b08ed64 <unknown>\n#5 0x56536b06d0dd <unknown>\n#6 0x56536b08c006 <unknown>\n#7 0x56536b06ce53 <unknown>\n#8 0x56536b034dd4 <unknown>\n#9 0x56536b0361de <unknown>\n#10 0x56536b2ff531 <unknown>\n#11 0x56536b303455 <unknown>\n#12 0x56536b2ebf55 <unknown>\n#13 0x56536b3040ef <unknown>\n#14 0x56536b2cf99f <unknown>\n#15 0x56536b328008 <unknown>\n#16 0x56536b3281d7 <unknown>\n#17 0x56536b33a124 <unknown>\n#18 0x7fa2b6094ac3 <unknown>","time":{"start":1705969648947,"stop":1705969727571,"duration":78624}},{"uid":"64321bbea2396bd6","reportUrl":"https://robbrad.github.io/UKBinCollectionData/3.11/1520//#testresult/64321bbea2396bd6","status":"passed","time":{"start":1705883314239,"stop":1705883324244,"duration":10005}},{"uid":"3ae9e711f20b8409","reportUrl":"https://robbrad.github.io/UKBinCollectionData/3.11/1519//#testresult/3ae9e711f20b8409","status":"passed","time":{"start":1705796990983,"stop":1705797004047,"duration":13064}},{"uid":"3b8e6c8f016cf5bd","reportUrl":"https://robbrad.github.io/UKBinCollectionData/3.11/1515//#testresult/3b8e6c8f016cf5bd","status":"passed","time":{"start":1705710376846,"stop":1705710388923,"duration":12077}},{"uid":"be6a217bb7c30a86","reportUrl":"https://robbrad.github.io/UKBinCollectionData/3.11/1511//#testresult/be6a217bb7c30a86","status":"passed","time":{"start":1705624035039,"stop":1705624047595,"duration":12556}},{"uid":"a4d3310ae06f784e","reportUrl":"https://robbrad.github.io/UKBinCollectionData/3.11/1505//#testresult/a4d3310ae06f784e","status":"passed","time":{"start":1705537607625,"stop":1705537624359,"duration":16734}},{"uid":"88796f5ccc5bceaa","reportUrl":"https://robbrad.github.io/UKBinCollectionData/3.11/1500//#testresult/88796f5ccc5bceaa","status":"passed","time":{"start":1705451217037,"stop":1705451229325,"duration":12288}},{"uid":"d21bb254ca904505","reportUrl":"https://robbrad.github.io/UKBinCollectionData/3.11/1499//#testresult/d21bb254ca904505","status":"passed","time":{"start":1705364811506,"stop":1705364823894,"duration":12388}},{"uid":"a2133bc8d036eb3d","reportUrl":"https://robbrad.github.io/UKBinCollectionData/3.11/1492//#testresult/a2133bc8d036eb3d","status":"passed","time":{"start":1705295551595,"stop":1705295568904,"duration":17309}},{"uid":"49a85756d830b952","reportUrl":"https://robbrad.github.io/UKBinCollectionData/3.11/1491//#testresult/49a85756d830b952","status":"failed","statusDetails":"TypeError: create_webdriver() missing 1 required positional argument: 'user_agent'","time":{"start":1705295117286,"stop":1705295117668,"duration":382}},{"uid":"b64615ebcac26ff3","reportUrl":"https://robbrad.github.io/UKBinCollectionData/3.11/1490//#testresult/b64615ebcac26ff3","status":"failed","statusDetails":"TypeError: create_webdriver() missing 1 required positional argument: 'user_agent'","time":{"start":1705278518618,"stop":1705278519113,"duration":495}},{"uid":"564c96db3d433619","reportUrl":"https://robbrad.github.io/UKBinCollectionData/3.11/1485//#testresult/564c96db3d433619","status":"failed","statusDetails":"TypeError: create_webdriver() missing 1 required positional argument: 'user_agent'","time":{"start":1705192186383,"stop":1705192186627,"duration":244}},{"uid":"ae7ad5e02a9c3c79","reportUrl":"https://robbrad.github.io/UKBinCollectionData/3.11/1484//#testresult/ae7ad5e02a9c3c79","status":"failed","statusDetails":"TypeError: create_webdriver() missing 1 required positional argument: 'user_agent'","time":{"start":1705105649688,"stop":1705105650443,"duration":755}},{"uid":"63d1f10e5c76409a","reportUrl":"https://robbrad.github.io/UKBinCollectionData/3.11/1482//#testresult/63d1f10e5c76409a","status":"failed","statusDetails":"TypeError: create_webdriver() missing 1 required positional argument: 'user_agent'","time":{"start":1705019225228,"stop":1705019225710,"duration":482}},{"uid":"aa94aae97b1e7d43","reportUrl":"https://robbrad.github.io/UKBinCollectionData/3.11/1478//#testresult/aa94aae97b1e7d43","status":"failed","statusDetails":"TypeError: create_webdriver() missing 1 required positional argument: 'user_agent'","time":{"start":1704932816023,"stop":1704932816742,"duration":719}}]},"tags":[]},"source":"b63c384bd7447941.json","parameterValues":["CalderdaleCouncil","local","http://selenium:4444"]}