{"uid":"eb7b9c6983b1038b","name":"Validate Council Output [NeathPortTalbotCouncil-http://selenium:4444-local]","fullName":"features/validate_council_outputs.feature:Validate Council Output","historyId":"68717d64a9b5b73045a4198b6f1e2a64","time":{"start":1705105636612,"stop":1705105636831,"duration":219},"status":"failed","statusMessage":"TypeError: create_webdriver() missing 1 required positional argument: 'user_agent'","statusTrace":"fixturefunc = <function scrape_step at 0x7f4b63efb250>\nrequest = <FixtureRequest for <Function test_scenario_outline[NeathPortTalbotCouncil-http://selenium:4444-local]>>\nkwargs = {'context': <test_validate_council.context.<locals>.Context object at 0x7f4b63a61120>, 'council': 'NeathPortTalbotCouncil', 'selenium_mode': 'local', 'selenium_url': 'http://selenium:4444'}\n\n    def call_fixture_func(\n        fixturefunc: \"_FixtureFunc[FixtureValue]\", request: FixtureRequest, kwargs\n    ) -> FixtureValue:\n        if is_generator(fixturefunc):\n            fixturefunc = cast(\n                Callable[..., Generator[FixtureValue, None, None]], fixturefunc\n            )\n            generator = fixturefunc(**kwargs)\n            try:\n                fixture_result = next(generator)\n            except StopIteration:\n                raise ValueError(f\"{request.fixturename} did not yield a value\") from None\n            finalizer = functools.partial(_teardown_yield_fixture, fixturefunc, generator)\n            request.addfinalizer(finalizer)\n        else:\n            fixturefunc = cast(Callable[..., FixtureValue], fixturefunc)\n>           fixture_result = fixturefunc(**kwargs)\n\n../../../.cache/pypoetry/virtualenvs/uk-bin-collection-EwS6Gn8s-py3.10/lib/python3.10/site-packages/_pytest/fixtures.py:902: \n_ _ _ _ _ _ _ _ _ _ _ _ _ _ _ _ _ _ _ _ _ _ _ _ _ _ _ _ _ _ _ _ _ _ _ _ _ _ _ _ \nuk_bin_collection/tests/step_defs/test_validate_council.py:92: in scrape_step\n    context.parse_result = CollectData.run()\nuk_bin_collection/uk_bin_collection/collect_data.py:96: in run\n    return self.client_code(\nuk_bin_collection/uk_bin_collection/collect_data.py:115: in client_code\n    return get_bin_data_class.template_method(address_url, **kwargs)\nuk_bin_collection/uk_bin_collection/get_bin_data.py:78: in template_method\n    bin_data_dict = self.parse_data(\n_ _ _ _ _ _ _ _ _ _ _ _ _ _ _ _ _ _ _ _ _ _ _ _ _ _ _ _ _ _ _ _ _ _ _ _ _ _ _ _ \n\nself = <NeathPortTalbotCouncil.CouncilClass object at 0x7f4b63b75600>, page = ''\nkwargs = {'headless': True, 'paon': None, 'postcode': 'SA13 3BA', 'uprn': '10023947752', ...}\ndriver = None, data = {'bins': []}, user_uprn = '10023947752'\nuser_postcode = 'SA13 3BA', web_driver = None, headless = True\n\n    def parse_data(self, page: str, **kwargs) -> dict:\n        driver = None\n        try:\n            data = {\"bins\": []}\n            user_uprn = kwargs.get(\"uprn\")\n            user_postcode = kwargs.get(\"postcode\")\n            web_driver = kwargs.get(\"web_driver\")\n            headless = kwargs.get(\"headless\")\n            check_uprn(user_uprn)\n            check_postcode(user_postcode)\n    \n            # Create Selenium webdriver\n>           driver = create_webdriver(web_driver, headless)\nE           TypeError: create_webdriver() missing 1 required positional argument: 'user_agent'\n\nuk_bin_collection/uk_bin_collection/councils/NeathPortTalbotCouncil.py:32: TypeError","flaky":false,"newFailed":false,"newBroken":false,"newPassed":false,"retriesCount":0,"retriesStatusChange":false,"beforeStages":[],"testStage":{"status":"failed","statusMessage":"TypeError: create_webdriver() missing 1 required positional argument: 'user_agent'","statusTrace":"fixturefunc = <function scrape_step at 0x7f4b63efb250>\nrequest = <FixtureRequest for <Function test_scenario_outline[NeathPortTalbotCouncil-http://selenium:4444-local]>>\nkwargs = {'context': <test_validate_council.context.<locals>.Context object at 0x7f4b63a61120>, 'council': 'NeathPortTalbotCouncil', 'selenium_mode': 'local', 'selenium_url': 'http://selenium:4444'}\n\n    def call_fixture_func(\n        fixturefunc: \"_FixtureFunc[FixtureValue]\", request: FixtureRequest, kwargs\n    ) -> FixtureValue:\n        if is_generator(fixturefunc):\n            fixturefunc = cast(\n                Callable[..., Generator[FixtureValue, None, None]], fixturefunc\n            )\n            generator = fixturefunc(**kwargs)\n            try:\n                fixture_result = next(generator)\n            except StopIteration:\n                raise ValueError(f\"{request.fixturename} did not yield a value\") from None\n            finalizer = functools.partial(_teardown_yield_fixture, fixturefunc, generator)\n            request.addfinalizer(finalizer)\n        else:\n            fixturefunc = cast(Callable[..., FixtureValue], fixturefunc)\n>           fixture_result = fixturefunc(**kwargs)\n\n../../../.cache/pypoetry/virtualenvs/uk-bin-collection-EwS6Gn8s-py3.10/lib/python3.10/site-packages/_pytest/fixtures.py:902: \n_ _ _ _ _ _ _ _ _ _ _ _ _ _ _ _ _ _ _ _ _ _ _ _ _ _ _ _ _ _ _ _ _ _ _ _ _ _ _ _ \nuk_bin_collection/tests/step_defs/test_validate_council.py:92: in scrape_step\n    context.parse_result = CollectData.run()\nuk_bin_collection/uk_bin_collection/collect_data.py:96: in run\n    return self.client_code(\nuk_bin_collection/uk_bin_collection/collect_data.py:115: in client_code\n    return get_bin_data_class.template_method(address_url, **kwargs)\nuk_bin_collection/uk_bin_collection/get_bin_data.py:78: in template_method\n    bin_data_dict = self.parse_data(\n_ _ _ _ _ _ _ _ _ _ _ _ _ _ _ _ _ _ _ _ _ _ _ _ _ _ _ _ _ _ _ _ _ _ _ _ _ _ _ _ \n\nself = <NeathPortTalbotCouncil.CouncilClass object at 0x7f4b63b75600>, page = ''\nkwargs = {'headless': True, 'paon': None, 'postcode': 'SA13 3BA', 'uprn': '10023947752', ...}\ndriver = None, data = {'bins': []}, user_uprn = '10023947752'\nuser_postcode = 'SA13 3BA', web_driver = None, headless = True\n\n    def parse_data(self, page: str, **kwargs) -> dict:\n        driver = None\n        try:\n            data = {\"bins\": []}\n            user_uprn = kwargs.get(\"uprn\")\n            user_postcode = kwargs.get(\"postcode\")\n            web_driver = kwargs.get(\"web_driver\")\n            headless = kwargs.get(\"headless\")\n            check_uprn(user_uprn)\n            check_postcode(user_postcode)\n    \n            # Create Selenium webdriver\n>           driver = create_webdriver(web_driver, headless)\nE           TypeError: create_webdriver() missing 1 required positional argument: 'user_agent'\n\nuk_bin_collection/uk_bin_collection/councils/NeathPortTalbotCouncil.py:32: TypeError","steps":[{"name":"Given the council: NeathPortTalbotCouncil","time":{"start":1705105636612,"stop":1705105636613,"duration":1},"status":"passed","steps":[],"attachments":[],"parameters":[],"shouldDisplayMessage":false,"stepsCount":0,"attachmentsCount":0,"hasContent":false,"attachmentStep":false},{"name":"When we scrape the data from NeathPortTalbotCouncil using local and the http://selenium:4444 is set","time":{"start":1705105636613,"stop":1705105636831,"duration":218},"status":"failed","statusMessage":"create_webdriver() missing 1 required positional argument: 'user_agent'","statusTrace":"TypeError: create_webdriver() missing 1 required positional argument: 'user_agent'\n","steps":[],"attachments":[],"parameters":[],"shouldDisplayMessage":true,"stepsCount":0,"attachmentsCount":0,"hasContent":true,"attachmentStep":false}],"attachments":[],"parameters":[],"shouldDisplayMessage":true,"stepsCount":2,"attachmentsCount":0,"hasContent":true,"attachmentStep":false},"afterStages":[],"labels":[{"name":"host","value":"fv-az802-515"},{"name":"thread","value":"2736-MainThread"},{"name":"framework","value":"pytest-bdd"},{"name":"language","value":"cpython3"},{"name":"feature","value":"Test each council output matches expected results"},{"name":"resultFormat","value":"allure2"}],"parameters":[{"name":"council","value":"NeathPortTalbotCouncil"},{"name":"selenium_mode","value":"local"},{"name":"selenium_url","value":"http://selenium:4444"}],"links":[],"hidden":false,"retry":false,"extra":{"severity":"normal","retries":[],"categories":[{"name":"Product defects","matchedStatuses":[],"flaky":false}],"history":{"statistic":{"failed":143,"broken":0,"skipped":0,"passed":13,"unknown":0,"total":156},"items":[{"uid":"65fe233697a6e36d","reportUrl":"https://robbrad.github.io/UKBinCollectionData/3.10/1482//#testresult/65fe233697a6e36d","status":"failed","statusDetails":"TypeError: create_webdriver() missing 1 required positional argument: 'user_agent'","time":{"start":1705019256343,"stop":1705019256560,"duration":217}},{"uid":"a55824b1d182af62","reportUrl":"https://robbrad.github.io/UKBinCollectionData/3.10/1478//#testresult/a55824b1d182af62","status":"failed","statusDetails":"TypeError: create_webdriver() missing 1 required positional argument: 'user_agent'","time":{"start":1704932834356,"stop":1704932834537,"duration":181}},{"uid":"f71e037510c1d70c","reportUrl":"https://robbrad.github.io/UKBinCollectionData/3.10/1472//#testresult/f71e037510c1d70c","status":"failed","statusDetails":"TypeError: create_webdriver() missing 1 required positional argument: 'user_agent'","time":{"start":1704846471173,"stop":1704846471396,"duration":223}},{"uid":"ddfb37748bf9e2ad","reportUrl":"https://robbrad.github.io/UKBinCollectionData/3.10/1456//#testresult/ddfb37748bf9e2ad","status":"failed","statusDetails":"selenium.common.exceptions.NoSuchElementException: Message: no such element: Unable to locate element: {\"method\":\"css selector\",\"selector\":\"[id=\"ContentPlaceHolderDefault_ctl13_nptLLPG2_25_addresslookup_txtTmpPostcode\"]\"}\n  (Session info: chrome-headless-shell=120.0.6099.109); For documentation on this error, please visit: https://www.selenium.dev/documentation/webdriver/troubleshooting/errors#no-such-element-exception\nStacktrace:\n#0 0x561b1bf77f83 <unknown>\n#1 0x561b1bc30cf7 <unknown>\n#2 0x561b1bc8099e <unknown>\n#3 0x561b1bc80aa1 <unknown>\n#4 0x561b1bccbd64 <unknown>\n#5 0x561b1bcaa0dd <unknown>\n#6 0x561b1bcc9006 <unknown>\n#7 0x561b1bca9e53 <unknown>\n#8 0x561b1bc71dd4 <unknown>\n#9 0x561b1bc731de <unknown>\n#10 0x561b1bf3c531 <unknown>\n#11 0x561b1bf40455 <unknown>\n#12 0x561b1bf28f55 <unknown>\n#13 0x561b1bf410ef <unknown>\n#14 0x561b1bf0c99f <unknown>\n#15 0x561b1bf65008 <unknown>\n#16 0x561b1bf651d7 <unknown>\n#17 0x561b1bf77124 <unknown>\n#18 0x7fe21b894ac3 <unknown>","time":{"start":1704760159791,"stop":1704760162988,"duration":3197}},{"uid":"8a8c49c27897e1d8","reportUrl":"https://robbrad.github.io/UKBinCollectionData/3.10/1452//#testresult/8a8c49c27897e1d8","status":"failed","statusDetails":"selenium.common.exceptions.NoSuchElementException: Message: no such element: Unable to locate element: {\"method\":\"css selector\",\"selector\":\"[id=\"ContentPlaceHolderDefault_ctl13_nptLLPG2_25_addresslookup_txtTmpPostcode\"]\"}\n  (Session info: chrome-headless-shell=120.0.6099.109); For documentation on this error, please visit: https://www.selenium.dev/documentation/webdriver/troubleshooting/errors#no-such-element-exception\nStacktrace:\n#0 0x559640929f83 <unknown>\n#1 0x5596405e2cf7 <unknown>\n#2 0x55964063299e <unknown>\n#3 0x559640632aa1 <unknown>\n#4 0x55964067dd64 <unknown>\n#5 0x55964065c0dd <unknown>\n#6 0x55964067b006 <unknown>\n#7 0x55964065be53 <unknown>\n#8 0x559640623dd4 <unknown>\n#9 0x5596406251de <unknown>\n#10 0x5596408ee531 <unknown>\n#11 0x5596408f2455 <unknown>\n#12 0x5596408daf55 <unknown>\n#13 0x5596408f30ef <unknown>\n#14 0x5596408be99f <unknown>\n#15 0x559640917008 <unknown>\n#16 0x5596409171d7 <unknown>\n#17 0x559640929124 <unknown>\n#18 0x7fd9daa94ac3 <unknown>","time":{"start":1704711554109,"stop":1704711557315,"duration":3206}},{"uid":"d20c84b1b8c3571b","reportUrl":"https://robbrad.github.io/UKBinCollectionData/3.10/1450//#testresult/d20c84b1b8c3571b","status":"failed","statusDetails":"selenium.common.exceptions.NoSuchElementException: Message: no such element: Unable to locate element: {\"method\":\"css selector\",\"selector\":\"[id=\"ContentPlaceHolderDefault_ctl13_nptLLPG2_25_addresslookup_txtTmpPostcode\"]\"}\n  (Session info: chrome-headless-shell=120.0.6099.109); For documentation on this error, please visit: https://www.selenium.dev/documentation/webdriver/troubleshooting/errors#no-such-element-exception\nStacktrace:\n#0 0x55ba9ab5cf83 <unknown>\n#1 0x55ba9a815cf7 <unknown>\n#2 0x55ba9a86599e <unknown>\n#3 0x55ba9a865aa1 <unknown>\n#4 0x55ba9a8b0d64 <unknown>\n#5 0x55ba9a88f0dd <unknown>\n#6 0x55ba9a8ae006 <unknown>\n#7 0x55ba9a88ee53 <unknown>\n#8 0x55ba9a856dd4 <unknown>\n#9 0x55ba9a8581de <unknown>\n#10 0x55ba9ab21531 <unknown>\n#11 0x55ba9ab25455 <unknown>\n#12 0x55ba9ab0df55 <unknown>\n#13 0x55ba9ab260ef <unknown>\n#14 0x55ba9aaf199f <unknown>\n#15 0x55ba9ab4a008 <unknown>\n#16 0x55ba9ab4a1d7 <unknown>\n#17 0x55ba9ab5c124 <unknown>\n#18 0x7f9c96694ac3 <unknown>","time":{"start":1704710768446,"stop":1704710771515,"duration":3069}},{"uid":"8cd91d200a8a044c","reportUrl":"https://robbrad.github.io/UKBinCollectionData/3.10/1448//#testresult/8cd91d200a8a044c","status":"failed","statusDetails":"selenium.common.exceptions.NoSuchElementException: Message: no such element: Unable to locate element: {\"method\":\"css selector\",\"selector\":\"[id=\"ContentPlaceHolderDefault_ctl13_nptLLPG2_25_addresslookup_txtTmpPostcode\"]\"}\n  (Session info: chrome-headless-shell=120.0.6099.109); For documentation on this error, please visit: https://www.selenium.dev/documentation/webdriver/troubleshooting/errors#no-such-element-exception\nStacktrace:\n#0 0x55bcd456af83 <unknown>\n#1 0x55bcd4223cf7 <unknown>\n#2 0x55bcd427399e <unknown>\n#3 0x55bcd4273aa1 <unknown>\n#4 0x55bcd42bed64 <unknown>\n#5 0x55bcd429d0dd <unknown>\n#6 0x55bcd42bc006 <unknown>\n#7 0x55bcd429ce53 <unknown>\n#8 0x55bcd4264dd4 <unknown>\n#9 0x55bcd42661de <unknown>\n#10 0x55bcd452f531 <unknown>\n#11 0x55bcd4533455 <unknown>\n#12 0x55bcd451bf55 <unknown>\n#13 0x55bcd45340ef <unknown>\n#14 0x55bcd44ff99f <unknown>\n#15 0x55bcd4558008 <unknown>\n#16 0x55bcd45581d7 <unknown>\n#17 0x55bcd456a124 <unknown>\n#18 0x7eff95e94ac3 <unknown>","time":{"start":1704710167252,"stop":1704710170916,"duration":3664}},{"uid":"d5383ee5932895e5","reportUrl":"https://robbrad.github.io/UKBinCollectionData/3.10/1446//#testresult/d5383ee5932895e5","status":"failed","statusDetails":"selenium.common.exceptions.NoSuchElementException: Message: no such element: Unable to locate element: {\"method\":\"css selector\",\"selector\":\"[id=\"ContentPlaceHolderDefault_ctl13_nptLLPG2_25_addresslookup_txtTmpPostcode\"]\"}\n  (Session info: chrome-headless-shell=120.0.6099.109); For documentation on this error, please visit: https://www.selenium.dev/documentation/webdriver/troubleshooting/errors#no-such-element-exception\nStacktrace:\n#0 0x557e45445f83 <unknown>\n#1 0x557e450fecf7 <unknown>\n#2 0x557e4514e99e <unknown>\n#3 0x557e4514eaa1 <unknown>\n#4 0x557e45199d64 <unknown>\n#5 0x557e451780dd <unknown>\n#6 0x557e45197006 <unknown>\n#7 0x557e45177e53 <unknown>\n#8 0x557e4513fdd4 <unknown>\n#9 0x557e451411de <unknown>\n#10 0x557e4540a531 <unknown>\n#11 0x557e4540e455 <unknown>\n#12 0x557e453f6f55 <unknown>\n#13 0x557e4540f0ef <unknown>\n#14 0x557e453da99f <unknown>\n#15 0x557e45433008 <unknown>\n#16 0x557e454331d7 <unknown>\n#17 0x557e45445124 <unknown>\n#18 0x7f911b694ac3 <unknown>","time":{"start":1704709670044,"stop":1704709672935,"duration":2891}},{"uid":"9452c6f7e86a8809","reportUrl":"https://robbrad.github.io/UKBinCollectionData/3.10/1443//#testresult/9452c6f7e86a8809","status":"failed","statusDetails":"selenium.common.exceptions.NoSuchElementException: Message: no such element: Unable to locate element: {\"method\":\"css selector\",\"selector\":\"[id=\"ContentPlaceHolderDefault_ctl13_nptLLPG2_25_addresslookup_txtTmpPostcode\"]\"}\n  (Session info: chrome-headless-shell=120.0.6099.109); For documentation on this error, please visit: https://www.selenium.dev/documentation/webdriver/troubleshooting/errors#no-such-element-exception\nStacktrace:\n#0 0x561cd9cf8f83 <unknown>\n#1 0x561cd99b1cf7 <unknown>\n#2 0x561cd9a0199e <unknown>\n#3 0x561cd9a01aa1 <unknown>\n#4 0x561cd9a4cd64 <unknown>\n#5 0x561cd9a2b0dd <unknown>\n#6 0x561cd9a4a006 <unknown>\n#7 0x561cd9a2ae53 <unknown>\n#8 0x561cd99f2dd4 <unknown>\n#9 0x561cd99f41de <unknown>\n#10 0x561cd9cbd531 <unknown>\n#11 0x561cd9cc1455 <unknown>\n#12 0x561cd9ca9f55 <unknown>\n#13 0x561cd9cc20ef <unknown>\n#14 0x561cd9c8d99f <unknown>\n#15 0x561cd9ce6008 <unknown>\n#16 0x561cd9ce61d7 <unknown>\n#17 0x561cd9cf8124 <unknown>\n#18 0x7f78a3094ac3 <unknown>","time":{"start":1704704162529,"stop":1704704165685,"duration":3156}},{"uid":"228865d38cf0effc","reportUrl":"https://robbrad.github.io/UKBinCollectionData/3.10/1441//#testresult/228865d38cf0effc","status":"failed","statusDetails":"selenium.common.exceptions.NoSuchElementException: Message: no such element: Unable to locate element: {\"method\":\"css selector\",\"selector\":\"[id=\"ContentPlaceHolderDefault_ctl13_nptLLPG2_25_addresslookup_txtTmpPostcode\"]\"}\n  (Session info: chrome-headless-shell=120.0.6099.109); For documentation on this error, please visit: https://www.selenium.dev/documentation/webdriver/troubleshooting/errors#no-such-element-exception\nStacktrace:\n#0 0x55cb4ed4ef83 <unknown>\n#1 0x55cb4ea07cf7 <unknown>\n#2 0x55cb4ea5799e <unknown>\n#3 0x55cb4ea57aa1 <unknown>\n#4 0x55cb4eaa2d64 <unknown>\n#5 0x55cb4ea810dd <unknown>\n#6 0x55cb4eaa0006 <unknown>\n#7 0x55cb4ea80e53 <unknown>\n#8 0x55cb4ea48dd4 <unknown>\n#9 0x55cb4ea4a1de <unknown>\n#10 0x55cb4ed13531 <unknown>\n#11 0x55cb4ed17455 <unknown>\n#12 0x55cb4ecfff55 <unknown>\n#13 0x55cb4ed180ef <unknown>\n#14 0x55cb4ece399f <unknown>\n#15 0x55cb4ed3c008 <unknown>\n#16 0x55cb4ed3c1d7 <unknown>\n#17 0x55cb4ed4e124 <unknown>\n#18 0x7fce0a694ac3 <unknown>","time":{"start":1704673794407,"stop":1704673797624,"duration":3217}},{"uid":"f4404c027e5d1fab","reportUrl":"https://robbrad.github.io/UKBinCollectionData/3.10/1429//#testresult/f4404c027e5d1fab","status":"failed","statusDetails":"selenium.common.exceptions.NoSuchElementException: Message: no such element: Unable to locate element: {\"method\":\"css selector\",\"selector\":\"[id=\"ContentPlaceHolderDefault_ctl13_nptLLPG2_25_addresslookup_txtTmpPostcode\"]\"}\n  (Session info: chrome-headless-shell=120.0.6099.109); For documentation on this error, please visit: https://www.selenium.dev/documentation/webdriver/troubleshooting/errors#no-such-element-exception\nStacktrace:\n#0 0x55b4ea299f83 <unknown>\n#1 0x55b4e9f52cf7 <unknown>\n#2 0x55b4e9fa299e <unknown>\n#3 0x55b4e9fa2aa1 <unknown>\n#4 0x55b4e9fedd64 <unknown>\n#5 0x55b4e9fcc0dd <unknown>\n#6 0x55b4e9feb006 <unknown>\n#7 0x55b4e9fcbe53 <unknown>\n#8 0x55b4e9f93dd4 <unknown>\n#9 0x55b4e9f951de <unknown>\n#10 0x55b4ea25e531 <unknown>\n#11 0x55b4ea262455 <unknown>\n#12 0x55b4ea24af55 <unknown>\n#13 0x55b4ea2630ef <unknown>\n#14 0x55b4ea22e99f <unknown>\n#15 0x55b4ea287008 <unknown>\n#16 0x55b4ea2871d7 <unknown>\n#17 0x55b4ea299124 <unknown>\n#18 0x7fb17e694ac3 <unknown>","time":{"start":1704626484797,"stop":1704626488841,"duration":4044}},{"uid":"fa20c9dea7ac24c7","reportUrl":"https://robbrad.github.io/UKBinCollectionData/3.10/1426//#testresult/fa20c9dea7ac24c7","status":"failed","statusDetails":"selenium.common.exceptions.NoSuchElementException: Message: no such element: Unable to locate element: {\"method\":\"css selector\",\"selector\":\"[id=\"ContentPlaceHolderDefault_ctl13_nptLLPG2_25_addresslookup_txtTmpPostcode\"]\"}\n  (Session info: chrome-headless-shell=120.0.6099.109); For documentation on this error, please visit: https://www.selenium.dev/documentation/webdriver/troubleshooting/errors#no-such-element-exception\nStacktrace:\n#0 0x5613b6874f83 <unknown>\n#1 0x5613b652dcf7 <unknown>\n#2 0x5613b657d99e <unknown>\n#3 0x5613b657daa1 <unknown>\n#4 0x5613b65c8d64 <unknown>\n#5 0x5613b65a70dd <unknown>\n#6 0x5613b65c6006 <unknown>\n#7 0x5613b65a6e53 <unknown>\n#8 0x5613b656edd4 <unknown>\n#9 0x5613b65701de <unknown>\n#10 0x5613b6839531 <unknown>\n#11 0x5613b683d455 <unknown>\n#12 0x5613b6825f55 <unknown>\n#13 0x5613b683e0ef <unknown>\n#14 0x5613b680999f <unknown>\n#15 0x5613b6862008 <unknown>\n#16 0x5613b68621d7 <unknown>\n#17 0x5613b6874124 <unknown>\n#18 0x7fee9f294ac3 <unknown>","time":{"start":1704615483701,"stop":1704615488186,"duration":4485}},{"uid":"ceff50c6dbde6290","reportUrl":"https://robbrad.github.io/UKBinCollectionData/3.10/1423//#testresult/ceff50c6dbde6290","status":"failed","statusDetails":"selenium.common.exceptions.NoSuchElementException: Message: no such element: Unable to locate element: {\"method\":\"css selector\",\"selector\":\"[id=\"ContentPlaceHolderDefault_ctl13_nptLLPG2_25_addresslookup_txtTmpPostcode\"]\"}\n  (Session info: chrome-headless-shell=120.0.6099.109); For documentation on this error, please visit: https://www.selenium.dev/documentation/webdriver/troubleshooting/errors#no-such-element-exception\nStacktrace:\n#0 0x559815c3ff83 <unknown>\n#1 0x5598158f8cf7 <unknown>\n#2 0x55981594899e <unknown>\n#3 0x559815948aa1 <unknown>\n#4 0x559815993d64 <unknown>\n#5 0x5598159720dd <unknown>\n#6 0x559815991006 <unknown>\n#7 0x559815971e53 <unknown>\n#8 0x559815939dd4 <unknown>\n#9 0x55981593b1de <unknown>\n#10 0x559815c04531 <unknown>\n#11 0x559815c08455 <unknown>\n#12 0x559815bf0f55 <unknown>\n#13 0x559815c090ef <unknown>\n#14 0x559815bd499f <unknown>\n#15 0x559815c2d008 <unknown>\n#16 0x559815c2d1d7 <unknown>\n#17 0x559815c3f124 <unknown>\n#18 0x7fe4ec294ac3 <unknown>","time":{"start":1704614807482,"stop":1704614810595,"duration":3113}},{"uid":"c80225cc8d0c1e78","reportUrl":"https://robbrad.github.io/UKBinCollectionData/3.10/1421//#testresult/c80225cc8d0c1e78","status":"failed","statusDetails":"selenium.common.exceptions.NoSuchElementException: Message: no such element: Unable to locate element: {\"method\":\"css selector\",\"selector\":\"[id=\"ContentPlaceHolderDefault_ctl13_nptLLPG2_25_addresslookup_txtTmpPostcode\"]\"}\n  (Session info: chrome=120.0.6099.109); For documentation on this error, please visit: https://www.selenium.dev/documentation/webdriver/troubleshooting/errors#no-such-element-exception\nStacktrace:\n#0 0x562fb1fbef83 <unknown>\n#1 0x562fb1c77cf7 <unknown>\n#2 0x562fb1cc799e <unknown>\n#3 0x562fb1cc7aa1 <unknown>\n#4 0x562fb1d12d64 <unknown>\n#5 0x562fb1cf10dd <unknown>\n#6 0x562fb1d10006 <unknown>\n#7 0x562fb1cf0e53 <unknown>\n#8 0x562fb1cb8dd4 <unknown>\n#9 0x562fb1cba1de <unknown>\n#10 0x562fb1f83531 <unknown>\n#11 0x562fb1f87455 <unknown>\n#12 0x562fb1f6ff55 <unknown>\n#13 0x562fb1f880ef <unknown>\n#14 0x562fb1f5399f <unknown>\n#15 0x562fb1fac008 <unknown>\n#16 0x562fb1fac1d7 <unknown>\n#17 0x562fb1fbe124 <unknown>\n#18 0x7f995a694ac3 <unknown>","time":{"start":1704614255093,"stop":1704614260278,"duration":5185}},{"uid":"9cab22eb614965be","reportUrl":"https://robbrad.github.io/UKBinCollectionData/3.10/1420//#testresult/9cab22eb614965be","status":"failed","statusDetails":"selenium.common.exceptions.NoSuchElementException: Message: no such element: Unable to locate element: {\"method\":\"css selector\",\"selector\":\"[id=\"ContentPlaceHolderDefault_ctl13_nptLLPG2_25_addresslookup_txtTmpPostcode\"]\"}\n  (Session info: chrome-headless-shell=120.0.6099.109); For documentation on this error, please visit: https://www.selenium.dev/documentation/webdriver/troubleshooting/errors#no-such-element-exception\nStacktrace:\n#0 0x55ff6d52ef83 <unknown>\n#1 0x55ff6d1e7cf7 <unknown>\n#2 0x55ff6d23799e <unknown>\n#3 0x55ff6d237aa1 <unknown>\n#4 0x55ff6d282d64 <unknown>\n#5 0x55ff6d2610dd <unknown>\n#6 0x55ff6d280006 <unknown>\n#7 0x55ff6d260e53 <unknown>\n#8 0x55ff6d228dd4 <unknown>\n#9 0x55ff6d22a1de <unknown>\n#10 0x55ff6d4f3531 <unknown>\n#11 0x55ff6d4f7455 <unknown>\n#12 0x55ff6d4dff55 <unknown>\n#13 0x55ff6d4f80ef <unknown>\n#14 0x55ff6d4c399f <unknown>\n#15 0x55ff6d51c008 <unknown>\n#16 0x55ff6d51c1d7 <unknown>\n#17 0x55ff6d52e124 <unknown>\n#18 0x7f1213c94ac3 <unknown>","time":{"start":1704587530988,"stop":1704587534225,"duration":3237}},{"uid":"b31f3b96d1a14ced","reportUrl":"https://robbrad.github.io/UKBinCollectionData/3.10/1413//#testresult/b31f3b96d1a14ced","status":"failed","statusDetails":"selenium.common.exceptions.NoSuchElementException: Message: no such element: Unable to locate element: {\"method\":\"css selector\",\"selector\":\"[id=\"ContentPlaceHolderDefault_ctl13_nptLLPG2_25_addresslookup_txtTmpPostcode\"]\"}\n  (Session info: chrome-headless-shell=120.0.6099.109); For documentation on this error, please visit: https://www.selenium.dev/documentation/webdriver/troubleshooting/errors#no-such-element-exception\nStacktrace:\n#0 0x558810c6ff83 <unknown>\n#1 0x558810928cf7 <unknown>\n#2 0x55881097899e <unknown>\n#3 0x558810978aa1 <unknown>\n#4 0x5588109c3d64 <unknown>\n#5 0x5588109a20dd <unknown>\n#6 0x5588109c1006 <unknown>\n#7 0x5588109a1e53 <unknown>\n#8 0x558810969dd4 <unknown>\n#9 0x55881096b1de <unknown>\n#10 0x558810c34531 <unknown>\n#11 0x558810c38455 <unknown>\n#12 0x558810c20f55 <unknown>\n#13 0x558810c390ef <unknown>\n#14 0x558810c0499f <unknown>\n#15 0x558810c5d008 <unknown>\n#16 0x558810c5d1d7 <unknown>\n#17 0x558810c6f124 <unknown>\n#18 0x7f0bef294ac3 <unknown>","time":{"start":1704542787427,"stop":1704542791818,"duration":4391}},{"uid":"56c5d53140cb4099","reportUrl":"https://robbrad.github.io/UKBinCollectionData/3.10/1408//#testresult/56c5d53140cb4099","status":"failed","statusDetails":"selenium.common.exceptions.NoSuchElementException: Message: no such element: Unable to locate element: {\"method\":\"css selector\",\"selector\":\"[id=\"ContentPlaceHolderDefault_ctl13_nptLLPG2_25_addresslookup_txtTmpPostcode\"]\"}\n  (Session info: chrome-headless-shell=120.0.6099.109); For documentation on this error, please visit: https://www.selenium.dev/documentation/webdriver/troubleshooting/errors#no-such-element-exception\nStacktrace:\n#0 0x563f591ddf83 <unknown>\n#1 0x563f58e96cf7 <unknown>\n#2 0x563f58ee699e <unknown>\n#3 0x563f58ee6aa1 <unknown>\n#4 0x563f58f31d64 <unknown>\n#5 0x563f58f100dd <unknown>\n#6 0x563f58f2f006 <unknown>\n#7 0x563f58f0fe53 <unknown>\n#8 0x563f58ed7dd4 <unknown>\n#9 0x563f58ed91de <unknown>\n#10 0x563f591a2531 <unknown>\n#11 0x563f591a6455 <unknown>\n#12 0x563f5918ef55 <unknown>\n#13 0x563f591a70ef <unknown>\n#14 0x563f5917299f <unknown>\n#15 0x563f591cb008 <unknown>\n#16 0x563f591cb1d7 <unknown>\n#17 0x563f591dd124 <unknown>\n#18 0x7f5d67694ac3 <unknown>","time":{"start":1704496274107,"stop":1704496278722,"duration":4615}},{"uid":"2a601a5ba0a7d7f0","reportUrl":"https://robbrad.github.io/UKBinCollectionData/3.10/1406//#testresult/2a601a5ba0a7d7f0","status":"failed","statusDetails":"selenium.common.exceptions.NoSuchElementException: Message: no such element: Unable to locate element: {\"method\":\"css selector\",\"selector\":\"[id=\"ContentPlaceHolderDefault_ctl13_nptLLPG2_25_addresslookup_txtTmpPostcode\"]\"}\n  (Session info: chrome-headless-shell=120.0.6099.109); For documentation on this error, please visit: https://www.selenium.dev/documentation/webdriver/troubleshooting/errors#no-such-element-exception\nStacktrace:\n#0 0x55ab4b3c5f83 <unknown>\n#1 0x55ab4b07ecf7 <unknown>\n#2 0x55ab4b0ce99e <unknown>\n#3 0x55ab4b0ceaa1 <unknown>\n#4 0x55ab4b119d64 <unknown>\n#5 0x55ab4b0f80dd <unknown>\n#6 0x55ab4b117006 <unknown>\n#7 0x55ab4b0f7e53 <unknown>\n#8 0x55ab4b0bfdd4 <unknown>\n#9 0x55ab4b0c11de <unknown>\n#10 0x55ab4b38a531 <unknown>\n#11 0x55ab4b38e455 <unknown>\n#12 0x55ab4b376f55 <unknown>\n#13 0x55ab4b38f0ef <unknown>\n#14 0x55ab4b35a99f <unknown>\n#15 0x55ab4b3b3008 <unknown>\n#16 0x55ab4b3b31d7 <unknown>\n#17 0x55ab4b3c5124 <unknown>\n#18 0x7fcb02a94ac3 <unknown>","time":{"start":1704453457588,"stop":1704453461442,"duration":3854}},{"uid":"275ec6410e79c854","reportUrl":"https://robbrad.github.io/UKBinCollectionData/3.10/1407//#testresult/275ec6410e79c854","status":"failed","statusDetails":"selenium.common.exceptions.NoSuchElementException: Message: no such element: Unable to locate element: {\"method\":\"css selector\",\"selector\":\"[id=\"ContentPlaceHolderDefault_ctl13_nptLLPG2_25_addresslookup_txtTmpPostcode\"]\"}\n  (Session info: chrome-headless-shell=120.0.6099.109); For documentation on this error, please visit: https://www.selenium.dev/documentation/webdriver/troubleshooting/errors#no-such-element-exception\nStacktrace:\n#0 0x563653d02f83 <unknown>\n#1 0x5636539bbcf7 <unknown>\n#2 0x563653a0b99e <unknown>\n#3 0x563653a0baa1 <unknown>\n#4 0x563653a56d64 <unknown>\n#5 0x563653a350dd <unknown>\n#6 0x563653a54006 <unknown>\n#7 0x563653a34e53 <unknown>\n#8 0x5636539fcdd4 <unknown>\n#9 0x5636539fe1de <unknown>\n#10 0x563653cc7531 <unknown>\n#11 0x563653ccb455 <unknown>\n#12 0x563653cb3f55 <unknown>\n#13 0x563653ccc0ef <unknown>\n#14 0x563653c9799f <unknown>\n#15 0x563653cf0008 <unknown>\n#16 0x563653cf01d7 <unknown>\n#17 0x563653d02124 <unknown>\n#18 0x7f3507894ac3 <unknown>","time":{"start":1704453463792,"stop":1704453467419,"duration":3627}},{"uid":"bac8ff6b70e521ee","reportUrl":"https://robbrad.github.io/UKBinCollectionData/3.10/1405//#testresult/bac8ff6b70e521ee","status":"failed","statusDetails":"selenium.common.exceptions.NoSuchElementException: Message: no such element: Unable to locate element: {\"method\":\"css selector\",\"selector\":\"[id=\"ContentPlaceHolderDefault_ctl13_nptLLPG2_25_addresslookup_txtTmpPostcode\"]\"}\n  (Session info: chrome-headless-shell=120.0.6099.109); For documentation on this error, please visit: https://www.selenium.dev/documentation/webdriver/troubleshooting/errors#no-such-element-exception\nStacktrace:\n#0 0x55be34b18f83 <unknown>\n#1 0x55be347d1cf7 <unknown>\n#2 0x55be3482199e <unknown>\n#3 0x55be34821aa1 <unknown>\n#4 0x55be3486cd64 <unknown>\n#5 0x55be3484b0dd <unknown>\n#6 0x55be3486a006 <unknown>\n#7 0x55be3484ae53 <unknown>\n#8 0x55be34812dd4 <unknown>\n#9 0x55be348141de <unknown>\n#10 0x55be34add531 <unknown>\n#11 0x55be34ae1455 <unknown>\n#12 0x55be34ac9f55 <unknown>\n#13 0x55be34ae20ef <unknown>\n#14 0x55be34aad99f <unknown>\n#15 0x55be34b06008 <unknown>\n#16 0x55be34b061d7 <unknown>\n#17 0x55be34b18124 <unknown>\n#18 0x7f29fd294ac3 <unknown>","time":{"start":1704452663990,"stop":1704452666605,"duration":2615}}]},"tags":[]},"source":"eb7b9c6983b1038b.json","parameterValues":["NeathPortTalbotCouncil","local","http://selenium:4444"]}