{"uid":"542e9f068e40327e","name":"Validate Council Output [RenfrewshireCouncil]","fullName":"features/validate_council_outputs.feature:Validate Council Output","historyId":"21c77c05ec171f4a60a68c21bf3d0b55","time":{"start":1727137611524,"stop":1727137632727,"duration":21203},"status":"failed","statusMessage":"selenium.common.exceptions.TimeoutException: Message: \nStacktrace:\n#0 0x5648adcad13a <unknown>\n#1 0x5648ad9935e0 <unknown>\n#2 0x5648ad9e2be8 <unknown>\n#3 0x5648ad9e2e81 <unknown>\n#4 0x5648ada298c4 <unknown>\n#5 0x5648ada07b4d <unknown>\n#6 0x5648ada26d7d <unknown>\n#7 0x5648ada078c3 <unknown>\n#8 0x5648ad9d56b3 <unknown>\n#9 0x5648ad9d668e <unknown>\n#10 0x5648adc77b3b <unknown>\n#11 0x5648adc7bac1 <unknown>\n#12 0x5648adc64335 <unknown>\n#13 0x5648adc7c642 <unknown>\n#14 0x5648adc4949f <unknown>\n#15 0x5648adc9c038 <unknown>\n#16 0x5648adc9c203 <unknown>\n#17 0x5648adcabf8c <unknown>\n#18 0x7f2758c02a94 <unknown>\n#19 0x7f2758c8fa34 __clone","statusTrace":"fixturefunc = <function scrape_step at 0x7f7ea200ba60>\nrequest = <FixtureRequest for <Function test_scenario_outline[RenfrewshireCouncil]>>\nkwargs = {'context': <test_validate_council.Context object at 0x7f7ea2d77d70>, 'headless_mode': 'True', 'local_browser': 'False', 'selenium_url': 'http://localhost:4444'}\n\n    def call_fixture_func(\n        fixturefunc: _FixtureFunc[FixtureValue], request: FixtureRequest, kwargs\n    ) -> FixtureValue:\n        if is_generator(fixturefunc):\n            fixturefunc = cast(\n                Callable[..., Generator[FixtureValue, None, None]], fixturefunc\n            )\n            generator = fixturefunc(**kwargs)\n            try:\n                fixture_result = next(generator)\n            except StopIteration:\n                raise ValueError(f\"{request.fixturename} did not yield a value\") from None\n            finalizer = functools.partial(_teardown_yield_fixture, fixturefunc, generator)\n            request.addfinalizer(finalizer)\n        else:\n            fixturefunc = cast(Callable[..., FixtureValue], fixturefunc)\n>           fixture_result = fixturefunc(**kwargs)\n\n../../../.cache/pypoetry/virtualenvs/uk-bin-collection-EwS6Gn8s-py3.12/lib/python3.12/site-packages/_pytest/fixtures.py:898: \n_ _ _ _ _ _ _ _ _ _ _ _ _ _ _ _ _ _ _ _ _ _ _ _ _ _ _ _ _ _ _ _ _ _ _ _ _ _ _ _ \nuk_bin_collection/tests/step_defs/test_validate_council.py:100: in scrape_step\n    context.parse_result = CollectData.run()\nuk_bin_collection/uk_bin_collection/collect_data.py:101: in run\n    return self.client_code(\nuk_bin_collection/uk_bin_collection/collect_data.py:121: in client_code\n    return get_bin_data_class.template_method(address_url, **kwargs)\nuk_bin_collection/uk_bin_collection/get_bin_data.py:61: in template_method\n    bin_data_dict = self.get_and_parse_data(this_url, **kwargs)\nuk_bin_collection/uk_bin_collection/get_bin_data.py:84: in get_and_parse_data\n    bin_data_dict = self.parse_data(\"\", url=address_url, **kwargs)\nuk_bin_collection/uk_bin_collection/councils/RenfrewshireCouncil.py:57: in parse_data\n    WebDriverWait(driver, 10).until(\n_ _ _ _ _ _ _ _ _ _ _ _ _ _ _ _ _ _ _ _ _ _ _ _ _ _ _ _ _ _ _ _ _ _ _ _ _ _ _ _ \n\nself = <selenium.webdriver.support.wait.WebDriverWait (session=\"d20e75ba69fc48b27197c8412480ccfd\")>\nmethod = <function element_to_be_clickable.<locals>._predicate at 0x7f7ea1cdfce0>\nmessage = ''\n\n    def until(self, method: Callable[[D], Union[Literal[False], T]], message: str = \"\") -> T:\n        \"\"\"Calls the method provided with the driver as an argument until the \\\n        return value does not evaluate to ``False``.\n    \n        :param method: callable(WebDriver)\n        :param message: optional message for :exc:`TimeoutException`\n        :returns: the result of the last call to `method`\n        :raises: :exc:`selenium.common.exceptions.TimeoutException` if timeout occurs\n        \"\"\"\n        screen = None\n        stacktrace = None\n    \n        end_time = time.monotonic() + self._timeout\n        while True:\n            try:\n                value = method(self._driver)\n                if value:\n                    return value\n            except self._ignored_exceptions as exc:\n                screen = getattr(exc, \"screen\", None)\n                stacktrace = getattr(exc, \"stacktrace\", None)\n            time.sleep(self._poll)\n            if time.monotonic() > end_time:\n                break\n>       raise TimeoutException(message, screen, stacktrace)\nE       selenium.common.exceptions.TimeoutException: Message: \nE       Stacktrace:\nE       #0 0x5648adcad13a <unknown>\nE       #1 0x5648ad9935e0 <unknown>\nE       #2 0x5648ad9e2be8 <unknown>\nE       #3 0x5648ad9e2e81 <unknown>\nE       #4 0x5648ada298c4 <unknown>\nE       #5 0x5648ada07b4d <unknown>\nE       #6 0x5648ada26d7d <unknown>\nE       #7 0x5648ada078c3 <unknown>\nE       #8 0x5648ad9d56b3 <unknown>\nE       #9 0x5648ad9d668e <unknown>\nE       #10 0x5648adc77b3b <unknown>\nE       #11 0x5648adc7bac1 <unknown>\nE       #12 0x5648adc64335 <unknown>\nE       #13 0x5648adc7c642 <unknown>\nE       #14 0x5648adc4949f <unknown>\nE       #15 0x5648adc9c038 <unknown>\nE       #16 0x5648adc9c203 <unknown>\nE       #17 0x5648adcabf8c <unknown>\nE       #18 0x7f2758c02a94 <unknown>\nE       #19 0x7f2758c8fa34 __clone\n\n../../../.cache/pypoetry/virtualenvs/uk-bin-collection-EwS6Gn8s-py3.12/lib/python3.12/site-packages/selenium/webdriver/support/wait.py:105: TimeoutException","flaky":true,"newFailed":true,"newBroken":false,"newPassed":false,"retriesCount":0,"retriesStatusChange":false,"beforeStages":[],"testStage":{"status":"failed","statusMessage":"selenium.common.exceptions.TimeoutException: Message: \nStacktrace:\n#0 0x5648adcad13a <unknown>\n#1 0x5648ad9935e0 <unknown>\n#2 0x5648ad9e2be8 <unknown>\n#3 0x5648ad9e2e81 <unknown>\n#4 0x5648ada298c4 <unknown>\n#5 0x5648ada07b4d <unknown>\n#6 0x5648ada26d7d <unknown>\n#7 0x5648ada078c3 <unknown>\n#8 0x5648ad9d56b3 <unknown>\n#9 0x5648ad9d668e <unknown>\n#10 0x5648adc77b3b <unknown>\n#11 0x5648adc7bac1 <unknown>\n#12 0x5648adc64335 <unknown>\n#13 0x5648adc7c642 <unknown>\n#14 0x5648adc4949f <unknown>\n#15 0x5648adc9c038 <unknown>\n#16 0x5648adc9c203 <unknown>\n#17 0x5648adcabf8c <unknown>\n#18 0x7f2758c02a94 <unknown>\n#19 0x7f2758c8fa34 __clone","statusTrace":"fixturefunc = <function scrape_step at 0x7f7ea200ba60>\nrequest = <FixtureRequest for <Function test_scenario_outline[RenfrewshireCouncil]>>\nkwargs = {'context': <test_validate_council.Context object at 0x7f7ea2d77d70>, 'headless_mode': 'True', 'local_browser': 'False', 'selenium_url': 'http://localhost:4444'}\n\n    def call_fixture_func(\n        fixturefunc: _FixtureFunc[FixtureValue], request: FixtureRequest, kwargs\n    ) -> FixtureValue:\n        if is_generator(fixturefunc):\n            fixturefunc = cast(\n                Callable[..., Generator[FixtureValue, None, None]], fixturefunc\n            )\n            generator = fixturefunc(**kwargs)\n            try:\n                fixture_result = next(generator)\n            except StopIteration:\n                raise ValueError(f\"{request.fixturename} did not yield a value\") from None\n            finalizer = functools.partial(_teardown_yield_fixture, fixturefunc, generator)\n            request.addfinalizer(finalizer)\n        else:\n            fixturefunc = cast(Callable[..., FixtureValue], fixturefunc)\n>           fixture_result = fixturefunc(**kwargs)\n\n../../../.cache/pypoetry/virtualenvs/uk-bin-collection-EwS6Gn8s-py3.12/lib/python3.12/site-packages/_pytest/fixtures.py:898: \n_ _ _ _ _ _ _ _ _ _ _ _ _ _ _ _ _ _ _ _ _ _ _ _ _ _ _ _ _ _ _ _ _ _ _ _ _ _ _ _ \nuk_bin_collection/tests/step_defs/test_validate_council.py:100: in scrape_step\n    context.parse_result = CollectData.run()\nuk_bin_collection/uk_bin_collection/collect_data.py:101: in run\n    return self.client_code(\nuk_bin_collection/uk_bin_collection/collect_data.py:121: in client_code\n    return get_bin_data_class.template_method(address_url, **kwargs)\nuk_bin_collection/uk_bin_collection/get_bin_data.py:61: in template_method\n    bin_data_dict = self.get_and_parse_data(this_url, **kwargs)\nuk_bin_collection/uk_bin_collection/get_bin_data.py:84: in get_and_parse_data\n    bin_data_dict = self.parse_data(\"\", url=address_url, **kwargs)\nuk_bin_collection/uk_bin_collection/councils/RenfrewshireCouncil.py:57: in parse_data\n    WebDriverWait(driver, 10).until(\n_ _ _ _ _ _ _ _ _ _ _ _ _ _ _ _ _ _ _ _ _ _ _ _ _ _ _ _ _ _ _ _ _ _ _ _ _ _ _ _ \n\nself = <selenium.webdriver.support.wait.WebDriverWait (session=\"d20e75ba69fc48b27197c8412480ccfd\")>\nmethod = <function element_to_be_clickable.<locals>._predicate at 0x7f7ea1cdfce0>\nmessage = ''\n\n    def until(self, method: Callable[[D], Union[Literal[False], T]], message: str = \"\") -> T:\n        \"\"\"Calls the method provided with the driver as an argument until the \\\n        return value does not evaluate to ``False``.\n    \n        :param method: callable(WebDriver)\n        :param message: optional message for :exc:`TimeoutException`\n        :returns: the result of the last call to `method`\n        :raises: :exc:`selenium.common.exceptions.TimeoutException` if timeout occurs\n        \"\"\"\n        screen = None\n        stacktrace = None\n    \n        end_time = time.monotonic() + self._timeout\n        while True:\n            try:\n                value = method(self._driver)\n                if value:\n                    return value\n            except self._ignored_exceptions as exc:\n                screen = getattr(exc, \"screen\", None)\n                stacktrace = getattr(exc, \"stacktrace\", None)\n            time.sleep(self._poll)\n            if time.monotonic() > end_time:\n                break\n>       raise TimeoutException(message, screen, stacktrace)\nE       selenium.common.exceptions.TimeoutException: Message: \nE       Stacktrace:\nE       #0 0x5648adcad13a <unknown>\nE       #1 0x5648ad9935e0 <unknown>\nE       #2 0x5648ad9e2be8 <unknown>\nE       #3 0x5648ad9e2e81 <unknown>\nE       #4 0x5648ada298c4 <unknown>\nE       #5 0x5648ada07b4d <unknown>\nE       #6 0x5648ada26d7d <unknown>\nE       #7 0x5648ada078c3 <unknown>\nE       #8 0x5648ad9d56b3 <unknown>\nE       #9 0x5648ad9d668e <unknown>\nE       #10 0x5648adc77b3b <unknown>\nE       #11 0x5648adc7bac1 <unknown>\nE       #12 0x5648adc64335 <unknown>\nE       #13 0x5648adc7c642 <unknown>\nE       #14 0x5648adc4949f <unknown>\nE       #15 0x5648adc9c038 <unknown>\nE       #16 0x5648adc9c203 <unknown>\nE       #17 0x5648adcabf8c <unknown>\nE       #18 0x7f2758c02a94 <unknown>\nE       #19 0x7f2758c8fa34 __clone\n\n../../../.cache/pypoetry/virtualenvs/uk-bin-collection-EwS6Gn8s-py3.12/lib/python3.12/site-packages/selenium/webdriver/support/wait.py:105: TimeoutException","steps":[{"name":"Given the council","time":{"start":1727137611524,"stop":1727137611525,"duration":1},"status":"passed","steps":[],"attachments":[],"parameters":[],"shouldDisplayMessage":false,"stepsCount":0,"attachmentsCount":0,"hasContent":false,"attachmentStep":false},{"name":"When we scrape the data from the council","time":{"start":1727137611525,"stop":1727137632727,"duration":21202},"status":"failed","statusMessage":"Message: \nStacktrace:\n#0 0x5648adcad13a <unknown>\n#1 0x5648ad9935e0 <unknown>\n#2 0x5648ad9e2be8 <unknown>\n#3 0x5648ad9e2e81 <unknown>\n#4 0x5648ada298c4 <unknown>\n#5 0x5648ada07b4d <unknown>\n#6 0x5648ada26d7d <unknown>\n#7 0x5648ada078c3 <unknown>\n#8 0x5648ad9d56b3 <unknown>\n#9 0x5648ad9d668e <unknown>\n#10 0x5648adc77b3b <unknown>\n#11 0x5648adc7bac1 <unknown>\n#12 0x5648adc64335 <unknown>\n#13 0x5648adc7c642 <unknown>\n#14 0x5648adc4949f <unknown>\n#15 0x5648adc9c038 <unknown>\n#16 0x5648adc9c203 <unknown>\n#17 0x5648adcabf8c <unknown>\n#18 0x7f2758c02a94 <unknown>\n#19 0x7f2758c8fa34 __clone\n","statusTrace":"selenium.common.exceptions.TimeoutException: Message: \nStacktrace:\n#0 0x5648adcad13a <unknown>\n#1 0x5648ad9935e0 <unknown>\n#2 0x5648ad9e2be8 <unknown>\n#3 0x5648ad9e2e81 <unknown>\n#4 0x5648ada298c4 <unknown>\n#5 0x5648ada07b4d <unknown>\n#6 0x5648ada26d7d <unknown>\n#7 0x5648ada078c3 <unknown>\n#8 0x5648ad9d56b3 <unknown>\n#9 0x5648ad9d668e <unknown>\n#10 0x5648adc77b3b <unknown>\n#11 0x5648adc7bac1 <unknown>\n#12 0x5648adc64335 <unknown>\n#13 0x5648adc7c642 <unknown>\n#14 0x5648adc4949f <unknown>\n#15 0x5648adc9c038 <unknown>\n#16 0x5648adc9c203 <unknown>\n#17 0x5648adcabf8c <unknown>\n#18 0x7f2758c02a94 <unknown>\n#19 0x7f2758c8fa34 __clone\n\n","steps":[],"attachments":[],"parameters":[],"shouldDisplayMessage":true,"stepsCount":0,"attachmentsCount":0,"hasContent":true,"attachmentStep":false}],"attachments":[{"uid":"8be1fd1060c99650","name":"stdout","source":"8be1fd1060c99650.txt","type":"text/plain","size":656}],"parameters":[],"shouldDisplayMessage":true,"stepsCount":2,"attachmentsCount":1,"hasContent":true,"attachmentStep":false},"afterStages":[],"labels":[{"name":"host","value":"fv-az1501-214"},{"name":"thread","value":"2843-MainThread"},{"name":"framework","value":"pytest-bdd"},{"name":"language","value":"cpython3"},{"name":"feature","value":"Test each council output matches expected results"},{"name":"resultFormat","value":"allure2"}],"parameters":[{"name":"council","value":"RenfrewshireCouncil"}],"links":[],"hidden":false,"retry":false,"extra":{"severity":"normal","retries":[],"categories":[{"name":"Product defects","matchedStatuses":[],"flaky":false}],"history":{"statistic":{"failed":47,"broken":0,"skipped":0,"passed":102,"unknown":0,"total":149},"items":[{"uid":"39b0db9b45cc5762","reportUrl":"https://robbrad.github.io/UKBinCollectionData/3.12/2126//#testresult/39b0db9b45cc5762","status":"passed","time":{"start":1727051284271,"stop":1727051309963,"duration":25692}},{"uid":"7f3ae22f7f330c53","reportUrl":"https://robbrad.github.io/UKBinCollectionData/3.12/2125//#testresult/7f3ae22f7f330c53","status":"passed","time":{"start":1726965074493,"stop":1726965134185,"duration":59692}},{"uid":"3ee4d7ba116e138a","reportUrl":"https://robbrad.github.io/UKBinCollectionData/3.12/2124//#testresult/3ee4d7ba116e138a","status":"failed","statusDetails":"selenium.common.exceptions.ElementClickInterceptedException: Message: element click intercepted: Element is not clickable at point (1142, 1033)\n  (Session info: chrome=128.0.6613.119)\nStacktrace:\n#0 0x5577b004886a <unknown>\n#1 0x5577afd16e50 <unknown>\n#2 0x5577afd6d346 <unknown>\n#3 0x5577afd6b25d <unknown>\n#4 0x5577afd68cf7 <unknown>\n#5 0x5577afd67b9c <unknown>\n#6 0x5577afd5b4d6 <unknown>\n#7 0x5577afd8b492 <unknown>\n#8 0x5577afd5ae89 <unknown>\n#9 0x5577afd8b65e <unknown>\n#10 0x5577afda99c6 <unknown>\n#11 0x5577afd8b233 <unknown>\n#12 0x5577afd59093 <unknown>\n#13 0x5577afd5a09e <unknown>\n#14 0x5577b000facb <unknown>\n#15 0x5577b0013a81 <unknown>\n#16 0x5577afffb695 <unknown>\n#17 0x5577b00145f2 <unknown>\n#18 0x5577affe086f <unknown>\n#19 0x5577b0037668 <unknown>\n#20 0x5577b0037832 <unknown>\n#21 0x5577b004765c <unknown>\n#22 0x7fa9c26b5a94 <unknown>\n#23 0x7fa9c2742a34 __clone","time":{"start":1726878495845,"stop":1726878515836,"duration":19991}},{"uid":"b6c111192c0db94f","reportUrl":"https://robbrad.github.io/UKBinCollectionData/3.12/2123//#testresult/b6c111192c0db94f","status":"passed","time":{"start":1726792377840,"stop":1726792395937,"duration":18097}},{"uid":"1916f1d951f0580f","reportUrl":"https://robbrad.github.io/UKBinCollectionData/3.12/2122//#testresult/1916f1d951f0580f","status":"passed","time":{"start":1726705841079,"stop":1726705921341,"duration":80262}},{"uid":"5f92f68174f874be","reportUrl":"https://robbrad.github.io/UKBinCollectionData/3.12/2121//#testresult/5f92f68174f874be","status":"failed","statusDetails":"selenium.common.exceptions.SessionNotCreatedException: Message: Could not start a new session. New session request timed out \nHost info: host: 'selenium', ip: '172.18.0.2'\nBuild info: version: '4.24.0', revision: '748ffc9bc3'\nSystem info: os.name: 'Linux', os.arch: 'amd64', os.version: '6.5.0-1025-azure', java.version: '17.0.12'\nDriver info: driver.version: unknown\nStacktrace:\n    at org.openqa.selenium.grid.sessionqueue.local.LocalNewSessionQueue.addToQueue (LocalNewSessionQueue.java:221)\n    at org.openqa.selenium.grid.sessionqueue.NewSessionQueue.lambda$new$0 (NewSessionQueue.java:68)\n    at org.openqa.selenium.remote.http.Route$TemplatizedRoute.handle (Route.java:192)\n    at org.openqa.selenium.remote.http.Route.execute (Route.java:69)\n    at org.openqa.selenium.remote.http.Route$CombinedRoute.handle (Route.java:360)\n    at org.openqa.selenium.remote.http.Route.execute (Route.java:69)\n    at org.openqa.selenium.grid.sessionqueue.NewSessionQueue.execute (NewSessionQueue.java:128)\n    at org.openqa.selenium.remote.tracing.SpanWrappedHttpHandler.execute (SpanWrappedHttpHandler.java:87)\n    at org.openqa.selenium.remote.http.Filter$1.execute (Filter.java:63)\n    at org.openqa.selenium.remote.http.Route$CombinedRoute.handle (Route.java:360)\n    at org.openqa.selenium.remote.http.Route.execute (Route.java:69)\n    at org.openqa.selenium.grid.router.Router.execute (Router.java:87)\n    at org.openqa.selenium.grid.web.EnsureSpecCompliantResponseHeaders.lambda$apply$0 (EnsureSpecCompliantResponseHeaders.java:34)\n    at org.openqa.selenium.remote.http.Filter$1.execute (Filter.java:63)\n    at org.openqa.selenium.remote.http.Route$CombinedRoute.handle (Route.java:360)\n    at org.openqa.selenium.remote.http.Route.execute (Route.java:69)\n    at org.openqa.selenium.remote.AddWebDriverSpecHeaders.lambda$apply$0 (AddWebDriverSpecHeaders.java:35)\n    at org.openqa.selenium.remote.ErrorFilter.lambda$apply$0 (ErrorFilter.java:44)\n    at org.openqa.selenium.remote.http.Filter$1.execute (Filter.java:63)\n    at org.openqa.selenium.remote.ErrorFilter.lambda$apply$0 (ErrorFilter.java:44)\n    at org.openqa.selenium.remote.http.Filter$1.execute (Filter.java:63)\n    at org.openqa.selenium.netty.server.SeleniumHandler.lambda$channelRead0$0 (SeleniumHandler.java:44)\n    at java.util.concurrent.Executors$RunnableAdapter.call (Executors.java:539)\n    at java.util.concurrent.FutureTask.run (FutureTask.java:264)\n    at java.util.concurrent.ThreadPoolExecutor.runWorker (ThreadPoolExecutor.java:1136)\n    at java.util.concurrent.ThreadPoolExecutor$Worker.run (ThreadPoolExecutor.java:635)\n    at java.lang.Thread.run (Thread.java:840)","time":{"start":1726619161927,"stop":1726619461982,"duration":300055}},{"uid":"82247b80ce373805","reportUrl":"https://robbrad.github.io/UKBinCollectionData/3.12/2120//#testresult/82247b80ce373805","status":"passed","time":{"start":1726532800572,"stop":1726532806718,"duration":6146}},{"uid":"5d3c8afae1118f27","reportUrl":"https://robbrad.github.io/UKBinCollectionData/3.12/2116//#testresult/5d3c8afae1118f27","status":"passed","time":{"start":1726446734776,"stop":1726446795518,"duration":60742}},{"uid":"801eabe503fab1db","reportUrl":"https://robbrad.github.io/UKBinCollectionData/3.12/2115//#testresult/801eabe503fab1db","status":"passed","time":{"start":1726359914502,"stop":1726359953955,"duration":39453}},{"uid":"850bacbdbd94a246","reportUrl":"https://robbrad.github.io/UKBinCollectionData/3.12/2114//#testresult/850bacbdbd94a246","status":"passed","time":{"start":1726273719840,"stop":1726273766086,"duration":46246}},{"uid":"cec23e20e20a8dcc","reportUrl":"https://robbrad.github.io/UKBinCollectionData/3.12/2113//#testresult/cec23e20e20a8dcc","status":"failed","statusDetails":"selenium.common.exceptions.SessionNotCreatedException: Message: Could not start a new session. New session request timed out \nHost info: host: 'selenium', ip: '172.18.0.2'\nBuild info: version: '4.24.0', revision: '748ffc9bc3'\nSystem info: os.name: 'Linux', os.arch: 'amd64', os.version: '6.5.0-1025-azure', java.version: '17.0.12'\nDriver info: driver.version: unknown\nStacktrace:\n    at org.openqa.selenium.grid.sessionqueue.local.LocalNewSessionQueue.addToQueue (LocalNewSessionQueue.java:221)\n    at org.openqa.selenium.grid.sessionqueue.NewSessionQueue.lambda$new$0 (NewSessionQueue.java:68)\n    at org.openqa.selenium.remote.http.Route$TemplatizedRoute.handle (Route.java:192)\n    at org.openqa.selenium.remote.http.Route.execute (Route.java:69)\n    at org.openqa.selenium.remote.http.Route$CombinedRoute.handle (Route.java:360)\n    at org.openqa.selenium.remote.http.Route.execute (Route.java:69)\n    at org.openqa.selenium.grid.sessionqueue.NewSessionQueue.execute (NewSessionQueue.java:128)\n    at org.openqa.selenium.remote.tracing.SpanWrappedHttpHandler.execute (SpanWrappedHttpHandler.java:87)\n    at org.openqa.selenium.remote.http.Filter$1.execute (Filter.java:63)\n    at org.openqa.selenium.remote.http.Route$CombinedRoute.handle (Route.java:360)\n    at org.openqa.selenium.remote.http.Route.execute (Route.java:69)\n    at org.openqa.selenium.grid.router.Router.execute (Router.java:87)\n    at org.openqa.selenium.grid.web.EnsureSpecCompliantResponseHeaders.lambda$apply$0 (EnsureSpecCompliantResponseHeaders.java:34)\n    at org.openqa.selenium.remote.http.Filter$1.execute (Filter.java:63)\n    at org.openqa.selenium.remote.http.Route$CombinedRoute.handle (Route.java:360)\n    at org.openqa.selenium.remote.http.Route.execute (Route.java:69)\n    at org.openqa.selenium.remote.AddWebDriverSpecHeaders.lambda$apply$0 (AddWebDriverSpecHeaders.java:35)\n    at org.openqa.selenium.remote.ErrorFilter.lambda$apply$0 (ErrorFilter.java:44)\n    at org.openqa.selenium.remote.http.Filter$1.execute (Filter.java:63)\n    at org.openqa.selenium.remote.ErrorFilter.lambda$apply$0 (ErrorFilter.java:44)\n    at org.openqa.selenium.remote.http.Filter$1.execute (Filter.java:63)\n    at org.openqa.selenium.netty.server.SeleniumHandler.lambda$channelRead0$0 (SeleniumHandler.java:44)\n    at java.util.concurrent.Executors$RunnableAdapter.call (Executors.java:539)\n    at java.util.concurrent.FutureTask.run (FutureTask.java:264)\n    at java.util.concurrent.ThreadPoolExecutor.runWorker (ThreadPoolExecutor.java:1136)\n    at java.util.concurrent.ThreadPoolExecutor$Worker.run (ThreadPoolExecutor.java:635)\n    at java.lang.Thread.run (Thread.java:840)","time":{"start":1726187187277,"stop":1726187487487,"duration":300210}},{"uid":"6693766574e69746","reportUrl":"https://robbrad.github.io/UKBinCollectionData/3.12/2112//#testresult/6693766574e69746","status":"passed","time":{"start":1726100813911,"stop":1726100850377,"duration":36466}},{"uid":"aa777b6cbab5c9e3","reportUrl":"https://robbrad.github.io/UKBinCollectionData/3.12/2111//#testresult/aa777b6cbab5c9e3","status":"passed","time":{"start":1726014431712,"stop":1726014482220,"duration":50508}},{"uid":"b50589c9dc548120","reportUrl":"https://robbrad.github.io/UKBinCollectionData/3.12/2109//#testresult/b50589c9dc548120","status":"failed","statusDetails":"selenium.common.exceptions.SessionNotCreatedException: Message: Could not start a new session. New session request timed out \nHost info: host: 'selenium', ip: '172.18.0.2'\nBuild info: version: '4.24.0', revision: '748ffc9bc3'\nSystem info: os.name: 'Linux', os.arch: 'amd64', os.version: '6.5.0-1025-azure', java.version: '17.0.12'\nDriver info: driver.version: unknown\nStacktrace:\n    at org.openqa.selenium.grid.sessionqueue.local.LocalNewSessionQueue.addToQueue (LocalNewSessionQueue.java:221)\n    at org.openqa.selenium.grid.sessionqueue.NewSessionQueue.lambda$new$0 (NewSessionQueue.java:68)\n    at org.openqa.selenium.remote.http.Route$TemplatizedRoute.handle (Route.java:192)\n    at org.openqa.selenium.remote.http.Route.execute (Route.java:69)\n    at org.openqa.selenium.remote.http.Route$CombinedRoute.handle (Route.java:360)\n    at org.openqa.selenium.remote.http.Route.execute (Route.java:69)\n    at org.openqa.selenium.grid.sessionqueue.NewSessionQueue.execute (NewSessionQueue.java:128)\n    at org.openqa.selenium.remote.tracing.SpanWrappedHttpHandler.execute (SpanWrappedHttpHandler.java:87)\n    at org.openqa.selenium.remote.http.Filter$1.execute (Filter.java:63)\n    at org.openqa.selenium.remote.http.Route$CombinedRoute.handle (Route.java:360)\n    at org.openqa.selenium.remote.http.Route.execute (Route.java:69)\n    at org.openqa.selenium.grid.router.Router.execute (Router.java:87)\n    at org.openqa.selenium.grid.web.EnsureSpecCompliantResponseHeaders.lambda$apply$0 (EnsureSpecCompliantResponseHeaders.java:34)\n    at org.openqa.selenium.remote.http.Filter$1.execute (Filter.java:63)\n    at org.openqa.selenium.remote.http.Route$CombinedRoute.handle (Route.java:360)\n    at org.openqa.selenium.remote.http.Route.execute (Route.java:69)\n    at org.openqa.selenium.remote.AddWebDriverSpecHeaders.lambda$apply$0 (AddWebDriverSpecHeaders.java:35)\n    at org.openqa.selenium.remote.ErrorFilter.lambda$apply$0 (ErrorFilter.java:44)\n    at org.openqa.selenium.remote.http.Filter$1.execute (Filter.java:63)\n    at org.openqa.selenium.remote.ErrorFilter.lambda$apply$0 (ErrorFilter.java:44)\n    at org.openqa.selenium.remote.http.Filter$1.execute (Filter.java:63)\n    at org.openqa.selenium.netty.server.SeleniumHandler.lambda$channelRead0$0 (SeleniumHandler.java:44)\n    at java.util.concurrent.Executors$RunnableAdapter.call (Executors.java:539)\n    at java.util.concurrent.FutureTask.run (FutureTask.java:264)\n    at java.util.concurrent.ThreadPoolExecutor.runWorker (ThreadPoolExecutor.java:1136)\n    at java.util.concurrent.ThreadPoolExecutor$Worker.run (ThreadPoolExecutor.java:635)\n    at java.lang.Thread.run (Thread.java:840)","time":{"start":1725956225741,"stop":1725956525872,"duration":300131}},{"uid":"54e0d7122977bf9e","reportUrl":"https://robbrad.github.io/UKBinCollectionData/3.12/2107//#testresult/54e0d7122977bf9e","status":"passed","time":{"start":1725927904270,"stop":1725927918387,"duration":14117}},{"uid":"6b6e71bb7e098d05","reportUrl":"https://robbrad.github.io/UKBinCollectionData/3.12/2095//#testresult/6b6e71bb7e098d05","status":"passed","time":{"start":1725841702945,"stop":1725841742476,"duration":39531}},{"uid":"8dd0a87459bb7801","reportUrl":"https://robbrad.github.io/UKBinCollectionData/3.12/2093//#testresult/8dd0a87459bb7801","status":"passed","time":{"start":1725755165750,"stop":1725755187339,"duration":21589}},{"uid":"d4f279d882be2576","reportUrl":"https://robbrad.github.io/UKBinCollectionData/3.12/2092//#testresult/d4f279d882be2576","status":"passed","time":{"start":1725669023165,"stop":1725669061592,"duration":38427}},{"uid":"b6e9dd42612977c6","reportUrl":"https://robbrad.github.io/UKBinCollectionData/3.12/2088//#testresult/b6e9dd42612977c6","status":"passed","time":{"start":1725582348290,"stop":1725582370458,"duration":22168}},{"uid":"e12b1fe024d0ecf5","reportUrl":"https://robbrad.github.io/UKBinCollectionData/3.12/2086//#testresult/e12b1fe024d0ecf5","status":"passed","time":{"start":1725570389659,"stop":1725570440410,"duration":50751}}]},"tags":[]},"source":"542e9f068e40327e.json","parameterValues":["RenfrewshireCouncil"]}