{"uid":"51e6fb17d9ca7682","name":"Validate Council Output [NeathPortTalbotCouncil]","fullName":"features/validate_council_outputs.feature:Validate Council Output","historyId":"6a7795e00df27bb2a2723cbd96dd78a1","time":{"start":1721090629198,"stop":1721090661043,"duration":31845},"status":"failed","statusMessage":"selenium.common.exceptions.TimeoutException: Message: \nStacktrace:\n#0 0x55fedc68069a <unknown>\n#1 0x55fedc3630dc <unknown>\n#2 0x55fedc3af931 <unknown>\n#3 0x55fedc3afa21 <unknown>\n#4 0x55fedc3f4234 <unknown>\n#5 0x55fedc3d289d <unknown>\n#6 0x55fedc3f15c3 <unknown>\n#7 0x55fedc3d2613 <unknown>\n#8 0x55fedc3a24f7 <unknown>\n#9 0x55fedc3a2e4e <unknown>\n#10 0x55fedc64686b <unknown>\n#11 0x55fedc64a911 <unknown>\n#12 0x55fedc63235e <unknown>\n#13 0x55fedc64b472 <unknown>\n#14 0x55fedc616cbf <unknown>\n#15 0x55fedc670098 <unknown>\n#16 0x55fedc670270 <unknown>\n#17 0x55fedc67f7cc <unknown>\n#18 0x7f8931ac2ac3 <unknown>","statusTrace":"fixturefunc = <function scrape_step at 0x7f51eaa72ac0>\nrequest = <FixtureRequest for <Function test_scenario_outline[NeathPortTalbotCouncil]>>\nkwargs = {'context': <test_validate_council.Context object at 0x7f51ea8eb5d0>, 'headless_mode': 'True', 'local_browser': 'False', 'selenium_url': 'http://localhost:4444'}\n\n    def call_fixture_func(\n        fixturefunc: \"_FixtureFunc[FixtureValue]\", request: FixtureRequest, kwargs\n    ) -> FixtureValue:\n        if is_generator(fixturefunc):\n            fixturefunc = cast(\n                Callable[..., Generator[FixtureValue, None, None]], fixturefunc\n            )\n            generator = fixturefunc(**kwargs)\n            try:\n                fixture_result = next(generator)\n            except StopIteration:\n                raise ValueError(f\"{request.fixturename} did not yield a value\") from None\n            finalizer = functools.partial(_teardown_yield_fixture, fixturefunc, generator)\n            request.addfinalizer(finalizer)\n        else:\n            fixturefunc = cast(Callable[..., FixtureValue], fixturefunc)\n>           fixture_result = fixturefunc(**kwargs)\n\n../../../.cache/pypoetry/virtualenvs/uk-bin-collection-EwS6Gn8s-py3.11/lib/python3.11/site-packages/_pytest/fixtures.py:887: \n_ _ _ _ _ _ _ _ _ _ _ _ _ _ _ _ _ _ _ _ _ _ _ _ _ _ _ _ _ _ _ _ _ _ _ _ _ _ _ _ \nuk_bin_collection/tests/step_defs/test_validate_council.py:100: in scrape_step\n    context.parse_result = CollectData.run()\nuk_bin_collection/uk_bin_collection/collect_data.py:101: in run\n    return self.client_code(\nuk_bin_collection/uk_bin_collection/collect_data.py:121: in client_code\n    return get_bin_data_class.template_method(address_url, **kwargs)\nuk_bin_collection/uk_bin_collection/get_bin_data.py:61: in template_method\n    bin_data_dict = self.get_and_parse_data(this_url, **kwargs)\nuk_bin_collection/uk_bin_collection/get_bin_data.py:84: in get_and_parse_data\n    bin_data_dict = self.parse_data(\"\", url=address_url, **kwargs)\nuk_bin_collection/uk_bin_collection/councils/NeathPortTalbotCouncil.py:37: in parse_data\n    cookieAccept = WebDriverWait(driver, 10).until(\n_ _ _ _ _ _ _ _ _ _ _ _ _ _ _ _ _ _ _ _ _ _ _ _ _ _ _ _ _ _ _ _ _ _ _ _ _ _ _ _ \n\nself = <selenium.webdriver.support.wait.WebDriverWait (session=\"ea09e2be0bde90c59837ab7c6a141408\")>\nmethod = <function presence_of_element_located.<locals>._predicate at 0x7f51ea8679c0>\nmessage = ''\n\n    def until(self, method: Callable[[D], Union[Literal[False], T]], message: str = \"\") -> T:\n        \"\"\"Calls the method provided with the driver as an argument until the \\\n        return value does not evaluate to ``False``.\n    \n        :param method: callable(WebDriver)\n        :param message: optional message for :exc:`TimeoutException`\n        :returns: the result of the last call to `method`\n        :raises: :exc:`selenium.common.exceptions.TimeoutException` if timeout occurs\n        \"\"\"\n        screen = None\n        stacktrace = None\n    \n        end_time = time.monotonic() + self._timeout\n        while True:\n            try:\n                value = method(self._driver)\n                if value:\n                    return value\n            except self._ignored_exceptions as exc:\n                screen = getattr(exc, \"screen\", None)\n                stacktrace = getattr(exc, \"stacktrace\", None)\n            time.sleep(self._poll)\n            if time.monotonic() > end_time:\n                break\n>       raise TimeoutException(message, screen, stacktrace)\nE       selenium.common.exceptions.TimeoutException: Message: \nE       Stacktrace:\nE       #0 0x55fedc68069a <unknown>\nE       #1 0x55fedc3630dc <unknown>\nE       #2 0x55fedc3af931 <unknown>\nE       #3 0x55fedc3afa21 <unknown>\nE       #4 0x55fedc3f4234 <unknown>\nE       #5 0x55fedc3d289d <unknown>\nE       #6 0x55fedc3f15c3 <unknown>\nE       #7 0x55fedc3d2613 <unknown>\nE       #8 0x55fedc3a24f7 <unknown>\nE       #9 0x55fedc3a2e4e <unknown>\nE       #10 0x55fedc64686b <unknown>\nE       #11 0x55fedc64a911 <unknown>\nE       #12 0x55fedc63235e <unknown>\nE       #13 0x55fedc64b472 <unknown>\nE       #14 0x55fedc616cbf <unknown>\nE       #15 0x55fedc670098 <unknown>\nE       #16 0x55fedc670270 <unknown>\nE       #17 0x55fedc67f7cc <unknown>\nE       #18 0x7f8931ac2ac3 <unknown>\n\n../../../.cache/pypoetry/virtualenvs/uk-bin-collection-EwS6Gn8s-py3.11/lib/python3.11/site-packages/selenium/webdriver/support/wait.py:105: TimeoutException","flaky":false,"newFailed":false,"newBroken":false,"newPassed":false,"retriesCount":0,"retriesStatusChange":false,"beforeStages":[],"testStage":{"status":"failed","statusMessage":"selenium.common.exceptions.TimeoutException: Message: \nStacktrace:\n#0 0x55fedc68069a <unknown>\n#1 0x55fedc3630dc <unknown>\n#2 0x55fedc3af931 <unknown>\n#3 0x55fedc3afa21 <unknown>\n#4 0x55fedc3f4234 <unknown>\n#5 0x55fedc3d289d <unknown>\n#6 0x55fedc3f15c3 <unknown>\n#7 0x55fedc3d2613 <unknown>\n#8 0x55fedc3a24f7 <unknown>\n#9 0x55fedc3a2e4e <unknown>\n#10 0x55fedc64686b <unknown>\n#11 0x55fedc64a911 <unknown>\n#12 0x55fedc63235e <unknown>\n#13 0x55fedc64b472 <unknown>\n#14 0x55fedc616cbf <unknown>\n#15 0x55fedc670098 <unknown>\n#16 0x55fedc670270 <unknown>\n#17 0x55fedc67f7cc <unknown>\n#18 0x7f8931ac2ac3 <unknown>","statusTrace":"fixturefunc = <function scrape_step at 0x7f51eaa72ac0>\nrequest = <FixtureRequest for <Function test_scenario_outline[NeathPortTalbotCouncil]>>\nkwargs = {'context': <test_validate_council.Context object at 0x7f51ea8eb5d0>, 'headless_mode': 'True', 'local_browser': 'False', 'selenium_url': 'http://localhost:4444'}\n\n    def call_fixture_func(\n        fixturefunc: \"_FixtureFunc[FixtureValue]\", request: FixtureRequest, kwargs\n    ) -> FixtureValue:\n        if is_generator(fixturefunc):\n            fixturefunc = cast(\n                Callable[..., Generator[FixtureValue, None, None]], fixturefunc\n            )\n            generator = fixturefunc(**kwargs)\n            try:\n                fixture_result = next(generator)\n            except StopIteration:\n                raise ValueError(f\"{request.fixturename} did not yield a value\") from None\n            finalizer = functools.partial(_teardown_yield_fixture, fixturefunc, generator)\n            request.addfinalizer(finalizer)\n        else:\n            fixturefunc = cast(Callable[..., FixtureValue], fixturefunc)\n>           fixture_result = fixturefunc(**kwargs)\n\n../../../.cache/pypoetry/virtualenvs/uk-bin-collection-EwS6Gn8s-py3.11/lib/python3.11/site-packages/_pytest/fixtures.py:887: \n_ _ _ _ _ _ _ _ _ _ _ _ _ _ _ _ _ _ _ _ _ _ _ _ _ _ _ _ _ _ _ _ _ _ _ _ _ _ _ _ \nuk_bin_collection/tests/step_defs/test_validate_council.py:100: in scrape_step\n    context.parse_result = CollectData.run()\nuk_bin_collection/uk_bin_collection/collect_data.py:101: in run\n    return self.client_code(\nuk_bin_collection/uk_bin_collection/collect_data.py:121: in client_code\n    return get_bin_data_class.template_method(address_url, **kwargs)\nuk_bin_collection/uk_bin_collection/get_bin_data.py:61: in template_method\n    bin_data_dict = self.get_and_parse_data(this_url, **kwargs)\nuk_bin_collection/uk_bin_collection/get_bin_data.py:84: in get_and_parse_data\n    bin_data_dict = self.parse_data(\"\", url=address_url, **kwargs)\nuk_bin_collection/uk_bin_collection/councils/NeathPortTalbotCouncil.py:37: in parse_data\n    cookieAccept = WebDriverWait(driver, 10).until(\n_ _ _ _ _ _ _ _ _ _ _ _ _ _ _ _ _ _ _ _ _ _ _ _ _ _ _ _ _ _ _ _ _ _ _ _ _ _ _ _ \n\nself = <selenium.webdriver.support.wait.WebDriverWait (session=\"ea09e2be0bde90c59837ab7c6a141408\")>\nmethod = <function presence_of_element_located.<locals>._predicate at 0x7f51ea8679c0>\nmessage = ''\n\n    def until(self, method: Callable[[D], Union[Literal[False], T]], message: str = \"\") -> T:\n        \"\"\"Calls the method provided with the driver as an argument until the \\\n        return value does not evaluate to ``False``.\n    \n        :param method: callable(WebDriver)\n        :param message: optional message for :exc:`TimeoutException`\n        :returns: the result of the last call to `method`\n        :raises: :exc:`selenium.common.exceptions.TimeoutException` if timeout occurs\n        \"\"\"\n        screen = None\n        stacktrace = None\n    \n        end_time = time.monotonic() + self._timeout\n        while True:\n            try:\n                value = method(self._driver)\n                if value:\n                    return value\n            except self._ignored_exceptions as exc:\n                screen = getattr(exc, \"screen\", None)\n                stacktrace = getattr(exc, \"stacktrace\", None)\n            time.sleep(self._poll)\n            if time.monotonic() > end_time:\n                break\n>       raise TimeoutException(message, screen, stacktrace)\nE       selenium.common.exceptions.TimeoutException: Message: \nE       Stacktrace:\nE       #0 0x55fedc68069a <unknown>\nE       #1 0x55fedc3630dc <unknown>\nE       #2 0x55fedc3af931 <unknown>\nE       #3 0x55fedc3afa21 <unknown>\nE       #4 0x55fedc3f4234 <unknown>\nE       #5 0x55fedc3d289d <unknown>\nE       #6 0x55fedc3f15c3 <unknown>\nE       #7 0x55fedc3d2613 <unknown>\nE       #8 0x55fedc3a24f7 <unknown>\nE       #9 0x55fedc3a2e4e <unknown>\nE       #10 0x55fedc64686b <unknown>\nE       #11 0x55fedc64a911 <unknown>\nE       #12 0x55fedc63235e <unknown>\nE       #13 0x55fedc64b472 <unknown>\nE       #14 0x55fedc616cbf <unknown>\nE       #15 0x55fedc670098 <unknown>\nE       #16 0x55fedc670270 <unknown>\nE       #17 0x55fedc67f7cc <unknown>\nE       #18 0x7f8931ac2ac3 <unknown>\n\n../../../.cache/pypoetry/virtualenvs/uk-bin-collection-EwS6Gn8s-py3.11/lib/python3.11/site-packages/selenium/webdriver/support/wait.py:105: TimeoutException","steps":[{"name":"Given the council","time":{"start":1721090629198,"stop":1721090629198,"duration":0},"status":"passed","steps":[],"attachments":[],"parameters":[],"shouldDisplayMessage":false,"stepsCount":0,"attachmentsCount":0,"hasContent":false,"attachmentStep":false},{"name":"When we scrape the data from the council","time":{"start":1721090629198,"stop":1721090661043,"duration":31845},"status":"failed","statusMessage":"Message: \nStacktrace:\n#0 0x55fedc68069a <unknown>\n#1 0x55fedc3630dc <unknown>\n#2 0x55fedc3af931 <unknown>\n#3 0x55fedc3afa21 <unknown>\n#4 0x55fedc3f4234 <unknown>\n#5 0x55fedc3d289d <unknown>\n#6 0x55fedc3f15c3 <unknown>\n#7 0x55fedc3d2613 <unknown>\n#8 0x55fedc3a24f7 <unknown>\n#9 0x55fedc3a2e4e <unknown>\n#10 0x55fedc64686b <unknown>\n#11 0x55fedc64a911 <unknown>\n#12 0x55fedc63235e <unknown>\n#13 0x55fedc64b472 <unknown>\n#14 0x55fedc616cbf <unknown>\n#15 0x55fedc670098 <unknown>\n#16 0x55fedc670270 <unknown>\n#17 0x55fedc67f7cc <unknown>\n#18 0x7f8931ac2ac3 <unknown>\n","statusTrace":"selenium.common.exceptions.TimeoutException: Message: \nStacktrace:\n#0 0x55fedc68069a <unknown>\n#1 0x55fedc3630dc <unknown>\n#2 0x55fedc3af931 <unknown>\n#3 0x55fedc3afa21 <unknown>\n#4 0x55fedc3f4234 <unknown>\n#5 0x55fedc3d289d <unknown>\n#6 0x55fedc3f15c3 <unknown>\n#7 0x55fedc3d2613 <unknown>\n#8 0x55fedc3a24f7 <unknown>\n#9 0x55fedc3a2e4e <unknown>\n#10 0x55fedc64686b <unknown>\n#11 0x55fedc64a911 <unknown>\n#12 0x55fedc63235e <unknown>\n#13 0x55fedc64b472 <unknown>\n#14 0x55fedc616cbf <unknown>\n#15 0x55fedc670098 <unknown>\n#16 0x55fedc670270 <unknown>\n#17 0x55fedc67f7cc <unknown>\n#18 0x7f8931ac2ac3 <unknown>\n\n","steps":[],"attachments":[],"parameters":[],"shouldDisplayMessage":true,"stepsCount":0,"attachmentsCount":0,"hasContent":true,"attachmentStep":false}],"attachments":[{"uid":"8e819b5d2a0c115","name":"stdout","source":"8e819b5d2a0c115.txt","type":"text/plain","size":632}],"parameters":[],"shouldDisplayMessage":true,"stepsCount":2,"attachmentsCount":1,"hasContent":true,"attachmentStep":false},"afterStages":[],"labels":[{"name":"host","value":"fv-az979-68"},{"name":"thread","value":"2686-MainThread"},{"name":"framework","value":"pytest-bdd"},{"name":"language","value":"cpython3"},{"name":"feature","value":"Test each council output matches expected results"},{"name":"resultFormat","value":"allure2"}],"parameters":[{"name":"council","value":"NeathPortTalbotCouncil"}],"links":[],"hidden":false,"retry":false,"extra":{"severity":"normal","retries":[],"categories":[{"name":"Product defects","matchedStatuses":[],"flaky":false}],"history":{"statistic":{"failed":103,"broken":0,"skipped":0,"passed":9,"unknown":0,"total":112},"items":[{"uid":"981ed5a363346bd0","reportUrl":"https://robbrad.github.io/UKBinCollectionData/3.11/1982//#testresult/981ed5a363346bd0","status":"failed","statusDetails":"selenium.common.exceptions.NoSuchElementException: Message: no such element: Unable to locate element: {\"method\":\"css selector\",\"selector\":\"[id=\"ContentPlaceHolderDefault_ctl13_nptLLPG2_25_addresslookup_txtTmpPostcode\"]\"}\n  (Session info: chrome-headless-shell=126.0.6478.114); For documentation on this error, please visit: https://www.selenium.dev/documentation/webdriver/troubleshooting/errors#no-such-element-exception\nStacktrace:\n#0 0x55b9dde2569a <unknown>\n#1 0x55b9ddb080dc <unknown>\n#2 0x55b9ddb54931 <unknown>\n#3 0x55b9ddb54a21 <unknown>\n#4 0x55b9ddb99234 <unknown>\n#5 0x55b9ddb7789d <unknown>\n#6 0x55b9ddb965c3 <unknown>\n#7 0x55b9ddb77613 <unknown>\n#8 0x55b9ddb474f7 <unknown>\n#9 0x55b9ddb47e4e <unknown>\n#10 0x55b9dddeb86b <unknown>\n#11 0x55b9dddef911 <unknown>\n#12 0x55b9dddd735e <unknown>\n#13 0x55b9dddf0472 <unknown>\n#14 0x55b9dddbbcbf <unknown>\n#15 0x55b9dde15098 <unknown>\n#16 0x55b9dde15270 <unknown>\n#17 0x55b9dde247cc <unknown>\n#18 0x7f1c51ec5ac3 <unknown>","time":{"start":1721004271185,"stop":1721004381081,"duration":109896}},{"uid":"27962b684a854015","reportUrl":"https://robbrad.github.io/UKBinCollectionData/3.11/1981//#testresult/27962b684a854015","status":"failed","statusDetails":"selenium.common.exceptions.NoSuchElementException: Message: no such element: Unable to locate element: {\"method\":\"css selector\",\"selector\":\"[id=\"ContentPlaceHolderDefault_ctl13_nptLLPG2_25_addresslookup_txtTmpPostcode\"]\"}\n  (Session info: chrome-headless-shell=126.0.6478.114); For documentation on this error, please visit: https://www.selenium.dev/documentation/webdriver/troubleshooting/errors#no-such-element-exception\nStacktrace:\n#0 0x564b4f3f569a <unknown>\n#1 0x564b4f0d80dc <unknown>\n#2 0x564b4f124931 <unknown>\n#3 0x564b4f124a21 <unknown>\n#4 0x564b4f169234 <unknown>\n#5 0x564b4f14789d <unknown>\n#6 0x564b4f1665c3 <unknown>\n#7 0x564b4f147613 <unknown>\n#8 0x564b4f1174f7 <unknown>\n#9 0x564b4f117e4e <unknown>\n#10 0x564b4f3bb86b <unknown>\n#11 0x564b4f3bf911 <unknown>\n#12 0x564b4f3a735e <unknown>\n#13 0x564b4f3c0472 <unknown>\n#14 0x564b4f38bcbf <unknown>\n#15 0x564b4f3e5098 <unknown>\n#16 0x564b4f3e5270 <unknown>\n#17 0x564b4f3f47cc <unknown>\n#18 0x7f68af5e6ac3 <unknown>","time":{"start":1720917964338,"stop":1720918056590,"duration":92252}},{"uid":"732d0804dfd6e871","reportUrl":"https://robbrad.github.io/UKBinCollectionData/3.11/1980//#testresult/732d0804dfd6e871","status":"failed","statusDetails":"selenium.common.exceptions.NoSuchElementException: Message: no such element: Unable to locate element: {\"method\":\"css selector\",\"selector\":\"[id=\"ContentPlaceHolderDefault_ctl13_nptLLPG2_25_addresslookup_txtTmpPostcode\"]\"}\n  (Session info: chrome-headless-shell=126.0.6478.114); For documentation on this error, please visit: https://www.selenium.dev/documentation/webdriver/troubleshooting/errors#no-such-element-exception\nStacktrace:\n#0 0x5633a9aa369a <unknown>\n#1 0x5633a97860dc <unknown>\n#2 0x5633a97d2931 <unknown>\n#3 0x5633a97d2a21 <unknown>\n#4 0x5633a9817234 <unknown>\n#5 0x5633a97f589d <unknown>\n#6 0x5633a98145c3 <unknown>\n#7 0x5633a97f5613 <unknown>\n#8 0x5633a97c54f7 <unknown>\n#9 0x5633a97c5e4e <unknown>\n#10 0x5633a9a6986b <unknown>\n#11 0x5633a9a6d911 <unknown>\n#12 0x5633a9a5535e <unknown>\n#13 0x5633a9a6e472 <unknown>\n#14 0x5633a9a39cbf <unknown>\n#15 0x5633a9a93098 <unknown>\n#16 0x5633a9a93270 <unknown>\n#17 0x5633a9aa27cc <unknown>\n#18 0x7fce069f2ac3 <unknown>","time":{"start":1720831338235,"stop":1720831440354,"duration":102119}},{"uid":"8259822aa821e421","reportUrl":"https://robbrad.github.io/UKBinCollectionData/3.11/1979//#testresult/8259822aa821e421","status":"failed","statusDetails":"selenium.common.exceptions.NoSuchElementException: Message: no such element: Unable to locate element: {\"method\":\"css selector\",\"selector\":\"[id=\"ContentPlaceHolderDefault_ctl13_nptLLPG2_25_addresslookup_txtTmpPostcode\"]\"}\n  (Session info: chrome-headless-shell=126.0.6478.114); For documentation on this error, please visit: https://www.selenium.dev/documentation/webdriver/troubleshooting/errors#no-such-element-exception\nStacktrace:\n#0 0x55b6577d569a <unknown>\n#1 0x55b6574b80dc <unknown>\n#2 0x55b657504931 <unknown>\n#3 0x55b657504a21 <unknown>\n#4 0x55b657549234 <unknown>\n#5 0x55b65752789d <unknown>\n#6 0x55b6575465c3 <unknown>\n#7 0x55b657527613 <unknown>\n#8 0x55b6574f74f7 <unknown>\n#9 0x55b6574f7e4e <unknown>\n#10 0x55b65779b86b <unknown>\n#11 0x55b65779f911 <unknown>\n#12 0x55b65778735e <unknown>\n#13 0x55b6577a0472 <unknown>\n#14 0x55b65776bcbf <unknown>\n#15 0x55b6577c5098 <unknown>\n#16 0x55b6577c5270 <unknown>\n#17 0x55b6577d47cc <unknown>\n#18 0x7f0d4e5f2ac3 <unknown>","time":{"start":1720744871713,"stop":1720744896066,"duration":24353}},{"uid":"89351716b381e630","reportUrl":"https://robbrad.github.io/UKBinCollectionData/3.11/1978//#testresult/89351716b381e630","status":"failed","statusDetails":"selenium.common.exceptions.NoSuchElementException: Message: no such element: Unable to locate element: {\"method\":\"css selector\",\"selector\":\"[id=\"ContentPlaceHolderDefault_ctl13_nptLLPG2_25_addresslookup_txtTmpPostcode\"]\"}\n  (Session info: chrome-headless-shell=126.0.6478.114); For documentation on this error, please visit: https://www.selenium.dev/documentation/webdriver/troubleshooting/errors#no-such-element-exception\nStacktrace:\n#0 0x55d0c96bc69a <unknown>\n#1 0x55d0c939f0dc <unknown>\n#2 0x55d0c93eb931 <unknown>\n#3 0x55d0c93eba21 <unknown>\n#4 0x55d0c9430234 <unknown>\n#5 0x55d0c940e89d <unknown>\n#6 0x55d0c942d5c3 <unknown>\n#7 0x55d0c940e613 <unknown>\n#8 0x55d0c93de4f7 <unknown>\n#9 0x55d0c93dee4e <unknown>\n#10 0x55d0c968286b <unknown>\n#11 0x55d0c9686911 <unknown>\n#12 0x55d0c966e35e <unknown>\n#13 0x55d0c9687472 <unknown>\n#14 0x55d0c9652cbf <unknown>\n#15 0x55d0c96ac098 <unknown>\n#16 0x55d0c96ac270 <unknown>\n#17 0x55d0c96bb7cc <unknown>\n#18 0x7fb48c030ac3 <unknown>","time":{"start":1720658592780,"stop":1720658670397,"duration":77617}},{"uid":"621c886290b7f5b9","reportUrl":"https://robbrad.github.io/UKBinCollectionData/3.11/1977//#testresult/621c886290b7f5b9","status":"failed","statusDetails":"selenium.common.exceptions.NoSuchElementException: Message: no such element: Unable to locate element: {\"method\":\"css selector\",\"selector\":\"[id=\"ContentPlaceHolderDefault_ctl13_nptLLPG2_25_addresslookup_txtTmpPostcode\"]\"}\n  (Session info: chrome-headless-shell=126.0.6478.114); For documentation on this error, please visit: https://www.selenium.dev/documentation/webdriver/troubleshooting/errors#no-such-element-exception\nStacktrace:\n#0 0x55b73217369a <unknown>\n#1 0x55b731e560dc <unknown>\n#2 0x55b731ea2931 <unknown>\n#3 0x55b731ea2a21 <unknown>\n#4 0x55b731ee7234 <unknown>\n#5 0x55b731ec589d <unknown>\n#6 0x55b731ee45c3 <unknown>\n#7 0x55b731ec5613 <unknown>\n#8 0x55b731e954f7 <unknown>\n#9 0x55b731e95e4e <unknown>\n#10 0x55b73213986b <unknown>\n#11 0x55b73213d911 <unknown>\n#12 0x55b73212535e <unknown>\n#13 0x55b73213e472 <unknown>\n#14 0x55b732109cbf <unknown>\n#15 0x55b732163098 <unknown>\n#16 0x55b732163270 <unknown>\n#17 0x55b7321727cc <unknown>\n#18 0x7f85e770dac3 <unknown>","time":{"start":1720572242562,"stop":1720572263646,"duration":21084}},{"uid":"30ae1aae3e4f93bd","reportUrl":"https://robbrad.github.io/UKBinCollectionData/3.11/1976//#testresult/30ae1aae3e4f93bd","status":"failed","statusDetails":"selenium.common.exceptions.NoSuchElementException: Message: no such element: Unable to locate element: {\"method\":\"css selector\",\"selector\":\"[id=\"ContentPlaceHolderDefault_ctl13_nptLLPG2_25_addresslookup_txtTmpPostcode\"]\"}\n  (Session info: chrome-headless-shell=126.0.6478.114); For documentation on this error, please visit: https://www.selenium.dev/documentation/webdriver/troubleshooting/errors#no-such-element-exception\nStacktrace:\n#0 0x55fd41b7369a <unknown>\n#1 0x55fd418560dc <unknown>\n#2 0x55fd418a2931 <unknown>\n#3 0x55fd418a2a21 <unknown>\n#4 0x55fd418e7234 <unknown>\n#5 0x55fd418c589d <unknown>\n#6 0x55fd418e45c3 <unknown>\n#7 0x55fd418c5613 <unknown>\n#8 0x55fd418954f7 <unknown>\n#9 0x55fd41895e4e <unknown>\n#10 0x55fd41b3986b <unknown>\n#11 0x55fd41b3d911 <unknown>\n#12 0x55fd41b2535e <unknown>\n#13 0x55fd41b3e472 <unknown>\n#14 0x55fd41b09cbf <unknown>\n#15 0x55fd41b63098 <unknown>\n#16 0x55fd41b63270 <unknown>\n#17 0x55fd41b727cc <unknown>\n#18 0x7f4e40ac7ac3 <unknown>","time":{"start":1720485459576,"stop":1720485492620,"duration":33044}},{"uid":"23235b051ba57f83","reportUrl":"https://robbrad.github.io/UKBinCollectionData/3.11/1975//#testresult/23235b051ba57f83","status":"failed","statusDetails":"selenium.common.exceptions.NoSuchElementException: Message: no such element: Unable to locate element: {\"method\":\"css selector\",\"selector\":\"[id=\"ContentPlaceHolderDefault_ctl13_nptLLPG2_25_addresslookup_txtTmpPostcode\"]\"}\n  (Session info: chrome-headless-shell=126.0.6478.114); For documentation on this error, please visit: https://www.selenium.dev/documentation/webdriver/troubleshooting/errors#no-such-element-exception\nStacktrace:\n#0 0x56176edbc69a <unknown>\n#1 0x56176ea9f0dc <unknown>\n#2 0x56176eaeb931 <unknown>\n#3 0x56176eaeba21 <unknown>\n#4 0x56176eb30234 <unknown>\n#5 0x56176eb0e89d <unknown>\n#6 0x56176eb2d5c3 <unknown>\n#7 0x56176eb0e613 <unknown>\n#8 0x56176eade4f7 <unknown>\n#9 0x56176eadee4e <unknown>\n#10 0x56176ed8286b <unknown>\n#11 0x56176ed86911 <unknown>\n#12 0x56176ed6e35e <unknown>\n#13 0x56176ed87472 <unknown>\n#14 0x56176ed52cbf <unknown>\n#15 0x56176edac098 <unknown>\n#16 0x56176edac270 <unknown>\n#17 0x56176edbb7cc <unknown>\n#18 0x7f4ddc86fac3 <unknown>","time":{"start":1720399090761,"stop":1720399125429,"duration":34668}},{"uid":"100083bf32677cef","reportUrl":"https://robbrad.github.io/UKBinCollectionData/3.11/1971//#testresult/100083bf32677cef","status":"failed","statusDetails":"selenium.common.exceptions.NoSuchElementException: Message: no such element: Unable to locate element: {\"method\":\"css selector\",\"selector\":\"[id=\"ContentPlaceHolderDefault_ctl13_nptLLPG2_25_addresslookup_txtTmpPostcode\"]\"}\n  (Session info: chrome-headless-shell=126.0.6478.114); For documentation on this error, please visit: https://www.selenium.dev/documentation/webdriver/troubleshooting/errors#no-such-element-exception\nStacktrace:\n#0 0x55dce318a69a <unknown>\n#1 0x55dce2e6d0dc <unknown>\n#2 0x55dce2eb9931 <unknown>\n#3 0x55dce2eb9a21 <unknown>\n#4 0x55dce2efe234 <unknown>\n#5 0x55dce2edc89d <unknown>\n#6 0x55dce2efb5c3 <unknown>\n#7 0x55dce2edc613 <unknown>\n#8 0x55dce2eac4f7 <unknown>\n#9 0x55dce2eace4e <unknown>\n#10 0x55dce315086b <unknown>\n#11 0x55dce3154911 <unknown>\n#12 0x55dce313c35e <unknown>\n#13 0x55dce3155472 <unknown>\n#14 0x55dce3120cbf <unknown>\n#15 0x55dce317a098 <unknown>\n#16 0x55dce317a270 <unknown>\n#17 0x55dce31897cc <unknown>\n#18 0x7fbb8d47fac3 <unknown>","time":{"start":1720312884345,"stop":1720312912850,"duration":28505}},{"uid":"2ab366645ea848a6","reportUrl":"https://robbrad.github.io/UKBinCollectionData/3.11/1970//#testresult/2ab366645ea848a6","status":"failed","statusDetails":"selenium.common.exceptions.NoSuchElementException: Message: no such element: Unable to locate element: {\"method\":\"css selector\",\"selector\":\"[id=\"ContentPlaceHolderDefault_ctl13_nptLLPG2_25_addresslookup_txtTmpPostcode\"]\"}\n  (Session info: chrome-headless-shell=126.0.6478.114); For documentation on this error, please visit: https://www.selenium.dev/documentation/webdriver/troubleshooting/errors#no-such-element-exception\nStacktrace:\n#0 0x55a3ccea069a <unknown>\n#1 0x55a3ccb830dc <unknown>\n#2 0x55a3ccbcf931 <unknown>\n#3 0x55a3ccbcfa21 <unknown>\n#4 0x55a3ccc14234 <unknown>\n#5 0x55a3ccbf289d <unknown>\n#6 0x55a3ccc115c3 <unknown>\n#7 0x55a3ccbf2613 <unknown>\n#8 0x55a3ccbc24f7 <unknown>\n#9 0x55a3ccbc2e4e <unknown>\n#10 0x55a3cce6686b <unknown>\n#11 0x55a3cce6a911 <unknown>\n#12 0x55a3cce5235e <unknown>\n#13 0x55a3cce6b472 <unknown>\n#14 0x55a3cce36cbf <unknown>\n#15 0x55a3cce90098 <unknown>\n#16 0x55a3cce90270 <unknown>\n#17 0x55a3cce9f7cc <unknown>\n#18 0x7f7c6f362ac3 <unknown>","time":{"start":1720226102683,"stop":1720226151673,"duration":48990}},{"uid":"5a35c751a66dcff5","reportUrl":"https://robbrad.github.io/UKBinCollectionData/3.11/1969//#testresult/5a35c751a66dcff5","status":"failed","statusDetails":"selenium.common.exceptions.NoSuchElementException: Message: no such element: Unable to locate element: {\"method\":\"css selector\",\"selector\":\"[id=\"ContentPlaceHolderDefault_ctl13_nptLLPG2_25_addresslookup_txtTmpPostcode\"]\"}\n  (Session info: chrome-headless-shell=126.0.6478.114); For documentation on this error, please visit: https://www.selenium.dev/documentation/webdriver/troubleshooting/errors#no-such-element-exception\nStacktrace:\n#0 0x5627058e169a <unknown>\n#1 0x5627055c40dc <unknown>\n#2 0x562705610931 <unknown>\n#3 0x562705610a21 <unknown>\n#4 0x562705655234 <unknown>\n#5 0x56270563389d <unknown>\n#6 0x5627056525c3 <unknown>\n#7 0x562705633613 <unknown>\n#8 0x5627056034f7 <unknown>\n#9 0x562705603e4e <unknown>\n#10 0x5627058a786b <unknown>\n#11 0x5627058ab911 <unknown>\n#12 0x56270589335e <unknown>\n#13 0x5627058ac472 <unknown>\n#14 0x562705877cbf <unknown>\n#15 0x5627058d1098 <unknown>\n#16 0x5627058d1270 <unknown>\n#17 0x5627058e07cc <unknown>\n#18 0x7f20d0e07ac3 <unknown>","time":{"start":1720139592920,"stop":1720139663005,"duration":70085}},{"uid":"22f8d822724a9687","reportUrl":"https://robbrad.github.io/UKBinCollectionData/3.11/1968//#testresult/22f8d822724a9687","status":"failed","statusDetails":"selenium.common.exceptions.NoSuchElementException: Message: no such element: Unable to locate element: {\"method\":\"css selector\",\"selector\":\"[id=\"ContentPlaceHolderDefault_ctl13_nptLLPG2_25_addresslookup_txtTmpPostcode\"]\"}\n  (Session info: chrome-headless-shell=126.0.6478.114); For documentation on this error, please visit: https://www.selenium.dev/documentation/webdriver/troubleshooting/errors#no-such-element-exception\nStacktrace:\n#0 0x5602bca0d69a <unknown>\n#1 0x5602bc6f00dc <unknown>\n#2 0x5602bc73c931 <unknown>\n#3 0x5602bc73ca21 <unknown>\n#4 0x5602bc781234 <unknown>\n#5 0x5602bc75f89d <unknown>\n#6 0x5602bc77e5c3 <unknown>\n#7 0x5602bc75f613 <unknown>\n#8 0x5602bc72f4f7 <unknown>\n#9 0x5602bc72fe4e <unknown>\n#10 0x5602bc9d386b <unknown>\n#11 0x5602bc9d7911 <unknown>\n#12 0x5602bc9bf35e <unknown>\n#13 0x5602bc9d8472 <unknown>\n#14 0x5602bc9a3cbf <unknown>\n#15 0x5602bc9fd098 <unknown>\n#16 0x5602bc9fd270 <unknown>\n#17 0x5602bca0c7cc <unknown>\n#18 0x7efce16b2ac3 <unknown>","time":{"start":1720053227241,"stop":1720053263480,"duration":36239}},{"uid":"1be571fc543ce39d","reportUrl":"https://robbrad.github.io/UKBinCollectionData/3.11/1967//#testresult/1be571fc543ce39d","status":"failed","statusDetails":"selenium.common.exceptions.NoSuchElementException: Message: no such element: Unable to locate element: {\"method\":\"css selector\",\"selector\":\"[id=\"ContentPlaceHolderDefault_ctl13_nptLLPG2_25_addresslookup_txtTmpPostcode\"]\"}\n  (Session info: chrome-headless-shell=126.0.6478.114); For documentation on this error, please visit: https://www.selenium.dev/documentation/webdriver/troubleshooting/errors#no-such-element-exception\nStacktrace:\n#0 0x555d5744e69a <unknown>\n#1 0x555d571310dc <unknown>\n#2 0x555d5717d931 <unknown>\n#3 0x555d5717da21 <unknown>\n#4 0x555d571c2234 <unknown>\n#5 0x555d571a089d <unknown>\n#6 0x555d571bf5c3 <unknown>\n#7 0x555d571a0613 <unknown>\n#8 0x555d571704f7 <unknown>\n#9 0x555d57170e4e <unknown>\n#10 0x555d5741486b <unknown>\n#11 0x555d57418911 <unknown>\n#12 0x555d5740035e <unknown>\n#13 0x555d57419472 <unknown>\n#14 0x555d573e4cbf <unknown>\n#15 0x555d5743e098 <unknown>\n#16 0x555d5743e270 <unknown>\n#17 0x555d5744d7cc <unknown>\n#18 0x7fd455f5dac3 <unknown>","time":{"start":1719966807017,"stop":1719966846670,"duration":39653}},{"uid":"838b1eeeae1269b9","reportUrl":"https://robbrad.github.io/UKBinCollectionData/3.11/1966//#testresult/838b1eeeae1269b9","status":"failed","statusDetails":"selenium.common.exceptions.NoSuchElementException: Message: no such element: Unable to locate element: {\"method\":\"css selector\",\"selector\":\"[id=\"ContentPlaceHolderDefault_ctl13_nptLLPG2_25_addresslookup_txtTmpPostcode\"]\"}\n  (Session info: chrome-headless-shell=126.0.6478.114); For documentation on this error, please visit: https://www.selenium.dev/documentation/webdriver/troubleshooting/errors#no-such-element-exception\nStacktrace:\n#0 0x5599855fd69a <unknown>\n#1 0x5599852e00dc <unknown>\n#2 0x55998532c931 <unknown>\n#3 0x55998532ca21 <unknown>\n#4 0x559985371234 <unknown>\n#5 0x55998534f89d <unknown>\n#6 0x55998536e5c3 <unknown>\n#7 0x55998534f613 <unknown>\n#8 0x55998531f4f7 <unknown>\n#9 0x55998531fe4e <unknown>\n#10 0x5599855c386b <unknown>\n#11 0x5599855c7911 <unknown>\n#12 0x5599855af35e <unknown>\n#13 0x5599855c8472 <unknown>\n#14 0x559985593cbf <unknown>\n#15 0x5599855ed098 <unknown>\n#16 0x5599855ed270 <unknown>\n#17 0x5599855fc7cc <unknown>\n#18 0x7fa636333ac3 <unknown>","time":{"start":1719880483064,"stop":1719880532025,"duration":48961}},{"uid":"64c062cb606858ee","reportUrl":"https://robbrad.github.io/UKBinCollectionData/3.11/1965//#testresult/64c062cb606858ee","status":"failed","statusDetails":"selenium.common.exceptions.NoSuchElementException: Message: no such element: Unable to locate element: {\"method\":\"css selector\",\"selector\":\"[id=\"ContentPlaceHolderDefault_ctl13_nptLLPG2_25_addresslookup_txtTmpPostcode\"]\"}\n  (Session info: chrome-headless-shell=126.0.6478.114); For documentation on this error, please visit: https://www.selenium.dev/documentation/webdriver/troubleshooting/errors#no-such-element-exception\nStacktrace:\n#0 0x55da488b069a <unknown>\n#1 0x55da485930dc <unknown>\n#2 0x55da485df931 <unknown>\n#3 0x55da485dfa21 <unknown>\n#4 0x55da48624234 <unknown>\n#5 0x55da4860289d <unknown>\n#6 0x55da486215c3 <unknown>\n#7 0x55da48602613 <unknown>\n#8 0x55da485d24f7 <unknown>\n#9 0x55da485d2e4e <unknown>\n#10 0x55da4887686b <unknown>\n#11 0x55da4887a911 <unknown>\n#12 0x55da4886235e <unknown>\n#13 0x55da4887b472 <unknown>\n#14 0x55da48846cbf <unknown>\n#15 0x55da488a0098 <unknown>\n#16 0x55da488a0270 <unknown>\n#17 0x55da488af7cc <unknown>\n#18 0x7fa2159a1ac3 <unknown>","time":{"start":1719794539352,"stop":1719794599797,"duration":60445}},{"uid":"cf6dd99d87c9c378","reportUrl":"https://robbrad.github.io/UKBinCollectionData/3.11/1964//#testresult/cf6dd99d87c9c378","status":"failed","statusDetails":"selenium.common.exceptions.NoSuchElementException: Message: no such element: Unable to locate element: {\"method\":\"css selector\",\"selector\":\"[id=\"ContentPlaceHolderDefault_ctl13_nptLLPG2_25_addresslookup_txtTmpPostcode\"]\"}\n  (Session info: chrome-headless-shell=126.0.6478.114); For documentation on this error, please visit: https://www.selenium.dev/documentation/webdriver/troubleshooting/errors#no-such-element-exception\nStacktrace:\n#0 0x5634bc86469a <unknown>\n#1 0x5634bc5470dc <unknown>\n#2 0x5634bc593931 <unknown>\n#3 0x5634bc593a21 <unknown>\n#4 0x5634bc5d8234 <unknown>\n#5 0x5634bc5b689d <unknown>\n#6 0x5634bc5d55c3 <unknown>\n#7 0x5634bc5b6613 <unknown>\n#8 0x5634bc5864f7 <unknown>\n#9 0x5634bc586e4e <unknown>\n#10 0x5634bc82a86b <unknown>\n#11 0x5634bc82e911 <unknown>\n#12 0x5634bc81635e <unknown>\n#13 0x5634bc82f472 <unknown>\n#14 0x5634bc7facbf <unknown>\n#15 0x5634bc854098 <unknown>\n#16 0x5634bc854270 <unknown>\n#17 0x5634bc8637cc <unknown>\n#18 0x7fc605df7ac3 <unknown>","time":{"start":1719707984498,"stop":1719708074506,"duration":90008}},{"uid":"7ab06d6c8ad61fb8","reportUrl":"https://robbrad.github.io/UKBinCollectionData/3.11/1962//#testresult/7ab06d6c8ad61fb8","status":"failed","statusDetails":"selenium.common.exceptions.NoSuchElementException: Message: no such element: Unable to locate element: {\"method\":\"css selector\",\"selector\":\"[id=\"ContentPlaceHolderDefault_ctl13_nptLLPG2_25_addresslookup_txtTmpPostcode\"]\"}\n  (Session info: chrome-headless-shell=126.0.6478.114); For documentation on this error, please visit: https://www.selenium.dev/documentation/webdriver/troubleshooting/errors#no-such-element-exception\nStacktrace:\n#0 0x56544208a69a <unknown>\n#1 0x565441d6d0dc <unknown>\n#2 0x565441db9931 <unknown>\n#3 0x565441db9a21 <unknown>\n#4 0x565441dfe234 <unknown>\n#5 0x565441ddc89d <unknown>\n#6 0x565441dfb5c3 <unknown>\n#7 0x565441ddc613 <unknown>\n#8 0x565441dac4f7 <unknown>\n#9 0x565441dace4e <unknown>\n#10 0x56544205086b <unknown>\n#11 0x565442054911 <unknown>\n#12 0x56544203c35e <unknown>\n#13 0x565442055472 <unknown>\n#14 0x565442020cbf <unknown>\n#15 0x56544207a098 <unknown>\n#16 0x56544207a270 <unknown>\n#17 0x5654420897cc <unknown>\n#18 0x7f0d981b6ac3 <unknown>","time":{"start":1719621174149,"stop":1719621202086,"duration":27937}},{"uid":"dc92e6060fc58ff3","reportUrl":"https://robbrad.github.io/UKBinCollectionData/3.11/1958//#testresult/dc92e6060fc58ff3","status":"failed","statusDetails":"selenium.common.exceptions.NoSuchElementException: Message: no such element: Unable to locate element: {\"method\":\"css selector\",\"selector\":\"[id=\"ContentPlaceHolderDefault_ctl13_nptLLPG2_25_addresslookup_txtTmpPostcode\"]\"}\n  (Session info: chrome-headless-shell=126.0.6478.114); For documentation on this error, please visit: https://www.selenium.dev/documentation/webdriver/troubleshooting/errors#no-such-element-exception\nStacktrace:\n#0 0x56123a33e69a <unknown>\n#1 0x56123a0210dc <unknown>\n#2 0x56123a06d931 <unknown>\n#3 0x56123a06da21 <unknown>\n#4 0x56123a0b2234 <unknown>\n#5 0x56123a09089d <unknown>\n#6 0x56123a0af5c3 <unknown>\n#7 0x56123a090613 <unknown>\n#8 0x56123a0604f7 <unknown>\n#9 0x56123a060e4e <unknown>\n#10 0x56123a30486b <unknown>\n#11 0x56123a308911 <unknown>\n#12 0x56123a2f035e <unknown>\n#13 0x56123a309472 <unknown>\n#14 0x56123a2d4cbf <unknown>\n#15 0x56123a32e098 <unknown>\n#16 0x56123a32e270 <unknown>\n#17 0x56123a33d7cc <unknown>\n#18 0x7fbc02052ac3 <unknown>","time":{"start":1719534779684,"stop":1719534818526,"duration":38842}},{"uid":"76a6ba268a869b98","reportUrl":"https://robbrad.github.io/UKBinCollectionData/3.11/1954//#testresult/76a6ba268a869b98","status":"failed","statusDetails":"selenium.common.exceptions.ElementClickInterceptedException: Message: element click intercepted: Element is not clickable at point (589, 618)\n  (Session info: chrome-headless-shell=126.0.6478.114)\nStacktrace:\n#0 0x5634151f969a <unknown>\n#1 0x563414edc0dc <unknown>\n#2 0x563414f2f6c6 <unknown>\n#3 0x563414f2d516 <unknown>\n#4 0x563414f2aef7 <unknown>\n#5 0x563414f29d2c <unknown>\n#6 0x563414f1d40f <unknown>\n#7 0x563414f4b872 <unknown>\n#8 0x563414f1cd89 <unknown>\n#9 0x563414f4ba3e <unknown>\n#10 0x563414f6a5c3 <unknown>\n#11 0x563414f4b613 <unknown>\n#12 0x563414f1b4f7 <unknown>\n#13 0x563414f1be4e <unknown>\n#14 0x5634151bf86b <unknown>\n#15 0x5634151c3911 <unknown>\n#16 0x5634151ab35e <unknown>\n#17 0x5634151c4472 <unknown>\n#18 0x56341518fcbf <unknown>\n#19 0x5634151e9098 <unknown>\n#20 0x5634151e9270 <unknown>\n#21 0x5634151f87cc <unknown>\n#22 0x7ff09eb0eac3 <unknown>","time":{"start":1719362298058,"stop":1719362330778,"duration":32720}},{"uid":"a83f25a4e375eb22","reportUrl":"https://robbrad.github.io/UKBinCollectionData/3.11/1953//#testresult/a83f25a4e375eb22","status":"failed","statusDetails":"selenium.common.exceptions.NoSuchElementException: Message: no such element: Unable to locate element: {\"method\":\"css selector\",\"selector\":\"[id=\"ContentPlaceHolderDefault_ctl13_nptLLPG2_25_addresslookup_txtTmpPostcode\"]\"}\n  (Session info: chrome-headless-shell=126.0.6478.114); For documentation on this error, please visit: https://www.selenium.dev/documentation/webdriver/troubleshooting/errors#no-such-element-exception\nStacktrace:\n#0 0x55ce0b5e169a <unknown>\n#1 0x55ce0b2c40dc <unknown>\n#2 0x55ce0b310931 <unknown>\n#3 0x55ce0b310a21 <unknown>\n#4 0x55ce0b355234 <unknown>\n#5 0x55ce0b33389d <unknown>\n#6 0x55ce0b3525c3 <unknown>\n#7 0x55ce0b333613 <unknown>\n#8 0x55ce0b3034f7 <unknown>\n#9 0x55ce0b303e4e <unknown>\n#10 0x55ce0b5a786b <unknown>\n#11 0x55ce0b5ab911 <unknown>\n#12 0x55ce0b59335e <unknown>\n#13 0x55ce0b5ac472 <unknown>\n#14 0x55ce0b577cbf <unknown>\n#15 0x55ce0b5d1098 <unknown>\n#16 0x55ce0b5d1270 <unknown>\n#17 0x55ce0b5e07cc <unknown>\n#18 0x7ffb65356ac3 <unknown>","time":{"start":1719275924237,"stop":1719275942141,"duration":17904}}]},"tags":[]},"source":"51e6fb17d9ca7682.json","parameterValues":["NeathPortTalbotCouncil"]}