{"uid":"9977a35d4ec3ad77","name":"Validate Council Output [CalderdaleCouncil-http://selenium:4444-local]","fullName":"features/validate_council_outputs.feature:Validate Council Output","historyId":"f80b0c90a66dd1aff5f349ea68c0d9b4","time":{"start":1703717246982,"stop":1703717282629,"duration":35647},"status":"failed","statusMessage":"selenium.common.exceptions.TimeoutException: Message: \nStacktrace:\n#0 0x560865b11f83 <unknown>\n#1 0x5608657cacf7 <unknown>\n#2 0x56086581a99e <unknown>\n#3 0x56086581aaa1 <unknown>\n#4 0x560865865d64 <unknown>\n#5 0x5608658440dd <unknown>\n#6 0x560865863006 <unknown>\n#7 0x560865843e53 <unknown>\n#8 0x56086580bdd4 <unknown>\n#9 0x56086580d1de <unknown>\n#10 0x560865ad6531 <unknown>\n#11 0x560865ada455 <unknown>\n#12 0x560865ac2f55 <unknown>\n#13 0x560865adb0ef <unknown>\n#14 0x560865aa699f <unknown>\n#15 0x560865aff008 <unknown>\n#16 0x560865aff1d7 <unknown>\n#17 0x560865b11124 <unknown>\n#18 0x7fdb2ee94ac3 <unknown>","statusTrace":"fixturefunc = <function scrape_step at 0x7f1511bf8680>\nrequest = <FixtureRequest for <Function test_scenario_outline[CalderdaleCouncil-http://selenium:4444-local]>>\nkwargs = {'context': <test_validate_council.context.<locals>.Context object at 0x7f1511c46790>, 'council': 'CalderdaleCouncil', 'selenium_mode': 'local', 'selenium_url': 'http://selenium:4444'}\n\n    def call_fixture_func(\n        fixturefunc: \"_FixtureFunc[FixtureValue]\", request: FixtureRequest, kwargs\n    ) -> FixtureValue:\n        if is_generator(fixturefunc):\n            fixturefunc = cast(\n                Callable[..., Generator[FixtureValue, None, None]], fixturefunc\n            )\n            generator = fixturefunc(**kwargs)\n            try:\n                fixture_result = next(generator)\n            except StopIteration:\n                raise ValueError(f\"{request.fixturename} did not yield a value\") from None\n            finalizer = functools.partial(_teardown_yield_fixture, fixturefunc, generator)\n            request.addfinalizer(finalizer)\n        else:\n            fixturefunc = cast(Callable[..., FixtureValue], fixturefunc)\n>           fixture_result = fixturefunc(**kwargs)\n\n../../../.cache/pypoetry/virtualenvs/uk-bin-collection-EwS6Gn8s-py3.11/lib/python3.11/site-packages/_pytest/fixtures.py:902: \n_ _ _ _ _ _ _ _ _ _ _ _ _ _ _ _ _ _ _ _ _ _ _ _ _ _ _ _ _ _ _ _ _ _ _ _ _ _ _ _ \nuk_bin_collection/tests/step_defs/test_validate_council.py:75: in scrape_step\n    raise (err)\nuk_bin_collection/tests/step_defs/test_validate_council.py:71: in scrape_step\n    context.parse_result = CollectData.run()\nuk_bin_collection/uk_bin_collection/collect_data.py:82: in run\n    return self.client_code(\nuk_bin_collection/uk_bin_collection/collect_data.py:69: in client_code\n    return get_bin_data_class.template_method(address_url, **kwargs)\nuk_bin_collection/uk_bin_collection/get_bin_data.py:69: in template_method\n    bin_data_dict = self.parse_data(\nuk_bin_collection/uk_bin_collection/councils/CalderdaleCouncil.py:67: in parse_data\n    results = wait.until(\n_ _ _ _ _ _ _ _ _ _ _ _ _ _ _ _ _ _ _ _ _ _ _ _ _ _ _ _ _ _ _ _ _ _ _ _ _ _ _ _ \n\nself = <selenium.webdriver.support.wait.WebDriverWait (session=\"5a3232cbb166f4b551d37ed3a801c5d5\")>\nmethod = <function presence_of_element_located.<locals>._predicate at 0x7f15119bc180>\nmessage = ''\n\n    def until(self, method, message: str = \"\"):\n        \"\"\"Calls the method provided with the driver as an argument until the \\\n        return value does not evaluate to ``False``.\n    \n        :param method: callable(WebDriver)\n        :param message: optional message for :exc:`TimeoutException`\n        :returns: the result of the last call to `method`\n        :raises: :exc:`selenium.common.exceptions.TimeoutException` if timeout occurs\n        \"\"\"\n        screen = None\n        stacktrace = None\n    \n        end_time = time.monotonic() + self._timeout\n        while True:\n            try:\n                value = method(self._driver)\n                if value:\n                    return value\n            except self._ignored_exceptions as exc:\n                screen = getattr(exc, \"screen\", None)\n                stacktrace = getattr(exc, \"stacktrace\", None)\n            time.sleep(self._poll)\n            if time.monotonic() > end_time:\n                break\n>       raise TimeoutException(message, screen, stacktrace)\nE       selenium.common.exceptions.TimeoutException: Message: \nE       Stacktrace:\nE       #0 0x560865b11f83 <unknown>\nE       #1 0x5608657cacf7 <unknown>\nE       #2 0x56086581a99e <unknown>\nE       #3 0x56086581aaa1 <unknown>\nE       #4 0x560865865d64 <unknown>\nE       #5 0x5608658440dd <unknown>\nE       #6 0x560865863006 <unknown>\nE       #7 0x560865843e53 <unknown>\nE       #8 0x56086580bdd4 <unknown>\nE       #9 0x56086580d1de <unknown>\nE       #10 0x560865ad6531 <unknown>\nE       #11 0x560865ada455 <unknown>\nE       #12 0x560865ac2f55 <unknown>\nE       #13 0x560865adb0ef <unknown>\nE       #14 0x560865aa699f <unknown>\nE       #15 0x560865aff008 <unknown>\nE       #16 0x560865aff1d7 <unknown>\nE       #17 0x560865b11124 <unknown>\nE       #18 0x7fdb2ee94ac3 <unknown>\n\n../../../.cache/pypoetry/virtualenvs/uk-bin-collection-EwS6Gn8s-py3.11/lib/python3.11/site-packages/selenium/webdriver/support/wait.py:95: TimeoutException","flaky":false,"newFailed":true,"newBroken":false,"newPassed":false,"retriesCount":0,"retriesStatusChange":false,"beforeStages":[],"testStage":{"status":"failed","statusMessage":"selenium.common.exceptions.TimeoutException: Message: \nStacktrace:\n#0 0x560865b11f83 <unknown>\n#1 0x5608657cacf7 <unknown>\n#2 0x56086581a99e <unknown>\n#3 0x56086581aaa1 <unknown>\n#4 0x560865865d64 <unknown>\n#5 0x5608658440dd <unknown>\n#6 0x560865863006 <unknown>\n#7 0x560865843e53 <unknown>\n#8 0x56086580bdd4 <unknown>\n#9 0x56086580d1de <unknown>\n#10 0x560865ad6531 <unknown>\n#11 0x560865ada455 <unknown>\n#12 0x560865ac2f55 <unknown>\n#13 0x560865adb0ef <unknown>\n#14 0x560865aa699f <unknown>\n#15 0x560865aff008 <unknown>\n#16 0x560865aff1d7 <unknown>\n#17 0x560865b11124 <unknown>\n#18 0x7fdb2ee94ac3 <unknown>","statusTrace":"fixturefunc = <function scrape_step at 0x7f1511bf8680>\nrequest = <FixtureRequest for <Function test_scenario_outline[CalderdaleCouncil-http://selenium:4444-local]>>\nkwargs = {'context': <test_validate_council.context.<locals>.Context object at 0x7f1511c46790>, 'council': 'CalderdaleCouncil', 'selenium_mode': 'local', 'selenium_url': 'http://selenium:4444'}\n\n    def call_fixture_func(\n        fixturefunc: \"_FixtureFunc[FixtureValue]\", request: FixtureRequest, kwargs\n    ) -> FixtureValue:\n        if is_generator(fixturefunc):\n            fixturefunc = cast(\n                Callable[..., Generator[FixtureValue, None, None]], fixturefunc\n            )\n            generator = fixturefunc(**kwargs)\n            try:\n                fixture_result = next(generator)\n            except StopIteration:\n                raise ValueError(f\"{request.fixturename} did not yield a value\") from None\n            finalizer = functools.partial(_teardown_yield_fixture, fixturefunc, generator)\n            request.addfinalizer(finalizer)\n        else:\n            fixturefunc = cast(Callable[..., FixtureValue], fixturefunc)\n>           fixture_result = fixturefunc(**kwargs)\n\n../../../.cache/pypoetry/virtualenvs/uk-bin-collection-EwS6Gn8s-py3.11/lib/python3.11/site-packages/_pytest/fixtures.py:902: \n_ _ _ _ _ _ _ _ _ _ _ _ _ _ _ _ _ _ _ _ _ _ _ _ _ _ _ _ _ _ _ _ _ _ _ _ _ _ _ _ \nuk_bin_collection/tests/step_defs/test_validate_council.py:75: in scrape_step\n    raise (err)\nuk_bin_collection/tests/step_defs/test_validate_council.py:71: in scrape_step\n    context.parse_result = CollectData.run()\nuk_bin_collection/uk_bin_collection/collect_data.py:82: in run\n    return self.client_code(\nuk_bin_collection/uk_bin_collection/collect_data.py:69: in client_code\n    return get_bin_data_class.template_method(address_url, **kwargs)\nuk_bin_collection/uk_bin_collection/get_bin_data.py:69: in template_method\n    bin_data_dict = self.parse_data(\nuk_bin_collection/uk_bin_collection/councils/CalderdaleCouncil.py:67: in parse_data\n    results = wait.until(\n_ _ _ _ _ _ _ _ _ _ _ _ _ _ _ _ _ _ _ _ _ _ _ _ _ _ _ _ _ _ _ _ _ _ _ _ _ _ _ _ \n\nself = <selenium.webdriver.support.wait.WebDriverWait (session=\"5a3232cbb166f4b551d37ed3a801c5d5\")>\nmethod = <function presence_of_element_located.<locals>._predicate at 0x7f15119bc180>\nmessage = ''\n\n    def until(self, method, message: str = \"\"):\n        \"\"\"Calls the method provided with the driver as an argument until the \\\n        return value does not evaluate to ``False``.\n    \n        :param method: callable(WebDriver)\n        :param message: optional message for :exc:`TimeoutException`\n        :returns: the result of the last call to `method`\n        :raises: :exc:`selenium.common.exceptions.TimeoutException` if timeout occurs\n        \"\"\"\n        screen = None\n        stacktrace = None\n    \n        end_time = time.monotonic() + self._timeout\n        while True:\n            try:\n                value = method(self._driver)\n                if value:\n                    return value\n            except self._ignored_exceptions as exc:\n                screen = getattr(exc, \"screen\", None)\n                stacktrace = getattr(exc, \"stacktrace\", None)\n            time.sleep(self._poll)\n            if time.monotonic() > end_time:\n                break\n>       raise TimeoutException(message, screen, stacktrace)\nE       selenium.common.exceptions.TimeoutException: Message: \nE       Stacktrace:\nE       #0 0x560865b11f83 <unknown>\nE       #1 0x5608657cacf7 <unknown>\nE       #2 0x56086581a99e <unknown>\nE       #3 0x56086581aaa1 <unknown>\nE       #4 0x560865865d64 <unknown>\nE       #5 0x5608658440dd <unknown>\nE       #6 0x560865863006 <unknown>\nE       #7 0x560865843e53 <unknown>\nE       #8 0x56086580bdd4 <unknown>\nE       #9 0x56086580d1de <unknown>\nE       #10 0x560865ad6531 <unknown>\nE       #11 0x560865ada455 <unknown>\nE       #12 0x560865ac2f55 <unknown>\nE       #13 0x560865adb0ef <unknown>\nE       #14 0x560865aa699f <unknown>\nE       #15 0x560865aff008 <unknown>\nE       #16 0x560865aff1d7 <unknown>\nE       #17 0x560865b11124 <unknown>\nE       #18 0x7fdb2ee94ac3 <unknown>\n\n../../../.cache/pypoetry/virtualenvs/uk-bin-collection-EwS6Gn8s-py3.11/lib/python3.11/site-packages/selenium/webdriver/support/wait.py:95: TimeoutException","steps":[{"name":"Given the council: CalderdaleCouncil","time":{"start":1703717246983,"stop":1703717246983,"duration":0},"status":"passed","steps":[],"attachments":[],"parameters":[],"shouldDisplayMessage":false,"stepsCount":0,"attachmentsCount":0,"hasContent":false,"attachmentStep":false},{"name":"When we scrape the data from CalderdaleCouncil using local and the http://selenium:4444 is set","time":{"start":1703717246984,"stop":1703717282629,"duration":35645},"status":"failed","statusMessage":"Message: \nStacktrace:\n#0 0x560865b11f83 <unknown>\n#1 0x5608657cacf7 <unknown>\n#2 0x56086581a99e <unknown>\n#3 0x56086581aaa1 <unknown>\n#4 0x560865865d64 <unknown>\n#5 0x5608658440dd <unknown>\n#6 0x560865863006 <unknown>\n#7 0x560865843e53 <unknown>\n#8 0x56086580bdd4 <unknown>\n#9 0x56086580d1de <unknown>\n#10 0x560865ad6531 <unknown>\n#11 0x560865ada455 <unknown>\n#12 0x560865ac2f55 <unknown>\n#13 0x560865adb0ef <unknown>\n#14 0x560865aa699f <unknown>\n#15 0x560865aff008 <unknown>\n#16 0x560865aff1d7 <unknown>\n#17 0x560865b11124 <unknown>\n#18 0x7fdb2ee94ac3 <unknown>\n","statusTrace":"selenium.common.exceptions.TimeoutException: Message: \nStacktrace:\n#0 0x560865b11f83 <unknown>\n#1 0x5608657cacf7 <unknown>\n#2 0x56086581a99e <unknown>\n#3 0x56086581aaa1 <unknown>\n#4 0x560865865d64 <unknown>\n#5 0x5608658440dd <unknown>\n#6 0x560865863006 <unknown>\n#7 0x560865843e53 <unknown>\n#8 0x56086580bdd4 <unknown>\n#9 0x56086580d1de <unknown>\n#10 0x560865ad6531 <unknown>\n#11 0x560865ada455 <unknown>\n#12 0x560865ac2f55 <unknown>\n#13 0x560865adb0ef <unknown>\n#14 0x560865aa699f <unknown>\n#15 0x560865aff008 <unknown>\n#16 0x560865aff1d7 <unknown>\n#17 0x560865b11124 <unknown>\n#18 0x7fdb2ee94ac3 <unknown>\n\n","steps":[],"attachments":[],"parameters":[],"shouldDisplayMessage":true,"stepsCount":0,"attachmentsCount":0,"hasContent":true,"attachmentStep":false}],"attachments":[],"parameters":[],"shouldDisplayMessage":true,"stepsCount":2,"attachmentsCount":0,"hasContent":true,"attachmentStep":false},"afterStages":[],"labels":[{"name":"host","value":"fv-az777-743"},{"name":"thread","value":"2773-MainThread"},{"name":"framework","value":"pytest-bdd"},{"name":"language","value":"cpython3"},{"name":"feature","value":"Test each council output matches expected results"},{"name":"resultFormat","value":"allure2"}],"parameters":[{"name":"council","value":"CalderdaleCouncil"},{"name":"selenium_mode","value":"local"},{"name":"selenium_url","value":"http://selenium:4444"}],"links":[],"hidden":false,"retry":false,"extra":{"severity":"normal","retries":[],"categories":[{"name":"Product defects","matchedStatuses":[],"flaky":false}],"history":{"statistic":{"failed":1,"broken":0,"skipped":0,"passed":6,"unknown":0,"total":7},"items":[{"uid":"cdc71c928b9b9aab","reportUrl":"https://robbrad.github.io/UKBinCollectionData/3.11/1301//#testresult/cdc71c928b9b9aab","status":"passed","time":{"start":1703639697341,"stop":1703639706594,"duration":9253}},{"uid":"ef61523fcbd1f356","reportUrl":"https://robbrad.github.io/UKBinCollectionData/3.11/1300//#testresult/ef61523fcbd1f356","status":"passed","time":{"start":1703553288996,"stop":1703553301244,"duration":12248}},{"uid":"b5af3e7795c6bfb9","reportUrl":"https://robbrad.github.io/UKBinCollectionData/3.11/1298//#testresult/b5af3e7795c6bfb9","status":"passed","time":{"start":1703541085491,"stop":1703541092147,"duration":6656}},{"uid":"647dd599eedbb1a7","reportUrl":"https://robbrad.github.io/UKBinCollectionData/3.11/1295//#testresult/647dd599eedbb1a7","status":"passed","time":{"start":1703467064241,"stop":1703467076141,"duration":11900}},{"uid":"31c60db4dfdb5730","reportUrl":"https://robbrad.github.io/UKBinCollectionData/3.11/1292//#testresult/31c60db4dfdb5730","status":"passed","time":{"start":1703416361947,"stop":1703416374065,"duration":12118}},{"uid":"b5d25ed17c8f458b","reportUrl":"https://robbrad.github.io/UKBinCollectionData/3.11/1291//#testresult/b5d25ed17c8f458b","status":"passed","time":{"start":1703416327352,"stop":1703416336815,"duration":9463}}]},"tags":[]},"source":"9977a35d4ec3ad77.json","parameterValues":["CalderdaleCouncil","local","http://selenium:4444"]}