{"uid":"81ed1dd03c50e4cc","name":"Validate Council Output [PortsmouthCityCouncil]","fullName":"features/validate_council_outputs.feature:Validate Council Output","historyId":"cd64c168545c17f4e2ce269a29129461","time":{"start":1720572603357,"stop":1720572676150,"duration":72793},"status":"failed","statusMessage":"selenium.common.exceptions.NoSuchElementException: Message: Cannot locate option with value: 1775027504; For documentation on this error, please visit: https://www.selenium.dev/documentation/webdriver/troubleshooting/errors#no-such-element-exception","statusTrace":"fixturefunc = <function scrape_step at 0x7fd4f4cd6c00>\nrequest = <FixtureRequest for <Function test_scenario_outline[PortsmouthCityCouncil]>>\nkwargs = {'context': <test_validate_council.Context object at 0x7fd4f6ac42d0>, 'headless_mode': 'True', 'local_browser': 'False', 'selenium_url': 'http://localhost:4444'}\n\n    def call_fixture_func(\n        fixturefunc: \"_FixtureFunc[FixtureValue]\", request: FixtureRequest, kwargs\n    ) -> FixtureValue:\n        if is_generator(fixturefunc):\n            fixturefunc = cast(\n                Callable[..., Generator[FixtureValue, None, None]], fixturefunc\n            )\n            generator = fixturefunc(**kwargs)\n            try:\n                fixture_result = next(generator)\n            except StopIteration:\n                raise ValueError(f\"{request.fixturename} did not yield a value\") from None\n            finalizer = functools.partial(_teardown_yield_fixture, fixturefunc, generator)\n            request.addfinalizer(finalizer)\n        else:\n            fixturefunc = cast(Callable[..., FixtureValue], fixturefunc)\n>           fixture_result = fixturefunc(**kwargs)\n\n../../../.cache/pypoetry/virtualenvs/uk-bin-collection-EwS6Gn8s-py3.11/lib/python3.11/site-packages/_pytest/fixtures.py:887: \n_ _ _ _ _ _ _ _ _ _ _ _ _ _ _ _ _ _ _ _ _ _ _ _ _ _ _ _ _ _ _ _ _ _ _ _ _ _ _ _ \nuk_bin_collection/tests/step_defs/test_validate_council.py:100: in scrape_step\n    context.parse_result = CollectData.run()\nuk_bin_collection/uk_bin_collection/collect_data.py:101: in run\n    return self.client_code(\nuk_bin_collection/uk_bin_collection/collect_data.py:121: in client_code\n    return get_bin_data_class.template_method(address_url, **kwargs)\nuk_bin_collection/uk_bin_collection/get_bin_data.py:61: in template_method\n    bin_data_dict = self.get_and_parse_data(this_url, **kwargs)\nuk_bin_collection/uk_bin_collection/get_bin_data.py:84: in get_and_parse_data\n    bin_data_dict = self.parse_data(\"\", url=address_url, **kwargs)\nuk_bin_collection/uk_bin_collection/councils/PortsmouthCityCouncil.py:71: in parse_data\n    dropdownSelect.select_by_value(str(user_uprn))\n_ _ _ _ _ _ _ _ _ _ _ _ _ _ _ _ _ _ _ _ _ _ _ _ _ _ _ _ _ _ _ _ _ _ _ _ _ _ _ _ \n\nself = <selenium.webdriver.support.select.Select object at 0x7fd4f40f5f50>\nvalue = '1775027504'\n\n    def select_by_value(self, value: str) -> None:\n        \"\"\"Select all options that have a value matching the argument. That is,\n        when given \"foo\" this would select an option like:\n    \n        <option value=\"foo\">Bar</option>\n    \n        :Args:\n         - value - The value to match against\n    \n        throws NoSuchElementException If there is no option with specified value in SELECT\n        \"\"\"\n        css = f\"option[value ={self._escape_string(value)}]\"\n        opts = self._el.find_elements(By.CSS_SELECTOR, css)\n        matched = False\n        for opt in opts:\n            self._set_selected(opt)\n            if not self.is_multiple:\n                return\n            matched = True\n        if not matched:\n>           raise NoSuchElementException(f\"Cannot locate option with value: {value}\")\nE           selenium.common.exceptions.NoSuchElementException: Message: Cannot locate option with value: 1775027504; For documentation on this error, please visit: https://www.selenium.dev/documentation/webdriver/troubleshooting/errors#no-such-element-exception\n\n../../../.cache/pypoetry/virtualenvs/uk-bin-collection-EwS6Gn8s-py3.11/lib/python3.11/site-packages/selenium/webdriver/support/select.py:84: NoSuchElementException","flaky":false,"newFailed":true,"newBroken":false,"newPassed":false,"retriesCount":0,"retriesStatusChange":false,"beforeStages":[],"testStage":{"status":"failed","statusMessage":"selenium.common.exceptions.NoSuchElementException: Message: Cannot locate option with value: 1775027504; For documentation on this error, please visit: https://www.selenium.dev/documentation/webdriver/troubleshooting/errors#no-such-element-exception","statusTrace":"fixturefunc = <function scrape_step at 0x7fd4f4cd6c00>\nrequest = <FixtureRequest for <Function test_scenario_outline[PortsmouthCityCouncil]>>\nkwargs = {'context': <test_validate_council.Context object at 0x7fd4f6ac42d0>, 'headless_mode': 'True', 'local_browser': 'False', 'selenium_url': 'http://localhost:4444'}\n\n    def call_fixture_func(\n        fixturefunc: \"_FixtureFunc[FixtureValue]\", request: FixtureRequest, kwargs\n    ) -> FixtureValue:\n        if is_generator(fixturefunc):\n            fixturefunc = cast(\n                Callable[..., Generator[FixtureValue, None, None]], fixturefunc\n            )\n            generator = fixturefunc(**kwargs)\n            try:\n                fixture_result = next(generator)\n            except StopIteration:\n                raise ValueError(f\"{request.fixturename} did not yield a value\") from None\n            finalizer = functools.partial(_teardown_yield_fixture, fixturefunc, generator)\n            request.addfinalizer(finalizer)\n        else:\n            fixturefunc = cast(Callable[..., FixtureValue], fixturefunc)\n>           fixture_result = fixturefunc(**kwargs)\n\n../../../.cache/pypoetry/virtualenvs/uk-bin-collection-EwS6Gn8s-py3.11/lib/python3.11/site-packages/_pytest/fixtures.py:887: \n_ _ _ _ _ _ _ _ _ _ _ _ _ _ _ _ _ _ _ _ _ _ _ _ _ _ _ _ _ _ _ _ _ _ _ _ _ _ _ _ \nuk_bin_collection/tests/step_defs/test_validate_council.py:100: in scrape_step\n    context.parse_result = CollectData.run()\nuk_bin_collection/uk_bin_collection/collect_data.py:101: in run\n    return self.client_code(\nuk_bin_collection/uk_bin_collection/collect_data.py:121: in client_code\n    return get_bin_data_class.template_method(address_url, **kwargs)\nuk_bin_collection/uk_bin_collection/get_bin_data.py:61: in template_method\n    bin_data_dict = self.get_and_parse_data(this_url, **kwargs)\nuk_bin_collection/uk_bin_collection/get_bin_data.py:84: in get_and_parse_data\n    bin_data_dict = self.parse_data(\"\", url=address_url, **kwargs)\nuk_bin_collection/uk_bin_collection/councils/PortsmouthCityCouncil.py:71: in parse_data\n    dropdownSelect.select_by_value(str(user_uprn))\n_ _ _ _ _ _ _ _ _ _ _ _ _ _ _ _ _ _ _ _ _ _ _ _ _ _ _ _ _ _ _ _ _ _ _ _ _ _ _ _ \n\nself = <selenium.webdriver.support.select.Select object at 0x7fd4f40f5f50>\nvalue = '1775027504'\n\n    def select_by_value(self, value: str) -> None:\n        \"\"\"Select all options that have a value matching the argument. That is,\n        when given \"foo\" this would select an option like:\n    \n        <option value=\"foo\">Bar</option>\n    \n        :Args:\n         - value - The value to match against\n    \n        throws NoSuchElementException If there is no option with specified value in SELECT\n        \"\"\"\n        css = f\"option[value ={self._escape_string(value)}]\"\n        opts = self._el.find_elements(By.CSS_SELECTOR, css)\n        matched = False\n        for opt in opts:\n            self._set_selected(opt)\n            if not self.is_multiple:\n                return\n            matched = True\n        if not matched:\n>           raise NoSuchElementException(f\"Cannot locate option with value: {value}\")\nE           selenium.common.exceptions.NoSuchElementException: Message: Cannot locate option with value: 1775027504; For documentation on this error, please visit: https://www.selenium.dev/documentation/webdriver/troubleshooting/errors#no-such-element-exception\n\n../../../.cache/pypoetry/virtualenvs/uk-bin-collection-EwS6Gn8s-py3.11/lib/python3.11/site-packages/selenium/webdriver/support/select.py:84: NoSuchElementException","steps":[{"name":"Given the council","time":{"start":1720572603357,"stop":1720572603358,"duration":1},"status":"passed","steps":[],"attachments":[],"parameters":[],"shouldDisplayMessage":false,"stepsCount":0,"attachmentsCount":0,"hasContent":false,"attachmentStep":false},{"name":"When we scrape the data from the council","time":{"start":1720572603358,"stop":1720572676150,"duration":72792},"status":"failed","statusMessage":"Message: Cannot locate option with value: 1775027504; For documentation on this error, please visit: https://www.selenium.dev/documentation/webdriver/troubleshooting/errors#no-such-element-exception\n","statusTrace":"selenium.common.exceptions.NoSuchElementException: Message: Cannot locate option with value: 1775027504; For documentation on this error, please visit: https://www.selenium.dev/documentation/webdriver/troubleshooting/errors#no-such-element-exception\n\n","steps":[],"attachments":[],"parameters":[],"shouldDisplayMessage":true,"stepsCount":0,"attachmentsCount":0,"hasContent":true,"attachmentStep":false}],"attachments":[{"uid":"c7efd03c6e56417c","name":"stdout","source":"c7efd03c6e56417c.txt","type":"text/plain","size":267}],"parameters":[],"shouldDisplayMessage":true,"stepsCount":2,"attachmentsCount":1,"hasContent":true,"attachmentStep":false},"afterStages":[],"labels":[{"name":"host","value":"fv-az1383-17"},{"name":"thread","value":"2796-MainThread"},{"name":"framework","value":"pytest-bdd"},{"name":"language","value":"cpython3"},{"name":"feature","value":"Test each council output matches expected results"},{"name":"resultFormat","value":"allure2"}],"parameters":[{"name":"council","value":"PortsmouthCityCouncil"}],"links":[],"hidden":false,"retry":false,"extra":{"severity":"normal","retries":[],"categories":[{"name":"Product defects","matchedStatuses":[],"flaky":false}],"history":{"statistic":{"failed":1,"broken":0,"skipped":0,"passed":62,"unknown":0,"total":63},"items":[{"uid":"5905e12615d35aac","reportUrl":"https://robbrad.github.io/UKBinCollectionData/3.11/1976//#testresult/5905e12615d35aac","status":"passed","time":{"start":1720485571502,"stop":1720485728649,"duration":157147}},{"uid":"5dd5bc2456745886","reportUrl":"https://robbrad.github.io/UKBinCollectionData/3.11/1975//#testresult/5dd5bc2456745886","status":"passed","time":{"start":1720399276613,"stop":1720399331193,"duration":54580}},{"uid":"1613e27cf42142ba","reportUrl":"https://robbrad.github.io/UKBinCollectionData/3.11/1971//#testresult/1613e27cf42142ba","status":"passed","time":{"start":1720313087154,"stop":1720313123519,"duration":36365}},{"uid":"fff3c3afc5074cc5","reportUrl":"https://robbrad.github.io/UKBinCollectionData/3.11/1970//#testresult/fff3c3afc5074cc5","status":"passed","time":{"start":1720226579388,"stop":1720226600078,"duration":20690}},{"uid":"472671fb79da6d6a","reportUrl":"https://robbrad.github.io/UKBinCollectionData/3.11/1969//#testresult/472671fb79da6d6a","status":"passed","time":{"start":1720139814579,"stop":1720139959006,"duration":144427}},{"uid":"5a451be0875001bd","reportUrl":"https://robbrad.github.io/UKBinCollectionData/3.11/1968//#testresult/5a451be0875001bd","status":"passed","time":{"start":1720053438502,"stop":1720053493816,"duration":55314}},{"uid":"9cadc1c4912b38ad","reportUrl":"https://robbrad.github.io/UKBinCollectionData/3.11/1967//#testresult/9cadc1c4912b38ad","status":"passed","time":{"start":1719967020894,"stop":1719967075017,"duration":54123}},{"uid":"f74c3175103a2f70","reportUrl":"https://robbrad.github.io/UKBinCollectionData/3.11/1966//#testresult/f74c3175103a2f70","status":"passed","time":{"start":1719880792771,"stop":1719880817973,"duration":25202}},{"uid":"222c8aef47c4943b","reportUrl":"https://robbrad.github.io/UKBinCollectionData/3.11/1965//#testresult/222c8aef47c4943b","status":"passed","time":{"start":1719794692422,"stop":1719794856273,"duration":163851}},{"uid":"e8153934c5444c77","reportUrl":"https://robbrad.github.io/UKBinCollectionData/3.11/1964//#testresult/e8153934c5444c77","status":"passed","time":{"start":1719708205708,"stop":1719708235491,"duration":29783}},{"uid":"458093239ed818b5","reportUrl":"https://robbrad.github.io/UKBinCollectionData/3.11/1962//#testresult/458093239ed818b5","status":"passed","time":{"start":1719621409689,"stop":1719621469376,"duration":59687}},{"uid":"715606781eff204e","reportUrl":"https://robbrad.github.io/UKBinCollectionData/3.11/1958//#testresult/715606781eff204e","status":"passed","time":{"start":1719534980248,"stop":1719535037844,"duration":57596}},{"uid":"56c8416f3cce42ce","reportUrl":"https://robbrad.github.io/UKBinCollectionData/3.11/1954//#testresult/56c8416f3cce42ce","status":"passed","time":{"start":1719362543600,"stop":1719362568510,"duration":24910}},{"uid":"400bc686a79cbcd0","reportUrl":"https://robbrad.github.io/UKBinCollectionData/3.11/1953//#testresult/400bc686a79cbcd0","status":"passed","time":{"start":1719275919899,"stop":1719275939757,"duration":19858}},{"uid":"ec32a5acae3b262","reportUrl":"https://robbrad.github.io/UKBinCollectionData/3.11/1952//#testresult/ec32a5acae3b262","status":"passed","time":{"start":1719189810162,"stop":1719189831364,"duration":21202}},{"uid":"f21320c24a644e51","reportUrl":"https://robbrad.github.io/UKBinCollectionData/3.11/1951//#testresult/f21320c24a644e51","status":"passed","time":{"start":1719103301127,"stop":1719103395593,"duration":94466}},{"uid":"880fb5c85a205213","reportUrl":"https://robbrad.github.io/UKBinCollectionData/3.11/1950//#testresult/880fb5c85a205213","status":"passed","time":{"start":1719016947952,"stop":1719016966670,"duration":18718}},{"uid":"a7191105a9072189","reportUrl":"https://robbrad.github.io/UKBinCollectionData/3.11/1949//#testresult/a7191105a9072189","status":"passed","time":{"start":1718930567087,"stop":1718930741984,"duration":174897}},{"uid":"779bfb89d9cd441f","reportUrl":"https://robbrad.github.io/UKBinCollectionData/3.11/1948//#testresult/779bfb89d9cd441f","status":"passed","time":{"start":1718844113894,"stop":1718844238502,"duration":124608}},{"uid":"a6d27b15274e8387","reportUrl":"https://robbrad.github.io/UKBinCollectionData/3.11/1947//#testresult/a6d27b15274e8387","status":"passed","time":{"start":1718757806359,"stop":1718757844340,"duration":37981}}]},"tags":[]},"source":"81ed1dd03c50e4cc.json","parameterValues":["PortsmouthCityCouncil"]}