{"uid":"198a9d146f0b1b4a","name":"Validate Council Output [EastRidingCouncil-http://selenium:4444-local]","fullName":"features/validate_council_outputs.feature:Validate Council Output","historyId":"db3e594df94ba6e24f9d458b81f7e5a4","time":{"start":1702843520214,"stop":1702843587939,"duration":67725},"status":"failed","statusMessage":"selenium.common.exceptions.TimeoutException: Message: \nStacktrace:\n#0 0x55a689d73d33 <unknown>\n#1 0x55a689a30f87 <unknown>\n#2 0x55a689a80c0e <unknown>\n#3 0x55a689a80d11 <unknown>\n#4 0x55a689acc004 <unknown>\n#5 0x55a689aaa36d <unknown>\n#6 0x55a689ac9297 <unknown>\n#7 0x55a689aaa0e3 <unknown>\n#8 0x55a689a72044 <unknown>\n#9 0x55a689a7344e <unknown>\n#10 0x55a689d38861 <unknown>\n#11 0x55a689d3c785 <unknown>\n#12 0x55a689d26285 <unknown>\n#13 0x55a689d3d41f <unknown>\n#14 0x55a689d0a20f <unknown>\n#15 0x55a689d61028 <unknown>\n#16 0x55a689d611f7 <unknown>\n#17 0x55a689d72ed4 <unknown>\n#18 0x7fcfd6494ac3 <unknown>","statusTrace":"fixturefunc = <function scrape_step at 0x7f8535ce09a0>\nrequest = <FixtureRequest for <Function test_scenario_outline[EastRidingCouncil-http://selenium:4444-local]>>\nkwargs = {'context': <test_validate_council.context.<locals>.Context object at 0x7f853530ec90>, 'council': 'EastRidingCouncil', 'selenium_mode': 'local', 'selenium_url': 'http://selenium:4444'}\n\n    def call_fixture_func(\n        fixturefunc: \"_FixtureFunc[FixtureValue]\", request: FixtureRequest, kwargs\n    ) -> FixtureValue:\n        if is_generator(fixturefunc):\n            fixturefunc = cast(\n                Callable[..., Generator[FixtureValue, None, None]], fixturefunc\n            )\n            generator = fixturefunc(**kwargs)\n            try:\n                fixture_result = next(generator)\n            except StopIteration:\n                raise ValueError(f\"{request.fixturename} did not yield a value\") from None\n            finalizer = functools.partial(_teardown_yield_fixture, fixturefunc, generator)\n            request.addfinalizer(finalizer)\n        else:\n            fixturefunc = cast(Callable[..., FixtureValue], fixturefunc)\n>           fixture_result = fixturefunc(**kwargs)\n\n../../../.cache/pypoetry/virtualenvs/uk-bin-collection-EwS6Gn8s-py3.11/lib/python3.11/site-packages/_pytest/fixtures.py:902: \n_ _ _ _ _ _ _ _ _ _ _ _ _ _ _ _ _ _ _ _ _ _ _ _ _ _ _ _ _ _ _ _ _ _ _ _ _ _ _ _ \nuk_bin_collection/tests/step_defs/test_validate_council.py:75: in scrape_step\n    raise (err)\nuk_bin_collection/tests/step_defs/test_validate_council.py:71: in scrape_step\n    context.parse_result = CollectData.run()\nuk_bin_collection/uk_bin_collection/collect_data.py:82: in run\n    return self.client_code(\nuk_bin_collection/uk_bin_collection/collect_data.py:69: in client_code\n    return get_bin_data_class.template_method(address_url, **kwargs)\nuk_bin_collection/uk_bin_collection/get_bin_data.py:69: in template_method\n    bin_data_dict = self.parse_data(\nuk_bin_collection/uk_bin_collection/councils/EastRidingCouncil.py:64: in parse_data\n    dropdown = wait.until(\n_ _ _ _ _ _ _ _ _ _ _ _ _ _ _ _ _ _ _ _ _ _ _ _ _ _ _ _ _ _ _ _ _ _ _ _ _ _ _ _ \n\nself = <selenium.webdriver.support.wait.WebDriverWait (session=\"7968ce9e9ccd3594db9a8a1688eaa970\")>\nmethod = <function presence_of_element_located.<locals>._predicate at 0x7f8534ffa840>\nmessage = ''\n\n    def until(self, method, message: str = \"\"):\n        \"\"\"Calls the method provided with the driver as an argument until the \\\n        return value does not evaluate to ``False``.\n    \n        :param method: callable(WebDriver)\n        :param message: optional message for :exc:`TimeoutException`\n        :returns: the result of the last call to `method`\n        :raises: :exc:`selenium.common.exceptions.TimeoutException` if timeout occurs\n        \"\"\"\n        screen = None\n        stacktrace = None\n    \n        end_time = time.monotonic() + self._timeout\n        while True:\n            try:\n                value = method(self._driver)\n                if value:\n                    return value\n            except self._ignored_exceptions as exc:\n                screen = getattr(exc, \"screen\", None)\n                stacktrace = getattr(exc, \"stacktrace\", None)\n            time.sleep(self._poll)\n            if time.monotonic() > end_time:\n                break\n>       raise TimeoutException(message, screen, stacktrace)\nE       selenium.common.exceptions.TimeoutException: Message: \nE       Stacktrace:\nE       #0 0x55a689d73d33 <unknown>\nE       #1 0x55a689a30f87 <unknown>\nE       #2 0x55a689a80c0e <unknown>\nE       #3 0x55a689a80d11 <unknown>\nE       #4 0x55a689acc004 <unknown>\nE       #5 0x55a689aaa36d <unknown>\nE       #6 0x55a689ac9297 <unknown>\nE       #7 0x55a689aaa0e3 <unknown>\nE       #8 0x55a689a72044 <unknown>\nE       #9 0x55a689a7344e <unknown>\nE       #10 0x55a689d38861 <unknown>\nE       #11 0x55a689d3c785 <unknown>\nE       #12 0x55a689d26285 <unknown>\nE       #13 0x55a689d3d41f <unknown>\nE       #14 0x55a689d0a20f <unknown>\nE       #15 0x55a689d61028 <unknown>\nE       #16 0x55a689d611f7 <unknown>\nE       #17 0x55a689d72ed4 <unknown>\nE       #18 0x7fcfd6494ac3 <unknown>\n\n../../../.cache/pypoetry/virtualenvs/uk-bin-collection-EwS6Gn8s-py3.11/lib/python3.11/site-packages/selenium/webdriver/support/wait.py:95: TimeoutException","flaky":false,"newFailed":false,"newBroken":false,"newPassed":false,"retriesCount":0,"retriesStatusChange":false,"beforeStages":[],"testStage":{"status":"failed","statusMessage":"selenium.common.exceptions.TimeoutException: Message: \nStacktrace:\n#0 0x55a689d73d33 <unknown>\n#1 0x55a689a30f87 <unknown>\n#2 0x55a689a80c0e <unknown>\n#3 0x55a689a80d11 <unknown>\n#4 0x55a689acc004 <unknown>\n#5 0x55a689aaa36d <unknown>\n#6 0x55a689ac9297 <unknown>\n#7 0x55a689aaa0e3 <unknown>\n#8 0x55a689a72044 <unknown>\n#9 0x55a689a7344e <unknown>\n#10 0x55a689d38861 <unknown>\n#11 0x55a689d3c785 <unknown>\n#12 0x55a689d26285 <unknown>\n#13 0x55a689d3d41f <unknown>\n#14 0x55a689d0a20f <unknown>\n#15 0x55a689d61028 <unknown>\n#16 0x55a689d611f7 <unknown>\n#17 0x55a689d72ed4 <unknown>\n#18 0x7fcfd6494ac3 <unknown>","statusTrace":"fixturefunc = <function scrape_step at 0x7f8535ce09a0>\nrequest = <FixtureRequest for <Function test_scenario_outline[EastRidingCouncil-http://selenium:4444-local]>>\nkwargs = {'context': <test_validate_council.context.<locals>.Context object at 0x7f853530ec90>, 'council': 'EastRidingCouncil', 'selenium_mode': 'local', 'selenium_url': 'http://selenium:4444'}\n\n    def call_fixture_func(\n        fixturefunc: \"_FixtureFunc[FixtureValue]\", request: FixtureRequest, kwargs\n    ) -> FixtureValue:\n        if is_generator(fixturefunc):\n            fixturefunc = cast(\n                Callable[..., Generator[FixtureValue, None, None]], fixturefunc\n            )\n            generator = fixturefunc(**kwargs)\n            try:\n                fixture_result = next(generator)\n            except StopIteration:\n                raise ValueError(f\"{request.fixturename} did not yield a value\") from None\n            finalizer = functools.partial(_teardown_yield_fixture, fixturefunc, generator)\n            request.addfinalizer(finalizer)\n        else:\n            fixturefunc = cast(Callable[..., FixtureValue], fixturefunc)\n>           fixture_result = fixturefunc(**kwargs)\n\n../../../.cache/pypoetry/virtualenvs/uk-bin-collection-EwS6Gn8s-py3.11/lib/python3.11/site-packages/_pytest/fixtures.py:902: \n_ _ _ _ _ _ _ _ _ _ _ _ _ _ _ _ _ _ _ _ _ _ _ _ _ _ _ _ _ _ _ _ _ _ _ _ _ _ _ _ \nuk_bin_collection/tests/step_defs/test_validate_council.py:75: in scrape_step\n    raise (err)\nuk_bin_collection/tests/step_defs/test_validate_council.py:71: in scrape_step\n    context.parse_result = CollectData.run()\nuk_bin_collection/uk_bin_collection/collect_data.py:82: in run\n    return self.client_code(\nuk_bin_collection/uk_bin_collection/collect_data.py:69: in client_code\n    return get_bin_data_class.template_method(address_url, **kwargs)\nuk_bin_collection/uk_bin_collection/get_bin_data.py:69: in template_method\n    bin_data_dict = self.parse_data(\nuk_bin_collection/uk_bin_collection/councils/EastRidingCouncil.py:64: in parse_data\n    dropdown = wait.until(\n_ _ _ _ _ _ _ _ _ _ _ _ _ _ _ _ _ _ _ _ _ _ _ _ _ _ _ _ _ _ _ _ _ _ _ _ _ _ _ _ \n\nself = <selenium.webdriver.support.wait.WebDriverWait (session=\"7968ce9e9ccd3594db9a8a1688eaa970\")>\nmethod = <function presence_of_element_located.<locals>._predicate at 0x7f8534ffa840>\nmessage = ''\n\n    def until(self, method, message: str = \"\"):\n        \"\"\"Calls the method provided with the driver as an argument until the \\\n        return value does not evaluate to ``False``.\n    \n        :param method: callable(WebDriver)\n        :param message: optional message for :exc:`TimeoutException`\n        :returns: the result of the last call to `method`\n        :raises: :exc:`selenium.common.exceptions.TimeoutException` if timeout occurs\n        \"\"\"\n        screen = None\n        stacktrace = None\n    \n        end_time = time.monotonic() + self._timeout\n        while True:\n            try:\n                value = method(self._driver)\n                if value:\n                    return value\n            except self._ignored_exceptions as exc:\n                screen = getattr(exc, \"screen\", None)\n                stacktrace = getattr(exc, \"stacktrace\", None)\n            time.sleep(self._poll)\n            if time.monotonic() > end_time:\n                break\n>       raise TimeoutException(message, screen, stacktrace)\nE       selenium.common.exceptions.TimeoutException: Message: \nE       Stacktrace:\nE       #0 0x55a689d73d33 <unknown>\nE       #1 0x55a689a30f87 <unknown>\nE       #2 0x55a689a80c0e <unknown>\nE       #3 0x55a689a80d11 <unknown>\nE       #4 0x55a689acc004 <unknown>\nE       #5 0x55a689aaa36d <unknown>\nE       #6 0x55a689ac9297 <unknown>\nE       #7 0x55a689aaa0e3 <unknown>\nE       #8 0x55a689a72044 <unknown>\nE       #9 0x55a689a7344e <unknown>\nE       #10 0x55a689d38861 <unknown>\nE       #11 0x55a689d3c785 <unknown>\nE       #12 0x55a689d26285 <unknown>\nE       #13 0x55a689d3d41f <unknown>\nE       #14 0x55a689d0a20f <unknown>\nE       #15 0x55a689d61028 <unknown>\nE       #16 0x55a689d611f7 <unknown>\nE       #17 0x55a689d72ed4 <unknown>\nE       #18 0x7fcfd6494ac3 <unknown>\n\n../../../.cache/pypoetry/virtualenvs/uk-bin-collection-EwS6Gn8s-py3.11/lib/python3.11/site-packages/selenium/webdriver/support/wait.py:95: TimeoutException","steps":[{"name":"Given the council: EastRidingCouncil","time":{"start":1702843520214,"stop":1702843520215,"duration":1},"status":"passed","steps":[],"attachments":[],"parameters":[],"shouldDisplayMessage":false,"stepsCount":0,"attachmentsCount":0,"hasContent":false,"attachmentStep":false},{"name":"When we scrape the data from EastRidingCouncil using local and the http://selenium:4444 is set","time":{"start":1702843520215,"stop":1702843587939,"duration":67724},"status":"failed","statusMessage":"Message: \nStacktrace:\n#0 0x55a689d73d33 <unknown>\n#1 0x55a689a30f87 <unknown>\n#2 0x55a689a80c0e <unknown>\n#3 0x55a689a80d11 <unknown>\n#4 0x55a689acc004 <unknown>\n#5 0x55a689aaa36d <unknown>\n#6 0x55a689ac9297 <unknown>\n#7 0x55a689aaa0e3 <unknown>\n#8 0x55a689a72044 <unknown>\n#9 0x55a689a7344e <unknown>\n#10 0x55a689d38861 <unknown>\n#11 0x55a689d3c785 <unknown>\n#12 0x55a689d26285 <unknown>\n#13 0x55a689d3d41f <unknown>\n#14 0x55a689d0a20f <unknown>\n#15 0x55a689d61028 <unknown>\n#16 0x55a689d611f7 <unknown>\n#17 0x55a689d72ed4 <unknown>\n#18 0x7fcfd6494ac3 <unknown>\n","statusTrace":"selenium.common.exceptions.TimeoutException: Message: \nStacktrace:\n#0 0x55a689d73d33 <unknown>\n#1 0x55a689a30f87 <unknown>\n#2 0x55a689a80c0e <unknown>\n#3 0x55a689a80d11 <unknown>\n#4 0x55a689acc004 <unknown>\n#5 0x55a689aaa36d <unknown>\n#6 0x55a689ac9297 <unknown>\n#7 0x55a689aaa0e3 <unknown>\n#8 0x55a689a72044 <unknown>\n#9 0x55a689a7344e <unknown>\n#10 0x55a689d38861 <unknown>\n#11 0x55a689d3c785 <unknown>\n#12 0x55a689d26285 <unknown>\n#13 0x55a689d3d41f <unknown>\n#14 0x55a689d0a20f <unknown>\n#15 0x55a689d61028 <unknown>\n#16 0x55a689d611f7 <unknown>\n#17 0x55a689d72ed4 <unknown>\n#18 0x7fcfd6494ac3 <unknown>\n\n","steps":[],"attachments":[],"parameters":[],"shouldDisplayMessage":true,"stepsCount":0,"attachmentsCount":0,"hasContent":true,"attachmentStep":false}],"attachments":[],"parameters":[],"shouldDisplayMessage":true,"stepsCount":2,"attachmentsCount":0,"hasContent":true,"attachmentStep":false},"afterStages":[],"labels":[{"name":"host","value":"fv-az1014-649"},{"name":"thread","value":"2763-MainThread"},{"name":"framework","value":"pytest-bdd"},{"name":"language","value":"cpython3"},{"name":"feature","value":"Test each council output matches expected results"},{"name":"resultFormat","value":"allure2"}],"parameters":[{"name":"council","value":"EastRidingCouncil"},{"name":"selenium_mode","value":"local"},{"name":"selenium_url","value":"http://selenium:4444"}],"links":[],"hidden":false,"retry":false,"extra":{"severity":"normal","retries":[],"categories":[{"name":"Product defects","matchedStatuses":[],"flaky":false}],"history":{"statistic":{"failed":2,"broken":0,"skipped":0,"passed":0,"unknown":0,"total":2},"items":[{"uid":"8a13ff85d07f29f8","reportUrl":"https://robbrad.github.io/UKBinCollectionData/3.11/1270//#testresult/8a13ff85d07f29f8","status":"failed","statusDetails":"selenium.common.exceptions.TimeoutException: Message: \nStacktrace:\n#0 0x55f4a4bc8d33 <unknown>\n#1 0x55f4a4885f87 <unknown>\n#2 0x55f4a48d5c0e <unknown>\n#3 0x55f4a48d5d11 <unknown>\n#4 0x55f4a4921004 <unknown>\n#5 0x55f4a48ff36d <unknown>\n#6 0x55f4a491e297 <unknown>\n#7 0x55f4a48ff0e3 <unknown>\n#8 0x55f4a48c7044 <unknown>\n#9 0x55f4a48c844e <unknown>\n#10 0x55f4a4b8d861 <unknown>\n#11 0x55f4a4b91785 <unknown>\n#12 0x55f4a4b7b285 <unknown>\n#13 0x55f4a4b9241f <unknown>\n#14 0x55f4a4b5f20f <unknown>\n#15 0x55f4a4bb6028 <unknown>\n#16 0x55f4a4bb61f7 <unknown>\n#17 0x55f4a4bc7ed4 <unknown>\n#18 0x7fc888694ac3 <unknown>","time":{"start":1702809379586,"stop":1702809443147,"duration":63561}}]},"tags":[]},"source":"198a9d146f0b1b4a.json","parameterValues":["EastRidingCouncil","local","http://selenium:4444"]}