{"uid":"60be0b3dbff8dfcb","name":"Validate Council Output [CalderdaleCouncil]","fullName":"features/validate_council_outputs.feature:Validate Council Output","historyId":"1b9aa52f7d9bfc9f284315c06170da9f","time":{"start":1722557020173,"stop":1722557109860,"duration":89687},"status":"failed","statusMessage":"selenium.common.exceptions.TimeoutException: Message: \nStacktrace:\n#0 0x56000f8e36ba <unknown>\n#1 0x56000f5b3730 <unknown>\n#2 0x56000f602d9b <unknown>\n#3 0x56000f603081 <unknown>\n#4 0x56000f646cd4 <unknown>\n#5 0x56000f625a7d <unknown>\n#6 0x56000f6441ca <unknown>\n#7 0x56000f6257f3 <unknown>\n#8 0x56000f5f5ec9 <unknown>\n#9 0x56000f5f691e <unknown>\n#10 0x56000f8a99eb <unknown>\n#11 0x56000f8ad972 <unknown>\n#12 0x56000f896e15 <unknown>\n#13 0x56000f8ae502 <unknown>\n#14 0x56000f87bd2f <unknown>\n#15 0x56000f8d2578 <unknown>\n#16 0x56000f8d2750 <unknown>\n#17 0x56000f8e248c <unknown>\n#18 0x7faa0fd0aa94 <unknown>\n#19 0x7faa0fd97a34 __clone","statusTrace":"fixturefunc = <function scrape_step at 0x7fd03a1256c0>\nrequest = <FixtureRequest for <Function test_scenario_outline[CalderdaleCouncil]>>\nkwargs = {'context': <test_validate_council.Context object at 0x7fd04c283f50>, 'headless_mode': 'True', 'local_browser': 'False', 'selenium_url': 'http://localhost:4444'}\n\n    def call_fixture_func(\n        fixturefunc: _FixtureFunc[FixtureValue], request: FixtureRequest, kwargs\n    ) -> FixtureValue:\n        if is_generator(fixturefunc):\n            fixturefunc = cast(\n                Callable[..., Generator[FixtureValue, None, None]], fixturefunc\n            )\n            generator = fixturefunc(**kwargs)\n            try:\n                fixture_result = next(generator)\n            except StopIteration:\n                raise ValueError(f\"{request.fixturename} did not yield a value\") from None\n            finalizer = functools.partial(_teardown_yield_fixture, fixturefunc, generator)\n            request.addfinalizer(finalizer)\n        else:\n            fixturefunc = cast(Callable[..., FixtureValue], fixturefunc)\n>           fixture_result = fixturefunc(**kwargs)\n\n../../../.cache/pypoetry/virtualenvs/uk-bin-collection-EwS6Gn8s-py3.12/lib/python3.12/site-packages/_pytest/fixtures.py:897: \n_ _ _ _ _ _ _ _ _ _ _ _ _ _ _ _ _ _ _ _ _ _ _ _ _ _ _ _ _ _ _ _ _ _ _ _ _ _ _ _ \nuk_bin_collection/tests/step_defs/test_validate_council.py:100: in scrape_step\n    context.parse_result = CollectData.run()\nuk_bin_collection/uk_bin_collection/collect_data.py:101: in run\n    return self.client_code(\nuk_bin_collection/uk_bin_collection/collect_data.py:121: in client_code\n    return get_bin_data_class.template_method(address_url, **kwargs)\nuk_bin_collection/uk_bin_collection/get_bin_data.py:61: in template_method\n    bin_data_dict = self.get_and_parse_data(this_url, **kwargs)\nuk_bin_collection/uk_bin_collection/get_bin_data.py:84: in get_and_parse_data\n    bin_data_dict = self.parse_data(\"\", url=address_url, **kwargs)\nuk_bin_collection/uk_bin_collection/councils/CalderdaleCouncil.py:69: in parse_data\n    results = wait.until(EC.presence_of_element_located((By.ID, \"collection\")))\n_ _ _ _ _ _ _ _ _ _ _ _ _ _ _ _ _ _ _ _ _ _ _ _ _ _ _ _ _ _ _ _ _ _ _ _ _ _ _ _ \n\nself = <selenium.webdriver.support.wait.WebDriverWait (session=\"da770c66cf43628214f1d6a3fdd61372\")>\nmethod = <function presence_of_element_located.<locals>._predicate at 0x7fd039e76020>\nmessage = ''\n\n    def until(self, method: Callable[[D], Union[Literal[False], T]], message: str = \"\") -> T:\n        \"\"\"Calls the method provided with the driver as an argument until the \\\n        return value does not evaluate to ``False``.\n    \n        :param method: callable(WebDriver)\n        :param message: optional message for :exc:`TimeoutException`\n        :returns: the result of the last call to `method`\n        :raises: :exc:`selenium.common.exceptions.TimeoutException` if timeout occurs\n        \"\"\"\n        screen = None\n        stacktrace = None\n    \n        end_time = time.monotonic() + self._timeout\n        while True:\n            try:\n                value = method(self._driver)\n                if value:\n                    return value\n            except self._ignored_exceptions as exc:\n                screen = getattr(exc, \"screen\", None)\n                stacktrace = getattr(exc, \"stacktrace\", None)\n            time.sleep(self._poll)\n            if time.monotonic() > end_time:\n                break\n>       raise TimeoutException(message, screen, stacktrace)\nE       selenium.common.exceptions.TimeoutException: Message: \nE       Stacktrace:\nE       #0 0x56000f8e36ba <unknown>\nE       #1 0x56000f5b3730 <unknown>\nE       #2 0x56000f602d9b <unknown>\nE       #3 0x56000f603081 <unknown>\nE       #4 0x56000f646cd4 <unknown>\nE       #5 0x56000f625a7d <unknown>\nE       #6 0x56000f6441ca <unknown>\nE       #7 0x56000f6257f3 <unknown>\nE       #8 0x56000f5f5ec9 <unknown>\nE       #9 0x56000f5f691e <unknown>\nE       #10 0x56000f8a99eb <unknown>\nE       #11 0x56000f8ad972 <unknown>\nE       #12 0x56000f896e15 <unknown>\nE       #13 0x56000f8ae502 <unknown>\nE       #14 0x56000f87bd2f <unknown>\nE       #15 0x56000f8d2578 <unknown>\nE       #16 0x56000f8d2750 <unknown>\nE       #17 0x56000f8e248c <unknown>\nE       #18 0x7faa0fd0aa94 <unknown>\nE       #19 0x7faa0fd97a34 __clone\n\n../../../.cache/pypoetry/virtualenvs/uk-bin-collection-EwS6Gn8s-py3.12/lib/python3.12/site-packages/selenium/webdriver/support/wait.py:105: TimeoutException","flaky":true,"newFailed":true,"newBroken":false,"newPassed":false,"retriesCount":0,"retriesStatusChange":false,"beforeStages":[],"testStage":{"status":"failed","statusMessage":"selenium.common.exceptions.TimeoutException: Message: \nStacktrace:\n#0 0x56000f8e36ba <unknown>\n#1 0x56000f5b3730 <unknown>\n#2 0x56000f602d9b <unknown>\n#3 0x56000f603081 <unknown>\n#4 0x56000f646cd4 <unknown>\n#5 0x56000f625a7d <unknown>\n#6 0x56000f6441ca <unknown>\n#7 0x56000f6257f3 <unknown>\n#8 0x56000f5f5ec9 <unknown>\n#9 0x56000f5f691e <unknown>\n#10 0x56000f8a99eb <unknown>\n#11 0x56000f8ad972 <unknown>\n#12 0x56000f896e15 <unknown>\n#13 0x56000f8ae502 <unknown>\n#14 0x56000f87bd2f <unknown>\n#15 0x56000f8d2578 <unknown>\n#16 0x56000f8d2750 <unknown>\n#17 0x56000f8e248c <unknown>\n#18 0x7faa0fd0aa94 <unknown>\n#19 0x7faa0fd97a34 __clone","statusTrace":"fixturefunc = <function scrape_step at 0x7fd03a1256c0>\nrequest = <FixtureRequest for <Function test_scenario_outline[CalderdaleCouncil]>>\nkwargs = {'context': <test_validate_council.Context object at 0x7fd04c283f50>, 'headless_mode': 'True', 'local_browser': 'False', 'selenium_url': 'http://localhost:4444'}\n\n    def call_fixture_func(\n        fixturefunc: _FixtureFunc[FixtureValue], request: FixtureRequest, kwargs\n    ) -> FixtureValue:\n        if is_generator(fixturefunc):\n            fixturefunc = cast(\n                Callable[..., Generator[FixtureValue, None, None]], fixturefunc\n            )\n            generator = fixturefunc(**kwargs)\n            try:\n                fixture_result = next(generator)\n            except StopIteration:\n                raise ValueError(f\"{request.fixturename} did not yield a value\") from None\n            finalizer = functools.partial(_teardown_yield_fixture, fixturefunc, generator)\n            request.addfinalizer(finalizer)\n        else:\n            fixturefunc = cast(Callable[..., FixtureValue], fixturefunc)\n>           fixture_result = fixturefunc(**kwargs)\n\n../../../.cache/pypoetry/virtualenvs/uk-bin-collection-EwS6Gn8s-py3.12/lib/python3.12/site-packages/_pytest/fixtures.py:897: \n_ _ _ _ _ _ _ _ _ _ _ _ _ _ _ _ _ _ _ _ _ _ _ _ _ _ _ _ _ _ _ _ _ _ _ _ _ _ _ _ \nuk_bin_collection/tests/step_defs/test_validate_council.py:100: in scrape_step\n    context.parse_result = CollectData.run()\nuk_bin_collection/uk_bin_collection/collect_data.py:101: in run\n    return self.client_code(\nuk_bin_collection/uk_bin_collection/collect_data.py:121: in client_code\n    return get_bin_data_class.template_method(address_url, **kwargs)\nuk_bin_collection/uk_bin_collection/get_bin_data.py:61: in template_method\n    bin_data_dict = self.get_and_parse_data(this_url, **kwargs)\nuk_bin_collection/uk_bin_collection/get_bin_data.py:84: in get_and_parse_data\n    bin_data_dict = self.parse_data(\"\", url=address_url, **kwargs)\nuk_bin_collection/uk_bin_collection/councils/CalderdaleCouncil.py:69: in parse_data\n    results = wait.until(EC.presence_of_element_located((By.ID, \"collection\")))\n_ _ _ _ _ _ _ _ _ _ _ _ _ _ _ _ _ _ _ _ _ _ _ _ _ _ _ _ _ _ _ _ _ _ _ _ _ _ _ _ \n\nself = <selenium.webdriver.support.wait.WebDriverWait (session=\"da770c66cf43628214f1d6a3fdd61372\")>\nmethod = <function presence_of_element_located.<locals>._predicate at 0x7fd039e76020>\nmessage = ''\n\n    def until(self, method: Callable[[D], Union[Literal[False], T]], message: str = \"\") -> T:\n        \"\"\"Calls the method provided with the driver as an argument until the \\\n        return value does not evaluate to ``False``.\n    \n        :param method: callable(WebDriver)\n        :param message: optional message for :exc:`TimeoutException`\n        :returns: the result of the last call to `method`\n        :raises: :exc:`selenium.common.exceptions.TimeoutException` if timeout occurs\n        \"\"\"\n        screen = None\n        stacktrace = None\n    \n        end_time = time.monotonic() + self._timeout\n        while True:\n            try:\n                value = method(self._driver)\n                if value:\n                    return value\n            except self._ignored_exceptions as exc:\n                screen = getattr(exc, \"screen\", None)\n                stacktrace = getattr(exc, \"stacktrace\", None)\n            time.sleep(self._poll)\n            if time.monotonic() > end_time:\n                break\n>       raise TimeoutException(message, screen, stacktrace)\nE       selenium.common.exceptions.TimeoutException: Message: \nE       Stacktrace:\nE       #0 0x56000f8e36ba <unknown>\nE       #1 0x56000f5b3730 <unknown>\nE       #2 0x56000f602d9b <unknown>\nE       #3 0x56000f603081 <unknown>\nE       #4 0x56000f646cd4 <unknown>\nE       #5 0x56000f625a7d <unknown>\nE       #6 0x56000f6441ca <unknown>\nE       #7 0x56000f6257f3 <unknown>\nE       #8 0x56000f5f5ec9 <unknown>\nE       #9 0x56000f5f691e <unknown>\nE       #10 0x56000f8a99eb <unknown>\nE       #11 0x56000f8ad972 <unknown>\nE       #12 0x56000f896e15 <unknown>\nE       #13 0x56000f8ae502 <unknown>\nE       #14 0x56000f87bd2f <unknown>\nE       #15 0x56000f8d2578 <unknown>\nE       #16 0x56000f8d2750 <unknown>\nE       #17 0x56000f8e248c <unknown>\nE       #18 0x7faa0fd0aa94 <unknown>\nE       #19 0x7faa0fd97a34 __clone\n\n../../../.cache/pypoetry/virtualenvs/uk-bin-collection-EwS6Gn8s-py3.12/lib/python3.12/site-packages/selenium/webdriver/support/wait.py:105: TimeoutException","steps":[{"name":"Given the council","time":{"start":1722557020174,"stop":1722557020174,"duration":0},"status":"passed","steps":[],"attachments":[],"parameters":[],"shouldDisplayMessage":false,"stepsCount":0,"attachmentsCount":0,"hasContent":false,"attachmentStep":false},{"name":"When we scrape the data from the council","time":{"start":1722557020174,"stop":1722557109860,"duration":89686},"status":"failed","statusMessage":"Message: \nStacktrace:\n#0 0x56000f8e36ba <unknown>\n#1 0x56000f5b3730 <unknown>\n#2 0x56000f602d9b <unknown>\n#3 0x56000f603081 <unknown>\n#4 0x56000f646cd4 <unknown>\n#5 0x56000f625a7d <unknown>\n#6 0x56000f6441ca <unknown>\n#7 0x56000f6257f3 <unknown>\n#8 0x56000f5f5ec9 <unknown>\n#9 0x56000f5f691e <unknown>\n#10 0x56000f8a99eb <unknown>\n#11 0x56000f8ad972 <unknown>\n#12 0x56000f896e15 <unknown>\n#13 0x56000f8ae502 <unknown>\n#14 0x56000f87bd2f <unknown>\n#15 0x56000f8d2578 <unknown>\n#16 0x56000f8d2750 <unknown>\n#17 0x56000f8e248c <unknown>\n#18 0x7faa0fd0aa94 <unknown>\n#19 0x7faa0fd97a34 __clone\n","statusTrace":"selenium.common.exceptions.TimeoutException: Message: \nStacktrace:\n#0 0x56000f8e36ba <unknown>\n#1 0x56000f5b3730 <unknown>\n#2 0x56000f602d9b <unknown>\n#3 0x56000f603081 <unknown>\n#4 0x56000f646cd4 <unknown>\n#5 0x56000f625a7d <unknown>\n#6 0x56000f6441ca <unknown>\n#7 0x56000f6257f3 <unknown>\n#8 0x56000f5f5ec9 <unknown>\n#9 0x56000f5f691e <unknown>\n#10 0x56000f8a99eb <unknown>\n#11 0x56000f8ad972 <unknown>\n#12 0x56000f896e15 <unknown>\n#13 0x56000f8ae502 <unknown>\n#14 0x56000f87bd2f <unknown>\n#15 0x56000f8d2578 <unknown>\n#16 0x56000f8d2750 <unknown>\n#17 0x56000f8e248c <unknown>\n#18 0x7faa0fd0aa94 <unknown>\n#19 0x7faa0fd97a34 __clone\n\n","steps":[],"attachments":[],"parameters":[],"shouldDisplayMessage":true,"stepsCount":0,"attachmentsCount":0,"hasContent":true,"attachmentStep":false}],"attachments":[{"uid":"b0cc295272ff6cb3","name":"stdout","source":"b0cc295272ff6cb3.txt","type":"text/plain","size":654}],"parameters":[],"shouldDisplayMessage":true,"stepsCount":2,"attachmentsCount":1,"hasContent":true,"attachmentStep":false},"afterStages":[],"labels":[{"name":"host","value":"fv-az768-119"},{"name":"thread","value":"2785-MainThread"},{"name":"framework","value":"pytest-bdd"},{"name":"language","value":"cpython3"},{"name":"feature","value":"Test each council output matches expected results"},{"name":"resultFormat","value":"allure2"}],"parameters":[{"name":"council","value":"CalderdaleCouncil"}],"links":[],"hidden":false,"retry":false,"extra":{"severity":"normal","retries":[],"categories":[{"name":"Product defects","matchedStatuses":[],"flaky":false}],"history":{"statistic":{"failed":11,"broken":0,"skipped":0,"passed":74,"unknown":0,"total":85},"items":[{"uid":"883a6e75ce108559","reportUrl":"https://robbrad.github.io/UKBinCollectionData/3.12/2002//#testresult/883a6e75ce108559","status":"passed","time":{"start":1722470499130,"stop":1722470544040,"duration":44910}},{"uid":"2000ef1409cb30d8","reportUrl":"https://robbrad.github.io/UKBinCollectionData/3.12/1998//#testresult/2000ef1409cb30d8","status":"passed","time":{"start":1722384105992,"stop":1722384227208,"duration":121216}},{"uid":"ac9a5c2322a36dc1","reportUrl":"https://robbrad.github.io/UKBinCollectionData/3.12/1997//#testresult/ac9a5c2322a36dc1","status":"passed","time":{"start":1722297706068,"stop":1722297746815,"duration":40747}},{"uid":"ebedbedd54f3e34a","reportUrl":"https://robbrad.github.io/UKBinCollectionData/3.12/1996//#testresult/ebedbedd54f3e34a","status":"failed","statusDetails":"selenium.common.exceptions.TimeoutException: Message: \nStacktrace:\n#0 0x5622156896ba <unknown>\n#1 0x562215359730 <unknown>\n#2 0x5622153a8d9b <unknown>\n#3 0x5622153a9081 <unknown>\n#4 0x5622153eccd4 <unknown>\n#5 0x5622153cba7d <unknown>\n#6 0x5622153ea1ca <unknown>\n#7 0x5622153cb7f3 <unknown>\n#8 0x56221539bec9 <unknown>\n#9 0x56221539c91e <unknown>\n#10 0x56221564f9eb <unknown>\n#11 0x562215653972 <unknown>\n#12 0x56221563ce15 <unknown>\n#13 0x562215654502 <unknown>\n#14 0x562215621d2f <unknown>\n#15 0x562215678578 <unknown>\n#16 0x562215678750 <unknown>\n#17 0x56221568848c <unknown>\n#18 0x7fb922bc1a94 <unknown>\n#19 0x7fb922c4ea34 __clone","time":{"start":1722211299184,"stop":1722211389574,"duration":90390}},{"uid":"c688ebd7b4736eb6","reportUrl":"https://robbrad.github.io/UKBinCollectionData/3.12/1995//#testresult/c688ebd7b4736eb6","status":"failed","statusDetails":"selenium.common.exceptions.SessionNotCreatedException: Message: Could not start a new session. New session request timed out \nHost info: host: 'selenium', ip: '172.18.0.2'\nBuild info: version: '4.23.0', revision: '77010cd'\nSystem info: os.name: 'Linux', os.arch: 'amd64', os.version: '6.5.0-1024-azure', java.version: '17.0.11'\nDriver info: driver.version: unknown\nStacktrace:\n    at org.openqa.selenium.grid.sessionqueue.local.LocalNewSessionQueue.addToQueue (LocalNewSessionQueue.java:221)\n    at org.openqa.selenium.grid.sessionqueue.NewSessionQueue.lambda$new$0 (NewSessionQueue.java:68)\n    at org.openqa.selenium.remote.http.Route$TemplatizedRoute.handle (Route.java:192)\n    at org.openqa.selenium.remote.http.Route.execute (Route.java:69)\n    at org.openqa.selenium.remote.http.Route$CombinedRoute.handle (Route.java:360)\n    at org.openqa.selenium.remote.http.Route.execute (Route.java:69)\n    at org.openqa.selenium.grid.sessionqueue.NewSessionQueue.execute (NewSessionQueue.java:128)\n    at org.openqa.selenium.remote.tracing.SpanWrappedHttpHandler.execute (SpanWrappedHttpHandler.java:87)\n    at org.openqa.selenium.remote.http.Filter$1.execute (Filter.java:63)\n    at org.openqa.selenium.remote.http.Route$CombinedRoute.handle (Route.java:360)\n    at org.openqa.selenium.remote.http.Route.execute (Route.java:69)\n    at org.openqa.selenium.grid.router.Router.execute (Router.java:87)\n    at org.openqa.selenium.grid.web.EnsureSpecCompliantResponseHeaders.lambda$apply$0 (EnsureSpecCompliantResponseHeaders.java:34)\n    at org.openqa.selenium.remote.http.Filter$1.execute (Filter.java:63)\n    at org.openqa.selenium.remote.http.Route$CombinedRoute.handle (Route.java:360)\n    at org.openqa.selenium.remote.http.Route.execute (Route.java:69)\n    at org.openqa.selenium.remote.AddWebDriverSpecHeaders.lambda$apply$0 (AddWebDriverSpecHeaders.java:35)\n    at org.openqa.selenium.remote.ErrorFilter.lambda$apply$0 (ErrorFilter.java:44)\n    at org.openqa.selenium.remote.http.Filter$1.execute (Filter.java:63)\n    at org.openqa.selenium.remote.ErrorFilter.lambda$apply$0 (ErrorFilter.java:44)\n    at org.openqa.selenium.remote.http.Filter$1.execute (Filter.java:63)\n    at org.openqa.selenium.netty.server.SeleniumHandler.lambda$channelRead0$0 (SeleniumHandler.java:44)\n    at java.util.concurrent.Executors$RunnableAdapter.call (Executors.java:539)\n    at java.util.concurrent.FutureTask.run (FutureTask.java:264)\n    at java.util.concurrent.ThreadPoolExecutor.runWorker (ThreadPoolExecutor.java:1136)\n    at java.util.concurrent.ThreadPoolExecutor$Worker.run (ThreadPoolExecutor.java:635)\n    at java.lang.Thread.run (Thread.java:840)","time":{"start":1722124920392,"stop":1722125220454,"duration":300062}},{"uid":"e097658f0b2df866","reportUrl":"https://robbrad.github.io/UKBinCollectionData/3.12/1994//#testresult/e097658f0b2df866","status":"passed","time":{"start":1722038500507,"stop":1722038606434,"duration":105927}},{"uid":"399d54f945949466","reportUrl":"https://robbrad.github.io/UKBinCollectionData/3.12/1993//#testresult/399d54f945949466","status":"passed","time":{"start":1721952099121,"stop":1721952148710,"duration":49589}},{"uid":"b238266cac942299","reportUrl":"https://robbrad.github.io/UKBinCollectionData/3.12/1992//#testresult/b238266cac942299","status":"passed","time":{"start":1721865692090,"stop":1721865805394,"duration":113304}},{"uid":"8705a90a704d4598","reportUrl":"https://robbrad.github.io/UKBinCollectionData/3.12/1991//#testresult/8705a90a704d4598","status":"passed","time":{"start":1721779295830,"stop":1721779404159,"duration":108329}},{"uid":"8d5637aa7e8739bd","reportUrl":"https://robbrad.github.io/UKBinCollectionData/3.12/1990//#testresult/8d5637aa7e8739bd","status":"passed","time":{"start":1721692906307,"stop":1721692942097,"duration":35790}},{"uid":"d7c3c129e30fc8e0","reportUrl":"https://robbrad.github.io/UKBinCollectionData/3.12/1989//#testresult/d7c3c129e30fc8e0","status":"passed","time":{"start":1721606514701,"stop":1721606547607,"duration":32906}},{"uid":"ade45182ed8606a3","reportUrl":"https://robbrad.github.io/UKBinCollectionData/3.12/1988//#testresult/ade45182ed8606a3","status":"passed","time":{"start":1721520114527,"stop":1721520147857,"duration":33330}},{"uid":"f3f9fb3d07974961","reportUrl":"https://robbrad.github.io/UKBinCollectionData/3.12/1987//#testresult/f3f9fb3d07974961","status":"passed","time":{"start":1721433708898,"stop":1721433800564,"duration":91666}},{"uid":"ad6940f4e275a568","reportUrl":"https://robbrad.github.io/UKBinCollectionData/3.12/1986//#testresult/ad6940f4e275a568","status":"passed","time":{"start":1721371810823,"stop":1721371904116,"duration":93293}},{"uid":"6af40619dd13b1ec","reportUrl":"https://robbrad.github.io/UKBinCollectionData/3.12/1985//#testresult/6af40619dd13b1ec","status":"failed","statusDetails":"selenium.common.exceptions.SessionNotCreatedException: Message: Could not start a new session. New session request timed out \nHost info: host: 'selenium', ip: '172.18.0.2'\nBuild info: version: '4.22.0', revision: 'c5f3146703'\nSystem info: os.name: 'Linux', os.arch: 'amd64', os.version: '6.5.0-1023-azure', java.version: '17.0.11'\nDriver info: driver.version: unknown\nStacktrace:\n    at org.openqa.selenium.grid.sessionqueue.local.LocalNewSessionQueue.addToQueue (LocalNewSessionQueue.java:221)\n    at org.openqa.selenium.grid.sessionqueue.NewSessionQueue.lambda$new$0 (NewSessionQueue.java:68)\n    at org.openqa.selenium.remote.http.Route$TemplatizedRoute.handle (Route.java:192)\n    at org.openqa.selenium.remote.http.Route.execute (Route.java:69)\n    at org.openqa.selenium.remote.http.Route$CombinedRoute.handle (Route.java:360)\n    at org.openqa.selenium.remote.http.Route.execute (Route.java:69)\n    at org.openqa.selenium.grid.sessionqueue.NewSessionQueue.execute (NewSessionQueue.java:128)\n    at org.openqa.selenium.remote.tracing.SpanWrappedHttpHandler.execute (SpanWrappedHttpHandler.java:87)\n    at org.openqa.selenium.remote.http.Filter$1.execute (Filter.java:63)\n    at org.openqa.selenium.remote.http.Route$CombinedRoute.handle (Route.java:360)\n    at org.openqa.selenium.remote.http.Route.execute (Route.java:69)\n    at org.openqa.selenium.grid.router.Router.execute (Router.java:87)\n    at org.openqa.selenium.grid.web.EnsureSpecCompliantResponseHeaders.lambda$apply$0 (EnsureSpecCompliantResponseHeaders.java:34)\n    at org.openqa.selenium.remote.http.Filter$1.execute (Filter.java:63)\n    at org.openqa.selenium.remote.http.Route$CombinedRoute.handle (Route.java:360)\n    at org.openqa.selenium.remote.http.Route.execute (Route.java:69)\n    at org.openqa.selenium.remote.AddWebDriverSpecHeaders.lambda$apply$0 (AddWebDriverSpecHeaders.java:35)\n    at org.openqa.selenium.remote.ErrorFilter.lambda$apply$0 (ErrorFilter.java:44)\n    at org.openqa.selenium.remote.http.Filter$1.execute (Filter.java:63)\n    at org.openqa.selenium.remote.ErrorFilter.lambda$apply$0 (ErrorFilter.java:44)\n    at org.openqa.selenium.remote.http.Filter$1.execute (Filter.java:63)\n    at org.openqa.selenium.netty.server.SeleniumHandler.lambda$channelRead0$0 (SeleniumHandler.java:44)\n    at java.util.concurrent.Executors$RunnableAdapter.call (None:-1)\n    at java.util.concurrent.FutureTask.run (None:-1)\n    at java.util.concurrent.ThreadPoolExecutor.runWorker (None:-1)\n    at java.util.concurrent.ThreadPoolExecutor$Worker.run (None:-1)\n    at java.lang.Thread.run (None:-1)","time":{"start":1721262668532,"stop":1721262968755,"duration":300223}},{"uid":"8ab21977e0b889ef","reportUrl":"https://robbrad.github.io/UKBinCollectionData/3.12/1984//#testresult/8ab21977e0b889ef","status":"passed","time":{"start":1721176205410,"stop":1721176241967,"duration":36557}},{"uid":"b426f57b860c0b28","reportUrl":"https://robbrad.github.io/UKBinCollectionData/3.12/1983//#testresult/b426f57b860c0b28","status":"passed","time":{"start":1721089797044,"stop":1721089837688,"duration":40644}},{"uid":"f474a02543fe0663","reportUrl":"https://robbrad.github.io/UKBinCollectionData/3.12/1982//#testresult/f474a02543fe0663","status":"failed","statusDetails":"selenium.common.exceptions.TimeoutException: Message: \nStacktrace:\n#0 0x55eceda6869a <unknown>\n#1 0x55eced74b0dc <unknown>\n#2 0x55eced797931 <unknown>\n#3 0x55eced797a21 <unknown>\n#4 0x55eced7dc234 <unknown>\n#5 0x55eced7ba89d <unknown>\n#6 0x55eced7d95c3 <unknown>\n#7 0x55eced7ba613 <unknown>\n#8 0x55eced78a4f7 <unknown>\n#9 0x55eced78ae4e <unknown>\n#10 0x55eceda2e86b <unknown>\n#11 0x55eceda32911 <unknown>\n#12 0x55eceda1a35e <unknown>\n#13 0x55eceda33472 <unknown>\n#14 0x55eced9fecbf <unknown>\n#15 0x55eceda58098 <unknown>\n#16 0x55eceda58270 <unknown>\n#17 0x55eceda677cc <unknown>\n#18 0x7f514e7caac3 <unknown>","time":{"start":1721003490557,"stop":1721003579523,"duration":88966}},{"uid":"23a0311460c723a","reportUrl":"https://robbrad.github.io/UKBinCollectionData/3.12/1981//#testresult/23a0311460c723a","status":"passed","time":{"start":1720917210611,"stop":1720917239762,"duration":29151}},{"uid":"582d6dcc8d5ce57b","reportUrl":"https://robbrad.github.io/UKBinCollectionData/3.12/1980//#testresult/582d6dcc8d5ce57b","status":"passed","time":{"start":1720830583988,"stop":1720830622978,"duration":38990}}]},"tags":[]},"source":"60be0b3dbff8dfcb.json","parameterValues":["CalderdaleCouncil"]}