{"uid":"1e8edcf973a59250","name":"Validate Council Output [BarnetCouncil-http://selenium:4444-local]","fullName":"features/validate_council_outputs.feature:Validate Council Output","historyId":"cc586f88bb959e318f31a1e5c380b8cb","time":{"start":1710635305000,"stop":1710635329032,"duration":24032},"status":"failed","statusMessage":"selenium.common.exceptions.ElementClickInterceptedException: Message: element click intercepted: Element is not clickable at point (69, 1536)\n  (Session info: chrome-headless-shell=122.0.6261.111)\nStacktrace:\n#0 0x5fdb9d6c3f33 <unknown>\n#1 0x5fdb9d3bbce6 <unknown>\n#2 0x5fdb9d40da73 <unknown>\n#3 0x5fdb9d40b98e <unknown>\n#4 0x5fdb9d409367 <unknown>\n#5 0x5fdb9d408732 <unknown>\n#6 0x5fdb9d3fbd27 <unknown>\n#7 0x5fdb9d428eb2 <unknown>\n#8 0x5fdb9d3fb6b8 <unknown>\n#9 0x5fdb9d42907e <unknown>\n#10 0x5fdb9d447899 <unknown>\n#11 0x5fdb9d428c53 <unknown>\n#12 0x5fdb9d3f9db3 <unknown>\n#13 0x5fdb9d3fa77e <unknown>\n#14 0x5fdb9d68986b <unknown>\n#15 0x5fdb9d68d885 <unknown>\n#16 0x5fdb9d677181 <unknown>\n#17 0x5fdb9d68e412 <unknown>\n#18 0x5fdb9d65b25f <unknown>\n#19 0x5fdb9d6b2528 <unknown>\n#20 0x5fdb9d6b2723 <unknown>\n#21 0x5fdb9d6c30e4 <unknown>\n#22 0x7f8b12c94ac3 <unknown>","statusTrace":"fixturefunc = <function scrape_step at 0x72d0a9d3ee60>\nrequest = <FixtureRequest for <Function test_scenario_outline[BarnetCouncil-http://selenium:4444-local]>>\nkwargs = {'context': <test_validate_council.context.<locals>.Context object at 0x72d0bca2edd0>, 'council': 'BarnetCouncil', 'selenium_mode': 'local', 'selenium_url': 'http://selenium:4444'}\n\n    def call_fixture_func(\n        fixturefunc: \"_FixtureFunc[FixtureValue]\", request: FixtureRequest, kwargs\n    ) -> FixtureValue:\n        if is_generator(fixturefunc):\n            fixturefunc = cast(\n                Callable[..., Generator[FixtureValue, None, None]], fixturefunc\n            )\n            generator = fixturefunc(**kwargs)\n            try:\n                fixture_result = next(generator)\n            except StopIteration:\n                raise ValueError(f\"{request.fixturename} did not yield a value\") from None\n            finalizer = functools.partial(_teardown_yield_fixture, fixturefunc, generator)\n            request.addfinalizer(finalizer)\n        else:\n            fixturefunc = cast(Callable[..., FixtureValue], fixturefunc)\n>           fixture_result = fixturefunc(**kwargs)\n\n../../../.cache/pypoetry/virtualenvs/uk-bin-collection-EwS6Gn8s-py3.10/lib/python3.10/site-packages/_pytest/fixtures.py:902: \n_ _ _ _ _ _ _ _ _ _ _ _ _ _ _ _ _ _ _ _ _ _ _ _ _ _ _ _ _ _ _ _ _ _ _ _ _ _ _ _ \nuk_bin_collection/tests/step_defs/test_validate_council.py:92: in scrape_step\n    context.parse_result = CollectData.run()\nuk_bin_collection/uk_bin_collection/collect_data.py:96: in run\n    return self.client_code(\nuk_bin_collection/uk_bin_collection/collect_data.py:115: in client_code\n    return get_bin_data_class.template_method(address_url, **kwargs)\nuk_bin_collection/uk_bin_collection/get_bin_data.py:78: in template_method\n    bin_data_dict = self.parse_data(\nuk_bin_collection/uk_bin_collection/councils/BarnetCouncil.py:94: in parse_data\n    find_address_button.click()\n../../../.cache/pypoetry/virtualenvs/uk-bin-collection-EwS6Gn8s-py3.10/lib/python3.10/site-packages/selenium/webdriver/remote/webelement.py:93: in click\n    self._execute(Command.CLICK_ELEMENT)\n../../../.cache/pypoetry/virtualenvs/uk-bin-collection-EwS6Gn8s-py3.10/lib/python3.10/site-packages/selenium/webdriver/remote/webelement.py:394: in _execute\n    return self._parent.execute(command, params)\n../../../.cache/pypoetry/virtualenvs/uk-bin-collection-EwS6Gn8s-py3.10/lib/python3.10/site-packages/selenium/webdriver/remote/webdriver.py:344: in execute\n    self.error_handler.check_response(response)\n_ _ _ _ _ _ _ _ _ _ _ _ _ _ _ _ _ _ _ _ _ _ _ _ _ _ _ _ _ _ _ _ _ _ _ _ _ _ _ _ \n\nself = <selenium.webdriver.remote.errorhandler.ErrorHandler object at 0x72d0a9bdde70>\nresponse = {'status': 400, 'value': '{\"value\":{\"error\":\"element click intercepted\",\"message\":\"element click intercepted: Element ...\\\\n#20 0x5fdb9d6b2723 \\\\u003Cunknown>\\\\n#21 0x5fdb9d6c30e4 \\\\u003Cunknown>\\\\n#22 0x7f8b12c94ac3 \\\\u003Cunknown>\\\\n\"}}'}\n\n    def check_response(self, response: Dict[str, Any]) -> None:\n        \"\"\"Checks that a JSON response from the WebDriver does not have an\n        error.\n    \n        :Args:\n         - response - The JSON response from the WebDriver server as a dictionary\n           object.\n    \n        :Raises: If the response contains an error message.\n        \"\"\"\n        status = response.get(\"status\", None)\n        if not status or status == ErrorCode.SUCCESS:\n            return\n        value = None\n        message = response.get(\"message\", \"\")\n        screen: str = response.get(\"screen\", \"\")\n        stacktrace = None\n        if isinstance(status, int):\n            value_json = response.get(\"value\", None)\n            if value_json and isinstance(value_json, str):\n                import json\n    \n                try:\n                    value = json.loads(value_json)\n                    if len(value) == 1:\n                        value = value[\"value\"]\n                    status = value.get(\"error\", None)\n                    if not status:\n                        status = value.get(\"status\", ErrorCode.UNKNOWN_ERROR)\n                        message = value.get(\"value\") or value.get(\"message\")\n                        if not isinstance(message, str):\n                            value = message\n                            message = message.get(\"message\")\n                    else:\n                        message = value.get(\"message\", None)\n                except ValueError:\n                    pass\n    \n        exception_class: Type[WebDriverException]\n        e = ErrorCode()\n        error_codes = [item for item in dir(e) if not item.startswith(\"__\")]\n        for error_code in error_codes:\n            error_info = getattr(ErrorCode, error_code)\n            if isinstance(error_info, list) and status in error_info:\n                exception_class = getattr(ExceptionMapping, error_code, WebDriverException)\n                break\n        else:\n            exception_class = WebDriverException\n    \n        if not value:\n            value = response[\"value\"]\n        if isinstance(value, str):\n            raise exception_class(value)\n        if message == \"\" and \"message\" in value:\n            message = value[\"message\"]\n    \n        screen = None  # type: ignore[assignment]\n        if \"screen\" in value:\n            screen = value[\"screen\"]\n    \n        stacktrace = None\n        st_value = value.get(\"stackTrace\") or value.get(\"stacktrace\")\n        if st_value:\n            if isinstance(st_value, str):\n                stacktrace = st_value.split(\"\\n\")\n            else:\n                stacktrace = []\n                try:\n                    for frame in st_value:\n                        line = frame.get(\"lineNumber\", \"\")\n                        file = frame.get(\"fileName\", \"<anonymous>\")\n                        if line:\n                            file = f\"{file}:{line}\"\n                        meth = frame.get(\"methodName\", \"<anonymous>\")\n                        if \"className\" in frame:\n                            meth = f\"{frame['className']}.{meth}\"\n                        msg = \"    at %s (%s)\"\n                        msg = msg % (meth, file)\n                        stacktrace.append(msg)\n                except TypeError:\n                    pass\n        if exception_class == UnexpectedAlertPresentException:\n            alert_text = None\n            if \"data\" in value:\n                alert_text = value[\"data\"].get(\"text\")\n            elif \"alert\" in value:\n                alert_text = value[\"alert\"].get(\"text\")\n            raise exception_class(message, screen, stacktrace, alert_text)  # type: ignore[call-arg]  # mypy is not smart enough here\n>       raise exception_class(message, screen, stacktrace)\nE       selenium.common.exceptions.ElementClickInterceptedException: Message: element click intercepted: Element is not clickable at point (69, 1536)\nE         (Session info: chrome-headless-shell=122.0.6261.111)\nE       Stacktrace:\nE       #0 0x5fdb9d6c3f33 <unknown>\nE       #1 0x5fdb9d3bbce6 <unknown>\nE       #2 0x5fdb9d40da73 <unknown>\nE       #3 0x5fdb9d40b98e <unknown>\nE       #4 0x5fdb9d409367 <unknown>\nE       #5 0x5fdb9d408732 <unknown>\nE       #6 0x5fdb9d3fbd27 <unknown>\nE       #7 0x5fdb9d428eb2 <unknown>\nE       #8 0x5fdb9d3fb6b8 <unknown>\nE       #9 0x5fdb9d42907e <unknown>\nE       #10 0x5fdb9d447899 <unknown>\nE       #11 0x5fdb9d428c53 <unknown>\nE       #12 0x5fdb9d3f9db3 <unknown>\nE       #13 0x5fdb9d3fa77e <unknown>\nE       #14 0x5fdb9d68986b <unknown>\nE       #15 0x5fdb9d68d885 <unknown>\nE       #16 0x5fdb9d677181 <unknown>\nE       #17 0x5fdb9d68e412 <unknown>\nE       #18 0x5fdb9d65b25f <unknown>\nE       #19 0x5fdb9d6b2528 <unknown>\nE       #20 0x5fdb9d6b2723 <unknown>\nE       #21 0x5fdb9d6c30e4 <unknown>\nE       #22 0x7f8b12c94ac3 <unknown>\n\n../../../.cache/pypoetry/virtualenvs/uk-bin-collection-EwS6Gn8s-py3.10/lib/python3.10/site-packages/selenium/webdriver/remote/errorhandler.py:229: ElementClickInterceptedException","flaky":false,"newFailed":false,"newBroken":false,"newPassed":false,"retriesCount":0,"retriesStatusChange":false,"beforeStages":[],"testStage":{"status":"failed","statusMessage":"selenium.common.exceptions.ElementClickInterceptedException: Message: element click intercepted: Element is not clickable at point (69, 1536)\n  (Session info: chrome-headless-shell=122.0.6261.111)\nStacktrace:\n#0 0x5fdb9d6c3f33 <unknown>\n#1 0x5fdb9d3bbce6 <unknown>\n#2 0x5fdb9d40da73 <unknown>\n#3 0x5fdb9d40b98e <unknown>\n#4 0x5fdb9d409367 <unknown>\n#5 0x5fdb9d408732 <unknown>\n#6 0x5fdb9d3fbd27 <unknown>\n#7 0x5fdb9d428eb2 <unknown>\n#8 0x5fdb9d3fb6b8 <unknown>\n#9 0x5fdb9d42907e <unknown>\n#10 0x5fdb9d447899 <unknown>\n#11 0x5fdb9d428c53 <unknown>\n#12 0x5fdb9d3f9db3 <unknown>\n#13 0x5fdb9d3fa77e <unknown>\n#14 0x5fdb9d68986b <unknown>\n#15 0x5fdb9d68d885 <unknown>\n#16 0x5fdb9d677181 <unknown>\n#17 0x5fdb9d68e412 <unknown>\n#18 0x5fdb9d65b25f <unknown>\n#19 0x5fdb9d6b2528 <unknown>\n#20 0x5fdb9d6b2723 <unknown>\n#21 0x5fdb9d6c30e4 <unknown>\n#22 0x7f8b12c94ac3 <unknown>","statusTrace":"fixturefunc = <function scrape_step at 0x72d0a9d3ee60>\nrequest = <FixtureRequest for <Function test_scenario_outline[BarnetCouncil-http://selenium:4444-local]>>\nkwargs = {'context': <test_validate_council.context.<locals>.Context object at 0x72d0bca2edd0>, 'council': 'BarnetCouncil', 'selenium_mode': 'local', 'selenium_url': 'http://selenium:4444'}\n\n    def call_fixture_func(\n        fixturefunc: \"_FixtureFunc[FixtureValue]\", request: FixtureRequest, kwargs\n    ) -> FixtureValue:\n        if is_generator(fixturefunc):\n            fixturefunc = cast(\n                Callable[..., Generator[FixtureValue, None, None]], fixturefunc\n            )\n            generator = fixturefunc(**kwargs)\n            try:\n                fixture_result = next(generator)\n            except StopIteration:\n                raise ValueError(f\"{request.fixturename} did not yield a value\") from None\n            finalizer = functools.partial(_teardown_yield_fixture, fixturefunc, generator)\n            request.addfinalizer(finalizer)\n        else:\n            fixturefunc = cast(Callable[..., FixtureValue], fixturefunc)\n>           fixture_result = fixturefunc(**kwargs)\n\n../../../.cache/pypoetry/virtualenvs/uk-bin-collection-EwS6Gn8s-py3.10/lib/python3.10/site-packages/_pytest/fixtures.py:902: \n_ _ _ _ _ _ _ _ _ _ _ _ _ _ _ _ _ _ _ _ _ _ _ _ _ _ _ _ _ _ _ _ _ _ _ _ _ _ _ _ \nuk_bin_collection/tests/step_defs/test_validate_council.py:92: in scrape_step\n    context.parse_result = CollectData.run()\nuk_bin_collection/uk_bin_collection/collect_data.py:96: in run\n    return self.client_code(\nuk_bin_collection/uk_bin_collection/collect_data.py:115: in client_code\n    return get_bin_data_class.template_method(address_url, **kwargs)\nuk_bin_collection/uk_bin_collection/get_bin_data.py:78: in template_method\n    bin_data_dict = self.parse_data(\nuk_bin_collection/uk_bin_collection/councils/BarnetCouncil.py:94: in parse_data\n    find_address_button.click()\n../../../.cache/pypoetry/virtualenvs/uk-bin-collection-EwS6Gn8s-py3.10/lib/python3.10/site-packages/selenium/webdriver/remote/webelement.py:93: in click\n    self._execute(Command.CLICK_ELEMENT)\n../../../.cache/pypoetry/virtualenvs/uk-bin-collection-EwS6Gn8s-py3.10/lib/python3.10/site-packages/selenium/webdriver/remote/webelement.py:394: in _execute\n    return self._parent.execute(command, params)\n../../../.cache/pypoetry/virtualenvs/uk-bin-collection-EwS6Gn8s-py3.10/lib/python3.10/site-packages/selenium/webdriver/remote/webdriver.py:344: in execute\n    self.error_handler.check_response(response)\n_ _ _ _ _ _ _ _ _ _ _ _ _ _ _ _ _ _ _ _ _ _ _ _ _ _ _ _ _ _ _ _ _ _ _ _ _ _ _ _ \n\nself = <selenium.webdriver.remote.errorhandler.ErrorHandler object at 0x72d0a9bdde70>\nresponse = {'status': 400, 'value': '{\"value\":{\"error\":\"element click intercepted\",\"message\":\"element click intercepted: Element ...\\\\n#20 0x5fdb9d6b2723 \\\\u003Cunknown>\\\\n#21 0x5fdb9d6c30e4 \\\\u003Cunknown>\\\\n#22 0x7f8b12c94ac3 \\\\u003Cunknown>\\\\n\"}}'}\n\n    def check_response(self, response: Dict[str, Any]) -> None:\n        \"\"\"Checks that a JSON response from the WebDriver does not have an\n        error.\n    \n        :Args:\n         - response - The JSON response from the WebDriver server as a dictionary\n           object.\n    \n        :Raises: If the response contains an error message.\n        \"\"\"\n        status = response.get(\"status\", None)\n        if not status or status == ErrorCode.SUCCESS:\n            return\n        value = None\n        message = response.get(\"message\", \"\")\n        screen: str = response.get(\"screen\", \"\")\n        stacktrace = None\n        if isinstance(status, int):\n            value_json = response.get(\"value\", None)\n            if value_json and isinstance(value_json, str):\n                import json\n    \n                try:\n                    value = json.loads(value_json)\n                    if len(value) == 1:\n                        value = value[\"value\"]\n                    status = value.get(\"error\", None)\n                    if not status:\n                        status = value.get(\"status\", ErrorCode.UNKNOWN_ERROR)\n                        message = value.get(\"value\") or value.get(\"message\")\n                        if not isinstance(message, str):\n                            value = message\n                            message = message.get(\"message\")\n                    else:\n                        message = value.get(\"message\", None)\n                except ValueError:\n                    pass\n    \n        exception_class: Type[WebDriverException]\n        e = ErrorCode()\n        error_codes = [item for item in dir(e) if not item.startswith(\"__\")]\n        for error_code in error_codes:\n            error_info = getattr(ErrorCode, error_code)\n            if isinstance(error_info, list) and status in error_info:\n                exception_class = getattr(ExceptionMapping, error_code, WebDriverException)\n                break\n        else:\n            exception_class = WebDriverException\n    \n        if not value:\n            value = response[\"value\"]\n        if isinstance(value, str):\n            raise exception_class(value)\n        if message == \"\" and \"message\" in value:\n            message = value[\"message\"]\n    \n        screen = None  # type: ignore[assignment]\n        if \"screen\" in value:\n            screen = value[\"screen\"]\n    \n        stacktrace = None\n        st_value = value.get(\"stackTrace\") or value.get(\"stacktrace\")\n        if st_value:\n            if isinstance(st_value, str):\n                stacktrace = st_value.split(\"\\n\")\n            else:\n                stacktrace = []\n                try:\n                    for frame in st_value:\n                        line = frame.get(\"lineNumber\", \"\")\n                        file = frame.get(\"fileName\", \"<anonymous>\")\n                        if line:\n                            file = f\"{file}:{line}\"\n                        meth = frame.get(\"methodName\", \"<anonymous>\")\n                        if \"className\" in frame:\n                            meth = f\"{frame['className']}.{meth}\"\n                        msg = \"    at %s (%s)\"\n                        msg = msg % (meth, file)\n                        stacktrace.append(msg)\n                except TypeError:\n                    pass\n        if exception_class == UnexpectedAlertPresentException:\n            alert_text = None\n            if \"data\" in value:\n                alert_text = value[\"data\"].get(\"text\")\n            elif \"alert\" in value:\n                alert_text = value[\"alert\"].get(\"text\")\n            raise exception_class(message, screen, stacktrace, alert_text)  # type: ignore[call-arg]  # mypy is not smart enough here\n>       raise exception_class(message, screen, stacktrace)\nE       selenium.common.exceptions.ElementClickInterceptedException: Message: element click intercepted: Element is not clickable at point (69, 1536)\nE         (Session info: chrome-headless-shell=122.0.6261.111)\nE       Stacktrace:\nE       #0 0x5fdb9d6c3f33 <unknown>\nE       #1 0x5fdb9d3bbce6 <unknown>\nE       #2 0x5fdb9d40da73 <unknown>\nE       #3 0x5fdb9d40b98e <unknown>\nE       #4 0x5fdb9d409367 <unknown>\nE       #5 0x5fdb9d408732 <unknown>\nE       #6 0x5fdb9d3fbd27 <unknown>\nE       #7 0x5fdb9d428eb2 <unknown>\nE       #8 0x5fdb9d3fb6b8 <unknown>\nE       #9 0x5fdb9d42907e <unknown>\nE       #10 0x5fdb9d447899 <unknown>\nE       #11 0x5fdb9d428c53 <unknown>\nE       #12 0x5fdb9d3f9db3 <unknown>\nE       #13 0x5fdb9d3fa77e <unknown>\nE       #14 0x5fdb9d68986b <unknown>\nE       #15 0x5fdb9d68d885 <unknown>\nE       #16 0x5fdb9d677181 <unknown>\nE       #17 0x5fdb9d68e412 <unknown>\nE       #18 0x5fdb9d65b25f <unknown>\nE       #19 0x5fdb9d6b2528 <unknown>\nE       #20 0x5fdb9d6b2723 <unknown>\nE       #21 0x5fdb9d6c30e4 <unknown>\nE       #22 0x7f8b12c94ac3 <unknown>\n\n../../../.cache/pypoetry/virtualenvs/uk-bin-collection-EwS6Gn8s-py3.10/lib/python3.10/site-packages/selenium/webdriver/remote/errorhandler.py:229: ElementClickInterceptedException","steps":[{"name":"Given the council: BarnetCouncil","time":{"start":1710635305000,"stop":1710635305001,"duration":1},"status":"passed","steps":[],"attachments":[],"parameters":[],"shouldDisplayMessage":false,"stepsCount":0,"attachmentsCount":0,"hasContent":false,"attachmentStep":false},{"name":"When we scrape the data from BarnetCouncil using local and the http://selenium:4444 is set","time":{"start":1710635305001,"stop":1710635329032,"duration":24031},"status":"failed","statusMessage":"Message: element click intercepted: Element is not clickable at point (69, 1536)\n  (Session info: chrome-headless-shell=122.0.6261.111)\nStacktrace:\n#0 0x5fdb9d6c3f33 <unknown>\n#1 0x5fdb9d3bbce6 <unknown>\n#2 0x5fdb9d40da73 <unknown>\n#3 0x5fdb9d40b98e <unknown>\n#4 0x5fdb9d409367 <unknown>\n#5 0x5fdb9d408732 <unknown>\n#6 0x5fdb9d3fbd27 <unknown>\n#7 0x5fdb9d428eb2 <unknown>\n#8 0x5fdb9d3fb6b8 <unknown>\n#9 0x5fdb9d42907e <unknown>\n#10 0x5fdb9d447899 <unknown>\n#11 0x5fdb9d428c53 <unknown>\n#12 0x5fdb9d3f9db3 <unknown>\n#13 0x5fdb9d3fa77e <unknown>\n#14 0x5fdb9d68986b <unknown>\n#15 0x5fdb9d68d885 <unknown>\n#16 0x5fdb9d677181 <unknown>\n#17 0x5fdb9d68e412 <unknown>\n#18 0x5fdb9d65b25f <unknown>\n#19 0x5fdb9d6b2528 <unknown>\n#20 0x5fdb9d6b2723 <unknown>\n#21 0x5fdb9d6c30e4 <unknown>\n#22 0x7f8b12c94ac3 <unknown>\n","statusTrace":"selenium.common.exceptions.ElementClickInterceptedException: Message: element click intercepted: Element is not clickable at point (69, 1536)\n  (Session info: chrome-headless-shell=122.0.6261.111)\nStacktrace:\n#0 0x5fdb9d6c3f33 <unknown>\n#1 0x5fdb9d3bbce6 <unknown>\n#2 0x5fdb9d40da73 <unknown>\n#3 0x5fdb9d40b98e <unknown>\n#4 0x5fdb9d409367 <unknown>\n#5 0x5fdb9d408732 <unknown>\n#6 0x5fdb9d3fbd27 <unknown>\n#7 0x5fdb9d428eb2 <unknown>\n#8 0x5fdb9d3fb6b8 <unknown>\n#9 0x5fdb9d42907e <unknown>\n#10 0x5fdb9d447899 <unknown>\n#11 0x5fdb9d428c53 <unknown>\n#12 0x5fdb9d3f9db3 <unknown>\n#13 0x5fdb9d3fa77e <unknown>\n#14 0x5fdb9d68986b <unknown>\n#15 0x5fdb9d68d885 <unknown>\n#16 0x5fdb9d677181 <unknown>\n#17 0x5fdb9d68e412 <unknown>\n#18 0x5fdb9d65b25f <unknown>\n#19 0x5fdb9d6b2528 <unknown>\n#20 0x5fdb9d6b2723 <unknown>\n#21 0x5fdb9d6c30e4 <unknown>\n#22 0x7f8b12c94ac3 <unknown>\n\n","steps":[],"attachments":[],"parameters":[],"shouldDisplayMessage":true,"stepsCount":0,"attachmentsCount":0,"hasContent":true,"attachmentStep":false}],"attachments":[],"parameters":[],"shouldDisplayMessage":true,"stepsCount":2,"attachmentsCount":0,"hasContent":true,"attachmentStep":false},"afterStages":[],"labels":[{"name":"host","value":"fv-az984-390"},{"name":"thread","value":"2738-MainThread"},{"name":"framework","value":"pytest-bdd"},{"name":"language","value":"cpython3"},{"name":"feature","value":"Test each council output matches expected results"},{"name":"resultFormat","value":"allure2"}],"parameters":[{"name":"council","value":"BarnetCouncil"},{"name":"selenium_mode","value":"local"},{"name":"selenium_url","value":"http://selenium:4444"}],"links":[],"hidden":false,"retry":false,"extra":{"severity":"normal","retries":[],"categories":[{"name":"Product defects","matchedStatuses":[],"flaky":false}],"history":{"statistic":{"failed":41,"broken":0,"skipped":0,"passed":53,"unknown":0,"total":94},"items":[{"uid":"e5df4cec3bee5ee1","reportUrl":"https://robbrad.github.io/UKBinCollectionData/3.10/1607//#testresult/e5df4cec3bee5ee1","status":"failed","statusDetails":"selenium.common.exceptions.ElementClickInterceptedException: Message: element click intercepted: Element is not clickable at point (69, 1536)\n  (Session info: chrome-headless-shell=122.0.6261.111)\nStacktrace:\n#0 0x56d59e5fef33 <unknown>\n#1 0x56d59e2f6ce6 <unknown>\n#2 0x56d59e348a73 <unknown>\n#3 0x56d59e34698e <unknown>\n#4 0x56d59e344367 <unknown>\n#5 0x56d59e343732 <unknown>\n#6 0x56d59e336d27 <unknown>\n#7 0x56d59e363eb2 <unknown>\n#8 0x56d59e3366b8 <unknown>\n#9 0x56d59e36407e <unknown>\n#10 0x56d59e382899 <unknown>\n#11 0x56d59e363c53 <unknown>\n#12 0x56d59e334db3 <unknown>\n#13 0x56d59e33577e <unknown>\n#14 0x56d59e5c486b <unknown>\n#15 0x56d59e5c8885 <unknown>\n#16 0x56d59e5b2181 <unknown>\n#17 0x56d59e5c9412 <unknown>\n#18 0x56d59e59625f <unknown>\n#19 0x56d59e5ed528 <unknown>\n#20 0x56d59e5ed723 <unknown>\n#21 0x56d59e5fe0e4 <unknown>\n#22 0x77d24d094ac3 <unknown>","time":{"start":1710548644071,"stop":1710548649128,"duration":5057}},{"uid":"ce8183241b5c591a","reportUrl":"https://robbrad.github.io/UKBinCollectionData/3.10/1605//#testresult/ce8183241b5c591a","status":"failed","statusDetails":"selenium.common.exceptions.ElementClickInterceptedException: Message: element click intercepted: Element is not clickable at point (69, 976)\n  (Session info: chrome-headless-shell=122.0.6261.111)\nStacktrace:\n#0 0x5c782faabf33 <unknown>\n#1 0x5c782f7a3ce6 <unknown>\n#2 0x5c782f7f5a73 <unknown>\n#3 0x5c782f7f398e <unknown>\n#4 0x5c782f7f1367 <unknown>\n#5 0x5c782f7f0732 <unknown>\n#6 0x5c782f7e3d27 <unknown>\n#7 0x5c782f810eb2 <unknown>\n#8 0x5c782f7e36b8 <unknown>\n#9 0x5c782f81107e <unknown>\n#10 0x5c782f82f899 <unknown>\n#11 0x5c782f810c53 <unknown>\n#12 0x5c782f7e1db3 <unknown>\n#13 0x5c782f7e277e <unknown>\n#14 0x5c782fa7186b <unknown>\n#15 0x5c782fa75885 <unknown>\n#16 0x5c782fa5f181 <unknown>\n#17 0x5c782fa76412 <unknown>\n#18 0x5c782fa4325f <unknown>\n#19 0x5c782fa9a528 <unknown>\n#20 0x5c782fa9a723 <unknown>\n#21 0x5c782faab0e4 <unknown>\n#22 0x7656e6e94ac3 <unknown>","time":{"start":1710462313070,"stop":1710462320085,"duration":7015}},{"uid":"e208438451c8b64a","reportUrl":"https://robbrad.github.io/UKBinCollectionData/3.10/1604//#testresult/e208438451c8b64a","status":"failed","statusDetails":"selenium.common.exceptions.ElementClickInterceptedException: Message: element click intercepted: Element is not clickable at point (69, 1536)\n  (Session info: chrome-headless-shell=122.0.6261.111)\nStacktrace:\n#0 0x605ce5c79f33 <unknown>\n#1 0x605ce5971ce6 <unknown>\n#2 0x605ce59c3a73 <unknown>\n#3 0x605ce59c198e <unknown>\n#4 0x605ce59bf367 <unknown>\n#5 0x605ce59be732 <unknown>\n#6 0x605ce59b1d27 <unknown>\n#7 0x605ce59deeb2 <unknown>\n#8 0x605ce59b16b8 <unknown>\n#9 0x605ce59df07e <unknown>\n#10 0x605ce59fd899 <unknown>\n#11 0x605ce59dec53 <unknown>\n#12 0x605ce59afdb3 <unknown>\n#13 0x605ce59b077e <unknown>\n#14 0x605ce5c3f86b <unknown>\n#15 0x605ce5c43885 <unknown>\n#16 0x605ce5c2d181 <unknown>\n#17 0x605ce5c44412 <unknown>\n#18 0x605ce5c1125f <unknown>\n#19 0x605ce5c68528 <unknown>\n#20 0x605ce5c68723 <unknown>\n#21 0x605ce5c790e4 <unknown>\n#22 0x724b80894ac3 <unknown>","time":{"start":1710452792955,"stop":1710452799435,"duration":6480}},{"uid":"3a5e967ef8879692","reportUrl":"https://robbrad.github.io/UKBinCollectionData/3.10/1602//#testresult/3a5e967ef8879692","status":"failed","statusDetails":"selenium.common.exceptions.ElementClickInterceptedException: Message: element click intercepted: Element is not clickable at point (69, 1536)\n  (Session info: chrome-headless-shell=122.0.6261.111)\nStacktrace:\n#0 0x574462a00f33 <unknown>\n#1 0x5744626f8ce6 <unknown>\n#2 0x57446274aa73 <unknown>\n#3 0x57446274898e <unknown>\n#4 0x574462746367 <unknown>\n#5 0x574462745732 <unknown>\n#6 0x574462738d27 <unknown>\n#7 0x574462765eb2 <unknown>\n#8 0x5744627386b8 <unknown>\n#9 0x57446276607e <unknown>\n#10 0x574462784899 <unknown>\n#11 0x574462765c53 <unknown>\n#12 0x574462736db3 <unknown>\n#13 0x57446273777e <unknown>\n#14 0x5744629c686b <unknown>\n#15 0x5744629ca885 <unknown>\n#16 0x5744629b4181 <unknown>\n#17 0x5744629cb412 <unknown>\n#18 0x57446299825f <unknown>\n#19 0x5744629ef528 <unknown>\n#20 0x5744629ef723 <unknown>\n#21 0x574462a000e4 <unknown>\n#22 0x73760e894ac3 <unknown>","time":{"start":1710375963620,"stop":1710376009490,"duration":45870}},{"uid":"ee34e349a0264c2e","reportUrl":"https://robbrad.github.io/UKBinCollectionData/3.10/1601//#testresult/ee34e349a0264c2e","status":"failed","statusDetails":"selenium.common.exceptions.ElementClickInterceptedException: Message: element click intercepted: Element is not clickable at point (69, 1536)\n  (Session info: chrome-headless-shell=122.0.6261.94)\nStacktrace:\n#0 0x55786b6d3f33 <unknown>\n#1 0x55786b3cbce6 <unknown>\n#2 0x55786b41da73 <unknown>\n#3 0x55786b41b98e <unknown>\n#4 0x55786b419367 <unknown>\n#5 0x55786b418732 <unknown>\n#6 0x55786b40bd27 <unknown>\n#7 0x55786b438eb2 <unknown>\n#8 0x55786b40b6b8 <unknown>\n#9 0x55786b43907e <unknown>\n#10 0x55786b457899 <unknown>\n#11 0x55786b438c53 <unknown>\n#12 0x55786b409db3 <unknown>\n#13 0x55786b40a77e <unknown>\n#14 0x55786b69986b <unknown>\n#15 0x55786b69d885 <unknown>\n#16 0x55786b687181 <unknown>\n#17 0x55786b69e412 <unknown>\n#18 0x55786b66b25f <unknown>\n#19 0x55786b6c2528 <unknown>\n#20 0x55786b6c2723 <unknown>\n#21 0x55786b6d30e4 <unknown>\n#22 0x7fb685694ac3 <unknown>","time":{"start":1710289514965,"stop":1710289528066,"duration":13101}},{"uid":"8bce2b8b3c3ee0c8","reportUrl":"https://robbrad.github.io/UKBinCollectionData/3.10/1600//#testresult/8bce2b8b3c3ee0c8","status":"failed","statusDetails":"selenium.common.exceptions.ElementClickInterceptedException: Message: element click intercepted: Element is not clickable at point (69, 1536)\n  (Session info: chrome-headless-shell=122.0.6261.94)\nStacktrace:\n#0 0x5596aab56ec3 <unknown>\n#1 0x5596aa84ece6 <unknown>\n#2 0x5596aa8a0a73 <unknown>\n#3 0x5596aa89e98e <unknown>\n#4 0x5596aa89c367 <unknown>\n#5 0x5596aa89b732 <unknown>\n#6 0x5596aa88ed27 <unknown>\n#7 0x5596aa8bbeb2 <unknown>\n#8 0x5596aa88e6b8 <unknown>\n#9 0x5596aa8bc07e <unknown>\n#10 0x5596aa8da899 <unknown>\n#11 0x5596aa8bbc53 <unknown>\n#12 0x5596aa88cdb3 <unknown>\n#13 0x5596aa88d77e <unknown>\n#14 0x5596aab1c7fb <unknown>\n#15 0x5596aab20815 <unknown>\n#16 0x5596aab0a111 <unknown>\n#17 0x5596aab213a2 <unknown>\n#18 0x5596aaaee1ef <unknown>\n#19 0x5596aab454b8 <unknown>\n#20 0x5596aab456b3 <unknown>\n#21 0x5596aab56074 <unknown>\n#22 0x7f1fc6294ac3 <unknown>","time":{"start":1710203106400,"stop":1710203124175,"duration":17775}},{"uid":"363f929587d338b4","reportUrl":"https://robbrad.github.io/UKBinCollectionData/3.10/1599//#testresult/363f929587d338b4","status":"failed","statusDetails":"selenium.common.exceptions.ElementClickInterceptedException: Message: element click intercepted: Element is not clickable at point (69, 996)\n  (Session info: chrome-headless-shell=122.0.6261.94)\nStacktrace:\n#0 0x55a746bd8ec3 <unknown>\n#1 0x55a7468d0ce6 <unknown>\n#2 0x55a746922a73 <unknown>\n#3 0x55a74692098e <unknown>\n#4 0x55a74691e367 <unknown>\n#5 0x55a74691d732 <unknown>\n#6 0x55a746910d27 <unknown>\n#7 0x55a74693deb2 <unknown>\n#8 0x55a7469106b8 <unknown>\n#9 0x55a74693e07e <unknown>\n#10 0x55a74695c899 <unknown>\n#11 0x55a74693dc53 <unknown>\n#12 0x55a74690edb3 <unknown>\n#13 0x55a74690f77e <unknown>\n#14 0x55a746b9e7fb <unknown>\n#15 0x55a746ba2815 <unknown>\n#16 0x55a746b8c111 <unknown>\n#17 0x55a746ba33a2 <unknown>\n#18 0x55a746b701ef <unknown>\n#19 0x55a746bc74b8 <unknown>\n#20 0x55a746bc76b3 <unknown>\n#21 0x55a746bd8074 <unknown>\n#22 0x7fde3cc94ac3 <unknown>","time":{"start":1710116810385,"stop":1710116816348,"duration":5963}},{"uid":"2aac7a7d091a1b0a","reportUrl":"https://robbrad.github.io/UKBinCollectionData/3.10/1598//#testresult/2aac7a7d091a1b0a","status":"failed","statusDetails":"selenium.common.exceptions.ElementClickInterceptedException: Message: element click intercepted: Element is not clickable at point (69, 1536)\n  (Session info: chrome-headless-shell=122.0.6261.94)\nStacktrace:\n#0 0x56067c16dec3 <unknown>\n#1 0x56067be65ce6 <unknown>\n#2 0x56067beb7a73 <unknown>\n#3 0x56067beb598e <unknown>\n#4 0x56067beb3367 <unknown>\n#5 0x56067beb2732 <unknown>\n#6 0x56067bea5d27 <unknown>\n#7 0x56067bed2eb2 <unknown>\n#8 0x56067bea56b8 <unknown>\n#9 0x56067bed307e <unknown>\n#10 0x56067bef1899 <unknown>\n#11 0x56067bed2c53 <unknown>\n#12 0x56067bea3db3 <unknown>\n#13 0x56067bea477e <unknown>\n#14 0x56067c1337fb <unknown>\n#15 0x56067c137815 <unknown>\n#16 0x56067c121111 <unknown>\n#17 0x56067c1383a2 <unknown>\n#18 0x56067c1051ef <unknown>\n#19 0x56067c15c4b8 <unknown>\n#20 0x56067c15c6b3 <unknown>\n#21 0x56067c16d074 <unknown>\n#22 0x7f4eb1094ac3 <unknown>","time":{"start":1710030483296,"stop":1710030504287,"duration":20991}},{"uid":"a25ec657b361a519","reportUrl":"https://robbrad.github.io/UKBinCollectionData/3.10/1597//#testresult/a25ec657b361a519","status":"failed","statusDetails":"selenium.common.exceptions.ElementClickInterceptedException: Message: element click intercepted: Element is not clickable at point (69, 1536)\n  (Session info: chrome-headless-shell=122.0.6261.94)\nStacktrace:\n#0 0x5635f7a4bec3 <unknown>\n#1 0x5635f7743ce6 <unknown>\n#2 0x5635f7795a73 <unknown>\n#3 0x5635f779398e <unknown>\n#4 0x5635f7791367 <unknown>\n#5 0x5635f7790732 <unknown>\n#6 0x5635f7783d27 <unknown>\n#7 0x5635f77b0eb2 <unknown>\n#8 0x5635f77836b8 <unknown>\n#9 0x5635f77b107e <unknown>\n#10 0x5635f77cf899 <unknown>\n#11 0x5635f77b0c53 <unknown>\n#12 0x5635f7781db3 <unknown>\n#13 0x5635f778277e <unknown>\n#14 0x5635f7a117fb <unknown>\n#15 0x5635f7a15815 <unknown>\n#16 0x5635f79ff111 <unknown>\n#17 0x5635f7a163a2 <unknown>\n#18 0x5635f79e31ef <unknown>\n#19 0x5635f7a3a4b8 <unknown>\n#20 0x5635f7a3a6b3 <unknown>\n#21 0x5635f7a4b074 <unknown>\n#22 0x7ff633094ac3 <unknown>","time":{"start":1709943881488,"stop":1709943889799,"duration":8311}},{"uid":"7e15c74ae1ce0880","reportUrl":"https://robbrad.github.io/UKBinCollectionData/3.10/1596//#testresult/7e15c74ae1ce0880","status":"failed","statusDetails":"selenium.common.exceptions.ElementClickInterceptedException: Message: element click intercepted: Element is not clickable at point (69, 1536)\n  (Session info: chrome-headless-shell=122.0.6261.94)\nStacktrace:\n#0 0x55e4a63cfec3 <unknown>\n#1 0x55e4a60c7ce6 <unknown>\n#2 0x55e4a6119a73 <unknown>\n#3 0x55e4a611798e <unknown>\n#4 0x55e4a6115367 <unknown>\n#5 0x55e4a6114732 <unknown>\n#6 0x55e4a6107d27 <unknown>\n#7 0x55e4a6134eb2 <unknown>\n#8 0x55e4a61076b8 <unknown>\n#9 0x55e4a613507e <unknown>\n#10 0x55e4a6153899 <unknown>\n#11 0x55e4a6134c53 <unknown>\n#12 0x55e4a6105db3 <unknown>\n#13 0x55e4a610677e <unknown>\n#14 0x55e4a63957fb <unknown>\n#15 0x55e4a6399815 <unknown>\n#16 0x55e4a6383111 <unknown>\n#17 0x55e4a639a3a2 <unknown>\n#18 0x55e4a63671ef <unknown>\n#19 0x55e4a63be4b8 <unknown>\n#20 0x55e4a63be6b3 <unknown>\n#21 0x55e4a63cf074 <unknown>\n#22 0x7fa427694ac3 <unknown>","time":{"start":1709857545222,"stop":1709857550444,"duration":5222}},{"uid":"3ca76bef216bbe42","reportUrl":"https://robbrad.github.io/UKBinCollectionData/3.10/1595//#testresult/3ca76bef216bbe42","status":"failed","statusDetails":"selenium.common.exceptions.ElementClickInterceptedException: Message: element click intercepted: Element is not clickable at point (69, 1536)\n  (Session info: chrome-headless-shell=122.0.6261.94)\nStacktrace:\n#0 0x556dc3397e93 <unknown>\n#1 0x556dc308fce6 <unknown>\n#2 0x556dc30e1a73 <unknown>\n#3 0x556dc30df98e <unknown>\n#4 0x556dc30dd367 <unknown>\n#5 0x556dc30dc732 <unknown>\n#6 0x556dc30cfd27 <unknown>\n#7 0x556dc30fceb2 <unknown>\n#8 0x556dc30cf6b8 <unknown>\n#9 0x556dc30fd07e <unknown>\n#10 0x556dc311b899 <unknown>\n#11 0x556dc30fcc53 <unknown>\n#12 0x556dc30cddb3 <unknown>\n#13 0x556dc30ce77e <unknown>\n#14 0x556dc335d7cb <unknown>\n#15 0x556dc33617e5 <unknown>\n#16 0x556dc334b0e1 <unknown>\n#17 0x556dc3362372 <unknown>\n#18 0x556dc332f1bf <unknown>\n#19 0x556dc3386488 <unknown>\n#20 0x556dc3386683 <unknown>\n#21 0x556dc3397044 <unknown>\n#22 0x7f6adea94ac3 <unknown>","time":{"start":1709770835699,"stop":1709770842111,"duration":6412}},{"uid":"a263d6d7b534f287","reportUrl":"https://robbrad.github.io/UKBinCollectionData/3.10/1594//#testresult/a263d6d7b534f287","status":"failed","statusDetails":"selenium.common.exceptions.ElementClickInterceptedException: Message: element click intercepted: Element is not clickable at point (69, 1536)\n  (Session info: chrome-headless-shell=122.0.6261.69)\nStacktrace:\n#0 0x55bb3ee2fe93 <unknown>\n#1 0x55bb3eb27ce6 <unknown>\n#2 0x55bb3eb79a73 <unknown>\n#3 0x55bb3eb7798e <unknown>\n#4 0x55bb3eb75367 <unknown>\n#5 0x55bb3eb74732 <unknown>\n#6 0x55bb3eb67d27 <unknown>\n#7 0x55bb3eb94eb2 <unknown>\n#8 0x55bb3eb676b8 <unknown>\n#9 0x55bb3eb9507e <unknown>\n#10 0x55bb3ebb3899 <unknown>\n#11 0x55bb3eb94c53 <unknown>\n#12 0x55bb3eb65db3 <unknown>\n#13 0x55bb3eb6677e <unknown>\n#14 0x55bb3edf57cb <unknown>\n#15 0x55bb3edf97e5 <unknown>\n#16 0x55bb3ede30e1 <unknown>\n#17 0x55bb3edfa372 <unknown>\n#18 0x55bb3edc71bf <unknown>\n#19 0x55bb3ee1e488 <unknown>\n#20 0x55bb3ee1e683 <unknown>\n#21 0x55bb3ee2f044 <unknown>\n#22 0x7f0f80294ac3 <unknown>","time":{"start":1709684740182,"stop":1709684748674,"duration":8492}},{"uid":"af33b8231f9ac97d","reportUrl":"https://robbrad.github.io/UKBinCollectionData/3.10/1593//#testresult/af33b8231f9ac97d","status":"failed","statusDetails":"selenium.common.exceptions.ElementClickInterceptedException: Message: element click intercepted: Element is not clickable at point (69, 1536)\n  (Session info: chrome-headless-shell=122.0.6261.69)\nStacktrace:\n#0 0x56158d7b4e93 <unknown>\n#1 0x56158d4acce6 <unknown>\n#2 0x56158d4fea73 <unknown>\n#3 0x56158d4fc98e <unknown>\n#4 0x56158d4fa367 <unknown>\n#5 0x56158d4f9732 <unknown>\n#6 0x56158d4ecd27 <unknown>\n#7 0x56158d519eb2 <unknown>\n#8 0x56158d4ec6b8 <unknown>\n#9 0x56158d51a07e <unknown>\n#10 0x56158d538899 <unknown>\n#11 0x56158d519c53 <unknown>\n#12 0x56158d4eadb3 <unknown>\n#13 0x56158d4eb77e <unknown>\n#14 0x56158d77a7cb <unknown>\n#15 0x56158d77e7e5 <unknown>\n#16 0x56158d7680e1 <unknown>\n#17 0x56158d77f372 <unknown>\n#18 0x56158d74c1bf <unknown>\n#19 0x56158d7a3488 <unknown>\n#20 0x56158d7a3683 <unknown>\n#21 0x56158d7b4044 <unknown>\n#22 0x7fa6aec94ac3 <unknown>","time":{"start":1709598280837,"stop":1709598288557,"duration":7720}},{"uid":"4478ae9d36c63b57","reportUrl":"https://robbrad.github.io/UKBinCollectionData/3.10/1592//#testresult/4478ae9d36c63b57","status":"failed","statusDetails":"selenium.common.exceptions.ElementClickInterceptedException: Message: element click intercepted: Element is not clickable at point (69, 1536)\n  (Session info: chrome-headless-shell=122.0.6261.69)\nStacktrace:\n#0 0x55a2ae8b9e93 <unknown>\n#1 0x55a2ae5b1ce6 <unknown>\n#2 0x55a2ae603a73 <unknown>\n#3 0x55a2ae60198e <unknown>\n#4 0x55a2ae5ff367 <unknown>\n#5 0x55a2ae5fe732 <unknown>\n#6 0x55a2ae5f1d27 <unknown>\n#7 0x55a2ae61eeb2 <unknown>\n#8 0x55a2ae5f16b8 <unknown>\n#9 0x55a2ae61f07e <unknown>\n#10 0x55a2ae63d899 <unknown>\n#11 0x55a2ae61ec53 <unknown>\n#12 0x55a2ae5efdb3 <unknown>\n#13 0x55a2ae5f077e <unknown>\n#14 0x55a2ae87f7cb <unknown>\n#15 0x55a2ae8837e5 <unknown>\n#16 0x55a2ae86d0e1 <unknown>\n#17 0x55a2ae884372 <unknown>\n#18 0x55a2ae8511bf <unknown>\n#19 0x55a2ae8a8488 <unknown>\n#20 0x55a2ae8a8683 <unknown>\n#21 0x55a2ae8b9044 <unknown>\n#22 0x7f139f494ac3 <unknown>","time":{"start":1709511977413,"stop":1709511983955,"duration":6542}},{"uid":"875a32341aeafe00","reportUrl":"https://robbrad.github.io/UKBinCollectionData/3.10/1572//#testresult/875a32341aeafe00","status":"passed","time":{"start":1708561522858,"stop":1708561547380,"duration":24522}},{"uid":"956da5c7fae23ec5","reportUrl":"https://robbrad.github.io/UKBinCollectionData/3.10/1570//#testresult/956da5c7fae23ec5","status":"passed","time":{"start":1708475104559,"stop":1708475125852,"duration":21293}},{"uid":"9a38a764ccbed96b","reportUrl":"https://robbrad.github.io/UKBinCollectionData/3.10/1569//#testresult/9a38a764ccbed96b","status":"passed","time":{"start":1708388696408,"stop":1708388715595,"duration":19187}},{"uid":"54ac215cac009070","reportUrl":"https://robbrad.github.io/UKBinCollectionData/3.10/1568//#testresult/54ac215cac009070","status":"passed","time":{"start":1708302412340,"stop":1708302438801,"duration":26461}},{"uid":"b33f881935168eb5","reportUrl":"https://robbrad.github.io/UKBinCollectionData/3.10/1567//#testresult/b33f881935168eb5","status":"passed","time":{"start":1708216054671,"stop":1708216078696,"duration":24025}},{"uid":"ed4b4af64ef67bd2","reportUrl":"https://robbrad.github.io/UKBinCollectionData/3.10/1566//#testresult/ed4b4af64ef67bd2","status":"passed","time":{"start":1708129495349,"stop":1708129513187,"duration":17838}}]},"tags":[]},"source":"1e8edcf973a59250.json","parameterValues":["BarnetCouncil","local","http://selenium:4444"]}