{"uid":"e8d31e3d90057e91","name":"Validate Council Output [NorthumberlandCouncil-http://selenium:4444-local]","fullName":"features/validate_council_outputs.feature:Validate Council Output","historyId":"9088d6bc2b89de0e3e509aca63a583bf","time":{"start":1701036160755,"stop":1701036164489,"duration":3734},"status":"failed","statusMessage":"selenium.common.exceptions.NoSuchElementException: Message: no such element: Unable to locate element: {\"method\":\"css selector\",\"selector\":\"[id=\"ccc-notify-accept\"]\"}\n  (Session info: headless chrome=119.0.6045.159); For documentation on this error, please visit: https://www.selenium.dev/documentation/webdriver/troubleshooting/errors#no-such-element-exception\nStacktrace:\n#0 0x55fa7a6145e3 <unknown>\n#1 0x55fa7a2d70b7 <unknown>\n#2 0x55fa7a324f53 <unknown>\n#3 0x55fa7a325051 <unknown>\n#4 0x55fa7a36a9c4 <unknown>\n#5 0x55fa7a34bf1d <unknown>\n#6 0x55fa7a367b3d <unknown>\n#7 0x55fa7a34bcc3 <unknown>\n#8 0x55fa7a3170e4 <unknown>\n#9 0x55fa7a3180ae <unknown>\n#10 0x55fa7a5dace1 <unknown>\n#11 0x55fa7a5deb7e <unknown>\n#12 0x55fa7a5c84b5 <unknown>\n#13 0x55fa7a5df7d6 <unknown>\n#14 0x55fa7a5abdbf <unknown>\n#15 0x55fa7a602748 <unknown>\n#16 0x55fa7a602917 <unknown>\n#17 0x55fa7a613773 <unknown>\n#18 0x7f71f8e94ac3 <unknown>","statusTrace":"fixturefunc = <function scrape_step at 0x7f746c4a5080>\nrequest = <FixtureRequest for <Function test_scenario_outline[NorthumberlandCouncil-http://selenium:4444-local]>>\nkwargs = {'context': <test_validate_council.context.<locals>.Context object at 0x7f745864dd50>, 'council': 'NorthumberlandCouncil', 'selenium_mode': 'local', 'selenium_url': 'http://selenium:4444'}\n\n    def call_fixture_func(\n        fixturefunc: \"_FixtureFunc[FixtureValue]\", request: FixtureRequest, kwargs\n    ) -> FixtureValue:\n        if is_generator(fixturefunc):\n            fixturefunc = cast(\n                Callable[..., Generator[FixtureValue, None, None]], fixturefunc\n            )\n            generator = fixturefunc(**kwargs)\n            try:\n                fixture_result = next(generator)\n            except StopIteration:\n                raise ValueError(f\"{request.fixturename} did not yield a value\") from None\n            finalizer = functools.partial(_teardown_yield_fixture, fixturefunc, generator)\n            request.addfinalizer(finalizer)\n        else:\n            fixturefunc = cast(Callable[..., FixtureValue], fixturefunc)\n>           fixture_result = fixturefunc(**kwargs)\n\n../../../.cache/pypoetry/virtualenvs/uk-bin-collection-EwS6Gn8s-py3.11/lib/python3.11/site-packages/_pytest/fixtures.py:902: \n_ _ _ _ _ _ _ _ _ _ _ _ _ _ _ _ _ _ _ _ _ _ _ _ _ _ _ _ _ _ _ _ _ _ _ _ _ _ _ _ \nuk_bin_collection/tests/step_defs/test_validate_council.py:75: in scrape_step\n    raise (err)\nuk_bin_collection/tests/step_defs/test_validate_council.py:71: in scrape_step\n    context.parse_result = CollectData.run()\nuk_bin_collection/uk_bin_collection/collect_data.py:78: in run\n    return self.client_code(\nuk_bin_collection/uk_bin_collection/collect_data.py:65: in client_code\n    return get_bin_data_class.template_method(address_url, **kwargs)\nuk_bin_collection/uk_bin_collection/get_bin_data.py:71: in template_method\n    bin_data_dict = self.parse_data(\nuk_bin_collection/uk_bin_collection/councils/NorthumberlandCouncil.py:46: in parse_data\n    driver.find_element(By.ID, \"ccc-notify-accept\").click()\n../../../.cache/pypoetry/virtualenvs/uk-bin-collection-EwS6Gn8s-py3.11/lib/python3.11/site-packages/selenium/webdriver/remote/webdriver.py:738: in find_element\n    return self.execute(Command.FIND_ELEMENT, {\"using\": by, \"value\": value})[\"value\"]\n../../../.cache/pypoetry/virtualenvs/uk-bin-collection-EwS6Gn8s-py3.11/lib/python3.11/site-packages/selenium/webdriver/remote/webdriver.py:344: in execute\n    self.error_handler.check_response(response)\n_ _ _ _ _ _ _ _ _ _ _ _ _ _ _ _ _ _ _ _ _ _ _ _ _ _ _ _ _ _ _ _ _ _ _ _ _ _ _ _ \n\nself = <selenium.webdriver.remote.errorhandler.ErrorHandler object at 0x7f7458729d50>\nresponse = {'status': 404, 'value': '{\"value\":{\"error\":\"no such element\",\"message\":\"no such element: Unable to locate element: {\\...\\\\n#16 0x55fa7a602917 \\\\u003Cunknown>\\\\n#17 0x55fa7a613773 \\\\u003Cunknown>\\\\n#18 0x7f71f8e94ac3 \\\\u003Cunknown>\\\\n\"}}'}\n\n    def check_response(self, response: Dict[str, Any]) -> None:\n        \"\"\"Checks that a JSON response from the WebDriver does not have an\n        error.\n    \n        :Args:\n         - response - The JSON response from the WebDriver server as a dictionary\n           object.\n    \n        :Raises: If the response contains an error message.\n        \"\"\"\n        status = response.get(\"status\", None)\n        if not status or status == ErrorCode.SUCCESS:\n            return\n        value = None\n        message = response.get(\"message\", \"\")\n        screen: str = response.get(\"screen\", \"\")\n        stacktrace = None\n        if isinstance(status, int):\n            value_json = response.get(\"value\", None)\n            if value_json and isinstance(value_json, str):\n                import json\n    \n                try:\n                    value = json.loads(value_json)\n                    if len(value) == 1:\n                        value = value[\"value\"]\n                    status = value.get(\"error\", None)\n                    if not status:\n                        status = value.get(\"status\", ErrorCode.UNKNOWN_ERROR)\n                        message = value.get(\"value\") or value.get(\"message\")\n                        if not isinstance(message, str):\n                            value = message\n                            message = message.get(\"message\")\n                    else:\n                        message = value.get(\"message\", None)\n                except ValueError:\n                    pass\n    \n        exception_class: Type[WebDriverException]\n        e = ErrorCode()\n        error_codes = [item for item in dir(e) if not item.startswith(\"__\")]\n        for error_code in error_codes:\n            error_info = getattr(ErrorCode, error_code)\n            if isinstance(error_info, list) and status in error_info:\n                exception_class = getattr(ExceptionMapping, error_code, WebDriverException)\n                break\n        else:\n            exception_class = WebDriverException\n    \n        if not value:\n            value = response[\"value\"]\n        if isinstance(value, str):\n            raise exception_class(value)\n        if message == \"\" and \"message\" in value:\n            message = value[\"message\"]\n    \n        screen = None  # type: ignore[assignment]\n        if \"screen\" in value:\n            screen = value[\"screen\"]\n    \n        stacktrace = None\n        st_value = value.get(\"stackTrace\") or value.get(\"stacktrace\")\n        if st_value:\n            if isinstance(st_value, str):\n                stacktrace = st_value.split(\"\\n\")\n            else:\n                stacktrace = []\n                try:\n                    for frame in st_value:\n                        line = frame.get(\"lineNumber\", \"\")\n                        file = frame.get(\"fileName\", \"<anonymous>\")\n                        if line:\n                            file = f\"{file}:{line}\"\n                        meth = frame.get(\"methodName\", \"<anonymous>\")\n                        if \"className\" in frame:\n                            meth = f\"{frame['className']}.{meth}\"\n                        msg = \"    at %s (%s)\"\n                        msg = msg % (meth, file)\n                        stacktrace.append(msg)\n                except TypeError:\n                    pass\n        if exception_class == UnexpectedAlertPresentException:\n            alert_text = None\n            if \"data\" in value:\n                alert_text = value[\"data\"].get(\"text\")\n            elif \"alert\" in value:\n                alert_text = value[\"alert\"].get(\"text\")\n            raise exception_class(message, screen, stacktrace, alert_text)  # type: ignore[call-arg]  # mypy is not smart enough here\n>       raise exception_class(message, screen, stacktrace)\nE       selenium.common.exceptions.NoSuchElementException: Message: no such element: Unable to locate element: {\"method\":\"css selector\",\"selector\":\"[id=\"ccc-notify-accept\"]\"}\nE         (Session info: headless chrome=119.0.6045.159); For documentation on this error, please visit: https://www.selenium.dev/documentation/webdriver/troubleshooting/errors#no-such-element-exception\nE       Stacktrace:\nE       #0 0x55fa7a6145e3 <unknown>\nE       #1 0x55fa7a2d70b7 <unknown>\nE       #2 0x55fa7a324f53 <unknown>\nE       #3 0x55fa7a325051 <unknown>\nE       #4 0x55fa7a36a9c4 <unknown>\nE       #5 0x55fa7a34bf1d <unknown>\nE       #6 0x55fa7a367b3d <unknown>\nE       #7 0x55fa7a34bcc3 <unknown>\nE       #8 0x55fa7a3170e4 <unknown>\nE       #9 0x55fa7a3180ae <unknown>\nE       #10 0x55fa7a5dace1 <unknown>\nE       #11 0x55fa7a5deb7e <unknown>\nE       #12 0x55fa7a5c84b5 <unknown>\nE       #13 0x55fa7a5df7d6 <unknown>\nE       #14 0x55fa7a5abdbf <unknown>\nE       #15 0x55fa7a602748 <unknown>\nE       #16 0x55fa7a602917 <unknown>\nE       #17 0x55fa7a613773 <unknown>\nE       #18 0x7f71f8e94ac3 <unknown>\n\n../../../.cache/pypoetry/virtualenvs/uk-bin-collection-EwS6Gn8s-py3.11/lib/python3.11/site-packages/selenium/webdriver/remote/errorhandler.py:229: NoSuchElementException","flaky":false,"newFailed":false,"newBroken":false,"newPassed":false,"retriesCount":0,"retriesStatusChange":false,"beforeStages":[],"testStage":{"status":"failed","statusMessage":"selenium.common.exceptions.NoSuchElementException: Message: no such element: Unable to locate element: {\"method\":\"css selector\",\"selector\":\"[id=\"ccc-notify-accept\"]\"}\n  (Session info: headless chrome=119.0.6045.159); For documentation on this error, please visit: https://www.selenium.dev/documentation/webdriver/troubleshooting/errors#no-such-element-exception\nStacktrace:\n#0 0x55fa7a6145e3 <unknown>\n#1 0x55fa7a2d70b7 <unknown>\n#2 0x55fa7a324f53 <unknown>\n#3 0x55fa7a325051 <unknown>\n#4 0x55fa7a36a9c4 <unknown>\n#5 0x55fa7a34bf1d <unknown>\n#6 0x55fa7a367b3d <unknown>\n#7 0x55fa7a34bcc3 <unknown>\n#8 0x55fa7a3170e4 <unknown>\n#9 0x55fa7a3180ae <unknown>\n#10 0x55fa7a5dace1 <unknown>\n#11 0x55fa7a5deb7e <unknown>\n#12 0x55fa7a5c84b5 <unknown>\n#13 0x55fa7a5df7d6 <unknown>\n#14 0x55fa7a5abdbf <unknown>\n#15 0x55fa7a602748 <unknown>\n#16 0x55fa7a602917 <unknown>\n#17 0x55fa7a613773 <unknown>\n#18 0x7f71f8e94ac3 <unknown>","statusTrace":"fixturefunc = <function scrape_step at 0x7f746c4a5080>\nrequest = <FixtureRequest for <Function test_scenario_outline[NorthumberlandCouncil-http://selenium:4444-local]>>\nkwargs = {'context': <test_validate_council.context.<locals>.Context object at 0x7f745864dd50>, 'council': 'NorthumberlandCouncil', 'selenium_mode': 'local', 'selenium_url': 'http://selenium:4444'}\n\n    def call_fixture_func(\n        fixturefunc: \"_FixtureFunc[FixtureValue]\", request: FixtureRequest, kwargs\n    ) -> FixtureValue:\n        if is_generator(fixturefunc):\n            fixturefunc = cast(\n                Callable[..., Generator[FixtureValue, None, None]], fixturefunc\n            )\n            generator = fixturefunc(**kwargs)\n            try:\n                fixture_result = next(generator)\n            except StopIteration:\n                raise ValueError(f\"{request.fixturename} did not yield a value\") from None\n            finalizer = functools.partial(_teardown_yield_fixture, fixturefunc, generator)\n            request.addfinalizer(finalizer)\n        else:\n            fixturefunc = cast(Callable[..., FixtureValue], fixturefunc)\n>           fixture_result = fixturefunc(**kwargs)\n\n../../../.cache/pypoetry/virtualenvs/uk-bin-collection-EwS6Gn8s-py3.11/lib/python3.11/site-packages/_pytest/fixtures.py:902: \n_ _ _ _ _ _ _ _ _ _ _ _ _ _ _ _ _ _ _ _ _ _ _ _ _ _ _ _ _ _ _ _ _ _ _ _ _ _ _ _ \nuk_bin_collection/tests/step_defs/test_validate_council.py:75: in scrape_step\n    raise (err)\nuk_bin_collection/tests/step_defs/test_validate_council.py:71: in scrape_step\n    context.parse_result = CollectData.run()\nuk_bin_collection/uk_bin_collection/collect_data.py:78: in run\n    return self.client_code(\nuk_bin_collection/uk_bin_collection/collect_data.py:65: in client_code\n    return get_bin_data_class.template_method(address_url, **kwargs)\nuk_bin_collection/uk_bin_collection/get_bin_data.py:71: in template_method\n    bin_data_dict = self.parse_data(\nuk_bin_collection/uk_bin_collection/councils/NorthumberlandCouncil.py:46: in parse_data\n    driver.find_element(By.ID, \"ccc-notify-accept\").click()\n../../../.cache/pypoetry/virtualenvs/uk-bin-collection-EwS6Gn8s-py3.11/lib/python3.11/site-packages/selenium/webdriver/remote/webdriver.py:738: in find_element\n    return self.execute(Command.FIND_ELEMENT, {\"using\": by, \"value\": value})[\"value\"]\n../../../.cache/pypoetry/virtualenvs/uk-bin-collection-EwS6Gn8s-py3.11/lib/python3.11/site-packages/selenium/webdriver/remote/webdriver.py:344: in execute\n    self.error_handler.check_response(response)\n_ _ _ _ _ _ _ _ _ _ _ _ _ _ _ _ _ _ _ _ _ _ _ _ _ _ _ _ _ _ _ _ _ _ _ _ _ _ _ _ \n\nself = <selenium.webdriver.remote.errorhandler.ErrorHandler object at 0x7f7458729d50>\nresponse = {'status': 404, 'value': '{\"value\":{\"error\":\"no such element\",\"message\":\"no such element: Unable to locate element: {\\...\\\\n#16 0x55fa7a602917 \\\\u003Cunknown>\\\\n#17 0x55fa7a613773 \\\\u003Cunknown>\\\\n#18 0x7f71f8e94ac3 \\\\u003Cunknown>\\\\n\"}}'}\n\n    def check_response(self, response: Dict[str, Any]) -> None:\n        \"\"\"Checks that a JSON response from the WebDriver does not have an\n        error.\n    \n        :Args:\n         - response - The JSON response from the WebDriver server as a dictionary\n           object.\n    \n        :Raises: If the response contains an error message.\n        \"\"\"\n        status = response.get(\"status\", None)\n        if not status or status == ErrorCode.SUCCESS:\n            return\n        value = None\n        message = response.get(\"message\", \"\")\n        screen: str = response.get(\"screen\", \"\")\n        stacktrace = None\n        if isinstance(status, int):\n            value_json = response.get(\"value\", None)\n            if value_json and isinstance(value_json, str):\n                import json\n    \n                try:\n                    value = json.loads(value_json)\n                    if len(value) == 1:\n                        value = value[\"value\"]\n                    status = value.get(\"error\", None)\n                    if not status:\n                        status = value.get(\"status\", ErrorCode.UNKNOWN_ERROR)\n                        message = value.get(\"value\") or value.get(\"message\")\n                        if not isinstance(message, str):\n                            value = message\n                            message = message.get(\"message\")\n                    else:\n                        message = value.get(\"message\", None)\n                except ValueError:\n                    pass\n    \n        exception_class: Type[WebDriverException]\n        e = ErrorCode()\n        error_codes = [item for item in dir(e) if not item.startswith(\"__\")]\n        for error_code in error_codes:\n            error_info = getattr(ErrorCode, error_code)\n            if isinstance(error_info, list) and status in error_info:\n                exception_class = getattr(ExceptionMapping, error_code, WebDriverException)\n                break\n        else:\n            exception_class = WebDriverException\n    \n        if not value:\n            value = response[\"value\"]\n        if isinstance(value, str):\n            raise exception_class(value)\n        if message == \"\" and \"message\" in value:\n            message = value[\"message\"]\n    \n        screen = None  # type: ignore[assignment]\n        if \"screen\" in value:\n            screen = value[\"screen\"]\n    \n        stacktrace = None\n        st_value = value.get(\"stackTrace\") or value.get(\"stacktrace\")\n        if st_value:\n            if isinstance(st_value, str):\n                stacktrace = st_value.split(\"\\n\")\n            else:\n                stacktrace = []\n                try:\n                    for frame in st_value:\n                        line = frame.get(\"lineNumber\", \"\")\n                        file = frame.get(\"fileName\", \"<anonymous>\")\n                        if line:\n                            file = f\"{file}:{line}\"\n                        meth = frame.get(\"methodName\", \"<anonymous>\")\n                        if \"className\" in frame:\n                            meth = f\"{frame['className']}.{meth}\"\n                        msg = \"    at %s (%s)\"\n                        msg = msg % (meth, file)\n                        stacktrace.append(msg)\n                except TypeError:\n                    pass\n        if exception_class == UnexpectedAlertPresentException:\n            alert_text = None\n            if \"data\" in value:\n                alert_text = value[\"data\"].get(\"text\")\n            elif \"alert\" in value:\n                alert_text = value[\"alert\"].get(\"text\")\n            raise exception_class(message, screen, stacktrace, alert_text)  # type: ignore[call-arg]  # mypy is not smart enough here\n>       raise exception_class(message, screen, stacktrace)\nE       selenium.common.exceptions.NoSuchElementException: Message: no such element: Unable to locate element: {\"method\":\"css selector\",\"selector\":\"[id=\"ccc-notify-accept\"]\"}\nE         (Session info: headless chrome=119.0.6045.159); For documentation on this error, please visit: https://www.selenium.dev/documentation/webdriver/troubleshooting/errors#no-such-element-exception\nE       Stacktrace:\nE       #0 0x55fa7a6145e3 <unknown>\nE       #1 0x55fa7a2d70b7 <unknown>\nE       #2 0x55fa7a324f53 <unknown>\nE       #3 0x55fa7a325051 <unknown>\nE       #4 0x55fa7a36a9c4 <unknown>\nE       #5 0x55fa7a34bf1d <unknown>\nE       #6 0x55fa7a367b3d <unknown>\nE       #7 0x55fa7a34bcc3 <unknown>\nE       #8 0x55fa7a3170e4 <unknown>\nE       #9 0x55fa7a3180ae <unknown>\nE       #10 0x55fa7a5dace1 <unknown>\nE       #11 0x55fa7a5deb7e <unknown>\nE       #12 0x55fa7a5c84b5 <unknown>\nE       #13 0x55fa7a5df7d6 <unknown>\nE       #14 0x55fa7a5abdbf <unknown>\nE       #15 0x55fa7a602748 <unknown>\nE       #16 0x55fa7a602917 <unknown>\nE       #17 0x55fa7a613773 <unknown>\nE       #18 0x7f71f8e94ac3 <unknown>\n\n../../../.cache/pypoetry/virtualenvs/uk-bin-collection-EwS6Gn8s-py3.11/lib/python3.11/site-packages/selenium/webdriver/remote/errorhandler.py:229: NoSuchElementException","steps":[{"name":"Given the council: NorthumberlandCouncil","time":{"start":1701036160756,"stop":1701036160756,"duration":0},"status":"passed","steps":[],"attachments":[],"parameters":[],"shouldDisplayMessage":false,"stepsCount":0,"attachmentsCount":0,"hasContent":false},{"name":"When we scrape the data from NorthumberlandCouncil using local and the http://selenium:4444 is set","time":{"start":1701036160756,"stop":1701036164489,"duration":3733},"status":"failed","statusMessage":"Message: no such element: Unable to locate element: {\"method\":\"css selector\",\"selector\":\"[id=\"ccc-notify-accept\"]\"}\n  (Session info: headless chrome=119.0.6045.159); For documentation on this error, please visit: https://www.selenium.dev/documentation/webdriver/troubleshooting/errors#no-such-element-exception\nStacktrace:\n#0 0x55fa7a6145e3 <unknown>\n#1 0x55fa7a2d70b7 <unknown>\n#2 0x55fa7a324f53 <unknown>\n#3 0x55fa7a325051 <unknown>\n#4 0x55fa7a36a9c4 <unknown>\n#5 0x55fa7a34bf1d <unknown>\n#6 0x55fa7a367b3d <unknown>\n#7 0x55fa7a34bcc3 <unknown>\n#8 0x55fa7a3170e4 <unknown>\n#9 0x55fa7a3180ae <unknown>\n#10 0x55fa7a5dace1 <unknown>\n#11 0x55fa7a5deb7e <unknown>\n#12 0x55fa7a5c84b5 <unknown>\n#13 0x55fa7a5df7d6 <unknown>\n#14 0x55fa7a5abdbf <unknown>\n#15 0x55fa7a602748 <unknown>\n#16 0x55fa7a602917 <unknown>\n#17 0x55fa7a613773 <unknown>\n#18 0x7f71f8e94ac3 <unknown>\n","statusTrace":"selenium.common.exceptions.NoSuchElementException: Message: no such element: Unable to locate element: {\"method\":\"css selector\",\"selector\":\"[id=\"ccc-notify-accept\"]\"}\n  (Session info: headless chrome=119.0.6045.159); For documentation on this error, please visit: https://www.selenium.dev/documentation/webdriver/troubleshooting/errors#no-such-element-exception\nStacktrace:\n#0 0x55fa7a6145e3 <unknown>\n#1 0x55fa7a2d70b7 <unknown>\n#2 0x55fa7a324f53 <unknown>\n#3 0x55fa7a325051 <unknown>\n#4 0x55fa7a36a9c4 <unknown>\n#5 0x55fa7a34bf1d <unknown>\n#6 0x55fa7a367b3d <unknown>\n#7 0x55fa7a34bcc3 <unknown>\n#8 0x55fa7a3170e4 <unknown>\n#9 0x55fa7a3180ae <unknown>\n#10 0x55fa7a5dace1 <unknown>\n#11 0x55fa7a5deb7e <unknown>\n#12 0x55fa7a5c84b5 <unknown>\n#13 0x55fa7a5df7d6 <unknown>\n#14 0x55fa7a5abdbf <unknown>\n#15 0x55fa7a602748 <unknown>\n#16 0x55fa7a602917 <unknown>\n#17 0x55fa7a613773 <unknown>\n#18 0x7f71f8e94ac3 <unknown>\n\n","steps":[],"attachments":[],"parameters":[],"shouldDisplayMessage":true,"stepsCount":0,"attachmentsCount":0,"hasContent":true}],"attachments":[],"parameters":[],"shouldDisplayMessage":true,"stepsCount":2,"attachmentsCount":0,"hasContent":true},"afterStages":[],"labels":[{"name":"host","value":"fv-az1499-185"},{"name":"thread","value":"2988-MainThread"},{"name":"framework","value":"pytest-bdd"},{"name":"language","value":"cpython3"},{"name":"feature","value":"Test each council output matches expected results"},{"name":"resultFormat","value":"allure2"}],"parameters":[{"name":"council","value":"NorthumberlandCouncil"},{"name":"selenium_mode","value":"local"},{"name":"selenium_url","value":"http://selenium:4444"}],"links":[],"hidden":false,"retry":false,"extra":{"severity":"normal","retries":[],"categories":[{"name":"Product defects","matchedStatuses":[],"flaky":false}],"history":{"statistic":{"failed":29,"broken":0,"skipped":0,"passed":0,"unknown":0,"total":29},"items":[{"uid":"6254d71c4bde27b","reportUrl":"https://robbrad.github.io/UKBinCollectionData/3.11/1148//#testresult/6254d71c4bde27b","status":"failed","statusDetails":"selenium.common.exceptions.NoSuchElementException: Message: no such element: Unable to locate element: {\"method\":\"css selector\",\"selector\":\"[id=\"ccc-notify-accept\"]\"}\n  (Session info: headless chrome=119.0.6045.159); For documentation on this error, please visit: https://www.selenium.dev/documentation/webdriver/troubleshooting/errors#no-such-element-exception\nStacktrace:\n#0 0x55e0f07b05e3 <unknown>\n#1 0x55e0f04730b7 <unknown>\n#2 0x55e0f04c0f53 <unknown>\n#3 0x55e0f04c1051 <unknown>\n#4 0x55e0f05069c4 <unknown>\n#5 0x55e0f04e7f1d <unknown>\n#6 0x55e0f0503b3d <unknown>\n#7 0x55e0f04e7cc3 <unknown>\n#8 0x55e0f04b30e4 <unknown>\n#9 0x55e0f04b40ae <unknown>\n#10 0x55e0f0776ce1 <unknown>\n#11 0x55e0f077ab7e <unknown>\n#12 0x55e0f07644b5 <unknown>\n#13 0x55e0f077b7d6 <unknown>\n#14 0x55e0f0747dbf <unknown>\n#15 0x55e0f079e748 <unknown>\n#16 0x55e0f079e917 <unknown>\n#17 0x55e0f07af773 <unknown>\n#18 0x7f34ad094ac3 <unknown>","time":{"start":1700961759206,"stop":1700961762942,"duration":3736}},{"uid":"9eae7ed43e435e5f","reportUrl":"https://robbrad.github.io/UKBinCollectionData/3.11/1147//#testresult/9eae7ed43e435e5f","status":"failed","statusDetails":"selenium.common.exceptions.NoSuchElementException: Message: no such element: Unable to locate element: {\"method\":\"css selector\",\"selector\":\"[id=\"ccc-notify-accept\"]\"}\n  (Session info: headless chrome=119.0.6045.159); For documentation on this error, please visit: https://www.selenium.dev/documentation/webdriver/troubleshooting/errors#no-such-element-exception\nStacktrace:\n#0 0x5579e45035e3 <unknown>\n#1 0x5579e41c60b7 <unknown>\n#2 0x5579e4213f53 <unknown>\n#3 0x5579e4214051 <unknown>\n#4 0x5579e42599c4 <unknown>\n#5 0x5579e423af1d <unknown>\n#6 0x5579e4256b3d <unknown>\n#7 0x5579e423acc3 <unknown>\n#8 0x5579e42060e4 <unknown>\n#9 0x5579e42070ae <unknown>\n#10 0x5579e44c9ce1 <unknown>\n#11 0x5579e44cdb7e <unknown>\n#12 0x5579e44b74b5 <unknown>\n#13 0x5579e44ce7d6 <unknown>\n#14 0x5579e449adbf <unknown>\n#15 0x5579e44f1748 <unknown>\n#16 0x5579e44f1917 <unknown>\n#17 0x5579e4502773 <unknown>\n#18 0x7f6e33294ac3 <unknown>","time":{"start":1700874951265,"stop":1700874955303,"duration":4038}},{"uid":"65d85b3b72a576a5","reportUrl":"https://robbrad.github.io/UKBinCollectionData/3.11/1146//#testresult/65d85b3b72a576a5","status":"failed","statusDetails":"selenium.common.exceptions.NoSuchElementException: Message: no such element: Unable to locate element: {\"method\":\"css selector\",\"selector\":\"[id=\"ccc-notify-accept\"]\"}\n  (Session info: headless chrome=119.0.6045.159); For documentation on this error, please visit: https://www.selenium.dev/documentation/webdriver/troubleshooting/errors#no-such-element-exception\nStacktrace:\n#0 0x564dfe8f95e3 <unknown>\n#1 0x564dfe5bc0b7 <unknown>\n#2 0x564dfe609f53 <unknown>\n#3 0x564dfe60a051 <unknown>\n#4 0x564dfe64f9c4 <unknown>\n#5 0x564dfe630f1d <unknown>\n#6 0x564dfe64cb3d <unknown>\n#7 0x564dfe630cc3 <unknown>\n#8 0x564dfe5fc0e4 <unknown>\n#9 0x564dfe5fd0ae <unknown>\n#10 0x564dfe8bfce1 <unknown>\n#11 0x564dfe8c3b7e <unknown>\n#12 0x564dfe8ad4b5 <unknown>\n#13 0x564dfe8c47d6 <unknown>\n#14 0x564dfe890dbf <unknown>\n#15 0x564dfe8e7748 <unknown>\n#16 0x564dfe8e7917 <unknown>\n#17 0x564dfe8f8773 <unknown>\n#18 0x7fc2b6a94ac3 <unknown>","time":{"start":1700788611182,"stop":1700788614799,"duration":3617}},{"uid":"4d059d592f9df0d2","reportUrl":"https://robbrad.github.io/UKBinCollectionData/3.11/1145//#testresult/4d059d592f9df0d2","status":"failed","statusDetails":"selenium.common.exceptions.NoSuchElementException: Message: no such element: Unable to locate element: {\"method\":\"css selector\",\"selector\":\"[id=\"ccc-notify-accept\"]\"}\n  (Session info: headless chrome=119.0.6045.159); For documentation on this error, please visit: https://www.selenium.dev/documentation/webdriver/troubleshooting/errors#no-such-element-exception\nStacktrace:\n#0 0x560ab71085e3 <unknown>\n#1 0x560ab6dcb0b7 <unknown>\n#2 0x560ab6e18f53 <unknown>\n#3 0x560ab6e19051 <unknown>\n#4 0x560ab6e5e9c4 <unknown>\n#5 0x560ab6e3ff1d <unknown>\n#6 0x560ab6e5bb3d <unknown>\n#7 0x560ab6e3fcc3 <unknown>\n#8 0x560ab6e0b0e4 <unknown>\n#9 0x560ab6e0c0ae <unknown>\n#10 0x560ab70cece1 <unknown>\n#11 0x560ab70d2b7e <unknown>\n#12 0x560ab70bc4b5 <unknown>\n#13 0x560ab70d37d6 <unknown>\n#14 0x560ab709fdbf <unknown>\n#15 0x560ab70f6748 <unknown>\n#16 0x560ab70f6917 <unknown>\n#17 0x560ab7107773 <unknown>\n#18 0x7f368a294ac3 <unknown>","time":{"start":1700702309666,"stop":1700702314066,"duration":4400}},{"uid":"b03eb6409b19fb77","reportUrl":"https://robbrad.github.io/UKBinCollectionData/3.11/1143//#testresult/b03eb6409b19fb77","status":"failed","statusDetails":"selenium.common.exceptions.NoSuchElementException: Message: no such element: Unable to locate element: {\"method\":\"css selector\",\"selector\":\"[id=\"ccc-notify-accept\"]\"}\n  (Session info: headless chrome=119.0.6045.159); For documentation on this error, please visit: https://www.selenium.dev/documentation/webdriver/troubleshooting/errors#no-such-element-exception\nStacktrace:\n#0 0x55a49fd2e5e3 <unknown>\n#1 0x55a49f9f10b7 <unknown>\n#2 0x55a49fa3ef53 <unknown>\n#3 0x55a49fa3f051 <unknown>\n#4 0x55a49fa849c4 <unknown>\n#5 0x55a49fa65f1d <unknown>\n#6 0x55a49fa81b3d <unknown>\n#7 0x55a49fa65cc3 <unknown>\n#8 0x55a49fa310e4 <unknown>\n#9 0x55a49fa320ae <unknown>\n#10 0x55a49fcf4ce1 <unknown>\n#11 0x55a49fcf8b7e <unknown>\n#12 0x55a49fce24b5 <unknown>\n#13 0x55a49fcf97d6 <unknown>\n#14 0x55a49fcc5dbf <unknown>\n#15 0x55a49fd1c748 <unknown>\n#16 0x55a49fd1c917 <unknown>\n#17 0x55a49fd2d773 <unknown>\n#18 0x7fe7d8894ac3 <unknown>","time":{"start":1700646398082,"stop":1700646401740,"duration":3658}},{"uid":"da0da701a8e9f352","reportUrl":"https://robbrad.github.io/UKBinCollectionData/3.11/1144//#testresult/da0da701a8e9f352","status":"failed","statusDetails":"selenium.common.exceptions.NoSuchElementException: Message: no such element: Unable to locate element: {\"method\":\"css selector\",\"selector\":\"[id=\"ccc-notify-accept\"]\"}\n  (Session info: headless chrome=119.0.6045.159); For documentation on this error, please visit: https://www.selenium.dev/documentation/webdriver/troubleshooting/errors#no-such-element-exception\nStacktrace:\n#0 0x557f51cc95e3 <unknown>\n#1 0x557f5198c0b7 <unknown>\n#2 0x557f519d9f53 <unknown>\n#3 0x557f519da051 <unknown>\n#4 0x557f51a1f9c4 <unknown>\n#5 0x557f51a00f1d <unknown>\n#6 0x557f51a1cb3d <unknown>\n#7 0x557f51a00cc3 <unknown>\n#8 0x557f519cc0e4 <unknown>\n#9 0x557f519cd0ae <unknown>\n#10 0x557f51c8fce1 <unknown>\n#11 0x557f51c93b7e <unknown>\n#12 0x557f51c7d4b5 <unknown>\n#13 0x557f51c947d6 <unknown>\n#14 0x557f51c60dbf <unknown>\n#15 0x557f51cb7748 <unknown>\n#16 0x557f51cb7917 <unknown>\n#17 0x557f51cc8773 <unknown>\n#18 0x7f4e23894ac3 <unknown>","time":{"start":1700646435835,"stop":1700646439818,"duration":3983}},{"uid":"47f5195fade06a1e","reportUrl":"https://robbrad.github.io/UKBinCollectionData/3.11/1141//#testresult/47f5195fade06a1e","status":"failed","statusDetails":"selenium.common.exceptions.NoSuchElementException: Message: no such element: Unable to locate element: {\"method\":\"css selector\",\"selector\":\"[id=\"ccc-notify-accept\"]\"}\n  (Session info: headless chrome=119.0.6045.159); For documentation on this error, please visit: https://www.selenium.dev/documentation/webdriver/troubleshooting/errors#no-such-element-exception\nStacktrace:\n#0 0x55ade50a35e3 <unknown>\n#1 0x55ade4d660b7 <unknown>\n#2 0x55ade4db3f53 <unknown>\n#3 0x55ade4db4051 <unknown>\n#4 0x55ade4df99c4 <unknown>\n#5 0x55ade4ddaf1d <unknown>\n#6 0x55ade4df6b3d <unknown>\n#7 0x55ade4ddacc3 <unknown>\n#8 0x55ade4da60e4 <unknown>\n#9 0x55ade4da70ae <unknown>\n#10 0x55ade5069ce1 <unknown>\n#11 0x55ade506db7e <unknown>\n#12 0x55ade50574b5 <unknown>\n#13 0x55ade506e7d6 <unknown>\n#14 0x55ade503adbf <unknown>\n#15 0x55ade5091748 <unknown>\n#16 0x55ade5091917 <unknown>\n#17 0x55ade50a2773 <unknown>\n#18 0x7ff88da94ac3 <unknown>","time":{"start":1700616101533,"stop":1700616106095,"duration":4562}},{"uid":"c1f676d89697fbad","reportUrl":"https://robbrad.github.io/UKBinCollectionData/3.11/1136//#testresult/c1f676d89697fbad","status":"failed","statusDetails":"selenium.common.exceptions.NoSuchElementException: Message: no such element: Unable to locate element: {\"method\":\"css selector\",\"selector\":\"[id=\"ccc-notify-accept\"]\"}\n  (Session info: headless chrome=119.0.6045.159); For documentation on this error, please visit: https://www.selenium.dev/documentation/webdriver/troubleshooting/errors#no-such-element-exception\nStacktrace:\n#0 0x560c7e8cb5e3 <unknown>\n#1 0x560c7e58e0b7 <unknown>\n#2 0x560c7e5dbf53 <unknown>\n#3 0x560c7e5dc051 <unknown>\n#4 0x560c7e6219c4 <unknown>\n#5 0x560c7e602f1d <unknown>\n#6 0x560c7e61eb3d <unknown>\n#7 0x560c7e602cc3 <unknown>\n#8 0x560c7e5ce0e4 <unknown>\n#9 0x560c7e5cf0ae <unknown>\n#10 0x560c7e891ce1 <unknown>\n#11 0x560c7e895b7e <unknown>\n#12 0x560c7e87f4b5 <unknown>\n#13 0x560c7e8967d6 <unknown>\n#14 0x560c7e862dbf <unknown>\n#15 0x560c7e8b9748 <unknown>\n#16 0x560c7e8b9917 <unknown>\n#17 0x560c7e8ca773 <unknown>\n#18 0x7f30e1694ac3 <unknown>","time":{"start":1700529713411,"stop":1700529718414,"duration":5003}},{"uid":"493205987d847d4e","reportUrl":"https://robbrad.github.io/UKBinCollectionData/3.11/1135//#testresult/493205987d847d4e","status":"failed","statusDetails":"selenium.common.exceptions.NoSuchElementException: Message: no such element: Unable to locate element: {\"method\":\"css selector\",\"selector\":\"[id=\"ccc-notify-accept\"]\"}\n  (Session info: headless chrome=118.0.5993.117); For documentation on this error, please visit: https://www.selenium.dev/documentation/webdriver/troubleshooting/errors#no-such-element-exception\nStacktrace:\n#0 0x5631be48cfb3 <unknown>\n#1 0x5631be1604a7 <unknown>\n#2 0x5631be1a7dd6 <unknown>\n#3 0x5631be1a7ec1 <unknown>\n#4 0x5631be1e5354 <unknown>\n#5 0x5631be1c996d <unknown>\n#6 0x5631be1e2c02 <unknown>\n#7 0x5631be1c9713 <unknown>\n#8 0x5631be19c18b <unknown>\n#9 0x5631be19cf7e <unknown>\n#10 0x5631be4528d8 <unknown>\n#11 0x5631be456800 <unknown>\n#12 0x5631be460cfc <unknown>\n#13 0x5631be457418 <unknown>\n#14 0x5631be42442f <unknown>\n#15 0x5631be47b4e8 <unknown>\n#16 0x5631be47b6b4 <unknown>\n#17 0x5631be48c143 <unknown>\n#18 0x7eff98894ac3 <unknown>","time":{"start":1700443204490,"stop":1700443208195,"duration":3705}},{"uid":"4ab607604a1fd0af","reportUrl":"https://robbrad.github.io/UKBinCollectionData/3.11/1134//#testresult/4ab607604a1fd0af","status":"failed","statusDetails":"selenium.common.exceptions.NoSuchElementException: Message: no such element: Unable to locate element: {\"method\":\"css selector\",\"selector\":\"[id=\"ccc-notify-accept\"]\"}\n  (Session info: headless chrome=118.0.5993.117); For documentation on this error, please visit: https://www.selenium.dev/documentation/webdriver/troubleshooting/errors#no-such-element-exception\nStacktrace:\n#0 0x5587fc8c7fb3 <unknown>\n#1 0x5587fc59b4a7 <unknown>\n#2 0x5587fc5e2dd6 <unknown>\n#3 0x5587fc5e2ec1 <unknown>\n#4 0x5587fc620354 <unknown>\n#5 0x5587fc60496d <unknown>\n#6 0x5587fc61dc02 <unknown>\n#7 0x5587fc604713 <unknown>\n#8 0x5587fc5d718b <unknown>\n#9 0x5587fc5d7f7e <unknown>\n#10 0x5587fc88d8d8 <unknown>\n#11 0x5587fc891800 <unknown>\n#12 0x5587fc89bcfc <unknown>\n#13 0x5587fc892418 <unknown>\n#14 0x5587fc85f42f <unknown>\n#15 0x5587fc8b64e8 <unknown>\n#16 0x5587fc8b66b4 <unknown>\n#17 0x5587fc8c7143 <unknown>\n#18 0x7f80a2094ac3 <unknown>","time":{"start":1700357013105,"stop":1700357017049,"duration":3944}},{"uid":"463febb8725bdb0c","reportUrl":"https://robbrad.github.io/UKBinCollectionData/3.11/1133//#testresult/463febb8725bdb0c","status":"failed","statusDetails":"selenium.common.exceptions.NoSuchElementException: Message: no such element: Unable to locate element: {\"method\":\"css selector\",\"selector\":\"[id=\"ccc-notify-accept\"]\"}\n  (Session info: headless chrome=118.0.5993.117); For documentation on this error, please visit: https://www.selenium.dev/documentation/webdriver/troubleshooting/errors#no-such-element-exception\nStacktrace:\n#0 0x5574690f3fb3 <unknown>\n#1 0x557468dc74a7 <unknown>\n#2 0x557468e0edd6 <unknown>\n#3 0x557468e0eec1 <unknown>\n#4 0x557468e4c354 <unknown>\n#5 0x557468e3096d <unknown>\n#6 0x557468e49c02 <unknown>\n#7 0x557468e30713 <unknown>\n#8 0x557468e0318b <unknown>\n#9 0x557468e03f7e <unknown>\n#10 0x5574690b98d8 <unknown>\n#11 0x5574690bd800 <unknown>\n#12 0x5574690c7cfc <unknown>\n#13 0x5574690be418 <unknown>\n#14 0x55746908b42f <unknown>\n#15 0x5574690e24e8 <unknown>\n#16 0x5574690e26b4 <unknown>\n#17 0x5574690f3143 <unknown>\n#18 0x7fdabb494ac3 <unknown>","time":{"start":1700270313786,"stop":1700270317502,"duration":3716}},{"uid":"6b615493fc169244","reportUrl":"https://robbrad.github.io/UKBinCollectionData/3.11/1132//#testresult/6b615493fc169244","status":"failed","statusDetails":"selenium.common.exceptions.NoSuchElementException: Message: no such element: Unable to locate element: {\"method\":\"css selector\",\"selector\":\"[id=\"ccc-notify-accept\"]\"}\n  (Session info: headless chrome=118.0.5993.117); For documentation on this error, please visit: https://www.selenium.dev/documentation/webdriver/troubleshooting/errors#no-such-element-exception\nStacktrace:\n#0 0x55c2296aefb3 <unknown>\n#1 0x55c2293824a7 <unknown>\n#2 0x55c2293c9dd6 <unknown>\n#3 0x55c2293c9ec1 <unknown>\n#4 0x55c229407354 <unknown>\n#5 0x55c2293eb96d <unknown>\n#6 0x55c229404c02 <unknown>\n#7 0x55c2293eb713 <unknown>\n#8 0x55c2293be18b <unknown>\n#9 0x55c2293bef7e <unknown>\n#10 0x55c2296748d8 <unknown>\n#11 0x55c229678800 <unknown>\n#12 0x55c229682cfc <unknown>\n#13 0x55c229679418 <unknown>\n#14 0x55c22964642f <unknown>\n#15 0x55c22969d4e8 <unknown>\n#16 0x55c22969d6b4 <unknown>\n#17 0x55c2296ae143 <unknown>\n#18 0x7f4aaf894ac3 <unknown>","time":{"start":1700183943754,"stop":1700183947752,"duration":3998}},{"uid":"cecb764c61b49a94","reportUrl":"https://robbrad.github.io/UKBinCollectionData/3.11/1131//#testresult/cecb764c61b49a94","status":"failed","statusDetails":"selenium.common.exceptions.NoSuchElementException: Message: no such element: Unable to locate element: {\"method\":\"css selector\",\"selector\":\"[id=\"ccc-notify-accept\"]\"}\n  (Session info: headless chrome=118.0.5993.117); For documentation on this error, please visit: https://www.selenium.dev/documentation/webdriver/troubleshooting/errors#no-such-element-exception\nStacktrace:\n#0 0x55d6772b0fb3 <unknown>\n#1 0x55d676f844a7 <unknown>\n#2 0x55d676fcbdd6 <unknown>\n#3 0x55d676fcbec1 <unknown>\n#4 0x55d677009354 <unknown>\n#5 0x55d676fed96d <unknown>\n#6 0x55d677006c02 <unknown>\n#7 0x55d676fed713 <unknown>\n#8 0x55d676fc018b <unknown>\n#9 0x55d676fc0f7e <unknown>\n#10 0x55d6772768d8 <unknown>\n#11 0x55d67727a800 <unknown>\n#12 0x55d677284cfc <unknown>\n#13 0x55d67727b418 <unknown>\n#14 0x55d67724842f <unknown>\n#15 0x55d67729f4e8 <unknown>\n#16 0x55d67729f6b4 <unknown>\n#17 0x55d6772b0143 <unknown>\n#18 0x7f68d8294ac3 <unknown>","time":{"start":1700097614794,"stop":1700097618713,"duration":3919}},{"uid":"37e20880ae048fc","reportUrl":"https://robbrad.github.io/UKBinCollectionData/3.11/1129//#testresult/37e20880ae048fc","status":"failed","statusDetails":"selenium.common.exceptions.NoSuchElementException: Message: no such element: Unable to locate element: {\"method\":\"css selector\",\"selector\":\"[id=\"ccc-notify-accept\"]\"}\n  (Session info: headless chrome=118.0.5993.117); For documentation on this error, please visit: https://www.selenium.dev/documentation/webdriver/troubleshooting/errors#no-such-element-exception\nStacktrace:\n#0 0x55741f985fb3 <unknown>\n#1 0x55741f6594a7 <unknown>\n#2 0x55741f6a0dd6 <unknown>\n#3 0x55741f6a0ec1 <unknown>\n#4 0x55741f6de354 <unknown>\n#5 0x55741f6c296d <unknown>\n#6 0x55741f6dbc02 <unknown>\n#7 0x55741f6c2713 <unknown>\n#8 0x55741f69518b <unknown>\n#9 0x55741f695f7e <unknown>\n#10 0x55741f94b8d8 <unknown>\n#11 0x55741f94f800 <unknown>\n#12 0x55741f959cfc <unknown>\n#13 0x55741f950418 <unknown>\n#14 0x55741f91d42f <unknown>\n#15 0x55741f9744e8 <unknown>\n#16 0x55741f9746b4 <unknown>\n#17 0x55741f985143 <unknown>\n#18 0x7f01d4e94ac3 <unknown>","time":{"start":1700011090753,"stop":1700011094478,"duration":3725}},{"uid":"c866b4c3666eb37c","reportUrl":"https://robbrad.github.io/UKBinCollectionData/3.11/1128//#testresult/c866b4c3666eb37c","status":"failed","statusDetails":"selenium.common.exceptions.NoSuchElementException: Message: no such element: Unable to locate element: {\"method\":\"css selector\",\"selector\":\"[id=\"ccc-notify-accept\"]\"}\n  (Session info: headless chrome=118.0.5993.117); For documentation on this error, please visit: https://www.selenium.dev/documentation/webdriver/troubleshooting/errors#no-such-element-exception\nStacktrace:\n#0 0x557ee6430fb3 <unknown>\n#1 0x557ee61044a7 <unknown>\n#2 0x557ee614bdd6 <unknown>\n#3 0x557ee614bec1 <unknown>\n#4 0x557ee6189354 <unknown>\n#5 0x557ee616d96d <unknown>\n#6 0x557ee6186c02 <unknown>\n#7 0x557ee616d713 <unknown>\n#8 0x557ee614018b <unknown>\n#9 0x557ee6140f7e <unknown>\n#10 0x557ee63f68d8 <unknown>\n#11 0x557ee63fa800 <unknown>\n#12 0x557ee6404cfc <unknown>\n#13 0x557ee63fb418 <unknown>\n#14 0x557ee63c842f <unknown>\n#15 0x557ee641f4e8 <unknown>\n#16 0x557ee641f6b4 <unknown>\n#17 0x557ee6430143 <unknown>\n#18 0x7f618ca94ac3 <unknown>","time":{"start":1699924765183,"stop":1699924770294,"duration":5111}},{"uid":"a0752aa13143169c","reportUrl":"https://robbrad.github.io/UKBinCollectionData/3.11/1127//#testresult/a0752aa13143169c","status":"failed","statusDetails":"selenium.common.exceptions.NoSuchElementException: Message: no such element: Unable to locate element: {\"method\":\"css selector\",\"selector\":\"[id=\"ccc-notify-accept\"]\"}\n  (Session info: headless chrome=118.0.5993.117); For documentation on this error, please visit: https://www.selenium.dev/documentation/webdriver/troubleshooting/errors#no-such-element-exception\nStacktrace:\n#0 0x55e351a35fb3 <unknown>\n#1 0x55e3517094a7 <unknown>\n#2 0x55e351750dd6 <unknown>\n#3 0x55e351750ec1 <unknown>\n#4 0x55e35178e354 <unknown>\n#5 0x55e35177296d <unknown>\n#6 0x55e35178bc02 <unknown>\n#7 0x55e351772713 <unknown>\n#8 0x55e35174518b <unknown>\n#9 0x55e351745f7e <unknown>\n#10 0x55e3519fb8d8 <unknown>\n#11 0x55e3519ff800 <unknown>\n#12 0x55e351a09cfc <unknown>\n#13 0x55e351a00418 <unknown>\n#14 0x55e3519cd42f <unknown>\n#15 0x55e351a244e8 <unknown>\n#16 0x55e351a246b4 <unknown>\n#17 0x55e351a35143 <unknown>\n#18 0x7f3124c94ac3 <unknown>","time":{"start":1699838332428,"stop":1699838337608,"duration":5180}},{"uid":"2bb7baf1ed35a5b","reportUrl":"https://robbrad.github.io/UKBinCollectionData/3.11/1126//#testresult/2bb7baf1ed35a5b","status":"failed","statusDetails":"selenium.common.exceptions.NoSuchElementException: Message: no such element: Unable to locate element: {\"method\":\"css selector\",\"selector\":\"[id=\"ccc-notify-accept\"]\"}\n  (Session info: headless chrome=118.0.5993.117); For documentation on this error, please visit: https://www.selenium.dev/documentation/webdriver/troubleshooting/errors#no-such-element-exception\nStacktrace:\n#0 0x55884468dfb3 <unknown>\n#1 0x5588443614a7 <unknown>\n#2 0x5588443a8dd6 <unknown>\n#3 0x5588443a8ec1 <unknown>\n#4 0x5588443e6354 <unknown>\n#5 0x5588443ca96d <unknown>\n#6 0x5588443e3c02 <unknown>\n#7 0x5588443ca713 <unknown>\n#8 0x55884439d18b <unknown>\n#9 0x55884439df7e <unknown>\n#10 0x5588446538d8 <unknown>\n#11 0x558844657800 <unknown>\n#12 0x558844661cfc <unknown>\n#13 0x558844658418 <unknown>\n#14 0x55884462542f <unknown>\n#15 0x55884467c4e8 <unknown>\n#16 0x55884467c6b4 <unknown>\n#17 0x55884468d143 <unknown>\n#18 0x7fa3f4694ac3 <unknown>","time":{"start":1699752091012,"stop":1699752096099,"duration":5087}},{"uid":"2d7b796f4501bc08","reportUrl":"https://robbrad.github.io/UKBinCollectionData/3.11/1125//#testresult/2d7b796f4501bc08","status":"failed","statusDetails":"selenium.common.exceptions.NoSuchElementException: Message: no such element: Unable to locate element: {\"method\":\"css selector\",\"selector\":\"[id=\"ccc-notify-accept\"]\"}\n  (Session info: headless chrome=118.0.5993.117); For documentation on this error, please visit: https://www.selenium.dev/documentation/webdriver/troubleshooting/errors#no-such-element-exception\nStacktrace:\n#0 0x565509641fb3 <unknown>\n#1 0x5655093154a7 <unknown>\n#2 0x56550935cdd6 <unknown>\n#3 0x56550935cec1 <unknown>\n#4 0x56550939a354 <unknown>\n#5 0x56550937e96d <unknown>\n#6 0x565509397c02 <unknown>\n#7 0x56550937e713 <unknown>\n#8 0x56550935118b <unknown>\n#9 0x565509351f7e <unknown>\n#10 0x5655096078d8 <unknown>\n#11 0x56550960b800 <unknown>\n#12 0x565509615cfc <unknown>\n#13 0x56550960c418 <unknown>\n#14 0x5655095d942f <unknown>\n#15 0x5655096304e8 <unknown>\n#16 0x5655096306b4 <unknown>\n#17 0x565509641143 <unknown>\n#18 0x7f3419294ac3 <unknown>","time":{"start":1699669062661,"stop":1699669067946,"duration":5285}},{"uid":"fba0627227622942","reportUrl":"https://robbrad.github.io/UKBinCollectionData/3.11/1124//#testresult/fba0627227622942","status":"failed","statusDetails":"selenium.common.exceptions.NoSuchElementException: Message: no such element: Unable to locate element: {\"method\":\"css selector\",\"selector\":\"[id=\"ccc-notify-accept\"]\"}\n  (Session info: headless chrome=118.0.5993.117); For documentation on this error, please visit: https://www.selenium.dev/documentation/webdriver/troubleshooting/errors#no-such-element-exception\nStacktrace:\n#0 0x5598cb6aefb3 <unknown>\n#1 0x5598cb3824a7 <unknown>\n#2 0x5598cb3c9dd6 <unknown>\n#3 0x5598cb3c9ec1 <unknown>\n#4 0x5598cb407354 <unknown>\n#5 0x5598cb3eb96d <unknown>\n#6 0x5598cb404c02 <unknown>\n#7 0x5598cb3eb713 <unknown>\n#8 0x5598cb3be18b <unknown>\n#9 0x5598cb3bef7e <unknown>\n#10 0x5598cb6748d8 <unknown>\n#11 0x5598cb678800 <unknown>\n#12 0x5598cb682cfc <unknown>\n#13 0x5598cb679418 <unknown>\n#14 0x5598cb64642f <unknown>\n#15 0x5598cb69d4e8 <unknown>\n#16 0x5598cb69d6b4 <unknown>\n#17 0x5598cb6ae143 <unknown>\n#18 0x7effc1694ac3 <unknown>","time":{"start":1699579000561,"stop":1699579004431,"duration":3870}},{"uid":"a49dbfbc3bd4698c","reportUrl":"https://robbrad.github.io/UKBinCollectionData/3.11/1123//#testresult/a49dbfbc3bd4698c","status":"failed","statusDetails":"selenium.common.exceptions.NoSuchElementException: Message: no such element: Unable to locate element: {\"method\":\"css selector\",\"selector\":\"[id=\"ccc-notify-accept\"]\"}\n  (Session info: headless chrome=118.0.5993.117); For documentation on this error, please visit: https://www.selenium.dev/documentation/webdriver/troubleshooting/errors#no-such-element-exception\nStacktrace:\n#0 0x555c27ad3fb3 <unknown>\n#1 0x555c277a74a7 <unknown>\n#2 0x555c277eedd6 <unknown>\n#3 0x555c277eeec1 <unknown>\n#4 0x555c2782c354 <unknown>\n#5 0x555c2781096d <unknown>\n#6 0x555c27829c02 <unknown>\n#7 0x555c27810713 <unknown>\n#8 0x555c277e318b <unknown>\n#9 0x555c277e3f7e <unknown>\n#10 0x555c27a998d8 <unknown>\n#11 0x555c27a9d800 <unknown>\n#12 0x555c27aa7cfc <unknown>\n#13 0x555c27a9e418 <unknown>\n#14 0x555c27a6b42f <unknown>\n#15 0x555c27ac24e8 <unknown>\n#16 0x555c27ac26b4 <unknown>\n#17 0x555c27ad3143 <unknown>\n#18 0x7f2045294ac3 <unknown>","time":{"start":1699492657258,"stop":1699492661712,"duration":4454}}]},"tags":[]},"source":"e8d31e3d90057e91.json","parameterValues":["NorthumberlandCouncil","local","http://selenium:4444"]}