{"uid":"8622bbe64fc0e0bd","name":"Validate Council Output [ChorleyCouncil]","fullName":"features/validate_council_outputs.feature:Validate Council Output","historyId":"5bdae4358e62a7577eff481397583199","time":{"start":1717633700468,"stop":1717633803023,"duration":102555},"status":"failed","statusMessage":"selenium.common.exceptions.TimeoutException: Message: \nStacktrace:\n#0 0x55dba60e3e9a <unknown>\n#1 0x55dba5dcd45c <unknown>\n#2 0x55dba5e195b5 <unknown>\n#3 0x55dba5e19671 <unknown>\n#4 0x55dba5e5df14 <unknown>\n#5 0x55dba5e3c4dd <unknown>\n#6 0x55dba5e5b2cc <unknown>\n#7 0x55dba5e3c253 <unknown>\n#8 0x55dba5e0c1c7 <unknown>\n#9 0x55dba5e0cb3e <unknown>\n#10 0x55dba60aa2db <unknown>\n#11 0x55dba60ae387 <unknown>\n#12 0x55dba6096e0e <unknown>\n#13 0x55dba60aee52 <unknown>\n#14 0x55dba607b7af <unknown>\n#15 0x55dba60d3188 <unknown>\n#16 0x55dba60d335b <unknown>\n#17 0x55dba60e2fcc <unknown>\n#18 0x7f2cda678ac3 <unknown>","statusTrace":"fixturefunc = <function scrape_step at 0x7f0985205760>\nrequest = <FixtureRequest for <Function test_scenario_outline[ChorleyCouncil]>>\nkwargs = {'context': <test_validate_council.Context object at 0x7f0987785d10>, 'headless_mode': 'True', 'local_browser': 'False', 'selenium_url': 'http://localhost:4444'}\n\n    def call_fixture_func(\n        fixturefunc: \"_FixtureFunc[FixtureValue]\", request: FixtureRequest, kwargs\n    ) -> FixtureValue:\n        if is_generator(fixturefunc):\n            fixturefunc = cast(\n                Callable[..., Generator[FixtureValue, None, None]], fixturefunc\n            )\n            generator = fixturefunc(**kwargs)\n            try:\n                fixture_result = next(generator)\n            except StopIteration:\n                raise ValueError(f\"{request.fixturename} did not yield a value\") from None\n            finalizer = functools.partial(_teardown_yield_fixture, fixturefunc, generator)\n            request.addfinalizer(finalizer)\n        else:\n            fixturefunc = cast(Callable[..., FixtureValue], fixturefunc)\n>           fixture_result = fixturefunc(**kwargs)\n\n../../../.cache/pypoetry/virtualenvs/uk-bin-collection-EwS6Gn8s-py3.11/lib/python3.11/site-packages/_pytest/fixtures.py:887: \n_ _ _ _ _ _ _ _ _ _ _ _ _ _ _ _ _ _ _ _ _ _ _ _ _ _ _ _ _ _ _ _ _ _ _ _ _ _ _ _ \nuk_bin_collection/tests/step_defs/test_validate_council.py:100: in scrape_step\n    context.parse_result = CollectData.run()\nuk_bin_collection/uk_bin_collection/collect_data.py:102: in run\n    return self.client_code(\nuk_bin_collection/uk_bin_collection/collect_data.py:121: in client_code\n    return get_bin_data_class.template_method(address_url, **kwargs)\nuk_bin_collection/uk_bin_collection/get_bin_data.py:80: in template_method\n    bin_data_dict = self.parse_data(\nuk_bin_collection/uk_bin_collection/councils/ChorleyCouncil.py:79: in parse_data\n    dropdown = WebDriverWait(driver, 10).until(\n_ _ _ _ _ _ _ _ _ _ _ _ _ _ _ _ _ _ _ _ _ _ _ _ _ _ _ _ _ _ _ _ _ _ _ _ _ _ _ _ \n\nself = <selenium.webdriver.support.wait.WebDriverWait (session=\"1d249810475287144565aa2e8503072f\")>\nmethod = <function presence_of_element_located.<locals>._predicate at 0x7f0984e028e0>\nmessage = ''\n\n    def until(self, method: Callable[[D], Union[Literal[False], T]], message: str = \"\") -> T:\n        \"\"\"Calls the method provided with the driver as an argument until the \\\n        return value does not evaluate to ``False``.\n    \n        :param method: callable(WebDriver)\n        :param message: optional message for :exc:`TimeoutException`\n        :returns: the result of the last call to `method`\n        :raises: :exc:`selenium.common.exceptions.TimeoutException` if timeout occurs\n        \"\"\"\n        screen = None\n        stacktrace = None\n    \n        end_time = time.monotonic() + self._timeout\n        while True:\n            try:\n                value = method(self._driver)\n                if value:\n                    return value\n            except self._ignored_exceptions as exc:\n                screen = getattr(exc, \"screen\", None)\n                stacktrace = getattr(exc, \"stacktrace\", None)\n            time.sleep(self._poll)\n            if time.monotonic() > end_time:\n                break\n>       raise TimeoutException(message, screen, stacktrace)\nE       selenium.common.exceptions.TimeoutException: Message: \nE       Stacktrace:\nE       #0 0x55dba60e3e9a <unknown>\nE       #1 0x55dba5dcd45c <unknown>\nE       #2 0x55dba5e195b5 <unknown>\nE       #3 0x55dba5e19671 <unknown>\nE       #4 0x55dba5e5df14 <unknown>\nE       #5 0x55dba5e3c4dd <unknown>\nE       #6 0x55dba5e5b2cc <unknown>\nE       #7 0x55dba5e3c253 <unknown>\nE       #8 0x55dba5e0c1c7 <unknown>\nE       #9 0x55dba5e0cb3e <unknown>\nE       #10 0x55dba60aa2db <unknown>\nE       #11 0x55dba60ae387 <unknown>\nE       #12 0x55dba6096e0e <unknown>\nE       #13 0x55dba60aee52 <unknown>\nE       #14 0x55dba607b7af <unknown>\nE       #15 0x55dba60d3188 <unknown>\nE       #16 0x55dba60d335b <unknown>\nE       #17 0x55dba60e2fcc <unknown>\nE       #18 0x7f2cda678ac3 <unknown>\n\n../../../.cache/pypoetry/virtualenvs/uk-bin-collection-EwS6Gn8s-py3.11/lib/python3.11/site-packages/selenium/webdriver/support/wait.py:105: TimeoutException","flaky":false,"newFailed":true,"newBroken":false,"newPassed":false,"retriesCount":0,"retriesStatusChange":false,"beforeStages":[],"testStage":{"status":"failed","statusMessage":"selenium.common.exceptions.TimeoutException: Message: \nStacktrace:\n#0 0x55dba60e3e9a <unknown>\n#1 0x55dba5dcd45c <unknown>\n#2 0x55dba5e195b5 <unknown>\n#3 0x55dba5e19671 <unknown>\n#4 0x55dba5e5df14 <unknown>\n#5 0x55dba5e3c4dd <unknown>\n#6 0x55dba5e5b2cc <unknown>\n#7 0x55dba5e3c253 <unknown>\n#8 0x55dba5e0c1c7 <unknown>\n#9 0x55dba5e0cb3e <unknown>\n#10 0x55dba60aa2db <unknown>\n#11 0x55dba60ae387 <unknown>\n#12 0x55dba6096e0e <unknown>\n#13 0x55dba60aee52 <unknown>\n#14 0x55dba607b7af <unknown>\n#15 0x55dba60d3188 <unknown>\n#16 0x55dba60d335b <unknown>\n#17 0x55dba60e2fcc <unknown>\n#18 0x7f2cda678ac3 <unknown>","statusTrace":"fixturefunc = <function scrape_step at 0x7f0985205760>\nrequest = <FixtureRequest for <Function test_scenario_outline[ChorleyCouncil]>>\nkwargs = {'context': <test_validate_council.Context object at 0x7f0987785d10>, 'headless_mode': 'True', 'local_browser': 'False', 'selenium_url': 'http://localhost:4444'}\n\n    def call_fixture_func(\n        fixturefunc: \"_FixtureFunc[FixtureValue]\", request: FixtureRequest, kwargs\n    ) -> FixtureValue:\n        if is_generator(fixturefunc):\n            fixturefunc = cast(\n                Callable[..., Generator[FixtureValue, None, None]], fixturefunc\n            )\n            generator = fixturefunc(**kwargs)\n            try:\n                fixture_result = next(generator)\n            except StopIteration:\n                raise ValueError(f\"{request.fixturename} did not yield a value\") from None\n            finalizer = functools.partial(_teardown_yield_fixture, fixturefunc, generator)\n            request.addfinalizer(finalizer)\n        else:\n            fixturefunc = cast(Callable[..., FixtureValue], fixturefunc)\n>           fixture_result = fixturefunc(**kwargs)\n\n../../../.cache/pypoetry/virtualenvs/uk-bin-collection-EwS6Gn8s-py3.11/lib/python3.11/site-packages/_pytest/fixtures.py:887: \n_ _ _ _ _ _ _ _ _ _ _ _ _ _ _ _ _ _ _ _ _ _ _ _ _ _ _ _ _ _ _ _ _ _ _ _ _ _ _ _ \nuk_bin_collection/tests/step_defs/test_validate_council.py:100: in scrape_step\n    context.parse_result = CollectData.run()\nuk_bin_collection/uk_bin_collection/collect_data.py:102: in run\n    return self.client_code(\nuk_bin_collection/uk_bin_collection/collect_data.py:121: in client_code\n    return get_bin_data_class.template_method(address_url, **kwargs)\nuk_bin_collection/uk_bin_collection/get_bin_data.py:80: in template_method\n    bin_data_dict = self.parse_data(\nuk_bin_collection/uk_bin_collection/councils/ChorleyCouncil.py:79: in parse_data\n    dropdown = WebDriverWait(driver, 10).until(\n_ _ _ _ _ _ _ _ _ _ _ _ _ _ _ _ _ _ _ _ _ _ _ _ _ _ _ _ _ _ _ _ _ _ _ _ _ _ _ _ \n\nself = <selenium.webdriver.support.wait.WebDriverWait (session=\"1d249810475287144565aa2e8503072f\")>\nmethod = <function presence_of_element_located.<locals>._predicate at 0x7f0984e028e0>\nmessage = ''\n\n    def until(self, method: Callable[[D], Union[Literal[False], T]], message: str = \"\") -> T:\n        \"\"\"Calls the method provided with the driver as an argument until the \\\n        return value does not evaluate to ``False``.\n    \n        :param method: callable(WebDriver)\n        :param message: optional message for :exc:`TimeoutException`\n        :returns: the result of the last call to `method`\n        :raises: :exc:`selenium.common.exceptions.TimeoutException` if timeout occurs\n        \"\"\"\n        screen = None\n        stacktrace = None\n    \n        end_time = time.monotonic() + self._timeout\n        while True:\n            try:\n                value = method(self._driver)\n                if value:\n                    return value\n            except self._ignored_exceptions as exc:\n                screen = getattr(exc, \"screen\", None)\n                stacktrace = getattr(exc, \"stacktrace\", None)\n            time.sleep(self._poll)\n            if time.monotonic() > end_time:\n                break\n>       raise TimeoutException(message, screen, stacktrace)\nE       selenium.common.exceptions.TimeoutException: Message: \nE       Stacktrace:\nE       #0 0x55dba60e3e9a <unknown>\nE       #1 0x55dba5dcd45c <unknown>\nE       #2 0x55dba5e195b5 <unknown>\nE       #3 0x55dba5e19671 <unknown>\nE       #4 0x55dba5e5df14 <unknown>\nE       #5 0x55dba5e3c4dd <unknown>\nE       #6 0x55dba5e5b2cc <unknown>\nE       #7 0x55dba5e3c253 <unknown>\nE       #8 0x55dba5e0c1c7 <unknown>\nE       #9 0x55dba5e0cb3e <unknown>\nE       #10 0x55dba60aa2db <unknown>\nE       #11 0x55dba60ae387 <unknown>\nE       #12 0x55dba6096e0e <unknown>\nE       #13 0x55dba60aee52 <unknown>\nE       #14 0x55dba607b7af <unknown>\nE       #15 0x55dba60d3188 <unknown>\nE       #16 0x55dba60d335b <unknown>\nE       #17 0x55dba60e2fcc <unknown>\nE       #18 0x7f2cda678ac3 <unknown>\n\n../../../.cache/pypoetry/virtualenvs/uk-bin-collection-EwS6Gn8s-py3.11/lib/python3.11/site-packages/selenium/webdriver/support/wait.py:105: TimeoutException","steps":[{"name":"Given the council","time":{"start":1717633700468,"stop":1717633700468,"duration":0},"status":"passed","steps":[],"attachments":[],"parameters":[],"shouldDisplayMessage":false,"stepsCount":0,"attachmentsCount":0,"hasContent":false,"attachmentStep":false},{"name":"When we scrape the data from the council","time":{"start":1717633700469,"stop":1717633803023,"duration":102554},"status":"failed","statusMessage":"Message: \nStacktrace:\n#0 0x55dba60e3e9a <unknown>\n#1 0x55dba5dcd45c <unknown>\n#2 0x55dba5e195b5 <unknown>\n#3 0x55dba5e19671 <unknown>\n#4 0x55dba5e5df14 <unknown>\n#5 0x55dba5e3c4dd <unknown>\n#6 0x55dba5e5b2cc <unknown>\n#7 0x55dba5e3c253 <unknown>\n#8 0x55dba5e0c1c7 <unknown>\n#9 0x55dba5e0cb3e <unknown>\n#10 0x55dba60aa2db <unknown>\n#11 0x55dba60ae387 <unknown>\n#12 0x55dba6096e0e <unknown>\n#13 0x55dba60aee52 <unknown>\n#14 0x55dba607b7af <unknown>\n#15 0x55dba60d3188 <unknown>\n#16 0x55dba60d335b <unknown>\n#17 0x55dba60e2fcc <unknown>\n#18 0x7f2cda678ac3 <unknown>\n","statusTrace":"selenium.common.exceptions.TimeoutException: Message: \nStacktrace:\n#0 0x55dba60e3e9a <unknown>\n#1 0x55dba5dcd45c <unknown>\n#2 0x55dba5e195b5 <unknown>\n#3 0x55dba5e19671 <unknown>\n#4 0x55dba5e5df14 <unknown>\n#5 0x55dba5e3c4dd <unknown>\n#6 0x55dba5e5b2cc <unknown>\n#7 0x55dba5e3c253 <unknown>\n#8 0x55dba5e0c1c7 <unknown>\n#9 0x55dba5e0cb3e <unknown>\n#10 0x55dba60aa2db <unknown>\n#11 0x55dba60ae387 <unknown>\n#12 0x55dba6096e0e <unknown>\n#13 0x55dba60aee52 <unknown>\n#14 0x55dba607b7af <unknown>\n#15 0x55dba60d3188 <unknown>\n#16 0x55dba60d335b <unknown>\n#17 0x55dba60e2fcc <unknown>\n#18 0x7f2cda678ac3 <unknown>\n\n","steps":[],"attachments":[],"parameters":[],"shouldDisplayMessage":true,"stepsCount":0,"attachmentsCount":0,"hasContent":true,"attachmentStep":false}],"attachments":[{"uid":"5629504acfb82384","name":"stdout","source":"5629504acfb82384.txt","type":"text/plain","size":624}],"parameters":[],"shouldDisplayMessage":true,"stepsCount":2,"attachmentsCount":1,"hasContent":true,"attachmentStep":false},"afterStages":[],"labels":[{"name":"host","value":"fv-az1543-136"},{"name":"thread","value":"2684-MainThread"},{"name":"framework","value":"pytest-bdd"},{"name":"language","value":"cpython3"},{"name":"feature","value":"Test each council output matches expected results"},{"name":"resultFormat","value":"allure2"}],"parameters":[{"name":"council","value":"ChorleyCouncil"}],"links":[],"hidden":false,"retry":false,"extra":{"severity":"normal","retries":[],"categories":[{"name":"Product defects","matchedStatuses":[],"flaky":false}],"history":{"statistic":{"failed":2,"broken":0,"skipped":0,"passed":28,"unknown":0,"total":30},"items":[{"uid":"3ce454b104debc16","reportUrl":"https://robbrad.github.io/UKBinCollectionData/3.11/1924//#testresult/3ce454b104debc16","status":"passed","time":{"start":1717547350341,"stop":1717547375722,"duration":25381}},{"uid":"44a308ea78723be8","reportUrl":"https://robbrad.github.io/UKBinCollectionData/3.11/1923//#testresult/44a308ea78723be8","status":"passed","time":{"start":1717460902648,"stop":1717460933976,"duration":31328}},{"uid":"baa8a4665c237016","reportUrl":"https://robbrad.github.io/UKBinCollectionData/3.11/1921//#testresult/baa8a4665c237016","status":"passed","time":{"start":1717374636919,"stop":1717374655443,"duration":18524}},{"uid":"417478d2d9d1282a","reportUrl":"https://robbrad.github.io/UKBinCollectionData/3.11/1911//#testresult/417478d2d9d1282a","status":"passed","time":{"start":1717316296550,"stop":1717316322325,"duration":25775}},{"uid":"fd5e6bc715646bb","reportUrl":"https://robbrad.github.io/UKBinCollectionData/3.11/1908//#testresult/fd5e6bc715646bb","status":"passed","time":{"start":1717288269225,"stop":1717288290899,"duration":21674}},{"uid":"1efd0d3dff9d2408","reportUrl":"https://robbrad.github.io/UKBinCollectionData/3.11/1905//#testresult/1efd0d3dff9d2408","status":"passed","time":{"start":1717201828718,"stop":1717201913544,"duration":84826}},{"uid":"4ca16c0af91c0fc7","reportUrl":"https://robbrad.github.io/UKBinCollectionData/3.11/1904//#testresult/4ca16c0af91c0fc7","status":"passed","time":{"start":1717115283215,"stop":1717115296119,"duration":12904}},{"uid":"2678ad9debd84911","reportUrl":"https://robbrad.github.io/UKBinCollectionData/3.11/1903//#testresult/2678ad9debd84911","status":"failed","statusDetails":"selenium.common.exceptions.TimeoutException: Message: \nStacktrace:\n#0 0x55a7d4e77e9a <unknown>\n#1 0x55a7d4b6145c <unknown>\n#2 0x55a7d4bad5b5 <unknown>\n#3 0x55a7d4bad671 <unknown>\n#4 0x55a7d4bf1f14 <unknown>\n#5 0x55a7d4bd04dd <unknown>\n#6 0x55a7d4bef2cc <unknown>\n#7 0x55a7d4bd0253 <unknown>\n#8 0x55a7d4ba01c7 <unknown>\n#9 0x55a7d4ba0b3e <unknown>\n#10 0x55a7d4e3e2db <unknown>\n#11 0x55a7d4e42387 <unknown>\n#12 0x55a7d4e2ae0e <unknown>\n#13 0x55a7d4e42e52 <unknown>\n#14 0x55a7d4e0f7af <unknown>\n#15 0x55a7d4e67188 <unknown>\n#16 0x55a7d4e6735b <unknown>\n#17 0x55a7d4e76fcc <unknown>\n#18 0x7fead84b0ac3 <unknown>","time":{"start":1717028912308,"stop":1717028955791,"duration":43483}},{"uid":"825eb945b1fd40ca","reportUrl":"https://robbrad.github.io/UKBinCollectionData/3.11/1898//#testresult/825eb945b1fd40ca","status":"passed","time":{"start":1716942546569,"stop":1716942684585,"duration":138016}},{"uid":"f98654297e5a5730","reportUrl":"https://robbrad.github.io/UKBinCollectionData/3.11/1893//#testresult/f98654297e5a5730","status":"passed","time":{"start":1716856505803,"stop":1716856574994,"duration":69191}},{"uid":"fa568c77e94b6e7b","reportUrl":"https://robbrad.github.io/UKBinCollectionData/3.11/1883//#testresult/fa568c77e94b6e7b","status":"passed","time":{"start":1716770125662,"stop":1716770208001,"duration":82339}},{"uid":"bd42279611b438a0","reportUrl":"https://robbrad.github.io/UKBinCollectionData/3.11/1881//#testresult/bd42279611b438a0","status":"passed","time":{"start":1716753135025,"stop":1716753153903,"duration":18878}},{"uid":"d0e606e2cf537a38","reportUrl":"https://robbrad.github.io/UKBinCollectionData/3.11/1877//#testresult/d0e606e2cf537a38","status":"passed","time":{"start":1716743288280,"stop":1716743296911,"duration":8631}},{"uid":"bb182287c583f8dd","reportUrl":"https://robbrad.github.io/UKBinCollectionData/3.11/1871//#testresult/bb182287c583f8dd","status":"passed","time":{"start":1716709824085,"stop":1716709868081,"duration":43996}},{"uid":"714a5d330d95dfeb","reportUrl":"https://robbrad.github.io/UKBinCollectionData/3.11/1866//#testresult/714a5d330d95dfeb","status":"passed","time":{"start":1716705124945,"stop":1716705168995,"duration":44050}},{"uid":"179445fc742632c","reportUrl":"https://robbrad.github.io/UKBinCollectionData/3.11/1865//#testresult/179445fc742632c","status":"passed","time":{"start":1716683465474,"stop":1716683519944,"duration":54470}},{"uid":"37f3fb1c6d8a5ea","reportUrl":"https://robbrad.github.io/UKBinCollectionData/3.11/1863//#testresult/37f3fb1c6d8a5ea","status":"passed","time":{"start":1716624854598,"stop":1716624897338,"duration":42740}},{"uid":"72593813de81f9ef","reportUrl":"https://robbrad.github.io/UKBinCollectionData/3.11/1862//#testresult/72593813de81f9ef","status":"passed","time":{"start":1716596838515,"stop":1716596872884,"duration":34369}},{"uid":"43791991696659fc","reportUrl":"https://robbrad.github.io/UKBinCollectionData/3.11/1856//#testresult/43791991696659fc","status":"passed","time":{"start":1716510492259,"stop":1716510537857,"duration":45598}},{"uid":"369b2d13049e714c","reportUrl":"https://robbrad.github.io/UKBinCollectionData/3.11/1855//#testresult/369b2d13049e714c","status":"passed","time":{"start":1716424119901,"stop":1716424233189,"duration":113288}}]},"tags":[]},"source":"8622bbe64fc0e0bd.json","parameterValues":["ChorleyCouncil"]}