{"uid":"31b682e3bae502ec","name":"Validate Council Output [NorthumberlandCouncil]","fullName":"features/validate_council_outputs.feature:Validate Council Output","historyId":"be5066a45f8f21ace99c9910b786c6c9","time":{"start":1696641317485,"stop":1696641320285,"duration":2800},"status":"failed","statusMessage":"selenium.common.exceptions.NoSuchElementException: Message: no such element: Unable to locate element: {\"method\":\"css selector\",\"selector\":\"[id=\"ccc-notify-accept\"]\"}\n  (Session info: headless chrome=117.0.5938.132); For documentation on this error, please visit: https://www.selenium.dev/documentation/webdriver/troubleshooting/errors#no-such-element-exception\nStacktrace:\n#0 0x5562076796b3 <unknown>\n#1 0x55620734f1e7 <unknown>\n#2 0x556207396566 <unknown>\n#3 0x556207396651 <unknown>\n#4 0x5562073d3a74 <unknown>\n#5 0x5562073b80ed <unknown>\n#6 0x5562073d1322 <unknown>\n#7 0x5562073b7e93 <unknown>\n#8 0x55620738a934 <unknown>\n#9 0x55620738b71e <unknown>\n#10 0x55620763ecb8 <unknown>\n#11 0x556207642bf0 <unknown>\n#12 0x55620764d19c <unknown>\n#13 0x556207643808 <unknown>\n#14 0x55620761027f <unknown>\n#15 0x556207667e88 <unknown>\n#16 0x556207668059 <unknown>\n#17 0x556207678843 <unknown>\n#18 0x7fd37d094b43 <unknown>","statusTrace":"request = <FixtureRequest for <Function test_scenario_outline[NorthumberlandCouncil]>>\n_pytest_bdd_example = {'council': 'NorthumberlandCouncil'}\n\n    @pytest.mark.usefixtures(*func_args)\n    def scenario_wrapper(request: FixtureRequest, _pytest_bdd_example: dict[str, str]) -> Any:\n        scenario = templated_scenario.render(_pytest_bdd_example)\n>       _execute_scenario(feature, scenario, request)\n\n../../../.cache/pypoetry/virtualenvs/uk-bin-collection-EwS6Gn8s-py3.10/lib/python3.10/site-packages/pytest_bdd/scenario.py:187: \n_ _ _ _ _ _ _ _ _ _ _ _ _ _ _ _ _ _ _ _ _ _ _ _ _ _ _ _ _ _ _ _ _ _ _ _ _ _ _ _ \n../../../.cache/pypoetry/virtualenvs/uk-bin-collection-EwS6Gn8s-py3.10/lib/python3.10/site-packages/pytest_bdd/scenario.py:157: in _execute_scenario\n    _execute_step_function(request, scenario, step, step_func)\n../../../.cache/pypoetry/virtualenvs/uk-bin-collection-EwS6Gn8s-py3.10/lib/python3.10/site-packages/pytest_bdd/scenario.py:127: in _execute_step_function\n    return_value = call_fixture_func(fixturefunc=step_func, request=request, kwargs=kwargs)\n../../../.cache/pypoetry/virtualenvs/uk-bin-collection-EwS6Gn8s-py3.10/lib/python3.10/site-packages/_pytest/fixtures.py:902: in call_fixture_func\n    fixture_result = fixturefunc(**kwargs)\nuk_bin_collection/tests/step_defs/test_validate_council.py:62: in scrape_step\n    raise (err)\nuk_bin_collection/tests/step_defs/test_validate_council.py:58: in scrape_step\n    context.parse_result = CollectData.run()\nuk_bin_collection/uk_bin_collection/collect_data.py:71: in run\n    return self.client_code(\nuk_bin_collection/uk_bin_collection/collect_data.py:59: in client_code\n    return get_bin_data_class.template_method(address_url, **kwargs)\nuk_bin_collection/uk_bin_collection/get_bin_data.py:70: in template_method\n    bin_data_dict = self.parse_data(\nuk_bin_collection/uk_bin_collection/councils/NorthumberlandCouncil.py:57: in parse_data\n    driver.find_element(By.ID, \"ccc-notify-accept\").click()\n../../../.cache/pypoetry/virtualenvs/uk-bin-collection-EwS6Gn8s-py3.10/lib/python3.10/site-packages/selenium/webdriver/remote/webdriver.py:740: in find_element\n    return self.execute(Command.FIND_ELEMENT, {\"using\": by, \"value\": value})[\"value\"]\n../../../.cache/pypoetry/virtualenvs/uk-bin-collection-EwS6Gn8s-py3.10/lib/python3.10/site-packages/selenium/webdriver/remote/webdriver.py:346: in execute\n    self.error_handler.check_response(response)\n_ _ _ _ _ _ _ _ _ _ _ _ _ _ _ _ _ _ _ _ _ _ _ _ _ _ _ _ _ _ _ _ _ _ _ _ _ _ _ _ \n\nself = <selenium.webdriver.remote.errorhandler.ErrorHandler object at 0x7fb10ba1df90>\nresponse = {'status': 404, 'value': '{\"value\":{\"error\":\"no such element\",\"message\":\"no such element: Unable to locate element: {\\...\\\\n#16 0x556207668059 \\\\u003Cunknown>\\\\n#17 0x556207678843 \\\\u003Cunknown>\\\\n#18 0x7fd37d094b43 \\\\u003Cunknown>\\\\n\"}}'}\n\n    def check_response(self, response: Dict[str, Any]) -> None:\n        \"\"\"Checks that a JSON response from the WebDriver does not have an\n        error.\n    \n        :Args:\n         - response - The JSON response from the WebDriver server as a dictionary\n           object.\n    \n        :Raises: If the response contains an error message.\n        \"\"\"\n        status = response.get(\"status\", None)\n        if not status or status == ErrorCode.SUCCESS:\n            return\n        value = None\n        message = response.get(\"message\", \"\")\n        screen: str = response.get(\"screen\", \"\")\n        stacktrace = None\n        if isinstance(status, int):\n            value_json = response.get(\"value\", None)\n            if value_json and isinstance(value_json, str):\n                import json\n    \n                try:\n                    value = json.loads(value_json)\n                    if len(value) == 1:\n                        value = value[\"value\"]\n                    status = value.get(\"error\", None)\n                    if not status:\n                        status = value.get(\"status\", ErrorCode.UNKNOWN_ERROR)\n                        message = value.get(\"value\") or value.get(\"message\")\n                        if not isinstance(message, str):\n                            value = message\n                            message = message.get(\"message\")\n                    else:\n                        message = value.get(\"message\", None)\n                except ValueError:\n                    pass\n    \n        exception_class: Type[WebDriverException]\n        if status in ErrorCode.NO_SUCH_ELEMENT:\n            exception_class = NoSuchElementException\n        elif status in ErrorCode.NO_SUCH_FRAME:\n            exception_class = NoSuchFrameException\n        elif status in ErrorCode.NO_SUCH_SHADOW_ROOT:\n            exception_class = NoSuchShadowRootException\n        elif status in ErrorCode.NO_SUCH_WINDOW:\n            exception_class = NoSuchWindowException\n        elif status in ErrorCode.STALE_ELEMENT_REFERENCE:\n            exception_class = StaleElementReferenceException\n        elif status in ErrorCode.ELEMENT_NOT_VISIBLE:\n            exception_class = ElementNotVisibleException\n        elif status in ErrorCode.INVALID_ELEMENT_STATE:\n            exception_class = InvalidElementStateException\n        elif (\n            status in ErrorCode.INVALID_SELECTOR\n            or status in ErrorCode.INVALID_XPATH_SELECTOR\n            or status in ErrorCode.INVALID_XPATH_SELECTOR_RETURN_TYPER\n        ):\n            exception_class = InvalidSelectorException\n        elif status in ErrorCode.ELEMENT_IS_NOT_SELECTABLE:\n            exception_class = ElementNotSelectableException\n        elif status in ErrorCode.ELEMENT_NOT_INTERACTABLE:\n            exception_class = ElementNotInteractableException\n        elif status in ErrorCode.INVALID_COOKIE_DOMAIN:\n            exception_class = InvalidCookieDomainException\n        elif status in ErrorCode.UNABLE_TO_SET_COOKIE:\n            exception_class = UnableToSetCookieException\n        elif status in ErrorCode.TIMEOUT:\n            exception_class = TimeoutException\n        elif status in ErrorCode.SCRIPT_TIMEOUT:\n            exception_class = TimeoutException\n        elif status in ErrorCode.UNKNOWN_ERROR:\n            exception_class = WebDriverException\n        elif status in ErrorCode.UNEXPECTED_ALERT_OPEN:\n            exception_class = UnexpectedAlertPresentException\n        elif status in ErrorCode.NO_ALERT_OPEN:\n            exception_class = NoAlertPresentException\n        elif status in ErrorCode.IME_NOT_AVAILABLE:\n            exception_class = ImeNotAvailableException\n        elif status in ErrorCode.IME_ENGINE_ACTIVATION_FAILED:\n            exception_class = ImeActivationFailedException\n        elif status in ErrorCode.MOVE_TARGET_OUT_OF_BOUNDS:\n            exception_class = MoveTargetOutOfBoundsException\n        elif status in ErrorCode.JAVASCRIPT_ERROR:\n            exception_class = JavascriptException\n        elif status in ErrorCode.SESSION_NOT_CREATED:\n            exception_class = SessionNotCreatedException\n        elif status in ErrorCode.INVALID_ARGUMENT:\n            exception_class = InvalidArgumentException\n        elif status in ErrorCode.NO_SUCH_COOKIE:\n            exception_class = NoSuchCookieException\n        elif status in ErrorCode.UNABLE_TO_CAPTURE_SCREEN:\n            exception_class = ScreenshotException\n        elif status in ErrorCode.ELEMENT_CLICK_INTERCEPTED:\n            exception_class = ElementClickInterceptedException\n        elif status in ErrorCode.INSECURE_CERTIFICATE:\n            exception_class = InsecureCertificateException\n        elif status in ErrorCode.INVALID_COORDINATES:\n            exception_class = InvalidCoordinatesException\n        elif status in ErrorCode.INVALID_SESSION_ID:\n            exception_class = InvalidSessionIdException\n        elif status in ErrorCode.UNKNOWN_METHOD:\n            exception_class = UnknownMethodException\n        else:\n            exception_class = WebDriverException\n        if not value:\n            value = response[\"value\"]\n        if isinstance(value, str):\n            raise exception_class(value)\n        if message == \"\" and \"message\" in value:\n            message = value[\"message\"]\n    \n        screen = None  # type: ignore[assignment]\n        if \"screen\" in value:\n            screen = value[\"screen\"]\n    \n        stacktrace = None\n        st_value = value.get(\"stackTrace\") or value.get(\"stacktrace\")\n        if st_value:\n            if isinstance(st_value, str):\n                stacktrace = st_value.split(\"\\n\")\n            else:\n                stacktrace = []\n                try:\n                    for frame in st_value:\n                        line = frame.get(\"lineNumber\", \"\")\n                        file = frame.get(\"fileName\", \"<anonymous>\")\n                        if line:\n                            file = f\"{file}:{line}\"\n                        meth = frame.get(\"methodName\", \"<anonymous>\")\n                        if \"className\" in frame:\n                            meth = f\"{frame['className']}.{meth}\"\n                        msg = \"    at %s (%s)\"\n                        msg = msg % (meth, file)\n                        stacktrace.append(msg)\n                except TypeError:\n                    pass\n        if exception_class == UnexpectedAlertPresentException:\n            alert_text = None\n            if \"data\" in value:\n                alert_text = value[\"data\"].get(\"text\")\n            elif \"alert\" in value:\n                alert_text = value[\"alert\"].get(\"text\")\n            raise exception_class(message, screen, stacktrace, alert_text)  # type: ignore[call-arg]  # mypy is not smart enough here\n>       raise exception_class(message, screen, stacktrace)\nE       selenium.common.exceptions.NoSuchElementException: Message: no such element: Unable to locate element: {\"method\":\"css selector\",\"selector\":\"[id=\"ccc-notify-accept\"]\"}\nE         (Session info: headless chrome=117.0.5938.132); For documentation on this error, please visit: https://www.selenium.dev/documentation/webdriver/troubleshooting/errors#no-such-element-exception\nE       Stacktrace:\nE       #0 0x5562076796b3 <unknown>\nE       #1 0x55620734f1e7 <unknown>\nE       #2 0x556207396566 <unknown>\nE       #3 0x556207396651 <unknown>\nE       #4 0x5562073d3a74 <unknown>\nE       #5 0x5562073b80ed <unknown>\nE       #6 0x5562073d1322 <unknown>\nE       #7 0x5562073b7e93 <unknown>\nE       #8 0x55620738a934 <unknown>\nE       #9 0x55620738b71e <unknown>\nE       #10 0x55620763ecb8 <unknown>\nE       #11 0x556207642bf0 <unknown>\nE       #12 0x55620764d19c <unknown>\nE       #13 0x556207643808 <unknown>\nE       #14 0x55620761027f <unknown>\nE       #15 0x556207667e88 <unknown>\nE       #16 0x556207668059 <unknown>\nE       #17 0x556207678843 <unknown>\nE       #18 0x7fd37d094b43 <unknown>\n\n../../../.cache/pypoetry/virtualenvs/uk-bin-collection-EwS6Gn8s-py3.10/lib/python3.10/site-packages/selenium/webdriver/remote/errorhandler.py:245: NoSuchElementException","flaky":false,"newFailed":true,"newBroken":false,"newPassed":false,"retriesCount":0,"retriesStatusChange":false,"beforeStages":[],"testStage":{"status":"failed","statusMessage":"selenium.common.exceptions.NoSuchElementException: Message: no such element: Unable to locate element: {\"method\":\"css selector\",\"selector\":\"[id=\"ccc-notify-accept\"]\"}\n  (Session info: headless chrome=117.0.5938.132); For documentation on this error, please visit: https://www.selenium.dev/documentation/webdriver/troubleshooting/errors#no-such-element-exception\nStacktrace:\n#0 0x5562076796b3 <unknown>\n#1 0x55620734f1e7 <unknown>\n#2 0x556207396566 <unknown>\n#3 0x556207396651 <unknown>\n#4 0x5562073d3a74 <unknown>\n#5 0x5562073b80ed <unknown>\n#6 0x5562073d1322 <unknown>\n#7 0x5562073b7e93 <unknown>\n#8 0x55620738a934 <unknown>\n#9 0x55620738b71e <unknown>\n#10 0x55620763ecb8 <unknown>\n#11 0x556207642bf0 <unknown>\n#12 0x55620764d19c <unknown>\n#13 0x556207643808 <unknown>\n#14 0x55620761027f <unknown>\n#15 0x556207667e88 <unknown>\n#16 0x556207668059 <unknown>\n#17 0x556207678843 <unknown>\n#18 0x7fd37d094b43 <unknown>","statusTrace":"request = <FixtureRequest for <Function test_scenario_outline[NorthumberlandCouncil]>>\n_pytest_bdd_example = {'council': 'NorthumberlandCouncil'}\n\n    @pytest.mark.usefixtures(*func_args)\n    def scenario_wrapper(request: FixtureRequest, _pytest_bdd_example: dict[str, str]) -> Any:\n        scenario = templated_scenario.render(_pytest_bdd_example)\n>       _execute_scenario(feature, scenario, request)\n\n../../../.cache/pypoetry/virtualenvs/uk-bin-collection-EwS6Gn8s-py3.10/lib/python3.10/site-packages/pytest_bdd/scenario.py:187: \n_ _ _ _ _ _ _ _ _ _ _ _ _ _ _ _ _ _ _ _ _ _ _ _ _ _ _ _ _ _ _ _ _ _ _ _ _ _ _ _ \n../../../.cache/pypoetry/virtualenvs/uk-bin-collection-EwS6Gn8s-py3.10/lib/python3.10/site-packages/pytest_bdd/scenario.py:157: in _execute_scenario\n    _execute_step_function(request, scenario, step, step_func)\n../../../.cache/pypoetry/virtualenvs/uk-bin-collection-EwS6Gn8s-py3.10/lib/python3.10/site-packages/pytest_bdd/scenario.py:127: in _execute_step_function\n    return_value = call_fixture_func(fixturefunc=step_func, request=request, kwargs=kwargs)\n../../../.cache/pypoetry/virtualenvs/uk-bin-collection-EwS6Gn8s-py3.10/lib/python3.10/site-packages/_pytest/fixtures.py:902: in call_fixture_func\n    fixture_result = fixturefunc(**kwargs)\nuk_bin_collection/tests/step_defs/test_validate_council.py:62: in scrape_step\n    raise (err)\nuk_bin_collection/tests/step_defs/test_validate_council.py:58: in scrape_step\n    context.parse_result = CollectData.run()\nuk_bin_collection/uk_bin_collection/collect_data.py:71: in run\n    return self.client_code(\nuk_bin_collection/uk_bin_collection/collect_data.py:59: in client_code\n    return get_bin_data_class.template_method(address_url, **kwargs)\nuk_bin_collection/uk_bin_collection/get_bin_data.py:70: in template_method\n    bin_data_dict = self.parse_data(\nuk_bin_collection/uk_bin_collection/councils/NorthumberlandCouncil.py:57: in parse_data\n    driver.find_element(By.ID, \"ccc-notify-accept\").click()\n../../../.cache/pypoetry/virtualenvs/uk-bin-collection-EwS6Gn8s-py3.10/lib/python3.10/site-packages/selenium/webdriver/remote/webdriver.py:740: in find_element\n    return self.execute(Command.FIND_ELEMENT, {\"using\": by, \"value\": value})[\"value\"]\n../../../.cache/pypoetry/virtualenvs/uk-bin-collection-EwS6Gn8s-py3.10/lib/python3.10/site-packages/selenium/webdriver/remote/webdriver.py:346: in execute\n    self.error_handler.check_response(response)\n_ _ _ _ _ _ _ _ _ _ _ _ _ _ _ _ _ _ _ _ _ _ _ _ _ _ _ _ _ _ _ _ _ _ _ _ _ _ _ _ \n\nself = <selenium.webdriver.remote.errorhandler.ErrorHandler object at 0x7fb10ba1df90>\nresponse = {'status': 404, 'value': '{\"value\":{\"error\":\"no such element\",\"message\":\"no such element: Unable to locate element: {\\...\\\\n#16 0x556207668059 \\\\u003Cunknown>\\\\n#17 0x556207678843 \\\\u003Cunknown>\\\\n#18 0x7fd37d094b43 \\\\u003Cunknown>\\\\n\"}}'}\n\n    def check_response(self, response: Dict[str, Any]) -> None:\n        \"\"\"Checks that a JSON response from the WebDriver does not have an\n        error.\n    \n        :Args:\n         - response - The JSON response from the WebDriver server as a dictionary\n           object.\n    \n        :Raises: If the response contains an error message.\n        \"\"\"\n        status = response.get(\"status\", None)\n        if not status or status == ErrorCode.SUCCESS:\n            return\n        value = None\n        message = response.get(\"message\", \"\")\n        screen: str = response.get(\"screen\", \"\")\n        stacktrace = None\n        if isinstance(status, int):\n            value_json = response.get(\"value\", None)\n            if value_json and isinstance(value_json, str):\n                import json\n    \n                try:\n                    value = json.loads(value_json)\n                    if len(value) == 1:\n                        value = value[\"value\"]\n                    status = value.get(\"error\", None)\n                    if not status:\n                        status = value.get(\"status\", ErrorCode.UNKNOWN_ERROR)\n                        message = value.get(\"value\") or value.get(\"message\")\n                        if not isinstance(message, str):\n                            value = message\n                            message = message.get(\"message\")\n                    else:\n                        message = value.get(\"message\", None)\n                except ValueError:\n                    pass\n    \n        exception_class: Type[WebDriverException]\n        if status in ErrorCode.NO_SUCH_ELEMENT:\n            exception_class = NoSuchElementException\n        elif status in ErrorCode.NO_SUCH_FRAME:\n            exception_class = NoSuchFrameException\n        elif status in ErrorCode.NO_SUCH_SHADOW_ROOT:\n            exception_class = NoSuchShadowRootException\n        elif status in ErrorCode.NO_SUCH_WINDOW:\n            exception_class = NoSuchWindowException\n        elif status in ErrorCode.STALE_ELEMENT_REFERENCE:\n            exception_class = StaleElementReferenceException\n        elif status in ErrorCode.ELEMENT_NOT_VISIBLE:\n            exception_class = ElementNotVisibleException\n        elif status in ErrorCode.INVALID_ELEMENT_STATE:\n            exception_class = InvalidElementStateException\n        elif (\n            status in ErrorCode.INVALID_SELECTOR\n            or status in ErrorCode.INVALID_XPATH_SELECTOR\n            or status in ErrorCode.INVALID_XPATH_SELECTOR_RETURN_TYPER\n        ):\n            exception_class = InvalidSelectorException\n        elif status in ErrorCode.ELEMENT_IS_NOT_SELECTABLE:\n            exception_class = ElementNotSelectableException\n        elif status in ErrorCode.ELEMENT_NOT_INTERACTABLE:\n            exception_class = ElementNotInteractableException\n        elif status in ErrorCode.INVALID_COOKIE_DOMAIN:\n            exception_class = InvalidCookieDomainException\n        elif status in ErrorCode.UNABLE_TO_SET_COOKIE:\n            exception_class = UnableToSetCookieException\n        elif status in ErrorCode.TIMEOUT:\n            exception_class = TimeoutException\n        elif status in ErrorCode.SCRIPT_TIMEOUT:\n            exception_class = TimeoutException\n        elif status in ErrorCode.UNKNOWN_ERROR:\n            exception_class = WebDriverException\n        elif status in ErrorCode.UNEXPECTED_ALERT_OPEN:\n            exception_class = UnexpectedAlertPresentException\n        elif status in ErrorCode.NO_ALERT_OPEN:\n            exception_class = NoAlertPresentException\n        elif status in ErrorCode.IME_NOT_AVAILABLE:\n            exception_class = ImeNotAvailableException\n        elif status in ErrorCode.IME_ENGINE_ACTIVATION_FAILED:\n            exception_class = ImeActivationFailedException\n        elif status in ErrorCode.MOVE_TARGET_OUT_OF_BOUNDS:\n            exception_class = MoveTargetOutOfBoundsException\n        elif status in ErrorCode.JAVASCRIPT_ERROR:\n            exception_class = JavascriptException\n        elif status in ErrorCode.SESSION_NOT_CREATED:\n            exception_class = SessionNotCreatedException\n        elif status in ErrorCode.INVALID_ARGUMENT:\n            exception_class = InvalidArgumentException\n        elif status in ErrorCode.NO_SUCH_COOKIE:\n            exception_class = NoSuchCookieException\n        elif status in ErrorCode.UNABLE_TO_CAPTURE_SCREEN:\n            exception_class = ScreenshotException\n        elif status in ErrorCode.ELEMENT_CLICK_INTERCEPTED:\n            exception_class = ElementClickInterceptedException\n        elif status in ErrorCode.INSECURE_CERTIFICATE:\n            exception_class = InsecureCertificateException\n        elif status in ErrorCode.INVALID_COORDINATES:\n            exception_class = InvalidCoordinatesException\n        elif status in ErrorCode.INVALID_SESSION_ID:\n            exception_class = InvalidSessionIdException\n        elif status in ErrorCode.UNKNOWN_METHOD:\n            exception_class = UnknownMethodException\n        else:\n            exception_class = WebDriverException\n        if not value:\n            value = response[\"value\"]\n        if isinstance(value, str):\n            raise exception_class(value)\n        if message == \"\" and \"message\" in value:\n            message = value[\"message\"]\n    \n        screen = None  # type: ignore[assignment]\n        if \"screen\" in value:\n            screen = value[\"screen\"]\n    \n        stacktrace = None\n        st_value = value.get(\"stackTrace\") or value.get(\"stacktrace\")\n        if st_value:\n            if isinstance(st_value, str):\n                stacktrace = st_value.split(\"\\n\")\n            else:\n                stacktrace = []\n                try:\n                    for frame in st_value:\n                        line = frame.get(\"lineNumber\", \"\")\n                        file = frame.get(\"fileName\", \"<anonymous>\")\n                        if line:\n                            file = f\"{file}:{line}\"\n                        meth = frame.get(\"methodName\", \"<anonymous>\")\n                        if \"className\" in frame:\n                            meth = f\"{frame['className']}.{meth}\"\n                        msg = \"    at %s (%s)\"\n                        msg = msg % (meth, file)\n                        stacktrace.append(msg)\n                except TypeError:\n                    pass\n        if exception_class == UnexpectedAlertPresentException:\n            alert_text = None\n            if \"data\" in value:\n                alert_text = value[\"data\"].get(\"text\")\n            elif \"alert\" in value:\n                alert_text = value[\"alert\"].get(\"text\")\n            raise exception_class(message, screen, stacktrace, alert_text)  # type: ignore[call-arg]  # mypy is not smart enough here\n>       raise exception_class(message, screen, stacktrace)\nE       selenium.common.exceptions.NoSuchElementException: Message: no such element: Unable to locate element: {\"method\":\"css selector\",\"selector\":\"[id=\"ccc-notify-accept\"]\"}\nE         (Session info: headless chrome=117.0.5938.132); For documentation on this error, please visit: https://www.selenium.dev/documentation/webdriver/troubleshooting/errors#no-such-element-exception\nE       Stacktrace:\nE       #0 0x5562076796b3 <unknown>\nE       #1 0x55620734f1e7 <unknown>\nE       #2 0x556207396566 <unknown>\nE       #3 0x556207396651 <unknown>\nE       #4 0x5562073d3a74 <unknown>\nE       #5 0x5562073b80ed <unknown>\nE       #6 0x5562073d1322 <unknown>\nE       #7 0x5562073b7e93 <unknown>\nE       #8 0x55620738a934 <unknown>\nE       #9 0x55620738b71e <unknown>\nE       #10 0x55620763ecb8 <unknown>\nE       #11 0x556207642bf0 <unknown>\nE       #12 0x55620764d19c <unknown>\nE       #13 0x556207643808 <unknown>\nE       #14 0x55620761027f <unknown>\nE       #15 0x556207667e88 <unknown>\nE       #16 0x556207668059 <unknown>\nE       #17 0x556207678843 <unknown>\nE       #18 0x7fd37d094b43 <unknown>\n\n../../../.cache/pypoetry/virtualenvs/uk-bin-collection-EwS6Gn8s-py3.10/lib/python3.10/site-packages/selenium/webdriver/remote/errorhandler.py:245: NoSuchElementException","steps":[{"name":"Given the council: NorthumberlandCouncil","time":{"start":1696641317485,"stop":1696641317486,"duration":1},"status":"passed","steps":[],"attachments":[],"parameters":[],"shouldDisplayMessage":false,"stepsCount":0,"attachmentsCount":0,"hasContent":false},{"name":"When we scrape the data from NorthumberlandCouncil","time":{"start":1696641317487,"stop":1696641320285,"duration":2798},"status":"failed","statusMessage":"Message: no such element: Unable to locate element: {\"method\":\"css selector\",\"selector\":\"[id=\"ccc-notify-accept\"]\"}\n  (Session info: headless chrome=117.0.5938.132); For documentation on this error, please visit: https://www.selenium.dev/documentation/webdriver/troubleshooting/errors#no-such-element-exception\nStacktrace:\n#0 0x5562076796b3 <unknown>\n#1 0x55620734f1e7 <unknown>\n#2 0x556207396566 <unknown>\n#3 0x556207396651 <unknown>\n#4 0x5562073d3a74 <unknown>\n#5 0x5562073b80ed <unknown>\n#6 0x5562073d1322 <unknown>\n#7 0x5562073b7e93 <unknown>\n#8 0x55620738a934 <unknown>\n#9 0x55620738b71e <unknown>\n#10 0x55620763ecb8 <unknown>\n#11 0x556207642bf0 <unknown>\n#12 0x55620764d19c <unknown>\n#13 0x556207643808 <unknown>\n#14 0x55620761027f <unknown>\n#15 0x556207667e88 <unknown>\n#16 0x556207668059 <unknown>\n#17 0x556207678843 <unknown>\n#18 0x7fd37d094b43 <unknown>\n","statusTrace":"selenium.common.exceptions.NoSuchElementException: Message: no such element: Unable to locate element: {\"method\":\"css selector\",\"selector\":\"[id=\"ccc-notify-accept\"]\"}\n  (Session info: headless chrome=117.0.5938.132); For documentation on this error, please visit: https://www.selenium.dev/documentation/webdriver/troubleshooting/errors#no-such-element-exception\nStacktrace:\n#0 0x5562076796b3 <unknown>\n#1 0x55620734f1e7 <unknown>\n#2 0x556207396566 <unknown>\n#3 0x556207396651 <unknown>\n#4 0x5562073d3a74 <unknown>\n#5 0x5562073b80ed <unknown>\n#6 0x5562073d1322 <unknown>\n#7 0x5562073b7e93 <unknown>\n#8 0x55620738a934 <unknown>\n#9 0x55620738b71e <unknown>\n#10 0x55620763ecb8 <unknown>\n#11 0x556207642bf0 <unknown>\n#12 0x55620764d19c <unknown>\n#13 0x556207643808 <unknown>\n#14 0x55620761027f <unknown>\n#15 0x556207667e88 <unknown>\n#16 0x556207668059 <unknown>\n#17 0x556207678843 <unknown>\n#18 0x7fd37d094b43 <unknown>\n\n","steps":[],"attachments":[],"parameters":[],"shouldDisplayMessage":true,"stepsCount":0,"attachmentsCount":0,"hasContent":true}],"attachments":[],"parameters":[],"shouldDisplayMessage":true,"stepsCount":2,"attachmentsCount":0,"hasContent":true},"afterStages":[],"labels":[{"name":"host","value":"fv-az574-530"},{"name":"thread","value":"2123-MainThread"},{"name":"framework","value":"pytest-bdd"},{"name":"language","value":"cpython3"},{"name":"feature","value":"Test each council output matches expected results in /outputs"},{"name":"resultFormat","value":"allure2"}],"parameters":[{"name":"council","value":"NorthumberlandCouncil"}],"links":[],"hidden":false,"retry":false,"extra":{"severity":"normal","retries":[],"categories":[{"name":"Product defects","matchedStatuses":[],"flaky":false}],"history":{"statistic":{"failed":12,"broken":0,"skipped":0,"passed":98,"unknown":0,"total":110},"items":[{"uid":"1ca3aa04ca33b394","reportUrl":"https://robbrad.github.io/UKBinCollectionData/3.10/973//#testresult/1ca3aa04ca33b394","status":"passed","time":{"start":1696554942314,"stop":1696554949389,"duration":7075}},{"uid":"8343b0d5f9addcb2","reportUrl":"https://robbrad.github.io/UKBinCollectionData/3.10/972//#testresult/8343b0d5f9addcb2","status":"passed","time":{"start":1696468542878,"stop":1696468547624,"duration":4746}},{"uid":"aa9404ab362d9c4","reportUrl":"https://robbrad.github.io/UKBinCollectionData/3.10/971//#testresult/aa9404ab362d9c4","status":"passed","time":{"start":1696382253496,"stop":1696382258607,"duration":5111}},{"uid":"55a977cb0bd136a3","reportUrl":"https://robbrad.github.io/UKBinCollectionData/3.10/970//#testresult/55a977cb0bd136a3","status":"passed","time":{"start":1696366248354,"stop":1696366253503,"duration":5149}},{"uid":"b8a7266bfc0ff209","reportUrl":"https://robbrad.github.io/UKBinCollectionData/3.10/969//#testresult/b8a7266bfc0ff209","status":"passed","time":{"start":1696295770243,"stop":1696295775626,"duration":5383}},{"uid":"706a6b9c16ec2001","reportUrl":"https://robbrad.github.io/UKBinCollectionData/3.10/967//#testresult/706a6b9c16ec2001","status":"passed","time":{"start":1696209359016,"stop":1696209365792,"duration":6776}},{"uid":"46963583d3ed6827","reportUrl":"https://robbrad.github.io/UKBinCollectionData/3.10/966//#testresult/46963583d3ed6827","status":"passed","time":{"start":1696123475521,"stop":1696123482573,"duration":7052}},{"uid":"3fc2b44a2d02f924","reportUrl":"https://robbrad.github.io/UKBinCollectionData/3.10/965//#testresult/3fc2b44a2d02f924","status":"passed","time":{"start":1696036423301,"stop":1696036428392,"duration":5091}},{"uid":"20391568cc419588","reportUrl":"https://robbrad.github.io/UKBinCollectionData/3.10/964//#testresult/20391568cc419588","status":"passed","time":{"start":1695950096895,"stop":1695950102397,"duration":5502}},{"uid":"85e9baa1f8607be0","reportUrl":"https://robbrad.github.io/UKBinCollectionData/3.10/963//#testresult/85e9baa1f8607be0","status":"failed","statusDetails":"AttributeError: 'NoneType' object has no attribute 'string'","time":{"start":1695930414631,"stop":1695930420798,"duration":6167}},{"uid":"e457740d71478504","reportUrl":"https://robbrad.github.io/UKBinCollectionData/3.10/962//#testresult/e457740d71478504","status":"passed","time":{"start":1695930328752,"stop":1695930333660,"duration":4908}},{"uid":"a2cac8536d9ca90d","reportUrl":"https://robbrad.github.io/UKBinCollectionData/3.10/960//#testresult/a2cac8536d9ca90d","status":"passed","time":{"start":1695863704540,"stop":1695863710889,"duration":6349}},{"uid":"61f708c62aa4af69","reportUrl":"https://robbrad.github.io/UKBinCollectionData/3.10/958//#testresult/61f708c62aa4af69","status":"passed","time":{"start":1695852549553,"stop":1695852555191,"duration":5638}},{"uid":"f38763ba9cd9ce61","reportUrl":"https://robbrad.github.io/UKBinCollectionData/3.10/957//#testresult/f38763ba9cd9ce61","status":"passed","time":{"start":1695852506882,"stop":1695852511619,"duration":4737}},{"uid":"bdd7664ab89c64d6","reportUrl":"https://robbrad.github.io/UKBinCollectionData/3.10/954//#testresult/bdd7664ab89c64d6","status":"passed","time":{"start":1695841482489,"stop":1695841487865,"duration":5376}},{"uid":"4837b2477f040488","reportUrl":"https://robbrad.github.io/UKBinCollectionData/3.10/953//#testresult/4837b2477f040488","status":"passed","time":{"start":1695841454841,"stop":1695841461063,"duration":6222}},{"uid":"17d9e86552c97a6f","reportUrl":"https://robbrad.github.io/UKBinCollectionData/3.10/948//#testresult/17d9e86552c97a6f","status":"passed","time":{"start":1695777334748,"stop":1695777339802,"duration":5054}},{"uid":"2c13b0be365f8a63","reportUrl":"https://robbrad.github.io/UKBinCollectionData/3.10/947//#testresult/2c13b0be365f8a63","status":"passed","time":{"start":1695690936733,"stop":1695690941643,"duration":4910}},{"uid":"234d7627dc28be74","reportUrl":"https://robbrad.github.io/UKBinCollectionData/3.10/946//#testresult/234d7627dc28be74","status":"passed","time":{"start":1695604577870,"stop":1695604583834,"duration":5964}},{"uid":"c38e1c4f46d2e4e7","reportUrl":"https://robbrad.github.io/UKBinCollectionData/3.10/945//#testresult/c38e1c4f46d2e4e7","status":"passed","time":{"start":1695518360625,"stop":1695518366972,"duration":6347}}]},"tags":[]},"source":"31b682e3bae502ec.json","parameterValues":["NorthumberlandCouncil"]}