{"uid":"70b02a313425f21c","name":"Validate Council Output [NeathPortTalbotCouncil-http://selenium:4444-local]","fullName":"features/validate_council_outputs.feature:Validate Council Output","historyId":"68717d64a9b5b73045a4198b6f1e2a64","time":{"start":1702657194116,"stop":1702657198290,"duration":4174},"status":"failed","statusMessage":"selenium.common.exceptions.ElementClickInterceptedException: Message: element click intercepted: Element is not clickable at point (589, 636)\n  (Session info: chrome-headless-shell=120.0.6099.71)\nStacktrace:\n#0 0x5573b9af5d33 <unknown>\n#1 0x5573b97b2f87 <unknown>\n#2 0x5573b980b002 <unknown>\n#3 0x5573b9808a64 <unknown>\n#4 0x5573b9805b04 <unknown>\n#5 0x5573b9804729 <unknown>\n#6 0x5573b97f6583 <unknown>\n#7 0x5573b982c342 <unknown>\n#8 0x5573b97f5db9 <unknown>\n#9 0x5573b982c75e <unknown>\n#10 0x5573b984b297 <unknown>\n#11 0x5573b982c0e3 <unknown>\n#12 0x5573b97f4044 <unknown>\n#13 0x5573b97f544e <unknown>\n#14 0x5573b9aba861 <unknown>\n#15 0x5573b9abe785 <unknown>\n#16 0x5573b9aa8285 <unknown>\n#17 0x5573b9abf41f <unknown>\n#18 0x5573b9a8c20f <unknown>\n#19 0x5573b9ae3028 <unknown>\n#20 0x5573b9ae31f7 <unknown>\n#21 0x5573b9af4ed4 <unknown>\n#22 0x7fc74fe94ac3 <unknown>","statusTrace":"fixturefunc = <function scrape_step at 0x7fb3ac040f40>\nrequest = <FixtureRequest for <Function test_scenario_outline[NeathPortTalbotCouncil-http://selenium:4444-local]>>\nkwargs = {'context': <test_validate_council.context.<locals>.Context object at 0x7fb3abbbcb90>, 'council': 'NeathPortTalbotCouncil', 'selenium_mode': 'local', 'selenium_url': 'http://selenium:4444'}\n\n    def call_fixture_func(\n        fixturefunc: \"_FixtureFunc[FixtureValue]\", request: FixtureRequest, kwargs\n    ) -> FixtureValue:\n        if is_generator(fixturefunc):\n            fixturefunc = cast(\n                Callable[..., Generator[FixtureValue, None, None]], fixturefunc\n            )\n            generator = fixturefunc(**kwargs)\n            try:\n                fixture_result = next(generator)\n            except StopIteration:\n                raise ValueError(f\"{request.fixturename} did not yield a value\") from None\n            finalizer = functools.partial(_teardown_yield_fixture, fixturefunc, generator)\n            request.addfinalizer(finalizer)\n        else:\n            fixturefunc = cast(Callable[..., FixtureValue], fixturefunc)\n>           fixture_result = fixturefunc(**kwargs)\n\n../../../.cache/pypoetry/virtualenvs/uk-bin-collection-EwS6Gn8s-py3.11/lib/python3.11/site-packages/_pytest/fixtures.py:902: \n_ _ _ _ _ _ _ _ _ _ _ _ _ _ _ _ _ _ _ _ _ _ _ _ _ _ _ _ _ _ _ _ _ _ _ _ _ _ _ _ \nuk_bin_collection/tests/step_defs/test_validate_council.py:75: in scrape_step\n    raise (err)\nuk_bin_collection/tests/step_defs/test_validate_council.py:71: in scrape_step\n    context.parse_result = CollectData.run()\nuk_bin_collection/uk_bin_collection/collect_data.py:82: in run\n    return self.client_code(\nuk_bin_collection/uk_bin_collection/collect_data.py:69: in client_code\n    return get_bin_data_class.template_method(address_url, **kwargs)\nuk_bin_collection/uk_bin_collection/get_bin_data.py:69: in template_method\n    bin_data_dict = self.parse_data(\nuk_bin_collection/uk_bin_collection/councils/NeathPortTalbotCouncil.py:38: in parse_data\n    cookieAccept.click()\n../../../.cache/pypoetry/virtualenvs/uk-bin-collection-EwS6Gn8s-py3.11/lib/python3.11/site-packages/selenium/webdriver/remote/webelement.py:93: in click\n    self._execute(Command.CLICK_ELEMENT)\n../../../.cache/pypoetry/virtualenvs/uk-bin-collection-EwS6Gn8s-py3.11/lib/python3.11/site-packages/selenium/webdriver/remote/webelement.py:394: in _execute\n    return self._parent.execute(command, params)\n../../../.cache/pypoetry/virtualenvs/uk-bin-collection-EwS6Gn8s-py3.11/lib/python3.11/site-packages/selenium/webdriver/remote/webdriver.py:344: in execute\n    self.error_handler.check_response(response)\n_ _ _ _ _ _ _ _ _ _ _ _ _ _ _ _ _ _ _ _ _ _ _ _ _ _ _ _ _ _ _ _ _ _ _ _ _ _ _ _ \n\nself = <selenium.webdriver.remote.errorhandler.ErrorHandler object at 0x7fb3abead410>\nresponse = {'status': 400, 'value': '{\"value\":{\"error\":\"element click intercepted\",\"message\":\"element click intercepted: Element ...\\\\n#20 0x5573b9ae31f7 \\\\u003Cunknown>\\\\n#21 0x5573b9af4ed4 \\\\u003Cunknown>\\\\n#22 0x7fc74fe94ac3 \\\\u003Cunknown>\\\\n\"}}'}\n\n    def check_response(self, response: Dict[str, Any]) -> None:\n        \"\"\"Checks that a JSON response from the WebDriver does not have an\n        error.\n    \n        :Args:\n         - response - The JSON response from the WebDriver server as a dictionary\n           object.\n    \n        :Raises: If the response contains an error message.\n        \"\"\"\n        status = response.get(\"status\", None)\n        if not status or status == ErrorCode.SUCCESS:\n            return\n        value = None\n        message = response.get(\"message\", \"\")\n        screen: str = response.get(\"screen\", \"\")\n        stacktrace = None\n        if isinstance(status, int):\n            value_json = response.get(\"value\", None)\n            if value_json and isinstance(value_json, str):\n                import json\n    \n                try:\n                    value = json.loads(value_json)\n                    if len(value) == 1:\n                        value = value[\"value\"]\n                    status = value.get(\"error\", None)\n                    if not status:\n                        status = value.get(\"status\", ErrorCode.UNKNOWN_ERROR)\n                        message = value.get(\"value\") or value.get(\"message\")\n                        if not isinstance(message, str):\n                            value = message\n                            message = message.get(\"message\")\n                    else:\n                        message = value.get(\"message\", None)\n                except ValueError:\n                    pass\n    \n        exception_class: Type[WebDriverException]\n        e = ErrorCode()\n        error_codes = [item for item in dir(e) if not item.startswith(\"__\")]\n        for error_code in error_codes:\n            error_info = getattr(ErrorCode, error_code)\n            if isinstance(error_info, list) and status in error_info:\n                exception_class = getattr(ExceptionMapping, error_code, WebDriverException)\n                break\n        else:\n            exception_class = WebDriverException\n    \n        if not value:\n            value = response[\"value\"]\n        if isinstance(value, str):\n            raise exception_class(value)\n        if message == \"\" and \"message\" in value:\n            message = value[\"message\"]\n    \n        screen = None  # type: ignore[assignment]\n        if \"screen\" in value:\n            screen = value[\"screen\"]\n    \n        stacktrace = None\n        st_value = value.get(\"stackTrace\") or value.get(\"stacktrace\")\n        if st_value:\n            if isinstance(st_value, str):\n                stacktrace = st_value.split(\"\\n\")\n            else:\n                stacktrace = []\n                try:\n                    for frame in st_value:\n                        line = frame.get(\"lineNumber\", \"\")\n                        file = frame.get(\"fileName\", \"<anonymous>\")\n                        if line:\n                            file = f\"{file}:{line}\"\n                        meth = frame.get(\"methodName\", \"<anonymous>\")\n                        if \"className\" in frame:\n                            meth = f\"{frame['className']}.{meth}\"\n                        msg = \"    at %s (%s)\"\n                        msg = msg % (meth, file)\n                        stacktrace.append(msg)\n                except TypeError:\n                    pass\n        if exception_class == UnexpectedAlertPresentException:\n            alert_text = None\n            if \"data\" in value:\n                alert_text = value[\"data\"].get(\"text\")\n            elif \"alert\" in value:\n                alert_text = value[\"alert\"].get(\"text\")\n            raise exception_class(message, screen, stacktrace, alert_text)  # type: ignore[call-arg]  # mypy is not smart enough here\n>       raise exception_class(message, screen, stacktrace)\nE       selenium.common.exceptions.ElementClickInterceptedException: Message: element click intercepted: Element is not clickable at point (589, 636)\nE         (Session info: chrome-headless-shell=120.0.6099.71)\nE       Stacktrace:\nE       #0 0x5573b9af5d33 <unknown>\nE       #1 0x5573b97b2f87 <unknown>\nE       #2 0x5573b980b002 <unknown>\nE       #3 0x5573b9808a64 <unknown>\nE       #4 0x5573b9805b04 <unknown>\nE       #5 0x5573b9804729 <unknown>\nE       #6 0x5573b97f6583 <unknown>\nE       #7 0x5573b982c342 <unknown>\nE       #8 0x5573b97f5db9 <unknown>\nE       #9 0x5573b982c75e <unknown>\nE       #10 0x5573b984b297 <unknown>\nE       #11 0x5573b982c0e3 <unknown>\nE       #12 0x5573b97f4044 <unknown>\nE       #13 0x5573b97f544e <unknown>\nE       #14 0x5573b9aba861 <unknown>\nE       #15 0x5573b9abe785 <unknown>\nE       #16 0x5573b9aa8285 <unknown>\nE       #17 0x5573b9abf41f <unknown>\nE       #18 0x5573b9a8c20f <unknown>\nE       #19 0x5573b9ae3028 <unknown>\nE       #20 0x5573b9ae31f7 <unknown>\nE       #21 0x5573b9af4ed4 <unknown>\nE       #22 0x7fc74fe94ac3 <unknown>\n\n../../../.cache/pypoetry/virtualenvs/uk-bin-collection-EwS6Gn8s-py3.11/lib/python3.11/site-packages/selenium/webdriver/remote/errorhandler.py:229: ElementClickInterceptedException","flaky":false,"newFailed":false,"newBroken":false,"newPassed":false,"retriesCount":0,"retriesStatusChange":false,"beforeStages":[],"testStage":{"status":"failed","statusMessage":"selenium.common.exceptions.ElementClickInterceptedException: Message: element click intercepted: Element is not clickable at point (589, 636)\n  (Session info: chrome-headless-shell=120.0.6099.71)\nStacktrace:\n#0 0x5573b9af5d33 <unknown>\n#1 0x5573b97b2f87 <unknown>\n#2 0x5573b980b002 <unknown>\n#3 0x5573b9808a64 <unknown>\n#4 0x5573b9805b04 <unknown>\n#5 0x5573b9804729 <unknown>\n#6 0x5573b97f6583 <unknown>\n#7 0x5573b982c342 <unknown>\n#8 0x5573b97f5db9 <unknown>\n#9 0x5573b982c75e <unknown>\n#10 0x5573b984b297 <unknown>\n#11 0x5573b982c0e3 <unknown>\n#12 0x5573b97f4044 <unknown>\n#13 0x5573b97f544e <unknown>\n#14 0x5573b9aba861 <unknown>\n#15 0x5573b9abe785 <unknown>\n#16 0x5573b9aa8285 <unknown>\n#17 0x5573b9abf41f <unknown>\n#18 0x5573b9a8c20f <unknown>\n#19 0x5573b9ae3028 <unknown>\n#20 0x5573b9ae31f7 <unknown>\n#21 0x5573b9af4ed4 <unknown>\n#22 0x7fc74fe94ac3 <unknown>","statusTrace":"fixturefunc = <function scrape_step at 0x7fb3ac040f40>\nrequest = <FixtureRequest for <Function test_scenario_outline[NeathPortTalbotCouncil-http://selenium:4444-local]>>\nkwargs = {'context': <test_validate_council.context.<locals>.Context object at 0x7fb3abbbcb90>, 'council': 'NeathPortTalbotCouncil', 'selenium_mode': 'local', 'selenium_url': 'http://selenium:4444'}\n\n    def call_fixture_func(\n        fixturefunc: \"_FixtureFunc[FixtureValue]\", request: FixtureRequest, kwargs\n    ) -> FixtureValue:\n        if is_generator(fixturefunc):\n            fixturefunc = cast(\n                Callable[..., Generator[FixtureValue, None, None]], fixturefunc\n            )\n            generator = fixturefunc(**kwargs)\n            try:\n                fixture_result = next(generator)\n            except StopIteration:\n                raise ValueError(f\"{request.fixturename} did not yield a value\") from None\n            finalizer = functools.partial(_teardown_yield_fixture, fixturefunc, generator)\n            request.addfinalizer(finalizer)\n        else:\n            fixturefunc = cast(Callable[..., FixtureValue], fixturefunc)\n>           fixture_result = fixturefunc(**kwargs)\n\n../../../.cache/pypoetry/virtualenvs/uk-bin-collection-EwS6Gn8s-py3.11/lib/python3.11/site-packages/_pytest/fixtures.py:902: \n_ _ _ _ _ _ _ _ _ _ _ _ _ _ _ _ _ _ _ _ _ _ _ _ _ _ _ _ _ _ _ _ _ _ _ _ _ _ _ _ \nuk_bin_collection/tests/step_defs/test_validate_council.py:75: in scrape_step\n    raise (err)\nuk_bin_collection/tests/step_defs/test_validate_council.py:71: in scrape_step\n    context.parse_result = CollectData.run()\nuk_bin_collection/uk_bin_collection/collect_data.py:82: in run\n    return self.client_code(\nuk_bin_collection/uk_bin_collection/collect_data.py:69: in client_code\n    return get_bin_data_class.template_method(address_url, **kwargs)\nuk_bin_collection/uk_bin_collection/get_bin_data.py:69: in template_method\n    bin_data_dict = self.parse_data(\nuk_bin_collection/uk_bin_collection/councils/NeathPortTalbotCouncil.py:38: in parse_data\n    cookieAccept.click()\n../../../.cache/pypoetry/virtualenvs/uk-bin-collection-EwS6Gn8s-py3.11/lib/python3.11/site-packages/selenium/webdriver/remote/webelement.py:93: in click\n    self._execute(Command.CLICK_ELEMENT)\n../../../.cache/pypoetry/virtualenvs/uk-bin-collection-EwS6Gn8s-py3.11/lib/python3.11/site-packages/selenium/webdriver/remote/webelement.py:394: in _execute\n    return self._parent.execute(command, params)\n../../../.cache/pypoetry/virtualenvs/uk-bin-collection-EwS6Gn8s-py3.11/lib/python3.11/site-packages/selenium/webdriver/remote/webdriver.py:344: in execute\n    self.error_handler.check_response(response)\n_ _ _ _ _ _ _ _ _ _ _ _ _ _ _ _ _ _ _ _ _ _ _ _ _ _ _ _ _ _ _ _ _ _ _ _ _ _ _ _ \n\nself = <selenium.webdriver.remote.errorhandler.ErrorHandler object at 0x7fb3abead410>\nresponse = {'status': 400, 'value': '{\"value\":{\"error\":\"element click intercepted\",\"message\":\"element click intercepted: Element ...\\\\n#20 0x5573b9ae31f7 \\\\u003Cunknown>\\\\n#21 0x5573b9af4ed4 \\\\u003Cunknown>\\\\n#22 0x7fc74fe94ac3 \\\\u003Cunknown>\\\\n\"}}'}\n\n    def check_response(self, response: Dict[str, Any]) -> None:\n        \"\"\"Checks that a JSON response from the WebDriver does not have an\n        error.\n    \n        :Args:\n         - response - The JSON response from the WebDriver server as a dictionary\n           object.\n    \n        :Raises: If the response contains an error message.\n        \"\"\"\n        status = response.get(\"status\", None)\n        if not status or status == ErrorCode.SUCCESS:\n            return\n        value = None\n        message = response.get(\"message\", \"\")\n        screen: str = response.get(\"screen\", \"\")\n        stacktrace = None\n        if isinstance(status, int):\n            value_json = response.get(\"value\", None)\n            if value_json and isinstance(value_json, str):\n                import json\n    \n                try:\n                    value = json.loads(value_json)\n                    if len(value) == 1:\n                        value = value[\"value\"]\n                    status = value.get(\"error\", None)\n                    if not status:\n                        status = value.get(\"status\", ErrorCode.UNKNOWN_ERROR)\n                        message = value.get(\"value\") or value.get(\"message\")\n                        if not isinstance(message, str):\n                            value = message\n                            message = message.get(\"message\")\n                    else:\n                        message = value.get(\"message\", None)\n                except ValueError:\n                    pass\n    \n        exception_class: Type[WebDriverException]\n        e = ErrorCode()\n        error_codes = [item for item in dir(e) if not item.startswith(\"__\")]\n        for error_code in error_codes:\n            error_info = getattr(ErrorCode, error_code)\n            if isinstance(error_info, list) and status in error_info:\n                exception_class = getattr(ExceptionMapping, error_code, WebDriverException)\n                break\n        else:\n            exception_class = WebDriverException\n    \n        if not value:\n            value = response[\"value\"]\n        if isinstance(value, str):\n            raise exception_class(value)\n        if message == \"\" and \"message\" in value:\n            message = value[\"message\"]\n    \n        screen = None  # type: ignore[assignment]\n        if \"screen\" in value:\n            screen = value[\"screen\"]\n    \n        stacktrace = None\n        st_value = value.get(\"stackTrace\") or value.get(\"stacktrace\")\n        if st_value:\n            if isinstance(st_value, str):\n                stacktrace = st_value.split(\"\\n\")\n            else:\n                stacktrace = []\n                try:\n                    for frame in st_value:\n                        line = frame.get(\"lineNumber\", \"\")\n                        file = frame.get(\"fileName\", \"<anonymous>\")\n                        if line:\n                            file = f\"{file}:{line}\"\n                        meth = frame.get(\"methodName\", \"<anonymous>\")\n                        if \"className\" in frame:\n                            meth = f\"{frame['className']}.{meth}\"\n                        msg = \"    at %s (%s)\"\n                        msg = msg % (meth, file)\n                        stacktrace.append(msg)\n                except TypeError:\n                    pass\n        if exception_class == UnexpectedAlertPresentException:\n            alert_text = None\n            if \"data\" in value:\n                alert_text = value[\"data\"].get(\"text\")\n            elif \"alert\" in value:\n                alert_text = value[\"alert\"].get(\"text\")\n            raise exception_class(message, screen, stacktrace, alert_text)  # type: ignore[call-arg]  # mypy is not smart enough here\n>       raise exception_class(message, screen, stacktrace)\nE       selenium.common.exceptions.ElementClickInterceptedException: Message: element click intercepted: Element is not clickable at point (589, 636)\nE         (Session info: chrome-headless-shell=120.0.6099.71)\nE       Stacktrace:\nE       #0 0x5573b9af5d33 <unknown>\nE       #1 0x5573b97b2f87 <unknown>\nE       #2 0x5573b980b002 <unknown>\nE       #3 0x5573b9808a64 <unknown>\nE       #4 0x5573b9805b04 <unknown>\nE       #5 0x5573b9804729 <unknown>\nE       #6 0x5573b97f6583 <unknown>\nE       #7 0x5573b982c342 <unknown>\nE       #8 0x5573b97f5db9 <unknown>\nE       #9 0x5573b982c75e <unknown>\nE       #10 0x5573b984b297 <unknown>\nE       #11 0x5573b982c0e3 <unknown>\nE       #12 0x5573b97f4044 <unknown>\nE       #13 0x5573b97f544e <unknown>\nE       #14 0x5573b9aba861 <unknown>\nE       #15 0x5573b9abe785 <unknown>\nE       #16 0x5573b9aa8285 <unknown>\nE       #17 0x5573b9abf41f <unknown>\nE       #18 0x5573b9a8c20f <unknown>\nE       #19 0x5573b9ae3028 <unknown>\nE       #20 0x5573b9ae31f7 <unknown>\nE       #21 0x5573b9af4ed4 <unknown>\nE       #22 0x7fc74fe94ac3 <unknown>\n\n../../../.cache/pypoetry/virtualenvs/uk-bin-collection-EwS6Gn8s-py3.11/lib/python3.11/site-packages/selenium/webdriver/remote/errorhandler.py:229: ElementClickInterceptedException","steps":[{"name":"Given the council: NeathPortTalbotCouncil","time":{"start":1702657194117,"stop":1702657194117,"duration":0},"status":"passed","steps":[],"attachments":[],"parameters":[],"shouldDisplayMessage":false,"stepsCount":0,"attachmentsCount":0,"hasContent":false,"attachmentStep":false},{"name":"When we scrape the data from NeathPortTalbotCouncil using local and the http://selenium:4444 is set","time":{"start":1702657194117,"stop":1702657198290,"duration":4173},"status":"failed","statusMessage":"Message: element click intercepted: Element is not clickable at point (589, 636)\n  (Session info: chrome-headless-shell=120.0.6099.71)\nStacktrace:\n#0 0x5573b9af5d33 <unknown>\n#1 0x5573b97b2f87 <unknown>\n#2 0x5573b980b002 <unknown>\n#3 0x5573b9808a64 <unknown>\n#4 0x5573b9805b04 <unknown>\n#5 0x5573b9804729 <unknown>\n#6 0x5573b97f6583 <unknown>\n#7 0x5573b982c342 <unknown>\n#8 0x5573b97f5db9 <unknown>\n#9 0x5573b982c75e <unknown>\n#10 0x5573b984b297 <unknown>\n#11 0x5573b982c0e3 <unknown>\n#12 0x5573b97f4044 <unknown>\n#13 0x5573b97f544e <unknown>\n#14 0x5573b9aba861 <unknown>\n#15 0x5573b9abe785 <unknown>\n#16 0x5573b9aa8285 <unknown>\n#17 0x5573b9abf41f <unknown>\n#18 0x5573b9a8c20f <unknown>\n#19 0x5573b9ae3028 <unknown>\n#20 0x5573b9ae31f7 <unknown>\n#21 0x5573b9af4ed4 <unknown>\n#22 0x7fc74fe94ac3 <unknown>\n","statusTrace":"selenium.common.exceptions.ElementClickInterceptedException: Message: element click intercepted: Element is not clickable at point (589, 636)\n  (Session info: chrome-headless-shell=120.0.6099.71)\nStacktrace:\n#0 0x5573b9af5d33 <unknown>\n#1 0x5573b97b2f87 <unknown>\n#2 0x5573b980b002 <unknown>\n#3 0x5573b9808a64 <unknown>\n#4 0x5573b9805b04 <unknown>\n#5 0x5573b9804729 <unknown>\n#6 0x5573b97f6583 <unknown>\n#7 0x5573b982c342 <unknown>\n#8 0x5573b97f5db9 <unknown>\n#9 0x5573b982c75e <unknown>\n#10 0x5573b984b297 <unknown>\n#11 0x5573b982c0e3 <unknown>\n#12 0x5573b97f4044 <unknown>\n#13 0x5573b97f544e <unknown>\n#14 0x5573b9aba861 <unknown>\n#15 0x5573b9abe785 <unknown>\n#16 0x5573b9aa8285 <unknown>\n#17 0x5573b9abf41f <unknown>\n#18 0x5573b9a8c20f <unknown>\n#19 0x5573b9ae3028 <unknown>\n#20 0x5573b9ae31f7 <unknown>\n#21 0x5573b9af4ed4 <unknown>\n#22 0x7fc74fe94ac3 <unknown>\n\n","steps":[],"attachments":[],"parameters":[],"shouldDisplayMessage":true,"stepsCount":0,"attachmentsCount":0,"hasContent":true,"attachmentStep":false}],"attachments":[],"parameters":[],"shouldDisplayMessage":true,"stepsCount":2,"attachmentsCount":0,"hasContent":true,"attachmentStep":false},"afterStages":[],"labels":[{"name":"host","value":"fv-az1208-409"},{"name":"thread","value":"2761-MainThread"},{"name":"framework","value":"pytest-bdd"},{"name":"language","value":"cpython3"},{"name":"feature","value":"Test each council output matches expected results"},{"name":"resultFormat","value":"allure2"}],"parameters":[{"name":"council","value":"NeathPortTalbotCouncil"},{"name":"selenium_mode","value":"local"},{"name":"selenium_url","value":"http://selenium:4444"}],"links":[],"hidden":false,"retry":false,"extra":{"severity":"normal","retries":[],"categories":[{"name":"Product defects","matchedStatuses":[],"flaky":false}],"history":{"statistic":{"failed":64,"broken":0,"skipped":0,"passed":14,"unknown":0,"total":78},"items":[{"uid":"a496d0ee9c6f3bcd","reportUrl":"https://robbrad.github.io/UKBinCollectionData/3.11/1244//#testresult/a496d0ee9c6f3bcd","status":"failed","statusDetails":"selenium.common.exceptions.NoSuchElementException: Message: no such element: Unable to locate element: {\"method\":\"css selector\",\"selector\":\"[id=\"ContentPlaceHolderDefault_ctl13_nptLLPG2_25_addresslookup_txtTmpPostcode\"]\"}\n  (Session info: chrome-headless-shell=120.0.6099.71); For documentation on this error, please visit: https://www.selenium.dev/documentation/webdriver/troubleshooting/errors#no-such-element-exception\nStacktrace:\n#0 0x5607966b2d33 <unknown>\n#1 0x56079636ff87 <unknown>\n#2 0x5607963bfc0e <unknown>\n#3 0x5607963bfd11 <unknown>\n#4 0x56079640b004 <unknown>\n#5 0x5607963e936d <unknown>\n#6 0x560796408297 <unknown>\n#7 0x5607963e90e3 <unknown>\n#8 0x5607963b1044 <unknown>\n#9 0x5607963b244e <unknown>\n#10 0x560796677861 <unknown>\n#11 0x56079667b785 <unknown>\n#12 0x560796665285 <unknown>\n#13 0x56079667c41f <unknown>\n#14 0x56079664920f <unknown>\n#15 0x5607966a0028 <unknown>\n#16 0x5607966a01f7 <unknown>\n#17 0x5607966b1ed4 <unknown>\n#18 0x7f8b48a94ac3 <unknown>","time":{"start":1702603219769,"stop":1702603229969,"duration":10200}},{"uid":"173ce75b890038ce","reportUrl":"https://robbrad.github.io/UKBinCollectionData/3.11/1243//#testresult/173ce75b890038ce","status":"failed","statusDetails":"selenium.common.exceptions.ElementClickInterceptedException: Message: element click intercepted: Element is not clickable at point (589, 642)\n  (Session info: headless chrome=119.0.6045.199)\nStacktrace:\n#0 0x564093af65e3 <unknown>\n#1 0x5640937b90b7 <unknown>\n#2 0x56409380ecfc <unknown>\n#3 0x56409380c65f <unknown>\n#4 0x564093809be4 <unknown>\n#5 0x564093808934 <unknown>\n#6 0x5640937fb1a0 <unknown>\n#7 0x56409382def2 <unknown>\n#8 0x5640937faa02 <unknown>\n#9 0x56409382e0be <unknown>\n#10 0x564093849b3d <unknown>\n#11 0x56409382dcc3 <unknown>\n#12 0x5640937f90e4 <unknown>\n#13 0x5640937fa0ae <unknown>\n#14 0x564093abcce1 <unknown>\n#15 0x564093ac0b7e <unknown>\n#16 0x564093aaa4b5 <unknown>\n#17 0x564093ac17d6 <unknown>\n#18 0x564093a8ddbf <unknown>\n#19 0x564093ae4748 <unknown>\n#20 0x564093ae4917 <unknown>\n#21 0x564093af5773 <unknown>\n#22 0x7fdcd7094ac3 <unknown>","time":{"start":1702540069567,"stop":1702540073527,"duration":3960}},{"uid":"3bf355dd0ee14bbd","reportUrl":"https://robbrad.github.io/UKBinCollectionData/3.11/1241//#testresult/3bf355dd0ee14bbd","status":"failed","statusDetails":"selenium.common.exceptions.NoSuchElementException: Message: no such element: Unable to locate element: {\"method\":\"css selector\",\"selector\":\"[id=\"ContentPlaceHolderDefault_ctl13_nptLLPG2_25_addresslookup_txtTmpPostcode\"]\"}\n  (Session info: headless chrome=119.0.6045.199); For documentation on this error, please visit: https://www.selenium.dev/documentation/webdriver/troubleshooting/errors#no-such-element-exception\nStacktrace:\n#0 0x55747651b5e3 <unknown>\n#1 0x5574761de0b7 <unknown>\n#2 0x55747622bf53 <unknown>\n#3 0x55747622c051 <unknown>\n#4 0x5574762719c4 <unknown>\n#5 0x557476252f1d <unknown>\n#6 0x55747626eb3d <unknown>\n#7 0x557476252cc3 <unknown>\n#8 0x55747621e0e4 <unknown>\n#9 0x55747621f0ae <unknown>\n#10 0x5574764e1ce1 <unknown>\n#11 0x5574764e5b7e <unknown>\n#12 0x5574764cf4b5 <unknown>\n#13 0x5574764e67d6 <unknown>\n#14 0x5574764b2dbf <unknown>\n#15 0x557476509748 <unknown>\n#16 0x557476509917 <unknown>\n#17 0x55747651a773 <unknown>\n#18 0x7fab7f494ac3 <unknown>","time":{"start":1702516713922,"stop":1702516717918,"duration":3996}},{"uid":"83bea6ea8e214c45","reportUrl":"https://robbrad.github.io/UKBinCollectionData/3.11/1238//#testresult/83bea6ea8e214c45","status":"failed","statusDetails":"selenium.common.exceptions.NoSuchElementException: Message: no such element: Unable to locate element: {\"method\":\"css selector\",\"selector\":\"[id=\"ContentPlaceHolderDefault_ctl13_nptLLPG2_25_addresslookup_txtTmpPostcode\"]\"}\n  (Session info: headless chrome=119.0.6045.199); For documentation on this error, please visit: https://www.selenium.dev/documentation/webdriver/troubleshooting/errors#no-such-element-exception\nStacktrace:\n#0 0x560f829be5e3 <unknown>\n#1 0x560f826810b7 <unknown>\n#2 0x560f826cef53 <unknown>\n#3 0x560f826cf051 <unknown>\n#4 0x560f827149c4 <unknown>\n#5 0x560f826f5f1d <unknown>\n#6 0x560f82711b3d <unknown>\n#7 0x560f826f5cc3 <unknown>\n#8 0x560f826c10e4 <unknown>\n#9 0x560f826c20ae <unknown>\n#10 0x560f82984ce1 <unknown>\n#11 0x560f82988b7e <unknown>\n#12 0x560f829724b5 <unknown>\n#13 0x560f829897d6 <unknown>\n#14 0x560f82955dbf <unknown>\n#15 0x560f829ac748 <unknown>\n#16 0x560f829ac917 <unknown>\n#17 0x560f829bd773 <unknown>\n#18 0x7f1b05c94ac3 <unknown>","time":{"start":1702447483983,"stop":1702447486958,"duration":2975}},{"uid":"de5ffb10eedc21eb","reportUrl":"https://robbrad.github.io/UKBinCollectionData/3.11/1236//#testresult/de5ffb10eedc21eb","status":"failed","statusDetails":"selenium.common.exceptions.NoSuchElementException: Message: no such element: Unable to locate element: {\"method\":\"css selector\",\"selector\":\"[id=\"ContentPlaceHolderDefault_ctl13_nptLLPG2_25_addresslookup_txtTmpPostcode\"]\"}\n  (Session info: headless chrome=119.0.6045.199); For documentation on this error, please visit: https://www.selenium.dev/documentation/webdriver/troubleshooting/errors#no-such-element-exception\nStacktrace:\n#0 0x55b388e7c5e3 <unknown>\n#1 0x55b388b3f0b7 <unknown>\n#2 0x55b388b8cf53 <unknown>\n#3 0x55b388b8d051 <unknown>\n#4 0x55b388bd29c4 <unknown>\n#5 0x55b388bb3f1d <unknown>\n#6 0x55b388bcfb3d <unknown>\n#7 0x55b388bb3cc3 <unknown>\n#8 0x55b388b7f0e4 <unknown>\n#9 0x55b388b800ae <unknown>\n#10 0x55b388e42ce1 <unknown>\n#11 0x55b388e46b7e <unknown>\n#12 0x55b388e304b5 <unknown>\n#13 0x55b388e477d6 <unknown>\n#14 0x55b388e13dbf <unknown>\n#15 0x55b388e6a748 <unknown>\n#16 0x55b388e6a917 <unknown>\n#17 0x55b388e7b773 <unknown>\n#18 0x7f3529294ac3 <unknown>","time":{"start":1702430350028,"stop":1702430353968,"duration":3940}},{"uid":"c4f689505eecccaf","reportUrl":"https://robbrad.github.io/UKBinCollectionData/3.11/1232//#testresult/c4f689505eecccaf","status":"failed","statusDetails":"selenium.common.exceptions.NoSuchElementException: Message: no such element: Unable to locate element: {\"method\":\"css selector\",\"selector\":\"[id=\"ContentPlaceHolderDefault_ctl13_nptLLPG2_25_addresslookup_txtTmpPostcode\"]\"}\n  (Session info: headless chrome=119.0.6045.199); For documentation on this error, please visit: https://www.selenium.dev/documentation/webdriver/troubleshooting/errors#no-such-element-exception\nStacktrace:\n#0 0x55687ce875e3 <unknown>\n#1 0x55687cb4a0b7 <unknown>\n#2 0x55687cb97f53 <unknown>\n#3 0x55687cb98051 <unknown>\n#4 0x55687cbdd9c4 <unknown>\n#5 0x55687cbbef1d <unknown>\n#6 0x55687cbdab3d <unknown>\n#7 0x55687cbbecc3 <unknown>\n#8 0x55687cb8a0e4 <unknown>\n#9 0x55687cb8b0ae <unknown>\n#10 0x55687ce4dce1 <unknown>\n#11 0x55687ce51b7e <unknown>\n#12 0x55687ce3b4b5 <unknown>\n#13 0x55687ce527d6 <unknown>\n#14 0x55687ce1edbf <unknown>\n#15 0x55687ce75748 <unknown>\n#16 0x55687ce75917 <unknown>\n#17 0x55687ce86773 <unknown>\n#18 0x7f8bf7e94ac3 <unknown>","time":{"start":1702366495276,"stop":1702366498953,"duration":3677}},{"uid":"e79c2fd9d013b683","reportUrl":"https://robbrad.github.io/UKBinCollectionData/3.11/1231//#testresult/e79c2fd9d013b683","status":"failed","statusDetails":"selenium.common.exceptions.NoSuchElementException: Message: no such element: Unable to locate element: {\"method\":\"css selector\",\"selector\":\"[id=\"ContentPlaceHolderDefault_ctl13_nptLLPG2_25_addresslookup_txtTmpPostcode\"]\"}\n  (Session info: headless chrome=119.0.6045.199); For documentation on this error, please visit: https://www.selenium.dev/documentation/webdriver/troubleshooting/errors#no-such-element-exception\nStacktrace:\n#0 0x559c22a0b5e3 <unknown>\n#1 0x559c226ce0b7 <unknown>\n#2 0x559c2271bf53 <unknown>\n#3 0x559c2271c051 <unknown>\n#4 0x559c227619c4 <unknown>\n#5 0x559c22742f1d <unknown>\n#6 0x559c2275eb3d <unknown>\n#7 0x559c22742cc3 <unknown>\n#8 0x559c2270e0e4 <unknown>\n#9 0x559c2270f0ae <unknown>\n#10 0x559c229d1ce1 <unknown>\n#11 0x559c229d5b7e <unknown>\n#12 0x559c229bf4b5 <unknown>\n#13 0x559c229d67d6 <unknown>\n#14 0x559c229a2dbf <unknown>\n#15 0x559c229f9748 <unknown>\n#16 0x559c229f9917 <unknown>\n#17 0x559c22a0a773 <unknown>\n#18 0x7f20b1694ac3 <unknown>","time":{"start":1702343971510,"stop":1702343975262,"duration":3752}},{"uid":"aceed5626ecddddb","reportUrl":"https://robbrad.github.io/UKBinCollectionData/3.11/1229//#testresult/aceed5626ecddddb","status":"failed","statusDetails":"selenium.common.exceptions.NoSuchElementException: Message: no such element: Unable to locate element: {\"method\":\"css selector\",\"selector\":\"[id=\"ContentPlaceHolderDefault_ctl13_nptLLPG2_25_addresslookup_txtTmpPostcode\"]\"}\n  (Session info: headless chrome=119.0.6045.199); For documentation on this error, please visit: https://www.selenium.dev/documentation/webdriver/troubleshooting/errors#no-such-element-exception\nStacktrace:\n#0 0x559c53c7f5e3 <unknown>\n#1 0x559c539420b7 <unknown>\n#2 0x559c5398ff53 <unknown>\n#3 0x559c53990051 <unknown>\n#4 0x559c539d59c4 <unknown>\n#5 0x559c539b6f1d <unknown>\n#6 0x559c539d2b3d <unknown>\n#7 0x559c539b6cc3 <unknown>\n#8 0x559c539820e4 <unknown>\n#9 0x559c539830ae <unknown>\n#10 0x559c53c45ce1 <unknown>\n#11 0x559c53c49b7e <unknown>\n#12 0x559c53c334b5 <unknown>\n#13 0x559c53c4a7d6 <unknown>\n#14 0x559c53c16dbf <unknown>\n#15 0x559c53c6d748 <unknown>\n#16 0x559c53c6d917 <unknown>\n#17 0x559c53c7e773 <unknown>\n#18 0x7f2ac8694ac3 <unknown>","time":{"start":1702257572695,"stop":1702257576100,"duration":3405}},{"uid":"b620b6b9e741dec3","reportUrl":"https://robbrad.github.io/UKBinCollectionData/3.11/1228//#testresult/b620b6b9e741dec3","status":"failed","statusDetails":"selenium.common.exceptions.NoSuchElementException: Message: no such element: Unable to locate element: {\"method\":\"css selector\",\"selector\":\"[id=\"ContentPlaceHolderDefault_ctl13_nptLLPG2_25_addresslookup_txtTmpPostcode\"]\"}\n  (Session info: headless chrome=119.0.6045.199); For documentation on this error, please visit: https://www.selenium.dev/documentation/webdriver/troubleshooting/errors#no-such-element-exception\nStacktrace:\n#0 0x55cfc1a6a5e3 <unknown>\n#1 0x55cfc172d0b7 <unknown>\n#2 0x55cfc177af53 <unknown>\n#3 0x55cfc177b051 <unknown>\n#4 0x55cfc17c09c4 <unknown>\n#5 0x55cfc17a1f1d <unknown>\n#6 0x55cfc17bdb3d <unknown>\n#7 0x55cfc17a1cc3 <unknown>\n#8 0x55cfc176d0e4 <unknown>\n#9 0x55cfc176e0ae <unknown>\n#10 0x55cfc1a30ce1 <unknown>\n#11 0x55cfc1a34b7e <unknown>\n#12 0x55cfc1a1e4b5 <unknown>\n#13 0x55cfc1a357d6 <unknown>\n#14 0x55cfc1a01dbf <unknown>\n#15 0x55cfc1a58748 <unknown>\n#16 0x55cfc1a58917 <unknown>\n#17 0x55cfc1a69773 <unknown>\n#18 0x7fb669294ac3 <unknown>","time":{"start":1702171467680,"stop":1702171471927,"duration":4247}},{"uid":"a5c6afb2010c1ea","reportUrl":"https://robbrad.github.io/UKBinCollectionData/3.11/1227//#testresult/a5c6afb2010c1ea","status":"failed","statusDetails":"selenium.common.exceptions.NoSuchElementException: Message: no such element: Unable to locate element: {\"method\":\"css selector\",\"selector\":\"[id=\"ContentPlaceHolderDefault_ctl13_nptLLPG2_25_addresslookup_txtTmpPostcode\"]\"}\n  (Session info: headless chrome=119.0.6045.199); For documentation on this error, please visit: https://www.selenium.dev/documentation/webdriver/troubleshooting/errors#no-such-element-exception\nStacktrace:\n#0 0x55d025dcc5e3 <unknown>\n#1 0x55d025a8f0b7 <unknown>\n#2 0x55d025adcf53 <unknown>\n#3 0x55d025add051 <unknown>\n#4 0x55d025b229c4 <unknown>\n#5 0x55d025b03f1d <unknown>\n#6 0x55d025b1fb3d <unknown>\n#7 0x55d025b03cc3 <unknown>\n#8 0x55d025acf0e4 <unknown>\n#9 0x55d025ad00ae <unknown>\n#10 0x55d025d92ce1 <unknown>\n#11 0x55d025d96b7e <unknown>\n#12 0x55d025d804b5 <unknown>\n#13 0x55d025d977d6 <unknown>\n#14 0x55d025d63dbf <unknown>\n#15 0x55d025dba748 <unknown>\n#16 0x55d025dba917 <unknown>\n#17 0x55d025dcb773 <unknown>\n#18 0x7f9b03a94ac3 <unknown>","time":{"start":1702084648444,"stop":1702084651656,"duration":3212}},{"uid":"cc469fc0e642a619","reportUrl":"https://robbrad.github.io/UKBinCollectionData/3.11/1225//#testresult/cc469fc0e642a619","status":"failed","statusDetails":"selenium.common.exceptions.ElementClickInterceptedException: Message: element click intercepted: Element is not clickable at point (589, 636)\n  (Session info: headless chrome=119.0.6045.199)\nStacktrace:\n#0 0x5631fc6945e3 <unknown>\n#1 0x5631fc3570b7 <unknown>\n#2 0x5631fc3accfc <unknown>\n#3 0x5631fc3aa65f <unknown>\n#4 0x5631fc3a7be4 <unknown>\n#5 0x5631fc3a6934 <unknown>\n#6 0x5631fc3991a0 <unknown>\n#7 0x5631fc3cbef2 <unknown>\n#8 0x5631fc398a02 <unknown>\n#9 0x5631fc3cc0be <unknown>\n#10 0x5631fc3e7b3d <unknown>\n#11 0x5631fc3cbcc3 <unknown>\n#12 0x5631fc3970e4 <unknown>\n#13 0x5631fc3980ae <unknown>\n#14 0x5631fc65ace1 <unknown>\n#15 0x5631fc65eb7e <unknown>\n#16 0x5631fc6484b5 <unknown>\n#17 0x5631fc65f7d6 <unknown>\n#18 0x5631fc62bdbf <unknown>\n#19 0x5631fc682748 <unknown>\n#20 0x5631fc682917 <unknown>\n#21 0x5631fc693773 <unknown>\n#22 0x7fb955694ac3 <unknown>","time":{"start":1702066730936,"stop":1702066735640,"duration":4704}},{"uid":"6b45ab064701cb3d","reportUrl":"https://robbrad.github.io/UKBinCollectionData/3.11/1222//#testresult/6b45ab064701cb3d","status":"failed","statusDetails":"selenium.common.exceptions.NoSuchElementException: Message: no such element: Unable to locate element: {\"method\":\"css selector\",\"selector\":\"[id=\"ContentPlaceHolderDefault_ctl13_nptLLPG2_25_addresslookup_txtTmpPostcode\"]\"}\n  (Session info: headless chrome=119.0.6045.199); For documentation on this error, please visit: https://www.selenium.dev/documentation/webdriver/troubleshooting/errors#no-such-element-exception\nStacktrace:\n#0 0x563a0691b5e3 <unknown>\n#1 0x563a065de0b7 <unknown>\n#2 0x563a0662bf53 <unknown>\n#3 0x563a0662c051 <unknown>\n#4 0x563a066719c4 <unknown>\n#5 0x563a06652f1d <unknown>\n#6 0x563a0666eb3d <unknown>\n#7 0x563a06652cc3 <unknown>\n#8 0x563a0661e0e4 <unknown>\n#9 0x563a0661f0ae <unknown>\n#10 0x563a068e1ce1 <unknown>\n#11 0x563a068e5b7e <unknown>\n#12 0x563a068cf4b5 <unknown>\n#13 0x563a068e67d6 <unknown>\n#14 0x563a068b2dbf <unknown>\n#15 0x563a06909748 <unknown>\n#16 0x563a06909917 <unknown>\n#17 0x563a0691a773 <unknown>\n#18 0x7fc59fa94ac3 <unknown>","time":{"start":1702054384866,"stop":1702054389613,"duration":4747}},{"uid":"1bccda958d7eaf39","reportUrl":"https://robbrad.github.io/UKBinCollectionData/3.11/1223//#testresult/1bccda958d7eaf39","status":"failed","statusDetails":"selenium.common.exceptions.NoSuchElementException: Message: no such element: Unable to locate element: {\"method\":\"css selector\",\"selector\":\"[id=\"ContentPlaceHolderDefault_ctl13_nptLLPG2_25_addresslookup_txtTmpPostcode\"]\"}\n  (Session info: headless chrome=119.0.6045.199); For documentation on this error, please visit: https://www.selenium.dev/documentation/webdriver/troubleshooting/errors#no-such-element-exception\nStacktrace:\n#0 0x557cbdea85e3 <unknown>\n#1 0x557cbdb6b0b7 <unknown>\n#2 0x557cbdbb8f53 <unknown>\n#3 0x557cbdbb9051 <unknown>\n#4 0x557cbdbfe9c4 <unknown>\n#5 0x557cbdbdff1d <unknown>\n#6 0x557cbdbfbb3d <unknown>\n#7 0x557cbdbdfcc3 <unknown>\n#8 0x557cbdbab0e4 <unknown>\n#9 0x557cbdbac0ae <unknown>\n#10 0x557cbde6ece1 <unknown>\n#11 0x557cbde72b7e <unknown>\n#12 0x557cbde5c4b5 <unknown>\n#13 0x557cbde737d6 <unknown>\n#14 0x557cbde3fdbf <unknown>\n#15 0x557cbde96748 <unknown>\n#16 0x557cbde96917 <unknown>\n#17 0x557cbdea7773 <unknown>\n#18 0x7fcc5c294ac3 <unknown>","time":{"start":1702054419286,"stop":1702054424189,"duration":4903}},{"uid":"4eab3b11fb6118f7","reportUrl":"https://robbrad.github.io/UKBinCollectionData/3.11/1219//#testresult/4eab3b11fb6118f7","status":"failed","statusDetails":"selenium.common.exceptions.NoSuchElementException: Message: no such element: Unable to locate element: {\"method\":\"css selector\",\"selector\":\"[id=\"ContentPlaceHolderDefault_ctl13_nptLLPG2_25_addresslookup_txtTmpPostcode\"]\"}\n  (Session info: headless chrome=119.0.6045.159); For documentation on this error, please visit: https://www.selenium.dev/documentation/webdriver/troubleshooting/errors#no-such-element-exception\nStacktrace:\n#0 0x5629ac4f35e3 <unknown>\n#1 0x5629ac1b60b7 <unknown>\n#2 0x5629ac203f53 <unknown>\n#3 0x5629ac204051 <unknown>\n#4 0x5629ac2499c4 <unknown>\n#5 0x5629ac22af1d <unknown>\n#6 0x5629ac246b3d <unknown>\n#7 0x5629ac22acc3 <unknown>\n#8 0x5629ac1f60e4 <unknown>\n#9 0x5629ac1f70ae <unknown>\n#10 0x5629ac4b9ce1 <unknown>\n#11 0x5629ac4bdb7e <unknown>\n#12 0x5629ac4a74b5 <unknown>\n#13 0x5629ac4be7d6 <unknown>\n#14 0x5629ac48adbf <unknown>\n#15 0x5629ac4e1748 <unknown>\n#16 0x5629ac4e1917 <unknown>\n#17 0x5629ac4f2773 <unknown>\n#18 0x7fbd17694ac3 <unknown>","time":{"start":1701998414770,"stop":1701998418790,"duration":4020}},{"uid":"46fc570aff914bbb","reportUrl":"https://robbrad.github.io/UKBinCollectionData/3.11/1218//#testresult/46fc570aff914bbb","status":"failed","statusDetails":"selenium.common.exceptions.ElementClickInterceptedException: Message: element click intercepted: Element is not clickable at point (589, 627)\n  (Session info: headless chrome=119.0.6045.159)\nStacktrace:\n#0 0x556e21b0a5e3 <unknown>\n#1 0x556e217cd0b7 <unknown>\n#2 0x556e21822cfc <unknown>\n#3 0x556e2182065f <unknown>\n#4 0x556e2181dbe4 <unknown>\n#5 0x556e2181c934 <unknown>\n#6 0x556e2180f1a0 <unknown>\n#7 0x556e21841ef2 <unknown>\n#8 0x556e2180ea02 <unknown>\n#9 0x556e218420be <unknown>\n#10 0x556e2185db3d <unknown>\n#11 0x556e21841cc3 <unknown>\n#12 0x556e2180d0e4 <unknown>\n#13 0x556e2180e0ae <unknown>\n#14 0x556e21ad0ce1 <unknown>\n#15 0x556e21ad4b7e <unknown>\n#16 0x556e21abe4b5 <unknown>\n#17 0x556e21ad57d6 <unknown>\n#18 0x556e21aa1dbf <unknown>\n#19 0x556e21af8748 <unknown>\n#20 0x556e21af8917 <unknown>\n#21 0x556e21b09773 <unknown>\n#22 0x7f78cda94ac3 <unknown>","time":{"start":1701990384673,"stop":1701990390458,"duration":5785}},{"uid":"ca568ff83a46a314","reportUrl":"https://robbrad.github.io/UKBinCollectionData/3.11/1217//#testresult/ca568ff83a46a314","status":"failed","statusDetails":"selenium.common.exceptions.NoSuchElementException: Message: no such element: Unable to locate element: {\"method\":\"css selector\",\"selector\":\"[id=\"ContentPlaceHolderDefault_ctl13_nptLLPG2_25_addresslookup_txtTmpPostcode\"]\"}\n  (Session info: headless chrome=119.0.6045.159); For documentation on this error, please visit: https://www.selenium.dev/documentation/webdriver/troubleshooting/errors#no-such-element-exception\nStacktrace:\n#0 0x55e9bddbb5e3 <unknown>\n#1 0x55e9bda7e0b7 <unknown>\n#2 0x55e9bdacbf53 <unknown>\n#3 0x55e9bdacc051 <unknown>\n#4 0x55e9bdb119c4 <unknown>\n#5 0x55e9bdaf2f1d <unknown>\n#6 0x55e9bdb0eb3d <unknown>\n#7 0x55e9bdaf2cc3 <unknown>\n#8 0x55e9bdabe0e4 <unknown>\n#9 0x55e9bdabf0ae <unknown>\n#10 0x55e9bdd81ce1 <unknown>\n#11 0x55e9bdd85b7e <unknown>\n#12 0x55e9bdd6f4b5 <unknown>\n#13 0x55e9bdd867d6 <unknown>\n#14 0x55e9bdd52dbf <unknown>\n#15 0x55e9bdda9748 <unknown>\n#16 0x55e9bdda9917 <unknown>\n#17 0x55e9bddba773 <unknown>\n#18 0x7f4b74094ac3 <unknown>","time":{"start":1701990347223,"stop":1701990351262,"duration":4039}},{"uid":"ef901cc2be643bfa","reportUrl":"https://robbrad.github.io/UKBinCollectionData/3.11/1215//#testresult/ef901cc2be643bfa","status":"failed","statusDetails":"selenium.common.exceptions.NoSuchElementException: Message: no such element: Unable to locate element: {\"method\":\"css selector\",\"selector\":\"[id=\"ContentPlaceHolderDefault_ctl13_nptLLPG2_25_addresslookup_txtTmpPostcode\"]\"}\n  (Session info: headless chrome=119.0.6045.159); For documentation on this error, please visit: https://www.selenium.dev/documentation/webdriver/troubleshooting/errors#no-such-element-exception\nStacktrace:\n#0 0x55a2a8bd95e3 <unknown>\n#1 0x55a2a889c0b7 <unknown>\n#2 0x55a2a88e9f53 <unknown>\n#3 0x55a2a88ea051 <unknown>\n#4 0x55a2a892f9c4 <unknown>\n#5 0x55a2a8910f1d <unknown>\n#6 0x55a2a892cb3d <unknown>\n#7 0x55a2a8910cc3 <unknown>\n#8 0x55a2a88dc0e4 <unknown>\n#9 0x55a2a88dd0ae <unknown>\n#10 0x55a2a8b9fce1 <unknown>\n#11 0x55a2a8ba3b7e <unknown>\n#12 0x55a2a8b8d4b5 <unknown>\n#13 0x55a2a8ba47d6 <unknown>\n#14 0x55a2a8b70dbf <unknown>\n#15 0x55a2a8bc7748 <unknown>\n#16 0x55a2a8bc7917 <unknown>\n#17 0x55a2a8bd8773 <unknown>\n#18 0x7f90f4494ac3 <unknown>","time":{"start":1701942810662,"stop":1701942814454,"duration":3792}},{"uid":"7e95d981797ae2c2","reportUrl":"https://robbrad.github.io/UKBinCollectionData/3.11/1214//#testresult/7e95d981797ae2c2","status":"failed","statusDetails":"selenium.common.exceptions.NoSuchElementException: Message: no such element: Unable to locate element: {\"method\":\"css selector\",\"selector\":\"[id=\"ContentPlaceHolderDefault_ctl13_nptLLPG2_25_addresslookup_txtTmpPostcode\"]\"}\n  (Session info: headless chrome=119.0.6045.159); For documentation on this error, please visit: https://www.selenium.dev/documentation/webdriver/troubleshooting/errors#no-such-element-exception\nStacktrace:\n#0 0x55d3918b65e3 <unknown>\n#1 0x55d3915790b7 <unknown>\n#2 0x55d3915c6f53 <unknown>\n#3 0x55d3915c7051 <unknown>\n#4 0x55d39160c9c4 <unknown>\n#5 0x55d3915edf1d <unknown>\n#6 0x55d391609b3d <unknown>\n#7 0x55d3915edcc3 <unknown>\n#8 0x55d3915b90e4 <unknown>\n#9 0x55d3915ba0ae <unknown>\n#10 0x55d39187cce1 <unknown>\n#11 0x55d391880b7e <unknown>\n#12 0x55d39186a4b5 <unknown>\n#13 0x55d3918817d6 <unknown>\n#14 0x55d39184ddbf <unknown>\n#15 0x55d3918a4748 <unknown>\n#16 0x55d3918a4917 <unknown>\n#17 0x55d3918b5773 <unknown>\n#18 0x7f61e6494ac3 <unknown>","time":{"start":1701936532904,"stop":1701936538122,"duration":5218}},{"uid":"27e0b6e979a74ac0","reportUrl":"https://robbrad.github.io/UKBinCollectionData/3.11/1213//#testresult/27e0b6e979a74ac0","status":"failed","statusDetails":"selenium.common.exceptions.NoSuchElementException: Message: no such element: Unable to locate element: {\"method\":\"css selector\",\"selector\":\"[id=\"ContentPlaceHolderDefault_ctl13_nptLLPG2_25_addresslookup_txtTmpPostcode\"]\"}\n  (Session info: headless chrome=119.0.6045.199); For documentation on this error, please visit: https://www.selenium.dev/documentation/webdriver/troubleshooting/errors#no-such-element-exception\nStacktrace:\n#0 0x55994947e5e3 <unknown>\n#1 0x5599491410b7 <unknown>\n#2 0x55994918ef53 <unknown>\n#3 0x55994918f051 <unknown>\n#4 0x5599491d49c4 <unknown>\n#5 0x5599491b5f1d <unknown>\n#6 0x5599491d1b3d <unknown>\n#7 0x5599491b5cc3 <unknown>\n#8 0x5599491810e4 <unknown>\n#9 0x5599491820ae <unknown>\n#10 0x559949444ce1 <unknown>\n#11 0x559949448b7e <unknown>\n#12 0x5599494324b5 <unknown>\n#13 0x5599494497d6 <unknown>\n#14 0x559949415dbf <unknown>\n#15 0x55994946c748 <unknown>\n#16 0x55994946c917 <unknown>\n#17 0x55994947d773 <unknown>\n#18 0x7f4e3d294ac3 <unknown>","time":{"start":1701936475616,"stop":1701936480260,"duration":4644}},{"uid":"b19e863d2a579ea6","reportUrl":"https://robbrad.github.io/UKBinCollectionData/3.11/1211//#testresult/b19e863d2a579ea6","status":"failed","statusDetails":"selenium.common.exceptions.NoSuchElementException: Message: no such element: Unable to locate element: {\"method\":\"css selector\",\"selector\":\"[id=\"ContentPlaceHolderDefault_ctl13_nptLLPG2_25_addresslookup_txtTmpPostcode\"]\"}\n  (Session info: headless chrome=119.0.6045.159); For documentation on this error, please visit: https://www.selenium.dev/documentation/webdriver/troubleshooting/errors#no-such-element-exception\nStacktrace:\n#0 0x55b2b352b5e3 <unknown>\n#1 0x55b2b31ee0b7 <unknown>\n#2 0x55b2b323bf53 <unknown>\n#3 0x55b2b323c051 <unknown>\n#4 0x55b2b32819c4 <unknown>\n#5 0x55b2b3262f1d <unknown>\n#6 0x55b2b327eb3d <unknown>\n#7 0x55b2b3262cc3 <unknown>\n#8 0x55b2b322e0e4 <unknown>\n#9 0x55b2b322f0ae <unknown>\n#10 0x55b2b34f1ce1 <unknown>\n#11 0x55b2b34f5b7e <unknown>\n#12 0x55b2b34df4b5 <unknown>\n#13 0x55b2b34f67d6 <unknown>\n#14 0x55b2b34c2dbf <unknown>\n#15 0x55b2b3519748 <unknown>\n#16 0x55b2b3519917 <unknown>\n#17 0x55b2b352a773 <unknown>\n#18 0x7faf14694ac3 <unknown>","time":{"start":1701911981226,"stop":1701911985665,"duration":4439}}]},"tags":[]},"source":"70b02a313425f21c.json","parameterValues":["NeathPortTalbotCouncil","local","http://selenium:4444"]}