{"uid":"6a0d96cfd7a4569","name":"Validate Council Output [BuckinghamshireCouncil]","fullName":"features/validate_council_outputs.feature:Validate Council Output","historyId":"d3931a358fdfe26e1ace17c1805a29ca","time":{"start":1725235273409,"stop":1725235276309,"duration":2900},"status":"failed","statusMessage":"selenium.common.exceptions.NoSuchElementException: Message: no such element: Unable to locate element: {\"method\":\"css selector\",\"selector\":\"[id=\"COPYOFECHOCOLLECTIONDATES_ADDRESSSELECTION_ADDRESSSELECTIONPOSTCODE\"]\"}\n  (Session info: chrome=128.0.6613.113); For documentation on this error, please visit: https://www.selenium.dev/documentation/webdriver/troubleshooting/errors#no-such-element-exception\nStacktrace:\n#0 0x55bb638fd8da <unknown>\n#1 0x55bb635cbe50 <unknown>\n#2 0x55bb6361b644 <unknown>\n#3 0x55bb6361b931 <unknown>\n#4 0x55bb63661534 <unknown>\n#5 0x55bb636404bd <unknown>\n#6 0x55bb6365e9c6 <unknown>\n#7 0x55bb63640233 <unknown>\n#8 0x55bb6360e093 <unknown>\n#9 0x55bb6360f09e <unknown>\n#10 0x55bb638c4b3b <unknown>\n#11 0x55bb638c8af1 <unknown>\n#12 0x55bb638b0705 <unknown>\n#13 0x55bb638c9662 <unknown>\n#14 0x55bb638958df <unknown>\n#15 0x55bb638ec6d8 <unknown>\n#16 0x55bb638ec8a2 <unknown>\n#17 0x55bb638fc6cc <unknown>\n#18 0x7ff74e33ea94 <unknown>\n#19 0x7ff74e3cba34 __clone","statusTrace":"fixturefunc = <function scrape_step at 0x7fe0748d0040>\nrequest = <FixtureRequest for <Function test_scenario_outline[BuckinghamshireCouncil]>>\nkwargs = {'context': <test_validate_council.Context object at 0x7fe07474c910>, 'headless_mode': 'True', 'local_browser': 'False', 'selenium_url': 'http://localhost:4444'}\n\n    def call_fixture_func(\n        fixturefunc: _FixtureFunc[FixtureValue], request: FixtureRequest, kwargs\n    ) -> FixtureValue:\n        if is_generator(fixturefunc):\n            fixturefunc = cast(\n                Callable[..., Generator[FixtureValue, None, None]], fixturefunc\n            )\n            generator = fixturefunc(**kwargs)\n            try:\n                fixture_result = next(generator)\n            except StopIteration:\n                raise ValueError(f\"{request.fixturename} did not yield a value\") from None\n            finalizer = functools.partial(_teardown_yield_fixture, fixturefunc, generator)\n            request.addfinalizer(finalizer)\n        else:\n            fixturefunc = cast(Callable[..., FixtureValue], fixturefunc)\n>           fixture_result = fixturefunc(**kwargs)\n\n../../../.cache/pypoetry/virtualenvs/uk-bin-collection-EwS6Gn8s-py3.11/lib/python3.11/site-packages/_pytest/fixtures.py:897: \n_ _ _ _ _ _ _ _ _ _ _ _ _ _ _ _ _ _ _ _ _ _ _ _ _ _ _ _ _ _ _ _ _ _ _ _ _ _ _ _ \nuk_bin_collection/tests/step_defs/test_validate_council.py:100: in scrape_step\n    context.parse_result = CollectData.run()\nuk_bin_collection/uk_bin_collection/collect_data.py:101: in run\n    return self.client_code(\nuk_bin_collection/uk_bin_collection/collect_data.py:121: in client_code\n    return get_bin_data_class.template_method(address_url, **kwargs)\nuk_bin_collection/uk_bin_collection/get_bin_data.py:61: in template_method\n    bin_data_dict = self.get_and_parse_data(this_url, **kwargs)\nuk_bin_collection/uk_bin_collection/get_bin_data.py:84: in get_and_parse_data\n    bin_data_dict = self.parse_data(\"\", url=address_url, **kwargs)\nuk_bin_collection/uk_bin_collection/councils/BuckinghamshireCouncil.py:50: in parse_data\n    inputElement_pc = driver.find_element(\n../../../.cache/pypoetry/virtualenvs/uk-bin-collection-EwS6Gn8s-py3.11/lib/python3.11/site-packages/selenium/webdriver/remote/webdriver.py:748: in find_element\n    return self.execute(Command.FIND_ELEMENT, {\"using\": by, \"value\": value})[\"value\"]\n../../../.cache/pypoetry/virtualenvs/uk-bin-collection-EwS6Gn8s-py3.11/lib/python3.11/site-packages/selenium/webdriver/remote/webdriver.py:354: in execute\n    self.error_handler.check_response(response)\n_ _ _ _ _ _ _ _ _ _ _ _ _ _ _ _ _ _ _ _ _ _ _ _ _ _ _ _ _ _ _ _ _ _ _ _ _ _ _ _ \n\nself = <selenium.webdriver.remote.errorhandler.ErrorHandler object at 0x7fe07474d450>\nresponse = {'status': 404, 'value': '{\"value\":{\"error\":\"no such element\",\"message\":\"no such element: Unable to locate element: {\\...unknown>\\\\n#17 0x55bb638fc6cc \\\\u003Cunknown>\\\\n#18 0x7ff74e33ea94 \\\\u003Cunknown>\\\\n#19 0x7ff74e3cba34 __clone\\\\n\"}}'}\n\n    def check_response(self, response: Dict[str, Any]) -> None:\n        \"\"\"Checks that a JSON response from the WebDriver does not have an\n        error.\n    \n        :Args:\n         - response - The JSON response from the WebDriver server as a dictionary\n           object.\n    \n        :Raises: If the response contains an error message.\n        \"\"\"\n        status = response.get(\"status\", None)\n        if not status or status == ErrorCode.SUCCESS:\n            return\n        value = None\n        message = response.get(\"message\", \"\")\n        screen: str = response.get(\"screen\", \"\")\n        stacktrace = None\n        if isinstance(status, int):\n            value_json = response.get(\"value\", None)\n            if value_json and isinstance(value_json, str):\n                import json\n    \n                try:\n                    value = json.loads(value_json)\n                    if len(value) == 1:\n                        value = value[\"value\"]\n                    status = value.get(\"error\", None)\n                    if not status:\n                        status = value.get(\"status\", ErrorCode.UNKNOWN_ERROR)\n                        message = value.get(\"value\") or value.get(\"message\")\n                        if not isinstance(message, str):\n                            value = message\n                            message = message.get(\"message\")\n                    else:\n                        message = value.get(\"message\", None)\n                except ValueError:\n                    pass\n    \n        exception_class: Type[WebDriverException]\n        e = ErrorCode()\n        error_codes = [item for item in dir(e) if not item.startswith(\"__\")]\n        for error_code in error_codes:\n            error_info = getattr(ErrorCode, error_code)\n            if isinstance(error_info, list) and status in error_info:\n                exception_class = getattr(ExceptionMapping, error_code, WebDriverException)\n                break\n        else:\n            exception_class = WebDriverException\n    \n        if not value:\n            value = response[\"value\"]\n        if isinstance(value, str):\n            raise exception_class(value)\n        if message == \"\" and \"message\" in value:\n            message = value[\"message\"]\n    \n        screen = None  # type: ignore[assignment]\n        if \"screen\" in value:\n            screen = value[\"screen\"]\n    \n        stacktrace = None\n        st_value = value.get(\"stackTrace\") or value.get(\"stacktrace\")\n        if st_value:\n            if isinstance(st_value, str):\n                stacktrace = st_value.split(\"\\n\")\n            else:\n                stacktrace = []\n                try:\n                    for frame in st_value:\n                        line = frame.get(\"lineNumber\", \"\")\n                        file = frame.get(\"fileName\", \"<anonymous>\")\n                        if line:\n                            file = f\"{file}:{line}\"\n                        meth = frame.get(\"methodName\", \"<anonymous>\")\n                        if \"className\" in frame:\n                            meth = f\"{frame['className']}.{meth}\"\n                        msg = \"    at %s (%s)\"\n                        msg = msg % (meth, file)\n                        stacktrace.append(msg)\n                except TypeError:\n                    pass\n        if exception_class == UnexpectedAlertPresentException:\n            alert_text = None\n            if \"data\" in value:\n                alert_text = value[\"data\"].get(\"text\")\n            elif \"alert\" in value:\n                alert_text = value[\"alert\"].get(\"text\")\n            raise exception_class(message, screen, stacktrace, alert_text)  # type: ignore[call-arg]  # mypy is not smart enough here\n>       raise exception_class(message, screen, stacktrace)\nE       selenium.common.exceptions.NoSuchElementException: Message: no such element: Unable to locate element: {\"method\":\"css selector\",\"selector\":\"[id=\"COPYOFECHOCOLLECTIONDATES_ADDRESSSELECTION_ADDRESSSELECTIONPOSTCODE\"]\"}\nE         (Session info: chrome=128.0.6613.113); For documentation on this error, please visit: https://www.selenium.dev/documentation/webdriver/troubleshooting/errors#no-such-element-exception\nE       Stacktrace:\nE       #0 0x55bb638fd8da <unknown>\nE       #1 0x55bb635cbe50 <unknown>\nE       #2 0x55bb6361b644 <unknown>\nE       #3 0x55bb6361b931 <unknown>\nE       #4 0x55bb63661534 <unknown>\nE       #5 0x55bb636404bd <unknown>\nE       #6 0x55bb6365e9c6 <unknown>\nE       #7 0x55bb63640233 <unknown>\nE       #8 0x55bb6360e093 <unknown>\nE       #9 0x55bb6360f09e <unknown>\nE       #10 0x55bb638c4b3b <unknown>\nE       #11 0x55bb638c8af1 <unknown>\nE       #12 0x55bb638b0705 <unknown>\nE       #13 0x55bb638c9662 <unknown>\nE       #14 0x55bb638958df <unknown>\nE       #15 0x55bb638ec6d8 <unknown>\nE       #16 0x55bb638ec8a2 <unknown>\nE       #17 0x55bb638fc6cc <unknown>\nE       #18 0x7ff74e33ea94 <unknown>\nE       #19 0x7ff74e3cba34 __clone\n\n../../../.cache/pypoetry/virtualenvs/uk-bin-collection-EwS6Gn8s-py3.11/lib/python3.11/site-packages/selenium/webdriver/remote/errorhandler.py:229: NoSuchElementException","flaky":false,"newFailed":false,"newBroken":false,"newPassed":false,"retriesCount":0,"retriesStatusChange":false,"beforeStages":[],"testStage":{"status":"failed","statusMessage":"selenium.common.exceptions.NoSuchElementException: Message: no such element: Unable to locate element: {\"method\":\"css selector\",\"selector\":\"[id=\"COPYOFECHOCOLLECTIONDATES_ADDRESSSELECTION_ADDRESSSELECTIONPOSTCODE\"]\"}\n  (Session info: chrome=128.0.6613.113); For documentation on this error, please visit: https://www.selenium.dev/documentation/webdriver/troubleshooting/errors#no-such-element-exception\nStacktrace:\n#0 0x55bb638fd8da <unknown>\n#1 0x55bb635cbe50 <unknown>\n#2 0x55bb6361b644 <unknown>\n#3 0x55bb6361b931 <unknown>\n#4 0x55bb63661534 <unknown>\n#5 0x55bb636404bd <unknown>\n#6 0x55bb6365e9c6 <unknown>\n#7 0x55bb63640233 <unknown>\n#8 0x55bb6360e093 <unknown>\n#9 0x55bb6360f09e <unknown>\n#10 0x55bb638c4b3b <unknown>\n#11 0x55bb638c8af1 <unknown>\n#12 0x55bb638b0705 <unknown>\n#13 0x55bb638c9662 <unknown>\n#14 0x55bb638958df <unknown>\n#15 0x55bb638ec6d8 <unknown>\n#16 0x55bb638ec8a2 <unknown>\n#17 0x55bb638fc6cc <unknown>\n#18 0x7ff74e33ea94 <unknown>\n#19 0x7ff74e3cba34 __clone","statusTrace":"fixturefunc = <function scrape_step at 0x7fe0748d0040>\nrequest = <FixtureRequest for <Function test_scenario_outline[BuckinghamshireCouncil]>>\nkwargs = {'context': <test_validate_council.Context object at 0x7fe07474c910>, 'headless_mode': 'True', 'local_browser': 'False', 'selenium_url': 'http://localhost:4444'}\n\n    def call_fixture_func(\n        fixturefunc: _FixtureFunc[FixtureValue], request: FixtureRequest, kwargs\n    ) -> FixtureValue:\n        if is_generator(fixturefunc):\n            fixturefunc = cast(\n                Callable[..., Generator[FixtureValue, None, None]], fixturefunc\n            )\n            generator = fixturefunc(**kwargs)\n            try:\n                fixture_result = next(generator)\n            except StopIteration:\n                raise ValueError(f\"{request.fixturename} did not yield a value\") from None\n            finalizer = functools.partial(_teardown_yield_fixture, fixturefunc, generator)\n            request.addfinalizer(finalizer)\n        else:\n            fixturefunc = cast(Callable[..., FixtureValue], fixturefunc)\n>           fixture_result = fixturefunc(**kwargs)\n\n../../../.cache/pypoetry/virtualenvs/uk-bin-collection-EwS6Gn8s-py3.11/lib/python3.11/site-packages/_pytest/fixtures.py:897: \n_ _ _ _ _ _ _ _ _ _ _ _ _ _ _ _ _ _ _ _ _ _ _ _ _ _ _ _ _ _ _ _ _ _ _ _ _ _ _ _ \nuk_bin_collection/tests/step_defs/test_validate_council.py:100: in scrape_step\n    context.parse_result = CollectData.run()\nuk_bin_collection/uk_bin_collection/collect_data.py:101: in run\n    return self.client_code(\nuk_bin_collection/uk_bin_collection/collect_data.py:121: in client_code\n    return get_bin_data_class.template_method(address_url, **kwargs)\nuk_bin_collection/uk_bin_collection/get_bin_data.py:61: in template_method\n    bin_data_dict = self.get_and_parse_data(this_url, **kwargs)\nuk_bin_collection/uk_bin_collection/get_bin_data.py:84: in get_and_parse_data\n    bin_data_dict = self.parse_data(\"\", url=address_url, **kwargs)\nuk_bin_collection/uk_bin_collection/councils/BuckinghamshireCouncil.py:50: in parse_data\n    inputElement_pc = driver.find_element(\n../../../.cache/pypoetry/virtualenvs/uk-bin-collection-EwS6Gn8s-py3.11/lib/python3.11/site-packages/selenium/webdriver/remote/webdriver.py:748: in find_element\n    return self.execute(Command.FIND_ELEMENT, {\"using\": by, \"value\": value})[\"value\"]\n../../../.cache/pypoetry/virtualenvs/uk-bin-collection-EwS6Gn8s-py3.11/lib/python3.11/site-packages/selenium/webdriver/remote/webdriver.py:354: in execute\n    self.error_handler.check_response(response)\n_ _ _ _ _ _ _ _ _ _ _ _ _ _ _ _ _ _ _ _ _ _ _ _ _ _ _ _ _ _ _ _ _ _ _ _ _ _ _ _ \n\nself = <selenium.webdriver.remote.errorhandler.ErrorHandler object at 0x7fe07474d450>\nresponse = {'status': 404, 'value': '{\"value\":{\"error\":\"no such element\",\"message\":\"no such element: Unable to locate element: {\\...unknown>\\\\n#17 0x55bb638fc6cc \\\\u003Cunknown>\\\\n#18 0x7ff74e33ea94 \\\\u003Cunknown>\\\\n#19 0x7ff74e3cba34 __clone\\\\n\"}}'}\n\n    def check_response(self, response: Dict[str, Any]) -> None:\n        \"\"\"Checks that a JSON response from the WebDriver does not have an\n        error.\n    \n        :Args:\n         - response - The JSON response from the WebDriver server as a dictionary\n           object.\n    \n        :Raises: If the response contains an error message.\n        \"\"\"\n        status = response.get(\"status\", None)\n        if not status or status == ErrorCode.SUCCESS:\n            return\n        value = None\n        message = response.get(\"message\", \"\")\n        screen: str = response.get(\"screen\", \"\")\n        stacktrace = None\n        if isinstance(status, int):\n            value_json = response.get(\"value\", None)\n            if value_json and isinstance(value_json, str):\n                import json\n    \n                try:\n                    value = json.loads(value_json)\n                    if len(value) == 1:\n                        value = value[\"value\"]\n                    status = value.get(\"error\", None)\n                    if not status:\n                        status = value.get(\"status\", ErrorCode.UNKNOWN_ERROR)\n                        message = value.get(\"value\") or value.get(\"message\")\n                        if not isinstance(message, str):\n                            value = message\n                            message = message.get(\"message\")\n                    else:\n                        message = value.get(\"message\", None)\n                except ValueError:\n                    pass\n    \n        exception_class: Type[WebDriverException]\n        e = ErrorCode()\n        error_codes = [item for item in dir(e) if not item.startswith(\"__\")]\n        for error_code in error_codes:\n            error_info = getattr(ErrorCode, error_code)\n            if isinstance(error_info, list) and status in error_info:\n                exception_class = getattr(ExceptionMapping, error_code, WebDriverException)\n                break\n        else:\n            exception_class = WebDriverException\n    \n        if not value:\n            value = response[\"value\"]\n        if isinstance(value, str):\n            raise exception_class(value)\n        if message == \"\" and \"message\" in value:\n            message = value[\"message\"]\n    \n        screen = None  # type: ignore[assignment]\n        if \"screen\" in value:\n            screen = value[\"screen\"]\n    \n        stacktrace = None\n        st_value = value.get(\"stackTrace\") or value.get(\"stacktrace\")\n        if st_value:\n            if isinstance(st_value, str):\n                stacktrace = st_value.split(\"\\n\")\n            else:\n                stacktrace = []\n                try:\n                    for frame in st_value:\n                        line = frame.get(\"lineNumber\", \"\")\n                        file = frame.get(\"fileName\", \"<anonymous>\")\n                        if line:\n                            file = f\"{file}:{line}\"\n                        meth = frame.get(\"methodName\", \"<anonymous>\")\n                        if \"className\" in frame:\n                            meth = f\"{frame['className']}.{meth}\"\n                        msg = \"    at %s (%s)\"\n                        msg = msg % (meth, file)\n                        stacktrace.append(msg)\n                except TypeError:\n                    pass\n        if exception_class == UnexpectedAlertPresentException:\n            alert_text = None\n            if \"data\" in value:\n                alert_text = value[\"data\"].get(\"text\")\n            elif \"alert\" in value:\n                alert_text = value[\"alert\"].get(\"text\")\n            raise exception_class(message, screen, stacktrace, alert_text)  # type: ignore[call-arg]  # mypy is not smart enough here\n>       raise exception_class(message, screen, stacktrace)\nE       selenium.common.exceptions.NoSuchElementException: Message: no such element: Unable to locate element: {\"method\":\"css selector\",\"selector\":\"[id=\"COPYOFECHOCOLLECTIONDATES_ADDRESSSELECTION_ADDRESSSELECTIONPOSTCODE\"]\"}\nE         (Session info: chrome=128.0.6613.113); For documentation on this error, please visit: https://www.selenium.dev/documentation/webdriver/troubleshooting/errors#no-such-element-exception\nE       Stacktrace:\nE       #0 0x55bb638fd8da <unknown>\nE       #1 0x55bb635cbe50 <unknown>\nE       #2 0x55bb6361b644 <unknown>\nE       #3 0x55bb6361b931 <unknown>\nE       #4 0x55bb63661534 <unknown>\nE       #5 0x55bb636404bd <unknown>\nE       #6 0x55bb6365e9c6 <unknown>\nE       #7 0x55bb63640233 <unknown>\nE       #8 0x55bb6360e093 <unknown>\nE       #9 0x55bb6360f09e <unknown>\nE       #10 0x55bb638c4b3b <unknown>\nE       #11 0x55bb638c8af1 <unknown>\nE       #12 0x55bb638b0705 <unknown>\nE       #13 0x55bb638c9662 <unknown>\nE       #14 0x55bb638958df <unknown>\nE       #15 0x55bb638ec6d8 <unknown>\nE       #16 0x55bb638ec8a2 <unknown>\nE       #17 0x55bb638fc6cc <unknown>\nE       #18 0x7ff74e33ea94 <unknown>\nE       #19 0x7ff74e3cba34 __clone\n\n../../../.cache/pypoetry/virtualenvs/uk-bin-collection-EwS6Gn8s-py3.11/lib/python3.11/site-packages/selenium/webdriver/remote/errorhandler.py:229: NoSuchElementException","steps":[{"name":"Given the council","time":{"start":1725235273409,"stop":1725235273410,"duration":1},"status":"passed","steps":[],"attachments":[],"parameters":[],"shouldDisplayMessage":false,"stepsCount":0,"attachmentsCount":0,"hasContent":false,"attachmentStep":false},{"name":"When we scrape the data from the council","time":{"start":1725235273410,"stop":1725235276309,"duration":2899},"status":"failed","statusMessage":"Message: no such element: Unable to locate element: {\"method\":\"css selector\",\"selector\":\"[id=\"COPYOFECHOCOLLECTIONDATES_ADDRESSSELECTION_ADDRESSSELECTIONPOSTCODE\"]\"}\n  (Session info: chrome=128.0.6613.113); For documentation on this error, please visit: https://www.selenium.dev/documentation/webdriver/troubleshooting/errors#no-such-element-exception\nStacktrace:\n#0 0x55bb638fd8da <unknown>\n#1 0x55bb635cbe50 <unknown>\n#2 0x55bb6361b644 <unknown>\n#3 0x55bb6361b931 <unknown>\n#4 0x55bb63661534 <unknown>\n#5 0x55bb636404bd <unknown>\n#6 0x55bb6365e9c6 <unknown>\n#7 0x55bb63640233 <unknown>\n#8 0x55bb6360e093 <unknown>\n#9 0x55bb6360f09e <unknown>\n#10 0x55bb638c4b3b <unknown>\n#11 0x55bb638c8af1 <unknown>\n#12 0x55bb638b0705 <unknown>\n#13 0x55bb638c9662 <unknown>\n#14 0x55bb638958df <unknown>\n#15 0x55bb638ec6d8 <unknown>\n#16 0x55bb638ec8a2 <unknown>\n#17 0x55bb638fc6cc <unknown>\n#18 0x7ff74e33ea94 <unknown>\n#19 0x7ff74e3cba34 __clone\n","statusTrace":"selenium.common.exceptions.NoSuchElementException: Message: no such element: Unable to locate element: {\"method\":\"css selector\",\"selector\":\"[id=\"COPYOFECHOCOLLECTIONDATES_ADDRESSSELECTION_ADDRESSSELECTIONPOSTCODE\"]\"}\n  (Session info: chrome=128.0.6613.113); For documentation on this error, please visit: https://www.selenium.dev/documentation/webdriver/troubleshooting/errors#no-such-element-exception\nStacktrace:\n#0 0x55bb638fd8da <unknown>\n#1 0x55bb635cbe50 <unknown>\n#2 0x55bb6361b644 <unknown>\n#3 0x55bb6361b931 <unknown>\n#4 0x55bb63661534 <unknown>\n#5 0x55bb636404bd <unknown>\n#6 0x55bb6365e9c6 <unknown>\n#7 0x55bb63640233 <unknown>\n#8 0x55bb6360e093 <unknown>\n#9 0x55bb6360f09e <unknown>\n#10 0x55bb638c4b3b <unknown>\n#11 0x55bb638c8af1 <unknown>\n#12 0x55bb638b0705 <unknown>\n#13 0x55bb638c9662 <unknown>\n#14 0x55bb638958df <unknown>\n#15 0x55bb638ec6d8 <unknown>\n#16 0x55bb638ec8a2 <unknown>\n#17 0x55bb638fc6cc <unknown>\n#18 0x7ff74e33ea94 <unknown>\n#19 0x7ff74e3cba34 __clone\n\n","steps":[],"attachments":[],"parameters":[],"shouldDisplayMessage":true,"stepsCount":0,"attachmentsCount":0,"hasContent":true,"attachmentStep":false}],"attachments":[{"uid":"4beda8f71707280f","name":"stdout","source":"4beda8f71707280f.txt","type":"text/plain","size":1001}],"parameters":[],"shouldDisplayMessage":true,"stepsCount":2,"attachmentsCount":1,"hasContent":true,"attachmentStep":false},"afterStages":[],"labels":[{"name":"host","value":"fv-az1106-163"},{"name":"thread","value":"2776-MainThread"},{"name":"framework","value":"pytest-bdd"},{"name":"language","value":"cpython3"},{"name":"feature","value":"Test each council output matches expected results"},{"name":"resultFormat","value":"allure2"}],"parameters":[{"name":"council","value":"BuckinghamshireCouncil"}],"links":[],"hidden":false,"retry":false,"extra":{"severity":"normal","retries":[],"categories":[{"name":"Product defects","matchedStatuses":[],"flaky":false}],"history":{"statistic":{"failed":41,"broken":0,"skipped":0,"passed":123,"unknown":0,"total":164},"items":[{"uid":"b105afc99fe0e5cf","reportUrl":"https://robbrad.github.io/UKBinCollectionData/3.11/2053//#testresult/b105afc99fe0e5cf","status":"failed","statusDetails":"selenium.common.exceptions.NoSuchElementException: Message: no such element: Unable to locate element: {\"method\":\"css selector\",\"selector\":\"[id=\"COPYOFECHOCOLLECTIONDATES_ADDRESSSELECTION_ADDRESSSELECTIONPOSTCODE\"]\"}\n  (Session info: chrome=128.0.6613.113); For documentation on this error, please visit: https://www.selenium.dev/documentation/webdriver/troubleshooting/errors#no-such-element-exception\nStacktrace:\n#0 0x55819f12e8da <unknown>\n#1 0x55819edfce50 <unknown>\n#2 0x55819ee4c644 <unknown>\n#3 0x55819ee4c931 <unknown>\n#4 0x55819ee92534 <unknown>\n#5 0x55819ee714bd <unknown>\n#6 0x55819ee8f9c6 <unknown>\n#7 0x55819ee71233 <unknown>\n#8 0x55819ee3f093 <unknown>\n#9 0x55819ee4009e <unknown>\n#10 0x55819f0f5b3b <unknown>\n#11 0x55819f0f9af1 <unknown>\n#12 0x55819f0e1705 <unknown>\n#13 0x55819f0fa662 <unknown>\n#14 0x55819f0c68df <unknown>\n#15 0x55819f11d6d8 <unknown>\n#16 0x55819f11d8a2 <unknown>\n#17 0x55819f12d6cc <unknown>\n#18 0x7fa584b37a94 <unknown>\n#19 0x7fa584bc4a34 __clone","time":{"start":1725148871040,"stop":1725148987252,"duration":116212}},{"uid":"c34a42a21b15a8eb","reportUrl":"https://robbrad.github.io/UKBinCollectionData/3.11/2052//#testresult/c34a42a21b15a8eb","status":"failed","statusDetails":"selenium.common.exceptions.NoSuchElementException: Message: no such element: Unable to locate element: {\"method\":\"css selector\",\"selector\":\"[id=\"COPYOFECHOCOLLECTIONDATES_ADDRESSSELECTION_ADDRESSSELECTIONPOSTCODE\"]\"}\n  (Session info: chrome=128.0.6613.113); For documentation on this error, please visit: https://www.selenium.dev/documentation/webdriver/troubleshooting/errors#no-such-element-exception\nStacktrace:\n#0 0x555dd37668da <unknown>\n#1 0x555dd3434e50 <unknown>\n#2 0x555dd3484644 <unknown>\n#3 0x555dd3484931 <unknown>\n#4 0x555dd34ca534 <unknown>\n#5 0x555dd34a94bd <unknown>\n#6 0x555dd34c79c6 <unknown>\n#7 0x555dd34a9233 <unknown>\n#8 0x555dd3477093 <unknown>\n#9 0x555dd347809e <unknown>\n#10 0x555dd372db3b <unknown>\n#11 0x555dd3731af1 <unknown>\n#12 0x555dd3719705 <unknown>\n#13 0x555dd3732662 <unknown>\n#14 0x555dd36fe8df <unknown>\n#15 0x555dd37556d8 <unknown>\n#16 0x555dd37558a2 <unknown>\n#17 0x555dd37656cc <unknown>\n#18 0x7fe338339a94 <unknown>\n#19 0x7fe3383c6a34 __clone","time":{"start":1725062470571,"stop":1725062472503,"duration":1932}},{"uid":"a6e3f1ad0d870b73","reportUrl":"https://robbrad.github.io/UKBinCollectionData/3.11/2051//#testresult/a6e3f1ad0d870b73","status":"failed","statusDetails":"selenium.common.exceptions.NoSuchElementException: Message: no such element: Unable to locate element: {\"method\":\"css selector\",\"selector\":\"[id=\"COPYOFECHOCOLLECTIONDATES_ADDRESSSELECTION_ADDRESSSELECTIONPOSTCODE\"]\"}\n  (Session info: chrome=128.0.6613.113); For documentation on this error, please visit: https://www.selenium.dev/documentation/webdriver/troubleshooting/errors#no-such-element-exception\nStacktrace:\n#0 0x55e348f578da <unknown>\n#1 0x55e348c25e50 <unknown>\n#2 0x55e348c75644 <unknown>\n#3 0x55e348c75931 <unknown>\n#4 0x55e348cbb534 <unknown>\n#5 0x55e348c9a4bd <unknown>\n#6 0x55e348cb89c6 <unknown>\n#7 0x55e348c9a233 <unknown>\n#8 0x55e348c68093 <unknown>\n#9 0x55e348c6909e <unknown>\n#10 0x55e348f1eb3b <unknown>\n#11 0x55e348f22af1 <unknown>\n#12 0x55e348f0a705 <unknown>\n#13 0x55e348f23662 <unknown>\n#14 0x55e348eef8df <unknown>\n#15 0x55e348f466d8 <unknown>\n#16 0x55e348f468a2 <unknown>\n#17 0x55e348f566cc <unknown>\n#18 0x7f25b0754a94 <unknown>\n#19 0x7f25b07e1a34 __clone","time":{"start":1724976074988,"stop":1724976077130,"duration":2142}},{"uid":"97956ab7bb899d1","reportUrl":"https://robbrad.github.io/UKBinCollectionData/3.11/2049//#testresult/97956ab7bb899d1","status":"failed","statusDetails":"selenium.common.exceptions.NoSuchElementException: Message: no such element: Unable to locate element: {\"method\":\"css selector\",\"selector\":\"[id=\"COPYOFECHOCOLLECTIONDATES_ADDRESSSELECTION_ADDRESSSELECTIONPOSTCODE\"]\"}\n  (Session info: chrome-headless-shell=127.0.6533.119); For documentation on this error, please visit: https://www.selenium.dev/documentation/webdriver/troubleshooting/errors#no-such-element-exception\nStacktrace:\n#0 0x55ebcfbbc6ca <unknown>\n#1 0x55ebcf88d600 <unknown>\n#2 0x55ebcf8dcbcb <unknown>\n#3 0x55ebcf8dceb1 <unknown>\n#4 0x55ebcf920b24 <unknown>\n#5 0x55ebcf8ff8cd <unknown>\n#6 0x55ebcf91e04a <unknown>\n#7 0x55ebcf8ff643 <unknown>\n#8 0x55ebcf8cfd31 <unknown>\n#9 0x55ebcf8d079e <unknown>\n#10 0x55ebcfb8425b <unknown>\n#11 0x55ebcfb881f2 <unknown>\n#12 0x55ebcfb71615 <unknown>\n#13 0x55ebcfb88d82 <unknown>\n#14 0x55ebcfb5625f <unknown>\n#15 0x55ebcfbabe68 <unknown>\n#16 0x55ebcfbac040 <unknown>\n#17 0x55ebcfbbb49c <unknown>\n#18 0x7f7c94d50a94 <unknown>\n#19 0x7f7c94ddda34 __clone","time":{"start":1724889688085,"stop":1724889689964,"duration":1879}},{"uid":"7c91ed405e8e562a","reportUrl":"https://robbrad.github.io/UKBinCollectionData/3.11/2048//#testresult/7c91ed405e8e562a","status":"failed","statusDetails":"selenium.common.exceptions.NoSuchElementException: Message: no such element: Unable to locate element: {\"method\":\"css selector\",\"selector\":\"[id=\"COPYOFECHOCOLLECTIONDATES_ADDRESSSELECTION_ADDRESSSELECTIONPOSTCODE\"]\"}\n  (Session info: chrome-headless-shell=127.0.6533.119); For documentation on this error, please visit: https://www.selenium.dev/documentation/webdriver/troubleshooting/errors#no-such-element-exception\nStacktrace:\n#0 0x55dacdce36ca <unknown>\n#1 0x55dacd9b4600 <unknown>\n#2 0x55dacda03bcb <unknown>\n#3 0x55dacda03eb1 <unknown>\n#4 0x55dacda47b24 <unknown>\n#5 0x55dacda268cd <unknown>\n#6 0x55dacda4504a <unknown>\n#7 0x55dacda26643 <unknown>\n#8 0x55dacd9f6d31 <unknown>\n#9 0x55dacd9f779e <unknown>\n#10 0x55dacdcab25b <unknown>\n#11 0x55dacdcaf1f2 <unknown>\n#12 0x55dacdc98615 <unknown>\n#13 0x55dacdcafd82 <unknown>\n#14 0x55dacdc7d25f <unknown>\n#15 0x55dacdcd2e68 <unknown>\n#16 0x55dacdcd3040 <unknown>\n#17 0x55dacdce249c <unknown>\n#18 0x7f1979d1ea94 <unknown>\n#19 0x7f1979daba34 __clone","time":{"start":1724803270108,"stop":1724803305867,"duration":35759}},{"uid":"ab20fe2c8cc0836e","reportUrl":"https://robbrad.github.io/UKBinCollectionData/3.11/2043//#testresult/ab20fe2c8cc0836e","status":"failed","statusDetails":"selenium.common.exceptions.NoSuchElementException: Message: no such element: Unable to locate element: {\"method\":\"css selector\",\"selector\":\"[id=\"COPYOFECHOCOLLECTIONDATES_ADDRESSSELECTION_ADDRESSSELECTIONPOSTCODE\"]\"}\n  (Session info: chrome-headless-shell=127.0.6533.119); For documentation on this error, please visit: https://www.selenium.dev/documentation/webdriver/troubleshooting/errors#no-such-element-exception\nStacktrace:\n#0 0x56315e21d6ca <unknown>\n#1 0x56315deee600 <unknown>\n#2 0x56315df3dbcb <unknown>\n#3 0x56315df3deb1 <unknown>\n#4 0x56315df81b24 <unknown>\n#5 0x56315df608cd <unknown>\n#6 0x56315df7f04a <unknown>\n#7 0x56315df60643 <unknown>\n#8 0x56315df30d31 <unknown>\n#9 0x56315df3179e <unknown>\n#10 0x56315e1e525b <unknown>\n#11 0x56315e1e91f2 <unknown>\n#12 0x56315e1d2615 <unknown>\n#13 0x56315e1e9d82 <unknown>\n#14 0x56315e1b725f <unknown>\n#15 0x56315e20ce68 <unknown>\n#16 0x56315e20d040 <unknown>\n#17 0x56315e21c49c <unknown>\n#18 0x7f4380dc2a94 <unknown>\n#19 0x7f4380e4fa34 __clone","time":{"start":1724716889346,"stop":1724716891777,"duration":2431}},{"uid":"87798a51489d1fcd","reportUrl":"https://robbrad.github.io/UKBinCollectionData/3.11/2039//#testresult/87798a51489d1fcd","status":"failed","statusDetails":"selenium.common.exceptions.NoSuchElementException: Message: no such element: Unable to locate element: {\"method\":\"css selector\",\"selector\":\"[id=\"COPYOFECHOCOLLECTIONDATES_ADDRESSSELECTION_ADDRESSSELECTIONPOSTCODE\"]\"}\n  (Session info: chrome-headless-shell=127.0.6533.119); For documentation on this error, please visit: https://www.selenium.dev/documentation/webdriver/troubleshooting/errors#no-such-element-exception\nStacktrace:\n#0 0x5579495a86ca <unknown>\n#1 0x557949279600 <unknown>\n#2 0x5579492c8bcb <unknown>\n#3 0x5579492c8eb1 <unknown>\n#4 0x55794930cb24 <unknown>\n#5 0x5579492eb8cd <unknown>\n#6 0x55794930a04a <unknown>\n#7 0x5579492eb643 <unknown>\n#8 0x5579492bbd31 <unknown>\n#9 0x5579492bc79e <unknown>\n#10 0x55794957025b <unknown>\n#11 0x5579495741f2 <unknown>\n#12 0x55794955d615 <unknown>\n#13 0x557949574d82 <unknown>\n#14 0x55794954225f <unknown>\n#15 0x557949597e68 <unknown>\n#16 0x557949598040 <unknown>\n#17 0x5579495a749c <unknown>\n#18 0x7f45f615fa94 <unknown>\n#19 0x7f45f61eca34 __clone","time":{"start":1724630476725,"stop":1724630479091,"duration":2366}},{"uid":"7bbfc69d68c8208d","reportUrl":"https://robbrad.github.io/UKBinCollectionData/3.11/2038//#testresult/7bbfc69d68c8208d","status":"failed","statusDetails":"selenium.common.exceptions.NoSuchElementException: Message: no such element: Unable to locate element: {\"method\":\"css selector\",\"selector\":\"[id=\"COPYOFECHOCOLLECTIONDATES_ADDRESSSELECTION_ADDRESSSELECTIONPOSTCODE\"]\"}\n  (Session info: chrome-headless-shell=127.0.6533.119); For documentation on this error, please visit: https://www.selenium.dev/documentation/webdriver/troubleshooting/errors#no-such-element-exception\nStacktrace:\n#0 0x55ebd62246ca <unknown>\n#1 0x55ebd5ef5600 <unknown>\n#2 0x55ebd5f44bcb <unknown>\n#3 0x55ebd5f44eb1 <unknown>\n#4 0x55ebd5f88b24 <unknown>\n#5 0x55ebd5f678cd <unknown>\n#6 0x55ebd5f8604a <unknown>\n#7 0x55ebd5f67643 <unknown>\n#8 0x55ebd5f37d31 <unknown>\n#9 0x55ebd5f3879e <unknown>\n#10 0x55ebd61ec25b <unknown>\n#11 0x55ebd61f01f2 <unknown>\n#12 0x55ebd61d9615 <unknown>\n#13 0x55ebd61f0d82 <unknown>\n#14 0x55ebd61be25f <unknown>\n#15 0x55ebd6213e68 <unknown>\n#16 0x55ebd6214040 <unknown>\n#17 0x55ebd622349c <unknown>\n#18 0x7efd9ff82a94 <unknown>\n#19 0x7efda000fa34 __clone","time":{"start":1724544075804,"stop":1724544079289,"duration":3485}},{"uid":"b5159d2724d85481","reportUrl":"https://robbrad.github.io/UKBinCollectionData/3.11/2037//#testresult/b5159d2724d85481","status":"failed","statusDetails":"selenium.common.exceptions.NoSuchElementException: Message: no such element: Unable to locate element: {\"method\":\"css selector\",\"selector\":\"[id=\"COPYOFECHOCOLLECTIONDATES_ADDRESSSELECTION_ADDRESSSELECTIONPOSTCODE\"]\"}\n  (Session info: chrome-headless-shell=127.0.6533.119); For documentation on this error, please visit: https://www.selenium.dev/documentation/webdriver/troubleshooting/errors#no-such-element-exception\nStacktrace:\n#0 0x562ba09ef6ca <unknown>\n#1 0x562ba06c0600 <unknown>\n#2 0x562ba070fbcb <unknown>\n#3 0x562ba070feb1 <unknown>\n#4 0x562ba0753b24 <unknown>\n#5 0x562ba07328cd <unknown>\n#6 0x562ba075104a <unknown>\n#7 0x562ba0732643 <unknown>\n#8 0x562ba0702d31 <unknown>\n#9 0x562ba070379e <unknown>\n#10 0x562ba09b725b <unknown>\n#11 0x562ba09bb1f2 <unknown>\n#12 0x562ba09a4615 <unknown>\n#13 0x562ba09bbd82 <unknown>\n#14 0x562ba098925f <unknown>\n#15 0x562ba09dee68 <unknown>\n#16 0x562ba09df040 <unknown>\n#17 0x562ba09ee49c <unknown>\n#18 0x7f10789b7a94 <unknown>\n#19 0x7f1078a44a34 __clone","time":{"start":1724457673243,"stop":1724457675175,"duration":1932}},{"uid":"c42b0a9c5380e890","reportUrl":"https://robbrad.github.io/UKBinCollectionData/3.11/2036//#testresult/c42b0a9c5380e890","status":"failed","statusDetails":"selenium.common.exceptions.NoSuchElementException: Message: no such element: Unable to locate element: {\"method\":\"css selector\",\"selector\":\"[id=\"COPYOFECHOCOLLECTIONDATES_ADDRESSSELECTION_ADDRESSSELECTIONPOSTCODE\"]\"}\n  (Session info: chrome-headless-shell=127.0.6533.119); For documentation on this error, please visit: https://www.selenium.dev/documentation/webdriver/troubleshooting/errors#no-such-element-exception\nStacktrace:\n#0 0x558a72d396ca <unknown>\n#1 0x558a72a0a600 <unknown>\n#2 0x558a72a59bcb <unknown>\n#3 0x558a72a59eb1 <unknown>\n#4 0x558a72a9db24 <unknown>\n#5 0x558a72a7c8cd <unknown>\n#6 0x558a72a9b04a <unknown>\n#7 0x558a72a7c643 <unknown>\n#8 0x558a72a4cd31 <unknown>\n#9 0x558a72a4d79e <unknown>\n#10 0x558a72d0125b <unknown>\n#11 0x558a72d051f2 <unknown>\n#12 0x558a72cee615 <unknown>\n#13 0x558a72d05d82 <unknown>\n#14 0x558a72cd325f <unknown>\n#15 0x558a72d28e68 <unknown>\n#16 0x558a72d29040 <unknown>\n#17 0x558a72d3849c <unknown>\n#18 0x7f1e67935a94 <unknown>\n#19 0x7f1e679c2a34 __clone","time":{"start":1724371274075,"stop":1724371277456,"duration":3381}},{"uid":"263af2e9ef9ce542","reportUrl":"https://robbrad.github.io/UKBinCollectionData/3.11/2034//#testresult/263af2e9ef9ce542","status":"failed","statusDetails":"selenium.common.exceptions.NoSuchElementException: Message: no such element: Unable to locate element: {\"method\":\"css selector\",\"selector\":\"[id=\"COPYOFECHOCOLLECTIONDATES_ADDRESSSELECTION_ADDRESSSELECTIONPOSTCODE\"]\"}\n  (Session info: chrome-headless-shell=127.0.6533.119); For documentation on this error, please visit: https://www.selenium.dev/documentation/webdriver/troubleshooting/errors#no-such-element-exception\nStacktrace:\n#0 0x5642ca10c6ca <unknown>\n#1 0x5642c9ddd600 <unknown>\n#2 0x5642c9e2cbcb <unknown>\n#3 0x5642c9e2ceb1 <unknown>\n#4 0x5642c9e70b24 <unknown>\n#5 0x5642c9e4f8cd <unknown>\n#6 0x5642c9e6e04a <unknown>\n#7 0x5642c9e4f643 <unknown>\n#8 0x5642c9e1fd31 <unknown>\n#9 0x5642c9e2079e <unknown>\n#10 0x5642ca0d425b <unknown>\n#11 0x5642ca0d81f2 <unknown>\n#12 0x5642ca0c1615 <unknown>\n#13 0x5642ca0d8d82 <unknown>\n#14 0x5642ca0a625f <unknown>\n#15 0x5642ca0fbe68 <unknown>\n#16 0x5642ca0fc040 <unknown>\n#17 0x5642ca10b49c <unknown>\n#18 0x7f6d4a299a94 <unknown>\n#19 0x7f6d4a326a34 __clone","time":{"start":1724284875401,"stop":1724284877366,"duration":1965}},{"uid":"b335d8685e189111","reportUrl":"https://robbrad.github.io/UKBinCollectionData/3.11/2033//#testresult/b335d8685e189111","status":"failed","statusDetails":"selenium.common.exceptions.NoSuchElementException: Message: no such element: Unable to locate element: {\"method\":\"css selector\",\"selector\":\"[id=\"COPYOFECHOCOLLECTIONDATES_ADDRESSSELECTION_ADDRESSSELECTIONPOSTCODE\"]\"}\n  (Session info: chrome-headless-shell=127.0.6533.119); For documentation on this error, please visit: https://www.selenium.dev/documentation/webdriver/troubleshooting/errors#no-such-element-exception\nStacktrace:\n#0 0x557b568556ca <unknown>\n#1 0x557b56526600 <unknown>\n#2 0x557b56575bcb <unknown>\n#3 0x557b56575eb1 <unknown>\n#4 0x557b565b9b24 <unknown>\n#5 0x557b565988cd <unknown>\n#6 0x557b565b704a <unknown>\n#7 0x557b56598643 <unknown>\n#8 0x557b56568d31 <unknown>\n#9 0x557b5656979e <unknown>\n#10 0x557b5681d25b <unknown>\n#11 0x557b568211f2 <unknown>\n#12 0x557b5680a615 <unknown>\n#13 0x557b56821d82 <unknown>\n#14 0x557b567ef25f <unknown>\n#15 0x557b56844e68 <unknown>\n#16 0x557b56845040 <unknown>\n#17 0x557b5685449c <unknown>\n#18 0x7fc4e17a5a94 <unknown>\n#19 0x7fc4e1832a34 __clone","time":{"start":1724198476708,"stop":1724198478711,"duration":2003}},{"uid":"b879ede37ea177d2","reportUrl":"https://robbrad.github.io/UKBinCollectionData/3.11/2032//#testresult/b879ede37ea177d2","status":"failed","statusDetails":"selenium.common.exceptions.NoSuchElementException: Message: no such element: Unable to locate element: {\"method\":\"css selector\",\"selector\":\"[id=\"COPYOFECHOCOLLECTIONDATES_ADDRESSSELECTION_ADDRESSSELECTIONPOSTCODE\"]\"}\n  (Session info: chrome-headless-shell=127.0.6533.99); For documentation on this error, please visit: https://www.selenium.dev/documentation/webdriver/troubleshooting/errors#no-such-element-exception\nStacktrace:\n#0 0x56501a0b66aa <unknown>\n#1 0x565019d87600 <unknown>\n#2 0x565019dd6bcb <unknown>\n#3 0x565019dd6eb1 <unknown>\n#4 0x565019e1ab24 <unknown>\n#5 0x565019df98cd <unknown>\n#6 0x565019e1804a <unknown>\n#7 0x565019df9643 <unknown>\n#8 0x565019dc9d31 <unknown>\n#9 0x565019dca79e <unknown>\n#10 0x56501a07e23b <unknown>\n#11 0x56501a0821d2 <unknown>\n#12 0x56501a06b5f5 <unknown>\n#13 0x56501a082d62 <unknown>\n#14 0x56501a05023f <unknown>\n#15 0x56501a0a5e48 <unknown>\n#16 0x56501a0a6020 <unknown>\n#17 0x56501a0b547c <unknown>\n#18 0x7fb55c7bda94 <unknown>\n#19 0x7fb55c84aa34 __clone","time":{"start":1724112076881,"stop":1724112079383,"duration":2502}},{"uid":"b97e625c28eb0443","reportUrl":"https://robbrad.github.io/UKBinCollectionData/3.11/2031//#testresult/b97e625c28eb0443","status":"failed","statusDetails":"selenium.common.exceptions.NoSuchElementException: Message: no such element: Unable to locate element: {\"method\":\"css selector\",\"selector\":\"[id=\"COPYOFECHOCOLLECTIONDATES_ADDRESSSELECTION_ADDRESSSELECTIONPOSTCODE\"]\"}\n  (Session info: chrome-headless-shell=127.0.6533.99); For documentation on this error, please visit: https://www.selenium.dev/documentation/webdriver/troubleshooting/errors#no-such-element-exception\nStacktrace:\n#0 0x55ac5931c6aa <unknown>\n#1 0x55ac58fed600 <unknown>\n#2 0x55ac5903cbcb <unknown>\n#3 0x55ac5903ceb1 <unknown>\n#4 0x55ac59080b24 <unknown>\n#5 0x55ac5905f8cd <unknown>\n#6 0x55ac5907e04a <unknown>\n#7 0x55ac5905f643 <unknown>\n#8 0x55ac5902fd31 <unknown>\n#9 0x55ac5903079e <unknown>\n#10 0x55ac592e423b <unknown>\n#11 0x55ac592e81d2 <unknown>\n#12 0x55ac592d15f5 <unknown>\n#13 0x55ac592e8d62 <unknown>\n#14 0x55ac592b623f <unknown>\n#15 0x55ac5930be48 <unknown>\n#16 0x55ac5930c020 <unknown>\n#17 0x55ac5931b47c <unknown>\n#18 0x7f30d5537a94 <unknown>\n#19 0x7f30d55c4a34 __clone","time":{"start":1724025667055,"stop":1724025668904,"duration":1849}},{"uid":"d3b39d44f7a4d6f","reportUrl":"https://robbrad.github.io/UKBinCollectionData/3.11/2030//#testresult/d3b39d44f7a4d6f","status":"failed","statusDetails":"selenium.common.exceptions.NoSuchElementException: Message: no such element: Unable to locate element: {\"method\":\"css selector\",\"selector\":\"[id=\"COPYOFECHOCOLLECTIONDATES_ADDRESSSELECTION_ADDRESSSELECTIONPOSTCODE\"]\"}\n  (Session info: chrome-headless-shell=127.0.6533.99); For documentation on this error, please visit: https://www.selenium.dev/documentation/webdriver/troubleshooting/errors#no-such-element-exception\nStacktrace:\n#0 0x5618340196aa <unknown>\n#1 0x561833cea600 <unknown>\n#2 0x561833d39bcb <unknown>\n#3 0x561833d39eb1 <unknown>\n#4 0x561833d7db24 <unknown>\n#5 0x561833d5c8cd <unknown>\n#6 0x561833d7b04a <unknown>\n#7 0x561833d5c643 <unknown>\n#8 0x561833d2cd31 <unknown>\n#9 0x561833d2d79e <unknown>\n#10 0x561833fe123b <unknown>\n#11 0x561833fe51d2 <unknown>\n#12 0x561833fce5f5 <unknown>\n#13 0x561833fe5d62 <unknown>\n#14 0x561833fb323f <unknown>\n#15 0x561834008e48 <unknown>\n#16 0x561834009020 <unknown>\n#17 0x56183401847c <unknown>\n#18 0x7ff031289a94 <unknown>\n#19 0x7ff031316a34 __clone","time":{"start":1723939279914,"stop":1723939281876,"duration":1962}},{"uid":"a0097d19c5906b72","reportUrl":"https://robbrad.github.io/UKBinCollectionData/3.11/2029//#testresult/a0097d19c5906b72","status":"failed","statusDetails":"selenium.common.exceptions.NoSuchElementException: Message: no such element: Unable to locate element: {\"method\":\"css selector\",\"selector\":\"[id=\"COPYOFECHOCOLLECTIONDATES_ADDRESSSELECTION_ADDRESSSELECTIONPOSTCODE\"]\"}\n  (Session info: chrome-headless-shell=127.0.6533.99); For documentation on this error, please visit: https://www.selenium.dev/documentation/webdriver/troubleshooting/errors#no-such-element-exception\nStacktrace:\n#0 0x555a914d16aa <unknown>\n#1 0x555a911a2600 <unknown>\n#2 0x555a911f1bcb <unknown>\n#3 0x555a911f1eb1 <unknown>\n#4 0x555a91235b24 <unknown>\n#5 0x555a912148cd <unknown>\n#6 0x555a9123304a <unknown>\n#7 0x555a91214643 <unknown>\n#8 0x555a911e4d31 <unknown>\n#9 0x555a911e579e <unknown>\n#10 0x555a9149923b <unknown>\n#11 0x555a9149d1d2 <unknown>\n#12 0x555a914865f5 <unknown>\n#13 0x555a9149dd62 <unknown>\n#14 0x555a9146b23f <unknown>\n#15 0x555a914c0e48 <unknown>\n#16 0x555a914c1020 <unknown>\n#17 0x555a914d047c <unknown>\n#18 0x7f82d6fdca94 <unknown>\n#19 0x7f82d7069a34 __clone","time":{"start":1723852874725,"stop":1723852884867,"duration":10142}},{"uid":"a63c5d71fab4520e","reportUrl":"https://robbrad.github.io/UKBinCollectionData/3.11/2028//#testresult/a63c5d71fab4520e","status":"failed","statusDetails":"selenium.common.exceptions.NoSuchElementException: Message: no such element: Unable to locate element: {\"method\":\"css selector\",\"selector\":\"[id=\"COPYOFECHOCOLLECTIONDATES_ADDRESSSELECTION_ADDRESSSELECTIONPOSTCODE\"]\"}\n  (Session info: chrome-headless-shell=127.0.6533.99); For documentation on this error, please visit: https://www.selenium.dev/documentation/webdriver/troubleshooting/errors#no-such-element-exception\nStacktrace:\n#0 0x5596253ac6aa <unknown>\n#1 0x55962507d600 <unknown>\n#2 0x5596250ccbcb <unknown>\n#3 0x5596250cceb1 <unknown>\n#4 0x559625110b24 <unknown>\n#5 0x5596250ef8cd <unknown>\n#6 0x55962510e04a <unknown>\n#7 0x5596250ef643 <unknown>\n#8 0x5596250bfd31 <unknown>\n#9 0x5596250c079e <unknown>\n#10 0x55962537423b <unknown>\n#11 0x5596253781d2 <unknown>\n#12 0x5596253615f5 <unknown>\n#13 0x559625378d62 <unknown>\n#14 0x55962534623f <unknown>\n#15 0x55962539be48 <unknown>\n#16 0x55962539c020 <unknown>\n#17 0x5596253ab47c <unknown>\n#18 0x7fe14f3bda94 <unknown>\n#19 0x7fe14f44aa34 __clone","time":{"start":1723766478709,"stop":1723766480495,"duration":1786}},{"uid":"617c58332a9947ac","reportUrl":"https://robbrad.github.io/UKBinCollectionData/3.11/2027//#testresult/617c58332a9947ac","status":"failed","statusDetails":"selenium.common.exceptions.NoSuchElementException: Message: no such element: Unable to locate element: {\"method\":\"css selector\",\"selector\":\"[id=\"COPYOFECHOCOLLECTIONDATES_ADDRESSSELECTION_ADDRESSSELECTIONPOSTCODE\"]\"}\n  (Session info: chrome-headless-shell=127.0.6533.99); For documentation on this error, please visit: https://www.selenium.dev/documentation/webdriver/troubleshooting/errors#no-such-element-exception\nStacktrace:\n#0 0x5596dbb396aa <unknown>\n#1 0x5596db80a600 <unknown>\n#2 0x5596db859bcb <unknown>\n#3 0x5596db859eb1 <unknown>\n#4 0x5596db89db24 <unknown>\n#5 0x5596db87c8cd <unknown>\n#6 0x5596db89b04a <unknown>\n#7 0x5596db87c643 <unknown>\n#8 0x5596db84cd31 <unknown>\n#9 0x5596db84d79e <unknown>\n#10 0x5596dbb0123b <unknown>\n#11 0x5596dbb051d2 <unknown>\n#12 0x5596dbaee5f5 <unknown>\n#13 0x5596dbb05d62 <unknown>\n#14 0x5596dbad323f <unknown>\n#15 0x5596dbb28e48 <unknown>\n#16 0x5596dbb29020 <unknown>\n#17 0x5596dbb3847c <unknown>\n#18 0x7f0867408a94 <unknown>\n#19 0x7f0867495a34 __clone","time":{"start":1723680080875,"stop":1723680082539,"duration":1664}},{"uid":"e2a2d759f3ac901b","reportUrl":"https://robbrad.github.io/UKBinCollectionData/3.11/2026//#testresult/e2a2d759f3ac901b","status":"failed","statusDetails":"selenium.common.exceptions.NoSuchElementException: Message: no such element: Unable to locate element: {\"method\":\"css selector\",\"selector\":\"[id=\"COPYOFECHOCOLLECTIONDATES_ADDRESSSELECTION_ADDRESSSELECTIONPOSTCODE\"]\"}\n  (Session info: chrome-headless-shell=127.0.6533.99); For documentation on this error, please visit: https://www.selenium.dev/documentation/webdriver/troubleshooting/errors#no-such-element-exception\nStacktrace:\n#0 0x56168101a6aa <unknown>\n#1 0x561680ceb600 <unknown>\n#2 0x561680d3abcb <unknown>\n#3 0x561680d3aeb1 <unknown>\n#4 0x561680d7eb24 <unknown>\n#5 0x561680d5d8cd <unknown>\n#6 0x561680d7c04a <unknown>\n#7 0x561680d5d643 <unknown>\n#8 0x561680d2dd31 <unknown>\n#9 0x561680d2e79e <unknown>\n#10 0x561680fe223b <unknown>\n#11 0x561680fe61d2 <unknown>\n#12 0x561680fcf5f5 <unknown>\n#13 0x561680fe6d62 <unknown>\n#14 0x561680fb423f <unknown>\n#15 0x561681009e48 <unknown>\n#16 0x56168100a020 <unknown>\n#17 0x56168101947c <unknown>\n#18 0x7f4763917a94 <unknown>\n#19 0x7f47639a4a34 __clone","time":{"start":1723593676519,"stop":1723593679033,"duration":2514}},{"uid":"716e7a1a1ed75fd5","reportUrl":"https://robbrad.github.io/UKBinCollectionData/3.11/2025//#testresult/716e7a1a1ed75fd5","status":"failed","statusDetails":"selenium.common.exceptions.WebDriverException: Message: unknown error: net::ERR_CONNECTION_TIMED_OUT\n  (Session info: chrome-headless-shell=127.0.6533.99)\nStacktrace:\n#0 0x5646ffdbc6aa <unknown>\n#1 0x5646ffa8d600 <unknown>\n#2 0x5646ffa85631 <unknown>\n#3 0x5646ffa75839 <unknown>\n#4 0x5646ffa775c4 <unknown>\n#5 0x5646ffa75b05 <unknown>\n#6 0x5646ffa7535f <unknown>\n#7 0x5646ffa75252 <unknown>\n#8 0x5646ffa7356c <unknown>\n#9 0x5646ffa738ea <unknown>\n#10 0x5646ffa8ff21 <unknown>\n#11 0x5646ffb1eb45 <unknown>\n#12 0x5646ffaff8a2 <unknown>\n#13 0x5646ffb1e04a <unknown>\n#14 0x5646ffaff643 <unknown>\n#15 0x5646ffacfd31 <unknown>\n#16 0x5646ffad079e <unknown>\n#17 0x5646ffd8423b <unknown>\n#18 0x5646ffd881d2 <unknown>\n#19 0x5646ffd715f5 <unknown>\n#20 0x5646ffd88d62 <unknown>\n#21 0x5646ffd5623f <unknown>\n#22 0x5646ffdabe48 <unknown>\n#23 0x5646ffdac020 <unknown>\n#24 0x5646ffdbb47c <unknown>\n#25 0x7f1fe9907a94 <unknown>\n#26 0x7f1fe9994a34 __clone","time":{"start":1723507287923,"stop":1723507422629,"duration":134706}}]},"tags":[]},"source":"6a0d96cfd7a4569.json","parameterValues":["BuckinghamshireCouncil"]}