{"uid":"a93d8cb06f887708","name":"Validate Council Output [TendringDistrictCouncil]","fullName":"features/validate_council_outputs.feature:Validate Council Output","historyId":"ed07e2456ad23b8037ff3254aa143d3e","time":{"start":1723508781187,"stop":1723508801868,"duration":20681},"status":"failed","statusMessage":"selenium.common.exceptions.NoSuchElementException: Message: Cannot locate option with value: 100090604247; For documentation on this error, please visit: https://www.selenium.dev/documentation/webdriver/troubleshooting/errors#no-such-element-exception","statusTrace":"fixturefunc = <function scrape_step at 0x7f1e13f0dbc0>\nrequest = <FixtureRequest for <Function test_scenario_outline[TendringDistrictCouncil]>>\nkwargs = {'context': <test_validate_council.Context object at 0x7f1e23150b30>, 'headless_mode': 'True', 'local_browser': 'False', 'selenium_url': 'http://localhost:4444'}\n\n    def call_fixture_func(\n        fixturefunc: _FixtureFunc[FixtureValue], request: FixtureRequest, kwargs\n    ) -> FixtureValue:\n        if is_generator(fixturefunc):\n            fixturefunc = cast(\n                Callable[..., Generator[FixtureValue, None, None]], fixturefunc\n            )\n            generator = fixturefunc(**kwargs)\n            try:\n                fixture_result = next(generator)\n            except StopIteration:\n                raise ValueError(f\"{request.fixturename} did not yield a value\") from None\n            finalizer = functools.partial(_teardown_yield_fixture, fixturefunc, generator)\n            request.addfinalizer(finalizer)\n        else:\n            fixturefunc = cast(Callable[..., FixtureValue], fixturefunc)\n>           fixture_result = fixturefunc(**kwargs)\n\n../../../.cache/pypoetry/virtualenvs/uk-bin-collection-EwS6Gn8s-py3.12/lib/python3.12/site-packages/_pytest/fixtures.py:897: \n_ _ _ _ _ _ _ _ _ _ _ _ _ _ _ _ _ _ _ _ _ _ _ _ _ _ _ _ _ _ _ _ _ _ _ _ _ _ _ _ \nuk_bin_collection/tests/step_defs/test_validate_council.py:100: in scrape_step\n    context.parse_result = CollectData.run()\nuk_bin_collection/uk_bin_collection/collect_data.py:101: in run\n    return self.client_code(\nuk_bin_collection/uk_bin_collection/collect_data.py:121: in client_code\n    return get_bin_data_class.template_method(address_url, **kwargs)\nuk_bin_collection/uk_bin_collection/get_bin_data.py:61: in template_method\n    bin_data_dict = self.get_and_parse_data(this_url, **kwargs)\nuk_bin_collection/uk_bin_collection/get_bin_data.py:84: in get_and_parse_data\n    bin_data_dict = self.parse_data(\"\", url=address_url, **kwargs)\nuk_bin_collection/uk_bin_collection/councils/TendringDistrictCouncil.py:73: in parse_data\n    dropdownSelect.select_by_value(str(user_uprn))\n_ _ _ _ _ _ _ _ _ _ _ _ _ _ _ _ _ _ _ _ _ _ _ _ _ _ _ _ _ _ _ _ _ _ _ _ _ _ _ _ \n\nself = <selenium.webdriver.support.select.Select object at 0x7f1e139eed50>\nvalue = '100090604247'\n\n    def select_by_value(self, value: str) -> None:\n        \"\"\"Select all options that have a value matching the argument. That is,\n        when given \"foo\" this would select an option like:\n    \n        <option value=\"foo\">Bar</option>\n    \n        :Args:\n         - value - The value to match against\n    \n        throws NoSuchElementException If there is no option with specified value in SELECT\n        \"\"\"\n        css = f\"option[value ={self._escape_string(value)}]\"\n        opts = self._el.find_elements(By.CSS_SELECTOR, css)\n        matched = False\n        for opt in opts:\n            self._set_selected(opt)\n            if not self.is_multiple:\n                return\n            matched = True\n        if not matched:\n>           raise NoSuchElementException(f\"Cannot locate option with value: {value}\")\nE           selenium.common.exceptions.NoSuchElementException: Message: Cannot locate option with value: 100090604247; For documentation on this error, please visit: https://www.selenium.dev/documentation/webdriver/troubleshooting/errors#no-such-element-exception\n\n../../../.cache/pypoetry/virtualenvs/uk-bin-collection-EwS6Gn8s-py3.12/lib/python3.12/site-packages/selenium/webdriver/support/select.py:84: NoSuchElementException","flaky":false,"newFailed":true,"newBroken":false,"newPassed":false,"retriesCount":0,"retriesStatusChange":false,"beforeStages":[],"testStage":{"status":"failed","statusMessage":"selenium.common.exceptions.NoSuchElementException: Message: Cannot locate option with value: 100090604247; For documentation on this error, please visit: https://www.selenium.dev/documentation/webdriver/troubleshooting/errors#no-such-element-exception","statusTrace":"fixturefunc = <function scrape_step at 0x7f1e13f0dbc0>\nrequest = <FixtureRequest for <Function test_scenario_outline[TendringDistrictCouncil]>>\nkwargs = {'context': <test_validate_council.Context object at 0x7f1e23150b30>, 'headless_mode': 'True', 'local_browser': 'False', 'selenium_url': 'http://localhost:4444'}\n\n    def call_fixture_func(\n        fixturefunc: _FixtureFunc[FixtureValue], request: FixtureRequest, kwargs\n    ) -> FixtureValue:\n        if is_generator(fixturefunc):\n            fixturefunc = cast(\n                Callable[..., Generator[FixtureValue, None, None]], fixturefunc\n            )\n            generator = fixturefunc(**kwargs)\n            try:\n                fixture_result = next(generator)\n            except StopIteration:\n                raise ValueError(f\"{request.fixturename} did not yield a value\") from None\n            finalizer = functools.partial(_teardown_yield_fixture, fixturefunc, generator)\n            request.addfinalizer(finalizer)\n        else:\n            fixturefunc = cast(Callable[..., FixtureValue], fixturefunc)\n>           fixture_result = fixturefunc(**kwargs)\n\n../../../.cache/pypoetry/virtualenvs/uk-bin-collection-EwS6Gn8s-py3.12/lib/python3.12/site-packages/_pytest/fixtures.py:897: \n_ _ _ _ _ _ _ _ _ _ _ _ _ _ _ _ _ _ _ _ _ _ _ _ _ _ _ _ _ _ _ _ _ _ _ _ _ _ _ _ \nuk_bin_collection/tests/step_defs/test_validate_council.py:100: in scrape_step\n    context.parse_result = CollectData.run()\nuk_bin_collection/uk_bin_collection/collect_data.py:101: in run\n    return self.client_code(\nuk_bin_collection/uk_bin_collection/collect_data.py:121: in client_code\n    return get_bin_data_class.template_method(address_url, **kwargs)\nuk_bin_collection/uk_bin_collection/get_bin_data.py:61: in template_method\n    bin_data_dict = self.get_and_parse_data(this_url, **kwargs)\nuk_bin_collection/uk_bin_collection/get_bin_data.py:84: in get_and_parse_data\n    bin_data_dict = self.parse_data(\"\", url=address_url, **kwargs)\nuk_bin_collection/uk_bin_collection/councils/TendringDistrictCouncil.py:73: in parse_data\n    dropdownSelect.select_by_value(str(user_uprn))\n_ _ _ _ _ _ _ _ _ _ _ _ _ _ _ _ _ _ _ _ _ _ _ _ _ _ _ _ _ _ _ _ _ _ _ _ _ _ _ _ \n\nself = <selenium.webdriver.support.select.Select object at 0x7f1e139eed50>\nvalue = '100090604247'\n\n    def select_by_value(self, value: str) -> None:\n        \"\"\"Select all options that have a value matching the argument. That is,\n        when given \"foo\" this would select an option like:\n    \n        <option value=\"foo\">Bar</option>\n    \n        :Args:\n         - value - The value to match against\n    \n        throws NoSuchElementException If there is no option with specified value in SELECT\n        \"\"\"\n        css = f\"option[value ={self._escape_string(value)}]\"\n        opts = self._el.find_elements(By.CSS_SELECTOR, css)\n        matched = False\n        for opt in opts:\n            self._set_selected(opt)\n            if not self.is_multiple:\n                return\n            matched = True\n        if not matched:\n>           raise NoSuchElementException(f\"Cannot locate option with value: {value}\")\nE           selenium.common.exceptions.NoSuchElementException: Message: Cannot locate option with value: 100090604247; For documentation on this error, please visit: https://www.selenium.dev/documentation/webdriver/troubleshooting/errors#no-such-element-exception\n\n../../../.cache/pypoetry/virtualenvs/uk-bin-collection-EwS6Gn8s-py3.12/lib/python3.12/site-packages/selenium/webdriver/support/select.py:84: NoSuchElementException","steps":[{"name":"Given the council","time":{"start":1723508781187,"stop":1723508781187,"duration":0},"status":"passed","steps":[],"attachments":[],"parameters":[],"shouldDisplayMessage":false,"stepsCount":0,"attachmentsCount":0,"hasContent":false,"attachmentStep":false},{"name":"When we scrape the data from the council","time":{"start":1723508781187,"stop":1723508801868,"duration":20681},"status":"failed","statusMessage":"Message: Cannot locate option with value: 100090604247; For documentation on this error, please visit: https://www.selenium.dev/documentation/webdriver/troubleshooting/errors#no-such-element-exception\n","statusTrace":"selenium.common.exceptions.NoSuchElementException: Message: Cannot locate option with value: 100090604247; For documentation on this error, please visit: https://www.selenium.dev/documentation/webdriver/troubleshooting/errors#no-such-element-exception\n\n","steps":[],"attachments":[],"parameters":[],"shouldDisplayMessage":true,"stepsCount":0,"attachmentsCount":0,"hasContent":true,"attachmentStep":false}],"attachments":[{"uid":"9d0846f5562b89b7","name":"stdout","source":"9d0846f5562b89b7.txt","type":"text/plain","size":271}],"parameters":[],"shouldDisplayMessage":true,"stepsCount":2,"attachmentsCount":1,"hasContent":true,"attachmentStep":false},"afterStages":[],"labels":[{"name":"host","value":"fv-az1121-511"},{"name":"thread","value":"2782-MainThread"},{"name":"framework","value":"pytest-bdd"},{"name":"language","value":"cpython3"},{"name":"feature","value":"Test each council output matches expected results"},{"name":"resultFormat","value":"allure2"}],"parameters":[{"name":"council","value":"TendringDistrictCouncil"}],"links":[],"hidden":false,"retry":false,"extra":{"severity":"normal","retries":[],"categories":[{"name":"Product defects","matchedStatuses":[],"flaky":false}],"history":{"statistic":{"failed":8,"broken":0,"skipped":0,"passed":70,"unknown":0,"total":78},"items":[{"uid":"919e6adb457993ae","reportUrl":"https://robbrad.github.io/UKBinCollectionData/3.12/2024//#testresult/919e6adb457993ae","status":"passed","time":{"start":1723422417518,"stop":1723422442508,"duration":24990}},{"uid":"981369f4a46f9cdf","reportUrl":"https://robbrad.github.io/UKBinCollectionData/3.12/2022//#testresult/981369f4a46f9cdf","status":"passed","time":{"start":1723336035256,"stop":1723336063861,"duration":28605}},{"uid":"1fdd4a3876d42054","reportUrl":"https://robbrad.github.io/UKBinCollectionData/3.12/2020//#testresult/1fdd4a3876d42054","status":"passed","time":{"start":1723249574207,"stop":1723249609878,"duration":35671}},{"uid":"7714929cbd8b58ea","reportUrl":"https://robbrad.github.io/UKBinCollectionData/3.12/2019//#testresult/7714929cbd8b58ea","status":"passed","time":{"start":1723163152460,"stop":1723163176692,"duration":24232}},{"uid":"80bdbffe791a5e0a","reportUrl":"https://robbrad.github.io/UKBinCollectionData/3.12/2014//#testresult/80bdbffe791a5e0a","status":"passed","time":{"start":1723076701289,"stop":1723076724086,"duration":22797}},{"uid":"cc5533901fb1ea3d","reportUrl":"https://robbrad.github.io/UKBinCollectionData/3.12/2012//#testresult/cc5533901fb1ea3d","status":"passed","time":{"start":1722990291881,"stop":1722990307915,"duration":16034}},{"uid":"150aea2ef35349e8","reportUrl":"https://robbrad.github.io/UKBinCollectionData/3.12/2007//#testresult/150aea2ef35349e8","status":"passed","time":{"start":1722903912106,"stop":1722903934452,"duration":22346}},{"uid":"aca9e72c54b98821","reportUrl":"https://robbrad.github.io/UKBinCollectionData/3.12/2006//#testresult/aca9e72c54b98821","status":"passed","time":{"start":1722817723268,"stop":1722817744456,"duration":21188}},{"uid":"3b3422faff945dd5","reportUrl":"https://robbrad.github.io/UKBinCollectionData/3.12/2005//#testresult/3b3422faff945dd5","status":"passed","time":{"start":1722731198776,"stop":1722731219792,"duration":21016}},{"uid":"631b3dcca65ce44e","reportUrl":"https://robbrad.github.io/UKBinCollectionData/3.12/2004//#testresult/631b3dcca65ce44e","status":"passed","time":{"start":1722644723100,"stop":1722644767074,"duration":43974}},{"uid":"95a1c0e4a9d0b739","reportUrl":"https://robbrad.github.io/UKBinCollectionData/3.12/2003//#testresult/95a1c0e4a9d0b739","status":"passed","time":{"start":1722558349258,"stop":1722558373422,"duration":24164}},{"uid":"ef05f1fabc4762df","reportUrl":"https://robbrad.github.io/UKBinCollectionData/3.12/2002//#testresult/ef05f1fabc4762df","status":"failed","statusDetails":"selenium.common.exceptions.NoSuchElementException: Message: Cannot locate option with value: 100090604247; For documentation on this error, please visit: https://www.selenium.dev/documentation/webdriver/troubleshooting/errors#no-such-element-exception","time":{"start":1722471805767,"stop":1722471828142,"duration":22375}},{"uid":"2c0730987763dc24","reportUrl":"https://robbrad.github.io/UKBinCollectionData/3.12/1998//#testresult/2c0730987763dc24","status":"failed","statusDetails":"selenium.common.exceptions.NoSuchElementException: Message: Cannot locate option with value: 100090604247; For documentation on this error, please visit: https://www.selenium.dev/documentation/webdriver/troubleshooting/errors#no-such-element-exception","time":{"start":1722385530970,"stop":1722385541517,"duration":10547}},{"uid":"4823697737f0d885","reportUrl":"https://robbrad.github.io/UKBinCollectionData/3.12/1997//#testresult/4823697737f0d885","status":"passed","time":{"start":1722298993861,"stop":1722299018011,"duration":24150}},{"uid":"a2125fd77bf9a5","reportUrl":"https://robbrad.github.io/UKBinCollectionData/3.12/1996//#testresult/a2125fd77bf9a5","status":"passed","time":{"start":1722212510120,"stop":1722212655126,"duration":145006}},{"uid":"f20f2d42fdbac83f","reportUrl":"https://robbrad.github.io/UKBinCollectionData/3.12/1995//#testresult/f20f2d42fdbac83f","status":"passed","time":{"start":1722126190184,"stop":1722126207330,"duration":17146}},{"uid":"c480bc74316ad83a","reportUrl":"https://robbrad.github.io/UKBinCollectionData/3.12/1994//#testresult/c480bc74316ad83a","status":"passed","time":{"start":1722039957932,"stop":1722039980301,"duration":22369}},{"uid":"7b799dd81543a699","reportUrl":"https://robbrad.github.io/UKBinCollectionData/3.12/1993//#testresult/7b799dd81543a699","status":"passed","time":{"start":1721953480362,"stop":1721953501782,"duration":21420}},{"uid":"5eec29a2f6086bb","reportUrl":"https://robbrad.github.io/UKBinCollectionData/3.12/1992//#testresult/5eec29a2f6086bb","status":"passed","time":{"start":1721867082587,"stop":1721867108086,"duration":25499}},{"uid":"e6a44bc054286844","reportUrl":"https://robbrad.github.io/UKBinCollectionData/3.12/1991//#testresult/e6a44bc054286844","status":"passed","time":{"start":1721780639739,"stop":1721780666366,"duration":26627}}]},"tags":[]},"source":"a93d8cb06f887708.json","parameterValues":["TendringDistrictCouncil"]}