{"uid":"2ff00023bde67f2f","name":"Validate Council Output [GatesheadCouncil]","fullName":"features/validate_council_outputs.feature:Validate Council Output","historyId":"3a7171e6de629587a3f0d32410302b35","time":{"start":1698988661184,"stop":1698988675278,"duration":14094},"status":"failed","statusMessage":"selenium.common.exceptions.TimeoutException: Message: \nStacktrace:\n#0 0x563d41c12fb3 <unknown>\n#1 0x563d418e64a7 <unknown>\n#2 0x563d4192ddd6 <unknown>\n#3 0x563d4192dec1 <unknown>\n#4 0x563d4196b354 <unknown>\n#5 0x563d4194f96d <unknown>\n#6 0x563d41968c02 <unknown>\n#7 0x563d4194f713 <unknown>\n#8 0x563d4192218b <unknown>\n#9 0x563d41922f7e <unknown>\n#10 0x563d41bd88d8 <unknown>\n#11 0x563d41bdc800 <unknown>\n#12 0x563d41be6cfc <unknown>\n#13 0x563d41bdd418 <unknown>\n#14 0x563d41baa42f <unknown>\n#15 0x563d41c014e8 <unknown>\n#16 0x563d41c016b4 <unknown>\n#17 0x563d41c12143 <unknown>\n#18 0x7fb710894ac3 <unknown>","statusTrace":"fixturefunc = <function scrape_step at 0x7f83d74aa9e0>\nrequest = <FixtureRequest for <Function test_scenario_outline[GatesheadCouncil]>>\nkwargs = {'context': <test_validate_council.context.<locals>.Context object at 0x7f83cda7e4d0>, 'council': 'GatesheadCouncil'}\n\n    def call_fixture_func(\n        fixturefunc: \"_FixtureFunc[FixtureValue]\", request: FixtureRequest, kwargs\n    ) -> FixtureValue:\n        if is_generator(fixturefunc):\n            fixturefunc = cast(\n                Callable[..., Generator[FixtureValue, None, None]], fixturefunc\n            )\n            generator = fixturefunc(**kwargs)\n            try:\n                fixture_result = next(generator)\n            except StopIteration:\n                raise ValueError(f\"{request.fixturename} did not yield a value\") from None\n            finalizer = functools.partial(_teardown_yield_fixture, fixturefunc, generator)\n            request.addfinalizer(finalizer)\n        else:\n            fixturefunc = cast(Callable[..., FixtureValue], fixturefunc)\n>           fixture_result = fixturefunc(**kwargs)\n\n../../../.cache/pypoetry/virtualenvs/uk-bin-collection-EwS6Gn8s-py3.10/lib/python3.10/site-packages/_pytest/fixtures.py:902: \n_ _ _ _ _ _ _ _ _ _ _ _ _ _ _ _ _ _ _ _ _ _ _ _ _ _ _ _ _ _ _ _ _ _ _ _ _ _ _ _ \nuk_bin_collection/tests/step_defs/test_validate_council.py:63: in scrape_step\n    raise (err)\nuk_bin_collection/tests/step_defs/test_validate_council.py:59: in scrape_step\n    context.parse_result = CollectData.run()\nuk_bin_collection/uk_bin_collection/collect_data.py:71: in run\n    return self.client_code(\nuk_bin_collection/uk_bin_collection/collect_data.py:59: in client_code\n    return get_bin_data_class.template_method(address_url, **kwargs)\nuk_bin_collection/uk_bin_collection/get_bin_data.py:70: in template_method\n    bin_data_dict = self.parse_data(\nuk_bin_collection/uk_bin_collection/councils/GatesheadCouncil.py:45: in parse_data\n    WebDriverWait(driver, 10).until(EC.element_to_be_clickable((\n_ _ _ _ _ _ _ _ _ _ _ _ _ _ _ _ _ _ _ _ _ _ _ _ _ _ _ _ _ _ _ _ _ _ _ _ _ _ _ _ \n\nself = <selenium.webdriver.support.wait.WebDriverWait (session=\"bf555ec14d115d4bb9a7e78cc9af8e6f\")>\nmethod = <function element_to_be_clickable.<locals>._predicate at 0x7f83cdca08b0>\nmessage = ''\n\n    def until(self, method, message: str = \"\"):\n        \"\"\"Calls the method provided with the driver as an argument until the \\\n        return value does not evaluate to ``False``.\n    \n        :param method: callable(WebDriver)\n        :param message: optional message for :exc:`TimeoutException`\n        :returns: the result of the last call to `method`\n        :raises: :exc:`selenium.common.exceptions.TimeoutException` if timeout occurs\n        \"\"\"\n        screen = None\n        stacktrace = None\n    \n        end_time = time.monotonic() + self._timeout\n        while True:\n            try:\n                value = method(self._driver)\n                if value:\n                    return value\n            except self._ignored_exceptions as exc:\n                screen = getattr(exc, \"screen\", None)\n                stacktrace = getattr(exc, \"stacktrace\", None)\n            time.sleep(self._poll)\n            if time.monotonic() > end_time:\n                break\n>       raise TimeoutException(message, screen, stacktrace)\nE       selenium.common.exceptions.TimeoutException: Message: \nE       Stacktrace:\nE       #0 0x563d41c12fb3 <unknown>\nE       #1 0x563d418e64a7 <unknown>\nE       #2 0x563d4192ddd6 <unknown>\nE       #3 0x563d4192dec1 <unknown>\nE       #4 0x563d4196b354 <unknown>\nE       #5 0x563d4194f96d <unknown>\nE       #6 0x563d41968c02 <unknown>\nE       #7 0x563d4194f713 <unknown>\nE       #8 0x563d4192218b <unknown>\nE       #9 0x563d41922f7e <unknown>\nE       #10 0x563d41bd88d8 <unknown>\nE       #11 0x563d41bdc800 <unknown>\nE       #12 0x563d41be6cfc <unknown>\nE       #13 0x563d41bdd418 <unknown>\nE       #14 0x563d41baa42f <unknown>\nE       #15 0x563d41c014e8 <unknown>\nE       #16 0x563d41c016b4 <unknown>\nE       #17 0x563d41c12143 <unknown>\nE       #18 0x7fb710894ac3 <unknown>\n\n../../../.cache/pypoetry/virtualenvs/uk-bin-collection-EwS6Gn8s-py3.10/lib/python3.10/site-packages/selenium/webdriver/support/wait.py:95: TimeoutException","flaky":false,"newFailed":true,"newBroken":false,"newPassed":false,"retriesCount":0,"retriesStatusChange":false,"beforeStages":[],"testStage":{"status":"failed","statusMessage":"selenium.common.exceptions.TimeoutException: Message: \nStacktrace:\n#0 0x563d41c12fb3 <unknown>\n#1 0x563d418e64a7 <unknown>\n#2 0x563d4192ddd6 <unknown>\n#3 0x563d4192dec1 <unknown>\n#4 0x563d4196b354 <unknown>\n#5 0x563d4194f96d <unknown>\n#6 0x563d41968c02 <unknown>\n#7 0x563d4194f713 <unknown>\n#8 0x563d4192218b <unknown>\n#9 0x563d41922f7e <unknown>\n#10 0x563d41bd88d8 <unknown>\n#11 0x563d41bdc800 <unknown>\n#12 0x563d41be6cfc <unknown>\n#13 0x563d41bdd418 <unknown>\n#14 0x563d41baa42f <unknown>\n#15 0x563d41c014e8 <unknown>\n#16 0x563d41c016b4 <unknown>\n#17 0x563d41c12143 <unknown>\n#18 0x7fb710894ac3 <unknown>","statusTrace":"fixturefunc = <function scrape_step at 0x7f83d74aa9e0>\nrequest = <FixtureRequest for <Function test_scenario_outline[GatesheadCouncil]>>\nkwargs = {'context': <test_validate_council.context.<locals>.Context object at 0x7f83cda7e4d0>, 'council': 'GatesheadCouncil'}\n\n    def call_fixture_func(\n        fixturefunc: \"_FixtureFunc[FixtureValue]\", request: FixtureRequest, kwargs\n    ) -> FixtureValue:\n        if is_generator(fixturefunc):\n            fixturefunc = cast(\n                Callable[..., Generator[FixtureValue, None, None]], fixturefunc\n            )\n            generator = fixturefunc(**kwargs)\n            try:\n                fixture_result = next(generator)\n            except StopIteration:\n                raise ValueError(f\"{request.fixturename} did not yield a value\") from None\n            finalizer = functools.partial(_teardown_yield_fixture, fixturefunc, generator)\n            request.addfinalizer(finalizer)\n        else:\n            fixturefunc = cast(Callable[..., FixtureValue], fixturefunc)\n>           fixture_result = fixturefunc(**kwargs)\n\n../../../.cache/pypoetry/virtualenvs/uk-bin-collection-EwS6Gn8s-py3.10/lib/python3.10/site-packages/_pytest/fixtures.py:902: \n_ _ _ _ _ _ _ _ _ _ _ _ _ _ _ _ _ _ _ _ _ _ _ _ _ _ _ _ _ _ _ _ _ _ _ _ _ _ _ _ \nuk_bin_collection/tests/step_defs/test_validate_council.py:63: in scrape_step\n    raise (err)\nuk_bin_collection/tests/step_defs/test_validate_council.py:59: in scrape_step\n    context.parse_result = CollectData.run()\nuk_bin_collection/uk_bin_collection/collect_data.py:71: in run\n    return self.client_code(\nuk_bin_collection/uk_bin_collection/collect_data.py:59: in client_code\n    return get_bin_data_class.template_method(address_url, **kwargs)\nuk_bin_collection/uk_bin_collection/get_bin_data.py:70: in template_method\n    bin_data_dict = self.parse_data(\nuk_bin_collection/uk_bin_collection/councils/GatesheadCouncil.py:45: in parse_data\n    WebDriverWait(driver, 10).until(EC.element_to_be_clickable((\n_ _ _ _ _ _ _ _ _ _ _ _ _ _ _ _ _ _ _ _ _ _ _ _ _ _ _ _ _ _ _ _ _ _ _ _ _ _ _ _ \n\nself = <selenium.webdriver.support.wait.WebDriverWait (session=\"bf555ec14d115d4bb9a7e78cc9af8e6f\")>\nmethod = <function element_to_be_clickable.<locals>._predicate at 0x7f83cdca08b0>\nmessage = ''\n\n    def until(self, method, message: str = \"\"):\n        \"\"\"Calls the method provided with the driver as an argument until the \\\n        return value does not evaluate to ``False``.\n    \n        :param method: callable(WebDriver)\n        :param message: optional message for :exc:`TimeoutException`\n        :returns: the result of the last call to `method`\n        :raises: :exc:`selenium.common.exceptions.TimeoutException` if timeout occurs\n        \"\"\"\n        screen = None\n        stacktrace = None\n    \n        end_time = time.monotonic() + self._timeout\n        while True:\n            try:\n                value = method(self._driver)\n                if value:\n                    return value\n            except self._ignored_exceptions as exc:\n                screen = getattr(exc, \"screen\", None)\n                stacktrace = getattr(exc, \"stacktrace\", None)\n            time.sleep(self._poll)\n            if time.monotonic() > end_time:\n                break\n>       raise TimeoutException(message, screen, stacktrace)\nE       selenium.common.exceptions.TimeoutException: Message: \nE       Stacktrace:\nE       #0 0x563d41c12fb3 <unknown>\nE       #1 0x563d418e64a7 <unknown>\nE       #2 0x563d4192ddd6 <unknown>\nE       #3 0x563d4192dec1 <unknown>\nE       #4 0x563d4196b354 <unknown>\nE       #5 0x563d4194f96d <unknown>\nE       #6 0x563d41968c02 <unknown>\nE       #7 0x563d4194f713 <unknown>\nE       #8 0x563d4192218b <unknown>\nE       #9 0x563d41922f7e <unknown>\nE       #10 0x563d41bd88d8 <unknown>\nE       #11 0x563d41bdc800 <unknown>\nE       #12 0x563d41be6cfc <unknown>\nE       #13 0x563d41bdd418 <unknown>\nE       #14 0x563d41baa42f <unknown>\nE       #15 0x563d41c014e8 <unknown>\nE       #16 0x563d41c016b4 <unknown>\nE       #17 0x563d41c12143 <unknown>\nE       #18 0x7fb710894ac3 <unknown>\n\n../../../.cache/pypoetry/virtualenvs/uk-bin-collection-EwS6Gn8s-py3.10/lib/python3.10/site-packages/selenium/webdriver/support/wait.py:95: TimeoutException","steps":[{"name":"Given the council: GatesheadCouncil","time":{"start":1698988661184,"stop":1698988661185,"duration":1},"status":"passed","steps":[],"attachments":[],"parameters":[],"shouldDisplayMessage":false,"stepsCount":0,"attachmentsCount":0,"hasContent":false},{"name":"When we scrape the data from GatesheadCouncil","time":{"start":1698988661185,"stop":1698988675278,"duration":14093},"status":"failed","statusMessage":"Message: \nStacktrace:\n#0 0x563d41c12fb3 <unknown>\n#1 0x563d418e64a7 <unknown>\n#2 0x563d4192ddd6 <unknown>\n#3 0x563d4192dec1 <unknown>\n#4 0x563d4196b354 <unknown>\n#5 0x563d4194f96d <unknown>\n#6 0x563d41968c02 <unknown>\n#7 0x563d4194f713 <unknown>\n#8 0x563d4192218b <unknown>\n#9 0x563d41922f7e <unknown>\n#10 0x563d41bd88d8 <unknown>\n#11 0x563d41bdc800 <unknown>\n#12 0x563d41be6cfc <unknown>\n#13 0x563d41bdd418 <unknown>\n#14 0x563d41baa42f <unknown>\n#15 0x563d41c014e8 <unknown>\n#16 0x563d41c016b4 <unknown>\n#17 0x563d41c12143 <unknown>\n#18 0x7fb710894ac3 <unknown>\n","statusTrace":"selenium.common.exceptions.TimeoutException: Message: \nStacktrace:\n#0 0x563d41c12fb3 <unknown>\n#1 0x563d418e64a7 <unknown>\n#2 0x563d4192ddd6 <unknown>\n#3 0x563d4192dec1 <unknown>\n#4 0x563d4196b354 <unknown>\n#5 0x563d4194f96d <unknown>\n#6 0x563d41968c02 <unknown>\n#7 0x563d4194f713 <unknown>\n#8 0x563d4192218b <unknown>\n#9 0x563d41922f7e <unknown>\n#10 0x563d41bd88d8 <unknown>\n#11 0x563d41bdc800 <unknown>\n#12 0x563d41be6cfc <unknown>\n#13 0x563d41bdd418 <unknown>\n#14 0x563d41baa42f <unknown>\n#15 0x563d41c014e8 <unknown>\n#16 0x563d41c016b4 <unknown>\n#17 0x563d41c12143 <unknown>\n#18 0x7fb710894ac3 <unknown>\n\n","steps":[],"attachments":[],"parameters":[],"shouldDisplayMessage":true,"stepsCount":0,"attachmentsCount":0,"hasContent":true}],"attachments":[],"parameters":[],"shouldDisplayMessage":true,"stepsCount":2,"attachmentsCount":0,"hasContent":true},"afterStages":[],"labels":[{"name":"host","value":"fv-az579-646"},{"name":"thread","value":"2142-MainThread"},{"name":"framework","value":"pytest-bdd"},{"name":"language","value":"cpython3"},{"name":"feature","value":"Test each council output matches expected results"},{"name":"resultFormat","value":"allure2"}],"parameters":[{"name":"council","value":"GatesheadCouncil"}],"links":[],"hidden":false,"retry":false,"extra":{"severity":"normal","retries":[],"categories":[{"name":"Product defects","matchedStatuses":[],"flaky":false}],"history":{"statistic":{"failed":4,"broken":0,"skipped":0,"passed":23,"unknown":0,"total":27},"items":[{"uid":"c7573f0b5506b083","reportUrl":"https://robbrad.github.io/UKBinCollectionData/3.10/1094//#testresult/c7573f0b5506b083","status":"passed","time":{"start":1698974184431,"stop":1698974192650,"duration":8219}},{"uid":"de616b9e6a8cb551","reportUrl":"https://robbrad.github.io/UKBinCollectionData/3.10/1091//#testresult/de616b9e6a8cb551","status":"passed","time":{"start":1698887650030,"stop":1698887658485,"duration":8455}},{"uid":"a0ab2cc955d5f21e","reportUrl":"https://robbrad.github.io/UKBinCollectionData/3.10/1090//#testresult/a0ab2cc955d5f21e","status":"passed","time":{"start":1698878331745,"stop":1698878339548,"duration":7803}},{"uid":"e5ec04c502ef9f5a","reportUrl":"https://robbrad.github.io/UKBinCollectionData/3.10/1086//#testresult/e5ec04c502ef9f5a","status":"passed","time":{"start":1698867454008,"stop":1698867463774,"duration":9766}},{"uid":"5702d060a2dfe2ec","reportUrl":"https://robbrad.github.io/UKBinCollectionData/3.10/1087//#testresult/5702d060a2dfe2ec","status":"passed","time":{"start":1698867460477,"stop":1698867467478,"duration":7001}},{"uid":"517875ae1b09d728","reportUrl":"https://robbrad.github.io/UKBinCollectionData/3.10/1081//#testresult/517875ae1b09d728","status":"passed","time":{"start":1698801583475,"stop":1698801591158,"duration":7683}},{"uid":"3b84dcdcf5837562","reportUrl":"https://robbrad.github.io/UKBinCollectionData/3.10/1079//#testresult/3b84dcdcf5837562","status":"passed","time":{"start":1698788479909,"stop":1698788488566,"duration":8657}},{"uid":"bab837d7ab338793","reportUrl":"https://robbrad.github.io/UKBinCollectionData/3.10/1077//#testresult/bab837d7ab338793","status":"passed","time":{"start":1698714974958,"stop":1698714985140,"duration":10182}},{"uid":"d54d00873915b145","reportUrl":"https://robbrad.github.io/UKBinCollectionData/3.10/1075//#testresult/d54d00873915b145","status":"passed","time":{"start":1698701351504,"stop":1698701360302,"duration":8798}},{"uid":"e9e5ebe77d42408","reportUrl":"https://robbrad.github.io/UKBinCollectionData/3.10/1073//#testresult/e9e5ebe77d42408","status":"passed","time":{"start":1698700215004,"stop":1698700222572,"duration":7568}},{"uid":"584cb7b2ee27577f","reportUrl":"https://robbrad.github.io/UKBinCollectionData/3.10/1070//#testresult/584cb7b2ee27577f","status":"failed","statusDetails":"selenium.common.exceptions.TimeoutException: Message: timeout: Timed out receiving message from renderer: 300.000\n  (Session info: headless chrome=118.0.5993.117)\nStacktrace:\n#0 0x5609899affb3 <unknown>\n#1 0x5609896834a7 <unknown>\n#2 0x56098966b49e <unknown>\n#3 0x56098966b2ce <unknown>\n#4 0x560989669ecd <unknown>\n#5 0x56098966a4cf <unknown>\n#6 0x560989679a04 <unknown>\n#7 0x56098968e651 <unknown>\n#8 0x56098969304b <unknown>\n#9 0x56098966abf1 <unknown>\n#10 0x56098968e446 <unknown>\n#11 0x560989705dfc <unknown>\n#12 0x5609896ec713 <unknown>\n#13 0x5609896bf18b <unknown>\n#14 0x5609896bff7e <unknown>\n#15 0x5609899758d8 <unknown>\n#16 0x560989979800 <unknown>\n#17 0x560989983cfc <unknown>\n#18 0x56098997a418 <unknown>\n#19 0x56098994742f <unknown>\n#20 0x56098999e4e8 <unknown>\n#21 0x56098999e6b4 <unknown>\n#22 0x5609899af143 <unknown>\n#23 0x7f6748e94ac3 <unknown>","time":{"start":1698692756617,"stop":1698693060902,"duration":304285}},{"uid":"f14d59ab60748dfd","reportUrl":"https://robbrad.github.io/UKBinCollectionData/3.10/1069//#testresult/f14d59ab60748dfd","status":"passed","time":{"start":1698692723448,"stop":1698692730979,"duration":7531}},{"uid":"b107966b3d44337c","reportUrl":"https://robbrad.github.io/UKBinCollectionData/3.10/1066//#testresult/b107966b3d44337c","status":"failed","statusDetails":"selenium.common.exceptions.TimeoutException: Message: \nStacktrace:\n#0 0x55a12d4eefb3 <unknown>\n#1 0x55a12d1c24a7 <unknown>\n#2 0x55a12d209dd6 <unknown>\n#3 0x55a12d209ec1 <unknown>\n#4 0x55a12d247354 <unknown>\n#5 0x55a12d22b96d <unknown>\n#6 0x55a12d244c02 <unknown>\n#7 0x55a12d22b713 <unknown>\n#8 0x55a12d1fe18b <unknown>\n#9 0x55a12d1fef7e <unknown>\n#10 0x55a12d4b48d8 <unknown>\n#11 0x55a12d4b8800 <unknown>\n#12 0x55a12d4c2cfc <unknown>\n#13 0x55a12d4b9418 <unknown>\n#14 0x55a12d48642f <unknown>\n#15 0x55a12d4dd4e8 <unknown>\n#16 0x55a12d4dd6b4 <unknown>\n#17 0x55a12d4ee143 <unknown>\n#18 0x7f4760494ac3 <unknown>","time":{"start":1698646313421,"stop":1698646328817,"duration":15396}},{"uid":"529b28f61f08b312","reportUrl":"https://robbrad.github.io/UKBinCollectionData/3.10/1064//#testresult/529b28f61f08b312","status":"passed","time":{"start":1698628537138,"stop":1698628546623,"duration":9485}},{"uid":"9e987d6b6c3e9f7c","reportUrl":"https://robbrad.github.io/UKBinCollectionData/3.10/1062//#testresult/9e987d6b6c3e9f7c","status":"passed","time":{"start":1698615195844,"stop":1698615205519,"duration":9675}},{"uid":"1026b03c72a404f7","reportUrl":"https://robbrad.github.io/UKBinCollectionData/3.10/1061//#testresult/1026b03c72a404f7","status":"passed","time":{"start":1698615090043,"stop":1698615097928,"duration":7885}},{"uid":"97904f871f1a1fac","reportUrl":"https://robbrad.github.io/UKBinCollectionData/3.10/1054//#testresult/97904f871f1a1fac","status":"passed","time":{"start":1698542352330,"stop":1698542361010,"duration":8680}},{"uid":"a65a42445bbec2dd","reportUrl":"https://robbrad.github.io/UKBinCollectionData/3.10/1053//#testresult/a65a42445bbec2dd","status":"passed","time":{"start":1698455542992,"stop":1698455550066,"duration":7074}},{"uid":"91ec55df5370342","reportUrl":"https://robbrad.github.io/UKBinCollectionData/3.10/1051//#testresult/91ec55df5370342","status":"passed","time":{"start":1698369216108,"stop":1698369224058,"duration":7950}},{"uid":"cad55d6b1a0a6d70","reportUrl":"https://robbrad.github.io/UKBinCollectionData/3.10/1050//#testresult/cad55d6b1a0a6d70","status":"passed","time":{"start":1698282827655,"stop":1698282837283,"duration":9628}}]},"tags":[]},"source":"2ff00023bde67f2f.json","parameterValues":["GatesheadCouncil"]}