{"uid":"b2fc2ee9654d1a6f","name":"Validate Council Output [EastSuffolkCouncil-http://selenium:4444-local]","fullName":"features/validate_council_outputs.feature:Validate Council Output","historyId":"0d1d651eff84630c7995a9924409d0e0","time":{"start":1703756218990,"stop":1703756239645,"duration":20655},"status":"failed","statusMessage":"selenium.common.exceptions.TimeoutException: Message: \nStacktrace:\n#0 0x562316766f83 <unknown>\n#1 0x56231641fcf7 <unknown>\n#2 0x56231646f99e <unknown>\n#3 0x56231646faa1 <unknown>\n#4 0x5623164bad64 <unknown>\n#5 0x5623164990dd <unknown>\n#6 0x5623164b8006 <unknown>\n#7 0x562316498e53 <unknown>\n#8 0x562316460dd4 <unknown>\n#9 0x5623164621de <unknown>\n#10 0x56231672b531 <unknown>\n#11 0x56231672f455 <unknown>\n#12 0x562316717f55 <unknown>\n#13 0x5623167300ef <unknown>\n#14 0x5623166fb99f <unknown>\n#15 0x562316754008 <unknown>\n#16 0x5623167541d7 <unknown>\n#17 0x562316766124 <unknown>\n#18 0x7f7799a94ac3 <unknown>","statusTrace":"fixturefunc = <function scrape_step at 0x7fbf97f2f400>\nrequest = <FixtureRequest for <Function test_scenario_outline[EastSuffolkCouncil-http://selenium:4444-local]>>\nkwargs = {'context': <test_validate_council.context.<locals>.Context object at 0x7fbf89bce9b0>, 'council': 'EastSuffolkCouncil', 'selenium_mode': 'local', 'selenium_url': 'http://selenium:4444'}\n\n    def call_fixture_func(\n        fixturefunc: \"_FixtureFunc[FixtureValue]\", request: FixtureRequest, kwargs\n    ) -> FixtureValue:\n        if is_generator(fixturefunc):\n            fixturefunc = cast(\n                Callable[..., Generator[FixtureValue, None, None]], fixturefunc\n            )\n            generator = fixturefunc(**kwargs)\n            try:\n                fixture_result = next(generator)\n            except StopIteration:\n                raise ValueError(f\"{request.fixturename} did not yield a value\") from None\n            finalizer = functools.partial(_teardown_yield_fixture, fixturefunc, generator)\n            request.addfinalizer(finalizer)\n        else:\n            fixturefunc = cast(Callable[..., FixtureValue], fixturefunc)\n>           fixture_result = fixturefunc(**kwargs)\n\n../../../.cache/pypoetry/virtualenvs/uk-bin-collection-EwS6Gn8s-py3.10/lib/python3.10/site-packages/_pytest/fixtures.py:902: \n_ _ _ _ _ _ _ _ _ _ _ _ _ _ _ _ _ _ _ _ _ _ _ _ _ _ _ _ _ _ _ _ _ _ _ _ _ _ _ _ \nuk_bin_collection/tests/step_defs/test_validate_council.py:75: in scrape_step\n    raise (err)\nuk_bin_collection/tests/step_defs/test_validate_council.py:71: in scrape_step\n    context.parse_result = CollectData.run()\nuk_bin_collection/uk_bin_collection/collect_data.py:82: in run\n    return self.client_code(\nuk_bin_collection/uk_bin_collection/collect_data.py:69: in client_code\n    return get_bin_data_class.template_method(address_url, **kwargs)\nuk_bin_collection/uk_bin_collection/get_bin_data.py:69: in template_method\n    bin_data_dict = self.parse_data(\nuk_bin_collection/uk_bin_collection/councils/EastSuffolkCouncil.py:67: in parse_data\n    data_table = WebDriverWait(driver, 10).until(\n_ _ _ _ _ _ _ _ _ _ _ _ _ _ _ _ _ _ _ _ _ _ _ _ _ _ _ _ _ _ _ _ _ _ _ _ _ _ _ _ \n\nself = <selenium.webdriver.support.wait.WebDriverWait (session=\"eb26f9509562a61d4292707925c5229d\")>\nmethod = <function presence_of_element_located.<locals>._predicate at 0x7fbf88e741f0>\nmessage = ''\n\n    def until(self, method, message: str = \"\"):\n        \"\"\"Calls the method provided with the driver as an argument until the \\\n        return value does not evaluate to ``False``.\n    \n        :param method: callable(WebDriver)\n        :param message: optional message for :exc:`TimeoutException`\n        :returns: the result of the last call to `method`\n        :raises: :exc:`selenium.common.exceptions.TimeoutException` if timeout occurs\n        \"\"\"\n        screen = None\n        stacktrace = None\n    \n        end_time = time.monotonic() + self._timeout\n        while True:\n            try:\n                value = method(self._driver)\n                if value:\n                    return value\n            except self._ignored_exceptions as exc:\n                screen = getattr(exc, \"screen\", None)\n                stacktrace = getattr(exc, \"stacktrace\", None)\n            time.sleep(self._poll)\n            if time.monotonic() > end_time:\n                break\n>       raise TimeoutException(message, screen, stacktrace)\nE       selenium.common.exceptions.TimeoutException: Message: \nE       Stacktrace:\nE       #0 0x562316766f83 <unknown>\nE       #1 0x56231641fcf7 <unknown>\nE       #2 0x56231646f99e <unknown>\nE       #3 0x56231646faa1 <unknown>\nE       #4 0x5623164bad64 <unknown>\nE       #5 0x5623164990dd <unknown>\nE       #6 0x5623164b8006 <unknown>\nE       #7 0x562316498e53 <unknown>\nE       #8 0x562316460dd4 <unknown>\nE       #9 0x5623164621de <unknown>\nE       #10 0x56231672b531 <unknown>\nE       #11 0x56231672f455 <unknown>\nE       #12 0x562316717f55 <unknown>\nE       #13 0x5623167300ef <unknown>\nE       #14 0x5623166fb99f <unknown>\nE       #15 0x562316754008 <unknown>\nE       #16 0x5623167541d7 <unknown>\nE       #17 0x562316766124 <unknown>\nE       #18 0x7f7799a94ac3 <unknown>\n\n../../../.cache/pypoetry/virtualenvs/uk-bin-collection-EwS6Gn8s-py3.10/lib/python3.10/site-packages/selenium/webdriver/support/wait.py:95: TimeoutException","flaky":false,"newFailed":true,"newBroken":false,"newPassed":false,"retriesCount":0,"retriesStatusChange":false,"beforeStages":[],"testStage":{"status":"failed","statusMessage":"selenium.common.exceptions.TimeoutException: Message: \nStacktrace:\n#0 0x562316766f83 <unknown>\n#1 0x56231641fcf7 <unknown>\n#2 0x56231646f99e <unknown>\n#3 0x56231646faa1 <unknown>\n#4 0x5623164bad64 <unknown>\n#5 0x5623164990dd <unknown>\n#6 0x5623164b8006 <unknown>\n#7 0x562316498e53 <unknown>\n#8 0x562316460dd4 <unknown>\n#9 0x5623164621de <unknown>\n#10 0x56231672b531 <unknown>\n#11 0x56231672f455 <unknown>\n#12 0x562316717f55 <unknown>\n#13 0x5623167300ef <unknown>\n#14 0x5623166fb99f <unknown>\n#15 0x562316754008 <unknown>\n#16 0x5623167541d7 <unknown>\n#17 0x562316766124 <unknown>\n#18 0x7f7799a94ac3 <unknown>","statusTrace":"fixturefunc = <function scrape_step at 0x7fbf97f2f400>\nrequest = <FixtureRequest for <Function test_scenario_outline[EastSuffolkCouncil-http://selenium:4444-local]>>\nkwargs = {'context': <test_validate_council.context.<locals>.Context object at 0x7fbf89bce9b0>, 'council': 'EastSuffolkCouncil', 'selenium_mode': 'local', 'selenium_url': 'http://selenium:4444'}\n\n    def call_fixture_func(\n        fixturefunc: \"_FixtureFunc[FixtureValue]\", request: FixtureRequest, kwargs\n    ) -> FixtureValue:\n        if is_generator(fixturefunc):\n            fixturefunc = cast(\n                Callable[..., Generator[FixtureValue, None, None]], fixturefunc\n            )\n            generator = fixturefunc(**kwargs)\n            try:\n                fixture_result = next(generator)\n            except StopIteration:\n                raise ValueError(f\"{request.fixturename} did not yield a value\") from None\n            finalizer = functools.partial(_teardown_yield_fixture, fixturefunc, generator)\n            request.addfinalizer(finalizer)\n        else:\n            fixturefunc = cast(Callable[..., FixtureValue], fixturefunc)\n>           fixture_result = fixturefunc(**kwargs)\n\n../../../.cache/pypoetry/virtualenvs/uk-bin-collection-EwS6Gn8s-py3.10/lib/python3.10/site-packages/_pytest/fixtures.py:902: \n_ _ _ _ _ _ _ _ _ _ _ _ _ _ _ _ _ _ _ _ _ _ _ _ _ _ _ _ _ _ _ _ _ _ _ _ _ _ _ _ \nuk_bin_collection/tests/step_defs/test_validate_council.py:75: in scrape_step\n    raise (err)\nuk_bin_collection/tests/step_defs/test_validate_council.py:71: in scrape_step\n    context.parse_result = CollectData.run()\nuk_bin_collection/uk_bin_collection/collect_data.py:82: in run\n    return self.client_code(\nuk_bin_collection/uk_bin_collection/collect_data.py:69: in client_code\n    return get_bin_data_class.template_method(address_url, **kwargs)\nuk_bin_collection/uk_bin_collection/get_bin_data.py:69: in template_method\n    bin_data_dict = self.parse_data(\nuk_bin_collection/uk_bin_collection/councils/EastSuffolkCouncil.py:67: in parse_data\n    data_table = WebDriverWait(driver, 10).until(\n_ _ _ _ _ _ _ _ _ _ _ _ _ _ _ _ _ _ _ _ _ _ _ _ _ _ _ _ _ _ _ _ _ _ _ _ _ _ _ _ \n\nself = <selenium.webdriver.support.wait.WebDriverWait (session=\"eb26f9509562a61d4292707925c5229d\")>\nmethod = <function presence_of_element_located.<locals>._predicate at 0x7fbf88e741f0>\nmessage = ''\n\n    def until(self, method, message: str = \"\"):\n        \"\"\"Calls the method provided with the driver as an argument until the \\\n        return value does not evaluate to ``False``.\n    \n        :param method: callable(WebDriver)\n        :param message: optional message for :exc:`TimeoutException`\n        :returns: the result of the last call to `method`\n        :raises: :exc:`selenium.common.exceptions.TimeoutException` if timeout occurs\n        \"\"\"\n        screen = None\n        stacktrace = None\n    \n        end_time = time.monotonic() + self._timeout\n        while True:\n            try:\n                value = method(self._driver)\n                if value:\n                    return value\n            except self._ignored_exceptions as exc:\n                screen = getattr(exc, \"screen\", None)\n                stacktrace = getattr(exc, \"stacktrace\", None)\n            time.sleep(self._poll)\n            if time.monotonic() > end_time:\n                break\n>       raise TimeoutException(message, screen, stacktrace)\nE       selenium.common.exceptions.TimeoutException: Message: \nE       Stacktrace:\nE       #0 0x562316766f83 <unknown>\nE       #1 0x56231641fcf7 <unknown>\nE       #2 0x56231646f99e <unknown>\nE       #3 0x56231646faa1 <unknown>\nE       #4 0x5623164bad64 <unknown>\nE       #5 0x5623164990dd <unknown>\nE       #6 0x5623164b8006 <unknown>\nE       #7 0x562316498e53 <unknown>\nE       #8 0x562316460dd4 <unknown>\nE       #9 0x5623164621de <unknown>\nE       #10 0x56231672b531 <unknown>\nE       #11 0x56231672f455 <unknown>\nE       #12 0x562316717f55 <unknown>\nE       #13 0x5623167300ef <unknown>\nE       #14 0x5623166fb99f <unknown>\nE       #15 0x562316754008 <unknown>\nE       #16 0x5623167541d7 <unknown>\nE       #17 0x562316766124 <unknown>\nE       #18 0x7f7799a94ac3 <unknown>\n\n../../../.cache/pypoetry/virtualenvs/uk-bin-collection-EwS6Gn8s-py3.10/lib/python3.10/site-packages/selenium/webdriver/support/wait.py:95: TimeoutException","steps":[{"name":"Given the council: EastSuffolkCouncil","time":{"start":1703756218990,"stop":1703756218991,"duration":1},"status":"passed","steps":[],"attachments":[],"parameters":[],"shouldDisplayMessage":false,"stepsCount":0,"attachmentsCount":0,"hasContent":false,"attachmentStep":false},{"name":"When we scrape the data from EastSuffolkCouncil using local and the http://selenium:4444 is set","time":{"start":1703756218991,"stop":1703756239645,"duration":20654},"status":"failed","statusMessage":"Message: \nStacktrace:\n#0 0x562316766f83 <unknown>\n#1 0x56231641fcf7 <unknown>\n#2 0x56231646f99e <unknown>\n#3 0x56231646faa1 <unknown>\n#4 0x5623164bad64 <unknown>\n#5 0x5623164990dd <unknown>\n#6 0x5623164b8006 <unknown>\n#7 0x562316498e53 <unknown>\n#8 0x562316460dd4 <unknown>\n#9 0x5623164621de <unknown>\n#10 0x56231672b531 <unknown>\n#11 0x56231672f455 <unknown>\n#12 0x562316717f55 <unknown>\n#13 0x5623167300ef <unknown>\n#14 0x5623166fb99f <unknown>\n#15 0x562316754008 <unknown>\n#16 0x5623167541d7 <unknown>\n#17 0x562316766124 <unknown>\n#18 0x7f7799a94ac3 <unknown>\n","statusTrace":"selenium.common.exceptions.TimeoutException: Message: \nStacktrace:\n#0 0x562316766f83 <unknown>\n#1 0x56231641fcf7 <unknown>\n#2 0x56231646f99e <unknown>\n#3 0x56231646faa1 <unknown>\n#4 0x5623164bad64 <unknown>\n#5 0x5623164990dd <unknown>\n#6 0x5623164b8006 <unknown>\n#7 0x562316498e53 <unknown>\n#8 0x562316460dd4 <unknown>\n#9 0x5623164621de <unknown>\n#10 0x56231672b531 <unknown>\n#11 0x56231672f455 <unknown>\n#12 0x562316717f55 <unknown>\n#13 0x5623167300ef <unknown>\n#14 0x5623166fb99f <unknown>\n#15 0x562316754008 <unknown>\n#16 0x5623167541d7 <unknown>\n#17 0x562316766124 <unknown>\n#18 0x7f7799a94ac3 <unknown>\n\n","steps":[],"attachments":[],"parameters":[],"shouldDisplayMessage":true,"stepsCount":0,"attachmentsCount":0,"hasContent":true,"attachmentStep":false}],"attachments":[],"parameters":[],"shouldDisplayMessage":true,"stepsCount":2,"attachmentsCount":0,"hasContent":true,"attachmentStep":false},"afterStages":[],"labels":[{"name":"host","value":"fv-az1200-423"},{"name":"thread","value":"2791-MainThread"},{"name":"framework","value":"pytest-bdd"},{"name":"language","value":"cpython3"},{"name":"feature","value":"Test each council output matches expected results"},{"name":"resultFormat","value":"allure2"}],"parameters":[{"name":"council","value":"EastSuffolkCouncil"},{"name":"selenium_mode","value":"local"},{"name":"selenium_url","value":"http://selenium:4444"}],"links":[],"hidden":false,"retry":false,"extra":{"severity":"normal","retries":[],"categories":[{"name":"Product defects","matchedStatuses":[],"flaky":false}],"history":{"statistic":{"failed":8,"broken":0,"skipped":0,"passed":86,"unknown":0,"total":94},"items":[{"uid":"1d317e9edf36cf4","reportUrl":"https://robbrad.github.io/UKBinCollectionData/3.10/1305//#testresult/1d317e9edf36cf4","status":"passed","time":{"start":1703726206519,"stop":1703726225145,"duration":18626}},{"uid":"1e57d81efee870ab","reportUrl":"https://robbrad.github.io/UKBinCollectionData/3.10/1304//#testresult/1e57d81efee870ab","status":"passed","time":{"start":1703717396708,"stop":1703717409978,"duration":13270}},{"uid":"d2943ad29c6f6732","reportUrl":"https://robbrad.github.io/UKBinCollectionData/3.10/1303//#testresult/d2943ad29c6f6732","status":"passed","time":{"start":1703717342215,"stop":1703717360649,"duration":18434}},{"uid":"d40a6fa5b4deb475","reportUrl":"https://robbrad.github.io/UKBinCollectionData/3.10/1301//#testresult/d40a6fa5b4deb475","status":"passed","time":{"start":1703639801653,"stop":1703639815771,"duration":14118}},{"uid":"76577a7f0d0ceac7","reportUrl":"https://robbrad.github.io/UKBinCollectionData/3.10/1300//#testresult/76577a7f0d0ceac7","status":"passed","time":{"start":1703553392229,"stop":1703553404585,"duration":12356}},{"uid":"6422802195b75e01","reportUrl":"https://robbrad.github.io/UKBinCollectionData/3.10/1298//#testresult/6422802195b75e01","status":"passed","time":{"start":1703541185442,"stop":1703541199519,"duration":14077}},{"uid":"36c176718a743bb7","reportUrl":"https://robbrad.github.io/UKBinCollectionData/3.10/1295//#testresult/36c176718a743bb7","status":"passed","time":{"start":1703467181146,"stop":1703467198157,"duration":17011}},{"uid":"4883ca313c1c317d","reportUrl":"https://robbrad.github.io/UKBinCollectionData/3.10/1292//#testresult/4883ca313c1c317d","status":"passed","time":{"start":1703416464777,"stop":1703416483054,"duration":18277}},{"uid":"14ae8476c82baad6","reportUrl":"https://robbrad.github.io/UKBinCollectionData/3.10/1291//#testresult/14ae8476c82baad6","status":"passed","time":{"start":1703416420428,"stop":1703416442039,"duration":21611}},{"uid":"c605ebcb249e3f22","reportUrl":"https://robbrad.github.io/UKBinCollectionData/3.10/1289//#testresult/c605ebcb249e3f22","status":"passed","time":{"start":1703381179736,"stop":1703381197052,"duration":17316}},{"uid":"ad701731d83d594d","reportUrl":"https://robbrad.github.io/UKBinCollectionData/3.10/1287//#testresult/ad701731d83d594d","status":"passed","time":{"start":1703294144097,"stop":1703294161755,"duration":17658}},{"uid":"4e2995e192ba1ac7","reportUrl":"https://robbrad.github.io/UKBinCollectionData/3.10/1282//#testresult/4e2995e192ba1ac7","status":"passed","time":{"start":1703207931874,"stop":1703207948212,"duration":16338}},{"uid":"cabad4db77d77bd5","reportUrl":"https://robbrad.github.io/UKBinCollectionData/3.10/1281//#testresult/cabad4db77d77bd5","status":"passed","time":{"start":1703121505571,"stop":1703121527935,"duration":22364}},{"uid":"63cf03e000eb12d3","reportUrl":"https://robbrad.github.io/UKBinCollectionData/3.10/1280//#testresult/63cf03e000eb12d3","status":"passed","time":{"start":1703034348897,"stop":1703034369850,"duration":20953}},{"uid":"7edd22b3b5e8d650","reportUrl":"https://robbrad.github.io/UKBinCollectionData/3.10/1279//#testresult/7edd22b3b5e8d650","status":"passed","time":{"start":1703024972353,"stop":1703024984821,"duration":12468}},{"uid":"3c247dca25ecbf77","reportUrl":"https://robbrad.github.io/UKBinCollectionData/3.10/1276//#testresult/3c247dca25ecbf77","status":"passed","time":{"start":1702948761531,"stop":1702948778571,"duration":17040}},{"uid":"b04fc06c244bd407","reportUrl":"https://robbrad.github.io/UKBinCollectionData/3.10/1275//#testresult/b04fc06c244bd407","status":"passed","time":{"start":1702862424580,"stop":1702862442466,"duration":17886}},{"uid":"5de17ba9862245cf","reportUrl":"https://robbrad.github.io/UKBinCollectionData/3.10/1274//#testresult/5de17ba9862245cf","status":"passed","time":{"start":1702860068946,"stop":1702860084575,"duration":15629}},{"uid":"8fb6c4bd72f4d95a","reportUrl":"https://robbrad.github.io/UKBinCollectionData/3.10/1272//#testresult/8fb6c4bd72f4d95a","status":"passed","time":{"start":1702843615118,"stop":1702843630963,"duration":15845}},{"uid":"a0cabf5125720266","reportUrl":"https://robbrad.github.io/UKBinCollectionData/3.10/1270//#testresult/a0cabf5125720266","status":"passed","time":{"start":1702809446858,"stop":1702809469035,"duration":22177}}]},"tags":[]},"source":"b2fc2ee9654d1a6f.json","parameterValues":["EastSuffolkCouncil","local","http://selenium:4444"]}