{"uid":"c0c3d4ecaaeb8ebe","name":"Validate Council Output [SouthKestevenDistrictCouncil]","fullName":"features/validate_council_outputs.feature:Validate Council Output","historyId":"2a7001e5e46e0082211a729ea73e7cc2","time":{"start":1725313682995,"stop":1725314006390,"duration":323395},"status":"failed","statusMessage":"selenium.common.exceptions.WebDriverException: Message: Unable to route (DELETE) /session/243aa91b17d672c0c16a3484e6794858","statusTrace":"self = <SouthKestevenDistrictCouncil.CouncilClass object at 0x7fec41f71610>\npage = 'https://pre.southkesteven.gov.uk/BinSearch.aspx'\nkwargs = {'council_module_str': 'SouthKestevenDistrictCouncil', 'dev_mode': False, 'headless': True, 'local_browser': False, ...}\ndriver = <selenium.webdriver.remote.webdriver.WebDriver (session=\"243aa91b17d672c0c16a3484e6794858\")>\nuser_postcode = 'PE68BL', user_uprn = None, web_driver = 'http://localhost:4444'\nheadless = True, house_number = '2 Althorpe Close, Market Deeping, PE6 8BL'\n\n    def parse_data(self, page: str, **kwargs) -> dict:\n        driver = None\n        try:\n            # Make a BS4 object\n    \n            page = \"https://pre.southkesteven.gov.uk/BinSearch.aspx\"\n    \n            user_postcode = kwargs.get(\"postcode\")\n            user_uprn = kwargs.get(\"uprn\")\n            web_driver = kwargs.get(\"web_driver\")\n            headless = kwargs.get(\"headless\")\n            house_number = kwargs.get(\"paon\")\n    \n            driver = create_webdriver(web_driver, headless, None, __name__)\n>           driver.get(page)\n\nuk_bin_collection/uk_bin_collection/councils/SouthKestevenDistrictCouncil.py:75: \n_ _ _ _ _ _ _ _ _ _ _ _ _ _ _ _ _ _ _ _ _ _ _ _ _ _ _ _ _ _ _ _ _ _ _ _ _ _ _ _ \n../../../.cache/pypoetry/virtualenvs/uk-bin-collection-EwS6Gn8s-py3.12/lib/python3.12/site-packages/selenium/webdriver/remote/webdriver.py:363: in get\n    self.execute(Command.GET, {\"url\": url})\n../../../.cache/pypoetry/virtualenvs/uk-bin-collection-EwS6Gn8s-py3.12/lib/python3.12/site-packages/selenium/webdriver/remote/webdriver.py:354: in execute\n    self.error_handler.check_response(response)\n_ _ _ _ _ _ _ _ _ _ _ _ _ _ _ _ _ _ _ _ _ _ _ _ _ _ _ _ _ _ _ _ _ _ _ _ _ _ _ _ \n\nself = <selenium.webdriver.remote.errorhandler.ErrorHandler object at 0x7fec418a3cb0>\nresponse = {'status': 500, 'value': '{\\n  \"value\": {\\n    \"stacktrace\": \"java.lang.RuntimeException: Unable to execute request fo...'amd64\\', os.version: \\'6.5.0-1025-azure\\', java.version: \\'17.0.12\\'\\\\nDriver info: driver.version: unknown\"\\n  }\\n}'}\n\n    def check_response(self, response: Dict[str, Any]) -> None:\n        \"\"\"Checks that a JSON response from the WebDriver does not have an\n        error.\n    \n        :Args:\n         - response - The JSON response from the WebDriver server as a dictionary\n           object.\n    \n        :Raises: If the response contains an error message.\n        \"\"\"\n        status = response.get(\"status\", None)\n        if not status or status == ErrorCode.SUCCESS:\n            return\n        value = None\n        message = response.get(\"message\", \"\")\n        screen: str = response.get(\"screen\", \"\")\n        stacktrace = None\n        if isinstance(status, int):\n            value_json = response.get(\"value\", None)\n            if value_json and isinstance(value_json, str):\n                import json\n    \n                try:\n                    value = json.loads(value_json)\n                    if len(value) == 1:\n                        value = value[\"value\"]\n                    status = value.get(\"error\", None)\n                    if not status:\n                        status = value.get(\"status\", ErrorCode.UNKNOWN_ERROR)\n                        message = value.get(\"value\") or value.get(\"message\")\n                        if not isinstance(message, str):\n                            value = message\n                            message = message.get(\"message\")\n                    else:\n                        message = value.get(\"message\", None)\n                except ValueError:\n                    pass\n    \n        exception_class: Type[WebDriverException]\n        e = ErrorCode()\n        error_codes = [item for item in dir(e) if not item.startswith(\"__\")]\n        for error_code in error_codes:\n            error_info = getattr(ErrorCode, error_code)\n            if isinstance(error_info, list) and status in error_info:\n                exception_class = getattr(ExceptionMapping, error_code, WebDriverException)\n                break\n        else:\n            exception_class = WebDriverException\n    \n        if not value:\n            value = response[\"value\"]\n        if isinstance(value, str):\n            raise exception_class(value)\n        if message == \"\" and \"message\" in value:\n            message = value[\"message\"]\n    \n        screen = None  # type: ignore[assignment]\n        if \"screen\" in value:\n            screen = value[\"screen\"]\n    \n        stacktrace = None\n        st_value = value.get(\"stackTrace\") or value.get(\"stacktrace\")\n        if st_value:\n            if isinstance(st_value, str):\n                stacktrace = st_value.split(\"\\n\")\n            else:\n                stacktrace = []\n                try:\n                    for frame in st_value:\n                        line = frame.get(\"lineNumber\", \"\")\n                        file = frame.get(\"fileName\", \"<anonymous>\")\n                        if line:\n                            file = f\"{file}:{line}\"\n                        meth = frame.get(\"methodName\", \"<anonymous>\")\n                        if \"className\" in frame:\n                            meth = f\"{frame['className']}.{meth}\"\n                        msg = \"    at %s (%s)\"\n                        msg = msg % (meth, file)\n                        stacktrace.append(msg)\n                except TypeError:\n                    pass\n        if exception_class == UnexpectedAlertPresentException:\n            alert_text = None\n            if \"data\" in value:\n                alert_text = value[\"data\"].get(\"text\")\n            elif \"alert\" in value:\n                alert_text = value[\"alert\"].get(\"text\")\n            raise exception_class(message, screen, stacktrace, alert_text)  # type: ignore[call-arg]  # mypy is not smart enough here\n>       raise exception_class(message, screen, stacktrace)\nE       selenium.common.exceptions.WebDriverException: Message: Unable to execute request for an existing session: java.util.concurrent.TimeoutException\nE       Build info: version: '4.24.0', revision: '748ffc9bc3'\nE       System info: os.name: 'Linux', os.arch: 'amd64', os.version: '6.5.0-1025-azure', java.version: '17.0.12'\nE       Driver info: driver.version: unknown\nE       Stacktrace:\nE       java.lang.RuntimeException: Unable to execute request for an existing session: java.util.concurrent.TimeoutException\nE       Build info: version: '4.24.0', revision: '748ffc9bc3'\nE       System info: os.name: 'Linux', os.arch: 'amd64', os.version: '6.5.0-1025-azure', java.version: '17.0.12'\nE       Driver info: driver.version: unknown\nE       \tat org.openqa.selenium.grid.router.HandleSession.execute(HandleSession.java:208)\nE       \tat org.openqa.selenium.remote.http.Route$PredicatedRoute.handle(Route.java:397)\nE       \tat org.openqa.selenium.remote.http.Route.execute(Route.java:69)\nE       \tat org.openqa.selenium.remote.http.Route$CombinedRoute.handle(Route.java:360)\nE       \tat org.openqa.selenium.remote.http.Route.execute(Route.java:69)\nE       \tat org.openqa.selenium.grid.router.Router.execute(Router.java:87)\nE       \tat org.openqa.selenium.grid.web.EnsureSpecCompliantResponseHeaders.lambda$apply$0(EnsureSpecCompliantResponseHeaders.java:34)\nE       \tat org.openqa.selenium.remote.http.Filter$1.execute(Filter.java:63)\nE       \tat org.openqa.selenium.remote.http.Route$CombinedRoute.handle(Route.java:360)\nE       \tat org.openqa.selenium.remote.http.Route.execute(Route.java:69)\nE       \tat org.openqa.selenium.remote.AddWebDriverSpecHeaders.lambda$apply$0(AddWebDriverSpecHeaders.java:35)\nE       \tat org.openqa.selenium.remote.ErrorFilter.lambda$apply$0(ErrorFilter.java:44)\nE       \tat org.openqa.selenium.remote.http.Filter$1.execute(Filter.java:63)\nE       \tat org.openqa.selenium.remote.ErrorFilter.lambda$apply$0(ErrorFilter.java:44)\nE       \tat org.openqa.selenium.remote.http.Filter$1.execute(Filter.java:63)\nE       \tat org.openqa.selenium.netty.server.SeleniumHandler.lambda$channelRead0$0(SeleniumHandler.java:44)\nE       \tat java.base/java.util.concurrent.Executors$RunnableAdapter.call(Executors.java:539)\nE       \tat java.base/java.util.concurrent.FutureTask.run(FutureTask.java:264)\nE       \tat java.base/java.util.concurrent.ThreadPoolExecutor.runWorker(ThreadPoolExecutor.java:1136)\nE       \tat java.base/java.util.concurrent.ThreadPoolExecutor$Worker.run(ThreadPoolExecutor.java:635)\nE       \tat java.base/java.lang.Thread.run(Thread.java:840)\nE       Caused by: java.util.concurrent.TimeoutException\nE       \tat java.base/java.util.concurrent.CompletableFuture.timedGet(CompletableFuture.java:1960)\nE       \tat java.base/java.util.concurrent.CompletableFuture.get(CompletableFuture.java:2095)\nE       \tat org.openqa.selenium.remote.http.jdk.JdkHttpClient.execute0(JdkHttpClient.java:401)\nE       \tat org.openqa.selenium.remote.http.AddSeleniumUserAgent.lambda$apply$0(AddSeleniumUserAgent.java:42)\nE       \tat org.openqa.selenium.remote.http.Filter.lambda$andFinally$1(Filter.java:55)\nE       \tat org.openqa.selenium.remote.http.jdk.JdkHttpClient.execute(JdkHttpClient.java:374)\nE       \tat org.openqa.selenium.remote.tracing.TracedHttpClient.execute(TracedHttpClient.java:54)\nE       \tat org.openqa.selenium.grid.web.ReverseProxyHandler.execute(ReverseProxyHandler.java:90)\nE       \tat org.openqa.selenium.grid.node.DefaultActiveSession.execute(DefaultActiveSession.java:62)\nE       \tat org.openqa.selenium.grid.node.local.SessionSlot.execute(SessionSlot.java:126)\nE       \tat org.openqa.selenium.grid.node.local.LocalNode.executeWebDriverCommand(LocalNode.java:633)\nE       \tat org.openqa.selenium.grid.node.ForwardWebDriverCommand.execute(ForwardWebDriverCommand.java:35)\nE       \tat org.openqa.selenium.remote.http.Route$PredicatedRoute.handle(Route.java:397)\nE       \tat org.openqa.selenium.remote.http.Route.execute(Route.java:69)\nE       \tat org.openqa.selenium.remote.tracing.SpanWrappedHttpHandler.execute(SpanWrappedHttpHandler.java:87)\nE       \tat org.openqa.selenium.remote.http.Filter$1.execute(Filter.java:63)\nE       \tat org.openqa.selenium.remote.http.Route$CombinedRoute.handle(Route.java:360)\nE       \tat org.openqa.selenium.remote.http.Route.execute(Route.java:69)\nE       \tat org.openqa.selenium.grid.node.Node.execute(Node.java:270)\nE       \tat org.openqa.selenium.grid.web.CombinedHandler.execute(CombinedHandler.java:55)\nE       \tat org.openqa.selenium.grid.web.RoutableHttpClientFactory$1.execute(RoutableHttpClientFactory.java:71)\nE       \tat org.openqa.selenium.grid.web.ReverseProxyHandler.execute(ReverseProxyHandler.java:90)\nE       \tat org.openqa.selenium.grid.router.HandleSession.execute(HandleSession.java:181)\nE       \t... 20 more\n\n../../../.cache/pypoetry/virtualenvs/uk-bin-collection-EwS6Gn8s-py3.12/lib/python3.12/site-packages/selenium/webdriver/remote/errorhandler.py:229: WebDriverException\n\nDuring handling of the above exception, another exception occurred:\n\nfixturefunc = <function scrape_step at 0x7fec42a077e0>\nrequest = <FixtureRequest for <Function test_scenario_outline[SouthKestevenDistrictCouncil]>>\nkwargs = {'context': <test_validate_council.Context object at 0x7fec437dd520>, 'headless_mode': 'True', 'local_browser': 'False', 'selenium_url': 'http://localhost:4444'}\n\n    def call_fixture_func(\n        fixturefunc: _FixtureFunc[FixtureValue], request: FixtureRequest, kwargs\n    ) -> FixtureValue:\n        if is_generator(fixturefunc):\n            fixturefunc = cast(\n                Callable[..., Generator[FixtureValue, None, None]], fixturefunc\n            )\n            generator = fixturefunc(**kwargs)\n            try:\n                fixture_result = next(generator)\n            except StopIteration:\n                raise ValueError(f\"{request.fixturename} did not yield a value\") from None\n            finalizer = functools.partial(_teardown_yield_fixture, fixturefunc, generator)\n            request.addfinalizer(finalizer)\n        else:\n            fixturefunc = cast(Callable[..., FixtureValue], fixturefunc)\n>           fixture_result = fixturefunc(**kwargs)\n\n../../../.cache/pypoetry/virtualenvs/uk-bin-collection-EwS6Gn8s-py3.12/lib/python3.12/site-packages/_pytest/fixtures.py:897: \n_ _ _ _ _ _ _ _ _ _ _ _ _ _ _ _ _ _ _ _ _ _ _ _ _ _ _ _ _ _ _ _ _ _ _ _ _ _ _ _ \nuk_bin_collection/tests/step_defs/test_validate_council.py:100: in scrape_step\n    context.parse_result = CollectData.run()\nuk_bin_collection/uk_bin_collection/collect_data.py:101: in run\n    return self.client_code(\nuk_bin_collection/uk_bin_collection/collect_data.py:121: in client_code\n    return get_bin_data_class.template_method(address_url, **kwargs)\nuk_bin_collection/uk_bin_collection/get_bin_data.py:61: in template_method\n    bin_data_dict = self.get_and_parse_data(this_url, **kwargs)\nuk_bin_collection/uk_bin_collection/get_bin_data.py:84: in get_and_parse_data\n    bin_data_dict = self.parse_data(\"\", url=address_url, **kwargs)\nuk_bin_collection/uk_bin_collection/councils/SouthKestevenDistrictCouncil.py:150: in parse_data\n    driver.quit()\n../../../.cache/pypoetry/virtualenvs/uk-bin-collection-EwS6Gn8s-py3.12/lib/python3.12/site-packages/selenium/webdriver/remote/webdriver.py:476: in quit\n    self.execute(Command.QUIT)\n../../../.cache/pypoetry/virtualenvs/uk-bin-collection-EwS6Gn8s-py3.12/lib/python3.12/site-packages/selenium/webdriver/remote/webdriver.py:354: in execute\n    self.error_handler.check_response(response)\n_ _ _ _ _ _ _ _ _ _ _ _ _ _ _ _ _ _ _ _ _ _ _ _ _ _ _ _ _ _ _ _ _ _ _ _ _ _ _ _ \n\nself = <selenium.webdriver.remote.errorhandler.ErrorHandler object at 0x7fec418a3cb0>\nresponse = {'status': 404, 'value': '{\\n  \"value\": \"\\\\u002fsession\\\\u002f243aa91b17d672c0c16a3484e6794858\",\\n  \"message\": \"Unable...002fsession\\\\u002f243aa91b17d672c0c16a3484e6794858\",\\n  \"error\": \"org.openqa.selenium.UnsupportedCommandException\"\\n}'}\n\n    def check_response(self, response: Dict[str, Any]) -> None:\n        \"\"\"Checks that a JSON response from the WebDriver does not have an\n        error.\n    \n        :Args:\n         - response - The JSON response from the WebDriver server as a dictionary\n           object.\n    \n        :Raises: If the response contains an error message.\n        \"\"\"\n        status = response.get(\"status\", None)\n        if not status or status == ErrorCode.SUCCESS:\n            return\n        value = None\n        message = response.get(\"message\", \"\")\n        screen: str = response.get(\"screen\", \"\")\n        stacktrace = None\n        if isinstance(status, int):\n            value_json = response.get(\"value\", None)\n            if value_json and isinstance(value_json, str):\n                import json\n    \n                try:\n                    value = json.loads(value_json)\n                    if len(value) == 1:\n                        value = value[\"value\"]\n                    status = value.get(\"error\", None)\n                    if not status:\n                        status = value.get(\"status\", ErrorCode.UNKNOWN_ERROR)\n                        message = value.get(\"value\") or value.get(\"message\")\n                        if not isinstance(message, str):\n                            value = message\n                            message = message.get(\"message\")\n                    else:\n                        message = value.get(\"message\", None)\n                except ValueError:\n                    pass\n    \n        exception_class: Type[WebDriverException]\n        e = ErrorCode()\n        error_codes = [item for item in dir(e) if not item.startswith(\"__\")]\n        for error_code in error_codes:\n            error_info = getattr(ErrorCode, error_code)\n            if isinstance(error_info, list) and status in error_info:\n                exception_class = getattr(ExceptionMapping, error_code, WebDriverException)\n                break\n        else:\n            exception_class = WebDriverException\n    \n        if not value:\n            value = response[\"value\"]\n        if isinstance(value, str):\n            raise exception_class(value)\n        if message == \"\" and \"message\" in value:\n            message = value[\"message\"]\n    \n        screen = None  # type: ignore[assignment]\n        if \"screen\" in value:\n            screen = value[\"screen\"]\n    \n        stacktrace = None\n        st_value = value.get(\"stackTrace\") or value.get(\"stacktrace\")\n        if st_value:\n            if isinstance(st_value, str):\n                stacktrace = st_value.split(\"\\n\")\n            else:\n                stacktrace = []\n                try:\n                    for frame in st_value:\n                        line = frame.get(\"lineNumber\", \"\")\n                        file = frame.get(\"fileName\", \"<anonymous>\")\n                        if line:\n                            file = f\"{file}:{line}\"\n                        meth = frame.get(\"methodName\", \"<anonymous>\")\n                        if \"className\" in frame:\n                            meth = f\"{frame['className']}.{meth}\"\n                        msg = \"    at %s (%s)\"\n                        msg = msg % (meth, file)\n                        stacktrace.append(msg)\n                except TypeError:\n                    pass\n        if exception_class == UnexpectedAlertPresentException:\n            alert_text = None\n            if \"data\" in value:\n                alert_text = value[\"data\"].get(\"text\")\n            elif \"alert\" in value:\n                alert_text = value[\"alert\"].get(\"text\")\n            raise exception_class(message, screen, stacktrace, alert_text)  # type: ignore[call-arg]  # mypy is not smart enough here\n>       raise exception_class(message, screen, stacktrace)\nE       selenium.common.exceptions.WebDriverException: Message: Unable to route (DELETE) /session/243aa91b17d672c0c16a3484e6794858\n\n../../../.cache/pypoetry/virtualenvs/uk-bin-collection-EwS6Gn8s-py3.12/lib/python3.12/site-packages/selenium/webdriver/remote/errorhandler.py:229: WebDriverException","flaky":false,"newFailed":false,"newBroken":false,"newPassed":false,"retriesCount":0,"retriesStatusChange":false,"beforeStages":[],"testStage":{"status":"failed","statusMessage":"selenium.common.exceptions.WebDriverException: Message: Unable to route (DELETE) /session/243aa91b17d672c0c16a3484e6794858","statusTrace":"self = <SouthKestevenDistrictCouncil.CouncilClass object at 0x7fec41f71610>\npage = 'https://pre.southkesteven.gov.uk/BinSearch.aspx'\nkwargs = {'council_module_str': 'SouthKestevenDistrictCouncil', 'dev_mode': False, 'headless': True, 'local_browser': False, ...}\ndriver = <selenium.webdriver.remote.webdriver.WebDriver (session=\"243aa91b17d672c0c16a3484e6794858\")>\nuser_postcode = 'PE68BL', user_uprn = None, web_driver = 'http://localhost:4444'\nheadless = True, house_number = '2 Althorpe Close, Market Deeping, PE6 8BL'\n\n    def parse_data(self, page: str, **kwargs) -> dict:\n        driver = None\n        try:\n            # Make a BS4 object\n    \n            page = \"https://pre.southkesteven.gov.uk/BinSearch.aspx\"\n    \n            user_postcode = kwargs.get(\"postcode\")\n            user_uprn = kwargs.get(\"uprn\")\n            web_driver = kwargs.get(\"web_driver\")\n            headless = kwargs.get(\"headless\")\n            house_number = kwargs.get(\"paon\")\n    \n            driver = create_webdriver(web_driver, headless, None, __name__)\n>           driver.get(page)\n\nuk_bin_collection/uk_bin_collection/councils/SouthKestevenDistrictCouncil.py:75: \n_ _ _ _ _ _ _ _ _ _ _ _ _ _ _ _ _ _ _ _ _ _ _ _ _ _ _ _ _ _ _ _ _ _ _ _ _ _ _ _ \n../../../.cache/pypoetry/virtualenvs/uk-bin-collection-EwS6Gn8s-py3.12/lib/python3.12/site-packages/selenium/webdriver/remote/webdriver.py:363: in get\n    self.execute(Command.GET, {\"url\": url})\n../../../.cache/pypoetry/virtualenvs/uk-bin-collection-EwS6Gn8s-py3.12/lib/python3.12/site-packages/selenium/webdriver/remote/webdriver.py:354: in execute\n    self.error_handler.check_response(response)\n_ _ _ _ _ _ _ _ _ _ _ _ _ _ _ _ _ _ _ _ _ _ _ _ _ _ _ _ _ _ _ _ _ _ _ _ _ _ _ _ \n\nself = <selenium.webdriver.remote.errorhandler.ErrorHandler object at 0x7fec418a3cb0>\nresponse = {'status': 500, 'value': '{\\n  \"value\": {\\n    \"stacktrace\": \"java.lang.RuntimeException: Unable to execute request fo...'amd64\\', os.version: \\'6.5.0-1025-azure\\', java.version: \\'17.0.12\\'\\\\nDriver info: driver.version: unknown\"\\n  }\\n}'}\n\n    def check_response(self, response: Dict[str, Any]) -> None:\n        \"\"\"Checks that a JSON response from the WebDriver does not have an\n        error.\n    \n        :Args:\n         - response - The JSON response from the WebDriver server as a dictionary\n           object.\n    \n        :Raises: If the response contains an error message.\n        \"\"\"\n        status = response.get(\"status\", None)\n        if not status or status == ErrorCode.SUCCESS:\n            return\n        value = None\n        message = response.get(\"message\", \"\")\n        screen: str = response.get(\"screen\", \"\")\n        stacktrace = None\n        if isinstance(status, int):\n            value_json = response.get(\"value\", None)\n            if value_json and isinstance(value_json, str):\n                import json\n    \n                try:\n                    value = json.loads(value_json)\n                    if len(value) == 1:\n                        value = value[\"value\"]\n                    status = value.get(\"error\", None)\n                    if not status:\n                        status = value.get(\"status\", ErrorCode.UNKNOWN_ERROR)\n                        message = value.get(\"value\") or value.get(\"message\")\n                        if not isinstance(message, str):\n                            value = message\n                            message = message.get(\"message\")\n                    else:\n                        message = value.get(\"message\", None)\n                except ValueError:\n                    pass\n    \n        exception_class: Type[WebDriverException]\n        e = ErrorCode()\n        error_codes = [item for item in dir(e) if not item.startswith(\"__\")]\n        for error_code in error_codes:\n            error_info = getattr(ErrorCode, error_code)\n            if isinstance(error_info, list) and status in error_info:\n                exception_class = getattr(ExceptionMapping, error_code, WebDriverException)\n                break\n        else:\n            exception_class = WebDriverException\n    \n        if not value:\n            value = response[\"value\"]\n        if isinstance(value, str):\n            raise exception_class(value)\n        if message == \"\" and \"message\" in value:\n            message = value[\"message\"]\n    \n        screen = None  # type: ignore[assignment]\n        if \"screen\" in value:\n            screen = value[\"screen\"]\n    \n        stacktrace = None\n        st_value = value.get(\"stackTrace\") or value.get(\"stacktrace\")\n        if st_value:\n            if isinstance(st_value, str):\n                stacktrace = st_value.split(\"\\n\")\n            else:\n                stacktrace = []\n                try:\n                    for frame in st_value:\n                        line = frame.get(\"lineNumber\", \"\")\n                        file = frame.get(\"fileName\", \"<anonymous>\")\n                        if line:\n                            file = f\"{file}:{line}\"\n                        meth = frame.get(\"methodName\", \"<anonymous>\")\n                        if \"className\" in frame:\n                            meth = f\"{frame['className']}.{meth}\"\n                        msg = \"    at %s (%s)\"\n                        msg = msg % (meth, file)\n                        stacktrace.append(msg)\n                except TypeError:\n                    pass\n        if exception_class == UnexpectedAlertPresentException:\n            alert_text = None\n            if \"data\" in value:\n                alert_text = value[\"data\"].get(\"text\")\n            elif \"alert\" in value:\n                alert_text = value[\"alert\"].get(\"text\")\n            raise exception_class(message, screen, stacktrace, alert_text)  # type: ignore[call-arg]  # mypy is not smart enough here\n>       raise exception_class(message, screen, stacktrace)\nE       selenium.common.exceptions.WebDriverException: Message: Unable to execute request for an existing session: java.util.concurrent.TimeoutException\nE       Build info: version: '4.24.0', revision: '748ffc9bc3'\nE       System info: os.name: 'Linux', os.arch: 'amd64', os.version: '6.5.0-1025-azure', java.version: '17.0.12'\nE       Driver info: driver.version: unknown\nE       Stacktrace:\nE       java.lang.RuntimeException: Unable to execute request for an existing session: java.util.concurrent.TimeoutException\nE       Build info: version: '4.24.0', revision: '748ffc9bc3'\nE       System info: os.name: 'Linux', os.arch: 'amd64', os.version: '6.5.0-1025-azure', java.version: '17.0.12'\nE       Driver info: driver.version: unknown\nE       \tat org.openqa.selenium.grid.router.HandleSession.execute(HandleSession.java:208)\nE       \tat org.openqa.selenium.remote.http.Route$PredicatedRoute.handle(Route.java:397)\nE       \tat org.openqa.selenium.remote.http.Route.execute(Route.java:69)\nE       \tat org.openqa.selenium.remote.http.Route$CombinedRoute.handle(Route.java:360)\nE       \tat org.openqa.selenium.remote.http.Route.execute(Route.java:69)\nE       \tat org.openqa.selenium.grid.router.Router.execute(Router.java:87)\nE       \tat org.openqa.selenium.grid.web.EnsureSpecCompliantResponseHeaders.lambda$apply$0(EnsureSpecCompliantResponseHeaders.java:34)\nE       \tat org.openqa.selenium.remote.http.Filter$1.execute(Filter.java:63)\nE       \tat org.openqa.selenium.remote.http.Route$CombinedRoute.handle(Route.java:360)\nE       \tat org.openqa.selenium.remote.http.Route.execute(Route.java:69)\nE       \tat org.openqa.selenium.remote.AddWebDriverSpecHeaders.lambda$apply$0(AddWebDriverSpecHeaders.java:35)\nE       \tat org.openqa.selenium.remote.ErrorFilter.lambda$apply$0(ErrorFilter.java:44)\nE       \tat org.openqa.selenium.remote.http.Filter$1.execute(Filter.java:63)\nE       \tat org.openqa.selenium.remote.ErrorFilter.lambda$apply$0(ErrorFilter.java:44)\nE       \tat org.openqa.selenium.remote.http.Filter$1.execute(Filter.java:63)\nE       \tat org.openqa.selenium.netty.server.SeleniumHandler.lambda$channelRead0$0(SeleniumHandler.java:44)\nE       \tat java.base/java.util.concurrent.Executors$RunnableAdapter.call(Executors.java:539)\nE       \tat java.base/java.util.concurrent.FutureTask.run(FutureTask.java:264)\nE       \tat java.base/java.util.concurrent.ThreadPoolExecutor.runWorker(ThreadPoolExecutor.java:1136)\nE       \tat java.base/java.util.concurrent.ThreadPoolExecutor$Worker.run(ThreadPoolExecutor.java:635)\nE       \tat java.base/java.lang.Thread.run(Thread.java:840)\nE       Caused by: java.util.concurrent.TimeoutException\nE       \tat java.base/java.util.concurrent.CompletableFuture.timedGet(CompletableFuture.java:1960)\nE       \tat java.base/java.util.concurrent.CompletableFuture.get(CompletableFuture.java:2095)\nE       \tat org.openqa.selenium.remote.http.jdk.JdkHttpClient.execute0(JdkHttpClient.java:401)\nE       \tat org.openqa.selenium.remote.http.AddSeleniumUserAgent.lambda$apply$0(AddSeleniumUserAgent.java:42)\nE       \tat org.openqa.selenium.remote.http.Filter.lambda$andFinally$1(Filter.java:55)\nE       \tat org.openqa.selenium.remote.http.jdk.JdkHttpClient.execute(JdkHttpClient.java:374)\nE       \tat org.openqa.selenium.remote.tracing.TracedHttpClient.execute(TracedHttpClient.java:54)\nE       \tat org.openqa.selenium.grid.web.ReverseProxyHandler.execute(ReverseProxyHandler.java:90)\nE       \tat org.openqa.selenium.grid.node.DefaultActiveSession.execute(DefaultActiveSession.java:62)\nE       \tat org.openqa.selenium.grid.node.local.SessionSlot.execute(SessionSlot.java:126)\nE       \tat org.openqa.selenium.grid.node.local.LocalNode.executeWebDriverCommand(LocalNode.java:633)\nE       \tat org.openqa.selenium.grid.node.ForwardWebDriverCommand.execute(ForwardWebDriverCommand.java:35)\nE       \tat org.openqa.selenium.remote.http.Route$PredicatedRoute.handle(Route.java:397)\nE       \tat org.openqa.selenium.remote.http.Route.execute(Route.java:69)\nE       \tat org.openqa.selenium.remote.tracing.SpanWrappedHttpHandler.execute(SpanWrappedHttpHandler.java:87)\nE       \tat org.openqa.selenium.remote.http.Filter$1.execute(Filter.java:63)\nE       \tat org.openqa.selenium.remote.http.Route$CombinedRoute.handle(Route.java:360)\nE       \tat org.openqa.selenium.remote.http.Route.execute(Route.java:69)\nE       \tat org.openqa.selenium.grid.node.Node.execute(Node.java:270)\nE       \tat org.openqa.selenium.grid.web.CombinedHandler.execute(CombinedHandler.java:55)\nE       \tat org.openqa.selenium.grid.web.RoutableHttpClientFactory$1.execute(RoutableHttpClientFactory.java:71)\nE       \tat org.openqa.selenium.grid.web.ReverseProxyHandler.execute(ReverseProxyHandler.java:90)\nE       \tat org.openqa.selenium.grid.router.HandleSession.execute(HandleSession.java:181)\nE       \t... 20 more\n\n../../../.cache/pypoetry/virtualenvs/uk-bin-collection-EwS6Gn8s-py3.12/lib/python3.12/site-packages/selenium/webdriver/remote/errorhandler.py:229: WebDriverException\n\nDuring handling of the above exception, another exception occurred:\n\nfixturefunc = <function scrape_step at 0x7fec42a077e0>\nrequest = <FixtureRequest for <Function test_scenario_outline[SouthKestevenDistrictCouncil]>>\nkwargs = {'context': <test_validate_council.Context object at 0x7fec437dd520>, 'headless_mode': 'True', 'local_browser': 'False', 'selenium_url': 'http://localhost:4444'}\n\n    def call_fixture_func(\n        fixturefunc: _FixtureFunc[FixtureValue], request: FixtureRequest, kwargs\n    ) -> FixtureValue:\n        if is_generator(fixturefunc):\n            fixturefunc = cast(\n                Callable[..., Generator[FixtureValue, None, None]], fixturefunc\n            )\n            generator = fixturefunc(**kwargs)\n            try:\n                fixture_result = next(generator)\n            except StopIteration:\n                raise ValueError(f\"{request.fixturename} did not yield a value\") from None\n            finalizer = functools.partial(_teardown_yield_fixture, fixturefunc, generator)\n            request.addfinalizer(finalizer)\n        else:\n            fixturefunc = cast(Callable[..., FixtureValue], fixturefunc)\n>           fixture_result = fixturefunc(**kwargs)\n\n../../../.cache/pypoetry/virtualenvs/uk-bin-collection-EwS6Gn8s-py3.12/lib/python3.12/site-packages/_pytest/fixtures.py:897: \n_ _ _ _ _ _ _ _ _ _ _ _ _ _ _ _ _ _ _ _ _ _ _ _ _ _ _ _ _ _ _ _ _ _ _ _ _ _ _ _ \nuk_bin_collection/tests/step_defs/test_validate_council.py:100: in scrape_step\n    context.parse_result = CollectData.run()\nuk_bin_collection/uk_bin_collection/collect_data.py:101: in run\n    return self.client_code(\nuk_bin_collection/uk_bin_collection/collect_data.py:121: in client_code\n    return get_bin_data_class.template_method(address_url, **kwargs)\nuk_bin_collection/uk_bin_collection/get_bin_data.py:61: in template_method\n    bin_data_dict = self.get_and_parse_data(this_url, **kwargs)\nuk_bin_collection/uk_bin_collection/get_bin_data.py:84: in get_and_parse_data\n    bin_data_dict = self.parse_data(\"\", url=address_url, **kwargs)\nuk_bin_collection/uk_bin_collection/councils/SouthKestevenDistrictCouncil.py:150: in parse_data\n    driver.quit()\n../../../.cache/pypoetry/virtualenvs/uk-bin-collection-EwS6Gn8s-py3.12/lib/python3.12/site-packages/selenium/webdriver/remote/webdriver.py:476: in quit\n    self.execute(Command.QUIT)\n../../../.cache/pypoetry/virtualenvs/uk-bin-collection-EwS6Gn8s-py3.12/lib/python3.12/site-packages/selenium/webdriver/remote/webdriver.py:354: in execute\n    self.error_handler.check_response(response)\n_ _ _ _ _ _ _ _ _ _ _ _ _ _ _ _ _ _ _ _ _ _ _ _ _ _ _ _ _ _ _ _ _ _ _ _ _ _ _ _ \n\nself = <selenium.webdriver.remote.errorhandler.ErrorHandler object at 0x7fec418a3cb0>\nresponse = {'status': 404, 'value': '{\\n  \"value\": \"\\\\u002fsession\\\\u002f243aa91b17d672c0c16a3484e6794858\",\\n  \"message\": \"Unable...002fsession\\\\u002f243aa91b17d672c0c16a3484e6794858\",\\n  \"error\": \"org.openqa.selenium.UnsupportedCommandException\"\\n}'}\n\n    def check_response(self, response: Dict[str, Any]) -> None:\n        \"\"\"Checks that a JSON response from the WebDriver does not have an\n        error.\n    \n        :Args:\n         - response - The JSON response from the WebDriver server as a dictionary\n           object.\n    \n        :Raises: If the response contains an error message.\n        \"\"\"\n        status = response.get(\"status\", None)\n        if not status or status == ErrorCode.SUCCESS:\n            return\n        value = None\n        message = response.get(\"message\", \"\")\n        screen: str = response.get(\"screen\", \"\")\n        stacktrace = None\n        if isinstance(status, int):\n            value_json = response.get(\"value\", None)\n            if value_json and isinstance(value_json, str):\n                import json\n    \n                try:\n                    value = json.loads(value_json)\n                    if len(value) == 1:\n                        value = value[\"value\"]\n                    status = value.get(\"error\", None)\n                    if not status:\n                        status = value.get(\"status\", ErrorCode.UNKNOWN_ERROR)\n                        message = value.get(\"value\") or value.get(\"message\")\n                        if not isinstance(message, str):\n                            value = message\n                            message = message.get(\"message\")\n                    else:\n                        message = value.get(\"message\", None)\n                except ValueError:\n                    pass\n    \n        exception_class: Type[WebDriverException]\n        e = ErrorCode()\n        error_codes = [item for item in dir(e) if not item.startswith(\"__\")]\n        for error_code in error_codes:\n            error_info = getattr(ErrorCode, error_code)\n            if isinstance(error_info, list) and status in error_info:\n                exception_class = getattr(ExceptionMapping, error_code, WebDriverException)\n                break\n        else:\n            exception_class = WebDriverException\n    \n        if not value:\n            value = response[\"value\"]\n        if isinstance(value, str):\n            raise exception_class(value)\n        if message == \"\" and \"message\" in value:\n            message = value[\"message\"]\n    \n        screen = None  # type: ignore[assignment]\n        if \"screen\" in value:\n            screen = value[\"screen\"]\n    \n        stacktrace = None\n        st_value = value.get(\"stackTrace\") or value.get(\"stacktrace\")\n        if st_value:\n            if isinstance(st_value, str):\n                stacktrace = st_value.split(\"\\n\")\n            else:\n                stacktrace = []\n                try:\n                    for frame in st_value:\n                        line = frame.get(\"lineNumber\", \"\")\n                        file = frame.get(\"fileName\", \"<anonymous>\")\n                        if line:\n                            file = f\"{file}:{line}\"\n                        meth = frame.get(\"methodName\", \"<anonymous>\")\n                        if \"className\" in frame:\n                            meth = f\"{frame['className']}.{meth}\"\n                        msg = \"    at %s (%s)\"\n                        msg = msg % (meth, file)\n                        stacktrace.append(msg)\n                except TypeError:\n                    pass\n        if exception_class == UnexpectedAlertPresentException:\n            alert_text = None\n            if \"data\" in value:\n                alert_text = value[\"data\"].get(\"text\")\n            elif \"alert\" in value:\n                alert_text = value[\"alert\"].get(\"text\")\n            raise exception_class(message, screen, stacktrace, alert_text)  # type: ignore[call-arg]  # mypy is not smart enough here\n>       raise exception_class(message, screen, stacktrace)\nE       selenium.common.exceptions.WebDriverException: Message: Unable to route (DELETE) /session/243aa91b17d672c0c16a3484e6794858\n\n../../../.cache/pypoetry/virtualenvs/uk-bin-collection-EwS6Gn8s-py3.12/lib/python3.12/site-packages/selenium/webdriver/remote/errorhandler.py:229: WebDriverException","steps":[{"name":"Given the council","time":{"start":1725313682995,"stop":1725313682995,"duration":0},"status":"passed","steps":[],"attachments":[],"parameters":[],"shouldDisplayMessage":false,"stepsCount":0,"attachmentsCount":0,"hasContent":false,"attachmentStep":false},{"name":"When we scrape the data from the council","time":{"start":1725313682995,"stop":1725314006390,"duration":323395},"status":"failed","statusMessage":"Message: Unable to route (DELETE) /session/243aa91b17d672c0c16a3484e6794858\n","statusTrace":"selenium.common.exceptions.WebDriverException: Message: Unable to route (DELETE) /session/243aa91b17d672c0c16a3484e6794858\n\n","steps":[],"attachments":[],"parameters":[],"shouldDisplayMessage":true,"stepsCount":0,"attachmentsCount":0,"hasContent":true,"attachmentStep":false}],"attachments":[{"uid":"1aa6b2fe46ef9bbb","name":"stdout","source":"1aa6b2fe46ef9bbb.txt","type":"text/plain","size":4391}],"parameters":[],"shouldDisplayMessage":true,"stepsCount":2,"attachmentsCount":1,"hasContent":true,"attachmentStep":false},"afterStages":[],"labels":[{"name":"host","value":"fv-az695-793"},{"name":"thread","value":"2633-MainThread"},{"name":"framework","value":"pytest-bdd"},{"name":"language","value":"cpython3"},{"name":"feature","value":"Test each council output matches expected results"},{"name":"resultFormat","value":"allure2"}],"parameters":[{"name":"council","value":"SouthKestevenDistrictCouncil"}],"links":[],"hidden":false,"retry":false,"extra":{"severity":"normal","retries":[],"categories":[{"name":"Product defects","matchedStatuses":[],"flaky":false}],"history":{"statistic":{"failed":102,"broken":0,"skipped":0,"passed":0,"unknown":0,"total":102},"items":[{"uid":"e66b6b940bbb3678","reportUrl":"https://robbrad.github.io/UKBinCollectionData/3.12/2064//#testresult/e66b6b940bbb3678","status":"failed","statusDetails":"selenium.common.exceptions.WebDriverException: Message: Unable to route (DELETE) /session/b6bd6c3b99ffd9ccfd34757f6c77e234","time":{"start":1725311483127,"stop":1725311794962,"duration":311835}},{"uid":"b4f5f089b78df2f4","reportUrl":"https://robbrad.github.io/UKBinCollectionData/3.12/2060//#testresult/b4f5f089b78df2f4","status":"failed","statusDetails":"selenium.common.exceptions.WebDriverException: Message: Unable to route (DELETE) /session/1b4eea9b7cdeb41e2e4f17884bba4a34","time":{"start":1725308760012,"stop":1725309081793,"duration":321781}},{"uid":"67526d388cb6f702","reportUrl":"https://robbrad.github.io/UKBinCollectionData/3.12/2059//#testresult/67526d388cb6f702","status":"failed","statusDetails":"selenium.common.exceptions.SessionNotCreatedException: Message: Could not start a new session. New session request timed out \nHost info: host: 'selenium', ip: '172.18.0.2'\nBuild info: version: '4.24.0', revision: '748ffc9bc3'\nSystem info: os.name: 'Linux', os.arch: 'amd64', os.version: '6.5.0-1025-azure', java.version: '17.0.12'\nDriver info: driver.version: unknown\nStacktrace:\n    at org.openqa.selenium.grid.sessionqueue.local.LocalNewSessionQueue.addToQueue (LocalNewSessionQueue.java:221)\n    at org.openqa.selenium.grid.sessionqueue.NewSessionQueue.lambda$new$0 (NewSessionQueue.java:68)\n    at org.openqa.selenium.remote.http.Route$TemplatizedRoute.handle (Route.java:192)\n    at org.openqa.selenium.remote.http.Route.execute (Route.java:69)\n    at org.openqa.selenium.remote.http.Route$CombinedRoute.handle (Route.java:360)\n    at org.openqa.selenium.remote.http.Route.execute (Route.java:69)\n    at org.openqa.selenium.grid.sessionqueue.NewSessionQueue.execute (NewSessionQueue.java:128)\n    at org.openqa.selenium.remote.tracing.SpanWrappedHttpHandler.execute (SpanWrappedHttpHandler.java:87)\n    at org.openqa.selenium.remote.http.Filter$1.execute (Filter.java:63)\n    at org.openqa.selenium.remote.http.Route$CombinedRoute.handle (Route.java:360)\n    at org.openqa.selenium.remote.http.Route.execute (Route.java:69)\n    at org.openqa.selenium.grid.router.Router.execute (Router.java:87)\n    at org.openqa.selenium.grid.web.EnsureSpecCompliantResponseHeaders.lambda$apply$0 (EnsureSpecCompliantResponseHeaders.java:34)\n    at org.openqa.selenium.remote.http.Filter$1.execute (Filter.java:63)\n    at org.openqa.selenium.remote.http.Route$CombinedRoute.handle (Route.java:360)\n    at org.openqa.selenium.remote.http.Route.execute (Route.java:69)\n    at org.openqa.selenium.remote.AddWebDriverSpecHeaders.lambda$apply$0 (AddWebDriverSpecHeaders.java:35)\n    at org.openqa.selenium.remote.ErrorFilter.lambda$apply$0 (ErrorFilter.java:44)\n    at org.openqa.selenium.remote.http.Filter$1.execute (Filter.java:63)\n    at org.openqa.selenium.remote.ErrorFilter.lambda$apply$0 (ErrorFilter.java:44)\n    at org.openqa.selenium.remote.http.Filter$1.execute (Filter.java:63)\n    at org.openqa.selenium.netty.server.SeleniumHandler.lambda$channelRead0$0 (SeleniumHandler.java:44)\n    at java.util.concurrent.Executors$RunnableAdapter.call (Executors.java:539)\n    at java.util.concurrent.FutureTask.run (FutureTask.java:264)\n    at java.util.concurrent.ThreadPoolExecutor.runWorker (ThreadPoolExecutor.java:1136)\n    at java.util.concurrent.ThreadPoolExecutor$Worker.run (ThreadPoolExecutor.java:635)\n    at java.lang.Thread.run (Thread.java:840)","time":{"start":1725308327739,"stop":1725308627747,"duration":300008}},{"uid":"8395e8126047716d","reportUrl":"https://robbrad.github.io/UKBinCollectionData/3.12/2054//#testresult/8395e8126047716d","status":"failed","statusDetails":"selenium.common.exceptions.WebDriverException: Message: Unable to route (DELETE) /session/c97380a0b1bde98615190d2133f72c58","time":{"start":1725236704870,"stop":1725237008697,"duration":303827}},{"uid":"c1026b1da371d39","reportUrl":"https://robbrad.github.io/UKBinCollectionData/3.12/2053//#testresult/c1026b1da371d39","status":"failed","statusDetails":"selenium.common.exceptions.WebDriverException: Message: Unable to route (DELETE) /session/2158d7f8b78ee73bb4d57a9d6e977f4a","time":{"start":1725150361878,"stop":1725150678487,"duration":316609}},{"uid":"f2b9d1505036e679","reportUrl":"https://robbrad.github.io/UKBinCollectionData/3.12/2052//#testresult/f2b9d1505036e679","status":"failed","statusDetails":"selenium.common.exceptions.WebDriverException: Message: Unable to route (DELETE) /session/c3247dfc94f091109b0b48d2ab65a6a0","time":{"start":1725063708177,"stop":1725064013151,"duration":304974}},{"uid":"e45357f3a4c77d1a","reportUrl":"https://robbrad.github.io/UKBinCollectionData/3.12/2051//#testresult/e45357f3a4c77d1a","status":"failed","statusDetails":"selenium.common.exceptions.WebDriverException: Message: Unable to route (DELETE) /session/54634e2dcc5bcc384a6049a0e34c8544","time":{"start":1724977456497,"stop":1724977783280,"duration":326783}},{"uid":"b4a3cd1616768f1","reportUrl":"https://robbrad.github.io/UKBinCollectionData/3.12/2049//#testresult/b4a3cd1616768f1","status":"failed","statusDetails":"selenium.common.exceptions.WebDriverException: Message: unknown error: net::ERR_CONNECTION_TIMED_OUT\n  (Session info: chrome-headless-shell=127.0.6533.119)\nStacktrace:\n#0 0x564eb2b4c6ca <unknown>\n#1 0x564eb281d600 <unknown>\n#2 0x564eb2815631 <unknown>\n#3 0x564eb2805839 <unknown>\n#4 0x564eb28075c4 <unknown>\n#5 0x564eb2805b05 <unknown>\n#6 0x564eb280535f <unknown>\n#7 0x564eb2805252 <unknown>\n#8 0x564eb280356c <unknown>\n#9 0x564eb28038ea <unknown>\n#10 0x564eb281ff21 <unknown>\n#11 0x564eb28aeb45 <unknown>\n#12 0x564eb288f8a2 <unknown>\n#13 0x564eb28ae04a <unknown>\n#14 0x564eb288f643 <unknown>\n#15 0x564eb285fd31 <unknown>\n#16 0x564eb286079e <unknown>\n#17 0x564eb2b1425b <unknown>\n#18 0x564eb2b181f2 <unknown>\n#19 0x564eb2b01615 <unknown>\n#20 0x564eb2b18d82 <unknown>\n#21 0x564eb2ae625f <unknown>\n#22 0x564eb2b3be68 <unknown>\n#23 0x564eb2b3c040 <unknown>\n#24 0x564eb2b4b49c <unknown>\n#25 0x7f10c18d4a94 <unknown>\n#26 0x7f10c1961a34 __clone","time":{"start":1724890764288,"stop":1724891037418,"duration":273130}},{"uid":"f13ddd61207d81b1","reportUrl":"https://robbrad.github.io/UKBinCollectionData/3.12/2048//#testresult/f13ddd61207d81b1","status":"failed","statusDetails":"selenium.common.exceptions.WebDriverException: Message: unknown error: net::ERR_CONNECTION_TIMED_OUT\n  (Session info: chrome-headless-shell=127.0.6533.119)\nStacktrace:\n#0 0x560aa41966ca <unknown>\n#1 0x560aa3e67600 <unknown>\n#2 0x560aa3e5f631 <unknown>\n#3 0x560aa3e4f839 <unknown>\n#4 0x560aa3e515c4 <unknown>\n#5 0x560aa3e4fb05 <unknown>\n#6 0x560aa3e4f35f <unknown>\n#7 0x560aa3e4f252 <unknown>\n#8 0x560aa3e4d56c <unknown>\n#9 0x560aa3e4d8ea <unknown>\n#10 0x560aa3e69f21 <unknown>\n#11 0x560aa3ef8b45 <unknown>\n#12 0x560aa3ed98a2 <unknown>\n#13 0x560aa3ef804a <unknown>\n#14 0x560aa3ed9643 <unknown>\n#15 0x560aa3ea9d31 <unknown>\n#16 0x560aa3eaa79e <unknown>\n#17 0x560aa415e25b <unknown>\n#18 0x560aa41621f2 <unknown>\n#19 0x560aa414b615 <unknown>\n#20 0x560aa4162d82 <unknown>\n#21 0x560aa413025f <unknown>\n#22 0x560aa4185e68 <unknown>\n#23 0x560aa4186040 <unknown>\n#24 0x560aa419549c <unknown>\n#25 0x7f24a2ccba94 <unknown>\n#26 0x7f24a2d58a34 __clone","time":{"start":1724804475930,"stop":1724804617186,"duration":141256}},{"uid":"7f477d737dac7b8b","reportUrl":"https://robbrad.github.io/UKBinCollectionData/3.12/2043//#testresult/7f477d737dac7b8b","status":"failed","statusDetails":"selenium.common.exceptions.WebDriverException: Message: unknown error: net::ERR_CONNECTION_TIMED_OUT\n  (Session info: chrome-headless-shell=127.0.6533.119)\nStacktrace:\n#0 0x55fceeb916ca <unknown>\n#1 0x55fcee862600 <unknown>\n#2 0x55fcee85a631 <unknown>\n#3 0x55fcee84a839 <unknown>\n#4 0x55fcee84c5c4 <unknown>\n#5 0x55fcee84ab05 <unknown>\n#6 0x55fcee84a35f <unknown>\n#7 0x55fcee84a252 <unknown>\n#8 0x55fcee84856c <unknown>\n#9 0x55fcee8488ea <unknown>\n#10 0x55fcee864f21 <unknown>\n#11 0x55fcee8f3b45 <unknown>\n#12 0x55fcee8d48a2 <unknown>\n#13 0x55fcee8f304a <unknown>\n#14 0x55fcee8d4643 <unknown>\n#15 0x55fcee8a4d31 <unknown>\n#16 0x55fcee8a579e <unknown>\n#17 0x55fceeb5925b <unknown>\n#18 0x55fceeb5d1f2 <unknown>\n#19 0x55fceeb46615 <unknown>\n#20 0x55fceeb5dd82 <unknown>\n#21 0x55fceeb2b25f <unknown>\n#22 0x55fceeb80e68 <unknown>\n#23 0x55fceeb81040 <unknown>\n#24 0x55fceeb9049c <unknown>\n#25 0x7f2d31190a94 <unknown>\n#26 0x7f2d3121da34 __clone","time":{"start":1724718082593,"stop":1724718242035,"duration":159442}},{"uid":"4bcf6d315207a90","reportUrl":"https://robbrad.github.io/UKBinCollectionData/3.12/2039//#testresult/4bcf6d315207a90","status":"failed","statusDetails":"selenium.common.exceptions.WebDriverException: Message: unknown error: net::ERR_CONNECTION_TIMED_OUT\n  (Session info: chrome-headless-shell=127.0.6533.119)\nStacktrace:\n#0 0x55800eb366ca <unknown>\n#1 0x55800e807600 <unknown>\n#2 0x55800e7ff631 <unknown>\n#3 0x55800e7ef839 <unknown>\n#4 0x55800e7f15c4 <unknown>\n#5 0x55800e7efb05 <unknown>\n#6 0x55800e7ef35f <unknown>\n#7 0x55800e7ef252 <unknown>\n#8 0x55800e7ed56c <unknown>\n#9 0x55800e7ed8ea <unknown>\n#10 0x55800e809f21 <unknown>\n#11 0x55800e898b45 <unknown>\n#12 0x55800e8798a2 <unknown>\n#13 0x55800e89804a <unknown>\n#14 0x55800e879643 <unknown>\n#15 0x55800e849d31 <unknown>\n#16 0x55800e84a79e <unknown>\n#17 0x55800eafe25b <unknown>\n#18 0x55800eb021f2 <unknown>\n#19 0x55800eaeb615 <unknown>\n#20 0x55800eb02d82 <unknown>\n#21 0x55800ead025f <unknown>\n#22 0x55800eb25e68 <unknown>\n#23 0x55800eb26040 <unknown>\n#24 0x55800eb3549c <unknown>\n#25 0x7fbf16316a94 <unknown>\n#26 0x7fbf163a3a34 __clone","time":{"start":1724631563867,"stop":1724631835811,"duration":271944}},{"uid":"b8e2d59d3c2a9e0","reportUrl":"https://robbrad.github.io/UKBinCollectionData/3.12/2038//#testresult/b8e2d59d3c2a9e0","status":"failed","statusDetails":"selenium.common.exceptions.WebDriverException: Message: unknown error: net::ERR_CONNECTION_TIMED_OUT\n  (Session info: chrome-headless-shell=127.0.6533.119)\nStacktrace:\n#0 0x563c0095d6ca <unknown>\n#1 0x563c0062e600 <unknown>\n#2 0x563c00626631 <unknown>\n#3 0x563c00616839 <unknown>\n#4 0x563c006185c4 <unknown>\n#5 0x563c00616b05 <unknown>\n#6 0x563c0061635f <unknown>\n#7 0x563c00616252 <unknown>\n#8 0x563c0061456c <unknown>\n#9 0x563c006148ea <unknown>\n#10 0x563c00630f21 <unknown>\n#11 0x563c006bfb45 <unknown>\n#12 0x563c006a08a2 <unknown>\n#13 0x563c006bf04a <unknown>\n#14 0x563c006a0643 <unknown>\n#15 0x563c00670d31 <unknown>\n#16 0x563c0067179e <unknown>\n#17 0x563c0092525b <unknown>\n#18 0x563c009291f2 <unknown>\n#19 0x563c00912615 <unknown>\n#20 0x563c00929d82 <unknown>\n#21 0x563c008f725f <unknown>\n#22 0x563c0094ce68 <unknown>\n#23 0x563c0094d040 <unknown>\n#24 0x563c0095c49c <unknown>\n#25 0x7f6594876a94 <unknown>\n#26 0x7f6594903a34 __clone","time":{"start":1724545084847,"stop":1724545220688,"duration":135841}},{"uid":"2b98ba18c77ac0f3","reportUrl":"https://robbrad.github.io/UKBinCollectionData/3.12/2037//#testresult/2b98ba18c77ac0f3","status":"failed","statusDetails":"selenium.common.exceptions.WebDriverException: Message: unknown error: net::ERR_CONNECTION_TIMED_OUT\n  (Session info: chrome-headless-shell=127.0.6533.119)\nStacktrace:\n#0 0x55d76d1e86ca <unknown>\n#1 0x55d76ceb9600 <unknown>\n#2 0x55d76ceb1631 <unknown>\n#3 0x55d76cea1839 <unknown>\n#4 0x55d76cea35c4 <unknown>\n#5 0x55d76cea1b05 <unknown>\n#6 0x55d76cea135f <unknown>\n#7 0x55d76cea1252 <unknown>\n#8 0x55d76ce9f56c <unknown>\n#9 0x55d76ce9f8ea <unknown>\n#10 0x55d76cebbf21 <unknown>\n#11 0x55d76cf4ab45 <unknown>\n#12 0x55d76cf2b8a2 <unknown>\n#13 0x55d76cf4a04a <unknown>\n#14 0x55d76cf2b643 <unknown>\n#15 0x55d76cefbd31 <unknown>\n#16 0x55d76cefc79e <unknown>\n#17 0x55d76d1b025b <unknown>\n#18 0x55d76d1b41f2 <unknown>\n#19 0x55d76d19d615 <unknown>\n#20 0x55d76d1b4d82 <unknown>\n#21 0x55d76d18225f <unknown>\n#22 0x55d76d1d7e68 <unknown>\n#23 0x55d76d1d8040 <unknown>\n#24 0x55d76d1e749c <unknown>\n#25 0x7f72f7a3ca94 <unknown>\n#26 0x7f72f7ac9a34 __clone","time":{"start":1724458835893,"stop":1724459004510,"duration":168617}},{"uid":"342d96120bde3e38","reportUrl":"https://robbrad.github.io/UKBinCollectionData/3.12/2036//#testresult/342d96120bde3e38","status":"failed","statusDetails":"selenium.common.exceptions.WebDriverException: Message: unknown error: net::ERR_CONNECTION_TIMED_OUT\n  (Session info: chrome-headless-shell=127.0.6533.119)\nStacktrace:\n#0 0x5624a2d2f6ca <unknown>\n#1 0x5624a2a00600 <unknown>\n#2 0x5624a29f8631 <unknown>\n#3 0x5624a29e8839 <unknown>\n#4 0x5624a29ea5c4 <unknown>\n#5 0x5624a29e8b05 <unknown>\n#6 0x5624a29e835f <unknown>\n#7 0x5624a29e8252 <unknown>\n#8 0x5624a29e656c <unknown>\n#9 0x5624a29e68ea <unknown>\n#10 0x5624a2a02f21 <unknown>\n#11 0x5624a2a91b45 <unknown>\n#12 0x5624a2a728a2 <unknown>\n#13 0x5624a2a9104a <unknown>\n#14 0x5624a2a72643 <unknown>\n#15 0x5624a2a42d31 <unknown>\n#16 0x5624a2a4379e <unknown>\n#17 0x5624a2cf725b <unknown>\n#18 0x5624a2cfb1f2 <unknown>\n#19 0x5624a2ce4615 <unknown>\n#20 0x5624a2cfbd82 <unknown>\n#21 0x5624a2cc925f <unknown>\n#22 0x5624a2d1ee68 <unknown>\n#23 0x5624a2d1f040 <unknown>\n#24 0x5624a2d2e49c <unknown>\n#25 0x7ff76e7a7a94 <unknown>\n#26 0x7ff76e834a34 __clone","time":{"start":1724372503688,"stop":1724372647724,"duration":144036}},{"uid":"b486ce9aa556f855","reportUrl":"https://robbrad.github.io/UKBinCollectionData/3.12/2034//#testresult/b486ce9aa556f855","status":"failed","statusDetails":"selenium.common.exceptions.WebDriverException: Message: unknown error: net::ERR_CONNECTION_TIMED_OUT\n  (Session info: chrome-headless-shell=127.0.6533.119)\nStacktrace:\n#0 0x56552bae36ca <unknown>\n#1 0x56552b7b4600 <unknown>\n#2 0x56552b7ac631 <unknown>\n#3 0x56552b79c839 <unknown>\n#4 0x56552b79e5c4 <unknown>\n#5 0x56552b79cb05 <unknown>\n#6 0x56552b79c35f <unknown>\n#7 0x56552b79c252 <unknown>\n#8 0x56552b79a56c <unknown>\n#9 0x56552b79a8ea <unknown>\n#10 0x56552b7b6f21 <unknown>\n#11 0x56552b845b45 <unknown>\n#12 0x56552b8268a2 <unknown>\n#13 0x56552b84504a <unknown>\n#14 0x56552b826643 <unknown>\n#15 0x56552b7f6d31 <unknown>\n#16 0x56552b7f779e <unknown>\n#17 0x56552baab25b <unknown>\n#18 0x56552baaf1f2 <unknown>\n#19 0x56552ba98615 <unknown>\n#20 0x56552baafd82 <unknown>\n#21 0x56552ba7d25f <unknown>\n#22 0x56552bad2e68 <unknown>\n#23 0x56552bad3040 <unknown>\n#24 0x56552bae249c <unknown>\n#25 0x7f9d8c150a94 <unknown>\n#26 0x7f9d8c1dda34 __clone","time":{"start":1724286043760,"stop":1724286195300,"duration":151540}},{"uid":"2c384b69a2b865ca","reportUrl":"https://robbrad.github.io/UKBinCollectionData/3.12/2033//#testresult/2c384b69a2b865ca","status":"failed","statusDetails":"selenium.common.exceptions.WebDriverException: Message: unknown error: net::ERR_CONNECTION_TIMED_OUT\n  (Session info: chrome-headless-shell=127.0.6533.119)\nStacktrace:\n#0 0x55a0f2e026ca <unknown>\n#1 0x55a0f2ad3600 <unknown>\n#2 0x55a0f2acb631 <unknown>\n#3 0x55a0f2abb839 <unknown>\n#4 0x55a0f2abd5c4 <unknown>\n#5 0x55a0f2abbb05 <unknown>\n#6 0x55a0f2abb35f <unknown>\n#7 0x55a0f2abb252 <unknown>\n#8 0x55a0f2ab956c <unknown>\n#9 0x55a0f2ab98ea <unknown>\n#10 0x55a0f2ad5f21 <unknown>\n#11 0x55a0f2b64b45 <unknown>\n#12 0x55a0f2b458a2 <unknown>\n#13 0x55a0f2b6404a <unknown>\n#14 0x55a0f2b45643 <unknown>\n#15 0x55a0f2b15d31 <unknown>\n#16 0x55a0f2b1679e <unknown>\n#17 0x55a0f2dca25b <unknown>\n#18 0x55a0f2dce1f2 <unknown>\n#19 0x55a0f2db7615 <unknown>\n#20 0x55a0f2dced82 <unknown>\n#21 0x55a0f2d9c25f <unknown>\n#22 0x55a0f2df1e68 <unknown>\n#23 0x55a0f2df2040 <unknown>\n#24 0x55a0f2e0149c <unknown>\n#25 0x7f9db6b90a94 <unknown>\n#26 0x7f9db6c1da34 __clone","time":{"start":1724199620524,"stop":1724199791906,"duration":171382}},{"uid":"e00df8758e76602b","reportUrl":"https://robbrad.github.io/UKBinCollectionData/3.12/2032//#testresult/e00df8758e76602b","status":"failed","statusDetails":"selenium.common.exceptions.WebDriverException: Message: unknown error: net::ERR_CONNECTION_TIMED_OUT\n  (Session info: chrome-headless-shell=127.0.6533.99)\nStacktrace:\n#0 0x563ad969f6aa <unknown>\n#1 0x563ad9370600 <unknown>\n#2 0x563ad9368631 <unknown>\n#3 0x563ad9358839 <unknown>\n#4 0x563ad935a5c4 <unknown>\n#5 0x563ad9358b05 <unknown>\n#6 0x563ad935835f <unknown>\n#7 0x563ad9358252 <unknown>\n#8 0x563ad935656c <unknown>\n#9 0x563ad93568ea <unknown>\n#10 0x563ad9372f21 <unknown>\n#11 0x563ad9401b45 <unknown>\n#12 0x563ad93e28a2 <unknown>\n#13 0x563ad940104a <unknown>\n#14 0x563ad93e2643 <unknown>\n#15 0x563ad93b2d31 <unknown>\n#16 0x563ad93b379e <unknown>\n#17 0x563ad966723b <unknown>\n#18 0x563ad966b1d2 <unknown>\n#19 0x563ad96545f5 <unknown>\n#20 0x563ad966bd62 <unknown>\n#21 0x563ad963923f <unknown>\n#22 0x563ad968ee48 <unknown>\n#23 0x563ad968f020 <unknown>\n#24 0x563ad969e47c <unknown>\n#25 0x7f4381f65a94 <unknown>\n#26 0x7f4381ff2a34 __clone","time":{"start":1724113271071,"stop":1724113415077,"duration":144006}},{"uid":"c3ad9df92ef4689b","reportUrl":"https://robbrad.github.io/UKBinCollectionData/3.12/2031//#testresult/c3ad9df92ef4689b","status":"failed","statusDetails":"selenium.common.exceptions.WebDriverException: Message: unknown error: net::ERR_CONNECTION_TIMED_OUT\n  (Session info: chrome-headless-shell=127.0.6533.99)\nStacktrace:\n#0 0x5568538926aa <unknown>\n#1 0x556853563600 <unknown>\n#2 0x55685355b631 <unknown>\n#3 0x55685354b839 <unknown>\n#4 0x55685354d5c4 <unknown>\n#5 0x55685354bb05 <unknown>\n#6 0x55685354b35f <unknown>\n#7 0x55685354b252 <unknown>\n#8 0x55685354956c <unknown>\n#9 0x5568535498ea <unknown>\n#10 0x556853565f21 <unknown>\n#11 0x5568535f4b45 <unknown>\n#12 0x5568535d58a2 <unknown>\n#13 0x5568535f404a <unknown>\n#14 0x5568535d5643 <unknown>\n#15 0x5568535a5d31 <unknown>\n#16 0x5568535a679e <unknown>\n#17 0x55685385a23b <unknown>\n#18 0x55685385e1d2 <unknown>\n#19 0x5568538475f5 <unknown>\n#20 0x55685385ed62 <unknown>\n#21 0x55685382c23f <unknown>\n#22 0x556853881e48 <unknown>\n#23 0x556853882020 <unknown>\n#24 0x55685389147c <unknown>\n#25 0x7fca5c1f9a94 <unknown>\n#26 0x7fca5c286a34 __clone","time":{"start":1724026840363,"stop":1724026984752,"duration":144389}},{"uid":"62ba91f1fc51959","reportUrl":"https://robbrad.github.io/UKBinCollectionData/3.12/2030//#testresult/62ba91f1fc51959","status":"failed","statusDetails":"selenium.common.exceptions.WebDriverException: Message: unknown error: net::ERR_CONNECTION_TIMED_OUT\n  (Session info: chrome-headless-shell=127.0.6533.99)\nStacktrace:\n#0 0x56113b7206aa <unknown>\n#1 0x56113b3f1600 <unknown>\n#2 0x56113b3e9631 <unknown>\n#3 0x56113b3d9839 <unknown>\n#4 0x56113b3db5c4 <unknown>\n#5 0x56113b3d9b05 <unknown>\n#6 0x56113b3d935f <unknown>\n#7 0x56113b3d9252 <unknown>\n#8 0x56113b3d756c <unknown>\n#9 0x56113b3d78ea <unknown>\n#10 0x56113b3f3f21 <unknown>\n#11 0x56113b482b45 <unknown>\n#12 0x56113b4638a2 <unknown>\n#13 0x56113b48204a <unknown>\n#14 0x56113b463643 <unknown>\n#15 0x56113b433d31 <unknown>\n#16 0x56113b43479e <unknown>\n#17 0x56113b6e823b <unknown>\n#18 0x56113b6ec1d2 <unknown>\n#19 0x56113b6d55f5 <unknown>\n#20 0x56113b6ecd62 <unknown>\n#21 0x56113b6ba23f <unknown>\n#22 0x56113b70fe48 <unknown>\n#23 0x56113b710020 <unknown>\n#24 0x56113b71f47c <unknown>\n#25 0x7fb279c5da94 <unknown>\n#26 0x7fb279ceaa34 __clone","time":{"start":1723940458053,"stop":1723940634144,"duration":176091}},{"uid":"70379b208a176255","reportUrl":"https://robbrad.github.io/UKBinCollectionData/3.12/2029//#testresult/70379b208a176255","status":"failed","statusDetails":"selenium.common.exceptions.WebDriverException: Message: unknown error: net::ERR_CONNECTION_TIMED_OUT\n  (Session info: chrome-headless-shell=127.0.6533.99)\nStacktrace:\n#0 0x56056e0d56aa <unknown>\n#1 0x56056dda6600 <unknown>\n#2 0x56056dd9e631 <unknown>\n#3 0x56056dd8e839 <unknown>\n#4 0x56056dd905c4 <unknown>\n#5 0x56056dd8eb05 <unknown>\n#6 0x56056dd8e35f <unknown>\n#7 0x56056dd8e252 <unknown>\n#8 0x56056dd8c56c <unknown>\n#9 0x56056dd8c8ea <unknown>\n#10 0x56056dda8f21 <unknown>\n#11 0x56056de37b45 <unknown>\n#12 0x56056de188a2 <unknown>\n#13 0x56056de3704a <unknown>\n#14 0x56056de18643 <unknown>\n#15 0x56056dde8d31 <unknown>\n#16 0x56056dde979e <unknown>\n#17 0x56056e09d23b <unknown>\n#18 0x56056e0a11d2 <unknown>\n#19 0x56056e08a5f5 <unknown>\n#20 0x56056e0a1d62 <unknown>\n#21 0x56056e06f23f <unknown>\n#22 0x56056e0c4e48 <unknown>\n#23 0x56056e0c5020 <unknown>\n#24 0x56056e0d447c <unknown>\n#25 0x7f07cbd03a94 <unknown>\n#26 0x7f07cbd90a34 __clone","time":{"start":1723853887187,"stop":1723854034051,"duration":146864}}]},"tags":[]},"source":"c0c3d4ecaaeb8ebe.json","parameterValues":["SouthKestevenDistrictCouncil"]}