{"uid":"e67604229e375f58","name":"Validate Council Output [CalderdaleCouncil]","fullName":"features/validate_council_outputs.feature:Validate Council Output","historyId":"1b9aa52f7d9bfc9f284315c06170da9f","time":{"start":1725580948297,"stop":1725581049831,"duration":101534},"status":"failed","statusMessage":"selenium.common.exceptions.TimeoutException: Message: \nStacktrace:\n#0 0x564a6e23a8da <unknown>\n#1 0x564a6df08e50 <unknown>\n#2 0x564a6df58644 <unknown>\n#3 0x564a6df58931 <unknown>\n#4 0x564a6df9e534 <unknown>\n#5 0x564a6df7d4bd <unknown>\n#6 0x564a6df9b9c6 <unknown>\n#7 0x564a6df7d233 <unknown>\n#8 0x564a6df4b093 <unknown>\n#9 0x564a6df4c09e <unknown>\n#10 0x564a6e201b3b <unknown>\n#11 0x564a6e205af1 <unknown>\n#12 0x564a6e1ed705 <unknown>\n#13 0x564a6e206662 <unknown>\n#14 0x564a6e1d28df <unknown>\n#15 0x564a6e2296d8 <unknown>\n#16 0x564a6e2298a2 <unknown>\n#17 0x564a6e2396cc <unknown>\n#18 0x7f63fe0e8a94 <unknown>\n#19 0x7f63fe175a34 __clone","statusTrace":"fixturefunc = <function scrape_step at 0x7febe23d5940>\nrequest = <FixtureRequest for <Function test_scenario_outline[CalderdaleCouncil]>>\nkwargs = {'context': <test_validate_council.Context object at 0x7febe225e710>, 'headless_mode': 'True', 'local_browser': 'False', 'selenium_url': 'http://localhost:4444'}\n\n    def call_fixture_func(\n        fixturefunc: _FixtureFunc[FixtureValue], request: FixtureRequest, kwargs\n    ) -> FixtureValue:\n        if is_generator(fixturefunc):\n            fixturefunc = cast(\n                Callable[..., Generator[FixtureValue, None, None]], fixturefunc\n            )\n            generator = fixturefunc(**kwargs)\n            try:\n                fixture_result = next(generator)\n            except StopIteration:\n                raise ValueError(f\"{request.fixturename} did not yield a value\") from None\n            finalizer = functools.partial(_teardown_yield_fixture, fixturefunc, generator)\n            request.addfinalizer(finalizer)\n        else:\n            fixturefunc = cast(Callable[..., FixtureValue], fixturefunc)\n>           fixture_result = fixturefunc(**kwargs)\n\n../../../.cache/pypoetry/virtualenvs/uk-bin-collection-EwS6Gn8s-py3.11/lib/python3.11/site-packages/_pytest/fixtures.py:897: \n_ _ _ _ _ _ _ _ _ _ _ _ _ _ _ _ _ _ _ _ _ _ _ _ _ _ _ _ _ _ _ _ _ _ _ _ _ _ _ _ \nuk_bin_collection/tests/step_defs/test_validate_council.py:100: in scrape_step\n    context.parse_result = CollectData.run()\nuk_bin_collection/uk_bin_collection/collect_data.py:101: in run\n    return self.client_code(\nuk_bin_collection/uk_bin_collection/collect_data.py:121: in client_code\n    return get_bin_data_class.template_method(address_url, **kwargs)\nuk_bin_collection/uk_bin_collection/get_bin_data.py:61: in template_method\n    bin_data_dict = self.get_and_parse_data(this_url, **kwargs)\nuk_bin_collection/uk_bin_collection/get_bin_data.py:84: in get_and_parse_data\n    bin_data_dict = self.parse_data(\"\", url=address_url, **kwargs)\nuk_bin_collection/uk_bin_collection/councils/CalderdaleCouncil.py:69: in parse_data\n    results = wait.until(EC.presence_of_element_located((By.ID, \"collection\")))\n_ _ _ _ _ _ _ _ _ _ _ _ _ _ _ _ _ _ _ _ _ _ _ _ _ _ _ _ _ _ _ _ _ _ _ _ _ _ _ _ \n\nself = <selenium.webdriver.support.wait.WebDriverWait (session=\"e7504cbbef4c9e056374b4dde2530894\")>\nmethod = <function presence_of_element_located.<locals>._predicate at 0x7febe2258900>\nmessage = ''\n\n    def until(self, method: Callable[[D], Union[Literal[False], T]], message: str = \"\") -> T:\n        \"\"\"Calls the method provided with the driver as an argument until the \\\n        return value does not evaluate to ``False``.\n    \n        :param method: callable(WebDriver)\n        :param message: optional message for :exc:`TimeoutException`\n        :returns: the result of the last call to `method`\n        :raises: :exc:`selenium.common.exceptions.TimeoutException` if timeout occurs\n        \"\"\"\n        screen = None\n        stacktrace = None\n    \n        end_time = time.monotonic() + self._timeout\n        while True:\n            try:\n                value = method(self._driver)\n                if value:\n                    return value\n            except self._ignored_exceptions as exc:\n                screen = getattr(exc, \"screen\", None)\n                stacktrace = getattr(exc, \"stacktrace\", None)\n            time.sleep(self._poll)\n            if time.monotonic() > end_time:\n                break\n>       raise TimeoutException(message, screen, stacktrace)\nE       selenium.common.exceptions.TimeoutException: Message: \nE       Stacktrace:\nE       #0 0x564a6e23a8da <unknown>\nE       #1 0x564a6df08e50 <unknown>\nE       #2 0x564a6df58644 <unknown>\nE       #3 0x564a6df58931 <unknown>\nE       #4 0x564a6df9e534 <unknown>\nE       #5 0x564a6df7d4bd <unknown>\nE       #6 0x564a6df9b9c6 <unknown>\nE       #7 0x564a6df7d233 <unknown>\nE       #8 0x564a6df4b093 <unknown>\nE       #9 0x564a6df4c09e <unknown>\nE       #10 0x564a6e201b3b <unknown>\nE       #11 0x564a6e205af1 <unknown>\nE       #12 0x564a6e1ed705 <unknown>\nE       #13 0x564a6e206662 <unknown>\nE       #14 0x564a6e1d28df <unknown>\nE       #15 0x564a6e2296d8 <unknown>\nE       #16 0x564a6e2298a2 <unknown>\nE       #17 0x564a6e2396cc <unknown>\nE       #18 0x7f63fe0e8a94 <unknown>\nE       #19 0x7f63fe175a34 __clone\n\n../../../.cache/pypoetry/virtualenvs/uk-bin-collection-EwS6Gn8s-py3.11/lib/python3.11/site-packages/selenium/webdriver/support/wait.py:105: TimeoutException","flaky":true,"newFailed":false,"newBroken":false,"newPassed":false,"retriesCount":0,"retriesStatusChange":false,"beforeStages":[],"testStage":{"status":"failed","statusMessage":"selenium.common.exceptions.TimeoutException: Message: \nStacktrace:\n#0 0x564a6e23a8da <unknown>\n#1 0x564a6df08e50 <unknown>\n#2 0x564a6df58644 <unknown>\n#3 0x564a6df58931 <unknown>\n#4 0x564a6df9e534 <unknown>\n#5 0x564a6df7d4bd <unknown>\n#6 0x564a6df9b9c6 <unknown>\n#7 0x564a6df7d233 <unknown>\n#8 0x564a6df4b093 <unknown>\n#9 0x564a6df4c09e <unknown>\n#10 0x564a6e201b3b <unknown>\n#11 0x564a6e205af1 <unknown>\n#12 0x564a6e1ed705 <unknown>\n#13 0x564a6e206662 <unknown>\n#14 0x564a6e1d28df <unknown>\n#15 0x564a6e2296d8 <unknown>\n#16 0x564a6e2298a2 <unknown>\n#17 0x564a6e2396cc <unknown>\n#18 0x7f63fe0e8a94 <unknown>\n#19 0x7f63fe175a34 __clone","statusTrace":"fixturefunc = <function scrape_step at 0x7febe23d5940>\nrequest = <FixtureRequest for <Function test_scenario_outline[CalderdaleCouncil]>>\nkwargs = {'context': <test_validate_council.Context object at 0x7febe225e710>, 'headless_mode': 'True', 'local_browser': 'False', 'selenium_url': 'http://localhost:4444'}\n\n    def call_fixture_func(\n        fixturefunc: _FixtureFunc[FixtureValue], request: FixtureRequest, kwargs\n    ) -> FixtureValue:\n        if is_generator(fixturefunc):\n            fixturefunc = cast(\n                Callable[..., Generator[FixtureValue, None, None]], fixturefunc\n            )\n            generator = fixturefunc(**kwargs)\n            try:\n                fixture_result = next(generator)\n            except StopIteration:\n                raise ValueError(f\"{request.fixturename} did not yield a value\") from None\n            finalizer = functools.partial(_teardown_yield_fixture, fixturefunc, generator)\n            request.addfinalizer(finalizer)\n        else:\n            fixturefunc = cast(Callable[..., FixtureValue], fixturefunc)\n>           fixture_result = fixturefunc(**kwargs)\n\n../../../.cache/pypoetry/virtualenvs/uk-bin-collection-EwS6Gn8s-py3.11/lib/python3.11/site-packages/_pytest/fixtures.py:897: \n_ _ _ _ _ _ _ _ _ _ _ _ _ _ _ _ _ _ _ _ _ _ _ _ _ _ _ _ _ _ _ _ _ _ _ _ _ _ _ _ \nuk_bin_collection/tests/step_defs/test_validate_council.py:100: in scrape_step\n    context.parse_result = CollectData.run()\nuk_bin_collection/uk_bin_collection/collect_data.py:101: in run\n    return self.client_code(\nuk_bin_collection/uk_bin_collection/collect_data.py:121: in client_code\n    return get_bin_data_class.template_method(address_url, **kwargs)\nuk_bin_collection/uk_bin_collection/get_bin_data.py:61: in template_method\n    bin_data_dict = self.get_and_parse_data(this_url, **kwargs)\nuk_bin_collection/uk_bin_collection/get_bin_data.py:84: in get_and_parse_data\n    bin_data_dict = self.parse_data(\"\", url=address_url, **kwargs)\nuk_bin_collection/uk_bin_collection/councils/CalderdaleCouncil.py:69: in parse_data\n    results = wait.until(EC.presence_of_element_located((By.ID, \"collection\")))\n_ _ _ _ _ _ _ _ _ _ _ _ _ _ _ _ _ _ _ _ _ _ _ _ _ _ _ _ _ _ _ _ _ _ _ _ _ _ _ _ \n\nself = <selenium.webdriver.support.wait.WebDriverWait (session=\"e7504cbbef4c9e056374b4dde2530894\")>\nmethod = <function presence_of_element_located.<locals>._predicate at 0x7febe2258900>\nmessage = ''\n\n    def until(self, method: Callable[[D], Union[Literal[False], T]], message: str = \"\") -> T:\n        \"\"\"Calls the method provided with the driver as an argument until the \\\n        return value does not evaluate to ``False``.\n    \n        :param method: callable(WebDriver)\n        :param message: optional message for :exc:`TimeoutException`\n        :returns: the result of the last call to `method`\n        :raises: :exc:`selenium.common.exceptions.TimeoutException` if timeout occurs\n        \"\"\"\n        screen = None\n        stacktrace = None\n    \n        end_time = time.monotonic() + self._timeout\n        while True:\n            try:\n                value = method(self._driver)\n                if value:\n                    return value\n            except self._ignored_exceptions as exc:\n                screen = getattr(exc, \"screen\", None)\n                stacktrace = getattr(exc, \"stacktrace\", None)\n            time.sleep(self._poll)\n            if time.monotonic() > end_time:\n                break\n>       raise TimeoutException(message, screen, stacktrace)\nE       selenium.common.exceptions.TimeoutException: Message: \nE       Stacktrace:\nE       #0 0x564a6e23a8da <unknown>\nE       #1 0x564a6df08e50 <unknown>\nE       #2 0x564a6df58644 <unknown>\nE       #3 0x564a6df58931 <unknown>\nE       #4 0x564a6df9e534 <unknown>\nE       #5 0x564a6df7d4bd <unknown>\nE       #6 0x564a6df9b9c6 <unknown>\nE       #7 0x564a6df7d233 <unknown>\nE       #8 0x564a6df4b093 <unknown>\nE       #9 0x564a6df4c09e <unknown>\nE       #10 0x564a6e201b3b <unknown>\nE       #11 0x564a6e205af1 <unknown>\nE       #12 0x564a6e1ed705 <unknown>\nE       #13 0x564a6e206662 <unknown>\nE       #14 0x564a6e1d28df <unknown>\nE       #15 0x564a6e2296d8 <unknown>\nE       #16 0x564a6e2298a2 <unknown>\nE       #17 0x564a6e2396cc <unknown>\nE       #18 0x7f63fe0e8a94 <unknown>\nE       #19 0x7f63fe175a34 __clone\n\n../../../.cache/pypoetry/virtualenvs/uk-bin-collection-EwS6Gn8s-py3.11/lib/python3.11/site-packages/selenium/webdriver/support/wait.py:105: TimeoutException","steps":[{"name":"Given the council","time":{"start":1725580948297,"stop":1725580948297,"duration":0},"status":"passed","steps":[],"attachments":[],"parameters":[],"stepsCount":0,"attachmentsCount":0,"hasContent":false,"attachmentStep":false,"shouldDisplayMessage":false},{"name":"When we scrape the data from the council","time":{"start":1725580948298,"stop":1725581049831,"duration":101533},"status":"failed","statusMessage":"Message: \nStacktrace:\n#0 0x564a6e23a8da <unknown>\n#1 0x564a6df08e50 <unknown>\n#2 0x564a6df58644 <unknown>\n#3 0x564a6df58931 <unknown>\n#4 0x564a6df9e534 <unknown>\n#5 0x564a6df7d4bd <unknown>\n#6 0x564a6df9b9c6 <unknown>\n#7 0x564a6df7d233 <unknown>\n#8 0x564a6df4b093 <unknown>\n#9 0x564a6df4c09e <unknown>\n#10 0x564a6e201b3b <unknown>\n#11 0x564a6e205af1 <unknown>\n#12 0x564a6e1ed705 <unknown>\n#13 0x564a6e206662 <unknown>\n#14 0x564a6e1d28df <unknown>\n#15 0x564a6e2296d8 <unknown>\n#16 0x564a6e2298a2 <unknown>\n#17 0x564a6e2396cc <unknown>\n#18 0x7f63fe0e8a94 <unknown>\n#19 0x7f63fe175a34 __clone\n","statusTrace":"selenium.common.exceptions.TimeoutException: Message: \nStacktrace:\n#0 0x564a6e23a8da <unknown>\n#1 0x564a6df08e50 <unknown>\n#2 0x564a6df58644 <unknown>\n#3 0x564a6df58931 <unknown>\n#4 0x564a6df9e534 <unknown>\n#5 0x564a6df7d4bd <unknown>\n#6 0x564a6df9b9c6 <unknown>\n#7 0x564a6df7d233 <unknown>\n#8 0x564a6df4b093 <unknown>\n#9 0x564a6df4c09e <unknown>\n#10 0x564a6e201b3b <unknown>\n#11 0x564a6e205af1 <unknown>\n#12 0x564a6e1ed705 <unknown>\n#13 0x564a6e206662 <unknown>\n#14 0x564a6e1d28df <unknown>\n#15 0x564a6e2296d8 <unknown>\n#16 0x564a6e2298a2 <unknown>\n#17 0x564a6e2396cc <unknown>\n#18 0x7f63fe0e8a94 <unknown>\n#19 0x7f63fe175a34 __clone\n\n","steps":[],"attachments":[],"parameters":[],"stepsCount":0,"attachmentsCount":0,"hasContent":true,"attachmentStep":false,"shouldDisplayMessage":true}],"attachments":[{"uid":"110cb8efabbc5b8","name":"stdout","source":"110cb8efabbc5b8.txt","type":"text/plain","size":654}],"parameters":[],"stepsCount":2,"attachmentsCount":1,"hasContent":true,"attachmentStep":false,"shouldDisplayMessage":true},"afterStages":[],"labels":[{"name":"host","value":"fv-az847-349"},{"name":"thread","value":"2733-MainThread"},{"name":"framework","value":"pytest-bdd"},{"name":"language","value":"cpython3"},{"name":"feature","value":"Test each council output matches expected results"},{"name":"resultFormat","value":"allure2"}],"parameters":[{"name":"council","value":"CalderdaleCouncil"}],"links":[],"hidden":false,"retry":false,"extra":{"severity":"normal","retries":[],"categories":[{"name":"Product defects","matchedStatuses":[],"flaky":false}],"history":{"statistic":{"failed":32,"broken":0,"skipped":0,"passed":118,"unknown":0,"total":150},"items":[{"uid":"3126dcf2548ff086","reportUrl":"https://robbrad.github.io/UKBinCollectionData/3.11/2086//#testresult/3126dcf2548ff086","status":"failed","statusDetails":"selenium.common.exceptions.SessionNotCreatedException: Message: Could not start a new session. New session request timed out \nHost info: host: 'selenium', ip: '172.18.0.2'\nBuild info: version: '4.24.0', revision: '748ffc9bc3'\nSystem info: os.name: 'Linux', os.arch: 'amd64', os.version: '6.5.0-1025-azure', java.version: '17.0.12'\nDriver info: driver.version: unknown\nStacktrace:\n    at org.openqa.selenium.grid.sessionqueue.local.LocalNewSessionQueue.addToQueue (LocalNewSessionQueue.java:221)\n    at org.openqa.selenium.grid.sessionqueue.NewSessionQueue.lambda$new$0 (NewSessionQueue.java:68)\n    at org.openqa.selenium.remote.http.Route$TemplatizedRoute.handle (Route.java:192)\n    at org.openqa.selenium.remote.http.Route.execute (Route.java:69)\n    at org.openqa.selenium.remote.http.Route$CombinedRoute.handle (Route.java:360)\n    at org.openqa.selenium.remote.http.Route.execute (Route.java:69)\n    at org.openqa.selenium.grid.sessionqueue.NewSessionQueue.execute (NewSessionQueue.java:128)\n    at org.openqa.selenium.remote.tracing.SpanWrappedHttpHandler.execute (SpanWrappedHttpHandler.java:87)\n    at org.openqa.selenium.remote.http.Filter$1.execute (Filter.java:63)\n    at org.openqa.selenium.remote.http.Route$CombinedRoute.handle (Route.java:360)\n    at org.openqa.selenium.remote.http.Route.execute (Route.java:69)\n    at org.openqa.selenium.grid.router.Router.execute (Router.java:87)\n    at org.openqa.selenium.grid.web.EnsureSpecCompliantResponseHeaders.lambda$apply$0 (EnsureSpecCompliantResponseHeaders.java:34)\n    at org.openqa.selenium.remote.http.Filter$1.execute (Filter.java:63)\n    at org.openqa.selenium.remote.http.Route$CombinedRoute.handle (Route.java:360)\n    at org.openqa.selenium.remote.http.Route.execute (Route.java:69)\n    at org.openqa.selenium.remote.AddWebDriverSpecHeaders.lambda$apply$0 (AddWebDriverSpecHeaders.java:35)\n    at org.openqa.selenium.remote.ErrorFilter.lambda$apply$0 (ErrorFilter.java:44)\n    at org.openqa.selenium.remote.http.Filter$1.execute (Filter.java:63)\n    at org.openqa.selenium.remote.ErrorFilter.lambda$apply$0 (ErrorFilter.java:44)\n    at org.openqa.selenium.remote.http.Filter$1.execute (Filter.java:63)\n    at org.openqa.selenium.netty.server.SeleniumHandler.lambda$channelRead0$0 (SeleniumHandler.java:44)\n    at java.util.concurrent.Executors$RunnableAdapter.call (Executors.java:539)\n    at java.util.concurrent.FutureTask.run (FutureTask.java:264)\n    at java.util.concurrent.ThreadPoolExecutor.runWorker (ThreadPoolExecutor.java:1136)\n    at java.util.concurrent.ThreadPoolExecutor$Worker.run (ThreadPoolExecutor.java:635)\n    at java.lang.Thread.run (Thread.java:840)","time":{"start":1725568835933,"stop":1725569135977,"duration":300044}},{"uid":"fce2c61525b5d9f6","reportUrl":"https://robbrad.github.io/UKBinCollectionData/3.11/2083//#testresult/fce2c61525b5d9f6","status":"failed","statusDetails":"selenium.common.exceptions.SessionNotCreatedException: Message: Could not start a new session. New session request timed out \nHost info: host: 'selenium', ip: '172.18.0.2'\nBuild info: version: '4.24.0', revision: '748ffc9bc3'\nSystem info: os.name: 'Linux', os.arch: 'amd64', os.version: '6.5.0-1025-azure', java.version: '17.0.12'\nDriver info: driver.version: unknown\nStacktrace:\n    at org.openqa.selenium.grid.sessionqueue.local.LocalNewSessionQueue.addToQueue (LocalNewSessionQueue.java:221)\n    at org.openqa.selenium.grid.sessionqueue.NewSessionQueue.lambda$new$0 (NewSessionQueue.java:68)\n    at org.openqa.selenium.remote.http.Route$TemplatizedRoute.handle (Route.java:192)\n    at org.openqa.selenium.remote.http.Route.execute (Route.java:69)\n    at org.openqa.selenium.remote.http.Route$CombinedRoute.handle (Route.java:360)\n    at org.openqa.selenium.remote.http.Route.execute (Route.java:69)\n    at org.openqa.selenium.grid.sessionqueue.NewSessionQueue.execute (NewSessionQueue.java:128)\n    at org.openqa.selenium.remote.tracing.SpanWrappedHttpHandler.execute (SpanWrappedHttpHandler.java:87)\n    at org.openqa.selenium.remote.http.Filter$1.execute (Filter.java:63)\n    at org.openqa.selenium.remote.http.Route$CombinedRoute.handle (Route.java:360)\n    at org.openqa.selenium.remote.http.Route.execute (Route.java:69)\n    at org.openqa.selenium.grid.router.Router.execute (Router.java:87)\n    at org.openqa.selenium.grid.web.EnsureSpecCompliantResponseHeaders.lambda$apply$0 (EnsureSpecCompliantResponseHeaders.java:34)\n    at org.openqa.selenium.remote.http.Filter$1.execute (Filter.java:63)\n    at org.openqa.selenium.remote.http.Route$CombinedRoute.handle (Route.java:360)\n    at org.openqa.selenium.remote.http.Route.execute (Route.java:69)\n    at org.openqa.selenium.remote.AddWebDriverSpecHeaders.lambda$apply$0 (AddWebDriverSpecHeaders.java:35)\n    at org.openqa.selenium.remote.ErrorFilter.lambda$apply$0 (ErrorFilter.java:44)\n    at org.openqa.selenium.remote.http.Filter$1.execute (Filter.java:63)\n    at org.openqa.selenium.remote.ErrorFilter.lambda$apply$0 (ErrorFilter.java:44)\n    at org.openqa.selenium.remote.http.Filter$1.execute (Filter.java:63)\n    at org.openqa.selenium.netty.server.SeleniumHandler.lambda$channelRead0$0 (SeleniumHandler.java:44)\n    at java.util.concurrent.Executors$RunnableAdapter.call (Executors.java:539)\n    at java.util.concurrent.FutureTask.run (FutureTask.java:264)\n    at java.util.concurrent.ThreadPoolExecutor.runWorker (ThreadPoolExecutor.java:1136)\n    at java.util.concurrent.ThreadPoolExecutor$Worker.run (ThreadPoolExecutor.java:635)\n    at java.lang.Thread.run (Thread.java:840)","time":{"start":1725494625236,"stop":1725494925277,"duration":300041}},{"uid":"bf96f0b832f0f41e","reportUrl":"https://robbrad.github.io/UKBinCollectionData/3.11/2082//#testresult/bf96f0b832f0f41e","status":"passed","time":{"start":1725429736566,"stop":1725429792152,"duration":55586}},{"uid":"98bd938bf2a8b181","reportUrl":"https://robbrad.github.io/UKBinCollectionData/3.11/2082//#testresult/98bd938bf2a8b181","status":"failed","statusDetails":"selenium.common.exceptions.SessionNotCreatedException: Message: Could not start a new session. New session request timed out \nHost info: host: 'selenium', ip: '172.18.0.2'\nBuild info: version: '4.24.0', revision: '748ffc9bc3'\nSystem info: os.name: 'Linux', os.arch: 'amd64', os.version: '6.5.0-1025-azure', java.version: '17.0.12'\nDriver info: driver.version: unknown\nStacktrace:\n    at org.openqa.selenium.grid.sessionqueue.local.LocalNewSessionQueue.addToQueue (LocalNewSessionQueue.java:221)\n    at org.openqa.selenium.grid.sessionqueue.NewSessionQueue.lambda$new$0 (NewSessionQueue.java:68)\n    at org.openqa.selenium.remote.http.Route$TemplatizedRoute.handle (Route.java:192)\n    at org.openqa.selenium.remote.http.Route.execute (Route.java:69)\n    at org.openqa.selenium.remote.http.Route$CombinedRoute.handle (Route.java:360)\n    at org.openqa.selenium.remote.http.Route.execute (Route.java:69)\n    at org.openqa.selenium.grid.sessionqueue.NewSessionQueue.execute (NewSessionQueue.java:128)\n    at org.openqa.selenium.remote.tracing.SpanWrappedHttpHandler.execute (SpanWrappedHttpHandler.java:87)\n    at org.openqa.selenium.remote.http.Filter$1.execute (Filter.java:63)\n    at org.openqa.selenium.remote.http.Route$CombinedRoute.handle (Route.java:360)\n    at org.openqa.selenium.remote.http.Route.execute (Route.java:69)\n    at org.openqa.selenium.grid.router.Router.execute (Router.java:87)\n    at org.openqa.selenium.grid.web.EnsureSpecCompliantResponseHeaders.lambda$apply$0 (EnsureSpecCompliantResponseHeaders.java:34)\n    at org.openqa.selenium.remote.http.Filter$1.execute (Filter.java:63)\n    at org.openqa.selenium.remote.http.Route$CombinedRoute.handle (Route.java:360)\n    at org.openqa.selenium.remote.http.Route.execute (Route.java:69)\n    at org.openqa.selenium.remote.AddWebDriverSpecHeaders.lambda$apply$0 (AddWebDriverSpecHeaders.java:35)\n    at org.openqa.selenium.remote.ErrorFilter.lambda$apply$0 (ErrorFilter.java:44)\n    at org.openqa.selenium.remote.http.Filter$1.execute (Filter.java:63)\n    at org.openqa.selenium.remote.ErrorFilter.lambda$apply$0 (ErrorFilter.java:44)\n    at org.openqa.selenium.remote.http.Filter$1.execute (Filter.java:63)\n    at org.openqa.selenium.netty.server.SeleniumHandler.lambda$channelRead0$0 (SeleniumHandler.java:44)\n    at java.util.concurrent.Executors$RunnableAdapter.call (Executors.java:539)\n    at java.util.concurrent.FutureTask.run (FutureTask.java:264)\n    at java.util.concurrent.ThreadPoolExecutor.runWorker (ThreadPoolExecutor.java:1136)\n    at java.util.concurrent.ThreadPoolExecutor$Worker.run (ThreadPoolExecutor.java:635)\n    at java.lang.Thread.run (Thread.java:840)","time":{"start":1725408279359,"stop":1725408579962,"duration":300603}},{"uid":"9b6e6d37fe03e445","reportUrl":"https://robbrad.github.io/UKBinCollectionData/3.11/2080//#testresult/9b6e6d37fe03e445","status":"failed","statusDetails":"selenium.common.exceptions.SessionNotCreatedException: Message: Could not start a new session. New session request timed out \nHost info: host: 'selenium', ip: '172.18.0.2'\nBuild info: version: '4.24.0', revision: '748ffc9bc3'\nSystem info: os.name: 'Linux', os.arch: 'amd64', os.version: '6.5.0-1025-azure', java.version: '17.0.12'\nDriver info: driver.version: unknown\nStacktrace:\n    at org.openqa.selenium.grid.sessionqueue.local.LocalNewSessionQueue.addToQueue (LocalNewSessionQueue.java:221)\n    at org.openqa.selenium.grid.sessionqueue.NewSessionQueue.lambda$new$0 (NewSessionQueue.java:68)\n    at org.openqa.selenium.remote.http.Route$TemplatizedRoute.handle (Route.java:192)\n    at org.openqa.selenium.remote.http.Route.execute (Route.java:69)\n    at org.openqa.selenium.remote.http.Route$CombinedRoute.handle (Route.java:360)\n    at org.openqa.selenium.remote.http.Route.execute (Route.java:69)\n    at org.openqa.selenium.grid.sessionqueue.NewSessionQueue.execute (NewSessionQueue.java:128)\n    at org.openqa.selenium.remote.tracing.SpanWrappedHttpHandler.execute (SpanWrappedHttpHandler.java:87)\n    at org.openqa.selenium.remote.http.Filter$1.execute (Filter.java:63)\n    at org.openqa.selenium.remote.http.Route$CombinedRoute.handle (Route.java:360)\n    at org.openqa.selenium.remote.http.Route.execute (Route.java:69)\n    at org.openqa.selenium.grid.router.Router.execute (Router.java:87)\n    at org.openqa.selenium.grid.web.EnsureSpecCompliantResponseHeaders.lambda$apply$0 (EnsureSpecCompliantResponseHeaders.java:34)\n    at org.openqa.selenium.remote.http.Filter$1.execute (Filter.java:63)\n    at org.openqa.selenium.remote.http.Route$CombinedRoute.handle (Route.java:360)\n    at org.openqa.selenium.remote.http.Route.execute (Route.java:69)\n    at org.openqa.selenium.remote.AddWebDriverSpecHeaders.lambda$apply$0 (AddWebDriverSpecHeaders.java:35)\n    at org.openqa.selenium.remote.ErrorFilter.lambda$apply$0 (ErrorFilter.java:44)\n    at org.openqa.selenium.remote.http.Filter$1.execute (Filter.java:63)\n    at org.openqa.selenium.remote.ErrorFilter.lambda$apply$0 (ErrorFilter.java:44)\n    at org.openqa.selenium.remote.http.Filter$1.execute (Filter.java:63)\n    at org.openqa.selenium.netty.server.SeleniumHandler.lambda$channelRead0$0 (SeleniumHandler.java:44)\n    at java.util.concurrent.Executors$RunnableAdapter.call (Executors.java:539)\n    at java.util.concurrent.FutureTask.run (FutureTask.java:264)\n    at java.util.concurrent.ThreadPoolExecutor.runWorker (ThreadPoolExecutor.java:1136)\n    at java.util.concurrent.ThreadPoolExecutor$Worker.run (ThreadPoolExecutor.java:635)\n    at java.lang.Thread.run (Thread.java:840)","time":{"start":1725403354018,"stop":1725403654071,"duration":300053}},{"uid":"7344d73004e1f7cf","reportUrl":"https://robbrad.github.io/UKBinCollectionData/3.11/2073//#testresult/7344d73004e1f7cf","status":"passed","time":{"start":1725384291874,"stop":1725384339951,"duration":48077}},{"uid":"d04f9e9dad3a05e0","reportUrl":"https://robbrad.github.io/UKBinCollectionData/3.11/2070//#testresult/d04f9e9dad3a05e0","status":"passed","time":{"start":1725346507561,"stop":1725346553134,"duration":45573}},{"uid":"229df9e0a81c9f7f","reportUrl":"https://robbrad.github.io/UKBinCollectionData/3.11/2069//#testresult/229df9e0a81c9f7f","status":"failed","statusDetails":"selenium.common.exceptions.SessionNotCreatedException: Message: Could not start a new session. New session request timed out \nHost info: host: 'selenium', ip: '172.18.0.2'\nBuild info: version: '4.24.0', revision: '748ffc9bc3'\nSystem info: os.name: 'Linux', os.arch: 'amd64', os.version: '6.5.0-1025-azure', java.version: '17.0.12'\nDriver info: driver.version: unknown\nStacktrace:\n    at org.openqa.selenium.grid.sessionqueue.local.LocalNewSessionQueue.addToQueue (LocalNewSessionQueue.java:221)\n    at org.openqa.selenium.grid.sessionqueue.NewSessionQueue.lambda$new$0 (NewSessionQueue.java:68)\n    at org.openqa.selenium.remote.http.Route$TemplatizedRoute.handle (Route.java:192)\n    at org.openqa.selenium.remote.http.Route.execute (Route.java:69)\n    at org.openqa.selenium.remote.http.Route$CombinedRoute.handle (Route.java:360)\n    at org.openqa.selenium.remote.http.Route.execute (Route.java:69)\n    at org.openqa.selenium.grid.sessionqueue.NewSessionQueue.execute (NewSessionQueue.java:128)\n    at org.openqa.selenium.remote.tracing.SpanWrappedHttpHandler.execute (SpanWrappedHttpHandler.java:87)\n    at org.openqa.selenium.remote.http.Filter$1.execute (Filter.java:63)\n    at org.openqa.selenium.remote.http.Route$CombinedRoute.handle (Route.java:360)\n    at org.openqa.selenium.remote.http.Route.execute (Route.java:69)\n    at org.openqa.selenium.grid.router.Router.execute (Router.java:87)\n    at org.openqa.selenium.grid.web.EnsureSpecCompliantResponseHeaders.lambda$apply$0 (EnsureSpecCompliantResponseHeaders.java:34)\n    at org.openqa.selenium.remote.http.Filter$1.execute (Filter.java:63)\n    at org.openqa.selenium.remote.http.Route$CombinedRoute.handle (Route.java:360)\n    at org.openqa.selenium.remote.http.Route.execute (Route.java:69)\n    at org.openqa.selenium.remote.AddWebDriverSpecHeaders.lambda$apply$0 (AddWebDriverSpecHeaders.java:35)\n    at org.openqa.selenium.remote.ErrorFilter.lambda$apply$0 (ErrorFilter.java:44)\n    at org.openqa.selenium.remote.http.Filter$1.execute (Filter.java:63)\n    at org.openqa.selenium.remote.ErrorFilter.lambda$apply$0 (ErrorFilter.java:44)\n    at org.openqa.selenium.remote.http.Filter$1.execute (Filter.java:63)\n    at org.openqa.selenium.netty.server.SeleniumHandler.lambda$channelRead0$0 (SeleniumHandler.java:44)\n    at java.util.concurrent.Executors$RunnableAdapter.call (Executors.java:539)\n    at java.util.concurrent.FutureTask.run (FutureTask.java:264)\n    at java.util.concurrent.ThreadPoolExecutor.runWorker (ThreadPoolExecutor.java:1136)\n    at java.util.concurrent.ThreadPoolExecutor$Worker.run (ThreadPoolExecutor.java:635)\n    at java.lang.Thread.run (Thread.java:840)","time":{"start":1725321773718,"stop":1725322073760,"duration":300042}},{"uid":"3d9c607d096cbb18","reportUrl":"https://robbrad.github.io/UKBinCollectionData/3.11/2068//#testresult/3d9c607d096cbb18","status":"passed","time":{"start":1725315679973,"stop":1725315730199,"duration":50226}},{"uid":"b63788d40f7f15b","reportUrl":"https://robbrad.github.io/UKBinCollectionData/3.11/2066//#testresult/b63788d40f7f15b","status":"passed","time":{"start":1725312406364,"stop":1725312454035,"duration":47671}},{"uid":"6edb8a3430e7ee22","reportUrl":"https://robbrad.github.io/UKBinCollectionData/3.11/2064//#testresult/6edb8a3430e7ee22","status":"passed","time":{"start":1725310249590,"stop":1725310295381,"duration":45791}},{"uid":"63d3cc98f689ec03","reportUrl":"https://robbrad.github.io/UKBinCollectionData/3.11/2060//#testresult/63d3cc98f689ec03","status":"passed","time":{"start":1725307493974,"stop":1725307540757,"duration":46783}},{"uid":"6814ea8eb6807706","reportUrl":"https://robbrad.github.io/UKBinCollectionData/3.11/2059//#testresult/6814ea8eb6807706","status":"passed","time":{"start":1725307369331,"stop":1725307421992,"duration":52661}},{"uid":"5c6c03d4ccf13009","reportUrl":"https://robbrad.github.io/UKBinCollectionData/3.11/2054//#testresult/5c6c03d4ccf13009","status":"failed","statusDetails":"selenium.common.exceptions.TimeoutException: Message: \nStacktrace:\n#0 0x55bead7ad8da <unknown>\n#1 0x55bead47be50 <unknown>\n#2 0x55bead4cb644 <unknown>\n#3 0x55bead4cb931 <unknown>\n#4 0x55bead511534 <unknown>\n#5 0x55bead4f04bd <unknown>\n#6 0x55bead50e9c6 <unknown>\n#7 0x55bead4f0233 <unknown>\n#8 0x55bead4be093 <unknown>\n#9 0x55bead4bf09e <unknown>\n#10 0x55bead774b3b <unknown>\n#11 0x55bead778af1 <unknown>\n#12 0x55bead760705 <unknown>\n#13 0x55bead779662 <unknown>\n#14 0x55bead7458df <unknown>\n#15 0x55bead79c6d8 <unknown>\n#16 0x55bead79c8a2 <unknown>\n#17 0x55bead7ac6cc <unknown>\n#18 0x7fc20984aa94 <unknown>\n#19 0x7fc2098d7a34 __clone","time":{"start":1725235278752,"stop":1725235390050,"duration":111298}},{"uid":"5a4b4153478e4460","reportUrl":"https://robbrad.github.io/UKBinCollectionData/3.11/2053//#testresult/5a4b4153478e4460","status":"failed","statusDetails":"selenium.common.exceptions.SessionNotCreatedException: Message: Could not start a new session. New session request timed out \nHost info: host: 'selenium', ip: '172.18.0.2'\nBuild info: version: '4.24.0', revision: '748ffc9bc3'\nSystem info: os.name: 'Linux', os.arch: 'amd64', os.version: '6.5.0-1025-azure', java.version: '17.0.12'\nDriver info: driver.version: unknown\nStacktrace:\n    at org.openqa.selenium.grid.sessionqueue.local.LocalNewSessionQueue.addToQueue (LocalNewSessionQueue.java:221)\n    at org.openqa.selenium.grid.sessionqueue.NewSessionQueue.lambda$new$0 (NewSessionQueue.java:68)\n    at org.openqa.selenium.remote.http.Route$TemplatizedRoute.handle (Route.java:192)\n    at org.openqa.selenium.remote.http.Route.execute (Route.java:69)\n    at org.openqa.selenium.remote.http.Route$CombinedRoute.handle (Route.java:360)\n    at org.openqa.selenium.remote.http.Route.execute (Route.java:69)\n    at org.openqa.selenium.grid.sessionqueue.NewSessionQueue.execute (NewSessionQueue.java:128)\n    at org.openqa.selenium.remote.tracing.SpanWrappedHttpHandler.execute (SpanWrappedHttpHandler.java:87)\n    at org.openqa.selenium.remote.http.Filter$1.execute (Filter.java:63)\n    at org.openqa.selenium.remote.http.Route$CombinedRoute.handle (Route.java:360)\n    at org.openqa.selenium.remote.http.Route.execute (Route.java:69)\n    at org.openqa.selenium.grid.router.Router.execute (Router.java:87)\n    at org.openqa.selenium.grid.web.EnsureSpecCompliantResponseHeaders.lambda$apply$0 (EnsureSpecCompliantResponseHeaders.java:34)\n    at org.openqa.selenium.remote.http.Filter$1.execute (Filter.java:63)\n    at org.openqa.selenium.remote.http.Route$CombinedRoute.handle (Route.java:360)\n    at org.openqa.selenium.remote.http.Route.execute (Route.java:69)\n    at org.openqa.selenium.remote.AddWebDriverSpecHeaders.lambda$apply$0 (AddWebDriverSpecHeaders.java:35)\n    at org.openqa.selenium.remote.ErrorFilter.lambda$apply$0 (ErrorFilter.java:44)\n    at org.openqa.selenium.remote.http.Filter$1.execute (Filter.java:63)\n    at org.openqa.selenium.remote.ErrorFilter.lambda$apply$0 (ErrorFilter.java:44)\n    at org.openqa.selenium.remote.http.Filter$1.execute (Filter.java:63)\n    at org.openqa.selenium.netty.server.SeleniumHandler.lambda$channelRead0$0 (SeleniumHandler.java:44)\n    at java.util.concurrent.Executors$RunnableAdapter.call (Executors.java:539)\n    at java.util.concurrent.FutureTask.run (FutureTask.java:264)\n    at java.util.concurrent.ThreadPoolExecutor.runWorker (ThreadPoolExecutor.java:1136)\n    at java.util.concurrent.ThreadPoolExecutor$Worker.run (ThreadPoolExecutor.java:635)\n    at java.lang.Thread.run (Thread.java:840)","time":{"start":1725148990199,"stop":1725149290340,"duration":300141}},{"uid":"1e5d3523f232847","reportUrl":"https://robbrad.github.io/UKBinCollectionData/3.11/2052//#testresult/1e5d3523f232847","status":"passed","time":{"start":1725062474565,"stop":1725062540020,"duration":65455}},{"uid":"39bfdc9e92f1efa7","reportUrl":"https://robbrad.github.io/UKBinCollectionData/3.11/2051//#testresult/39bfdc9e92f1efa7","status":"failed","statusDetails":"selenium.common.exceptions.TimeoutException: Message: \nStacktrace:\n#0 0x55b41abc78da <unknown>\n#1 0x55b41a895e50 <unknown>\n#2 0x55b41a8e5644 <unknown>\n#3 0x55b41a8e5931 <unknown>\n#4 0x55b41a92b534 <unknown>\n#5 0x55b41a90a4bd <unknown>\n#6 0x55b41a9289c6 <unknown>\n#7 0x55b41a90a233 <unknown>\n#8 0x55b41a8d8093 <unknown>\n#9 0x55b41a8d909e <unknown>\n#10 0x55b41ab8eb3b <unknown>\n#11 0x55b41ab92af1 <unknown>\n#12 0x55b41ab7a705 <unknown>\n#13 0x55b41ab93662 <unknown>\n#14 0x55b41ab5f8df <unknown>\n#15 0x55b41abb66d8 <unknown>\n#16 0x55b41abb68a2 <unknown>\n#17 0x55b41abc66cc <unknown>\n#18 0x7f287af54a94 <unknown>\n#19 0x7f287afe1a34 __clone","time":{"start":1724976079268,"stop":1724976162288,"duration":83020}},{"uid":"c99c2ec2fc22ea81","reportUrl":"https://robbrad.github.io/UKBinCollectionData/3.11/2049//#testresult/c99c2ec2fc22ea81","status":"passed","time":{"start":1724889701041,"stop":1724889805885,"duration":104844}},{"uid":"d878af3db812d0f9","reportUrl":"https://robbrad.github.io/UKBinCollectionData/3.11/2048//#testresult/d878af3db812d0f9","status":"passed","time":{"start":1724803307731,"stop":1724803329837,"duration":22106}},{"uid":"e90b3b8dafc196d3","reportUrl":"https://robbrad.github.io/UKBinCollectionData/3.11/2043//#testresult/e90b3b8dafc196d3","status":"passed","time":{"start":1724716894841,"stop":1724716952492,"duration":57651}}]},"tags":[]},"source":"e67604229e375f58.json","parameterValues":["CalderdaleCouncil"]}