{"uid":"db78d1ef77133298","name":"Validate Council Output [NeathPortTalbotCouncil-http://selenium:4444-local]","fullName":"features/validate_council_outputs.feature:Validate Council Output","historyId":"68717d64a9b5b73045a4198b6f1e2a64","time":{"start":1700788589494,"stop":1700788593985,"duration":4491},"status":"failed","statusMessage":"selenium.common.exceptions.NoSuchElementException: Message: no such element: Unable to locate element: {\"method\":\"css selector\",\"selector\":\"[id=\"ContentPlaceHolderDefault_ctl13_nptLLPG2_25_addresslookup_txtTmpPostcode\"]\"}\n  (Session info: headless chrome=119.0.6045.159); For documentation on this error, please visit: https://www.selenium.dev/documentation/webdriver/troubleshooting/errors#no-such-element-exception\nStacktrace:\n#0 0x5580a522f5e3 <unknown>\n#1 0x5580a4ef20b7 <unknown>\n#2 0x5580a4f3ff53 <unknown>\n#3 0x5580a4f40051 <unknown>\n#4 0x5580a4f859c4 <unknown>\n#5 0x5580a4f66f1d <unknown>\n#6 0x5580a4f82b3d <unknown>\n#7 0x5580a4f66cc3 <unknown>\n#8 0x5580a4f320e4 <unknown>\n#9 0x5580a4f330ae <unknown>\n#10 0x5580a51f5ce1 <unknown>\n#11 0x5580a51f9b7e <unknown>\n#12 0x5580a51e34b5 <unknown>\n#13 0x5580a51fa7d6 <unknown>\n#14 0x5580a51c6dbf <unknown>\n#15 0x5580a521d748 <unknown>\n#16 0x5580a521d917 <unknown>\n#17 0x5580a522e773 <unknown>\n#18 0x7f6c14094ac3 <unknown>","statusTrace":"fixturefunc = <function scrape_step at 0x7f5f9bf1e5f0>\nrequest = <FixtureRequest for <Function test_scenario_outline[NeathPortTalbotCouncil-http://selenium:4444-local]>>\nkwargs = {'context': <test_validate_council.context.<locals>.Context object at 0x7f5f8c511f30>, 'council': 'NeathPortTalbotCouncil', 'selenium_mode': 'local', 'selenium_url': 'http://selenium:4444'}\n\n    def call_fixture_func(\n        fixturefunc: \"_FixtureFunc[FixtureValue]\", request: FixtureRequest, kwargs\n    ) -> FixtureValue:\n        if is_generator(fixturefunc):\n            fixturefunc = cast(\n                Callable[..., Generator[FixtureValue, None, None]], fixturefunc\n            )\n            generator = fixturefunc(**kwargs)\n            try:\n                fixture_result = next(generator)\n            except StopIteration:\n                raise ValueError(f\"{request.fixturename} did not yield a value\") from None\n            finalizer = functools.partial(_teardown_yield_fixture, fixturefunc, generator)\n            request.addfinalizer(finalizer)\n        else:\n            fixturefunc = cast(Callable[..., FixtureValue], fixturefunc)\n>           fixture_result = fixturefunc(**kwargs)\n\n../../../.cache/pypoetry/virtualenvs/uk-bin-collection-EwS6Gn8s-py3.10/lib/python3.10/site-packages/_pytest/fixtures.py:902: \n_ _ _ _ _ _ _ _ _ _ _ _ _ _ _ _ _ _ _ _ _ _ _ _ _ _ _ _ _ _ _ _ _ _ _ _ _ _ _ _ \nuk_bin_collection/tests/step_defs/test_validate_council.py:75: in scrape_step\n    raise (err)\nuk_bin_collection/tests/step_defs/test_validate_council.py:71: in scrape_step\n    context.parse_result = CollectData.run()\nuk_bin_collection/uk_bin_collection/collect_data.py:78: in run\n    return self.client_code(\nuk_bin_collection/uk_bin_collection/collect_data.py:65: in client_code\n    return get_bin_data_class.template_method(address_url, **kwargs)\nuk_bin_collection/uk_bin_collection/get_bin_data.py:71: in template_method\n    bin_data_dict = self.parse_data(\nuk_bin_collection/uk_bin_collection/councils/NeathPortTalbotCouncil.py:41: in parse_data\n    inputElement_postcode = driver.find_element(\n../../../.cache/pypoetry/virtualenvs/uk-bin-collection-EwS6Gn8s-py3.10/lib/python3.10/site-packages/selenium/webdriver/remote/webdriver.py:738: in find_element\n    return self.execute(Command.FIND_ELEMENT, {\"using\": by, \"value\": value})[\"value\"]\n../../../.cache/pypoetry/virtualenvs/uk-bin-collection-EwS6Gn8s-py3.10/lib/python3.10/site-packages/selenium/webdriver/remote/webdriver.py:344: in execute\n    self.error_handler.check_response(response)\n_ _ _ _ _ _ _ _ _ _ _ _ _ _ _ _ _ _ _ _ _ _ _ _ _ _ _ _ _ _ _ _ _ _ _ _ _ _ _ _ \n\nself = <selenium.webdriver.remote.errorhandler.ErrorHandler object at 0x7f5fa04f0b50>\nresponse = {'status': 404, 'value': '{\"value\":{\"error\":\"no such element\",\"message\":\"no such element: Unable to locate element: {\\...\\\\n#16 0x5580a521d917 \\\\u003Cunknown>\\\\n#17 0x5580a522e773 \\\\u003Cunknown>\\\\n#18 0x7f6c14094ac3 \\\\u003Cunknown>\\\\n\"}}'}\n\n    def check_response(self, response: Dict[str, Any]) -> None:\n        \"\"\"Checks that a JSON response from the WebDriver does not have an\n        error.\n    \n        :Args:\n         - response - The JSON response from the WebDriver server as a dictionary\n           object.\n    \n        :Raises: If the response contains an error message.\n        \"\"\"\n        status = response.get(\"status\", None)\n        if not status or status == ErrorCode.SUCCESS:\n            return\n        value = None\n        message = response.get(\"message\", \"\")\n        screen: str = response.get(\"screen\", \"\")\n        stacktrace = None\n        if isinstance(status, int):\n            value_json = response.get(\"value\", None)\n            if value_json and isinstance(value_json, str):\n                import json\n    \n                try:\n                    value = json.loads(value_json)\n                    if len(value) == 1:\n                        value = value[\"value\"]\n                    status = value.get(\"error\", None)\n                    if not status:\n                        status = value.get(\"status\", ErrorCode.UNKNOWN_ERROR)\n                        message = value.get(\"value\") or value.get(\"message\")\n                        if not isinstance(message, str):\n                            value = message\n                            message = message.get(\"message\")\n                    else:\n                        message = value.get(\"message\", None)\n                except ValueError:\n                    pass\n    \n        exception_class: Type[WebDriverException]\n        e = ErrorCode()\n        error_codes = [item for item in dir(e) if not item.startswith(\"__\")]\n        for error_code in error_codes:\n            error_info = getattr(ErrorCode, error_code)\n            if isinstance(error_info, list) and status in error_info:\n                exception_class = getattr(ExceptionMapping, error_code, WebDriverException)\n                break\n        else:\n            exception_class = WebDriverException\n    \n        if not value:\n            value = response[\"value\"]\n        if isinstance(value, str):\n            raise exception_class(value)\n        if message == \"\" and \"message\" in value:\n            message = value[\"message\"]\n    \n        screen = None  # type: ignore[assignment]\n        if \"screen\" in value:\n            screen = value[\"screen\"]\n    \n        stacktrace = None\n        st_value = value.get(\"stackTrace\") or value.get(\"stacktrace\")\n        if st_value:\n            if isinstance(st_value, str):\n                stacktrace = st_value.split(\"\\n\")\n            else:\n                stacktrace = []\n                try:\n                    for frame in st_value:\n                        line = frame.get(\"lineNumber\", \"\")\n                        file = frame.get(\"fileName\", \"<anonymous>\")\n                        if line:\n                            file = f\"{file}:{line}\"\n                        meth = frame.get(\"methodName\", \"<anonymous>\")\n                        if \"className\" in frame:\n                            meth = f\"{frame['className']}.{meth}\"\n                        msg = \"    at %s (%s)\"\n                        msg = msg % (meth, file)\n                        stacktrace.append(msg)\n                except TypeError:\n                    pass\n        if exception_class == UnexpectedAlertPresentException:\n            alert_text = None\n            if \"data\" in value:\n                alert_text = value[\"data\"].get(\"text\")\n            elif \"alert\" in value:\n                alert_text = value[\"alert\"].get(\"text\")\n            raise exception_class(message, screen, stacktrace, alert_text)  # type: ignore[call-arg]  # mypy is not smart enough here\n>       raise exception_class(message, screen, stacktrace)\nE       selenium.common.exceptions.NoSuchElementException: Message: no such element: Unable to locate element: {\"method\":\"css selector\",\"selector\":\"[id=\"ContentPlaceHolderDefault_ctl13_nptLLPG2_25_addresslookup_txtTmpPostcode\"]\"}\nE         (Session info: headless chrome=119.0.6045.159); For documentation on this error, please visit: https://www.selenium.dev/documentation/webdriver/troubleshooting/errors#no-such-element-exception\nE       Stacktrace:\nE       #0 0x5580a522f5e3 <unknown>\nE       #1 0x5580a4ef20b7 <unknown>\nE       #2 0x5580a4f3ff53 <unknown>\nE       #3 0x5580a4f40051 <unknown>\nE       #4 0x5580a4f859c4 <unknown>\nE       #5 0x5580a4f66f1d <unknown>\nE       #6 0x5580a4f82b3d <unknown>\nE       #7 0x5580a4f66cc3 <unknown>\nE       #8 0x5580a4f320e4 <unknown>\nE       #9 0x5580a4f330ae <unknown>\nE       #10 0x5580a51f5ce1 <unknown>\nE       #11 0x5580a51f9b7e <unknown>\nE       #12 0x5580a51e34b5 <unknown>\nE       #13 0x5580a51fa7d6 <unknown>\nE       #14 0x5580a51c6dbf <unknown>\nE       #15 0x5580a521d748 <unknown>\nE       #16 0x5580a521d917 <unknown>\nE       #17 0x5580a522e773 <unknown>\nE       #18 0x7f6c14094ac3 <unknown>\n\n../../../.cache/pypoetry/virtualenvs/uk-bin-collection-EwS6Gn8s-py3.10/lib/python3.10/site-packages/selenium/webdriver/remote/errorhandler.py:229: NoSuchElementException","flaky":true,"newFailed":false,"newBroken":false,"newPassed":false,"retriesCount":0,"retriesStatusChange":false,"beforeStages":[],"testStage":{"status":"failed","statusMessage":"selenium.common.exceptions.NoSuchElementException: Message: no such element: Unable to locate element: {\"method\":\"css selector\",\"selector\":\"[id=\"ContentPlaceHolderDefault_ctl13_nptLLPG2_25_addresslookup_txtTmpPostcode\"]\"}\n  (Session info: headless chrome=119.0.6045.159); For documentation on this error, please visit: https://www.selenium.dev/documentation/webdriver/troubleshooting/errors#no-such-element-exception\nStacktrace:\n#0 0x5580a522f5e3 <unknown>\n#1 0x5580a4ef20b7 <unknown>\n#2 0x5580a4f3ff53 <unknown>\n#3 0x5580a4f40051 <unknown>\n#4 0x5580a4f859c4 <unknown>\n#5 0x5580a4f66f1d <unknown>\n#6 0x5580a4f82b3d <unknown>\n#7 0x5580a4f66cc3 <unknown>\n#8 0x5580a4f320e4 <unknown>\n#9 0x5580a4f330ae <unknown>\n#10 0x5580a51f5ce1 <unknown>\n#11 0x5580a51f9b7e <unknown>\n#12 0x5580a51e34b5 <unknown>\n#13 0x5580a51fa7d6 <unknown>\n#14 0x5580a51c6dbf <unknown>\n#15 0x5580a521d748 <unknown>\n#16 0x5580a521d917 <unknown>\n#17 0x5580a522e773 <unknown>\n#18 0x7f6c14094ac3 <unknown>","statusTrace":"fixturefunc = <function scrape_step at 0x7f5f9bf1e5f0>\nrequest = <FixtureRequest for <Function test_scenario_outline[NeathPortTalbotCouncil-http://selenium:4444-local]>>\nkwargs = {'context': <test_validate_council.context.<locals>.Context object at 0x7f5f8c511f30>, 'council': 'NeathPortTalbotCouncil', 'selenium_mode': 'local', 'selenium_url': 'http://selenium:4444'}\n\n    def call_fixture_func(\n        fixturefunc: \"_FixtureFunc[FixtureValue]\", request: FixtureRequest, kwargs\n    ) -> FixtureValue:\n        if is_generator(fixturefunc):\n            fixturefunc = cast(\n                Callable[..., Generator[FixtureValue, None, None]], fixturefunc\n            )\n            generator = fixturefunc(**kwargs)\n            try:\n                fixture_result = next(generator)\n            except StopIteration:\n                raise ValueError(f\"{request.fixturename} did not yield a value\") from None\n            finalizer = functools.partial(_teardown_yield_fixture, fixturefunc, generator)\n            request.addfinalizer(finalizer)\n        else:\n            fixturefunc = cast(Callable[..., FixtureValue], fixturefunc)\n>           fixture_result = fixturefunc(**kwargs)\n\n../../../.cache/pypoetry/virtualenvs/uk-bin-collection-EwS6Gn8s-py3.10/lib/python3.10/site-packages/_pytest/fixtures.py:902: \n_ _ _ _ _ _ _ _ _ _ _ _ _ _ _ _ _ _ _ _ _ _ _ _ _ _ _ _ _ _ _ _ _ _ _ _ _ _ _ _ \nuk_bin_collection/tests/step_defs/test_validate_council.py:75: in scrape_step\n    raise (err)\nuk_bin_collection/tests/step_defs/test_validate_council.py:71: in scrape_step\n    context.parse_result = CollectData.run()\nuk_bin_collection/uk_bin_collection/collect_data.py:78: in run\n    return self.client_code(\nuk_bin_collection/uk_bin_collection/collect_data.py:65: in client_code\n    return get_bin_data_class.template_method(address_url, **kwargs)\nuk_bin_collection/uk_bin_collection/get_bin_data.py:71: in template_method\n    bin_data_dict = self.parse_data(\nuk_bin_collection/uk_bin_collection/councils/NeathPortTalbotCouncil.py:41: in parse_data\n    inputElement_postcode = driver.find_element(\n../../../.cache/pypoetry/virtualenvs/uk-bin-collection-EwS6Gn8s-py3.10/lib/python3.10/site-packages/selenium/webdriver/remote/webdriver.py:738: in find_element\n    return self.execute(Command.FIND_ELEMENT, {\"using\": by, \"value\": value})[\"value\"]\n../../../.cache/pypoetry/virtualenvs/uk-bin-collection-EwS6Gn8s-py3.10/lib/python3.10/site-packages/selenium/webdriver/remote/webdriver.py:344: in execute\n    self.error_handler.check_response(response)\n_ _ _ _ _ _ _ _ _ _ _ _ _ _ _ _ _ _ _ _ _ _ _ _ _ _ _ _ _ _ _ _ _ _ _ _ _ _ _ _ \n\nself = <selenium.webdriver.remote.errorhandler.ErrorHandler object at 0x7f5fa04f0b50>\nresponse = {'status': 404, 'value': '{\"value\":{\"error\":\"no such element\",\"message\":\"no such element: Unable to locate element: {\\...\\\\n#16 0x5580a521d917 \\\\u003Cunknown>\\\\n#17 0x5580a522e773 \\\\u003Cunknown>\\\\n#18 0x7f6c14094ac3 \\\\u003Cunknown>\\\\n\"}}'}\n\n    def check_response(self, response: Dict[str, Any]) -> None:\n        \"\"\"Checks that a JSON response from the WebDriver does not have an\n        error.\n    \n        :Args:\n         - response - The JSON response from the WebDriver server as a dictionary\n           object.\n    \n        :Raises: If the response contains an error message.\n        \"\"\"\n        status = response.get(\"status\", None)\n        if not status or status == ErrorCode.SUCCESS:\n            return\n        value = None\n        message = response.get(\"message\", \"\")\n        screen: str = response.get(\"screen\", \"\")\n        stacktrace = None\n        if isinstance(status, int):\n            value_json = response.get(\"value\", None)\n            if value_json and isinstance(value_json, str):\n                import json\n    \n                try:\n                    value = json.loads(value_json)\n                    if len(value) == 1:\n                        value = value[\"value\"]\n                    status = value.get(\"error\", None)\n                    if not status:\n                        status = value.get(\"status\", ErrorCode.UNKNOWN_ERROR)\n                        message = value.get(\"value\") or value.get(\"message\")\n                        if not isinstance(message, str):\n                            value = message\n                            message = message.get(\"message\")\n                    else:\n                        message = value.get(\"message\", None)\n                except ValueError:\n                    pass\n    \n        exception_class: Type[WebDriverException]\n        e = ErrorCode()\n        error_codes = [item for item in dir(e) if not item.startswith(\"__\")]\n        for error_code in error_codes:\n            error_info = getattr(ErrorCode, error_code)\n            if isinstance(error_info, list) and status in error_info:\n                exception_class = getattr(ExceptionMapping, error_code, WebDriverException)\n                break\n        else:\n            exception_class = WebDriverException\n    \n        if not value:\n            value = response[\"value\"]\n        if isinstance(value, str):\n            raise exception_class(value)\n        if message == \"\" and \"message\" in value:\n            message = value[\"message\"]\n    \n        screen = None  # type: ignore[assignment]\n        if \"screen\" in value:\n            screen = value[\"screen\"]\n    \n        stacktrace = None\n        st_value = value.get(\"stackTrace\") or value.get(\"stacktrace\")\n        if st_value:\n            if isinstance(st_value, str):\n                stacktrace = st_value.split(\"\\n\")\n            else:\n                stacktrace = []\n                try:\n                    for frame in st_value:\n                        line = frame.get(\"lineNumber\", \"\")\n                        file = frame.get(\"fileName\", \"<anonymous>\")\n                        if line:\n                            file = f\"{file}:{line}\"\n                        meth = frame.get(\"methodName\", \"<anonymous>\")\n                        if \"className\" in frame:\n                            meth = f\"{frame['className']}.{meth}\"\n                        msg = \"    at %s (%s)\"\n                        msg = msg % (meth, file)\n                        stacktrace.append(msg)\n                except TypeError:\n                    pass\n        if exception_class == UnexpectedAlertPresentException:\n            alert_text = None\n            if \"data\" in value:\n                alert_text = value[\"data\"].get(\"text\")\n            elif \"alert\" in value:\n                alert_text = value[\"alert\"].get(\"text\")\n            raise exception_class(message, screen, stacktrace, alert_text)  # type: ignore[call-arg]  # mypy is not smart enough here\n>       raise exception_class(message, screen, stacktrace)\nE       selenium.common.exceptions.NoSuchElementException: Message: no such element: Unable to locate element: {\"method\":\"css selector\",\"selector\":\"[id=\"ContentPlaceHolderDefault_ctl13_nptLLPG2_25_addresslookup_txtTmpPostcode\"]\"}\nE         (Session info: headless chrome=119.0.6045.159); For documentation on this error, please visit: https://www.selenium.dev/documentation/webdriver/troubleshooting/errors#no-such-element-exception\nE       Stacktrace:\nE       #0 0x5580a522f5e3 <unknown>\nE       #1 0x5580a4ef20b7 <unknown>\nE       #2 0x5580a4f3ff53 <unknown>\nE       #3 0x5580a4f40051 <unknown>\nE       #4 0x5580a4f859c4 <unknown>\nE       #5 0x5580a4f66f1d <unknown>\nE       #6 0x5580a4f82b3d <unknown>\nE       #7 0x5580a4f66cc3 <unknown>\nE       #8 0x5580a4f320e4 <unknown>\nE       #9 0x5580a4f330ae <unknown>\nE       #10 0x5580a51f5ce1 <unknown>\nE       #11 0x5580a51f9b7e <unknown>\nE       #12 0x5580a51e34b5 <unknown>\nE       #13 0x5580a51fa7d6 <unknown>\nE       #14 0x5580a51c6dbf <unknown>\nE       #15 0x5580a521d748 <unknown>\nE       #16 0x5580a521d917 <unknown>\nE       #17 0x5580a522e773 <unknown>\nE       #18 0x7f6c14094ac3 <unknown>\n\n../../../.cache/pypoetry/virtualenvs/uk-bin-collection-EwS6Gn8s-py3.10/lib/python3.10/site-packages/selenium/webdriver/remote/errorhandler.py:229: NoSuchElementException","steps":[{"name":"Given the council: NeathPortTalbotCouncil","time":{"start":1700788589494,"stop":1700788589494,"duration":0},"status":"passed","steps":[],"attachments":[],"parameters":[],"shouldDisplayMessage":false,"stepsCount":0,"attachmentsCount":0,"hasContent":false},{"name":"When we scrape the data from NeathPortTalbotCouncil using local and the http://selenium:4444 is set","time":{"start":1700788589494,"stop":1700788593985,"duration":4491},"status":"failed","statusMessage":"Message: no such element: Unable to locate element: {\"method\":\"css selector\",\"selector\":\"[id=\"ContentPlaceHolderDefault_ctl13_nptLLPG2_25_addresslookup_txtTmpPostcode\"]\"}\n  (Session info: headless chrome=119.0.6045.159); For documentation on this error, please visit: https://www.selenium.dev/documentation/webdriver/troubleshooting/errors#no-such-element-exception\nStacktrace:\n#0 0x5580a522f5e3 <unknown>\n#1 0x5580a4ef20b7 <unknown>\n#2 0x5580a4f3ff53 <unknown>\n#3 0x5580a4f40051 <unknown>\n#4 0x5580a4f859c4 <unknown>\n#5 0x5580a4f66f1d <unknown>\n#6 0x5580a4f82b3d <unknown>\n#7 0x5580a4f66cc3 <unknown>\n#8 0x5580a4f320e4 <unknown>\n#9 0x5580a4f330ae <unknown>\n#10 0x5580a51f5ce1 <unknown>\n#11 0x5580a51f9b7e <unknown>\n#12 0x5580a51e34b5 <unknown>\n#13 0x5580a51fa7d6 <unknown>\n#14 0x5580a51c6dbf <unknown>\n#15 0x5580a521d748 <unknown>\n#16 0x5580a521d917 <unknown>\n#17 0x5580a522e773 <unknown>\n#18 0x7f6c14094ac3 <unknown>\n","statusTrace":"selenium.common.exceptions.NoSuchElementException: Message: no such element: Unable to locate element: {\"method\":\"css selector\",\"selector\":\"[id=\"ContentPlaceHolderDefault_ctl13_nptLLPG2_25_addresslookup_txtTmpPostcode\"]\"}\n  (Session info: headless chrome=119.0.6045.159); For documentation on this error, please visit: https://www.selenium.dev/documentation/webdriver/troubleshooting/errors#no-such-element-exception\nStacktrace:\n#0 0x5580a522f5e3 <unknown>\n#1 0x5580a4ef20b7 <unknown>\n#2 0x5580a4f3ff53 <unknown>\n#3 0x5580a4f40051 <unknown>\n#4 0x5580a4f859c4 <unknown>\n#5 0x5580a4f66f1d <unknown>\n#6 0x5580a4f82b3d <unknown>\n#7 0x5580a4f66cc3 <unknown>\n#8 0x5580a4f320e4 <unknown>\n#9 0x5580a4f330ae <unknown>\n#10 0x5580a51f5ce1 <unknown>\n#11 0x5580a51f9b7e <unknown>\n#12 0x5580a51e34b5 <unknown>\n#13 0x5580a51fa7d6 <unknown>\n#14 0x5580a51c6dbf <unknown>\n#15 0x5580a521d748 <unknown>\n#16 0x5580a521d917 <unknown>\n#17 0x5580a522e773 <unknown>\n#18 0x7f6c14094ac3 <unknown>\n\n","steps":[],"attachments":[],"parameters":[],"shouldDisplayMessage":true,"stepsCount":0,"attachmentsCount":0,"hasContent":true}],"attachments":[],"parameters":[],"shouldDisplayMessage":true,"stepsCount":2,"attachmentsCount":0,"hasContent":true},"afterStages":[],"labels":[{"name":"host","value":"fv-az525-246"},{"name":"thread","value":"2694-MainThread"},{"name":"framework","value":"pytest-bdd"},{"name":"language","value":"cpython3"},{"name":"feature","value":"Test each council output matches expected results"},{"name":"resultFormat","value":"allure2"}],"parameters":[{"name":"council","value":"NeathPortTalbotCouncil"},{"name":"selenium_mode","value":"local"},{"name":"selenium_url","value":"http://selenium:4444"}],"links":[],"hidden":false,"retry":false,"extra":{"severity":"normal","retries":[],"categories":[{"name":"Product defects","matchedStatuses":[],"flaky":false}],"history":{"statistic":{"failed":10,"broken":0,"skipped":0,"passed":13,"unknown":0,"total":23},"items":[{"uid":"fe0a3172ad5c535c","reportUrl":"https://robbrad.github.io/UKBinCollectionData/3.10/1145//#testresult/fe0a3172ad5c535c","status":"failed","statusDetails":"selenium.common.exceptions.NoSuchElementException: Message: no such element: Unable to locate element: {\"method\":\"css selector\",\"selector\":\"[id=\"ContentPlaceHolderDefault_ctl13_nptLLPG2_25_addresslookup_txtTmpPostcode\"]\"}\n  (Session info: headless chrome=119.0.6045.159); For documentation on this error, please visit: https://www.selenium.dev/documentation/webdriver/troubleshooting/errors#no-such-element-exception\nStacktrace:\n#0 0x56148bbf95e3 <unknown>\n#1 0x56148b8bc0b7 <unknown>\n#2 0x56148b909f53 <unknown>\n#3 0x56148b90a051 <unknown>\n#4 0x56148b94f9c4 <unknown>\n#5 0x56148b930f1d <unknown>\n#6 0x56148b94cb3d <unknown>\n#7 0x56148b930cc3 <unknown>\n#8 0x56148b8fc0e4 <unknown>\n#9 0x56148b8fd0ae <unknown>\n#10 0x56148bbbfce1 <unknown>\n#11 0x56148bbc3b7e <unknown>\n#12 0x56148bbad4b5 <unknown>\n#13 0x56148bbc47d6 <unknown>\n#14 0x56148bb90dbf <unknown>\n#15 0x56148bbe7748 <unknown>\n#16 0x56148bbe7917 <unknown>\n#17 0x56148bbf8773 <unknown>\n#18 0x7f63fb894ac3 <unknown>","time":{"start":1700702300001,"stop":1700702303827,"duration":3826}},{"uid":"21b9de2a3795fc8","reportUrl":"https://robbrad.github.io/UKBinCollectionData/3.10/1143//#testresult/21b9de2a3795fc8","status":"passed","time":{"start":1700646377374,"stop":1700646383062,"duration":5688}},{"uid":"5b5d63f3652274d4","reportUrl":"https://robbrad.github.io/UKBinCollectionData/3.10/1141//#testresult/5b5d63f3652274d4","status":"passed","time":{"start":1700616061746,"stop":1700616068063,"duration":6317}},{"uid":"cbe4e0d07753efbd","reportUrl":"https://robbrad.github.io/UKBinCollectionData/3.10/1136//#testresult/cbe4e0d07753efbd","status":"passed","time":{"start":1700529684992,"stop":1700529692257,"duration":7265}},{"uid":"9bd5d22baa43e239","reportUrl":"https://robbrad.github.io/UKBinCollectionData/3.10/1135//#testresult/9bd5d22baa43e239","status":"failed","statusDetails":"ValueError: time data 'Monday, 20\\xa0November (Today) 2023' does not match format '%A, %d %B %Y'","time":{"start":1700443170714,"stop":1700443178437,"duration":7723}},{"uid":"3cfb9dd7a169deed","reportUrl":"https://robbrad.github.io/UKBinCollectionData/3.10/1134//#testresult/3cfb9dd7a169deed","status":"failed","statusDetails":"ValueError: time data 'Monday, 20\\xa0November (Tomorrow) 2023' does not match format '%A, %d %B %Y'","time":{"start":1700357000895,"stop":1700357012073,"duration":11178}},{"uid":"6eccba6baa55d339","reportUrl":"https://robbrad.github.io/UKBinCollectionData/3.10/1133//#testresult/6eccba6baa55d339","status":"passed","time":{"start":1700270315140,"stop":1700270324313,"duration":9173}},{"uid":"c1f2d49743c58e06","reportUrl":"https://robbrad.github.io/UKBinCollectionData/3.10/1132//#testresult/c1f2d49743c58e06","status":"passed","time":{"start":1700183922832,"stop":1700183929176,"duration":6344}},{"uid":"cab4f2960d93908a","reportUrl":"https://robbrad.github.io/UKBinCollectionData/3.10/1131//#testresult/cab4f2960d93908a","status":"passed","time":{"start":1700097548696,"stop":1700097555087,"duration":6391}},{"uid":"6b4e27960457e726","reportUrl":"https://robbrad.github.io/UKBinCollectionData/3.10/1129//#testresult/6b4e27960457e726","status":"passed","time":{"start":1700011290651,"stop":1700011295961,"duration":5310}},{"uid":"96b60f85608998e3","reportUrl":"https://robbrad.github.io/UKBinCollectionData/3.10/1128//#testresult/96b60f85608998e3","status":"passed","time":{"start":1699924693051,"stop":1699924699977,"duration":6926}},{"uid":"d4b31e46c20a7f72","reportUrl":"https://robbrad.github.io/UKBinCollectionData/3.10/1127//#testresult/d4b31e46c20a7f72","status":"failed","statusDetails":"ValueError: time data 'Monday, 13\\xa0November (Today) 2023' does not match format '%A, %d %B %Y'","time":{"start":1699838389745,"stop":1699838404423,"duration":14678}},{"uid":"58b985dcefd48d3a","reportUrl":"https://robbrad.github.io/UKBinCollectionData/3.10/1126//#testresult/58b985dcefd48d3a","status":"failed","statusDetails":"ValueError: time data 'Monday, 13\\xa0November (Tomorrow) 2023' does not match format '%A, %d %B %Y'","time":{"start":1699752277471,"stop":1699752302690,"duration":25219}},{"uid":"983477e1917f945e","reportUrl":"https://robbrad.github.io/UKBinCollectionData/3.10/1125//#testresult/983477e1917f945e","status":"failed","statusDetails":"selenium.common.exceptions.NoSuchElementException: Message: Cannot locate option with value: 10023947752; For documentation on this error, please visit: https://www.selenium.dev/documentation/webdriver/troubleshooting/errors#no-such-element-exception","time":{"start":1699669513254,"stop":1699669569955,"duration":56701}},{"uid":"f3edce731023c304","reportUrl":"https://robbrad.github.io/UKBinCollectionData/3.10/1124//#testresult/f3edce731023c304","status":"passed","time":{"start":1699578955341,"stop":1699578964584,"duration":9243}},{"uid":"b68a120aed0e8137","reportUrl":"https://robbrad.github.io/UKBinCollectionData/3.10/1123//#testresult/b68a120aed0e8137","status":"passed","time":{"start":1699492635589,"stop":1699492670277,"duration":34688}},{"uid":"8ba5ef60186aae96","reportUrl":"https://robbrad.github.io/UKBinCollectionData/3.10/1121//#testresult/8ba5ef60186aae96","status":"passed","time":{"start":1699481272179,"stop":1699481287914,"duration":15735}},{"uid":"9e59cdb056900be","reportUrl":"https://robbrad.github.io/UKBinCollectionData/3.10/1117//#testresult/9e59cdb056900be","status":"passed","time":{"start":1699445238251,"stop":1699445255875,"duration":17624}},{"uid":"a68e5bb4223afe27","reportUrl":"https://robbrad.github.io/UKBinCollectionData/3.10/1115//#testresult/a68e5bb4223afe27","status":"passed","time":{"start":1699406437385,"stop":1699406469722,"duration":32337}},{"uid":"2c01169818e0bd6e","reportUrl":"https://robbrad.github.io/UKBinCollectionData/3.10/1114//#testresult/2c01169818e0bd6e","status":"failed","statusDetails":"selenium.common.exceptions.NoSuchElementException: Message: Cannot locate option with value: 10023947752; For documentation on this error, please visit: https://www.selenium.dev/documentation/webdriver/troubleshooting/errors#no-such-element-exception","time":{"start":1699319827935,"stop":1699319833152,"duration":5217}}]},"tags":[]},"source":"db78d1ef77133298.json","parameterValues":["NeathPortTalbotCouncil","local","http://selenium:4444"]}