{"uid":"98356c1346263fa5","name":"Validate Council Output [NeathPortTalbotCouncil]","fullName":"features/validate_council_outputs.feature:Validate Council Output","historyId":"6a7795e00df27bb2a2723cbd96dd78a1","time":{"start":1722903356885,"stop":1722903378269,"duration":21384},"status":"failed","statusMessage":"selenium.common.exceptions.NoSuchElementException: Message: no such element: Unable to locate element: {\"method\":\"css selector\",\"selector\":\"[id=\"ContentPlaceHolderDefault_ctl13_nptLLPG2_25_addresslookup_txtTmpPostcode\"]\"}\n  (Session info: chrome-headless-shell=127.0.6533.72); For documentation on this error, please visit: https://www.selenium.dev/documentation/webdriver/troubleshooting/errors#no-such-element-exception\nStacktrace:\n#0 0x55cc58c7f6ba <unknown>\n#1 0x55cc5894f730 <unknown>\n#2 0x55cc5899ed9b <unknown>\n#3 0x55cc5899f081 <unknown>\n#4 0x55cc589e2cd4 <unknown>\n#5 0x55cc589c1a7d <unknown>\n#6 0x55cc589e01ca <unknown>\n#7 0x55cc589c17f3 <unknown>\n#8 0x55cc58991ec9 <unknown>\n#9 0x55cc5899291e <unknown>\n#10 0x55cc58c459eb <unknown>\n#11 0x55cc58c49972 <unknown>\n#12 0x55cc58c32e15 <unknown>\n#13 0x55cc58c4a502 <unknown>\n#14 0x55cc58c17d2f <unknown>\n#15 0x55cc58c6e578 <unknown>\n#16 0x55cc58c6e750 <unknown>\n#17 0x55cc58c7e48c <unknown>\n#18 0x7f9b5f39ca94 <unknown>\n#19 0x7f9b5f429a34 __clone","statusTrace":"fixturefunc = <function scrape_step at 0x7f76be935da0>\nrequest = <FixtureRequest for <Function test_scenario_outline[NeathPortTalbotCouncil]>>\nkwargs = {'context': <test_validate_council.Context object at 0x7f76d0788170>, 'headless_mode': 'True', 'local_browser': 'False', 'selenium_url': 'http://localhost:4444'}\n\n    def call_fixture_func(\n        fixturefunc: _FixtureFunc[FixtureValue], request: FixtureRequest, kwargs\n    ) -> FixtureValue:\n        if is_generator(fixturefunc):\n            fixturefunc = cast(\n                Callable[..., Generator[FixtureValue, None, None]], fixturefunc\n            )\n            generator = fixturefunc(**kwargs)\n            try:\n                fixture_result = next(generator)\n            except StopIteration:\n                raise ValueError(f\"{request.fixturename} did not yield a value\") from None\n            finalizer = functools.partial(_teardown_yield_fixture, fixturefunc, generator)\n            request.addfinalizer(finalizer)\n        else:\n            fixturefunc = cast(Callable[..., FixtureValue], fixturefunc)\n>           fixture_result = fixturefunc(**kwargs)\n\n../../../.cache/pypoetry/virtualenvs/uk-bin-collection-EwS6Gn8s-py3.12/lib/python3.12/site-packages/_pytest/fixtures.py:897: \n_ _ _ _ _ _ _ _ _ _ _ _ _ _ _ _ _ _ _ _ _ _ _ _ _ _ _ _ _ _ _ _ _ _ _ _ _ _ _ _ \nuk_bin_collection/tests/step_defs/test_validate_council.py:100: in scrape_step\n    context.parse_result = CollectData.run()\nuk_bin_collection/uk_bin_collection/collect_data.py:101: in run\n    return self.client_code(\nuk_bin_collection/uk_bin_collection/collect_data.py:121: in client_code\n    return get_bin_data_class.template_method(address_url, **kwargs)\nuk_bin_collection/uk_bin_collection/get_bin_data.py:61: in template_method\n    bin_data_dict = self.get_and_parse_data(this_url, **kwargs)\nuk_bin_collection/uk_bin_collection/get_bin_data.py:84: in get_and_parse_data\n    bin_data_dict = self.parse_data(\"\", url=address_url, **kwargs)\nuk_bin_collection/uk_bin_collection/councils/NeathPortTalbotCouncil.py:43: in parse_data\n    inputElement_postcode = driver.find_element(\n../../../.cache/pypoetry/virtualenvs/uk-bin-collection-EwS6Gn8s-py3.12/lib/python3.12/site-packages/selenium/webdriver/remote/webdriver.py:748: in find_element\n    return self.execute(Command.FIND_ELEMENT, {\"using\": by, \"value\": value})[\"value\"]\n../../../.cache/pypoetry/virtualenvs/uk-bin-collection-EwS6Gn8s-py3.12/lib/python3.12/site-packages/selenium/webdriver/remote/webdriver.py:354: in execute\n    self.error_handler.check_response(response)\n_ _ _ _ _ _ _ _ _ _ _ _ _ _ _ _ _ _ _ _ _ _ _ _ _ _ _ _ _ _ _ _ _ _ _ _ _ _ _ _ \n\nself = <selenium.webdriver.remote.errorhandler.ErrorHandler object at 0x7f76bf573980>\nresponse = {'status': 404, 'value': '{\"value\":{\"error\":\"no such element\",\"message\":\"no such element: Unable to locate element: {\\...unknown>\\\\n#17 0x55cc58c7e48c \\\\u003Cunknown>\\\\n#18 0x7f9b5f39ca94 \\\\u003Cunknown>\\\\n#19 0x7f9b5f429a34 __clone\\\\n\"}}'}\n\n    def check_response(self, response: Dict[str, Any]) -> None:\n        \"\"\"Checks that a JSON response from the WebDriver does not have an\n        error.\n    \n        :Args:\n         - response - The JSON response from the WebDriver server as a dictionary\n           object.\n    \n        :Raises: If the response contains an error message.\n        \"\"\"\n        status = response.get(\"status\", None)\n        if not status or status == ErrorCode.SUCCESS:\n            return\n        value = None\n        message = response.get(\"message\", \"\")\n        screen: str = response.get(\"screen\", \"\")\n        stacktrace = None\n        if isinstance(status, int):\n            value_json = response.get(\"value\", None)\n            if value_json and isinstance(value_json, str):\n                import json\n    \n                try:\n                    value = json.loads(value_json)\n                    if len(value) == 1:\n                        value = value[\"value\"]\n                    status = value.get(\"error\", None)\n                    if not status:\n                        status = value.get(\"status\", ErrorCode.UNKNOWN_ERROR)\n                        message = value.get(\"value\") or value.get(\"message\")\n                        if not isinstance(message, str):\n                            value = message\n                            message = message.get(\"message\")\n                    else:\n                        message = value.get(\"message\", None)\n                except ValueError:\n                    pass\n    \n        exception_class: Type[WebDriverException]\n        e = ErrorCode()\n        error_codes = [item for item in dir(e) if not item.startswith(\"__\")]\n        for error_code in error_codes:\n            error_info = getattr(ErrorCode, error_code)\n            if isinstance(error_info, list) and status in error_info:\n                exception_class = getattr(ExceptionMapping, error_code, WebDriverException)\n                break\n        else:\n            exception_class = WebDriverException\n    \n        if not value:\n            value = response[\"value\"]\n        if isinstance(value, str):\n            raise exception_class(value)\n        if message == \"\" and \"message\" in value:\n            message = value[\"message\"]\n    \n        screen = None  # type: ignore[assignment]\n        if \"screen\" in value:\n            screen = value[\"screen\"]\n    \n        stacktrace = None\n        st_value = value.get(\"stackTrace\") or value.get(\"stacktrace\")\n        if st_value:\n            if isinstance(st_value, str):\n                stacktrace = st_value.split(\"\\n\")\n            else:\n                stacktrace = []\n                try:\n                    for frame in st_value:\n                        line = frame.get(\"lineNumber\", \"\")\n                        file = frame.get(\"fileName\", \"<anonymous>\")\n                        if line:\n                            file = f\"{file}:{line}\"\n                        meth = frame.get(\"methodName\", \"<anonymous>\")\n                        if \"className\" in frame:\n                            meth = f\"{frame['className']}.{meth}\"\n                        msg = \"    at %s (%s)\"\n                        msg = msg % (meth, file)\n                        stacktrace.append(msg)\n                except TypeError:\n                    pass\n        if exception_class == UnexpectedAlertPresentException:\n            alert_text = None\n            if \"data\" in value:\n                alert_text = value[\"data\"].get(\"text\")\n            elif \"alert\" in value:\n                alert_text = value[\"alert\"].get(\"text\")\n            raise exception_class(message, screen, stacktrace, alert_text)  # type: ignore[call-arg]  # mypy is not smart enough here\n>       raise exception_class(message, screen, stacktrace)\nE       selenium.common.exceptions.NoSuchElementException: Message: no such element: Unable to locate element: {\"method\":\"css selector\",\"selector\":\"[id=\"ContentPlaceHolderDefault_ctl13_nptLLPG2_25_addresslookup_txtTmpPostcode\"]\"}\nE         (Session info: chrome-headless-shell=127.0.6533.72); For documentation on this error, please visit: https://www.selenium.dev/documentation/webdriver/troubleshooting/errors#no-such-element-exception\nE       Stacktrace:\nE       #0 0x55cc58c7f6ba <unknown>\nE       #1 0x55cc5894f730 <unknown>\nE       #2 0x55cc5899ed9b <unknown>\nE       #3 0x55cc5899f081 <unknown>\nE       #4 0x55cc589e2cd4 <unknown>\nE       #5 0x55cc589c1a7d <unknown>\nE       #6 0x55cc589e01ca <unknown>\nE       #7 0x55cc589c17f3 <unknown>\nE       #8 0x55cc58991ec9 <unknown>\nE       #9 0x55cc5899291e <unknown>\nE       #10 0x55cc58c459eb <unknown>\nE       #11 0x55cc58c49972 <unknown>\nE       #12 0x55cc58c32e15 <unknown>\nE       #13 0x55cc58c4a502 <unknown>\nE       #14 0x55cc58c17d2f <unknown>\nE       #15 0x55cc58c6e578 <unknown>\nE       #16 0x55cc58c6e750 <unknown>\nE       #17 0x55cc58c7e48c <unknown>\nE       #18 0x7f9b5f39ca94 <unknown>\nE       #19 0x7f9b5f429a34 __clone\n\n../../../.cache/pypoetry/virtualenvs/uk-bin-collection-EwS6Gn8s-py3.12/lib/python3.12/site-packages/selenium/webdriver/remote/errorhandler.py:229: NoSuchElementException","flaky":false,"newFailed":false,"newBroken":false,"newPassed":false,"retriesCount":0,"retriesStatusChange":false,"beforeStages":[],"testStage":{"status":"failed","statusMessage":"selenium.common.exceptions.NoSuchElementException: Message: no such element: Unable to locate element: {\"method\":\"css selector\",\"selector\":\"[id=\"ContentPlaceHolderDefault_ctl13_nptLLPG2_25_addresslookup_txtTmpPostcode\"]\"}\n  (Session info: chrome-headless-shell=127.0.6533.72); For documentation on this error, please visit: https://www.selenium.dev/documentation/webdriver/troubleshooting/errors#no-such-element-exception\nStacktrace:\n#0 0x55cc58c7f6ba <unknown>\n#1 0x55cc5894f730 <unknown>\n#2 0x55cc5899ed9b <unknown>\n#3 0x55cc5899f081 <unknown>\n#4 0x55cc589e2cd4 <unknown>\n#5 0x55cc589c1a7d <unknown>\n#6 0x55cc589e01ca <unknown>\n#7 0x55cc589c17f3 <unknown>\n#8 0x55cc58991ec9 <unknown>\n#9 0x55cc5899291e <unknown>\n#10 0x55cc58c459eb <unknown>\n#11 0x55cc58c49972 <unknown>\n#12 0x55cc58c32e15 <unknown>\n#13 0x55cc58c4a502 <unknown>\n#14 0x55cc58c17d2f <unknown>\n#15 0x55cc58c6e578 <unknown>\n#16 0x55cc58c6e750 <unknown>\n#17 0x55cc58c7e48c <unknown>\n#18 0x7f9b5f39ca94 <unknown>\n#19 0x7f9b5f429a34 __clone","statusTrace":"fixturefunc = <function scrape_step at 0x7f76be935da0>\nrequest = <FixtureRequest for <Function test_scenario_outline[NeathPortTalbotCouncil]>>\nkwargs = {'context': <test_validate_council.Context object at 0x7f76d0788170>, 'headless_mode': 'True', 'local_browser': 'False', 'selenium_url': 'http://localhost:4444'}\n\n    def call_fixture_func(\n        fixturefunc: _FixtureFunc[FixtureValue], request: FixtureRequest, kwargs\n    ) -> FixtureValue:\n        if is_generator(fixturefunc):\n            fixturefunc = cast(\n                Callable[..., Generator[FixtureValue, None, None]], fixturefunc\n            )\n            generator = fixturefunc(**kwargs)\n            try:\n                fixture_result = next(generator)\n            except StopIteration:\n                raise ValueError(f\"{request.fixturename} did not yield a value\") from None\n            finalizer = functools.partial(_teardown_yield_fixture, fixturefunc, generator)\n            request.addfinalizer(finalizer)\n        else:\n            fixturefunc = cast(Callable[..., FixtureValue], fixturefunc)\n>           fixture_result = fixturefunc(**kwargs)\n\n../../../.cache/pypoetry/virtualenvs/uk-bin-collection-EwS6Gn8s-py3.12/lib/python3.12/site-packages/_pytest/fixtures.py:897: \n_ _ _ _ _ _ _ _ _ _ _ _ _ _ _ _ _ _ _ _ _ _ _ _ _ _ _ _ _ _ _ _ _ _ _ _ _ _ _ _ \nuk_bin_collection/tests/step_defs/test_validate_council.py:100: in scrape_step\n    context.parse_result = CollectData.run()\nuk_bin_collection/uk_bin_collection/collect_data.py:101: in run\n    return self.client_code(\nuk_bin_collection/uk_bin_collection/collect_data.py:121: in client_code\n    return get_bin_data_class.template_method(address_url, **kwargs)\nuk_bin_collection/uk_bin_collection/get_bin_data.py:61: in template_method\n    bin_data_dict = self.get_and_parse_data(this_url, **kwargs)\nuk_bin_collection/uk_bin_collection/get_bin_data.py:84: in get_and_parse_data\n    bin_data_dict = self.parse_data(\"\", url=address_url, **kwargs)\nuk_bin_collection/uk_bin_collection/councils/NeathPortTalbotCouncil.py:43: in parse_data\n    inputElement_postcode = driver.find_element(\n../../../.cache/pypoetry/virtualenvs/uk-bin-collection-EwS6Gn8s-py3.12/lib/python3.12/site-packages/selenium/webdriver/remote/webdriver.py:748: in find_element\n    return self.execute(Command.FIND_ELEMENT, {\"using\": by, \"value\": value})[\"value\"]\n../../../.cache/pypoetry/virtualenvs/uk-bin-collection-EwS6Gn8s-py3.12/lib/python3.12/site-packages/selenium/webdriver/remote/webdriver.py:354: in execute\n    self.error_handler.check_response(response)\n_ _ _ _ _ _ _ _ _ _ _ _ _ _ _ _ _ _ _ _ _ _ _ _ _ _ _ _ _ _ _ _ _ _ _ _ _ _ _ _ \n\nself = <selenium.webdriver.remote.errorhandler.ErrorHandler object at 0x7f76bf573980>\nresponse = {'status': 404, 'value': '{\"value\":{\"error\":\"no such element\",\"message\":\"no such element: Unable to locate element: {\\...unknown>\\\\n#17 0x55cc58c7e48c \\\\u003Cunknown>\\\\n#18 0x7f9b5f39ca94 \\\\u003Cunknown>\\\\n#19 0x7f9b5f429a34 __clone\\\\n\"}}'}\n\n    def check_response(self, response: Dict[str, Any]) -> None:\n        \"\"\"Checks that a JSON response from the WebDriver does not have an\n        error.\n    \n        :Args:\n         - response - The JSON response from the WebDriver server as a dictionary\n           object.\n    \n        :Raises: If the response contains an error message.\n        \"\"\"\n        status = response.get(\"status\", None)\n        if not status or status == ErrorCode.SUCCESS:\n            return\n        value = None\n        message = response.get(\"message\", \"\")\n        screen: str = response.get(\"screen\", \"\")\n        stacktrace = None\n        if isinstance(status, int):\n            value_json = response.get(\"value\", None)\n            if value_json and isinstance(value_json, str):\n                import json\n    \n                try:\n                    value = json.loads(value_json)\n                    if len(value) == 1:\n                        value = value[\"value\"]\n                    status = value.get(\"error\", None)\n                    if not status:\n                        status = value.get(\"status\", ErrorCode.UNKNOWN_ERROR)\n                        message = value.get(\"value\") or value.get(\"message\")\n                        if not isinstance(message, str):\n                            value = message\n                            message = message.get(\"message\")\n                    else:\n                        message = value.get(\"message\", None)\n                except ValueError:\n                    pass\n    \n        exception_class: Type[WebDriverException]\n        e = ErrorCode()\n        error_codes = [item for item in dir(e) if not item.startswith(\"__\")]\n        for error_code in error_codes:\n            error_info = getattr(ErrorCode, error_code)\n            if isinstance(error_info, list) and status in error_info:\n                exception_class = getattr(ExceptionMapping, error_code, WebDriverException)\n                break\n        else:\n            exception_class = WebDriverException\n    \n        if not value:\n            value = response[\"value\"]\n        if isinstance(value, str):\n            raise exception_class(value)\n        if message == \"\" and \"message\" in value:\n            message = value[\"message\"]\n    \n        screen = None  # type: ignore[assignment]\n        if \"screen\" in value:\n            screen = value[\"screen\"]\n    \n        stacktrace = None\n        st_value = value.get(\"stackTrace\") or value.get(\"stacktrace\")\n        if st_value:\n            if isinstance(st_value, str):\n                stacktrace = st_value.split(\"\\n\")\n            else:\n                stacktrace = []\n                try:\n                    for frame in st_value:\n                        line = frame.get(\"lineNumber\", \"\")\n                        file = frame.get(\"fileName\", \"<anonymous>\")\n                        if line:\n                            file = f\"{file}:{line}\"\n                        meth = frame.get(\"methodName\", \"<anonymous>\")\n                        if \"className\" in frame:\n                            meth = f\"{frame['className']}.{meth}\"\n                        msg = \"    at %s (%s)\"\n                        msg = msg % (meth, file)\n                        stacktrace.append(msg)\n                except TypeError:\n                    pass\n        if exception_class == UnexpectedAlertPresentException:\n            alert_text = None\n            if \"data\" in value:\n                alert_text = value[\"data\"].get(\"text\")\n            elif \"alert\" in value:\n                alert_text = value[\"alert\"].get(\"text\")\n            raise exception_class(message, screen, stacktrace, alert_text)  # type: ignore[call-arg]  # mypy is not smart enough here\n>       raise exception_class(message, screen, stacktrace)\nE       selenium.common.exceptions.NoSuchElementException: Message: no such element: Unable to locate element: {\"method\":\"css selector\",\"selector\":\"[id=\"ContentPlaceHolderDefault_ctl13_nptLLPG2_25_addresslookup_txtTmpPostcode\"]\"}\nE         (Session info: chrome-headless-shell=127.0.6533.72); For documentation on this error, please visit: https://www.selenium.dev/documentation/webdriver/troubleshooting/errors#no-such-element-exception\nE       Stacktrace:\nE       #0 0x55cc58c7f6ba <unknown>\nE       #1 0x55cc5894f730 <unknown>\nE       #2 0x55cc5899ed9b <unknown>\nE       #3 0x55cc5899f081 <unknown>\nE       #4 0x55cc589e2cd4 <unknown>\nE       #5 0x55cc589c1a7d <unknown>\nE       #6 0x55cc589e01ca <unknown>\nE       #7 0x55cc589c17f3 <unknown>\nE       #8 0x55cc58991ec9 <unknown>\nE       #9 0x55cc5899291e <unknown>\nE       #10 0x55cc58c459eb <unknown>\nE       #11 0x55cc58c49972 <unknown>\nE       #12 0x55cc58c32e15 <unknown>\nE       #13 0x55cc58c4a502 <unknown>\nE       #14 0x55cc58c17d2f <unknown>\nE       #15 0x55cc58c6e578 <unknown>\nE       #16 0x55cc58c6e750 <unknown>\nE       #17 0x55cc58c7e48c <unknown>\nE       #18 0x7f9b5f39ca94 <unknown>\nE       #19 0x7f9b5f429a34 __clone\n\n../../../.cache/pypoetry/virtualenvs/uk-bin-collection-EwS6Gn8s-py3.12/lib/python3.12/site-packages/selenium/webdriver/remote/errorhandler.py:229: NoSuchElementException","steps":[{"name":"Given the council","time":{"start":1722903356885,"stop":1722903356886,"duration":1},"status":"passed","steps":[],"attachments":[],"parameters":[],"shouldDisplayMessage":false,"stepsCount":0,"attachmentsCount":0,"hasContent":false,"attachmentStep":false},{"name":"When we scrape the data from the council","time":{"start":1722903356886,"stop":1722903378269,"duration":21383},"status":"failed","statusMessage":"Message: no such element: Unable to locate element: {\"method\":\"css selector\",\"selector\":\"[id=\"ContentPlaceHolderDefault_ctl13_nptLLPG2_25_addresslookup_txtTmpPostcode\"]\"}\n  (Session info: chrome-headless-shell=127.0.6533.72); For documentation on this error, please visit: https://www.selenium.dev/documentation/webdriver/troubleshooting/errors#no-such-element-exception\nStacktrace:\n#0 0x55cc58c7f6ba <unknown>\n#1 0x55cc5894f730 <unknown>\n#2 0x55cc5899ed9b <unknown>\n#3 0x55cc5899f081 <unknown>\n#4 0x55cc589e2cd4 <unknown>\n#5 0x55cc589c1a7d <unknown>\n#6 0x55cc589e01ca <unknown>\n#7 0x55cc589c17f3 <unknown>\n#8 0x55cc58991ec9 <unknown>\n#9 0x55cc5899291e <unknown>\n#10 0x55cc58c459eb <unknown>\n#11 0x55cc58c49972 <unknown>\n#12 0x55cc58c32e15 <unknown>\n#13 0x55cc58c4a502 <unknown>\n#14 0x55cc58c17d2f <unknown>\n#15 0x55cc58c6e578 <unknown>\n#16 0x55cc58c6e750 <unknown>\n#17 0x55cc58c7e48c <unknown>\n#18 0x7f9b5f39ca94 <unknown>\n#19 0x7f9b5f429a34 __clone\n","statusTrace":"selenium.common.exceptions.NoSuchElementException: Message: no such element: Unable to locate element: {\"method\":\"css selector\",\"selector\":\"[id=\"ContentPlaceHolderDefault_ctl13_nptLLPG2_25_addresslookup_txtTmpPostcode\"]\"}\n  (Session info: chrome-headless-shell=127.0.6533.72); For documentation on this error, please visit: https://www.selenium.dev/documentation/webdriver/troubleshooting/errors#no-such-element-exception\nStacktrace:\n#0 0x55cc58c7f6ba <unknown>\n#1 0x55cc5894f730 <unknown>\n#2 0x55cc5899ed9b <unknown>\n#3 0x55cc5899f081 <unknown>\n#4 0x55cc589e2cd4 <unknown>\n#5 0x55cc589c1a7d <unknown>\n#6 0x55cc589e01ca <unknown>\n#7 0x55cc589c17f3 <unknown>\n#8 0x55cc58991ec9 <unknown>\n#9 0x55cc5899291e <unknown>\n#10 0x55cc58c459eb <unknown>\n#11 0x55cc58c49972 <unknown>\n#12 0x55cc58c32e15 <unknown>\n#13 0x55cc58c4a502 <unknown>\n#14 0x55cc58c17d2f <unknown>\n#15 0x55cc58c6e578 <unknown>\n#16 0x55cc58c6e750 <unknown>\n#17 0x55cc58c7e48c <unknown>\n#18 0x7f9b5f39ca94 <unknown>\n#19 0x7f9b5f429a34 __clone\n\n","steps":[],"attachments":[],"parameters":[],"shouldDisplayMessage":true,"stepsCount":0,"attachmentsCount":0,"hasContent":true,"attachmentStep":false}],"attachments":[{"uid":"24149a5fdbd25aeb","name":"stdout","source":"24149a5fdbd25aeb.txt","type":"text/plain","size":1020}],"parameters":[],"shouldDisplayMessage":true,"stepsCount":2,"attachmentsCount":1,"hasContent":true,"attachmentStep":false},"afterStages":[],"labels":[{"name":"host","value":"fv-az520-724"},{"name":"thread","value":"2834-MainThread"},{"name":"framework","value":"pytest-bdd"},{"name":"language","value":"cpython3"},{"name":"feature","value":"Test each council output matches expected results"},{"name":"resultFormat","value":"allure2"}],"parameters":[{"name":"council","value":"NeathPortTalbotCouncil"}],"links":[],"hidden":false,"retry":false,"extra":{"severity":"normal","retries":[],"categories":[{"name":"Product defects","matchedStatuses":[],"flaky":false}],"history":{"statistic":{"failed":89,"broken":0,"skipped":0,"passed":0,"unknown":0,"total":89},"items":[{"uid":"d225da81addd071b","reportUrl":"https://robbrad.github.io/UKBinCollectionData/3.12/2006//#testresult/d225da81addd071b","status":"failed","statusDetails":"selenium.common.exceptions.ElementClickInterceptedException: Message: element click intercepted: Element is not clickable at point (589, 636)\n  (Session info: chrome-headless-shell=127.0.6533.72)\nStacktrace:\n#0 0x55b3c3e536ba <unknown>\n#1 0x55b3c3b23730 <unknown>\n#2 0x55b3c3b79a96 <unknown>\n#3 0x55b3c3b779ad <unknown>\n#4 0x55b3c3b75447 <unknown>\n#5 0x55b3c3b7430e <unknown>\n#6 0x55b3c3b67d66 <unknown>\n#7 0x55b3c3b95a52 <unknown>\n#8 0x55b3c3b67719 <unknown>\n#9 0x55b3c3b95c1e <unknown>\n#10 0x55b3c3bb41ca <unknown>\n#11 0x55b3c3b957f3 <unknown>\n#12 0x55b3c3b65ec9 <unknown>\n#13 0x55b3c3b6691e <unknown>\n#14 0x55b3c3e199eb <unknown>\n#15 0x55b3c3e1d972 <unknown>\n#16 0x55b3c3e06e15 <unknown>\n#17 0x55b3c3e1e502 <unknown>\n#18 0x55b3c3debd2f <unknown>\n#19 0x55b3c3e42578 <unknown>\n#20 0x55b3c3e42750 <unknown>\n#21 0x55b3c3e5248c <unknown>\n#22 0x7f87fad19a94 <unknown>\n#23 0x7f87fada6a34 __clone","time":{"start":1722817191481,"stop":1722817304546,"duration":113065}},{"uid":"adeadedd90529378","reportUrl":"https://robbrad.github.io/UKBinCollectionData/3.12/2005//#testresult/adeadedd90529378","status":"failed","statusDetails":"selenium.common.exceptions.ElementClickInterceptedException: Message: element click intercepted: Element is not clickable at point (589, 618)\n  (Session info: chrome-headless-shell=127.0.6533.72)\nStacktrace:\n#0 0x55dff6b286ba <unknown>\n#1 0x55dff67f8730 <unknown>\n#2 0x55dff684ea96 <unknown>\n#3 0x55dff684c9ad <unknown>\n#4 0x55dff684a447 <unknown>\n#5 0x55dff684930e <unknown>\n#6 0x55dff683cd66 <unknown>\n#7 0x55dff686aa52 <unknown>\n#8 0x55dff683c719 <unknown>\n#9 0x55dff686ac1e <unknown>\n#10 0x55dff68891ca <unknown>\n#11 0x55dff686a7f3 <unknown>\n#12 0x55dff683aec9 <unknown>\n#13 0x55dff683b91e <unknown>\n#14 0x55dff6aee9eb <unknown>\n#15 0x55dff6af2972 <unknown>\n#16 0x55dff6adbe15 <unknown>\n#17 0x55dff6af3502 <unknown>\n#18 0x55dff6ac0d2f <unknown>\n#19 0x55dff6b17578 <unknown>\n#20 0x55dff6b17750 <unknown>\n#21 0x55dff6b2748c <unknown>\n#22 0x7f66f9f87a94 <unknown>\n#23 0x7f66fa014a34 __clone","time":{"start":1722730697874,"stop":1722730725298,"duration":27424}},{"uid":"36f7960e95c59c42","reportUrl":"https://robbrad.github.io/UKBinCollectionData/3.12/2004//#testresult/36f7960e95c59c42","status":"failed","statusDetails":"selenium.common.exceptions.NoSuchElementException: Message: no such element: Unable to locate element: {\"method\":\"css selector\",\"selector\":\"[id=\"ContentPlaceHolderDefault_ctl13_nptLLPG2_25_addresslookup_txtTmpPostcode\"]\"}\n  (Session info: chrome-headless-shell=127.0.6533.72); For documentation on this error, please visit: https://www.selenium.dev/documentation/webdriver/troubleshooting/errors#no-such-element-exception\nStacktrace:\n#0 0x5556d814a6ba <unknown>\n#1 0x5556d7e1a730 <unknown>\n#2 0x5556d7e69d9b <unknown>\n#3 0x5556d7e6a081 <unknown>\n#4 0x5556d7eadcd4 <unknown>\n#5 0x5556d7e8ca7d <unknown>\n#6 0x5556d7eab1ca <unknown>\n#7 0x5556d7e8c7f3 <unknown>\n#8 0x5556d7e5cec9 <unknown>\n#9 0x5556d7e5d91e <unknown>\n#10 0x5556d81109eb <unknown>\n#11 0x5556d8114972 <unknown>\n#12 0x5556d80fde15 <unknown>\n#13 0x5556d8115502 <unknown>\n#14 0x5556d80e2d2f <unknown>\n#15 0x5556d8139578 <unknown>\n#16 0x5556d8139750 <unknown>\n#17 0x5556d814948c <unknown>\n#18 0x7fba26890a94 <unknown>\n#19 0x7fba2691da34 __clone","time":{"start":1722644306223,"stop":1722644318360,"duration":12137}},{"uid":"3b358478ec13ea74","reportUrl":"https://robbrad.github.io/UKBinCollectionData/3.12/2003//#testresult/3b358478ec13ea74","status":"failed","statusDetails":"selenium.common.exceptions.NoSuchElementException: Message: no such element: Unable to locate element: {\"method\":\"css selector\",\"selector\":\"[id=\"ContentPlaceHolderDefault_ctl13_nptLLPG2_25_addresslookup_txtTmpPostcode\"]\"}\n  (Session info: chrome-headless-shell=127.0.6533.72); For documentation on this error, please visit: https://www.selenium.dev/documentation/webdriver/troubleshooting/errors#no-such-element-exception\nStacktrace:\n#0 0x560bcdefd6ba <unknown>\n#1 0x560bcdbcd730 <unknown>\n#2 0x560bcdc1cd9b <unknown>\n#3 0x560bcdc1d081 <unknown>\n#4 0x560bcdc60cd4 <unknown>\n#5 0x560bcdc3fa7d <unknown>\n#6 0x560bcdc5e1ca <unknown>\n#7 0x560bcdc3f7f3 <unknown>\n#8 0x560bcdc0fec9 <unknown>\n#9 0x560bcdc1091e <unknown>\n#10 0x560bcdec39eb <unknown>\n#11 0x560bcdec7972 <unknown>\n#12 0x560bcdeb0e15 <unknown>\n#13 0x560bcdec8502 <unknown>\n#14 0x560bcde95d2f <unknown>\n#15 0x560bcdeec578 <unknown>\n#16 0x560bcdeec750 <unknown>\n#17 0x560bcdefc48c <unknown>\n#18 0x7fdd45353a94 <unknown>\n#19 0x7fdd453e0a34 __clone","time":{"start":1722557966909,"stop":1722557980676,"duration":13767}},{"uid":"9bb910379983ba8e","reportUrl":"https://robbrad.github.io/UKBinCollectionData/3.12/2002//#testresult/9bb910379983ba8e","status":"failed","statusDetails":"selenium.common.exceptions.NoSuchElementException: Message: no such element: Unable to locate element: {\"method\":\"css selector\",\"selector\":\"[id=\"ContentPlaceHolderDefault_ctl13_nptLLPG2_25_addresslookup_txtTmpPostcode\"]\"}\n  (Session info: chrome-headless-shell=127.0.6533.72); For documentation on this error, please visit: https://www.selenium.dev/documentation/webdriver/troubleshooting/errors#no-such-element-exception\nStacktrace:\n#0 0x5591e23f56ba <unknown>\n#1 0x5591e20c5730 <unknown>\n#2 0x5591e2114d9b <unknown>\n#3 0x5591e2115081 <unknown>\n#4 0x5591e2158cd4 <unknown>\n#5 0x5591e2137a7d <unknown>\n#6 0x5591e21561ca <unknown>\n#7 0x5591e21377f3 <unknown>\n#8 0x5591e2107ec9 <unknown>\n#9 0x5591e210891e <unknown>\n#10 0x5591e23bb9eb <unknown>\n#11 0x5591e23bf972 <unknown>\n#12 0x5591e23a8e15 <unknown>\n#13 0x5591e23c0502 <unknown>\n#14 0x5591e238dd2f <unknown>\n#15 0x5591e23e4578 <unknown>\n#16 0x5591e23e4750 <unknown>\n#17 0x5591e23f448c <unknown>\n#18 0x7f4155103a94 <unknown>\n#19 0x7f4155190a34 __clone","time":{"start":1722471335090,"stop":1722471358718,"duration":23628}},{"uid":"a1371c9dd22e5c36","reportUrl":"https://robbrad.github.io/UKBinCollectionData/3.12/1998//#testresult/a1371c9dd22e5c36","status":"failed","statusDetails":"selenium.common.exceptions.NoSuchElementException: Message: no such element: Unable to locate element: {\"method\":\"css selector\",\"selector\":\"[id=\"ContentPlaceHolderDefault_ctl13_nptLLPG2_25_addresslookup_txtTmpPostcode\"]\"}\n  (Session info: chrome-headless-shell=127.0.6533.72); For documentation on this error, please visit: https://www.selenium.dev/documentation/webdriver/troubleshooting/errors#no-such-element-exception\nStacktrace:\n#0 0x560674bea6ba <unknown>\n#1 0x5606748ba730 <unknown>\n#2 0x560674909d9b <unknown>\n#3 0x56067490a081 <unknown>\n#4 0x56067494dcd4 <unknown>\n#5 0x56067492ca7d <unknown>\n#6 0x56067494b1ca <unknown>\n#7 0x56067492c7f3 <unknown>\n#8 0x5606748fcec9 <unknown>\n#9 0x5606748fd91e <unknown>\n#10 0x560674bb09eb <unknown>\n#11 0x560674bb4972 <unknown>\n#12 0x560674b9de15 <unknown>\n#13 0x560674bb5502 <unknown>\n#14 0x560674b82d2f <unknown>\n#15 0x560674bd9578 <unknown>\n#16 0x560674bd9750 <unknown>\n#17 0x560674be948c <unknown>\n#18 0x7faac35d0a94 <unknown>\n#19 0x7faac365da34 __clone","time":{"start":1722384965529,"stop":1722385048462,"duration":82933}},{"uid":"f4511b8e42d0c03f","reportUrl":"https://robbrad.github.io/UKBinCollectionData/3.12/1997//#testresult/f4511b8e42d0c03f","status":"failed","statusDetails":"selenium.common.exceptions.NoSuchElementException: Message: no such element: Unable to locate element: {\"method\":\"css selector\",\"selector\":\"[id=\"ContentPlaceHolderDefault_ctl13_nptLLPG2_25_addresslookup_txtTmpPostcode\"]\"}\n  (Session info: chrome-headless-shell=127.0.6533.72); For documentation on this error, please visit: https://www.selenium.dev/documentation/webdriver/troubleshooting/errors#no-such-element-exception\nStacktrace:\n#0 0x55dea39256ba <unknown>\n#1 0x55dea35f5730 <unknown>\n#2 0x55dea3644d9b <unknown>\n#3 0x55dea3645081 <unknown>\n#4 0x55dea3688cd4 <unknown>\n#5 0x55dea3667a7d <unknown>\n#6 0x55dea36861ca <unknown>\n#7 0x55dea36677f3 <unknown>\n#8 0x55dea3637ec9 <unknown>\n#9 0x55dea363891e <unknown>\n#10 0x55dea38eb9eb <unknown>\n#11 0x55dea38ef972 <unknown>\n#12 0x55dea38d8e15 <unknown>\n#13 0x55dea38f0502 <unknown>\n#14 0x55dea38bdd2f <unknown>\n#15 0x55dea3914578 <unknown>\n#16 0x55dea3914750 <unknown>\n#17 0x55dea392448c <unknown>\n#18 0x7f01cf02ea94 <unknown>\n#19 0x7f01cf0bba34 __clone","time":{"start":1722298453530,"stop":1722298543713,"duration":90183}},{"uid":"10f75f3d35a7e4a5","reportUrl":"https://robbrad.github.io/UKBinCollectionData/3.12/1996//#testresult/10f75f3d35a7e4a5","status":"failed","statusDetails":"selenium.common.exceptions.NoSuchElementException: Message: no such element: Unable to locate element: {\"method\":\"css selector\",\"selector\":\"[id=\"ContentPlaceHolderDefault_ctl13_nptLLPG2_25_addresslookup_txtTmpPostcode\"]\"}\n  (Session info: chrome-headless-shell=127.0.6533.72); For documentation on this error, please visit: https://www.selenium.dev/documentation/webdriver/troubleshooting/errors#no-such-element-exception\nStacktrace:\n#0 0x5619c50c36ba <unknown>\n#1 0x5619c4d93730 <unknown>\n#2 0x5619c4de2d9b <unknown>\n#3 0x5619c4de3081 <unknown>\n#4 0x5619c4e26cd4 <unknown>\n#5 0x5619c4e05a7d <unknown>\n#6 0x5619c4e241ca <unknown>\n#7 0x5619c4e057f3 <unknown>\n#8 0x5619c4dd5ec9 <unknown>\n#9 0x5619c4dd691e <unknown>\n#10 0x5619c50899eb <unknown>\n#11 0x5619c508d972 <unknown>\n#12 0x5619c5076e15 <unknown>\n#13 0x5619c508e502 <unknown>\n#14 0x5619c505bd2f <unknown>\n#15 0x5619c50b2578 <unknown>\n#16 0x5619c50b2750 <unknown>\n#17 0x5619c50c248c <unknown>\n#18 0x7ff3b6a5da94 <unknown>\n#19 0x7ff3b6aeaa34 __clone","time":{"start":1722212096307,"stop":1722212205726,"duration":109419}},{"uid":"aa9906d21c33086e","reportUrl":"https://robbrad.github.io/UKBinCollectionData/3.12/1995//#testresult/aa9906d21c33086e","status":"failed","statusDetails":"selenium.common.exceptions.ElementClickInterceptedException: Message: element click intercepted: Element is not clickable at point (589, 627)\n  (Session info: chrome-headless-shell=127.0.6533.72)\nStacktrace:\n#0 0x560d8ba706ba <unknown>\n#1 0x560d8b740730 <unknown>\n#2 0x560d8b796a96 <unknown>\n#3 0x560d8b7949ad <unknown>\n#4 0x560d8b792447 <unknown>\n#5 0x560d8b79130e <unknown>\n#6 0x560d8b784d66 <unknown>\n#7 0x560d8b7b2a52 <unknown>\n#8 0x560d8b784719 <unknown>\n#9 0x560d8b7b2c1e <unknown>\n#10 0x560d8b7d11ca <unknown>\n#11 0x560d8b7b27f3 <unknown>\n#12 0x560d8b782ec9 <unknown>\n#13 0x560d8b78391e <unknown>\n#14 0x560d8ba369eb <unknown>\n#15 0x560d8ba3a972 <unknown>\n#16 0x560d8ba23e15 <unknown>\n#17 0x560d8ba3b502 <unknown>\n#18 0x560d8ba08d2f <unknown>\n#19 0x560d8ba5f578 <unknown>\n#20 0x560d8ba5f750 <unknown>\n#21 0x560d8ba6f48c <unknown>\n#22 0x7fb964deda94 <unknown>\n#23 0x7fb964e7aa34 __clone","time":{"start":1722125656360,"stop":1722125677621,"duration":21261}},{"uid":"d7cb4b61ab157297","reportUrl":"https://robbrad.github.io/UKBinCollectionData/3.12/1994//#testresult/d7cb4b61ab157297","status":"failed","statusDetails":"selenium.common.exceptions.NoSuchElementException: Message: no such element: Unable to locate element: {\"method\":\"css selector\",\"selector\":\"[id=\"ContentPlaceHolderDefault_ctl13_nptLLPG2_25_addresslookup_txtTmpPostcode\"]\"}\n  (Session info: chrome-headless-shell=126.0.6478.114); For documentation on this error, please visit: https://www.selenium.dev/documentation/webdriver/troubleshooting/errors#no-such-element-exception\nStacktrace:\n#0 0x5568f040069a <unknown>\n#1 0x5568f00e30dc <unknown>\n#2 0x5568f012f931 <unknown>\n#3 0x5568f012fa21 <unknown>\n#4 0x5568f0174234 <unknown>\n#5 0x5568f015289d <unknown>\n#6 0x5568f01715c3 <unknown>\n#7 0x5568f0152613 <unknown>\n#8 0x5568f01224f7 <unknown>\n#9 0x5568f0122e4e <unknown>\n#10 0x5568f03c686b <unknown>\n#11 0x5568f03ca911 <unknown>\n#12 0x5568f03b235e <unknown>\n#13 0x5568f03cb472 <unknown>\n#14 0x5568f0396cbf <unknown>\n#15 0x5568f03f0098 <unknown>\n#16 0x5568f03f0270 <unknown>\n#17 0x5568f03ff7cc <unknown>\n#18 0x7fd87bae9ac3 <unknown>","time":{"start":1722039415149,"stop":1722039454323,"duration":39174}},{"uid":"3833acf031870739","reportUrl":"https://robbrad.github.io/UKBinCollectionData/3.12/1993//#testresult/3833acf031870739","status":"failed","statusDetails":"selenium.common.exceptions.NoSuchElementException: Message: no such element: Unable to locate element: {\"method\":\"css selector\",\"selector\":\"[id=\"ContentPlaceHolderDefault_ctl13_nptLLPG2_25_addresslookup_txtTmpPostcode\"]\"}\n  (Session info: chrome-headless-shell=126.0.6478.114); For documentation on this error, please visit: https://www.selenium.dev/documentation/webdriver/troubleshooting/errors#no-such-element-exception\nStacktrace:\n#0 0x55ff00a2269a <unknown>\n#1 0x55ff007050dc <unknown>\n#2 0x55ff00751931 <unknown>\n#3 0x55ff00751a21 <unknown>\n#4 0x55ff00796234 <unknown>\n#5 0x55ff0077489d <unknown>\n#6 0x55ff007935c3 <unknown>\n#7 0x55ff00774613 <unknown>\n#8 0x55ff007444f7 <unknown>\n#9 0x55ff00744e4e <unknown>\n#10 0x55ff009e886b <unknown>\n#11 0x55ff009ec911 <unknown>\n#12 0x55ff009d435e <unknown>\n#13 0x55ff009ed472 <unknown>\n#14 0x55ff009b8cbf <unknown>\n#15 0x55ff00a12098 <unknown>\n#16 0x55ff00a12270 <unknown>\n#17 0x55ff00a217cc <unknown>\n#18 0x7fe8dc745ac3 <unknown>","time":{"start":1721952912290,"stop":1721952998357,"duration":86067}},{"uid":"680672e586ad5e23","reportUrl":"https://robbrad.github.io/UKBinCollectionData/3.12/1992//#testresult/680672e586ad5e23","status":"failed","statusDetails":"selenium.common.exceptions.NoSuchElementException: Message: no such element: Unable to locate element: {\"method\":\"css selector\",\"selector\":\"[id=\"ContentPlaceHolderDefault_ctl13_nptLLPG2_25_addresslookup_txtTmpPostcode\"]\"}\n  (Session info: chrome-headless-shell=126.0.6478.114); For documentation on this error, please visit: https://www.selenium.dev/documentation/webdriver/troubleshooting/errors#no-such-element-exception\nStacktrace:\n#0 0x5563aa47369a <unknown>\n#1 0x5563aa1560dc <unknown>\n#2 0x5563aa1a2931 <unknown>\n#3 0x5563aa1a2a21 <unknown>\n#4 0x5563aa1e7234 <unknown>\n#5 0x5563aa1c589d <unknown>\n#6 0x5563aa1e45c3 <unknown>\n#7 0x5563aa1c5613 <unknown>\n#8 0x5563aa1954f7 <unknown>\n#9 0x5563aa195e4e <unknown>\n#10 0x5563aa43986b <unknown>\n#11 0x5563aa43d911 <unknown>\n#12 0x5563aa42535e <unknown>\n#13 0x5563aa43e472 <unknown>\n#14 0x5563aa409cbf <unknown>\n#15 0x5563aa463098 <unknown>\n#16 0x5563aa463270 <unknown>\n#17 0x5563aa4727cc <unknown>\n#18 0x7fc2d35a3ac3 <unknown>","time":{"start":1721866510405,"stop":1721866536223,"duration":25818}},{"uid":"934b5c3575729bd8","reportUrl":"https://robbrad.github.io/UKBinCollectionData/3.12/1991//#testresult/934b5c3575729bd8","status":"failed","statusDetails":"selenium.common.exceptions.NoSuchElementException: Message: no such element: Unable to locate element: {\"method\":\"css selector\",\"selector\":\"[id=\"ContentPlaceHolderDefault_ctl13_nptLLPG2_25_addresslookup_txtTmpPostcode\"]\"}\n  (Session info: chrome-headless-shell=126.0.6478.114); For documentation on this error, please visit: https://www.selenium.dev/documentation/webdriver/troubleshooting/errors#no-such-element-exception\nStacktrace:\n#0 0x55e2c9a1469a <unknown>\n#1 0x55e2c96f70dc <unknown>\n#2 0x55e2c9743931 <unknown>\n#3 0x55e2c9743a21 <unknown>\n#4 0x55e2c9788234 <unknown>\n#5 0x55e2c976689d <unknown>\n#6 0x55e2c97855c3 <unknown>\n#7 0x55e2c9766613 <unknown>\n#8 0x55e2c97364f7 <unknown>\n#9 0x55e2c9736e4e <unknown>\n#10 0x55e2c99da86b <unknown>\n#11 0x55e2c99de911 <unknown>\n#12 0x55e2c99c635e <unknown>\n#13 0x55e2c99df472 <unknown>\n#14 0x55e2c99aacbf <unknown>\n#15 0x55e2c9a04098 <unknown>\n#16 0x55e2c9a04270 <unknown>\n#17 0x55e2c9a137cc <unknown>\n#18 0x7f28e6b51ac3 <unknown>","time":{"start":1721780150619,"stop":1721780238163,"duration":87544}},{"uid":"40860d64aca2cb6","reportUrl":"https://robbrad.github.io/UKBinCollectionData/3.12/1990//#testresult/40860d64aca2cb6","status":"failed","statusDetails":"selenium.common.exceptions.NoSuchElementException: Message: no such element: Unable to locate element: {\"method\":\"css selector\",\"selector\":\"[id=\"ContentPlaceHolderDefault_ctl13_nptLLPG2_25_addresslookup_txtTmpPostcode\"]\"}\n  (Session info: chrome-headless-shell=126.0.6478.114); For documentation on this error, please visit: https://www.selenium.dev/documentation/webdriver/troubleshooting/errors#no-such-element-exception\nStacktrace:\n#0 0x557f0203c69a <unknown>\n#1 0x557f01d1f0dc <unknown>\n#2 0x557f01d6b931 <unknown>\n#3 0x557f01d6ba21 <unknown>\n#4 0x557f01db0234 <unknown>\n#5 0x557f01d8e89d <unknown>\n#6 0x557f01dad5c3 <unknown>\n#7 0x557f01d8e613 <unknown>\n#8 0x557f01d5e4f7 <unknown>\n#9 0x557f01d5ee4e <unknown>\n#10 0x557f0200286b <unknown>\n#11 0x557f02006911 <unknown>\n#12 0x557f01fee35e <unknown>\n#13 0x557f02007472 <unknown>\n#14 0x557f01fd2cbf <unknown>\n#15 0x557f0202c098 <unknown>\n#16 0x557f0202c270 <unknown>\n#17 0x557f0203b7cc <unknown>\n#18 0x7f7814644ac3 <unknown>","time":{"start":1721693644544,"stop":1721693670701,"duration":26157}},{"uid":"9145ef51fc984aa9","reportUrl":"https://robbrad.github.io/UKBinCollectionData/3.12/1989//#testresult/9145ef51fc984aa9","status":"failed","statusDetails":"selenium.common.exceptions.NoSuchElementException: Message: no such element: Unable to locate element: {\"method\":\"css selector\",\"selector\":\"[id=\"ContentPlaceHolderDefault_ctl13_nptLLPG2_25_addresslookup_txtTmpPostcode\"]\"}\n  (Session info: chrome-headless-shell=126.0.6478.114); For documentation on this error, please visit: https://www.selenium.dev/documentation/webdriver/troubleshooting/errors#no-such-element-exception\nStacktrace:\n#0 0x559d082c869a <unknown>\n#1 0x559d07fab0dc <unknown>\n#2 0x559d07ff7931 <unknown>\n#3 0x559d07ff7a21 <unknown>\n#4 0x559d0803c234 <unknown>\n#5 0x559d0801a89d <unknown>\n#6 0x559d080395c3 <unknown>\n#7 0x559d0801a613 <unknown>\n#8 0x559d07fea4f7 <unknown>\n#9 0x559d07feae4e <unknown>\n#10 0x559d0828e86b <unknown>\n#11 0x559d08292911 <unknown>\n#12 0x559d0827a35e <unknown>\n#13 0x559d08293472 <unknown>\n#14 0x559d0825ecbf <unknown>\n#15 0x559d082b8098 <unknown>\n#16 0x559d082b8270 <unknown>\n#17 0x559d082c77cc <unknown>\n#18 0x7f221dc21ac3 <unknown>","time":{"start":1721607260032,"stop":1721607277940,"duration":17908}},{"uid":"4833578954f5a6ed","reportUrl":"https://robbrad.github.io/UKBinCollectionData/3.12/1988//#testresult/4833578954f5a6ed","status":"failed","statusDetails":"selenium.common.exceptions.NoSuchElementException: Message: no such element: Unable to locate element: {\"method\":\"css selector\",\"selector\":\"[id=\"ContentPlaceHolderDefault_ctl13_nptLLPG2_25_addresslookup_txtTmpPostcode\"]\"}\n  (Session info: chrome-headless-shell=126.0.6478.114); For documentation on this error, please visit: https://www.selenium.dev/documentation/webdriver/troubleshooting/errors#no-such-element-exception\nStacktrace:\n#0 0x56549ce2969a <unknown>\n#1 0x56549cb0c0dc <unknown>\n#2 0x56549cb58931 <unknown>\n#3 0x56549cb58a21 <unknown>\n#4 0x56549cb9d234 <unknown>\n#5 0x56549cb7b89d <unknown>\n#6 0x56549cb9a5c3 <unknown>\n#7 0x56549cb7b613 <unknown>\n#8 0x56549cb4b4f7 <unknown>\n#9 0x56549cb4be4e <unknown>\n#10 0x56549cdef86b <unknown>\n#11 0x56549cdf3911 <unknown>\n#12 0x56549cddb35e <unknown>\n#13 0x56549cdf4472 <unknown>\n#14 0x56549cdbfcbf <unknown>\n#15 0x56549ce19098 <unknown>\n#16 0x56549ce19270 <unknown>\n#17 0x56549ce287cc <unknown>\n#18 0x7fbb43aa9ac3 <unknown>","time":{"start":1721520891727,"stop":1721520968859,"duration":77132}},{"uid":"9d059d446534dd54","reportUrl":"https://robbrad.github.io/UKBinCollectionData/3.12/1987//#testresult/9d059d446534dd54","status":"failed","statusDetails":"selenium.common.exceptions.NoSuchElementException: Message: no such element: Unable to locate element: {\"method\":\"css selector\",\"selector\":\"[id=\"ContentPlaceHolderDefault_ctl13_nptLLPG2_25_addresslookup_txtTmpPostcode\"]\"}\n  (Session info: chrome-headless-shell=126.0.6478.114); For documentation on this error, please visit: https://www.selenium.dev/documentation/webdriver/troubleshooting/errors#no-such-element-exception\nStacktrace:\n#0 0x564e9a30269a <unknown>\n#1 0x564e99fe50dc <unknown>\n#2 0x564e9a031931 <unknown>\n#3 0x564e9a031a21 <unknown>\n#4 0x564e9a076234 <unknown>\n#5 0x564e9a05489d <unknown>\n#6 0x564e9a0735c3 <unknown>\n#7 0x564e9a054613 <unknown>\n#8 0x564e9a0244f7 <unknown>\n#9 0x564e9a024e4e <unknown>\n#10 0x564e9a2c886b <unknown>\n#11 0x564e9a2cc911 <unknown>\n#12 0x564e9a2b435e <unknown>\n#13 0x564e9a2cd472 <unknown>\n#14 0x564e9a298cbf <unknown>\n#15 0x564e9a2f2098 <unknown>\n#16 0x564e9a2f2270 <unknown>\n#17 0x564e9a3017cc <unknown>\n#18 0x7fa59b534ac3 <unknown>","time":{"start":1721434472564,"stop":1721434500593,"duration":28029}},{"uid":"1ff9ac77402650bd","reportUrl":"https://robbrad.github.io/UKBinCollectionData/3.12/1986//#testresult/1ff9ac77402650bd","status":"failed","statusDetails":"selenium.common.exceptions.NoSuchElementException: Message: no such element: Unable to locate element: {\"method\":\"css selector\",\"selector\":\"[id=\"ContentPlaceHolderDefault_ctl13_nptLLPG2_25_addresslookup_txtTmpPostcode\"]\"}\n  (Session info: chrome-headless-shell=126.0.6478.114); For documentation on this error, please visit: https://www.selenium.dev/documentation/webdriver/troubleshooting/errors#no-such-element-exception\nStacktrace:\n#0 0x563de870d69a <unknown>\n#1 0x563de83f00dc <unknown>\n#2 0x563de843c931 <unknown>\n#3 0x563de843ca21 <unknown>\n#4 0x563de8481234 <unknown>\n#5 0x563de845f89d <unknown>\n#6 0x563de847e5c3 <unknown>\n#7 0x563de845f613 <unknown>\n#8 0x563de842f4f7 <unknown>\n#9 0x563de842fe4e <unknown>\n#10 0x563de86d386b <unknown>\n#11 0x563de86d7911 <unknown>\n#12 0x563de86bf35e <unknown>\n#13 0x563de86d8472 <unknown>\n#14 0x563de86a3cbf <unknown>\n#15 0x563de86fd098 <unknown>\n#16 0x563de86fd270 <unknown>\n#17 0x563de870c7cc <unknown>\n#18 0x7f8d76a01ac3 <unknown>","time":{"start":1721372620695,"stop":1721372644859,"duration":24164}},{"uid":"c1774c6cf033b24f","reportUrl":"https://robbrad.github.io/UKBinCollectionData/3.12/1985//#testresult/c1774c6cf033b24f","status":"failed","statusDetails":"selenium.common.exceptions.ElementClickInterceptedException: Message: element click intercepted: Element is not clickable at point (589, 627)\n  (Session info: chrome-headless-shell=126.0.6478.114)\nStacktrace:\n#0 0x56203693169a <unknown>\n#1 0x5620366140dc <unknown>\n#2 0x5620366676c6 <unknown>\n#3 0x562036665516 <unknown>\n#4 0x562036662ef7 <unknown>\n#5 0x562036661d2c <unknown>\n#6 0x56203665540f <unknown>\n#7 0x562036683872 <unknown>\n#8 0x562036654d89 <unknown>\n#9 0x562036683a3e <unknown>\n#10 0x5620366a25c3 <unknown>\n#11 0x562036683613 <unknown>\n#12 0x5620366534f7 <unknown>\n#13 0x562036653e4e <unknown>\n#14 0x5620368f786b <unknown>\n#15 0x5620368fb911 <unknown>\n#16 0x5620368e335e <unknown>\n#17 0x5620368fc472 <unknown>\n#18 0x5620368c7cbf <unknown>\n#19 0x562036921098 <unknown>\n#20 0x562036921270 <unknown>\n#21 0x5620369307cc <unknown>\n#22 0x7ff072962ac3 <unknown>","time":{"start":1721263590519,"stop":1721263613542,"duration":23023}},{"uid":"d1ed33cb8ab37763","reportUrl":"https://robbrad.github.io/UKBinCollectionData/3.12/1984//#testresult/d1ed33cb8ab37763","status":"failed","statusDetails":"selenium.common.exceptions.TimeoutException: Message: \nStacktrace:\n#0 0x555a6e7f169a <unknown>\n#1 0x555a6e4d40dc <unknown>\n#2 0x555a6e520931 <unknown>\n#3 0x555a6e520a21 <unknown>\n#4 0x555a6e565234 <unknown>\n#5 0x555a6e54389d <unknown>\n#6 0x555a6e5625c3 <unknown>\n#7 0x555a6e543613 <unknown>\n#8 0x555a6e5134f7 <unknown>\n#9 0x555a6e513e4e <unknown>\n#10 0x555a6e7b786b <unknown>\n#11 0x555a6e7bb911 <unknown>\n#12 0x555a6e7a335e <unknown>\n#13 0x555a6e7bc472 <unknown>\n#14 0x555a6e787cbf <unknown>\n#15 0x555a6e7e1098 <unknown>\n#16 0x555a6e7e1270 <unknown>\n#17 0x555a6e7f07cc <unknown>\n#18 0x7f793fd89ac3 <unknown>","time":{"start":1721176946810,"stop":1721177030846,"duration":84036}}]},"tags":[]},"source":"98356c1346263fa5.json","parameterValues":["NeathPortTalbotCouncil"]}