{"uid":"c3490ebeef9572d8","name":"Validate Council Output [KnowsleyMBCouncil]","fullName":"features/validate_council_outputs.feature:Validate Council Output","historyId":"56740e3e170c4ada5e89fee4a4334687","time":{"start":1718498183737,"stop":1718498246511,"duration":62774},"status":"failed","statusMessage":"selenium.common.exceptions.TimeoutException: Message: \nStacktrace:\n#0 0x562a17df5e9a <unknown>\n#1 0x562a17adf45c <unknown>\n#2 0x562a17b2b5b5 <unknown>\n#3 0x562a17b2b671 <unknown>\n#4 0x562a17b6ff14 <unknown>\n#5 0x562a17b4e4dd <unknown>\n#6 0x562a17b6d2cc <unknown>\n#7 0x562a17b4e253 <unknown>\n#8 0x562a17b1e1c7 <unknown>\n#9 0x562a17b1eb3e <unknown>\n#10 0x562a17dbc2db <unknown>\n#11 0x562a17dc0387 <unknown>\n#12 0x562a17da8e0e <unknown>\n#13 0x562a17dc0e52 <unknown>\n#14 0x562a17d8d7af <unknown>\n#15 0x562a17de5188 <unknown>\n#16 0x562a17de535b <unknown>\n#17 0x562a17df4fcc <unknown>\n#18 0x7fb9cadf7ac3 <unknown>","statusTrace":"fixturefunc = <function scrape_step at 0x7fa59c3f49a0>\nrequest = <FixtureRequest for <Function test_scenario_outline[KnowsleyMBCouncil]>>\nkwargs = {'context': <test_validate_council.Context object at 0x7fa59c4670d0>, 'headless_mode': 'True', 'local_browser': 'False', 'selenium_url': 'http://localhost:4444'}\n\n    def call_fixture_func(\n        fixturefunc: \"_FixtureFunc[FixtureValue]\", request: FixtureRequest, kwargs\n    ) -> FixtureValue:\n        if is_generator(fixturefunc):\n            fixturefunc = cast(\n                Callable[..., Generator[FixtureValue, None, None]], fixturefunc\n            )\n            generator = fixturefunc(**kwargs)\n            try:\n                fixture_result = next(generator)\n            except StopIteration:\n                raise ValueError(f\"{request.fixturename} did not yield a value\") from None\n            finalizer = functools.partial(_teardown_yield_fixture, fixturefunc, generator)\n            request.addfinalizer(finalizer)\n        else:\n            fixturefunc = cast(Callable[..., FixtureValue], fixturefunc)\n>           fixture_result = fixturefunc(**kwargs)\n\n../../../.cache/pypoetry/virtualenvs/uk-bin-collection-EwS6Gn8s-py3.11/lib/python3.11/site-packages/_pytest/fixtures.py:887: \n_ _ _ _ _ _ _ _ _ _ _ _ _ _ _ _ _ _ _ _ _ _ _ _ _ _ _ _ _ _ _ _ _ _ _ _ _ _ _ _ \nuk_bin_collection/tests/step_defs/test_validate_council.py:100: in scrape_step\n    context.parse_result = CollectData.run()\nuk_bin_collection/uk_bin_collection/collect_data.py:101: in run\n    return self.client_code(\nuk_bin_collection/uk_bin_collection/collect_data.py:121: in client_code\n    return get_bin_data_class.template_method(address_url, **kwargs)\nuk_bin_collection/uk_bin_collection/get_bin_data.py:61: in template_method\n    bin_data_dict = self.get_and_parse_data(this_url, **kwargs)\nuk_bin_collection/uk_bin_collection/get_bin_data.py:84: in get_and_parse_data\n    bin_data_dict = self.parse_data(\"\", url=address_url, **kwargs)\nuk_bin_collection/uk_bin_collection/councils/KnowsleyMBCouncil.py:40: in parse_data\n    inputElement_postcode = WebDriverWait(driver, 30).until(\n_ _ _ _ _ _ _ _ _ _ _ _ _ _ _ _ _ _ _ _ _ _ _ _ _ _ _ _ _ _ _ _ _ _ _ _ _ _ _ _ \n\nself = <selenium.webdriver.support.wait.WebDriverWait (session=\"d76cf629b87c771f5ee2c224f7038055\")>\nmethod = <function visibility_of_element_located.<locals>._predicate at 0x7fa59ba4ee80>\nmessage = ''\n\n    def until(self, method: Callable[[D], Union[Literal[False], T]], message: str = \"\") -> T:\n        \"\"\"Calls the method provided with the driver as an argument until the \\\n        return value does not evaluate to ``False``.\n    \n        :param method: callable(WebDriver)\n        :param message: optional message for :exc:`TimeoutException`\n        :returns: the result of the last call to `method`\n        :raises: :exc:`selenium.common.exceptions.TimeoutException` if timeout occurs\n        \"\"\"\n        screen = None\n        stacktrace = None\n    \n        end_time = time.monotonic() + self._timeout\n        while True:\n            try:\n                value = method(self._driver)\n                if value:\n                    return value\n            except self._ignored_exceptions as exc:\n                screen = getattr(exc, \"screen\", None)\n                stacktrace = getattr(exc, \"stacktrace\", None)\n            time.sleep(self._poll)\n            if time.monotonic() > end_time:\n                break\n>       raise TimeoutException(message, screen, stacktrace)\nE       selenium.common.exceptions.TimeoutException: Message: \nE       Stacktrace:\nE       #0 0x562a17df5e9a <unknown>\nE       #1 0x562a17adf45c <unknown>\nE       #2 0x562a17b2b5b5 <unknown>\nE       #3 0x562a17b2b671 <unknown>\nE       #4 0x562a17b6ff14 <unknown>\nE       #5 0x562a17b4e4dd <unknown>\nE       #6 0x562a17b6d2cc <unknown>\nE       #7 0x562a17b4e253 <unknown>\nE       #8 0x562a17b1e1c7 <unknown>\nE       #9 0x562a17b1eb3e <unknown>\nE       #10 0x562a17dbc2db <unknown>\nE       #11 0x562a17dc0387 <unknown>\nE       #12 0x562a17da8e0e <unknown>\nE       #13 0x562a17dc0e52 <unknown>\nE       #14 0x562a17d8d7af <unknown>\nE       #15 0x562a17de5188 <unknown>\nE       #16 0x562a17de535b <unknown>\nE       #17 0x562a17df4fcc <unknown>\nE       #18 0x7fb9cadf7ac3 <unknown>\n\n../../../.cache/pypoetry/virtualenvs/uk-bin-collection-EwS6Gn8s-py3.11/lib/python3.11/site-packages/selenium/webdriver/support/wait.py:105: TimeoutException","flaky":false,"newFailed":false,"newBroken":false,"newPassed":false,"retriesCount":0,"retriesStatusChange":false,"beforeStages":[],"testStage":{"status":"failed","statusMessage":"selenium.common.exceptions.TimeoutException: Message: \nStacktrace:\n#0 0x562a17df5e9a <unknown>\n#1 0x562a17adf45c <unknown>\n#2 0x562a17b2b5b5 <unknown>\n#3 0x562a17b2b671 <unknown>\n#4 0x562a17b6ff14 <unknown>\n#5 0x562a17b4e4dd <unknown>\n#6 0x562a17b6d2cc <unknown>\n#7 0x562a17b4e253 <unknown>\n#8 0x562a17b1e1c7 <unknown>\n#9 0x562a17b1eb3e <unknown>\n#10 0x562a17dbc2db <unknown>\n#11 0x562a17dc0387 <unknown>\n#12 0x562a17da8e0e <unknown>\n#13 0x562a17dc0e52 <unknown>\n#14 0x562a17d8d7af <unknown>\n#15 0x562a17de5188 <unknown>\n#16 0x562a17de535b <unknown>\n#17 0x562a17df4fcc <unknown>\n#18 0x7fb9cadf7ac3 <unknown>","statusTrace":"fixturefunc = <function scrape_step at 0x7fa59c3f49a0>\nrequest = <FixtureRequest for <Function test_scenario_outline[KnowsleyMBCouncil]>>\nkwargs = {'context': <test_validate_council.Context object at 0x7fa59c4670d0>, 'headless_mode': 'True', 'local_browser': 'False', 'selenium_url': 'http://localhost:4444'}\n\n    def call_fixture_func(\n        fixturefunc: \"_FixtureFunc[FixtureValue]\", request: FixtureRequest, kwargs\n    ) -> FixtureValue:\n        if is_generator(fixturefunc):\n            fixturefunc = cast(\n                Callable[..., Generator[FixtureValue, None, None]], fixturefunc\n            )\n            generator = fixturefunc(**kwargs)\n            try:\n                fixture_result = next(generator)\n            except StopIteration:\n                raise ValueError(f\"{request.fixturename} did not yield a value\") from None\n            finalizer = functools.partial(_teardown_yield_fixture, fixturefunc, generator)\n            request.addfinalizer(finalizer)\n        else:\n            fixturefunc = cast(Callable[..., FixtureValue], fixturefunc)\n>           fixture_result = fixturefunc(**kwargs)\n\n../../../.cache/pypoetry/virtualenvs/uk-bin-collection-EwS6Gn8s-py3.11/lib/python3.11/site-packages/_pytest/fixtures.py:887: \n_ _ _ _ _ _ _ _ _ _ _ _ _ _ _ _ _ _ _ _ _ _ _ _ _ _ _ _ _ _ _ _ _ _ _ _ _ _ _ _ \nuk_bin_collection/tests/step_defs/test_validate_council.py:100: in scrape_step\n    context.parse_result = CollectData.run()\nuk_bin_collection/uk_bin_collection/collect_data.py:101: in run\n    return self.client_code(\nuk_bin_collection/uk_bin_collection/collect_data.py:121: in client_code\n    return get_bin_data_class.template_method(address_url, **kwargs)\nuk_bin_collection/uk_bin_collection/get_bin_data.py:61: in template_method\n    bin_data_dict = self.get_and_parse_data(this_url, **kwargs)\nuk_bin_collection/uk_bin_collection/get_bin_data.py:84: in get_and_parse_data\n    bin_data_dict = self.parse_data(\"\", url=address_url, **kwargs)\nuk_bin_collection/uk_bin_collection/councils/KnowsleyMBCouncil.py:40: in parse_data\n    inputElement_postcode = WebDriverWait(driver, 30).until(\n_ _ _ _ _ _ _ _ _ _ _ _ _ _ _ _ _ _ _ _ _ _ _ _ _ _ _ _ _ _ _ _ _ _ _ _ _ _ _ _ \n\nself = <selenium.webdriver.support.wait.WebDriverWait (session=\"d76cf629b87c771f5ee2c224f7038055\")>\nmethod = <function visibility_of_element_located.<locals>._predicate at 0x7fa59ba4ee80>\nmessage = ''\n\n    def until(self, method: Callable[[D], Union[Literal[False], T]], message: str = \"\") -> T:\n        \"\"\"Calls the method provided with the driver as an argument until the \\\n        return value does not evaluate to ``False``.\n    \n        :param method: callable(WebDriver)\n        :param message: optional message for :exc:`TimeoutException`\n        :returns: the result of the last call to `method`\n        :raises: :exc:`selenium.common.exceptions.TimeoutException` if timeout occurs\n        \"\"\"\n        screen = None\n        stacktrace = None\n    \n        end_time = time.monotonic() + self._timeout\n        while True:\n            try:\n                value = method(self._driver)\n                if value:\n                    return value\n            except self._ignored_exceptions as exc:\n                screen = getattr(exc, \"screen\", None)\n                stacktrace = getattr(exc, \"stacktrace\", None)\n            time.sleep(self._poll)\n            if time.monotonic() > end_time:\n                break\n>       raise TimeoutException(message, screen, stacktrace)\nE       selenium.common.exceptions.TimeoutException: Message: \nE       Stacktrace:\nE       #0 0x562a17df5e9a <unknown>\nE       #1 0x562a17adf45c <unknown>\nE       #2 0x562a17b2b5b5 <unknown>\nE       #3 0x562a17b2b671 <unknown>\nE       #4 0x562a17b6ff14 <unknown>\nE       #5 0x562a17b4e4dd <unknown>\nE       #6 0x562a17b6d2cc <unknown>\nE       #7 0x562a17b4e253 <unknown>\nE       #8 0x562a17b1e1c7 <unknown>\nE       #9 0x562a17b1eb3e <unknown>\nE       #10 0x562a17dbc2db <unknown>\nE       #11 0x562a17dc0387 <unknown>\nE       #12 0x562a17da8e0e <unknown>\nE       #13 0x562a17dc0e52 <unknown>\nE       #14 0x562a17d8d7af <unknown>\nE       #15 0x562a17de5188 <unknown>\nE       #16 0x562a17de535b <unknown>\nE       #17 0x562a17df4fcc <unknown>\nE       #18 0x7fb9cadf7ac3 <unknown>\n\n../../../.cache/pypoetry/virtualenvs/uk-bin-collection-EwS6Gn8s-py3.11/lib/python3.11/site-packages/selenium/webdriver/support/wait.py:105: TimeoutException","steps":[{"name":"Given the council","time":{"start":1718498183737,"stop":1718498183738,"duration":1},"status":"passed","steps":[],"attachments":[],"parameters":[],"shouldDisplayMessage":false,"stepsCount":0,"attachmentsCount":0,"hasContent":false,"attachmentStep":false},{"name":"When we scrape the data from the council","time":{"start":1718498183738,"stop":1718498246510,"duration":62772},"status":"failed","statusMessage":"Message: \nStacktrace:\n#0 0x562a17df5e9a <unknown>\n#1 0x562a17adf45c <unknown>\n#2 0x562a17b2b5b5 <unknown>\n#3 0x562a17b2b671 <unknown>\n#4 0x562a17b6ff14 <unknown>\n#5 0x562a17b4e4dd <unknown>\n#6 0x562a17b6d2cc <unknown>\n#7 0x562a17b4e253 <unknown>\n#8 0x562a17b1e1c7 <unknown>\n#9 0x562a17b1eb3e <unknown>\n#10 0x562a17dbc2db <unknown>\n#11 0x562a17dc0387 <unknown>\n#12 0x562a17da8e0e <unknown>\n#13 0x562a17dc0e52 <unknown>\n#14 0x562a17d8d7af <unknown>\n#15 0x562a17de5188 <unknown>\n#16 0x562a17de535b <unknown>\n#17 0x562a17df4fcc <unknown>\n#18 0x7fb9cadf7ac3 <unknown>\n","statusTrace":"selenium.common.exceptions.TimeoutException: Message: \nStacktrace:\n#0 0x562a17df5e9a <unknown>\n#1 0x562a17adf45c <unknown>\n#2 0x562a17b2b5b5 <unknown>\n#3 0x562a17b2b671 <unknown>\n#4 0x562a17b6ff14 <unknown>\n#5 0x562a17b4e4dd <unknown>\n#6 0x562a17b6d2cc <unknown>\n#7 0x562a17b4e253 <unknown>\n#8 0x562a17b1e1c7 <unknown>\n#9 0x562a17b1eb3e <unknown>\n#10 0x562a17dbc2db <unknown>\n#11 0x562a17dc0387 <unknown>\n#12 0x562a17da8e0e <unknown>\n#13 0x562a17dc0e52 <unknown>\n#14 0x562a17d8d7af <unknown>\n#15 0x562a17de5188 <unknown>\n#16 0x562a17de535b <unknown>\n#17 0x562a17df4fcc <unknown>\n#18 0x7fb9cadf7ac3 <unknown>\n\n","steps":[],"attachments":[],"parameters":[],"shouldDisplayMessage":true,"stepsCount":0,"attachmentsCount":0,"hasContent":true,"attachmentStep":false}],"attachments":[{"uid":"4daaed4dc57c3e0a","name":"stdout","source":"4daaed4dc57c3e0a.txt","type":"text/plain","size":627}],"parameters":[],"shouldDisplayMessage":true,"stepsCount":2,"attachmentsCount":1,"hasContent":true,"attachmentStep":false},"afterStages":[],"labels":[{"name":"host","value":"fv-az802-672"},{"name":"thread","value":"2788-MainThread"},{"name":"framework","value":"pytest-bdd"},{"name":"language","value":"cpython3"},{"name":"feature","value":"Test each council output matches expected results"},{"name":"resultFormat","value":"allure2"}],"parameters":[{"name":"council","value":"KnowsleyMBCouncil"}],"links":[],"hidden":false,"retry":false,"extra":{"severity":"normal","retries":[],"categories":[{"name":"Product defects","matchedStatuses":[],"flaky":false}],"history":{"statistic":{"failed":40,"broken":0,"skipped":0,"passed":0,"unknown":0,"total":40},"items":[{"uid":"274be5da01a75003","reportUrl":"https://robbrad.github.io/UKBinCollectionData/3.11/1943//#testresult/274be5da01a75003","status":"failed","statusDetails":"selenium.common.exceptions.TimeoutException: Message: \nStacktrace:\n#0 0x557323470e9a <unknown>\n#1 0x55732315a45c <unknown>\n#2 0x5573231a65b5 <unknown>\n#3 0x5573231a6671 <unknown>\n#4 0x5573231eaf14 <unknown>\n#5 0x5573231c94dd <unknown>\n#6 0x5573231e82cc <unknown>\n#7 0x5573231c9253 <unknown>\n#8 0x5573231991c7 <unknown>\n#9 0x557323199b3e <unknown>\n#10 0x5573234372db <unknown>\n#11 0x55732343b387 <unknown>\n#12 0x557323423e0e <unknown>\n#13 0x55732343be52 <unknown>\n#14 0x5573234087af <unknown>\n#15 0x557323460188 <unknown>\n#16 0x55732346035b <unknown>\n#17 0x55732346ffcc <unknown>\n#18 0x7fb04d802ac3 <unknown>","time":{"start":1718411946487,"stop":1718411989669,"duration":43182}},{"uid":"a9805264d3130c3f","reportUrl":"https://robbrad.github.io/UKBinCollectionData/3.11/1942//#testresult/a9805264d3130c3f","status":"failed","statusDetails":"selenium.common.exceptions.TimeoutException: Message: \nStacktrace:\n#0 0x557d9a389e9a <unknown>\n#1 0x557d9a07345c <unknown>\n#2 0x557d9a0bf5b5 <unknown>\n#3 0x557d9a0bf671 <unknown>\n#4 0x557d9a103f14 <unknown>\n#5 0x557d9a0e24dd <unknown>\n#6 0x557d9a1012cc <unknown>\n#7 0x557d9a0e2253 <unknown>\n#8 0x557d9a0b21c7 <unknown>\n#9 0x557d9a0b2b3e <unknown>\n#10 0x557d9a3502db <unknown>\n#11 0x557d9a354387 <unknown>\n#12 0x557d9a33ce0e <unknown>\n#13 0x557d9a354e52 <unknown>\n#14 0x557d9a3217af <unknown>\n#15 0x557d9a379188 <unknown>\n#16 0x557d9a37935b <unknown>\n#17 0x557d9a388fcc <unknown>\n#18 0x7fbd5a301ac3 <unknown>","time":{"start":1718325389155,"stop":1718325431081,"duration":41926}},{"uid":"8a9fd126abd88bf9","reportUrl":"https://robbrad.github.io/UKBinCollectionData/3.11/1939//#testresult/8a9fd126abd88bf9","status":"failed","statusDetails":"selenium.common.exceptions.TimeoutException: Message: \nStacktrace:\n#0 0x55b807710e9a <unknown>\n#1 0x55b8073fa45c <unknown>\n#2 0x55b8074465b5 <unknown>\n#3 0x55b807446671 <unknown>\n#4 0x55b80748af14 <unknown>\n#5 0x55b8074694dd <unknown>\n#6 0x55b8074882cc <unknown>\n#7 0x55b807469253 <unknown>\n#8 0x55b8074391c7 <unknown>\n#9 0x55b807439b3e <unknown>\n#10 0x55b8076d72db <unknown>\n#11 0x55b8076db387 <unknown>\n#12 0x55b8076c3e0e <unknown>\n#13 0x55b8076dbe52 <unknown>\n#14 0x55b8076a87af <unknown>\n#15 0x55b807700188 <unknown>\n#16 0x55b80770035b <unknown>\n#17 0x55b80770ffcc <unknown>\n#18 0x7f947d5b7ac3 <unknown>","time":{"start":1718239089192,"stop":1718239137522,"duration":48330}},{"uid":"f6a84802cf1ca9a8","reportUrl":"https://robbrad.github.io/UKBinCollectionData/3.11/1938//#testresult/f6a84802cf1ca9a8","status":"failed","statusDetails":"selenium.common.exceptions.TimeoutException: Message: \nStacktrace:\n#0 0x557f3ebe1e9a <unknown>\n#1 0x557f3e8cb45c <unknown>\n#2 0x557f3e9175b5 <unknown>\n#3 0x557f3e917671 <unknown>\n#4 0x557f3e95bf14 <unknown>\n#5 0x557f3e93a4dd <unknown>\n#6 0x557f3e9592cc <unknown>\n#7 0x557f3e93a253 <unknown>\n#8 0x557f3e90a1c7 <unknown>\n#9 0x557f3e90ab3e <unknown>\n#10 0x557f3eba82db <unknown>\n#11 0x557f3ebac387 <unknown>\n#12 0x557f3eb94e0e <unknown>\n#13 0x557f3ebace52 <unknown>\n#14 0x557f3eb797af <unknown>\n#15 0x557f3ebd1188 <unknown>\n#16 0x557f3ebd135b <unknown>\n#17 0x557f3ebe0fcc <unknown>\n#18 0x7ff0ebc87ac3 <unknown>","time":{"start":1718152735771,"stop":1718152775805,"duration":40034}},{"uid":"24f4fa6c500c1573","reportUrl":"https://robbrad.github.io/UKBinCollectionData/3.11/1937//#testresult/24f4fa6c500c1573","status":"failed","statusDetails":"selenium.common.exceptions.TimeoutException: Message: \nStacktrace:\n#0 0x5582b9feee9a <unknown>\n#1 0x5582b9cd845c <unknown>\n#2 0x5582b9d245b5 <unknown>\n#3 0x5582b9d24671 <unknown>\n#4 0x5582b9d68f14 <unknown>\n#5 0x5582b9d474dd <unknown>\n#6 0x5582b9d662cc <unknown>\n#7 0x5582b9d47253 <unknown>\n#8 0x5582b9d171c7 <unknown>\n#9 0x5582b9d17b3e <unknown>\n#10 0x5582b9fb52db <unknown>\n#11 0x5582b9fb9387 <unknown>\n#12 0x5582b9fa1e0e <unknown>\n#13 0x5582b9fb9e52 <unknown>\n#14 0x5582b9f867af <unknown>\n#15 0x5582b9fde188 <unknown>\n#16 0x5582b9fde35b <unknown>\n#17 0x5582b9fedfcc <unknown>\n#18 0x7f9c3da2aac3 <unknown>","time":{"start":1718066160850,"stop":1718066225590,"duration":64740}},{"uid":"639e7d4b3813751f","reportUrl":"https://robbrad.github.io/UKBinCollectionData/3.11/1936//#testresult/639e7d4b3813751f","status":"failed","statusDetails":"ValueError: time data '' does not match format '%A %d/%m/%Y'","time":{"start":1717979582644,"stop":1717979784976,"duration":202332}},{"uid":"781dead8d8f5a133","reportUrl":"https://robbrad.github.io/UKBinCollectionData/3.11/1934//#testresult/781dead8d8f5a133","status":"failed","statusDetails":"selenium.common.exceptions.NoSuchElementException: Message: no such element: Unable to locate element: {\"method\":\"link text\",\"selector\":\"Choose this address\"}\n  (Session info: chrome-headless-shell=125.0.6422.76); For documentation on this error, please visit: https://www.selenium.dev/documentation/webdriver/troubleshooting/errors#no-such-element-exception\nStacktrace:\n#0 0x55cf91f5fe9a <unknown>\n#1 0x55cf91c4945c <unknown>\n#2 0x55cf91c955b5 <unknown>\n#3 0x55cf91c95671 <unknown>\n#4 0x55cf91c89b96 <unknown>\n#5 0x55cf91cb84dd <unknown>\n#6 0x55cf91c89a79 <unknown>\n#7 0x55cf91cb867e <unknown>\n#8 0x55cf91cd72cc <unknown>\n#9 0x55cf91cb8253 <unknown>\n#10 0x55cf91c881c7 <unknown>\n#11 0x55cf91c88b3e <unknown>\n#12 0x55cf91f262db <unknown>\n#13 0x55cf91f2a387 <unknown>\n#14 0x55cf91f12e0e <unknown>\n#15 0x55cf91f2ae52 <unknown>\n#16 0x55cf91ef77af <unknown>\n#17 0x55cf91f4f188 <unknown>\n#18 0x55cf91f4f35b <unknown>\n#19 0x55cf91f5efcc <unknown>\n#20 0x7f9cffa62ac3 <unknown>","time":{"start":1717893500124,"stop":1717893580280,"duration":80156}},{"uid":"1cc40e787acd0398","reportUrl":"https://robbrad.github.io/UKBinCollectionData/3.11/1933//#testresult/1cc40e787acd0398","status":"failed","statusDetails":"ValueError: time data '' does not match format '%A %d/%m/%Y'","time":{"start":1717807021670,"stop":1717807073139,"duration":51469}},{"uid":"148d02d5d7d15923","reportUrl":"https://robbrad.github.io/UKBinCollectionData/3.11/1932//#testresult/148d02d5d7d15923","status":"failed","statusDetails":"ValueError: time data '' does not match format '%A %d/%m/%Y'","time":{"start":1717720717776,"stop":1717720776412,"duration":58636}},{"uid":"c3c598c59dd7a518","reportUrl":"https://robbrad.github.io/UKBinCollectionData/3.11/1927//#testresult/c3c598c59dd7a518","status":"failed","statusDetails":"ValueError: time data '' does not match format '%A %d/%m/%Y'","time":{"start":1717633922143,"stop":1717634101706,"duration":179563}},{"uid":"ccf307ad28f196f2","reportUrl":"https://robbrad.github.io/UKBinCollectionData/3.11/1924//#testresult/ccf307ad28f196f2","status":"failed","statusDetails":"ValueError: time data '' does not match format '%A %d/%m/%Y'","time":{"start":1717547824266,"stop":1717547860815,"duration":36549}},{"uid":"d574786bf362ed02","reportUrl":"https://robbrad.github.io/UKBinCollectionData/3.11/1923//#testresult/d574786bf362ed02","status":"failed","statusDetails":"ValueError: time data '' does not match format '%A %d/%m/%Y'","time":{"start":1717461316791,"stop":1717461364469,"duration":47678}},{"uid":"dc181bfda65c3d18","reportUrl":"https://robbrad.github.io/UKBinCollectionData/3.11/1921//#testresult/dc181bfda65c3d18","status":"failed","statusDetails":"selenium.common.exceptions.NoSuchElementException: Message: no such element: Unable to locate element: {\"method\":\"link text\",\"selector\":\"Choose this address\"}\n  (Session info: chrome-headless-shell=125.0.6422.76); For documentation on this error, please visit: https://www.selenium.dev/documentation/webdriver/troubleshooting/errors#no-such-element-exception\nStacktrace:\n#0 0x55b819a50e9a <unknown>\n#1 0x55b81973a45c <unknown>\n#2 0x55b8197865b5 <unknown>\n#3 0x55b819786671 <unknown>\n#4 0x55b81977ab96 <unknown>\n#5 0x55b8197a94dd <unknown>\n#6 0x55b81977aa79 <unknown>\n#7 0x55b8197a967e <unknown>\n#8 0x55b8197c82cc <unknown>\n#9 0x55b8197a9253 <unknown>\n#10 0x55b8197791c7 <unknown>\n#11 0x55b819779b3e <unknown>\n#12 0x55b819a172db <unknown>\n#13 0x55b819a1b387 <unknown>\n#14 0x55b819a03e0e <unknown>\n#15 0x55b819a1be52 <unknown>\n#16 0x55b8199e87af <unknown>\n#17 0x55b819a40188 <unknown>\n#18 0x55b819a4035b <unknown>\n#19 0x55b819a4ffcc <unknown>\n#20 0x7f418f16cac3 <unknown>","time":{"start":1717374808550,"stop":1717375056916,"duration":248366}},{"uid":"c582e3cf7352952b","reportUrl":"https://robbrad.github.io/UKBinCollectionData/3.11/1911//#testresult/c582e3cf7352952b","status":"failed","statusDetails":"ValueError: time data '' does not match format '%A %d/%m/%Y'","time":{"start":1717316350724,"stop":1717316408418,"duration":57694}},{"uid":"4a2acac91c875b5e","reportUrl":"https://robbrad.github.io/UKBinCollectionData/3.11/1908//#testresult/4a2acac91c875b5e","status":"failed","statusDetails":"ValueError: time data '' does not match format '%A %d/%m/%Y'","time":{"start":1717288566708,"stop":1717288643879,"duration":77171}},{"uid":"62feab077b2da3ff","reportUrl":"https://robbrad.github.io/UKBinCollectionData/3.11/1905//#testresult/62feab077b2da3ff","status":"failed","statusDetails":"ValueError: time data '' does not match format '%A %d/%m/%Y'","time":{"start":1717202414325,"stop":1717202435091,"duration":20766}},{"uid":"b255394e9745ccd2","reportUrl":"https://robbrad.github.io/UKBinCollectionData/3.11/1904//#testresult/b255394e9745ccd2","status":"failed","statusDetails":"ValueError: time data '' does not match format '%A %d/%m/%Y'","time":{"start":1717115387161,"stop":1717115431111,"duration":43950}},{"uid":"6900d816575d9eda","reportUrl":"https://robbrad.github.io/UKBinCollectionData/3.11/1903//#testresult/6900d816575d9eda","status":"failed","statusDetails":"ValueError: time data '' does not match format '%A %d/%m/%Y'","time":{"start":1717029055606,"stop":1717029308323,"duration":252717}},{"uid":"d7ba24a74114c58f","reportUrl":"https://robbrad.github.io/UKBinCollectionData/3.11/1898//#testresult/d7ba24a74114c58f","status":"failed","statusDetails":"ValueError: time data '' does not match format '%A %d/%m/%Y'","time":{"start":1716942772934,"stop":1716942800029,"duration":27095}},{"uid":"a1103fb01cda7fb8","reportUrl":"https://robbrad.github.io/UKBinCollectionData/3.11/1893//#testresult/a1103fb01cda7fb8","status":"failed","statusDetails":"selenium.common.exceptions.NoSuchElementException: Message: no such element: Unable to locate element: {\"method\":\"link text\",\"selector\":\"Choose this address\"}\n  (Session info: chrome-headless-shell=125.0.6422.76); For documentation on this error, please visit: https://www.selenium.dev/documentation/webdriver/troubleshooting/errors#no-such-element-exception\nStacktrace:\n#0 0x562001a39e9a <unknown>\n#1 0x56200172345c <unknown>\n#2 0x56200176f5b5 <unknown>\n#3 0x56200176f671 <unknown>\n#4 0x562001763b96 <unknown>\n#5 0x5620017924dd <unknown>\n#6 0x562001763a79 <unknown>\n#7 0x56200179267e <unknown>\n#8 0x5620017b12cc <unknown>\n#9 0x562001792253 <unknown>\n#10 0x5620017621c7 <unknown>\n#11 0x562001762b3e <unknown>\n#12 0x562001a002db <unknown>\n#13 0x562001a04387 <unknown>\n#14 0x5620019ece0e <unknown>\n#15 0x562001a04e52 <unknown>\n#16 0x5620019d17af <unknown>\n#17 0x562001a29188 <unknown>\n#18 0x562001a2935b <unknown>\n#19 0x562001a38fcc <unknown>\n#20 0x7f9e0e7ddac3 <unknown>","time":{"start":1716856488556,"stop":1716856568043,"duration":79487}}]},"tags":[]},"source":"c3490ebeef9572d8.json","parameterValues":["KnowsleyMBCouncil"]}