{"uid":"bf575e0308ecc9e8","name":"Validate Council Output [KingstonUponThamesCouncil]","fullName":"features/validate_council_outputs.feature:Validate Council Output","historyId":"5cc54a24c590c0c794126ca22d0562ff","time":{"start":1719708019105,"stop":1719708114355,"duration":95250},"status":"failed","statusMessage":"selenium.common.exceptions.TimeoutException: Message: \nStacktrace:\n#0 0x55f0ab9a569a <unknown>\n#1 0x55f0ab6880dc <unknown>\n#2 0x55f0ab6d4931 <unknown>\n#3 0x55f0ab6d4a21 <unknown>\n#4 0x55f0ab719234 <unknown>\n#5 0x55f0ab6f789d <unknown>\n#6 0x55f0ab7165c3 <unknown>\n#7 0x55f0ab6f7613 <unknown>\n#8 0x55f0ab6c74f7 <unknown>\n#9 0x55f0ab6c7e4e <unknown>\n#10 0x55f0ab96b86b <unknown>\n#11 0x55f0ab96f911 <unknown>\n#12 0x55f0ab95735e <unknown>\n#13 0x55f0ab970472 <unknown>\n#14 0x55f0ab93bcbf <unknown>\n#15 0x55f0ab995098 <unknown>\n#16 0x55f0ab995270 <unknown>\n#17 0x55f0ab9a47cc <unknown>\n#18 0x7f9026b2dac3 <unknown>","statusTrace":"fixturefunc = <function scrape_step at 0x7f604b1b51c0>\nrequest = <FixtureRequest for <Function test_scenario_outline[KingstonUponThamesCouncil]>>\nkwargs = {'context': <test_validate_council.Context object at 0x7f604bfb3a70>, 'headless_mode': 'True', 'local_browser': 'False', 'selenium_url': 'http://localhost:4444'}\n\n    def call_fixture_func(\n        fixturefunc: \"_FixtureFunc[FixtureValue]\", request: FixtureRequest, kwargs\n    ) -> FixtureValue:\n        if is_generator(fixturefunc):\n            fixturefunc = cast(\n                Callable[..., Generator[FixtureValue, None, None]], fixturefunc\n            )\n            generator = fixturefunc(**kwargs)\n            try:\n                fixture_result = next(generator)\n            except StopIteration:\n                raise ValueError(f\"{request.fixturename} did not yield a value\") from None\n            finalizer = functools.partial(_teardown_yield_fixture, fixturefunc, generator)\n            request.addfinalizer(finalizer)\n        else:\n            fixturefunc = cast(Callable[..., FixtureValue], fixturefunc)\n>           fixture_result = fixturefunc(**kwargs)\n\n../../../.cache/pypoetry/virtualenvs/uk-bin-collection-EwS6Gn8s-py3.12/lib/python3.12/site-packages/_pytest/fixtures.py:887: \n_ _ _ _ _ _ _ _ _ _ _ _ _ _ _ _ _ _ _ _ _ _ _ _ _ _ _ _ _ _ _ _ _ _ _ _ _ _ _ _ \nuk_bin_collection/tests/step_defs/test_validate_council.py:100: in scrape_step\n    context.parse_result = CollectData.run()\nuk_bin_collection/uk_bin_collection/collect_data.py:101: in run\n    return self.client_code(\nuk_bin_collection/uk_bin_collection/collect_data.py:121: in client_code\n    return get_bin_data_class.template_method(address_url, **kwargs)\nuk_bin_collection/uk_bin_collection/get_bin_data.py:61: in template_method\n    bin_data_dict = self.get_and_parse_data(this_url, **kwargs)\nuk_bin_collection/uk_bin_collection/get_bin_data.py:82: in get_and_parse_data\n    bin_data_dict = self.parse_data(page, url=address_url, **kwargs)\nuk_bin_collection/uk_bin_collection/councils/KingstonUponThamesCouncil.py:38: in parse_data\n    wait.until(\n_ _ _ _ _ _ _ _ _ _ _ _ _ _ _ _ _ _ _ _ _ _ _ _ _ _ _ _ _ _ _ _ _ _ _ _ _ _ _ _ \n\nself = <selenium.webdriver.support.wait.WebDriverWait (session=\"f78d5426d08246fc20de2bc7e90bb979\")>\nmethod = <function presence_of_element_located.<locals>._predicate at 0x7f604abc8ae0>\nmessage = ''\n\n    def until(self, method: Callable[[D], Union[Literal[False], T]], message: str = \"\") -> T:\n        \"\"\"Calls the method provided with the driver as an argument until the \\\n        return value does not evaluate to ``False``.\n    \n        :param method: callable(WebDriver)\n        :param message: optional message for :exc:`TimeoutException`\n        :returns: the result of the last call to `method`\n        :raises: :exc:`selenium.common.exceptions.TimeoutException` if timeout occurs\n        \"\"\"\n        screen = None\n        stacktrace = None\n    \n        end_time = time.monotonic() + self._timeout\n        while True:\n            try:\n                value = method(self._driver)\n                if value:\n                    return value\n            except self._ignored_exceptions as exc:\n                screen = getattr(exc, \"screen\", None)\n                stacktrace = getattr(exc, \"stacktrace\", None)\n            time.sleep(self._poll)\n            if time.monotonic() > end_time:\n                break\n>       raise TimeoutException(message, screen, stacktrace)\nE       selenium.common.exceptions.TimeoutException: Message: \nE       Stacktrace:\nE       #0 0x55f0ab9a569a <unknown>\nE       #1 0x55f0ab6880dc <unknown>\nE       #2 0x55f0ab6d4931 <unknown>\nE       #3 0x55f0ab6d4a21 <unknown>\nE       #4 0x55f0ab719234 <unknown>\nE       #5 0x55f0ab6f789d <unknown>\nE       #6 0x55f0ab7165c3 <unknown>\nE       #7 0x55f0ab6f7613 <unknown>\nE       #8 0x55f0ab6c74f7 <unknown>\nE       #9 0x55f0ab6c7e4e <unknown>\nE       #10 0x55f0ab96b86b <unknown>\nE       #11 0x55f0ab96f911 <unknown>\nE       #12 0x55f0ab95735e <unknown>\nE       #13 0x55f0ab970472 <unknown>\nE       #14 0x55f0ab93bcbf <unknown>\nE       #15 0x55f0ab995098 <unknown>\nE       #16 0x55f0ab995270 <unknown>\nE       #17 0x55f0ab9a47cc <unknown>\nE       #18 0x7f9026b2dac3 <unknown>\n\n../../../.cache/pypoetry/virtualenvs/uk-bin-collection-EwS6Gn8s-py3.12/lib/python3.12/site-packages/selenium/webdriver/support/wait.py:105: TimeoutException","flaky":true,"newFailed":true,"newBroken":false,"newPassed":false,"retriesCount":0,"retriesStatusChange":false,"beforeStages":[],"testStage":{"status":"failed","statusMessage":"selenium.common.exceptions.TimeoutException: Message: \nStacktrace:\n#0 0x55f0ab9a569a <unknown>\n#1 0x55f0ab6880dc <unknown>\n#2 0x55f0ab6d4931 <unknown>\n#3 0x55f0ab6d4a21 <unknown>\n#4 0x55f0ab719234 <unknown>\n#5 0x55f0ab6f789d <unknown>\n#6 0x55f0ab7165c3 <unknown>\n#7 0x55f0ab6f7613 <unknown>\n#8 0x55f0ab6c74f7 <unknown>\n#9 0x55f0ab6c7e4e <unknown>\n#10 0x55f0ab96b86b <unknown>\n#11 0x55f0ab96f911 <unknown>\n#12 0x55f0ab95735e <unknown>\n#13 0x55f0ab970472 <unknown>\n#14 0x55f0ab93bcbf <unknown>\n#15 0x55f0ab995098 <unknown>\n#16 0x55f0ab995270 <unknown>\n#17 0x55f0ab9a47cc <unknown>\n#18 0x7f9026b2dac3 <unknown>","statusTrace":"fixturefunc = <function scrape_step at 0x7f604b1b51c0>\nrequest = <FixtureRequest for <Function test_scenario_outline[KingstonUponThamesCouncil]>>\nkwargs = {'context': <test_validate_council.Context object at 0x7f604bfb3a70>, 'headless_mode': 'True', 'local_browser': 'False', 'selenium_url': 'http://localhost:4444'}\n\n    def call_fixture_func(\n        fixturefunc: \"_FixtureFunc[FixtureValue]\", request: FixtureRequest, kwargs\n    ) -> FixtureValue:\n        if is_generator(fixturefunc):\n            fixturefunc = cast(\n                Callable[..., Generator[FixtureValue, None, None]], fixturefunc\n            )\n            generator = fixturefunc(**kwargs)\n            try:\n                fixture_result = next(generator)\n            except StopIteration:\n                raise ValueError(f\"{request.fixturename} did not yield a value\") from None\n            finalizer = functools.partial(_teardown_yield_fixture, fixturefunc, generator)\n            request.addfinalizer(finalizer)\n        else:\n            fixturefunc = cast(Callable[..., FixtureValue], fixturefunc)\n>           fixture_result = fixturefunc(**kwargs)\n\n../../../.cache/pypoetry/virtualenvs/uk-bin-collection-EwS6Gn8s-py3.12/lib/python3.12/site-packages/_pytest/fixtures.py:887: \n_ _ _ _ _ _ _ _ _ _ _ _ _ _ _ _ _ _ _ _ _ _ _ _ _ _ _ _ _ _ _ _ _ _ _ _ _ _ _ _ \nuk_bin_collection/tests/step_defs/test_validate_council.py:100: in scrape_step\n    context.parse_result = CollectData.run()\nuk_bin_collection/uk_bin_collection/collect_data.py:101: in run\n    return self.client_code(\nuk_bin_collection/uk_bin_collection/collect_data.py:121: in client_code\n    return get_bin_data_class.template_method(address_url, **kwargs)\nuk_bin_collection/uk_bin_collection/get_bin_data.py:61: in template_method\n    bin_data_dict = self.get_and_parse_data(this_url, **kwargs)\nuk_bin_collection/uk_bin_collection/get_bin_data.py:82: in get_and_parse_data\n    bin_data_dict = self.parse_data(page, url=address_url, **kwargs)\nuk_bin_collection/uk_bin_collection/councils/KingstonUponThamesCouncil.py:38: in parse_data\n    wait.until(\n_ _ _ _ _ _ _ _ _ _ _ _ _ _ _ _ _ _ _ _ _ _ _ _ _ _ _ _ _ _ _ _ _ _ _ _ _ _ _ _ \n\nself = <selenium.webdriver.support.wait.WebDriverWait (session=\"f78d5426d08246fc20de2bc7e90bb979\")>\nmethod = <function presence_of_element_located.<locals>._predicate at 0x7f604abc8ae0>\nmessage = ''\n\n    def until(self, method: Callable[[D], Union[Literal[False], T]], message: str = \"\") -> T:\n        \"\"\"Calls the method provided with the driver as an argument until the \\\n        return value does not evaluate to ``False``.\n    \n        :param method: callable(WebDriver)\n        :param message: optional message for :exc:`TimeoutException`\n        :returns: the result of the last call to `method`\n        :raises: :exc:`selenium.common.exceptions.TimeoutException` if timeout occurs\n        \"\"\"\n        screen = None\n        stacktrace = None\n    \n        end_time = time.monotonic() + self._timeout\n        while True:\n            try:\n                value = method(self._driver)\n                if value:\n                    return value\n            except self._ignored_exceptions as exc:\n                screen = getattr(exc, \"screen\", None)\n                stacktrace = getattr(exc, \"stacktrace\", None)\n            time.sleep(self._poll)\n            if time.monotonic() > end_time:\n                break\n>       raise TimeoutException(message, screen, stacktrace)\nE       selenium.common.exceptions.TimeoutException: Message: \nE       Stacktrace:\nE       #0 0x55f0ab9a569a <unknown>\nE       #1 0x55f0ab6880dc <unknown>\nE       #2 0x55f0ab6d4931 <unknown>\nE       #3 0x55f0ab6d4a21 <unknown>\nE       #4 0x55f0ab719234 <unknown>\nE       #5 0x55f0ab6f789d <unknown>\nE       #6 0x55f0ab7165c3 <unknown>\nE       #7 0x55f0ab6f7613 <unknown>\nE       #8 0x55f0ab6c74f7 <unknown>\nE       #9 0x55f0ab6c7e4e <unknown>\nE       #10 0x55f0ab96b86b <unknown>\nE       #11 0x55f0ab96f911 <unknown>\nE       #12 0x55f0ab95735e <unknown>\nE       #13 0x55f0ab970472 <unknown>\nE       #14 0x55f0ab93bcbf <unknown>\nE       #15 0x55f0ab995098 <unknown>\nE       #16 0x55f0ab995270 <unknown>\nE       #17 0x55f0ab9a47cc <unknown>\nE       #18 0x7f9026b2dac3 <unknown>\n\n../../../.cache/pypoetry/virtualenvs/uk-bin-collection-EwS6Gn8s-py3.12/lib/python3.12/site-packages/selenium/webdriver/support/wait.py:105: TimeoutException","steps":[{"name":"Given the council","time":{"start":1719708019105,"stop":1719708019106,"duration":1},"status":"passed","steps":[],"attachments":[],"parameters":[],"shouldDisplayMessage":false,"stepsCount":0,"attachmentsCount":0,"hasContent":false,"attachmentStep":false},{"name":"When we scrape the data from the council","time":{"start":1719708019106,"stop":1719708114355,"duration":95249},"status":"failed","statusMessage":"Message: \nStacktrace:\n#0 0x55f0ab9a569a <unknown>\n#1 0x55f0ab6880dc <unknown>\n#2 0x55f0ab6d4931 <unknown>\n#3 0x55f0ab6d4a21 <unknown>\n#4 0x55f0ab719234 <unknown>\n#5 0x55f0ab6f789d <unknown>\n#6 0x55f0ab7165c3 <unknown>\n#7 0x55f0ab6f7613 <unknown>\n#8 0x55f0ab6c74f7 <unknown>\n#9 0x55f0ab6c7e4e <unknown>\n#10 0x55f0ab96b86b <unknown>\n#11 0x55f0ab96f911 <unknown>\n#12 0x55f0ab95735e <unknown>\n#13 0x55f0ab970472 <unknown>\n#14 0x55f0ab93bcbf <unknown>\n#15 0x55f0ab995098 <unknown>\n#16 0x55f0ab995270 <unknown>\n#17 0x55f0ab9a47cc <unknown>\n#18 0x7f9026b2dac3 <unknown>\n","statusTrace":"selenium.common.exceptions.TimeoutException: Message: \nStacktrace:\n#0 0x55f0ab9a569a <unknown>\n#1 0x55f0ab6880dc <unknown>\n#2 0x55f0ab6d4931 <unknown>\n#3 0x55f0ab6d4a21 <unknown>\n#4 0x55f0ab719234 <unknown>\n#5 0x55f0ab6f789d <unknown>\n#6 0x55f0ab7165c3 <unknown>\n#7 0x55f0ab6f7613 <unknown>\n#8 0x55f0ab6c74f7 <unknown>\n#9 0x55f0ab6c7e4e <unknown>\n#10 0x55f0ab96b86b <unknown>\n#11 0x55f0ab96f911 <unknown>\n#12 0x55f0ab95735e <unknown>\n#13 0x55f0ab970472 <unknown>\n#14 0x55f0ab93bcbf <unknown>\n#15 0x55f0ab995098 <unknown>\n#16 0x55f0ab995270 <unknown>\n#17 0x55f0ab9a47cc <unknown>\n#18 0x7f9026b2dac3 <unknown>\n\n","steps":[],"attachments":[],"parameters":[],"shouldDisplayMessage":true,"stepsCount":0,"attachmentsCount":0,"hasContent":true,"attachmentStep":false}],"attachments":[{"uid":"e1d3eb96c9601d8d","name":"stdout","source":"e1d3eb96c9601d8d.txt","type":"text/plain","size":635}],"parameters":[],"shouldDisplayMessage":true,"stepsCount":2,"attachmentsCount":1,"hasContent":true,"attachmentStep":false},"afterStages":[],"labels":[{"name":"host","value":"fv-az1535-992"},{"name":"thread","value":"2721-MainThread"},{"name":"framework","value":"pytest-bdd"},{"name":"language","value":"cpython3"},{"name":"feature","value":"Test each council output matches expected results"},{"name":"resultFormat","value":"allure2"}],"parameters":[{"name":"council","value":"KingstonUponThamesCouncil"}],"links":[],"hidden":false,"retry":false,"extra":{"severity":"normal","retries":[],"categories":[{"name":"Product defects","matchedStatuses":[],"flaky":false}],"history":{"statistic":{"failed":7,"broken":0,"skipped":0,"passed":45,"unknown":0,"total":52},"items":[{"uid":"c468c749f9973b8b","reportUrl":"https://robbrad.github.io/UKBinCollectionData/3.12/1962//#testresult/c468c749f9973b8b","status":"passed","time":{"start":1719621302371,"stop":1719621365279,"duration":62908}},{"uid":"1297d710a590dbbf","reportUrl":"https://robbrad.github.io/UKBinCollectionData/3.12/1958//#testresult/1297d710a590dbbf","status":"passed","time":{"start":1719534897108,"stop":1719534954867,"duration":57759}},{"uid":"c63ab1b42a63245d","reportUrl":"https://robbrad.github.io/UKBinCollectionData/3.12/1954//#testresult/c63ab1b42a63245d","status":"failed","statusDetails":"ValueError: time data 'Wednesday, 26 June\\n              \\n              \\n              (In progress) 2024' does not match format '%A, %d %B %Y'","time":{"start":1719362150378,"stop":1719362234200,"duration":83822}},{"uid":"68d8fefaf0bcdf00","reportUrl":"https://robbrad.github.io/UKBinCollectionData/3.12/1953//#testresult/68d8fefaf0bcdf00","status":"passed","time":{"start":1719275698305,"stop":1719275783275,"duration":84970}},{"uid":"f83bd60f9594b9f5","reportUrl":"https://robbrad.github.io/UKBinCollectionData/3.12/1952//#testresult/f83bd60f9594b9f5","status":"passed","time":{"start":1719189471940,"stop":1719189507310,"duration":35370}},{"uid":"c197a76d0ee11176","reportUrl":"https://robbrad.github.io/UKBinCollectionData/3.12/1951//#testresult/c197a76d0ee11176","status":"passed","time":{"start":1719103097560,"stop":1719103114877,"duration":17317}},{"uid":"c48fb7f22d7558f7","reportUrl":"https://robbrad.github.io/UKBinCollectionData/3.12/1950//#testresult/c48fb7f22d7558f7","status":"passed","time":{"start":1719016591260,"stop":1719016682501,"duration":91241}},{"uid":"1285e70a087fa39d","reportUrl":"https://robbrad.github.io/UKBinCollectionData/3.12/1949//#testresult/1285e70a087fa39d","status":"passed","time":{"start":1718930212579,"stop":1718930240212,"duration":27633}},{"uid":"ba2376be97342aba","reportUrl":"https://robbrad.github.io/UKBinCollectionData/3.12/1948//#testresult/ba2376be97342aba","status":"passed","time":{"start":1718843730191,"stop":1718843760852,"duration":30661}},{"uid":"d04d5592740c3dc8","reportUrl":"https://robbrad.github.io/UKBinCollectionData/3.12/1947//#testresult/d04d5592740c3dc8","status":"failed","statusDetails":"ValueError: time data 'Wednesday, 19 June\\n              \\n              \\n              (In progress) 2024' does not match format '%A, %d %B %Y'","time":{"start":1718757413334,"stop":1718757503709,"duration":90375}},{"uid":"607ef0520e70966","reportUrl":"https://robbrad.github.io/UKBinCollectionData/3.12/1946//#testresult/607ef0520e70966","status":"passed","time":{"start":1718670604875,"stop":1718670617546,"duration":12671}},{"uid":"8d5d3d7dad2699c5","reportUrl":"https://robbrad.github.io/UKBinCollectionData/3.12/1945//#testresult/8d5d3d7dad2699c5","status":"passed","time":{"start":1718584641933,"stop":1718584736413,"duration":94480}},{"uid":"d32e58a39b9fc09","reportUrl":"https://robbrad.github.io/UKBinCollectionData/3.12/1944//#testresult/d32e58a39b9fc09","status":"passed","time":{"start":1718498199462,"stop":1718498291018,"duration":91556}},{"uid":"e8bf18c7efa8c7fa","reportUrl":"https://robbrad.github.io/UKBinCollectionData/3.12/1943//#testresult/e8bf18c7efa8c7fa","status":"passed","time":{"start":1718411809209,"stop":1718411891615,"duration":82406}},{"uid":"b63b857ebaf0c02c","reportUrl":"https://robbrad.github.io/UKBinCollectionData/3.12/1942//#testresult/b63b857ebaf0c02c","status":"passed","time":{"start":1718324979413,"stop":1718324989227,"duration":9814}},{"uid":"274015ef7fba8c04","reportUrl":"https://robbrad.github.io/UKBinCollectionData/3.12/1939//#testresult/274015ef7fba8c04","status":"passed","time":{"start":1718238726492,"stop":1718238998927,"duration":272435}},{"uid":"fb7802b0b79bf36d","reportUrl":"https://robbrad.github.io/UKBinCollectionData/3.12/1938//#testresult/fb7802b0b79bf36d","status":"failed","statusDetails":"ValueError: time data 'Wednesday, 12 June\\n              \\n              \\n              (In progress) 2024' does not match format '%A, %d %B %Y'","time":{"start":1718152310225,"stop":1718152550299,"duration":240074}},{"uid":"8033a39caf90a8b","reportUrl":"https://robbrad.github.io/UKBinCollectionData/3.12/1937//#testresult/8033a39caf90a8b","status":"passed","time":{"start":1718065799661,"stop":1718065810379,"duration":10718}},{"uid":"8d4975720af124b0","reportUrl":"https://robbrad.github.io/UKBinCollectionData/3.12/1936//#testresult/8d4975720af124b0","status":"passed","time":{"start":1717979822192,"stop":1717979858021,"duration":35829}},{"uid":"3f59d74794bbfaac","reportUrl":"https://robbrad.github.io/UKBinCollectionData/3.12/1934//#testresult/3f59d74794bbfaac","status":"passed","time":{"start":1717893398794,"stop":1717893429542,"duration":30748}}]},"tags":[]},"source":"bf575e0308ecc9e8.json","parameterValues":["KingstonUponThamesCouncil"]}