{"uid":"35310f7ca67b7040","name":"Validate Council Output [RenfrewshireCouncil]","fullName":"features/validate_council_outputs.feature:Validate Council Output","historyId":"21c77c05ec171f4a60a68c21bf3d0b55","time":{"start":1722817707231,"stop":1722817733249,"duration":26018},"status":"failed","statusMessage":"selenium.common.exceptions.ElementClickInterceptedException: Message: element click intercepted: Element is not clickable at point (141, 625)\n  (Session info: chrome-headless-shell=127.0.6533.72)\nStacktrace:\n#0 0x564b07ddf6ba <unknown>\n#1 0x564b07aaf730 <unknown>\n#2 0x564b07b05a96 <unknown>\n#3 0x564b07b039ad <unknown>\n#4 0x564b07b01447 <unknown>\n#5 0x564b07b0030e <unknown>\n#6 0x564b07af3d66 <unknown>\n#7 0x564b07b21a52 <unknown>\n#8 0x564b07af3719 <unknown>\n#9 0x564b07b21c1e <unknown>\n#10 0x564b07b401ca <unknown>\n#11 0x564b07b217f3 <unknown>\n#12 0x564b07af1ec9 <unknown>\n#13 0x564b07af291e <unknown>\n#14 0x564b07da59eb <unknown>\n#15 0x564b07da9972 <unknown>\n#16 0x564b07d92e15 <unknown>\n#17 0x564b07daa502 <unknown>\n#18 0x564b07d77d2f <unknown>\n#19 0x564b07dce578 <unknown>\n#20 0x564b07dce750 <unknown>\n#21 0x564b07dde48c <unknown>\n#22 0x7f8dbd623a94 <unknown>\n#23 0x7f8dbd6b0a34 __clone","statusTrace":"fixturefunc = <function scrape_step at 0x7f8c9432e340>\nrequest = <FixtureRequest for <Function test_scenario_outline[RenfrewshireCouncil]>>\nkwargs = {'context': <test_validate_council.Context object at 0x7f8ca2ebe7e0>, 'headless_mode': 'True', 'local_browser': 'False', 'selenium_url': 'http://localhost:4444'}\n\n    def call_fixture_func(\n        fixturefunc: _FixtureFunc[FixtureValue], request: FixtureRequest, kwargs\n    ) -> FixtureValue:\n        if is_generator(fixturefunc):\n            fixturefunc = cast(\n                Callable[..., Generator[FixtureValue, None, None]], fixturefunc\n            )\n            generator = fixturefunc(**kwargs)\n            try:\n                fixture_result = next(generator)\n            except StopIteration:\n                raise ValueError(f\"{request.fixturename} did not yield a value\") from None\n            finalizer = functools.partial(_teardown_yield_fixture, fixturefunc, generator)\n            request.addfinalizer(finalizer)\n        else:\n            fixturefunc = cast(Callable[..., FixtureValue], fixturefunc)\n>           fixture_result = fixturefunc(**kwargs)\n\n../../../.cache/pypoetry/virtualenvs/uk-bin-collection-EwS6Gn8s-py3.12/lib/python3.12/site-packages/_pytest/fixtures.py:897: \n_ _ _ _ _ _ _ _ _ _ _ _ _ _ _ _ _ _ _ _ _ _ _ _ _ _ _ _ _ _ _ _ _ _ _ _ _ _ _ _ \nuk_bin_collection/tests/step_defs/test_validate_council.py:100: in scrape_step\n    context.parse_result = CollectData.run()\nuk_bin_collection/uk_bin_collection/collect_data.py:101: in run\n    return self.client_code(\nuk_bin_collection/uk_bin_collection/collect_data.py:121: in client_code\n    return get_bin_data_class.template_method(address_url, **kwargs)\nuk_bin_collection/uk_bin_collection/get_bin_data.py:61: in template_method\n    bin_data_dict = self.get_and_parse_data(this_url, **kwargs)\nuk_bin_collection/uk_bin_collection/get_bin_data.py:84: in get_and_parse_data\n    bin_data_dict = self.parse_data(\"\", url=address_url, **kwargs)\nuk_bin_collection/uk_bin_collection/councils/RenfrewshireCouncil.py:38: in parse_data\n    accept_button.click()\n../../../.cache/pypoetry/virtualenvs/uk-bin-collection-EwS6Gn8s-py3.12/lib/python3.12/site-packages/selenium/webdriver/remote/webelement.py:94: in click\n    self._execute(Command.CLICK_ELEMENT)\n../../../.cache/pypoetry/virtualenvs/uk-bin-collection-EwS6Gn8s-py3.12/lib/python3.12/site-packages/selenium/webdriver/remote/webelement.py:395: in _execute\n    return self._parent.execute(command, params)\n../../../.cache/pypoetry/virtualenvs/uk-bin-collection-EwS6Gn8s-py3.12/lib/python3.12/site-packages/selenium/webdriver/remote/webdriver.py:354: in execute\n    self.error_handler.check_response(response)\n_ _ _ _ _ _ _ _ _ _ _ _ _ _ _ _ _ _ _ _ _ _ _ _ _ _ _ _ _ _ _ _ _ _ _ _ _ _ _ _ \n\nself = <selenium.webdriver.remote.errorhandler.ErrorHandler object at 0x7f8c941b6de0>\nresponse = {'status': 400, 'value': '{\"value\":{\"error\":\"element click intercepted\",\"message\":\"element click intercepted: Element ...unknown>\\\\n#21 0x564b07dde48c \\\\u003Cunknown>\\\\n#22 0x7f8dbd623a94 \\\\u003Cunknown>\\\\n#23 0x7f8dbd6b0a34 __clone\\\\n\"}}'}\n\n    def check_response(self, response: Dict[str, Any]) -> None:\n        \"\"\"Checks that a JSON response from the WebDriver does not have an\n        error.\n    \n        :Args:\n         - response - The JSON response from the WebDriver server as a dictionary\n           object.\n    \n        :Raises: If the response contains an error message.\n        \"\"\"\n        status = response.get(\"status\", None)\n        if not status or status == ErrorCode.SUCCESS:\n            return\n        value = None\n        message = response.get(\"message\", \"\")\n        screen: str = response.get(\"screen\", \"\")\n        stacktrace = None\n        if isinstance(status, int):\n            value_json = response.get(\"value\", None)\n            if value_json and isinstance(value_json, str):\n                import json\n    \n                try:\n                    value = json.loads(value_json)\n                    if len(value) == 1:\n                        value = value[\"value\"]\n                    status = value.get(\"error\", None)\n                    if not status:\n                        status = value.get(\"status\", ErrorCode.UNKNOWN_ERROR)\n                        message = value.get(\"value\") or value.get(\"message\")\n                        if not isinstance(message, str):\n                            value = message\n                            message = message.get(\"message\")\n                    else:\n                        message = value.get(\"message\", None)\n                except ValueError:\n                    pass\n    \n        exception_class: Type[WebDriverException]\n        e = ErrorCode()\n        error_codes = [item for item in dir(e) if not item.startswith(\"__\")]\n        for error_code in error_codes:\n            error_info = getattr(ErrorCode, error_code)\n            if isinstance(error_info, list) and status in error_info:\n                exception_class = getattr(ExceptionMapping, error_code, WebDriverException)\n                break\n        else:\n            exception_class = WebDriverException\n    \n        if not value:\n            value = response[\"value\"]\n        if isinstance(value, str):\n            raise exception_class(value)\n        if message == \"\" and \"message\" in value:\n            message = value[\"message\"]\n    \n        screen = None  # type: ignore[assignment]\n        if \"screen\" in value:\n            screen = value[\"screen\"]\n    \n        stacktrace = None\n        st_value = value.get(\"stackTrace\") or value.get(\"stacktrace\")\n        if st_value:\n            if isinstance(st_value, str):\n                stacktrace = st_value.split(\"\\n\")\n            else:\n                stacktrace = []\n                try:\n                    for frame in st_value:\n                        line = frame.get(\"lineNumber\", \"\")\n                        file = frame.get(\"fileName\", \"<anonymous>\")\n                        if line:\n                            file = f\"{file}:{line}\"\n                        meth = frame.get(\"methodName\", \"<anonymous>\")\n                        if \"className\" in frame:\n                            meth = f\"{frame['className']}.{meth}\"\n                        msg = \"    at %s (%s)\"\n                        msg = msg % (meth, file)\n                        stacktrace.append(msg)\n                except TypeError:\n                    pass\n        if exception_class == UnexpectedAlertPresentException:\n            alert_text = None\n            if \"data\" in value:\n                alert_text = value[\"data\"].get(\"text\")\n            elif \"alert\" in value:\n                alert_text = value[\"alert\"].get(\"text\")\n            raise exception_class(message, screen, stacktrace, alert_text)  # type: ignore[call-arg]  # mypy is not smart enough here\n>       raise exception_class(message, screen, stacktrace)\nE       selenium.common.exceptions.ElementClickInterceptedException: Message: element click intercepted: Element is not clickable at point (141, 625)\nE         (Session info: chrome-headless-shell=127.0.6533.72)\nE       Stacktrace:\nE       #0 0x564b07ddf6ba <unknown>\nE       #1 0x564b07aaf730 <unknown>\nE       #2 0x564b07b05a96 <unknown>\nE       #3 0x564b07b039ad <unknown>\nE       #4 0x564b07b01447 <unknown>\nE       #5 0x564b07b0030e <unknown>\nE       #6 0x564b07af3d66 <unknown>\nE       #7 0x564b07b21a52 <unknown>\nE       #8 0x564b07af3719 <unknown>\nE       #9 0x564b07b21c1e <unknown>\nE       #10 0x564b07b401ca <unknown>\nE       #11 0x564b07b217f3 <unknown>\nE       #12 0x564b07af1ec9 <unknown>\nE       #13 0x564b07af291e <unknown>\nE       #14 0x564b07da59eb <unknown>\nE       #15 0x564b07da9972 <unknown>\nE       #16 0x564b07d92e15 <unknown>\nE       #17 0x564b07daa502 <unknown>\nE       #18 0x564b07d77d2f <unknown>\nE       #19 0x564b07dce578 <unknown>\nE       #20 0x564b07dce750 <unknown>\nE       #21 0x564b07dde48c <unknown>\nE       #22 0x7f8dbd623a94 <unknown>\nE       #23 0x7f8dbd6b0a34 __clone\n\n../../../.cache/pypoetry/virtualenvs/uk-bin-collection-EwS6Gn8s-py3.12/lib/python3.12/site-packages/selenium/webdriver/remote/errorhandler.py:229: ElementClickInterceptedException","flaky":true,"newFailed":false,"newBroken":false,"newPassed":false,"retriesCount":0,"retriesStatusChange":false,"beforeStages":[],"testStage":{"status":"failed","statusMessage":"selenium.common.exceptions.ElementClickInterceptedException: Message: element click intercepted: Element is not clickable at point (141, 625)\n  (Session info: chrome-headless-shell=127.0.6533.72)\nStacktrace:\n#0 0x564b07ddf6ba <unknown>\n#1 0x564b07aaf730 <unknown>\n#2 0x564b07b05a96 <unknown>\n#3 0x564b07b039ad <unknown>\n#4 0x564b07b01447 <unknown>\n#5 0x564b07b0030e <unknown>\n#6 0x564b07af3d66 <unknown>\n#7 0x564b07b21a52 <unknown>\n#8 0x564b07af3719 <unknown>\n#9 0x564b07b21c1e <unknown>\n#10 0x564b07b401ca <unknown>\n#11 0x564b07b217f3 <unknown>\n#12 0x564b07af1ec9 <unknown>\n#13 0x564b07af291e <unknown>\n#14 0x564b07da59eb <unknown>\n#15 0x564b07da9972 <unknown>\n#16 0x564b07d92e15 <unknown>\n#17 0x564b07daa502 <unknown>\n#18 0x564b07d77d2f <unknown>\n#19 0x564b07dce578 <unknown>\n#20 0x564b07dce750 <unknown>\n#21 0x564b07dde48c <unknown>\n#22 0x7f8dbd623a94 <unknown>\n#23 0x7f8dbd6b0a34 __clone","statusTrace":"fixturefunc = <function scrape_step at 0x7f8c9432e340>\nrequest = <FixtureRequest for <Function test_scenario_outline[RenfrewshireCouncil]>>\nkwargs = {'context': <test_validate_council.Context object at 0x7f8ca2ebe7e0>, 'headless_mode': 'True', 'local_browser': 'False', 'selenium_url': 'http://localhost:4444'}\n\n    def call_fixture_func(\n        fixturefunc: _FixtureFunc[FixtureValue], request: FixtureRequest, kwargs\n    ) -> FixtureValue:\n        if is_generator(fixturefunc):\n            fixturefunc = cast(\n                Callable[..., Generator[FixtureValue, None, None]], fixturefunc\n            )\n            generator = fixturefunc(**kwargs)\n            try:\n                fixture_result = next(generator)\n            except StopIteration:\n                raise ValueError(f\"{request.fixturename} did not yield a value\") from None\n            finalizer = functools.partial(_teardown_yield_fixture, fixturefunc, generator)\n            request.addfinalizer(finalizer)\n        else:\n            fixturefunc = cast(Callable[..., FixtureValue], fixturefunc)\n>           fixture_result = fixturefunc(**kwargs)\n\n../../../.cache/pypoetry/virtualenvs/uk-bin-collection-EwS6Gn8s-py3.12/lib/python3.12/site-packages/_pytest/fixtures.py:897: \n_ _ _ _ _ _ _ _ _ _ _ _ _ _ _ _ _ _ _ _ _ _ _ _ _ _ _ _ _ _ _ _ _ _ _ _ _ _ _ _ \nuk_bin_collection/tests/step_defs/test_validate_council.py:100: in scrape_step\n    context.parse_result = CollectData.run()\nuk_bin_collection/uk_bin_collection/collect_data.py:101: in run\n    return self.client_code(\nuk_bin_collection/uk_bin_collection/collect_data.py:121: in client_code\n    return get_bin_data_class.template_method(address_url, **kwargs)\nuk_bin_collection/uk_bin_collection/get_bin_data.py:61: in template_method\n    bin_data_dict = self.get_and_parse_data(this_url, **kwargs)\nuk_bin_collection/uk_bin_collection/get_bin_data.py:84: in get_and_parse_data\n    bin_data_dict = self.parse_data(\"\", url=address_url, **kwargs)\nuk_bin_collection/uk_bin_collection/councils/RenfrewshireCouncil.py:38: in parse_data\n    accept_button.click()\n../../../.cache/pypoetry/virtualenvs/uk-bin-collection-EwS6Gn8s-py3.12/lib/python3.12/site-packages/selenium/webdriver/remote/webelement.py:94: in click\n    self._execute(Command.CLICK_ELEMENT)\n../../../.cache/pypoetry/virtualenvs/uk-bin-collection-EwS6Gn8s-py3.12/lib/python3.12/site-packages/selenium/webdriver/remote/webelement.py:395: in _execute\n    return self._parent.execute(command, params)\n../../../.cache/pypoetry/virtualenvs/uk-bin-collection-EwS6Gn8s-py3.12/lib/python3.12/site-packages/selenium/webdriver/remote/webdriver.py:354: in execute\n    self.error_handler.check_response(response)\n_ _ _ _ _ _ _ _ _ _ _ _ _ _ _ _ _ _ _ _ _ _ _ _ _ _ _ _ _ _ _ _ _ _ _ _ _ _ _ _ \n\nself = <selenium.webdriver.remote.errorhandler.ErrorHandler object at 0x7f8c941b6de0>\nresponse = {'status': 400, 'value': '{\"value\":{\"error\":\"element click intercepted\",\"message\":\"element click intercepted: Element ...unknown>\\\\n#21 0x564b07dde48c \\\\u003Cunknown>\\\\n#22 0x7f8dbd623a94 \\\\u003Cunknown>\\\\n#23 0x7f8dbd6b0a34 __clone\\\\n\"}}'}\n\n    def check_response(self, response: Dict[str, Any]) -> None:\n        \"\"\"Checks that a JSON response from the WebDriver does not have an\n        error.\n    \n        :Args:\n         - response - The JSON response from the WebDriver server as a dictionary\n           object.\n    \n        :Raises: If the response contains an error message.\n        \"\"\"\n        status = response.get(\"status\", None)\n        if not status or status == ErrorCode.SUCCESS:\n            return\n        value = None\n        message = response.get(\"message\", \"\")\n        screen: str = response.get(\"screen\", \"\")\n        stacktrace = None\n        if isinstance(status, int):\n            value_json = response.get(\"value\", None)\n            if value_json and isinstance(value_json, str):\n                import json\n    \n                try:\n                    value = json.loads(value_json)\n                    if len(value) == 1:\n                        value = value[\"value\"]\n                    status = value.get(\"error\", None)\n                    if not status:\n                        status = value.get(\"status\", ErrorCode.UNKNOWN_ERROR)\n                        message = value.get(\"value\") or value.get(\"message\")\n                        if not isinstance(message, str):\n                            value = message\n                            message = message.get(\"message\")\n                    else:\n                        message = value.get(\"message\", None)\n                except ValueError:\n                    pass\n    \n        exception_class: Type[WebDriverException]\n        e = ErrorCode()\n        error_codes = [item for item in dir(e) if not item.startswith(\"__\")]\n        for error_code in error_codes:\n            error_info = getattr(ErrorCode, error_code)\n            if isinstance(error_info, list) and status in error_info:\n                exception_class = getattr(ExceptionMapping, error_code, WebDriverException)\n                break\n        else:\n            exception_class = WebDriverException\n    \n        if not value:\n            value = response[\"value\"]\n        if isinstance(value, str):\n            raise exception_class(value)\n        if message == \"\" and \"message\" in value:\n            message = value[\"message\"]\n    \n        screen = None  # type: ignore[assignment]\n        if \"screen\" in value:\n            screen = value[\"screen\"]\n    \n        stacktrace = None\n        st_value = value.get(\"stackTrace\") or value.get(\"stacktrace\")\n        if st_value:\n            if isinstance(st_value, str):\n                stacktrace = st_value.split(\"\\n\")\n            else:\n                stacktrace = []\n                try:\n                    for frame in st_value:\n                        line = frame.get(\"lineNumber\", \"\")\n                        file = frame.get(\"fileName\", \"<anonymous>\")\n                        if line:\n                            file = f\"{file}:{line}\"\n                        meth = frame.get(\"methodName\", \"<anonymous>\")\n                        if \"className\" in frame:\n                            meth = f\"{frame['className']}.{meth}\"\n                        msg = \"    at %s (%s)\"\n                        msg = msg % (meth, file)\n                        stacktrace.append(msg)\n                except TypeError:\n                    pass\n        if exception_class == UnexpectedAlertPresentException:\n            alert_text = None\n            if \"data\" in value:\n                alert_text = value[\"data\"].get(\"text\")\n            elif \"alert\" in value:\n                alert_text = value[\"alert\"].get(\"text\")\n            raise exception_class(message, screen, stacktrace, alert_text)  # type: ignore[call-arg]  # mypy is not smart enough here\n>       raise exception_class(message, screen, stacktrace)\nE       selenium.common.exceptions.ElementClickInterceptedException: Message: element click intercepted: Element is not clickable at point (141, 625)\nE         (Session info: chrome-headless-shell=127.0.6533.72)\nE       Stacktrace:\nE       #0 0x564b07ddf6ba <unknown>\nE       #1 0x564b07aaf730 <unknown>\nE       #2 0x564b07b05a96 <unknown>\nE       #3 0x564b07b039ad <unknown>\nE       #4 0x564b07b01447 <unknown>\nE       #5 0x564b07b0030e <unknown>\nE       #6 0x564b07af3d66 <unknown>\nE       #7 0x564b07b21a52 <unknown>\nE       #8 0x564b07af3719 <unknown>\nE       #9 0x564b07b21c1e <unknown>\nE       #10 0x564b07b401ca <unknown>\nE       #11 0x564b07b217f3 <unknown>\nE       #12 0x564b07af1ec9 <unknown>\nE       #13 0x564b07af291e <unknown>\nE       #14 0x564b07da59eb <unknown>\nE       #15 0x564b07da9972 <unknown>\nE       #16 0x564b07d92e15 <unknown>\nE       #17 0x564b07daa502 <unknown>\nE       #18 0x564b07d77d2f <unknown>\nE       #19 0x564b07dce578 <unknown>\nE       #20 0x564b07dce750 <unknown>\nE       #21 0x564b07dde48c <unknown>\nE       #22 0x7f8dbd623a94 <unknown>\nE       #23 0x7f8dbd6b0a34 __clone\n\n../../../.cache/pypoetry/virtualenvs/uk-bin-collection-EwS6Gn8s-py3.12/lib/python3.12/site-packages/selenium/webdriver/remote/errorhandler.py:229: ElementClickInterceptedException","steps":[{"name":"Given the council","time":{"start":1722817707231,"stop":1722817707232,"duration":1},"status":"passed","steps":[],"attachments":[],"parameters":[],"stepsCount":0,"attachmentsCount":0,"hasContent":false,"attachmentStep":false,"shouldDisplayMessage":false},{"name":"When we scrape the data from the council","time":{"start":1722817707232,"stop":1722817733249,"duration":26017},"status":"failed","statusMessage":"Message: element click intercepted: Element is not clickable at point (141, 625)\n  (Session info: chrome-headless-shell=127.0.6533.72)\nStacktrace:\n#0 0x564b07ddf6ba <unknown>\n#1 0x564b07aaf730 <unknown>\n#2 0x564b07b05a96 <unknown>\n#3 0x564b07b039ad <unknown>\n#4 0x564b07b01447 <unknown>\n#5 0x564b07b0030e <unknown>\n#6 0x564b07af3d66 <unknown>\n#7 0x564b07b21a52 <unknown>\n#8 0x564b07af3719 <unknown>\n#9 0x564b07b21c1e <unknown>\n#10 0x564b07b401ca <unknown>\n#11 0x564b07b217f3 <unknown>\n#12 0x564b07af1ec9 <unknown>\n#13 0x564b07af291e <unknown>\n#14 0x564b07da59eb <unknown>\n#15 0x564b07da9972 <unknown>\n#16 0x564b07d92e15 <unknown>\n#17 0x564b07daa502 <unknown>\n#18 0x564b07d77d2f <unknown>\n#19 0x564b07dce578 <unknown>\n#20 0x564b07dce750 <unknown>\n#21 0x564b07dde48c <unknown>\n#22 0x7f8dbd623a94 <unknown>\n#23 0x7f8dbd6b0a34 __clone\n","statusTrace":"selenium.common.exceptions.ElementClickInterceptedException: Message: element click intercepted: Element is not clickable at point (141, 625)\n  (Session info: chrome-headless-shell=127.0.6533.72)\nStacktrace:\n#0 0x564b07ddf6ba <unknown>\n#1 0x564b07aaf730 <unknown>\n#2 0x564b07b05a96 <unknown>\n#3 0x564b07b039ad <unknown>\n#4 0x564b07b01447 <unknown>\n#5 0x564b07b0030e <unknown>\n#6 0x564b07af3d66 <unknown>\n#7 0x564b07b21a52 <unknown>\n#8 0x564b07af3719 <unknown>\n#9 0x564b07b21c1e <unknown>\n#10 0x564b07b401ca <unknown>\n#11 0x564b07b217f3 <unknown>\n#12 0x564b07af1ec9 <unknown>\n#13 0x564b07af291e <unknown>\n#14 0x564b07da59eb <unknown>\n#15 0x564b07da9972 <unknown>\n#16 0x564b07d92e15 <unknown>\n#17 0x564b07daa502 <unknown>\n#18 0x564b07d77d2f <unknown>\n#19 0x564b07dce578 <unknown>\n#20 0x564b07dce750 <unknown>\n#21 0x564b07dde48c <unknown>\n#22 0x7f8dbd623a94 <unknown>\n#23 0x7f8dbd6b0a34 __clone\n\n","steps":[],"attachments":[],"parameters":[],"stepsCount":0,"attachmentsCount":0,"hasContent":true,"attachmentStep":false,"shouldDisplayMessage":true}],"attachments":[{"uid":"cdc52bbd60d859d7","name":"stdout","source":"cdc52bbd60d859d7.txt","type":"text/plain","size":897}],"parameters":[],"stepsCount":2,"attachmentsCount":1,"hasContent":true,"attachmentStep":false,"shouldDisplayMessage":true},"afterStages":[],"labels":[{"name":"host","value":"fv-az1269-709"},{"name":"thread","value":"2845-MainThread"},{"name":"framework","value":"pytest-bdd"},{"name":"language","value":"cpython3"},{"name":"feature","value":"Test each council output matches expected results"},{"name":"resultFormat","value":"allure2"}],"parameters":[{"name":"council","value":"RenfrewshireCouncil"}],"links":[],"hidden":false,"retry":false,"extra":{"severity":"normal","retries":[],"categories":[{"name":"Product defects","matchedStatuses":[],"flaky":false}],"history":{"statistic":{"failed":28,"broken":0,"skipped":0,"passed":60,"unknown":0,"total":88},"items":[{"uid":"b1bf3afdbe0ef928","reportUrl":"https://robbrad.github.io/UKBinCollectionData/3.12/2005//#testresult/b1bf3afdbe0ef928","status":"failed","statusDetails":"selenium.common.exceptions.ElementClickInterceptedException: Message: element click intercepted: Element is not clickable at point (141, 639)\n  (Session info: chrome-headless-shell=127.0.6533.72)\nStacktrace:\n#0 0x55f400a4b6ba <unknown>\n#1 0x55f40071b730 <unknown>\n#2 0x55f400771a96 <unknown>\n#3 0x55f40076f9ad <unknown>\n#4 0x55f40076d447 <unknown>\n#5 0x55f40076c30e <unknown>\n#6 0x55f40075fd66 <unknown>\n#7 0x55f40078da52 <unknown>\n#8 0x55f40075f719 <unknown>\n#9 0x55f40078dc1e <unknown>\n#10 0x55f4007ac1ca <unknown>\n#11 0x55f40078d7f3 <unknown>\n#12 0x55f40075dec9 <unknown>\n#13 0x55f40075e91e <unknown>\n#14 0x55f400a119eb <unknown>\n#15 0x55f400a15972 <unknown>\n#16 0x55f4009fee15 <unknown>\n#17 0x55f400a16502 <unknown>\n#18 0x55f4009e3d2f <unknown>\n#19 0x55f400a3a578 <unknown>\n#20 0x55f400a3a750 <unknown>\n#21 0x55f400a4a48c <unknown>\n#22 0x7f0b81eeaa94 <unknown>\n#23 0x7f0b81f77a34 __clone","time":{"start":1722731210158,"stop":1722731224225,"duration":14067}},{"uid":"81abcd6ad7ec9d5","reportUrl":"https://robbrad.github.io/UKBinCollectionData/3.12/2004//#testresult/81abcd6ad7ec9d5","status":"passed","time":{"start":1722644577100,"stop":1722644585523,"duration":8423}},{"uid":"1bf8abfca260c568","reportUrl":"https://robbrad.github.io/UKBinCollectionData/3.12/2003//#testresult/1bf8abfca260c568","status":"passed","time":{"start":1722558362758,"stop":1722558379361,"duration":16603}},{"uid":"9788899119a96807","reportUrl":"https://robbrad.github.io/UKBinCollectionData/3.12/2002//#testresult/9788899119a96807","status":"passed","time":{"start":1722471792230,"stop":1722471819676,"duration":27446}},{"uid":"985997dedde283af","reportUrl":"https://robbrad.github.io/UKBinCollectionData/3.12/1998//#testresult/985997dedde283af","status":"failed","statusDetails":"selenium.common.exceptions.ElementClickInterceptedException: Message: element click intercepted: Element is not clickable at point (141, 601)\n  (Session info: chrome-headless-shell=127.0.6533.72)\nStacktrace:\n#0 0x55ee639bc6ba <unknown>\n#1 0x55ee6368c730 <unknown>\n#2 0x55ee636e2a96 <unknown>\n#3 0x55ee636e09ad <unknown>\n#4 0x55ee636de447 <unknown>\n#5 0x55ee636dd30e <unknown>\n#6 0x55ee636d0d66 <unknown>\n#7 0x55ee636fea52 <unknown>\n#8 0x55ee636d0719 <unknown>\n#9 0x55ee636fec1e <unknown>\n#10 0x55ee6371d1ca <unknown>\n#11 0x55ee636fe7f3 <unknown>\n#12 0x55ee636ceec9 <unknown>\n#13 0x55ee636cf91e <unknown>\n#14 0x55ee639829eb <unknown>\n#15 0x55ee63986972 <unknown>\n#16 0x55ee6396fe15 <unknown>\n#17 0x55ee63987502 <unknown>\n#18 0x55ee63954d2f <unknown>\n#19 0x55ee639ab578 <unknown>\n#20 0x55ee639ab750 <unknown>\n#21 0x55ee639bb48c <unknown>\n#22 0x7f7d05410a94 <unknown>\n#23 0x7f7d0549da34 __clone","time":{"start":1722385501336,"stop":1722385522863,"duration":21527}},{"uid":"a64f001182fc5243","reportUrl":"https://robbrad.github.io/UKBinCollectionData/3.12/1997//#testresult/a64f001182fc5243","status":"passed","time":{"start":1722298980465,"stop":1722299004182,"duration":23717}},{"uid":"e71c2c657a0ba8e1","reportUrl":"https://robbrad.github.io/UKBinCollectionData/3.12/1996//#testresult/e71c2c657a0ba8e1","status":"failed","statusDetails":"selenium.common.exceptions.ElementClickInterceptedException: Message: element click intercepted: Element is not clickable at point (141, 601)\n  (Session info: chrome-headless-shell=127.0.6533.72)\nStacktrace:\n#0 0x562b3eb5f6ba <unknown>\n#1 0x562b3e82f730 <unknown>\n#2 0x562b3e885a96 <unknown>\n#3 0x562b3e8839ad <unknown>\n#4 0x562b3e881447 <unknown>\n#5 0x562b3e88030e <unknown>\n#6 0x562b3e873d66 <unknown>\n#7 0x562b3e8a1a52 <unknown>\n#8 0x562b3e873719 <unknown>\n#9 0x562b3e8a1c1e <unknown>\n#10 0x562b3e8c01ca <unknown>\n#11 0x562b3e8a17f3 <unknown>\n#12 0x562b3e871ec9 <unknown>\n#13 0x562b3e87291e <unknown>\n#14 0x562b3eb259eb <unknown>\n#15 0x562b3eb29972 <unknown>\n#16 0x562b3eb12e15 <unknown>\n#17 0x562b3eb2a502 <unknown>\n#18 0x562b3eaf7d2f <unknown>\n#19 0x562b3eb4e578 <unknown>\n#20 0x562b3eb4e750 <unknown>\n#21 0x562b3eb5e48c <unknown>\n#22 0x7f2855750a94 <unknown>\n#23 0x7f28557dda34 __clone","time":{"start":1722212472204,"stop":1722212496338,"duration":24134}},{"uid":"db2be6ba2e0d36d4","reportUrl":"https://robbrad.github.io/UKBinCollectionData/3.12/1995//#testresult/db2be6ba2e0d36d4","status":"passed","time":{"start":1722126038527,"stop":1722126185109,"duration":146582}},{"uid":"4b839d738d2e7301","reportUrl":"https://robbrad.github.io/UKBinCollectionData/3.12/1994//#testresult/4b839d738d2e7301","status":"failed","statusDetails":"selenium.common.exceptions.ElementClickInterceptedException: Message: element click intercepted: Element is not clickable at point (141, 654)\n  (Session info: chrome-headless-shell=126.0.6478.114)\nStacktrace:\n#0 0x556bbb72b69a <unknown>\n#1 0x556bbb40e0dc <unknown>\n#2 0x556bbb4616c6 <unknown>\n#3 0x556bbb45f516 <unknown>\n#4 0x556bbb45cef7 <unknown>\n#5 0x556bbb45bd2c <unknown>\n#6 0x556bbb44f40f <unknown>\n#7 0x556bbb47d872 <unknown>\n#8 0x556bbb44ed89 <unknown>\n#9 0x556bbb47da3e <unknown>\n#10 0x556bbb49c5c3 <unknown>\n#11 0x556bbb47d613 <unknown>\n#12 0x556bbb44d4f7 <unknown>\n#13 0x556bbb44de4e <unknown>\n#14 0x556bbb6f186b <unknown>\n#15 0x556bbb6f5911 <unknown>\n#16 0x556bbb6dd35e <unknown>\n#17 0x556bbb6f6472 <unknown>\n#18 0x556bbb6c1cbf <unknown>\n#19 0x556bbb71b098 <unknown>\n#20 0x556bbb71b270 <unknown>\n#21 0x556bbb72a7cc <unknown>\n#22 0x7f3a0ef6aac3 <unknown>","time":{"start":1722039804802,"stop":1722039951840,"duration":147038}},{"uid":"fe610247d15b335e","reportUrl":"https://robbrad.github.io/UKBinCollectionData/3.12/1993//#testresult/fe610247d15b335e","status":"passed","time":{"start":1721953466735,"stop":1721953484051,"duration":17316}},{"uid":"90d381d8a3d88163","reportUrl":"https://robbrad.github.io/UKBinCollectionData/3.12/1992//#testresult/90d381d8a3d88163","status":"passed","time":{"start":1721867059759,"stop":1721867075354,"duration":15595}},{"uid":"de07589c25126bed","reportUrl":"https://robbrad.github.io/UKBinCollectionData/3.12/1991//#testresult/de07589c25126bed","status":"failed","statusDetails":"selenium.common.exceptions.ElementClickInterceptedException: Message: element click intercepted: Element is not clickable at point (141, 639)\n  (Session info: chrome-headless-shell=126.0.6478.114)\nStacktrace:\n#0 0x557851b6969a <unknown>\n#1 0x55785184c0dc <unknown>\n#2 0x55785189f6c6 <unknown>\n#3 0x55785189d516 <unknown>\n#4 0x55785189aef7 <unknown>\n#5 0x557851899d2c <unknown>\n#6 0x55785188d40f <unknown>\n#7 0x5578518bb872 <unknown>\n#8 0x55785188cd89 <unknown>\n#9 0x5578518bba3e <unknown>\n#10 0x5578518da5c3 <unknown>\n#11 0x5578518bb613 <unknown>\n#12 0x55785188b4f7 <unknown>\n#13 0x55785188be4e <unknown>\n#14 0x557851b2f86b <unknown>\n#15 0x557851b33911 <unknown>\n#16 0x557851b1b35e <unknown>\n#17 0x557851b34472 <unknown>\n#18 0x557851affcbf <unknown>\n#19 0x557851b59098 <unknown>\n#20 0x557851b59270 <unknown>\n#21 0x557851b687cc <unknown>\n#22 0x7fc926b44ac3 <unknown>","time":{"start":1721780484032,"stop":1721780500926,"duration":16894}},{"uid":"6c2d85808129b678","reportUrl":"https://robbrad.github.io/UKBinCollectionData/3.12/1990//#testresult/6c2d85808129b678","status":"passed","time":{"start":1721694149732,"stop":1721694170438,"duration":20706}},{"uid":"9b95d67832b85e0b","reportUrl":"https://robbrad.github.io/UKBinCollectionData/3.12/1989//#testresult/9b95d67832b85e0b","status":"failed","statusDetails":"selenium.common.exceptions.ElementClickInterceptedException: Message: element click intercepted: Element is not clickable at point (141, 612)\n  (Session info: chrome-headless-shell=126.0.6478.114)\nStacktrace:\n#0 0x55c62158969a <unknown>\n#1 0x55c62126c0dc <unknown>\n#2 0x55c6212bf6c6 <unknown>\n#3 0x55c6212bd516 <unknown>\n#4 0x55c6212baef7 <unknown>\n#5 0x55c6212b9d2c <unknown>\n#6 0x55c6212ad40f <unknown>\n#7 0x55c6212db872 <unknown>\n#8 0x55c6212acd89 <unknown>\n#9 0x55c6212dba3e <unknown>\n#10 0x55c6212fa5c3 <unknown>\n#11 0x55c6212db613 <unknown>\n#12 0x55c6212ab4f7 <unknown>\n#13 0x55c6212abe4e <unknown>\n#14 0x55c62154f86b <unknown>\n#15 0x55c621553911 <unknown>\n#16 0x55c62153b35e <unknown>\n#17 0x55c621554472 <unknown>\n#18 0x55c62151fcbf <unknown>\n#19 0x55c621579098 <unknown>\n#20 0x55c621579270 <unknown>\n#21 0x55c6215887cc <unknown>\n#22 0x7f1358a55ac3 <unknown>","time":{"start":1721607774349,"stop":1721607792919,"duration":18570}},{"uid":"dc245cc240fd0e50","reportUrl":"https://robbrad.github.io/UKBinCollectionData/3.12/1988//#testresult/dc245cc240fd0e50","status":"failed","statusDetails":"selenium.common.exceptions.ElementClickInterceptedException: Message: element click intercepted: Element is not clickable at point (141, 639)\n  (Session info: chrome-headless-shell=126.0.6478.114)\nStacktrace:\n#0 0x55f87c36569a <unknown>\n#1 0x55f87c0480dc <unknown>\n#2 0x55f87c09b6c6 <unknown>\n#3 0x55f87c099516 <unknown>\n#4 0x55f87c096ef7 <unknown>\n#5 0x55f87c095d2c <unknown>\n#6 0x55f87c08940f <unknown>\n#7 0x55f87c0b7872 <unknown>\n#8 0x55f87c088d89 <unknown>\n#9 0x55f87c0b7a3e <unknown>\n#10 0x55f87c0d65c3 <unknown>\n#11 0x55f87c0b7613 <unknown>\n#12 0x55f87c0874f7 <unknown>\n#13 0x55f87c087e4e <unknown>\n#14 0x55f87c32b86b <unknown>\n#15 0x55f87c32f911 <unknown>\n#16 0x55f87c31735e <unknown>\n#17 0x55f87c330472 <unknown>\n#18 0x55f87c2fbcbf <unknown>\n#19 0x55f87c355098 <unknown>\n#20 0x55f87c355270 <unknown>\n#21 0x55f87c3647cc <unknown>\n#22 0x7fda7c5b3ac3 <unknown>","time":{"start":1721521215187,"stop":1721521369436,"duration":154249}},{"uid":"d64caae1a07e8ec0","reportUrl":"https://robbrad.github.io/UKBinCollectionData/3.12/1987//#testresult/d64caae1a07e8ec0","status":"passed","time":{"start":1721435063737,"stop":1721435080206,"duration":16469}},{"uid":"23a9d2a3110673cd","reportUrl":"https://robbrad.github.io/UKBinCollectionData/3.12/1986//#testresult/23a9d2a3110673cd","status":"failed","statusDetails":"selenium.common.exceptions.ElementClickInterceptedException: Message: element click intercepted: Element is not clickable at point (141, 654)\n  (Session info: chrome-headless-shell=126.0.6478.114)\nStacktrace:\n#0 0x55a29378d69a <unknown>\n#1 0x55a2934700dc <unknown>\n#2 0x55a2934c36c6 <unknown>\n#3 0x55a2934c1516 <unknown>\n#4 0x55a2934beef7 <unknown>\n#5 0x55a2934bdd2c <unknown>\n#6 0x55a2934b140f <unknown>\n#7 0x55a2934df872 <unknown>\n#8 0x55a2934b0d89 <unknown>\n#9 0x55a2934dfa3e <unknown>\n#10 0x55a2934fe5c3 <unknown>\n#11 0x55a2934df613 <unknown>\n#12 0x55a2934af4f7 <unknown>\n#13 0x55a2934afe4e <unknown>\n#14 0x55a29375386b <unknown>\n#15 0x55a293757911 <unknown>\n#16 0x55a29373f35e <unknown>\n#17 0x55a293758472 <unknown>\n#18 0x55a293723cbf <unknown>\n#19 0x55a29377d098 <unknown>\n#20 0x55a29377d270 <unknown>\n#21 0x55a29378c7cc <unknown>\n#22 0x7f3d40252ac3 <unknown>","time":{"start":1721373148360,"stop":1721373174849,"duration":26489}},{"uid":"601b510c097176f4","reportUrl":"https://robbrad.github.io/UKBinCollectionData/3.12/1985//#testresult/601b510c097176f4","status":"failed","statusDetails":"selenium.common.exceptions.ElementClickInterceptedException: Message: element click intercepted: Element is not clickable at point (141, 601)\n  (Session info: chrome-headless-shell=126.0.6478.114)\nStacktrace:\n#0 0x55c66980f69a <unknown>\n#1 0x55c6694f20dc <unknown>\n#2 0x55c6695456c6 <unknown>\n#3 0x55c669543516 <unknown>\n#4 0x55c669540ef7 <unknown>\n#5 0x55c66953fd2c <unknown>\n#6 0x55c66953340f <unknown>\n#7 0x55c669561872 <unknown>\n#8 0x55c669532d89 <unknown>\n#9 0x55c669561a3e <unknown>\n#10 0x55c6695805c3 <unknown>\n#11 0x55c669561613 <unknown>\n#12 0x55c6695314f7 <unknown>\n#13 0x55c669531e4e <unknown>\n#14 0x55c6697d586b <unknown>\n#15 0x55c6697d9911 <unknown>\n#16 0x55c6697c135e <unknown>\n#17 0x55c6697da472 <unknown>\n#18 0x55c6697a5cbf <unknown>\n#19 0x55c6697ff098 <unknown>\n#20 0x55c6697ff270 <unknown>\n#21 0x55c66980e7cc <unknown>\n#22 0x7f97f5b83ac3 <unknown>","time":{"start":1721263883750,"stop":1721263909155,"duration":25405}},{"uid":"cc9f85cd4597b4fa","reportUrl":"https://robbrad.github.io/UKBinCollectionData/3.12/1984//#testresult/cc9f85cd4597b4fa","status":"passed","time":{"start":1721177268174,"stop":1721177433949,"duration":165775}},{"uid":"9d1ade9435c4b389","reportUrl":"https://robbrad.github.io/UKBinCollectionData/3.12/1983//#testresult/9d1ade9435c4b389","status":"passed","time":{"start":1721091062205,"stop":1721091105182,"duration":42977}}]},"tags":[]},"source":"35310f7ca67b7040.json","parameterValues":["RenfrewshireCouncil"]}