{"uid":"bf7db9403047471d","name":"Validate Council Output [NorthumberlandCouncil-http://selenium:4444-local]","fullName":"features/validate_council_outputs.feature:Validate Council Output","historyId":"9088d6bc2b89de0e3e509aca63a583bf","time":{"start":1702054423875,"stop":1702054427526,"duration":3651},"status":"failed","statusMessage":"selenium.common.exceptions.NoSuchElementException: Message: no such element: Unable to locate element: {\"method\":\"css selector\",\"selector\":\"[id=\"ccc-notify-accept\"]\"}\n  (Session info: headless chrome=119.0.6045.199); For documentation on this error, please visit: https://www.selenium.dev/documentation/webdriver/troubleshooting/errors#no-such-element-exception\nStacktrace:\n#0 0x560faebbf5e3 <unknown>\n#1 0x560fae8820b7 <unknown>\n#2 0x560fae8cff53 <unknown>\n#3 0x560fae8d0051 <unknown>\n#4 0x560fae9159c4 <unknown>\n#5 0x560fae8f6f1d <unknown>\n#6 0x560fae912b3d <unknown>\n#7 0x560fae8f6cc3 <unknown>\n#8 0x560fae8c20e4 <unknown>\n#9 0x560fae8c30ae <unknown>\n#10 0x560faeb85ce1 <unknown>\n#11 0x560faeb89b7e <unknown>\n#12 0x560faeb734b5 <unknown>\n#13 0x560faeb8a7d6 <unknown>\n#14 0x560faeb56dbf <unknown>\n#15 0x560faebad748 <unknown>\n#16 0x560faebad917 <unknown>\n#17 0x560faebbe773 <unknown>\n#18 0x7f5471c94ac3 <unknown>","statusTrace":"fixturefunc = <function scrape_step at 0x7f7efbb337f0>\nrequest = <FixtureRequest for <Function test_scenario_outline[NorthumberlandCouncil-http://selenium:4444-local]>>\nkwargs = {'context': <test_validate_council.context.<locals>.Context object at 0x7f7eebe19240>, 'council': 'NorthumberlandCouncil', 'selenium_mode': 'local', 'selenium_url': 'http://selenium:4444'}\n\n    def call_fixture_func(\n        fixturefunc: \"_FixtureFunc[FixtureValue]\", request: FixtureRequest, kwargs\n    ) -> FixtureValue:\n        if is_generator(fixturefunc):\n            fixturefunc = cast(\n                Callable[..., Generator[FixtureValue, None, None]], fixturefunc\n            )\n            generator = fixturefunc(**kwargs)\n            try:\n                fixture_result = next(generator)\n            except StopIteration:\n                raise ValueError(f\"{request.fixturename} did not yield a value\") from None\n            finalizer = functools.partial(_teardown_yield_fixture, fixturefunc, generator)\n            request.addfinalizer(finalizer)\n        else:\n            fixturefunc = cast(Callable[..., FixtureValue], fixturefunc)\n>           fixture_result = fixturefunc(**kwargs)\n\n../../../.cache/pypoetry/virtualenvs/uk-bin-collection-EwS6Gn8s-py3.10/lib/python3.10/site-packages/_pytest/fixtures.py:902: \n_ _ _ _ _ _ _ _ _ _ _ _ _ _ _ _ _ _ _ _ _ _ _ _ _ _ _ _ _ _ _ _ _ _ _ _ _ _ _ _ \nuk_bin_collection/tests/step_defs/test_validate_council.py:75: in scrape_step\n    raise (err)\nuk_bin_collection/tests/step_defs/test_validate_council.py:71: in scrape_step\n    context.parse_result = CollectData.run()\nuk_bin_collection/uk_bin_collection/collect_data.py:82: in run\n    return self.client_code(\nuk_bin_collection/uk_bin_collection/collect_data.py:69: in client_code\n    return get_bin_data_class.template_method(address_url, **kwargs)\nuk_bin_collection/uk_bin_collection/get_bin_data.py:69: in template_method\n    bin_data_dict = self.parse_data(\nuk_bin_collection/uk_bin_collection/councils/NorthumberlandCouncil.py:46: in parse_data\n    driver.find_element(By.ID, \"ccc-notify-accept\").click()\n../../../.cache/pypoetry/virtualenvs/uk-bin-collection-EwS6Gn8s-py3.10/lib/python3.10/site-packages/selenium/webdriver/remote/webdriver.py:738: in find_element\n    return self.execute(Command.FIND_ELEMENT, {\"using\": by, \"value\": value})[\"value\"]\n../../../.cache/pypoetry/virtualenvs/uk-bin-collection-EwS6Gn8s-py3.10/lib/python3.10/site-packages/selenium/webdriver/remote/webdriver.py:344: in execute\n    self.error_handler.check_response(response)\n_ _ _ _ _ _ _ _ _ _ _ _ _ _ _ _ _ _ _ _ _ _ _ _ _ _ _ _ _ _ _ _ _ _ _ _ _ _ _ _ \n\nself = <selenium.webdriver.remote.errorhandler.ErrorHandler object at 0x7f7eec6699f0>\nresponse = {'status': 404, 'value': '{\"value\":{\"error\":\"no such element\",\"message\":\"no such element: Unable to locate element: {\\...\\\\n#16 0x560faebad917 \\\\u003Cunknown>\\\\n#17 0x560faebbe773 \\\\u003Cunknown>\\\\n#18 0x7f5471c94ac3 \\\\u003Cunknown>\\\\n\"}}'}\n\n    def check_response(self, response: Dict[str, Any]) -> None:\n        \"\"\"Checks that a JSON response from the WebDriver does not have an\n        error.\n    \n        :Args:\n         - response - The JSON response from the WebDriver server as a dictionary\n           object.\n    \n        :Raises: If the response contains an error message.\n        \"\"\"\n        status = response.get(\"status\", None)\n        if not status or status == ErrorCode.SUCCESS:\n            return\n        value = None\n        message = response.get(\"message\", \"\")\n        screen: str = response.get(\"screen\", \"\")\n        stacktrace = None\n        if isinstance(status, int):\n            value_json = response.get(\"value\", None)\n            if value_json and isinstance(value_json, str):\n                import json\n    \n                try:\n                    value = json.loads(value_json)\n                    if len(value) == 1:\n                        value = value[\"value\"]\n                    status = value.get(\"error\", None)\n                    if not status:\n                        status = value.get(\"status\", ErrorCode.UNKNOWN_ERROR)\n                        message = value.get(\"value\") or value.get(\"message\")\n                        if not isinstance(message, str):\n                            value = message\n                            message = message.get(\"message\")\n                    else:\n                        message = value.get(\"message\", None)\n                except ValueError:\n                    pass\n    \n        exception_class: Type[WebDriverException]\n        e = ErrorCode()\n        error_codes = [item for item in dir(e) if not item.startswith(\"__\")]\n        for error_code in error_codes:\n            error_info = getattr(ErrorCode, error_code)\n            if isinstance(error_info, list) and status in error_info:\n                exception_class = getattr(ExceptionMapping, error_code, WebDriverException)\n                break\n        else:\n            exception_class = WebDriverException\n    \n        if not value:\n            value = response[\"value\"]\n        if isinstance(value, str):\n            raise exception_class(value)\n        if message == \"\" and \"message\" in value:\n            message = value[\"message\"]\n    \n        screen = None  # type: ignore[assignment]\n        if \"screen\" in value:\n            screen = value[\"screen\"]\n    \n        stacktrace = None\n        st_value = value.get(\"stackTrace\") or value.get(\"stacktrace\")\n        if st_value:\n            if isinstance(st_value, str):\n                stacktrace = st_value.split(\"\\n\")\n            else:\n                stacktrace = []\n                try:\n                    for frame in st_value:\n                        line = frame.get(\"lineNumber\", \"\")\n                        file = frame.get(\"fileName\", \"<anonymous>\")\n                        if line:\n                            file = f\"{file}:{line}\"\n                        meth = frame.get(\"methodName\", \"<anonymous>\")\n                        if \"className\" in frame:\n                            meth = f\"{frame['className']}.{meth}\"\n                        msg = \"    at %s (%s)\"\n                        msg = msg % (meth, file)\n                        stacktrace.append(msg)\n                except TypeError:\n                    pass\n        if exception_class == UnexpectedAlertPresentException:\n            alert_text = None\n            if \"data\" in value:\n                alert_text = value[\"data\"].get(\"text\")\n            elif \"alert\" in value:\n                alert_text = value[\"alert\"].get(\"text\")\n            raise exception_class(message, screen, stacktrace, alert_text)  # type: ignore[call-arg]  # mypy is not smart enough here\n>       raise exception_class(message, screen, stacktrace)\nE       selenium.common.exceptions.NoSuchElementException: Message: no such element: Unable to locate element: {\"method\":\"css selector\",\"selector\":\"[id=\"ccc-notify-accept\"]\"}\nE         (Session info: headless chrome=119.0.6045.199); For documentation on this error, please visit: https://www.selenium.dev/documentation/webdriver/troubleshooting/errors#no-such-element-exception\nE       Stacktrace:\nE       #0 0x560faebbf5e3 <unknown>\nE       #1 0x560fae8820b7 <unknown>\nE       #2 0x560fae8cff53 <unknown>\nE       #3 0x560fae8d0051 <unknown>\nE       #4 0x560fae9159c4 <unknown>\nE       #5 0x560fae8f6f1d <unknown>\nE       #6 0x560fae912b3d <unknown>\nE       #7 0x560fae8f6cc3 <unknown>\nE       #8 0x560fae8c20e4 <unknown>\nE       #9 0x560fae8c30ae <unknown>\nE       #10 0x560faeb85ce1 <unknown>\nE       #11 0x560faeb89b7e <unknown>\nE       #12 0x560faeb734b5 <unknown>\nE       #13 0x560faeb8a7d6 <unknown>\nE       #14 0x560faeb56dbf <unknown>\nE       #15 0x560faebad748 <unknown>\nE       #16 0x560faebad917 <unknown>\nE       #17 0x560faebbe773 <unknown>\nE       #18 0x7f5471c94ac3 <unknown>\n\n../../../.cache/pypoetry/virtualenvs/uk-bin-collection-EwS6Gn8s-py3.10/lib/python3.10/site-packages/selenium/webdriver/remote/errorhandler.py:229: NoSuchElementException","flaky":false,"newFailed":false,"newBroken":false,"newPassed":false,"retriesCount":0,"retriesStatusChange":false,"beforeStages":[],"testStage":{"status":"failed","statusMessage":"selenium.common.exceptions.NoSuchElementException: Message: no such element: Unable to locate element: {\"method\":\"css selector\",\"selector\":\"[id=\"ccc-notify-accept\"]\"}\n  (Session info: headless chrome=119.0.6045.199); For documentation on this error, please visit: https://www.selenium.dev/documentation/webdriver/troubleshooting/errors#no-such-element-exception\nStacktrace:\n#0 0x560faebbf5e3 <unknown>\n#1 0x560fae8820b7 <unknown>\n#2 0x560fae8cff53 <unknown>\n#3 0x560fae8d0051 <unknown>\n#4 0x560fae9159c4 <unknown>\n#5 0x560fae8f6f1d <unknown>\n#6 0x560fae912b3d <unknown>\n#7 0x560fae8f6cc3 <unknown>\n#8 0x560fae8c20e4 <unknown>\n#9 0x560fae8c30ae <unknown>\n#10 0x560faeb85ce1 <unknown>\n#11 0x560faeb89b7e <unknown>\n#12 0x560faeb734b5 <unknown>\n#13 0x560faeb8a7d6 <unknown>\n#14 0x560faeb56dbf <unknown>\n#15 0x560faebad748 <unknown>\n#16 0x560faebad917 <unknown>\n#17 0x560faebbe773 <unknown>\n#18 0x7f5471c94ac3 <unknown>","statusTrace":"fixturefunc = <function scrape_step at 0x7f7efbb337f0>\nrequest = <FixtureRequest for <Function test_scenario_outline[NorthumberlandCouncil-http://selenium:4444-local]>>\nkwargs = {'context': <test_validate_council.context.<locals>.Context object at 0x7f7eebe19240>, 'council': 'NorthumberlandCouncil', 'selenium_mode': 'local', 'selenium_url': 'http://selenium:4444'}\n\n    def call_fixture_func(\n        fixturefunc: \"_FixtureFunc[FixtureValue]\", request: FixtureRequest, kwargs\n    ) -> FixtureValue:\n        if is_generator(fixturefunc):\n            fixturefunc = cast(\n                Callable[..., Generator[FixtureValue, None, None]], fixturefunc\n            )\n            generator = fixturefunc(**kwargs)\n            try:\n                fixture_result = next(generator)\n            except StopIteration:\n                raise ValueError(f\"{request.fixturename} did not yield a value\") from None\n            finalizer = functools.partial(_teardown_yield_fixture, fixturefunc, generator)\n            request.addfinalizer(finalizer)\n        else:\n            fixturefunc = cast(Callable[..., FixtureValue], fixturefunc)\n>           fixture_result = fixturefunc(**kwargs)\n\n../../../.cache/pypoetry/virtualenvs/uk-bin-collection-EwS6Gn8s-py3.10/lib/python3.10/site-packages/_pytest/fixtures.py:902: \n_ _ _ _ _ _ _ _ _ _ _ _ _ _ _ _ _ _ _ _ _ _ _ _ _ _ _ _ _ _ _ _ _ _ _ _ _ _ _ _ \nuk_bin_collection/tests/step_defs/test_validate_council.py:75: in scrape_step\n    raise (err)\nuk_bin_collection/tests/step_defs/test_validate_council.py:71: in scrape_step\n    context.parse_result = CollectData.run()\nuk_bin_collection/uk_bin_collection/collect_data.py:82: in run\n    return self.client_code(\nuk_bin_collection/uk_bin_collection/collect_data.py:69: in client_code\n    return get_bin_data_class.template_method(address_url, **kwargs)\nuk_bin_collection/uk_bin_collection/get_bin_data.py:69: in template_method\n    bin_data_dict = self.parse_data(\nuk_bin_collection/uk_bin_collection/councils/NorthumberlandCouncil.py:46: in parse_data\n    driver.find_element(By.ID, \"ccc-notify-accept\").click()\n../../../.cache/pypoetry/virtualenvs/uk-bin-collection-EwS6Gn8s-py3.10/lib/python3.10/site-packages/selenium/webdriver/remote/webdriver.py:738: in find_element\n    return self.execute(Command.FIND_ELEMENT, {\"using\": by, \"value\": value})[\"value\"]\n../../../.cache/pypoetry/virtualenvs/uk-bin-collection-EwS6Gn8s-py3.10/lib/python3.10/site-packages/selenium/webdriver/remote/webdriver.py:344: in execute\n    self.error_handler.check_response(response)\n_ _ _ _ _ _ _ _ _ _ _ _ _ _ _ _ _ _ _ _ _ _ _ _ _ _ _ _ _ _ _ _ _ _ _ _ _ _ _ _ \n\nself = <selenium.webdriver.remote.errorhandler.ErrorHandler object at 0x7f7eec6699f0>\nresponse = {'status': 404, 'value': '{\"value\":{\"error\":\"no such element\",\"message\":\"no such element: Unable to locate element: {\\...\\\\n#16 0x560faebad917 \\\\u003Cunknown>\\\\n#17 0x560faebbe773 \\\\u003Cunknown>\\\\n#18 0x7f5471c94ac3 \\\\u003Cunknown>\\\\n\"}}'}\n\n    def check_response(self, response: Dict[str, Any]) -> None:\n        \"\"\"Checks that a JSON response from the WebDriver does not have an\n        error.\n    \n        :Args:\n         - response - The JSON response from the WebDriver server as a dictionary\n           object.\n    \n        :Raises: If the response contains an error message.\n        \"\"\"\n        status = response.get(\"status\", None)\n        if not status or status == ErrorCode.SUCCESS:\n            return\n        value = None\n        message = response.get(\"message\", \"\")\n        screen: str = response.get(\"screen\", \"\")\n        stacktrace = None\n        if isinstance(status, int):\n            value_json = response.get(\"value\", None)\n            if value_json and isinstance(value_json, str):\n                import json\n    \n                try:\n                    value = json.loads(value_json)\n                    if len(value) == 1:\n                        value = value[\"value\"]\n                    status = value.get(\"error\", None)\n                    if not status:\n                        status = value.get(\"status\", ErrorCode.UNKNOWN_ERROR)\n                        message = value.get(\"value\") or value.get(\"message\")\n                        if not isinstance(message, str):\n                            value = message\n                            message = message.get(\"message\")\n                    else:\n                        message = value.get(\"message\", None)\n                except ValueError:\n                    pass\n    \n        exception_class: Type[WebDriverException]\n        e = ErrorCode()\n        error_codes = [item for item in dir(e) if not item.startswith(\"__\")]\n        for error_code in error_codes:\n            error_info = getattr(ErrorCode, error_code)\n            if isinstance(error_info, list) and status in error_info:\n                exception_class = getattr(ExceptionMapping, error_code, WebDriverException)\n                break\n        else:\n            exception_class = WebDriverException\n    \n        if not value:\n            value = response[\"value\"]\n        if isinstance(value, str):\n            raise exception_class(value)\n        if message == \"\" and \"message\" in value:\n            message = value[\"message\"]\n    \n        screen = None  # type: ignore[assignment]\n        if \"screen\" in value:\n            screen = value[\"screen\"]\n    \n        stacktrace = None\n        st_value = value.get(\"stackTrace\") or value.get(\"stacktrace\")\n        if st_value:\n            if isinstance(st_value, str):\n                stacktrace = st_value.split(\"\\n\")\n            else:\n                stacktrace = []\n                try:\n                    for frame in st_value:\n                        line = frame.get(\"lineNumber\", \"\")\n                        file = frame.get(\"fileName\", \"<anonymous>\")\n                        if line:\n                            file = f\"{file}:{line}\"\n                        meth = frame.get(\"methodName\", \"<anonymous>\")\n                        if \"className\" in frame:\n                            meth = f\"{frame['className']}.{meth}\"\n                        msg = \"    at %s (%s)\"\n                        msg = msg % (meth, file)\n                        stacktrace.append(msg)\n                except TypeError:\n                    pass\n        if exception_class == UnexpectedAlertPresentException:\n            alert_text = None\n            if \"data\" in value:\n                alert_text = value[\"data\"].get(\"text\")\n            elif \"alert\" in value:\n                alert_text = value[\"alert\"].get(\"text\")\n            raise exception_class(message, screen, stacktrace, alert_text)  # type: ignore[call-arg]  # mypy is not smart enough here\n>       raise exception_class(message, screen, stacktrace)\nE       selenium.common.exceptions.NoSuchElementException: Message: no such element: Unable to locate element: {\"method\":\"css selector\",\"selector\":\"[id=\"ccc-notify-accept\"]\"}\nE         (Session info: headless chrome=119.0.6045.199); For documentation on this error, please visit: https://www.selenium.dev/documentation/webdriver/troubleshooting/errors#no-such-element-exception\nE       Stacktrace:\nE       #0 0x560faebbf5e3 <unknown>\nE       #1 0x560fae8820b7 <unknown>\nE       #2 0x560fae8cff53 <unknown>\nE       #3 0x560fae8d0051 <unknown>\nE       #4 0x560fae9159c4 <unknown>\nE       #5 0x560fae8f6f1d <unknown>\nE       #6 0x560fae912b3d <unknown>\nE       #7 0x560fae8f6cc3 <unknown>\nE       #8 0x560fae8c20e4 <unknown>\nE       #9 0x560fae8c30ae <unknown>\nE       #10 0x560faeb85ce1 <unknown>\nE       #11 0x560faeb89b7e <unknown>\nE       #12 0x560faeb734b5 <unknown>\nE       #13 0x560faeb8a7d6 <unknown>\nE       #14 0x560faeb56dbf <unknown>\nE       #15 0x560faebad748 <unknown>\nE       #16 0x560faebad917 <unknown>\nE       #17 0x560faebbe773 <unknown>\nE       #18 0x7f5471c94ac3 <unknown>\n\n../../../.cache/pypoetry/virtualenvs/uk-bin-collection-EwS6Gn8s-py3.10/lib/python3.10/site-packages/selenium/webdriver/remote/errorhandler.py:229: NoSuchElementException","steps":[{"name":"Given the council: NorthumberlandCouncil","time":{"start":1702054423875,"stop":1702054423876,"duration":1},"status":"passed","steps":[],"attachments":[],"parameters":[],"shouldDisplayMessage":false,"stepsCount":0,"attachmentsCount":0,"hasContent":false,"attachmentStep":false},{"name":"When we scrape the data from NorthumberlandCouncil using local and the http://selenium:4444 is set","time":{"start":1702054423876,"stop":1702054427526,"duration":3650},"status":"failed","statusMessage":"Message: no such element: Unable to locate element: {\"method\":\"css selector\",\"selector\":\"[id=\"ccc-notify-accept\"]\"}\n  (Session info: headless chrome=119.0.6045.199); For documentation on this error, please visit: https://www.selenium.dev/documentation/webdriver/troubleshooting/errors#no-such-element-exception\nStacktrace:\n#0 0x560faebbf5e3 <unknown>\n#1 0x560fae8820b7 <unknown>\n#2 0x560fae8cff53 <unknown>\n#3 0x560fae8d0051 <unknown>\n#4 0x560fae9159c4 <unknown>\n#5 0x560fae8f6f1d <unknown>\n#6 0x560fae912b3d <unknown>\n#7 0x560fae8f6cc3 <unknown>\n#8 0x560fae8c20e4 <unknown>\n#9 0x560fae8c30ae <unknown>\n#10 0x560faeb85ce1 <unknown>\n#11 0x560faeb89b7e <unknown>\n#12 0x560faeb734b5 <unknown>\n#13 0x560faeb8a7d6 <unknown>\n#14 0x560faeb56dbf <unknown>\n#15 0x560faebad748 <unknown>\n#16 0x560faebad917 <unknown>\n#17 0x560faebbe773 <unknown>\n#18 0x7f5471c94ac3 <unknown>\n","statusTrace":"selenium.common.exceptions.NoSuchElementException: Message: no such element: Unable to locate element: {\"method\":\"css selector\",\"selector\":\"[id=\"ccc-notify-accept\"]\"}\n  (Session info: headless chrome=119.0.6045.199); For documentation on this error, please visit: https://www.selenium.dev/documentation/webdriver/troubleshooting/errors#no-such-element-exception\nStacktrace:\n#0 0x560faebbf5e3 <unknown>\n#1 0x560fae8820b7 <unknown>\n#2 0x560fae8cff53 <unknown>\n#3 0x560fae8d0051 <unknown>\n#4 0x560fae9159c4 <unknown>\n#5 0x560fae8f6f1d <unknown>\n#6 0x560fae912b3d <unknown>\n#7 0x560fae8f6cc3 <unknown>\n#8 0x560fae8c20e4 <unknown>\n#9 0x560fae8c30ae <unknown>\n#10 0x560faeb85ce1 <unknown>\n#11 0x560faeb89b7e <unknown>\n#12 0x560faeb734b5 <unknown>\n#13 0x560faeb8a7d6 <unknown>\n#14 0x560faeb56dbf <unknown>\n#15 0x560faebad748 <unknown>\n#16 0x560faebad917 <unknown>\n#17 0x560faebbe773 <unknown>\n#18 0x7f5471c94ac3 <unknown>\n\n","steps":[],"attachments":[],"parameters":[],"shouldDisplayMessage":true,"stepsCount":0,"attachmentsCount":0,"hasContent":true,"attachmentStep":false}],"attachments":[],"parameters":[],"shouldDisplayMessage":true,"stepsCount":2,"attachmentsCount":0,"hasContent":true,"attachmentStep":false},"afterStages":[],"labels":[{"name":"host","value":"fv-az1249-362"},{"name":"thread","value":"2751-MainThread"},{"name":"framework","value":"pytest-bdd"},{"name":"language","value":"cpython3"},{"name":"feature","value":"Test each council output matches expected results"},{"name":"resultFormat","value":"allure2"}],"parameters":[{"name":"council","value":"NorthumberlandCouncil"},{"name":"selenium_mode","value":"local"},{"name":"selenium_url","value":"http://selenium:4444"}],"links":[],"hidden":false,"retry":false,"extra":{"severity":"normal","retries":[],"categories":[{"name":"Product defects","matchedStatuses":[],"flaky":false}],"history":{"statistic":{"failed":60,"broken":0,"skipped":0,"passed":0,"unknown":0,"total":60},"items":[{"uid":"949a40829a6341","reportUrl":"https://robbrad.github.io/UKBinCollectionData/3.10/1219//#testresult/949a40829a6341","status":"failed","statusDetails":"selenium.common.exceptions.NoSuchElementException: Message: no such element: Unable to locate element: {\"method\":\"css selector\",\"selector\":\"[id=\"ccc-notify-accept\"]\"}\n  (Session info: headless chrome=119.0.6045.159); For documentation on this error, please visit: https://www.selenium.dev/documentation/webdriver/troubleshooting/errors#no-such-element-exception\nStacktrace:\n#0 0x564faf5ae5e3 <unknown>\n#1 0x564faf2710b7 <unknown>\n#2 0x564faf2bef53 <unknown>\n#3 0x564faf2bf051 <unknown>\n#4 0x564faf3049c4 <unknown>\n#5 0x564faf2e5f1d <unknown>\n#6 0x564faf301b3d <unknown>\n#7 0x564faf2e5cc3 <unknown>\n#8 0x564faf2b10e4 <unknown>\n#9 0x564faf2b20ae <unknown>\n#10 0x564faf574ce1 <unknown>\n#11 0x564faf578b7e <unknown>\n#12 0x564faf5624b5 <unknown>\n#13 0x564faf5797d6 <unknown>\n#14 0x564faf545dbf <unknown>\n#15 0x564faf59c748 <unknown>\n#16 0x564faf59c917 <unknown>\n#17 0x564faf5ad773 <unknown>\n#18 0x7f39b9694ac3 <unknown>","time":{"start":1701998434153,"stop":1701998438733,"duration":4580}},{"uid":"9573c9295f407dac","reportUrl":"https://robbrad.github.io/UKBinCollectionData/3.10/1218//#testresult/9573c9295f407dac","status":"failed","statusDetails":"selenium.common.exceptions.NoSuchElementException: Message: no such element: Unable to locate element: {\"method\":\"css selector\",\"selector\":\"[id=\"ccc-notify-accept\"]\"}\n  (Session info: headless chrome=119.0.6045.159); For documentation on this error, please visit: https://www.selenium.dev/documentation/webdriver/troubleshooting/errors#no-such-element-exception\nStacktrace:\n#0 0x55b0ad6145e3 <unknown>\n#1 0x55b0ad2d70b7 <unknown>\n#2 0x55b0ad324f53 <unknown>\n#3 0x55b0ad325051 <unknown>\n#4 0x55b0ad36a9c4 <unknown>\n#5 0x55b0ad34bf1d <unknown>\n#6 0x55b0ad367b3d <unknown>\n#7 0x55b0ad34bcc3 <unknown>\n#8 0x55b0ad3170e4 <unknown>\n#9 0x55b0ad3180ae <unknown>\n#10 0x55b0ad5dace1 <unknown>\n#11 0x55b0ad5deb7e <unknown>\n#12 0x55b0ad5c84b5 <unknown>\n#13 0x55b0ad5df7d6 <unknown>\n#14 0x55b0ad5abdbf <unknown>\n#15 0x55b0ad602748 <unknown>\n#16 0x55b0ad602917 <unknown>\n#17 0x55b0ad613773 <unknown>\n#18 0x7fc6cbe94ac3 <unknown>","time":{"start":1701990408434,"stop":1701990413233,"duration":4799}},{"uid":"e45e43050d14b42a","reportUrl":"https://robbrad.github.io/UKBinCollectionData/3.10/1217//#testresult/e45e43050d14b42a","status":"failed","statusDetails":"selenium.common.exceptions.NoSuchElementException: Message: no such element: Unable to locate element: {\"method\":\"css selector\",\"selector\":\"[id=\"ccc-notify-accept\"]\"}\n  (Session info: headless chrome=119.0.6045.159); For documentation on this error, please visit: https://www.selenium.dev/documentation/webdriver/troubleshooting/errors#no-such-element-exception\nStacktrace:\n#0 0x55e943ab35e3 <unknown>\n#1 0x55e9437760b7 <unknown>\n#2 0x55e9437c3f53 <unknown>\n#3 0x55e9437c4051 <unknown>\n#4 0x55e9438099c4 <unknown>\n#5 0x55e9437eaf1d <unknown>\n#6 0x55e943806b3d <unknown>\n#7 0x55e9437eacc3 <unknown>\n#8 0x55e9437b60e4 <unknown>\n#9 0x55e9437b70ae <unknown>\n#10 0x55e943a79ce1 <unknown>\n#11 0x55e943a7db7e <unknown>\n#12 0x55e943a674b5 <unknown>\n#13 0x55e943a7e7d6 <unknown>\n#14 0x55e943a4adbf <unknown>\n#15 0x55e943aa1748 <unknown>\n#16 0x55e943aa1917 <unknown>\n#17 0x55e943ab2773 <unknown>\n#18 0x7fa0e4094ac3 <unknown>","time":{"start":1701990368627,"stop":1701990372512,"duration":3885}},{"uid":"35313b62bc94ff8f","reportUrl":"https://robbrad.github.io/UKBinCollectionData/3.10/1215//#testresult/35313b62bc94ff8f","status":"failed","statusDetails":"selenium.common.exceptions.NoSuchElementException: Message: no such element: Unable to locate element: {\"method\":\"css selector\",\"selector\":\"[id=\"ccc-notify-accept\"]\"}\n  (Session info: headless chrome=119.0.6045.159); For documentation on this error, please visit: https://www.selenium.dev/documentation/webdriver/troubleshooting/errors#no-such-element-exception\nStacktrace:\n#0 0x5621010ec5e3 <unknown>\n#1 0x562100daf0b7 <unknown>\n#2 0x562100dfcf53 <unknown>\n#3 0x562100dfd051 <unknown>\n#4 0x562100e429c4 <unknown>\n#5 0x562100e23f1d <unknown>\n#6 0x562100e3fb3d <unknown>\n#7 0x562100e23cc3 <unknown>\n#8 0x562100def0e4 <unknown>\n#9 0x562100df00ae <unknown>\n#10 0x5621010b2ce1 <unknown>\n#11 0x5621010b6b7e <unknown>\n#12 0x5621010a04b5 <unknown>\n#13 0x5621010b77d6 <unknown>\n#14 0x562101083dbf <unknown>\n#15 0x5621010da748 <unknown>\n#16 0x5621010da917 <unknown>\n#17 0x5621010eb773 <unknown>\n#18 0x7f429a294ac3 <unknown>","time":{"start":1701942840692,"stop":1701942845198,"duration":4506}},{"uid":"21124874737058f1","reportUrl":"https://robbrad.github.io/UKBinCollectionData/3.10/1214//#testresult/21124874737058f1","status":"failed","statusDetails":"selenium.common.exceptions.NoSuchElementException: Message: no such element: Unable to locate element: {\"method\":\"css selector\",\"selector\":\"[id=\"ccc-notify-accept\"]\"}\n  (Session info: headless chrome=119.0.6045.199); For documentation on this error, please visit: https://www.selenium.dev/documentation/webdriver/troubleshooting/errors#no-such-element-exception\nStacktrace:\n#0 0x55897e8385e3 <unknown>\n#1 0x55897e4fb0b7 <unknown>\n#2 0x55897e548f53 <unknown>\n#3 0x55897e549051 <unknown>\n#4 0x55897e58e9c4 <unknown>\n#5 0x55897e56ff1d <unknown>\n#6 0x55897e58bb3d <unknown>\n#7 0x55897e56fcc3 <unknown>\n#8 0x55897e53b0e4 <unknown>\n#9 0x55897e53c0ae <unknown>\n#10 0x55897e7fece1 <unknown>\n#11 0x55897e802b7e <unknown>\n#12 0x55897e7ec4b5 <unknown>\n#13 0x55897e8037d6 <unknown>\n#14 0x55897e7cfdbf <unknown>\n#15 0x55897e826748 <unknown>\n#16 0x55897e826917 <unknown>\n#17 0x55897e837773 <unknown>\n#18 0x7f4790e94ac3 <unknown>","time":{"start":1701936567300,"stop":1701936571947,"duration":4647}},{"uid":"30cb0d416f1dfaff","reportUrl":"https://robbrad.github.io/UKBinCollectionData/3.10/1213//#testresult/30cb0d416f1dfaff","status":"failed","statusDetails":"selenium.common.exceptions.NoSuchElementException: Message: no such element: Unable to locate element: {\"method\":\"css selector\",\"selector\":\"[id=\"ccc-notify-accept\"]\"}\n  (Session info: headless chrome=119.0.6045.159); For documentation on this error, please visit: https://www.selenium.dev/documentation/webdriver/troubleshooting/errors#no-such-element-exception\nStacktrace:\n#0 0x561df5c315e3 <unknown>\n#1 0x561df58f40b7 <unknown>\n#2 0x561df5941f53 <unknown>\n#3 0x561df5942051 <unknown>\n#4 0x561df59879c4 <unknown>\n#5 0x561df5968f1d <unknown>\n#6 0x561df5984b3d <unknown>\n#7 0x561df5968cc3 <unknown>\n#8 0x561df59340e4 <unknown>\n#9 0x561df59350ae <unknown>\n#10 0x561df5bf7ce1 <unknown>\n#11 0x561df5bfbb7e <unknown>\n#12 0x561df5be54b5 <unknown>\n#13 0x561df5bfc7d6 <unknown>\n#14 0x561df5bc8dbf <unknown>\n#15 0x561df5c1f748 <unknown>\n#16 0x561df5c1f917 <unknown>\n#17 0x561df5c30773 <unknown>\n#18 0x7f865a294ac3 <unknown>","time":{"start":1701936514378,"stop":1701936518165,"duration":3787}},{"uid":"704bcd08b21da3d5","reportUrl":"https://robbrad.github.io/UKBinCollectionData/3.10/1211//#testresult/704bcd08b21da3d5","status":"failed","statusDetails":"selenium.common.exceptions.NoSuchElementException: Message: no such element: Unable to locate element: {\"method\":\"css selector\",\"selector\":\"[id=\"ccc-notify-accept\"]\"}\n  (Session info: headless chrome=119.0.6045.159); For documentation on this error, please visit: https://www.selenium.dev/documentation/webdriver/troubleshooting/errors#no-such-element-exception\nStacktrace:\n#0 0x5638b9e335e3 <unknown>\n#1 0x5638b9af60b7 <unknown>\n#2 0x5638b9b43f53 <unknown>\n#3 0x5638b9b44051 <unknown>\n#4 0x5638b9b899c4 <unknown>\n#5 0x5638b9b6af1d <unknown>\n#6 0x5638b9b86b3d <unknown>\n#7 0x5638b9b6acc3 <unknown>\n#8 0x5638b9b360e4 <unknown>\n#9 0x5638b9b370ae <unknown>\n#10 0x5638b9df9ce1 <unknown>\n#11 0x5638b9dfdb7e <unknown>\n#12 0x5638b9de74b5 <unknown>\n#13 0x5638b9dfe7d6 <unknown>\n#14 0x5638b9dcadbf <unknown>\n#15 0x5638b9e21748 <unknown>\n#16 0x5638b9e21917 <unknown>\n#17 0x5638b9e32773 <unknown>\n#18 0x7f15a4694ac3 <unknown>","time":{"start":1701912007046,"stop":1701912011817,"duration":4771}},{"uid":"53f11ebda4641e9e","reportUrl":"https://robbrad.github.io/UKBinCollectionData/3.10/1209//#testresult/53f11ebda4641e9e","status":"failed","statusDetails":"selenium.common.exceptions.NoSuchElementException: Message: no such element: Unable to locate element: {\"method\":\"css selector\",\"selector\":\"[id=\"ccc-notify-accept\"]\"}\n  (Session info: headless chrome=119.0.6045.159); For documentation on this error, please visit: https://www.selenium.dev/documentation/webdriver/troubleshooting/errors#no-such-element-exception\nStacktrace:\n#0 0x564fcbfa15e3 <unknown>\n#1 0x564fcbc640b7 <unknown>\n#2 0x564fcbcb1f53 <unknown>\n#3 0x564fcbcb2051 <unknown>\n#4 0x564fcbcf79c4 <unknown>\n#5 0x564fcbcd8f1d <unknown>\n#6 0x564fcbcf4b3d <unknown>\n#7 0x564fcbcd8cc3 <unknown>\n#8 0x564fcbca40e4 <unknown>\n#9 0x564fcbca50ae <unknown>\n#10 0x564fcbf67ce1 <unknown>\n#11 0x564fcbf6bb7e <unknown>\n#12 0x564fcbf554b5 <unknown>\n#13 0x564fcbf6c7d6 <unknown>\n#14 0x564fcbf38dbf <unknown>\n#15 0x564fcbf8f748 <unknown>\n#16 0x564fcbf8f917 <unknown>\n#17 0x564fcbfa0773 <unknown>\n#18 0x7faba4494ac3 <unknown>","time":{"start":1701904891785,"stop":1701904895272,"duration":3487}},{"uid":"4d9362bf43a26933","reportUrl":"https://robbrad.github.io/UKBinCollectionData/3.10/1201//#testresult/4d9362bf43a26933","status":"failed","statusDetails":"selenium.common.exceptions.NoSuchElementException: Message: no such element: Unable to locate element: {\"method\":\"css selector\",\"selector\":\"[id=\"ccc-notify-accept\"]\"}\n  (Session info: headless chrome=119.0.6045.159); For documentation on this error, please visit: https://www.selenium.dev/documentation/webdriver/troubleshooting/errors#no-such-element-exception\nStacktrace:\n#0 0x55a64cf855e3 <unknown>\n#1 0x55a64cc480b7 <unknown>\n#2 0x55a64cc95f53 <unknown>\n#3 0x55a64cc96051 <unknown>\n#4 0x55a64ccdb9c4 <unknown>\n#5 0x55a64ccbcf1d <unknown>\n#6 0x55a64ccd8b3d <unknown>\n#7 0x55a64ccbccc3 <unknown>\n#8 0x55a64cc880e4 <unknown>\n#9 0x55a64cc890ae <unknown>\n#10 0x55a64cf4bce1 <unknown>\n#11 0x55a64cf4fb7e <unknown>\n#12 0x55a64cf394b5 <unknown>\n#13 0x55a64cf507d6 <unknown>\n#14 0x55a64cf1cdbf <unknown>\n#15 0x55a64cf73748 <unknown>\n#16 0x55a64cf73917 <unknown>\n#17 0x55a64cf84773 <unknown>\n#18 0x7f10b9294ac3 <unknown>","time":{"start":1701882546844,"stop":1701882550336,"duration":3492}},{"uid":"a3d3d0897c84fee7","reportUrl":"https://robbrad.github.io/UKBinCollectionData/3.10/1199//#testresult/a3d3d0897c84fee7","status":"failed","statusDetails":"selenium.common.exceptions.NoSuchElementException: Message: no such element: Unable to locate element: {\"method\":\"css selector\",\"selector\":\"[id=\"ccc-notify-accept\"]\"}\n  (Session info: headless chrome=119.0.6045.159); For documentation on this error, please visit: https://www.selenium.dev/documentation/webdriver/troubleshooting/errors#no-such-element-exception\nStacktrace:\n#0 0x55a70a68a5e3 <unknown>\n#1 0x55a70a34d0b7 <unknown>\n#2 0x55a70a39af53 <unknown>\n#3 0x55a70a39b051 <unknown>\n#4 0x55a70a3e09c4 <unknown>\n#5 0x55a70a3c1f1d <unknown>\n#6 0x55a70a3ddb3d <unknown>\n#7 0x55a70a3c1cc3 <unknown>\n#8 0x55a70a38d0e4 <unknown>\n#9 0x55a70a38e0ae <unknown>\n#10 0x55a70a650ce1 <unknown>\n#11 0x55a70a654b7e <unknown>\n#12 0x55a70a63e4b5 <unknown>\n#13 0x55a70a6557d6 <unknown>\n#14 0x55a70a621dbf <unknown>\n#15 0x55a70a678748 <unknown>\n#16 0x55a70a678917 <unknown>\n#17 0x55a70a689773 <unknown>\n#18 0x7f4201a94ac3 <unknown>","time":{"start":1701825580806,"stop":1701825584639,"duration":3833}},{"uid":"afbac39bc6f5d9a7","reportUrl":"https://robbrad.github.io/UKBinCollectionData/3.10/1198//#testresult/afbac39bc6f5d9a7","status":"failed","statusDetails":"selenium.common.exceptions.NoSuchElementException: Message: no such element: Unable to locate element: {\"method\":\"css selector\",\"selector\":\"[id=\"ccc-notify-accept\"]\"}\n  (Session info: headless chrome=119.0.6045.159); For documentation on this error, please visit: https://www.selenium.dev/documentation/webdriver/troubleshooting/errors#no-such-element-exception\nStacktrace:\n#0 0x562ace1005e3 <unknown>\n#1 0x562acddc30b7 <unknown>\n#2 0x562acde10f53 <unknown>\n#3 0x562acde11051 <unknown>\n#4 0x562acde569c4 <unknown>\n#5 0x562acde37f1d <unknown>\n#6 0x562acde53b3d <unknown>\n#7 0x562acde37cc3 <unknown>\n#8 0x562acde030e4 <unknown>\n#9 0x562acde040ae <unknown>\n#10 0x562ace0c6ce1 <unknown>\n#11 0x562ace0cab7e <unknown>\n#12 0x562ace0b44b5 <unknown>\n#13 0x562ace0cb7d6 <unknown>\n#14 0x562ace097dbf <unknown>\n#15 0x562ace0ee748 <unknown>\n#16 0x562ace0ee917 <unknown>\n#17 0x562ace0ff773 <unknown>\n#18 0x7fce08494ac3 <unknown>","time":{"start":1701795596712,"stop":1701795601452,"duration":4740}},{"uid":"dd438773bafd3b6a","reportUrl":"https://robbrad.github.io/UKBinCollectionData/3.10/1197//#testresult/dd438773bafd3b6a","status":"failed","statusDetails":"selenium.common.exceptions.NoSuchElementException: Message: no such element: Unable to locate element: {\"method\":\"css selector\",\"selector\":\"[id=\"ccc-notify-accept\"]\"}\n  (Session info: headless chrome=119.0.6045.159); For documentation on this error, please visit: https://www.selenium.dev/documentation/webdriver/troubleshooting/errors#no-such-element-exception\nStacktrace:\n#0 0x559b2c0b85e3 <unknown>\n#1 0x559b2bd7b0b7 <unknown>\n#2 0x559b2bdc8f53 <unknown>\n#3 0x559b2bdc9051 <unknown>\n#4 0x559b2be0e9c4 <unknown>\n#5 0x559b2bdeff1d <unknown>\n#6 0x559b2be0bb3d <unknown>\n#7 0x559b2bdefcc3 <unknown>\n#8 0x559b2bdbb0e4 <unknown>\n#9 0x559b2bdbc0ae <unknown>\n#10 0x559b2c07ece1 <unknown>\n#11 0x559b2c082b7e <unknown>\n#12 0x559b2c06c4b5 <unknown>\n#13 0x559b2c0837d6 <unknown>\n#14 0x559b2c04fdbf <unknown>\n#15 0x559b2c0a6748 <unknown>\n#16 0x559b2c0a6917 <unknown>\n#17 0x559b2c0b7773 <unknown>\n#18 0x7f41ffc94ac3 <unknown>","time":{"start":1701795524853,"stop":1701795528427,"duration":3574}},{"uid":"7382adf10a2bc3f7","reportUrl":"https://robbrad.github.io/UKBinCollectionData/3.10/1193//#testresult/7382adf10a2bc3f7","status":"failed","statusDetails":"selenium.common.exceptions.NoSuchElementException: Message: no such element: Unable to locate element: {\"method\":\"css selector\",\"selector\":\"[id=\"ccc-notify-accept\"]\"}\n  (Session info: headless chrome=119.0.6045.159); For documentation on this error, please visit: https://www.selenium.dev/documentation/webdriver/troubleshooting/errors#no-such-element-exception\nStacktrace:\n#0 0x561143c245e3 <unknown>\n#1 0x5611438e70b7 <unknown>\n#2 0x561143934f53 <unknown>\n#3 0x561143935051 <unknown>\n#4 0x56114397a9c4 <unknown>\n#5 0x56114395bf1d <unknown>\n#6 0x561143977b3d <unknown>\n#7 0x56114395bcc3 <unknown>\n#8 0x5611439270e4 <unknown>\n#9 0x5611439280ae <unknown>\n#10 0x561143beace1 <unknown>\n#11 0x561143beeb7e <unknown>\n#12 0x561143bd84b5 <unknown>\n#13 0x561143bef7d6 <unknown>\n#14 0x561143bbbdbf <unknown>\n#15 0x561143c12748 <unknown>\n#16 0x561143c12917 <unknown>\n#17 0x561143c23773 <unknown>\n#18 0x7f4352a94ac3 <unknown>","time":{"start":1701758544167,"stop":1701758547752,"duration":3585}},{"uid":"a02ea045ffe2a20f","reportUrl":"https://robbrad.github.io/UKBinCollectionData/3.10/1192//#testresult/a02ea045ffe2a20f","status":"failed","statusDetails":"selenium.common.exceptions.NoSuchElementException: Message: no such element: Unable to locate element: {\"method\":\"css selector\",\"selector\":\"[id=\"ccc-notify-accept\"]\"}\n  (Session info: headless chrome=119.0.6045.159); For documentation on this error, please visit: https://www.selenium.dev/documentation/webdriver/troubleshooting/errors#no-such-element-exception\nStacktrace:\n#0 0x55d3e6b145e3 <unknown>\n#1 0x55d3e67d70b7 <unknown>\n#2 0x55d3e6824f53 <unknown>\n#3 0x55d3e6825051 <unknown>\n#4 0x55d3e686a9c4 <unknown>\n#5 0x55d3e684bf1d <unknown>\n#6 0x55d3e6867b3d <unknown>\n#7 0x55d3e684bcc3 <unknown>\n#8 0x55d3e68170e4 <unknown>\n#9 0x55d3e68180ae <unknown>\n#10 0x55d3e6adace1 <unknown>\n#11 0x55d3e6adeb7e <unknown>\n#12 0x55d3e6ac84b5 <unknown>\n#13 0x55d3e6adf7d6 <unknown>\n#14 0x55d3e6aabdbf <unknown>\n#15 0x55d3e6b02748 <unknown>\n#16 0x55d3e6b02917 <unknown>\n#17 0x55d3e6b13773 <unknown>\n#18 0x7f2e94694ac3 <unknown>","time":{"start":1701758558992,"stop":1701758563683,"duration":4691}},{"uid":"a02d3feb0a6dfb44","reportUrl":"https://robbrad.github.io/UKBinCollectionData/3.10/1191//#testresult/a02d3feb0a6dfb44","status":"failed","statusDetails":"selenium.common.exceptions.NoSuchElementException: Message: no such element: Unable to locate element: {\"method\":\"css selector\",\"selector\":\"[id=\"ccc-notify-accept\"]\"}\n  (Session info: headless chrome=119.0.6045.159); For documentation on this error, please visit: https://www.selenium.dev/documentation/webdriver/troubleshooting/errors#no-such-element-exception\nStacktrace:\n#0 0x55ca952165e3 <unknown>\n#1 0x55ca94ed90b7 <unknown>\n#2 0x55ca94f26f53 <unknown>\n#3 0x55ca94f27051 <unknown>\n#4 0x55ca94f6c9c4 <unknown>\n#5 0x55ca94f4df1d <unknown>\n#6 0x55ca94f69b3d <unknown>\n#7 0x55ca94f4dcc3 <unknown>\n#8 0x55ca94f190e4 <unknown>\n#9 0x55ca94f1a0ae <unknown>\n#10 0x55ca951dcce1 <unknown>\n#11 0x55ca951e0b7e <unknown>\n#12 0x55ca951ca4b5 <unknown>\n#13 0x55ca951e17d6 <unknown>\n#14 0x55ca951addbf <unknown>\n#15 0x55ca95204748 <unknown>\n#16 0x55ca95204917 <unknown>\n#17 0x55ca95215773 <unknown>\n#18 0x7f149f694ac3 <unknown>","time":{"start":1701739208307,"stop":1701739212959,"duration":4652}},{"uid":"501842f5cc26c5b6","reportUrl":"https://robbrad.github.io/UKBinCollectionData/3.10/1187//#testresult/501842f5cc26c5b6","status":"failed","statusDetails":"selenium.common.exceptions.NoSuchElementException: Message: no such element: Unable to locate element: {\"method\":\"css selector\",\"selector\":\"[id=\"ccc-notify-accept\"]\"}\n  (Session info: headless chrome=119.0.6045.159); For documentation on this error, please visit: https://www.selenium.dev/documentation/webdriver/troubleshooting/errors#no-such-element-exception\nStacktrace:\n#0 0x5564f8f505e3 <unknown>\n#1 0x5564f8c130b7 <unknown>\n#2 0x5564f8c60f53 <unknown>\n#3 0x5564f8c61051 <unknown>\n#4 0x5564f8ca69c4 <unknown>\n#5 0x5564f8c87f1d <unknown>\n#6 0x5564f8ca3b3d <unknown>\n#7 0x5564f8c87cc3 <unknown>\n#8 0x5564f8c530e4 <unknown>\n#9 0x5564f8c540ae <unknown>\n#10 0x5564f8f16ce1 <unknown>\n#11 0x5564f8f1ab7e <unknown>\n#12 0x5564f8f044b5 <unknown>\n#13 0x5564f8f1b7d6 <unknown>\n#14 0x5564f8ee7dbf <unknown>\n#15 0x5564f8f3e748 <unknown>\n#16 0x5564f8f3e917 <unknown>\n#17 0x5564f8f4f773 <unknown>\n#18 0x7f344f694ac3 <unknown>","time":{"start":1701714376012,"stop":1701714379949,"duration":3937}},{"uid":"b6916c1b240025ea","reportUrl":"https://robbrad.github.io/UKBinCollectionData/3.10/1186//#testresult/b6916c1b240025ea","status":"failed","statusDetails":"selenium.common.exceptions.NoSuchElementException: Message: no such element: Unable to locate element: {\"method\":\"css selector\",\"selector\":\"[id=\"ccc-notify-accept\"]\"}\n  (Session info: headless chrome=119.0.6045.159); For documentation on this error, please visit: https://www.selenium.dev/documentation/webdriver/troubleshooting/errors#no-such-element-exception\nStacktrace:\n#0 0x563de73235e3 <unknown>\n#1 0x563de6fe60b7 <unknown>\n#2 0x563de7033f53 <unknown>\n#3 0x563de7034051 <unknown>\n#4 0x563de70799c4 <unknown>\n#5 0x563de705af1d <unknown>\n#6 0x563de7076b3d <unknown>\n#7 0x563de705acc3 <unknown>\n#8 0x563de70260e4 <unknown>\n#9 0x563de70270ae <unknown>\n#10 0x563de72e9ce1 <unknown>\n#11 0x563de72edb7e <unknown>\n#12 0x563de72d74b5 <unknown>\n#13 0x563de72ee7d6 <unknown>\n#14 0x563de72badbf <unknown>\n#15 0x563de7311748 <unknown>\n#16 0x563de7311917 <unknown>\n#17 0x563de7322773 <unknown>\n#18 0x7f002f494ac3 <unknown>","time":{"start":1701714324324,"stop":1701714329061,"duration":4737}},{"uid":"e21274f13783ec8e","reportUrl":"https://robbrad.github.io/UKBinCollectionData/3.10/1184//#testresult/e21274f13783ec8e","status":"failed","statusDetails":"selenium.common.exceptions.NoSuchElementException: Message: no such element: Unable to locate element: {\"method\":\"css selector\",\"selector\":\"[id=\"ccc-notify-accept\"]\"}\n  (Session info: headless chrome=119.0.6045.159); For documentation on this error, please visit: https://www.selenium.dev/documentation/webdriver/troubleshooting/errors#no-such-element-exception\nStacktrace:\n#0 0x55c983c3f5e3 <unknown>\n#1 0x55c9839020b7 <unknown>\n#2 0x55c98394ff53 <unknown>\n#3 0x55c983950051 <unknown>\n#4 0x55c9839959c4 <unknown>\n#5 0x55c983976f1d <unknown>\n#6 0x55c983992b3d <unknown>\n#7 0x55c983976cc3 <unknown>\n#8 0x55c9839420e4 <unknown>\n#9 0x55c9839430ae <unknown>\n#10 0x55c983c05ce1 <unknown>\n#11 0x55c983c09b7e <unknown>\n#12 0x55c983bf34b5 <unknown>\n#13 0x55c983c0a7d6 <unknown>\n#14 0x55c983bd6dbf <unknown>\n#15 0x55c983c2d748 <unknown>\n#16 0x55c983c2d917 <unknown>\n#17 0x55c983c3e773 <unknown>\n#18 0x7f447ba94ac3 <unknown>","time":{"start":1701652794199,"stop":1701652798213,"duration":4014}},{"uid":"9d921a5051d1e0dc","reportUrl":"https://robbrad.github.io/UKBinCollectionData/3.10/1183//#testresult/9d921a5051d1e0dc","status":"failed","statusDetails":"selenium.common.exceptions.NoSuchElementException: Message: no such element: Unable to locate element: {\"method\":\"css selector\",\"selector\":\"[id=\"ccc-notify-accept\"]\"}\n  (Session info: headless chrome=119.0.6045.159); For documentation on this error, please visit: https://www.selenium.dev/documentation/webdriver/troubleshooting/errors#no-such-element-exception\nStacktrace:\n#0 0x558eb15085e3 <unknown>\n#1 0x558eb11cb0b7 <unknown>\n#2 0x558eb1218f53 <unknown>\n#3 0x558eb1219051 <unknown>\n#4 0x558eb125e9c4 <unknown>\n#5 0x558eb123ff1d <unknown>\n#6 0x558eb125bb3d <unknown>\n#7 0x558eb123fcc3 <unknown>\n#8 0x558eb120b0e4 <unknown>\n#9 0x558eb120c0ae <unknown>\n#10 0x558eb14cece1 <unknown>\n#11 0x558eb14d2b7e <unknown>\n#12 0x558eb14bc4b5 <unknown>\n#13 0x558eb14d37d6 <unknown>\n#14 0x558eb149fdbf <unknown>\n#15 0x558eb14f6748 <unknown>\n#16 0x558eb14f6917 <unknown>\n#17 0x558eb1507773 <unknown>\n#18 0x7f1e76494ac3 <unknown>","time":{"start":1701566594452,"stop":1701566599388,"duration":4936}},{"uid":"a07ae2485f2684d","reportUrl":"https://robbrad.github.io/UKBinCollectionData/3.10/1182//#testresult/a07ae2485f2684d","status":"failed","statusDetails":"selenium.common.exceptions.NoSuchElementException: Message: no such element: Unable to locate element: {\"method\":\"css selector\",\"selector\":\"[id=\"ccc-notify-accept\"]\"}\n  (Session info: headless chrome=119.0.6045.159); For documentation on this error, please visit: https://www.selenium.dev/documentation/webdriver/troubleshooting/errors#no-such-element-exception\nStacktrace:\n#0 0x55c1e2c385e3 <unknown>\n#1 0x55c1e28fb0b7 <unknown>\n#2 0x55c1e2948f53 <unknown>\n#3 0x55c1e2949051 <unknown>\n#4 0x55c1e298e9c4 <unknown>\n#5 0x55c1e296ff1d <unknown>\n#6 0x55c1e298bb3d <unknown>\n#7 0x55c1e296fcc3 <unknown>\n#8 0x55c1e293b0e4 <unknown>\n#9 0x55c1e293c0ae <unknown>\n#10 0x55c1e2bfece1 <unknown>\n#11 0x55c1e2c02b7e <unknown>\n#12 0x55c1e2bec4b5 <unknown>\n#13 0x55c1e2c037d6 <unknown>\n#14 0x55c1e2bcfdbf <unknown>\n#15 0x55c1e2c26748 <unknown>\n#16 0x55c1e2c26917 <unknown>\n#17 0x55c1e2c37773 <unknown>\n#18 0x7faaeb694ac3 <unknown>","time":{"start":1701479769347,"stop":1701479774419,"duration":5072}}]},"tags":[]},"source":"bf7db9403047471d.json","parameterValues":["NorthumberlandCouncil","local","http://selenium:4444"]}