{"uid":"dd5805e4624d1986","name":"Validate Council Output [ChorleyCouncil]","fullName":"features/validate_council_outputs.feature:Validate Council Output","historyId":"5bdae4358e62a7577eff481397583199","time":{"start":1717633700232,"stop":1717633766013,"duration":65781},"status":"failed","statusMessage":"selenium.common.exceptions.TimeoutException: Message: \nStacktrace:\n#0 0x55f211916e9a <unknown>\n#1 0x55f21160045c <unknown>\n#2 0x55f21164c5b5 <unknown>\n#3 0x55f21164c671 <unknown>\n#4 0x55f211690f14 <unknown>\n#5 0x55f21166f4dd <unknown>\n#6 0x55f21168e2cc <unknown>\n#7 0x55f21166f253 <unknown>\n#8 0x55f21163f1c7 <unknown>\n#9 0x55f21163fb3e <unknown>\n#10 0x55f2118dd2db <unknown>\n#11 0x55f2118e1387 <unknown>\n#12 0x55f2118c9e0e <unknown>\n#13 0x55f2118e1e52 <unknown>\n#14 0x55f2118ae7af <unknown>\n#15 0x55f211906188 <unknown>\n#16 0x55f21190635b <unknown>\n#17 0x55f211915fcc <unknown>\n#18 0x7f5f2afb4ac3 <unknown>","statusTrace":"fixturefunc = <function scrape_step at 0x7efc6262c2c0>\nrequest = <FixtureRequest for <Function test_scenario_outline[ChorleyCouncil]>>\nkwargs = {'context': <test_validate_council.Context object at 0x7efc636fc860>, 'headless_mode': 'True', 'local_browser': 'False', 'selenium_url': 'http://localhost:4444'}\n\n    def call_fixture_func(\n        fixturefunc: \"_FixtureFunc[FixtureValue]\", request: FixtureRequest, kwargs\n    ) -> FixtureValue:\n        if is_generator(fixturefunc):\n            fixturefunc = cast(\n                Callable[..., Generator[FixtureValue, None, None]], fixturefunc\n            )\n            generator = fixturefunc(**kwargs)\n            try:\n                fixture_result = next(generator)\n            except StopIteration:\n                raise ValueError(f\"{request.fixturename} did not yield a value\") from None\n            finalizer = functools.partial(_teardown_yield_fixture, fixturefunc, generator)\n            request.addfinalizer(finalizer)\n        else:\n            fixturefunc = cast(Callable[..., FixtureValue], fixturefunc)\n>           fixture_result = fixturefunc(**kwargs)\n\n../../../.cache/pypoetry/virtualenvs/uk-bin-collection-EwS6Gn8s-py3.12/lib/python3.12/site-packages/_pytest/fixtures.py:887: \n_ _ _ _ _ _ _ _ _ _ _ _ _ _ _ _ _ _ _ _ _ _ _ _ _ _ _ _ _ _ _ _ _ _ _ _ _ _ _ _ \nuk_bin_collection/tests/step_defs/test_validate_council.py:100: in scrape_step\n    context.parse_result = CollectData.run()\nuk_bin_collection/uk_bin_collection/collect_data.py:102: in run\n    return self.client_code(\nuk_bin_collection/uk_bin_collection/collect_data.py:121: in client_code\n    return get_bin_data_class.template_method(address_url, **kwargs)\nuk_bin_collection/uk_bin_collection/get_bin_data.py:80: in template_method\n    bin_data_dict = self.parse_data(\nuk_bin_collection/uk_bin_collection/councils/ChorleyCouncil.py:79: in parse_data\n    dropdown = WebDriverWait(driver, 10).until(\n_ _ _ _ _ _ _ _ _ _ _ _ _ _ _ _ _ _ _ _ _ _ _ _ _ _ _ _ _ _ _ _ _ _ _ _ _ _ _ _ \n\nself = <selenium.webdriver.support.wait.WebDriverWait (session=\"9b4019c10f181c37dc3505d2adb0f0c9\")>\nmethod = <function presence_of_element_located.<locals>._predicate at 0x7efc62319800>\nmessage = ''\n\n    def until(self, method: Callable[[D], Union[Literal[False], T]], message: str = \"\") -> T:\n        \"\"\"Calls the method provided with the driver as an argument until the \\\n        return value does not evaluate to ``False``.\n    \n        :param method: callable(WebDriver)\n        :param message: optional message for :exc:`TimeoutException`\n        :returns: the result of the last call to `method`\n        :raises: :exc:`selenium.common.exceptions.TimeoutException` if timeout occurs\n        \"\"\"\n        screen = None\n        stacktrace = None\n    \n        end_time = time.monotonic() + self._timeout\n        while True:\n            try:\n                value = method(self._driver)\n                if value:\n                    return value\n            except self._ignored_exceptions as exc:\n                screen = getattr(exc, \"screen\", None)\n                stacktrace = getattr(exc, \"stacktrace\", None)\n            time.sleep(self._poll)\n            if time.monotonic() > end_time:\n                break\n>       raise TimeoutException(message, screen, stacktrace)\nE       selenium.common.exceptions.TimeoutException: Message: \nE       Stacktrace:\nE       #0 0x55f211916e9a <unknown>\nE       #1 0x55f21160045c <unknown>\nE       #2 0x55f21164c5b5 <unknown>\nE       #3 0x55f21164c671 <unknown>\nE       #4 0x55f211690f14 <unknown>\nE       #5 0x55f21166f4dd <unknown>\nE       #6 0x55f21168e2cc <unknown>\nE       #7 0x55f21166f253 <unknown>\nE       #8 0x55f21163f1c7 <unknown>\nE       #9 0x55f21163fb3e <unknown>\nE       #10 0x55f2118dd2db <unknown>\nE       #11 0x55f2118e1387 <unknown>\nE       #12 0x55f2118c9e0e <unknown>\nE       #13 0x55f2118e1e52 <unknown>\nE       #14 0x55f2118ae7af <unknown>\nE       #15 0x55f211906188 <unknown>\nE       #16 0x55f21190635b <unknown>\nE       #17 0x55f211915fcc <unknown>\nE       #18 0x7f5f2afb4ac3 <unknown>\n\n../../../.cache/pypoetry/virtualenvs/uk-bin-collection-EwS6Gn8s-py3.12/lib/python3.12/site-packages/selenium/webdriver/support/wait.py:105: TimeoutException","flaky":false,"newFailed":true,"newBroken":false,"newPassed":false,"retriesCount":0,"retriesStatusChange":false,"beforeStages":[],"testStage":{"status":"failed","statusMessage":"selenium.common.exceptions.TimeoutException: Message: \nStacktrace:\n#0 0x55f211916e9a <unknown>\n#1 0x55f21160045c <unknown>\n#2 0x55f21164c5b5 <unknown>\n#3 0x55f21164c671 <unknown>\n#4 0x55f211690f14 <unknown>\n#5 0x55f21166f4dd <unknown>\n#6 0x55f21168e2cc <unknown>\n#7 0x55f21166f253 <unknown>\n#8 0x55f21163f1c7 <unknown>\n#9 0x55f21163fb3e <unknown>\n#10 0x55f2118dd2db <unknown>\n#11 0x55f2118e1387 <unknown>\n#12 0x55f2118c9e0e <unknown>\n#13 0x55f2118e1e52 <unknown>\n#14 0x55f2118ae7af <unknown>\n#15 0x55f211906188 <unknown>\n#16 0x55f21190635b <unknown>\n#17 0x55f211915fcc <unknown>\n#18 0x7f5f2afb4ac3 <unknown>","statusTrace":"fixturefunc = <function scrape_step at 0x7efc6262c2c0>\nrequest = <FixtureRequest for <Function test_scenario_outline[ChorleyCouncil]>>\nkwargs = {'context': <test_validate_council.Context object at 0x7efc636fc860>, 'headless_mode': 'True', 'local_browser': 'False', 'selenium_url': 'http://localhost:4444'}\n\n    def call_fixture_func(\n        fixturefunc: \"_FixtureFunc[FixtureValue]\", request: FixtureRequest, kwargs\n    ) -> FixtureValue:\n        if is_generator(fixturefunc):\n            fixturefunc = cast(\n                Callable[..., Generator[FixtureValue, None, None]], fixturefunc\n            )\n            generator = fixturefunc(**kwargs)\n            try:\n                fixture_result = next(generator)\n            except StopIteration:\n                raise ValueError(f\"{request.fixturename} did not yield a value\") from None\n            finalizer = functools.partial(_teardown_yield_fixture, fixturefunc, generator)\n            request.addfinalizer(finalizer)\n        else:\n            fixturefunc = cast(Callable[..., FixtureValue], fixturefunc)\n>           fixture_result = fixturefunc(**kwargs)\n\n../../../.cache/pypoetry/virtualenvs/uk-bin-collection-EwS6Gn8s-py3.12/lib/python3.12/site-packages/_pytest/fixtures.py:887: \n_ _ _ _ _ _ _ _ _ _ _ _ _ _ _ _ _ _ _ _ _ _ _ _ _ _ _ _ _ _ _ _ _ _ _ _ _ _ _ _ \nuk_bin_collection/tests/step_defs/test_validate_council.py:100: in scrape_step\n    context.parse_result = CollectData.run()\nuk_bin_collection/uk_bin_collection/collect_data.py:102: in run\n    return self.client_code(\nuk_bin_collection/uk_bin_collection/collect_data.py:121: in client_code\n    return get_bin_data_class.template_method(address_url, **kwargs)\nuk_bin_collection/uk_bin_collection/get_bin_data.py:80: in template_method\n    bin_data_dict = self.parse_data(\nuk_bin_collection/uk_bin_collection/councils/ChorleyCouncil.py:79: in parse_data\n    dropdown = WebDriverWait(driver, 10).until(\n_ _ _ _ _ _ _ _ _ _ _ _ _ _ _ _ _ _ _ _ _ _ _ _ _ _ _ _ _ _ _ _ _ _ _ _ _ _ _ _ \n\nself = <selenium.webdriver.support.wait.WebDriverWait (session=\"9b4019c10f181c37dc3505d2adb0f0c9\")>\nmethod = <function presence_of_element_located.<locals>._predicate at 0x7efc62319800>\nmessage = ''\n\n    def until(self, method: Callable[[D], Union[Literal[False], T]], message: str = \"\") -> T:\n        \"\"\"Calls the method provided with the driver as an argument until the \\\n        return value does not evaluate to ``False``.\n    \n        :param method: callable(WebDriver)\n        :param message: optional message for :exc:`TimeoutException`\n        :returns: the result of the last call to `method`\n        :raises: :exc:`selenium.common.exceptions.TimeoutException` if timeout occurs\n        \"\"\"\n        screen = None\n        stacktrace = None\n    \n        end_time = time.monotonic() + self._timeout\n        while True:\n            try:\n                value = method(self._driver)\n                if value:\n                    return value\n            except self._ignored_exceptions as exc:\n                screen = getattr(exc, \"screen\", None)\n                stacktrace = getattr(exc, \"stacktrace\", None)\n            time.sleep(self._poll)\n            if time.monotonic() > end_time:\n                break\n>       raise TimeoutException(message, screen, stacktrace)\nE       selenium.common.exceptions.TimeoutException: Message: \nE       Stacktrace:\nE       #0 0x55f211916e9a <unknown>\nE       #1 0x55f21160045c <unknown>\nE       #2 0x55f21164c5b5 <unknown>\nE       #3 0x55f21164c671 <unknown>\nE       #4 0x55f211690f14 <unknown>\nE       #5 0x55f21166f4dd <unknown>\nE       #6 0x55f21168e2cc <unknown>\nE       #7 0x55f21166f253 <unknown>\nE       #8 0x55f21163f1c7 <unknown>\nE       #9 0x55f21163fb3e <unknown>\nE       #10 0x55f2118dd2db <unknown>\nE       #11 0x55f2118e1387 <unknown>\nE       #12 0x55f2118c9e0e <unknown>\nE       #13 0x55f2118e1e52 <unknown>\nE       #14 0x55f2118ae7af <unknown>\nE       #15 0x55f211906188 <unknown>\nE       #16 0x55f21190635b <unknown>\nE       #17 0x55f211915fcc <unknown>\nE       #18 0x7f5f2afb4ac3 <unknown>\n\n../../../.cache/pypoetry/virtualenvs/uk-bin-collection-EwS6Gn8s-py3.12/lib/python3.12/site-packages/selenium/webdriver/support/wait.py:105: TimeoutException","steps":[{"name":"Given the council","time":{"start":1717633700232,"stop":1717633700233,"duration":1},"status":"passed","steps":[],"attachments":[],"parameters":[],"shouldDisplayMessage":false,"stepsCount":0,"attachmentsCount":0,"hasContent":false,"attachmentStep":false},{"name":"When we scrape the data from the council","time":{"start":1717633700233,"stop":1717633766013,"duration":65780},"status":"failed","statusMessage":"Message: \nStacktrace:\n#0 0x55f211916e9a <unknown>\n#1 0x55f21160045c <unknown>\n#2 0x55f21164c5b5 <unknown>\n#3 0x55f21164c671 <unknown>\n#4 0x55f211690f14 <unknown>\n#5 0x55f21166f4dd <unknown>\n#6 0x55f21168e2cc <unknown>\n#7 0x55f21166f253 <unknown>\n#8 0x55f21163f1c7 <unknown>\n#9 0x55f21163fb3e <unknown>\n#10 0x55f2118dd2db <unknown>\n#11 0x55f2118e1387 <unknown>\n#12 0x55f2118c9e0e <unknown>\n#13 0x55f2118e1e52 <unknown>\n#14 0x55f2118ae7af <unknown>\n#15 0x55f211906188 <unknown>\n#16 0x55f21190635b <unknown>\n#17 0x55f211915fcc <unknown>\n#18 0x7f5f2afb4ac3 <unknown>\n","statusTrace":"selenium.common.exceptions.TimeoutException: Message: \nStacktrace:\n#0 0x55f211916e9a <unknown>\n#1 0x55f21160045c <unknown>\n#2 0x55f21164c5b5 <unknown>\n#3 0x55f21164c671 <unknown>\n#4 0x55f211690f14 <unknown>\n#5 0x55f21166f4dd <unknown>\n#6 0x55f21168e2cc <unknown>\n#7 0x55f21166f253 <unknown>\n#8 0x55f21163f1c7 <unknown>\n#9 0x55f21163fb3e <unknown>\n#10 0x55f2118dd2db <unknown>\n#11 0x55f2118e1387 <unknown>\n#12 0x55f2118c9e0e <unknown>\n#13 0x55f2118e1e52 <unknown>\n#14 0x55f2118ae7af <unknown>\n#15 0x55f211906188 <unknown>\n#16 0x55f21190635b <unknown>\n#17 0x55f211915fcc <unknown>\n#18 0x7f5f2afb4ac3 <unknown>\n\n","steps":[],"attachments":[],"parameters":[],"shouldDisplayMessage":true,"stepsCount":0,"attachmentsCount":0,"hasContent":true,"attachmentStep":false}],"attachments":[{"uid":"2b5592094b683af5","name":"stdout","source":"2b5592094b683af5.txt","type":"text/plain","size":624}],"parameters":[],"shouldDisplayMessage":true,"stepsCount":2,"attachmentsCount":1,"hasContent":true,"attachmentStep":false},"afterStages":[],"labels":[{"name":"host","value":"fv-az1543-136"},{"name":"thread","value":"2696-MainThread"},{"name":"framework","value":"pytest-bdd"},{"name":"language","value":"cpython3"},{"name":"feature","value":"Test each council output matches expected results"},{"name":"resultFormat","value":"allure2"}],"parameters":[{"name":"council","value":"ChorleyCouncil"}],"links":[],"hidden":false,"retry":false,"extra":{"severity":"normal","retries":[],"categories":[{"name":"Product defects","matchedStatuses":[],"flaky":false}],"history":{"statistic":{"failed":2,"broken":0,"skipped":0,"passed":27,"unknown":0,"total":29},"items":[{"uid":"539a445b2eb316bf","reportUrl":"https://robbrad.github.io/UKBinCollectionData/3.12/1924//#testresult/539a445b2eb316bf","status":"passed","time":{"start":1717547292790,"stop":1717547334720,"duration":41930}},{"uid":"a576b1214e1dcf4a","reportUrl":"https://robbrad.github.io/UKBinCollectionData/3.12/1923//#testresult/a576b1214e1dcf4a","status":"passed","time":{"start":1717460902524,"stop":1717460934240,"duration":31716}},{"uid":"266ae103563aa36f","reportUrl":"https://robbrad.github.io/UKBinCollectionData/3.12/1921//#testresult/266ae103563aa36f","status":"passed","time":{"start":1717374575826,"stop":1717374609500,"duration":33674}},{"uid":"42972b063adbabfd","reportUrl":"https://robbrad.github.io/UKBinCollectionData/3.12/1911//#testresult/42972b063adbabfd","status":"passed","time":{"start":1717316288140,"stop":1717316317065,"duration":28925}},{"uid":"7e9a3355b552444c","reportUrl":"https://robbrad.github.io/UKBinCollectionData/3.12/1908//#testresult/7e9a3355b552444c","status":"passed","time":{"start":1717288276710,"stop":1717288294593,"duration":17883}},{"uid":"3030091d303c6477","reportUrl":"https://robbrad.github.io/UKBinCollectionData/3.12/1905//#testresult/3030091d303c6477","status":"passed","time":{"start":1717201832343,"stop":1717201877399,"duration":45056}},{"uid":"492cdf0f104133e7","reportUrl":"https://robbrad.github.io/UKBinCollectionData/3.12/1904//#testresult/492cdf0f104133e7","status":"passed","time":{"start":1717115265543,"stop":1717115294646,"duration":29103}},{"uid":"b7f80e27ca6828f9","reportUrl":"https://robbrad.github.io/UKBinCollectionData/3.12/1903//#testresult/b7f80e27ca6828f9","status":"failed","statusDetails":"selenium.common.exceptions.TimeoutException: Message: \nStacktrace:\n#0 0x5564d4361e9a <unknown>\n#1 0x5564d404b45c <unknown>\n#2 0x5564d40975b5 <unknown>\n#3 0x5564d4097671 <unknown>\n#4 0x5564d40dbf14 <unknown>\n#5 0x5564d40ba4dd <unknown>\n#6 0x5564d40d92cc <unknown>\n#7 0x5564d40ba253 <unknown>\n#8 0x5564d408a1c7 <unknown>\n#9 0x5564d408ab3e <unknown>\n#10 0x5564d43282db <unknown>\n#11 0x5564d432c387 <unknown>\n#12 0x5564d4314e0e <unknown>\n#13 0x5564d432ce52 <unknown>\n#14 0x5564d42f97af <unknown>\n#15 0x5564d4351188 <unknown>\n#16 0x5564d435135b <unknown>\n#17 0x5564d4360fcc <unknown>\n#18 0x7f80f2123ac3 <unknown>","time":{"start":1717028979194,"stop":1717029006767,"duration":27573}},{"uid":"1bccb856a205c4b8","reportUrl":"https://robbrad.github.io/UKBinCollectionData/3.12/1898//#testresult/1bccb856a205c4b8","status":"passed","time":{"start":1716942546030,"stop":1716942646039,"duration":100009}},{"uid":"b64f334412b3582e","reportUrl":"https://robbrad.github.io/UKBinCollectionData/3.12/1893//#testresult/b64f334412b3582e","status":"passed","time":{"start":1716856499894,"stop":1716856563887,"duration":63993}},{"uid":"e26b8c795e9bf56a","reportUrl":"https://robbrad.github.io/UKBinCollectionData/3.12/1883//#testresult/e26b8c795e9bf56a","status":"passed","time":{"start":1716770122317,"stop":1716770162497,"duration":40180}},{"uid":"82aa0a4743000ef3","reportUrl":"https://robbrad.github.io/UKBinCollectionData/3.12/1881//#testresult/82aa0a4743000ef3","status":"passed","time":{"start":1716753150618,"stop":1716753162446,"duration":11828}},{"uid":"827287e23fb96994","reportUrl":"https://robbrad.github.io/UKBinCollectionData/3.12/1877//#testresult/827287e23fb96994","status":"passed","time":{"start":1716743294078,"stop":1716743335806,"duration":41728}},{"uid":"d05f2fac3937d2d","reportUrl":"https://robbrad.github.io/UKBinCollectionData/3.12/1871//#testresult/d05f2fac3937d2d","status":"passed","time":{"start":1716709818748,"stop":1716709869839,"duration":51091}},{"uid":"a82d7c1637d029d8","reportUrl":"https://robbrad.github.io/UKBinCollectionData/3.12/1866//#testresult/a82d7c1637d029d8","status":"passed","time":{"start":1716705124745,"stop":1716705168243,"duration":43498}},{"uid":"838663f5ce0d00c3","reportUrl":"https://robbrad.github.io/UKBinCollectionData/3.12/1865//#testresult/838663f5ce0d00c3","status":"passed","time":{"start":1716683450701,"stop":1716683546437,"duration":95736}},{"uid":"2543c107f6df0d48","reportUrl":"https://robbrad.github.io/UKBinCollectionData/3.12/1863//#testresult/2543c107f6df0d48","status":"passed","time":{"start":1716624834200,"stop":1716624943351,"duration":109151}},{"uid":"d0bccd0e383db698","reportUrl":"https://robbrad.github.io/UKBinCollectionData/3.12/1862//#testresult/d0bccd0e383db698","status":"passed","time":{"start":1716596838574,"stop":1716596873652,"duration":35078}},{"uid":"1f27eb134b62b42f","reportUrl":"https://robbrad.github.io/UKBinCollectionData/3.12/1856//#testresult/1f27eb134b62b42f","status":"passed","time":{"start":1716510481505,"stop":1716510532762,"duration":51257}},{"uid":"2ba331542b438888","reportUrl":"https://robbrad.github.io/UKBinCollectionData/3.12/1855//#testresult/2ba331542b438888","status":"passed","time":{"start":1716424124707,"stop":1716424161704,"duration":36997}}]},"tags":[]},"source":"dd5805e4624d1986.json","parameterValues":["ChorleyCouncil"]}