{"uid":"c5adaec8899f94d0","name":"Validate Council Output [GatesheadCouncil]","fullName":"features/validate_council_outputs.feature:Validate Council Output","historyId":"3a7171e6de629587a3f0d32410302b35","time":{"start":1715983481442,"stop":1715983533540,"duration":52098},"status":"failed","statusMessage":"selenium.common.exceptions.TimeoutException: Message: \nStacktrace:\n#0 0x563c23427eca <unknown>\n#1 0x563c2311145c <unknown>\n#2 0x563c2315d5b5 <unknown>\n#3 0x563c2315d671 <unknown>\n#4 0x563c231a1f14 <unknown>\n#5 0x563c231804dd <unknown>\n#6 0x563c2319f2cc <unknown>\n#7 0x563c23180253 <unknown>\n#8 0x563c231501c7 <unknown>\n#9 0x563c23150b3e <unknown>\n#10 0x563c233ee30b <unknown>\n#11 0x563c233f23b7 <unknown>\n#12 0x563c233dae3e <unknown>\n#13 0x563c233f2e82 <unknown>\n#14 0x563c233bf7df <unknown>\n#15 0x563c234171b8 <unknown>\n#16 0x563c2341738b <unknown>\n#17 0x563c23426ffc <unknown>\n#18 0x7f0687e13ac3 <unknown>","statusTrace":"fixturefunc = <function scrape_step at 0x7fa6e478b1a0>\nrequest = <FixtureRequest for <Function test_scenario_outline[GatesheadCouncil]>>\nkwargs = {'context': <test_validate_council.context.<locals>.Context object at 0x7fa6e4562570>, 'council': 'GatesheadCouncil', 'headless_mode': 'True', 'local_browser': 'False', ...}\n\n    def call_fixture_func(\n        fixturefunc: \"_FixtureFunc[FixtureValue]\", request: FixtureRequest, kwargs\n    ) -> FixtureValue:\n        if is_generator(fixturefunc):\n            fixturefunc = cast(\n                Callable[..., Generator[FixtureValue, None, None]], fixturefunc\n            )\n            generator = fixturefunc(**kwargs)\n            try:\n                fixture_result = next(generator)\n            except StopIteration:\n                raise ValueError(f\"{request.fixturename} did not yield a value\") from None\n            finalizer = functools.partial(_teardown_yield_fixture, fixturefunc, generator)\n            request.addfinalizer(finalizer)\n        else:\n            fixturefunc = cast(Callable[..., FixtureValue], fixturefunc)\n>           fixture_result = fixturefunc(**kwargs)\n\n../../../.cache/pypoetry/virtualenvs/uk-bin-collection-EwS6Gn8s-py3.12/lib/python3.12/site-packages/_pytest/fixtures.py:884: \n_ _ _ _ _ _ _ _ _ _ _ _ _ _ _ _ _ _ _ _ _ _ _ _ _ _ _ _ _ _ _ _ _ _ _ _ _ _ _ _ \nuk_bin_collection/tests/step_defs/test_validate_council.py:76: in scrape_step\n    context.parse_result = CollectData.run()\nuk_bin_collection/uk_bin_collection/collect_data.py:102: in run\n    return self.client_code(\nuk_bin_collection/uk_bin_collection/collect_data.py:121: in client_code\n    return get_bin_data_class.template_method(address_url, **kwargs)\nuk_bin_collection/uk_bin_collection/get_bin_data.py:80: in template_method\n    bin_data_dict = self.parse_data(\nuk_bin_collection/uk_bin_collection/councils/GatesheadCouncil.py:35: in parse_data\n    accept_button = WebDriverWait(driver, timeout=30).until(\n_ _ _ _ _ _ _ _ _ _ _ _ _ _ _ _ _ _ _ _ _ _ _ _ _ _ _ _ _ _ _ _ _ _ _ _ _ _ _ _ \n\nself = <selenium.webdriver.support.wait.WebDriverWait (session=\"18a015fa0ec167936933079699dbe1e9\")>\nmethod = <function element_to_be_clickable.<locals>._predicate at 0x7fa6e3b1aca0>\nmessage = ''\n\n    def until(self, method: Callable[[D], Union[Literal[False], T]], message: str = \"\") -> T:\n        \"\"\"Calls the method provided with the driver as an argument until the \\\n        return value does not evaluate to ``False``.\n    \n        :param method: callable(WebDriver)\n        :param message: optional message for :exc:`TimeoutException`\n        :returns: the result of the last call to `method`\n        :raises: :exc:`selenium.common.exceptions.TimeoutException` if timeout occurs\n        \"\"\"\n        screen = None\n        stacktrace = None\n    \n        end_time = time.monotonic() + self._timeout\n        while True:\n            try:\n                value = method(self._driver)\n                if value:\n                    return value\n            except self._ignored_exceptions as exc:\n                screen = getattr(exc, \"screen\", None)\n                stacktrace = getattr(exc, \"stacktrace\", None)\n            time.sleep(self._poll)\n            if time.monotonic() > end_time:\n                break\n>       raise TimeoutException(message, screen, stacktrace)\nE       selenium.common.exceptions.TimeoutException: Message: \nE       Stacktrace:\nE       #0 0x563c23427eca <unknown>\nE       #1 0x563c2311145c <unknown>\nE       #2 0x563c2315d5b5 <unknown>\nE       #3 0x563c2315d671 <unknown>\nE       #4 0x563c231a1f14 <unknown>\nE       #5 0x563c231804dd <unknown>\nE       #6 0x563c2319f2cc <unknown>\nE       #7 0x563c23180253 <unknown>\nE       #8 0x563c231501c7 <unknown>\nE       #9 0x563c23150b3e <unknown>\nE       #10 0x563c233ee30b <unknown>\nE       #11 0x563c233f23b7 <unknown>\nE       #12 0x563c233dae3e <unknown>\nE       #13 0x563c233f2e82 <unknown>\nE       #14 0x563c233bf7df <unknown>\nE       #15 0x563c234171b8 <unknown>\nE       #16 0x563c2341738b <unknown>\nE       #17 0x563c23426ffc <unknown>\nE       #18 0x7f0687e13ac3 <unknown>\n\n../../../.cache/pypoetry/virtualenvs/uk-bin-collection-EwS6Gn8s-py3.12/lib/python3.12/site-packages/selenium/webdriver/support/wait.py:105: TimeoutException","flaky":false,"newFailed":false,"newBroken":false,"newPassed":false,"retriesCount":0,"retriesStatusChange":false,"beforeStages":[],"testStage":{"status":"failed","statusMessage":"selenium.common.exceptions.TimeoutException: Message: \nStacktrace:\n#0 0x563c23427eca <unknown>\n#1 0x563c2311145c <unknown>\n#2 0x563c2315d5b5 <unknown>\n#3 0x563c2315d671 <unknown>\n#4 0x563c231a1f14 <unknown>\n#5 0x563c231804dd <unknown>\n#6 0x563c2319f2cc <unknown>\n#7 0x563c23180253 <unknown>\n#8 0x563c231501c7 <unknown>\n#9 0x563c23150b3e <unknown>\n#10 0x563c233ee30b <unknown>\n#11 0x563c233f23b7 <unknown>\n#12 0x563c233dae3e <unknown>\n#13 0x563c233f2e82 <unknown>\n#14 0x563c233bf7df <unknown>\n#15 0x563c234171b8 <unknown>\n#16 0x563c2341738b <unknown>\n#17 0x563c23426ffc <unknown>\n#18 0x7f0687e13ac3 <unknown>","statusTrace":"fixturefunc = <function scrape_step at 0x7fa6e478b1a0>\nrequest = <FixtureRequest for <Function test_scenario_outline[GatesheadCouncil]>>\nkwargs = {'context': <test_validate_council.context.<locals>.Context object at 0x7fa6e4562570>, 'council': 'GatesheadCouncil', 'headless_mode': 'True', 'local_browser': 'False', ...}\n\n    def call_fixture_func(\n        fixturefunc: \"_FixtureFunc[FixtureValue]\", request: FixtureRequest, kwargs\n    ) -> FixtureValue:\n        if is_generator(fixturefunc):\n            fixturefunc = cast(\n                Callable[..., Generator[FixtureValue, None, None]], fixturefunc\n            )\n            generator = fixturefunc(**kwargs)\n            try:\n                fixture_result = next(generator)\n            except StopIteration:\n                raise ValueError(f\"{request.fixturename} did not yield a value\") from None\n            finalizer = functools.partial(_teardown_yield_fixture, fixturefunc, generator)\n            request.addfinalizer(finalizer)\n        else:\n            fixturefunc = cast(Callable[..., FixtureValue], fixturefunc)\n>           fixture_result = fixturefunc(**kwargs)\n\n../../../.cache/pypoetry/virtualenvs/uk-bin-collection-EwS6Gn8s-py3.12/lib/python3.12/site-packages/_pytest/fixtures.py:884: \n_ _ _ _ _ _ _ _ _ _ _ _ _ _ _ _ _ _ _ _ _ _ _ _ _ _ _ _ _ _ _ _ _ _ _ _ _ _ _ _ \nuk_bin_collection/tests/step_defs/test_validate_council.py:76: in scrape_step\n    context.parse_result = CollectData.run()\nuk_bin_collection/uk_bin_collection/collect_data.py:102: in run\n    return self.client_code(\nuk_bin_collection/uk_bin_collection/collect_data.py:121: in client_code\n    return get_bin_data_class.template_method(address_url, **kwargs)\nuk_bin_collection/uk_bin_collection/get_bin_data.py:80: in template_method\n    bin_data_dict = self.parse_data(\nuk_bin_collection/uk_bin_collection/councils/GatesheadCouncil.py:35: in parse_data\n    accept_button = WebDriverWait(driver, timeout=30).until(\n_ _ _ _ _ _ _ _ _ _ _ _ _ _ _ _ _ _ _ _ _ _ _ _ _ _ _ _ _ _ _ _ _ _ _ _ _ _ _ _ \n\nself = <selenium.webdriver.support.wait.WebDriverWait (session=\"18a015fa0ec167936933079699dbe1e9\")>\nmethod = <function element_to_be_clickable.<locals>._predicate at 0x7fa6e3b1aca0>\nmessage = ''\n\n    def until(self, method: Callable[[D], Union[Literal[False], T]], message: str = \"\") -> T:\n        \"\"\"Calls the method provided with the driver as an argument until the \\\n        return value does not evaluate to ``False``.\n    \n        :param method: callable(WebDriver)\n        :param message: optional message for :exc:`TimeoutException`\n        :returns: the result of the last call to `method`\n        :raises: :exc:`selenium.common.exceptions.TimeoutException` if timeout occurs\n        \"\"\"\n        screen = None\n        stacktrace = None\n    \n        end_time = time.monotonic() + self._timeout\n        while True:\n            try:\n                value = method(self._driver)\n                if value:\n                    return value\n            except self._ignored_exceptions as exc:\n                screen = getattr(exc, \"screen\", None)\n                stacktrace = getattr(exc, \"stacktrace\", None)\n            time.sleep(self._poll)\n            if time.monotonic() > end_time:\n                break\n>       raise TimeoutException(message, screen, stacktrace)\nE       selenium.common.exceptions.TimeoutException: Message: \nE       Stacktrace:\nE       #0 0x563c23427eca <unknown>\nE       #1 0x563c2311145c <unknown>\nE       #2 0x563c2315d5b5 <unknown>\nE       #3 0x563c2315d671 <unknown>\nE       #4 0x563c231a1f14 <unknown>\nE       #5 0x563c231804dd <unknown>\nE       #6 0x563c2319f2cc <unknown>\nE       #7 0x563c23180253 <unknown>\nE       #8 0x563c231501c7 <unknown>\nE       #9 0x563c23150b3e <unknown>\nE       #10 0x563c233ee30b <unknown>\nE       #11 0x563c233f23b7 <unknown>\nE       #12 0x563c233dae3e <unknown>\nE       #13 0x563c233f2e82 <unknown>\nE       #14 0x563c233bf7df <unknown>\nE       #15 0x563c234171b8 <unknown>\nE       #16 0x563c2341738b <unknown>\nE       #17 0x563c23426ffc <unknown>\nE       #18 0x7f0687e13ac3 <unknown>\n\n../../../.cache/pypoetry/virtualenvs/uk-bin-collection-EwS6Gn8s-py3.12/lib/python3.12/site-packages/selenium/webdriver/support/wait.py:105: TimeoutException","steps":[{"name":"Given the council: GatesheadCouncil","time":{"start":1715983481442,"stop":1715983481442,"duration":0},"status":"passed","steps":[],"attachments":[],"parameters":[],"shouldDisplayMessage":false,"stepsCount":0,"attachmentsCount":0,"hasContent":false,"attachmentStep":false},{"name":"When we scrape the data from GatesheadCouncil","time":{"start":1715983481442,"stop":1715983533540,"duration":52098},"status":"failed","statusMessage":"Message: \nStacktrace:\n#0 0x563c23427eca <unknown>\n#1 0x563c2311145c <unknown>\n#2 0x563c2315d5b5 <unknown>\n#3 0x563c2315d671 <unknown>\n#4 0x563c231a1f14 <unknown>\n#5 0x563c231804dd <unknown>\n#6 0x563c2319f2cc <unknown>\n#7 0x563c23180253 <unknown>\n#8 0x563c231501c7 <unknown>\n#9 0x563c23150b3e <unknown>\n#10 0x563c233ee30b <unknown>\n#11 0x563c233f23b7 <unknown>\n#12 0x563c233dae3e <unknown>\n#13 0x563c233f2e82 <unknown>\n#14 0x563c233bf7df <unknown>\n#15 0x563c234171b8 <unknown>\n#16 0x563c2341738b <unknown>\n#17 0x563c23426ffc <unknown>\n#18 0x7f0687e13ac3 <unknown>\n","statusTrace":"selenium.common.exceptions.TimeoutException: Message: \nStacktrace:\n#0 0x563c23427eca <unknown>\n#1 0x563c2311145c <unknown>\n#2 0x563c2315d5b5 <unknown>\n#3 0x563c2315d671 <unknown>\n#4 0x563c231a1f14 <unknown>\n#5 0x563c231804dd <unknown>\n#6 0x563c2319f2cc <unknown>\n#7 0x563c23180253 <unknown>\n#8 0x563c231501c7 <unknown>\n#9 0x563c23150b3e <unknown>\n#10 0x563c233ee30b <unknown>\n#11 0x563c233f23b7 <unknown>\n#12 0x563c233dae3e <unknown>\n#13 0x563c233f2e82 <unknown>\n#14 0x563c233bf7df <unknown>\n#15 0x563c234171b8 <unknown>\n#16 0x563c2341738b <unknown>\n#17 0x563c23426ffc <unknown>\n#18 0x7f0687e13ac3 <unknown>\n\n","steps":[],"attachments":[],"parameters":[],"shouldDisplayMessage":true,"stepsCount":0,"attachmentsCount":0,"hasContent":true,"attachmentStep":false}],"attachments":[{"uid":"cb4a57f2d8ef47c8","name":"stdout","source":"cb4a57f2d8ef47c8.txt","type":"text/plain","size":583}],"parameters":[],"shouldDisplayMessage":true,"stepsCount":2,"attachmentsCount":1,"hasContent":true,"attachmentStep":false},"afterStages":[],"labels":[{"name":"host","value":"fv-az736-169"},{"name":"thread","value":"2703-MainThread"},{"name":"framework","value":"pytest-bdd"},{"name":"language","value":"cpython3"},{"name":"feature","value":"Test each council output matches expected results"},{"name":"resultFormat","value":"allure2"}],"parameters":[{"name":"council","value":"GatesheadCouncil"}],"links":[],"hidden":false,"retry":false,"extra":{"severity":"normal","retries":[],"categories":[{"name":"Product defects","matchedStatuses":[],"flaky":false}],"tags":[]},"source":"c5adaec8899f94d0.json","parameterValues":["GatesheadCouncil"]}