{"uid":"39cfa61e686c5df6","name":"Validate Council Output [NeathPortTalbotCouncil]","fullName":"features/validate_council_outputs.feature:Validate Council Output","historyId":"6a7795e00df27bb2a2723cbd96dd78a1","time":{"start":1722212098151,"stop":1722212199470,"duration":101319},"status":"failed","statusMessage":"selenium.common.exceptions.NoSuchElementException: Message: no such element: Unable to locate element: {\"method\":\"css selector\",\"selector\":\"[id=\"ContentPlaceHolderDefault_ctl13_nptLLPG2_25_addresslookup_txtTmpPostcode\"]\"}\n  (Session info: chrome-headless-shell=127.0.6533.72); For documentation on this error, please visit: https://www.selenium.dev/documentation/webdriver/troubleshooting/errors#no-such-element-exception\nStacktrace:\n#0 0x5655039636ba <unknown>\n#1 0x565503633730 <unknown>\n#2 0x565503682d9b <unknown>\n#3 0x565503683081 <unknown>\n#4 0x5655036c6cd4 <unknown>\n#5 0x5655036a5a7d <unknown>\n#6 0x5655036c41ca <unknown>\n#7 0x5655036a57f3 <unknown>\n#8 0x565503675ec9 <unknown>\n#9 0x56550367691e <unknown>\n#10 0x5655039299eb <unknown>\n#11 0x56550392d972 <unknown>\n#12 0x565503916e15 <unknown>\n#13 0x56550392e502 <unknown>\n#14 0x5655038fbd2f <unknown>\n#15 0x565503952578 <unknown>\n#16 0x565503952750 <unknown>\n#17 0x56550396248c <unknown>\n#18 0x7fda39225a94 <unknown>\n#19 0x7fda392b2a34 __clone","statusTrace":"fixturefunc = <function scrape_step at 0x7f6f9d4d59e0>\nrequest = <FixtureRequest for <Function test_scenario_outline[NeathPortTalbotCouncil]>>\nkwargs = {'context': <test_validate_council.Context object at 0x7f6f9d359850>, 'headless_mode': 'True', 'local_browser': 'False', 'selenium_url': 'http://localhost:4444'}\n\n    def call_fixture_func(\n        fixturefunc: _FixtureFunc[FixtureValue], request: FixtureRequest, kwargs\n    ) -> FixtureValue:\n        if is_generator(fixturefunc):\n            fixturefunc = cast(\n                Callable[..., Generator[FixtureValue, None, None]], fixturefunc\n            )\n            generator = fixturefunc(**kwargs)\n            try:\n                fixture_result = next(generator)\n            except StopIteration:\n                raise ValueError(f\"{request.fixturename} did not yield a value\") from None\n            finalizer = functools.partial(_teardown_yield_fixture, fixturefunc, generator)\n            request.addfinalizer(finalizer)\n        else:\n            fixturefunc = cast(Callable[..., FixtureValue], fixturefunc)\n>           fixture_result = fixturefunc(**kwargs)\n\n../../../.cache/pypoetry/virtualenvs/uk-bin-collection-EwS6Gn8s-py3.11/lib/python3.11/site-packages/_pytest/fixtures.py:897: \n_ _ _ _ _ _ _ _ _ _ _ _ _ _ _ _ _ _ _ _ _ _ _ _ _ _ _ _ _ _ _ _ _ _ _ _ _ _ _ _ \nuk_bin_collection/tests/step_defs/test_validate_council.py:100: in scrape_step\n    context.parse_result = CollectData.run()\nuk_bin_collection/uk_bin_collection/collect_data.py:101: in run\n    return self.client_code(\nuk_bin_collection/uk_bin_collection/collect_data.py:121: in client_code\n    return get_bin_data_class.template_method(address_url, **kwargs)\nuk_bin_collection/uk_bin_collection/get_bin_data.py:61: in template_method\n    bin_data_dict = self.get_and_parse_data(this_url, **kwargs)\nuk_bin_collection/uk_bin_collection/get_bin_data.py:84: in get_and_parse_data\n    bin_data_dict = self.parse_data(\"\", url=address_url, **kwargs)\nuk_bin_collection/uk_bin_collection/councils/NeathPortTalbotCouncil.py:43: in parse_data\n    inputElement_postcode = driver.find_element(\n../../../.cache/pypoetry/virtualenvs/uk-bin-collection-EwS6Gn8s-py3.11/lib/python3.11/site-packages/selenium/webdriver/remote/webdriver.py:748: in find_element\n    return self.execute(Command.FIND_ELEMENT, {\"using\": by, \"value\": value})[\"value\"]\n../../../.cache/pypoetry/virtualenvs/uk-bin-collection-EwS6Gn8s-py3.11/lib/python3.11/site-packages/selenium/webdriver/remote/webdriver.py:354: in execute\n    self.error_handler.check_response(response)\n_ _ _ _ _ _ _ _ _ _ _ _ _ _ _ _ _ _ _ _ _ _ _ _ _ _ _ _ _ _ _ _ _ _ _ _ _ _ _ _ \n\nself = <selenium.webdriver.remote.errorhandler.ErrorHandler object at 0x7f6f9cb1dd50>\nresponse = {'status': 404, 'value': '{\"value\":{\"error\":\"no such element\",\"message\":\"no such element: Unable to locate element: {\\...unknown>\\\\n#17 0x56550396248c \\\\u003Cunknown>\\\\n#18 0x7fda39225a94 \\\\u003Cunknown>\\\\n#19 0x7fda392b2a34 __clone\\\\n\"}}'}\n\n    def check_response(self, response: Dict[str, Any]) -> None:\n        \"\"\"Checks that a JSON response from the WebDriver does not have an\n        error.\n    \n        :Args:\n         - response - The JSON response from the WebDriver server as a dictionary\n           object.\n    \n        :Raises: If the response contains an error message.\n        \"\"\"\n        status = response.get(\"status\", None)\n        if not status or status == ErrorCode.SUCCESS:\n            return\n        value = None\n        message = response.get(\"message\", \"\")\n        screen: str = response.get(\"screen\", \"\")\n        stacktrace = None\n        if isinstance(status, int):\n            value_json = response.get(\"value\", None)\n            if value_json and isinstance(value_json, str):\n                import json\n    \n                try:\n                    value = json.loads(value_json)\n                    if len(value) == 1:\n                        value = value[\"value\"]\n                    status = value.get(\"error\", None)\n                    if not status:\n                        status = value.get(\"status\", ErrorCode.UNKNOWN_ERROR)\n                        message = value.get(\"value\") or value.get(\"message\")\n                        if not isinstance(message, str):\n                            value = message\n                            message = message.get(\"message\")\n                    else:\n                        message = value.get(\"message\", None)\n                except ValueError:\n                    pass\n    \n        exception_class: Type[WebDriverException]\n        e = ErrorCode()\n        error_codes = [item for item in dir(e) if not item.startswith(\"__\")]\n        for error_code in error_codes:\n            error_info = getattr(ErrorCode, error_code)\n            if isinstance(error_info, list) and status in error_info:\n                exception_class = getattr(ExceptionMapping, error_code, WebDriverException)\n                break\n        else:\n            exception_class = WebDriverException\n    \n        if not value:\n            value = response[\"value\"]\n        if isinstance(value, str):\n            raise exception_class(value)\n        if message == \"\" and \"message\" in value:\n            message = value[\"message\"]\n    \n        screen = None  # type: ignore[assignment]\n        if \"screen\" in value:\n            screen = value[\"screen\"]\n    \n        stacktrace = None\n        st_value = value.get(\"stackTrace\") or value.get(\"stacktrace\")\n        if st_value:\n            if isinstance(st_value, str):\n                stacktrace = st_value.split(\"\\n\")\n            else:\n                stacktrace = []\n                try:\n                    for frame in st_value:\n                        line = frame.get(\"lineNumber\", \"\")\n                        file = frame.get(\"fileName\", \"<anonymous>\")\n                        if line:\n                            file = f\"{file}:{line}\"\n                        meth = frame.get(\"methodName\", \"<anonymous>\")\n                        if \"className\" in frame:\n                            meth = f\"{frame['className']}.{meth}\"\n                        msg = \"    at %s (%s)\"\n                        msg = msg % (meth, file)\n                        stacktrace.append(msg)\n                except TypeError:\n                    pass\n        if exception_class == UnexpectedAlertPresentException:\n            alert_text = None\n            if \"data\" in value:\n                alert_text = value[\"data\"].get(\"text\")\n            elif \"alert\" in value:\n                alert_text = value[\"alert\"].get(\"text\")\n            raise exception_class(message, screen, stacktrace, alert_text)  # type: ignore[call-arg]  # mypy is not smart enough here\n>       raise exception_class(message, screen, stacktrace)\nE       selenium.common.exceptions.NoSuchElementException: Message: no such element: Unable to locate element: {\"method\":\"css selector\",\"selector\":\"[id=\"ContentPlaceHolderDefault_ctl13_nptLLPG2_25_addresslookup_txtTmpPostcode\"]\"}\nE         (Session info: chrome-headless-shell=127.0.6533.72); For documentation on this error, please visit: https://www.selenium.dev/documentation/webdriver/troubleshooting/errors#no-such-element-exception\nE       Stacktrace:\nE       #0 0x5655039636ba <unknown>\nE       #1 0x565503633730 <unknown>\nE       #2 0x565503682d9b <unknown>\nE       #3 0x565503683081 <unknown>\nE       #4 0x5655036c6cd4 <unknown>\nE       #5 0x5655036a5a7d <unknown>\nE       #6 0x5655036c41ca <unknown>\nE       #7 0x5655036a57f3 <unknown>\nE       #8 0x565503675ec9 <unknown>\nE       #9 0x56550367691e <unknown>\nE       #10 0x5655039299eb <unknown>\nE       #11 0x56550392d972 <unknown>\nE       #12 0x565503916e15 <unknown>\nE       #13 0x56550392e502 <unknown>\nE       #14 0x5655038fbd2f <unknown>\nE       #15 0x565503952578 <unknown>\nE       #16 0x565503952750 <unknown>\nE       #17 0x56550396248c <unknown>\nE       #18 0x7fda39225a94 <unknown>\nE       #19 0x7fda392b2a34 __clone\n\n../../../.cache/pypoetry/virtualenvs/uk-bin-collection-EwS6Gn8s-py3.11/lib/python3.11/site-packages/selenium/webdriver/remote/errorhandler.py:229: NoSuchElementException","flaky":false,"newFailed":false,"newBroken":false,"newPassed":false,"retriesCount":0,"retriesStatusChange":false,"beforeStages":[],"testStage":{"status":"failed","statusMessage":"selenium.common.exceptions.NoSuchElementException: Message: no such element: Unable to locate element: {\"method\":\"css selector\",\"selector\":\"[id=\"ContentPlaceHolderDefault_ctl13_nptLLPG2_25_addresslookup_txtTmpPostcode\"]\"}\n  (Session info: chrome-headless-shell=127.0.6533.72); For documentation on this error, please visit: https://www.selenium.dev/documentation/webdriver/troubleshooting/errors#no-such-element-exception\nStacktrace:\n#0 0x5655039636ba <unknown>\n#1 0x565503633730 <unknown>\n#2 0x565503682d9b <unknown>\n#3 0x565503683081 <unknown>\n#4 0x5655036c6cd4 <unknown>\n#5 0x5655036a5a7d <unknown>\n#6 0x5655036c41ca <unknown>\n#7 0x5655036a57f3 <unknown>\n#8 0x565503675ec9 <unknown>\n#9 0x56550367691e <unknown>\n#10 0x5655039299eb <unknown>\n#11 0x56550392d972 <unknown>\n#12 0x565503916e15 <unknown>\n#13 0x56550392e502 <unknown>\n#14 0x5655038fbd2f <unknown>\n#15 0x565503952578 <unknown>\n#16 0x565503952750 <unknown>\n#17 0x56550396248c <unknown>\n#18 0x7fda39225a94 <unknown>\n#19 0x7fda392b2a34 __clone","statusTrace":"fixturefunc = <function scrape_step at 0x7f6f9d4d59e0>\nrequest = <FixtureRequest for <Function test_scenario_outline[NeathPortTalbotCouncil]>>\nkwargs = {'context': <test_validate_council.Context object at 0x7f6f9d359850>, 'headless_mode': 'True', 'local_browser': 'False', 'selenium_url': 'http://localhost:4444'}\n\n    def call_fixture_func(\n        fixturefunc: _FixtureFunc[FixtureValue], request: FixtureRequest, kwargs\n    ) -> FixtureValue:\n        if is_generator(fixturefunc):\n            fixturefunc = cast(\n                Callable[..., Generator[FixtureValue, None, None]], fixturefunc\n            )\n            generator = fixturefunc(**kwargs)\n            try:\n                fixture_result = next(generator)\n            except StopIteration:\n                raise ValueError(f\"{request.fixturename} did not yield a value\") from None\n            finalizer = functools.partial(_teardown_yield_fixture, fixturefunc, generator)\n            request.addfinalizer(finalizer)\n        else:\n            fixturefunc = cast(Callable[..., FixtureValue], fixturefunc)\n>           fixture_result = fixturefunc(**kwargs)\n\n../../../.cache/pypoetry/virtualenvs/uk-bin-collection-EwS6Gn8s-py3.11/lib/python3.11/site-packages/_pytest/fixtures.py:897: \n_ _ _ _ _ _ _ _ _ _ _ _ _ _ _ _ _ _ _ _ _ _ _ _ _ _ _ _ _ _ _ _ _ _ _ _ _ _ _ _ \nuk_bin_collection/tests/step_defs/test_validate_council.py:100: in scrape_step\n    context.parse_result = CollectData.run()\nuk_bin_collection/uk_bin_collection/collect_data.py:101: in run\n    return self.client_code(\nuk_bin_collection/uk_bin_collection/collect_data.py:121: in client_code\n    return get_bin_data_class.template_method(address_url, **kwargs)\nuk_bin_collection/uk_bin_collection/get_bin_data.py:61: in template_method\n    bin_data_dict = self.get_and_parse_data(this_url, **kwargs)\nuk_bin_collection/uk_bin_collection/get_bin_data.py:84: in get_and_parse_data\n    bin_data_dict = self.parse_data(\"\", url=address_url, **kwargs)\nuk_bin_collection/uk_bin_collection/councils/NeathPortTalbotCouncil.py:43: in parse_data\n    inputElement_postcode = driver.find_element(\n../../../.cache/pypoetry/virtualenvs/uk-bin-collection-EwS6Gn8s-py3.11/lib/python3.11/site-packages/selenium/webdriver/remote/webdriver.py:748: in find_element\n    return self.execute(Command.FIND_ELEMENT, {\"using\": by, \"value\": value})[\"value\"]\n../../../.cache/pypoetry/virtualenvs/uk-bin-collection-EwS6Gn8s-py3.11/lib/python3.11/site-packages/selenium/webdriver/remote/webdriver.py:354: in execute\n    self.error_handler.check_response(response)\n_ _ _ _ _ _ _ _ _ _ _ _ _ _ _ _ _ _ _ _ _ _ _ _ _ _ _ _ _ _ _ _ _ _ _ _ _ _ _ _ \n\nself = <selenium.webdriver.remote.errorhandler.ErrorHandler object at 0x7f6f9cb1dd50>\nresponse = {'status': 404, 'value': '{\"value\":{\"error\":\"no such element\",\"message\":\"no such element: Unable to locate element: {\\...unknown>\\\\n#17 0x56550396248c \\\\u003Cunknown>\\\\n#18 0x7fda39225a94 \\\\u003Cunknown>\\\\n#19 0x7fda392b2a34 __clone\\\\n\"}}'}\n\n    def check_response(self, response: Dict[str, Any]) -> None:\n        \"\"\"Checks that a JSON response from the WebDriver does not have an\n        error.\n    \n        :Args:\n         - response - The JSON response from the WebDriver server as a dictionary\n           object.\n    \n        :Raises: If the response contains an error message.\n        \"\"\"\n        status = response.get(\"status\", None)\n        if not status or status == ErrorCode.SUCCESS:\n            return\n        value = None\n        message = response.get(\"message\", \"\")\n        screen: str = response.get(\"screen\", \"\")\n        stacktrace = None\n        if isinstance(status, int):\n            value_json = response.get(\"value\", None)\n            if value_json and isinstance(value_json, str):\n                import json\n    \n                try:\n                    value = json.loads(value_json)\n                    if len(value) == 1:\n                        value = value[\"value\"]\n                    status = value.get(\"error\", None)\n                    if not status:\n                        status = value.get(\"status\", ErrorCode.UNKNOWN_ERROR)\n                        message = value.get(\"value\") or value.get(\"message\")\n                        if not isinstance(message, str):\n                            value = message\n                            message = message.get(\"message\")\n                    else:\n                        message = value.get(\"message\", None)\n                except ValueError:\n                    pass\n    \n        exception_class: Type[WebDriverException]\n        e = ErrorCode()\n        error_codes = [item for item in dir(e) if not item.startswith(\"__\")]\n        for error_code in error_codes:\n            error_info = getattr(ErrorCode, error_code)\n            if isinstance(error_info, list) and status in error_info:\n                exception_class = getattr(ExceptionMapping, error_code, WebDriverException)\n                break\n        else:\n            exception_class = WebDriverException\n    \n        if not value:\n            value = response[\"value\"]\n        if isinstance(value, str):\n            raise exception_class(value)\n        if message == \"\" and \"message\" in value:\n            message = value[\"message\"]\n    \n        screen = None  # type: ignore[assignment]\n        if \"screen\" in value:\n            screen = value[\"screen\"]\n    \n        stacktrace = None\n        st_value = value.get(\"stackTrace\") or value.get(\"stacktrace\")\n        if st_value:\n            if isinstance(st_value, str):\n                stacktrace = st_value.split(\"\\n\")\n            else:\n                stacktrace = []\n                try:\n                    for frame in st_value:\n                        line = frame.get(\"lineNumber\", \"\")\n                        file = frame.get(\"fileName\", \"<anonymous>\")\n                        if line:\n                            file = f\"{file}:{line}\"\n                        meth = frame.get(\"methodName\", \"<anonymous>\")\n                        if \"className\" in frame:\n                            meth = f\"{frame['className']}.{meth}\"\n                        msg = \"    at %s (%s)\"\n                        msg = msg % (meth, file)\n                        stacktrace.append(msg)\n                except TypeError:\n                    pass\n        if exception_class == UnexpectedAlertPresentException:\n            alert_text = None\n            if \"data\" in value:\n                alert_text = value[\"data\"].get(\"text\")\n            elif \"alert\" in value:\n                alert_text = value[\"alert\"].get(\"text\")\n            raise exception_class(message, screen, stacktrace, alert_text)  # type: ignore[call-arg]  # mypy is not smart enough here\n>       raise exception_class(message, screen, stacktrace)\nE       selenium.common.exceptions.NoSuchElementException: Message: no such element: Unable to locate element: {\"method\":\"css selector\",\"selector\":\"[id=\"ContentPlaceHolderDefault_ctl13_nptLLPG2_25_addresslookup_txtTmpPostcode\"]\"}\nE         (Session info: chrome-headless-shell=127.0.6533.72); For documentation on this error, please visit: https://www.selenium.dev/documentation/webdriver/troubleshooting/errors#no-such-element-exception\nE       Stacktrace:\nE       #0 0x5655039636ba <unknown>\nE       #1 0x565503633730 <unknown>\nE       #2 0x565503682d9b <unknown>\nE       #3 0x565503683081 <unknown>\nE       #4 0x5655036c6cd4 <unknown>\nE       #5 0x5655036a5a7d <unknown>\nE       #6 0x5655036c41ca <unknown>\nE       #7 0x5655036a57f3 <unknown>\nE       #8 0x565503675ec9 <unknown>\nE       #9 0x56550367691e <unknown>\nE       #10 0x5655039299eb <unknown>\nE       #11 0x56550392d972 <unknown>\nE       #12 0x565503916e15 <unknown>\nE       #13 0x56550392e502 <unknown>\nE       #14 0x5655038fbd2f <unknown>\nE       #15 0x565503952578 <unknown>\nE       #16 0x565503952750 <unknown>\nE       #17 0x56550396248c <unknown>\nE       #18 0x7fda39225a94 <unknown>\nE       #19 0x7fda392b2a34 __clone\n\n../../../.cache/pypoetry/virtualenvs/uk-bin-collection-EwS6Gn8s-py3.11/lib/python3.11/site-packages/selenium/webdriver/remote/errorhandler.py:229: NoSuchElementException","steps":[{"name":"Given the council","time":{"start":1722212098151,"stop":1722212098152,"duration":1},"status":"passed","steps":[],"attachments":[],"parameters":[],"shouldDisplayMessage":false,"stepsCount":0,"attachmentsCount":0,"hasContent":false,"attachmentStep":false},{"name":"When we scrape the data from the council","time":{"start":1722212098152,"stop":1722212199470,"duration":101318},"status":"failed","statusMessage":"Message: no such element: Unable to locate element: {\"method\":\"css selector\",\"selector\":\"[id=\"ContentPlaceHolderDefault_ctl13_nptLLPG2_25_addresslookup_txtTmpPostcode\"]\"}\n  (Session info: chrome-headless-shell=127.0.6533.72); For documentation on this error, please visit: https://www.selenium.dev/documentation/webdriver/troubleshooting/errors#no-such-element-exception\nStacktrace:\n#0 0x5655039636ba <unknown>\n#1 0x565503633730 <unknown>\n#2 0x565503682d9b <unknown>\n#3 0x565503683081 <unknown>\n#4 0x5655036c6cd4 <unknown>\n#5 0x5655036a5a7d <unknown>\n#6 0x5655036c41ca <unknown>\n#7 0x5655036a57f3 <unknown>\n#8 0x565503675ec9 <unknown>\n#9 0x56550367691e <unknown>\n#10 0x5655039299eb <unknown>\n#11 0x56550392d972 <unknown>\n#12 0x565503916e15 <unknown>\n#13 0x56550392e502 <unknown>\n#14 0x5655038fbd2f <unknown>\n#15 0x565503952578 <unknown>\n#16 0x565503952750 <unknown>\n#17 0x56550396248c <unknown>\n#18 0x7fda39225a94 <unknown>\n#19 0x7fda392b2a34 __clone\n","statusTrace":"selenium.common.exceptions.NoSuchElementException: Message: no such element: Unable to locate element: {\"method\":\"css selector\",\"selector\":\"[id=\"ContentPlaceHolderDefault_ctl13_nptLLPG2_25_addresslookup_txtTmpPostcode\"]\"}\n  (Session info: chrome-headless-shell=127.0.6533.72); For documentation on this error, please visit: https://www.selenium.dev/documentation/webdriver/troubleshooting/errors#no-such-element-exception\nStacktrace:\n#0 0x5655039636ba <unknown>\n#1 0x565503633730 <unknown>\n#2 0x565503682d9b <unknown>\n#3 0x565503683081 <unknown>\n#4 0x5655036c6cd4 <unknown>\n#5 0x5655036a5a7d <unknown>\n#6 0x5655036c41ca <unknown>\n#7 0x5655036a57f3 <unknown>\n#8 0x565503675ec9 <unknown>\n#9 0x56550367691e <unknown>\n#10 0x5655039299eb <unknown>\n#11 0x56550392d972 <unknown>\n#12 0x565503916e15 <unknown>\n#13 0x56550392e502 <unknown>\n#14 0x5655038fbd2f <unknown>\n#15 0x565503952578 <unknown>\n#16 0x565503952750 <unknown>\n#17 0x56550396248c <unknown>\n#18 0x7fda39225a94 <unknown>\n#19 0x7fda392b2a34 __clone\n\n","steps":[],"attachments":[],"parameters":[],"shouldDisplayMessage":true,"stepsCount":0,"attachmentsCount":0,"hasContent":true,"attachmentStep":false}],"attachments":[{"uid":"997a404389d1d050","name":"stdout","source":"997a404389d1d050.txt","type":"text/plain","size":1020}],"parameters":[],"shouldDisplayMessage":true,"stepsCount":2,"attachmentsCount":1,"hasContent":true,"attachmentStep":false},"afterStages":[],"labels":[{"name":"host","value":"fv-az775-767"},{"name":"thread","value":"2775-MainThread"},{"name":"framework","value":"pytest-bdd"},{"name":"language","value":"cpython3"},{"name":"feature","value":"Test each council output matches expected results"},{"name":"resultFormat","value":"allure2"}],"parameters":[{"name":"council","value":"NeathPortTalbotCouncil"}],"links":[],"hidden":false,"retry":false,"extra":{"severity":"normal","retries":[],"categories":[{"name":"Product defects","matchedStatuses":[],"flaky":false}],"history":{"statistic":{"failed":116,"broken":0,"skipped":0,"passed":9,"unknown":0,"total":125},"items":[{"uid":"653f3ed653fa50ae","reportUrl":"https://robbrad.github.io/UKBinCollectionData/3.11/1995//#testresult/653f3ed653fa50ae","status":"failed","statusDetails":"selenium.common.exceptions.NoSuchElementException: Message: no such element: Unable to locate element: {\"method\":\"css selector\",\"selector\":\"[id=\"ContentPlaceHolderDefault_ctl13_nptLLPG2_25_addresslookup_txtTmpPostcode\"]\"}\n  (Session info: chrome-headless-shell=127.0.6533.72); For documentation on this error, please visit: https://www.selenium.dev/documentation/webdriver/troubleshooting/errors#no-such-element-exception\nStacktrace:\n#0 0x56058b15f6ba <unknown>\n#1 0x56058ae2f730 <unknown>\n#2 0x56058ae7ed9b <unknown>\n#3 0x56058ae7f081 <unknown>\n#4 0x56058aec2cd4 <unknown>\n#5 0x56058aea1a7d <unknown>\n#6 0x56058aec01ca <unknown>\n#7 0x56058aea17f3 <unknown>\n#8 0x56058ae71ec9 <unknown>\n#9 0x56058ae7291e <unknown>\n#10 0x56058b1259eb <unknown>\n#11 0x56058b129972 <unknown>\n#12 0x56058b112e15 <unknown>\n#13 0x56058b12a502 <unknown>\n#14 0x56058b0f7d2f <unknown>\n#15 0x56058b14e578 <unknown>\n#16 0x56058b14e750 <unknown>\n#17 0x56058b15e48c <unknown>\n#18 0x7ff41257fa94 <unknown>\n#19 0x7ff41260ca34 __clone","time":{"start":1722125687110,"stop":1722125731620,"duration":44510}},{"uid":"d46c47b0e0c4cba4","reportUrl":"https://robbrad.github.io/UKBinCollectionData/3.11/1994//#testresult/d46c47b0e0c4cba4","status":"failed","statusDetails":"selenium.common.exceptions.NoSuchElementException: Message: no such element: Unable to locate element: {\"method\":\"css selector\",\"selector\":\"[id=\"ContentPlaceHolderDefault_ctl13_nptLLPG2_25_addresslookup_txtTmpPostcode\"]\"}\n  (Session info: chrome-headless-shell=126.0.6478.114); For documentation on this error, please visit: https://www.selenium.dev/documentation/webdriver/troubleshooting/errors#no-such-element-exception\nStacktrace:\n#0 0x558ae511269a <unknown>\n#1 0x558ae4df50dc <unknown>\n#2 0x558ae4e41931 <unknown>\n#3 0x558ae4e41a21 <unknown>\n#4 0x558ae4e86234 <unknown>\n#5 0x558ae4e6489d <unknown>\n#6 0x558ae4e835c3 <unknown>\n#7 0x558ae4e64613 <unknown>\n#8 0x558ae4e344f7 <unknown>\n#9 0x558ae4e34e4e <unknown>\n#10 0x558ae50d886b <unknown>\n#11 0x558ae50dc911 <unknown>\n#12 0x558ae50c435e <unknown>\n#13 0x558ae50dd472 <unknown>\n#14 0x558ae50a8cbf <unknown>\n#15 0x558ae5102098 <unknown>\n#16 0x558ae5102270 <unknown>\n#17 0x558ae51117cc <unknown>\n#18 0x7fecdb8f6ac3 <unknown>","time":{"start":1722039279232,"stop":1722039331725,"duration":52493}},{"uid":"749679e4541ad1a1","reportUrl":"https://robbrad.github.io/UKBinCollectionData/3.11/1993//#testresult/749679e4541ad1a1","status":"failed","statusDetails":"selenium.common.exceptions.NoSuchElementException: Message: no such element: Unable to locate element: {\"method\":\"css selector\",\"selector\":\"[id=\"ContentPlaceHolderDefault_ctl13_nptLLPG2_25_addresslookup_txtTmpPostcode\"]\"}\n  (Session info: chrome-headless-shell=126.0.6478.114); For documentation on this error, please visit: https://www.selenium.dev/documentation/webdriver/troubleshooting/errors#no-such-element-exception\nStacktrace:\n#0 0x55558324669a <unknown>\n#1 0x555582f290dc <unknown>\n#2 0x555582f75931 <unknown>\n#3 0x555582f75a21 <unknown>\n#4 0x555582fba234 <unknown>\n#5 0x555582f9889d <unknown>\n#6 0x555582fb75c3 <unknown>\n#7 0x555582f98613 <unknown>\n#8 0x555582f684f7 <unknown>\n#9 0x555582f68e4e <unknown>\n#10 0x55558320c86b <unknown>\n#11 0x555583210911 <unknown>\n#12 0x5555831f835e <unknown>\n#13 0x555583211472 <unknown>\n#14 0x5555831dccbf <unknown>\n#15 0x555583236098 <unknown>\n#16 0x555583236270 <unknown>\n#17 0x5555832457cc <unknown>\n#18 0x7fd6e8418ac3 <unknown>","time":{"start":1721952899312,"stop":1721953005989,"duration":106677}},{"uid":"1e644365687502cc","reportUrl":"https://robbrad.github.io/UKBinCollectionData/3.11/1992//#testresult/1e644365687502cc","status":"failed","statusDetails":"selenium.common.exceptions.NoSuchElementException: Message: no such element: Unable to locate element: {\"method\":\"css selector\",\"selector\":\"[id=\"ContentPlaceHolderDefault_ctl13_nptLLPG2_25_addresslookup_txtTmpPostcode\"]\"}\n  (Session info: chrome-headless-shell=126.0.6478.114); For documentation on this error, please visit: https://www.selenium.dev/documentation/webdriver/troubleshooting/errors#no-such-element-exception\nStacktrace:\n#0 0x55fc1561269a <unknown>\n#1 0x55fc152f50dc <unknown>\n#2 0x55fc15341931 <unknown>\n#3 0x55fc15341a21 <unknown>\n#4 0x55fc15386234 <unknown>\n#5 0x55fc1536489d <unknown>\n#6 0x55fc153835c3 <unknown>\n#7 0x55fc15364613 <unknown>\n#8 0x55fc153344f7 <unknown>\n#9 0x55fc15334e4e <unknown>\n#10 0x55fc155d886b <unknown>\n#11 0x55fc155dc911 <unknown>\n#12 0x55fc155c435e <unknown>\n#13 0x55fc155dd472 <unknown>\n#14 0x55fc155a8cbf <unknown>\n#15 0x55fc15602098 <unknown>\n#16 0x55fc15602270 <unknown>\n#17 0x55fc156117cc <unknown>\n#18 0x7ff378e0dac3 <unknown>","time":{"start":1721866511963,"stop":1721866537435,"duration":25472}},{"uid":"283c12921a4b7635","reportUrl":"https://robbrad.github.io/UKBinCollectionData/3.11/1991//#testresult/283c12921a4b7635","status":"failed","statusDetails":"selenium.common.exceptions.NoSuchElementException: Message: no such element: Unable to locate element: {\"method\":\"css selector\",\"selector\":\"[id=\"ContentPlaceHolderDefault_ctl13_nptLLPG2_25_addresslookup_txtTmpPostcode\"]\"}\n  (Session info: chrome-headless-shell=126.0.6478.114); For documentation on this error, please visit: https://www.selenium.dev/documentation/webdriver/troubleshooting/errors#no-such-element-exception\nStacktrace:\n#0 0x55a9fd6f469a <unknown>\n#1 0x55a9fd3d70dc <unknown>\n#2 0x55a9fd423931 <unknown>\n#3 0x55a9fd423a21 <unknown>\n#4 0x55a9fd468234 <unknown>\n#5 0x55a9fd44689d <unknown>\n#6 0x55a9fd4655c3 <unknown>\n#7 0x55a9fd446613 <unknown>\n#8 0x55a9fd4164f7 <unknown>\n#9 0x55a9fd416e4e <unknown>\n#10 0x55a9fd6ba86b <unknown>\n#11 0x55a9fd6be911 <unknown>\n#12 0x55a9fd6a635e <unknown>\n#13 0x55a9fd6bf472 <unknown>\n#14 0x55a9fd68acbf <unknown>\n#15 0x55a9fd6e4098 <unknown>\n#16 0x55a9fd6e4270 <unknown>\n#17 0x55a9fd6f37cc <unknown>\n#18 0x7fb37a086ac3 <unknown>","time":{"start":1721780142055,"stop":1721780229129,"duration":87074}},{"uid":"71e1e82342388edc","reportUrl":"https://robbrad.github.io/UKBinCollectionData/3.11/1990//#testresult/71e1e82342388edc","status":"failed","statusDetails":"selenium.common.exceptions.NoSuchElementException: Message: no such element: Unable to locate element: {\"method\":\"css selector\",\"selector\":\"[id=\"ContentPlaceHolderDefault_ctl13_nptLLPG2_25_addresslookup_txtTmpPostcode\"]\"}\n  (Session info: chrome-headless-shell=126.0.6478.114); For documentation on this error, please visit: https://www.selenium.dev/documentation/webdriver/troubleshooting/errors#no-such-element-exception\nStacktrace:\n#0 0x55abb90a069a <unknown>\n#1 0x55abb8d830dc <unknown>\n#2 0x55abb8dcf931 <unknown>\n#3 0x55abb8dcfa21 <unknown>\n#4 0x55abb8e14234 <unknown>\n#5 0x55abb8df289d <unknown>\n#6 0x55abb8e115c3 <unknown>\n#7 0x55abb8df2613 <unknown>\n#8 0x55abb8dc24f7 <unknown>\n#9 0x55abb8dc2e4e <unknown>\n#10 0x55abb906686b <unknown>\n#11 0x55abb906a911 <unknown>\n#12 0x55abb905235e <unknown>\n#13 0x55abb906b472 <unknown>\n#14 0x55abb9036cbf <unknown>\n#15 0x55abb9090098 <unknown>\n#16 0x55abb9090270 <unknown>\n#17 0x55abb909f7cc <unknown>\n#18 0x7f62fbfacac3 <unknown>","time":{"start":1721693654177,"stop":1721693667527,"duration":13350}},{"uid":"3279329064ba5755","reportUrl":"https://robbrad.github.io/UKBinCollectionData/3.11/1989//#testresult/3279329064ba5755","status":"failed","statusDetails":"selenium.common.exceptions.NoSuchElementException: Message: no such element: Unable to locate element: {\"method\":\"css selector\",\"selector\":\"[id=\"ContentPlaceHolderDefault_ctl13_nptLLPG2_25_addresslookup_txtTmpPostcode\"]\"}\n  (Session info: chrome-headless-shell=126.0.6478.114); For documentation on this error, please visit: https://www.selenium.dev/documentation/webdriver/troubleshooting/errors#no-such-element-exception\nStacktrace:\n#0 0x5622436a669a <unknown>\n#1 0x5622433890dc <unknown>\n#2 0x5622433d5931 <unknown>\n#3 0x5622433d5a21 <unknown>\n#4 0x56224341a234 <unknown>\n#5 0x5622433f889d <unknown>\n#6 0x5622434175c3 <unknown>\n#7 0x5622433f8613 <unknown>\n#8 0x5622433c84f7 <unknown>\n#9 0x5622433c8e4e <unknown>\n#10 0x56224366c86b <unknown>\n#11 0x562243670911 <unknown>\n#12 0x56224365835e <unknown>\n#13 0x562243671472 <unknown>\n#14 0x56224363ccbf <unknown>\n#15 0x562243696098 <unknown>\n#16 0x562243696270 <unknown>\n#17 0x5622436a57cc <unknown>\n#18 0x7fbe6ec82ac3 <unknown>","time":{"start":1721607258162,"stop":1721607285667,"duration":27505}},{"uid":"8237f278d8fd14ef","reportUrl":"https://robbrad.github.io/UKBinCollectionData/3.11/1988//#testresult/8237f278d8fd14ef","status":"failed","statusDetails":"selenium.common.exceptions.NoSuchElementException: Message: no such element: Unable to locate element: {\"method\":\"css selector\",\"selector\":\"[id=\"ContentPlaceHolderDefault_ctl13_nptLLPG2_25_addresslookup_txtTmpPostcode\"]\"}\n  (Session info: chrome-headless-shell=126.0.6478.114); For documentation on this error, please visit: https://www.selenium.dev/documentation/webdriver/troubleshooting/errors#no-such-element-exception\nStacktrace:\n#0 0x56351aa9769a <unknown>\n#1 0x56351a77a0dc <unknown>\n#2 0x56351a7c6931 <unknown>\n#3 0x56351a7c6a21 <unknown>\n#4 0x56351a80b234 <unknown>\n#5 0x56351a7e989d <unknown>\n#6 0x56351a8085c3 <unknown>\n#7 0x56351a7e9613 <unknown>\n#8 0x56351a7b94f7 <unknown>\n#9 0x56351a7b9e4e <unknown>\n#10 0x56351aa5d86b <unknown>\n#11 0x56351aa61911 <unknown>\n#12 0x56351aa4935e <unknown>\n#13 0x56351aa62472 <unknown>\n#14 0x56351aa2dcbf <unknown>\n#15 0x56351aa87098 <unknown>\n#16 0x56351aa87270 <unknown>\n#17 0x56351aa967cc <unknown>\n#18 0x7f7eeeff4ac3 <unknown>","time":{"start":1721520867915,"stop":1721520941921,"duration":74006}},{"uid":"609bcd8ee685c91e","reportUrl":"https://robbrad.github.io/UKBinCollectionData/3.11/1987//#testresult/609bcd8ee685c91e","status":"failed","statusDetails":"selenium.common.exceptions.NoSuchElementException: Message: no such element: Unable to locate element: {\"method\":\"css selector\",\"selector\":\"[id=\"ContentPlaceHolderDefault_ctl13_nptLLPG2_25_addresslookup_txtTmpPostcode\"]\"}\n  (Session info: chrome-headless-shell=126.0.6478.114); For documentation on this error, please visit: https://www.selenium.dev/documentation/webdriver/troubleshooting/errors#no-such-element-exception\nStacktrace:\n#0 0x5627aac2e69a <unknown>\n#1 0x5627aa9110dc <unknown>\n#2 0x5627aa95d931 <unknown>\n#3 0x5627aa95da21 <unknown>\n#4 0x5627aa9a2234 <unknown>\n#5 0x5627aa98089d <unknown>\n#6 0x5627aa99f5c3 <unknown>\n#7 0x5627aa980613 <unknown>\n#8 0x5627aa9504f7 <unknown>\n#9 0x5627aa950e4e <unknown>\n#10 0x5627aabf486b <unknown>\n#11 0x5627aabf8911 <unknown>\n#12 0x5627aabe035e <unknown>\n#13 0x5627aabf9472 <unknown>\n#14 0x5627aabc4cbf <unknown>\n#15 0x5627aac1e098 <unknown>\n#16 0x5627aac1e270 <unknown>\n#17 0x5627aac2d7cc <unknown>\n#18 0x7f23e329fac3 <unknown>","time":{"start":1721434468360,"stop":1721434481152,"duration":12792}},{"uid":"e861403869678cb1","reportUrl":"https://robbrad.github.io/UKBinCollectionData/3.11/1986//#testresult/e861403869678cb1","status":"failed","statusDetails":"selenium.common.exceptions.NoSuchElementException: Message: no such element: Unable to locate element: {\"method\":\"css selector\",\"selector\":\"[id=\"ContentPlaceHolderDefault_ctl13_nptLLPG2_25_addresslookup_txtTmpPostcode\"]\"}\n  (Session info: chrome-headless-shell=126.0.6478.114); For documentation on this error, please visit: https://www.selenium.dev/documentation/webdriver/troubleshooting/errors#no-such-element-exception\nStacktrace:\n#0 0x555c62f6969a <unknown>\n#1 0x555c62c4c0dc <unknown>\n#2 0x555c62c98931 <unknown>\n#3 0x555c62c98a21 <unknown>\n#4 0x555c62cdd234 <unknown>\n#5 0x555c62cbb89d <unknown>\n#6 0x555c62cda5c3 <unknown>\n#7 0x555c62cbb613 <unknown>\n#8 0x555c62c8b4f7 <unknown>\n#9 0x555c62c8be4e <unknown>\n#10 0x555c62f2f86b <unknown>\n#11 0x555c62f33911 <unknown>\n#12 0x555c62f1b35e <unknown>\n#13 0x555c62f34472 <unknown>\n#14 0x555c62effcbf <unknown>\n#15 0x555c62f59098 <unknown>\n#16 0x555c62f59270 <unknown>\n#17 0x555c62f687cc <unknown>\n#18 0x7fc9b559dac3 <unknown>","time":{"start":1721372602257,"stop":1721372652861,"duration":50604}},{"uid":"35138c07e6dc77dd","reportUrl":"https://robbrad.github.io/UKBinCollectionData/3.11/1985//#testresult/35138c07e6dc77dd","status":"failed","statusDetails":"selenium.common.exceptions.NoSuchElementException: Message: no such element: Unable to locate element: {\"method\":\"css selector\",\"selector\":\"[id=\"ContentPlaceHolderDefault_ctl13_nptLLPG2_25_addresslookup_txtTmpPostcode\"]\"}\n  (Session info: chrome-headless-shell=126.0.6478.114); For documentation on this error, please visit: https://www.selenium.dev/documentation/webdriver/troubleshooting/errors#no-such-element-exception\nStacktrace:\n#0 0x55dd2d34769a <unknown>\n#1 0x55dd2d02a0dc <unknown>\n#2 0x55dd2d076931 <unknown>\n#3 0x55dd2d076a21 <unknown>\n#4 0x55dd2d0bb234 <unknown>\n#5 0x55dd2d09989d <unknown>\n#6 0x55dd2d0b85c3 <unknown>\n#7 0x55dd2d099613 <unknown>\n#8 0x55dd2d0694f7 <unknown>\n#9 0x55dd2d069e4e <unknown>\n#10 0x55dd2d30d86b <unknown>\n#11 0x55dd2d311911 <unknown>\n#12 0x55dd2d2f935e <unknown>\n#13 0x55dd2d312472 <unknown>\n#14 0x55dd2d2ddcbf <unknown>\n#15 0x55dd2d337098 <unknown>\n#16 0x55dd2d337270 <unknown>\n#17 0x55dd2d3467cc <unknown>\n#18 0x7fa477656ac3 <unknown>","time":{"start":1721263507088,"stop":1721263588752,"duration":81664}},{"uid":"3162a65d8b62632e","reportUrl":"https://robbrad.github.io/UKBinCollectionData/3.11/1984//#testresult/3162a65d8b62632e","status":"failed","statusDetails":"selenium.common.exceptions.TimeoutException: Message: \nStacktrace:\n#0 0x5615053fb69a <unknown>\n#1 0x5615050de0dc <unknown>\n#2 0x56150512a931 <unknown>\n#3 0x56150512aa21 <unknown>\n#4 0x56150516f234 <unknown>\n#5 0x56150514d89d <unknown>\n#6 0x56150516c5c3 <unknown>\n#7 0x56150514d613 <unknown>\n#8 0x56150511d4f7 <unknown>\n#9 0x56150511de4e <unknown>\n#10 0x5615053c186b <unknown>\n#11 0x5615053c5911 <unknown>\n#12 0x5615053ad35e <unknown>\n#13 0x5615053c6472 <unknown>\n#14 0x561505391cbf <unknown>\n#15 0x5615053eb098 <unknown>\n#16 0x5615053eb270 <unknown>\n#17 0x5615053fa7cc <unknown>\n#18 0x7f2f37baeac3 <unknown>","time":{"start":1721176995815,"stop":1721177079966,"duration":84151}},{"uid":"51e6fb17d9ca7682","reportUrl":"https://robbrad.github.io/UKBinCollectionData/3.11/1983//#testresult/51e6fb17d9ca7682","status":"failed","statusDetails":"selenium.common.exceptions.TimeoutException: Message: \nStacktrace:\n#0 0x55fedc68069a <unknown>\n#1 0x55fedc3630dc <unknown>\n#2 0x55fedc3af931 <unknown>\n#3 0x55fedc3afa21 <unknown>\n#4 0x55fedc3f4234 <unknown>\n#5 0x55fedc3d289d <unknown>\n#6 0x55fedc3f15c3 <unknown>\n#7 0x55fedc3d2613 <unknown>\n#8 0x55fedc3a24f7 <unknown>\n#9 0x55fedc3a2e4e <unknown>\n#10 0x55fedc64686b <unknown>\n#11 0x55fedc64a911 <unknown>\n#12 0x55fedc63235e <unknown>\n#13 0x55fedc64b472 <unknown>\n#14 0x55fedc616cbf <unknown>\n#15 0x55fedc670098 <unknown>\n#16 0x55fedc670270 <unknown>\n#17 0x55fedc67f7cc <unknown>\n#18 0x7f8931ac2ac3 <unknown>","time":{"start":1721090629198,"stop":1721090661043,"duration":31845}},{"uid":"981ed5a363346bd0","reportUrl":"https://robbrad.github.io/UKBinCollectionData/3.11/1982//#testresult/981ed5a363346bd0","status":"failed","statusDetails":"selenium.common.exceptions.NoSuchElementException: Message: no such element: Unable to locate element: {\"method\":\"css selector\",\"selector\":\"[id=\"ContentPlaceHolderDefault_ctl13_nptLLPG2_25_addresslookup_txtTmpPostcode\"]\"}\n  (Session info: chrome-headless-shell=126.0.6478.114); For documentation on this error, please visit: https://www.selenium.dev/documentation/webdriver/troubleshooting/errors#no-such-element-exception\nStacktrace:\n#0 0x55b9dde2569a <unknown>\n#1 0x55b9ddb080dc <unknown>\n#2 0x55b9ddb54931 <unknown>\n#3 0x55b9ddb54a21 <unknown>\n#4 0x55b9ddb99234 <unknown>\n#5 0x55b9ddb7789d <unknown>\n#6 0x55b9ddb965c3 <unknown>\n#7 0x55b9ddb77613 <unknown>\n#8 0x55b9ddb474f7 <unknown>\n#9 0x55b9ddb47e4e <unknown>\n#10 0x55b9dddeb86b <unknown>\n#11 0x55b9dddef911 <unknown>\n#12 0x55b9dddd735e <unknown>\n#13 0x55b9dddf0472 <unknown>\n#14 0x55b9dddbbcbf <unknown>\n#15 0x55b9dde15098 <unknown>\n#16 0x55b9dde15270 <unknown>\n#17 0x55b9dde247cc <unknown>\n#18 0x7f1c51ec5ac3 <unknown>","time":{"start":1721004271185,"stop":1721004381081,"duration":109896}},{"uid":"27962b684a854015","reportUrl":"https://robbrad.github.io/UKBinCollectionData/3.11/1981//#testresult/27962b684a854015","status":"failed","statusDetails":"selenium.common.exceptions.NoSuchElementException: Message: no such element: Unable to locate element: {\"method\":\"css selector\",\"selector\":\"[id=\"ContentPlaceHolderDefault_ctl13_nptLLPG2_25_addresslookup_txtTmpPostcode\"]\"}\n  (Session info: chrome-headless-shell=126.0.6478.114); For documentation on this error, please visit: https://www.selenium.dev/documentation/webdriver/troubleshooting/errors#no-such-element-exception\nStacktrace:\n#0 0x564b4f3f569a <unknown>\n#1 0x564b4f0d80dc <unknown>\n#2 0x564b4f124931 <unknown>\n#3 0x564b4f124a21 <unknown>\n#4 0x564b4f169234 <unknown>\n#5 0x564b4f14789d <unknown>\n#6 0x564b4f1665c3 <unknown>\n#7 0x564b4f147613 <unknown>\n#8 0x564b4f1174f7 <unknown>\n#9 0x564b4f117e4e <unknown>\n#10 0x564b4f3bb86b <unknown>\n#11 0x564b4f3bf911 <unknown>\n#12 0x564b4f3a735e <unknown>\n#13 0x564b4f3c0472 <unknown>\n#14 0x564b4f38bcbf <unknown>\n#15 0x564b4f3e5098 <unknown>\n#16 0x564b4f3e5270 <unknown>\n#17 0x564b4f3f47cc <unknown>\n#18 0x7f68af5e6ac3 <unknown>","time":{"start":1720917964338,"stop":1720918056590,"duration":92252}},{"uid":"732d0804dfd6e871","reportUrl":"https://robbrad.github.io/UKBinCollectionData/3.11/1980//#testresult/732d0804dfd6e871","status":"failed","statusDetails":"selenium.common.exceptions.NoSuchElementException: Message: no such element: Unable to locate element: {\"method\":\"css selector\",\"selector\":\"[id=\"ContentPlaceHolderDefault_ctl13_nptLLPG2_25_addresslookup_txtTmpPostcode\"]\"}\n  (Session info: chrome-headless-shell=126.0.6478.114); For documentation on this error, please visit: https://www.selenium.dev/documentation/webdriver/troubleshooting/errors#no-such-element-exception\nStacktrace:\n#0 0x5633a9aa369a <unknown>\n#1 0x5633a97860dc <unknown>\n#2 0x5633a97d2931 <unknown>\n#3 0x5633a97d2a21 <unknown>\n#4 0x5633a9817234 <unknown>\n#5 0x5633a97f589d <unknown>\n#6 0x5633a98145c3 <unknown>\n#7 0x5633a97f5613 <unknown>\n#8 0x5633a97c54f7 <unknown>\n#9 0x5633a97c5e4e <unknown>\n#10 0x5633a9a6986b <unknown>\n#11 0x5633a9a6d911 <unknown>\n#12 0x5633a9a5535e <unknown>\n#13 0x5633a9a6e472 <unknown>\n#14 0x5633a9a39cbf <unknown>\n#15 0x5633a9a93098 <unknown>\n#16 0x5633a9a93270 <unknown>\n#17 0x5633a9aa27cc <unknown>\n#18 0x7fce069f2ac3 <unknown>","time":{"start":1720831338235,"stop":1720831440354,"duration":102119}},{"uid":"8259822aa821e421","reportUrl":"https://robbrad.github.io/UKBinCollectionData/3.11/1979//#testresult/8259822aa821e421","status":"failed","statusDetails":"selenium.common.exceptions.NoSuchElementException: Message: no such element: Unable to locate element: {\"method\":\"css selector\",\"selector\":\"[id=\"ContentPlaceHolderDefault_ctl13_nptLLPG2_25_addresslookup_txtTmpPostcode\"]\"}\n  (Session info: chrome-headless-shell=126.0.6478.114); For documentation on this error, please visit: https://www.selenium.dev/documentation/webdriver/troubleshooting/errors#no-such-element-exception\nStacktrace:\n#0 0x55b6577d569a <unknown>\n#1 0x55b6574b80dc <unknown>\n#2 0x55b657504931 <unknown>\n#3 0x55b657504a21 <unknown>\n#4 0x55b657549234 <unknown>\n#5 0x55b65752789d <unknown>\n#6 0x55b6575465c3 <unknown>\n#7 0x55b657527613 <unknown>\n#8 0x55b6574f74f7 <unknown>\n#9 0x55b6574f7e4e <unknown>\n#10 0x55b65779b86b <unknown>\n#11 0x55b65779f911 <unknown>\n#12 0x55b65778735e <unknown>\n#13 0x55b6577a0472 <unknown>\n#14 0x55b65776bcbf <unknown>\n#15 0x55b6577c5098 <unknown>\n#16 0x55b6577c5270 <unknown>\n#17 0x55b6577d47cc <unknown>\n#18 0x7f0d4e5f2ac3 <unknown>","time":{"start":1720744871713,"stop":1720744896066,"duration":24353}},{"uid":"89351716b381e630","reportUrl":"https://robbrad.github.io/UKBinCollectionData/3.11/1978//#testresult/89351716b381e630","status":"failed","statusDetails":"selenium.common.exceptions.NoSuchElementException: Message: no such element: Unable to locate element: {\"method\":\"css selector\",\"selector\":\"[id=\"ContentPlaceHolderDefault_ctl13_nptLLPG2_25_addresslookup_txtTmpPostcode\"]\"}\n  (Session info: chrome-headless-shell=126.0.6478.114); For documentation on this error, please visit: https://www.selenium.dev/documentation/webdriver/troubleshooting/errors#no-such-element-exception\nStacktrace:\n#0 0x55d0c96bc69a <unknown>\n#1 0x55d0c939f0dc <unknown>\n#2 0x55d0c93eb931 <unknown>\n#3 0x55d0c93eba21 <unknown>\n#4 0x55d0c9430234 <unknown>\n#5 0x55d0c940e89d <unknown>\n#6 0x55d0c942d5c3 <unknown>\n#7 0x55d0c940e613 <unknown>\n#8 0x55d0c93de4f7 <unknown>\n#9 0x55d0c93dee4e <unknown>\n#10 0x55d0c968286b <unknown>\n#11 0x55d0c9686911 <unknown>\n#12 0x55d0c966e35e <unknown>\n#13 0x55d0c9687472 <unknown>\n#14 0x55d0c9652cbf <unknown>\n#15 0x55d0c96ac098 <unknown>\n#16 0x55d0c96ac270 <unknown>\n#17 0x55d0c96bb7cc <unknown>\n#18 0x7fb48c030ac3 <unknown>","time":{"start":1720658592780,"stop":1720658670397,"duration":77617}},{"uid":"621c886290b7f5b9","reportUrl":"https://robbrad.github.io/UKBinCollectionData/3.11/1977//#testresult/621c886290b7f5b9","status":"failed","statusDetails":"selenium.common.exceptions.NoSuchElementException: Message: no such element: Unable to locate element: {\"method\":\"css selector\",\"selector\":\"[id=\"ContentPlaceHolderDefault_ctl13_nptLLPG2_25_addresslookup_txtTmpPostcode\"]\"}\n  (Session info: chrome-headless-shell=126.0.6478.114); For documentation on this error, please visit: https://www.selenium.dev/documentation/webdriver/troubleshooting/errors#no-such-element-exception\nStacktrace:\n#0 0x55b73217369a <unknown>\n#1 0x55b731e560dc <unknown>\n#2 0x55b731ea2931 <unknown>\n#3 0x55b731ea2a21 <unknown>\n#4 0x55b731ee7234 <unknown>\n#5 0x55b731ec589d <unknown>\n#6 0x55b731ee45c3 <unknown>\n#7 0x55b731ec5613 <unknown>\n#8 0x55b731e954f7 <unknown>\n#9 0x55b731e95e4e <unknown>\n#10 0x55b73213986b <unknown>\n#11 0x55b73213d911 <unknown>\n#12 0x55b73212535e <unknown>\n#13 0x55b73213e472 <unknown>\n#14 0x55b732109cbf <unknown>\n#15 0x55b732163098 <unknown>\n#16 0x55b732163270 <unknown>\n#17 0x55b7321727cc <unknown>\n#18 0x7f85e770dac3 <unknown>","time":{"start":1720572242562,"stop":1720572263646,"duration":21084}},{"uid":"30ae1aae3e4f93bd","reportUrl":"https://robbrad.github.io/UKBinCollectionData/3.11/1976//#testresult/30ae1aae3e4f93bd","status":"failed","statusDetails":"selenium.common.exceptions.NoSuchElementException: Message: no such element: Unable to locate element: {\"method\":\"css selector\",\"selector\":\"[id=\"ContentPlaceHolderDefault_ctl13_nptLLPG2_25_addresslookup_txtTmpPostcode\"]\"}\n  (Session info: chrome-headless-shell=126.0.6478.114); For documentation on this error, please visit: https://www.selenium.dev/documentation/webdriver/troubleshooting/errors#no-such-element-exception\nStacktrace:\n#0 0x55fd41b7369a <unknown>\n#1 0x55fd418560dc <unknown>\n#2 0x55fd418a2931 <unknown>\n#3 0x55fd418a2a21 <unknown>\n#4 0x55fd418e7234 <unknown>\n#5 0x55fd418c589d <unknown>\n#6 0x55fd418e45c3 <unknown>\n#7 0x55fd418c5613 <unknown>\n#8 0x55fd418954f7 <unknown>\n#9 0x55fd41895e4e <unknown>\n#10 0x55fd41b3986b <unknown>\n#11 0x55fd41b3d911 <unknown>\n#12 0x55fd41b2535e <unknown>\n#13 0x55fd41b3e472 <unknown>\n#14 0x55fd41b09cbf <unknown>\n#15 0x55fd41b63098 <unknown>\n#16 0x55fd41b63270 <unknown>\n#17 0x55fd41b727cc <unknown>\n#18 0x7f4e40ac7ac3 <unknown>","time":{"start":1720485459576,"stop":1720485492620,"duration":33044}}]},"tags":[]},"source":"39cfa61e686c5df6.json","parameterValues":["NeathPortTalbotCouncil"]}