{"uid":"9ef62b5c9b32eb71","name":"Validate Council Output [HounslowCouncil]","fullName":"features/validate_council_outputs.feature:Validate Council Output","historyId":"aac44c456757cf049173908c3c74b9ca","time":{"start":1717806815733,"stop":1717807108812,"duration":293079},"status":"failed","statusMessage":"selenium.common.exceptions.TimeoutException: Message: \nStacktrace:\n#0 0x55b64b982e9a <unknown>\n#1 0x55b64b66c45c <unknown>\n#2 0x55b64b6b85b5 <unknown>\n#3 0x55b64b6b8671 <unknown>\n#4 0x55b64b6fcf14 <unknown>\n#5 0x55b64b6db4dd <unknown>\n#6 0x55b64b6fa2cc <unknown>\n#7 0x55b64b6db253 <unknown>\n#8 0x55b64b6ab1c7 <unknown>\n#9 0x55b64b6abb3e <unknown>\n#10 0x55b64b9492db <unknown>\n#11 0x55b64b94d387 <unknown>\n#12 0x55b64b935e0e <unknown>\n#13 0x55b64b94de52 <unknown>\n#14 0x55b64b91a7af <unknown>\n#15 0x55b64b972188 <unknown>\n#16 0x55b64b97235b <unknown>\n#17 0x55b64b981fcc <unknown>\n#18 0x7f933fcfbac3 <unknown>","statusTrace":"fixturefunc = <function scrape_step at 0x7f6775d3c220>\nrequest = <FixtureRequest for <Function test_scenario_outline[HounslowCouncil]>>\nkwargs = {'context': <test_validate_council.Context object at 0x7f67772e0aa0>, 'headless_mode': 'True', 'local_browser': 'False', 'selenium_url': 'http://localhost:4444'}\n\n    def call_fixture_func(\n        fixturefunc: \"_FixtureFunc[FixtureValue]\", request: FixtureRequest, kwargs\n    ) -> FixtureValue:\n        if is_generator(fixturefunc):\n            fixturefunc = cast(\n                Callable[..., Generator[FixtureValue, None, None]], fixturefunc\n            )\n            generator = fixturefunc(**kwargs)\n            try:\n                fixture_result = next(generator)\n            except StopIteration:\n                raise ValueError(f\"{request.fixturename} did not yield a value\") from None\n            finalizer = functools.partial(_teardown_yield_fixture, fixturefunc, generator)\n            request.addfinalizer(finalizer)\n        else:\n            fixturefunc = cast(Callable[..., FixtureValue], fixturefunc)\n>           fixture_result = fixturefunc(**kwargs)\n\n../../../.cache/pypoetry/virtualenvs/uk-bin-collection-EwS6Gn8s-py3.12/lib/python3.12/site-packages/_pytest/fixtures.py:887: \n_ _ _ _ _ _ _ _ _ _ _ _ _ _ _ _ _ _ _ _ _ _ _ _ _ _ _ _ _ _ _ _ _ _ _ _ _ _ _ _ \nuk_bin_collection/tests/step_defs/test_validate_council.py:100: in scrape_step\n    context.parse_result = CollectData.run()\nuk_bin_collection/uk_bin_collection/collect_data.py:102: in run\n    return self.client_code(\nuk_bin_collection/uk_bin_collection/collect_data.py:121: in client_code\n    return get_bin_data_class.template_method(address_url, **kwargs)\nuk_bin_collection/uk_bin_collection/get_bin_data.py:80: in template_method\n    bin_data_dict = self.parse_data(\nuk_bin_collection/uk_bin_collection/councils/HounslowCouncil.py:65: in parse_data\n    inputElement_select_address = wait.until(\n_ _ _ _ _ _ _ _ _ _ _ _ _ _ _ _ _ _ _ _ _ _ _ _ _ _ _ _ _ _ _ _ _ _ _ _ _ _ _ _ \n\nself = <selenium.webdriver.support.wait.WebDriverWait (session=\"39d89d9616eb7da5fd492a4830391ad7\")>\nmethod = <function element_to_be_clickable.<locals>._predicate at 0x7f6788548ea0>\nmessage = ''\n\n    def until(self, method: Callable[[D], Union[Literal[False], T]], message: str = \"\") -> T:\n        \"\"\"Calls the method provided with the driver as an argument until the \\\n        return value does not evaluate to ``False``.\n    \n        :param method: callable(WebDriver)\n        :param message: optional message for :exc:`TimeoutException`\n        :returns: the result of the last call to `method`\n        :raises: :exc:`selenium.common.exceptions.TimeoutException` if timeout occurs\n        \"\"\"\n        screen = None\n        stacktrace = None\n    \n        end_time = time.monotonic() + self._timeout\n        while True:\n            try:\n                value = method(self._driver)\n                if value:\n                    return value\n            except self._ignored_exceptions as exc:\n                screen = getattr(exc, \"screen\", None)\n                stacktrace = getattr(exc, \"stacktrace\", None)\n            time.sleep(self._poll)\n            if time.monotonic() > end_time:\n                break\n>       raise TimeoutException(message, screen, stacktrace)\nE       selenium.common.exceptions.TimeoutException: Message: \nE       Stacktrace:\nE       #0 0x55b64b982e9a <unknown>\nE       #1 0x55b64b66c45c <unknown>\nE       #2 0x55b64b6b85b5 <unknown>\nE       #3 0x55b64b6b8671 <unknown>\nE       #4 0x55b64b6fcf14 <unknown>\nE       #5 0x55b64b6db4dd <unknown>\nE       #6 0x55b64b6fa2cc <unknown>\nE       #7 0x55b64b6db253 <unknown>\nE       #8 0x55b64b6ab1c7 <unknown>\nE       #9 0x55b64b6abb3e <unknown>\nE       #10 0x55b64b9492db <unknown>\nE       #11 0x55b64b94d387 <unknown>\nE       #12 0x55b64b935e0e <unknown>\nE       #13 0x55b64b94de52 <unknown>\nE       #14 0x55b64b91a7af <unknown>\nE       #15 0x55b64b972188 <unknown>\nE       #16 0x55b64b97235b <unknown>\nE       #17 0x55b64b981fcc <unknown>\nE       #18 0x7f933fcfbac3 <unknown>\n\n../../../.cache/pypoetry/virtualenvs/uk-bin-collection-EwS6Gn8s-py3.12/lib/python3.12/site-packages/selenium/webdriver/support/wait.py:105: TimeoutException","flaky":false,"newFailed":true,"newBroken":false,"newPassed":false,"retriesCount":0,"retriesStatusChange":false,"beforeStages":[],"testStage":{"status":"failed","statusMessage":"selenium.common.exceptions.TimeoutException: Message: \nStacktrace:\n#0 0x55b64b982e9a <unknown>\n#1 0x55b64b66c45c <unknown>\n#2 0x55b64b6b85b5 <unknown>\n#3 0x55b64b6b8671 <unknown>\n#4 0x55b64b6fcf14 <unknown>\n#5 0x55b64b6db4dd <unknown>\n#6 0x55b64b6fa2cc <unknown>\n#7 0x55b64b6db253 <unknown>\n#8 0x55b64b6ab1c7 <unknown>\n#9 0x55b64b6abb3e <unknown>\n#10 0x55b64b9492db <unknown>\n#11 0x55b64b94d387 <unknown>\n#12 0x55b64b935e0e <unknown>\n#13 0x55b64b94de52 <unknown>\n#14 0x55b64b91a7af <unknown>\n#15 0x55b64b972188 <unknown>\n#16 0x55b64b97235b <unknown>\n#17 0x55b64b981fcc <unknown>\n#18 0x7f933fcfbac3 <unknown>","statusTrace":"fixturefunc = <function scrape_step at 0x7f6775d3c220>\nrequest = <FixtureRequest for <Function test_scenario_outline[HounslowCouncil]>>\nkwargs = {'context': <test_validate_council.Context object at 0x7f67772e0aa0>, 'headless_mode': 'True', 'local_browser': 'False', 'selenium_url': 'http://localhost:4444'}\n\n    def call_fixture_func(\n        fixturefunc: \"_FixtureFunc[FixtureValue]\", request: FixtureRequest, kwargs\n    ) -> FixtureValue:\n        if is_generator(fixturefunc):\n            fixturefunc = cast(\n                Callable[..., Generator[FixtureValue, None, None]], fixturefunc\n            )\n            generator = fixturefunc(**kwargs)\n            try:\n                fixture_result = next(generator)\n            except StopIteration:\n                raise ValueError(f\"{request.fixturename} did not yield a value\") from None\n            finalizer = functools.partial(_teardown_yield_fixture, fixturefunc, generator)\n            request.addfinalizer(finalizer)\n        else:\n            fixturefunc = cast(Callable[..., FixtureValue], fixturefunc)\n>           fixture_result = fixturefunc(**kwargs)\n\n../../../.cache/pypoetry/virtualenvs/uk-bin-collection-EwS6Gn8s-py3.12/lib/python3.12/site-packages/_pytest/fixtures.py:887: \n_ _ _ _ _ _ _ _ _ _ _ _ _ _ _ _ _ _ _ _ _ _ _ _ _ _ _ _ _ _ _ _ _ _ _ _ _ _ _ _ \nuk_bin_collection/tests/step_defs/test_validate_council.py:100: in scrape_step\n    context.parse_result = CollectData.run()\nuk_bin_collection/uk_bin_collection/collect_data.py:102: in run\n    return self.client_code(\nuk_bin_collection/uk_bin_collection/collect_data.py:121: in client_code\n    return get_bin_data_class.template_method(address_url, **kwargs)\nuk_bin_collection/uk_bin_collection/get_bin_data.py:80: in template_method\n    bin_data_dict = self.parse_data(\nuk_bin_collection/uk_bin_collection/councils/HounslowCouncil.py:65: in parse_data\n    inputElement_select_address = wait.until(\n_ _ _ _ _ _ _ _ _ _ _ _ _ _ _ _ _ _ _ _ _ _ _ _ _ _ _ _ _ _ _ _ _ _ _ _ _ _ _ _ \n\nself = <selenium.webdriver.support.wait.WebDriverWait (session=\"39d89d9616eb7da5fd492a4830391ad7\")>\nmethod = <function element_to_be_clickable.<locals>._predicate at 0x7f6788548ea0>\nmessage = ''\n\n    def until(self, method: Callable[[D], Union[Literal[False], T]], message: str = \"\") -> T:\n        \"\"\"Calls the method provided with the driver as an argument until the \\\n        return value does not evaluate to ``False``.\n    \n        :param method: callable(WebDriver)\n        :param message: optional message for :exc:`TimeoutException`\n        :returns: the result of the last call to `method`\n        :raises: :exc:`selenium.common.exceptions.TimeoutException` if timeout occurs\n        \"\"\"\n        screen = None\n        stacktrace = None\n    \n        end_time = time.monotonic() + self._timeout\n        while True:\n            try:\n                value = method(self._driver)\n                if value:\n                    return value\n            except self._ignored_exceptions as exc:\n                screen = getattr(exc, \"screen\", None)\n                stacktrace = getattr(exc, \"stacktrace\", None)\n            time.sleep(self._poll)\n            if time.monotonic() > end_time:\n                break\n>       raise TimeoutException(message, screen, stacktrace)\nE       selenium.common.exceptions.TimeoutException: Message: \nE       Stacktrace:\nE       #0 0x55b64b982e9a <unknown>\nE       #1 0x55b64b66c45c <unknown>\nE       #2 0x55b64b6b85b5 <unknown>\nE       #3 0x55b64b6b8671 <unknown>\nE       #4 0x55b64b6fcf14 <unknown>\nE       #5 0x55b64b6db4dd <unknown>\nE       #6 0x55b64b6fa2cc <unknown>\nE       #7 0x55b64b6db253 <unknown>\nE       #8 0x55b64b6ab1c7 <unknown>\nE       #9 0x55b64b6abb3e <unknown>\nE       #10 0x55b64b9492db <unknown>\nE       #11 0x55b64b94d387 <unknown>\nE       #12 0x55b64b935e0e <unknown>\nE       #13 0x55b64b94de52 <unknown>\nE       #14 0x55b64b91a7af <unknown>\nE       #15 0x55b64b972188 <unknown>\nE       #16 0x55b64b97235b <unknown>\nE       #17 0x55b64b981fcc <unknown>\nE       #18 0x7f933fcfbac3 <unknown>\n\n../../../.cache/pypoetry/virtualenvs/uk-bin-collection-EwS6Gn8s-py3.12/lib/python3.12/site-packages/selenium/webdriver/support/wait.py:105: TimeoutException","steps":[{"name":"Given the council","time":{"start":1717806815733,"stop":1717806815734,"duration":1},"status":"passed","steps":[],"attachments":[],"parameters":[],"shouldDisplayMessage":false,"stepsCount":0,"attachmentsCount":0,"hasContent":false,"attachmentStep":false},{"name":"When we scrape the data from the council","time":{"start":1717806815734,"stop":1717807108812,"duration":293078},"status":"failed","statusMessage":"Message: \nStacktrace:\n#0 0x55b64b982e9a <unknown>\n#1 0x55b64b66c45c <unknown>\n#2 0x55b64b6b85b5 <unknown>\n#3 0x55b64b6b8671 <unknown>\n#4 0x55b64b6fcf14 <unknown>\n#5 0x55b64b6db4dd <unknown>\n#6 0x55b64b6fa2cc <unknown>\n#7 0x55b64b6db253 <unknown>\n#8 0x55b64b6ab1c7 <unknown>\n#9 0x55b64b6abb3e <unknown>\n#10 0x55b64b9492db <unknown>\n#11 0x55b64b94d387 <unknown>\n#12 0x55b64b935e0e <unknown>\n#13 0x55b64b94de52 <unknown>\n#14 0x55b64b91a7af <unknown>\n#15 0x55b64b972188 <unknown>\n#16 0x55b64b97235b <unknown>\n#17 0x55b64b981fcc <unknown>\n#18 0x7f933fcfbac3 <unknown>\n","statusTrace":"selenium.common.exceptions.TimeoutException: Message: \nStacktrace:\n#0 0x55b64b982e9a <unknown>\n#1 0x55b64b66c45c <unknown>\n#2 0x55b64b6b85b5 <unknown>\n#3 0x55b64b6b8671 <unknown>\n#4 0x55b64b6fcf14 <unknown>\n#5 0x55b64b6db4dd <unknown>\n#6 0x55b64b6fa2cc <unknown>\n#7 0x55b64b6db253 <unknown>\n#8 0x55b64b6ab1c7 <unknown>\n#9 0x55b64b6abb3e <unknown>\n#10 0x55b64b9492db <unknown>\n#11 0x55b64b94d387 <unknown>\n#12 0x55b64b935e0e <unknown>\n#13 0x55b64b94de52 <unknown>\n#14 0x55b64b91a7af <unknown>\n#15 0x55b64b972188 <unknown>\n#16 0x55b64b97235b <unknown>\n#17 0x55b64b981fcc <unknown>\n#18 0x7f933fcfbac3 <unknown>\n\n","steps":[],"attachments":[],"parameters":[],"shouldDisplayMessage":true,"stepsCount":0,"attachmentsCount":0,"hasContent":true,"attachmentStep":false}],"attachments":[{"uid":"7bf296ef71b33d0b","name":"stdout","source":"7bf296ef71b33d0b.txt","type":"text/plain","size":625}],"parameters":[],"shouldDisplayMessage":true,"stepsCount":2,"attachmentsCount":1,"hasContent":true,"attachmentStep":false},"afterStages":[],"labels":[{"name":"host","value":"fv-az568-467"},{"name":"thread","value":"2694-MainThread"},{"name":"framework","value":"pytest-bdd"},{"name":"language","value":"cpython3"},{"name":"feature","value":"Test each council output matches expected results"},{"name":"resultFormat","value":"allure2"}],"parameters":[{"name":"council","value":"HounslowCouncil"}],"links":[],"hidden":false,"retry":false,"extra":{"severity":"normal","retries":[],"categories":[{"name":"Product defects","matchedStatuses":[],"flaky":false}],"history":{"statistic":{"failed":1,"broken":0,"skipped":0,"passed":12,"unknown":0,"total":13},"items":[{"uid":"f0f61247b8e52b1f","reportUrl":"https://robbrad.github.io/UKBinCollectionData/3.12/1932//#testresult/f0f61247b8e52b1f","status":"passed","time":{"start":1717720356252,"stop":1717720603066,"duration":246814}},{"uid":"c185628ad9f9347c","reportUrl":"https://robbrad.github.io/UKBinCollectionData/3.12/1927//#testresult/c185628ad9f9347c","status":"passed","time":{"start":1717634091176,"stop":1717634140897,"duration":49721}},{"uid":"c8cd56696644f828","reportUrl":"https://robbrad.github.io/UKBinCollectionData/3.12/1924//#testresult/c8cd56696644f828","status":"passed","time":{"start":1717547692548,"stop":1717547735550,"duration":43002}},{"uid":"a2bf6bc5d1de69b6","reportUrl":"https://robbrad.github.io/UKBinCollectionData/3.12/1923//#testresult/a2bf6bc5d1de69b6","status":"passed","time":{"start":1717461443014,"stop":1717461475641,"duration":32627}},{"uid":"c1672b7d348c90e7","reportUrl":"https://robbrad.github.io/UKBinCollectionData/3.12/1921//#testresult/c1672b7d348c90e7","status":"passed","time":{"start":1717374989692,"stop":1717375013146,"duration":23454}},{"uid":"7c4db3350e8bf64e","reportUrl":"https://robbrad.github.io/UKBinCollectionData/3.12/1911//#testresult/7c4db3350e8bf64e","status":"passed","time":{"start":1717316497229,"stop":1717316520005,"duration":22776}},{"uid":"a92c22a2db8640e9","reportUrl":"https://robbrad.github.io/UKBinCollectionData/3.12/1908//#testresult/a92c22a2db8640e9","status":"passed","time":{"start":1717288566984,"stop":1717288611206,"duration":44222}},{"uid":"e4e421298bf450f2","reportUrl":"https://robbrad.github.io/UKBinCollectionData/3.12/1905//#testresult/e4e421298bf450f2","status":"passed","time":{"start":1717202269319,"stop":1717202375716,"duration":106397}},{"uid":"19e95e798b5532dc","reportUrl":"https://robbrad.github.io/UKBinCollectionData/3.12/1904//#testresult/19e95e798b5532dc","status":"passed","time":{"start":1717115789860,"stop":1717115813717,"duration":23857}},{"uid":"5249dc484599020f","reportUrl":"https://robbrad.github.io/UKBinCollectionData/3.12/1903//#testresult/5249dc484599020f","status":"passed","time":{"start":1717029374958,"stop":1717029416803,"duration":41845}},{"uid":"173fb16603b61699","reportUrl":"https://robbrad.github.io/UKBinCollectionData/3.12/1898//#testresult/173fb16603b61699","status":"passed","time":{"start":1716943217325,"stop":1716943251595,"duration":34270}},{"uid":"df5d8ab115a1b765","reportUrl":"https://robbrad.github.io/UKBinCollectionData/3.12/1896//#testresult/df5d8ab115a1b765","status":"passed","time":{"start":1716930930402,"stop":1716930948041,"duration":17639}}]},"tags":[]},"source":"9ef62b5c9b32eb71.json","parameterValues":["HounslowCouncil"]}