{"uid":"c06bfca1b98c6b93","name":"Validate Council Output [NeathPortTalbotCouncil-http://selenium:4444-local]","fullName":"features/validate_council_outputs.feature:Validate Council Output","historyId":"68717d64a9b5b73045a4198b6f1e2a64","time":{"start":1710980928801,"stop":1710980933545,"duration":4744},"status":"failed","statusMessage":"selenium.common.exceptions.NoSuchElementException: Message: no such element: Unable to locate element: {\"method\":\"css selector\",\"selector\":\"[id=\"ContentPlaceHolderDefault_ctl13_nptLLPG2_25_addresslookup_txtTmpPostcode\"]\"}\n  (Session info: chrome-headless-shell=122.0.6261.128); For documentation on this error, please visit: https://www.selenium.dev/documentation/webdriver/troubleshooting/errors#no-such-element-exception\nStacktrace:\n#0 0x5625ae1f7f33 <unknown>\n#1 0x5625adeefce6 <unknown>\n#2 0x5625adf3ae48 <unknown>\n#3 0x5625adf3af01 <unknown>\n#4 0x5625adf7e3f4 <unknown>\n#5 0x5625adf5cedd <unknown>\n#6 0x5625adf7b899 <unknown>\n#7 0x5625adf5cc53 <unknown>\n#8 0x5625adf2ddb3 <unknown>\n#9 0x5625adf2e77e <unknown>\n#10 0x5625ae1bd86b <unknown>\n#11 0x5625ae1c1885 <unknown>\n#12 0x5625ae1ab181 <unknown>\n#13 0x5625ae1c2412 <unknown>\n#14 0x5625ae18f25f <unknown>\n#15 0x5625ae1e6528 <unknown>\n#16 0x5625ae1e6723 <unknown>\n#17 0x5625ae1f70e4 <unknown>\n#18 0x7f5bd3694ac3 <unknown>","statusTrace":"fixturefunc = <function scrape_step at 0x7fbc94da8360>\nrequest = <FixtureRequest for <Function test_scenario_outline[NeathPortTalbotCouncil-http://selenium:4444-local]>>\nkwargs = {'context': <test_validate_council.context.<locals>.Context object at 0x7fbc94045d50>, 'council': 'NeathPortTalbotCouncil', 'selenium_mode': 'local', 'selenium_url': 'http://selenium:4444'}\n\n    def call_fixture_func(\n        fixturefunc: \"_FixtureFunc[FixtureValue]\", request: FixtureRequest, kwargs\n    ) -> FixtureValue:\n        if is_generator(fixturefunc):\n            fixturefunc = cast(\n                Callable[..., Generator[FixtureValue, None, None]], fixturefunc\n            )\n            generator = fixturefunc(**kwargs)\n            try:\n                fixture_result = next(generator)\n            except StopIteration:\n                raise ValueError(f\"{request.fixturename} did not yield a value\") from None\n            finalizer = functools.partial(_teardown_yield_fixture, fixturefunc, generator)\n            request.addfinalizer(finalizer)\n        else:\n            fixturefunc = cast(Callable[..., FixtureValue], fixturefunc)\n>           fixture_result = fixturefunc(**kwargs)\n\n../../../.cache/pypoetry/virtualenvs/uk-bin-collection-EwS6Gn8s-py3.11/lib/python3.11/site-packages/_pytest/fixtures.py:902: \n_ _ _ _ _ _ _ _ _ _ _ _ _ _ _ _ _ _ _ _ _ _ _ _ _ _ _ _ _ _ _ _ _ _ _ _ _ _ _ _ \nuk_bin_collection/tests/step_defs/test_validate_council.py:92: in scrape_step\n    context.parse_result = CollectData.run()\nuk_bin_collection/uk_bin_collection/collect_data.py:96: in run\n    return self.client_code(\nuk_bin_collection/uk_bin_collection/collect_data.py:115: in client_code\n    return get_bin_data_class.template_method(address_url, **kwargs)\nuk_bin_collection/uk_bin_collection/get_bin_data.py:78: in template_method\n    bin_data_dict = self.parse_data(\nuk_bin_collection/uk_bin_collection/councils/NeathPortTalbotCouncil.py:42: in parse_data\n    inputElement_postcode = driver.find_element(\n../../../.cache/pypoetry/virtualenvs/uk-bin-collection-EwS6Gn8s-py3.11/lib/python3.11/site-packages/selenium/webdriver/remote/webdriver.py:738: in find_element\n    return self.execute(Command.FIND_ELEMENT, {\"using\": by, \"value\": value})[\"value\"]\n../../../.cache/pypoetry/virtualenvs/uk-bin-collection-EwS6Gn8s-py3.11/lib/python3.11/site-packages/selenium/webdriver/remote/webdriver.py:344: in execute\n    self.error_handler.check_response(response)\n_ _ _ _ _ _ _ _ _ _ _ _ _ _ _ _ _ _ _ _ _ _ _ _ _ _ _ _ _ _ _ _ _ _ _ _ _ _ _ _ \n\nself = <selenium.webdriver.remote.errorhandler.ErrorHandler object at 0x7fbc943d39d0>\nresponse = {'status': 404, 'value': '{\"value\":{\"error\":\"no such element\",\"message\":\"no such element: Unable to locate element: {\\...\\\\n#16 0x5625ae1e6723 \\\\u003Cunknown>\\\\n#17 0x5625ae1f70e4 \\\\u003Cunknown>\\\\n#18 0x7f5bd3694ac3 \\\\u003Cunknown>\\\\n\"}}'}\n\n    def check_response(self, response: Dict[str, Any]) -> None:\n        \"\"\"Checks that a JSON response from the WebDriver does not have an\n        error.\n    \n        :Args:\n         - response - The JSON response from the WebDriver server as a dictionary\n           object.\n    \n        :Raises: If the response contains an error message.\n        \"\"\"\n        status = response.get(\"status\", None)\n        if not status or status == ErrorCode.SUCCESS:\n            return\n        value = None\n        message = response.get(\"message\", \"\")\n        screen: str = response.get(\"screen\", \"\")\n        stacktrace = None\n        if isinstance(status, int):\n            value_json = response.get(\"value\", None)\n            if value_json and isinstance(value_json, str):\n                import json\n    \n                try:\n                    value = json.loads(value_json)\n                    if len(value) == 1:\n                        value = value[\"value\"]\n                    status = value.get(\"error\", None)\n                    if not status:\n                        status = value.get(\"status\", ErrorCode.UNKNOWN_ERROR)\n                        message = value.get(\"value\") or value.get(\"message\")\n                        if not isinstance(message, str):\n                            value = message\n                            message = message.get(\"message\")\n                    else:\n                        message = value.get(\"message\", None)\n                except ValueError:\n                    pass\n    \n        exception_class: Type[WebDriverException]\n        e = ErrorCode()\n        error_codes = [item for item in dir(e) if not item.startswith(\"__\")]\n        for error_code in error_codes:\n            error_info = getattr(ErrorCode, error_code)\n            if isinstance(error_info, list) and status in error_info:\n                exception_class = getattr(ExceptionMapping, error_code, WebDriverException)\n                break\n        else:\n            exception_class = WebDriverException\n    \n        if not value:\n            value = response[\"value\"]\n        if isinstance(value, str):\n            raise exception_class(value)\n        if message == \"\" and \"message\" in value:\n            message = value[\"message\"]\n    \n        screen = None  # type: ignore[assignment]\n        if \"screen\" in value:\n            screen = value[\"screen\"]\n    \n        stacktrace = None\n        st_value = value.get(\"stackTrace\") or value.get(\"stacktrace\")\n        if st_value:\n            if isinstance(st_value, str):\n                stacktrace = st_value.split(\"\\n\")\n            else:\n                stacktrace = []\n                try:\n                    for frame in st_value:\n                        line = frame.get(\"lineNumber\", \"\")\n                        file = frame.get(\"fileName\", \"<anonymous>\")\n                        if line:\n                            file = f\"{file}:{line}\"\n                        meth = frame.get(\"methodName\", \"<anonymous>\")\n                        if \"className\" in frame:\n                            meth = f\"{frame['className']}.{meth}\"\n                        msg = \"    at %s (%s)\"\n                        msg = msg % (meth, file)\n                        stacktrace.append(msg)\n                except TypeError:\n                    pass\n        if exception_class == UnexpectedAlertPresentException:\n            alert_text = None\n            if \"data\" in value:\n                alert_text = value[\"data\"].get(\"text\")\n            elif \"alert\" in value:\n                alert_text = value[\"alert\"].get(\"text\")\n            raise exception_class(message, screen, stacktrace, alert_text)  # type: ignore[call-arg]  # mypy is not smart enough here\n>       raise exception_class(message, screen, stacktrace)\nE       selenium.common.exceptions.NoSuchElementException: Message: no such element: Unable to locate element: {\"method\":\"css selector\",\"selector\":\"[id=\"ContentPlaceHolderDefault_ctl13_nptLLPG2_25_addresslookup_txtTmpPostcode\"]\"}\nE         (Session info: chrome-headless-shell=122.0.6261.128); For documentation on this error, please visit: https://www.selenium.dev/documentation/webdriver/troubleshooting/errors#no-such-element-exception\nE       Stacktrace:\nE       #0 0x5625ae1f7f33 <unknown>\nE       #1 0x5625adeefce6 <unknown>\nE       #2 0x5625adf3ae48 <unknown>\nE       #3 0x5625adf3af01 <unknown>\nE       #4 0x5625adf7e3f4 <unknown>\nE       #5 0x5625adf5cedd <unknown>\nE       #6 0x5625adf7b899 <unknown>\nE       #7 0x5625adf5cc53 <unknown>\nE       #8 0x5625adf2ddb3 <unknown>\nE       #9 0x5625adf2e77e <unknown>\nE       #10 0x5625ae1bd86b <unknown>\nE       #11 0x5625ae1c1885 <unknown>\nE       #12 0x5625ae1ab181 <unknown>\nE       #13 0x5625ae1c2412 <unknown>\nE       #14 0x5625ae18f25f <unknown>\nE       #15 0x5625ae1e6528 <unknown>\nE       #16 0x5625ae1e6723 <unknown>\nE       #17 0x5625ae1f70e4 <unknown>\nE       #18 0x7f5bd3694ac3 <unknown>\n\n../../../.cache/pypoetry/virtualenvs/uk-bin-collection-EwS6Gn8s-py3.11/lib/python3.11/site-packages/selenium/webdriver/remote/errorhandler.py:229: NoSuchElementException","flaky":false,"newFailed":false,"newBroken":false,"newPassed":false,"retriesCount":0,"retriesStatusChange":false,"beforeStages":[],"testStage":{"status":"failed","statusMessage":"selenium.common.exceptions.NoSuchElementException: Message: no such element: Unable to locate element: {\"method\":\"css selector\",\"selector\":\"[id=\"ContentPlaceHolderDefault_ctl13_nptLLPG2_25_addresslookup_txtTmpPostcode\"]\"}\n  (Session info: chrome-headless-shell=122.0.6261.128); For documentation on this error, please visit: https://www.selenium.dev/documentation/webdriver/troubleshooting/errors#no-such-element-exception\nStacktrace:\n#0 0x5625ae1f7f33 <unknown>\n#1 0x5625adeefce6 <unknown>\n#2 0x5625adf3ae48 <unknown>\n#3 0x5625adf3af01 <unknown>\n#4 0x5625adf7e3f4 <unknown>\n#5 0x5625adf5cedd <unknown>\n#6 0x5625adf7b899 <unknown>\n#7 0x5625adf5cc53 <unknown>\n#8 0x5625adf2ddb3 <unknown>\n#9 0x5625adf2e77e <unknown>\n#10 0x5625ae1bd86b <unknown>\n#11 0x5625ae1c1885 <unknown>\n#12 0x5625ae1ab181 <unknown>\n#13 0x5625ae1c2412 <unknown>\n#14 0x5625ae18f25f <unknown>\n#15 0x5625ae1e6528 <unknown>\n#16 0x5625ae1e6723 <unknown>\n#17 0x5625ae1f70e4 <unknown>\n#18 0x7f5bd3694ac3 <unknown>","statusTrace":"fixturefunc = <function scrape_step at 0x7fbc94da8360>\nrequest = <FixtureRequest for <Function test_scenario_outline[NeathPortTalbotCouncil-http://selenium:4444-local]>>\nkwargs = {'context': <test_validate_council.context.<locals>.Context object at 0x7fbc94045d50>, 'council': 'NeathPortTalbotCouncil', 'selenium_mode': 'local', 'selenium_url': 'http://selenium:4444'}\n\n    def call_fixture_func(\n        fixturefunc: \"_FixtureFunc[FixtureValue]\", request: FixtureRequest, kwargs\n    ) -> FixtureValue:\n        if is_generator(fixturefunc):\n            fixturefunc = cast(\n                Callable[..., Generator[FixtureValue, None, None]], fixturefunc\n            )\n            generator = fixturefunc(**kwargs)\n            try:\n                fixture_result = next(generator)\n            except StopIteration:\n                raise ValueError(f\"{request.fixturename} did not yield a value\") from None\n            finalizer = functools.partial(_teardown_yield_fixture, fixturefunc, generator)\n            request.addfinalizer(finalizer)\n        else:\n            fixturefunc = cast(Callable[..., FixtureValue], fixturefunc)\n>           fixture_result = fixturefunc(**kwargs)\n\n../../../.cache/pypoetry/virtualenvs/uk-bin-collection-EwS6Gn8s-py3.11/lib/python3.11/site-packages/_pytest/fixtures.py:902: \n_ _ _ _ _ _ _ _ _ _ _ _ _ _ _ _ _ _ _ _ _ _ _ _ _ _ _ _ _ _ _ _ _ _ _ _ _ _ _ _ \nuk_bin_collection/tests/step_defs/test_validate_council.py:92: in scrape_step\n    context.parse_result = CollectData.run()\nuk_bin_collection/uk_bin_collection/collect_data.py:96: in run\n    return self.client_code(\nuk_bin_collection/uk_bin_collection/collect_data.py:115: in client_code\n    return get_bin_data_class.template_method(address_url, **kwargs)\nuk_bin_collection/uk_bin_collection/get_bin_data.py:78: in template_method\n    bin_data_dict = self.parse_data(\nuk_bin_collection/uk_bin_collection/councils/NeathPortTalbotCouncil.py:42: in parse_data\n    inputElement_postcode = driver.find_element(\n../../../.cache/pypoetry/virtualenvs/uk-bin-collection-EwS6Gn8s-py3.11/lib/python3.11/site-packages/selenium/webdriver/remote/webdriver.py:738: in find_element\n    return self.execute(Command.FIND_ELEMENT, {\"using\": by, \"value\": value})[\"value\"]\n../../../.cache/pypoetry/virtualenvs/uk-bin-collection-EwS6Gn8s-py3.11/lib/python3.11/site-packages/selenium/webdriver/remote/webdriver.py:344: in execute\n    self.error_handler.check_response(response)\n_ _ _ _ _ _ _ _ _ _ _ _ _ _ _ _ _ _ _ _ _ _ _ _ _ _ _ _ _ _ _ _ _ _ _ _ _ _ _ _ \n\nself = <selenium.webdriver.remote.errorhandler.ErrorHandler object at 0x7fbc943d39d0>\nresponse = {'status': 404, 'value': '{\"value\":{\"error\":\"no such element\",\"message\":\"no such element: Unable to locate element: {\\...\\\\n#16 0x5625ae1e6723 \\\\u003Cunknown>\\\\n#17 0x5625ae1f70e4 \\\\u003Cunknown>\\\\n#18 0x7f5bd3694ac3 \\\\u003Cunknown>\\\\n\"}}'}\n\n    def check_response(self, response: Dict[str, Any]) -> None:\n        \"\"\"Checks that a JSON response from the WebDriver does not have an\n        error.\n    \n        :Args:\n         - response - The JSON response from the WebDriver server as a dictionary\n           object.\n    \n        :Raises: If the response contains an error message.\n        \"\"\"\n        status = response.get(\"status\", None)\n        if not status or status == ErrorCode.SUCCESS:\n            return\n        value = None\n        message = response.get(\"message\", \"\")\n        screen: str = response.get(\"screen\", \"\")\n        stacktrace = None\n        if isinstance(status, int):\n            value_json = response.get(\"value\", None)\n            if value_json and isinstance(value_json, str):\n                import json\n    \n                try:\n                    value = json.loads(value_json)\n                    if len(value) == 1:\n                        value = value[\"value\"]\n                    status = value.get(\"error\", None)\n                    if not status:\n                        status = value.get(\"status\", ErrorCode.UNKNOWN_ERROR)\n                        message = value.get(\"value\") or value.get(\"message\")\n                        if not isinstance(message, str):\n                            value = message\n                            message = message.get(\"message\")\n                    else:\n                        message = value.get(\"message\", None)\n                except ValueError:\n                    pass\n    \n        exception_class: Type[WebDriverException]\n        e = ErrorCode()\n        error_codes = [item for item in dir(e) if not item.startswith(\"__\")]\n        for error_code in error_codes:\n            error_info = getattr(ErrorCode, error_code)\n            if isinstance(error_info, list) and status in error_info:\n                exception_class = getattr(ExceptionMapping, error_code, WebDriverException)\n                break\n        else:\n            exception_class = WebDriverException\n    \n        if not value:\n            value = response[\"value\"]\n        if isinstance(value, str):\n            raise exception_class(value)\n        if message == \"\" and \"message\" in value:\n            message = value[\"message\"]\n    \n        screen = None  # type: ignore[assignment]\n        if \"screen\" in value:\n            screen = value[\"screen\"]\n    \n        stacktrace = None\n        st_value = value.get(\"stackTrace\") or value.get(\"stacktrace\")\n        if st_value:\n            if isinstance(st_value, str):\n                stacktrace = st_value.split(\"\\n\")\n            else:\n                stacktrace = []\n                try:\n                    for frame in st_value:\n                        line = frame.get(\"lineNumber\", \"\")\n                        file = frame.get(\"fileName\", \"<anonymous>\")\n                        if line:\n                            file = f\"{file}:{line}\"\n                        meth = frame.get(\"methodName\", \"<anonymous>\")\n                        if \"className\" in frame:\n                            meth = f\"{frame['className']}.{meth}\"\n                        msg = \"    at %s (%s)\"\n                        msg = msg % (meth, file)\n                        stacktrace.append(msg)\n                except TypeError:\n                    pass\n        if exception_class == UnexpectedAlertPresentException:\n            alert_text = None\n            if \"data\" in value:\n                alert_text = value[\"data\"].get(\"text\")\n            elif \"alert\" in value:\n                alert_text = value[\"alert\"].get(\"text\")\n            raise exception_class(message, screen, stacktrace, alert_text)  # type: ignore[call-arg]  # mypy is not smart enough here\n>       raise exception_class(message, screen, stacktrace)\nE       selenium.common.exceptions.NoSuchElementException: Message: no such element: Unable to locate element: {\"method\":\"css selector\",\"selector\":\"[id=\"ContentPlaceHolderDefault_ctl13_nptLLPG2_25_addresslookup_txtTmpPostcode\"]\"}\nE         (Session info: chrome-headless-shell=122.0.6261.128); For documentation on this error, please visit: https://www.selenium.dev/documentation/webdriver/troubleshooting/errors#no-such-element-exception\nE       Stacktrace:\nE       #0 0x5625ae1f7f33 <unknown>\nE       #1 0x5625adeefce6 <unknown>\nE       #2 0x5625adf3ae48 <unknown>\nE       #3 0x5625adf3af01 <unknown>\nE       #4 0x5625adf7e3f4 <unknown>\nE       #5 0x5625adf5cedd <unknown>\nE       #6 0x5625adf7b899 <unknown>\nE       #7 0x5625adf5cc53 <unknown>\nE       #8 0x5625adf2ddb3 <unknown>\nE       #9 0x5625adf2e77e <unknown>\nE       #10 0x5625ae1bd86b <unknown>\nE       #11 0x5625ae1c1885 <unknown>\nE       #12 0x5625ae1ab181 <unknown>\nE       #13 0x5625ae1c2412 <unknown>\nE       #14 0x5625ae18f25f <unknown>\nE       #15 0x5625ae1e6528 <unknown>\nE       #16 0x5625ae1e6723 <unknown>\nE       #17 0x5625ae1f70e4 <unknown>\nE       #18 0x7f5bd3694ac3 <unknown>\n\n../../../.cache/pypoetry/virtualenvs/uk-bin-collection-EwS6Gn8s-py3.11/lib/python3.11/site-packages/selenium/webdriver/remote/errorhandler.py:229: NoSuchElementException","steps":[{"name":"Given the council: NeathPortTalbotCouncil","time":{"start":1710980928801,"stop":1710980928802,"duration":1},"status":"passed","steps":[],"attachments":[],"parameters":[],"shouldDisplayMessage":false,"stepsCount":0,"attachmentsCount":0,"hasContent":false,"attachmentStep":false},{"name":"When we scrape the data from NeathPortTalbotCouncil using local and the http://selenium:4444 is set","time":{"start":1710980928802,"stop":1710980933545,"duration":4743},"status":"failed","statusMessage":"Message: no such element: Unable to locate element: {\"method\":\"css selector\",\"selector\":\"[id=\"ContentPlaceHolderDefault_ctl13_nptLLPG2_25_addresslookup_txtTmpPostcode\"]\"}\n  (Session info: chrome-headless-shell=122.0.6261.128); For documentation on this error, please visit: https://www.selenium.dev/documentation/webdriver/troubleshooting/errors#no-such-element-exception\nStacktrace:\n#0 0x5625ae1f7f33 <unknown>\n#1 0x5625adeefce6 <unknown>\n#2 0x5625adf3ae48 <unknown>\n#3 0x5625adf3af01 <unknown>\n#4 0x5625adf7e3f4 <unknown>\n#5 0x5625adf5cedd <unknown>\n#6 0x5625adf7b899 <unknown>\n#7 0x5625adf5cc53 <unknown>\n#8 0x5625adf2ddb3 <unknown>\n#9 0x5625adf2e77e <unknown>\n#10 0x5625ae1bd86b <unknown>\n#11 0x5625ae1c1885 <unknown>\n#12 0x5625ae1ab181 <unknown>\n#13 0x5625ae1c2412 <unknown>\n#14 0x5625ae18f25f <unknown>\n#15 0x5625ae1e6528 <unknown>\n#16 0x5625ae1e6723 <unknown>\n#17 0x5625ae1f70e4 <unknown>\n#18 0x7f5bd3694ac3 <unknown>\n","statusTrace":"selenium.common.exceptions.NoSuchElementException: Message: no such element: Unable to locate element: {\"method\":\"css selector\",\"selector\":\"[id=\"ContentPlaceHolderDefault_ctl13_nptLLPG2_25_addresslookup_txtTmpPostcode\"]\"}\n  (Session info: chrome-headless-shell=122.0.6261.128); For documentation on this error, please visit: https://www.selenium.dev/documentation/webdriver/troubleshooting/errors#no-such-element-exception\nStacktrace:\n#0 0x5625ae1f7f33 <unknown>\n#1 0x5625adeefce6 <unknown>\n#2 0x5625adf3ae48 <unknown>\n#3 0x5625adf3af01 <unknown>\n#4 0x5625adf7e3f4 <unknown>\n#5 0x5625adf5cedd <unknown>\n#6 0x5625adf7b899 <unknown>\n#7 0x5625adf5cc53 <unknown>\n#8 0x5625adf2ddb3 <unknown>\n#9 0x5625adf2e77e <unknown>\n#10 0x5625ae1bd86b <unknown>\n#11 0x5625ae1c1885 <unknown>\n#12 0x5625ae1ab181 <unknown>\n#13 0x5625ae1c2412 <unknown>\n#14 0x5625ae18f25f <unknown>\n#15 0x5625ae1e6528 <unknown>\n#16 0x5625ae1e6723 <unknown>\n#17 0x5625ae1f70e4 <unknown>\n#18 0x7f5bd3694ac3 <unknown>\n\n","steps":[],"attachments":[],"parameters":[],"shouldDisplayMessage":true,"stepsCount":0,"attachmentsCount":0,"hasContent":true,"attachmentStep":false}],"attachments":[],"parameters":[],"shouldDisplayMessage":true,"stepsCount":2,"attachmentsCount":0,"hasContent":true,"attachmentStep":false},"afterStages":[],"labels":[{"name":"host","value":"fv-az1272-626"},{"name":"thread","value":"2730-MainThread"},{"name":"framework","value":"pytest-bdd"},{"name":"language","value":"cpython3"},{"name":"feature","value":"Test each council output matches expected results"},{"name":"resultFormat","value":"allure2"}],"parameters":[{"name":"council","value":"NeathPortTalbotCouncil"},{"name":"selenium_mode","value":"local"},{"name":"selenium_url","value":"http://selenium:4444"}],"links":[],"hidden":false,"retry":false,"extra":{"severity":"normal","retries":[],"categories":[{"name":"Product defects","matchedStatuses":[],"flaky":false}],"history":{"statistic":{"failed":212,"broken":0,"skipped":0,"passed":14,"unknown":0,"total":226},"items":[{"uid":"573d807f7b3c5a0a","reportUrl":"https://robbrad.github.io/UKBinCollectionData/3.11/1621//#testresult/573d807f7b3c5a0a","status":"failed","statusDetails":"selenium.common.exceptions.NoSuchElementException: Message: no such element: Unable to locate element: {\"method\":\"css selector\",\"selector\":\"[id=\"ContentPlaceHolderDefault_ctl13_nptLLPG2_25_addresslookup_txtTmpPostcode\"]\"}\n  (Session info: chrome-headless-shell=122.0.6261.128); For documentation on this error, please visit: https://www.selenium.dev/documentation/webdriver/troubleshooting/errors#no-such-element-exception\nStacktrace:\n#0 0x55d06b394f33 <unknown>\n#1 0x55d06b08cce6 <unknown>\n#2 0x55d06b0d7e48 <unknown>\n#3 0x55d06b0d7f01 <unknown>\n#4 0x55d06b11b3f4 <unknown>\n#5 0x55d06b0f9edd <unknown>\n#6 0x55d06b118899 <unknown>\n#7 0x55d06b0f9c53 <unknown>\n#8 0x55d06b0cadb3 <unknown>\n#9 0x55d06b0cb77e <unknown>\n#10 0x55d06b35a86b <unknown>\n#11 0x55d06b35e885 <unknown>\n#12 0x55d06b348181 <unknown>\n#13 0x55d06b35f412 <unknown>\n#14 0x55d06b32c25f <unknown>\n#15 0x55d06b383528 <unknown>\n#16 0x55d06b383723 <unknown>\n#17 0x55d06b3940e4 <unknown>\n#18 0x7f670a894ac3 <unknown>","time":{"start":1710970988530,"stop":1710970992386,"duration":3856}},{"uid":"baa9b30b68ff4305","reportUrl":"https://robbrad.github.io/UKBinCollectionData/3.11/1619//#testresult/baa9b30b68ff4305","status":"failed","statusDetails":"selenium.common.exceptions.NoSuchElementException: Message: no such element: Unable to locate element: {\"method\":\"css selector\",\"selector\":\"[id=\"ContentPlaceHolderDefault_ctl13_nptLLPG2_25_addresslookup_txtTmpPostcode\"]\"}\n  (Session info: chrome-headless-shell=122.0.6261.111); For documentation on this error, please visit: https://www.selenium.dev/documentation/webdriver/troubleshooting/errors#no-such-element-exception\nStacktrace:\n#0 0x5912223c7f33 <unknown>\n#1 0x5912220bfce6 <unknown>\n#2 0x59122210ae48 <unknown>\n#3 0x59122210af01 <unknown>\n#4 0x59122214e3f4 <unknown>\n#5 0x59122212cedd <unknown>\n#6 0x59122214b899 <unknown>\n#7 0x59122212cc53 <unknown>\n#8 0x5912220fddb3 <unknown>\n#9 0x5912220fe77e <unknown>\n#10 0x59122238d86b <unknown>\n#11 0x591222391885 <unknown>\n#12 0x59122237b181 <unknown>\n#13 0x591222392412 <unknown>\n#14 0x59122235f25f <unknown>\n#15 0x5912223b6528 <unknown>\n#16 0x5912223b6723 <unknown>\n#17 0x5912223c70e4 <unknown>\n#18 0x753f48294ac3 <unknown>","time":{"start":1710894452530,"stop":1710894456549,"duration":4019}},{"uid":"9ff47523bdeab2c8","reportUrl":"https://robbrad.github.io/UKBinCollectionData/3.11/1615//#testresult/9ff47523bdeab2c8","status":"failed","statusDetails":"selenium.common.exceptions.NoSuchElementException: Message: no such element: Unable to locate element: {\"method\":\"css selector\",\"selector\":\"[id=\"ContentPlaceHolderDefault_ctl13_nptLLPG2_25_addresslookup_txtTmpPostcode\"]\"}\n  (Session info: chrome-headless-shell=122.0.6261.111); For documentation on this error, please visit: https://www.selenium.dev/documentation/webdriver/troubleshooting/errors#no-such-element-exception\nStacktrace:\n#0 0x621145162f33 <unknown>\n#1 0x621144e5ace6 <unknown>\n#2 0x621144ea5e48 <unknown>\n#3 0x621144ea5f01 <unknown>\n#4 0x621144ee93f4 <unknown>\n#5 0x621144ec7edd <unknown>\n#6 0x621144ee6899 <unknown>\n#7 0x621144ec7c53 <unknown>\n#8 0x621144e98db3 <unknown>\n#9 0x621144e9977e <unknown>\n#10 0x62114512886b <unknown>\n#11 0x62114512c885 <unknown>\n#12 0x621145116181 <unknown>\n#13 0x62114512d412 <unknown>\n#14 0x6211450fa25f <unknown>\n#15 0x621145151528 <unknown>\n#16 0x621145151723 <unknown>\n#17 0x6211451620e4 <unknown>\n#18 0x7808cf494ac3 <unknown>","time":{"start":1710808060499,"stop":1710808064215,"duration":3716}},{"uid":"5ce86ed4c805a423","reportUrl":"https://robbrad.github.io/UKBinCollectionData/3.11/1609//#testresult/5ce86ed4c805a423","status":"failed","statusDetails":"selenium.common.exceptions.NoSuchElementException: Message: no such element: Unable to locate element: {\"method\":\"css selector\",\"selector\":\"[id=\"ContentPlaceHolderDefault_ctl13_nptLLPG2_25_addresslookup_txtTmpPostcode\"]\"}\n  (Session info: chrome-headless-shell=122.0.6261.111); For documentation on this error, please visit: https://www.selenium.dev/documentation/webdriver/troubleshooting/errors#no-such-element-exception\nStacktrace:\n#0 0x5da48ca5df33 <unknown>\n#1 0x5da48c755ce6 <unknown>\n#2 0x5da48c7a0e48 <unknown>\n#3 0x5da48c7a0f01 <unknown>\n#4 0x5da48c7e43f4 <unknown>\n#5 0x5da48c7c2edd <unknown>\n#6 0x5da48c7e1899 <unknown>\n#7 0x5da48c7c2c53 <unknown>\n#8 0x5da48c793db3 <unknown>\n#9 0x5da48c79477e <unknown>\n#10 0x5da48ca2386b <unknown>\n#11 0x5da48ca27885 <unknown>\n#12 0x5da48ca11181 <unknown>\n#13 0x5da48ca28412 <unknown>\n#14 0x5da48c9f525f <unknown>\n#15 0x5da48ca4c528 <unknown>\n#16 0x5da48ca4c723 <unknown>\n#17 0x5da48ca5d0e4 <unknown>\n#18 0x79dc45a94ac3 <unknown>","time":{"start":1710721756857,"stop":1710721759906,"duration":3049}},{"uid":"dfdbe1be3a14f250","reportUrl":"https://robbrad.github.io/UKBinCollectionData/3.11/1608//#testresult/dfdbe1be3a14f250","status":"failed","statusDetails":"selenium.common.exceptions.NoSuchElementException: Message: no such element: Unable to locate element: {\"method\":\"css selector\",\"selector\":\"[id=\"ContentPlaceHolderDefault_ctl13_nptLLPG2_25_addresslookup_txtTmpPostcode\"]\"}\n  (Session info: chrome-headless-shell=122.0.6261.111); For documentation on this error, please visit: https://www.selenium.dev/documentation/webdriver/troubleshooting/errors#no-such-element-exception\nStacktrace:\n#0 0x56c01df5cf33 <unknown>\n#1 0x56c01dc54ce6 <unknown>\n#2 0x56c01dc9fe48 <unknown>\n#3 0x56c01dc9ff01 <unknown>\n#4 0x56c01dce33f4 <unknown>\n#5 0x56c01dcc1edd <unknown>\n#6 0x56c01dce0899 <unknown>\n#7 0x56c01dcc1c53 <unknown>\n#8 0x56c01dc92db3 <unknown>\n#9 0x56c01dc9377e <unknown>\n#10 0x56c01df2286b <unknown>\n#11 0x56c01df26885 <unknown>\n#12 0x56c01df10181 <unknown>\n#13 0x56c01df27412 <unknown>\n#14 0x56c01def425f <unknown>\n#15 0x56c01df4b528 <unknown>\n#16 0x56c01df4b723 <unknown>\n#17 0x56c01df5c0e4 <unknown>\n#18 0x790b6b894ac3 <unknown>","time":{"start":1710635398971,"stop":1710635402084,"duration":3113}},{"uid":"57e3663d83d427a5","reportUrl":"https://robbrad.github.io/UKBinCollectionData/3.11/1607//#testresult/57e3663d83d427a5","status":"failed","statusDetails":"selenium.common.exceptions.NoSuchElementException: Message: no such element: Unable to locate element: {\"method\":\"css selector\",\"selector\":\"[id=\"ContentPlaceHolderDefault_ctl13_nptLLPG2_25_addresslookup_txtTmpPostcode\"]\"}\n  (Session info: chrome-headless-shell=122.0.6261.111); For documentation on this error, please visit: https://www.selenium.dev/documentation/webdriver/troubleshooting/errors#no-such-element-exception\nStacktrace:\n#0 0x60432345df33 <unknown>\n#1 0x604323155ce6 <unknown>\n#2 0x6043231a0e48 <unknown>\n#3 0x6043231a0f01 <unknown>\n#4 0x6043231e43f4 <unknown>\n#5 0x6043231c2edd <unknown>\n#6 0x6043231e1899 <unknown>\n#7 0x6043231c2c53 <unknown>\n#8 0x604323193db3 <unknown>\n#9 0x60432319477e <unknown>\n#10 0x60432342386b <unknown>\n#11 0x604323427885 <unknown>\n#12 0x604323411181 <unknown>\n#13 0x604323428412 <unknown>\n#14 0x6043233f525f <unknown>\n#15 0x60432344c528 <unknown>\n#16 0x60432344c723 <unknown>\n#17 0x60432345d0e4 <unknown>\n#18 0x70c658094ac3 <unknown>","time":{"start":1710548790781,"stop":1710548795108,"duration":4327}},{"uid":"1ecc493b5ae0c6ed","reportUrl":"https://robbrad.github.io/UKBinCollectionData/3.11/1605//#testresult/1ecc493b5ae0c6ed","status":"failed","statusDetails":"selenium.common.exceptions.NoSuchElementException: Message: no such element: Unable to locate element: {\"method\":\"css selector\",\"selector\":\"[id=\"ContentPlaceHolderDefault_ctl13_nptLLPG2_25_addresslookup_txtTmpPostcode\"]\"}\n  (Session info: chrome-headless-shell=122.0.6261.111); For documentation on this error, please visit: https://www.selenium.dev/documentation/webdriver/troubleshooting/errors#no-such-element-exception\nStacktrace:\n#0 0x62ff4ceaff33 <unknown>\n#1 0x62ff4cba7ce6 <unknown>\n#2 0x62ff4cbf2e48 <unknown>\n#3 0x62ff4cbf2f01 <unknown>\n#4 0x62ff4cc363f4 <unknown>\n#5 0x62ff4cc14edd <unknown>\n#6 0x62ff4cc33899 <unknown>\n#7 0x62ff4cc14c53 <unknown>\n#8 0x62ff4cbe5db3 <unknown>\n#9 0x62ff4cbe677e <unknown>\n#10 0x62ff4ce7586b <unknown>\n#11 0x62ff4ce79885 <unknown>\n#12 0x62ff4ce63181 <unknown>\n#13 0x62ff4ce7a412 <unknown>\n#14 0x62ff4ce4725f <unknown>\n#15 0x62ff4ce9e528 <unknown>\n#16 0x62ff4ce9e723 <unknown>\n#17 0x62ff4ceaf0e4 <unknown>\n#18 0x729597894ac3 <unknown>","time":{"start":1710462493436,"stop":1710462498134,"duration":4698}},{"uid":"25c8f04687ebf4aa","reportUrl":"https://robbrad.github.io/UKBinCollectionData/3.11/1604//#testresult/25c8f04687ebf4aa","status":"failed","statusDetails":"selenium.common.exceptions.ElementClickInterceptedException: Message: element click intercepted: Element is not clickable at point (589, 635)\n  (Session info: chrome-headless-shell=122.0.6261.111)\nStacktrace:\n#0 0x5b4d78336f33 <unknown>\n#1 0x5b4d7802ece6 <unknown>\n#2 0x5b4d78080a73 <unknown>\n#3 0x5b4d7807e98e <unknown>\n#4 0x5b4d7807c367 <unknown>\n#5 0x5b4d7807b732 <unknown>\n#6 0x5b4d7806ed27 <unknown>\n#7 0x5b4d7809beb2 <unknown>\n#8 0x5b4d7806e6b8 <unknown>\n#9 0x5b4d7809c07e <unknown>\n#10 0x5b4d780ba899 <unknown>\n#11 0x5b4d7809bc53 <unknown>\n#12 0x5b4d7806cdb3 <unknown>\n#13 0x5b4d7806d77e <unknown>\n#14 0x5b4d782fc86b <unknown>\n#15 0x5b4d78300885 <unknown>\n#16 0x5b4d782ea181 <unknown>\n#17 0x5b4d78301412 <unknown>\n#18 0x5b4d782ce25f <unknown>\n#19 0x5b4d78325528 <unknown>\n#20 0x5b4d78325723 <unknown>\n#21 0x5b4d783360e4 <unknown>\n#22 0x7a3f17e94ac3 <unknown>","time":{"start":1710452904348,"stop":1710452909989,"duration":5641}},{"uid":"fa8d560948a19ec0","reportUrl":"https://robbrad.github.io/UKBinCollectionData/3.11/1602//#testresult/fa8d560948a19ec0","status":"failed","statusDetails":"selenium.common.exceptions.NoSuchElementException: Message: no such element: Unable to locate element: {\"method\":\"css selector\",\"selector\":\"[id=\"ContentPlaceHolderDefault_ctl13_nptLLPG2_25_addresslookup_txtTmpPostcode\"]\"}\n  (Session info: chrome-headless-shell=122.0.6261.111); For documentation on this error, please visit: https://www.selenium.dev/documentation/webdriver/troubleshooting/errors#no-such-element-exception\nStacktrace:\n#0 0x65409d50df33 <unknown>\n#1 0x65409d205ce6 <unknown>\n#2 0x65409d250e48 <unknown>\n#3 0x65409d250f01 <unknown>\n#4 0x65409d2943f4 <unknown>\n#5 0x65409d272edd <unknown>\n#6 0x65409d291899 <unknown>\n#7 0x65409d272c53 <unknown>\n#8 0x65409d243db3 <unknown>\n#9 0x65409d24477e <unknown>\n#10 0x65409d4d386b <unknown>\n#11 0x65409d4d7885 <unknown>\n#12 0x65409d4c1181 <unknown>\n#13 0x65409d4d8412 <unknown>\n#14 0x65409d4a525f <unknown>\n#15 0x65409d4fc528 <unknown>\n#16 0x65409d4fc723 <unknown>\n#17 0x65409d50d0e4 <unknown>\n#18 0x7ba568294ac3 <unknown>","time":{"start":1710376046869,"stop":1710376053100,"duration":6231}},{"uid":"6a4a9e0052b2ef9","reportUrl":"https://robbrad.github.io/UKBinCollectionData/3.11/1601//#testresult/6a4a9e0052b2ef9","status":"failed","statusDetails":"selenium.common.exceptions.NoSuchElementException: Message: no such element: Unable to locate element: {\"method\":\"css selector\",\"selector\":\"[id=\"ContentPlaceHolderDefault_ctl13_nptLLPG2_25_addresslookup_txtTmpPostcode\"]\"}\n  (Session info: chrome-headless-shell=122.0.6261.111); For documentation on this error, please visit: https://www.selenium.dev/documentation/webdriver/troubleshooting/errors#no-such-element-exception\nStacktrace:\n#0 0x5ca9602dcf33 <unknown>\n#1 0x5ca95ffd4ce6 <unknown>\n#2 0x5ca96001fe48 <unknown>\n#3 0x5ca96001ff01 <unknown>\n#4 0x5ca9600633f4 <unknown>\n#5 0x5ca960041edd <unknown>\n#6 0x5ca960060899 <unknown>\n#7 0x5ca960041c53 <unknown>\n#8 0x5ca960012db3 <unknown>\n#9 0x5ca96001377e <unknown>\n#10 0x5ca9602a286b <unknown>\n#11 0x5ca9602a6885 <unknown>\n#12 0x5ca960290181 <unknown>\n#13 0x5ca9602a7412 <unknown>\n#14 0x5ca96027425f <unknown>\n#15 0x5ca9602cb528 <unknown>\n#16 0x5ca9602cb723 <unknown>\n#17 0x5ca9602dc0e4 <unknown>\n#18 0x7dcdf7a94ac3 <unknown>","time":{"start":1710289637322,"stop":1710289640404,"duration":3082}},{"uid":"5dc15f8aa8d9d6da","reportUrl":"https://robbrad.github.io/UKBinCollectionData/3.11/1600//#testresult/5dc15f8aa8d9d6da","status":"failed","statusDetails":"selenium.common.exceptions.NoSuchElementException: Message: no such element: Unable to locate element: {\"method\":\"css selector\",\"selector\":\"[id=\"ContentPlaceHolderDefault_ctl13_nptLLPG2_25_addresslookup_txtTmpPostcode\"]\"}\n  (Session info: chrome-headless-shell=122.0.6261.94); For documentation on this error, please visit: https://www.selenium.dev/documentation/webdriver/troubleshooting/errors#no-such-element-exception\nStacktrace:\n#0 0x55a65eb19ec3 <unknown>\n#1 0x55a65e811ce6 <unknown>\n#2 0x55a65e85ce48 <unknown>\n#3 0x55a65e85cf01 <unknown>\n#4 0x55a65e8a03f4 <unknown>\n#5 0x55a65e87eedd <unknown>\n#6 0x55a65e89d899 <unknown>\n#7 0x55a65e87ec53 <unknown>\n#8 0x55a65e84fdb3 <unknown>\n#9 0x55a65e85077e <unknown>\n#10 0x55a65eadf7fb <unknown>\n#11 0x55a65eae3815 <unknown>\n#12 0x55a65eacd111 <unknown>\n#13 0x55a65eae43a2 <unknown>\n#14 0x55a65eab11ef <unknown>\n#15 0x55a65eb084b8 <unknown>\n#16 0x55a65eb086b3 <unknown>\n#17 0x55a65eb19074 <unknown>\n#18 0x7fecd0494ac3 <unknown>","time":{"start":1710203276127,"stop":1710203280189,"duration":4062}},{"uid":"92f1080807cd28b9","reportUrl":"https://robbrad.github.io/UKBinCollectionData/3.11/1599//#testresult/92f1080807cd28b9","status":"failed","statusDetails":"selenium.common.exceptions.NoSuchElementException: Message: no such element: Unable to locate element: {\"method\":\"css selector\",\"selector\":\"[id=\"ContentPlaceHolderDefault_ctl13_nptLLPG2_25_addresslookup_txtTmpPostcode\"]\"}\n  (Session info: chrome-headless-shell=122.0.6261.94); For documentation on this error, please visit: https://www.selenium.dev/documentation/webdriver/troubleshooting/errors#no-such-element-exception\nStacktrace:\n#0 0x559b1aefaec3 <unknown>\n#1 0x559b1abf2ce6 <unknown>\n#2 0x559b1ac3de48 <unknown>\n#3 0x559b1ac3df01 <unknown>\n#4 0x559b1ac813f4 <unknown>\n#5 0x559b1ac5fedd <unknown>\n#6 0x559b1ac7e899 <unknown>\n#7 0x559b1ac5fc53 <unknown>\n#8 0x559b1ac30db3 <unknown>\n#9 0x559b1ac3177e <unknown>\n#10 0x559b1aec07fb <unknown>\n#11 0x559b1aec4815 <unknown>\n#12 0x559b1aeae111 <unknown>\n#13 0x559b1aec53a2 <unknown>\n#14 0x559b1ae921ef <unknown>\n#15 0x559b1aee94b8 <unknown>\n#16 0x559b1aee96b3 <unknown>\n#17 0x559b1aefa074 <unknown>\n#18 0x7f9d6e294ac3 <unknown>","time":{"start":1710116935089,"stop":1710116938648,"duration":3559}},{"uid":"8c7c69c0f04fb414","reportUrl":"https://robbrad.github.io/UKBinCollectionData/3.11/1598//#testresult/8c7c69c0f04fb414","status":"failed","statusDetails":"selenium.common.exceptions.NoSuchElementException: Message: no such element: Unable to locate element: {\"method\":\"css selector\",\"selector\":\"[id=\"ContentPlaceHolderDefault_ctl13_nptLLPG2_25_addresslookup_txtTmpPostcode\"]\"}\n  (Session info: chrome-headless-shell=122.0.6261.94); For documentation on this error, please visit: https://www.selenium.dev/documentation/webdriver/troubleshooting/errors#no-such-element-exception\nStacktrace:\n#0 0x55bc321b5ec3 <unknown>\n#1 0x55bc31eadce6 <unknown>\n#2 0x55bc31ef8e48 <unknown>\n#3 0x55bc31ef8f01 <unknown>\n#4 0x55bc31f3c3f4 <unknown>\n#5 0x55bc31f1aedd <unknown>\n#6 0x55bc31f39899 <unknown>\n#7 0x55bc31f1ac53 <unknown>\n#8 0x55bc31eebdb3 <unknown>\n#9 0x55bc31eec77e <unknown>\n#10 0x55bc3217b7fb <unknown>\n#11 0x55bc3217f815 <unknown>\n#12 0x55bc32169111 <unknown>\n#13 0x55bc321803a2 <unknown>\n#14 0x55bc3214d1ef <unknown>\n#15 0x55bc321a44b8 <unknown>\n#16 0x55bc321a46b3 <unknown>\n#17 0x55bc321b5074 <unknown>\n#18 0x7fda2a894ac3 <unknown>","time":{"start":1710030618051,"stop":1710030621060,"duration":3009}},{"uid":"625c471bcf16c58f","reportUrl":"https://robbrad.github.io/UKBinCollectionData/3.11/1597//#testresult/625c471bcf16c58f","status":"failed","statusDetails":"selenium.common.exceptions.NoSuchElementException: Message: no such element: Unable to locate element: {\"method\":\"css selector\",\"selector\":\"[id=\"ContentPlaceHolderDefault_ctl13_nptLLPG2_25_addresslookup_txtTmpPostcode\"]\"}\n  (Session info: chrome-headless-shell=122.0.6261.94); For documentation on this error, please visit: https://www.selenium.dev/documentation/webdriver/troubleshooting/errors#no-such-element-exception\nStacktrace:\n#0 0x557fd7924ec3 <unknown>\n#1 0x557fd761cce6 <unknown>\n#2 0x557fd7667e48 <unknown>\n#3 0x557fd7667f01 <unknown>\n#4 0x557fd76ab3f4 <unknown>\n#5 0x557fd7689edd <unknown>\n#6 0x557fd76a8899 <unknown>\n#7 0x557fd7689c53 <unknown>\n#8 0x557fd765adb3 <unknown>\n#9 0x557fd765b77e <unknown>\n#10 0x557fd78ea7fb <unknown>\n#11 0x557fd78ee815 <unknown>\n#12 0x557fd78d8111 <unknown>\n#13 0x557fd78ef3a2 <unknown>\n#14 0x557fd78bc1ef <unknown>\n#15 0x557fd79134b8 <unknown>\n#16 0x557fd79136b3 <unknown>\n#17 0x557fd7924074 <unknown>\n#18 0x7f7e5bc94ac3 <unknown>","time":{"start":1709944060397,"stop":1709944065574,"duration":5177}},{"uid":"cb3ff8e89ab75a42","reportUrl":"https://robbrad.github.io/UKBinCollectionData/3.11/1596//#testresult/cb3ff8e89ab75a42","status":"failed","statusDetails":"selenium.common.exceptions.NoSuchElementException: Message: no such element: Unable to locate element: {\"method\":\"css selector\",\"selector\":\"[id=\"ContentPlaceHolderDefault_ctl13_nptLLPG2_25_addresslookup_txtTmpPostcode\"]\"}\n  (Session info: chrome-headless-shell=122.0.6261.94); For documentation on this error, please visit: https://www.selenium.dev/documentation/webdriver/troubleshooting/errors#no-such-element-exception\nStacktrace:\n#0 0x5638f2f5bec3 <unknown>\n#1 0x5638f2c53ce6 <unknown>\n#2 0x5638f2c9ee48 <unknown>\n#3 0x5638f2c9ef01 <unknown>\n#4 0x5638f2ce23f4 <unknown>\n#5 0x5638f2cc0edd <unknown>\n#6 0x5638f2cdf899 <unknown>\n#7 0x5638f2cc0c53 <unknown>\n#8 0x5638f2c91db3 <unknown>\n#9 0x5638f2c9277e <unknown>\n#10 0x5638f2f217fb <unknown>\n#11 0x5638f2f25815 <unknown>\n#12 0x5638f2f0f111 <unknown>\n#13 0x5638f2f263a2 <unknown>\n#14 0x5638f2ef31ef <unknown>\n#15 0x5638f2f4a4b8 <unknown>\n#16 0x5638f2f4a6b3 <unknown>\n#17 0x5638f2f5b074 <unknown>\n#18 0x7fc70a294ac3 <unknown>","time":{"start":1709857679012,"stop":1709857684766,"duration":5754}},{"uid":"a2184cdf08c5e3e0","reportUrl":"https://robbrad.github.io/UKBinCollectionData/3.11/1595//#testresult/a2184cdf08c5e3e0","status":"failed","statusDetails":"selenium.common.exceptions.NoSuchElementException: Message: no such element: Unable to locate element: {\"method\":\"css selector\",\"selector\":\"[id=\"ContentPlaceHolderDefault_ctl13_nptLLPG2_25_addresslookup_txtTmpPostcode\"]\"}\n  (Session info: chrome-headless-shell=122.0.6261.94); For documentation on this error, please visit: https://www.selenium.dev/documentation/webdriver/troubleshooting/errors#no-such-element-exception\nStacktrace:\n#0 0x55ec9b46be93 <unknown>\n#1 0x55ec9b163ce6 <unknown>\n#2 0x55ec9b1aee48 <unknown>\n#3 0x55ec9b1aef01 <unknown>\n#4 0x55ec9b1f23f4 <unknown>\n#5 0x55ec9b1d0edd <unknown>\n#6 0x55ec9b1ef899 <unknown>\n#7 0x55ec9b1d0c53 <unknown>\n#8 0x55ec9b1a1db3 <unknown>\n#9 0x55ec9b1a277e <unknown>\n#10 0x55ec9b4317cb <unknown>\n#11 0x55ec9b4357e5 <unknown>\n#12 0x55ec9b41f0e1 <unknown>\n#13 0x55ec9b436372 <unknown>\n#14 0x55ec9b4031bf <unknown>\n#15 0x55ec9b45a488 <unknown>\n#16 0x55ec9b45a683 <unknown>\n#17 0x55ec9b46b044 <unknown>\n#18 0x7f2512894ac3 <unknown>","time":{"start":1709770954466,"stop":1709770958653,"duration":4187}},{"uid":"20d8726df70fd435","reportUrl":"https://robbrad.github.io/UKBinCollectionData/3.11/1594//#testresult/20d8726df70fd435","status":"failed","statusDetails":"selenium.common.exceptions.NoSuchElementException: Message: no such element: Unable to locate element: {\"method\":\"css selector\",\"selector\":\"[id=\"ContentPlaceHolderDefault_ctl13_nptLLPG2_25_addresslookup_txtTmpPostcode\"]\"}\n  (Session info: chrome-headless-shell=122.0.6261.69); For documentation on this error, please visit: https://www.selenium.dev/documentation/webdriver/troubleshooting/errors#no-such-element-exception\nStacktrace:\n#0 0x5573fb631e93 <unknown>\n#1 0x5573fb329ce6 <unknown>\n#2 0x5573fb374e48 <unknown>\n#3 0x5573fb374f01 <unknown>\n#4 0x5573fb3b83f4 <unknown>\n#5 0x5573fb396edd <unknown>\n#6 0x5573fb3b5899 <unknown>\n#7 0x5573fb396c53 <unknown>\n#8 0x5573fb367db3 <unknown>\n#9 0x5573fb36877e <unknown>\n#10 0x5573fb5f77cb <unknown>\n#11 0x5573fb5fb7e5 <unknown>\n#12 0x5573fb5e50e1 <unknown>\n#13 0x5573fb5fc372 <unknown>\n#14 0x5573fb5c91bf <unknown>\n#15 0x5573fb620488 <unknown>\n#16 0x5573fb620683 <unknown>\n#17 0x5573fb631044 <unknown>\n#18 0x7fd98d094ac3 <unknown>","time":{"start":1709684856725,"stop":1709684860298,"duration":3573}},{"uid":"3ee6f3c556dcac25","reportUrl":"https://robbrad.github.io/UKBinCollectionData/3.11/1593//#testresult/3ee6f3c556dcac25","status":"failed","statusDetails":"selenium.common.exceptions.ElementClickInterceptedException: Message: element click intercepted: Element is not clickable at point (589, 627)\n  (Session info: chrome-headless-shell=122.0.6261.69)\nStacktrace:\n#0 0x561ac7222e93 <unknown>\n#1 0x561ac6f1ace6 <unknown>\n#2 0x561ac6f6ca73 <unknown>\n#3 0x561ac6f6a98e <unknown>\n#4 0x561ac6f68367 <unknown>\n#5 0x561ac6f67732 <unknown>\n#6 0x561ac6f5ad27 <unknown>\n#7 0x561ac6f87eb2 <unknown>\n#8 0x561ac6f5a6b8 <unknown>\n#9 0x561ac6f8807e <unknown>\n#10 0x561ac6fa6899 <unknown>\n#11 0x561ac6f87c53 <unknown>\n#12 0x561ac6f58db3 <unknown>\n#13 0x561ac6f5977e <unknown>\n#14 0x561ac71e87cb <unknown>\n#15 0x561ac71ec7e5 <unknown>\n#16 0x561ac71d60e1 <unknown>\n#17 0x561ac71ed372 <unknown>\n#18 0x561ac71ba1bf <unknown>\n#19 0x561ac7211488 <unknown>\n#20 0x561ac7211683 <unknown>\n#21 0x561ac7222044 <unknown>\n#22 0x7f80f7694ac3 <unknown>","time":{"start":1709598422184,"stop":1709598428560,"duration":6376}},{"uid":"f3f5ded41fb2b1ea","reportUrl":"https://robbrad.github.io/UKBinCollectionData/3.11/1592//#testresult/f3f5ded41fb2b1ea","status":"failed","statusDetails":"selenium.common.exceptions.NoSuchElementException: Message: no such element: Unable to locate element: {\"method\":\"css selector\",\"selector\":\"[id=\"ContentPlaceHolderDefault_ctl13_nptLLPG2_25_addresslookup_txtTmpPostcode\"]\"}\n  (Session info: chrome-headless-shell=122.0.6261.69); For documentation on this error, please visit: https://www.selenium.dev/documentation/webdriver/troubleshooting/errors#no-such-element-exception\nStacktrace:\n#0 0x55bc432dde93 <unknown>\n#1 0x55bc42fd5ce6 <unknown>\n#2 0x55bc43020e48 <unknown>\n#3 0x55bc43020f01 <unknown>\n#4 0x55bc430643f4 <unknown>\n#5 0x55bc43042edd <unknown>\n#6 0x55bc43061899 <unknown>\n#7 0x55bc43042c53 <unknown>\n#8 0x55bc43013db3 <unknown>\n#9 0x55bc4301477e <unknown>\n#10 0x55bc432a37cb <unknown>\n#11 0x55bc432a77e5 <unknown>\n#12 0x55bc432910e1 <unknown>\n#13 0x55bc432a8372 <unknown>\n#14 0x55bc432751bf <unknown>\n#15 0x55bc432cc488 <unknown>\n#16 0x55bc432cc683 <unknown>\n#17 0x55bc432dd044 <unknown>\n#18 0x7f3feea94ac3 <unknown>","time":{"start":1709512087637,"stop":1709512090944,"duration":3307}},{"uid":"89427d2200b18f6c","reportUrl":"https://robbrad.github.io/UKBinCollectionData/3.11/1572//#testresult/89427d2200b18f6c","status":"failed","statusDetails":"selenium.common.exceptions.NoSuchElementException: Message: no such element: Unable to locate element: {\"method\":\"css selector\",\"selector\":\"[id=\"ContentPlaceHolderDefault_ctl13_nptLLPG2_25_addresslookup_txtTmpPostcode\"]\"}\n  (Session info: chrome-headless-shell=121.0.6167.184); For documentation on this error, please visit: https://www.selenium.dev/documentation/webdriver/troubleshooting/errors#no-such-element-exception\nStacktrace:\n#0 0x55f5804c4303 <unknown>\n#1 0x55f5801a92b7 <unknown>\n#2 0x55f5801f4cc0 <unknown>\n#3 0x55f5801f4db1 <unknown>\n#4 0x55f580238b44 <unknown>\n#5 0x55f5802173ad <unknown>\n#6 0x55f58023607c <unknown>\n#7 0x55f580217123 <unknown>\n#8 0x55f5801e7095 <unknown>\n#9 0x55f5801e809e <unknown>\n#10 0x55f5804886ab <unknown>\n#11 0x55f58048c4ba <unknown>\n#12 0x55f580474f85 <unknown>\n#13 0x55f58048d12f <unknown>\n#14 0x55f580458e6f <unknown>\n#15 0x55f5804b15f8 <unknown>\n#16 0x55f5804b17c2 <unknown>\n#17 0x55f5804c34a4 <unknown>\n#18 0x7f6dc7e94ac3 <unknown>","time":{"start":1708561643309,"stop":1708561647146,"duration":3837}}]},"tags":[]},"source":"c06bfca1b98c6b93.json","parameterValues":["NeathPortTalbotCouncil","local","http://selenium:4444"]}