{"uid":"fc69969beb033841","name":"Validate Council Output [KnowsleyMBCouncil]","fullName":"features/validate_council_outputs.feature:Validate Council Output","historyId":"56740e3e170c4ada5e89fee4a4334687","time":{"start":1716596928529,"stop":1716596980913,"duration":52384},"status":"failed","statusMessage":"selenium.common.exceptions.NoSuchElementException: Message: no such element: Unable to locate element: {\"method\":\"link text\",\"selector\":\"Choose this address\"}\n  (Session info: chrome-headless-shell=125.0.6422.76); For documentation on this error, please visit: https://www.selenium.dev/documentation/webdriver/troubleshooting/errors#no-such-element-exception\nStacktrace:\n#0 0x55d307180e9a <unknown>\n#1 0x55d306e6a45c <unknown>\n#2 0x55d306eb65b5 <unknown>\n#3 0x55d306eb6671 <unknown>\n#4 0x55d306eaab96 <unknown>\n#5 0x55d306ed94dd <unknown>\n#6 0x55d306eaaa79 <unknown>\n#7 0x55d306ed967e <unknown>\n#8 0x55d306ef82cc <unknown>\n#9 0x55d306ed9253 <unknown>\n#10 0x55d306ea91c7 <unknown>\n#11 0x55d306ea9b3e <unknown>\n#12 0x55d3071472db <unknown>\n#13 0x55d30714b387 <unknown>\n#14 0x55d307133e0e <unknown>\n#15 0x55d30714be52 <unknown>\n#16 0x55d3071187af <unknown>\n#17 0x55d307170188 <unknown>\n#18 0x55d30717035b <unknown>\n#19 0x55d30717ffcc <unknown>\n#20 0x7fbf9a0ddac3 <unknown>","statusTrace":"fixturefunc = <function scrape_step at 0x7fefe97260c0>\nrequest = <FixtureRequest for <Function test_scenario_outline[KnowsleyMBCouncil]>>\nkwargs = {'context': <test_validate_council.context.<locals>.Context object at 0x7fefe924c290>, 'council': 'KnowsleyMBCouncil', 'headless_mode': 'True', 'local_browser': 'False', ...}\n\n    def call_fixture_func(\n        fixturefunc: \"_FixtureFunc[FixtureValue]\", request: FixtureRequest, kwargs\n    ) -> FixtureValue:\n        if is_generator(fixturefunc):\n            fixturefunc = cast(\n                Callable[..., Generator[FixtureValue, None, None]], fixturefunc\n            )\n            generator = fixturefunc(**kwargs)\n            try:\n                fixture_result = next(generator)\n            except StopIteration:\n                raise ValueError(f\"{request.fixturename} did not yield a value\") from None\n            finalizer = functools.partial(_teardown_yield_fixture, fixturefunc, generator)\n            request.addfinalizer(finalizer)\n        else:\n            fixturefunc = cast(Callable[..., FixtureValue], fixturefunc)\n>           fixture_result = fixturefunc(**kwargs)\n\n../../../.cache/pypoetry/virtualenvs/uk-bin-collection-EwS6Gn8s-py3.11/lib/python3.11/site-packages/_pytest/fixtures.py:884: \n_ _ _ _ _ _ _ _ _ _ _ _ _ _ _ _ _ _ _ _ _ _ _ _ _ _ _ _ _ _ _ _ _ _ _ _ _ _ _ _ \nuk_bin_collection/tests/step_defs/test_validate_council.py:76: in scrape_step\n    context.parse_result = CollectData.run()\nuk_bin_collection/uk_bin_collection/collect_data.py:102: in run\n    return self.client_code(\nuk_bin_collection/uk_bin_collection/collect_data.py:121: in client_code\n    return get_bin_data_class.template_method(address_url, **kwargs)\nuk_bin_collection/uk_bin_collection/get_bin_data.py:80: in template_method\n    bin_data_dict = self.parse_data(\nuk_bin_collection/uk_bin_collection/councils/KnowsleyMBCouncil.py:77: in parse_data\n    address_to_select = row.find_element(By.LINK_TEXT, \"Choose this address\")\n../../../.cache/pypoetry/virtualenvs/uk-bin-collection-EwS6Gn8s-py3.11/lib/python3.11/site-packages/selenium/webdriver/remote/webelement.py:417: in find_element\n    return self._execute(Command.FIND_CHILD_ELEMENT, {\"using\": by, \"value\": value})[\"value\"]\n../../../.cache/pypoetry/virtualenvs/uk-bin-collection-EwS6Gn8s-py3.11/lib/python3.11/site-packages/selenium/webdriver/remote/webelement.py:395: in _execute\n    return self._parent.execute(command, params)\n../../../.cache/pypoetry/virtualenvs/uk-bin-collection-EwS6Gn8s-py3.11/lib/python3.11/site-packages/selenium/webdriver/remote/webdriver.py:347: in execute\n    self.error_handler.check_response(response)\n_ _ _ _ _ _ _ _ _ _ _ _ _ _ _ _ _ _ _ _ _ _ _ _ _ _ _ _ _ _ _ _ _ _ _ _ _ _ _ _ \n\nself = <selenium.webdriver.remote.errorhandler.ErrorHandler object at 0x7fefe920edd0>\nresponse = {'status': 404, 'value': '{\"value\":{\"error\":\"no such element\",\"message\":\"no such element: Unable to locate element: {\\...\\\\n#18 0x55d30717035b \\\\u003Cunknown>\\\\n#19 0x55d30717ffcc \\\\u003Cunknown>\\\\n#20 0x7fbf9a0ddac3 \\\\u003Cunknown>\\\\n\"}}'}\n\n    def check_response(self, response: Dict[str, Any]) -> None:\n        \"\"\"Checks that a JSON response from the WebDriver does not have an\n        error.\n    \n        :Args:\n         - response - The JSON response from the WebDriver server as a dictionary\n           object.\n    \n        :Raises: If the response contains an error message.\n        \"\"\"\n        status = response.get(\"status\", None)\n        if not status or status == ErrorCode.SUCCESS:\n            return\n        value = None\n        message = response.get(\"message\", \"\")\n        screen: str = response.get(\"screen\", \"\")\n        stacktrace = None\n        if isinstance(status, int):\n            value_json = response.get(\"value\", None)\n            if value_json and isinstance(value_json, str):\n                import json\n    \n                try:\n                    value = json.loads(value_json)\n                    if len(value) == 1:\n                        value = value[\"value\"]\n                    status = value.get(\"error\", None)\n                    if not status:\n                        status = value.get(\"status\", ErrorCode.UNKNOWN_ERROR)\n                        message = value.get(\"value\") or value.get(\"message\")\n                        if not isinstance(message, str):\n                            value = message\n                            message = message.get(\"message\")\n                    else:\n                        message = value.get(\"message\", None)\n                except ValueError:\n                    pass\n    \n        exception_class: Type[WebDriverException]\n        e = ErrorCode()\n        error_codes = [item for item in dir(e) if not item.startswith(\"__\")]\n        for error_code in error_codes:\n            error_info = getattr(ErrorCode, error_code)\n            if isinstance(error_info, list) and status in error_info:\n                exception_class = getattr(ExceptionMapping, error_code, WebDriverException)\n                break\n        else:\n            exception_class = WebDriverException\n    \n        if not value:\n            value = response[\"value\"]\n        if isinstance(value, str):\n            raise exception_class(value)\n        if message == \"\" and \"message\" in value:\n            message = value[\"message\"]\n    \n        screen = None  # type: ignore[assignment]\n        if \"screen\" in value:\n            screen = value[\"screen\"]\n    \n        stacktrace = None\n        st_value = value.get(\"stackTrace\") or value.get(\"stacktrace\")\n        if st_value:\n            if isinstance(st_value, str):\n                stacktrace = st_value.split(\"\\n\")\n            else:\n                stacktrace = []\n                try:\n                    for frame in st_value:\n                        line = frame.get(\"lineNumber\", \"\")\n                        file = frame.get(\"fileName\", \"<anonymous>\")\n                        if line:\n                            file = f\"{file}:{line}\"\n                        meth = frame.get(\"methodName\", \"<anonymous>\")\n                        if \"className\" in frame:\n                            meth = f\"{frame['className']}.{meth}\"\n                        msg = \"    at %s (%s)\"\n                        msg = msg % (meth, file)\n                        stacktrace.append(msg)\n                except TypeError:\n                    pass\n        if exception_class == UnexpectedAlertPresentException:\n            alert_text = None\n            if \"data\" in value:\n                alert_text = value[\"data\"].get(\"text\")\n            elif \"alert\" in value:\n                alert_text = value[\"alert\"].get(\"text\")\n            raise exception_class(message, screen, stacktrace, alert_text)  # type: ignore[call-arg]  # mypy is not smart enough here\n>       raise exception_class(message, screen, stacktrace)\nE       selenium.common.exceptions.NoSuchElementException: Message: no such element: Unable to locate element: {\"method\":\"link text\",\"selector\":\"Choose this address\"}\nE         (Session info: chrome-headless-shell=125.0.6422.76); For documentation on this error, please visit: https://www.selenium.dev/documentation/webdriver/troubleshooting/errors#no-such-element-exception\nE       Stacktrace:\nE       #0 0x55d307180e9a <unknown>\nE       #1 0x55d306e6a45c <unknown>\nE       #2 0x55d306eb65b5 <unknown>\nE       #3 0x55d306eb6671 <unknown>\nE       #4 0x55d306eaab96 <unknown>\nE       #5 0x55d306ed94dd <unknown>\nE       #6 0x55d306eaaa79 <unknown>\nE       #7 0x55d306ed967e <unknown>\nE       #8 0x55d306ef82cc <unknown>\nE       #9 0x55d306ed9253 <unknown>\nE       #10 0x55d306ea91c7 <unknown>\nE       #11 0x55d306ea9b3e <unknown>\nE       #12 0x55d3071472db <unknown>\nE       #13 0x55d30714b387 <unknown>\nE       #14 0x55d307133e0e <unknown>\nE       #15 0x55d30714be52 <unknown>\nE       #16 0x55d3071187af <unknown>\nE       #17 0x55d307170188 <unknown>\nE       #18 0x55d30717035b <unknown>\nE       #19 0x55d30717ffcc <unknown>\nE       #20 0x7fbf9a0ddac3 <unknown>\n\n../../../.cache/pypoetry/virtualenvs/uk-bin-collection-EwS6Gn8s-py3.11/lib/python3.11/site-packages/selenium/webdriver/remote/errorhandler.py:229: NoSuchElementException","flaky":false,"newFailed":false,"newBroken":false,"newPassed":false,"retriesCount":0,"retriesStatusChange":false,"beforeStages":[],"testStage":{"status":"failed","statusMessage":"selenium.common.exceptions.NoSuchElementException: Message: no such element: Unable to locate element: {\"method\":\"link text\",\"selector\":\"Choose this address\"}\n  (Session info: chrome-headless-shell=125.0.6422.76); For documentation on this error, please visit: https://www.selenium.dev/documentation/webdriver/troubleshooting/errors#no-such-element-exception\nStacktrace:\n#0 0x55d307180e9a <unknown>\n#1 0x55d306e6a45c <unknown>\n#2 0x55d306eb65b5 <unknown>\n#3 0x55d306eb6671 <unknown>\n#4 0x55d306eaab96 <unknown>\n#5 0x55d306ed94dd <unknown>\n#6 0x55d306eaaa79 <unknown>\n#7 0x55d306ed967e <unknown>\n#8 0x55d306ef82cc <unknown>\n#9 0x55d306ed9253 <unknown>\n#10 0x55d306ea91c7 <unknown>\n#11 0x55d306ea9b3e <unknown>\n#12 0x55d3071472db <unknown>\n#13 0x55d30714b387 <unknown>\n#14 0x55d307133e0e <unknown>\n#15 0x55d30714be52 <unknown>\n#16 0x55d3071187af <unknown>\n#17 0x55d307170188 <unknown>\n#18 0x55d30717035b <unknown>\n#19 0x55d30717ffcc <unknown>\n#20 0x7fbf9a0ddac3 <unknown>","statusTrace":"fixturefunc = <function scrape_step at 0x7fefe97260c0>\nrequest = <FixtureRequest for <Function test_scenario_outline[KnowsleyMBCouncil]>>\nkwargs = {'context': <test_validate_council.context.<locals>.Context object at 0x7fefe924c290>, 'council': 'KnowsleyMBCouncil', 'headless_mode': 'True', 'local_browser': 'False', ...}\n\n    def call_fixture_func(\n        fixturefunc: \"_FixtureFunc[FixtureValue]\", request: FixtureRequest, kwargs\n    ) -> FixtureValue:\n        if is_generator(fixturefunc):\n            fixturefunc = cast(\n                Callable[..., Generator[FixtureValue, None, None]], fixturefunc\n            )\n            generator = fixturefunc(**kwargs)\n            try:\n                fixture_result = next(generator)\n            except StopIteration:\n                raise ValueError(f\"{request.fixturename} did not yield a value\") from None\n            finalizer = functools.partial(_teardown_yield_fixture, fixturefunc, generator)\n            request.addfinalizer(finalizer)\n        else:\n            fixturefunc = cast(Callable[..., FixtureValue], fixturefunc)\n>           fixture_result = fixturefunc(**kwargs)\n\n../../../.cache/pypoetry/virtualenvs/uk-bin-collection-EwS6Gn8s-py3.11/lib/python3.11/site-packages/_pytest/fixtures.py:884: \n_ _ _ _ _ _ _ _ _ _ _ _ _ _ _ _ _ _ _ _ _ _ _ _ _ _ _ _ _ _ _ _ _ _ _ _ _ _ _ _ \nuk_bin_collection/tests/step_defs/test_validate_council.py:76: in scrape_step\n    context.parse_result = CollectData.run()\nuk_bin_collection/uk_bin_collection/collect_data.py:102: in run\n    return self.client_code(\nuk_bin_collection/uk_bin_collection/collect_data.py:121: in client_code\n    return get_bin_data_class.template_method(address_url, **kwargs)\nuk_bin_collection/uk_bin_collection/get_bin_data.py:80: in template_method\n    bin_data_dict = self.parse_data(\nuk_bin_collection/uk_bin_collection/councils/KnowsleyMBCouncil.py:77: in parse_data\n    address_to_select = row.find_element(By.LINK_TEXT, \"Choose this address\")\n../../../.cache/pypoetry/virtualenvs/uk-bin-collection-EwS6Gn8s-py3.11/lib/python3.11/site-packages/selenium/webdriver/remote/webelement.py:417: in find_element\n    return self._execute(Command.FIND_CHILD_ELEMENT, {\"using\": by, \"value\": value})[\"value\"]\n../../../.cache/pypoetry/virtualenvs/uk-bin-collection-EwS6Gn8s-py3.11/lib/python3.11/site-packages/selenium/webdriver/remote/webelement.py:395: in _execute\n    return self._parent.execute(command, params)\n../../../.cache/pypoetry/virtualenvs/uk-bin-collection-EwS6Gn8s-py3.11/lib/python3.11/site-packages/selenium/webdriver/remote/webdriver.py:347: in execute\n    self.error_handler.check_response(response)\n_ _ _ _ _ _ _ _ _ _ _ _ _ _ _ _ _ _ _ _ _ _ _ _ _ _ _ _ _ _ _ _ _ _ _ _ _ _ _ _ \n\nself = <selenium.webdriver.remote.errorhandler.ErrorHandler object at 0x7fefe920edd0>\nresponse = {'status': 404, 'value': '{\"value\":{\"error\":\"no such element\",\"message\":\"no such element: Unable to locate element: {\\...\\\\n#18 0x55d30717035b \\\\u003Cunknown>\\\\n#19 0x55d30717ffcc \\\\u003Cunknown>\\\\n#20 0x7fbf9a0ddac3 \\\\u003Cunknown>\\\\n\"}}'}\n\n    def check_response(self, response: Dict[str, Any]) -> None:\n        \"\"\"Checks that a JSON response from the WebDriver does not have an\n        error.\n    \n        :Args:\n         - response - The JSON response from the WebDriver server as a dictionary\n           object.\n    \n        :Raises: If the response contains an error message.\n        \"\"\"\n        status = response.get(\"status\", None)\n        if not status or status == ErrorCode.SUCCESS:\n            return\n        value = None\n        message = response.get(\"message\", \"\")\n        screen: str = response.get(\"screen\", \"\")\n        stacktrace = None\n        if isinstance(status, int):\n            value_json = response.get(\"value\", None)\n            if value_json and isinstance(value_json, str):\n                import json\n    \n                try:\n                    value = json.loads(value_json)\n                    if len(value) == 1:\n                        value = value[\"value\"]\n                    status = value.get(\"error\", None)\n                    if not status:\n                        status = value.get(\"status\", ErrorCode.UNKNOWN_ERROR)\n                        message = value.get(\"value\") or value.get(\"message\")\n                        if not isinstance(message, str):\n                            value = message\n                            message = message.get(\"message\")\n                    else:\n                        message = value.get(\"message\", None)\n                except ValueError:\n                    pass\n    \n        exception_class: Type[WebDriverException]\n        e = ErrorCode()\n        error_codes = [item for item in dir(e) if not item.startswith(\"__\")]\n        for error_code in error_codes:\n            error_info = getattr(ErrorCode, error_code)\n            if isinstance(error_info, list) and status in error_info:\n                exception_class = getattr(ExceptionMapping, error_code, WebDriverException)\n                break\n        else:\n            exception_class = WebDriverException\n    \n        if not value:\n            value = response[\"value\"]\n        if isinstance(value, str):\n            raise exception_class(value)\n        if message == \"\" and \"message\" in value:\n            message = value[\"message\"]\n    \n        screen = None  # type: ignore[assignment]\n        if \"screen\" in value:\n            screen = value[\"screen\"]\n    \n        stacktrace = None\n        st_value = value.get(\"stackTrace\") or value.get(\"stacktrace\")\n        if st_value:\n            if isinstance(st_value, str):\n                stacktrace = st_value.split(\"\\n\")\n            else:\n                stacktrace = []\n                try:\n                    for frame in st_value:\n                        line = frame.get(\"lineNumber\", \"\")\n                        file = frame.get(\"fileName\", \"<anonymous>\")\n                        if line:\n                            file = f\"{file}:{line}\"\n                        meth = frame.get(\"methodName\", \"<anonymous>\")\n                        if \"className\" in frame:\n                            meth = f\"{frame['className']}.{meth}\"\n                        msg = \"    at %s (%s)\"\n                        msg = msg % (meth, file)\n                        stacktrace.append(msg)\n                except TypeError:\n                    pass\n        if exception_class == UnexpectedAlertPresentException:\n            alert_text = None\n            if \"data\" in value:\n                alert_text = value[\"data\"].get(\"text\")\n            elif \"alert\" in value:\n                alert_text = value[\"alert\"].get(\"text\")\n            raise exception_class(message, screen, stacktrace, alert_text)  # type: ignore[call-arg]  # mypy is not smart enough here\n>       raise exception_class(message, screen, stacktrace)\nE       selenium.common.exceptions.NoSuchElementException: Message: no such element: Unable to locate element: {\"method\":\"link text\",\"selector\":\"Choose this address\"}\nE         (Session info: chrome-headless-shell=125.0.6422.76); For documentation on this error, please visit: https://www.selenium.dev/documentation/webdriver/troubleshooting/errors#no-such-element-exception\nE       Stacktrace:\nE       #0 0x55d307180e9a <unknown>\nE       #1 0x55d306e6a45c <unknown>\nE       #2 0x55d306eb65b5 <unknown>\nE       #3 0x55d306eb6671 <unknown>\nE       #4 0x55d306eaab96 <unknown>\nE       #5 0x55d306ed94dd <unknown>\nE       #6 0x55d306eaaa79 <unknown>\nE       #7 0x55d306ed967e <unknown>\nE       #8 0x55d306ef82cc <unknown>\nE       #9 0x55d306ed9253 <unknown>\nE       #10 0x55d306ea91c7 <unknown>\nE       #11 0x55d306ea9b3e <unknown>\nE       #12 0x55d3071472db <unknown>\nE       #13 0x55d30714b387 <unknown>\nE       #14 0x55d307133e0e <unknown>\nE       #15 0x55d30714be52 <unknown>\nE       #16 0x55d3071187af <unknown>\nE       #17 0x55d307170188 <unknown>\nE       #18 0x55d30717035b <unknown>\nE       #19 0x55d30717ffcc <unknown>\nE       #20 0x7fbf9a0ddac3 <unknown>\n\n../../../.cache/pypoetry/virtualenvs/uk-bin-collection-EwS6Gn8s-py3.11/lib/python3.11/site-packages/selenium/webdriver/remote/errorhandler.py:229: NoSuchElementException","steps":[{"name":"Given the council: KnowsleyMBCouncil","time":{"start":1716596928529,"stop":1716596928530,"duration":1},"status":"passed","steps":[],"attachments":[],"parameters":[],"shouldDisplayMessage":false,"stepsCount":0,"attachmentsCount":0,"hasContent":false,"attachmentStep":false},{"name":"When we scrape the data from KnowsleyMBCouncil","time":{"start":1716596928530,"stop":1716596980913,"duration":52383},"status":"failed","statusMessage":"Message: no such element: Unable to locate element: {\"method\":\"link text\",\"selector\":\"Choose this address\"}\n  (Session info: chrome-headless-shell=125.0.6422.76); For documentation on this error, please visit: https://www.selenium.dev/documentation/webdriver/troubleshooting/errors#no-such-element-exception\nStacktrace:\n#0 0x55d307180e9a <unknown>\n#1 0x55d306e6a45c <unknown>\n#2 0x55d306eb65b5 <unknown>\n#3 0x55d306eb6671 <unknown>\n#4 0x55d306eaab96 <unknown>\n#5 0x55d306ed94dd <unknown>\n#6 0x55d306eaaa79 <unknown>\n#7 0x55d306ed967e <unknown>\n#8 0x55d306ef82cc <unknown>\n#9 0x55d306ed9253 <unknown>\n#10 0x55d306ea91c7 <unknown>\n#11 0x55d306ea9b3e <unknown>\n#12 0x55d3071472db <unknown>\n#13 0x55d30714b387 <unknown>\n#14 0x55d307133e0e <unknown>\n#15 0x55d30714be52 <unknown>\n#16 0x55d3071187af <unknown>\n#17 0x55d307170188 <unknown>\n#18 0x55d30717035b <unknown>\n#19 0x55d30717ffcc <unknown>\n#20 0x7fbf9a0ddac3 <unknown>\n","statusTrace":"selenium.common.exceptions.NoSuchElementException: Message: no such element: Unable to locate element: {\"method\":\"link text\",\"selector\":\"Choose this address\"}\n  (Session info: chrome-headless-shell=125.0.6422.76); For documentation on this error, please visit: https://www.selenium.dev/documentation/webdriver/troubleshooting/errors#no-such-element-exception\nStacktrace:\n#0 0x55d307180e9a <unknown>\n#1 0x55d306e6a45c <unknown>\n#2 0x55d306eb65b5 <unknown>\n#3 0x55d306eb6671 <unknown>\n#4 0x55d306eaab96 <unknown>\n#5 0x55d306ed94dd <unknown>\n#6 0x55d306eaaa79 <unknown>\n#7 0x55d306ed967e <unknown>\n#8 0x55d306ef82cc <unknown>\n#9 0x55d306ed9253 <unknown>\n#10 0x55d306ea91c7 <unknown>\n#11 0x55d306ea9b3e <unknown>\n#12 0x55d3071472db <unknown>\n#13 0x55d30714b387 <unknown>\n#14 0x55d307133e0e <unknown>\n#15 0x55d30714be52 <unknown>\n#16 0x55d3071187af <unknown>\n#17 0x55d307170188 <unknown>\n#18 0x55d30717035b <unknown>\n#19 0x55d30717ffcc <unknown>\n#20 0x7fbf9a0ddac3 <unknown>\n\n","steps":[],"attachments":[],"parameters":[],"shouldDisplayMessage":true,"stepsCount":0,"attachmentsCount":0,"hasContent":true,"attachmentStep":false}],"attachments":[{"uid":"c67c2199603b14ec","name":"stdout","source":"c67c2199603b14ec.txt","type":"text/plain","size":939}],"parameters":[],"shouldDisplayMessage":true,"stepsCount":2,"attachmentsCount":1,"hasContent":true,"attachmentStep":false},"afterStages":[],"labels":[{"name":"host","value":"fv-az1240-625"},{"name":"thread","value":"2785-MainThread"},{"name":"framework","value":"pytest-bdd"},{"name":"language","value":"cpython3"},{"name":"feature","value":"Test each council output matches expected results"},{"name":"resultFormat","value":"allure2"}],"parameters":[{"name":"council","value":"KnowsleyMBCouncil"}],"links":[],"hidden":false,"retry":false,"extra":{"severity":"normal","retries":[],"categories":[{"name":"Product defects","matchedStatuses":[],"flaky":false}],"history":{"statistic":{"failed":12,"broken":0,"skipped":0,"passed":0,"unknown":0,"total":12},"items":[{"uid":"7c68e52e93a19365","reportUrl":"https://robbrad.github.io/UKBinCollectionData/3.11/1856//#testresult/7c68e52e93a19365","status":"failed","statusDetails":"ValueError: time data '' does not match format '%A %d/%m/%Y'","time":{"start":1716510585048,"stop":1716510634760,"duration":49712}},{"uid":"b75f0a5256b0e80","reportUrl":"https://robbrad.github.io/UKBinCollectionData/3.11/1855//#testresult/b75f0a5256b0e80","status":"failed","statusDetails":"ValueError: time data '' does not match format '%A %d/%m/%Y'","time":{"start":1716424297504,"stop":1716424317585,"duration":20081}},{"uid":"547edf6ee51c2dcd","reportUrl":"https://robbrad.github.io/UKBinCollectionData/3.11/1854//#testresult/547edf6ee51c2dcd","status":"failed","statusDetails":"ValueError: time data '' does not match format '%A %d/%m/%Y'","time":{"start":1716337707549,"stop":1716337758506,"duration":50957}},{"uid":"3f196687c7a2c4b6","reportUrl":"https://robbrad.github.io/UKBinCollectionData/3.11/1853//#testresult/3f196687c7a2c4b6","status":"failed","statusDetails":"selenium.common.exceptions.NoSuchElementException: Message: no such element: Unable to locate element: {\"method\":\"link text\",\"selector\":\"Choose this address\"}\n  (Session info: chrome-headless-shell=125.0.6422.60); For documentation on this error, please visit: https://www.selenium.dev/documentation/webdriver/troubleshooting/errors#no-such-element-exception\nStacktrace:\n#0 0x558283a1ceca <unknown>\n#1 0x55828370645c <unknown>\n#2 0x5582837525b5 <unknown>\n#3 0x558283752671 <unknown>\n#4 0x558283746b96 <unknown>\n#5 0x5582837754dd <unknown>\n#6 0x558283746a79 <unknown>\n#7 0x55828377567e <unknown>\n#8 0x5582837942cc <unknown>\n#9 0x558283775253 <unknown>\n#10 0x5582837451c7 <unknown>\n#11 0x558283745b3e <unknown>\n#12 0x5582839e330b <unknown>\n#13 0x5582839e73b7 <unknown>\n#14 0x5582839cfe3e <unknown>\n#15 0x5582839e7e82 <unknown>\n#16 0x5582839b47df <unknown>\n#17 0x558283a0c1b8 <unknown>\n#18 0x558283a0c38b <unknown>\n#19 0x558283a1bffc <unknown>\n#20 0x7ffb73095ac3 <unknown>","time":{"start":1716251417292,"stop":1716251433292,"duration":16000}},{"uid":"af263acba9365ca0","reportUrl":"https://robbrad.github.io/UKBinCollectionData/3.11/1852//#testresult/af263acba9365ca0","status":"failed","statusDetails":"ValueError: time data '' does not match format '%A %d/%m/%Y'","time":{"start":1716164967468,"stop":1716165017728,"duration":50260}},{"uid":"1610fab723ece32f","reportUrl":"https://robbrad.github.io/UKBinCollectionData/3.11/1851//#testresult/1610fab723ece32f","status":"failed","statusDetails":"selenium.common.exceptions.NoSuchElementException: Message: no such element: Unable to locate element: {\"method\":\"link text\",\"selector\":\"Choose this address\"}\n  (Session info: chrome-headless-shell=125.0.6422.60); For documentation on this error, please visit: https://www.selenium.dev/documentation/webdriver/troubleshooting/errors#no-such-element-exception\nStacktrace:\n#0 0x55ced141deca <unknown>\n#1 0x55ced110745c <unknown>\n#2 0x55ced11535b5 <unknown>\n#3 0x55ced1153671 <unknown>\n#4 0x55ced1147b96 <unknown>\n#5 0x55ced11764dd <unknown>\n#6 0x55ced1147a79 <unknown>\n#7 0x55ced117667e <unknown>\n#8 0x55ced11952cc <unknown>\n#9 0x55ced1176253 <unknown>\n#10 0x55ced11461c7 <unknown>\n#11 0x55ced1146b3e <unknown>\n#12 0x55ced13e430b <unknown>\n#13 0x55ced13e83b7 <unknown>\n#14 0x55ced13d0e3e <unknown>\n#15 0x55ced13e8e82 <unknown>\n#16 0x55ced13b57df <unknown>\n#17 0x55ced140d1b8 <unknown>\n#18 0x55ced140d38b <unknown>\n#19 0x55ced141cffc <unknown>\n#20 0x7f6aadd72ac3 <unknown>","time":{"start":1716154950779,"stop":1716155035247,"duration":84468}},{"uid":"ea2cff030f77781e","reportUrl":"https://robbrad.github.io/UKBinCollectionData/3.11/1849//#testresult/ea2cff030f77781e","status":"failed","statusDetails":"ValueError: time data '' does not match format '%A %d/%m/%Y'","time":{"start":1716152620122,"stop":1716152653204,"duration":33082}},{"uid":"504a66c32c09f9d1","reportUrl":"https://robbrad.github.io/UKBinCollectionData/3.11/1846//#testresult/504a66c32c09f9d1","status":"failed","statusDetails":"selenium.common.exceptions.NoSuchElementException: Message: no such element: Unable to locate element: {\"method\":\"link text\",\"selector\":\"Choose this address\"}\n  (Session info: chrome-headless-shell=125.0.6422.60); For documentation on this error, please visit: https://www.selenium.dev/documentation/webdriver/troubleshooting/errors#no-such-element-exception\nStacktrace:\n#0 0x556706eb8eca <unknown>\n#1 0x556706ba245c <unknown>\n#2 0x556706bee5b5 <unknown>\n#3 0x556706bee671 <unknown>\n#4 0x556706be2b96 <unknown>\n#5 0x556706c114dd <unknown>\n#6 0x556706be2a79 <unknown>\n#7 0x556706c1167e <unknown>\n#8 0x556706c302cc <unknown>\n#9 0x556706c11253 <unknown>\n#10 0x556706be11c7 <unknown>\n#11 0x556706be1b3e <unknown>\n#12 0x556706e7f30b <unknown>\n#13 0x556706e833b7 <unknown>\n#14 0x556706e6be3e <unknown>\n#15 0x556706e83e82 <unknown>\n#16 0x556706e507df <unknown>\n#17 0x556706ea81b8 <unknown>\n#18 0x556706ea838b <unknown>\n#19 0x556706eb7ffc <unknown>\n#20 0x7f18372e5ac3 <unknown>","time":{"start":1716079016996,"stop":1716079107503,"duration":90507}},{"uid":"7c2c262fbc1ad761","reportUrl":"https://robbrad.github.io/UKBinCollectionData/3.11/1842//#testresult/7c2c262fbc1ad761","status":"failed","statusDetails":"selenium.common.exceptions.NoSuchElementException: Message: no such element: Unable to locate element: {\"method\":\"link text\",\"selector\":\"Choose this address\"}\n  (Session info: chrome-headless-shell=125.0.6422.60); For documentation on this error, please visit: https://www.selenium.dev/documentation/webdriver/troubleshooting/errors#no-such-element-exception\nStacktrace:\n#0 0x5566f1a89eca <unknown>\n#1 0x5566f177345c <unknown>\n#2 0x5566f17bf5b5 <unknown>\n#3 0x5566f17bf671 <unknown>\n#4 0x5566f17b3b96 <unknown>\n#5 0x5566f17e24dd <unknown>\n#6 0x5566f17b3a79 <unknown>\n#7 0x5566f17e267e <unknown>\n#8 0x5566f18012cc <unknown>\n#9 0x5566f17e2253 <unknown>\n#10 0x5566f17b21c7 <unknown>\n#11 0x5566f17b2b3e <unknown>\n#12 0x5566f1a5030b <unknown>\n#13 0x5566f1a543b7 <unknown>\n#14 0x5566f1a3ce3e <unknown>\n#15 0x5566f1a54e82 <unknown>\n#16 0x5566f1a217df <unknown>\n#17 0x5566f1a791b8 <unknown>\n#18 0x5566f1a7938b <unknown>\n#19 0x5566f1a88ffc <unknown>\n#20 0x7f1067657ac3 <unknown>","time":{"start":1715992122279,"stop":1715992169653,"duration":47374}},{"uid":"889b2abd9d8f0c9b","reportUrl":"https://robbrad.github.io/UKBinCollectionData/3.11/1839//#testresult/889b2abd9d8f0c9b","status":"failed","statusDetails":"selenium.common.exceptions.NoSuchElementException: Message: no such element: Unable to locate element: {\"method\":\"link text\",\"selector\":\"Choose this address\"}\n  (Session info: chrome-headless-shell=125.0.6422.60); For documentation on this error, please visit: https://www.selenium.dev/documentation/webdriver/troubleshooting/errors#no-such-element-exception\nStacktrace:\n#0 0x564ea9496eca <unknown>\n#1 0x564ea918045c <unknown>\n#2 0x564ea91cc5b5 <unknown>\n#3 0x564ea91cc671 <unknown>\n#4 0x564ea91c0b96 <unknown>\n#5 0x564ea91ef4dd <unknown>\n#6 0x564ea91c0a79 <unknown>\n#7 0x564ea91ef67e <unknown>\n#8 0x564ea920e2cc <unknown>\n#9 0x564ea91ef253 <unknown>\n#10 0x564ea91bf1c7 <unknown>\n#11 0x564ea91bfb3e <unknown>\n#12 0x564ea945d30b <unknown>\n#13 0x564ea94613b7 <unknown>\n#14 0x564ea9449e3e <unknown>\n#15 0x564ea9461e82 <unknown>\n#16 0x564ea942e7df <unknown>\n#17 0x564ea94861b8 <unknown>\n#18 0x564ea948638b <unknown>\n#19 0x564ea9495ffc <unknown>\n#20 0x7f1c2204bac3 <unknown>","time":{"start":1715983274646,"stop":1715983332954,"duration":58308}},{"uid":"6cec04b9189e58a5","reportUrl":"https://robbrad.github.io/UKBinCollectionData/3.11/1834//#testresult/6cec04b9189e58a5","status":"failed","statusDetails":"ValueError: time data '' does not match format '%A %d/%m/%Y'","time":{"start":1715973711571,"stop":1715973768031,"duration":56460}}]},"tags":[]},"source":"fc69969beb033841.json","parameterValues":["KnowsleyMBCouncil"]}