{"uid":"eaf83bbef5fe0f88","name":"Validate Council Output [KirkleesCouncil-http://selenium:4444-local]","fullName":"features/validate_council_outputs.feature:Validate Council Output","historyId":"950727f32ad41265e0b99afd8b157304","time":{"start":1711276724168,"stop":1711276732922,"duration":8754},"status":"failed","statusMessage":"selenium.common.exceptions.TimeoutException: Message: \nStacktrace:\n#0 0x5645f2eaef33 <unknown>\n#1 0x5645f2ba6ce6 <unknown>\n#2 0x5645f2bf1e48 <unknown>\n#3 0x5645f2bf1f01 <unknown>\n#4 0x5645f2c353f4 <unknown>\n#5 0x5645f2c13edd <unknown>\n#6 0x5645f2c32899 <unknown>\n#7 0x5645f2c13c53 <unknown>\n#8 0x5645f2be4db3 <unknown>\n#9 0x5645f2be577e <unknown>\n#10 0x5645f2e7486b <unknown>\n#11 0x5645f2e78885 <unknown>\n#12 0x5645f2e62181 <unknown>\n#13 0x5645f2e79412 <unknown>\n#14 0x5645f2e4625f <unknown>\n#15 0x5645f2e9d528 <unknown>\n#16 0x5645f2e9d723 <unknown>\n#17 0x5645f2eae0e4 <unknown>\n#18 0x7f8759e94ac3 <unknown>","statusTrace":"fixturefunc = <function scrape_step at 0x7f76dac6c9a0>\nrequest = <FixtureRequest for <Function test_scenario_outline[KirkleesCouncil-http://selenium:4444-local]>>\nkwargs = {'context': <test_validate_council.context.<locals>.Context object at 0x7f76daccc5d0>, 'council': 'KirkleesCouncil', 'selenium_mode': 'local', 'selenium_url': 'http://selenium:4444'}\n\n    def call_fixture_func(\n        fixturefunc: \"_FixtureFunc[FixtureValue]\", request: FixtureRequest, kwargs\n    ) -> FixtureValue:\n        if is_generator(fixturefunc):\n            fixturefunc = cast(\n                Callable[..., Generator[FixtureValue, None, None]], fixturefunc\n            )\n            generator = fixturefunc(**kwargs)\n            try:\n                fixture_result = next(generator)\n            except StopIteration:\n                raise ValueError(f\"{request.fixturename} did not yield a value\") from None\n            finalizer = functools.partial(_teardown_yield_fixture, fixturefunc, generator)\n            request.addfinalizer(finalizer)\n        else:\n            fixturefunc = cast(Callable[..., FixtureValue], fixturefunc)\n>           fixture_result = fixturefunc(**kwargs)\n\n../../../.cache/pypoetry/virtualenvs/uk-bin-collection-EwS6Gn8s-py3.11/lib/python3.11/site-packages/_pytest/fixtures.py:902: \n_ _ _ _ _ _ _ _ _ _ _ _ _ _ _ _ _ _ _ _ _ _ _ _ _ _ _ _ _ _ _ _ _ _ _ _ _ _ _ _ \nuk_bin_collection/tests/step_defs/test_validate_council.py:92: in scrape_step\n    context.parse_result = CollectData.run()\nuk_bin_collection/uk_bin_collection/collect_data.py:96: in run\n    return self.client_code(\nuk_bin_collection/uk_bin_collection/collect_data.py:115: in client_code\n    return get_bin_data_class.template_method(address_url, **kwargs)\nuk_bin_collection/uk_bin_collection/get_bin_data.py:78: in template_method\n    bin_data_dict = self.parse_data(\nuk_bin_collection/uk_bin_collection/councils/KirkleesCouncil.py:41: in parse_data\n    return self._parse_data(*args, **kwargs)\nuk_bin_collection/uk_bin_collection/councils/KirkleesCouncil.py:72: in _parse_data\n    wait_for_element(\nuk_bin_collection/uk_bin_collection/councils/KirkleesCouncil.py:18: in wait_for_element\n    wait_for_element_conditions(driver, element_present, timeout=timeout)\nuk_bin_collection/uk_bin_collection/councils/KirkleesCouncil.py:23: in wait_for_element_conditions\n    WebDriverWait(driver, timeout).until(conditions)\n_ _ _ _ _ _ _ _ _ _ _ _ _ _ _ _ _ _ _ _ _ _ _ _ _ _ _ _ _ _ _ _ _ _ _ _ _ _ _ _ \n\nself = <selenium.webdriver.support.wait.WebDriverWait (session=\"b01019ef826542012516016ade1c2316\")>\nmethod = <function presence_of_element_located.<locals>._predicate at 0x7f76edb45da0>\nmessage = ''\n\n    def until(self, method, message: str = \"\"):\n        \"\"\"Calls the method provided with the driver as an argument until the \\\n        return value does not evaluate to ``False``.\n    \n        :param method: callable(WebDriver)\n        :param message: optional message for :exc:`TimeoutException`\n        :returns: the result of the last call to `method`\n        :raises: :exc:`selenium.common.exceptions.TimeoutException` if timeout occurs\n        \"\"\"\n        screen = None\n        stacktrace = None\n    \n        end_time = time.monotonic() + self._timeout\n        while True:\n            try:\n                value = method(self._driver)\n                if value:\n                    return value\n            except self._ignored_exceptions as exc:\n                screen = getattr(exc, \"screen\", None)\n                stacktrace = getattr(exc, \"stacktrace\", None)\n            time.sleep(self._poll)\n            if time.monotonic() > end_time:\n                break\n>       raise TimeoutException(message, screen, stacktrace)\nE       selenium.common.exceptions.TimeoutException: Message: \nE       Stacktrace:\nE       #0 0x5645f2eaef33 <unknown>\nE       #1 0x5645f2ba6ce6 <unknown>\nE       #2 0x5645f2bf1e48 <unknown>\nE       #3 0x5645f2bf1f01 <unknown>\nE       #4 0x5645f2c353f4 <unknown>\nE       #5 0x5645f2c13edd <unknown>\nE       #6 0x5645f2c32899 <unknown>\nE       #7 0x5645f2c13c53 <unknown>\nE       #8 0x5645f2be4db3 <unknown>\nE       #9 0x5645f2be577e <unknown>\nE       #10 0x5645f2e7486b <unknown>\nE       #11 0x5645f2e78885 <unknown>\nE       #12 0x5645f2e62181 <unknown>\nE       #13 0x5645f2e79412 <unknown>\nE       #14 0x5645f2e4625f <unknown>\nE       #15 0x5645f2e9d528 <unknown>\nE       #16 0x5645f2e9d723 <unknown>\nE       #17 0x5645f2eae0e4 <unknown>\nE       #18 0x7f8759e94ac3 <unknown>\n\n../../../.cache/pypoetry/virtualenvs/uk-bin-collection-EwS6Gn8s-py3.11/lib/python3.11/site-packages/selenium/webdriver/support/wait.py:95: TimeoutException","flaky":false,"newFailed":false,"newBroken":false,"newPassed":false,"retriesCount":0,"retriesStatusChange":false,"beforeStages":[],"testStage":{"status":"failed","statusMessage":"selenium.common.exceptions.TimeoutException: Message: \nStacktrace:\n#0 0x5645f2eaef33 <unknown>\n#1 0x5645f2ba6ce6 <unknown>\n#2 0x5645f2bf1e48 <unknown>\n#3 0x5645f2bf1f01 <unknown>\n#4 0x5645f2c353f4 <unknown>\n#5 0x5645f2c13edd <unknown>\n#6 0x5645f2c32899 <unknown>\n#7 0x5645f2c13c53 <unknown>\n#8 0x5645f2be4db3 <unknown>\n#9 0x5645f2be577e <unknown>\n#10 0x5645f2e7486b <unknown>\n#11 0x5645f2e78885 <unknown>\n#12 0x5645f2e62181 <unknown>\n#13 0x5645f2e79412 <unknown>\n#14 0x5645f2e4625f <unknown>\n#15 0x5645f2e9d528 <unknown>\n#16 0x5645f2e9d723 <unknown>\n#17 0x5645f2eae0e4 <unknown>\n#18 0x7f8759e94ac3 <unknown>","statusTrace":"fixturefunc = <function scrape_step at 0x7f76dac6c9a0>\nrequest = <FixtureRequest for <Function test_scenario_outline[KirkleesCouncil-http://selenium:4444-local]>>\nkwargs = {'context': <test_validate_council.context.<locals>.Context object at 0x7f76daccc5d0>, 'council': 'KirkleesCouncil', 'selenium_mode': 'local', 'selenium_url': 'http://selenium:4444'}\n\n    def call_fixture_func(\n        fixturefunc: \"_FixtureFunc[FixtureValue]\", request: FixtureRequest, kwargs\n    ) -> FixtureValue:\n        if is_generator(fixturefunc):\n            fixturefunc = cast(\n                Callable[..., Generator[FixtureValue, None, None]], fixturefunc\n            )\n            generator = fixturefunc(**kwargs)\n            try:\n                fixture_result = next(generator)\n            except StopIteration:\n                raise ValueError(f\"{request.fixturename} did not yield a value\") from None\n            finalizer = functools.partial(_teardown_yield_fixture, fixturefunc, generator)\n            request.addfinalizer(finalizer)\n        else:\n            fixturefunc = cast(Callable[..., FixtureValue], fixturefunc)\n>           fixture_result = fixturefunc(**kwargs)\n\n../../../.cache/pypoetry/virtualenvs/uk-bin-collection-EwS6Gn8s-py3.11/lib/python3.11/site-packages/_pytest/fixtures.py:902: \n_ _ _ _ _ _ _ _ _ _ _ _ _ _ _ _ _ _ _ _ _ _ _ _ _ _ _ _ _ _ _ _ _ _ _ _ _ _ _ _ \nuk_bin_collection/tests/step_defs/test_validate_council.py:92: in scrape_step\n    context.parse_result = CollectData.run()\nuk_bin_collection/uk_bin_collection/collect_data.py:96: in run\n    return self.client_code(\nuk_bin_collection/uk_bin_collection/collect_data.py:115: in client_code\n    return get_bin_data_class.template_method(address_url, **kwargs)\nuk_bin_collection/uk_bin_collection/get_bin_data.py:78: in template_method\n    bin_data_dict = self.parse_data(\nuk_bin_collection/uk_bin_collection/councils/KirkleesCouncil.py:41: in parse_data\n    return self._parse_data(*args, **kwargs)\nuk_bin_collection/uk_bin_collection/councils/KirkleesCouncil.py:72: in _parse_data\n    wait_for_element(\nuk_bin_collection/uk_bin_collection/councils/KirkleesCouncil.py:18: in wait_for_element\n    wait_for_element_conditions(driver, element_present, timeout=timeout)\nuk_bin_collection/uk_bin_collection/councils/KirkleesCouncil.py:23: in wait_for_element_conditions\n    WebDriverWait(driver, timeout).until(conditions)\n_ _ _ _ _ _ _ _ _ _ _ _ _ _ _ _ _ _ _ _ _ _ _ _ _ _ _ _ _ _ _ _ _ _ _ _ _ _ _ _ \n\nself = <selenium.webdriver.support.wait.WebDriverWait (session=\"b01019ef826542012516016ade1c2316\")>\nmethod = <function presence_of_element_located.<locals>._predicate at 0x7f76edb45da0>\nmessage = ''\n\n    def until(self, method, message: str = \"\"):\n        \"\"\"Calls the method provided with the driver as an argument until the \\\n        return value does not evaluate to ``False``.\n    \n        :param method: callable(WebDriver)\n        :param message: optional message for :exc:`TimeoutException`\n        :returns: the result of the last call to `method`\n        :raises: :exc:`selenium.common.exceptions.TimeoutException` if timeout occurs\n        \"\"\"\n        screen = None\n        stacktrace = None\n    \n        end_time = time.monotonic() + self._timeout\n        while True:\n            try:\n                value = method(self._driver)\n                if value:\n                    return value\n            except self._ignored_exceptions as exc:\n                screen = getattr(exc, \"screen\", None)\n                stacktrace = getattr(exc, \"stacktrace\", None)\n            time.sleep(self._poll)\n            if time.monotonic() > end_time:\n                break\n>       raise TimeoutException(message, screen, stacktrace)\nE       selenium.common.exceptions.TimeoutException: Message: \nE       Stacktrace:\nE       #0 0x5645f2eaef33 <unknown>\nE       #1 0x5645f2ba6ce6 <unknown>\nE       #2 0x5645f2bf1e48 <unknown>\nE       #3 0x5645f2bf1f01 <unknown>\nE       #4 0x5645f2c353f4 <unknown>\nE       #5 0x5645f2c13edd <unknown>\nE       #6 0x5645f2c32899 <unknown>\nE       #7 0x5645f2c13c53 <unknown>\nE       #8 0x5645f2be4db3 <unknown>\nE       #9 0x5645f2be577e <unknown>\nE       #10 0x5645f2e7486b <unknown>\nE       #11 0x5645f2e78885 <unknown>\nE       #12 0x5645f2e62181 <unknown>\nE       #13 0x5645f2e79412 <unknown>\nE       #14 0x5645f2e4625f <unknown>\nE       #15 0x5645f2e9d528 <unknown>\nE       #16 0x5645f2e9d723 <unknown>\nE       #17 0x5645f2eae0e4 <unknown>\nE       #18 0x7f8759e94ac3 <unknown>\n\n../../../.cache/pypoetry/virtualenvs/uk-bin-collection-EwS6Gn8s-py3.11/lib/python3.11/site-packages/selenium/webdriver/support/wait.py:95: TimeoutException","steps":[{"name":"Given the council: KirkleesCouncil","time":{"start":1711276724168,"stop":1711276724169,"duration":1},"status":"passed","steps":[],"attachments":[],"parameters":[],"shouldDisplayMessage":false,"stepsCount":0,"attachmentsCount":0,"hasContent":false,"attachmentStep":false},{"name":"When we scrape the data from KirkleesCouncil using local and the http://selenium:4444 is set","time":{"start":1711276724169,"stop":1711276732922,"duration":8753},"status":"failed","statusMessage":"Message: \nStacktrace:\n#0 0x5645f2eaef33 <unknown>\n#1 0x5645f2ba6ce6 <unknown>\n#2 0x5645f2bf1e48 <unknown>\n#3 0x5645f2bf1f01 <unknown>\n#4 0x5645f2c353f4 <unknown>\n#5 0x5645f2c13edd <unknown>\n#6 0x5645f2c32899 <unknown>\n#7 0x5645f2c13c53 <unknown>\n#8 0x5645f2be4db3 <unknown>\n#9 0x5645f2be577e <unknown>\n#10 0x5645f2e7486b <unknown>\n#11 0x5645f2e78885 <unknown>\n#12 0x5645f2e62181 <unknown>\n#13 0x5645f2e79412 <unknown>\n#14 0x5645f2e4625f <unknown>\n#15 0x5645f2e9d528 <unknown>\n#16 0x5645f2e9d723 <unknown>\n#17 0x5645f2eae0e4 <unknown>\n#18 0x7f8759e94ac3 <unknown>\n","statusTrace":"selenium.common.exceptions.TimeoutException: Message: \nStacktrace:\n#0 0x5645f2eaef33 <unknown>\n#1 0x5645f2ba6ce6 <unknown>\n#2 0x5645f2bf1e48 <unknown>\n#3 0x5645f2bf1f01 <unknown>\n#4 0x5645f2c353f4 <unknown>\n#5 0x5645f2c13edd <unknown>\n#6 0x5645f2c32899 <unknown>\n#7 0x5645f2c13c53 <unknown>\n#8 0x5645f2be4db3 <unknown>\n#9 0x5645f2be577e <unknown>\n#10 0x5645f2e7486b <unknown>\n#11 0x5645f2e78885 <unknown>\n#12 0x5645f2e62181 <unknown>\n#13 0x5645f2e79412 <unknown>\n#14 0x5645f2e4625f <unknown>\n#15 0x5645f2e9d528 <unknown>\n#16 0x5645f2e9d723 <unknown>\n#17 0x5645f2eae0e4 <unknown>\n#18 0x7f8759e94ac3 <unknown>\n\n","steps":[],"attachments":[],"parameters":[],"shouldDisplayMessage":true,"stepsCount":0,"attachmentsCount":0,"hasContent":true,"attachmentStep":false}],"attachments":[],"parameters":[],"shouldDisplayMessage":true,"stepsCount":2,"attachmentsCount":0,"hasContent":true,"attachmentStep":false},"afterStages":[],"labels":[{"name":"host","value":"fv-az1245-445"},{"name":"thread","value":"2737-MainThread"},{"name":"framework","value":"pytest-bdd"},{"name":"language","value":"cpython3"},{"name":"feature","value":"Test each council output matches expected results"},{"name":"resultFormat","value":"allure2"}],"parameters":[{"name":"council","value":"KirkleesCouncil"},{"name":"selenium_mode","value":"local"},{"name":"selenium_url","value":"http://selenium:4444"}],"links":[],"hidden":false,"retry":false,"extra":{"severity":"normal","retries":[],"categories":[{"name":"Product defects","matchedStatuses":[],"flaky":false}],"history":{"statistic":{"failed":3,"broken":0,"skipped":0,"passed":0,"unknown":0,"total":3},"items":[{"uid":"9464590a9addb6d9","reportUrl":"https://robbrad.github.io/UKBinCollectionData/3.11/1634//#testresult/9464590a9addb6d9","status":"failed","statusDetails":"selenium.common.exceptions.TimeoutException: Message: \nStacktrace:\n#0 0x5655082fdf33 <unknown>\n#1 0x565507ff5ce6 <unknown>\n#2 0x565508040e48 <unknown>\n#3 0x565508040f01 <unknown>\n#4 0x5655080843f4 <unknown>\n#5 0x565508062edd <unknown>\n#6 0x565508081899 <unknown>\n#7 0x565508062c53 <unknown>\n#8 0x565508033db3 <unknown>\n#9 0x56550803477e <unknown>\n#10 0x5655082c386b <unknown>\n#11 0x5655082c7885 <unknown>\n#12 0x5655082b1181 <unknown>\n#13 0x5655082c8412 <unknown>\n#14 0x56550829525f <unknown>\n#15 0x5655082ec528 <unknown>\n#16 0x5655082ec723 <unknown>\n#17 0x5655082fd0e4 <unknown>\n#18 0x7f5979294ac3 <unknown>","time":{"start":1711240180039,"stop":1711240186496,"duration":6457}},{"uid":"5528bfe7fc9021fc","reportUrl":"https://robbrad.github.io/UKBinCollectionData/3.11/1632//#testresult/5528bfe7fc9021fc","status":"failed","statusDetails":"selenium.common.exceptions.TimeoutException: Message: \nStacktrace:\n#0 0x5579a3bb5f33 <unknown>\n#1 0x5579a38adce6 <unknown>\n#2 0x5579a38f8e48 <unknown>\n#3 0x5579a38f8f01 <unknown>\n#4 0x5579a393c3f4 <unknown>\n#5 0x5579a391aedd <unknown>\n#6 0x5579a3939899 <unknown>\n#7 0x5579a391ac53 <unknown>\n#8 0x5579a38ebdb3 <unknown>\n#9 0x5579a38ec77e <unknown>\n#10 0x5579a3b7b86b <unknown>\n#11 0x5579a3b7f885 <unknown>\n#12 0x5579a3b69181 <unknown>\n#13 0x5579a3b80412 <unknown>\n#14 0x5579a3b4d25f <unknown>\n#15 0x5579a3ba4528 <unknown>\n#16 0x5579a3ba4723 <unknown>\n#17 0x5579a3bb50e4 <unknown>\n#18 0x7fc8fdc94ac3 <unknown>","time":{"start":1711237410017,"stop":1711237417561,"duration":7544}}]},"tags":[]},"source":"eaf83bbef5fe0f88.json","parameterValues":["KirkleesCouncil","local","http://selenium:4444"]}