{"uid":"c0dbff22591782d6","name":"Validate Council Output [NorthumberlandCouncil-http://selenium:4444-local]","fullName":"features/validate_council_outputs.feature:Validate Council Output","historyId":"9088d6bc2b89de0e3e509aca63a583bf","time":{"start":1700529724697,"stop":1700529729430,"duration":4733},"status":"failed","statusMessage":"selenium.common.exceptions.NoSuchElementException: Message: no such element: Unable to locate element: {\"method\":\"css selector\",\"selector\":\"[id=\"ccc-notify-accept\"]\"}\n  (Session info: headless chrome=119.0.6045.159); For documentation on this error, please visit: https://www.selenium.dev/documentation/webdriver/troubleshooting/errors#no-such-element-exception\nStacktrace:\n#0 0x55c36673d5e3 <unknown>\n#1 0x55c3664000b7 <unknown>\n#2 0x55c36644df53 <unknown>\n#3 0x55c36644e051 <unknown>\n#4 0x55c3664939c4 <unknown>\n#5 0x55c366474f1d <unknown>\n#6 0x55c366490b3d <unknown>\n#7 0x55c366474cc3 <unknown>\n#8 0x55c3664400e4 <unknown>\n#9 0x55c3664410ae <unknown>\n#10 0x55c366703ce1 <unknown>\n#11 0x55c366707b7e <unknown>\n#12 0x55c3666f14b5 <unknown>\n#13 0x55c3667087d6 <unknown>\n#14 0x55c3666d4dbf <unknown>\n#15 0x55c36672b748 <unknown>\n#16 0x55c36672b917 <unknown>\n#17 0x55c36673c773 <unknown>\n#18 0x7fa8df694ac3 <unknown>","statusTrace":"fixturefunc = <function scrape_step at 0x7fa4cc912cb0>\nrequest = <FixtureRequest for <Function test_scenario_outline[NorthumberlandCouncil-http://selenium:4444-local]>>\nkwargs = {'context': <test_validate_council.context.<locals>.Context object at 0x7fa4b8b06a10>, 'council': 'NorthumberlandCouncil', 'selenium_mode': 'local', 'selenium_url': 'http://selenium:4444'}\n\n    def call_fixture_func(\n        fixturefunc: \"_FixtureFunc[FixtureValue]\", request: FixtureRequest, kwargs\n    ) -> FixtureValue:\n        if is_generator(fixturefunc):\n            fixturefunc = cast(\n                Callable[..., Generator[FixtureValue, None, None]], fixturefunc\n            )\n            generator = fixturefunc(**kwargs)\n            try:\n                fixture_result = next(generator)\n            except StopIteration:\n                raise ValueError(f\"{request.fixturename} did not yield a value\") from None\n            finalizer = functools.partial(_teardown_yield_fixture, fixturefunc, generator)\n            request.addfinalizer(finalizer)\n        else:\n            fixturefunc = cast(Callable[..., FixtureValue], fixturefunc)\n>           fixture_result = fixturefunc(**kwargs)\n\n../../../.cache/pypoetry/virtualenvs/uk-bin-collection-EwS6Gn8s-py3.10/lib/python3.10/site-packages/_pytest/fixtures.py:902: \n_ _ _ _ _ _ _ _ _ _ _ _ _ _ _ _ _ _ _ _ _ _ _ _ _ _ _ _ _ _ _ _ _ _ _ _ _ _ _ _ \nuk_bin_collection/tests/step_defs/test_validate_council.py:75: in scrape_step\n    raise (err)\nuk_bin_collection/tests/step_defs/test_validate_council.py:71: in scrape_step\n    context.parse_result = CollectData.run()\nuk_bin_collection/uk_bin_collection/collect_data.py:78: in run\n    return self.client_code(\nuk_bin_collection/uk_bin_collection/collect_data.py:65: in client_code\n    return get_bin_data_class.template_method(address_url, **kwargs)\nuk_bin_collection/uk_bin_collection/get_bin_data.py:71: in template_method\n    bin_data_dict = self.parse_data(\nuk_bin_collection/uk_bin_collection/councils/NorthumberlandCouncil.py:46: in parse_data\n    driver.find_element(By.ID, \"ccc-notify-accept\").click()\n../../../.cache/pypoetry/virtualenvs/uk-bin-collection-EwS6Gn8s-py3.10/lib/python3.10/site-packages/selenium/webdriver/remote/webdriver.py:738: in find_element\n    return self.execute(Command.FIND_ELEMENT, {\"using\": by, \"value\": value})[\"value\"]\n../../../.cache/pypoetry/virtualenvs/uk-bin-collection-EwS6Gn8s-py3.10/lib/python3.10/site-packages/selenium/webdriver/remote/webdriver.py:344: in execute\n    self.error_handler.check_response(response)\n_ _ _ _ _ _ _ _ _ _ _ _ _ _ _ _ _ _ _ _ _ _ _ _ _ _ _ _ _ _ _ _ _ _ _ _ _ _ _ _ \n\nself = <selenium.webdriver.remote.errorhandler.ErrorHandler object at 0x7fa4babec370>\nresponse = {'status': 404, 'value': '{\"value\":{\"error\":\"no such element\",\"message\":\"no such element: Unable to locate element: {\\...\\\\n#16 0x55c36672b917 \\\\u003Cunknown>\\\\n#17 0x55c36673c773 \\\\u003Cunknown>\\\\n#18 0x7fa8df694ac3 \\\\u003Cunknown>\\\\n\"}}'}\n\n    def check_response(self, response: Dict[str, Any]) -> None:\n        \"\"\"Checks that a JSON response from the WebDriver does not have an\n        error.\n    \n        :Args:\n         - response - The JSON response from the WebDriver server as a dictionary\n           object.\n    \n        :Raises: If the response contains an error message.\n        \"\"\"\n        status = response.get(\"status\", None)\n        if not status or status == ErrorCode.SUCCESS:\n            return\n        value = None\n        message = response.get(\"message\", \"\")\n        screen: str = response.get(\"screen\", \"\")\n        stacktrace = None\n        if isinstance(status, int):\n            value_json = response.get(\"value\", None)\n            if value_json and isinstance(value_json, str):\n                import json\n    \n                try:\n                    value = json.loads(value_json)\n                    if len(value) == 1:\n                        value = value[\"value\"]\n                    status = value.get(\"error\", None)\n                    if not status:\n                        status = value.get(\"status\", ErrorCode.UNKNOWN_ERROR)\n                        message = value.get(\"value\") or value.get(\"message\")\n                        if not isinstance(message, str):\n                            value = message\n                            message = message.get(\"message\")\n                    else:\n                        message = value.get(\"message\", None)\n                except ValueError:\n                    pass\n    \n        exception_class: Type[WebDriverException]\n        e = ErrorCode()\n        error_codes = [item for item in dir(e) if not item.startswith(\"__\")]\n        for error_code in error_codes:\n            error_info = getattr(ErrorCode, error_code)\n            if isinstance(error_info, list) and status in error_info:\n                exception_class = getattr(ExceptionMapping, error_code, WebDriverException)\n                break\n        else:\n            exception_class = WebDriverException\n    \n        if not value:\n            value = response[\"value\"]\n        if isinstance(value, str):\n            raise exception_class(value)\n        if message == \"\" and \"message\" in value:\n            message = value[\"message\"]\n    \n        screen = None  # type: ignore[assignment]\n        if \"screen\" in value:\n            screen = value[\"screen\"]\n    \n        stacktrace = None\n        st_value = value.get(\"stackTrace\") or value.get(\"stacktrace\")\n        if st_value:\n            if isinstance(st_value, str):\n                stacktrace = st_value.split(\"\\n\")\n            else:\n                stacktrace = []\n                try:\n                    for frame in st_value:\n                        line = frame.get(\"lineNumber\", \"\")\n                        file = frame.get(\"fileName\", \"<anonymous>\")\n                        if line:\n                            file = f\"{file}:{line}\"\n                        meth = frame.get(\"methodName\", \"<anonymous>\")\n                        if \"className\" in frame:\n                            meth = f\"{frame['className']}.{meth}\"\n                        msg = \"    at %s (%s)\"\n                        msg = msg % (meth, file)\n                        stacktrace.append(msg)\n                except TypeError:\n                    pass\n        if exception_class == UnexpectedAlertPresentException:\n            alert_text = None\n            if \"data\" in value:\n                alert_text = value[\"data\"].get(\"text\")\n            elif \"alert\" in value:\n                alert_text = value[\"alert\"].get(\"text\")\n            raise exception_class(message, screen, stacktrace, alert_text)  # type: ignore[call-arg]  # mypy is not smart enough here\n>       raise exception_class(message, screen, stacktrace)\nE       selenium.common.exceptions.NoSuchElementException: Message: no such element: Unable to locate element: {\"method\":\"css selector\",\"selector\":\"[id=\"ccc-notify-accept\"]\"}\nE         (Session info: headless chrome=119.0.6045.159); For documentation on this error, please visit: https://www.selenium.dev/documentation/webdriver/troubleshooting/errors#no-such-element-exception\nE       Stacktrace:\nE       #0 0x55c36673d5e3 <unknown>\nE       #1 0x55c3664000b7 <unknown>\nE       #2 0x55c36644df53 <unknown>\nE       #3 0x55c36644e051 <unknown>\nE       #4 0x55c3664939c4 <unknown>\nE       #5 0x55c366474f1d <unknown>\nE       #6 0x55c366490b3d <unknown>\nE       #7 0x55c366474cc3 <unknown>\nE       #8 0x55c3664400e4 <unknown>\nE       #9 0x55c3664410ae <unknown>\nE       #10 0x55c366703ce1 <unknown>\nE       #11 0x55c366707b7e <unknown>\nE       #12 0x55c3666f14b5 <unknown>\nE       #13 0x55c3667087d6 <unknown>\nE       #14 0x55c3666d4dbf <unknown>\nE       #15 0x55c36672b748 <unknown>\nE       #16 0x55c36672b917 <unknown>\nE       #17 0x55c36673c773 <unknown>\nE       #18 0x7fa8df694ac3 <unknown>\n\n../../../.cache/pypoetry/virtualenvs/uk-bin-collection-EwS6Gn8s-py3.10/lib/python3.10/site-packages/selenium/webdriver/remote/errorhandler.py:229: NoSuchElementException","flaky":false,"newFailed":false,"newBroken":false,"newPassed":false,"retriesCount":0,"retriesStatusChange":false,"beforeStages":[],"testStage":{"status":"failed","statusMessage":"selenium.common.exceptions.NoSuchElementException: Message: no such element: Unable to locate element: {\"method\":\"css selector\",\"selector\":\"[id=\"ccc-notify-accept\"]\"}\n  (Session info: headless chrome=119.0.6045.159); For documentation on this error, please visit: https://www.selenium.dev/documentation/webdriver/troubleshooting/errors#no-such-element-exception\nStacktrace:\n#0 0x55c36673d5e3 <unknown>\n#1 0x55c3664000b7 <unknown>\n#2 0x55c36644df53 <unknown>\n#3 0x55c36644e051 <unknown>\n#4 0x55c3664939c4 <unknown>\n#5 0x55c366474f1d <unknown>\n#6 0x55c366490b3d <unknown>\n#7 0x55c366474cc3 <unknown>\n#8 0x55c3664400e4 <unknown>\n#9 0x55c3664410ae <unknown>\n#10 0x55c366703ce1 <unknown>\n#11 0x55c366707b7e <unknown>\n#12 0x55c3666f14b5 <unknown>\n#13 0x55c3667087d6 <unknown>\n#14 0x55c3666d4dbf <unknown>\n#15 0x55c36672b748 <unknown>\n#16 0x55c36672b917 <unknown>\n#17 0x55c36673c773 <unknown>\n#18 0x7fa8df694ac3 <unknown>","statusTrace":"fixturefunc = <function scrape_step at 0x7fa4cc912cb0>\nrequest = <FixtureRequest for <Function test_scenario_outline[NorthumberlandCouncil-http://selenium:4444-local]>>\nkwargs = {'context': <test_validate_council.context.<locals>.Context object at 0x7fa4b8b06a10>, 'council': 'NorthumberlandCouncil', 'selenium_mode': 'local', 'selenium_url': 'http://selenium:4444'}\n\n    def call_fixture_func(\n        fixturefunc: \"_FixtureFunc[FixtureValue]\", request: FixtureRequest, kwargs\n    ) -> FixtureValue:\n        if is_generator(fixturefunc):\n            fixturefunc = cast(\n                Callable[..., Generator[FixtureValue, None, None]], fixturefunc\n            )\n            generator = fixturefunc(**kwargs)\n            try:\n                fixture_result = next(generator)\n            except StopIteration:\n                raise ValueError(f\"{request.fixturename} did not yield a value\") from None\n            finalizer = functools.partial(_teardown_yield_fixture, fixturefunc, generator)\n            request.addfinalizer(finalizer)\n        else:\n            fixturefunc = cast(Callable[..., FixtureValue], fixturefunc)\n>           fixture_result = fixturefunc(**kwargs)\n\n../../../.cache/pypoetry/virtualenvs/uk-bin-collection-EwS6Gn8s-py3.10/lib/python3.10/site-packages/_pytest/fixtures.py:902: \n_ _ _ _ _ _ _ _ _ _ _ _ _ _ _ _ _ _ _ _ _ _ _ _ _ _ _ _ _ _ _ _ _ _ _ _ _ _ _ _ \nuk_bin_collection/tests/step_defs/test_validate_council.py:75: in scrape_step\n    raise (err)\nuk_bin_collection/tests/step_defs/test_validate_council.py:71: in scrape_step\n    context.parse_result = CollectData.run()\nuk_bin_collection/uk_bin_collection/collect_data.py:78: in run\n    return self.client_code(\nuk_bin_collection/uk_bin_collection/collect_data.py:65: in client_code\n    return get_bin_data_class.template_method(address_url, **kwargs)\nuk_bin_collection/uk_bin_collection/get_bin_data.py:71: in template_method\n    bin_data_dict = self.parse_data(\nuk_bin_collection/uk_bin_collection/councils/NorthumberlandCouncil.py:46: in parse_data\n    driver.find_element(By.ID, \"ccc-notify-accept\").click()\n../../../.cache/pypoetry/virtualenvs/uk-bin-collection-EwS6Gn8s-py3.10/lib/python3.10/site-packages/selenium/webdriver/remote/webdriver.py:738: in find_element\n    return self.execute(Command.FIND_ELEMENT, {\"using\": by, \"value\": value})[\"value\"]\n../../../.cache/pypoetry/virtualenvs/uk-bin-collection-EwS6Gn8s-py3.10/lib/python3.10/site-packages/selenium/webdriver/remote/webdriver.py:344: in execute\n    self.error_handler.check_response(response)\n_ _ _ _ _ _ _ _ _ _ _ _ _ _ _ _ _ _ _ _ _ _ _ _ _ _ _ _ _ _ _ _ _ _ _ _ _ _ _ _ \n\nself = <selenium.webdriver.remote.errorhandler.ErrorHandler object at 0x7fa4babec370>\nresponse = {'status': 404, 'value': '{\"value\":{\"error\":\"no such element\",\"message\":\"no such element: Unable to locate element: {\\...\\\\n#16 0x55c36672b917 \\\\u003Cunknown>\\\\n#17 0x55c36673c773 \\\\u003Cunknown>\\\\n#18 0x7fa8df694ac3 \\\\u003Cunknown>\\\\n\"}}'}\n\n    def check_response(self, response: Dict[str, Any]) -> None:\n        \"\"\"Checks that a JSON response from the WebDriver does not have an\n        error.\n    \n        :Args:\n         - response - The JSON response from the WebDriver server as a dictionary\n           object.\n    \n        :Raises: If the response contains an error message.\n        \"\"\"\n        status = response.get(\"status\", None)\n        if not status or status == ErrorCode.SUCCESS:\n            return\n        value = None\n        message = response.get(\"message\", \"\")\n        screen: str = response.get(\"screen\", \"\")\n        stacktrace = None\n        if isinstance(status, int):\n            value_json = response.get(\"value\", None)\n            if value_json and isinstance(value_json, str):\n                import json\n    \n                try:\n                    value = json.loads(value_json)\n                    if len(value) == 1:\n                        value = value[\"value\"]\n                    status = value.get(\"error\", None)\n                    if not status:\n                        status = value.get(\"status\", ErrorCode.UNKNOWN_ERROR)\n                        message = value.get(\"value\") or value.get(\"message\")\n                        if not isinstance(message, str):\n                            value = message\n                            message = message.get(\"message\")\n                    else:\n                        message = value.get(\"message\", None)\n                except ValueError:\n                    pass\n    \n        exception_class: Type[WebDriverException]\n        e = ErrorCode()\n        error_codes = [item for item in dir(e) if not item.startswith(\"__\")]\n        for error_code in error_codes:\n            error_info = getattr(ErrorCode, error_code)\n            if isinstance(error_info, list) and status in error_info:\n                exception_class = getattr(ExceptionMapping, error_code, WebDriverException)\n                break\n        else:\n            exception_class = WebDriverException\n    \n        if not value:\n            value = response[\"value\"]\n        if isinstance(value, str):\n            raise exception_class(value)\n        if message == \"\" and \"message\" in value:\n            message = value[\"message\"]\n    \n        screen = None  # type: ignore[assignment]\n        if \"screen\" in value:\n            screen = value[\"screen\"]\n    \n        stacktrace = None\n        st_value = value.get(\"stackTrace\") or value.get(\"stacktrace\")\n        if st_value:\n            if isinstance(st_value, str):\n                stacktrace = st_value.split(\"\\n\")\n            else:\n                stacktrace = []\n                try:\n                    for frame in st_value:\n                        line = frame.get(\"lineNumber\", \"\")\n                        file = frame.get(\"fileName\", \"<anonymous>\")\n                        if line:\n                            file = f\"{file}:{line}\"\n                        meth = frame.get(\"methodName\", \"<anonymous>\")\n                        if \"className\" in frame:\n                            meth = f\"{frame['className']}.{meth}\"\n                        msg = \"    at %s (%s)\"\n                        msg = msg % (meth, file)\n                        stacktrace.append(msg)\n                except TypeError:\n                    pass\n        if exception_class == UnexpectedAlertPresentException:\n            alert_text = None\n            if \"data\" in value:\n                alert_text = value[\"data\"].get(\"text\")\n            elif \"alert\" in value:\n                alert_text = value[\"alert\"].get(\"text\")\n            raise exception_class(message, screen, stacktrace, alert_text)  # type: ignore[call-arg]  # mypy is not smart enough here\n>       raise exception_class(message, screen, stacktrace)\nE       selenium.common.exceptions.NoSuchElementException: Message: no such element: Unable to locate element: {\"method\":\"css selector\",\"selector\":\"[id=\"ccc-notify-accept\"]\"}\nE         (Session info: headless chrome=119.0.6045.159); For documentation on this error, please visit: https://www.selenium.dev/documentation/webdriver/troubleshooting/errors#no-such-element-exception\nE       Stacktrace:\nE       #0 0x55c36673d5e3 <unknown>\nE       #1 0x55c3664000b7 <unknown>\nE       #2 0x55c36644df53 <unknown>\nE       #3 0x55c36644e051 <unknown>\nE       #4 0x55c3664939c4 <unknown>\nE       #5 0x55c366474f1d <unknown>\nE       #6 0x55c366490b3d <unknown>\nE       #7 0x55c366474cc3 <unknown>\nE       #8 0x55c3664400e4 <unknown>\nE       #9 0x55c3664410ae <unknown>\nE       #10 0x55c366703ce1 <unknown>\nE       #11 0x55c366707b7e <unknown>\nE       #12 0x55c3666f14b5 <unknown>\nE       #13 0x55c3667087d6 <unknown>\nE       #14 0x55c3666d4dbf <unknown>\nE       #15 0x55c36672b748 <unknown>\nE       #16 0x55c36672b917 <unknown>\nE       #17 0x55c36673c773 <unknown>\nE       #18 0x7fa8df694ac3 <unknown>\n\n../../../.cache/pypoetry/virtualenvs/uk-bin-collection-EwS6Gn8s-py3.10/lib/python3.10/site-packages/selenium/webdriver/remote/errorhandler.py:229: NoSuchElementException","steps":[{"name":"Given the council: NorthumberlandCouncil","time":{"start":1700529724697,"stop":1700529724697,"duration":0},"status":"passed","steps":[],"attachments":[],"parameters":[],"shouldDisplayMessage":false,"stepsCount":0,"attachmentsCount":0,"hasContent":false},{"name":"When we scrape the data from NorthumberlandCouncil using local and the http://selenium:4444 is set","time":{"start":1700529724698,"stop":1700529729430,"duration":4732},"status":"failed","statusMessage":"Message: no such element: Unable to locate element: {\"method\":\"css selector\",\"selector\":\"[id=\"ccc-notify-accept\"]\"}\n  (Session info: headless chrome=119.0.6045.159); For documentation on this error, please visit: https://www.selenium.dev/documentation/webdriver/troubleshooting/errors#no-such-element-exception\nStacktrace:\n#0 0x55c36673d5e3 <unknown>\n#1 0x55c3664000b7 <unknown>\n#2 0x55c36644df53 <unknown>\n#3 0x55c36644e051 <unknown>\n#4 0x55c3664939c4 <unknown>\n#5 0x55c366474f1d <unknown>\n#6 0x55c366490b3d <unknown>\n#7 0x55c366474cc3 <unknown>\n#8 0x55c3664400e4 <unknown>\n#9 0x55c3664410ae <unknown>\n#10 0x55c366703ce1 <unknown>\n#11 0x55c366707b7e <unknown>\n#12 0x55c3666f14b5 <unknown>\n#13 0x55c3667087d6 <unknown>\n#14 0x55c3666d4dbf <unknown>\n#15 0x55c36672b748 <unknown>\n#16 0x55c36672b917 <unknown>\n#17 0x55c36673c773 <unknown>\n#18 0x7fa8df694ac3 <unknown>\n","statusTrace":"selenium.common.exceptions.NoSuchElementException: Message: no such element: Unable to locate element: {\"method\":\"css selector\",\"selector\":\"[id=\"ccc-notify-accept\"]\"}\n  (Session info: headless chrome=119.0.6045.159); For documentation on this error, please visit: https://www.selenium.dev/documentation/webdriver/troubleshooting/errors#no-such-element-exception\nStacktrace:\n#0 0x55c36673d5e3 <unknown>\n#1 0x55c3664000b7 <unknown>\n#2 0x55c36644df53 <unknown>\n#3 0x55c36644e051 <unknown>\n#4 0x55c3664939c4 <unknown>\n#5 0x55c366474f1d <unknown>\n#6 0x55c366490b3d <unknown>\n#7 0x55c366474cc3 <unknown>\n#8 0x55c3664400e4 <unknown>\n#9 0x55c3664410ae <unknown>\n#10 0x55c366703ce1 <unknown>\n#11 0x55c366707b7e <unknown>\n#12 0x55c3666f14b5 <unknown>\n#13 0x55c3667087d6 <unknown>\n#14 0x55c3666d4dbf <unknown>\n#15 0x55c36672b748 <unknown>\n#16 0x55c36672b917 <unknown>\n#17 0x55c36673c773 <unknown>\n#18 0x7fa8df694ac3 <unknown>\n\n","steps":[],"attachments":[],"parameters":[],"shouldDisplayMessage":true,"stepsCount":0,"attachmentsCount":0,"hasContent":true}],"attachments":[],"parameters":[],"shouldDisplayMessage":true,"stepsCount":2,"attachmentsCount":0,"hasContent":true},"afterStages":[],"labels":[{"name":"host","value":"fv-az698-468"},{"name":"thread","value":"2715-MainThread"},{"name":"framework","value":"pytest-bdd"},{"name":"language","value":"cpython3"},{"name":"feature","value":"Test each council output matches expected results"},{"name":"resultFormat","value":"allure2"}],"parameters":[{"name":"council","value":"NorthumberlandCouncil"},{"name":"selenium_mode","value":"local"},{"name":"selenium_url","value":"http://selenium:4444"}],"links":[],"hidden":false,"retry":false,"extra":{"severity":"normal","retries":[],"categories":[{"name":"Product defects","matchedStatuses":[],"flaky":false}],"history":{"statistic":{"failed":19,"broken":0,"skipped":0,"passed":0,"unknown":0,"total":19},"items":[{"uid":"aed9342068c0bd23","reportUrl":"https://robbrad.github.io/UKBinCollectionData/3.10/1135//#testresult/aed9342068c0bd23","status":"failed","statusDetails":"selenium.common.exceptions.NoSuchElementException: Message: no such element: Unable to locate element: {\"method\":\"css selector\",\"selector\":\"[id=\"ccc-notify-accept\"]\"}\n  (Session info: headless chrome=118.0.5993.117); For documentation on this error, please visit: https://www.selenium.dev/documentation/webdriver/troubleshooting/errors#no-such-element-exception\nStacktrace:\n#0 0x564e6a3a2fb3 <unknown>\n#1 0x564e6a0764a7 <unknown>\n#2 0x564e6a0bddd6 <unknown>\n#3 0x564e6a0bdec1 <unknown>\n#4 0x564e6a0fb354 <unknown>\n#5 0x564e6a0df96d <unknown>\n#6 0x564e6a0f8c02 <unknown>\n#7 0x564e6a0df713 <unknown>\n#8 0x564e6a0b218b <unknown>\n#9 0x564e6a0b2f7e <unknown>\n#10 0x564e6a3688d8 <unknown>\n#11 0x564e6a36c800 <unknown>\n#12 0x564e6a376cfc <unknown>\n#13 0x564e6a36d418 <unknown>\n#14 0x564e6a33a42f <unknown>\n#15 0x564e6a3914e8 <unknown>\n#16 0x564e6a3916b4 <unknown>\n#17 0x564e6a3a2143 <unknown>\n#18 0x7ff4cd894ac3 <unknown>","time":{"start":1700443202957,"stop":1700443208221,"duration":5264}},{"uid":"29d342cd026dc22","reportUrl":"https://robbrad.github.io/UKBinCollectionData/3.10/1134//#testresult/29d342cd026dc22","status":"failed","statusDetails":"selenium.common.exceptions.NoSuchElementException: Message: no such element: Unable to locate element: {\"method\":\"css selector\",\"selector\":\"[id=\"ccc-notify-accept\"]\"}\n  (Session info: headless chrome=118.0.5993.117); For documentation on this error, please visit: https://www.selenium.dev/documentation/webdriver/troubleshooting/errors#no-such-element-exception\nStacktrace:\n#0 0x5630c6a0afb3 <unknown>\n#1 0x5630c66de4a7 <unknown>\n#2 0x5630c6725dd6 <unknown>\n#3 0x5630c6725ec1 <unknown>\n#4 0x5630c6763354 <unknown>\n#5 0x5630c674796d <unknown>\n#6 0x5630c6760c02 <unknown>\n#7 0x5630c6747713 <unknown>\n#8 0x5630c671a18b <unknown>\n#9 0x5630c671af7e <unknown>\n#10 0x5630c69d08d8 <unknown>\n#11 0x5630c69d4800 <unknown>\n#12 0x5630c69decfc <unknown>\n#13 0x5630c69d5418 <unknown>\n#14 0x5630c69a242f <unknown>\n#15 0x5630c69f94e8 <unknown>\n#16 0x5630c69f96b4 <unknown>\n#17 0x5630c6a0a143 <unknown>\n#18 0x7f2a1b894ac3 <unknown>","time":{"start":1700357014842,"stop":1700357018604,"duration":3762}},{"uid":"78ab3a518c93d04a","reportUrl":"https://robbrad.github.io/UKBinCollectionData/3.10/1133//#testresult/78ab3a518c93d04a","status":"failed","statusDetails":"selenium.common.exceptions.NoSuchElementException: Message: no such element: Unable to locate element: {\"method\":\"css selector\",\"selector\":\"[id=\"ccc-notify-accept\"]\"}\n  (Session info: headless chrome=118.0.5993.117); For documentation on this error, please visit: https://www.selenium.dev/documentation/webdriver/troubleshooting/errors#no-such-element-exception\nStacktrace:\n#0 0x55a9fea85fb3 <unknown>\n#1 0x55a9fe7594a7 <unknown>\n#2 0x55a9fe7a0dd6 <unknown>\n#3 0x55a9fe7a0ec1 <unknown>\n#4 0x55a9fe7de354 <unknown>\n#5 0x55a9fe7c296d <unknown>\n#6 0x55a9fe7dbc02 <unknown>\n#7 0x55a9fe7c2713 <unknown>\n#8 0x55a9fe79518b <unknown>\n#9 0x55a9fe795f7e <unknown>\n#10 0x55a9fea4b8d8 <unknown>\n#11 0x55a9fea4f800 <unknown>\n#12 0x55a9fea59cfc <unknown>\n#13 0x55a9fea50418 <unknown>\n#14 0x55a9fea1d42f <unknown>\n#15 0x55a9fea744e8 <unknown>\n#16 0x55a9fea746b4 <unknown>\n#17 0x55a9fea85143 <unknown>\n#18 0x7f1e53094ac3 <unknown>","time":{"start":1700270323343,"stop":1700270327862,"duration":4519}},{"uid":"fbab351269aa191f","reportUrl":"https://robbrad.github.io/UKBinCollectionData/3.10/1132//#testresult/fbab351269aa191f","status":"failed","statusDetails":"selenium.common.exceptions.NoSuchElementException: Message: no such element: Unable to locate element: {\"method\":\"css selector\",\"selector\":\"[id=\"ccc-notify-accept\"]\"}\n  (Session info: headless chrome=118.0.5993.117); For documentation on this error, please visit: https://www.selenium.dev/documentation/webdriver/troubleshooting/errors#no-such-element-exception\nStacktrace:\n#0 0x5572295dbfb3 <unknown>\n#1 0x5572292af4a7 <unknown>\n#2 0x5572292f6dd6 <unknown>\n#3 0x5572292f6ec1 <unknown>\n#4 0x557229334354 <unknown>\n#5 0x55722931896d <unknown>\n#6 0x557229331c02 <unknown>\n#7 0x557229318713 <unknown>\n#8 0x5572292eb18b <unknown>\n#9 0x5572292ebf7e <unknown>\n#10 0x5572295a18d8 <unknown>\n#11 0x5572295a5800 <unknown>\n#12 0x5572295afcfc <unknown>\n#13 0x5572295a6418 <unknown>\n#14 0x55722957342f <unknown>\n#15 0x5572295ca4e8 <unknown>\n#16 0x5572295ca6b4 <unknown>\n#17 0x5572295db143 <unknown>\n#18 0x7f7250a94ac3 <unknown>","time":{"start":1700183945158,"stop":1700183949375,"duration":4217}},{"uid":"d0e5bbd810ffdece","reportUrl":"https://robbrad.github.io/UKBinCollectionData/3.10/1131//#testresult/d0e5bbd810ffdece","status":"failed","statusDetails":"selenium.common.exceptions.NoSuchElementException: Message: no such element: Unable to locate element: {\"method\":\"css selector\",\"selector\":\"[id=\"ccc-notify-accept\"]\"}\n  (Session info: headless chrome=118.0.5993.117); For documentation on this error, please visit: https://www.selenium.dev/documentation/webdriver/troubleshooting/errors#no-such-element-exception\nStacktrace:\n#0 0x564968a01fb3 <unknown>\n#1 0x5649686d54a7 <unknown>\n#2 0x56496871cdd6 <unknown>\n#3 0x56496871cec1 <unknown>\n#4 0x56496875a354 <unknown>\n#5 0x56496873e96d <unknown>\n#6 0x564968757c02 <unknown>\n#7 0x56496873e713 <unknown>\n#8 0x56496871118b <unknown>\n#9 0x564968711f7e <unknown>\n#10 0x5649689c78d8 <unknown>\n#11 0x5649689cb800 <unknown>\n#12 0x5649689d5cfc <unknown>\n#13 0x5649689cc418 <unknown>\n#14 0x56496899942f <unknown>\n#15 0x5649689f04e8 <unknown>\n#16 0x5649689f06b4 <unknown>\n#17 0x564968a01143 <unknown>\n#18 0x7f4fb3694ac3 <unknown>","time":{"start":1700097567167,"stop":1700097571784,"duration":4617}},{"uid":"9b2bc647c47aceb7","reportUrl":"https://robbrad.github.io/UKBinCollectionData/3.10/1129//#testresult/9b2bc647c47aceb7","status":"failed","statusDetails":"selenium.common.exceptions.NoSuchElementException: Message: no such element: Unable to locate element: {\"method\":\"css selector\",\"selector\":\"[id=\"ccc-notify-accept\"]\"}\n  (Session info: headless chrome=118.0.5993.117); For documentation on this error, please visit: https://www.selenium.dev/documentation/webdriver/troubleshooting/errors#no-such-element-exception\nStacktrace:\n#0 0x55d7599fdfb3 <unknown>\n#1 0x55d7596d14a7 <unknown>\n#2 0x55d759718dd6 <unknown>\n#3 0x55d759718ec1 <unknown>\n#4 0x55d759756354 <unknown>\n#5 0x55d75973a96d <unknown>\n#6 0x55d759753c02 <unknown>\n#7 0x55d75973a713 <unknown>\n#8 0x55d75970d18b <unknown>\n#9 0x55d75970df7e <unknown>\n#10 0x55d7599c38d8 <unknown>\n#11 0x55d7599c7800 <unknown>\n#12 0x55d7599d1cfc <unknown>\n#13 0x55d7599c8418 <unknown>\n#14 0x55d75999542f <unknown>\n#15 0x55d7599ec4e8 <unknown>\n#16 0x55d7599ec6b4 <unknown>\n#17 0x55d7599fd143 <unknown>\n#18 0x7f38f4894ac3 <unknown>","time":{"start":1700011165760,"stop":1700011169704,"duration":3944}},{"uid":"e74ef77aa15925d7","reportUrl":"https://robbrad.github.io/UKBinCollectionData/3.10/1128//#testresult/e74ef77aa15925d7","status":"failed","statusDetails":"selenium.common.exceptions.NoSuchElementException: Message: no such element: Unable to locate element: {\"method\":\"css selector\",\"selector\":\"[id=\"ccc-notify-accept\"]\"}\n  (Session info: headless chrome=118.0.5993.117); For documentation on this error, please visit: https://www.selenium.dev/documentation/webdriver/troubleshooting/errors#no-such-element-exception\nStacktrace:\n#0 0x560153aebfb3 <unknown>\n#1 0x5601537bf4a7 <unknown>\n#2 0x560153806dd6 <unknown>\n#3 0x560153806ec1 <unknown>\n#4 0x560153844354 <unknown>\n#5 0x56015382896d <unknown>\n#6 0x560153841c02 <unknown>\n#7 0x560153828713 <unknown>\n#8 0x5601537fb18b <unknown>\n#9 0x5601537fbf7e <unknown>\n#10 0x560153ab18d8 <unknown>\n#11 0x560153ab5800 <unknown>\n#12 0x560153abfcfc <unknown>\n#13 0x560153ab6418 <unknown>\n#14 0x560153a8342f <unknown>\n#15 0x560153ada4e8 <unknown>\n#16 0x560153ada6b4 <unknown>\n#17 0x560153aeb143 <unknown>\n#18 0x7f9a20694ac3 <unknown>","time":{"start":1699924766069,"stop":1699924770925,"duration":4856}},{"uid":"1bc052a40d85886e","reportUrl":"https://robbrad.github.io/UKBinCollectionData/3.10/1127//#testresult/1bc052a40d85886e","status":"failed","statusDetails":"selenium.common.exceptions.NoSuchElementException: Message: no such element: Unable to locate element: {\"method\":\"css selector\",\"selector\":\"[id=\"ccc-notify-accept\"]\"}\n  (Session info: headless chrome=118.0.5993.117); For documentation on this error, please visit: https://www.selenium.dev/documentation/webdriver/troubleshooting/errors#no-such-element-exception\nStacktrace:\n#0 0x55cacf7c5fb3 <unknown>\n#1 0x55cacf4994a7 <unknown>\n#2 0x55cacf4e0dd6 <unknown>\n#3 0x55cacf4e0ec1 <unknown>\n#4 0x55cacf51e354 <unknown>\n#5 0x55cacf50296d <unknown>\n#6 0x55cacf51bc02 <unknown>\n#7 0x55cacf502713 <unknown>\n#8 0x55cacf4d518b <unknown>\n#9 0x55cacf4d5f7e <unknown>\n#10 0x55cacf78b8d8 <unknown>\n#11 0x55cacf78f800 <unknown>\n#12 0x55cacf799cfc <unknown>\n#13 0x55cacf790418 <unknown>\n#14 0x55cacf75d42f <unknown>\n#15 0x55cacf7b44e8 <unknown>\n#16 0x55cacf7b46b4 <unknown>\n#17 0x55cacf7c5143 <unknown>\n#18 0x7f855be94ac3 <unknown>","time":{"start":1699838445195,"stop":1699838450125,"duration":4930}},{"uid":"d743b6fcb5373f3","reportUrl":"https://robbrad.github.io/UKBinCollectionData/3.10/1126//#testresult/d743b6fcb5373f3","status":"failed","statusDetails":"selenium.common.exceptions.NoSuchElementException: Message: no such element: Unable to locate element: {\"method\":\"css selector\",\"selector\":\"[id=\"ccc-notify-accept\"]\"}\n  (Session info: headless chrome=118.0.5993.117); For documentation on this error, please visit: https://www.selenium.dev/documentation/webdriver/troubleshooting/errors#no-such-element-exception\nStacktrace:\n#0 0x55ead72ccfb3 <unknown>\n#1 0x55ead6fa04a7 <unknown>\n#2 0x55ead6fe7dd6 <unknown>\n#3 0x55ead6fe7ec1 <unknown>\n#4 0x55ead7025354 <unknown>\n#5 0x55ead700996d <unknown>\n#6 0x55ead7022c02 <unknown>\n#7 0x55ead7009713 <unknown>\n#8 0x55ead6fdc18b <unknown>\n#9 0x55ead6fdcf7e <unknown>\n#10 0x55ead72928d8 <unknown>\n#11 0x55ead7296800 <unknown>\n#12 0x55ead72a0cfc <unknown>\n#13 0x55ead7297418 <unknown>\n#14 0x55ead726442f <unknown>\n#15 0x55ead72bb4e8 <unknown>\n#16 0x55ead72bb6b4 <unknown>\n#17 0x55ead72cc143 <unknown>\n#18 0x7f0f7bc94ac3 <unknown>","time":{"start":1699752091637,"stop":1699752095576,"duration":3939}},{"uid":"c54d781165140c4a","reportUrl":"https://robbrad.github.io/UKBinCollectionData/3.10/1125//#testresult/c54d781165140c4a","status":"failed","statusDetails":"selenium.common.exceptions.NoSuchElementException: Message: no such element: Unable to locate element: {\"method\":\"css selector\",\"selector\":\"[id=\"ccc-notify-accept\"]\"}\n  (Session info: headless chrome=118.0.5993.117); For documentation on this error, please visit: https://www.selenium.dev/documentation/webdriver/troubleshooting/errors#no-such-element-exception\nStacktrace:\n#0 0x55b00b842fb3 <unknown>\n#1 0x55b00b5164a7 <unknown>\n#2 0x55b00b55ddd6 <unknown>\n#3 0x55b00b55dec1 <unknown>\n#4 0x55b00b59b354 <unknown>\n#5 0x55b00b57f96d <unknown>\n#6 0x55b00b598c02 <unknown>\n#7 0x55b00b57f713 <unknown>\n#8 0x55b00b55218b <unknown>\n#9 0x55b00b552f7e <unknown>\n#10 0x55b00b8088d8 <unknown>\n#11 0x55b00b80c800 <unknown>\n#12 0x55b00b816cfc <unknown>\n#13 0x55b00b80d418 <unknown>\n#14 0x55b00b7da42f <unknown>\n#15 0x55b00b8314e8 <unknown>\n#16 0x55b00b8316b4 <unknown>\n#17 0x55b00b842143 <unknown>\n#18 0x7f5cfa294ac3 <unknown>","time":{"start":1699669535017,"stop":1699669539746,"duration":4729}},{"uid":"c8fcb9482d8fb9dc","reportUrl":"https://robbrad.github.io/UKBinCollectionData/3.10/1124//#testresult/c8fcb9482d8fb9dc","status":"failed","statusDetails":"selenium.common.exceptions.NoSuchElementException: Message: no such element: Unable to locate element: {\"method\":\"css selector\",\"selector\":\"[id=\"ccc-notify-accept\"]\"}\n  (Session info: headless chrome=118.0.5993.117); For documentation on this error, please visit: https://www.selenium.dev/documentation/webdriver/troubleshooting/errors#no-such-element-exception\nStacktrace:\n#0 0x55da5eb2dfb3 <unknown>\n#1 0x55da5e8014a7 <unknown>\n#2 0x55da5e848dd6 <unknown>\n#3 0x55da5e848ec1 <unknown>\n#4 0x55da5e886354 <unknown>\n#5 0x55da5e86a96d <unknown>\n#6 0x55da5e883c02 <unknown>\n#7 0x55da5e86a713 <unknown>\n#8 0x55da5e83d18b <unknown>\n#9 0x55da5e83df7e <unknown>\n#10 0x55da5eaf38d8 <unknown>\n#11 0x55da5eaf7800 <unknown>\n#12 0x55da5eb01cfc <unknown>\n#13 0x55da5eaf8418 <unknown>\n#14 0x55da5eac542f <unknown>\n#15 0x55da5eb1c4e8 <unknown>\n#16 0x55da5eb1c6b4 <unknown>\n#17 0x55da5eb2d143 <unknown>\n#18 0x7f2f4f694ac3 <unknown>","time":{"start":1699578985023,"stop":1699578989799,"duration":4776}},{"uid":"c0dbd038401745b9","reportUrl":"https://robbrad.github.io/UKBinCollectionData/3.10/1123//#testresult/c0dbd038401745b9","status":"failed","statusDetails":"selenium.common.exceptions.NoSuchElementException: Message: no such element: Unable to locate element: {\"method\":\"css selector\",\"selector\":\"[id=\"ccc-notify-accept\"]\"}\n  (Session info: headless chrome=118.0.5993.117); For documentation on this error, please visit: https://www.selenium.dev/documentation/webdriver/troubleshooting/errors#no-such-element-exception\nStacktrace:\n#0 0x5642aa818fb3 <unknown>\n#1 0x5642aa4ec4a7 <unknown>\n#2 0x5642aa533dd6 <unknown>\n#3 0x5642aa533ec1 <unknown>\n#4 0x5642aa571354 <unknown>\n#5 0x5642aa55596d <unknown>\n#6 0x5642aa56ec02 <unknown>\n#7 0x5642aa555713 <unknown>\n#8 0x5642aa52818b <unknown>\n#9 0x5642aa528f7e <unknown>\n#10 0x5642aa7de8d8 <unknown>\n#11 0x5642aa7e2800 <unknown>\n#12 0x5642aa7eccfc <unknown>\n#13 0x5642aa7e3418 <unknown>\n#14 0x5642aa7b042f <unknown>\n#15 0x5642aa8074e8 <unknown>\n#16 0x5642aa8076b4 <unknown>\n#17 0x5642aa818143 <unknown>\n#18 0x7f829b494ac3 <unknown>","time":{"start":1699492657009,"stop":1699492661696,"duration":4687}},{"uid":"498e331db7c6b868","reportUrl":"https://robbrad.github.io/UKBinCollectionData/3.10/1121//#testresult/498e331db7c6b868","status":"failed","statusDetails":"selenium.common.exceptions.NoSuchElementException: Message: no such element: Unable to locate element: {\"method\":\"css selector\",\"selector\":\"[id=\"ccc-notify-accept\"]\"}\n  (Session info: headless chrome=118.0.5993.117); For documentation on this error, please visit: https://www.selenium.dev/documentation/webdriver/troubleshooting/errors#no-such-element-exception\nStacktrace:\n#0 0x55a301b93fb3 <unknown>\n#1 0x55a3018674a7 <unknown>\n#2 0x55a3018aedd6 <unknown>\n#3 0x55a3018aeec1 <unknown>\n#4 0x55a3018ec354 <unknown>\n#5 0x55a3018d096d <unknown>\n#6 0x55a3018e9c02 <unknown>\n#7 0x55a3018d0713 <unknown>\n#8 0x55a3018a318b <unknown>\n#9 0x55a3018a3f7e <unknown>\n#10 0x55a301b598d8 <unknown>\n#11 0x55a301b5d800 <unknown>\n#12 0x55a301b67cfc <unknown>\n#13 0x55a301b5e418 <unknown>\n#14 0x55a301b2b42f <unknown>\n#15 0x55a301b824e8 <unknown>\n#16 0x55a301b826b4 <unknown>\n#17 0x55a301b93143 <unknown>\n#18 0x7f64cfa94ac3 <unknown>","time":{"start":1699481285688,"stop":1699481289462,"duration":3774}},{"uid":"e9fa0a84d411f286","reportUrl":"https://robbrad.github.io/UKBinCollectionData/3.10/1117//#testresult/e9fa0a84d411f286","status":"failed","statusDetails":"selenium.common.exceptions.NoSuchElementException: Message: no such element: Unable to locate element: {\"method\":\"css selector\",\"selector\":\"[id=\"ccc-notify-accept\"]\"}\n  (Session info: headless chrome=118.0.5993.117); For documentation on this error, please visit: https://www.selenium.dev/documentation/webdriver/troubleshooting/errors#no-such-element-exception\nStacktrace:\n#0 0x55a69cd00fb3 <unknown>\n#1 0x55a69c9d44a7 <unknown>\n#2 0x55a69ca1bdd6 <unknown>\n#3 0x55a69ca1bec1 <unknown>\n#4 0x55a69ca59354 <unknown>\n#5 0x55a69ca3d96d <unknown>\n#6 0x55a69ca56c02 <unknown>\n#7 0x55a69ca3d713 <unknown>\n#8 0x55a69ca1018b <unknown>\n#9 0x55a69ca10f7e <unknown>\n#10 0x55a69ccc68d8 <unknown>\n#11 0x55a69ccca800 <unknown>\n#12 0x55a69ccd4cfc <unknown>\n#13 0x55a69cccb418 <unknown>\n#14 0x55a69cc9842f <unknown>\n#15 0x55a69ccef4e8 <unknown>\n#16 0x55a69ccef6b4 <unknown>\n#17 0x55a69cd00143 <unknown>\n#18 0x7f32a5294ac3 <unknown>","time":{"start":1699445189282,"stop":1699445193118,"duration":3836}},{"uid":"d6701fc8e4fd45d5","reportUrl":"https://robbrad.github.io/UKBinCollectionData/3.10/1115//#testresult/d6701fc8e4fd45d5","status":"failed","statusDetails":"selenium.common.exceptions.NoSuchElementException: Message: no such element: Unable to locate element: {\"method\":\"css selector\",\"selector\":\"[id=\"ccc-notify-accept\"]\"}\n  (Session info: headless chrome=118.0.5993.117); For documentation on this error, please visit: https://www.selenium.dev/documentation/webdriver/troubleshooting/errors#no-such-element-exception\nStacktrace:\n#0 0x559085c4cfb3 <unknown>\n#1 0x5590859204a7 <unknown>\n#2 0x559085967dd6 <unknown>\n#3 0x559085967ec1 <unknown>\n#4 0x5590859a5354 <unknown>\n#5 0x55908598996d <unknown>\n#6 0x5590859a2c02 <unknown>\n#7 0x559085989713 <unknown>\n#8 0x55908595c18b <unknown>\n#9 0x55908595cf7e <unknown>\n#10 0x559085c128d8 <unknown>\n#11 0x559085c16800 <unknown>\n#12 0x559085c20cfc <unknown>\n#13 0x559085c17418 <unknown>\n#14 0x559085be442f <unknown>\n#15 0x559085c3b4e8 <unknown>\n#16 0x559085c3b6b4 <unknown>\n#17 0x559085c4c143 <unknown>\n#18 0x7f8b1c094ac3 <unknown>","time":{"start":1699406283419,"stop":1699406288309,"duration":4890}},{"uid":"a8f6c2e95e8356b8","reportUrl":"https://robbrad.github.io/UKBinCollectionData/3.10/1114//#testresult/a8f6c2e95e8356b8","status":"failed","statusDetails":"selenium.common.exceptions.NoSuchElementException: Message: no such element: Unable to locate element: {\"method\":\"css selector\",\"selector\":\"[id=\"ccc-notify-accept\"]\"}\n  (Session info: headless chrome=118.0.5993.117); For documentation on this error, please visit: https://www.selenium.dev/documentation/webdriver/troubleshooting/errors#no-such-element-exception\nStacktrace:\n#0 0x56264e4b6fb3 <unknown>\n#1 0x56264e18a4a7 <unknown>\n#2 0x56264e1d1dd6 <unknown>\n#3 0x56264e1d1ec1 <unknown>\n#4 0x56264e20f354 <unknown>\n#5 0x56264e1f396d <unknown>\n#6 0x56264e20cc02 <unknown>\n#7 0x56264e1f3713 <unknown>\n#8 0x56264e1c618b <unknown>\n#9 0x56264e1c6f7e <unknown>\n#10 0x56264e47c8d8 <unknown>\n#11 0x56264e480800 <unknown>\n#12 0x56264e48acfc <unknown>\n#13 0x56264e481418 <unknown>\n#14 0x56264e44e42f <unknown>\n#15 0x56264e4a54e8 <unknown>\n#16 0x56264e4a56b4 <unknown>\n#17 0x56264e4b6143 <unknown>\n#18 0x7fb6f6094ac3 <unknown>","time":{"start":1699319845856,"stop":1699319850005,"duration":4149}},{"uid":"9e3c8bae7b2b6234","reportUrl":"https://robbrad.github.io/UKBinCollectionData/3.10/1113//#testresult/9e3c8bae7b2b6234","status":"failed","statusDetails":"selenium.common.exceptions.NoSuchElementException: Message: no such element: Unable to locate element: {\"method\":\"css selector\",\"selector\":\"[id=\"ccc-notify-accept\"]\"}\n  (Session info: headless chrome=118.0.5993.117); For documentation on this error, please visit: https://www.selenium.dev/documentation/webdriver/troubleshooting/errors#no-such-element-exception\nStacktrace:\n#0 0x5556d94fcfb3 <unknown>\n#1 0x5556d91d04a7 <unknown>\n#2 0x5556d9217dd6 <unknown>\n#3 0x5556d9217ec1 <unknown>\n#4 0x5556d9255354 <unknown>\n#5 0x5556d923996d <unknown>\n#6 0x5556d9252c02 <unknown>\n#7 0x5556d9239713 <unknown>\n#8 0x5556d920c18b <unknown>\n#9 0x5556d920cf7e <unknown>\n#10 0x5556d94c28d8 <unknown>\n#11 0x5556d94c6800 <unknown>\n#12 0x5556d94d0cfc <unknown>\n#13 0x5556d94c7418 <unknown>\n#14 0x5556d949442f <unknown>\n#15 0x5556d94eb4e8 <unknown>\n#16 0x5556d94eb6b4 <unknown>\n#17 0x5556d94fc143 <unknown>\n#18 0x7f5952294ac3 <unknown>","time":{"start":1699233520130,"stop":1699233523831,"duration":3701}},{"uid":"fc672c2108732b85","reportUrl":"https://robbrad.github.io/UKBinCollectionData/3.10/1111//#testresult/fc672c2108732b85","status":"failed","statusDetails":"selenium.common.exceptions.NoSuchElementException: Message: no such element: Unable to locate element: {\"method\":\"css selector\",\"selector\":\"[id=\"ccc-notify-accept\"]\"}\n  (Session info: headless chrome=118.0.5993.117); For documentation on this error, please visit: https://www.selenium.dev/documentation/webdriver/troubleshooting/errors#no-such-element-exception\nStacktrace:\n#0 0x55f583d34fb3 <unknown>\n#1 0x55f583a084a7 <unknown>\n#2 0x55f583a4fdd6 <unknown>\n#3 0x55f583a4fec1 <unknown>\n#4 0x55f583a8d354 <unknown>\n#5 0x55f583a7196d <unknown>\n#6 0x55f583a8ac02 <unknown>\n#7 0x55f583a71713 <unknown>\n#8 0x55f583a4418b <unknown>\n#9 0x55f583a44f7e <unknown>\n#10 0x55f583cfa8d8 <unknown>\n#11 0x55f583cfe800 <unknown>\n#12 0x55f583d08cfc <unknown>\n#13 0x55f583cff418 <unknown>\n#14 0x55f583ccc42f <unknown>\n#15 0x55f583d234e8 <unknown>\n#16 0x55f583d236b4 <unknown>\n#17 0x55f583d34143 <unknown>\n#18 0x7f0ab4894ac3 <unknown>","time":{"start":1699170698175,"stop":1699170701877,"duration":3702}}]},"tags":[]},"source":"c0dbff22591782d6.json","parameterValues":["NorthumberlandCouncil","local","http://selenium:4444"]}