{"uid":"5f92f68174f874be","name":"Validate Council Output [RenfrewshireCouncil]","fullName":"features/validate_council_outputs.feature:Validate Council Output","historyId":"21c77c05ec171f4a60a68c21bf3d0b55","time":{"start":1726619161927,"stop":1726619461982,"duration":300055},"status":"failed","statusMessage":"selenium.common.exceptions.SessionNotCreatedException: Message: Could not start a new session. New session request timed out \nHost info: host: 'selenium', ip: '172.18.0.2'\nBuild info: version: '4.24.0', revision: '748ffc9bc3'\nSystem info: os.name: 'Linux', os.arch: 'amd64', os.version: '6.5.0-1025-azure', java.version: '17.0.12'\nDriver info: driver.version: unknown\nStacktrace:\n    at org.openqa.selenium.grid.sessionqueue.local.LocalNewSessionQueue.addToQueue (LocalNewSessionQueue.java:221)\n    at org.openqa.selenium.grid.sessionqueue.NewSessionQueue.lambda$new$0 (NewSessionQueue.java:68)\n    at org.openqa.selenium.remote.http.Route$TemplatizedRoute.handle (Route.java:192)\n    at org.openqa.selenium.remote.http.Route.execute (Route.java:69)\n    at org.openqa.selenium.remote.http.Route$CombinedRoute.handle (Route.java:360)\n    at org.openqa.selenium.remote.http.Route.execute (Route.java:69)\n    at org.openqa.selenium.grid.sessionqueue.NewSessionQueue.execute (NewSessionQueue.java:128)\n    at org.openqa.selenium.remote.tracing.SpanWrappedHttpHandler.execute (SpanWrappedHttpHandler.java:87)\n    at org.openqa.selenium.remote.http.Filter$1.execute (Filter.java:63)\n    at org.openqa.selenium.remote.http.Route$CombinedRoute.handle (Route.java:360)\n    at org.openqa.selenium.remote.http.Route.execute (Route.java:69)\n    at org.openqa.selenium.grid.router.Router.execute (Router.java:87)\n    at org.openqa.selenium.grid.web.EnsureSpecCompliantResponseHeaders.lambda$apply$0 (EnsureSpecCompliantResponseHeaders.java:34)\n    at org.openqa.selenium.remote.http.Filter$1.execute (Filter.java:63)\n    at org.openqa.selenium.remote.http.Route$CombinedRoute.handle (Route.java:360)\n    at org.openqa.selenium.remote.http.Route.execute (Route.java:69)\n    at org.openqa.selenium.remote.AddWebDriverSpecHeaders.lambda$apply$0 (AddWebDriverSpecHeaders.java:35)\n    at org.openqa.selenium.remote.ErrorFilter.lambda$apply$0 (ErrorFilter.java:44)\n    at org.openqa.selenium.remote.http.Filter$1.execute (Filter.java:63)\n    at org.openqa.selenium.remote.ErrorFilter.lambda$apply$0 (ErrorFilter.java:44)\n    at org.openqa.selenium.remote.http.Filter$1.execute (Filter.java:63)\n    at org.openqa.selenium.netty.server.SeleniumHandler.lambda$channelRead0$0 (SeleniumHandler.java:44)\n    at java.util.concurrent.Executors$RunnableAdapter.call (Executors.java:539)\n    at java.util.concurrent.FutureTask.run (FutureTask.java:264)\n    at java.util.concurrent.ThreadPoolExecutor.runWorker (ThreadPoolExecutor.java:1136)\n    at java.util.concurrent.ThreadPoolExecutor$Worker.run (ThreadPoolExecutor.java:635)\n    at java.lang.Thread.run (Thread.java:840)","statusTrace":"fixturefunc = <function scrape_step at 0x7f8cec70b100>\nrequest = <FixtureRequest for <Function test_scenario_outline[RenfrewshireCouncil]>>\nkwargs = {'context': <test_validate_council.Context object at 0x7f8cff317560>, 'headless_mode': 'True', 'local_browser': 'False', 'selenium_url': 'http://localhost:4444'}\n\n    def call_fixture_func(\n        fixturefunc: _FixtureFunc[FixtureValue], request: FixtureRequest, kwargs\n    ) -> FixtureValue:\n        if is_generator(fixturefunc):\n            fixturefunc = cast(\n                Callable[..., Generator[FixtureValue, None, None]], fixturefunc\n            )\n            generator = fixturefunc(**kwargs)\n            try:\n                fixture_result = next(generator)\n            except StopIteration:\n                raise ValueError(f\"{request.fixturename} did not yield a value\") from None\n            finalizer = functools.partial(_teardown_yield_fixture, fixturefunc, generator)\n            request.addfinalizer(finalizer)\n        else:\n            fixturefunc = cast(Callable[..., FixtureValue], fixturefunc)\n>           fixture_result = fixturefunc(**kwargs)\n\n../../../.cache/pypoetry/virtualenvs/uk-bin-collection-EwS6Gn8s-py3.12/lib/python3.12/site-packages/_pytest/fixtures.py:898: \n_ _ _ _ _ _ _ _ _ _ _ _ _ _ _ _ _ _ _ _ _ _ _ _ _ _ _ _ _ _ _ _ _ _ _ _ _ _ _ _ \nuk_bin_collection/tests/step_defs/test_validate_council.py:100: in scrape_step\n    context.parse_result = CollectData.run()\nuk_bin_collection/uk_bin_collection/collect_data.py:101: in run\n    return self.client_code(\nuk_bin_collection/uk_bin_collection/collect_data.py:121: in client_code\n    return get_bin_data_class.template_method(address_url, **kwargs)\nuk_bin_collection/uk_bin_collection/get_bin_data.py:61: in template_method\n    bin_data_dict = self.get_and_parse_data(this_url, **kwargs)\nuk_bin_collection/uk_bin_collection/get_bin_data.py:84: in get_and_parse_data\n    bin_data_dict = self.parse_data(\"\", url=address_url, **kwargs)\nuk_bin_collection/uk_bin_collection/councils/RenfrewshireCouncil.py:30: in parse_data\n    driver = create_webdriver(web_driver, headless, None, __name__)\nuk_bin_collection/uk_bin_collection/common.py:323: in create_webdriver\n    return webdriver.Remote(command_executor=web_driver, options=options)\n../../../.cache/pypoetry/virtualenvs/uk-bin-collection-EwS6Gn8s-py3.12/lib/python3.12/site-packages/selenium/webdriver/remote/webdriver.py:212: in __init__\n    self.start_session(capabilities)\n../../../.cache/pypoetry/virtualenvs/uk-bin-collection-EwS6Gn8s-py3.12/lib/python3.12/site-packages/selenium/webdriver/remote/webdriver.py:299: in start_session\n    response = self.execute(Command.NEW_SESSION, caps)[\"value\"]\n../../../.cache/pypoetry/virtualenvs/uk-bin-collection-EwS6Gn8s-py3.12/lib/python3.12/site-packages/selenium/webdriver/remote/webdriver.py:354: in execute\n    self.error_handler.check_response(response)\n_ _ _ _ _ _ _ _ _ _ _ _ _ _ _ _ _ _ _ _ _ _ _ _ _ _ _ _ _ _ _ _ _ _ _ _ _ _ _ _ \n\nself = <selenium.webdriver.remote.errorhandler.ErrorHandler object at 0x7f8ceb74c5c0>\nresponse = {'status': 500, 'value': '{\\n  \"value\": {\\n    \"error\": \"session not created\",\\n    \"message\": \"Could not start a new ...\"className\": \"java.lang.Thread\",\\n        \"lineNumber\": 840,\\n        \"classLoaderName\": null\\n      }\\n    ]\\n  }\\n}'}\n\n    def check_response(self, response: Dict[str, Any]) -> None:\n        \"\"\"Checks that a JSON response from the WebDriver does not have an\n        error.\n    \n        :Args:\n         - response - The JSON response from the WebDriver server as a dictionary\n           object.\n    \n        :Raises: If the response contains an error message.\n        \"\"\"\n        status = response.get(\"status\", None)\n        if not status or status == ErrorCode.SUCCESS:\n            return\n        value = None\n        message = response.get(\"message\", \"\")\n        screen: str = response.get(\"screen\", \"\")\n        stacktrace = None\n        if isinstance(status, int):\n            value_json = response.get(\"value\", None)\n            if value_json and isinstance(value_json, str):\n                import json\n    \n                try:\n                    value = json.loads(value_json)\n                    if len(value) == 1:\n                        value = value[\"value\"]\n                    status = value.get(\"error\", None)\n                    if not status:\n                        status = value.get(\"status\", ErrorCode.UNKNOWN_ERROR)\n                        message = value.get(\"value\") or value.get(\"message\")\n                        if not isinstance(message, str):\n                            value = message\n                            message = message.get(\"message\")\n                    else:\n                        message = value.get(\"message\", None)\n                except ValueError:\n                    pass\n    \n        exception_class: Type[WebDriverException]\n        e = ErrorCode()\n        error_codes = [item for item in dir(e) if not item.startswith(\"__\")]\n        for error_code in error_codes:\n            error_info = getattr(ErrorCode, error_code)\n            if isinstance(error_info, list) and status in error_info:\n                exception_class = getattr(ExceptionMapping, error_code, WebDriverException)\n                break\n        else:\n            exception_class = WebDriverException\n    \n        if not value:\n            value = response[\"value\"]\n        if isinstance(value, str):\n            raise exception_class(value)\n        if message == \"\" and \"message\" in value:\n            message = value[\"message\"]\n    \n        screen = None  # type: ignore[assignment]\n        if \"screen\" in value:\n            screen = value[\"screen\"]\n    \n        stacktrace = None\n        st_value = value.get(\"stackTrace\") or value.get(\"stacktrace\")\n        if st_value:\n            if isinstance(st_value, str):\n                stacktrace = st_value.split(\"\\n\")\n            else:\n                stacktrace = []\n                try:\n                    for frame in st_value:\n                        line = frame.get(\"lineNumber\", \"\")\n                        file = frame.get(\"fileName\", \"<anonymous>\")\n                        if line:\n                            file = f\"{file}:{line}\"\n                        meth = frame.get(\"methodName\", \"<anonymous>\")\n                        if \"className\" in frame:\n                            meth = f\"{frame['className']}.{meth}\"\n                        msg = \"    at %s (%s)\"\n                        msg = msg % (meth, file)\n                        stacktrace.append(msg)\n                except TypeError:\n                    pass\n        if exception_class == UnexpectedAlertPresentException:\n            alert_text = None\n            if \"data\" in value:\n                alert_text = value[\"data\"].get(\"text\")\n            elif \"alert\" in value:\n                alert_text = value[\"alert\"].get(\"text\")\n            raise exception_class(message, screen, stacktrace, alert_text)  # type: ignore[call-arg]  # mypy is not smart enough here\n>       raise exception_class(message, screen, stacktrace)\nE       selenium.common.exceptions.SessionNotCreatedException: Message: Could not start a new session. New session request timed out \nE       Host info: host: 'selenium', ip: '172.18.0.2'\nE       Build info: version: '4.24.0', revision: '748ffc9bc3'\nE       System info: os.name: 'Linux', os.arch: 'amd64', os.version: '6.5.0-1025-azure', java.version: '17.0.12'\nE       Driver info: driver.version: unknown\nE       Stacktrace:\nE           at org.openqa.selenium.grid.sessionqueue.local.LocalNewSessionQueue.addToQueue (LocalNewSessionQueue.java:221)\nE           at org.openqa.selenium.grid.sessionqueue.NewSessionQueue.lambda$new$0 (NewSessionQueue.java:68)\nE           at org.openqa.selenium.remote.http.Route$TemplatizedRoute.handle (Route.java:192)\nE           at org.openqa.selenium.remote.http.Route.execute (Route.java:69)\nE           at org.openqa.selenium.remote.http.Route$CombinedRoute.handle (Route.java:360)\nE           at org.openqa.selenium.remote.http.Route.execute (Route.java:69)\nE           at org.openqa.selenium.grid.sessionqueue.NewSessionQueue.execute (NewSessionQueue.java:128)\nE           at org.openqa.selenium.remote.tracing.SpanWrappedHttpHandler.execute (SpanWrappedHttpHandler.java:87)\nE           at org.openqa.selenium.remote.http.Filter$1.execute (Filter.java:63)\nE           at org.openqa.selenium.remote.http.Route$CombinedRoute.handle (Route.java:360)\nE           at org.openqa.selenium.remote.http.Route.execute (Route.java:69)\nE           at org.openqa.selenium.grid.router.Router.execute (Router.java:87)\nE           at org.openqa.selenium.grid.web.EnsureSpecCompliantResponseHeaders.lambda$apply$0 (EnsureSpecCompliantResponseHeaders.java:34)\nE           at org.openqa.selenium.remote.http.Filter$1.execute (Filter.java:63)\nE           at org.openqa.selenium.remote.http.Route$CombinedRoute.handle (Route.java:360)\nE           at org.openqa.selenium.remote.http.Route.execute (Route.java:69)\nE           at org.openqa.selenium.remote.AddWebDriverSpecHeaders.lambda$apply$0 (AddWebDriverSpecHeaders.java:35)\nE           at org.openqa.selenium.remote.ErrorFilter.lambda$apply$0 (ErrorFilter.java:44)\nE           at org.openqa.selenium.remote.http.Filter$1.execute (Filter.java:63)\nE           at org.openqa.selenium.remote.ErrorFilter.lambda$apply$0 (ErrorFilter.java:44)\nE           at org.openqa.selenium.remote.http.Filter$1.execute (Filter.java:63)\nE           at org.openqa.selenium.netty.server.SeleniumHandler.lambda$channelRead0$0 (SeleniumHandler.java:44)\nE           at java.util.concurrent.Executors$RunnableAdapter.call (Executors.java:539)\nE           at java.util.concurrent.FutureTask.run (FutureTask.java:264)\nE           at java.util.concurrent.ThreadPoolExecutor.runWorker (ThreadPoolExecutor.java:1136)\nE           at java.util.concurrent.ThreadPoolExecutor$Worker.run (ThreadPoolExecutor.java:635)\nE           at java.lang.Thread.run (Thread.java:840)\n\n../../../.cache/pypoetry/virtualenvs/uk-bin-collection-EwS6Gn8s-py3.12/lib/python3.12/site-packages/selenium/webdriver/remote/errorhandler.py:229: SessionNotCreatedException","flaky":true,"newFailed":true,"newBroken":false,"newPassed":false,"retriesCount":0,"retriesStatusChange":false,"beforeStages":[],"testStage":{"status":"failed","statusMessage":"selenium.common.exceptions.SessionNotCreatedException: Message: Could not start a new session. New session request timed out \nHost info: host: 'selenium', ip: '172.18.0.2'\nBuild info: version: '4.24.0', revision: '748ffc9bc3'\nSystem info: os.name: 'Linux', os.arch: 'amd64', os.version: '6.5.0-1025-azure', java.version: '17.0.12'\nDriver info: driver.version: unknown\nStacktrace:\n    at org.openqa.selenium.grid.sessionqueue.local.LocalNewSessionQueue.addToQueue (LocalNewSessionQueue.java:221)\n    at org.openqa.selenium.grid.sessionqueue.NewSessionQueue.lambda$new$0 (NewSessionQueue.java:68)\n    at org.openqa.selenium.remote.http.Route$TemplatizedRoute.handle (Route.java:192)\n    at org.openqa.selenium.remote.http.Route.execute (Route.java:69)\n    at org.openqa.selenium.remote.http.Route$CombinedRoute.handle (Route.java:360)\n    at org.openqa.selenium.remote.http.Route.execute (Route.java:69)\n    at org.openqa.selenium.grid.sessionqueue.NewSessionQueue.execute (NewSessionQueue.java:128)\n    at org.openqa.selenium.remote.tracing.SpanWrappedHttpHandler.execute (SpanWrappedHttpHandler.java:87)\n    at org.openqa.selenium.remote.http.Filter$1.execute (Filter.java:63)\n    at org.openqa.selenium.remote.http.Route$CombinedRoute.handle (Route.java:360)\n    at org.openqa.selenium.remote.http.Route.execute (Route.java:69)\n    at org.openqa.selenium.grid.router.Router.execute (Router.java:87)\n    at org.openqa.selenium.grid.web.EnsureSpecCompliantResponseHeaders.lambda$apply$0 (EnsureSpecCompliantResponseHeaders.java:34)\n    at org.openqa.selenium.remote.http.Filter$1.execute (Filter.java:63)\n    at org.openqa.selenium.remote.http.Route$CombinedRoute.handle (Route.java:360)\n    at org.openqa.selenium.remote.http.Route.execute (Route.java:69)\n    at org.openqa.selenium.remote.AddWebDriverSpecHeaders.lambda$apply$0 (AddWebDriverSpecHeaders.java:35)\n    at org.openqa.selenium.remote.ErrorFilter.lambda$apply$0 (ErrorFilter.java:44)\n    at org.openqa.selenium.remote.http.Filter$1.execute (Filter.java:63)\n    at org.openqa.selenium.remote.ErrorFilter.lambda$apply$0 (ErrorFilter.java:44)\n    at org.openqa.selenium.remote.http.Filter$1.execute (Filter.java:63)\n    at org.openqa.selenium.netty.server.SeleniumHandler.lambda$channelRead0$0 (SeleniumHandler.java:44)\n    at java.util.concurrent.Executors$RunnableAdapter.call (Executors.java:539)\n    at java.util.concurrent.FutureTask.run (FutureTask.java:264)\n    at java.util.concurrent.ThreadPoolExecutor.runWorker (ThreadPoolExecutor.java:1136)\n    at java.util.concurrent.ThreadPoolExecutor$Worker.run (ThreadPoolExecutor.java:635)\n    at java.lang.Thread.run (Thread.java:840)","statusTrace":"fixturefunc = <function scrape_step at 0x7f8cec70b100>\nrequest = <FixtureRequest for <Function test_scenario_outline[RenfrewshireCouncil]>>\nkwargs = {'context': <test_validate_council.Context object at 0x7f8cff317560>, 'headless_mode': 'True', 'local_browser': 'False', 'selenium_url': 'http://localhost:4444'}\n\n    def call_fixture_func(\n        fixturefunc: _FixtureFunc[FixtureValue], request: FixtureRequest, kwargs\n    ) -> FixtureValue:\n        if is_generator(fixturefunc):\n            fixturefunc = cast(\n                Callable[..., Generator[FixtureValue, None, None]], fixturefunc\n            )\n            generator = fixturefunc(**kwargs)\n            try:\n                fixture_result = next(generator)\n            except StopIteration:\n                raise ValueError(f\"{request.fixturename} did not yield a value\") from None\n            finalizer = functools.partial(_teardown_yield_fixture, fixturefunc, generator)\n            request.addfinalizer(finalizer)\n        else:\n            fixturefunc = cast(Callable[..., FixtureValue], fixturefunc)\n>           fixture_result = fixturefunc(**kwargs)\n\n../../../.cache/pypoetry/virtualenvs/uk-bin-collection-EwS6Gn8s-py3.12/lib/python3.12/site-packages/_pytest/fixtures.py:898: \n_ _ _ _ _ _ _ _ _ _ _ _ _ _ _ _ _ _ _ _ _ _ _ _ _ _ _ _ _ _ _ _ _ _ _ _ _ _ _ _ \nuk_bin_collection/tests/step_defs/test_validate_council.py:100: in scrape_step\n    context.parse_result = CollectData.run()\nuk_bin_collection/uk_bin_collection/collect_data.py:101: in run\n    return self.client_code(\nuk_bin_collection/uk_bin_collection/collect_data.py:121: in client_code\n    return get_bin_data_class.template_method(address_url, **kwargs)\nuk_bin_collection/uk_bin_collection/get_bin_data.py:61: in template_method\n    bin_data_dict = self.get_and_parse_data(this_url, **kwargs)\nuk_bin_collection/uk_bin_collection/get_bin_data.py:84: in get_and_parse_data\n    bin_data_dict = self.parse_data(\"\", url=address_url, **kwargs)\nuk_bin_collection/uk_bin_collection/councils/RenfrewshireCouncil.py:30: in parse_data\n    driver = create_webdriver(web_driver, headless, None, __name__)\nuk_bin_collection/uk_bin_collection/common.py:323: in create_webdriver\n    return webdriver.Remote(command_executor=web_driver, options=options)\n../../../.cache/pypoetry/virtualenvs/uk-bin-collection-EwS6Gn8s-py3.12/lib/python3.12/site-packages/selenium/webdriver/remote/webdriver.py:212: in __init__\n    self.start_session(capabilities)\n../../../.cache/pypoetry/virtualenvs/uk-bin-collection-EwS6Gn8s-py3.12/lib/python3.12/site-packages/selenium/webdriver/remote/webdriver.py:299: in start_session\n    response = self.execute(Command.NEW_SESSION, caps)[\"value\"]\n../../../.cache/pypoetry/virtualenvs/uk-bin-collection-EwS6Gn8s-py3.12/lib/python3.12/site-packages/selenium/webdriver/remote/webdriver.py:354: in execute\n    self.error_handler.check_response(response)\n_ _ _ _ _ _ _ _ _ _ _ _ _ _ _ _ _ _ _ _ _ _ _ _ _ _ _ _ _ _ _ _ _ _ _ _ _ _ _ _ \n\nself = <selenium.webdriver.remote.errorhandler.ErrorHandler object at 0x7f8ceb74c5c0>\nresponse = {'status': 500, 'value': '{\\n  \"value\": {\\n    \"error\": \"session not created\",\\n    \"message\": \"Could not start a new ...\"className\": \"java.lang.Thread\",\\n        \"lineNumber\": 840,\\n        \"classLoaderName\": null\\n      }\\n    ]\\n  }\\n}'}\n\n    def check_response(self, response: Dict[str, Any]) -> None:\n        \"\"\"Checks that a JSON response from the WebDriver does not have an\n        error.\n    \n        :Args:\n         - response - The JSON response from the WebDriver server as a dictionary\n           object.\n    \n        :Raises: If the response contains an error message.\n        \"\"\"\n        status = response.get(\"status\", None)\n        if not status or status == ErrorCode.SUCCESS:\n            return\n        value = None\n        message = response.get(\"message\", \"\")\n        screen: str = response.get(\"screen\", \"\")\n        stacktrace = None\n        if isinstance(status, int):\n            value_json = response.get(\"value\", None)\n            if value_json and isinstance(value_json, str):\n                import json\n    \n                try:\n                    value = json.loads(value_json)\n                    if len(value) == 1:\n                        value = value[\"value\"]\n                    status = value.get(\"error\", None)\n                    if not status:\n                        status = value.get(\"status\", ErrorCode.UNKNOWN_ERROR)\n                        message = value.get(\"value\") or value.get(\"message\")\n                        if not isinstance(message, str):\n                            value = message\n                            message = message.get(\"message\")\n                    else:\n                        message = value.get(\"message\", None)\n                except ValueError:\n                    pass\n    \n        exception_class: Type[WebDriverException]\n        e = ErrorCode()\n        error_codes = [item for item in dir(e) if not item.startswith(\"__\")]\n        for error_code in error_codes:\n            error_info = getattr(ErrorCode, error_code)\n            if isinstance(error_info, list) and status in error_info:\n                exception_class = getattr(ExceptionMapping, error_code, WebDriverException)\n                break\n        else:\n            exception_class = WebDriverException\n    \n        if not value:\n            value = response[\"value\"]\n        if isinstance(value, str):\n            raise exception_class(value)\n        if message == \"\" and \"message\" in value:\n            message = value[\"message\"]\n    \n        screen = None  # type: ignore[assignment]\n        if \"screen\" in value:\n            screen = value[\"screen\"]\n    \n        stacktrace = None\n        st_value = value.get(\"stackTrace\") or value.get(\"stacktrace\")\n        if st_value:\n            if isinstance(st_value, str):\n                stacktrace = st_value.split(\"\\n\")\n            else:\n                stacktrace = []\n                try:\n                    for frame in st_value:\n                        line = frame.get(\"lineNumber\", \"\")\n                        file = frame.get(\"fileName\", \"<anonymous>\")\n                        if line:\n                            file = f\"{file}:{line}\"\n                        meth = frame.get(\"methodName\", \"<anonymous>\")\n                        if \"className\" in frame:\n                            meth = f\"{frame['className']}.{meth}\"\n                        msg = \"    at %s (%s)\"\n                        msg = msg % (meth, file)\n                        stacktrace.append(msg)\n                except TypeError:\n                    pass\n        if exception_class == UnexpectedAlertPresentException:\n            alert_text = None\n            if \"data\" in value:\n                alert_text = value[\"data\"].get(\"text\")\n            elif \"alert\" in value:\n                alert_text = value[\"alert\"].get(\"text\")\n            raise exception_class(message, screen, stacktrace, alert_text)  # type: ignore[call-arg]  # mypy is not smart enough here\n>       raise exception_class(message, screen, stacktrace)\nE       selenium.common.exceptions.SessionNotCreatedException: Message: Could not start a new session. New session request timed out \nE       Host info: host: 'selenium', ip: '172.18.0.2'\nE       Build info: version: '4.24.0', revision: '748ffc9bc3'\nE       System info: os.name: 'Linux', os.arch: 'amd64', os.version: '6.5.0-1025-azure', java.version: '17.0.12'\nE       Driver info: driver.version: unknown\nE       Stacktrace:\nE           at org.openqa.selenium.grid.sessionqueue.local.LocalNewSessionQueue.addToQueue (LocalNewSessionQueue.java:221)\nE           at org.openqa.selenium.grid.sessionqueue.NewSessionQueue.lambda$new$0 (NewSessionQueue.java:68)\nE           at org.openqa.selenium.remote.http.Route$TemplatizedRoute.handle (Route.java:192)\nE           at org.openqa.selenium.remote.http.Route.execute (Route.java:69)\nE           at org.openqa.selenium.remote.http.Route$CombinedRoute.handle (Route.java:360)\nE           at org.openqa.selenium.remote.http.Route.execute (Route.java:69)\nE           at org.openqa.selenium.grid.sessionqueue.NewSessionQueue.execute (NewSessionQueue.java:128)\nE           at org.openqa.selenium.remote.tracing.SpanWrappedHttpHandler.execute (SpanWrappedHttpHandler.java:87)\nE           at org.openqa.selenium.remote.http.Filter$1.execute (Filter.java:63)\nE           at org.openqa.selenium.remote.http.Route$CombinedRoute.handle (Route.java:360)\nE           at org.openqa.selenium.remote.http.Route.execute (Route.java:69)\nE           at org.openqa.selenium.grid.router.Router.execute (Router.java:87)\nE           at org.openqa.selenium.grid.web.EnsureSpecCompliantResponseHeaders.lambda$apply$0 (EnsureSpecCompliantResponseHeaders.java:34)\nE           at org.openqa.selenium.remote.http.Filter$1.execute (Filter.java:63)\nE           at org.openqa.selenium.remote.http.Route$CombinedRoute.handle (Route.java:360)\nE           at org.openqa.selenium.remote.http.Route.execute (Route.java:69)\nE           at org.openqa.selenium.remote.AddWebDriverSpecHeaders.lambda$apply$0 (AddWebDriverSpecHeaders.java:35)\nE           at org.openqa.selenium.remote.ErrorFilter.lambda$apply$0 (ErrorFilter.java:44)\nE           at org.openqa.selenium.remote.http.Filter$1.execute (Filter.java:63)\nE           at org.openqa.selenium.remote.ErrorFilter.lambda$apply$0 (ErrorFilter.java:44)\nE           at org.openqa.selenium.remote.http.Filter$1.execute (Filter.java:63)\nE           at org.openqa.selenium.netty.server.SeleniumHandler.lambda$channelRead0$0 (SeleniumHandler.java:44)\nE           at java.util.concurrent.Executors$RunnableAdapter.call (Executors.java:539)\nE           at java.util.concurrent.FutureTask.run (FutureTask.java:264)\nE           at java.util.concurrent.ThreadPoolExecutor.runWorker (ThreadPoolExecutor.java:1136)\nE           at java.util.concurrent.ThreadPoolExecutor$Worker.run (ThreadPoolExecutor.java:635)\nE           at java.lang.Thread.run (Thread.java:840)\n\n../../../.cache/pypoetry/virtualenvs/uk-bin-collection-EwS6Gn8s-py3.12/lib/python3.12/site-packages/selenium/webdriver/remote/errorhandler.py:229: SessionNotCreatedException","steps":[{"name":"Given the council","time":{"start":1726619161927,"stop":1726619161927,"duration":0},"status":"passed","steps":[],"attachments":[],"parameters":[],"hasContent":false,"attachmentStep":false,"shouldDisplayMessage":false,"stepsCount":0,"attachmentsCount":0},{"name":"When we scrape the data from the council","time":{"start":1726619161927,"stop":1726619461982,"duration":300055},"status":"failed","statusMessage":"Message: Could not start a new session. New session request timed out \nHost info: host: 'selenium', ip: '172.18.0.2'\nBuild info: version: '4.24.0', revision: '748ffc9bc3'\nSystem info: os.name: 'Linux', os.arch: 'amd64', os.version: '6.5.0-1025-azure', java.version: '17.0.12'\nDriver info: driver.version: unknown\nStacktrace:\n    at org.openqa.selenium.grid.sessionqueue.local.LocalNewSessionQueue.addToQueue (LocalNewSessionQueue.java:221)\n    at org.openqa.selenium.grid.sessionqueue.NewSessionQueue.lambda$new$0 (NewSessionQueue.java:68)\n    at org.openqa.selenium.remote.http.Route$TemplatizedRoute.handle (Route.java:192)\n    at org.openqa.selenium.remote.http.Route.execute (Route.java:69)\n    at org.openqa.selenium.remote.http.Route$CombinedRoute.handle (Route.java:360)\n    at org.openqa.selenium.remote.http.Route.execute (Route.java:69)\n    at org.openqa.selenium.grid.sessionqueue.NewSessionQueue.execute (NewSessionQueue.java:128)\n    at org.openqa.selenium.remote.tracing.SpanWrappedHttpHandler.execute (SpanWrappedHttpHandler.java:87)\n    at org.openqa.selenium.remote.http.Filter$1.execute (Filter.java:63)\n    at org.openqa.selenium.remote.http.Route$CombinedRoute.handle (Route.java:360)\n    at org.openqa.selenium.remote.http.Route.execute (Route.java:69)\n    at org.openqa.selenium.grid.router.Router.execute (Router.java:87)\n    at org.openqa.selenium.grid.web.EnsureSpecCompliantResponseHeaders.lambda$apply$0 (EnsureSpecCompliantResponseHeaders.java:34)\n    at org.openqa.selenium.remote.http.Filter$1.execute (Filter.java:63)\n    at org.openqa.selenium.remote.http.Route$CombinedRoute.handle (Route.java:360)\n    at org.openqa.selenium.remote.http.Route.execute (Route.java:69)\n    at org.openqa.selenium.remote.AddWebDriverSpecHeaders.lambda$apply$0 (AddWebDriverSpecHeaders.java:35)\n    at org.openqa.selenium.remote.ErrorFilter.lambda$apply$0 (ErrorFilter.java:44)\n    at org.openqa.selenium.remote.http.Filter$1.execute (Filter.java:63)\n    at org.openqa.selenium.remote.ErrorFilter.lambda$apply$0 (ErrorFilter.java:44)\n    at org.openqa.selenium.remote.http.Filter$1.execute (Filter.java:63)\n    at org.openqa.selenium.netty.server.SeleniumHandler.lambda$channelRead0$0 (SeleniumHandler.java:44)\n    at java.util.concurrent.Executors$RunnableAdapter.call (Executors.java:539)\n    at java.util.concurrent.FutureTask.run (FutureTask.java:264)\n    at java.util.concurrent.ThreadPoolExecutor.runWorker (ThreadPoolExecutor.java:1136)\n    at java.util.concurrent.ThreadPoolExecutor$Worker.run (ThreadPoolExecutor.java:635)\n    at java.lang.Thread.run (Thread.java:840)","statusTrace":"selenium.common.exceptions.SessionNotCreatedException: Message: Could not start a new session. New session request timed out \nHost info: host: 'selenium', ip: '172.18.0.2'\nBuild info: version: '4.24.0', revision: '748ffc9bc3'\nSystem info: os.name: 'Linux', os.arch: 'amd64', os.version: '6.5.0-1025-azure', java.version: '17.0.12'\nDriver info: driver.version: unknown\nStacktrace:\n    at org.openqa.selenium.grid.sessionqueue.local.LocalNewSessionQueue.addToQueue (LocalNewSessionQueue.java:221)\n    at org.openqa.selenium.grid.sessionqueue.NewSessionQueue.lambda$new$0 (NewSessionQueue.java:68)\n    at org.openqa.selenium.remote.http.Route$TemplatizedRoute.handle (Route.java:192)\n    at org.openqa.selenium.remote.http.Route.execute (Route.java:69)\n    at org.openqa.selenium.remote.http.Route$CombinedRoute.handle (Route.java:360)\n    at org.openqa.selenium.remote.http.Route.execute (Route.java:69)\n    at org.openqa.selenium.grid.sessionqueue.NewSessionQueue.execute (NewSessionQueue.java:128)\n    at org.openqa.selenium.remote.tracing.SpanWrappedHttpHandler.execute (SpanWrappedHttpHandler.java:87)\n    at org.openqa.selenium.remote.http.Filter$1.execute (Filter.java:63)\n    at org.openqa.selenium.remote.http.Route$CombinedRoute.handle (Route.java:360)\n    at org.openqa.selenium.remote.http.Route.execute (Route.java:69)\n    at org.openqa.selenium.grid.router.Router.execute (Router.java:87)\n    at org.openqa.selenium.grid.web.EnsureSpecCompliantResponseHeaders.lambda$apply$0 (EnsureSpecCompliantResponseHeaders.java:34)\n    at org.openqa.selenium.remote.http.Filter$1.execute (Filter.java:63)\n    at org.openqa.selenium.remote.http.Route$CombinedRoute.handle (Route.java:360)\n    at org.openqa.selenium.remote.http.Route.execute (Route.java:69)\n    at org.openqa.selenium.remote.AddWebDriverSpecHeaders.lambda$apply$0 (AddWebDriverSpecHeaders.java:35)\n    at org.openqa.selenium.remote.ErrorFilter.lambda$apply$0 (ErrorFilter.java:44)\n    at org.openqa.selenium.remote.http.Filter$1.execute (Filter.java:63)\n    at org.openqa.selenium.remote.ErrorFilter.lambda$apply$0 (ErrorFilter.java:44)\n    at org.openqa.selenium.remote.http.Filter$1.execute (Filter.java:63)\n    at org.openqa.selenium.netty.server.SeleniumHandler.lambda$channelRead0$0 (SeleniumHandler.java:44)\n    at java.util.concurrent.Executors$RunnableAdapter.call (Executors.java:539)\n    at java.util.concurrent.FutureTask.run (FutureTask.java:264)\n    at java.util.concurrent.ThreadPoolExecutor.runWorker (ThreadPoolExecutor.java:1136)\n    at java.util.concurrent.ThreadPoolExecutor$Worker.run (ThreadPoolExecutor.java:635)\n    at java.lang.Thread.run (Thread.java:840)\n","steps":[],"attachments":[],"parameters":[],"hasContent":true,"attachmentStep":false,"shouldDisplayMessage":true,"stepsCount":0,"attachmentsCount":0}],"attachments":[{"uid":"33e45bda485d13fe","name":"stdout","source":"33e45bda485d13fe.txt","type":"text/plain","size":2656}],"parameters":[],"hasContent":true,"attachmentStep":false,"shouldDisplayMessage":true,"stepsCount":2,"attachmentsCount":1},"afterStages":[],"labels":[{"name":"host","value":"fv-az738-15"},{"name":"thread","value":"2786-MainThread"},{"name":"framework","value":"pytest-bdd"},{"name":"language","value":"cpython3"},{"name":"feature","value":"Test each council output matches expected results"},{"name":"resultFormat","value":"allure2"}],"parameters":[{"name":"council","value":"RenfrewshireCouncil"}],"links":[],"hidden":false,"retry":false,"extra":{"severity":"normal","retries":[],"categories":[{"name":"Product defects","matchedStatuses":[],"flaky":false}],"history":{"statistic":{"failed":45,"broken":0,"skipped":0,"passed":98,"unknown":0,"total":143},"items":[{"uid":"82247b80ce373805","reportUrl":"https://robbrad.github.io/UKBinCollectionData/3.12/2120//#testresult/82247b80ce373805","status":"passed","time":{"start":1726532800572,"stop":1726532806718,"duration":6146}},{"uid":"5d3c8afae1118f27","reportUrl":"https://robbrad.github.io/UKBinCollectionData/3.12/2116//#testresult/5d3c8afae1118f27","status":"passed","time":{"start":1726446734776,"stop":1726446795518,"duration":60742}},{"uid":"801eabe503fab1db","reportUrl":"https://robbrad.github.io/UKBinCollectionData/3.12/2115//#testresult/801eabe503fab1db","status":"passed","time":{"start":1726359914502,"stop":1726359953955,"duration":39453}},{"uid":"850bacbdbd94a246","reportUrl":"https://robbrad.github.io/UKBinCollectionData/3.12/2114//#testresult/850bacbdbd94a246","status":"passed","time":{"start":1726273719840,"stop":1726273766086,"duration":46246}},{"uid":"cec23e20e20a8dcc","reportUrl":"https://robbrad.github.io/UKBinCollectionData/3.12/2113//#testresult/cec23e20e20a8dcc","status":"failed","statusDetails":"selenium.common.exceptions.SessionNotCreatedException: Message: Could not start a new session. New session request timed out \nHost info: host: 'selenium', ip: '172.18.0.2'\nBuild info: version: '4.24.0', revision: '748ffc9bc3'\nSystem info: os.name: 'Linux', os.arch: 'amd64', os.version: '6.5.0-1025-azure', java.version: '17.0.12'\nDriver info: driver.version: unknown\nStacktrace:\n    at org.openqa.selenium.grid.sessionqueue.local.LocalNewSessionQueue.addToQueue (LocalNewSessionQueue.java:221)\n    at org.openqa.selenium.grid.sessionqueue.NewSessionQueue.lambda$new$0 (NewSessionQueue.java:68)\n    at org.openqa.selenium.remote.http.Route$TemplatizedRoute.handle (Route.java:192)\n    at org.openqa.selenium.remote.http.Route.execute (Route.java:69)\n    at org.openqa.selenium.remote.http.Route$CombinedRoute.handle (Route.java:360)\n    at org.openqa.selenium.remote.http.Route.execute (Route.java:69)\n    at org.openqa.selenium.grid.sessionqueue.NewSessionQueue.execute (NewSessionQueue.java:128)\n    at org.openqa.selenium.remote.tracing.SpanWrappedHttpHandler.execute (SpanWrappedHttpHandler.java:87)\n    at org.openqa.selenium.remote.http.Filter$1.execute (Filter.java:63)\n    at org.openqa.selenium.remote.http.Route$CombinedRoute.handle (Route.java:360)\n    at org.openqa.selenium.remote.http.Route.execute (Route.java:69)\n    at org.openqa.selenium.grid.router.Router.execute (Router.java:87)\n    at org.openqa.selenium.grid.web.EnsureSpecCompliantResponseHeaders.lambda$apply$0 (EnsureSpecCompliantResponseHeaders.java:34)\n    at org.openqa.selenium.remote.http.Filter$1.execute (Filter.java:63)\n    at org.openqa.selenium.remote.http.Route$CombinedRoute.handle (Route.java:360)\n    at org.openqa.selenium.remote.http.Route.execute (Route.java:69)\n    at org.openqa.selenium.remote.AddWebDriverSpecHeaders.lambda$apply$0 (AddWebDriverSpecHeaders.java:35)\n    at org.openqa.selenium.remote.ErrorFilter.lambda$apply$0 (ErrorFilter.java:44)\n    at org.openqa.selenium.remote.http.Filter$1.execute (Filter.java:63)\n    at org.openqa.selenium.remote.ErrorFilter.lambda$apply$0 (ErrorFilter.java:44)\n    at org.openqa.selenium.remote.http.Filter$1.execute (Filter.java:63)\n    at org.openqa.selenium.netty.server.SeleniumHandler.lambda$channelRead0$0 (SeleniumHandler.java:44)\n    at java.util.concurrent.Executors$RunnableAdapter.call (Executors.java:539)\n    at java.util.concurrent.FutureTask.run (FutureTask.java:264)\n    at java.util.concurrent.ThreadPoolExecutor.runWorker (ThreadPoolExecutor.java:1136)\n    at java.util.concurrent.ThreadPoolExecutor$Worker.run (ThreadPoolExecutor.java:635)\n    at java.lang.Thread.run (Thread.java:840)","time":{"start":1726187187277,"stop":1726187487487,"duration":300210}},{"uid":"6693766574e69746","reportUrl":"https://robbrad.github.io/UKBinCollectionData/3.12/2112//#testresult/6693766574e69746","status":"passed","time":{"start":1726100813911,"stop":1726100850377,"duration":36466}},{"uid":"aa777b6cbab5c9e3","reportUrl":"https://robbrad.github.io/UKBinCollectionData/3.12/2111//#testresult/aa777b6cbab5c9e3","status":"passed","time":{"start":1726014431712,"stop":1726014482220,"duration":50508}},{"uid":"b50589c9dc548120","reportUrl":"https://robbrad.github.io/UKBinCollectionData/3.12/2109//#testresult/b50589c9dc548120","status":"failed","statusDetails":"selenium.common.exceptions.SessionNotCreatedException: Message: Could not start a new session. New session request timed out \nHost info: host: 'selenium', ip: '172.18.0.2'\nBuild info: version: '4.24.0', revision: '748ffc9bc3'\nSystem info: os.name: 'Linux', os.arch: 'amd64', os.version: '6.5.0-1025-azure', java.version: '17.0.12'\nDriver info: driver.version: unknown\nStacktrace:\n    at org.openqa.selenium.grid.sessionqueue.local.LocalNewSessionQueue.addToQueue (LocalNewSessionQueue.java:221)\n    at org.openqa.selenium.grid.sessionqueue.NewSessionQueue.lambda$new$0 (NewSessionQueue.java:68)\n    at org.openqa.selenium.remote.http.Route$TemplatizedRoute.handle (Route.java:192)\n    at org.openqa.selenium.remote.http.Route.execute (Route.java:69)\n    at org.openqa.selenium.remote.http.Route$CombinedRoute.handle (Route.java:360)\n    at org.openqa.selenium.remote.http.Route.execute (Route.java:69)\n    at org.openqa.selenium.grid.sessionqueue.NewSessionQueue.execute (NewSessionQueue.java:128)\n    at org.openqa.selenium.remote.tracing.SpanWrappedHttpHandler.execute (SpanWrappedHttpHandler.java:87)\n    at org.openqa.selenium.remote.http.Filter$1.execute (Filter.java:63)\n    at org.openqa.selenium.remote.http.Route$CombinedRoute.handle (Route.java:360)\n    at org.openqa.selenium.remote.http.Route.execute (Route.java:69)\n    at org.openqa.selenium.grid.router.Router.execute (Router.java:87)\n    at org.openqa.selenium.grid.web.EnsureSpecCompliantResponseHeaders.lambda$apply$0 (EnsureSpecCompliantResponseHeaders.java:34)\n    at org.openqa.selenium.remote.http.Filter$1.execute (Filter.java:63)\n    at org.openqa.selenium.remote.http.Route$CombinedRoute.handle (Route.java:360)\n    at org.openqa.selenium.remote.http.Route.execute (Route.java:69)\n    at org.openqa.selenium.remote.AddWebDriverSpecHeaders.lambda$apply$0 (AddWebDriverSpecHeaders.java:35)\n    at org.openqa.selenium.remote.ErrorFilter.lambda$apply$0 (ErrorFilter.java:44)\n    at org.openqa.selenium.remote.http.Filter$1.execute (Filter.java:63)\n    at org.openqa.selenium.remote.ErrorFilter.lambda$apply$0 (ErrorFilter.java:44)\n    at org.openqa.selenium.remote.http.Filter$1.execute (Filter.java:63)\n    at org.openqa.selenium.netty.server.SeleniumHandler.lambda$channelRead0$0 (SeleniumHandler.java:44)\n    at java.util.concurrent.Executors$RunnableAdapter.call (Executors.java:539)\n    at java.util.concurrent.FutureTask.run (FutureTask.java:264)\n    at java.util.concurrent.ThreadPoolExecutor.runWorker (ThreadPoolExecutor.java:1136)\n    at java.util.concurrent.ThreadPoolExecutor$Worker.run (ThreadPoolExecutor.java:635)\n    at java.lang.Thread.run (Thread.java:840)","time":{"start":1725956225741,"stop":1725956525872,"duration":300131}},{"uid":"54e0d7122977bf9e","reportUrl":"https://robbrad.github.io/UKBinCollectionData/3.12/2107//#testresult/54e0d7122977bf9e","status":"passed","time":{"start":1725927904270,"stop":1725927918387,"duration":14117}},{"uid":"6b6e71bb7e098d05","reportUrl":"https://robbrad.github.io/UKBinCollectionData/3.12/2095//#testresult/6b6e71bb7e098d05","status":"passed","time":{"start":1725841702945,"stop":1725841742476,"duration":39531}},{"uid":"8dd0a87459bb7801","reportUrl":"https://robbrad.github.io/UKBinCollectionData/3.12/2093//#testresult/8dd0a87459bb7801","status":"passed","time":{"start":1725755165750,"stop":1725755187339,"duration":21589}},{"uid":"d4f279d882be2576","reportUrl":"https://robbrad.github.io/UKBinCollectionData/3.12/2092//#testresult/d4f279d882be2576","status":"passed","time":{"start":1725669023165,"stop":1725669061592,"duration":38427}},{"uid":"b6e9dd42612977c6","reportUrl":"https://robbrad.github.io/UKBinCollectionData/3.12/2088//#testresult/b6e9dd42612977c6","status":"passed","time":{"start":1725582348290,"stop":1725582370458,"duration":22168}},{"uid":"e12b1fe024d0ecf5","reportUrl":"https://robbrad.github.io/UKBinCollectionData/3.12/2086//#testresult/e12b1fe024d0ecf5","status":"passed","time":{"start":1725570389659,"stop":1725570440410,"duration":50751}},{"uid":"5e609914a0418389","reportUrl":"https://robbrad.github.io/UKBinCollectionData/3.12/2083//#testresult/5e609914a0418389","status":"passed","time":{"start":1725495987228,"stop":1725496011802,"duration":24574}},{"uid":"4610b6fe78e79674","reportUrl":"https://robbrad.github.io/UKBinCollectionData/3.12/2082//#testresult/4610b6fe78e79674","status":"passed","time":{"start":1725431126319,"stop":1725431144959,"duration":18640}},{"uid":"42465ef86a13aaf7","reportUrl":"https://robbrad.github.io/UKBinCollectionData/3.12/2082//#testresult/42465ef86a13aaf7","status":"passed","time":{"start":1725409881078,"stop":1725409944849,"duration":63771}},{"uid":"43377765741147d9","reportUrl":"https://robbrad.github.io/UKBinCollectionData/3.12/2080//#testresult/43377765741147d9","status":"passed","time":{"start":1725404860836,"stop":1725404914055,"duration":53219}},{"uid":"95c6239933ec80f9","reportUrl":"https://robbrad.github.io/UKBinCollectionData/3.12/2073//#testresult/95c6239933ec80f9","status":"passed","time":{"start":1725385836204,"stop":1725385893964,"duration":57760}},{"uid":"4cb9c4846970ddee","reportUrl":"https://robbrad.github.io/UKBinCollectionData/3.12/2070//#testresult/4cb9c4846970ddee","status":"passed","time":{"start":1725347718808,"stop":1725347736095,"duration":17287}}]},"tags":[]},"source":"5f92f68174f874be.json","parameterValues":["RenfrewshireCouncil"]}