{"uid":"2f908f3a582997f8","name":"Validate Council Output [NorthNorfolkDistrictCouncil]","fullName":"features/validate_council_outputs.feature:Validate Council Output","historyId":"6712f2e3b136c8030bb4071a5deccc97","time":{"start":1717316477816,"stop":1717316626440,"duration":148624},"status":"failed","statusMessage":"selenium.common.exceptions.NoSuchElementException: Message: no such element: Unable to locate element: {\"method\":\"css selector\",\"selector\":\"[id=\"F_Address_subform:Postcode\"]\"}\n  (Session info: chrome-headless-shell=125.0.6422.76); For documentation on this error, please visit: https://www.selenium.dev/documentation/webdriver/troubleshooting/errors#no-such-element-exception\nStacktrace:\n#0 0x564084fd4e9a <unknown>\n#1 0x564084cbe45c <unknown>\n#2 0x564084d0a5b5 <unknown>\n#3 0x564084d0a671 <unknown>\n#4 0x564084d4ef14 <unknown>\n#5 0x564084d2d4dd <unknown>\n#6 0x564084d4c2cc <unknown>\n#7 0x564084d2d253 <unknown>\n#8 0x564084cfd1c7 <unknown>\n#9 0x564084cfdb3e <unknown>\n#10 0x564084f9b2db <unknown>\n#11 0x564084f9f387 <unknown>\n#12 0x564084f87e0e <unknown>\n#13 0x564084f9fe52 <unknown>\n#14 0x564084f6c7af <unknown>\n#15 0x564084fc4188 <unknown>\n#16 0x564084fc435b <unknown>\n#17 0x564084fd3fcc <unknown>\n#18 0x7f9fc67feac3 <unknown>","statusTrace":"fixturefunc = <function scrape_step at 0x7f7f14506200>\nrequest = <FixtureRequest for <Function test_scenario_outline[NorthNorfolkDistrictCouncil]>>\nkwargs = {'context': <test_validate_council.Context object at 0x7f7f1458e810>, 'headless_mode': 'True', 'local_browser': 'False', 'selenium_url': 'http://localhost:4444'}\n\n    def call_fixture_func(\n        fixturefunc: \"_FixtureFunc[FixtureValue]\", request: FixtureRequest, kwargs\n    ) -> FixtureValue:\n        if is_generator(fixturefunc):\n            fixturefunc = cast(\n                Callable[..., Generator[FixtureValue, None, None]], fixturefunc\n            )\n            generator = fixturefunc(**kwargs)\n            try:\n                fixture_result = next(generator)\n            except StopIteration:\n                raise ValueError(f\"{request.fixturename} did not yield a value\") from None\n            finalizer = functools.partial(_teardown_yield_fixture, fixturefunc, generator)\n            request.addfinalizer(finalizer)\n        else:\n            fixturefunc = cast(Callable[..., FixtureValue], fixturefunc)\n>           fixture_result = fixturefunc(**kwargs)\n\n../../../.cache/pypoetry/virtualenvs/uk-bin-collection-EwS6Gn8s-py3.11/lib/python3.11/site-packages/_pytest/fixtures.py:884: \n_ _ _ _ _ _ _ _ _ _ _ _ _ _ _ _ _ _ _ _ _ _ _ _ _ _ _ _ _ _ _ _ _ _ _ _ _ _ _ _ \nuk_bin_collection/tests/step_defs/test_validate_council.py:100: in scrape_step\n    context.parse_result = CollectData.run()\nuk_bin_collection/uk_bin_collection/collect_data.py:102: in run\n    return self.client_code(\nuk_bin_collection/uk_bin_collection/collect_data.py:121: in client_code\n    return get_bin_data_class.template_method(address_url, **kwargs)\nuk_bin_collection/uk_bin_collection/get_bin_data.py:80: in template_method\n    bin_data_dict = self.parse_data(\nuk_bin_collection/uk_bin_collection/councils/NorthNorfolkDistrictCouncil.py:38: in parse_data\n    inputElement_postcode = driver.find_element(\n../../../.cache/pypoetry/virtualenvs/uk-bin-collection-EwS6Gn8s-py3.11/lib/python3.11/site-packages/selenium/webdriver/remote/webdriver.py:741: in find_element\n    return self.execute(Command.FIND_ELEMENT, {\"using\": by, \"value\": value})[\"value\"]\n../../../.cache/pypoetry/virtualenvs/uk-bin-collection-EwS6Gn8s-py3.11/lib/python3.11/site-packages/selenium/webdriver/remote/webdriver.py:347: in execute\n    self.error_handler.check_response(response)\n_ _ _ _ _ _ _ _ _ _ _ _ _ _ _ _ _ _ _ _ _ _ _ _ _ _ _ _ _ _ _ _ _ _ _ _ _ _ _ _ \n\nself = <selenium.webdriver.remote.errorhandler.ErrorHandler object at 0x7f7f138a5ad0>\nresponse = {'status': 404, 'value': '{\"value\":{\"error\":\"no such element\",\"message\":\"no such element: Unable to locate element: {\\...\\\\n#16 0x564084fc435b \\\\u003Cunknown>\\\\n#17 0x564084fd3fcc \\\\u003Cunknown>\\\\n#18 0x7f9fc67feac3 \\\\u003Cunknown>\\\\n\"}}'}\n\n    def check_response(self, response: Dict[str, Any]) -> None:\n        \"\"\"Checks that a JSON response from the WebDriver does not have an\n        error.\n    \n        :Args:\n         - response - The JSON response from the WebDriver server as a dictionary\n           object.\n    \n        :Raises: If the response contains an error message.\n        \"\"\"\n        status = response.get(\"status\", None)\n        if not status or status == ErrorCode.SUCCESS:\n            return\n        value = None\n        message = response.get(\"message\", \"\")\n        screen: str = response.get(\"screen\", \"\")\n        stacktrace = None\n        if isinstance(status, int):\n            value_json = response.get(\"value\", None)\n            if value_json and isinstance(value_json, str):\n                import json\n    \n                try:\n                    value = json.loads(value_json)\n                    if len(value) == 1:\n                        value = value[\"value\"]\n                    status = value.get(\"error\", None)\n                    if not status:\n                        status = value.get(\"status\", ErrorCode.UNKNOWN_ERROR)\n                        message = value.get(\"value\") or value.get(\"message\")\n                        if not isinstance(message, str):\n                            value = message\n                            message = message.get(\"message\")\n                    else:\n                        message = value.get(\"message\", None)\n                except ValueError:\n                    pass\n    \n        exception_class: Type[WebDriverException]\n        e = ErrorCode()\n        error_codes = [item for item in dir(e) if not item.startswith(\"__\")]\n        for error_code in error_codes:\n            error_info = getattr(ErrorCode, error_code)\n            if isinstance(error_info, list) and status in error_info:\n                exception_class = getattr(ExceptionMapping, error_code, WebDriverException)\n                break\n        else:\n            exception_class = WebDriverException\n    \n        if not value:\n            value = response[\"value\"]\n        if isinstance(value, str):\n            raise exception_class(value)\n        if message == \"\" and \"message\" in value:\n            message = value[\"message\"]\n    \n        screen = None  # type: ignore[assignment]\n        if \"screen\" in value:\n            screen = value[\"screen\"]\n    \n        stacktrace = None\n        st_value = value.get(\"stackTrace\") or value.get(\"stacktrace\")\n        if st_value:\n            if isinstance(st_value, str):\n                stacktrace = st_value.split(\"\\n\")\n            else:\n                stacktrace = []\n                try:\n                    for frame in st_value:\n                        line = frame.get(\"lineNumber\", \"\")\n                        file = frame.get(\"fileName\", \"<anonymous>\")\n                        if line:\n                            file = f\"{file}:{line}\"\n                        meth = frame.get(\"methodName\", \"<anonymous>\")\n                        if \"className\" in frame:\n                            meth = f\"{frame['className']}.{meth}\"\n                        msg = \"    at %s (%s)\"\n                        msg = msg % (meth, file)\n                        stacktrace.append(msg)\n                except TypeError:\n                    pass\n        if exception_class == UnexpectedAlertPresentException:\n            alert_text = None\n            if \"data\" in value:\n                alert_text = value[\"data\"].get(\"text\")\n            elif \"alert\" in value:\n                alert_text = value[\"alert\"].get(\"text\")\n            raise exception_class(message, screen, stacktrace, alert_text)  # type: ignore[call-arg]  # mypy is not smart enough here\n>       raise exception_class(message, screen, stacktrace)\nE       selenium.common.exceptions.NoSuchElementException: Message: no such element: Unable to locate element: {\"method\":\"css selector\",\"selector\":\"[id=\"F_Address_subform:Postcode\"]\"}\nE         (Session info: chrome-headless-shell=125.0.6422.76); For documentation on this error, please visit: https://www.selenium.dev/documentation/webdriver/troubleshooting/errors#no-such-element-exception\nE       Stacktrace:\nE       #0 0x564084fd4e9a <unknown>\nE       #1 0x564084cbe45c <unknown>\nE       #2 0x564084d0a5b5 <unknown>\nE       #3 0x564084d0a671 <unknown>\nE       #4 0x564084d4ef14 <unknown>\nE       #5 0x564084d2d4dd <unknown>\nE       #6 0x564084d4c2cc <unknown>\nE       #7 0x564084d2d253 <unknown>\nE       #8 0x564084cfd1c7 <unknown>\nE       #9 0x564084cfdb3e <unknown>\nE       #10 0x564084f9b2db <unknown>\nE       #11 0x564084f9f387 <unknown>\nE       #12 0x564084f87e0e <unknown>\nE       #13 0x564084f9fe52 <unknown>\nE       #14 0x564084f6c7af <unknown>\nE       #15 0x564084fc4188 <unknown>\nE       #16 0x564084fc435b <unknown>\nE       #17 0x564084fd3fcc <unknown>\nE       #18 0x7f9fc67feac3 <unknown>\n\n../../../.cache/pypoetry/virtualenvs/uk-bin-collection-EwS6Gn8s-py3.11/lib/python3.11/site-packages/selenium/webdriver/remote/errorhandler.py:229: NoSuchElementException","flaky":true,"newFailed":true,"newBroken":false,"newPassed":false,"retriesCount":0,"retriesStatusChange":false,"beforeStages":[],"testStage":{"status":"failed","statusMessage":"selenium.common.exceptions.NoSuchElementException: Message: no such element: Unable to locate element: {\"method\":\"css selector\",\"selector\":\"[id=\"F_Address_subform:Postcode\"]\"}\n  (Session info: chrome-headless-shell=125.0.6422.76); For documentation on this error, please visit: https://www.selenium.dev/documentation/webdriver/troubleshooting/errors#no-such-element-exception\nStacktrace:\n#0 0x564084fd4e9a <unknown>\n#1 0x564084cbe45c <unknown>\n#2 0x564084d0a5b5 <unknown>\n#3 0x564084d0a671 <unknown>\n#4 0x564084d4ef14 <unknown>\n#5 0x564084d2d4dd <unknown>\n#6 0x564084d4c2cc <unknown>\n#7 0x564084d2d253 <unknown>\n#8 0x564084cfd1c7 <unknown>\n#9 0x564084cfdb3e <unknown>\n#10 0x564084f9b2db <unknown>\n#11 0x564084f9f387 <unknown>\n#12 0x564084f87e0e <unknown>\n#13 0x564084f9fe52 <unknown>\n#14 0x564084f6c7af <unknown>\n#15 0x564084fc4188 <unknown>\n#16 0x564084fc435b <unknown>\n#17 0x564084fd3fcc <unknown>\n#18 0x7f9fc67feac3 <unknown>","statusTrace":"fixturefunc = <function scrape_step at 0x7f7f14506200>\nrequest = <FixtureRequest for <Function test_scenario_outline[NorthNorfolkDistrictCouncil]>>\nkwargs = {'context': <test_validate_council.Context object at 0x7f7f1458e810>, 'headless_mode': 'True', 'local_browser': 'False', 'selenium_url': 'http://localhost:4444'}\n\n    def call_fixture_func(\n        fixturefunc: \"_FixtureFunc[FixtureValue]\", request: FixtureRequest, kwargs\n    ) -> FixtureValue:\n        if is_generator(fixturefunc):\n            fixturefunc = cast(\n                Callable[..., Generator[FixtureValue, None, None]], fixturefunc\n            )\n            generator = fixturefunc(**kwargs)\n            try:\n                fixture_result = next(generator)\n            except StopIteration:\n                raise ValueError(f\"{request.fixturename} did not yield a value\") from None\n            finalizer = functools.partial(_teardown_yield_fixture, fixturefunc, generator)\n            request.addfinalizer(finalizer)\n        else:\n            fixturefunc = cast(Callable[..., FixtureValue], fixturefunc)\n>           fixture_result = fixturefunc(**kwargs)\n\n../../../.cache/pypoetry/virtualenvs/uk-bin-collection-EwS6Gn8s-py3.11/lib/python3.11/site-packages/_pytest/fixtures.py:884: \n_ _ _ _ _ _ _ _ _ _ _ _ _ _ _ _ _ _ _ _ _ _ _ _ _ _ _ _ _ _ _ _ _ _ _ _ _ _ _ _ \nuk_bin_collection/tests/step_defs/test_validate_council.py:100: in scrape_step\n    context.parse_result = CollectData.run()\nuk_bin_collection/uk_bin_collection/collect_data.py:102: in run\n    return self.client_code(\nuk_bin_collection/uk_bin_collection/collect_data.py:121: in client_code\n    return get_bin_data_class.template_method(address_url, **kwargs)\nuk_bin_collection/uk_bin_collection/get_bin_data.py:80: in template_method\n    bin_data_dict = self.parse_data(\nuk_bin_collection/uk_bin_collection/councils/NorthNorfolkDistrictCouncil.py:38: in parse_data\n    inputElement_postcode = driver.find_element(\n../../../.cache/pypoetry/virtualenvs/uk-bin-collection-EwS6Gn8s-py3.11/lib/python3.11/site-packages/selenium/webdriver/remote/webdriver.py:741: in find_element\n    return self.execute(Command.FIND_ELEMENT, {\"using\": by, \"value\": value})[\"value\"]\n../../../.cache/pypoetry/virtualenvs/uk-bin-collection-EwS6Gn8s-py3.11/lib/python3.11/site-packages/selenium/webdriver/remote/webdriver.py:347: in execute\n    self.error_handler.check_response(response)\n_ _ _ _ _ _ _ _ _ _ _ _ _ _ _ _ _ _ _ _ _ _ _ _ _ _ _ _ _ _ _ _ _ _ _ _ _ _ _ _ \n\nself = <selenium.webdriver.remote.errorhandler.ErrorHandler object at 0x7f7f138a5ad0>\nresponse = {'status': 404, 'value': '{\"value\":{\"error\":\"no such element\",\"message\":\"no such element: Unable to locate element: {\\...\\\\n#16 0x564084fc435b \\\\u003Cunknown>\\\\n#17 0x564084fd3fcc \\\\u003Cunknown>\\\\n#18 0x7f9fc67feac3 \\\\u003Cunknown>\\\\n\"}}'}\n\n    def check_response(self, response: Dict[str, Any]) -> None:\n        \"\"\"Checks that a JSON response from the WebDriver does not have an\n        error.\n    \n        :Args:\n         - response - The JSON response from the WebDriver server as a dictionary\n           object.\n    \n        :Raises: If the response contains an error message.\n        \"\"\"\n        status = response.get(\"status\", None)\n        if not status or status == ErrorCode.SUCCESS:\n            return\n        value = None\n        message = response.get(\"message\", \"\")\n        screen: str = response.get(\"screen\", \"\")\n        stacktrace = None\n        if isinstance(status, int):\n            value_json = response.get(\"value\", None)\n            if value_json and isinstance(value_json, str):\n                import json\n    \n                try:\n                    value = json.loads(value_json)\n                    if len(value) == 1:\n                        value = value[\"value\"]\n                    status = value.get(\"error\", None)\n                    if not status:\n                        status = value.get(\"status\", ErrorCode.UNKNOWN_ERROR)\n                        message = value.get(\"value\") or value.get(\"message\")\n                        if not isinstance(message, str):\n                            value = message\n                            message = message.get(\"message\")\n                    else:\n                        message = value.get(\"message\", None)\n                except ValueError:\n                    pass\n    \n        exception_class: Type[WebDriverException]\n        e = ErrorCode()\n        error_codes = [item for item in dir(e) if not item.startswith(\"__\")]\n        for error_code in error_codes:\n            error_info = getattr(ErrorCode, error_code)\n            if isinstance(error_info, list) and status in error_info:\n                exception_class = getattr(ExceptionMapping, error_code, WebDriverException)\n                break\n        else:\n            exception_class = WebDriverException\n    \n        if not value:\n            value = response[\"value\"]\n        if isinstance(value, str):\n            raise exception_class(value)\n        if message == \"\" and \"message\" in value:\n            message = value[\"message\"]\n    \n        screen = None  # type: ignore[assignment]\n        if \"screen\" in value:\n            screen = value[\"screen\"]\n    \n        stacktrace = None\n        st_value = value.get(\"stackTrace\") or value.get(\"stacktrace\")\n        if st_value:\n            if isinstance(st_value, str):\n                stacktrace = st_value.split(\"\\n\")\n            else:\n                stacktrace = []\n                try:\n                    for frame in st_value:\n                        line = frame.get(\"lineNumber\", \"\")\n                        file = frame.get(\"fileName\", \"<anonymous>\")\n                        if line:\n                            file = f\"{file}:{line}\"\n                        meth = frame.get(\"methodName\", \"<anonymous>\")\n                        if \"className\" in frame:\n                            meth = f\"{frame['className']}.{meth}\"\n                        msg = \"    at %s (%s)\"\n                        msg = msg % (meth, file)\n                        stacktrace.append(msg)\n                except TypeError:\n                    pass\n        if exception_class == UnexpectedAlertPresentException:\n            alert_text = None\n            if \"data\" in value:\n                alert_text = value[\"data\"].get(\"text\")\n            elif \"alert\" in value:\n                alert_text = value[\"alert\"].get(\"text\")\n            raise exception_class(message, screen, stacktrace, alert_text)  # type: ignore[call-arg]  # mypy is not smart enough here\n>       raise exception_class(message, screen, stacktrace)\nE       selenium.common.exceptions.NoSuchElementException: Message: no such element: Unable to locate element: {\"method\":\"css selector\",\"selector\":\"[id=\"F_Address_subform:Postcode\"]\"}\nE         (Session info: chrome-headless-shell=125.0.6422.76); For documentation on this error, please visit: https://www.selenium.dev/documentation/webdriver/troubleshooting/errors#no-such-element-exception\nE       Stacktrace:\nE       #0 0x564084fd4e9a <unknown>\nE       #1 0x564084cbe45c <unknown>\nE       #2 0x564084d0a5b5 <unknown>\nE       #3 0x564084d0a671 <unknown>\nE       #4 0x564084d4ef14 <unknown>\nE       #5 0x564084d2d4dd <unknown>\nE       #6 0x564084d4c2cc <unknown>\nE       #7 0x564084d2d253 <unknown>\nE       #8 0x564084cfd1c7 <unknown>\nE       #9 0x564084cfdb3e <unknown>\nE       #10 0x564084f9b2db <unknown>\nE       #11 0x564084f9f387 <unknown>\nE       #12 0x564084f87e0e <unknown>\nE       #13 0x564084f9fe52 <unknown>\nE       #14 0x564084f6c7af <unknown>\nE       #15 0x564084fc4188 <unknown>\nE       #16 0x564084fc435b <unknown>\nE       #17 0x564084fd3fcc <unknown>\nE       #18 0x7f9fc67feac3 <unknown>\n\n../../../.cache/pypoetry/virtualenvs/uk-bin-collection-EwS6Gn8s-py3.11/lib/python3.11/site-packages/selenium/webdriver/remote/errorhandler.py:229: NoSuchElementException","steps":[{"name":"Given the council","time":{"start":1717316477816,"stop":1717316477816,"duration":0},"status":"passed","steps":[],"attachments":[],"parameters":[],"shouldDisplayMessage":false,"stepsCount":0,"attachmentsCount":0,"hasContent":false,"attachmentStep":false},{"name":"When we scrape the data from the council","time":{"start":1717316477817,"stop":1717316626439,"duration":148622},"status":"failed","statusMessage":"Message: no such element: Unable to locate element: {\"method\":\"css selector\",\"selector\":\"[id=\"F_Address_subform:Postcode\"]\"}\n  (Session info: chrome-headless-shell=125.0.6422.76); For documentation on this error, please visit: https://www.selenium.dev/documentation/webdriver/troubleshooting/errors#no-such-element-exception\nStacktrace:\n#0 0x564084fd4e9a <unknown>\n#1 0x564084cbe45c <unknown>\n#2 0x564084d0a5b5 <unknown>\n#3 0x564084d0a671 <unknown>\n#4 0x564084d4ef14 <unknown>\n#5 0x564084d2d4dd <unknown>\n#6 0x564084d4c2cc <unknown>\n#7 0x564084d2d253 <unknown>\n#8 0x564084cfd1c7 <unknown>\n#9 0x564084cfdb3e <unknown>\n#10 0x564084f9b2db <unknown>\n#11 0x564084f9f387 <unknown>\n#12 0x564084f87e0e <unknown>\n#13 0x564084f9fe52 <unknown>\n#14 0x564084f6c7af <unknown>\n#15 0x564084fc4188 <unknown>\n#16 0x564084fc435b <unknown>\n#17 0x564084fd3fcc <unknown>\n#18 0x7f9fc67feac3 <unknown>\n","statusTrace":"selenium.common.exceptions.NoSuchElementException: Message: no such element: Unable to locate element: {\"method\":\"css selector\",\"selector\":\"[id=\"F_Address_subform:Postcode\"]\"}\n  (Session info: chrome-headless-shell=125.0.6422.76); For documentation on this error, please visit: https://www.selenium.dev/documentation/webdriver/troubleshooting/errors#no-such-element-exception\nStacktrace:\n#0 0x564084fd4e9a <unknown>\n#1 0x564084cbe45c <unknown>\n#2 0x564084d0a5b5 <unknown>\n#3 0x564084d0a671 <unknown>\n#4 0x564084d4ef14 <unknown>\n#5 0x564084d2d4dd <unknown>\n#6 0x564084d4c2cc <unknown>\n#7 0x564084d2d253 <unknown>\n#8 0x564084cfd1c7 <unknown>\n#9 0x564084cfdb3e <unknown>\n#10 0x564084f9b2db <unknown>\n#11 0x564084f9f387 <unknown>\n#12 0x564084f87e0e <unknown>\n#13 0x564084f9fe52 <unknown>\n#14 0x564084f6c7af <unknown>\n#15 0x564084fc4188 <unknown>\n#16 0x564084fc435b <unknown>\n#17 0x564084fd3fcc <unknown>\n#18 0x7f9fc67feac3 <unknown>\n\n","steps":[],"attachments":[],"parameters":[],"shouldDisplayMessage":true,"stepsCount":0,"attachmentsCount":0,"hasContent":true,"attachmentStep":false}],"attachments":[{"uid":"8088f7aa26bed3e1","name":"stdout","source":"8088f7aa26bed3e1.txt","type":"text/plain","size":952}],"parameters":[],"shouldDisplayMessage":true,"stepsCount":2,"attachmentsCount":1,"hasContent":true,"attachmentStep":false},"afterStages":[],"labels":[{"name":"host","value":"fv-az1435-486"},{"name":"thread","value":"2816-MainThread"},{"name":"framework","value":"pytest-bdd"},{"name":"language","value":"cpython3"},{"name":"feature","value":"Test each council output matches expected results"},{"name":"resultFormat","value":"allure2"}],"parameters":[{"name":"council","value":"NorthNorfolkDistrictCouncil"}],"links":[],"hidden":false,"retry":false,"extra":{"severity":"normal","retries":[],"categories":[{"name":"Product defects","matchedStatuses":[],"flaky":false}],"history":{"statistic":{"failed":23,"broken":0,"skipped":0,"passed":182,"unknown":0,"total":205},"items":[{"uid":"706fe25ed61330fe","reportUrl":"https://robbrad.github.io/UKBinCollectionData/3.11/1908//#testresult/706fe25ed61330fe","status":"passed","time":{"start":1717288717396,"stop":1717288727386,"duration":9990}},{"uid":"c60b4d1ddb419dda","reportUrl":"https://robbrad.github.io/UKBinCollectionData/3.11/1905//#testresult/c60b4d1ddb419dda","status":"passed","time":{"start":1717202431005,"stop":1717202439409,"duration":8404}},{"uid":"cfeb657a060545ae","reportUrl":"https://robbrad.github.io/UKBinCollectionData/3.11/1904//#testresult/cfeb657a060545ae","status":"passed","time":{"start":1717115863814,"stop":1717116001632,"duration":137818}},{"uid":"4bca1fff7fab5593","reportUrl":"https://robbrad.github.io/UKBinCollectionData/3.11/1903//#testresult/4bca1fff7fab5593","status":"passed","time":{"start":1717029522234,"stop":1717029661275,"duration":139041}},{"uid":"16b8cb136f81b56f","reportUrl":"https://robbrad.github.io/UKBinCollectionData/3.11/1898//#testresult/16b8cb136f81b56f","status":"failed","statusDetails":"selenium.common.exceptions.TimeoutException: Message: \nStacktrace:\n#0 0x5592b0174e9a <unknown>\n#1 0x5592afe5e45c <unknown>\n#2 0x5592afeaa5b5 <unknown>\n#3 0x5592afeaa671 <unknown>\n#4 0x5592afeeef14 <unknown>\n#5 0x5592afecd4dd <unknown>\n#6 0x5592afeec2cc <unknown>\n#7 0x5592afecd253 <unknown>\n#8 0x5592afe9d1c7 <unknown>\n#9 0x5592afe9db3e <unknown>\n#10 0x5592b013b2db <unknown>\n#11 0x5592b013f387 <unknown>\n#12 0x5592b0127e0e <unknown>\n#13 0x5592b013fe52 <unknown>\n#14 0x5592b010c7af <unknown>\n#15 0x5592b0164188 <unknown>\n#16 0x5592b016435b <unknown>\n#17 0x5592b0173fcc <unknown>\n#18 0x7f9284183ac3 <unknown>","time":{"start":1716943183351,"stop":1716943223407,"duration":40056}},{"uid":"8a1836a1b0b48d95","reportUrl":"https://robbrad.github.io/UKBinCollectionData/3.11/1893//#testresult/8a1836a1b0b48d95","status":"passed","time":{"start":1716856619120,"stop":1716856643109,"duration":23989}},{"uid":"e4d326312a17d80a","reportUrl":"https://robbrad.github.io/UKBinCollectionData/3.11/1883//#testresult/e4d326312a17d80a","status":"passed","time":{"start":1716770304531,"stop":1716770333070,"duration":28539}},{"uid":"7c45cf6e50d63638","reportUrl":"https://robbrad.github.io/UKBinCollectionData/3.11/1881//#testresult/7c45cf6e50d63638","status":"passed","time":{"start":1716753321758,"stop":1716753350456,"duration":28698}},{"uid":"8bcacf5b72378dd7","reportUrl":"https://robbrad.github.io/UKBinCollectionData/3.11/1877//#testresult/8bcacf5b72378dd7","status":"passed","time":{"start":1716743420524,"stop":1716743469846,"duration":49322}},{"uid":"8956481148e3fd28","reportUrl":"https://robbrad.github.io/UKBinCollectionData/3.11/1871//#testresult/8956481148e3fd28","status":"passed","time":{"start":1716710127096,"stop":1716710168624,"duration":41528}},{"uid":"1ad870361460cdda","reportUrl":"https://robbrad.github.io/UKBinCollectionData/3.11/1866//#testresult/1ad870361460cdda","status":"passed","time":{"start":1716705415144,"stop":1716705439861,"duration":24717}},{"uid":"50cd16656ecfc3e2","reportUrl":"https://robbrad.github.io/UKBinCollectionData/3.11/1865//#testresult/50cd16656ecfc3e2","status":"passed","time":{"start":1716683884269,"stop":1716684028051,"duration":143782}},{"uid":"2478f2c00a6b7b23","reportUrl":"https://robbrad.github.io/UKBinCollectionData/3.11/1863//#testresult/2478f2c00a6b7b23","status":"passed","time":{"start":1716625157488,"stop":1716625190393,"duration":32905}},{"uid":"df50c19008da83af","reportUrl":"https://robbrad.github.io/UKBinCollectionData/3.11/1862//#testresult/df50c19008da83af","status":"passed","time":{"start":1716597421725,"stop":1716597432076,"duration":10351}},{"uid":"dd3a4c0287fb4b2c","reportUrl":"https://robbrad.github.io/UKBinCollectionData/3.11/1856//#testresult/dd3a4c0287fb4b2c","status":"passed","time":{"start":1716511088135,"stop":1716511230770,"duration":142635}},{"uid":"be810bffe7678885","reportUrl":"https://robbrad.github.io/UKBinCollectionData/3.11/1855//#testresult/be810bffe7678885","status":"passed","time":{"start":1716424762717,"stop":1716424897973,"duration":135256}},{"uid":"8dee1151c02b7945","reportUrl":"https://robbrad.github.io/UKBinCollectionData/3.11/1854//#testresult/8dee1151c02b7945","status":"passed","time":{"start":1716338095392,"stop":1716338144166,"duration":48774}},{"uid":"3af91739369db49","reportUrl":"https://robbrad.github.io/UKBinCollectionData/3.11/1853//#testresult/3af91739369db49","status":"passed","time":{"start":1716251863299,"stop":1716251907542,"duration":44243}},{"uid":"3061d61fd6991d21","reportUrl":"https://robbrad.github.io/UKBinCollectionData/3.11/1852//#testresult/3061d61fd6991d21","status":"passed","time":{"start":1716165456350,"stop":1716165597140,"duration":140790}},{"uid":"ef251c3b2e122de6","reportUrl":"https://robbrad.github.io/UKBinCollectionData/3.11/1851//#testresult/ef251c3b2e122de6","status":"passed","time":{"start":1716155197046,"stop":1716155266259,"duration":69213}}]},"tags":[]},"source":"2f908f3a582997f8.json","parameterValues":["NorthNorfolkDistrictCouncil"]}