{"uid":"c0385a1d64810d16","name":"Validate Council Output [NeathPortTalbotCouncil-http://selenium:4444-local]","fullName":"features/validate_council_outputs.feature:Validate Council Output","historyId":"68717d64a9b5b73045a4198b6f1e2a64","time":{"start":1710808116062,"stop":1710808119625,"duration":3563},"status":"failed","statusMessage":"selenium.common.exceptions.NoSuchElementException: Message: no such element: Unable to locate element: {\"method\":\"css selector\",\"selector\":\"[id=\"ContentPlaceHolderDefault_ctl13_nptLLPG2_25_addresslookup_txtTmpPostcode\"]\"}\n  (Session info: chrome-headless-shell=122.0.6261.128); For documentation on this error, please visit: https://www.selenium.dev/documentation/webdriver/troubleshooting/errors#no-such-element-exception\nStacktrace:\n#0 0x55b70c60ff33 <unknown>\n#1 0x55b70c307ce6 <unknown>\n#2 0x55b70c352e48 <unknown>\n#3 0x55b70c352f01 <unknown>\n#4 0x55b70c3963f4 <unknown>\n#5 0x55b70c374edd <unknown>\n#6 0x55b70c393899 <unknown>\n#7 0x55b70c374c53 <unknown>\n#8 0x55b70c345db3 <unknown>\n#9 0x55b70c34677e <unknown>\n#10 0x55b70c5d586b <unknown>\n#11 0x55b70c5d9885 <unknown>\n#12 0x55b70c5c3181 <unknown>\n#13 0x55b70c5da412 <unknown>\n#14 0x55b70c5a725f <unknown>\n#15 0x55b70c5fe528 <unknown>\n#16 0x55b70c5fe723 <unknown>\n#17 0x55b70c60f0e4 <unknown>\n#18 0x7fe955294ac3 <unknown>","statusTrace":"fixturefunc = <function scrape_step at 0x7f2e1f92f250>\nrequest = <FixtureRequest for <Function test_scenario_outline[NeathPortTalbotCouncil-http://selenium:4444-local]>>\nkwargs = {'context': <test_validate_council.context.<locals>.Context object at 0x7f2e1eceff40>, 'council': 'NeathPortTalbotCouncil', 'selenium_mode': 'local', 'selenium_url': 'http://selenium:4444'}\n\n    def call_fixture_func(\n        fixturefunc: \"_FixtureFunc[FixtureValue]\", request: FixtureRequest, kwargs\n    ) -> FixtureValue:\n        if is_generator(fixturefunc):\n            fixturefunc = cast(\n                Callable[..., Generator[FixtureValue, None, None]], fixturefunc\n            )\n            generator = fixturefunc(**kwargs)\n            try:\n                fixture_result = next(generator)\n            except StopIteration:\n                raise ValueError(f\"{request.fixturename} did not yield a value\") from None\n            finalizer = functools.partial(_teardown_yield_fixture, fixturefunc, generator)\n            request.addfinalizer(finalizer)\n        else:\n            fixturefunc = cast(Callable[..., FixtureValue], fixturefunc)\n>           fixture_result = fixturefunc(**kwargs)\n\n../../../.cache/pypoetry/virtualenvs/uk-bin-collection-EwS6Gn8s-py3.10/lib/python3.10/site-packages/_pytest/fixtures.py:902: \n_ _ _ _ _ _ _ _ _ _ _ _ _ _ _ _ _ _ _ _ _ _ _ _ _ _ _ _ _ _ _ _ _ _ _ _ _ _ _ _ \nuk_bin_collection/tests/step_defs/test_validate_council.py:92: in scrape_step\n    context.parse_result = CollectData.run()\nuk_bin_collection/uk_bin_collection/collect_data.py:96: in run\n    return self.client_code(\nuk_bin_collection/uk_bin_collection/collect_data.py:115: in client_code\n    return get_bin_data_class.template_method(address_url, **kwargs)\nuk_bin_collection/uk_bin_collection/get_bin_data.py:78: in template_method\n    bin_data_dict = self.parse_data(\nuk_bin_collection/uk_bin_collection/councils/NeathPortTalbotCouncil.py:42: in parse_data\n    inputElement_postcode = driver.find_element(\n../../../.cache/pypoetry/virtualenvs/uk-bin-collection-EwS6Gn8s-py3.10/lib/python3.10/site-packages/selenium/webdriver/remote/webdriver.py:738: in find_element\n    return self.execute(Command.FIND_ELEMENT, {\"using\": by, \"value\": value})[\"value\"]\n../../../.cache/pypoetry/virtualenvs/uk-bin-collection-EwS6Gn8s-py3.10/lib/python3.10/site-packages/selenium/webdriver/remote/webdriver.py:344: in execute\n    self.error_handler.check_response(response)\n_ _ _ _ _ _ _ _ _ _ _ _ _ _ _ _ _ _ _ _ _ _ _ _ _ _ _ _ _ _ _ _ _ _ _ _ _ _ _ _ \n\nself = <selenium.webdriver.remote.errorhandler.ErrorHandler object at 0x7f2e1eb713f0>\nresponse = {'status': 404, 'value': '{\"value\":{\"error\":\"no such element\",\"message\":\"no such element: Unable to locate element: {\\...\\\\n#16 0x55b70c5fe723 \\\\u003Cunknown>\\\\n#17 0x55b70c60f0e4 \\\\u003Cunknown>\\\\n#18 0x7fe955294ac3 \\\\u003Cunknown>\\\\n\"}}'}\n\n    def check_response(self, response: Dict[str, Any]) -> None:\n        \"\"\"Checks that a JSON response from the WebDriver does not have an\n        error.\n    \n        :Args:\n         - response - The JSON response from the WebDriver server as a dictionary\n           object.\n    \n        :Raises: If the response contains an error message.\n        \"\"\"\n        status = response.get(\"status\", None)\n        if not status or status == ErrorCode.SUCCESS:\n            return\n        value = None\n        message = response.get(\"message\", \"\")\n        screen: str = response.get(\"screen\", \"\")\n        stacktrace = None\n        if isinstance(status, int):\n            value_json = response.get(\"value\", None)\n            if value_json and isinstance(value_json, str):\n                import json\n    \n                try:\n                    value = json.loads(value_json)\n                    if len(value) == 1:\n                        value = value[\"value\"]\n                    status = value.get(\"error\", None)\n                    if not status:\n                        status = value.get(\"status\", ErrorCode.UNKNOWN_ERROR)\n                        message = value.get(\"value\") or value.get(\"message\")\n                        if not isinstance(message, str):\n                            value = message\n                            message = message.get(\"message\")\n                    else:\n                        message = value.get(\"message\", None)\n                except ValueError:\n                    pass\n    \n        exception_class: Type[WebDriverException]\n        e = ErrorCode()\n        error_codes = [item for item in dir(e) if not item.startswith(\"__\")]\n        for error_code in error_codes:\n            error_info = getattr(ErrorCode, error_code)\n            if isinstance(error_info, list) and status in error_info:\n                exception_class = getattr(ExceptionMapping, error_code, WebDriverException)\n                break\n        else:\n            exception_class = WebDriverException\n    \n        if not value:\n            value = response[\"value\"]\n        if isinstance(value, str):\n            raise exception_class(value)\n        if message == \"\" and \"message\" in value:\n            message = value[\"message\"]\n    \n        screen = None  # type: ignore[assignment]\n        if \"screen\" in value:\n            screen = value[\"screen\"]\n    \n        stacktrace = None\n        st_value = value.get(\"stackTrace\") or value.get(\"stacktrace\")\n        if st_value:\n            if isinstance(st_value, str):\n                stacktrace = st_value.split(\"\\n\")\n            else:\n                stacktrace = []\n                try:\n                    for frame in st_value:\n                        line = frame.get(\"lineNumber\", \"\")\n                        file = frame.get(\"fileName\", \"<anonymous>\")\n                        if line:\n                            file = f\"{file}:{line}\"\n                        meth = frame.get(\"methodName\", \"<anonymous>\")\n                        if \"className\" in frame:\n                            meth = f\"{frame['className']}.{meth}\"\n                        msg = \"    at %s (%s)\"\n                        msg = msg % (meth, file)\n                        stacktrace.append(msg)\n                except TypeError:\n                    pass\n        if exception_class == UnexpectedAlertPresentException:\n            alert_text = None\n            if \"data\" in value:\n                alert_text = value[\"data\"].get(\"text\")\n            elif \"alert\" in value:\n                alert_text = value[\"alert\"].get(\"text\")\n            raise exception_class(message, screen, stacktrace, alert_text)  # type: ignore[call-arg]  # mypy is not smart enough here\n>       raise exception_class(message, screen, stacktrace)\nE       selenium.common.exceptions.NoSuchElementException: Message: no such element: Unable to locate element: {\"method\":\"css selector\",\"selector\":\"[id=\"ContentPlaceHolderDefault_ctl13_nptLLPG2_25_addresslookup_txtTmpPostcode\"]\"}\nE         (Session info: chrome-headless-shell=122.0.6261.128); For documentation on this error, please visit: https://www.selenium.dev/documentation/webdriver/troubleshooting/errors#no-such-element-exception\nE       Stacktrace:\nE       #0 0x55b70c60ff33 <unknown>\nE       #1 0x55b70c307ce6 <unknown>\nE       #2 0x55b70c352e48 <unknown>\nE       #3 0x55b70c352f01 <unknown>\nE       #4 0x55b70c3963f4 <unknown>\nE       #5 0x55b70c374edd <unknown>\nE       #6 0x55b70c393899 <unknown>\nE       #7 0x55b70c374c53 <unknown>\nE       #8 0x55b70c345db3 <unknown>\nE       #9 0x55b70c34677e <unknown>\nE       #10 0x55b70c5d586b <unknown>\nE       #11 0x55b70c5d9885 <unknown>\nE       #12 0x55b70c5c3181 <unknown>\nE       #13 0x55b70c5da412 <unknown>\nE       #14 0x55b70c5a725f <unknown>\nE       #15 0x55b70c5fe528 <unknown>\nE       #16 0x55b70c5fe723 <unknown>\nE       #17 0x55b70c60f0e4 <unknown>\nE       #18 0x7fe955294ac3 <unknown>\n\n../../../.cache/pypoetry/virtualenvs/uk-bin-collection-EwS6Gn8s-py3.10/lib/python3.10/site-packages/selenium/webdriver/remote/errorhandler.py:229: NoSuchElementException","flaky":false,"newFailed":false,"newBroken":false,"newPassed":false,"retriesCount":0,"retriesStatusChange":false,"beforeStages":[],"testStage":{"status":"failed","statusMessage":"selenium.common.exceptions.NoSuchElementException: Message: no such element: Unable to locate element: {\"method\":\"css selector\",\"selector\":\"[id=\"ContentPlaceHolderDefault_ctl13_nptLLPG2_25_addresslookup_txtTmpPostcode\"]\"}\n  (Session info: chrome-headless-shell=122.0.6261.128); For documentation on this error, please visit: https://www.selenium.dev/documentation/webdriver/troubleshooting/errors#no-such-element-exception\nStacktrace:\n#0 0x55b70c60ff33 <unknown>\n#1 0x55b70c307ce6 <unknown>\n#2 0x55b70c352e48 <unknown>\n#3 0x55b70c352f01 <unknown>\n#4 0x55b70c3963f4 <unknown>\n#5 0x55b70c374edd <unknown>\n#6 0x55b70c393899 <unknown>\n#7 0x55b70c374c53 <unknown>\n#8 0x55b70c345db3 <unknown>\n#9 0x55b70c34677e <unknown>\n#10 0x55b70c5d586b <unknown>\n#11 0x55b70c5d9885 <unknown>\n#12 0x55b70c5c3181 <unknown>\n#13 0x55b70c5da412 <unknown>\n#14 0x55b70c5a725f <unknown>\n#15 0x55b70c5fe528 <unknown>\n#16 0x55b70c5fe723 <unknown>\n#17 0x55b70c60f0e4 <unknown>\n#18 0x7fe955294ac3 <unknown>","statusTrace":"fixturefunc = <function scrape_step at 0x7f2e1f92f250>\nrequest = <FixtureRequest for <Function test_scenario_outline[NeathPortTalbotCouncil-http://selenium:4444-local]>>\nkwargs = {'context': <test_validate_council.context.<locals>.Context object at 0x7f2e1eceff40>, 'council': 'NeathPortTalbotCouncil', 'selenium_mode': 'local', 'selenium_url': 'http://selenium:4444'}\n\n    def call_fixture_func(\n        fixturefunc: \"_FixtureFunc[FixtureValue]\", request: FixtureRequest, kwargs\n    ) -> FixtureValue:\n        if is_generator(fixturefunc):\n            fixturefunc = cast(\n                Callable[..., Generator[FixtureValue, None, None]], fixturefunc\n            )\n            generator = fixturefunc(**kwargs)\n            try:\n                fixture_result = next(generator)\n            except StopIteration:\n                raise ValueError(f\"{request.fixturename} did not yield a value\") from None\n            finalizer = functools.partial(_teardown_yield_fixture, fixturefunc, generator)\n            request.addfinalizer(finalizer)\n        else:\n            fixturefunc = cast(Callable[..., FixtureValue], fixturefunc)\n>           fixture_result = fixturefunc(**kwargs)\n\n../../../.cache/pypoetry/virtualenvs/uk-bin-collection-EwS6Gn8s-py3.10/lib/python3.10/site-packages/_pytest/fixtures.py:902: \n_ _ _ _ _ _ _ _ _ _ _ _ _ _ _ _ _ _ _ _ _ _ _ _ _ _ _ _ _ _ _ _ _ _ _ _ _ _ _ _ \nuk_bin_collection/tests/step_defs/test_validate_council.py:92: in scrape_step\n    context.parse_result = CollectData.run()\nuk_bin_collection/uk_bin_collection/collect_data.py:96: in run\n    return self.client_code(\nuk_bin_collection/uk_bin_collection/collect_data.py:115: in client_code\n    return get_bin_data_class.template_method(address_url, **kwargs)\nuk_bin_collection/uk_bin_collection/get_bin_data.py:78: in template_method\n    bin_data_dict = self.parse_data(\nuk_bin_collection/uk_bin_collection/councils/NeathPortTalbotCouncil.py:42: in parse_data\n    inputElement_postcode = driver.find_element(\n../../../.cache/pypoetry/virtualenvs/uk-bin-collection-EwS6Gn8s-py3.10/lib/python3.10/site-packages/selenium/webdriver/remote/webdriver.py:738: in find_element\n    return self.execute(Command.FIND_ELEMENT, {\"using\": by, \"value\": value})[\"value\"]\n../../../.cache/pypoetry/virtualenvs/uk-bin-collection-EwS6Gn8s-py3.10/lib/python3.10/site-packages/selenium/webdriver/remote/webdriver.py:344: in execute\n    self.error_handler.check_response(response)\n_ _ _ _ _ _ _ _ _ _ _ _ _ _ _ _ _ _ _ _ _ _ _ _ _ _ _ _ _ _ _ _ _ _ _ _ _ _ _ _ \n\nself = <selenium.webdriver.remote.errorhandler.ErrorHandler object at 0x7f2e1eb713f0>\nresponse = {'status': 404, 'value': '{\"value\":{\"error\":\"no such element\",\"message\":\"no such element: Unable to locate element: {\\...\\\\n#16 0x55b70c5fe723 \\\\u003Cunknown>\\\\n#17 0x55b70c60f0e4 \\\\u003Cunknown>\\\\n#18 0x7fe955294ac3 \\\\u003Cunknown>\\\\n\"}}'}\n\n    def check_response(self, response: Dict[str, Any]) -> None:\n        \"\"\"Checks that a JSON response from the WebDriver does not have an\n        error.\n    \n        :Args:\n         - response - The JSON response from the WebDriver server as a dictionary\n           object.\n    \n        :Raises: If the response contains an error message.\n        \"\"\"\n        status = response.get(\"status\", None)\n        if not status or status == ErrorCode.SUCCESS:\n            return\n        value = None\n        message = response.get(\"message\", \"\")\n        screen: str = response.get(\"screen\", \"\")\n        stacktrace = None\n        if isinstance(status, int):\n            value_json = response.get(\"value\", None)\n            if value_json and isinstance(value_json, str):\n                import json\n    \n                try:\n                    value = json.loads(value_json)\n                    if len(value) == 1:\n                        value = value[\"value\"]\n                    status = value.get(\"error\", None)\n                    if not status:\n                        status = value.get(\"status\", ErrorCode.UNKNOWN_ERROR)\n                        message = value.get(\"value\") or value.get(\"message\")\n                        if not isinstance(message, str):\n                            value = message\n                            message = message.get(\"message\")\n                    else:\n                        message = value.get(\"message\", None)\n                except ValueError:\n                    pass\n    \n        exception_class: Type[WebDriverException]\n        e = ErrorCode()\n        error_codes = [item for item in dir(e) if not item.startswith(\"__\")]\n        for error_code in error_codes:\n            error_info = getattr(ErrorCode, error_code)\n            if isinstance(error_info, list) and status in error_info:\n                exception_class = getattr(ExceptionMapping, error_code, WebDriverException)\n                break\n        else:\n            exception_class = WebDriverException\n    \n        if not value:\n            value = response[\"value\"]\n        if isinstance(value, str):\n            raise exception_class(value)\n        if message == \"\" and \"message\" in value:\n            message = value[\"message\"]\n    \n        screen = None  # type: ignore[assignment]\n        if \"screen\" in value:\n            screen = value[\"screen\"]\n    \n        stacktrace = None\n        st_value = value.get(\"stackTrace\") or value.get(\"stacktrace\")\n        if st_value:\n            if isinstance(st_value, str):\n                stacktrace = st_value.split(\"\\n\")\n            else:\n                stacktrace = []\n                try:\n                    for frame in st_value:\n                        line = frame.get(\"lineNumber\", \"\")\n                        file = frame.get(\"fileName\", \"<anonymous>\")\n                        if line:\n                            file = f\"{file}:{line}\"\n                        meth = frame.get(\"methodName\", \"<anonymous>\")\n                        if \"className\" in frame:\n                            meth = f\"{frame['className']}.{meth}\"\n                        msg = \"    at %s (%s)\"\n                        msg = msg % (meth, file)\n                        stacktrace.append(msg)\n                except TypeError:\n                    pass\n        if exception_class == UnexpectedAlertPresentException:\n            alert_text = None\n            if \"data\" in value:\n                alert_text = value[\"data\"].get(\"text\")\n            elif \"alert\" in value:\n                alert_text = value[\"alert\"].get(\"text\")\n            raise exception_class(message, screen, stacktrace, alert_text)  # type: ignore[call-arg]  # mypy is not smart enough here\n>       raise exception_class(message, screen, stacktrace)\nE       selenium.common.exceptions.NoSuchElementException: Message: no such element: Unable to locate element: {\"method\":\"css selector\",\"selector\":\"[id=\"ContentPlaceHolderDefault_ctl13_nptLLPG2_25_addresslookup_txtTmpPostcode\"]\"}\nE         (Session info: chrome-headless-shell=122.0.6261.128); For documentation on this error, please visit: https://www.selenium.dev/documentation/webdriver/troubleshooting/errors#no-such-element-exception\nE       Stacktrace:\nE       #0 0x55b70c60ff33 <unknown>\nE       #1 0x55b70c307ce6 <unknown>\nE       #2 0x55b70c352e48 <unknown>\nE       #3 0x55b70c352f01 <unknown>\nE       #4 0x55b70c3963f4 <unknown>\nE       #5 0x55b70c374edd <unknown>\nE       #6 0x55b70c393899 <unknown>\nE       #7 0x55b70c374c53 <unknown>\nE       #8 0x55b70c345db3 <unknown>\nE       #9 0x55b70c34677e <unknown>\nE       #10 0x55b70c5d586b <unknown>\nE       #11 0x55b70c5d9885 <unknown>\nE       #12 0x55b70c5c3181 <unknown>\nE       #13 0x55b70c5da412 <unknown>\nE       #14 0x55b70c5a725f <unknown>\nE       #15 0x55b70c5fe528 <unknown>\nE       #16 0x55b70c5fe723 <unknown>\nE       #17 0x55b70c60f0e4 <unknown>\nE       #18 0x7fe955294ac3 <unknown>\n\n../../../.cache/pypoetry/virtualenvs/uk-bin-collection-EwS6Gn8s-py3.10/lib/python3.10/site-packages/selenium/webdriver/remote/errorhandler.py:229: NoSuchElementException","steps":[{"name":"Given the council: NeathPortTalbotCouncil","time":{"start":1710808116062,"stop":1710808116062,"duration":0},"status":"passed","steps":[],"attachments":[],"parameters":[],"shouldDisplayMessage":false,"stepsCount":0,"attachmentsCount":0,"hasContent":false,"attachmentStep":false},{"name":"When we scrape the data from NeathPortTalbotCouncil using local and the http://selenium:4444 is set","time":{"start":1710808116062,"stop":1710808119625,"duration":3563},"status":"failed","statusMessage":"Message: no such element: Unable to locate element: {\"method\":\"css selector\",\"selector\":\"[id=\"ContentPlaceHolderDefault_ctl13_nptLLPG2_25_addresslookup_txtTmpPostcode\"]\"}\n  (Session info: chrome-headless-shell=122.0.6261.128); For documentation on this error, please visit: https://www.selenium.dev/documentation/webdriver/troubleshooting/errors#no-such-element-exception\nStacktrace:\n#0 0x55b70c60ff33 <unknown>\n#1 0x55b70c307ce6 <unknown>\n#2 0x55b70c352e48 <unknown>\n#3 0x55b70c352f01 <unknown>\n#4 0x55b70c3963f4 <unknown>\n#5 0x55b70c374edd <unknown>\n#6 0x55b70c393899 <unknown>\n#7 0x55b70c374c53 <unknown>\n#8 0x55b70c345db3 <unknown>\n#9 0x55b70c34677e <unknown>\n#10 0x55b70c5d586b <unknown>\n#11 0x55b70c5d9885 <unknown>\n#12 0x55b70c5c3181 <unknown>\n#13 0x55b70c5da412 <unknown>\n#14 0x55b70c5a725f <unknown>\n#15 0x55b70c5fe528 <unknown>\n#16 0x55b70c5fe723 <unknown>\n#17 0x55b70c60f0e4 <unknown>\n#18 0x7fe955294ac3 <unknown>\n","statusTrace":"selenium.common.exceptions.NoSuchElementException: Message: no such element: Unable to locate element: {\"method\":\"css selector\",\"selector\":\"[id=\"ContentPlaceHolderDefault_ctl13_nptLLPG2_25_addresslookup_txtTmpPostcode\"]\"}\n  (Session info: chrome-headless-shell=122.0.6261.128); For documentation on this error, please visit: https://www.selenium.dev/documentation/webdriver/troubleshooting/errors#no-such-element-exception\nStacktrace:\n#0 0x55b70c60ff33 <unknown>\n#1 0x55b70c307ce6 <unknown>\n#2 0x55b70c352e48 <unknown>\n#3 0x55b70c352f01 <unknown>\n#4 0x55b70c3963f4 <unknown>\n#5 0x55b70c374edd <unknown>\n#6 0x55b70c393899 <unknown>\n#7 0x55b70c374c53 <unknown>\n#8 0x55b70c345db3 <unknown>\n#9 0x55b70c34677e <unknown>\n#10 0x55b70c5d586b <unknown>\n#11 0x55b70c5d9885 <unknown>\n#12 0x55b70c5c3181 <unknown>\n#13 0x55b70c5da412 <unknown>\n#14 0x55b70c5a725f <unknown>\n#15 0x55b70c5fe528 <unknown>\n#16 0x55b70c5fe723 <unknown>\n#17 0x55b70c60f0e4 <unknown>\n#18 0x7fe955294ac3 <unknown>\n\n","steps":[],"attachments":[],"parameters":[],"shouldDisplayMessage":true,"stepsCount":0,"attachmentsCount":0,"hasContent":true,"attachmentStep":false}],"attachments":[],"parameters":[],"shouldDisplayMessage":true,"stepsCount":2,"attachmentsCount":0,"hasContent":true,"attachmentStep":false},"afterStages":[],"labels":[{"name":"host","value":"fv-az881-639"},{"name":"thread","value":"2715-MainThread"},{"name":"framework","value":"pytest-bdd"},{"name":"language","value":"cpython3"},{"name":"feature","value":"Test each council output matches expected results"},{"name":"resultFormat","value":"allure2"}],"parameters":[{"name":"council","value":"NeathPortTalbotCouncil"},{"name":"selenium_mode","value":"local"},{"name":"selenium_url","value":"http://selenium:4444"}],"links":[],"hidden":false,"retry":false,"extra":{"severity":"normal","retries":[],"categories":[{"name":"Product defects","matchedStatuses":[],"flaky":false}],"history":{"statistic":{"failed":206,"broken":0,"skipped":0,"passed":13,"unknown":0,"total":219},"items":[{"uid":"d68b87e447ce795e","reportUrl":"https://robbrad.github.io/UKBinCollectionData/3.10/1609//#testresult/d68b87e447ce795e","status":"failed","statusDetails":"selenium.common.exceptions.NoSuchElementException: Message: no such element: Unable to locate element: {\"method\":\"css selector\",\"selector\":\"[id=\"ContentPlaceHolderDefault_ctl13_nptLLPG2_25_addresslookup_txtTmpPostcode\"]\"}\n  (Session info: chrome-headless-shell=122.0.6261.111); For documentation on this error, please visit: https://www.selenium.dev/documentation/webdriver/troubleshooting/errors#no-such-element-exception\nStacktrace:\n#0 0x5afb2bc91f33 <unknown>\n#1 0x5afb2b989ce6 <unknown>\n#2 0x5afb2b9d4e48 <unknown>\n#3 0x5afb2b9d4f01 <unknown>\n#4 0x5afb2ba183f4 <unknown>\n#5 0x5afb2b9f6edd <unknown>\n#6 0x5afb2ba15899 <unknown>\n#7 0x5afb2b9f6c53 <unknown>\n#8 0x5afb2b9c7db3 <unknown>\n#9 0x5afb2b9c877e <unknown>\n#10 0x5afb2bc5786b <unknown>\n#11 0x5afb2bc5b885 <unknown>\n#12 0x5afb2bc45181 <unknown>\n#13 0x5afb2bc5c412 <unknown>\n#14 0x5afb2bc2925f <unknown>\n#15 0x5afb2bc80528 <unknown>\n#16 0x5afb2bc80723 <unknown>\n#17 0x5afb2bc910e4 <unknown>\n#18 0x7336e0094ac3 <unknown>","time":{"start":1710721750128,"stop":1710721753636,"duration":3508}},{"uid":"9dc7d48e36366e13","reportUrl":"https://robbrad.github.io/UKBinCollectionData/3.10/1608//#testresult/9dc7d48e36366e13","status":"failed","statusDetails":"selenium.common.exceptions.NoSuchElementException: Message: no such element: Unable to locate element: {\"method\":\"css selector\",\"selector\":\"[id=\"ContentPlaceHolderDefault_ctl13_nptLLPG2_25_addresslookup_txtTmpPostcode\"]\"}\n  (Session info: chrome-headless-shell=122.0.6261.111); For documentation on this error, please visit: https://www.selenium.dev/documentation/webdriver/troubleshooting/errors#no-such-element-exception\nStacktrace:\n#0 0x61b52a561f33 <unknown>\n#1 0x61b52a259ce6 <unknown>\n#2 0x61b52a2a4e48 <unknown>\n#3 0x61b52a2a4f01 <unknown>\n#4 0x61b52a2e83f4 <unknown>\n#5 0x61b52a2c6edd <unknown>\n#6 0x61b52a2e5899 <unknown>\n#7 0x61b52a2c6c53 <unknown>\n#8 0x61b52a297db3 <unknown>\n#9 0x61b52a29877e <unknown>\n#10 0x61b52a52786b <unknown>\n#11 0x61b52a52b885 <unknown>\n#12 0x61b52a515181 <unknown>\n#13 0x61b52a52c412 <unknown>\n#14 0x61b52a4f925f <unknown>\n#15 0x61b52a550528 <unknown>\n#16 0x61b52a550723 <unknown>\n#17 0x61b52a5610e4 <unknown>\n#18 0x7544ae094ac3 <unknown>","time":{"start":1710635410127,"stop":1710635413468,"duration":3341}},{"uid":"ae1d1e8d4efcbe7d","reportUrl":"https://robbrad.github.io/UKBinCollectionData/3.10/1607//#testresult/ae1d1e8d4efcbe7d","status":"failed","statusDetails":"selenium.common.exceptions.NoSuchElementException: Message: no such element: Unable to locate element: {\"method\":\"css selector\",\"selector\":\"[id=\"ContentPlaceHolderDefault_ctl13_nptLLPG2_25_addresslookup_txtTmpPostcode\"]\"}\n  (Session info: chrome-headless-shell=122.0.6261.111); For documentation on this error, please visit: https://www.selenium.dev/documentation/webdriver/troubleshooting/errors#no-such-element-exception\nStacktrace:\n#0 0x59d9b48faf33 <unknown>\n#1 0x59d9b45f2ce6 <unknown>\n#2 0x59d9b463de48 <unknown>\n#3 0x59d9b463df01 <unknown>\n#4 0x59d9b46813f4 <unknown>\n#5 0x59d9b465fedd <unknown>\n#6 0x59d9b467e899 <unknown>\n#7 0x59d9b465fc53 <unknown>\n#8 0x59d9b4630db3 <unknown>\n#9 0x59d9b463177e <unknown>\n#10 0x59d9b48c086b <unknown>\n#11 0x59d9b48c4885 <unknown>\n#12 0x59d9b48ae181 <unknown>\n#13 0x59d9b48c5412 <unknown>\n#14 0x59d9b489225f <unknown>\n#15 0x59d9b48e9528 <unknown>\n#16 0x59d9b48e9723 <unknown>\n#17 0x59d9b48fa0e4 <unknown>\n#18 0x76c824094ac3 <unknown>","time":{"start":1710548758609,"stop":1710548762728,"duration":4119}},{"uid":"35e95af72ba1934b","reportUrl":"https://robbrad.github.io/UKBinCollectionData/3.10/1605//#testresult/35e95af72ba1934b","status":"failed","statusDetails":"selenium.common.exceptions.NoSuchElementException: Message: no such element: Unable to locate element: {\"method\":\"css selector\",\"selector\":\"[id=\"ContentPlaceHolderDefault_ctl13_nptLLPG2_25_addresslookup_txtTmpPostcode\"]\"}\n  (Session info: chrome-headless-shell=122.0.6261.111); For documentation on this error, please visit: https://www.selenium.dev/documentation/webdriver/troubleshooting/errors#no-such-element-exception\nStacktrace:\n#0 0x57439440bf33 <unknown>\n#1 0x574394103ce6 <unknown>\n#2 0x57439414ee48 <unknown>\n#3 0x57439414ef01 <unknown>\n#4 0x5743941923f4 <unknown>\n#5 0x574394170edd <unknown>\n#6 0x57439418f899 <unknown>\n#7 0x574394170c53 <unknown>\n#8 0x574394141db3 <unknown>\n#9 0x57439414277e <unknown>\n#10 0x5743943d186b <unknown>\n#11 0x5743943d5885 <unknown>\n#12 0x5743943bf181 <unknown>\n#13 0x5743943d6412 <unknown>\n#14 0x5743943a325f <unknown>\n#15 0x5743943fa528 <unknown>\n#16 0x5743943fa723 <unknown>\n#17 0x57439440b0e4 <unknown>\n#18 0x71a3bb094ac3 <unknown>","time":{"start":1710462462869,"stop":1710462467755,"duration":4886}},{"uid":"43ad6d2eb4d4fcda","reportUrl":"https://robbrad.github.io/UKBinCollectionData/3.10/1604//#testresult/43ad6d2eb4d4fcda","status":"failed","statusDetails":"selenium.common.exceptions.NoSuchElementException: Message: no such element: Unable to locate element: {\"method\":\"css selector\",\"selector\":\"[id=\"ContentPlaceHolderDefault_ctl13_nptLLPG2_25_addresslookup_txtTmpPostcode\"]\"}\n  (Session info: chrome-headless-shell=122.0.6261.111); For documentation on this error, please visit: https://www.selenium.dev/documentation/webdriver/troubleshooting/errors#no-such-element-exception\nStacktrace:\n#0 0x5ce1018f0f33 <unknown>\n#1 0x5ce1015e8ce6 <unknown>\n#2 0x5ce101633e48 <unknown>\n#3 0x5ce101633f01 <unknown>\n#4 0x5ce1016773f4 <unknown>\n#5 0x5ce101655edd <unknown>\n#6 0x5ce101674899 <unknown>\n#7 0x5ce101655c53 <unknown>\n#8 0x5ce101626db3 <unknown>\n#9 0x5ce10162777e <unknown>\n#10 0x5ce1018b686b <unknown>\n#11 0x5ce1018ba885 <unknown>\n#12 0x5ce1018a4181 <unknown>\n#13 0x5ce1018bb412 <unknown>\n#14 0x5ce10188825f <unknown>\n#15 0x5ce1018df528 <unknown>\n#16 0x5ce1018df723 <unknown>\n#17 0x5ce1018f00e4 <unknown>\n#18 0x784a2d694ac3 <unknown>","time":{"start":1710452904521,"stop":1710452909097,"duration":4576}},{"uid":"dfe870ac7dca1158","reportUrl":"https://robbrad.github.io/UKBinCollectionData/3.10/1602//#testresult/dfe870ac7dca1158","status":"failed","statusDetails":"selenium.common.exceptions.ElementClickInterceptedException: Message: element click intercepted: Element is not clickable at point (589, 627)\n  (Session info: chrome-headless-shell=122.0.6261.111)\nStacktrace:\n#0 0x5c3c637aaf33 <unknown>\n#1 0x5c3c634a2ce6 <unknown>\n#2 0x5c3c634f4a73 <unknown>\n#3 0x5c3c634f298e <unknown>\n#4 0x5c3c634f0367 <unknown>\n#5 0x5c3c634ef732 <unknown>\n#6 0x5c3c634e2d27 <unknown>\n#7 0x5c3c6350feb2 <unknown>\n#8 0x5c3c634e26b8 <unknown>\n#9 0x5c3c6351007e <unknown>\n#10 0x5c3c6352e899 <unknown>\n#11 0x5c3c6350fc53 <unknown>\n#12 0x5c3c634e0db3 <unknown>\n#13 0x5c3c634e177e <unknown>\n#14 0x5c3c6377086b <unknown>\n#15 0x5c3c63774885 <unknown>\n#16 0x5c3c6375e181 <unknown>\n#17 0x5c3c63775412 <unknown>\n#18 0x5c3c6374225f <unknown>\n#19 0x5c3c63799528 <unknown>\n#20 0x5c3c63799723 <unknown>\n#21 0x5c3c637aa0e4 <unknown>\n#22 0x71510b294ac3 <unknown>","time":{"start":1710376119379,"stop":1710376123938,"duration":4559}},{"uid":"6b7c08d87ed86bce","reportUrl":"https://robbrad.github.io/UKBinCollectionData/3.10/1601//#testresult/6b7c08d87ed86bce","status":"failed","statusDetails":"selenium.common.exceptions.NoSuchElementException: Message: no such element: Unable to locate element: {\"method\":\"css selector\",\"selector\":\"[id=\"ContentPlaceHolderDefault_ctl13_nptLLPG2_25_addresslookup_txtTmpPostcode\"]\"}\n  (Session info: chrome-headless-shell=122.0.6261.94); For documentation on this error, please visit: https://www.selenium.dev/documentation/webdriver/troubleshooting/errors#no-such-element-exception\nStacktrace:\n#0 0x55d1ca94bf33 <unknown>\n#1 0x55d1ca643ce6 <unknown>\n#2 0x55d1ca68ee48 <unknown>\n#3 0x55d1ca68ef01 <unknown>\n#4 0x55d1ca6d23f4 <unknown>\n#5 0x55d1ca6b0edd <unknown>\n#6 0x55d1ca6cf899 <unknown>\n#7 0x55d1ca6b0c53 <unknown>\n#8 0x55d1ca681db3 <unknown>\n#9 0x55d1ca68277e <unknown>\n#10 0x55d1ca91186b <unknown>\n#11 0x55d1ca915885 <unknown>\n#12 0x55d1ca8ff181 <unknown>\n#13 0x55d1ca916412 <unknown>\n#14 0x55d1ca8e325f <unknown>\n#15 0x55d1ca93a528 <unknown>\n#16 0x55d1ca93a723 <unknown>\n#17 0x55d1ca94b0e4 <unknown>\n#18 0x7f2962e94ac3 <unknown>","time":{"start":1710289648042,"stop":1710289651666,"duration":3624}},{"uid":"b90a16bfc427ed3a","reportUrl":"https://robbrad.github.io/UKBinCollectionData/3.10/1600//#testresult/b90a16bfc427ed3a","status":"failed","statusDetails":"selenium.common.exceptions.NoSuchElementException: Message: no such element: Unable to locate element: {\"method\":\"css selector\",\"selector\":\"[id=\"ContentPlaceHolderDefault_ctl13_nptLLPG2_25_addresslookup_txtTmpPostcode\"]\"}\n  (Session info: chrome-headless-shell=122.0.6261.94); For documentation on this error, please visit: https://www.selenium.dev/documentation/webdriver/troubleshooting/errors#no-such-element-exception\nStacktrace:\n#0 0x5607fc1fcec3 <unknown>\n#1 0x5607fbef4ce6 <unknown>\n#2 0x5607fbf3fe48 <unknown>\n#3 0x5607fbf3ff01 <unknown>\n#4 0x5607fbf833f4 <unknown>\n#5 0x5607fbf61edd <unknown>\n#6 0x5607fbf80899 <unknown>\n#7 0x5607fbf61c53 <unknown>\n#8 0x5607fbf32db3 <unknown>\n#9 0x5607fbf3377e <unknown>\n#10 0x5607fc1c27fb <unknown>\n#11 0x5607fc1c6815 <unknown>\n#12 0x5607fc1b0111 <unknown>\n#13 0x5607fc1c73a2 <unknown>\n#14 0x5607fc1941ef <unknown>\n#15 0x5607fc1eb4b8 <unknown>\n#16 0x5607fc1eb6b3 <unknown>\n#17 0x5607fc1fc074 <unknown>\n#18 0x7f8069a94ac3 <unknown>","time":{"start":1710203317906,"stop":1710203321328,"duration":3422}},{"uid":"c50a86eac623b6f5","reportUrl":"https://robbrad.github.io/UKBinCollectionData/3.10/1599//#testresult/c50a86eac623b6f5","status":"failed","statusDetails":"selenium.common.exceptions.NoSuchElementException: Message: no such element: Unable to locate element: {\"method\":\"css selector\",\"selector\":\"[id=\"ContentPlaceHolderDefault_ctl13_nptLLPG2_25_addresslookup_txtTmpPostcode\"]\"}\n  (Session info: chrome-headless-shell=122.0.6261.94); For documentation on this error, please visit: https://www.selenium.dev/documentation/webdriver/troubleshooting/errors#no-such-element-exception\nStacktrace:\n#0 0x5563b6a3bec3 <unknown>\n#1 0x5563b6733ce6 <unknown>\n#2 0x5563b677ee48 <unknown>\n#3 0x5563b677ef01 <unknown>\n#4 0x5563b67c23f4 <unknown>\n#5 0x5563b67a0edd <unknown>\n#6 0x5563b67bf899 <unknown>\n#7 0x5563b67a0c53 <unknown>\n#8 0x5563b6771db3 <unknown>\n#9 0x5563b677277e <unknown>\n#10 0x5563b6a017fb <unknown>\n#11 0x5563b6a05815 <unknown>\n#12 0x5563b69ef111 <unknown>\n#13 0x5563b6a063a2 <unknown>\n#14 0x5563b69d31ef <unknown>\n#15 0x5563b6a2a4b8 <unknown>\n#16 0x5563b6a2a6b3 <unknown>\n#17 0x5563b6a3b074 <unknown>\n#18 0x7f0660494ac3 <unknown>","time":{"start":1710116923058,"stop":1710116927325,"duration":4267}},{"uid":"313aa0b90ee206f4","reportUrl":"https://robbrad.github.io/UKBinCollectionData/3.10/1598//#testresult/313aa0b90ee206f4","status":"failed","statusDetails":"selenium.common.exceptions.NoSuchElementException: Message: no such element: Unable to locate element: {\"method\":\"css selector\",\"selector\":\"[id=\"ContentPlaceHolderDefault_ctl13_nptLLPG2_25_addresslookup_txtTmpPostcode\"]\"}\n  (Session info: chrome-headless-shell=122.0.6261.94); For documentation on this error, please visit: https://www.selenium.dev/documentation/webdriver/troubleshooting/errors#no-such-element-exception\nStacktrace:\n#0 0x564ea296aec3 <unknown>\n#1 0x564ea2662ce6 <unknown>\n#2 0x564ea26ade48 <unknown>\n#3 0x564ea26adf01 <unknown>\n#4 0x564ea26f13f4 <unknown>\n#5 0x564ea26cfedd <unknown>\n#6 0x564ea26ee899 <unknown>\n#7 0x564ea26cfc53 <unknown>\n#8 0x564ea26a0db3 <unknown>\n#9 0x564ea26a177e <unknown>\n#10 0x564ea29307fb <unknown>\n#11 0x564ea2934815 <unknown>\n#12 0x564ea291e111 <unknown>\n#13 0x564ea29353a2 <unknown>\n#14 0x564ea29021ef <unknown>\n#15 0x564ea29594b8 <unknown>\n#16 0x564ea29596b3 <unknown>\n#17 0x564ea296a074 <unknown>\n#18 0x7f11da694ac3 <unknown>","time":{"start":1710030617638,"stop":1710030620788,"duration":3150}},{"uid":"43abd33937f47dce","reportUrl":"https://robbrad.github.io/UKBinCollectionData/3.10/1597//#testresult/43abd33937f47dce","status":"failed","statusDetails":"selenium.common.exceptions.NoSuchElementException: Message: no such element: Unable to locate element: {\"method\":\"css selector\",\"selector\":\"[id=\"ContentPlaceHolderDefault_ctl13_nptLLPG2_25_addresslookup_txtTmpPostcode\"]\"}\n  (Session info: chrome-headless-shell=122.0.6261.94); For documentation on this error, please visit: https://www.selenium.dev/documentation/webdriver/troubleshooting/errors#no-such-element-exception\nStacktrace:\n#0 0x55b3a23f4ec3 <unknown>\n#1 0x55b3a20ecce6 <unknown>\n#2 0x55b3a2137e48 <unknown>\n#3 0x55b3a2137f01 <unknown>\n#4 0x55b3a217b3f4 <unknown>\n#5 0x55b3a2159edd <unknown>\n#6 0x55b3a2178899 <unknown>\n#7 0x55b3a2159c53 <unknown>\n#8 0x55b3a212adb3 <unknown>\n#9 0x55b3a212b77e <unknown>\n#10 0x55b3a23ba7fb <unknown>\n#11 0x55b3a23be815 <unknown>\n#12 0x55b3a23a8111 <unknown>\n#13 0x55b3a23bf3a2 <unknown>\n#14 0x55b3a238c1ef <unknown>\n#15 0x55b3a23e34b8 <unknown>\n#16 0x55b3a23e36b3 <unknown>\n#17 0x55b3a23f4074 <unknown>\n#18 0x7f684e494ac3 <unknown>","time":{"start":1709944057513,"stop":1709944061290,"duration":3777}},{"uid":"29743bb0696bbc97","reportUrl":"https://robbrad.github.io/UKBinCollectionData/3.10/1596//#testresult/29743bb0696bbc97","status":"failed","statusDetails":"selenium.common.exceptions.NoSuchElementException: Message: no such element: Unable to locate element: {\"method\":\"css selector\",\"selector\":\"[id=\"ContentPlaceHolderDefault_ctl13_nptLLPG2_25_addresslookup_txtTmpPostcode\"]\"}\n  (Session info: chrome-headless-shell=122.0.6261.94); For documentation on this error, please visit: https://www.selenium.dev/documentation/webdriver/troubleshooting/errors#no-such-element-exception\nStacktrace:\n#0 0x556251381ec3 <unknown>\n#1 0x556251079ce6 <unknown>\n#2 0x5562510c4e48 <unknown>\n#3 0x5562510c4f01 <unknown>\n#4 0x5562511083f4 <unknown>\n#5 0x5562510e6edd <unknown>\n#6 0x556251105899 <unknown>\n#7 0x5562510e6c53 <unknown>\n#8 0x5562510b7db3 <unknown>\n#9 0x5562510b877e <unknown>\n#10 0x5562513477fb <unknown>\n#11 0x55625134b815 <unknown>\n#12 0x556251335111 <unknown>\n#13 0x55625134c3a2 <unknown>\n#14 0x5562513191ef <unknown>\n#15 0x5562513704b8 <unknown>\n#16 0x5562513706b3 <unknown>\n#17 0x556251381074 <unknown>\n#18 0x7f842b494ac3 <unknown>","time":{"start":1709857660404,"stop":1709857663823,"duration":3419}},{"uid":"154984c641a875dc","reportUrl":"https://robbrad.github.io/UKBinCollectionData/3.10/1595//#testresult/154984c641a875dc","status":"failed","statusDetails":"selenium.common.exceptions.ElementClickInterceptedException: Message: element click intercepted: Element is not clickable at point (589, 636)\n  (Session info: chrome-headless-shell=122.0.6261.94)\nStacktrace:\n#0 0x557e7955be93 <unknown>\n#1 0x557e79253ce6 <unknown>\n#2 0x557e792a5a73 <unknown>\n#3 0x557e792a398e <unknown>\n#4 0x557e792a1367 <unknown>\n#5 0x557e792a0732 <unknown>\n#6 0x557e79293d27 <unknown>\n#7 0x557e792c0eb2 <unknown>\n#8 0x557e792936b8 <unknown>\n#9 0x557e792c107e <unknown>\n#10 0x557e792df899 <unknown>\n#11 0x557e792c0c53 <unknown>\n#12 0x557e79291db3 <unknown>\n#13 0x557e7929277e <unknown>\n#14 0x557e795217cb <unknown>\n#15 0x557e795257e5 <unknown>\n#16 0x557e7950f0e1 <unknown>\n#17 0x557e79526372 <unknown>\n#18 0x557e794f31bf <unknown>\n#19 0x557e7954a488 <unknown>\n#20 0x557e7954a683 <unknown>\n#21 0x557e7955b044 <unknown>\n#22 0x7fa9a0694ac3 <unknown>","time":{"start":1709770950758,"stop":1709770955698,"duration":4940}},{"uid":"6236ad84ecc03ea8","reportUrl":"https://robbrad.github.io/UKBinCollectionData/3.10/1594//#testresult/6236ad84ecc03ea8","status":"failed","statusDetails":"selenium.common.exceptions.ElementClickInterceptedException: Message: element click intercepted: Element is not clickable at point (589, 627)\n  (Session info: chrome-headless-shell=122.0.6261.69)\nStacktrace:\n#0 0x559bb3ce4e93 <unknown>\n#1 0x559bb39dcce6 <unknown>\n#2 0x559bb3a2ea73 <unknown>\n#3 0x559bb3a2c98e <unknown>\n#4 0x559bb3a2a367 <unknown>\n#5 0x559bb3a29732 <unknown>\n#6 0x559bb3a1cd27 <unknown>\n#7 0x559bb3a49eb2 <unknown>\n#8 0x559bb3a1c6b8 <unknown>\n#9 0x559bb3a4a07e <unknown>\n#10 0x559bb3a68899 <unknown>\n#11 0x559bb3a49c53 <unknown>\n#12 0x559bb3a1adb3 <unknown>\n#13 0x559bb3a1b77e <unknown>\n#14 0x559bb3caa7cb <unknown>\n#15 0x559bb3cae7e5 <unknown>\n#16 0x559bb3c980e1 <unknown>\n#17 0x559bb3caf372 <unknown>\n#18 0x559bb3c7c1bf <unknown>\n#19 0x559bb3cd3488 <unknown>\n#20 0x559bb3cd3683 <unknown>\n#21 0x559bb3ce4044 <unknown>\n#22 0x7fdbc3894ac3 <unknown>","time":{"start":1709684868132,"stop":1709684872117,"duration":3985}},{"uid":"d1650cc30adb91a3","reportUrl":"https://robbrad.github.io/UKBinCollectionData/3.10/1593//#testresult/d1650cc30adb91a3","status":"failed","statusDetails":"selenium.common.exceptions.NoSuchElementException: Message: no such element: Unable to locate element: {\"method\":\"css selector\",\"selector\":\"[id=\"ContentPlaceHolderDefault_ctl13_nptLLPG2_25_addresslookup_txtTmpPostcode\"]\"}\n  (Session info: chrome-headless-shell=122.0.6261.69); For documentation on this error, please visit: https://www.selenium.dev/documentation/webdriver/troubleshooting/errors#no-such-element-exception\nStacktrace:\n#0 0x55bc2dc31e93 <unknown>\n#1 0x55bc2d929ce6 <unknown>\n#2 0x55bc2d974e48 <unknown>\n#3 0x55bc2d974f01 <unknown>\n#4 0x55bc2d9b83f4 <unknown>\n#5 0x55bc2d996edd <unknown>\n#6 0x55bc2d9b5899 <unknown>\n#7 0x55bc2d996c53 <unknown>\n#8 0x55bc2d967db3 <unknown>\n#9 0x55bc2d96877e <unknown>\n#10 0x55bc2dbf77cb <unknown>\n#11 0x55bc2dbfb7e5 <unknown>\n#12 0x55bc2dbe50e1 <unknown>\n#13 0x55bc2dbfc372 <unknown>\n#14 0x55bc2dbc91bf <unknown>\n#15 0x55bc2dc20488 <unknown>\n#16 0x55bc2dc20683 <unknown>\n#17 0x55bc2dc31044 <unknown>\n#18 0x7f47b8c94ac3 <unknown>","time":{"start":1709598422277,"stop":1709598426964,"duration":4687}},{"uid":"878092668c73e7ec","reportUrl":"https://robbrad.github.io/UKBinCollectionData/3.10/1592//#testresult/878092668c73e7ec","status":"failed","statusDetails":"selenium.common.exceptions.ElementClickInterceptedException: Message: element click intercepted: Element is not clickable at point (589, 618)\n  (Session info: chrome-headless-shell=122.0.6261.69)\nStacktrace:\n#0 0x55d89d79ce93 <unknown>\n#1 0x55d89d494ce6 <unknown>\n#2 0x55d89d4e6a73 <unknown>\n#3 0x55d89d4e498e <unknown>\n#4 0x55d89d4e2367 <unknown>\n#5 0x55d89d4e1732 <unknown>\n#6 0x55d89d4d4d27 <unknown>\n#7 0x55d89d501eb2 <unknown>\n#8 0x55d89d4d46b8 <unknown>\n#9 0x55d89d50207e <unknown>\n#10 0x55d89d520899 <unknown>\n#11 0x55d89d501c53 <unknown>\n#12 0x55d89d4d2db3 <unknown>\n#13 0x55d89d4d377e <unknown>\n#14 0x55d89d7627cb <unknown>\n#15 0x55d89d7667e5 <unknown>\n#16 0x55d89d7500e1 <unknown>\n#17 0x55d89d767372 <unknown>\n#18 0x55d89d7341bf <unknown>\n#19 0x55d89d78b488 <unknown>\n#20 0x55d89d78b683 <unknown>\n#21 0x55d89d79c044 <unknown>\n#22 0x7f2e15894ac3 <unknown>","time":{"start":1709512087252,"stop":1709512091699,"duration":4447}},{"uid":"129d6f2344932c09","reportUrl":"https://robbrad.github.io/UKBinCollectionData/3.10/1572//#testresult/129d6f2344932c09","status":"failed","statusDetails":"selenium.common.exceptions.NoSuchElementException: Message: no such element: Unable to locate element: {\"method\":\"css selector\",\"selector\":\"[id=\"ContentPlaceHolderDefault_ctl13_nptLLPG2_25_addresslookup_txtTmpPostcode\"]\"}\n  (Session info: chrome-headless-shell=121.0.6167.184); For documentation on this error, please visit: https://www.selenium.dev/documentation/webdriver/troubleshooting/errors#no-such-element-exception\nStacktrace:\n#0 0x55a15f489303 <unknown>\n#1 0x55a15f16e2b7 <unknown>\n#2 0x55a15f1b9cc0 <unknown>\n#3 0x55a15f1b9db1 <unknown>\n#4 0x55a15f1fdb44 <unknown>\n#5 0x55a15f1dc3ad <unknown>\n#6 0x55a15f1fb07c <unknown>\n#7 0x55a15f1dc123 <unknown>\n#8 0x55a15f1ac095 <unknown>\n#9 0x55a15f1ad09e <unknown>\n#10 0x55a15f44d6ab <unknown>\n#11 0x55a15f4514ba <unknown>\n#12 0x55a15f439f85 <unknown>\n#13 0x55a15f45212f <unknown>\n#14 0x55a15f41de6f <unknown>\n#15 0x55a15f4765f8 <unknown>\n#16 0x55a15f4767c2 <unknown>\n#17 0x55a15f4884a4 <unknown>\n#18 0x7f8f13494ac3 <unknown>","time":{"start":1708561647444,"stop":1708561651823,"duration":4379}},{"uid":"4fa34bf645d279fe","reportUrl":"https://robbrad.github.io/UKBinCollectionData/3.10/1570//#testresult/4fa34bf645d279fe","status":"failed","statusDetails":"selenium.common.exceptions.NoSuchElementException: Message: no such element: Unable to locate element: {\"method\":\"css selector\",\"selector\":\"[id=\"ContentPlaceHolderDefault_ctl13_nptLLPG2_25_addresslookup_txtTmpPostcode\"]\"}\n  (Session info: chrome-headless-shell=121.0.6167.160); For documentation on this error, please visit: https://www.selenium.dev/documentation/webdriver/troubleshooting/errors#no-such-element-exception\nStacktrace:\n#0 0x55a16c1b3303 <unknown>\n#1 0x55a16be982b7 <unknown>\n#2 0x55a16bee3cc0 <unknown>\n#3 0x55a16bee3db1 <unknown>\n#4 0x55a16bf27b44 <unknown>\n#5 0x55a16bf063ad <unknown>\n#6 0x55a16bf2507c <unknown>\n#7 0x55a16bf06123 <unknown>\n#8 0x55a16bed6095 <unknown>\n#9 0x55a16bed709e <unknown>\n#10 0x55a16c1776ab <unknown>\n#11 0x55a16c17b4ba <unknown>\n#12 0x55a16c163f85 <unknown>\n#13 0x55a16c17c12f <unknown>\n#14 0x55a16c147e6f <unknown>\n#15 0x55a16c1a05f8 <unknown>\n#16 0x55a16c1a07c2 <unknown>\n#17 0x55a16c1b24a4 <unknown>\n#18 0x7fe0db094ac3 <unknown>","time":{"start":1708475194773,"stop":1708475198236,"duration":3463}},{"uid":"d637871b7b53aaf4","reportUrl":"https://robbrad.github.io/UKBinCollectionData/3.10/1569//#testresult/d637871b7b53aaf4","status":"failed","statusDetails":"selenium.common.exceptions.NoSuchElementException: Message: no such element: Unable to locate element: {\"method\":\"css selector\",\"selector\":\"[id=\"ContentPlaceHolderDefault_ctl13_nptLLPG2_25_addresslookup_txtTmpPostcode\"]\"}\n  (Session info: chrome-headless-shell=121.0.6167.160); For documentation on this error, please visit: https://www.selenium.dev/documentation/webdriver/troubleshooting/errors#no-such-element-exception\nStacktrace:\n#0 0x5599f281a303 <unknown>\n#1 0x5599f24ff2b7 <unknown>\n#2 0x5599f254acc0 <unknown>\n#3 0x5599f254adb1 <unknown>\n#4 0x5599f258eb44 <unknown>\n#5 0x5599f256d3ad <unknown>\n#6 0x5599f258c07c <unknown>\n#7 0x5599f256d123 <unknown>\n#8 0x5599f253d095 <unknown>\n#9 0x5599f253e09e <unknown>\n#10 0x5599f27de6ab <unknown>\n#11 0x5599f27e24ba <unknown>\n#12 0x5599f27caf85 <unknown>\n#13 0x5599f27e312f <unknown>\n#14 0x5599f27aee6f <unknown>\n#15 0x5599f28075f8 <unknown>\n#16 0x5599f28077c2 <unknown>\n#17 0x5599f28194a4 <unknown>\n#18 0x7fb01fa94ac3 <unknown>","time":{"start":1708388768777,"stop":1708388771849,"duration":3072}},{"uid":"1118f92407d97db","reportUrl":"https://robbrad.github.io/UKBinCollectionData/3.10/1568//#testresult/1118f92407d97db","status":"failed","statusDetails":"selenium.common.exceptions.ElementClickInterceptedException: Message: element click intercepted: Element is not clickable at point (589, 627)\n  (Session info: chrome-headless-shell=121.0.6167.160)\nStacktrace:\n#0 0x5567a8b67303 <unknown>\n#1 0x5567a884c2b7 <unknown>\n#2 0x5567a889ed8e <unknown>\n#3 0x5567a889cb30 <unknown>\n#4 0x5567a889a3aa <unknown>\n#5 0x5567a8899185 <unknown>\n#6 0x5567a888c617 <unknown>\n#7 0x5567a88ba382 <unknown>\n#8 0x5567a888bf88 <unknown>\n#9 0x5567a88ba54e <unknown>\n#10 0x5567a88d907c <unknown>\n#11 0x5567a88ba123 <unknown>\n#12 0x5567a888a095 <unknown>\n#13 0x5567a888b09e <unknown>\n#14 0x5567a8b2b6ab <unknown>\n#15 0x5567a8b2f4ba <unknown>\n#16 0x5567a8b17f85 <unknown>\n#17 0x5567a8b3012f <unknown>\n#18 0x5567a8afbe6f <unknown>\n#19 0x5567a8b545f8 <unknown>\n#20 0x5567a8b547c2 <unknown>\n#21 0x5567a8b664a4 <unknown>\n#22 0x7faa57a94ac3 <unknown>","time":{"start":1708302506718,"stop":1708302510889,"duration":4171}}]},"tags":[]},"source":"c0385a1d64810d16.json","parameterValues":["NeathPortTalbotCouncil","local","http://selenium:4444"]}