{"uid":"f03089aae6b0c62d","name":"Validate Council Output [NeathPortTalbotCouncil-http://selenium:4444-local]","fullName":"features/validate_council_outputs.feature:Validate Council Output","historyId":"68717d64a9b5b73045a4198b6f1e2a64","time":{"start":1705105681905,"stop":1705105682119,"duration":214},"status":"failed","statusMessage":"TypeError: create_webdriver() missing 1 required positional argument: 'user_agent'","statusTrace":"fixturefunc = <function scrape_step at 0x7faa86504d60>\nrequest = <FixtureRequest for <Function test_scenario_outline[NeathPortTalbotCouncil-http://selenium:4444-local]>>\nkwargs = {'context': <test_validate_council.context.<locals>.Context object at 0x7faa85a8f990>, 'council': 'NeathPortTalbotCouncil', 'selenium_mode': 'local', 'selenium_url': 'http://selenium:4444'}\n\n    def call_fixture_func(\n        fixturefunc: \"_FixtureFunc[FixtureValue]\", request: FixtureRequest, kwargs\n    ) -> FixtureValue:\n        if is_generator(fixturefunc):\n            fixturefunc = cast(\n                Callable[..., Generator[FixtureValue, None, None]], fixturefunc\n            )\n            generator = fixturefunc(**kwargs)\n            try:\n                fixture_result = next(generator)\n            except StopIteration:\n                raise ValueError(f\"{request.fixturename} did not yield a value\") from None\n            finalizer = functools.partial(_teardown_yield_fixture, fixturefunc, generator)\n            request.addfinalizer(finalizer)\n        else:\n            fixturefunc = cast(Callable[..., FixtureValue], fixturefunc)\n>           fixture_result = fixturefunc(**kwargs)\n\n../../../.cache/pypoetry/virtualenvs/uk-bin-collection-EwS6Gn8s-py3.11/lib/python3.11/site-packages/_pytest/fixtures.py:902: \n_ _ _ _ _ _ _ _ _ _ _ _ _ _ _ _ _ _ _ _ _ _ _ _ _ _ _ _ _ _ _ _ _ _ _ _ _ _ _ _ \nuk_bin_collection/tests/step_defs/test_validate_council.py:92: in scrape_step\n    context.parse_result = CollectData.run()\nuk_bin_collection/uk_bin_collection/collect_data.py:96: in run\n    return self.client_code(\nuk_bin_collection/uk_bin_collection/collect_data.py:115: in client_code\n    return get_bin_data_class.template_method(address_url, **kwargs)\nuk_bin_collection/uk_bin_collection/get_bin_data.py:78: in template_method\n    bin_data_dict = self.parse_data(\n_ _ _ _ _ _ _ _ _ _ _ _ _ _ _ _ _ _ _ _ _ _ _ _ _ _ _ _ _ _ _ _ _ _ _ _ _ _ _ _ \n\nself = <NeathPortTalbotCouncil.CouncilClass object at 0x7faa85ba2c90>, page = ''\nkwargs = {'headless': True, 'paon': None, 'postcode': 'SA13 3BA', 'uprn': '10023947752', ...}\ndriver = None, data = {'bins': []}, user_uprn = '10023947752'\nuser_postcode = 'SA13 3BA', web_driver = None, headless = True\n\n    def parse_data(self, page: str, **kwargs) -> dict:\n        driver = None\n        try:\n            data = {\"bins\": []}\n            user_uprn = kwargs.get(\"uprn\")\n            user_postcode = kwargs.get(\"postcode\")\n            web_driver = kwargs.get(\"web_driver\")\n            headless = kwargs.get(\"headless\")\n            check_uprn(user_uprn)\n            check_postcode(user_postcode)\n    \n            # Create Selenium webdriver\n>           driver = create_webdriver(web_driver, headless)\nE           TypeError: create_webdriver() missing 1 required positional argument: 'user_agent'\n\nuk_bin_collection/uk_bin_collection/councils/NeathPortTalbotCouncil.py:32: TypeError","flaky":false,"newFailed":false,"newBroken":false,"newPassed":false,"retriesCount":0,"retriesStatusChange":false,"beforeStages":[],"testStage":{"status":"failed","statusMessage":"TypeError: create_webdriver() missing 1 required positional argument: 'user_agent'","statusTrace":"fixturefunc = <function scrape_step at 0x7faa86504d60>\nrequest = <FixtureRequest for <Function test_scenario_outline[NeathPortTalbotCouncil-http://selenium:4444-local]>>\nkwargs = {'context': <test_validate_council.context.<locals>.Context object at 0x7faa85a8f990>, 'council': 'NeathPortTalbotCouncil', 'selenium_mode': 'local', 'selenium_url': 'http://selenium:4444'}\n\n    def call_fixture_func(\n        fixturefunc: \"_FixtureFunc[FixtureValue]\", request: FixtureRequest, kwargs\n    ) -> FixtureValue:\n        if is_generator(fixturefunc):\n            fixturefunc = cast(\n                Callable[..., Generator[FixtureValue, None, None]], fixturefunc\n            )\n            generator = fixturefunc(**kwargs)\n            try:\n                fixture_result = next(generator)\n            except StopIteration:\n                raise ValueError(f\"{request.fixturename} did not yield a value\") from None\n            finalizer = functools.partial(_teardown_yield_fixture, fixturefunc, generator)\n            request.addfinalizer(finalizer)\n        else:\n            fixturefunc = cast(Callable[..., FixtureValue], fixturefunc)\n>           fixture_result = fixturefunc(**kwargs)\n\n../../../.cache/pypoetry/virtualenvs/uk-bin-collection-EwS6Gn8s-py3.11/lib/python3.11/site-packages/_pytest/fixtures.py:902: \n_ _ _ _ _ _ _ _ _ _ _ _ _ _ _ _ _ _ _ _ _ _ _ _ _ _ _ _ _ _ _ _ _ _ _ _ _ _ _ _ \nuk_bin_collection/tests/step_defs/test_validate_council.py:92: in scrape_step\n    context.parse_result = CollectData.run()\nuk_bin_collection/uk_bin_collection/collect_data.py:96: in run\n    return self.client_code(\nuk_bin_collection/uk_bin_collection/collect_data.py:115: in client_code\n    return get_bin_data_class.template_method(address_url, **kwargs)\nuk_bin_collection/uk_bin_collection/get_bin_data.py:78: in template_method\n    bin_data_dict = self.parse_data(\n_ _ _ _ _ _ _ _ _ _ _ _ _ _ _ _ _ _ _ _ _ _ _ _ _ _ _ _ _ _ _ _ _ _ _ _ _ _ _ _ \n\nself = <NeathPortTalbotCouncil.CouncilClass object at 0x7faa85ba2c90>, page = ''\nkwargs = {'headless': True, 'paon': None, 'postcode': 'SA13 3BA', 'uprn': '10023947752', ...}\ndriver = None, data = {'bins': []}, user_uprn = '10023947752'\nuser_postcode = 'SA13 3BA', web_driver = None, headless = True\n\n    def parse_data(self, page: str, **kwargs) -> dict:\n        driver = None\n        try:\n            data = {\"bins\": []}\n            user_uprn = kwargs.get(\"uprn\")\n            user_postcode = kwargs.get(\"postcode\")\n            web_driver = kwargs.get(\"web_driver\")\n            headless = kwargs.get(\"headless\")\n            check_uprn(user_uprn)\n            check_postcode(user_postcode)\n    \n            # Create Selenium webdriver\n>           driver = create_webdriver(web_driver, headless)\nE           TypeError: create_webdriver() missing 1 required positional argument: 'user_agent'\n\nuk_bin_collection/uk_bin_collection/councils/NeathPortTalbotCouncil.py:32: TypeError","steps":[{"name":"Given the council: NeathPortTalbotCouncil","time":{"start":1705105681905,"stop":1705105681906,"duration":1},"status":"passed","steps":[],"attachments":[],"parameters":[],"shouldDisplayMessage":false,"stepsCount":0,"attachmentsCount":0,"hasContent":false,"attachmentStep":false},{"name":"When we scrape the data from NeathPortTalbotCouncil using local and the http://selenium:4444 is set","time":{"start":1705105681906,"stop":1705105682119,"duration":213},"status":"failed","statusMessage":"create_webdriver() missing 1 required positional argument: 'user_agent'","statusTrace":"TypeError: create_webdriver() missing 1 required positional argument: 'user_agent'\n","steps":[],"attachments":[],"parameters":[],"shouldDisplayMessage":true,"stepsCount":0,"attachmentsCount":0,"hasContent":true,"attachmentStep":false}],"attachments":[],"parameters":[],"shouldDisplayMessage":true,"stepsCount":2,"attachmentsCount":0,"hasContent":true,"attachmentStep":false},"afterStages":[],"labels":[{"name":"host","value":"fv-az773-91"},{"name":"thread","value":"2751-MainThread"},{"name":"framework","value":"pytest-bdd"},{"name":"language","value":"cpython3"},{"name":"feature","value":"Test each council output matches expected results"},{"name":"resultFormat","value":"allure2"}],"parameters":[{"name":"council","value":"NeathPortTalbotCouncil"},{"name":"selenium_mode","value":"local"},{"name":"selenium_url","value":"http://selenium:4444"}],"links":[],"hidden":false,"retry":false,"extra":{"severity":"normal","retries":[],"categories":[{"name":"Product defects","matchedStatuses":[],"flaky":false}],"history":{"statistic":{"failed":146,"broken":0,"skipped":0,"passed":14,"unknown":0,"total":160},"items":[{"uid":"50c9f11ae43e1e66","reportUrl":"https://robbrad.github.io/UKBinCollectionData/3.11/1482//#testresult/50c9f11ae43e1e66","status":"failed","statusDetails":"TypeError: create_webdriver() missing 1 required positional argument: 'user_agent'","time":{"start":1705019257975,"stop":1705019258201,"duration":226}},{"uid":"b949f1bc22d02fd2","reportUrl":"https://robbrad.github.io/UKBinCollectionData/3.11/1478//#testresult/b949f1bc22d02fd2","status":"failed","statusDetails":"TypeError: create_webdriver() missing 1 required positional argument: 'user_agent'","time":{"start":1704932836540,"stop":1704932836695,"duration":155}},{"uid":"b51380955eeffc1f","reportUrl":"https://robbrad.github.io/UKBinCollectionData/3.11/1472//#testresult/b51380955eeffc1f","status":"failed","statusDetails":"TypeError: create_webdriver() missing 1 required positional argument: 'user_agent'","time":{"start":1704846447925,"stop":1704846448122,"duration":197}},{"uid":"67652aa771097a6e","reportUrl":"https://robbrad.github.io/UKBinCollectionData/3.11/1456//#testresult/67652aa771097a6e","status":"failed","statusDetails":"selenium.common.exceptions.ElementClickInterceptedException: Message: element click intercepted: Element is not clickable at point (589, 618)\n  (Session info: chrome-headless-shell=120.0.6099.109)\nStacktrace:\n#0 0x564ee621ff83 <unknown>\n#1 0x564ee5ed8cf7 <unknown>\n#2 0x564ee5f30d92 <unknown>\n#3 0x564ee5f2e7f4 <unknown>\n#4 0x564ee5f2b894 <unknown>\n#5 0x564ee5f2a4b9 <unknown>\n#6 0x564ee5f1c313 <unknown>\n#7 0x564ee5f520b2 <unknown>\n#8 0x564ee5f1bb49 <unknown>\n#9 0x564ee5f524ce <unknown>\n#10 0x564ee5f71006 <unknown>\n#11 0x564ee5f51e53 <unknown>\n#12 0x564ee5f19dd4 <unknown>\n#13 0x564ee5f1b1de <unknown>\n#14 0x564ee61e4531 <unknown>\n#15 0x564ee61e8455 <unknown>\n#16 0x564ee61d0f55 <unknown>\n#17 0x564ee61e90ef <unknown>\n#18 0x564ee61b499f <unknown>\n#19 0x564ee620d008 <unknown>\n#20 0x564ee620d1d7 <unknown>\n#21 0x564ee621f124 <unknown>\n#22 0x7f74fc094ac3 <unknown>","time":{"start":1704760196722,"stop":1704760200903,"duration":4181}},{"uid":"22ceec82dc8f654f","reportUrl":"https://robbrad.github.io/UKBinCollectionData/3.11/1452//#testresult/22ceec82dc8f654f","status":"failed","statusDetails":"selenium.common.exceptions.NoSuchElementException: Message: no such element: Unable to locate element: {\"method\":\"css selector\",\"selector\":\"[id=\"ContentPlaceHolderDefault_ctl13_nptLLPG2_25_addresslookup_txtTmpPostcode\"]\"}\n  (Session info: chrome-headless-shell=120.0.6099.109); For documentation on this error, please visit: https://www.selenium.dev/documentation/webdriver/troubleshooting/errors#no-such-element-exception\nStacktrace:\n#0 0x560a503edf83 <unknown>\n#1 0x560a500a6cf7 <unknown>\n#2 0x560a500f699e <unknown>\n#3 0x560a500f6aa1 <unknown>\n#4 0x560a50141d64 <unknown>\n#5 0x560a501200dd <unknown>\n#6 0x560a5013f006 <unknown>\n#7 0x560a5011fe53 <unknown>\n#8 0x560a500e7dd4 <unknown>\n#9 0x560a500e91de <unknown>\n#10 0x560a503b2531 <unknown>\n#11 0x560a503b6455 <unknown>\n#12 0x560a5039ef55 <unknown>\n#13 0x560a503b70ef <unknown>\n#14 0x560a5038299f <unknown>\n#15 0x560a503db008 <unknown>\n#16 0x560a503db1d7 <unknown>\n#17 0x560a503ed124 <unknown>\n#18 0x7f0dd4e94ac3 <unknown>","time":{"start":1704711542047,"stop":1704711544953,"duration":2906}},{"uid":"a1f3c57b3ee865f0","reportUrl":"https://robbrad.github.io/UKBinCollectionData/3.11/1450//#testresult/a1f3c57b3ee865f0","status":"failed","statusDetails":"selenium.common.exceptions.ElementClickInterceptedException: Message: element click intercepted: Element is not clickable at point (589, 618)\n  (Session info: chrome-headless-shell=120.0.6099.109)\nStacktrace:\n#0 0x56324127ff83 <unknown>\n#1 0x563240f38cf7 <unknown>\n#2 0x563240f90d92 <unknown>\n#3 0x563240f8e7f4 <unknown>\n#4 0x563240f8b894 <unknown>\n#5 0x563240f8a4b9 <unknown>\n#6 0x563240f7c313 <unknown>\n#7 0x563240fb20b2 <unknown>\n#8 0x563240f7bb49 <unknown>\n#9 0x563240fb24ce <unknown>\n#10 0x563240fd1006 <unknown>\n#11 0x563240fb1e53 <unknown>\n#12 0x563240f79dd4 <unknown>\n#13 0x563240f7b1de <unknown>\n#14 0x563241244531 <unknown>\n#15 0x563241248455 <unknown>\n#16 0x563241230f55 <unknown>\n#17 0x5632412490ef <unknown>\n#18 0x56324121499f <unknown>\n#19 0x56324126d008 <unknown>\n#20 0x56324126d1d7 <unknown>\n#21 0x56324127f124 <unknown>\n#22 0x7f9550894ac3 <unknown>","time":{"start":1704710782482,"stop":1704710786642,"duration":4160}},{"uid":"1626c3b0d08a8224","reportUrl":"https://robbrad.github.io/UKBinCollectionData/3.11/1448//#testresult/1626c3b0d08a8224","status":"failed","statusDetails":"selenium.common.exceptions.NoSuchElementException: Message: no such element: Unable to locate element: {\"method\":\"css selector\",\"selector\":\"[id=\"ContentPlaceHolderDefault_ctl13_nptLLPG2_25_addresslookup_txtTmpPostcode\"]\"}\n  (Session info: chrome-headless-shell=120.0.6099.109); For documentation on this error, please visit: https://www.selenium.dev/documentation/webdriver/troubleshooting/errors#no-such-element-exception\nStacktrace:\n#0 0x56048333ef83 <unknown>\n#1 0x560482ff7cf7 <unknown>\n#2 0x56048304799e <unknown>\n#3 0x560483047aa1 <unknown>\n#4 0x560483092d64 <unknown>\n#5 0x5604830710dd <unknown>\n#6 0x560483090006 <unknown>\n#7 0x560483070e53 <unknown>\n#8 0x560483038dd4 <unknown>\n#9 0x56048303a1de <unknown>\n#10 0x560483303531 <unknown>\n#11 0x560483307455 <unknown>\n#12 0x5604832eff55 <unknown>\n#13 0x5604833080ef <unknown>\n#14 0x5604832d399f <unknown>\n#15 0x56048332c008 <unknown>\n#16 0x56048332c1d7 <unknown>\n#17 0x56048333e124 <unknown>\n#18 0x7f9e2ec94ac3 <unknown>","time":{"start":1704710189827,"stop":1704710194189,"duration":4362}},{"uid":"5d3d15871ff65665","reportUrl":"https://robbrad.github.io/UKBinCollectionData/3.11/1446//#testresult/5d3d15871ff65665","status":"failed","statusDetails":"selenium.common.exceptions.NoSuchElementException: Message: no such element: Unable to locate element: {\"method\":\"css selector\",\"selector\":\"[id=\"ContentPlaceHolderDefault_ctl13_nptLLPG2_25_addresslookup_txtTmpPostcode\"]\"}\n  (Session info: chrome-headless-shell=120.0.6099.109); For documentation on this error, please visit: https://www.selenium.dev/documentation/webdriver/troubleshooting/errors#no-such-element-exception\nStacktrace:\n#0 0x5580431d2f83 <unknown>\n#1 0x558042e8bcf7 <unknown>\n#2 0x558042edb99e <unknown>\n#3 0x558042edbaa1 <unknown>\n#4 0x558042f26d64 <unknown>\n#5 0x558042f050dd <unknown>\n#6 0x558042f24006 <unknown>\n#7 0x558042f04e53 <unknown>\n#8 0x558042eccdd4 <unknown>\n#9 0x558042ece1de <unknown>\n#10 0x558043197531 <unknown>\n#11 0x55804319b455 <unknown>\n#12 0x558043183f55 <unknown>\n#13 0x55804319c0ef <unknown>\n#14 0x55804316799f <unknown>\n#15 0x5580431c0008 <unknown>\n#16 0x5580431c01d7 <unknown>\n#17 0x5580431d2124 <unknown>\n#18 0x7f15bb494ac3 <unknown>","time":{"start":1704709666582,"stop":1704709670452,"duration":3870}},{"uid":"6b46a6d2f8095584","reportUrl":"https://robbrad.github.io/UKBinCollectionData/3.11/1443//#testresult/6b46a6d2f8095584","status":"failed","statusDetails":"selenium.common.exceptions.NoSuchElementException: Message: no such element: Unable to locate element: {\"method\":\"css selector\",\"selector\":\"[id=\"ContentPlaceHolderDefault_ctl13_nptLLPG2_25_addresslookup_txtTmpPostcode\"]\"}\n  (Session info: chrome-headless-shell=120.0.6099.109); For documentation on this error, please visit: https://www.selenium.dev/documentation/webdriver/troubleshooting/errors#no-such-element-exception\nStacktrace:\n#0 0x557d28899f83 <unknown>\n#1 0x557d28552cf7 <unknown>\n#2 0x557d285a299e <unknown>\n#3 0x557d285a2aa1 <unknown>\n#4 0x557d285edd64 <unknown>\n#5 0x557d285cc0dd <unknown>\n#6 0x557d285eb006 <unknown>\n#7 0x557d285cbe53 <unknown>\n#8 0x557d28593dd4 <unknown>\n#9 0x557d285951de <unknown>\n#10 0x557d2885e531 <unknown>\n#11 0x557d28862455 <unknown>\n#12 0x557d2884af55 <unknown>\n#13 0x557d288630ef <unknown>\n#14 0x557d2882e99f <unknown>\n#15 0x557d28887008 <unknown>\n#16 0x557d288871d7 <unknown>\n#17 0x557d28899124 <unknown>\n#18 0x7fc19a894ac3 <unknown>","time":{"start":1704704175052,"stop":1704704180200,"duration":5148}},{"uid":"24a75a53de2601d5","reportUrl":"https://robbrad.github.io/UKBinCollectionData/3.11/1441//#testresult/24a75a53de2601d5","status":"failed","statusDetails":"selenium.common.exceptions.NoSuchElementException: Message: no such element: Unable to locate element: {\"method\":\"css selector\",\"selector\":\"[id=\"ContentPlaceHolderDefault_ctl13_nptLLPG2_25_addresslookup_txtTmpPostcode\"]\"}\n  (Session info: chrome-headless-shell=120.0.6099.109); For documentation on this error, please visit: https://www.selenium.dev/documentation/webdriver/troubleshooting/errors#no-such-element-exception\nStacktrace:\n#0 0x55d2387dff83 <unknown>\n#1 0x55d238498cf7 <unknown>\n#2 0x55d2384e899e <unknown>\n#3 0x55d2384e8aa1 <unknown>\n#4 0x55d238533d64 <unknown>\n#5 0x55d2385120dd <unknown>\n#6 0x55d238531006 <unknown>\n#7 0x55d238511e53 <unknown>\n#8 0x55d2384d9dd4 <unknown>\n#9 0x55d2384db1de <unknown>\n#10 0x55d2387a4531 <unknown>\n#11 0x55d2387a8455 <unknown>\n#12 0x55d238790f55 <unknown>\n#13 0x55d2387a90ef <unknown>\n#14 0x55d23877499f <unknown>\n#15 0x55d2387cd008 <unknown>\n#16 0x55d2387cd1d7 <unknown>\n#17 0x55d2387df124 <unknown>\n#18 0x7f1455094ac3 <unknown>","time":{"start":1704673778968,"stop":1704673782876,"duration":3908}},{"uid":"ec2dead1ef319433","reportUrl":"https://robbrad.github.io/UKBinCollectionData/3.11/1429//#testresult/ec2dead1ef319433","status":"failed","statusDetails":"selenium.common.exceptions.NoSuchElementException: Message: no such element: Unable to locate element: {\"method\":\"css selector\",\"selector\":\"[id=\"ContentPlaceHolderDefault_ctl13_nptLLPG2_25_addresslookup_txtTmpPostcode\"]\"}\n  (Session info: chrome-headless-shell=120.0.6099.109); For documentation on this error, please visit: https://www.selenium.dev/documentation/webdriver/troubleshooting/errors#no-such-element-exception\nStacktrace:\n#0 0x561736ddaf83 <unknown>\n#1 0x561736a93cf7 <unknown>\n#2 0x561736ae399e <unknown>\n#3 0x561736ae3aa1 <unknown>\n#4 0x561736b2ed64 <unknown>\n#5 0x561736b0d0dd <unknown>\n#6 0x561736b2c006 <unknown>\n#7 0x561736b0ce53 <unknown>\n#8 0x561736ad4dd4 <unknown>\n#9 0x561736ad61de <unknown>\n#10 0x561736d9f531 <unknown>\n#11 0x561736da3455 <unknown>\n#12 0x561736d8bf55 <unknown>\n#13 0x561736da40ef <unknown>\n#14 0x561736d6f99f <unknown>\n#15 0x561736dc8008 <unknown>\n#16 0x561736dc81d7 <unknown>\n#17 0x561736dda124 <unknown>\n#18 0x7fd7fc694ac3 <unknown>","time":{"start":1704626454553,"stop":1704626457820,"duration":3267}},{"uid":"791748901040078c","reportUrl":"https://robbrad.github.io/UKBinCollectionData/3.11/1426//#testresult/791748901040078c","status":"failed","statusDetails":"selenium.common.exceptions.NoSuchElementException: Message: no such element: Unable to locate element: {\"method\":\"css selector\",\"selector\":\"[id=\"ContentPlaceHolderDefault_ctl13_nptLLPG2_25_addresslookup_txtTmpPostcode\"]\"}\n  (Session info: chrome-headless-shell=120.0.6099.109); For documentation on this error, please visit: https://www.selenium.dev/documentation/webdriver/troubleshooting/errors#no-such-element-exception\nStacktrace:\n#0 0x5607e066cf83 <unknown>\n#1 0x5607e0325cf7 <unknown>\n#2 0x5607e037599e <unknown>\n#3 0x5607e0375aa1 <unknown>\n#4 0x5607e03c0d64 <unknown>\n#5 0x5607e039f0dd <unknown>\n#6 0x5607e03be006 <unknown>\n#7 0x5607e039ee53 <unknown>\n#8 0x5607e0366dd4 <unknown>\n#9 0x5607e03681de <unknown>\n#10 0x5607e0631531 <unknown>\n#11 0x5607e0635455 <unknown>\n#12 0x5607e061df55 <unknown>\n#13 0x5607e06360ef <unknown>\n#14 0x5607e060199f <unknown>\n#15 0x5607e065a008 <unknown>\n#16 0x5607e065a1d7 <unknown>\n#17 0x5607e066c124 <unknown>\n#18 0x7f6cc1894ac3 <unknown>","time":{"start":1704615436691,"stop":1704615439264,"duration":2573}},{"uid":"b2c41ac0e4950719","reportUrl":"https://robbrad.github.io/UKBinCollectionData/3.11/1423//#testresult/b2c41ac0e4950719","status":"failed","statusDetails":"selenium.common.exceptions.NoSuchElementException: Message: no such element: Unable to locate element: {\"method\":\"css selector\",\"selector\":\"[id=\"ContentPlaceHolderDefault_ctl13_nptLLPG2_25_addresslookup_txtTmpPostcode\"]\"}\n  (Session info: chrome-headless-shell=120.0.6099.109); For documentation on this error, please visit: https://www.selenium.dev/documentation/webdriver/troubleshooting/errors#no-such-element-exception\nStacktrace:\n#0 0x5643448b4f83 <unknown>\n#1 0x56434456dcf7 <unknown>\n#2 0x5643445bd99e <unknown>\n#3 0x5643445bdaa1 <unknown>\n#4 0x564344608d64 <unknown>\n#5 0x5643445e70dd <unknown>\n#6 0x564344606006 <unknown>\n#7 0x5643445e6e53 <unknown>\n#8 0x5643445aedd4 <unknown>\n#9 0x5643445b01de <unknown>\n#10 0x564344879531 <unknown>\n#11 0x56434487d455 <unknown>\n#12 0x564344865f55 <unknown>\n#13 0x56434487e0ef <unknown>\n#14 0x56434484999f <unknown>\n#15 0x5643448a2008 <unknown>\n#16 0x5643448a21d7 <unknown>\n#17 0x5643448b4124 <unknown>\n#18 0x7fe211e94ac3 <unknown>","time":{"start":1704614851197,"stop":1704614854893,"duration":3696}},{"uid":"8950bae40a54bdcb","reportUrl":"https://robbrad.github.io/UKBinCollectionData/3.11/1421//#testresult/8950bae40a54bdcb","status":"failed","statusDetails":"selenium.common.exceptions.NoSuchElementException: Message: no such element: Unable to locate element: {\"method\":\"css selector\",\"selector\":\"[id=\"ContentPlaceHolderDefault_ctl13_nptLLPG2_25_addresslookup_txtTmpPostcode\"]\"}\n  (Session info: chrome=120.0.6099.109); For documentation on this error, please visit: https://www.selenium.dev/documentation/webdriver/troubleshooting/errors#no-such-element-exception\nStacktrace:\n#0 0x5580db31cf83 <unknown>\n#1 0x5580dafd5cf7 <unknown>\n#2 0x5580db02599e <unknown>\n#3 0x5580db025aa1 <unknown>\n#4 0x5580db070d64 <unknown>\n#5 0x5580db04f0dd <unknown>\n#6 0x5580db06e006 <unknown>\n#7 0x5580db04ee53 <unknown>\n#8 0x5580db016dd4 <unknown>\n#9 0x5580db0181de <unknown>\n#10 0x5580db2e1531 <unknown>\n#11 0x5580db2e5455 <unknown>\n#12 0x5580db2cdf55 <unknown>\n#13 0x5580db2e60ef <unknown>\n#14 0x5580db2b199f <unknown>\n#15 0x5580db30a008 <unknown>\n#16 0x5580db30a1d7 <unknown>\n#17 0x5580db31c124 <unknown>\n#18 0x7fe52ea94ac3 <unknown>","time":{"start":1704614278492,"stop":1704614282367,"duration":3875}},{"uid":"9abc0cabb114b08e","reportUrl":"https://robbrad.github.io/UKBinCollectionData/3.11/1420//#testresult/9abc0cabb114b08e","status":"failed","statusDetails":"selenium.common.exceptions.NoSuchElementException: Message: no such element: Unable to locate element: {\"method\":\"css selector\",\"selector\":\"[id=\"ContentPlaceHolderDefault_ctl13_nptLLPG2_25_addresslookup_txtTmpPostcode\"]\"}\n  (Session info: chrome-headless-shell=120.0.6099.109); For documentation on this error, please visit: https://www.selenium.dev/documentation/webdriver/troubleshooting/errors#no-such-element-exception\nStacktrace:\n#0 0x562dc4982f83 <unknown>\n#1 0x562dc463bcf7 <unknown>\n#2 0x562dc468b99e <unknown>\n#3 0x562dc468baa1 <unknown>\n#4 0x562dc46d6d64 <unknown>\n#5 0x562dc46b50dd <unknown>\n#6 0x562dc46d4006 <unknown>\n#7 0x562dc46b4e53 <unknown>\n#8 0x562dc467cdd4 <unknown>\n#9 0x562dc467e1de <unknown>\n#10 0x562dc4947531 <unknown>\n#11 0x562dc494b455 <unknown>\n#12 0x562dc4933f55 <unknown>\n#13 0x562dc494c0ef <unknown>\n#14 0x562dc491799f <unknown>\n#15 0x562dc4970008 <unknown>\n#16 0x562dc49701d7 <unknown>\n#17 0x562dc4982124 <unknown>\n#18 0x7fcbaf094ac3 <unknown>","time":{"start":1704587540190,"stop":1704587543145,"duration":2955}},{"uid":"3b76699979e4a8c0","reportUrl":"https://robbrad.github.io/UKBinCollectionData/3.11/1413//#testresult/3b76699979e4a8c0","status":"failed","statusDetails":"selenium.common.exceptions.NoSuchElementException: Message: no such element: Unable to locate element: {\"method\":\"css selector\",\"selector\":\"[id=\"ContentPlaceHolderDefault_ctl13_nptLLPG2_25_addresslookup_txtTmpPostcode\"]\"}\n  (Session info: chrome-headless-shell=120.0.6099.109); For documentation on this error, please visit: https://www.selenium.dev/documentation/webdriver/troubleshooting/errors#no-such-element-exception\nStacktrace:\n#0 0x5647a5c19f83 <unknown>\n#1 0x5647a58d2cf7 <unknown>\n#2 0x5647a592299e <unknown>\n#3 0x5647a5922aa1 <unknown>\n#4 0x5647a596dd64 <unknown>\n#5 0x5647a594c0dd <unknown>\n#6 0x5647a596b006 <unknown>\n#7 0x5647a594be53 <unknown>\n#8 0x5647a5913dd4 <unknown>\n#9 0x5647a59151de <unknown>\n#10 0x5647a5bde531 <unknown>\n#11 0x5647a5be2455 <unknown>\n#12 0x5647a5bcaf55 <unknown>\n#13 0x5647a5be30ef <unknown>\n#14 0x5647a5bae99f <unknown>\n#15 0x5647a5c07008 <unknown>\n#16 0x5647a5c071d7 <unknown>\n#17 0x5647a5c19124 <unknown>\n#18 0x7fc627894ac3 <unknown>","time":{"start":1704542790846,"stop":1704542794870,"duration":4024}},{"uid":"446110d4bc72dea","reportUrl":"https://robbrad.github.io/UKBinCollectionData/3.11/1408//#testresult/446110d4bc72dea","status":"failed","statusDetails":"selenium.common.exceptions.NoSuchElementException: Message: no such element: Unable to locate element: {\"method\":\"css selector\",\"selector\":\"[id=\"ContentPlaceHolderDefault_ctl13_nptLLPG2_25_addresslookup_txtTmpPostcode\"]\"}\n  (Session info: chrome-headless-shell=120.0.6099.109); For documentation on this error, please visit: https://www.selenium.dev/documentation/webdriver/troubleshooting/errors#no-such-element-exception\nStacktrace:\n#0 0x55bb66ec7f83 <unknown>\n#1 0x55bb66b80cf7 <unknown>\n#2 0x55bb66bd099e <unknown>\n#3 0x55bb66bd0aa1 <unknown>\n#4 0x55bb66c1bd64 <unknown>\n#5 0x55bb66bfa0dd <unknown>\n#6 0x55bb66c19006 <unknown>\n#7 0x55bb66bf9e53 <unknown>\n#8 0x55bb66bc1dd4 <unknown>\n#9 0x55bb66bc31de <unknown>\n#10 0x55bb66e8c531 <unknown>\n#11 0x55bb66e90455 <unknown>\n#12 0x55bb66e78f55 <unknown>\n#13 0x55bb66e910ef <unknown>\n#14 0x55bb66e5c99f <unknown>\n#15 0x55bb66eb5008 <unknown>\n#16 0x55bb66eb51d7 <unknown>\n#17 0x55bb66ec7124 <unknown>\n#18 0x7ff072094ac3 <unknown>","time":{"start":1704496223648,"stop":1704496227218,"duration":3570}},{"uid":"ff39c439b3a3ac5e","reportUrl":"https://robbrad.github.io/UKBinCollectionData/3.11/1406//#testresult/ff39c439b3a3ac5e","status":"failed","statusDetails":"selenium.common.exceptions.NoSuchElementException: Message: no such element: Unable to locate element: {\"method\":\"css selector\",\"selector\":\"[id=\"ContentPlaceHolderDefault_ctl13_nptLLPG2_25_addresslookup_txtTmpPostcode\"]\"}\n  (Session info: chrome-headless-shell=120.0.6099.109); For documentation on this error, please visit: https://www.selenium.dev/documentation/webdriver/troubleshooting/errors#no-such-element-exception\nStacktrace:\n#0 0x55ef9d2e1f83 <unknown>\n#1 0x55ef9cf9acf7 <unknown>\n#2 0x55ef9cfea99e <unknown>\n#3 0x55ef9cfeaaa1 <unknown>\n#4 0x55ef9d035d64 <unknown>\n#5 0x55ef9d0140dd <unknown>\n#6 0x55ef9d033006 <unknown>\n#7 0x55ef9d013e53 <unknown>\n#8 0x55ef9cfdbdd4 <unknown>\n#9 0x55ef9cfdd1de <unknown>\n#10 0x55ef9d2a6531 <unknown>\n#11 0x55ef9d2aa455 <unknown>\n#12 0x55ef9d292f55 <unknown>\n#13 0x55ef9d2ab0ef <unknown>\n#14 0x55ef9d27699f <unknown>\n#15 0x55ef9d2cf008 <unknown>\n#16 0x55ef9d2cf1d7 <unknown>\n#17 0x55ef9d2e1124 <unknown>\n#18 0x7f275d094ac3 <unknown>","time":{"start":1704453491290,"stop":1704453495741,"duration":4451}},{"uid":"cb52134c5b00480d","reportUrl":"https://robbrad.github.io/UKBinCollectionData/3.11/1405//#testresult/cb52134c5b00480d","status":"failed","statusDetails":"selenium.common.exceptions.NoSuchElementException: Message: no such element: Unable to locate element: {\"method\":\"css selector\",\"selector\":\"[id=\"ContentPlaceHolderDefault_ctl13_nptLLPG2_25_addresslookup_txtTmpPostcode\"]\"}\n  (Session info: chrome-headless-shell=120.0.6099.109); For documentation on this error, please visit: https://www.selenium.dev/documentation/webdriver/troubleshooting/errors#no-such-element-exception\nStacktrace:\n#0 0x56433aa1ef83 <unknown>\n#1 0x56433a6d7cf7 <unknown>\n#2 0x56433a72799e <unknown>\n#3 0x56433a727aa1 <unknown>\n#4 0x56433a772d64 <unknown>\n#5 0x56433a7510dd <unknown>\n#6 0x56433a770006 <unknown>\n#7 0x56433a750e53 <unknown>\n#8 0x56433a718dd4 <unknown>\n#9 0x56433a71a1de <unknown>\n#10 0x56433a9e3531 <unknown>\n#11 0x56433a9e7455 <unknown>\n#12 0x56433a9cff55 <unknown>\n#13 0x56433a9e80ef <unknown>\n#14 0x56433a9b399f <unknown>\n#15 0x56433aa0c008 <unknown>\n#16 0x56433aa0c1d7 <unknown>\n#17 0x56433aa1e124 <unknown>\n#18 0x7f10fde94ac3 <unknown>","time":{"start":1704452671985,"stop":1704452674849,"duration":2864}},{"uid":"24625a731fcd011","reportUrl":"https://robbrad.github.io/UKBinCollectionData/3.11/1400//#testresult/24625a731fcd011","status":"failed","statusDetails":"selenium.common.exceptions.NoSuchElementException: Message: no such element: Unable to locate element: {\"method\":\"css selector\",\"selector\":\"[id=\"ContentPlaceHolderDefault_ctl13_nptLLPG2_25_addresslookup_txtTmpPostcode\"]\"}\n  (Session info: chrome-headless-shell=120.0.6099.109); For documentation on this error, please visit: https://www.selenium.dev/documentation/webdriver/troubleshooting/errors#no-such-element-exception\nStacktrace:\n#0 0x559944e58f83 <unknown>\n#1 0x559944b11cf7 <unknown>\n#2 0x559944b6199e <unknown>\n#3 0x559944b61aa1 <unknown>\n#4 0x559944bacd64 <unknown>\n#5 0x559944b8b0dd <unknown>\n#6 0x559944baa006 <unknown>\n#7 0x559944b8ae53 <unknown>\n#8 0x559944b52dd4 <unknown>\n#9 0x559944b541de <unknown>\n#10 0x559944e1d531 <unknown>\n#11 0x559944e21455 <unknown>\n#12 0x559944e09f55 <unknown>\n#13 0x559944e220ef <unknown>\n#14 0x559944ded99f <unknown>\n#15 0x559944e46008 <unknown>\n#16 0x559944e461d7 <unknown>\n#17 0x559944e58124 <unknown>\n#18 0x7f8f64894ac3 <unknown>","time":{"start":1704443845327,"stop":1704443849511,"duration":4184}}]},"tags":[]},"source":"f03089aae6b0c62d.json","parameterValues":["NeathPortTalbotCouncil","local","http://selenium:4444"]}