{"uid":"7b9c3ac4a7fdf78","name":"Validate Council Output [CalderdaleCouncil]","fullName":"features/validate_council_outputs.feature:Validate Council Output","historyId":"1b9aa52f7d9bfc9f284315c06170da9f","time":{"start":1725840174650,"stop":1725840348065,"duration":173415},"status":"failed","statusMessage":"selenium.common.exceptions.TimeoutException: Message: \nStacktrace:\n#0 0x56256c78186a <unknown>\n#1 0x56256c44fe50 <unknown>\n#2 0x56256c49f644 <unknown>\n#3 0x56256c49f931 <unknown>\n#4 0x56256c4e5534 <unknown>\n#5 0x56256c4c44bd <unknown>\n#6 0x56256c4e29c6 <unknown>\n#7 0x56256c4c4233 <unknown>\n#8 0x56256c492093 <unknown>\n#9 0x56256c49309e <unknown>\n#10 0x56256c748acb <unknown>\n#11 0x56256c74ca81 <unknown>\n#12 0x56256c734695 <unknown>\n#13 0x56256c74d5f2 <unknown>\n#14 0x56256c71986f <unknown>\n#15 0x56256c770668 <unknown>\n#16 0x56256c770832 <unknown>\n#17 0x56256c78065c <unknown>\n#18 0x7f0fad591a94 <unknown>\n#19 0x7f0fad61ea34 __clone","statusTrace":"fixturefunc = <function scrape_step at 0x7f45dcd1b060>\nrequest = <FixtureRequest for <Function test_scenario_outline[CalderdaleCouncil]>>\nkwargs = {'context': <test_validate_council.Context object at 0x7f45eb8680e0>, 'headless_mode': 'True', 'local_browser': 'False', 'selenium_url': 'http://localhost:4444'}\n\n    def call_fixture_func(\n        fixturefunc: _FixtureFunc[FixtureValue], request: FixtureRequest, kwargs\n    ) -> FixtureValue:\n        if is_generator(fixturefunc):\n            fixturefunc = cast(\n                Callable[..., Generator[FixtureValue, None, None]], fixturefunc\n            )\n            generator = fixturefunc(**kwargs)\n            try:\n                fixture_result = next(generator)\n            except StopIteration:\n                raise ValueError(f\"{request.fixturename} did not yield a value\") from None\n            finalizer = functools.partial(_teardown_yield_fixture, fixturefunc, generator)\n            request.addfinalizer(finalizer)\n        else:\n            fixturefunc = cast(Callable[..., FixtureValue], fixturefunc)\n>           fixture_result = fixturefunc(**kwargs)\n\n../../../.cache/pypoetry/virtualenvs/uk-bin-collection-EwS6Gn8s-py3.12/lib/python3.12/site-packages/_pytest/fixtures.py:897: \n_ _ _ _ _ _ _ _ _ _ _ _ _ _ _ _ _ _ _ _ _ _ _ _ _ _ _ _ _ _ _ _ _ _ _ _ _ _ _ _ \nuk_bin_collection/tests/step_defs/test_validate_council.py:100: in scrape_step\n    context.parse_result = CollectData.run()\nuk_bin_collection/uk_bin_collection/collect_data.py:101: in run\n    return self.client_code(\nuk_bin_collection/uk_bin_collection/collect_data.py:121: in client_code\n    return get_bin_data_class.template_method(address_url, **kwargs)\nuk_bin_collection/uk_bin_collection/get_bin_data.py:61: in template_method\n    bin_data_dict = self.get_and_parse_data(this_url, **kwargs)\nuk_bin_collection/uk_bin_collection/get_bin_data.py:84: in get_and_parse_data\n    bin_data_dict = self.parse_data(\"\", url=address_url, **kwargs)\nuk_bin_collection/uk_bin_collection/councils/CalderdaleCouncil.py:69: in parse_data\n    results = wait.until(EC.presence_of_element_located((By.ID, \"collection\")))\n_ _ _ _ _ _ _ _ _ _ _ _ _ _ _ _ _ _ _ _ _ _ _ _ _ _ _ _ _ _ _ _ _ _ _ _ _ _ _ _ \n\nself = <selenium.webdriver.support.wait.WebDriverWait (session=\"4c77271dfebc852ef0f104cece7aa789\")>\nmethod = <function presence_of_element_located.<locals>._predicate at 0x7f45dc134fe0>\nmessage = ''\n\n    def until(self, method: Callable[[D], Union[Literal[False], T]], message: str = \"\") -> T:\n        \"\"\"Calls the method provided with the driver as an argument until the \\\n        return value does not evaluate to ``False``.\n    \n        :param method: callable(WebDriver)\n        :param message: optional message for :exc:`TimeoutException`\n        :returns: the result of the last call to `method`\n        :raises: :exc:`selenium.common.exceptions.TimeoutException` if timeout occurs\n        \"\"\"\n        screen = None\n        stacktrace = None\n    \n        end_time = time.monotonic() + self._timeout\n        while True:\n            try:\n                value = method(self._driver)\n                if value:\n                    return value\n            except self._ignored_exceptions as exc:\n                screen = getattr(exc, \"screen\", None)\n                stacktrace = getattr(exc, \"stacktrace\", None)\n            time.sleep(self._poll)\n            if time.monotonic() > end_time:\n                break\n>       raise TimeoutException(message, screen, stacktrace)\nE       selenium.common.exceptions.TimeoutException: Message: \nE       Stacktrace:\nE       #0 0x56256c78186a <unknown>\nE       #1 0x56256c44fe50 <unknown>\nE       #2 0x56256c49f644 <unknown>\nE       #3 0x56256c49f931 <unknown>\nE       #4 0x56256c4e5534 <unknown>\nE       #5 0x56256c4c44bd <unknown>\nE       #6 0x56256c4e29c6 <unknown>\nE       #7 0x56256c4c4233 <unknown>\nE       #8 0x56256c492093 <unknown>\nE       #9 0x56256c49309e <unknown>\nE       #10 0x56256c748acb <unknown>\nE       #11 0x56256c74ca81 <unknown>\nE       #12 0x56256c734695 <unknown>\nE       #13 0x56256c74d5f2 <unknown>\nE       #14 0x56256c71986f <unknown>\nE       #15 0x56256c770668 <unknown>\nE       #16 0x56256c770832 <unknown>\nE       #17 0x56256c78065c <unknown>\nE       #18 0x7f0fad591a94 <unknown>\nE       #19 0x7f0fad61ea34 __clone\n\n../../../.cache/pypoetry/virtualenvs/uk-bin-collection-EwS6Gn8s-py3.12/lib/python3.12/site-packages/selenium/webdriver/support/wait.py:105: TimeoutException","flaky":true,"newFailed":false,"newBroken":false,"newPassed":false,"retriesCount":0,"retriesStatusChange":false,"beforeStages":[],"testStage":{"status":"failed","statusMessage":"selenium.common.exceptions.TimeoutException: Message: \nStacktrace:\n#0 0x56256c78186a <unknown>\n#1 0x56256c44fe50 <unknown>\n#2 0x56256c49f644 <unknown>\n#3 0x56256c49f931 <unknown>\n#4 0x56256c4e5534 <unknown>\n#5 0x56256c4c44bd <unknown>\n#6 0x56256c4e29c6 <unknown>\n#7 0x56256c4c4233 <unknown>\n#8 0x56256c492093 <unknown>\n#9 0x56256c49309e <unknown>\n#10 0x56256c748acb <unknown>\n#11 0x56256c74ca81 <unknown>\n#12 0x56256c734695 <unknown>\n#13 0x56256c74d5f2 <unknown>\n#14 0x56256c71986f <unknown>\n#15 0x56256c770668 <unknown>\n#16 0x56256c770832 <unknown>\n#17 0x56256c78065c <unknown>\n#18 0x7f0fad591a94 <unknown>\n#19 0x7f0fad61ea34 __clone","statusTrace":"fixturefunc = <function scrape_step at 0x7f45dcd1b060>\nrequest = <FixtureRequest for <Function test_scenario_outline[CalderdaleCouncil]>>\nkwargs = {'context': <test_validate_council.Context object at 0x7f45eb8680e0>, 'headless_mode': 'True', 'local_browser': 'False', 'selenium_url': 'http://localhost:4444'}\n\n    def call_fixture_func(\n        fixturefunc: _FixtureFunc[FixtureValue], request: FixtureRequest, kwargs\n    ) -> FixtureValue:\n        if is_generator(fixturefunc):\n            fixturefunc = cast(\n                Callable[..., Generator[FixtureValue, None, None]], fixturefunc\n            )\n            generator = fixturefunc(**kwargs)\n            try:\n                fixture_result = next(generator)\n            except StopIteration:\n                raise ValueError(f\"{request.fixturename} did not yield a value\") from None\n            finalizer = functools.partial(_teardown_yield_fixture, fixturefunc, generator)\n            request.addfinalizer(finalizer)\n        else:\n            fixturefunc = cast(Callable[..., FixtureValue], fixturefunc)\n>           fixture_result = fixturefunc(**kwargs)\n\n../../../.cache/pypoetry/virtualenvs/uk-bin-collection-EwS6Gn8s-py3.12/lib/python3.12/site-packages/_pytest/fixtures.py:897: \n_ _ _ _ _ _ _ _ _ _ _ _ _ _ _ _ _ _ _ _ _ _ _ _ _ _ _ _ _ _ _ _ _ _ _ _ _ _ _ _ \nuk_bin_collection/tests/step_defs/test_validate_council.py:100: in scrape_step\n    context.parse_result = CollectData.run()\nuk_bin_collection/uk_bin_collection/collect_data.py:101: in run\n    return self.client_code(\nuk_bin_collection/uk_bin_collection/collect_data.py:121: in client_code\n    return get_bin_data_class.template_method(address_url, **kwargs)\nuk_bin_collection/uk_bin_collection/get_bin_data.py:61: in template_method\n    bin_data_dict = self.get_and_parse_data(this_url, **kwargs)\nuk_bin_collection/uk_bin_collection/get_bin_data.py:84: in get_and_parse_data\n    bin_data_dict = self.parse_data(\"\", url=address_url, **kwargs)\nuk_bin_collection/uk_bin_collection/councils/CalderdaleCouncil.py:69: in parse_data\n    results = wait.until(EC.presence_of_element_located((By.ID, \"collection\")))\n_ _ _ _ _ _ _ _ _ _ _ _ _ _ _ _ _ _ _ _ _ _ _ _ _ _ _ _ _ _ _ _ _ _ _ _ _ _ _ _ \n\nself = <selenium.webdriver.support.wait.WebDriverWait (session=\"4c77271dfebc852ef0f104cece7aa789\")>\nmethod = <function presence_of_element_located.<locals>._predicate at 0x7f45dc134fe0>\nmessage = ''\n\n    def until(self, method: Callable[[D], Union[Literal[False], T]], message: str = \"\") -> T:\n        \"\"\"Calls the method provided with the driver as an argument until the \\\n        return value does not evaluate to ``False``.\n    \n        :param method: callable(WebDriver)\n        :param message: optional message for :exc:`TimeoutException`\n        :returns: the result of the last call to `method`\n        :raises: :exc:`selenium.common.exceptions.TimeoutException` if timeout occurs\n        \"\"\"\n        screen = None\n        stacktrace = None\n    \n        end_time = time.monotonic() + self._timeout\n        while True:\n            try:\n                value = method(self._driver)\n                if value:\n                    return value\n            except self._ignored_exceptions as exc:\n                screen = getattr(exc, \"screen\", None)\n                stacktrace = getattr(exc, \"stacktrace\", None)\n            time.sleep(self._poll)\n            if time.monotonic() > end_time:\n                break\n>       raise TimeoutException(message, screen, stacktrace)\nE       selenium.common.exceptions.TimeoutException: Message: \nE       Stacktrace:\nE       #0 0x56256c78186a <unknown>\nE       #1 0x56256c44fe50 <unknown>\nE       #2 0x56256c49f644 <unknown>\nE       #3 0x56256c49f931 <unknown>\nE       #4 0x56256c4e5534 <unknown>\nE       #5 0x56256c4c44bd <unknown>\nE       #6 0x56256c4e29c6 <unknown>\nE       #7 0x56256c4c4233 <unknown>\nE       #8 0x56256c492093 <unknown>\nE       #9 0x56256c49309e <unknown>\nE       #10 0x56256c748acb <unknown>\nE       #11 0x56256c74ca81 <unknown>\nE       #12 0x56256c734695 <unknown>\nE       #13 0x56256c74d5f2 <unknown>\nE       #14 0x56256c71986f <unknown>\nE       #15 0x56256c770668 <unknown>\nE       #16 0x56256c770832 <unknown>\nE       #17 0x56256c78065c <unknown>\nE       #18 0x7f0fad591a94 <unknown>\nE       #19 0x7f0fad61ea34 __clone\n\n../../../.cache/pypoetry/virtualenvs/uk-bin-collection-EwS6Gn8s-py3.12/lib/python3.12/site-packages/selenium/webdriver/support/wait.py:105: TimeoutException","steps":[{"name":"Given the council","time":{"start":1725840174650,"stop":1725840174650,"duration":0},"status":"passed","steps":[],"attachments":[],"parameters":[],"shouldDisplayMessage":false,"stepsCount":0,"attachmentsCount":0,"hasContent":false,"attachmentStep":false},{"name":"When we scrape the data from the council","time":{"start":1725840174650,"stop":1725840348065,"duration":173415},"status":"failed","statusMessage":"Message: \nStacktrace:\n#0 0x56256c78186a <unknown>\n#1 0x56256c44fe50 <unknown>\n#2 0x56256c49f644 <unknown>\n#3 0x56256c49f931 <unknown>\n#4 0x56256c4e5534 <unknown>\n#5 0x56256c4c44bd <unknown>\n#6 0x56256c4e29c6 <unknown>\n#7 0x56256c4c4233 <unknown>\n#8 0x56256c492093 <unknown>\n#9 0x56256c49309e <unknown>\n#10 0x56256c748acb <unknown>\n#11 0x56256c74ca81 <unknown>\n#12 0x56256c734695 <unknown>\n#13 0x56256c74d5f2 <unknown>\n#14 0x56256c71986f <unknown>\n#15 0x56256c770668 <unknown>\n#16 0x56256c770832 <unknown>\n#17 0x56256c78065c <unknown>\n#18 0x7f0fad591a94 <unknown>\n#19 0x7f0fad61ea34 __clone\n","statusTrace":"selenium.common.exceptions.TimeoutException: Message: \nStacktrace:\n#0 0x56256c78186a <unknown>\n#1 0x56256c44fe50 <unknown>\n#2 0x56256c49f644 <unknown>\n#3 0x56256c49f931 <unknown>\n#4 0x56256c4e5534 <unknown>\n#5 0x56256c4c44bd <unknown>\n#6 0x56256c4e29c6 <unknown>\n#7 0x56256c4c4233 <unknown>\n#8 0x56256c492093 <unknown>\n#9 0x56256c49309e <unknown>\n#10 0x56256c748acb <unknown>\n#11 0x56256c74ca81 <unknown>\n#12 0x56256c734695 <unknown>\n#13 0x56256c74d5f2 <unknown>\n#14 0x56256c71986f <unknown>\n#15 0x56256c770668 <unknown>\n#16 0x56256c770832 <unknown>\n#17 0x56256c78065c <unknown>\n#18 0x7f0fad591a94 <unknown>\n#19 0x7f0fad61ea34 __clone\n\n","steps":[],"attachments":[],"parameters":[],"shouldDisplayMessage":true,"stepsCount":0,"attachmentsCount":0,"hasContent":true,"attachmentStep":false}],"attachments":[{"uid":"238b7cd552a179b8","name":"stdout","source":"238b7cd552a179b8.txt","type":"text/plain","size":654}],"parameters":[],"shouldDisplayMessage":true,"stepsCount":2,"attachmentsCount":1,"hasContent":true,"attachmentStep":false},"afterStages":[],"labels":[{"name":"host","value":"fv-az520-565"},{"name":"thread","value":"2822-MainThread"},{"name":"framework","value":"pytest-bdd"},{"name":"language","value":"cpython3"},{"name":"feature","value":"Test each council output matches expected results"},{"name":"resultFormat","value":"allure2"}],"parameters":[{"name":"council","value":"CalderdaleCouncil"}],"links":[],"hidden":false,"retry":false,"extra":{"severity":"normal","retries":[],"categories":[{"name":"Product defects","matchedStatuses":[],"flaky":false}],"history":{"statistic":{"failed":29,"broken":0,"skipped":0,"passed":104,"unknown":0,"total":133},"items":[{"uid":"968ea14af4046f7d","reportUrl":"https://robbrad.github.io/UKBinCollectionData/3.12/2093//#testresult/968ea14af4046f7d","status":"failed","statusDetails":"selenium.common.exceptions.SessionNotCreatedException: Message: Could not start a new session. New session request timed out \nHost info: host: 'selenium', ip: '172.18.0.2'\nBuild info: version: '4.24.0', revision: '748ffc9bc3'\nSystem info: os.name: 'Linux', os.arch: 'amd64', os.version: '6.5.0-1025-azure', java.version: '17.0.12'\nDriver info: driver.version: unknown\nStacktrace:\n    at org.openqa.selenium.grid.sessionqueue.local.LocalNewSessionQueue.addToQueue (LocalNewSessionQueue.java:221)\n    at org.openqa.selenium.grid.sessionqueue.NewSessionQueue.lambda$new$0 (NewSessionQueue.java:68)\n    at org.openqa.selenium.remote.http.Route$TemplatizedRoute.handle (Route.java:192)\n    at org.openqa.selenium.remote.http.Route.execute (Route.java:69)\n    at org.openqa.selenium.remote.http.Route$CombinedRoute.handle (Route.java:360)\n    at org.openqa.selenium.remote.http.Route.execute (Route.java:69)\n    at org.openqa.selenium.grid.sessionqueue.NewSessionQueue.execute (NewSessionQueue.java:128)\n    at org.openqa.selenium.remote.tracing.SpanWrappedHttpHandler.execute (SpanWrappedHttpHandler.java:87)\n    at org.openqa.selenium.remote.http.Filter$1.execute (Filter.java:63)\n    at org.openqa.selenium.remote.http.Route$CombinedRoute.handle (Route.java:360)\n    at org.openqa.selenium.remote.http.Route.execute (Route.java:69)\n    at org.openqa.selenium.grid.router.Router.execute (Router.java:87)\n    at org.openqa.selenium.grid.web.EnsureSpecCompliantResponseHeaders.lambda$apply$0 (EnsureSpecCompliantResponseHeaders.java:34)\n    at org.openqa.selenium.remote.http.Filter$1.execute (Filter.java:63)\n    at org.openqa.selenium.remote.http.Route$CombinedRoute.handle (Route.java:360)\n    at org.openqa.selenium.remote.http.Route.execute (Route.java:69)\n    at org.openqa.selenium.remote.AddWebDriverSpecHeaders.lambda$apply$0 (AddWebDriverSpecHeaders.java:35)\n    at org.openqa.selenium.remote.ErrorFilter.lambda$apply$0 (ErrorFilter.java:44)\n    at org.openqa.selenium.remote.http.Filter$1.execute (Filter.java:63)\n    at org.openqa.selenium.remote.ErrorFilter.lambda$apply$0 (ErrorFilter.java:44)\n    at org.openqa.selenium.remote.http.Filter$1.execute (Filter.java:63)\n    at org.openqa.selenium.netty.server.SeleniumHandler.lambda$channelRead0$0 (SeleniumHandler.java:44)\n    at java.util.concurrent.Executors$RunnableAdapter.call (Executors.java:539)\n    at java.util.concurrent.FutureTask.run (FutureTask.java:264)\n    at java.util.concurrent.ThreadPoolExecutor.runWorker (ThreadPoolExecutor.java:1136)\n    at java.util.concurrent.ThreadPoolExecutor$Worker.run (ThreadPoolExecutor.java:635)\n    at java.lang.Thread.run (Thread.java:840)","time":{"start":1725753829210,"stop":1725754129263,"duration":300053}},{"uid":"f1a0e2a73ca41f1b","reportUrl":"https://robbrad.github.io/UKBinCollectionData/3.12/2092//#testresult/f1a0e2a73ca41f1b","status":"failed","statusDetails":"selenium.common.exceptions.SessionNotCreatedException: Message: Could not start a new session. New session request timed out \nHost info: host: 'selenium', ip: '172.18.0.2'\nBuild info: version: '4.24.0', revision: '748ffc9bc3'\nSystem info: os.name: 'Linux', os.arch: 'amd64', os.version: '6.5.0-1025-azure', java.version: '17.0.12'\nDriver info: driver.version: unknown\nStacktrace:\n    at org.openqa.selenium.grid.sessionqueue.local.LocalNewSessionQueue.addToQueue (LocalNewSessionQueue.java:221)\n    at org.openqa.selenium.grid.sessionqueue.NewSessionQueue.lambda$new$0 (NewSessionQueue.java:68)\n    at org.openqa.selenium.remote.http.Route$TemplatizedRoute.handle (Route.java:192)\n    at org.openqa.selenium.remote.http.Route.execute (Route.java:69)\n    at org.openqa.selenium.remote.http.Route$CombinedRoute.handle (Route.java:360)\n    at org.openqa.selenium.remote.http.Route.execute (Route.java:69)\n    at org.openqa.selenium.grid.sessionqueue.NewSessionQueue.execute (NewSessionQueue.java:128)\n    at org.openqa.selenium.remote.tracing.SpanWrappedHttpHandler.execute (SpanWrappedHttpHandler.java:87)\n    at org.openqa.selenium.remote.http.Filter$1.execute (Filter.java:63)\n    at org.openqa.selenium.remote.http.Route$CombinedRoute.handle (Route.java:360)\n    at org.openqa.selenium.remote.http.Route.execute (Route.java:69)\n    at org.openqa.selenium.grid.router.Router.execute (Router.java:87)\n    at org.openqa.selenium.grid.web.EnsureSpecCompliantResponseHeaders.lambda$apply$0 (EnsureSpecCompliantResponseHeaders.java:34)\n    at org.openqa.selenium.remote.http.Filter$1.execute (Filter.java:63)\n    at org.openqa.selenium.remote.http.Route$CombinedRoute.handle (Route.java:360)\n    at org.openqa.selenium.remote.http.Route.execute (Route.java:69)\n    at org.openqa.selenium.remote.AddWebDriverSpecHeaders.lambda$apply$0 (AddWebDriverSpecHeaders.java:35)\n    at org.openqa.selenium.remote.ErrorFilter.lambda$apply$0 (ErrorFilter.java:44)\n    at org.openqa.selenium.remote.http.Filter$1.execute (Filter.java:63)\n    at org.openqa.selenium.remote.ErrorFilter.lambda$apply$0 (ErrorFilter.java:44)\n    at org.openqa.selenium.remote.http.Filter$1.execute (Filter.java:63)\n    at org.openqa.selenium.netty.server.SeleniumHandler.lambda$channelRead0$0 (SeleniumHandler.java:44)\n    at java.util.concurrent.Executors$RunnableAdapter.call (Executors.java:539)\n    at java.util.concurrent.FutureTask.run (FutureTask.java:264)\n    at java.util.concurrent.ThreadPoolExecutor.runWorker (ThreadPoolExecutor.java:1136)\n    at java.util.concurrent.ThreadPoolExecutor$Worker.run (ThreadPoolExecutor.java:635)\n    at java.lang.Thread.run (Thread.java:840)","time":{"start":1725667390162,"stop":1725667690314,"duration":300152}},{"uid":"d33a66b3e7aed60f","reportUrl":"https://robbrad.github.io/UKBinCollectionData/3.12/2088//#testresult/d33a66b3e7aed60f","status":"passed","time":{"start":1725580949871,"stop":1725581023969,"duration":74098}},{"uid":"12f25c45083fce29","reportUrl":"https://robbrad.github.io/UKBinCollectionData/3.12/2086//#testresult/12f25c45083fce29","status":"passed","time":{"start":1725568832377,"stop":1725568881040,"duration":48663}},{"uid":"786a7ee9902a5c88","reportUrl":"https://robbrad.github.io/UKBinCollectionData/3.12/2083//#testresult/786a7ee9902a5c88","status":"failed","statusDetails":"selenium.common.exceptions.SessionNotCreatedException: Message: Could not start a new session. New session request timed out \nHost info: host: 'selenium', ip: '172.18.0.2'\nBuild info: version: '4.24.0', revision: '748ffc9bc3'\nSystem info: os.name: 'Linux', os.arch: 'amd64', os.version: '6.5.0-1025-azure', java.version: '17.0.12'\nDriver info: driver.version: unknown\nStacktrace:\n    at org.openqa.selenium.grid.sessionqueue.local.LocalNewSessionQueue.addToQueue (LocalNewSessionQueue.java:221)\n    at org.openqa.selenium.grid.sessionqueue.NewSessionQueue.lambda$new$0 (NewSessionQueue.java:68)\n    at org.openqa.selenium.remote.http.Route$TemplatizedRoute.handle (Route.java:192)\n    at org.openqa.selenium.remote.http.Route.execute (Route.java:69)\n    at org.openqa.selenium.remote.http.Route$CombinedRoute.handle (Route.java:360)\n    at org.openqa.selenium.remote.http.Route.execute (Route.java:69)\n    at org.openqa.selenium.grid.sessionqueue.NewSessionQueue.execute (NewSessionQueue.java:128)\n    at org.openqa.selenium.remote.tracing.SpanWrappedHttpHandler.execute (SpanWrappedHttpHandler.java:87)\n    at org.openqa.selenium.remote.http.Filter$1.execute (Filter.java:63)\n    at org.openqa.selenium.remote.http.Route$CombinedRoute.handle (Route.java:360)\n    at org.openqa.selenium.remote.http.Route.execute (Route.java:69)\n    at org.openqa.selenium.grid.router.Router.execute (Router.java:87)\n    at org.openqa.selenium.grid.web.EnsureSpecCompliantResponseHeaders.lambda$apply$0 (EnsureSpecCompliantResponseHeaders.java:34)\n    at org.openqa.selenium.remote.http.Filter$1.execute (Filter.java:63)\n    at org.openqa.selenium.remote.http.Route$CombinedRoute.handle (Route.java:360)\n    at org.openqa.selenium.remote.http.Route.execute (Route.java:69)\n    at org.openqa.selenium.remote.AddWebDriverSpecHeaders.lambda$apply$0 (AddWebDriverSpecHeaders.java:35)\n    at org.openqa.selenium.remote.ErrorFilter.lambda$apply$0 (ErrorFilter.java:44)\n    at org.openqa.selenium.remote.http.Filter$1.execute (Filter.java:63)\n    at org.openqa.selenium.remote.ErrorFilter.lambda$apply$0 (ErrorFilter.java:44)\n    at org.openqa.selenium.remote.http.Filter$1.execute (Filter.java:63)\n    at org.openqa.selenium.netty.server.SeleniumHandler.lambda$channelRead0$0 (SeleniumHandler.java:44)\n    at java.util.concurrent.Executors$RunnableAdapter.call (Executors.java:539)\n    at java.util.concurrent.FutureTask.run (FutureTask.java:264)\n    at java.util.concurrent.ThreadPoolExecutor.runWorker (ThreadPoolExecutor.java:1136)\n    at java.util.concurrent.ThreadPoolExecutor$Worker.run (ThreadPoolExecutor.java:635)\n    at java.lang.Thread.run (Thread.java:840)","time":{"start":1725494566258,"stop":1725494866304,"duration":300046}},{"uid":"9ec1e0b42b6ac2e0","reportUrl":"https://robbrad.github.io/UKBinCollectionData/3.12/2082//#testresult/9ec1e0b42b6ac2e0","status":"failed","statusDetails":"selenium.common.exceptions.SessionNotCreatedException: Message: Could not start a new session. New session request timed out \nHost info: host: 'selenium', ip: '172.18.0.2'\nBuild info: version: '4.24.0', revision: '748ffc9bc3'\nSystem info: os.name: 'Linux', os.arch: 'amd64', os.version: '6.5.0-1025-azure', java.version: '17.0.12'\nDriver info: driver.version: unknown\nStacktrace:\n    at org.openqa.selenium.grid.sessionqueue.local.LocalNewSessionQueue.addToQueue (LocalNewSessionQueue.java:221)\n    at org.openqa.selenium.grid.sessionqueue.NewSessionQueue.lambda$new$0 (NewSessionQueue.java:68)\n    at org.openqa.selenium.remote.http.Route$TemplatizedRoute.handle (Route.java:192)\n    at org.openqa.selenium.remote.http.Route.execute (Route.java:69)\n    at org.openqa.selenium.remote.http.Route$CombinedRoute.handle (Route.java:360)\n    at org.openqa.selenium.remote.http.Route.execute (Route.java:69)\n    at org.openqa.selenium.grid.sessionqueue.NewSessionQueue.execute (NewSessionQueue.java:128)\n    at org.openqa.selenium.remote.tracing.SpanWrappedHttpHandler.execute (SpanWrappedHttpHandler.java:87)\n    at org.openqa.selenium.remote.http.Filter$1.execute (Filter.java:63)\n    at org.openqa.selenium.remote.http.Route$CombinedRoute.handle (Route.java:360)\n    at org.openqa.selenium.remote.http.Route.execute (Route.java:69)\n    at org.openqa.selenium.grid.router.Router.execute (Router.java:87)\n    at org.openqa.selenium.grid.web.EnsureSpecCompliantResponseHeaders.lambda$apply$0 (EnsureSpecCompliantResponseHeaders.java:34)\n    at org.openqa.selenium.remote.http.Filter$1.execute (Filter.java:63)\n    at org.openqa.selenium.remote.http.Route$CombinedRoute.handle (Route.java:360)\n    at org.openqa.selenium.remote.http.Route.execute (Route.java:69)\n    at org.openqa.selenium.remote.AddWebDriverSpecHeaders.lambda$apply$0 (AddWebDriverSpecHeaders.java:35)\n    at org.openqa.selenium.remote.ErrorFilter.lambda$apply$0 (ErrorFilter.java:44)\n    at org.openqa.selenium.remote.http.Filter$1.execute (Filter.java:63)\n    at org.openqa.selenium.remote.ErrorFilter.lambda$apply$0 (ErrorFilter.java:44)\n    at org.openqa.selenium.remote.http.Filter$1.execute (Filter.java:63)\n    at org.openqa.selenium.netty.server.SeleniumHandler.lambda$channelRead0$0 (SeleniumHandler.java:44)\n    at java.util.concurrent.Executors$RunnableAdapter.call (Executors.java:539)\n    at java.util.concurrent.FutureTask.run (FutureTask.java:264)\n    at java.util.concurrent.ThreadPoolExecutor.runWorker (ThreadPoolExecutor.java:1136)\n    at java.util.concurrent.ThreadPoolExecutor$Worker.run (ThreadPoolExecutor.java:635)\n    at java.lang.Thread.run (Thread.java:840)","time":{"start":1725429728431,"stop":1725430028485,"duration":300054}},{"uid":"755288d74a7a7397","reportUrl":"https://robbrad.github.io/UKBinCollectionData/3.12/2082//#testresult/755288d74a7a7397","status":"failed","statusDetails":"selenium.common.exceptions.SessionNotCreatedException: Message: Could not start a new session. New session request timed out \nHost info: host: 'selenium', ip: '172.18.0.2'\nBuild info: version: '4.24.0', revision: '748ffc9bc3'\nSystem info: os.name: 'Linux', os.arch: 'amd64', os.version: '6.5.0-1025-azure', java.version: '17.0.12'\nDriver info: driver.version: unknown\nStacktrace:\n    at org.openqa.selenium.grid.sessionqueue.local.LocalNewSessionQueue.addToQueue (LocalNewSessionQueue.java:221)\n    at org.openqa.selenium.grid.sessionqueue.NewSessionQueue.lambda$new$0 (NewSessionQueue.java:68)\n    at org.openqa.selenium.remote.http.Route$TemplatizedRoute.handle (Route.java:192)\n    at org.openqa.selenium.remote.http.Route.execute (Route.java:69)\n    at org.openqa.selenium.remote.http.Route$CombinedRoute.handle (Route.java:360)\n    at org.openqa.selenium.remote.http.Route.execute (Route.java:69)\n    at org.openqa.selenium.grid.sessionqueue.NewSessionQueue.execute (NewSessionQueue.java:128)\n    at org.openqa.selenium.remote.tracing.SpanWrappedHttpHandler.execute (SpanWrappedHttpHandler.java:87)\n    at org.openqa.selenium.remote.http.Filter$1.execute (Filter.java:63)\n    at org.openqa.selenium.remote.http.Route$CombinedRoute.handle (Route.java:360)\n    at org.openqa.selenium.remote.http.Route.execute (Route.java:69)\n    at org.openqa.selenium.grid.router.Router.execute (Router.java:87)\n    at org.openqa.selenium.grid.web.EnsureSpecCompliantResponseHeaders.lambda$apply$0 (EnsureSpecCompliantResponseHeaders.java:34)\n    at org.openqa.selenium.remote.http.Filter$1.execute (Filter.java:63)\n    at org.openqa.selenium.remote.http.Route$CombinedRoute.handle (Route.java:360)\n    at org.openqa.selenium.remote.http.Route.execute (Route.java:69)\n    at org.openqa.selenium.remote.AddWebDriverSpecHeaders.lambda$apply$0 (AddWebDriverSpecHeaders.java:35)\n    at org.openqa.selenium.remote.ErrorFilter.lambda$apply$0 (ErrorFilter.java:44)\n    at org.openqa.selenium.remote.http.Filter$1.execute (Filter.java:63)\n    at org.openqa.selenium.remote.ErrorFilter.lambda$apply$0 (ErrorFilter.java:44)\n    at org.openqa.selenium.remote.http.Filter$1.execute (Filter.java:63)\n    at org.openqa.selenium.netty.server.SeleniumHandler.lambda$channelRead0$0 (SeleniumHandler.java:44)\n    at java.util.concurrent.Executors$RunnableAdapter.call (Executors.java:539)\n    at java.util.concurrent.FutureTask.run (FutureTask.java:264)\n    at java.util.concurrent.ThreadPoolExecutor.runWorker (ThreadPoolExecutor.java:1136)\n    at java.util.concurrent.ThreadPoolExecutor$Worker.run (ThreadPoolExecutor.java:635)\n    at java.lang.Thread.run (Thread.java:840)","time":{"start":1725408224572,"stop":1725408524642,"duration":300070}},{"uid":"ba6e2ce1c3799371","reportUrl":"https://robbrad.github.io/UKBinCollectionData/3.12/2080//#testresult/ba6e2ce1c3799371","status":"passed","time":{"start":1725403335782,"stop":1725403386831,"duration":51049}},{"uid":"f4eafd8d75efc442","reportUrl":"https://robbrad.github.io/UKBinCollectionData/3.12/2073//#testresult/f4eafd8d75efc442","status":"passed","time":{"start":1725384280592,"stop":1725384331195,"duration":50603}},{"uid":"6da233bc924de13a","reportUrl":"https://robbrad.github.io/UKBinCollectionData/3.12/2070//#testresult/6da233bc924de13a","status":"passed","time":{"start":1725346490176,"stop":1725346540725,"duration":50549}},{"uid":"fabd7aa7174b7226","reportUrl":"https://robbrad.github.io/UKBinCollectionData/3.12/2069//#testresult/fabd7aa7174b7226","status":"passed","time":{"start":1725321757278,"stop":1725321769897,"duration":12619}},{"uid":"6f003950b07582f1","reportUrl":"https://robbrad.github.io/UKBinCollectionData/3.12/2068//#testresult/6f003950b07582f1","status":"passed","time":{"start":1725315680064,"stop":1725315727133,"duration":47069}},{"uid":"c5197661c6ed6622","reportUrl":"https://robbrad.github.io/UKBinCollectionData/3.12/2066//#testresult/c5197661c6ed6622","status":"passed","time":{"start":1725312423280,"stop":1725312473360,"duration":50080}},{"uid":"83f14d0902fc3643","reportUrl":"https://robbrad.github.io/UKBinCollectionData/3.12/2064//#testresult/83f14d0902fc3643","status":"failed","statusDetails":"selenium.common.exceptions.SessionNotCreatedException: Message: Could not start a new session. New session request timed out \nHost info: host: 'selenium', ip: '172.18.0.2'\nBuild info: version: '4.24.0', revision: '748ffc9bc3'\nSystem info: os.name: 'Linux', os.arch: 'amd64', os.version: '6.5.0-1025-azure', java.version: '17.0.12'\nDriver info: driver.version: unknown\nStacktrace:\n    at org.openqa.selenium.grid.sessionqueue.local.LocalNewSessionQueue.addToQueue (LocalNewSessionQueue.java:221)\n    at org.openqa.selenium.grid.sessionqueue.NewSessionQueue.lambda$new$0 (NewSessionQueue.java:68)\n    at org.openqa.selenium.remote.http.Route$TemplatizedRoute.handle (Route.java:192)\n    at org.openqa.selenium.remote.http.Route.execute (Route.java:69)\n    at org.openqa.selenium.remote.http.Route$CombinedRoute.handle (Route.java:360)\n    at org.openqa.selenium.remote.http.Route.execute (Route.java:69)\n    at org.openqa.selenium.grid.sessionqueue.NewSessionQueue.execute (NewSessionQueue.java:128)\n    at org.openqa.selenium.remote.tracing.SpanWrappedHttpHandler.execute (SpanWrappedHttpHandler.java:87)\n    at org.openqa.selenium.remote.http.Filter$1.execute (Filter.java:63)\n    at org.openqa.selenium.remote.http.Route$CombinedRoute.handle (Route.java:360)\n    at org.openqa.selenium.remote.http.Route.execute (Route.java:69)\n    at org.openqa.selenium.grid.router.Router.execute (Router.java:87)\n    at org.openqa.selenium.grid.web.EnsureSpecCompliantResponseHeaders.lambda$apply$0 (EnsureSpecCompliantResponseHeaders.java:34)\n    at org.openqa.selenium.remote.http.Filter$1.execute (Filter.java:63)\n    at org.openqa.selenium.remote.http.Route$CombinedRoute.handle (Route.java:360)\n    at org.openqa.selenium.remote.http.Route.execute (Route.java:69)\n    at org.openqa.selenium.remote.AddWebDriverSpecHeaders.lambda$apply$0 (AddWebDriverSpecHeaders.java:35)\n    at org.openqa.selenium.remote.ErrorFilter.lambda$apply$0 (ErrorFilter.java:44)\n    at org.openqa.selenium.remote.http.Filter$1.execute (Filter.java:63)\n    at org.openqa.selenium.remote.ErrorFilter.lambda$apply$0 (ErrorFilter.java:44)\n    at org.openqa.selenium.remote.http.Filter$1.execute (Filter.java:63)\n    at org.openqa.selenium.netty.server.SeleniumHandler.lambda$channelRead0$0 (SeleniumHandler.java:44)\n    at java.util.concurrent.Executors$RunnableAdapter.call (Executors.java:539)\n    at java.util.concurrent.FutureTask.run (FutureTask.java:264)\n    at java.util.concurrent.ThreadPoolExecutor.runWorker (ThreadPoolExecutor.java:1136)\n    at java.util.concurrent.ThreadPoolExecutor$Worker.run (ThreadPoolExecutor.java:635)\n    at java.lang.Thread.run (Thread.java:840)","time":{"start":1725310256648,"stop":1725310556706,"duration":300058}},{"uid":"a43ff83bebb53400","reportUrl":"https://robbrad.github.io/UKBinCollectionData/3.12/2060//#testresult/a43ff83bebb53400","status":"passed","time":{"start":1725307521513,"stop":1725307572800,"duration":51287}},{"uid":"6276cfbac9357313","reportUrl":"https://robbrad.github.io/UKBinCollectionData/3.12/2059//#testresult/6276cfbac9357313","status":"failed","statusDetails":"selenium.common.exceptions.SessionNotCreatedException: Message: Could not start a new session. New session request timed out \nHost info: host: 'selenium', ip: '172.18.0.2'\nBuild info: version: '4.24.0', revision: '748ffc9bc3'\nSystem info: os.name: 'Linux', os.arch: 'amd64', os.version: '6.5.0-1025-azure', java.version: '17.0.12'\nDriver info: driver.version: unknown\nStacktrace:\n    at org.openqa.selenium.grid.sessionqueue.local.LocalNewSessionQueue.addToQueue (LocalNewSessionQueue.java:221)\n    at org.openqa.selenium.grid.sessionqueue.NewSessionQueue.lambda$new$0 (NewSessionQueue.java:68)\n    at org.openqa.selenium.remote.http.Route$TemplatizedRoute.handle (Route.java:192)\n    at org.openqa.selenium.remote.http.Route.execute (Route.java:69)\n    at org.openqa.selenium.remote.http.Route$CombinedRoute.handle (Route.java:360)\n    at org.openqa.selenium.remote.http.Route.execute (Route.java:69)\n    at org.openqa.selenium.grid.sessionqueue.NewSessionQueue.execute (NewSessionQueue.java:128)\n    at org.openqa.selenium.remote.tracing.SpanWrappedHttpHandler.execute (SpanWrappedHttpHandler.java:87)\n    at org.openqa.selenium.remote.http.Filter$1.execute (Filter.java:63)\n    at org.openqa.selenium.remote.http.Route$CombinedRoute.handle (Route.java:360)\n    at org.openqa.selenium.remote.http.Route.execute (Route.java:69)\n    at org.openqa.selenium.grid.router.Router.execute (Router.java:87)\n    at org.openqa.selenium.grid.web.EnsureSpecCompliantResponseHeaders.lambda$apply$0 (EnsureSpecCompliantResponseHeaders.java:34)\n    at org.openqa.selenium.remote.http.Filter$1.execute (Filter.java:63)\n    at org.openqa.selenium.remote.http.Route$CombinedRoute.handle (Route.java:360)\n    at org.openqa.selenium.remote.http.Route.execute (Route.java:69)\n    at org.openqa.selenium.remote.AddWebDriverSpecHeaders.lambda$apply$0 (AddWebDriverSpecHeaders.java:35)\n    at org.openqa.selenium.remote.ErrorFilter.lambda$apply$0 (ErrorFilter.java:44)\n    at org.openqa.selenium.remote.http.Filter$1.execute (Filter.java:63)\n    at org.openqa.selenium.remote.ErrorFilter.lambda$apply$0 (ErrorFilter.java:44)\n    at org.openqa.selenium.remote.http.Filter$1.execute (Filter.java:63)\n    at org.openqa.selenium.netty.server.SeleniumHandler.lambda$channelRead0$0 (SeleniumHandler.java:44)\n    at java.util.concurrent.Executors$RunnableAdapter.call (Executors.java:539)\n    at java.util.concurrent.FutureTask.run (FutureTask.java:264)\n    at java.util.concurrent.ThreadPoolExecutor.runWorker (ThreadPoolExecutor.java:1136)\n    at java.util.concurrent.ThreadPoolExecutor$Worker.run (ThreadPoolExecutor.java:635)\n    at java.lang.Thread.run (Thread.java:840)","time":{"start":1725307367527,"stop":1725307667656,"duration":300129}},{"uid":"7ca164e7ba3182c1","reportUrl":"https://robbrad.github.io/UKBinCollectionData/3.12/2054//#testresult/7ca164e7ba3182c1","status":"failed","statusDetails":"selenium.common.exceptions.TimeoutException: Message: \nStacktrace:\n#0 0x558b5b46b8da <unknown>\n#1 0x558b5b139e50 <unknown>\n#2 0x558b5b189644 <unknown>\n#3 0x558b5b189931 <unknown>\n#4 0x558b5b1cf534 <unknown>\n#5 0x558b5b1ae4bd <unknown>\n#6 0x558b5b1cc9c6 <unknown>\n#7 0x558b5b1ae233 <unknown>\n#8 0x558b5b17c093 <unknown>\n#9 0x558b5b17d09e <unknown>\n#10 0x558b5b432b3b <unknown>\n#11 0x558b5b436af1 <unknown>\n#12 0x558b5b41e705 <unknown>\n#13 0x558b5b437662 <unknown>\n#14 0x558b5b4038df <unknown>\n#15 0x558b5b45a6d8 <unknown>\n#16 0x558b5b45a8a2 <unknown>\n#17 0x558b5b46a6cc <unknown>\n#18 0x7fc8b1b9fa94 <unknown>\n#19 0x7fc8b1c2ca34 __clone","time":{"start":1725235280078,"stop":1725235392835,"duration":112757}},{"uid":"edd7638b2173664c","reportUrl":"https://robbrad.github.io/UKBinCollectionData/3.12/2053//#testresult/edd7638b2173664c","status":"passed","time":{"start":1725148874258,"stop":1725148999706,"duration":125448}},{"uid":"d234c2c17c61ba0e","reportUrl":"https://robbrad.github.io/UKBinCollectionData/3.12/2052//#testresult/d234c2c17c61ba0e","status":"passed","time":{"start":1725062484717,"stop":1725062540135,"duration":55418}},{"uid":"25b9818da0d1b0f3","reportUrl":"https://robbrad.github.io/UKBinCollectionData/3.12/2051//#testresult/25b9818da0d1b0f3","status":"failed","statusDetails":"selenium.common.exceptions.TimeoutException: Message: \nStacktrace:\n#0 0x5607cde4c8da <unknown>\n#1 0x5607cdb1ae50 <unknown>\n#2 0x5607cdb6a644 <unknown>\n#3 0x5607cdb6a931 <unknown>\n#4 0x5607cdbb0534 <unknown>\n#5 0x5607cdb8f4bd <unknown>\n#6 0x5607cdbad9c6 <unknown>\n#7 0x5607cdb8f233 <unknown>\n#8 0x5607cdb5d093 <unknown>\n#9 0x5607cdb5e09e <unknown>\n#10 0x5607cde13b3b <unknown>\n#11 0x5607cde17af1 <unknown>\n#12 0x5607cddff705 <unknown>\n#13 0x5607cde18662 <unknown>\n#14 0x5607cdde48df <unknown>\n#15 0x5607cde3b6d8 <unknown>\n#16 0x5607cde3b8a2 <unknown>\n#17 0x5607cde4b6cc <unknown>\n#18 0x7f8018441a94 <unknown>\n#19 0x7f80184cea34 __clone","time":{"start":1724976077968,"stop":1724976162296,"duration":84328}}]},"tags":[]},"source":"7b9c3ac4a7fdf78.json","parameterValues":["CalderdaleCouncil"]}