{"uid":"998a66441e13099d","name":"Validate Council Output [NeathPortTalbotCouncil-http://selenium:4444-local]","fullName":"features/validate_council_outputs.feature:Validate Council Output","historyId":"68717d64a9b5b73045a4198b6f1e2a64","time":{"start":1701882577973,"stop":1701882582980,"duration":5007},"status":"failed","statusMessage":"selenium.common.exceptions.NoSuchElementException: Message: no such element: Unable to locate element: {\"method\":\"css selector\",\"selector\":\"[id=\"ContentPlaceHolderDefault_ctl13_nptLLPG2_25_addresslookup_txtTmpPostcode\"]\"}\n  (Session info: headless chrome=119.0.6045.159); For documentation on this error, please visit: https://www.selenium.dev/documentation/webdriver/troubleshooting/errors#no-such-element-exception\nStacktrace:\n#0 0x55fd7645f5e3 <unknown>\n#1 0x55fd761220b7 <unknown>\n#2 0x55fd7616ff53 <unknown>\n#3 0x55fd76170051 <unknown>\n#4 0x55fd761b59c4 <unknown>\n#5 0x55fd76196f1d <unknown>\n#6 0x55fd761b2b3d <unknown>\n#7 0x55fd76196cc3 <unknown>\n#8 0x55fd761620e4 <unknown>\n#9 0x55fd761630ae <unknown>\n#10 0x55fd76425ce1 <unknown>\n#11 0x55fd76429b7e <unknown>\n#12 0x55fd764134b5 <unknown>\n#13 0x55fd7642a7d6 <unknown>\n#14 0x55fd763f6dbf <unknown>\n#15 0x55fd7644d748 <unknown>\n#16 0x55fd7644d917 <unknown>\n#17 0x55fd7645e773 <unknown>\n#18 0x7fb4a2294ac3 <unknown>","statusTrace":"fixturefunc = <function scrape_step at 0x7fa1bd8a5080>\nrequest = <FixtureRequest for <Function test_scenario_outline[NeathPortTalbotCouncil-http://selenium:4444-local]>>\nkwargs = {'context': <test_validate_council.context.<locals>.Context object at 0x7fa1a9e17010>, 'council': 'NeathPortTalbotCouncil', 'selenium_mode': 'local', 'selenium_url': 'http://selenium:4444'}\n\n    def call_fixture_func(\n        fixturefunc: \"_FixtureFunc[FixtureValue]\", request: FixtureRequest, kwargs\n    ) -> FixtureValue:\n        if is_generator(fixturefunc):\n            fixturefunc = cast(\n                Callable[..., Generator[FixtureValue, None, None]], fixturefunc\n            )\n            generator = fixturefunc(**kwargs)\n            try:\n                fixture_result = next(generator)\n            except StopIteration:\n                raise ValueError(f\"{request.fixturename} did not yield a value\") from None\n            finalizer = functools.partial(_teardown_yield_fixture, fixturefunc, generator)\n            request.addfinalizer(finalizer)\n        else:\n            fixturefunc = cast(Callable[..., FixtureValue], fixturefunc)\n>           fixture_result = fixturefunc(**kwargs)\n\n../../../.cache/pypoetry/virtualenvs/uk-bin-collection-EwS6Gn8s-py3.11/lib/python3.11/site-packages/_pytest/fixtures.py:902: \n_ _ _ _ _ _ _ _ _ _ _ _ _ _ _ _ _ _ _ _ _ _ _ _ _ _ _ _ _ _ _ _ _ _ _ _ _ _ _ _ \nuk_bin_collection/tests/step_defs/test_validate_council.py:75: in scrape_step\n    raise (err)\nuk_bin_collection/tests/step_defs/test_validate_council.py:71: in scrape_step\n    context.parse_result = CollectData.run()\nuk_bin_collection/uk_bin_collection/collect_data.py:78: in run\n    return self.client_code(\nuk_bin_collection/uk_bin_collection/collect_data.py:65: in client_code\n    return get_bin_data_class.template_method(address_url, **kwargs)\nuk_bin_collection/uk_bin_collection/get_bin_data.py:71: in template_method\n    bin_data_dict = self.parse_data(\nuk_bin_collection/uk_bin_collection/councils/NeathPortTalbotCouncil.py:41: in parse_data\n    inputElement_postcode = driver.find_element(\n../../../.cache/pypoetry/virtualenvs/uk-bin-collection-EwS6Gn8s-py3.11/lib/python3.11/site-packages/selenium/webdriver/remote/webdriver.py:738: in find_element\n    return self.execute(Command.FIND_ELEMENT, {\"using\": by, \"value\": value})[\"value\"]\n../../../.cache/pypoetry/virtualenvs/uk-bin-collection-EwS6Gn8s-py3.11/lib/python3.11/site-packages/selenium/webdriver/remote/webdriver.py:344: in execute\n    self.error_handler.check_response(response)\n_ _ _ _ _ _ _ _ _ _ _ _ _ _ _ _ _ _ _ _ _ _ _ _ _ _ _ _ _ _ _ _ _ _ _ _ _ _ _ _ \n\nself = <selenium.webdriver.remote.errorhandler.ErrorHandler object at 0x7fa1a9edf3d0>\nresponse = {'status': 404, 'value': '{\"value\":{\"error\":\"no such element\",\"message\":\"no such element: Unable to locate element: {\\...\\\\n#16 0x55fd7644d917 \\\\u003Cunknown>\\\\n#17 0x55fd7645e773 \\\\u003Cunknown>\\\\n#18 0x7fb4a2294ac3 \\\\u003Cunknown>\\\\n\"}}'}\n\n    def check_response(self, response: Dict[str, Any]) -> None:\n        \"\"\"Checks that a JSON response from the WebDriver does not have an\n        error.\n    \n        :Args:\n         - response - The JSON response from the WebDriver server as a dictionary\n           object.\n    \n        :Raises: If the response contains an error message.\n        \"\"\"\n        status = response.get(\"status\", None)\n        if not status or status == ErrorCode.SUCCESS:\n            return\n        value = None\n        message = response.get(\"message\", \"\")\n        screen: str = response.get(\"screen\", \"\")\n        stacktrace = None\n        if isinstance(status, int):\n            value_json = response.get(\"value\", None)\n            if value_json and isinstance(value_json, str):\n                import json\n    \n                try:\n                    value = json.loads(value_json)\n                    if len(value) == 1:\n                        value = value[\"value\"]\n                    status = value.get(\"error\", None)\n                    if not status:\n                        status = value.get(\"status\", ErrorCode.UNKNOWN_ERROR)\n                        message = value.get(\"value\") or value.get(\"message\")\n                        if not isinstance(message, str):\n                            value = message\n                            message = message.get(\"message\")\n                    else:\n                        message = value.get(\"message\", None)\n                except ValueError:\n                    pass\n    \n        exception_class: Type[WebDriverException]\n        e = ErrorCode()\n        error_codes = [item for item in dir(e) if not item.startswith(\"__\")]\n        for error_code in error_codes:\n            error_info = getattr(ErrorCode, error_code)\n            if isinstance(error_info, list) and status in error_info:\n                exception_class = getattr(ExceptionMapping, error_code, WebDriverException)\n                break\n        else:\n            exception_class = WebDriverException\n    \n        if not value:\n            value = response[\"value\"]\n        if isinstance(value, str):\n            raise exception_class(value)\n        if message == \"\" and \"message\" in value:\n            message = value[\"message\"]\n    \n        screen = None  # type: ignore[assignment]\n        if \"screen\" in value:\n            screen = value[\"screen\"]\n    \n        stacktrace = None\n        st_value = value.get(\"stackTrace\") or value.get(\"stacktrace\")\n        if st_value:\n            if isinstance(st_value, str):\n                stacktrace = st_value.split(\"\\n\")\n            else:\n                stacktrace = []\n                try:\n                    for frame in st_value:\n                        line = frame.get(\"lineNumber\", \"\")\n                        file = frame.get(\"fileName\", \"<anonymous>\")\n                        if line:\n                            file = f\"{file}:{line}\"\n                        meth = frame.get(\"methodName\", \"<anonymous>\")\n                        if \"className\" in frame:\n                            meth = f\"{frame['className']}.{meth}\"\n                        msg = \"    at %s (%s)\"\n                        msg = msg % (meth, file)\n                        stacktrace.append(msg)\n                except TypeError:\n                    pass\n        if exception_class == UnexpectedAlertPresentException:\n            alert_text = None\n            if \"data\" in value:\n                alert_text = value[\"data\"].get(\"text\")\n            elif \"alert\" in value:\n                alert_text = value[\"alert\"].get(\"text\")\n            raise exception_class(message, screen, stacktrace, alert_text)  # type: ignore[call-arg]  # mypy is not smart enough here\n>       raise exception_class(message, screen, stacktrace)\nE       selenium.common.exceptions.NoSuchElementException: Message: no such element: Unable to locate element: {\"method\":\"css selector\",\"selector\":\"[id=\"ContentPlaceHolderDefault_ctl13_nptLLPG2_25_addresslookup_txtTmpPostcode\"]\"}\nE         (Session info: headless chrome=119.0.6045.159); For documentation on this error, please visit: https://www.selenium.dev/documentation/webdriver/troubleshooting/errors#no-such-element-exception\nE       Stacktrace:\nE       #0 0x55fd7645f5e3 <unknown>\nE       #1 0x55fd761220b7 <unknown>\nE       #2 0x55fd7616ff53 <unknown>\nE       #3 0x55fd76170051 <unknown>\nE       #4 0x55fd761b59c4 <unknown>\nE       #5 0x55fd76196f1d <unknown>\nE       #6 0x55fd761b2b3d <unknown>\nE       #7 0x55fd76196cc3 <unknown>\nE       #8 0x55fd761620e4 <unknown>\nE       #9 0x55fd761630ae <unknown>\nE       #10 0x55fd76425ce1 <unknown>\nE       #11 0x55fd76429b7e <unknown>\nE       #12 0x55fd764134b5 <unknown>\nE       #13 0x55fd7642a7d6 <unknown>\nE       #14 0x55fd763f6dbf <unknown>\nE       #15 0x55fd7644d748 <unknown>\nE       #16 0x55fd7644d917 <unknown>\nE       #17 0x55fd7645e773 <unknown>\nE       #18 0x7fb4a2294ac3 <unknown>\n\n../../../.cache/pypoetry/virtualenvs/uk-bin-collection-EwS6Gn8s-py3.11/lib/python3.11/site-packages/selenium/webdriver/remote/errorhandler.py:229: NoSuchElementException","flaky":false,"newFailed":false,"newBroken":false,"newPassed":false,"retriesCount":0,"retriesStatusChange":false,"beforeStages":[],"testStage":{"status":"failed","statusMessage":"selenium.common.exceptions.NoSuchElementException: Message: no such element: Unable to locate element: {\"method\":\"css selector\",\"selector\":\"[id=\"ContentPlaceHolderDefault_ctl13_nptLLPG2_25_addresslookup_txtTmpPostcode\"]\"}\n  (Session info: headless chrome=119.0.6045.159); For documentation on this error, please visit: https://www.selenium.dev/documentation/webdriver/troubleshooting/errors#no-such-element-exception\nStacktrace:\n#0 0x55fd7645f5e3 <unknown>\n#1 0x55fd761220b7 <unknown>\n#2 0x55fd7616ff53 <unknown>\n#3 0x55fd76170051 <unknown>\n#4 0x55fd761b59c4 <unknown>\n#5 0x55fd76196f1d <unknown>\n#6 0x55fd761b2b3d <unknown>\n#7 0x55fd76196cc3 <unknown>\n#8 0x55fd761620e4 <unknown>\n#9 0x55fd761630ae <unknown>\n#10 0x55fd76425ce1 <unknown>\n#11 0x55fd76429b7e <unknown>\n#12 0x55fd764134b5 <unknown>\n#13 0x55fd7642a7d6 <unknown>\n#14 0x55fd763f6dbf <unknown>\n#15 0x55fd7644d748 <unknown>\n#16 0x55fd7644d917 <unknown>\n#17 0x55fd7645e773 <unknown>\n#18 0x7fb4a2294ac3 <unknown>","statusTrace":"fixturefunc = <function scrape_step at 0x7fa1bd8a5080>\nrequest = <FixtureRequest for <Function test_scenario_outline[NeathPortTalbotCouncil-http://selenium:4444-local]>>\nkwargs = {'context': <test_validate_council.context.<locals>.Context object at 0x7fa1a9e17010>, 'council': 'NeathPortTalbotCouncil', 'selenium_mode': 'local', 'selenium_url': 'http://selenium:4444'}\n\n    def call_fixture_func(\n        fixturefunc: \"_FixtureFunc[FixtureValue]\", request: FixtureRequest, kwargs\n    ) -> FixtureValue:\n        if is_generator(fixturefunc):\n            fixturefunc = cast(\n                Callable[..., Generator[FixtureValue, None, None]], fixturefunc\n            )\n            generator = fixturefunc(**kwargs)\n            try:\n                fixture_result = next(generator)\n            except StopIteration:\n                raise ValueError(f\"{request.fixturename} did not yield a value\") from None\n            finalizer = functools.partial(_teardown_yield_fixture, fixturefunc, generator)\n            request.addfinalizer(finalizer)\n        else:\n            fixturefunc = cast(Callable[..., FixtureValue], fixturefunc)\n>           fixture_result = fixturefunc(**kwargs)\n\n../../../.cache/pypoetry/virtualenvs/uk-bin-collection-EwS6Gn8s-py3.11/lib/python3.11/site-packages/_pytest/fixtures.py:902: \n_ _ _ _ _ _ _ _ _ _ _ _ _ _ _ _ _ _ _ _ _ _ _ _ _ _ _ _ _ _ _ _ _ _ _ _ _ _ _ _ \nuk_bin_collection/tests/step_defs/test_validate_council.py:75: in scrape_step\n    raise (err)\nuk_bin_collection/tests/step_defs/test_validate_council.py:71: in scrape_step\n    context.parse_result = CollectData.run()\nuk_bin_collection/uk_bin_collection/collect_data.py:78: in run\n    return self.client_code(\nuk_bin_collection/uk_bin_collection/collect_data.py:65: in client_code\n    return get_bin_data_class.template_method(address_url, **kwargs)\nuk_bin_collection/uk_bin_collection/get_bin_data.py:71: in template_method\n    bin_data_dict = self.parse_data(\nuk_bin_collection/uk_bin_collection/councils/NeathPortTalbotCouncil.py:41: in parse_data\n    inputElement_postcode = driver.find_element(\n../../../.cache/pypoetry/virtualenvs/uk-bin-collection-EwS6Gn8s-py3.11/lib/python3.11/site-packages/selenium/webdriver/remote/webdriver.py:738: in find_element\n    return self.execute(Command.FIND_ELEMENT, {\"using\": by, \"value\": value})[\"value\"]\n../../../.cache/pypoetry/virtualenvs/uk-bin-collection-EwS6Gn8s-py3.11/lib/python3.11/site-packages/selenium/webdriver/remote/webdriver.py:344: in execute\n    self.error_handler.check_response(response)\n_ _ _ _ _ _ _ _ _ _ _ _ _ _ _ _ _ _ _ _ _ _ _ _ _ _ _ _ _ _ _ _ _ _ _ _ _ _ _ _ \n\nself = <selenium.webdriver.remote.errorhandler.ErrorHandler object at 0x7fa1a9edf3d0>\nresponse = {'status': 404, 'value': '{\"value\":{\"error\":\"no such element\",\"message\":\"no such element: Unable to locate element: {\\...\\\\n#16 0x55fd7644d917 \\\\u003Cunknown>\\\\n#17 0x55fd7645e773 \\\\u003Cunknown>\\\\n#18 0x7fb4a2294ac3 \\\\u003Cunknown>\\\\n\"}}'}\n\n    def check_response(self, response: Dict[str, Any]) -> None:\n        \"\"\"Checks that a JSON response from the WebDriver does not have an\n        error.\n    \n        :Args:\n         - response - The JSON response from the WebDriver server as a dictionary\n           object.\n    \n        :Raises: If the response contains an error message.\n        \"\"\"\n        status = response.get(\"status\", None)\n        if not status or status == ErrorCode.SUCCESS:\n            return\n        value = None\n        message = response.get(\"message\", \"\")\n        screen: str = response.get(\"screen\", \"\")\n        stacktrace = None\n        if isinstance(status, int):\n            value_json = response.get(\"value\", None)\n            if value_json and isinstance(value_json, str):\n                import json\n    \n                try:\n                    value = json.loads(value_json)\n                    if len(value) == 1:\n                        value = value[\"value\"]\n                    status = value.get(\"error\", None)\n                    if not status:\n                        status = value.get(\"status\", ErrorCode.UNKNOWN_ERROR)\n                        message = value.get(\"value\") or value.get(\"message\")\n                        if not isinstance(message, str):\n                            value = message\n                            message = message.get(\"message\")\n                    else:\n                        message = value.get(\"message\", None)\n                except ValueError:\n                    pass\n    \n        exception_class: Type[WebDriverException]\n        e = ErrorCode()\n        error_codes = [item for item in dir(e) if not item.startswith(\"__\")]\n        for error_code in error_codes:\n            error_info = getattr(ErrorCode, error_code)\n            if isinstance(error_info, list) and status in error_info:\n                exception_class = getattr(ExceptionMapping, error_code, WebDriverException)\n                break\n        else:\n            exception_class = WebDriverException\n    \n        if not value:\n            value = response[\"value\"]\n        if isinstance(value, str):\n            raise exception_class(value)\n        if message == \"\" and \"message\" in value:\n            message = value[\"message\"]\n    \n        screen = None  # type: ignore[assignment]\n        if \"screen\" in value:\n            screen = value[\"screen\"]\n    \n        stacktrace = None\n        st_value = value.get(\"stackTrace\") or value.get(\"stacktrace\")\n        if st_value:\n            if isinstance(st_value, str):\n                stacktrace = st_value.split(\"\\n\")\n            else:\n                stacktrace = []\n                try:\n                    for frame in st_value:\n                        line = frame.get(\"lineNumber\", \"\")\n                        file = frame.get(\"fileName\", \"<anonymous>\")\n                        if line:\n                            file = f\"{file}:{line}\"\n                        meth = frame.get(\"methodName\", \"<anonymous>\")\n                        if \"className\" in frame:\n                            meth = f\"{frame['className']}.{meth}\"\n                        msg = \"    at %s (%s)\"\n                        msg = msg % (meth, file)\n                        stacktrace.append(msg)\n                except TypeError:\n                    pass\n        if exception_class == UnexpectedAlertPresentException:\n            alert_text = None\n            if \"data\" in value:\n                alert_text = value[\"data\"].get(\"text\")\n            elif \"alert\" in value:\n                alert_text = value[\"alert\"].get(\"text\")\n            raise exception_class(message, screen, stacktrace, alert_text)  # type: ignore[call-arg]  # mypy is not smart enough here\n>       raise exception_class(message, screen, stacktrace)\nE       selenium.common.exceptions.NoSuchElementException: Message: no such element: Unable to locate element: {\"method\":\"css selector\",\"selector\":\"[id=\"ContentPlaceHolderDefault_ctl13_nptLLPG2_25_addresslookup_txtTmpPostcode\"]\"}\nE         (Session info: headless chrome=119.0.6045.159); For documentation on this error, please visit: https://www.selenium.dev/documentation/webdriver/troubleshooting/errors#no-such-element-exception\nE       Stacktrace:\nE       #0 0x55fd7645f5e3 <unknown>\nE       #1 0x55fd761220b7 <unknown>\nE       #2 0x55fd7616ff53 <unknown>\nE       #3 0x55fd76170051 <unknown>\nE       #4 0x55fd761b59c4 <unknown>\nE       #5 0x55fd76196f1d <unknown>\nE       #6 0x55fd761b2b3d <unknown>\nE       #7 0x55fd76196cc3 <unknown>\nE       #8 0x55fd761620e4 <unknown>\nE       #9 0x55fd761630ae <unknown>\nE       #10 0x55fd76425ce1 <unknown>\nE       #11 0x55fd76429b7e <unknown>\nE       #12 0x55fd764134b5 <unknown>\nE       #13 0x55fd7642a7d6 <unknown>\nE       #14 0x55fd763f6dbf <unknown>\nE       #15 0x55fd7644d748 <unknown>\nE       #16 0x55fd7644d917 <unknown>\nE       #17 0x55fd7645e773 <unknown>\nE       #18 0x7fb4a2294ac3 <unknown>\n\n../../../.cache/pypoetry/virtualenvs/uk-bin-collection-EwS6Gn8s-py3.11/lib/python3.11/site-packages/selenium/webdriver/remote/errorhandler.py:229: NoSuchElementException","steps":[{"name":"Given the council: NeathPortTalbotCouncil","time":{"start":1701882577973,"stop":1701882577974,"duration":1},"status":"passed","steps":[],"attachments":[],"parameters":[],"shouldDisplayMessage":false,"stepsCount":0,"attachmentsCount":0,"hasContent":false,"attachmentStep":false},{"name":"When we scrape the data from NeathPortTalbotCouncil using local and the http://selenium:4444 is set","time":{"start":1701882577974,"stop":1701882582980,"duration":5006},"status":"failed","statusMessage":"Message: no such element: Unable to locate element: {\"method\":\"css selector\",\"selector\":\"[id=\"ContentPlaceHolderDefault_ctl13_nptLLPG2_25_addresslookup_txtTmpPostcode\"]\"}\n  (Session info: headless chrome=119.0.6045.159); For documentation on this error, please visit: https://www.selenium.dev/documentation/webdriver/troubleshooting/errors#no-such-element-exception\nStacktrace:\n#0 0x55fd7645f5e3 <unknown>\n#1 0x55fd761220b7 <unknown>\n#2 0x55fd7616ff53 <unknown>\n#3 0x55fd76170051 <unknown>\n#4 0x55fd761b59c4 <unknown>\n#5 0x55fd76196f1d <unknown>\n#6 0x55fd761b2b3d <unknown>\n#7 0x55fd76196cc3 <unknown>\n#8 0x55fd761620e4 <unknown>\n#9 0x55fd761630ae <unknown>\n#10 0x55fd76425ce1 <unknown>\n#11 0x55fd76429b7e <unknown>\n#12 0x55fd764134b5 <unknown>\n#13 0x55fd7642a7d6 <unknown>\n#14 0x55fd763f6dbf <unknown>\n#15 0x55fd7644d748 <unknown>\n#16 0x55fd7644d917 <unknown>\n#17 0x55fd7645e773 <unknown>\n#18 0x7fb4a2294ac3 <unknown>\n","statusTrace":"selenium.common.exceptions.NoSuchElementException: Message: no such element: Unable to locate element: {\"method\":\"css selector\",\"selector\":\"[id=\"ContentPlaceHolderDefault_ctl13_nptLLPG2_25_addresslookup_txtTmpPostcode\"]\"}\n  (Session info: headless chrome=119.0.6045.159); For documentation on this error, please visit: https://www.selenium.dev/documentation/webdriver/troubleshooting/errors#no-such-element-exception\nStacktrace:\n#0 0x55fd7645f5e3 <unknown>\n#1 0x55fd761220b7 <unknown>\n#2 0x55fd7616ff53 <unknown>\n#3 0x55fd76170051 <unknown>\n#4 0x55fd761b59c4 <unknown>\n#5 0x55fd76196f1d <unknown>\n#6 0x55fd761b2b3d <unknown>\n#7 0x55fd76196cc3 <unknown>\n#8 0x55fd761620e4 <unknown>\n#9 0x55fd761630ae <unknown>\n#10 0x55fd76425ce1 <unknown>\n#11 0x55fd76429b7e <unknown>\n#12 0x55fd764134b5 <unknown>\n#13 0x55fd7642a7d6 <unknown>\n#14 0x55fd763f6dbf <unknown>\n#15 0x55fd7644d748 <unknown>\n#16 0x55fd7644d917 <unknown>\n#17 0x55fd7645e773 <unknown>\n#18 0x7fb4a2294ac3 <unknown>\n\n","steps":[],"attachments":[],"parameters":[],"shouldDisplayMessage":true,"stepsCount":0,"attachmentsCount":0,"hasContent":true,"attachmentStep":false}],"attachments":[],"parameters":[],"shouldDisplayMessage":true,"stepsCount":2,"attachmentsCount":0,"hasContent":true,"attachmentStep":false},"afterStages":[],"labels":[{"name":"host","value":"fv-az698-253"},{"name":"thread","value":"2727-MainThread"},{"name":"framework","value":"pytest-bdd"},{"name":"language","value":"cpython3"},{"name":"feature","value":"Test each council output matches expected results"},{"name":"resultFormat","value":"allure2"}],"parameters":[{"name":"council","value":"NeathPortTalbotCouncil"},{"name":"selenium_mode","value":"local"},{"name":"selenium_url","value":"http://selenium:4444"}],"links":[],"hidden":false,"retry":false,"extra":{"severity":"normal","retries":[],"categories":[{"name":"Product defects","matchedStatuses":[],"flaky":false}],"history":{"statistic":{"failed":41,"broken":0,"skipped":0,"passed":14,"unknown":0,"total":55},"items":[{"uid":"323aafb947b2091f","reportUrl":"https://robbrad.github.io/UKBinCollectionData/3.11/1199//#testresult/323aafb947b2091f","status":"failed","statusDetails":"selenium.common.exceptions.ElementClickInterceptedException: Message: element click intercepted: Element is not clickable at point (589, 642)\n  (Session info: headless chrome=119.0.6045.159)\nStacktrace:\n#0 0x55e177be55e3 <unknown>\n#1 0x55e1778a80b7 <unknown>\n#2 0x55e1778fdcfc <unknown>\n#3 0x55e1778fb65f <unknown>\n#4 0x55e1778f8be4 <unknown>\n#5 0x55e1778f7934 <unknown>\n#6 0x55e1778ea1a0 <unknown>\n#7 0x55e17791cef2 <unknown>\n#8 0x55e1778e9a02 <unknown>\n#9 0x55e17791d0be <unknown>\n#10 0x55e177938b3d <unknown>\n#11 0x55e17791ccc3 <unknown>\n#12 0x55e1778e80e4 <unknown>\n#13 0x55e1778e90ae <unknown>\n#14 0x55e177babce1 <unknown>\n#15 0x55e177bafb7e <unknown>\n#16 0x55e177b994b5 <unknown>\n#17 0x55e177bb07d6 <unknown>\n#18 0x55e177b7cdbf <unknown>\n#19 0x55e177bd3748 <unknown>\n#20 0x55e177bd3917 <unknown>\n#21 0x55e177be4773 <unknown>\n#22 0x7ff3f0294ac3 <unknown>","time":{"start":1701825559655,"stop":1701825563430,"duration":3775}},{"uid":"91e9c23e2c559eb5","reportUrl":"https://robbrad.github.io/UKBinCollectionData/3.11/1198//#testresult/91e9c23e2c559eb5","status":"failed","statusDetails":"selenium.common.exceptions.NoSuchElementException: Message: no such element: Unable to locate element: {\"method\":\"css selector\",\"selector\":\"[id=\"ContentPlaceHolderDefault_ctl13_nptLLPG2_25_addresslookup_txtTmpPostcode\"]\"}\n  (Session info: headless chrome=119.0.6045.159); For documentation on this error, please visit: https://www.selenium.dev/documentation/webdriver/troubleshooting/errors#no-such-element-exception\nStacktrace:\n#0 0x5616194f65e3 <unknown>\n#1 0x5616191b90b7 <unknown>\n#2 0x561619206f53 <unknown>\n#3 0x561619207051 <unknown>\n#4 0x56161924c9c4 <unknown>\n#5 0x56161922df1d <unknown>\n#6 0x561619249b3d <unknown>\n#7 0x56161922dcc3 <unknown>\n#8 0x5616191f90e4 <unknown>\n#9 0x5616191fa0ae <unknown>\n#10 0x5616194bcce1 <unknown>\n#11 0x5616194c0b7e <unknown>\n#12 0x5616194aa4b5 <unknown>\n#13 0x5616194c17d6 <unknown>\n#14 0x56161948ddbf <unknown>\n#15 0x5616194e4748 <unknown>\n#16 0x5616194e4917 <unknown>\n#17 0x5616194f5773 <unknown>\n#18 0x7f260d494ac3 <unknown>","time":{"start":1701795535817,"stop":1701795539160,"duration":3343}},{"uid":"2a92964511150275","reportUrl":"https://robbrad.github.io/UKBinCollectionData/3.11/1197//#testresult/2a92964511150275","status":"failed","statusDetails":"selenium.common.exceptions.ElementClickInterceptedException: Message: element click intercepted: Element is not clickable at point (589, 642)\n  (Session info: headless chrome=119.0.6045.159)\nStacktrace:\n#0 0x559e32df95e3 <unknown>\n#1 0x559e32abc0b7 <unknown>\n#2 0x559e32b11cfc <unknown>\n#3 0x559e32b0f65f <unknown>\n#4 0x559e32b0cbe4 <unknown>\n#5 0x559e32b0b934 <unknown>\n#6 0x559e32afe1a0 <unknown>\n#7 0x559e32b30ef2 <unknown>\n#8 0x559e32afda02 <unknown>\n#9 0x559e32b310be <unknown>\n#10 0x559e32b4cb3d <unknown>\n#11 0x559e32b30cc3 <unknown>\n#12 0x559e32afc0e4 <unknown>\n#13 0x559e32afd0ae <unknown>\n#14 0x559e32dbfce1 <unknown>\n#15 0x559e32dc3b7e <unknown>\n#16 0x559e32dad4b5 <unknown>\n#17 0x559e32dc47d6 <unknown>\n#18 0x559e32d90dbf <unknown>\n#19 0x559e32de7748 <unknown>\n#20 0x559e32de7917 <unknown>\n#21 0x559e32df8773 <unknown>\n#22 0x7f357b494ac3 <unknown>","time":{"start":1701795529267,"stop":1701795533817,"duration":4550}},{"uid":"2dd5d0ea1c517bd5","reportUrl":"https://robbrad.github.io/UKBinCollectionData/3.11/1193//#testresult/2dd5d0ea1c517bd5","status":"failed","statusDetails":"selenium.common.exceptions.NoSuchElementException: Message: no such element: Unable to locate element: {\"method\":\"css selector\",\"selector\":\"[id=\"ContentPlaceHolderDefault_ctl13_nptLLPG2_25_addresslookup_txtTmpPostcode\"]\"}\n  (Session info: headless chrome=119.0.6045.159); For documentation on this error, please visit: https://www.selenium.dev/documentation/webdriver/troubleshooting/errors#no-such-element-exception\nStacktrace:\n#0 0x556b723265e3 <unknown>\n#1 0x556b71fe90b7 <unknown>\n#2 0x556b72036f53 <unknown>\n#3 0x556b72037051 <unknown>\n#4 0x556b7207c9c4 <unknown>\n#5 0x556b7205df1d <unknown>\n#6 0x556b72079b3d <unknown>\n#7 0x556b7205dcc3 <unknown>\n#8 0x556b720290e4 <unknown>\n#9 0x556b7202a0ae <unknown>\n#10 0x556b722ecce1 <unknown>\n#11 0x556b722f0b7e <unknown>\n#12 0x556b722da4b5 <unknown>\n#13 0x556b722f17d6 <unknown>\n#14 0x556b722bddbf <unknown>\n#15 0x556b72314748 <unknown>\n#16 0x556b72314917 <unknown>\n#17 0x556b72325773 <unknown>\n#18 0x7ff036894ac3 <unknown>","time":{"start":1701758533101,"stop":1701758538496,"duration":5395}},{"uid":"8457910e2047a976","reportUrl":"https://robbrad.github.io/UKBinCollectionData/3.11/1192//#testresult/8457910e2047a976","status":"failed","statusDetails":"selenium.common.exceptions.NoSuchElementException: Message: no such element: Unable to locate element: {\"method\":\"css selector\",\"selector\":\"[id=\"ContentPlaceHolderDefault_ctl13_nptLLPG2_25_addresslookup_txtTmpPostcode\"]\"}\n  (Session info: headless chrome=119.0.6045.159); For documentation on this error, please visit: https://www.selenium.dev/documentation/webdriver/troubleshooting/errors#no-such-element-exception\nStacktrace:\n#0 0x55bd45d605e3 <unknown>\n#1 0x55bd45a230b7 <unknown>\n#2 0x55bd45a70f53 <unknown>\n#3 0x55bd45a71051 <unknown>\n#4 0x55bd45ab69c4 <unknown>\n#5 0x55bd45a97f1d <unknown>\n#6 0x55bd45ab3b3d <unknown>\n#7 0x55bd45a97cc3 <unknown>\n#8 0x55bd45a630e4 <unknown>\n#9 0x55bd45a640ae <unknown>\n#10 0x55bd45d26ce1 <unknown>\n#11 0x55bd45d2ab7e <unknown>\n#12 0x55bd45d144b5 <unknown>\n#13 0x55bd45d2b7d6 <unknown>\n#14 0x55bd45cf7dbf <unknown>\n#15 0x55bd45d4e748 <unknown>\n#16 0x55bd45d4e917 <unknown>\n#17 0x55bd45d5f773 <unknown>\n#18 0x7fd970294ac3 <unknown>","time":{"start":1701758511485,"stop":1701758514899,"duration":3414}},{"uid":"6b9e62771a1b5aa1","reportUrl":"https://robbrad.github.io/UKBinCollectionData/3.11/1191//#testresult/6b9e62771a1b5aa1","status":"failed","statusDetails":"selenium.common.exceptions.NoSuchElementException: Message: no such element: Unable to locate element: {\"method\":\"css selector\",\"selector\":\"[id=\"ContentPlaceHolderDefault_ctl13_nptLLPG2_25_addresslookup_txtTmpPostcode\"]\"}\n  (Session info: headless chrome=119.0.6045.159); For documentation on this error, please visit: https://www.selenium.dev/documentation/webdriver/troubleshooting/errors#no-such-element-exception\nStacktrace:\n#0 0x55b03f48a5e3 <unknown>\n#1 0x55b03f14d0b7 <unknown>\n#2 0x55b03f19af53 <unknown>\n#3 0x55b03f19b051 <unknown>\n#4 0x55b03f1e09c4 <unknown>\n#5 0x55b03f1c1f1d <unknown>\n#6 0x55b03f1ddb3d <unknown>\n#7 0x55b03f1c1cc3 <unknown>\n#8 0x55b03f18d0e4 <unknown>\n#9 0x55b03f18e0ae <unknown>\n#10 0x55b03f450ce1 <unknown>\n#11 0x55b03f454b7e <unknown>\n#12 0x55b03f43e4b5 <unknown>\n#13 0x55b03f4557d6 <unknown>\n#14 0x55b03f421dbf <unknown>\n#15 0x55b03f478748 <unknown>\n#16 0x55b03f478917 <unknown>\n#17 0x55b03f489773 <unknown>\n#18 0x7f1aad294ac3 <unknown>","time":{"start":1701739173289,"stop":1701739176655,"duration":3366}},{"uid":"35eab465308adb8d","reportUrl":"https://robbrad.github.io/UKBinCollectionData/3.11/1187//#testresult/35eab465308adb8d","status":"failed","statusDetails":"selenium.common.exceptions.NoSuchElementException: Message: no such element: Unable to locate element: {\"method\":\"css selector\",\"selector\":\"[id=\"ContentPlaceHolderDefault_ctl13_nptLLPG2_25_addresslookup_txtTmpPostcode\"]\"}\n  (Session info: headless chrome=119.0.6045.159); For documentation on this error, please visit: https://www.selenium.dev/documentation/webdriver/troubleshooting/errors#no-such-element-exception\nStacktrace:\n#0 0x55b1baa5c5e3 <unknown>\n#1 0x55b1ba71f0b7 <unknown>\n#2 0x55b1ba76cf53 <unknown>\n#3 0x55b1ba76d051 <unknown>\n#4 0x55b1ba7b29c4 <unknown>\n#5 0x55b1ba793f1d <unknown>\n#6 0x55b1ba7afb3d <unknown>\n#7 0x55b1ba793cc3 <unknown>\n#8 0x55b1ba75f0e4 <unknown>\n#9 0x55b1ba7600ae <unknown>\n#10 0x55b1baa22ce1 <unknown>\n#11 0x55b1baa26b7e <unknown>\n#12 0x55b1baa104b5 <unknown>\n#13 0x55b1baa277d6 <unknown>\n#14 0x55b1ba9f3dbf <unknown>\n#15 0x55b1baa4a748 <unknown>\n#16 0x55b1baa4a917 <unknown>\n#17 0x55b1baa5b773 <unknown>\n#18 0x7f5a8c094ac3 <unknown>","time":{"start":1701714345331,"stop":1701714349450,"duration":4119}},{"uid":"4e318bd24a19fa5e","reportUrl":"https://robbrad.github.io/UKBinCollectionData/3.11/1184//#testresult/4e318bd24a19fa5e","status":"failed","statusDetails":"selenium.common.exceptions.NoSuchElementException: Message: no such element: Unable to locate element: {\"method\":\"css selector\",\"selector\":\"[id=\"ContentPlaceHolderDefault_ctl13_nptLLPG2_25_addresslookup_txtTmpPostcode\"]\"}\n  (Session info: headless chrome=119.0.6045.159); For documentation on this error, please visit: https://www.selenium.dev/documentation/webdriver/troubleshooting/errors#no-such-element-exception\nStacktrace:\n#0 0x5624648db5e3 <unknown>\n#1 0x56246459e0b7 <unknown>\n#2 0x5624645ebf53 <unknown>\n#3 0x5624645ec051 <unknown>\n#4 0x5624646319c4 <unknown>\n#5 0x562464612f1d <unknown>\n#6 0x56246462eb3d <unknown>\n#7 0x562464612cc3 <unknown>\n#8 0x5624645de0e4 <unknown>\n#9 0x5624645df0ae <unknown>\n#10 0x5624648a1ce1 <unknown>\n#11 0x5624648a5b7e <unknown>\n#12 0x56246488f4b5 <unknown>\n#13 0x5624648a67d6 <unknown>\n#14 0x562464872dbf <unknown>\n#15 0x5624648c9748 <unknown>\n#16 0x5624648c9917 <unknown>\n#17 0x5624648da773 <unknown>\n#18 0x7f5f87a94ac3 <unknown>","time":{"start":1701652750741,"stop":1701652754404,"duration":3663}},{"uid":"83fea9e3ed63ef9a","reportUrl":"https://robbrad.github.io/UKBinCollectionData/3.11/1183//#testresult/83fea9e3ed63ef9a","status":"failed","statusDetails":"selenium.common.exceptions.NoSuchElementException: Message: no such element: Unable to locate element: {\"method\":\"css selector\",\"selector\":\"[id=\"ContentPlaceHolderDefault_ctl13_nptLLPG2_25_addresslookup_txtTmpPostcode\"]\"}\n  (Session info: headless chrome=119.0.6045.159); For documentation on this error, please visit: https://www.selenium.dev/documentation/webdriver/troubleshooting/errors#no-such-element-exception\nStacktrace:\n#0 0x55f470a7f5e3 <unknown>\n#1 0x55f4707420b7 <unknown>\n#2 0x55f47078ff53 <unknown>\n#3 0x55f470790051 <unknown>\n#4 0x55f4707d59c4 <unknown>\n#5 0x55f4707b6f1d <unknown>\n#6 0x55f4707d2b3d <unknown>\n#7 0x55f4707b6cc3 <unknown>\n#8 0x55f4707820e4 <unknown>\n#9 0x55f4707830ae <unknown>\n#10 0x55f470a45ce1 <unknown>\n#11 0x55f470a49b7e <unknown>\n#12 0x55f470a334b5 <unknown>\n#13 0x55f470a4a7d6 <unknown>\n#14 0x55f470a16dbf <unknown>\n#15 0x55f470a6d748 <unknown>\n#16 0x55f470a6d917 <unknown>\n#17 0x55f470a7e773 <unknown>\n#18 0x7f66aa294ac3 <unknown>","time":{"start":1701566551083,"stop":1701566556373,"duration":5290}},{"uid":"54bc4e83d71ed23a","reportUrl":"https://robbrad.github.io/UKBinCollectionData/3.11/1182//#testresult/54bc4e83d71ed23a","status":"failed","statusDetails":"selenium.common.exceptions.NoSuchElementException: Message: no such element: Unable to locate element: {\"method\":\"css selector\",\"selector\":\"[id=\"ContentPlaceHolderDefault_ctl13_nptLLPG2_25_addresslookup_txtTmpPostcode\"]\"}\n  (Session info: headless chrome=119.0.6045.159); For documentation on this error, please visit: https://www.selenium.dev/documentation/webdriver/troubleshooting/errors#no-such-element-exception\nStacktrace:\n#0 0x55f4a93f15e3 <unknown>\n#1 0x55f4a90b40b7 <unknown>\n#2 0x55f4a9101f53 <unknown>\n#3 0x55f4a9102051 <unknown>\n#4 0x55f4a91479c4 <unknown>\n#5 0x55f4a9128f1d <unknown>\n#6 0x55f4a9144b3d <unknown>\n#7 0x55f4a9128cc3 <unknown>\n#8 0x55f4a90f40e4 <unknown>\n#9 0x55f4a90f50ae <unknown>\n#10 0x55f4a93b7ce1 <unknown>\n#11 0x55f4a93bbb7e <unknown>\n#12 0x55f4a93a54b5 <unknown>\n#13 0x55f4a93bc7d6 <unknown>\n#14 0x55f4a9388dbf <unknown>\n#15 0x55f4a93df748 <unknown>\n#16 0x55f4a93df917 <unknown>\n#17 0x55f4a93f0773 <unknown>\n#18 0x7fccdec94ac3 <unknown>","time":{"start":1701479802393,"stop":1701479805457,"duration":3064}},{"uid":"ac5ab9ef7c2b431b","reportUrl":"https://robbrad.github.io/UKBinCollectionData/3.11/1179//#testresult/ac5ab9ef7c2b431b","status":"failed","statusDetails":"selenium.common.exceptions.NoSuchElementException: Message: no such element: Unable to locate element: {\"method\":\"css selector\",\"selector\":\"[id=\"ContentPlaceHolderDefault_ctl13_nptLLPG2_25_addresslookup_txtTmpPostcode\"]\"}\n  (Session info: headless chrome=119.0.6045.159); For documentation on this error, please visit: https://www.selenium.dev/documentation/webdriver/troubleshooting/errors#no-such-element-exception\nStacktrace:\n#0 0x5565092095e3 <unknown>\n#1 0x556508ecc0b7 <unknown>\n#2 0x556508f19f53 <unknown>\n#3 0x556508f1a051 <unknown>\n#4 0x556508f5f9c4 <unknown>\n#5 0x556508f40f1d <unknown>\n#6 0x556508f5cb3d <unknown>\n#7 0x556508f40cc3 <unknown>\n#8 0x556508f0c0e4 <unknown>\n#9 0x556508f0d0ae <unknown>\n#10 0x5565091cfce1 <unknown>\n#11 0x5565091d3b7e <unknown>\n#12 0x5565091bd4b5 <unknown>\n#13 0x5565091d47d6 <unknown>\n#14 0x5565091a0dbf <unknown>\n#15 0x5565091f7748 <unknown>\n#16 0x5565091f7917 <unknown>\n#17 0x556509208773 <unknown>\n#18 0x7f8619094ac3 <unknown>","time":{"start":1701418972837,"stop":1701418976635,"duration":3798}},{"uid":"1e37dfd16a0f6f","reportUrl":"https://robbrad.github.io/UKBinCollectionData/3.11/1181//#testresult/1e37dfd16a0f6f","status":"failed","statusDetails":"selenium.common.exceptions.NoSuchElementException: Message: no such element: Unable to locate element: {\"method\":\"css selector\",\"selector\":\"[id=\"ContentPlaceHolderDefault_ctl13_nptLLPG2_25_addresslookup_txtTmpPostcode\"]\"}\n  (Session info: headless chrome=119.0.6045.159); For documentation on this error, please visit: https://www.selenium.dev/documentation/webdriver/troubleshooting/errors#no-such-element-exception\nStacktrace:\n#0 0x558bf8a6b5e3 <unknown>\n#1 0x558bf872e0b7 <unknown>\n#2 0x558bf877bf53 <unknown>\n#3 0x558bf877c051 <unknown>\n#4 0x558bf87c19c4 <unknown>\n#5 0x558bf87a2f1d <unknown>\n#6 0x558bf87beb3d <unknown>\n#7 0x558bf87a2cc3 <unknown>\n#8 0x558bf876e0e4 <unknown>\n#9 0x558bf876f0ae <unknown>\n#10 0x558bf8a31ce1 <unknown>\n#11 0x558bf8a35b7e <unknown>\n#12 0x558bf8a1f4b5 <unknown>\n#13 0x558bf8a367d6 <unknown>\n#14 0x558bf8a02dbf <unknown>\n#15 0x558bf8a59748 <unknown>\n#16 0x558bf8a59917 <unknown>\n#17 0x558bf8a6a773 <unknown>\n#18 0x7f60f1694ac3 <unknown>","time":{"start":1701419090757,"stop":1701419095389,"duration":4632}},{"uid":"c6cd2d8a7cca61b3","reportUrl":"https://robbrad.github.io/UKBinCollectionData/3.11/1180//#testresult/c6cd2d8a7cca61b3","status":"failed","statusDetails":"selenium.common.exceptions.NoSuchElementException: Message: no such element: Unable to locate element: {\"method\":\"css selector\",\"selector\":\"[id=\"ContentPlaceHolderDefault_ctl13_nptLLPG2_25_addresslookup_txtTmpPostcode\"]\"}\n  (Session info: headless chrome=119.0.6045.159); For documentation on this error, please visit: https://www.selenium.dev/documentation/webdriver/troubleshooting/errors#no-such-element-exception\nStacktrace:\n#0 0x55806b1015e3 <unknown>\n#1 0x55806adc40b7 <unknown>\n#2 0x55806ae11f53 <unknown>\n#3 0x55806ae12051 <unknown>\n#4 0x55806ae579c4 <unknown>\n#5 0x55806ae38f1d <unknown>\n#6 0x55806ae54b3d <unknown>\n#7 0x55806ae38cc3 <unknown>\n#8 0x55806ae040e4 <unknown>\n#9 0x55806ae050ae <unknown>\n#10 0x55806b0c7ce1 <unknown>\n#11 0x55806b0cbb7e <unknown>\n#12 0x55806b0b54b5 <unknown>\n#13 0x55806b0cc7d6 <unknown>\n#14 0x55806b098dbf <unknown>\n#15 0x55806b0ef748 <unknown>\n#16 0x55806b0ef917 <unknown>\n#17 0x55806b100773 <unknown>\n#18 0x7f4b69094ac3 <unknown>","time":{"start":1701419043857,"stop":1701419048244,"duration":4387}},{"uid":"4e14ddb2ff34489f","reportUrl":"https://robbrad.github.io/UKBinCollectionData/3.11/1176//#testresult/4e14ddb2ff34489f","status":"failed","statusDetails":"selenium.common.exceptions.NoSuchElementException: Message: no such element: Unable to locate element: {\"method\":\"css selector\",\"selector\":\"[id=\"ContentPlaceHolderDefault_ctl13_nptLLPG2_25_addresslookup_txtTmpPostcode\"]\"}\n  (Session info: headless chrome=119.0.6045.159); For documentation on this error, please visit: https://www.selenium.dev/documentation/webdriver/troubleshooting/errors#no-such-element-exception\nStacktrace:\n#0 0x560b084a55e3 <unknown>\n#1 0x560b081680b7 <unknown>\n#2 0x560b081b5f53 <unknown>\n#3 0x560b081b6051 <unknown>\n#4 0x560b081fb9c4 <unknown>\n#5 0x560b081dcf1d <unknown>\n#6 0x560b081f8b3d <unknown>\n#7 0x560b081dccc3 <unknown>\n#8 0x560b081a80e4 <unknown>\n#9 0x560b081a90ae <unknown>\n#10 0x560b0846bce1 <unknown>\n#11 0x560b0846fb7e <unknown>\n#12 0x560b084594b5 <unknown>\n#13 0x560b084707d6 <unknown>\n#14 0x560b0843cdbf <unknown>\n#15 0x560b08493748 <unknown>\n#16 0x560b08493917 <unknown>\n#17 0x560b084a4773 <unknown>\n#18 0x7f3677294ac3 <unknown>","time":{"start":1701418912658,"stop":1701418916036,"duration":3378}},{"uid":"88fc918cd7469f56","reportUrl":"https://robbrad.github.io/UKBinCollectionData/3.11/1177//#testresult/88fc918cd7469f56","status":"failed","statusDetails":"selenium.common.exceptions.ElementClickInterceptedException: Message: element click intercepted: Element is not clickable at point (589, 636)\n  (Session info: headless chrome=119.0.6045.159)\nStacktrace:\n#0 0x559d8f14b5e3 <unknown>\n#1 0x559d8ee0e0b7 <unknown>\n#2 0x559d8ee63cfc <unknown>\n#3 0x559d8ee6165f <unknown>\n#4 0x559d8ee5ebe4 <unknown>\n#5 0x559d8ee5d934 <unknown>\n#6 0x559d8ee501a0 <unknown>\n#7 0x559d8ee82ef2 <unknown>\n#8 0x559d8ee4fa02 <unknown>\n#9 0x559d8ee830be <unknown>\n#10 0x559d8ee9eb3d <unknown>\n#11 0x559d8ee82cc3 <unknown>\n#12 0x559d8ee4e0e4 <unknown>\n#13 0x559d8ee4f0ae <unknown>\n#14 0x559d8f111ce1 <unknown>\n#15 0x559d8f115b7e <unknown>\n#16 0x559d8f0ff4b5 <unknown>\n#17 0x559d8f1167d6 <unknown>\n#18 0x559d8f0e2dbf <unknown>\n#19 0x559d8f139748 <unknown>\n#20 0x559d8f139917 <unknown>\n#21 0x559d8f14a773 <unknown>\n#22 0x7f2fb1a94ac3 <unknown>","time":{"start":1701418935461,"stop":1701418940878,"duration":5417}},{"uid":"93f7d7eb29ef5ee6","reportUrl":"https://robbrad.github.io/UKBinCollectionData/3.11/1175//#testresult/93f7d7eb29ef5ee6","status":"failed","statusDetails":"selenium.common.exceptions.NoSuchElementException: Message: no such element: Unable to locate element: {\"method\":\"css selector\",\"selector\":\"[id=\"ContentPlaceHolderDefault_ctl13_nptLLPG2_25_addresslookup_txtTmpPostcode\"]\"}\n  (Session info: headless chrome=119.0.6045.159); For documentation on this error, please visit: https://www.selenium.dev/documentation/webdriver/troubleshooting/errors#no-such-element-exception\nStacktrace:\n#0 0x55c65fea55e3 <unknown>\n#1 0x55c65fb680b7 <unknown>\n#2 0x55c65fbb5f53 <unknown>\n#3 0x55c65fbb6051 <unknown>\n#4 0x55c65fbfb9c4 <unknown>\n#5 0x55c65fbdcf1d <unknown>\n#6 0x55c65fbf8b3d <unknown>\n#7 0x55c65fbdccc3 <unknown>\n#8 0x55c65fba80e4 <unknown>\n#9 0x55c65fba90ae <unknown>\n#10 0x55c65fe6bce1 <unknown>\n#11 0x55c65fe6fb7e <unknown>\n#12 0x55c65fe594b5 <unknown>\n#13 0x55c65fe707d6 <unknown>\n#14 0x55c65fe3cdbf <unknown>\n#15 0x55c65fe93748 <unknown>\n#16 0x55c65fe93917 <unknown>\n#17 0x55c65fea4773 <unknown>\n#18 0x7fe93b494ac3 <unknown>","time":{"start":1701414353103,"stop":1701414357189,"duration":4086}},{"uid":"1fb86e64b953c454","reportUrl":"https://robbrad.github.io/UKBinCollectionData/3.11/1173//#testresult/1fb86e64b953c454","status":"failed","statusDetails":"selenium.common.exceptions.NoSuchElementException: Message: no such element: Unable to locate element: {\"method\":\"css selector\",\"selector\":\"[id=\"ContentPlaceHolderDefault_ctl13_nptLLPG2_25_addresslookup_txtTmpPostcode\"]\"}\n  (Session info: headless chrome=119.0.6045.159); For documentation on this error, please visit: https://www.selenium.dev/documentation/webdriver/troubleshooting/errors#no-such-element-exception\nStacktrace:\n#0 0x559c311b75e3 <unknown>\n#1 0x559c30e7a0b7 <unknown>\n#2 0x559c30ec7f53 <unknown>\n#3 0x559c30ec8051 <unknown>\n#4 0x559c30f0d9c4 <unknown>\n#5 0x559c30eeef1d <unknown>\n#6 0x559c30f0ab3d <unknown>\n#7 0x559c30eeecc3 <unknown>\n#8 0x559c30eba0e4 <unknown>\n#9 0x559c30ebb0ae <unknown>\n#10 0x559c3117dce1 <unknown>\n#11 0x559c31181b7e <unknown>\n#12 0x559c3116b4b5 <unknown>\n#13 0x559c311827d6 <unknown>\n#14 0x559c3114edbf <unknown>\n#15 0x559c311a5748 <unknown>\n#16 0x559c311a5917 <unknown>\n#17 0x559c311b6773 <unknown>\n#18 0x7f5829494ac3 <unknown>","time":{"start":1701393910653,"stop":1701393915187,"duration":4534}},{"uid":"5857c0fc29802890","reportUrl":"https://robbrad.github.io/UKBinCollectionData/3.11/1169//#testresult/5857c0fc29802890","status":"failed","statusDetails":"selenium.common.exceptions.NoSuchElementException: Message: no such element: Unable to locate element: {\"method\":\"css selector\",\"selector\":\"[id=\"ContentPlaceHolderDefault_ctl13_nptLLPG2_25_addresslookup_txtTmpPostcode\"]\"}\n  (Session info: headless chrome=119.0.6045.159); For documentation on this error, please visit: https://www.selenium.dev/documentation/webdriver/troubleshooting/errors#no-such-element-exception\nStacktrace:\n#0 0x55f2848505e3 <unknown>\n#1 0x55f2845130b7 <unknown>\n#2 0x55f284560f53 <unknown>\n#3 0x55f284561051 <unknown>\n#4 0x55f2845a69c4 <unknown>\n#5 0x55f284587f1d <unknown>\n#6 0x55f2845a3b3d <unknown>\n#7 0x55f284587cc3 <unknown>\n#8 0x55f2845530e4 <unknown>\n#9 0x55f2845540ae <unknown>\n#10 0x55f284816ce1 <unknown>\n#11 0x55f28481ab7e <unknown>\n#12 0x55f2848044b5 <unknown>\n#13 0x55f28481b7d6 <unknown>\n#14 0x55f2847e7dbf <unknown>\n#15 0x55f28483e748 <unknown>\n#16 0x55f28483e917 <unknown>\n#17 0x55f28484f773 <unknown>\n#18 0x7f3883894ac3 <unknown>","time":{"start":1701353360172,"stop":1701353364296,"duration":4124}},{"uid":"6206b9d315e951d2","reportUrl":"https://robbrad.github.io/UKBinCollectionData/3.11/1170//#testresult/6206b9d315e951d2","status":"failed","statusDetails":"selenium.common.exceptions.ElementClickInterceptedException: Message: element click intercepted: Element is not clickable at point (589, 636)\n  (Session info: headless chrome=119.0.6045.159)\nStacktrace:\n#0 0x55a147ea75e3 <unknown>\n#1 0x55a147b6a0b7 <unknown>\n#2 0x55a147bbfcfc <unknown>\n#3 0x55a147bbd65f <unknown>\n#4 0x55a147bbabe4 <unknown>\n#5 0x55a147bb9934 <unknown>\n#6 0x55a147bac1a0 <unknown>\n#7 0x55a147bdeef2 <unknown>\n#8 0x55a147baba02 <unknown>\n#9 0x55a147bdf0be <unknown>\n#10 0x55a147bfab3d <unknown>\n#11 0x55a147bdecc3 <unknown>\n#12 0x55a147baa0e4 <unknown>\n#13 0x55a147bab0ae <unknown>\n#14 0x55a147e6dce1 <unknown>\n#15 0x55a147e71b7e <unknown>\n#16 0x55a147e5b4b5 <unknown>\n#17 0x55a147e727d6 <unknown>\n#18 0x55a147e3edbf <unknown>\n#19 0x55a147e95748 <unknown>\n#20 0x55a147e95917 <unknown>\n#21 0x55a147ea6773 <unknown>\n#22 0x7f676ce94ac3 <unknown>","time":{"start":1701353389053,"stop":1701353393078,"duration":4025}},{"uid":"30cd4320d278ba95","reportUrl":"https://robbrad.github.io/UKBinCollectionData/3.11/1163//#testresult/30cd4320d278ba95","status":"failed","statusDetails":"selenium.common.exceptions.NoSuchElementException: Message: no such element: Unable to locate element: {\"method\":\"css selector\",\"selector\":\"[id=\"ContentPlaceHolderDefault_ctl13_nptLLPG2_25_addresslookup_txtTmpPostcode\"]\"}\n  (Session info: headless chrome=119.0.6045.159); For documentation on this error, please visit: https://www.selenium.dev/documentation/webdriver/troubleshooting/errors#no-such-element-exception\nStacktrace:\n#0 0x5590fecbf5e3 <unknown>\n#1 0x5590fe9820b7 <unknown>\n#2 0x5590fe9cff53 <unknown>\n#3 0x5590fe9d0051 <unknown>\n#4 0x5590fea159c4 <unknown>\n#5 0x5590fe9f6f1d <unknown>\n#6 0x5590fea12b3d <unknown>\n#7 0x5590fe9f6cc3 <unknown>\n#8 0x5590fe9c20e4 <unknown>\n#9 0x5590fe9c30ae <unknown>\n#10 0x5590fec85ce1 <unknown>\n#11 0x5590fec89b7e <unknown>\n#12 0x5590fec734b5 <unknown>\n#13 0x5590fec8a7d6 <unknown>\n#14 0x5590fec56dbf <unknown>\n#15 0x5590fecad748 <unknown>\n#16 0x5590fecad917 <unknown>\n#17 0x5590fecbe773 <unknown>\n#18 0x7f1128a94ac3 <unknown>","time":{"start":1701307116942,"stop":1701307120894,"duration":3952}}]},"tags":[]},"source":"998a66441e13099d.json","parameterValues":["NeathPortTalbotCouncil","local","http://selenium:4444"]}