{"uid":"ce40405a9044f654","name":"Validate Council Output [KnowsleyMBCouncil]","fullName":"features/validate_council_outputs.feature:Validate Council Output","historyId":"56740e3e170c4ada5e89fee4a4334687","time":{"start":1717461315981,"stop":1717461359176,"duration":43195},"status":"failed","statusMessage":"ValueError: time data '' does not match format '%A %d/%m/%Y'","statusTrace":"fixturefunc = <function scrape_step at 0x7ff2eafb2e80>\nrequest = <FixtureRequest for <Function test_scenario_outline[KnowsleyMBCouncil]>>\nkwargs = {'context': <test_validate_council.Context object at 0x7ff2ec4d0f50>, 'headless_mode': 'True', 'local_browser': 'False', 'selenium_url': 'http://localhost:4444'}\n\n    def call_fixture_func(\n        fixturefunc: \"_FixtureFunc[FixtureValue]\", request: FixtureRequest, kwargs\n    ) -> FixtureValue:\n        if is_generator(fixturefunc):\n            fixturefunc = cast(\n                Callable[..., Generator[FixtureValue, None, None]], fixturefunc\n            )\n            generator = fixturefunc(**kwargs)\n            try:\n                fixture_result = next(generator)\n            except StopIteration:\n                raise ValueError(f\"{request.fixturename} did not yield a value\") from None\n            finalizer = functools.partial(_teardown_yield_fixture, fixturefunc, generator)\n            request.addfinalizer(finalizer)\n        else:\n            fixturefunc = cast(Callable[..., FixtureValue], fixturefunc)\n>           fixture_result = fixturefunc(**kwargs)\n\n../../../.cache/pypoetry/virtualenvs/uk-bin-collection-EwS6Gn8s-py3.12/lib/python3.12/site-packages/_pytest/fixtures.py:884: \n_ _ _ _ _ _ _ _ _ _ _ _ _ _ _ _ _ _ _ _ _ _ _ _ _ _ _ _ _ _ _ _ _ _ _ _ _ _ _ _ \nuk_bin_collection/tests/step_defs/test_validate_council.py:100: in scrape_step\n    context.parse_result = CollectData.run()\nuk_bin_collection/uk_bin_collection/collect_data.py:102: in run\n    return self.client_code(\nuk_bin_collection/uk_bin_collection/collect_data.py:121: in client_code\n    return get_bin_data_class.template_method(address_url, **kwargs)\nuk_bin_collection/uk_bin_collection/get_bin_data.py:80: in template_method\n    bin_data_dict = self.parse_data(\nuk_bin_collection/uk_bin_collection/councils/KnowsleyMBCouncil.py:98: in parse_data\n    maroon_bin_date = datetime.strptime(\n/opt/hostedtoolcache/Python/3.12.3/x64/lib/python3.12/_strptime.py:554: in _strptime_datetime\n    tt, fraction, gmtoff_fraction = _strptime(data_string, format)\n_ _ _ _ _ _ _ _ _ _ _ _ _ _ _ _ _ _ _ _ _ _ _ _ _ _ _ _ _ _ _ _ _ _ _ _ _ _ _ _ \n\ndata_string = '', format = '%A %d/%m/%Y'\n\n    def _strptime(data_string, format=\"%a %b %d %H:%M:%S %Y\"):\n        \"\"\"Return a 2-tuple consisting of a time struct and an int containing\n        the number of microseconds based on the input string and the\n        format string.\"\"\"\n    \n        for index, arg in enumerate([data_string, format]):\n            if not isinstance(arg, str):\n                msg = \"strptime() argument {} must be str, not {}\"\n                raise TypeError(msg.format(index, type(arg)))\n    \n        global _TimeRE_cache, _regex_cache\n        with _cache_lock:\n            locale_time = _TimeRE_cache.locale_time\n            if (_getlang() != locale_time.lang or\n                time.tzname != locale_time.tzname or\n                time.daylight != locale_time.daylight):\n                _TimeRE_cache = TimeRE()\n                _regex_cache.clear()\n                locale_time = _TimeRE_cache.locale_time\n            if len(_regex_cache) > _CACHE_MAX_SIZE:\n                _regex_cache.clear()\n            format_regex = _regex_cache.get(format)\n            if not format_regex:\n                try:\n                    format_regex = _TimeRE_cache.compile(format)\n                # KeyError raised when a bad format is found; can be specified as\n                # \\\\, in which case it was a stray % but with a space after it\n                except KeyError as err:\n                    bad_directive = err.args[0]\n                    if bad_directive == \"\\\\\":\n                        bad_directive = \"%\"\n                    del err\n                    raise ValueError(\"'%s' is a bad directive in format '%s'\" %\n                                        (bad_directive, format)) from None\n                # IndexError only occurs when the format string is \"%\"\n                except IndexError:\n                    raise ValueError(\"stray %% in format '%s'\" % format) from None\n                _regex_cache[format] = format_regex\n        found = format_regex.match(data_string)\n        if not found:\n>           raise ValueError(\"time data %r does not match format %r\" %\n                             (data_string, format))\nE           ValueError: time data '' does not match format '%A %d/%m/%Y'\n\n/opt/hostedtoolcache/Python/3.12.3/x64/lib/python3.12/_strptime.py:333: ValueError","flaky":false,"newFailed":false,"newBroken":false,"newPassed":false,"retriesCount":0,"retriesStatusChange":false,"beforeStages":[],"testStage":{"status":"failed","statusMessage":"ValueError: time data '' does not match format '%A %d/%m/%Y'","statusTrace":"fixturefunc = <function scrape_step at 0x7ff2eafb2e80>\nrequest = <FixtureRequest for <Function test_scenario_outline[KnowsleyMBCouncil]>>\nkwargs = {'context': <test_validate_council.Context object at 0x7ff2ec4d0f50>, 'headless_mode': 'True', 'local_browser': 'False', 'selenium_url': 'http://localhost:4444'}\n\n    def call_fixture_func(\n        fixturefunc: \"_FixtureFunc[FixtureValue]\", request: FixtureRequest, kwargs\n    ) -> FixtureValue:\n        if is_generator(fixturefunc):\n            fixturefunc = cast(\n                Callable[..., Generator[FixtureValue, None, None]], fixturefunc\n            )\n            generator = fixturefunc(**kwargs)\n            try:\n                fixture_result = next(generator)\n            except StopIteration:\n                raise ValueError(f\"{request.fixturename} did not yield a value\") from None\n            finalizer = functools.partial(_teardown_yield_fixture, fixturefunc, generator)\n            request.addfinalizer(finalizer)\n        else:\n            fixturefunc = cast(Callable[..., FixtureValue], fixturefunc)\n>           fixture_result = fixturefunc(**kwargs)\n\n../../../.cache/pypoetry/virtualenvs/uk-bin-collection-EwS6Gn8s-py3.12/lib/python3.12/site-packages/_pytest/fixtures.py:884: \n_ _ _ _ _ _ _ _ _ _ _ _ _ _ _ _ _ _ _ _ _ _ _ _ _ _ _ _ _ _ _ _ _ _ _ _ _ _ _ _ \nuk_bin_collection/tests/step_defs/test_validate_council.py:100: in scrape_step\n    context.parse_result = CollectData.run()\nuk_bin_collection/uk_bin_collection/collect_data.py:102: in run\n    return self.client_code(\nuk_bin_collection/uk_bin_collection/collect_data.py:121: in client_code\n    return get_bin_data_class.template_method(address_url, **kwargs)\nuk_bin_collection/uk_bin_collection/get_bin_data.py:80: in template_method\n    bin_data_dict = self.parse_data(\nuk_bin_collection/uk_bin_collection/councils/KnowsleyMBCouncil.py:98: in parse_data\n    maroon_bin_date = datetime.strptime(\n/opt/hostedtoolcache/Python/3.12.3/x64/lib/python3.12/_strptime.py:554: in _strptime_datetime\n    tt, fraction, gmtoff_fraction = _strptime(data_string, format)\n_ _ _ _ _ _ _ _ _ _ _ _ _ _ _ _ _ _ _ _ _ _ _ _ _ _ _ _ _ _ _ _ _ _ _ _ _ _ _ _ \n\ndata_string = '', format = '%A %d/%m/%Y'\n\n    def _strptime(data_string, format=\"%a %b %d %H:%M:%S %Y\"):\n        \"\"\"Return a 2-tuple consisting of a time struct and an int containing\n        the number of microseconds based on the input string and the\n        format string.\"\"\"\n    \n        for index, arg in enumerate([data_string, format]):\n            if not isinstance(arg, str):\n                msg = \"strptime() argument {} must be str, not {}\"\n                raise TypeError(msg.format(index, type(arg)))\n    \n        global _TimeRE_cache, _regex_cache\n        with _cache_lock:\n            locale_time = _TimeRE_cache.locale_time\n            if (_getlang() != locale_time.lang or\n                time.tzname != locale_time.tzname or\n                time.daylight != locale_time.daylight):\n                _TimeRE_cache = TimeRE()\n                _regex_cache.clear()\n                locale_time = _TimeRE_cache.locale_time\n            if len(_regex_cache) > _CACHE_MAX_SIZE:\n                _regex_cache.clear()\n            format_regex = _regex_cache.get(format)\n            if not format_regex:\n                try:\n                    format_regex = _TimeRE_cache.compile(format)\n                # KeyError raised when a bad format is found; can be specified as\n                # \\\\, in which case it was a stray % but with a space after it\n                except KeyError as err:\n                    bad_directive = err.args[0]\n                    if bad_directive == \"\\\\\":\n                        bad_directive = \"%\"\n                    del err\n                    raise ValueError(\"'%s' is a bad directive in format '%s'\" %\n                                        (bad_directive, format)) from None\n                # IndexError only occurs when the format string is \"%\"\n                except IndexError:\n                    raise ValueError(\"stray %% in format '%s'\" % format) from None\n                _regex_cache[format] = format_regex\n        found = format_regex.match(data_string)\n        if not found:\n>           raise ValueError(\"time data %r does not match format %r\" %\n                             (data_string, format))\nE           ValueError: time data '' does not match format '%A %d/%m/%Y'\n\n/opt/hostedtoolcache/Python/3.12.3/x64/lib/python3.12/_strptime.py:333: ValueError","steps":[{"name":"Given the council","time":{"start":1717461315981,"stop":1717461315981,"duration":0},"status":"passed","steps":[],"attachments":[],"parameters":[],"shouldDisplayMessage":false,"stepsCount":0,"attachmentsCount":0,"hasContent":false,"attachmentStep":false},{"name":"When we scrape the data from the council","time":{"start":1717461315981,"stop":1717461359176,"duration":43195},"status":"failed","statusMessage":"time data '' does not match format '%A %d/%m/%Y'","statusTrace":"ValueError: time data '' does not match format '%A %d/%m/%Y'\n","steps":[],"attachments":[],"parameters":[],"shouldDisplayMessage":true,"stepsCount":0,"attachmentsCount":0,"hasContent":true,"attachmentStep":false}],"attachments":[{"uid":"db6e6bdd86e587f7","name":"stdout","source":"db6e6bdd86e587f7.txt","type":"text/plain","size":112}],"parameters":[],"shouldDisplayMessage":true,"stepsCount":2,"attachmentsCount":1,"hasContent":true,"attachmentStep":false},"afterStages":[],"labels":[{"name":"host","value":"fv-az1780-843"},{"name":"thread","value":"2747-MainThread"},{"name":"framework","value":"pytest-bdd"},{"name":"language","value":"cpython3"},{"name":"feature","value":"Test each council output matches expected results"},{"name":"resultFormat","value":"allure2"}],"parameters":[{"name":"council","value":"KnowsleyMBCouncil"}],"links":[],"hidden":false,"retry":false,"extra":{"severity":"normal","retries":[],"categories":[{"name":"Product defects","matchedStatuses":[],"flaky":false}],"history":{"statistic":{"failed":27,"broken":0,"skipped":0,"passed":0,"unknown":0,"total":27},"items":[{"uid":"f74f2ab888e88b8e","reportUrl":"https://robbrad.github.io/UKBinCollectionData/3.12/1921//#testresult/f74f2ab888e88b8e","status":"failed","statusDetails":"ValueError: time data '' does not match format '%A %d/%m/%Y'","time":{"start":1717375161856,"stop":1717375316419,"duration":154563}},{"uid":"df2a6622cf463a17","reportUrl":"https://robbrad.github.io/UKBinCollectionData/3.12/1911//#testresult/df2a6622cf463a17","status":"failed","statusDetails":"ValueError: time data '' does not match format '%A %d/%m/%Y'","time":{"start":1717316351757,"stop":1717316420953,"duration":69196}},{"uid":"c1f1a00296b949d2","reportUrl":"https://robbrad.github.io/UKBinCollectionData/3.12/1908//#testresult/c1f1a00296b949d2","status":"failed","statusDetails":"selenium.common.exceptions.NoSuchElementException: Message: no such element: Unable to locate element: {\"method\":\"link text\",\"selector\":\"Choose this address\"}\n  (Session info: chrome-headless-shell=125.0.6422.76); For documentation on this error, please visit: https://www.selenium.dev/documentation/webdriver/troubleshooting/errors#no-such-element-exception\nStacktrace:\n#0 0x558422c22e9a <unknown>\n#1 0x55842290c45c <unknown>\n#2 0x5584229585b5 <unknown>\n#3 0x558422958671 <unknown>\n#4 0x55842294cb96 <unknown>\n#5 0x55842297b4dd <unknown>\n#6 0x55842294ca79 <unknown>\n#7 0x55842297b67e <unknown>\n#8 0x55842299a2cc <unknown>\n#9 0x55842297b253 <unknown>\n#10 0x55842294b1c7 <unknown>\n#11 0x55842294bb3e <unknown>\n#12 0x558422be92db <unknown>\n#13 0x558422bed387 <unknown>\n#14 0x558422bd5e0e <unknown>\n#15 0x558422bede52 <unknown>\n#16 0x558422bba7af <unknown>\n#17 0x558422c12188 <unknown>\n#18 0x558422c1235b <unknown>\n#19 0x558422c21fcc <unknown>\n#20 0x7f10b8932ac3 <unknown>","time":{"start":1717288403135,"stop":1717288579208,"duration":176073}},{"uid":"acb3afdc79e92821","reportUrl":"https://robbrad.github.io/UKBinCollectionData/3.12/1905//#testresult/acb3afdc79e92821","status":"failed","statusDetails":"ValueError: time data '' does not match format '%A %d/%m/%Y'","time":{"start":1717201973730,"stop":1717202006027,"duration":32297}},{"uid":"3bc130cc4393970","reportUrl":"https://robbrad.github.io/UKBinCollectionData/3.12/1904//#testresult/3bc130cc4393970","status":"failed","statusDetails":"ValueError: time data '' does not match format '%A %d/%m/%Y'","time":{"start":1717115410272,"stop":1717115681990,"duration":271718}},{"uid":"3554d8c740c87a41","reportUrl":"https://robbrad.github.io/UKBinCollectionData/3.12/1903//#testresult/3554d8c740c87a41","status":"failed","statusDetails":"selenium.common.exceptions.NoSuchElementException: Message: no such element: Unable to locate element: {\"method\":\"link text\",\"selector\":\"Choose this address\"}\n  (Session info: chrome-headless-shell=125.0.6422.76); For documentation on this error, please visit: https://www.selenium.dev/documentation/webdriver/troubleshooting/errors#no-such-element-exception\nStacktrace:\n#0 0x55be7a520e9a <unknown>\n#1 0x55be7a20a45c <unknown>\n#2 0x55be7a2565b5 <unknown>\n#3 0x55be7a256671 <unknown>\n#4 0x55be7a24ab96 <unknown>\n#5 0x55be7a2794dd <unknown>\n#6 0x55be7a24aa79 <unknown>\n#7 0x55be7a27967e <unknown>\n#8 0x55be7a2982cc <unknown>\n#9 0x55be7a279253 <unknown>\n#10 0x55be7a2491c7 <unknown>\n#11 0x55be7a249b3e <unknown>\n#12 0x55be7a4e72db <unknown>\n#13 0x55be7a4eb387 <unknown>\n#14 0x55be7a4d3e0e <unknown>\n#15 0x55be7a4ebe52 <unknown>\n#16 0x55be7a4b87af <unknown>\n#17 0x55be7a510188 <unknown>\n#18 0x55be7a51035b <unknown>\n#19 0x55be7a51ffcc <unknown>\n#20 0x7efe25462ac3 <unknown>","time":{"start":1717029111629,"stop":1717029364507,"duration":252878}},{"uid":"f443c656a681e5c4","reportUrl":"https://robbrad.github.io/UKBinCollectionData/3.12/1898//#testresult/f443c656a681e5c4","status":"failed","statusDetails":"selenium.common.exceptions.NoSuchElementException: Message: no such element: Unable to locate element: {\"method\":\"link text\",\"selector\":\"Choose this address\"}\n  (Session info: chrome-headless-shell=125.0.6422.76); For documentation on this error, please visit: https://www.selenium.dev/documentation/webdriver/troubleshooting/errors#no-such-element-exception\nStacktrace:\n#0 0x5634b34abe9a <unknown>\n#1 0x5634b319545c <unknown>\n#2 0x5634b31e15b5 <unknown>\n#3 0x5634b31e1671 <unknown>\n#4 0x5634b31d5b96 <unknown>\n#5 0x5634b32044dd <unknown>\n#6 0x5634b31d5a79 <unknown>\n#7 0x5634b320467e <unknown>\n#8 0x5634b32232cc <unknown>\n#9 0x5634b3204253 <unknown>\n#10 0x5634b31d41c7 <unknown>\n#11 0x5634b31d4b3e <unknown>\n#12 0x5634b34722db <unknown>\n#13 0x5634b3476387 <unknown>\n#14 0x5634b345ee0e <unknown>\n#15 0x5634b3476e52 <unknown>\n#16 0x5634b34437af <unknown>\n#17 0x5634b349b188 <unknown>\n#18 0x5634b349b35b <unknown>\n#19 0x5634b34aafcc <unknown>\n#20 0x7f1dde69eac3 <unknown>","time":{"start":1716943033491,"stop":1716943158737,"duration":125246}},{"uid":"b70024e216a7ab0d","reportUrl":"https://robbrad.github.io/UKBinCollectionData/3.12/1893//#testresult/b70024e216a7ab0d","status":"failed","statusDetails":"ValueError: time data '' does not match format '%A %d/%m/%Y'","time":{"start":1716856488302,"stop":1716856558479,"duration":70177}},{"uid":"b176006e05f24995","reportUrl":"https://robbrad.github.io/UKBinCollectionData/3.12/1883//#testresult/b176006e05f24995","status":"failed","statusDetails":"ValueError: time data '' does not match format '%A %d/%m/%Y'","time":{"start":1716770076234,"stop":1716770148595,"duration":72361}},{"uid":"68855e1e084bc9ec","reportUrl":"https://robbrad.github.io/UKBinCollectionData/3.12/1881//#testresult/68855e1e084bc9ec","status":"failed","statusDetails":"selenium.common.exceptions.NoSuchElementException: Message: no such element: Unable to locate element: {\"method\":\"link text\",\"selector\":\"Choose this address\"}\n  (Session info: chrome-headless-shell=125.0.6422.76); For documentation on this error, please visit: https://www.selenium.dev/documentation/webdriver/troubleshooting/errors#no-such-element-exception\nStacktrace:\n#0 0x557591ed3e9a <unknown>\n#1 0x557591bbd45c <unknown>\n#2 0x557591c095b5 <unknown>\n#3 0x557591c09671 <unknown>\n#4 0x557591bfdb96 <unknown>\n#5 0x557591c2c4dd <unknown>\n#6 0x557591bfda79 <unknown>\n#7 0x557591c2c67e <unknown>\n#8 0x557591c4b2cc <unknown>\n#9 0x557591c2c253 <unknown>\n#10 0x557591bfc1c7 <unknown>\n#11 0x557591bfcb3e <unknown>\n#12 0x557591e9a2db <unknown>\n#13 0x557591e9e387 <unknown>\n#14 0x557591e86e0e <unknown>\n#15 0x557591e9ee52 <unknown>\n#16 0x557591e6b7af <unknown>\n#17 0x557591ec3188 <unknown>\n#18 0x557591ec335b <unknown>\n#19 0x557591ed2fcc <unknown>\n#20 0x7f5c022daac3 <unknown>","time":{"start":1716753260544,"stop":1716753338674,"duration":78130}},{"uid":"c8991a0710828bea","reportUrl":"https://robbrad.github.io/UKBinCollectionData/3.12/1877//#testresult/c8991a0710828bea","status":"failed","statusDetails":"ValueError: time data '' does not match format '%A %d/%m/%Y'","time":{"start":1716743464026,"stop":1716743536238,"duration":72212}},{"uid":"e5039ff714f0c082","reportUrl":"https://robbrad.github.io/UKBinCollectionData/3.12/1871//#testresult/e5039ff714f0c082","status":"failed","statusDetails":"ValueError: time data '' does not match format '%A %d/%m/%Y'","time":{"start":1716709890329,"stop":1716709948852,"duration":58523}},{"uid":"3e7545264964c33e","reportUrl":"https://robbrad.github.io/UKBinCollectionData/3.12/1866//#testresult/3e7545264964c33e","status":"failed","statusDetails":"ValueError: time data '' does not match format '%A %d/%m/%Y'","time":{"start":1716705215736,"stop":1716705298002,"duration":82266}},{"uid":"2037c8c78c812369","reportUrl":"https://robbrad.github.io/UKBinCollectionData/3.12/1865//#testresult/2037c8c78c812369","status":"failed","statusDetails":"ValueError: time data '' does not match format '%A %d/%m/%Y'","time":{"start":1716683766050,"stop":1716683810980,"duration":44930}},{"uid":"97f7b771c529a383","reportUrl":"https://robbrad.github.io/UKBinCollectionData/3.12/1863//#testresult/97f7b771c529a383","status":"failed","statusDetails":"ValueError: time data '' does not match format '%A %d/%m/%Y'","time":{"start":1716624959071,"stop":1716625016825,"duration":57754}},{"uid":"5de8ecfc9bdcfb8f","reportUrl":"https://robbrad.github.io/UKBinCollectionData/3.12/1862//#testresult/5de8ecfc9bdcfb8f","status":"failed","statusDetails":"selenium.common.exceptions.NoSuchElementException: Message: no such element: Unable to locate element: {\"method\":\"link text\",\"selector\":\"Choose this address\"}\n  (Session info: chrome-headless-shell=125.0.6422.76); For documentation on this error, please visit: https://www.selenium.dev/documentation/webdriver/troubleshooting/errors#no-such-element-exception\nStacktrace:\n#0 0x560a5177ee9a <unknown>\n#1 0x560a5146845c <unknown>\n#2 0x560a514b45b5 <unknown>\n#3 0x560a514b4671 <unknown>\n#4 0x560a514a8b96 <unknown>\n#5 0x560a514d74dd <unknown>\n#6 0x560a514a8a79 <unknown>\n#7 0x560a514d767e <unknown>\n#8 0x560a514f62cc <unknown>\n#9 0x560a514d7253 <unknown>\n#10 0x560a514a71c7 <unknown>\n#11 0x560a514a7b3e <unknown>\n#12 0x560a517452db <unknown>\n#13 0x560a51749387 <unknown>\n#14 0x560a51731e0e <unknown>\n#15 0x560a51749e52 <unknown>\n#16 0x560a517167af <unknown>\n#17 0x560a5176e188 <unknown>\n#18 0x560a5176e35b <unknown>\n#19 0x560a5177dfcc <unknown>\n#20 0x7fdd2bee9ac3 <unknown>","time":{"start":1716596928562,"stop":1716596980822,"duration":52260}},{"uid":"58a75ed66c717a17","reportUrl":"https://robbrad.github.io/UKBinCollectionData/3.12/1856//#testresult/58a75ed66c717a17","status":"failed","statusDetails":"ValueError: time data '' does not match format '%A %d/%m/%Y'","time":{"start":1716510562676,"stop":1716510612941,"duration":50265}},{"uid":"f925e0c40120afa4","reportUrl":"https://robbrad.github.io/UKBinCollectionData/3.12/1855//#testresult/f925e0c40120afa4","status":"failed","statusDetails":"selenium.common.exceptions.NoSuchElementException: Message: no such element: Unable to locate element: {\"method\":\"link text\",\"selector\":\"Choose this address\"}\n  (Session info: chrome-headless-shell=125.0.6422.76); For documentation on this error, please visit: https://www.selenium.dev/documentation/webdriver/troubleshooting/errors#no-such-element-exception\nStacktrace:\n#0 0x55c2db41ae9a <unknown>\n#1 0x55c2db10445c <unknown>\n#2 0x55c2db1505b5 <unknown>\n#3 0x55c2db150671 <unknown>\n#4 0x55c2db144b96 <unknown>\n#5 0x55c2db1734dd <unknown>\n#6 0x55c2db144a79 <unknown>\n#7 0x55c2db17367e <unknown>\n#8 0x55c2db1922cc <unknown>\n#9 0x55c2db173253 <unknown>\n#10 0x55c2db1431c7 <unknown>\n#11 0x55c2db143b3e <unknown>\n#12 0x55c2db3e12db <unknown>\n#13 0x55c2db3e5387 <unknown>\n#14 0x55c2db3cde0e <unknown>\n#15 0x55c2db3e5e52 <unknown>\n#16 0x55c2db3b27af <unknown>\n#17 0x55c2db40a188 <unknown>\n#18 0x55c2db40a35b <unknown>\n#19 0x55c2db419fcc <unknown>\n#20 0x7fb15d6d5ac3 <unknown>","time":{"start":1716424195020,"stop":1716424245469,"duration":50449}},{"uid":"f81f85d40380bc3d","reportUrl":"https://robbrad.github.io/UKBinCollectionData/3.12/1854//#testresult/f81f85d40380bc3d","status":"failed","statusDetails":"ValueError: time data '' does not match format '%A %d/%m/%Y'","time":{"start":1716337707574,"stop":1716337758378,"duration":50804}},{"uid":"64b1439f67507807","reportUrl":"https://robbrad.github.io/UKBinCollectionData/3.12/1853//#testresult/64b1439f67507807","status":"failed","statusDetails":"ValueError: time data '' does not match format '%A %d/%m/%Y'","time":{"start":1716251419015,"stop":1716251457747,"duration":38732}}]},"tags":[]},"source":"ce40405a9044f654.json","parameterValues":["KnowsleyMBCouncil"]}