{"uid":"7aec933e7c65ac8","name":"Validate Council Output [KingstonUponThamesCouncil-None-None]","fullName":"features/validate_council_outputs.feature:Validate Council Output","historyId":"c71a5e41515c8e4d6c2924d94d56bebb","time":{"start":1705278539511,"stop":1705278540189,"duration":678},"status":"failed","statusMessage":"TypeError: create_webdriver() missing 1 required positional argument: 'user_agent'","statusTrace":"fixturefunc = <function scrape_step at 0x7fd6e2db8d60>\nrequest = <FixtureRequest for <Function test_scenario_outline[KingstonUponThamesCouncil-None-None]>>\nkwargs = {'context': <test_validate_council.context.<locals>.Context object at 0x7fd6e238e450>, 'council': 'KingstonUponThamesCouncil', 'selenium_mode': 'None', 'selenium_url': 'None'}\n\n    def call_fixture_func(\n        fixturefunc: \"_FixtureFunc[FixtureValue]\", request: FixtureRequest, kwargs\n    ) -> FixtureValue:\n        if is_generator(fixturefunc):\n            fixturefunc = cast(\n                Callable[..., Generator[FixtureValue, None, None]], fixturefunc\n            )\n            generator = fixturefunc(**kwargs)\n            try:\n                fixture_result = next(generator)\n            except StopIteration:\n                raise ValueError(f\"{request.fixturename} did not yield a value\") from None\n            finalizer = functools.partial(_teardown_yield_fixture, fixturefunc, generator)\n            request.addfinalizer(finalizer)\n        else:\n            fixturefunc = cast(Callable[..., FixtureValue], fixturefunc)\n>           fixture_result = fixturefunc(**kwargs)\n\n../../../.cache/pypoetry/virtualenvs/uk-bin-collection-EwS6Gn8s-py3.11/lib/python3.11/site-packages/_pytest/fixtures.py:902: \n_ _ _ _ _ _ _ _ _ _ _ _ _ _ _ _ _ _ _ _ _ _ _ _ _ _ _ _ _ _ _ _ _ _ _ _ _ _ _ _ \nuk_bin_collection/tests/step_defs/test_validate_council.py:92: in scrape_step\n    context.parse_result = CollectData.run()\nuk_bin_collection/uk_bin_collection/collect_data.py:96: in run\n    return self.client_code(\nuk_bin_collection/uk_bin_collection/collect_data.py:115: in client_code\n    return get_bin_data_class.template_method(address_url, **kwargs)\nuk_bin_collection/uk_bin_collection/get_bin_data.py:66: in template_method\n    bin_data_dict = self.parse_data(\n_ _ _ _ _ _ _ _ _ _ _ _ _ _ _ _ _ _ _ _ _ _ _ _ _ _ _ _ _ _ _ _ _ _ _ _ _ _ _ _ \n\nself = <KingstonUponThamesCouncil.CouncilClass object at 0x7fd6f5822410>\npage = <Response [200]>\nkwargs = {'headless': True, 'paon': None, 'postcode': None, 'uprn': None, ...}\ndriver = None, headless = True, web_driver = None\n\n    def parse_data(self, page: str, **kwargs) -> dict:\n    \n        driver = None\n        try:\n    \n            headless = kwargs.get(\"headless\")\n            web_driver = kwargs.get(\"web_driver\")\n>           driver = create_webdriver(web_driver, headless)\nE           TypeError: create_webdriver() missing 1 required positional argument: 'user_agent'\n\nuk_bin_collection/uk_bin_collection/councils/KingstonUponThamesCouncil.py:31: TypeError","flaky":false,"newFailed":false,"newBroken":false,"newPassed":false,"retriesCount":0,"retriesStatusChange":false,"beforeStages":[],"testStage":{"status":"failed","statusMessage":"TypeError: create_webdriver() missing 1 required positional argument: 'user_agent'","statusTrace":"fixturefunc = <function scrape_step at 0x7fd6e2db8d60>\nrequest = <FixtureRequest for <Function test_scenario_outline[KingstonUponThamesCouncil-None-None]>>\nkwargs = {'context': <test_validate_council.context.<locals>.Context object at 0x7fd6e238e450>, 'council': 'KingstonUponThamesCouncil', 'selenium_mode': 'None', 'selenium_url': 'None'}\n\n    def call_fixture_func(\n        fixturefunc: \"_FixtureFunc[FixtureValue]\", request: FixtureRequest, kwargs\n    ) -> FixtureValue:\n        if is_generator(fixturefunc):\n            fixturefunc = cast(\n                Callable[..., Generator[FixtureValue, None, None]], fixturefunc\n            )\n            generator = fixturefunc(**kwargs)\n            try:\n                fixture_result = next(generator)\n            except StopIteration:\n                raise ValueError(f\"{request.fixturename} did not yield a value\") from None\n            finalizer = functools.partial(_teardown_yield_fixture, fixturefunc, generator)\n            request.addfinalizer(finalizer)\n        else:\n            fixturefunc = cast(Callable[..., FixtureValue], fixturefunc)\n>           fixture_result = fixturefunc(**kwargs)\n\n../../../.cache/pypoetry/virtualenvs/uk-bin-collection-EwS6Gn8s-py3.11/lib/python3.11/site-packages/_pytest/fixtures.py:902: \n_ _ _ _ _ _ _ _ _ _ _ _ _ _ _ _ _ _ _ _ _ _ _ _ _ _ _ _ _ _ _ _ _ _ _ _ _ _ _ _ \nuk_bin_collection/tests/step_defs/test_validate_council.py:92: in scrape_step\n    context.parse_result = CollectData.run()\nuk_bin_collection/uk_bin_collection/collect_data.py:96: in run\n    return self.client_code(\nuk_bin_collection/uk_bin_collection/collect_data.py:115: in client_code\n    return get_bin_data_class.template_method(address_url, **kwargs)\nuk_bin_collection/uk_bin_collection/get_bin_data.py:66: in template_method\n    bin_data_dict = self.parse_data(\n_ _ _ _ _ _ _ _ _ _ _ _ _ _ _ _ _ _ _ _ _ _ _ _ _ _ _ _ _ _ _ _ _ _ _ _ _ _ _ _ \n\nself = <KingstonUponThamesCouncil.CouncilClass object at 0x7fd6f5822410>\npage = <Response [200]>\nkwargs = {'headless': True, 'paon': None, 'postcode': None, 'uprn': None, ...}\ndriver = None, headless = True, web_driver = None\n\n    def parse_data(self, page: str, **kwargs) -> dict:\n    \n        driver = None\n        try:\n    \n            headless = kwargs.get(\"headless\")\n            web_driver = kwargs.get(\"web_driver\")\n>           driver = create_webdriver(web_driver, headless)\nE           TypeError: create_webdriver() missing 1 required positional argument: 'user_agent'\n\nuk_bin_collection/uk_bin_collection/councils/KingstonUponThamesCouncil.py:31: TypeError","steps":[{"name":"Given the council: KingstonUponThamesCouncil","time":{"start":1705278539511,"stop":1705278539512,"duration":1},"status":"passed","steps":[],"attachments":[],"parameters":[],"shouldDisplayMessage":false,"stepsCount":0,"attachmentsCount":0,"hasContent":false,"attachmentStep":false},{"name":"When we scrape the data from KingstonUponThamesCouncil using None and the None is set","time":{"start":1705278539512,"stop":1705278540189,"duration":677},"status":"failed","statusMessage":"create_webdriver() missing 1 required positional argument: 'user_agent'","statusTrace":"TypeError: create_webdriver() missing 1 required positional argument: 'user_agent'\n","steps":[],"attachments":[],"parameters":[],"shouldDisplayMessage":true,"stepsCount":0,"attachmentsCount":0,"hasContent":true,"attachmentStep":false}],"attachments":[],"parameters":[],"shouldDisplayMessage":true,"stepsCount":2,"attachmentsCount":0,"hasContent":true,"attachmentStep":false},"afterStages":[],"labels":[{"name":"host","value":"fv-az975-722"},{"name":"thread","value":"2720-MainThread"},{"name":"framework","value":"pytest-bdd"},{"name":"language","value":"cpython3"},{"name":"feature","value":"Test each council output matches expected results"},{"name":"resultFormat","value":"allure2"}],"parameters":[{"name":"council","value":"KingstonUponThamesCouncil"},{"name":"selenium_mode","value":"None"},{"name":"selenium_url","value":"None"}],"links":[],"hidden":false,"retry":false,"extra":{"severity":"normal","retries":[],"categories":[{"name":"Product defects","matchedStatuses":[],"flaky":false}],"history":{"statistic":{"failed":138,"broken":0,"skipped":0,"passed":25,"unknown":0,"total":163},"items":[{"uid":"1cc058007f58b7d6","reportUrl":"https://robbrad.github.io/UKBinCollectionData/3.11/1485//#testresult/1cc058007f58b7d6","status":"failed","statusDetails":"TypeError: create_webdriver() missing 1 required positional argument: 'user_agent'","time":{"start":1705192200214,"stop":1705192200795,"duration":581}},{"uid":"37758942162e35e3","reportUrl":"https://robbrad.github.io/UKBinCollectionData/3.11/1484//#testresult/37758942162e35e3","status":"failed","statusDetails":"TypeError: create_webdriver() missing 1 required positional argument: 'user_agent'","time":{"start":1705105718016,"stop":1705105719056,"duration":1040}},{"uid":"2c53c8c273c9333b","reportUrl":"https://robbrad.github.io/UKBinCollectionData/3.11/1482//#testresult/2c53c8c273c9333b","status":"failed","statusDetails":"TypeError: create_webdriver() missing 1 required positional argument: 'user_agent'","time":{"start":1705019254251,"stop":1705019255412,"duration":1161}},{"uid":"136c0c6a4c227b5f","reportUrl":"https://robbrad.github.io/UKBinCollectionData/3.11/1478//#testresult/136c0c6a4c227b5f","status":"failed","statusDetails":"TypeError: create_webdriver() missing 1 required positional argument: 'user_agent'","time":{"start":1704932831441,"stop":1704932832020,"duration":579}},{"uid":"900352ce12e07de5","reportUrl":"https://robbrad.github.io/UKBinCollectionData/3.11/1472//#testresult/900352ce12e07de5","status":"failed","statusDetails":"TypeError: create_webdriver() missing 1 required positional argument: 'user_agent'","time":{"start":1704846443910,"stop":1704846444512,"duration":602}},{"uid":"7435131cc786d33b","reportUrl":"https://robbrad.github.io/UKBinCollectionData/3.11/1456//#testresult/7435131cc786d33b","status":"passed","time":{"start":1704760167319,"stop":1704760176451,"duration":9132}},{"uid":"6c5193ce4a4ea5f7","reportUrl":"https://robbrad.github.io/UKBinCollectionData/3.11/1452//#testresult/6c5193ce4a4ea5f7","status":"passed","time":{"start":1704711501940,"stop":1704711511067,"duration":9127}},{"uid":"b288d483d54bc0cf","reportUrl":"https://robbrad.github.io/UKBinCollectionData/3.11/1450//#testresult/b288d483d54bc0cf","status":"passed","time":{"start":1704710713992,"stop":1704710723188,"duration":9196}},{"uid":"a556ec6e0e858e0d","reportUrl":"https://robbrad.github.io/UKBinCollectionData/3.11/1448//#testresult/a556ec6e0e858e0d","status":"passed","time":{"start":1704710124894,"stop":1704710134951,"duration":10057}},{"uid":"4e69d1a18111e2c6","reportUrl":"https://robbrad.github.io/UKBinCollectionData/3.11/1446//#testresult/4e69d1a18111e2c6","status":"passed","time":{"start":1704709594376,"stop":1704709604233,"duration":9857}},{"uid":"180c9e984fd3d791","reportUrl":"https://robbrad.github.io/UKBinCollectionData/3.11/1443//#testresult/180c9e984fd3d791","status":"passed","time":{"start":1704704103560,"stop":1704704113250,"duration":9690}},{"uid":"686f5e5c66d367fd","reportUrl":"https://robbrad.github.io/UKBinCollectionData/3.11/1441//#testresult/686f5e5c66d367fd","status":"passed","time":{"start":1704673792638,"stop":1704673801313,"duration":8675}},{"uid":"9e28d96e30f23b27","reportUrl":"https://robbrad.github.io/UKBinCollectionData/3.11/1439//#testresult/9e28d96e30f23b27","status":"passed","time":{"start":1704666242601,"stop":1704666251001,"duration":8400}},{"uid":"df1c00ac6bab5a95","reportUrl":"https://robbrad.github.io/UKBinCollectionData/3.11/1433//#testresult/df1c00ac6bab5a95","status":"failed","statusDetails":"jsonschema.exceptions.ValidationError: [] is too short\n\nFailed validating 'minItems' in schema['properties']['bins']:\n    {'items': {'$ref': '#/definitions/Bin'}, 'minItems': 1, 'type': 'array'}\n\nOn instance['bins']:\n    []","time":{"start":1704660954941,"stop":1704660955524,"duration":583}},{"uid":"21b6ed8e66d3d108","reportUrl":"https://robbrad.github.io/UKBinCollectionData/3.11/1431//#testresult/21b6ed8e66d3d108","status":"failed","statusDetails":"  File \"/home/runner/work/UKBinCollectionData/UKBinCollectionData/uk_bin_collection/uk_bin_collection/councils/KingstonUponThamesCouncil.py\", line 28\n    collection_date = collection_date.split(\"\\\")[0]\n                                            ^\nSyntaxError: unterminated string literal (detected at line 28)","time":{"start":1704660274455,"stop":1704660274457,"duration":2}},{"uid":"6f381c393b2b2a0a","reportUrl":"https://robbrad.github.io/UKBinCollectionData/3.11/1426//#testresult/6f381c393b2b2a0a","status":"failed","statusDetails":"jsonschema.exceptions.ValidationError: [] is too short\n\nFailed validating 'minItems' in schema['properties']['bins']:\n    {'items': {'$ref': '#/definitions/Bin'}, 'minItems': 1, 'type': 'array'}\n\nOn instance['bins']:\n    []","time":{"start":1704615406017,"stop":1704615406546,"duration":529}},{"uid":"c4a9e39cc5b29ed4","reportUrl":"https://robbrad.github.io/UKBinCollectionData/3.11/1423//#testresult/c4a9e39cc5b29ed4","status":"failed","statusDetails":"jsonschema.exceptions.ValidationError: [] is too short\n\nFailed validating 'minItems' in schema['properties']['bins']:\n    {'items': {'$ref': '#/definitions/Bin'}, 'minItems': 1, 'type': 'array'}\n\nOn instance['bins']:\n    []","time":{"start":1704614818881,"stop":1704614819692,"duration":811}},{"uid":"310433131af6b01f","reportUrl":"https://robbrad.github.io/UKBinCollectionData/3.11/1420//#testresult/310433131af6b01f","status":"failed","statusDetails":"AssertionError: True","time":{"start":1704587467174,"stop":1704587467852,"duration":678}},{"uid":"c066b245b6487166","reportUrl":"https://robbrad.github.io/UKBinCollectionData/3.11/1413//#testresult/c066b245b6487166","status":"failed","statusDetails":"ValueError: time data 'Thursday, 11 January\\n              (this collection has been adjusted from its usual time) 2024' does not match format '%A, %d %B %Y'","time":{"start":1704542742297,"stop":1704542744063,"duration":1766}},{"uid":"3f6d2cddd9a4f319","reportUrl":"https://robbrad.github.io/UKBinCollectionData/3.11/1408//#testresult/3f6d2cddd9a4f319","status":"failed","statusDetails":"AssertionError: True","time":{"start":1704496172174,"stop":1704496172991,"duration":817}}]},"tags":[]},"source":"7aec933e7c65ac8.json","parameterValues":["KingstonUponThamesCouncil","None","None"]}