{"uid":"434d5a6c082e1ccd","name":"Validate Council Output [NeathPortTalbotCouncil-http://selenium:4444-local]","fullName":"features/validate_council_outputs.feature:Validate Council Output","historyId":"68717d64a9b5b73045a4198b6f1e2a64","time":{"start":1713053359937,"stop":1713053365313,"duration":5376},"status":"failed","statusMessage":"selenium.common.exceptions.NoSuchElementException: Message: no such element: Unable to locate element: {\"method\":\"css selector\",\"selector\":\"[id=\"ContentPlaceHolderDefault_ctl13_nptLLPG2_25_addresslookup_txtTmpPostcode\"]\"}\n  (Session info: chrome-headless-shell=123.0.6312.105); For documentation on this error, please visit: https://www.selenium.dev/documentation/webdriver/troubleshooting/errors#no-such-element-exception\nStacktrace:\n#0 0x5574438cf863 <unknown>\n#1 0x5574435c58c6 <unknown>\n#2 0x557443610618 <unknown>\n#3 0x5574436106d1 <unknown>\n#4 0x557443653744 <unknown>\n#5 0x5574436325cd <unknown>\n#6 0x557443650c19 <unknown>\n#7 0x557443632343 <unknown>\n#8 0x557443603593 <unknown>\n#9 0x557443603f5e <unknown>\n#10 0x55744389384b <unknown>\n#11 0x5574438977a5 <unknown>\n#12 0x557443881571 <unknown>\n#13 0x557443898332 <unknown>\n#14 0x55744386687f <unknown>\n#15 0x5574438be728 <unknown>\n#16 0x5574438be8fb <unknown>\n#17 0x5574438ce9b4 <unknown>\n#18 0x7f3e5dc94ac3 <unknown>","statusTrace":"fixturefunc = <function scrape_step at 0x7fdf1bdcc860>\nrequest = <FixtureRequest for <Function test_scenario_outline[NeathPortTalbotCouncil-http://selenium:4444-local]>>\nkwargs = {'context': <test_validate_council.context.<locals>.Context object at 0x7fdf1b148450>, 'council': 'NeathPortTalbotCouncil', 'selenium_mode': 'local', 'selenium_url': 'http://selenium:4444'}\n\n    def call_fixture_func(\n        fixturefunc: \"_FixtureFunc[FixtureValue]\", request: FixtureRequest, kwargs\n    ) -> FixtureValue:\n        if is_generator(fixturefunc):\n            fixturefunc = cast(\n                Callable[..., Generator[FixtureValue, None, None]], fixturefunc\n            )\n            generator = fixturefunc(**kwargs)\n            try:\n                fixture_result = next(generator)\n            except StopIteration:\n                raise ValueError(f\"{request.fixturename} did not yield a value\") from None\n            finalizer = functools.partial(_teardown_yield_fixture, fixturefunc, generator)\n            request.addfinalizer(finalizer)\n        else:\n            fixturefunc = cast(Callable[..., FixtureValue], fixturefunc)\n>           fixture_result = fixturefunc(**kwargs)\n\n../../../.cache/pypoetry/virtualenvs/uk-bin-collection-EwS6Gn8s-py3.11/lib/python3.11/site-packages/_pytest/fixtures.py:902: \n_ _ _ _ _ _ _ _ _ _ _ _ _ _ _ _ _ _ _ _ _ _ _ _ _ _ _ _ _ _ _ _ _ _ _ _ _ _ _ _ \nuk_bin_collection/tests/step_defs/test_validate_council.py:92: in scrape_step\n    context.parse_result = CollectData.run()\nuk_bin_collection/uk_bin_collection/collect_data.py:96: in run\n    return self.client_code(\nuk_bin_collection/uk_bin_collection/collect_data.py:115: in client_code\n    return get_bin_data_class.template_method(address_url, **kwargs)\nuk_bin_collection/uk_bin_collection/get_bin_data.py:78: in template_method\n    bin_data_dict = self.parse_data(\nuk_bin_collection/uk_bin_collection/councils/NeathPortTalbotCouncil.py:42: in parse_data\n    inputElement_postcode = driver.find_element(\n../../../.cache/pypoetry/virtualenvs/uk-bin-collection-EwS6Gn8s-py3.11/lib/python3.11/site-packages/selenium/webdriver/remote/webdriver.py:738: in find_element\n    return self.execute(Command.FIND_ELEMENT, {\"using\": by, \"value\": value})[\"value\"]\n../../../.cache/pypoetry/virtualenvs/uk-bin-collection-EwS6Gn8s-py3.11/lib/python3.11/site-packages/selenium/webdriver/remote/webdriver.py:344: in execute\n    self.error_handler.check_response(response)\n_ _ _ _ _ _ _ _ _ _ _ _ _ _ _ _ _ _ _ _ _ _ _ _ _ _ _ _ _ _ _ _ _ _ _ _ _ _ _ _ \n\nself = <selenium.webdriver.remote.errorhandler.ErrorHandler object at 0x7fdf1b9e5190>\nresponse = {'status': 404, 'value': '{\"value\":{\"error\":\"no such element\",\"message\":\"no such element: Unable to locate element: {\\...\\\\n#16 0x5574438be8fb \\\\u003Cunknown>\\\\n#17 0x5574438ce9b4 \\\\u003Cunknown>\\\\n#18 0x7f3e5dc94ac3 \\\\u003Cunknown>\\\\n\"}}'}\n\n    def check_response(self, response: Dict[str, Any]) -> None:\n        \"\"\"Checks that a JSON response from the WebDriver does not have an\n        error.\n    \n        :Args:\n         - response - The JSON response from the WebDriver server as a dictionary\n           object.\n    \n        :Raises: If the response contains an error message.\n        \"\"\"\n        status = response.get(\"status\", None)\n        if not status or status == ErrorCode.SUCCESS:\n            return\n        value = None\n        message = response.get(\"message\", \"\")\n        screen: str = response.get(\"screen\", \"\")\n        stacktrace = None\n        if isinstance(status, int):\n            value_json = response.get(\"value\", None)\n            if value_json and isinstance(value_json, str):\n                import json\n    \n                try:\n                    value = json.loads(value_json)\n                    if len(value) == 1:\n                        value = value[\"value\"]\n                    status = value.get(\"error\", None)\n                    if not status:\n                        status = value.get(\"status\", ErrorCode.UNKNOWN_ERROR)\n                        message = value.get(\"value\") or value.get(\"message\")\n                        if not isinstance(message, str):\n                            value = message\n                            message = message.get(\"message\")\n                    else:\n                        message = value.get(\"message\", None)\n                except ValueError:\n                    pass\n    \n        exception_class: Type[WebDriverException]\n        e = ErrorCode()\n        error_codes = [item for item in dir(e) if not item.startswith(\"__\")]\n        for error_code in error_codes:\n            error_info = getattr(ErrorCode, error_code)\n            if isinstance(error_info, list) and status in error_info:\n                exception_class = getattr(ExceptionMapping, error_code, WebDriverException)\n                break\n        else:\n            exception_class = WebDriverException\n    \n        if not value:\n            value = response[\"value\"]\n        if isinstance(value, str):\n            raise exception_class(value)\n        if message == \"\" and \"message\" in value:\n            message = value[\"message\"]\n    \n        screen = None  # type: ignore[assignment]\n        if \"screen\" in value:\n            screen = value[\"screen\"]\n    \n        stacktrace = None\n        st_value = value.get(\"stackTrace\") or value.get(\"stacktrace\")\n        if st_value:\n            if isinstance(st_value, str):\n                stacktrace = st_value.split(\"\\n\")\n            else:\n                stacktrace = []\n                try:\n                    for frame in st_value:\n                        line = frame.get(\"lineNumber\", \"\")\n                        file = frame.get(\"fileName\", \"<anonymous>\")\n                        if line:\n                            file = f\"{file}:{line}\"\n                        meth = frame.get(\"methodName\", \"<anonymous>\")\n                        if \"className\" in frame:\n                            meth = f\"{frame['className']}.{meth}\"\n                        msg = \"    at %s (%s)\"\n                        msg = msg % (meth, file)\n                        stacktrace.append(msg)\n                except TypeError:\n                    pass\n        if exception_class == UnexpectedAlertPresentException:\n            alert_text = None\n            if \"data\" in value:\n                alert_text = value[\"data\"].get(\"text\")\n            elif \"alert\" in value:\n                alert_text = value[\"alert\"].get(\"text\")\n            raise exception_class(message, screen, stacktrace, alert_text)  # type: ignore[call-arg]  # mypy is not smart enough here\n>       raise exception_class(message, screen, stacktrace)\nE       selenium.common.exceptions.NoSuchElementException: Message: no such element: Unable to locate element: {\"method\":\"css selector\",\"selector\":\"[id=\"ContentPlaceHolderDefault_ctl13_nptLLPG2_25_addresslookup_txtTmpPostcode\"]\"}\nE         (Session info: chrome-headless-shell=123.0.6312.105); For documentation on this error, please visit: https://www.selenium.dev/documentation/webdriver/troubleshooting/errors#no-such-element-exception\nE       Stacktrace:\nE       #0 0x5574438cf863 <unknown>\nE       #1 0x5574435c58c6 <unknown>\nE       #2 0x557443610618 <unknown>\nE       #3 0x5574436106d1 <unknown>\nE       #4 0x557443653744 <unknown>\nE       #5 0x5574436325cd <unknown>\nE       #6 0x557443650c19 <unknown>\nE       #7 0x557443632343 <unknown>\nE       #8 0x557443603593 <unknown>\nE       #9 0x557443603f5e <unknown>\nE       #10 0x55744389384b <unknown>\nE       #11 0x5574438977a5 <unknown>\nE       #12 0x557443881571 <unknown>\nE       #13 0x557443898332 <unknown>\nE       #14 0x55744386687f <unknown>\nE       #15 0x5574438be728 <unknown>\nE       #16 0x5574438be8fb <unknown>\nE       #17 0x5574438ce9b4 <unknown>\nE       #18 0x7f3e5dc94ac3 <unknown>\n\n../../../.cache/pypoetry/virtualenvs/uk-bin-collection-EwS6Gn8s-py3.11/lib/python3.11/site-packages/selenium/webdriver/remote/errorhandler.py:229: NoSuchElementException","flaky":false,"newFailed":false,"newBroken":false,"newPassed":false,"retriesCount":0,"retriesStatusChange":false,"beforeStages":[],"testStage":{"status":"failed","statusMessage":"selenium.common.exceptions.NoSuchElementException: Message: no such element: Unable to locate element: {\"method\":\"css selector\",\"selector\":\"[id=\"ContentPlaceHolderDefault_ctl13_nptLLPG2_25_addresslookup_txtTmpPostcode\"]\"}\n  (Session info: chrome-headless-shell=123.0.6312.105); For documentation on this error, please visit: https://www.selenium.dev/documentation/webdriver/troubleshooting/errors#no-such-element-exception\nStacktrace:\n#0 0x5574438cf863 <unknown>\n#1 0x5574435c58c6 <unknown>\n#2 0x557443610618 <unknown>\n#3 0x5574436106d1 <unknown>\n#4 0x557443653744 <unknown>\n#5 0x5574436325cd <unknown>\n#6 0x557443650c19 <unknown>\n#7 0x557443632343 <unknown>\n#8 0x557443603593 <unknown>\n#9 0x557443603f5e <unknown>\n#10 0x55744389384b <unknown>\n#11 0x5574438977a5 <unknown>\n#12 0x557443881571 <unknown>\n#13 0x557443898332 <unknown>\n#14 0x55744386687f <unknown>\n#15 0x5574438be728 <unknown>\n#16 0x5574438be8fb <unknown>\n#17 0x5574438ce9b4 <unknown>\n#18 0x7f3e5dc94ac3 <unknown>","statusTrace":"fixturefunc = <function scrape_step at 0x7fdf1bdcc860>\nrequest = <FixtureRequest for <Function test_scenario_outline[NeathPortTalbotCouncil-http://selenium:4444-local]>>\nkwargs = {'context': <test_validate_council.context.<locals>.Context object at 0x7fdf1b148450>, 'council': 'NeathPortTalbotCouncil', 'selenium_mode': 'local', 'selenium_url': 'http://selenium:4444'}\n\n    def call_fixture_func(\n        fixturefunc: \"_FixtureFunc[FixtureValue]\", request: FixtureRequest, kwargs\n    ) -> FixtureValue:\n        if is_generator(fixturefunc):\n            fixturefunc = cast(\n                Callable[..., Generator[FixtureValue, None, None]], fixturefunc\n            )\n            generator = fixturefunc(**kwargs)\n            try:\n                fixture_result = next(generator)\n            except StopIteration:\n                raise ValueError(f\"{request.fixturename} did not yield a value\") from None\n            finalizer = functools.partial(_teardown_yield_fixture, fixturefunc, generator)\n            request.addfinalizer(finalizer)\n        else:\n            fixturefunc = cast(Callable[..., FixtureValue], fixturefunc)\n>           fixture_result = fixturefunc(**kwargs)\n\n../../../.cache/pypoetry/virtualenvs/uk-bin-collection-EwS6Gn8s-py3.11/lib/python3.11/site-packages/_pytest/fixtures.py:902: \n_ _ _ _ _ _ _ _ _ _ _ _ _ _ _ _ _ _ _ _ _ _ _ _ _ _ _ _ _ _ _ _ _ _ _ _ _ _ _ _ \nuk_bin_collection/tests/step_defs/test_validate_council.py:92: in scrape_step\n    context.parse_result = CollectData.run()\nuk_bin_collection/uk_bin_collection/collect_data.py:96: in run\n    return self.client_code(\nuk_bin_collection/uk_bin_collection/collect_data.py:115: in client_code\n    return get_bin_data_class.template_method(address_url, **kwargs)\nuk_bin_collection/uk_bin_collection/get_bin_data.py:78: in template_method\n    bin_data_dict = self.parse_data(\nuk_bin_collection/uk_bin_collection/councils/NeathPortTalbotCouncil.py:42: in parse_data\n    inputElement_postcode = driver.find_element(\n../../../.cache/pypoetry/virtualenvs/uk-bin-collection-EwS6Gn8s-py3.11/lib/python3.11/site-packages/selenium/webdriver/remote/webdriver.py:738: in find_element\n    return self.execute(Command.FIND_ELEMENT, {\"using\": by, \"value\": value})[\"value\"]\n../../../.cache/pypoetry/virtualenvs/uk-bin-collection-EwS6Gn8s-py3.11/lib/python3.11/site-packages/selenium/webdriver/remote/webdriver.py:344: in execute\n    self.error_handler.check_response(response)\n_ _ _ _ _ _ _ _ _ _ _ _ _ _ _ _ _ _ _ _ _ _ _ _ _ _ _ _ _ _ _ _ _ _ _ _ _ _ _ _ \n\nself = <selenium.webdriver.remote.errorhandler.ErrorHandler object at 0x7fdf1b9e5190>\nresponse = {'status': 404, 'value': '{\"value\":{\"error\":\"no such element\",\"message\":\"no such element: Unable to locate element: {\\...\\\\n#16 0x5574438be8fb \\\\u003Cunknown>\\\\n#17 0x5574438ce9b4 \\\\u003Cunknown>\\\\n#18 0x7f3e5dc94ac3 \\\\u003Cunknown>\\\\n\"}}'}\n\n    def check_response(self, response: Dict[str, Any]) -> None:\n        \"\"\"Checks that a JSON response from the WebDriver does not have an\n        error.\n    \n        :Args:\n         - response - The JSON response from the WebDriver server as a dictionary\n           object.\n    \n        :Raises: If the response contains an error message.\n        \"\"\"\n        status = response.get(\"status\", None)\n        if not status or status == ErrorCode.SUCCESS:\n            return\n        value = None\n        message = response.get(\"message\", \"\")\n        screen: str = response.get(\"screen\", \"\")\n        stacktrace = None\n        if isinstance(status, int):\n            value_json = response.get(\"value\", None)\n            if value_json and isinstance(value_json, str):\n                import json\n    \n                try:\n                    value = json.loads(value_json)\n                    if len(value) == 1:\n                        value = value[\"value\"]\n                    status = value.get(\"error\", None)\n                    if not status:\n                        status = value.get(\"status\", ErrorCode.UNKNOWN_ERROR)\n                        message = value.get(\"value\") or value.get(\"message\")\n                        if not isinstance(message, str):\n                            value = message\n                            message = message.get(\"message\")\n                    else:\n                        message = value.get(\"message\", None)\n                except ValueError:\n                    pass\n    \n        exception_class: Type[WebDriverException]\n        e = ErrorCode()\n        error_codes = [item for item in dir(e) if not item.startswith(\"__\")]\n        for error_code in error_codes:\n            error_info = getattr(ErrorCode, error_code)\n            if isinstance(error_info, list) and status in error_info:\n                exception_class = getattr(ExceptionMapping, error_code, WebDriverException)\n                break\n        else:\n            exception_class = WebDriverException\n    \n        if not value:\n            value = response[\"value\"]\n        if isinstance(value, str):\n            raise exception_class(value)\n        if message == \"\" and \"message\" in value:\n            message = value[\"message\"]\n    \n        screen = None  # type: ignore[assignment]\n        if \"screen\" in value:\n            screen = value[\"screen\"]\n    \n        stacktrace = None\n        st_value = value.get(\"stackTrace\") or value.get(\"stacktrace\")\n        if st_value:\n            if isinstance(st_value, str):\n                stacktrace = st_value.split(\"\\n\")\n            else:\n                stacktrace = []\n                try:\n                    for frame in st_value:\n                        line = frame.get(\"lineNumber\", \"\")\n                        file = frame.get(\"fileName\", \"<anonymous>\")\n                        if line:\n                            file = f\"{file}:{line}\"\n                        meth = frame.get(\"methodName\", \"<anonymous>\")\n                        if \"className\" in frame:\n                            meth = f\"{frame['className']}.{meth}\"\n                        msg = \"    at %s (%s)\"\n                        msg = msg % (meth, file)\n                        stacktrace.append(msg)\n                except TypeError:\n                    pass\n        if exception_class == UnexpectedAlertPresentException:\n            alert_text = None\n            if \"data\" in value:\n                alert_text = value[\"data\"].get(\"text\")\n            elif \"alert\" in value:\n                alert_text = value[\"alert\"].get(\"text\")\n            raise exception_class(message, screen, stacktrace, alert_text)  # type: ignore[call-arg]  # mypy is not smart enough here\n>       raise exception_class(message, screen, stacktrace)\nE       selenium.common.exceptions.NoSuchElementException: Message: no such element: Unable to locate element: {\"method\":\"css selector\",\"selector\":\"[id=\"ContentPlaceHolderDefault_ctl13_nptLLPG2_25_addresslookup_txtTmpPostcode\"]\"}\nE         (Session info: chrome-headless-shell=123.0.6312.105); For documentation on this error, please visit: https://www.selenium.dev/documentation/webdriver/troubleshooting/errors#no-such-element-exception\nE       Stacktrace:\nE       #0 0x5574438cf863 <unknown>\nE       #1 0x5574435c58c6 <unknown>\nE       #2 0x557443610618 <unknown>\nE       #3 0x5574436106d1 <unknown>\nE       #4 0x557443653744 <unknown>\nE       #5 0x5574436325cd <unknown>\nE       #6 0x557443650c19 <unknown>\nE       #7 0x557443632343 <unknown>\nE       #8 0x557443603593 <unknown>\nE       #9 0x557443603f5e <unknown>\nE       #10 0x55744389384b <unknown>\nE       #11 0x5574438977a5 <unknown>\nE       #12 0x557443881571 <unknown>\nE       #13 0x557443898332 <unknown>\nE       #14 0x55744386687f <unknown>\nE       #15 0x5574438be728 <unknown>\nE       #16 0x5574438be8fb <unknown>\nE       #17 0x5574438ce9b4 <unknown>\nE       #18 0x7f3e5dc94ac3 <unknown>\n\n../../../.cache/pypoetry/virtualenvs/uk-bin-collection-EwS6Gn8s-py3.11/lib/python3.11/site-packages/selenium/webdriver/remote/errorhandler.py:229: NoSuchElementException","steps":[{"name":"Given the council: NeathPortTalbotCouncil","time":{"start":1713053359937,"stop":1713053359937,"duration":0},"status":"passed","steps":[],"attachments":[],"parameters":[],"shouldDisplayMessage":false,"stepsCount":0,"attachmentsCount":0,"hasContent":false,"attachmentStep":false},{"name":"When we scrape the data from NeathPortTalbotCouncil using local and the http://selenium:4444 is set","time":{"start":1713053359938,"stop":1713053365313,"duration":5375},"status":"failed","statusMessage":"Message: no such element: Unable to locate element: {\"method\":\"css selector\",\"selector\":\"[id=\"ContentPlaceHolderDefault_ctl13_nptLLPG2_25_addresslookup_txtTmpPostcode\"]\"}\n  (Session info: chrome-headless-shell=123.0.6312.105); For documentation on this error, please visit: https://www.selenium.dev/documentation/webdriver/troubleshooting/errors#no-such-element-exception\nStacktrace:\n#0 0x5574438cf863 <unknown>\n#1 0x5574435c58c6 <unknown>\n#2 0x557443610618 <unknown>\n#3 0x5574436106d1 <unknown>\n#4 0x557443653744 <unknown>\n#5 0x5574436325cd <unknown>\n#6 0x557443650c19 <unknown>\n#7 0x557443632343 <unknown>\n#8 0x557443603593 <unknown>\n#9 0x557443603f5e <unknown>\n#10 0x55744389384b <unknown>\n#11 0x5574438977a5 <unknown>\n#12 0x557443881571 <unknown>\n#13 0x557443898332 <unknown>\n#14 0x55744386687f <unknown>\n#15 0x5574438be728 <unknown>\n#16 0x5574438be8fb <unknown>\n#17 0x5574438ce9b4 <unknown>\n#18 0x7f3e5dc94ac3 <unknown>\n","statusTrace":"selenium.common.exceptions.NoSuchElementException: Message: no such element: Unable to locate element: {\"method\":\"css selector\",\"selector\":\"[id=\"ContentPlaceHolderDefault_ctl13_nptLLPG2_25_addresslookup_txtTmpPostcode\"]\"}\n  (Session info: chrome-headless-shell=123.0.6312.105); For documentation on this error, please visit: https://www.selenium.dev/documentation/webdriver/troubleshooting/errors#no-such-element-exception\nStacktrace:\n#0 0x5574438cf863 <unknown>\n#1 0x5574435c58c6 <unknown>\n#2 0x557443610618 <unknown>\n#3 0x5574436106d1 <unknown>\n#4 0x557443653744 <unknown>\n#5 0x5574436325cd <unknown>\n#6 0x557443650c19 <unknown>\n#7 0x557443632343 <unknown>\n#8 0x557443603593 <unknown>\n#9 0x557443603f5e <unknown>\n#10 0x55744389384b <unknown>\n#11 0x5574438977a5 <unknown>\n#12 0x557443881571 <unknown>\n#13 0x557443898332 <unknown>\n#14 0x55744386687f <unknown>\n#15 0x5574438be728 <unknown>\n#16 0x5574438be8fb <unknown>\n#17 0x5574438ce9b4 <unknown>\n#18 0x7f3e5dc94ac3 <unknown>\n\n","steps":[],"attachments":[],"parameters":[],"shouldDisplayMessage":true,"stepsCount":0,"attachmentsCount":0,"hasContent":true,"attachmentStep":false}],"attachments":[],"parameters":[],"shouldDisplayMessage":true,"stepsCount":2,"attachmentsCount":0,"hasContent":true,"attachmentStep":false},"afterStages":[],"labels":[{"name":"host","value":"fv-az979-54"},{"name":"thread","value":"2788-MainThread"},{"name":"framework","value":"pytest-bdd"},{"name":"language","value":"cpython3"},{"name":"feature","value":"Test each council output matches expected results"},{"name":"resultFormat","value":"allure2"}],"parameters":[{"name":"council","value":"NeathPortTalbotCouncil"},{"name":"selenium_mode","value":"local"},{"name":"selenium_url","value":"http://selenium:4444"}],"links":[],"hidden":false,"retry":false,"extra":{"severity":"normal","retries":[],"categories":[{"name":"Product defects","matchedStatuses":[],"flaky":false}],"history":{"statistic":{"failed":237,"broken":0,"skipped":0,"passed":14,"unknown":0,"total":251},"items":[{"uid":"e6f1858b2d982f1a","reportUrl":"https://robbrad.github.io/UKBinCollectionData/3.11/1677//#testresult/e6f1858b2d982f1a","status":"failed","statusDetails":"selenium.common.exceptions.NoSuchElementException: Message: no such element: Unable to locate element: {\"method\":\"css selector\",\"selector\":\"[id=\"ContentPlaceHolderDefault_ctl13_nptLLPG2_25_addresslookup_txtTmpPostcode\"]\"}\n  (Session info: chrome-headless-shell=123.0.6312.105); For documentation on this error, please visit: https://www.selenium.dev/documentation/webdriver/troubleshooting/errors#no-such-element-exception\nStacktrace:\n#0 0x5651813a8863 <unknown>\n#1 0x56518109e8c6 <unknown>\n#2 0x5651810e9618 <unknown>\n#3 0x5651810e96d1 <unknown>\n#4 0x56518112c744 <unknown>\n#5 0x56518110b5cd <unknown>\n#6 0x565181129c19 <unknown>\n#7 0x56518110b343 <unknown>\n#8 0x5651810dc593 <unknown>\n#9 0x5651810dcf5e <unknown>\n#10 0x56518136c84b <unknown>\n#11 0x5651813707a5 <unknown>\n#12 0x56518135a571 <unknown>\n#13 0x565181371332 <unknown>\n#14 0x56518133f87f <unknown>\n#15 0x565181397728 <unknown>\n#16 0x5651813978fb <unknown>\n#17 0x5651813a79b4 <unknown>\n#18 0x7ffa2cc94ac3 <unknown>","time":{"start":1712967844469,"stop":1712967848009,"duration":3540}},{"uid":"f18ae1154fc740e2","reportUrl":"https://robbrad.github.io/UKBinCollectionData/3.11/1675//#testresult/f18ae1154fc740e2","status":"failed","statusDetails":"selenium.common.exceptions.NoSuchElementException: Message: no such element: Unable to locate element: {\"method\":\"css selector\",\"selector\":\"[id=\"ContentPlaceHolderDefault_ctl13_nptLLPG2_25_addresslookup_txtTmpPostcode\"]\"}\n  (Session info: chrome-headless-shell=123.0.6312.105); For documentation on this error, please visit: https://www.selenium.dev/documentation/webdriver/troubleshooting/errors#no-such-element-exception\nStacktrace:\n#0 0x55aaf7030863 <unknown>\n#1 0x55aaf6d268c6 <unknown>\n#2 0x55aaf6d71618 <unknown>\n#3 0x55aaf6d716d1 <unknown>\n#4 0x55aaf6db4744 <unknown>\n#5 0x55aaf6d935cd <unknown>\n#6 0x55aaf6db1c19 <unknown>\n#7 0x55aaf6d93343 <unknown>\n#8 0x55aaf6d64593 <unknown>\n#9 0x55aaf6d64f5e <unknown>\n#10 0x55aaf6ff484b <unknown>\n#11 0x55aaf6ff87a5 <unknown>\n#12 0x55aaf6fe2571 <unknown>\n#13 0x55aaf6ff9332 <unknown>\n#14 0x55aaf6fc787f <unknown>\n#15 0x55aaf701f728 <unknown>\n#16 0x55aaf701f8fb <unknown>\n#17 0x55aaf702f9b4 <unknown>\n#18 0x7f61e9a94ac3 <unknown>","time":{"start":1712881744722,"stop":1712881748915,"duration":4193}},{"uid":"7f8c5bfd1f219b23","reportUrl":"https://robbrad.github.io/UKBinCollectionData/3.11/1674//#testresult/7f8c5bfd1f219b23","status":"failed","statusDetails":"selenium.common.exceptions.NoSuchElementException: Message: no such element: Unable to locate element: {\"method\":\"css selector\",\"selector\":\"[id=\"ContentPlaceHolderDefault_ctl13_nptLLPG2_25_addresslookup_txtTmpPostcode\"]\"}\n  (Session info: chrome-headless-shell=123.0.6312.105); For documentation on this error, please visit: https://www.selenium.dev/documentation/webdriver/troubleshooting/errors#no-such-element-exception\nStacktrace:\n#0 0x5628d8cf4863 <unknown>\n#1 0x5628d89ea8c6 <unknown>\n#2 0x5628d8a35618 <unknown>\n#3 0x5628d8a356d1 <unknown>\n#4 0x5628d8a78744 <unknown>\n#5 0x5628d8a575cd <unknown>\n#6 0x5628d8a75c19 <unknown>\n#7 0x5628d8a57343 <unknown>\n#8 0x5628d8a28593 <unknown>\n#9 0x5628d8a28f5e <unknown>\n#10 0x5628d8cb884b <unknown>\n#11 0x5628d8cbc7a5 <unknown>\n#12 0x5628d8ca6571 <unknown>\n#13 0x5628d8cbd332 <unknown>\n#14 0x5628d8c8b87f <unknown>\n#15 0x5628d8ce3728 <unknown>\n#16 0x5628d8ce38fb <unknown>\n#17 0x5628d8cf39b4 <unknown>\n#18 0x7fa1eb494ac3 <unknown>","time":{"start":1712795411129,"stop":1712795415453,"duration":4324}},{"uid":"cc486c8be4f3bf1d","reportUrl":"https://robbrad.github.io/UKBinCollectionData/3.11/1673//#testresult/cc486c8be4f3bf1d","status":"failed","statusDetails":"selenium.common.exceptions.NoSuchElementException: Message: no such element: Unable to locate element: {\"method\":\"css selector\",\"selector\":\"[id=\"ContentPlaceHolderDefault_ctl13_nptLLPG2_25_addresslookup_txtTmpPostcode\"]\"}\n  (Session info: chrome-headless-shell=123.0.6312.105); For documentation on this error, please visit: https://www.selenium.dev/documentation/webdriver/troubleshooting/errors#no-such-element-exception\nStacktrace:\n#0 0x560ba541a873 <unknown>\n#1 0x560ba51108c6 <unknown>\n#2 0x560ba515b618 <unknown>\n#3 0x560ba515b6d1 <unknown>\n#4 0x560ba519e744 <unknown>\n#5 0x560ba517d5cd <unknown>\n#6 0x560ba519bc19 <unknown>\n#7 0x560ba517d343 <unknown>\n#8 0x560ba514e593 <unknown>\n#9 0x560ba514ef5e <unknown>\n#10 0x560ba53de85b <unknown>\n#11 0x560ba53e27b5 <unknown>\n#12 0x560ba53cc581 <unknown>\n#13 0x560ba53e3342 <unknown>\n#14 0x560ba53b188f <unknown>\n#15 0x560ba5409738 <unknown>\n#16 0x560ba540990b <unknown>\n#17 0x560ba54199c4 <unknown>\n#18 0x7f52ea694ac3 <unknown>","time":{"start":1712710414057,"stop":1712710418439,"duration":4382}},{"uid":"75551d165455a2f","reportUrl":"https://robbrad.github.io/UKBinCollectionData/3.11/1671//#testresult/75551d165455a2f","status":"failed","statusDetails":"selenium.common.exceptions.NoSuchElementException: Message: no such element: Unable to locate element: {\"method\":\"css selector\",\"selector\":\"[id=\"ContentPlaceHolderDefault_ctl13_nptLLPG2_25_addresslookup_txtTmpPostcode\"]\"}\n  (Session info: chrome-headless-shell=123.0.6312.105); For documentation on this error, please visit: https://www.selenium.dev/documentation/webdriver/troubleshooting/errors#no-such-element-exception\nStacktrace:\n#0 0x56197a3f4873 <unknown>\n#1 0x56197a0ea8c6 <unknown>\n#2 0x56197a135618 <unknown>\n#3 0x56197a1356d1 <unknown>\n#4 0x56197a178744 <unknown>\n#5 0x56197a1575cd <unknown>\n#6 0x56197a175c19 <unknown>\n#7 0x56197a157343 <unknown>\n#8 0x56197a128593 <unknown>\n#9 0x56197a128f5e <unknown>\n#10 0x56197a3b885b <unknown>\n#11 0x56197a3bc7b5 <unknown>\n#12 0x56197a3a6581 <unknown>\n#13 0x56197a3bd342 <unknown>\n#14 0x56197a38b88f <unknown>\n#15 0x56197a3e3738 <unknown>\n#16 0x56197a3e390b <unknown>\n#17 0x56197a3f39c4 <unknown>\n#18 0x7f304fa94ac3 <unknown>","time":{"start":1712700440502,"stop":1712700444843,"duration":4341}},{"uid":"7b16d4370d96b1f4","reportUrl":"https://robbrad.github.io/UKBinCollectionData/3.11/1668//#testresult/7b16d4370d96b1f4","status":"failed","statusDetails":"selenium.common.exceptions.ElementClickInterceptedException: Message: element click intercepted: Element is not clickable at point (589, 627)\n  (Session info: chrome-headless-shell=123.0.6312.58)\nStacktrace:\n#0 0x55717c0d1873 <unknown>\n#1 0x55717bdc78c6 <unknown>\n#2 0x55717be19233 <unknown>\n#3 0x55717be1714e <unknown>\n#4 0x55717be14b27 <unknown>\n#5 0x55717be13ed3 <unknown>\n#6 0x55717be07507 <unknown>\n#7 0x55717be345a2 <unknown>\n#8 0x55717be06e98 <unknown>\n#9 0x55717be3476e <unknown>\n#10 0x55717be52c19 <unknown>\n#11 0x55717be34343 <unknown>\n#12 0x55717be05593 <unknown>\n#13 0x55717be05f5e <unknown>\n#14 0x55717c09585b <unknown>\n#15 0x55717c0997b5 <unknown>\n#16 0x55717c083581 <unknown>\n#17 0x55717c09a342 <unknown>\n#18 0x55717c06888f <unknown>\n#19 0x55717c0c0738 <unknown>\n#20 0x55717c0c090b <unknown>\n#21 0x55717c0d09c4 <unknown>\n#22 0x7f1bb6694ac3 <unknown>","time":{"start":1712622542340,"stop":1712622547696,"duration":5356}},{"uid":"b33bfb0ed9aef17b","reportUrl":"https://robbrad.github.io/UKBinCollectionData/3.11/1667//#testresult/b33bfb0ed9aef17b","status":"failed","statusDetails":"selenium.common.exceptions.NoSuchElementException: Message: no such element: Unable to locate element: {\"method\":\"css selector\",\"selector\":\"[id=\"ContentPlaceHolderDefault_ctl13_nptLLPG2_25_addresslookup_txtTmpPostcode\"]\"}\n  (Session info: chrome-headless-shell=123.0.6312.105); For documentation on this error, please visit: https://www.selenium.dev/documentation/webdriver/troubleshooting/errors#no-such-element-exception\nStacktrace:\n#0 0x5611a143c873 <unknown>\n#1 0x5611a11328c6 <unknown>\n#2 0x5611a117d618 <unknown>\n#3 0x5611a117d6d1 <unknown>\n#4 0x5611a11c0744 <unknown>\n#5 0x5611a119f5cd <unknown>\n#6 0x5611a11bdc19 <unknown>\n#7 0x5611a119f343 <unknown>\n#8 0x5611a1170593 <unknown>\n#9 0x5611a1170f5e <unknown>\n#10 0x5611a140085b <unknown>\n#11 0x5611a14047b5 <unknown>\n#12 0x5611a13ee581 <unknown>\n#13 0x5611a1405342 <unknown>\n#14 0x5611a13d388f <unknown>\n#15 0x5611a142b738 <unknown>\n#16 0x5611a142b90b <unknown>\n#17 0x5611a143b9c4 <unknown>\n#18 0x7f1b69494ac3 <unknown>","time":{"start":1712536113191,"stop":1712536116744,"duration":3553}},{"uid":"1e4d23cdd74be189","reportUrl":"https://robbrad.github.io/UKBinCollectionData/3.11/1666//#testresult/1e4d23cdd74be189","status":"failed","statusDetails":"selenium.common.exceptions.NoSuchElementException: Message: no such element: Unable to locate element: {\"method\":\"css selector\",\"selector\":\"[id=\"ContentPlaceHolderDefault_ctl13_nptLLPG2_25_addresslookup_txtTmpPostcode\"]\"}\n  (Session info: chrome-headless-shell=123.0.6312.105); For documentation on this error, please visit: https://www.selenium.dev/documentation/webdriver/troubleshooting/errors#no-such-element-exception\nStacktrace:\n#0 0x55dd4c486873 <unknown>\n#1 0x55dd4c17c8c6 <unknown>\n#2 0x55dd4c1c7618 <unknown>\n#3 0x55dd4c1c76d1 <unknown>\n#4 0x55dd4c20a744 <unknown>\n#5 0x55dd4c1e95cd <unknown>\n#6 0x55dd4c207c19 <unknown>\n#7 0x55dd4c1e9343 <unknown>\n#8 0x55dd4c1ba593 <unknown>\n#9 0x55dd4c1baf5e <unknown>\n#10 0x55dd4c44a85b <unknown>\n#11 0x55dd4c44e7b5 <unknown>\n#12 0x55dd4c438581 <unknown>\n#13 0x55dd4c44f342 <unknown>\n#14 0x55dd4c41d88f <unknown>\n#15 0x55dd4c475738 <unknown>\n#16 0x55dd4c47590b <unknown>\n#17 0x55dd4c4859c4 <unknown>\n#18 0x7f0c7fc94ac3 <unknown>","time":{"start":1712449863205,"stop":1712449867319,"duration":4114}},{"uid":"618c02e1a62d5c05","reportUrl":"https://robbrad.github.io/UKBinCollectionData/3.11/1665//#testresult/618c02e1a62d5c05","status":"failed","statusDetails":"selenium.common.exceptions.NoSuchElementException: Message: no such element: Unable to locate element: {\"method\":\"css selector\",\"selector\":\"[id=\"ContentPlaceHolderDefault_ctl13_nptLLPG2_25_addresslookup_txtTmpPostcode\"]\"}\n  (Session info: chrome-headless-shell=123.0.6312.105); For documentation on this error, please visit: https://www.selenium.dev/documentation/webdriver/troubleshooting/errors#no-such-element-exception\nStacktrace:\n#0 0x56288d80f873 <unknown>\n#1 0x56288d5058c6 <unknown>\n#2 0x56288d550618 <unknown>\n#3 0x56288d5506d1 <unknown>\n#4 0x56288d593744 <unknown>\n#5 0x56288d5725cd <unknown>\n#6 0x56288d590c19 <unknown>\n#7 0x56288d572343 <unknown>\n#8 0x56288d543593 <unknown>\n#9 0x56288d543f5e <unknown>\n#10 0x56288d7d385b <unknown>\n#11 0x56288d7d77b5 <unknown>\n#12 0x56288d7c1581 <unknown>\n#13 0x56288d7d8342 <unknown>\n#14 0x56288d7a688f <unknown>\n#15 0x56288d7fe738 <unknown>\n#16 0x56288d7fe90b <unknown>\n#17 0x56288d80e9c4 <unknown>\n#18 0x7f4a3cc94ac3 <unknown>","time":{"start":1712363285912,"stop":1712363289787,"duration":3875}},{"uid":"3fffbb992ac40d0c","reportUrl":"https://robbrad.github.io/UKBinCollectionData/3.11/1664//#testresult/3fffbb992ac40d0c","status":"failed","statusDetails":"selenium.common.exceptions.NoSuchElementException: Message: no such element: Unable to locate element: {\"method\":\"css selector\",\"selector\":\"[id=\"ContentPlaceHolderDefault_ctl13_nptLLPG2_25_addresslookup_txtTmpPostcode\"]\"}\n  (Session info: chrome-headless-shell=123.0.6312.58); For documentation on this error, please visit: https://www.selenium.dev/documentation/webdriver/troubleshooting/errors#no-such-element-exception\nStacktrace:\n#0 0x55c157e5f873 <unknown>\n#1 0x55c157b558c6 <unknown>\n#2 0x55c157ba0618 <unknown>\n#3 0x55c157ba06d1 <unknown>\n#4 0x55c157be3744 <unknown>\n#5 0x55c157bc25cd <unknown>\n#6 0x55c157be0c19 <unknown>\n#7 0x55c157bc2343 <unknown>\n#8 0x55c157b93593 <unknown>\n#9 0x55c157b93f5e <unknown>\n#10 0x55c157e2385b <unknown>\n#11 0x55c157e277b5 <unknown>\n#12 0x55c157e11581 <unknown>\n#13 0x55c157e28342 <unknown>\n#14 0x55c157df688f <unknown>\n#15 0x55c157e4e738 <unknown>\n#16 0x55c157e4e90b <unknown>\n#17 0x55c157e5e9c4 <unknown>\n#18 0x7ffac7694ac3 <unknown>","time":{"start":1712276861420,"stop":1712276864975,"duration":3555}},{"uid":"7b6515a0895ba9f8","reportUrl":"https://robbrad.github.io/UKBinCollectionData/3.11/1660//#testresult/7b6515a0895ba9f8","status":"failed","statusDetails":"selenium.common.exceptions.NoSuchElementException: Message: no such element: Unable to locate element: {\"method\":\"css selector\",\"selector\":\"[id=\"ContentPlaceHolderDefault_ctl13_nptLLPG2_25_addresslookup_txtTmpPostcode\"]\"}\n  (Session info: chrome-headless-shell=123.0.6312.86); For documentation on this error, please visit: https://www.selenium.dev/documentation/webdriver/troubleshooting/errors#no-such-element-exception\nStacktrace:\n#0 0x55adeaf4e8a3 <unknown>\n#1 0x55adeac448c6 <unknown>\n#2 0x55adeac8f618 <unknown>\n#3 0x55adeac8f6d1 <unknown>\n#4 0x55adeacd2744 <unknown>\n#5 0x55adeacb15cd <unknown>\n#6 0x55adeaccfc19 <unknown>\n#7 0x55adeacb1343 <unknown>\n#8 0x55adeac82593 <unknown>\n#9 0x55adeac82f5e <unknown>\n#10 0x55adeaf1288b <unknown>\n#11 0x55adeaf167e5 <unknown>\n#12 0x55adeaf005b1 <unknown>\n#13 0x55adeaf17372 <unknown>\n#14 0x55adeaee58bf <unknown>\n#15 0x55adeaf3d768 <unknown>\n#16 0x55adeaf3d93b <unknown>\n#17 0x55adeaf4d9f4 <unknown>\n#18 0x7f7db1294ac3 <unknown>","time":{"start":1712190546690,"stop":1712190550210,"duration":3520}},{"uid":"dc1262e2be61e5e0","reportUrl":"https://robbrad.github.io/UKBinCollectionData/3.11/1657//#testresult/dc1262e2be61e5e0","status":"failed","statusDetails":"selenium.common.exceptions.NoSuchElementException: Message: no such element: Unable to locate element: {\"method\":\"css selector\",\"selector\":\"[id=\"ContentPlaceHolderDefault_ctl13_nptLLPG2_25_addresslookup_txtTmpPostcode\"]\"}\n  (Session info: chrome-headless-shell=123.0.6312.58); For documentation on this error, please visit: https://www.selenium.dev/documentation/webdriver/troubleshooting/errors#no-such-element-exception\nStacktrace:\n#0 0x562a1d3a48a3 <unknown>\n#1 0x562a1d09a8c6 <unknown>\n#2 0x562a1d0e5618 <unknown>\n#3 0x562a1d0e56d1 <unknown>\n#4 0x562a1d128744 <unknown>\n#5 0x562a1d1075cd <unknown>\n#6 0x562a1d125c19 <unknown>\n#7 0x562a1d107343 <unknown>\n#8 0x562a1d0d8593 <unknown>\n#9 0x562a1d0d8f5e <unknown>\n#10 0x562a1d36888b <unknown>\n#11 0x562a1d36c7e5 <unknown>\n#12 0x562a1d3565b1 <unknown>\n#13 0x562a1d36d372 <unknown>\n#14 0x562a1d33b8bf <unknown>\n#15 0x562a1d393768 <unknown>\n#16 0x562a1d39393b <unknown>\n#17 0x562a1d3a39f4 <unknown>\n#18 0x7f7097494ac3 <unknown>","time":{"start":1712136958812,"stop":1712136961577,"duration":2765}},{"uid":"db47325eeeccd2ad","reportUrl":"https://robbrad.github.io/UKBinCollectionData/3.11/1655//#testresult/db47325eeeccd2ad","status":"failed","statusDetails":"selenium.common.exceptions.NoSuchElementException: Message: no such element: Unable to locate element: {\"method\":\"css selector\",\"selector\":\"[id=\"ContentPlaceHolderDefault_ctl13_nptLLPG2_25_addresslookup_txtTmpPostcode\"]\"}\n  (Session info: chrome-headless-shell=123.0.6312.58); For documentation on this error, please visit: https://www.selenium.dev/documentation/webdriver/troubleshooting/errors#no-such-element-exception\nStacktrace:\n#0 0x5643fff2a8a3 <unknown>\n#1 0x5643ffc208c6 <unknown>\n#2 0x5643ffc6b618 <unknown>\n#3 0x5643ffc6b6d1 <unknown>\n#4 0x5643ffcae744 <unknown>\n#5 0x5643ffc8d5cd <unknown>\n#6 0x5643ffcabc19 <unknown>\n#7 0x5643ffc8d343 <unknown>\n#8 0x5643ffc5e593 <unknown>\n#9 0x5643ffc5ef5e <unknown>\n#10 0x5643ffeee88b <unknown>\n#11 0x5643ffef27e5 <unknown>\n#12 0x5643ffedc5b1 <unknown>\n#13 0x5643ffef3372 <unknown>\n#14 0x5643ffec18bf <unknown>\n#15 0x5643fff19768 <unknown>\n#16 0x5643fff1993b <unknown>\n#17 0x5643fff299f4 <unknown>\n#18 0x7f8f46094ac3 <unknown>","time":{"start":1712104026894,"stop":1712104029912,"duration":3018}},{"uid":"beb172eff6d31034","reportUrl":"https://robbrad.github.io/UKBinCollectionData/3.11/1654//#testresult/beb172eff6d31034","status":"failed","statusDetails":"selenium.common.exceptions.NoSuchElementException: Message: no such element: Unable to locate element: {\"method\":\"css selector\",\"selector\":\"[id=\"ContentPlaceHolderDefault_ctl13_nptLLPG2_25_addresslookup_txtTmpPostcode\"]\"}\n  (Session info: chrome-headless-shell=123.0.6312.58); For documentation on this error, please visit: https://www.selenium.dev/documentation/webdriver/troubleshooting/errors#no-such-element-exception\nStacktrace:\n#0 0x562ed3e998a3 <unknown>\n#1 0x562ed3b8f8c6 <unknown>\n#2 0x562ed3bda618 <unknown>\n#3 0x562ed3bda6d1 <unknown>\n#4 0x562ed3c1d744 <unknown>\n#5 0x562ed3bfc5cd <unknown>\n#6 0x562ed3c1ac19 <unknown>\n#7 0x562ed3bfc343 <unknown>\n#8 0x562ed3bcd593 <unknown>\n#9 0x562ed3bcdf5e <unknown>\n#10 0x562ed3e5d88b <unknown>\n#11 0x562ed3e617e5 <unknown>\n#12 0x562ed3e4b5b1 <unknown>\n#13 0x562ed3e62372 <unknown>\n#14 0x562ed3e308bf <unknown>\n#15 0x562ed3e88768 <unknown>\n#16 0x562ed3e8893b <unknown>\n#17 0x562ed3e989f4 <unknown>\n#18 0x7f9326494ac3 <unknown>","time":{"start":1712017672418,"stop":1712017675494,"duration":3076}},{"uid":"90feaa7f39147327","reportUrl":"https://robbrad.github.io/UKBinCollectionData/3.11/1653//#testresult/90feaa7f39147327","status":"failed","statusDetails":"selenium.common.exceptions.NoSuchElementException: Message: no such element: Unable to locate element: {\"method\":\"css selector\",\"selector\":\"[id=\"ContentPlaceHolderDefault_ctl13_nptLLPG2_25_addresslookup_txtTmpPostcode\"]\"}\n  (Session info: chrome-headless-shell=123.0.6312.58); For documentation on this error, please visit: https://www.selenium.dev/documentation/webdriver/troubleshooting/errors#no-such-element-exception\nStacktrace:\n#0 0x559eb0c4b8a3 <unknown>\n#1 0x559eb09418c6 <unknown>\n#2 0x559eb098c618 <unknown>\n#3 0x559eb098c6d1 <unknown>\n#4 0x559eb09cf744 <unknown>\n#5 0x559eb09ae5cd <unknown>\n#6 0x559eb09ccc19 <unknown>\n#7 0x559eb09ae343 <unknown>\n#8 0x559eb097f593 <unknown>\n#9 0x559eb097ff5e <unknown>\n#10 0x559eb0c0f88b <unknown>\n#11 0x559eb0c137e5 <unknown>\n#12 0x559eb0bfd5b1 <unknown>\n#13 0x559eb0c14372 <unknown>\n#14 0x559eb0be28bf <unknown>\n#15 0x559eb0c3a768 <unknown>\n#16 0x559eb0c3a93b <unknown>\n#17 0x559eb0c4a9f4 <unknown>\n#18 0x7f0b32894ac3 <unknown>","time":{"start":1711931462903,"stop":1711931468445,"duration":5542}},{"uid":"44e2d84880d178f9","reportUrl":"https://robbrad.github.io/UKBinCollectionData/3.11/1652//#testresult/44e2d84880d178f9","status":"failed","statusDetails":"selenium.common.exceptions.NoSuchElementException: Message: no such element: Unable to locate element: {\"method\":\"css selector\",\"selector\":\"[id=\"ContentPlaceHolderDefault_ctl13_nptLLPG2_25_addresslookup_txtTmpPostcode\"]\"}\n  (Session info: chrome-headless-shell=123.0.6312.58); For documentation on this error, please visit: https://www.selenium.dev/documentation/webdriver/troubleshooting/errors#no-such-element-exception\nStacktrace:\n#0 0x55876ea348a3 <unknown>\n#1 0x55876e72a8c6 <unknown>\n#2 0x55876e775618 <unknown>\n#3 0x55876e7756d1 <unknown>\n#4 0x55876e7b8744 <unknown>\n#5 0x55876e7975cd <unknown>\n#6 0x55876e7b5c19 <unknown>\n#7 0x55876e797343 <unknown>\n#8 0x55876e768593 <unknown>\n#9 0x55876e768f5e <unknown>\n#10 0x55876e9f888b <unknown>\n#11 0x55876e9fc7e5 <unknown>\n#12 0x55876e9e65b1 <unknown>\n#13 0x55876e9fd372 <unknown>\n#14 0x55876e9cb8bf <unknown>\n#15 0x55876ea23768 <unknown>\n#16 0x55876ea2393b <unknown>\n#17 0x55876ea339f4 <unknown>\n#18 0x7ff6f7294ac3 <unknown>","time":{"start":1711845050233,"stop":1711845053501,"duration":3268}},{"uid":"dc4e1b0f9bb30e0b","reportUrl":"https://robbrad.github.io/UKBinCollectionData/3.11/1649//#testresult/dc4e1b0f9bb30e0b","status":"failed","statusDetails":"selenium.common.exceptions.NoSuchElementException: Message: no such element: Unable to locate element: {\"method\":\"css selector\",\"selector\":\"[id=\"ContentPlaceHolderDefault_ctl13_nptLLPG2_25_addresslookup_txtTmpPostcode\"]\"}\n  (Session info: chrome-headless-shell=123.0.6312.58); For documentation on this error, please visit: https://www.selenium.dev/documentation/webdriver/troubleshooting/errors#no-such-element-exception\nStacktrace:\n#0 0x558e0b1bf8a3 <unknown>\n#1 0x558e0aeb58c6 <unknown>\n#2 0x558e0af00618 <unknown>\n#3 0x558e0af006d1 <unknown>\n#4 0x558e0af43744 <unknown>\n#5 0x558e0af225cd <unknown>\n#6 0x558e0af40c19 <unknown>\n#7 0x558e0af22343 <unknown>\n#8 0x558e0aef3593 <unknown>\n#9 0x558e0aef3f5e <unknown>\n#10 0x558e0b18388b <unknown>\n#11 0x558e0b1877e5 <unknown>\n#12 0x558e0b1715b1 <unknown>\n#13 0x558e0b188372 <unknown>\n#14 0x558e0b1568bf <unknown>\n#15 0x558e0b1ae768 <unknown>\n#16 0x558e0b1ae93b <unknown>\n#17 0x558e0b1be9f4 <unknown>\n#18 0x7f755ae94ac3 <unknown>","time":{"start":1711672038477,"stop":1711672041721,"duration":3244}},{"uid":"763128da59eef225","reportUrl":"https://robbrad.github.io/UKBinCollectionData/3.11/1648//#testresult/763128da59eef225","status":"failed","statusDetails":"selenium.common.exceptions.NoSuchElementException: Message: no such element: Unable to locate element: {\"method\":\"css selector\",\"selector\":\"[id=\"ContentPlaceHolderDefault_ctl13_nptLLPG2_25_addresslookup_txtTmpPostcode\"]\"}\n  (Session info: chrome-headless-shell=123.0.6312.58); For documentation on this error, please visit: https://www.selenium.dev/documentation/webdriver/troubleshooting/errors#no-such-element-exception\nStacktrace:\n#0 0x558413f828a3 <unknown>\n#1 0x558413c788c6 <unknown>\n#2 0x558413cc3618 <unknown>\n#3 0x558413cc36d1 <unknown>\n#4 0x558413d06744 <unknown>\n#5 0x558413ce55cd <unknown>\n#6 0x558413d03c19 <unknown>\n#7 0x558413ce5343 <unknown>\n#8 0x558413cb6593 <unknown>\n#9 0x558413cb6f5e <unknown>\n#10 0x558413f4688b <unknown>\n#11 0x558413f4a7e5 <unknown>\n#12 0x558413f345b1 <unknown>\n#13 0x558413f4b372 <unknown>\n#14 0x558413f198bf <unknown>\n#15 0x558413f71768 <unknown>\n#16 0x558413f7193b <unknown>\n#17 0x558413f819f4 <unknown>\n#18 0x7fd0c4694ac3 <unknown>","time":{"start":1711585700845,"stop":1711585704702,"duration":3857}},{"uid":"f7b072ed0721e2ea","reportUrl":"https://robbrad.github.io/UKBinCollectionData/3.11/1646//#testresult/f7b072ed0721e2ea","status":"failed","statusDetails":"selenium.common.exceptions.NoSuchElementException: Message: no such element: Unable to locate element: {\"method\":\"css selector\",\"selector\":\"[id=\"ContentPlaceHolderDefault_ctl13_nptLLPG2_25_addresslookup_txtTmpPostcode\"]\"}\n  (Session info: chrome-headless-shell=122.0.6261.128); For documentation on this error, please visit: https://www.selenium.dev/documentation/webdriver/troubleshooting/errors#no-such-element-exception\nStacktrace:\n#0 0x55df04488f33 <unknown>\n#1 0x55df04180ce6 <unknown>\n#2 0x55df041cbe48 <unknown>\n#3 0x55df041cbf01 <unknown>\n#4 0x55df0420f3f4 <unknown>\n#5 0x55df041ededd <unknown>\n#6 0x55df0420c899 <unknown>\n#7 0x55df041edc53 <unknown>\n#8 0x55df041bedb3 <unknown>\n#9 0x55df041bf77e <unknown>\n#10 0x55df0444e86b <unknown>\n#11 0x55df04452885 <unknown>\n#12 0x55df0443c181 <unknown>\n#13 0x55df04453412 <unknown>\n#14 0x55df0442025f <unknown>\n#15 0x55df04477528 <unknown>\n#16 0x55df04477723 <unknown>\n#17 0x55df044880e4 <unknown>\n#18 0x7f1ea0894ac3 <unknown>","time":{"start":1711499229966,"stop":1711499234974,"duration":5008}},{"uid":"b393c873f594764a","reportUrl":"https://robbrad.github.io/UKBinCollectionData/3.11/1645//#testresult/b393c873f594764a","status":"failed","statusDetails":"selenium.common.exceptions.NoSuchElementException: Message: no such element: Unable to locate element: {\"method\":\"css selector\",\"selector\":\"[id=\"ContentPlaceHolderDefault_ctl13_nptLLPG2_25_addresslookup_txtTmpPostcode\"]\"}\n  (Session info: chrome-headless-shell=122.0.6261.128); For documentation on this error, please visit: https://www.selenium.dev/documentation/webdriver/troubleshooting/errors#no-such-element-exception\nStacktrace:\n#0 0x555effad4f33 <unknown>\n#1 0x555eff7ccce6 <unknown>\n#2 0x555eff817e48 <unknown>\n#3 0x555eff817f01 <unknown>\n#4 0x555eff85b3f4 <unknown>\n#5 0x555eff839edd <unknown>\n#6 0x555eff858899 <unknown>\n#7 0x555eff839c53 <unknown>\n#8 0x555eff80adb3 <unknown>\n#9 0x555eff80b77e <unknown>\n#10 0x555effa9a86b <unknown>\n#11 0x555effa9e885 <unknown>\n#12 0x555effa88181 <unknown>\n#13 0x555effa9f412 <unknown>\n#14 0x555effa6c25f <unknown>\n#15 0x555effac3528 <unknown>\n#16 0x555effac3723 <unknown>\n#17 0x555effad40e4 <unknown>\n#18 0x7f7957694ac3 <unknown>","time":{"start":1711412802096,"stop":1711412805054,"duration":2958}}]},"tags":[]},"source":"434d5a6c082e1ccd.json","parameterValues":["NeathPortTalbotCouncil","local","http://selenium:4444"]}