{"uid":"72ce7756bea33c2b","name":"Validate Council Output [PortsmouthCityCouncil-http://selenium:4444-local]","fullName":"features/validate_council_outputs.feature:Validate Council Output","historyId":"bdbaa907efcb9320cd1c72cfdb17ee5a","time":{"start":1713053382209,"stop":1713053407042,"duration":24833},"status":"failed","statusMessage":"selenium.common.exceptions.NoSuchElementException: Message: Cannot locate option with value: 1775027504; For documentation on this error, please visit: https://www.selenium.dev/documentation/webdriver/troubleshooting/errors#no-such-element-exception","statusTrace":"fixturefunc = <function scrape_step at 0x7f71e1e7cea0>\nrequest = <FixtureRequest for <Function test_scenario_outline[PortsmouthCityCouncil-http://selenium:4444-local]>>\nkwargs = {'context': <test_validate_council.context.<locals>.Context object at 0x7f71e123c450>, 'council': 'PortsmouthCityCouncil', 'selenium_mode': 'local', 'selenium_url': 'http://selenium:4444'}\n\n    def call_fixture_func(\n        fixturefunc: \"_FixtureFunc[FixtureValue]\", request: FixtureRequest, kwargs\n    ) -> FixtureValue:\n        if is_generator(fixturefunc):\n            fixturefunc = cast(\n                Callable[..., Generator[FixtureValue, None, None]], fixturefunc\n            )\n            generator = fixturefunc(**kwargs)\n            try:\n                fixture_result = next(generator)\n            except StopIteration:\n                raise ValueError(f\"{request.fixturename} did not yield a value\") from None\n            finalizer = functools.partial(_teardown_yield_fixture, fixturefunc, generator)\n            request.addfinalizer(finalizer)\n        else:\n            fixturefunc = cast(Callable[..., FixtureValue], fixturefunc)\n>           fixture_result = fixturefunc(**kwargs)\n\n../../../.cache/pypoetry/virtualenvs/uk-bin-collection-EwS6Gn8s-py3.11/lib/python3.11/site-packages/_pytest/fixtures.py:902: \n_ _ _ _ _ _ _ _ _ _ _ _ _ _ _ _ _ _ _ _ _ _ _ _ _ _ _ _ _ _ _ _ _ _ _ _ _ _ _ _ \nuk_bin_collection/tests/step_defs/test_validate_council.py:92: in scrape_step\n    context.parse_result = CollectData.run()\nuk_bin_collection/uk_bin_collection/collect_data.py:96: in run\n    return self.client_code(\nuk_bin_collection/uk_bin_collection/collect_data.py:115: in client_code\n    return get_bin_data_class.template_method(address_url, **kwargs)\nuk_bin_collection/uk_bin_collection/get_bin_data.py:78: in template_method\n    bin_data_dict = self.parse_data(\nuk_bin_collection/uk_bin_collection/councils/PortsmouthCityCouncil.py:71: in parse_data\n    dropdownSelect.select_by_value(str(user_uprn))\n_ _ _ _ _ _ _ _ _ _ _ _ _ _ _ _ _ _ _ _ _ _ _ _ _ _ _ _ _ _ _ _ _ _ _ _ _ _ _ _ \n\nself = <selenium.webdriver.support.select.Select object at 0x7f71e1068b90>\nvalue = '1775027504'\n\n    def select_by_value(self, value: str) -> None:\n        \"\"\"Select all options that have a value matching the argument. That is,\n        when given \"foo\" this would select an option like:\n    \n        <option value=\"foo\">Bar</option>\n    \n        :Args:\n         - value - The value to match against\n    \n        throws NoSuchElementException If there is no option with specified value in SELECT\n        \"\"\"\n        css = f\"option[value ={self._escape_string(value)}]\"\n        opts = self._el.find_elements(By.CSS_SELECTOR, css)\n        matched = False\n        for opt in opts:\n            self._set_selected(opt)\n            if not self.is_multiple:\n                return\n            matched = True\n        if not matched:\n>           raise NoSuchElementException(f\"Cannot locate option with value: {value}\")\nE           selenium.common.exceptions.NoSuchElementException: Message: Cannot locate option with value: 1775027504; For documentation on this error, please visit: https://www.selenium.dev/documentation/webdriver/troubleshooting/errors#no-such-element-exception\n\n../../../.cache/pypoetry/virtualenvs/uk-bin-collection-EwS6Gn8s-py3.11/lib/python3.11/site-packages/selenium/webdriver/support/select.py:84: NoSuchElementException","flaky":true,"newFailed":true,"newBroken":false,"newPassed":false,"retriesCount":0,"retriesStatusChange":false,"beforeStages":[],"testStage":{"status":"failed","statusMessage":"selenium.common.exceptions.NoSuchElementException: Message: Cannot locate option with value: 1775027504; For documentation on this error, please visit: https://www.selenium.dev/documentation/webdriver/troubleshooting/errors#no-such-element-exception","statusTrace":"fixturefunc = <function scrape_step at 0x7f71e1e7cea0>\nrequest = <FixtureRequest for <Function test_scenario_outline[PortsmouthCityCouncil-http://selenium:4444-local]>>\nkwargs = {'context': <test_validate_council.context.<locals>.Context object at 0x7f71e123c450>, 'council': 'PortsmouthCityCouncil', 'selenium_mode': 'local', 'selenium_url': 'http://selenium:4444'}\n\n    def call_fixture_func(\n        fixturefunc: \"_FixtureFunc[FixtureValue]\", request: FixtureRequest, kwargs\n    ) -> FixtureValue:\n        if is_generator(fixturefunc):\n            fixturefunc = cast(\n                Callable[..., Generator[FixtureValue, None, None]], fixturefunc\n            )\n            generator = fixturefunc(**kwargs)\n            try:\n                fixture_result = next(generator)\n            except StopIteration:\n                raise ValueError(f\"{request.fixturename} did not yield a value\") from None\n            finalizer = functools.partial(_teardown_yield_fixture, fixturefunc, generator)\n            request.addfinalizer(finalizer)\n        else:\n            fixturefunc = cast(Callable[..., FixtureValue], fixturefunc)\n>           fixture_result = fixturefunc(**kwargs)\n\n../../../.cache/pypoetry/virtualenvs/uk-bin-collection-EwS6Gn8s-py3.11/lib/python3.11/site-packages/_pytest/fixtures.py:902: \n_ _ _ _ _ _ _ _ _ _ _ _ _ _ _ _ _ _ _ _ _ _ _ _ _ _ _ _ _ _ _ _ _ _ _ _ _ _ _ _ \nuk_bin_collection/tests/step_defs/test_validate_council.py:92: in scrape_step\n    context.parse_result = CollectData.run()\nuk_bin_collection/uk_bin_collection/collect_data.py:96: in run\n    return self.client_code(\nuk_bin_collection/uk_bin_collection/collect_data.py:115: in client_code\n    return get_bin_data_class.template_method(address_url, **kwargs)\nuk_bin_collection/uk_bin_collection/get_bin_data.py:78: in template_method\n    bin_data_dict = self.parse_data(\nuk_bin_collection/uk_bin_collection/councils/PortsmouthCityCouncil.py:71: in parse_data\n    dropdownSelect.select_by_value(str(user_uprn))\n_ _ _ _ _ _ _ _ _ _ _ _ _ _ _ _ _ _ _ _ _ _ _ _ _ _ _ _ _ _ _ _ _ _ _ _ _ _ _ _ \n\nself = <selenium.webdriver.support.select.Select object at 0x7f71e1068b90>\nvalue = '1775027504'\n\n    def select_by_value(self, value: str) -> None:\n        \"\"\"Select all options that have a value matching the argument. That is,\n        when given \"foo\" this would select an option like:\n    \n        <option value=\"foo\">Bar</option>\n    \n        :Args:\n         - value - The value to match against\n    \n        throws NoSuchElementException If there is no option with specified value in SELECT\n        \"\"\"\n        css = f\"option[value ={self._escape_string(value)}]\"\n        opts = self._el.find_elements(By.CSS_SELECTOR, css)\n        matched = False\n        for opt in opts:\n            self._set_selected(opt)\n            if not self.is_multiple:\n                return\n            matched = True\n        if not matched:\n>           raise NoSuchElementException(f\"Cannot locate option with value: {value}\")\nE           selenium.common.exceptions.NoSuchElementException: Message: Cannot locate option with value: 1775027504; For documentation on this error, please visit: https://www.selenium.dev/documentation/webdriver/troubleshooting/errors#no-such-element-exception\n\n../../../.cache/pypoetry/virtualenvs/uk-bin-collection-EwS6Gn8s-py3.11/lib/python3.11/site-packages/selenium/webdriver/support/select.py:84: NoSuchElementException","steps":[{"name":"Given the council: PortsmouthCityCouncil","time":{"start":1713053382209,"stop":1713053382209,"duration":0},"status":"passed","steps":[],"attachments":[],"parameters":[],"shouldDisplayMessage":false,"stepsCount":0,"attachmentsCount":0,"hasContent":false,"attachmentStep":false},{"name":"When we scrape the data from PortsmouthCityCouncil using local and the http://selenium:4444 is set","time":{"start":1713053382210,"stop":1713053407042,"duration":24832},"status":"failed","statusMessage":"Message: Cannot locate option with value: 1775027504; For documentation on this error, please visit: https://www.selenium.dev/documentation/webdriver/troubleshooting/errors#no-such-element-exception\n","statusTrace":"selenium.common.exceptions.NoSuchElementException: Message: Cannot locate option with value: 1775027504; For documentation on this error, please visit: https://www.selenium.dev/documentation/webdriver/troubleshooting/errors#no-such-element-exception\n\n","steps":[],"attachments":[],"parameters":[],"shouldDisplayMessage":true,"stepsCount":0,"attachmentsCount":0,"hasContent":true,"attachmentStep":false}],"attachments":[],"parameters":[],"shouldDisplayMessage":true,"stepsCount":2,"attachmentsCount":0,"hasContent":true,"attachmentStep":false},"afterStages":[],"labels":[{"name":"host","value":"fv-az979-54"},{"name":"thread","value":"2785-MainThread"},{"name":"framework","value":"pytest-bdd"},{"name":"language","value":"cpython3"},{"name":"feature","value":"Test each council output matches expected results"},{"name":"resultFormat","value":"allure2"}],"parameters":[{"name":"council","value":"PortsmouthCityCouncil"},{"name":"selenium_mode","value":"local"},{"name":"selenium_url","value":"http://selenium:4444"}],"links":[],"hidden":false,"retry":false,"extra":{"severity":"normal","retries":[],"categories":[{"name":"Product defects","matchedStatuses":[],"flaky":false}],"history":{"statistic":{"failed":22,"broken":0,"skipped":0,"passed":149,"unknown":0,"total":171},"items":[{"uid":"ab0775caf7139324","reportUrl":"https://robbrad.github.io/UKBinCollectionData/3.11/1677//#testresult/ab0775caf7139324","status":"passed","time":{"start":1712967967466,"stop":1712967985065,"duration":17599}},{"uid":"ad43225fa9a99199","reportUrl":"https://robbrad.github.io/UKBinCollectionData/3.11/1675//#testresult/ad43225fa9a99199","status":"passed","time":{"start":1712881768533,"stop":1712881788151,"duration":19618}},{"uid":"3ae45bbcbe70cf6a","reportUrl":"https://robbrad.github.io/UKBinCollectionData/3.11/1674//#testresult/3ae45bbcbe70cf6a","status":"passed","time":{"start":1712795473255,"stop":1712795489426,"duration":16171}},{"uid":"d9ac2e1e035cd657","reportUrl":"https://robbrad.github.io/UKBinCollectionData/3.11/1673//#testresult/d9ac2e1e035cd657","status":"failed","statusDetails":"selenium.common.exceptions.JavascriptException: Message: javascript error: {\"status\":11,\"value\":\"Element is not currently visible and may not be manipulated\"}\n  (Session info: chrome-headless-shell=123.0.6312.105)\nStacktrace:\n#0 0x55bbfafb9873 <unknown>\n#1 0x55bbfacaf8c6 <unknown>\n#2 0x55bbfacb4e75 <unknown>\n#3 0x55bbfacb6bce <unknown>\n#4 0x55bbfacb6c5c <unknown>\n#5 0x55bbfacfe2e3 <unknown>\n#6 0x55bbfacef75f <unknown>\n#7 0x55bbfad1c5a2 <unknown>\n#8 0x55bbfaceee98 <unknown>\n#9 0x55bbfad1c76e <unknown>\n#10 0x55bbfad3ac19 <unknown>\n#11 0x55bbfad1c343 <unknown>\n#12 0x55bbfaced593 <unknown>\n#13 0x55bbfacedf5e <unknown>\n#14 0x55bbfaf7d85b <unknown>\n#15 0x55bbfaf817b5 <unknown>\n#16 0x55bbfaf6b581 <unknown>\n#17 0x55bbfaf82342 <unknown>\n#18 0x55bbfaf5088f <unknown>\n#19 0x55bbfafa8738 <unknown>\n#20 0x55bbfafa890b <unknown>\n#21 0x55bbfafb89c4 <unknown>\n#22 0x7f37a2494ac3 <unknown>","time":{"start":1712710438656,"stop":1712710452795,"duration":14139}},{"uid":"2cd23a0a418c1807","reportUrl":"https://robbrad.github.io/UKBinCollectionData/3.11/1671//#testresult/2cd23a0a418c1807","status":"failed","statusDetails":"selenium.common.exceptions.TimeoutException: Message:","time":{"start":1712700467197,"stop":1712700536676,"duration":69479}},{"uid":"c00ea968233d48b7","reportUrl":"https://robbrad.github.io/UKBinCollectionData/3.11/1668//#testresult/c00ea968233d48b7","status":"failed","statusDetails":"selenium.common.exceptions.TimeoutException: Message:","time":{"start":1712622596090,"stop":1712622665141,"duration":69051}},{"uid":"f763be9a1520922b","reportUrl":"https://robbrad.github.io/UKBinCollectionData/3.11/1667//#testresult/f763be9a1520922b","status":"failed","statusDetails":"selenium.common.exceptions.TimeoutException: Message:","time":{"start":1712536167915,"stop":1712536239245,"duration":71330}},{"uid":"67c598aa1708ec5","reportUrl":"https://robbrad.github.io/UKBinCollectionData/3.11/1666//#testresult/67c598aa1708ec5","status":"failed","statusDetails":"selenium.common.exceptions.TimeoutException: Message:","time":{"start":1712449941146,"stop":1712450008987,"duration":67841}},{"uid":"6eb6651e43d5bfcb","reportUrl":"https://robbrad.github.io/UKBinCollectionData/3.11/1665//#testresult/6eb6651e43d5bfcb","status":"failed","statusDetails":"selenium.common.exceptions.TimeoutException: Message:","time":{"start":1712363356273,"stop":1712363427449,"duration":71176}},{"uid":"57d7d7e4cec9c82d","reportUrl":"https://robbrad.github.io/UKBinCollectionData/3.11/1664//#testresult/57d7d7e4cec9c82d","status":"failed","statusDetails":"selenium.common.exceptions.TimeoutException: Message:","time":{"start":1712276931452,"stop":1712276997131,"duration":65679}},{"uid":"6610370203b42f1a","reportUrl":"https://robbrad.github.io/UKBinCollectionData/3.11/1660//#testresult/6610370203b42f1a","status":"failed","statusDetails":"selenium.common.exceptions.TimeoutException: Message:","time":{"start":1712190565717,"stop":1712190634459,"duration":68742}},{"uid":"ad0c0ba63f3acfce","reportUrl":"https://robbrad.github.io/UKBinCollectionData/3.11/1657//#testresult/ad0c0ba63f3acfce","status":"failed","statusDetails":"selenium.common.exceptions.TimeoutException: Message:","time":{"start":1712137000235,"stop":1712137066889,"duration":66654}},{"uid":"9a3684ae7849e221","reportUrl":"https://robbrad.github.io/UKBinCollectionData/3.11/1655//#testresult/9a3684ae7849e221","status":"failed","statusDetails":"selenium.common.exceptions.TimeoutException: Message:","time":{"start":1712104114340,"stop":1712104185644,"duration":71304}},{"uid":"87edfb9606ecce84","reportUrl":"https://robbrad.github.io/UKBinCollectionData/3.11/1654//#testresult/87edfb9606ecce84","status":"passed","time":{"start":1712017737088,"stop":1712017752541,"duration":15453}},{"uid":"68f0599dde01e1a6","reportUrl":"https://robbrad.github.io/UKBinCollectionData/3.11/1653//#testresult/68f0599dde01e1a6","status":"passed","time":{"start":1711931565454,"stop":1711931589429,"duration":23975}},{"uid":"ea4ea6dcc0137dac","reportUrl":"https://robbrad.github.io/UKBinCollectionData/3.11/1652//#testresult/ea4ea6dcc0137dac","status":"passed","time":{"start":1711845108179,"stop":1711845119816,"duration":11637}},{"uid":"795388d357db6bb5","reportUrl":"https://robbrad.github.io/UKBinCollectionData/3.11/1649//#testresult/795388d357db6bb5","status":"passed","time":{"start":1711672125507,"stop":1711672137427,"duration":11920}},{"uid":"d9f2706085acbc67","reportUrl":"https://robbrad.github.io/UKBinCollectionData/3.11/1648//#testresult/d9f2706085acbc67","status":"passed","time":{"start":1711585766090,"stop":1711585778717,"duration":12627}},{"uid":"ee12362bf3f2e657","reportUrl":"https://robbrad.github.io/UKBinCollectionData/3.11/1646//#testresult/ee12362bf3f2e657","status":"passed","time":{"start":1711499319599,"stop":1711499333470,"duration":13871}},{"uid":"a883c8e8f5aca550","reportUrl":"https://robbrad.github.io/UKBinCollectionData/3.11/1645//#testresult/a883c8e8f5aca550","status":"passed","time":{"start":1711412869699,"stop":1711412883854,"duration":14155}}]},"tags":[]},"source":"72ce7756bea33c2b.json","parameterValues":["PortsmouthCityCouncil","local","http://selenium:4444"]}