{"uid":"e7c519d52aac3382","name":"Validate Council Output [KirkleesCouncil-http://selenium:4444-local]","fullName":"features/validate_council_outputs.feature:Validate Council Output","historyId":"950727f32ad41265e0b99afd8b157304","time":{"start":1711240191845,"stop":1711240198262,"duration":6417},"status":"failed","statusMessage":"selenium.common.exceptions.TimeoutException: Message: \nStacktrace:\n#0 0x558b909ccf33 <unknown>\n#1 0x558b906c4ce6 <unknown>\n#2 0x558b9070fe48 <unknown>\n#3 0x558b9070ff01 <unknown>\n#4 0x558b907533f4 <unknown>\n#5 0x558b90731edd <unknown>\n#6 0x558b90750899 <unknown>\n#7 0x558b90731c53 <unknown>\n#8 0x558b90702db3 <unknown>\n#9 0x558b9070377e <unknown>\n#10 0x558b9099286b <unknown>\n#11 0x558b90996885 <unknown>\n#12 0x558b90980181 <unknown>\n#13 0x558b90997412 <unknown>\n#14 0x558b9096425f <unknown>\n#15 0x558b909bb528 <unknown>\n#16 0x558b909bb723 <unknown>\n#17 0x558b909cc0e4 <unknown>\n#18 0x7fd72dc94ac3 <unknown>","statusTrace":"fixturefunc = <function scrape_step at 0x7f8cf4746b00>\nrequest = <FixtureRequest for <Function test_scenario_outline[KirkleesCouncil-http://selenium:4444-local]>>\nkwargs = {'context': <test_validate_council.context.<locals>.Context object at 0x7f8cf39c31c0>, 'council': 'KirkleesCouncil', 'selenium_mode': 'local', 'selenium_url': 'http://selenium:4444'}\n\n    def call_fixture_func(\n        fixturefunc: \"_FixtureFunc[FixtureValue]\", request: FixtureRequest, kwargs\n    ) -> FixtureValue:\n        if is_generator(fixturefunc):\n            fixturefunc = cast(\n                Callable[..., Generator[FixtureValue, None, None]], fixturefunc\n            )\n            generator = fixturefunc(**kwargs)\n            try:\n                fixture_result = next(generator)\n            except StopIteration:\n                raise ValueError(f\"{request.fixturename} did not yield a value\") from None\n            finalizer = functools.partial(_teardown_yield_fixture, fixturefunc, generator)\n            request.addfinalizer(finalizer)\n        else:\n            fixturefunc = cast(Callable[..., FixtureValue], fixturefunc)\n>           fixture_result = fixturefunc(**kwargs)\n\n../../../.cache/pypoetry/virtualenvs/uk-bin-collection-EwS6Gn8s-py3.10/lib/python3.10/site-packages/_pytest/fixtures.py:902: \n_ _ _ _ _ _ _ _ _ _ _ _ _ _ _ _ _ _ _ _ _ _ _ _ _ _ _ _ _ _ _ _ _ _ _ _ _ _ _ _ \nuk_bin_collection/tests/step_defs/test_validate_council.py:92: in scrape_step\n    context.parse_result = CollectData.run()\nuk_bin_collection/uk_bin_collection/collect_data.py:96: in run\n    return self.client_code(\nuk_bin_collection/uk_bin_collection/collect_data.py:115: in client_code\n    return get_bin_data_class.template_method(address_url, **kwargs)\nuk_bin_collection/uk_bin_collection/get_bin_data.py:78: in template_method\n    bin_data_dict = self.parse_data(\nuk_bin_collection/uk_bin_collection/councils/KirkleesCouncil.py:41: in parse_data\n    return self._parse_data(*args, **kwargs)\nuk_bin_collection/uk_bin_collection/councils/KirkleesCouncil.py:73: in _parse_data\n    wait_for_element(\nuk_bin_collection/uk_bin_collection/councils/KirkleesCouncil.py:18: in wait_for_element\n    wait_for_element_conditions(driver, element_present, timeout=timeout)\nuk_bin_collection/uk_bin_collection/councils/KirkleesCouncil.py:23: in wait_for_element_conditions\n    WebDriverWait(driver, timeout).until(conditions)\n_ _ _ _ _ _ _ _ _ _ _ _ _ _ _ _ _ _ _ _ _ _ _ _ _ _ _ _ _ _ _ _ _ _ _ _ _ _ _ _ \n\nself = <selenium.webdriver.support.wait.WebDriverWait (session=\"7a3081e08c74a5c244ac6ca7ed99f784\")>\nmethod = <function presence_of_element_located.<locals>._predicate at 0x7f8cf3ad1000>\nmessage = ''\n\n    def until(self, method, message: str = \"\"):\n        \"\"\"Calls the method provided with the driver as an argument until the \\\n        return value does not evaluate to ``False``.\n    \n        :param method: callable(WebDriver)\n        :param message: optional message for :exc:`TimeoutException`\n        :returns: the result of the last call to `method`\n        :raises: :exc:`selenium.common.exceptions.TimeoutException` if timeout occurs\n        \"\"\"\n        screen = None\n        stacktrace = None\n    \n        end_time = time.monotonic() + self._timeout\n        while True:\n            try:\n                value = method(self._driver)\n                if value:\n                    return value\n            except self._ignored_exceptions as exc:\n                screen = getattr(exc, \"screen\", None)\n                stacktrace = getattr(exc, \"stacktrace\", None)\n            time.sleep(self._poll)\n            if time.monotonic() > end_time:\n                break\n>       raise TimeoutException(message, screen, stacktrace)\nE       selenium.common.exceptions.TimeoutException: Message: \nE       Stacktrace:\nE       #0 0x558b909ccf33 <unknown>\nE       #1 0x558b906c4ce6 <unknown>\nE       #2 0x558b9070fe48 <unknown>\nE       #3 0x558b9070ff01 <unknown>\nE       #4 0x558b907533f4 <unknown>\nE       #5 0x558b90731edd <unknown>\nE       #6 0x558b90750899 <unknown>\nE       #7 0x558b90731c53 <unknown>\nE       #8 0x558b90702db3 <unknown>\nE       #9 0x558b9070377e <unknown>\nE       #10 0x558b9099286b <unknown>\nE       #11 0x558b90996885 <unknown>\nE       #12 0x558b90980181 <unknown>\nE       #13 0x558b90997412 <unknown>\nE       #14 0x558b9096425f <unknown>\nE       #15 0x558b909bb528 <unknown>\nE       #16 0x558b909bb723 <unknown>\nE       #17 0x558b909cc0e4 <unknown>\nE       #18 0x7fd72dc94ac3 <unknown>\n\n../../../.cache/pypoetry/virtualenvs/uk-bin-collection-EwS6Gn8s-py3.10/lib/python3.10/site-packages/selenium/webdriver/support/wait.py:95: TimeoutException","flaky":false,"newFailed":false,"newBroken":false,"newPassed":false,"retriesCount":0,"retriesStatusChange":false,"beforeStages":[],"testStage":{"status":"failed","statusMessage":"selenium.common.exceptions.TimeoutException: Message: \nStacktrace:\n#0 0x558b909ccf33 <unknown>\n#1 0x558b906c4ce6 <unknown>\n#2 0x558b9070fe48 <unknown>\n#3 0x558b9070ff01 <unknown>\n#4 0x558b907533f4 <unknown>\n#5 0x558b90731edd <unknown>\n#6 0x558b90750899 <unknown>\n#7 0x558b90731c53 <unknown>\n#8 0x558b90702db3 <unknown>\n#9 0x558b9070377e <unknown>\n#10 0x558b9099286b <unknown>\n#11 0x558b90996885 <unknown>\n#12 0x558b90980181 <unknown>\n#13 0x558b90997412 <unknown>\n#14 0x558b9096425f <unknown>\n#15 0x558b909bb528 <unknown>\n#16 0x558b909bb723 <unknown>\n#17 0x558b909cc0e4 <unknown>\n#18 0x7fd72dc94ac3 <unknown>","statusTrace":"fixturefunc = <function scrape_step at 0x7f8cf4746b00>\nrequest = <FixtureRequest for <Function test_scenario_outline[KirkleesCouncil-http://selenium:4444-local]>>\nkwargs = {'context': <test_validate_council.context.<locals>.Context object at 0x7f8cf39c31c0>, 'council': 'KirkleesCouncil', 'selenium_mode': 'local', 'selenium_url': 'http://selenium:4444'}\n\n    def call_fixture_func(\n        fixturefunc: \"_FixtureFunc[FixtureValue]\", request: FixtureRequest, kwargs\n    ) -> FixtureValue:\n        if is_generator(fixturefunc):\n            fixturefunc = cast(\n                Callable[..., Generator[FixtureValue, None, None]], fixturefunc\n            )\n            generator = fixturefunc(**kwargs)\n            try:\n                fixture_result = next(generator)\n            except StopIteration:\n                raise ValueError(f\"{request.fixturename} did not yield a value\") from None\n            finalizer = functools.partial(_teardown_yield_fixture, fixturefunc, generator)\n            request.addfinalizer(finalizer)\n        else:\n            fixturefunc = cast(Callable[..., FixtureValue], fixturefunc)\n>           fixture_result = fixturefunc(**kwargs)\n\n../../../.cache/pypoetry/virtualenvs/uk-bin-collection-EwS6Gn8s-py3.10/lib/python3.10/site-packages/_pytest/fixtures.py:902: \n_ _ _ _ _ _ _ _ _ _ _ _ _ _ _ _ _ _ _ _ _ _ _ _ _ _ _ _ _ _ _ _ _ _ _ _ _ _ _ _ \nuk_bin_collection/tests/step_defs/test_validate_council.py:92: in scrape_step\n    context.parse_result = CollectData.run()\nuk_bin_collection/uk_bin_collection/collect_data.py:96: in run\n    return self.client_code(\nuk_bin_collection/uk_bin_collection/collect_data.py:115: in client_code\n    return get_bin_data_class.template_method(address_url, **kwargs)\nuk_bin_collection/uk_bin_collection/get_bin_data.py:78: in template_method\n    bin_data_dict = self.parse_data(\nuk_bin_collection/uk_bin_collection/councils/KirkleesCouncil.py:41: in parse_data\n    return self._parse_data(*args, **kwargs)\nuk_bin_collection/uk_bin_collection/councils/KirkleesCouncil.py:73: in _parse_data\n    wait_for_element(\nuk_bin_collection/uk_bin_collection/councils/KirkleesCouncil.py:18: in wait_for_element\n    wait_for_element_conditions(driver, element_present, timeout=timeout)\nuk_bin_collection/uk_bin_collection/councils/KirkleesCouncil.py:23: in wait_for_element_conditions\n    WebDriverWait(driver, timeout).until(conditions)\n_ _ _ _ _ _ _ _ _ _ _ _ _ _ _ _ _ _ _ _ _ _ _ _ _ _ _ _ _ _ _ _ _ _ _ _ _ _ _ _ \n\nself = <selenium.webdriver.support.wait.WebDriverWait (session=\"7a3081e08c74a5c244ac6ca7ed99f784\")>\nmethod = <function presence_of_element_located.<locals>._predicate at 0x7f8cf3ad1000>\nmessage = ''\n\n    def until(self, method, message: str = \"\"):\n        \"\"\"Calls the method provided with the driver as an argument until the \\\n        return value does not evaluate to ``False``.\n    \n        :param method: callable(WebDriver)\n        :param message: optional message for :exc:`TimeoutException`\n        :returns: the result of the last call to `method`\n        :raises: :exc:`selenium.common.exceptions.TimeoutException` if timeout occurs\n        \"\"\"\n        screen = None\n        stacktrace = None\n    \n        end_time = time.monotonic() + self._timeout\n        while True:\n            try:\n                value = method(self._driver)\n                if value:\n                    return value\n            except self._ignored_exceptions as exc:\n                screen = getattr(exc, \"screen\", None)\n                stacktrace = getattr(exc, \"stacktrace\", None)\n            time.sleep(self._poll)\n            if time.monotonic() > end_time:\n                break\n>       raise TimeoutException(message, screen, stacktrace)\nE       selenium.common.exceptions.TimeoutException: Message: \nE       Stacktrace:\nE       #0 0x558b909ccf33 <unknown>\nE       #1 0x558b906c4ce6 <unknown>\nE       #2 0x558b9070fe48 <unknown>\nE       #3 0x558b9070ff01 <unknown>\nE       #4 0x558b907533f4 <unknown>\nE       #5 0x558b90731edd <unknown>\nE       #6 0x558b90750899 <unknown>\nE       #7 0x558b90731c53 <unknown>\nE       #8 0x558b90702db3 <unknown>\nE       #9 0x558b9070377e <unknown>\nE       #10 0x558b9099286b <unknown>\nE       #11 0x558b90996885 <unknown>\nE       #12 0x558b90980181 <unknown>\nE       #13 0x558b90997412 <unknown>\nE       #14 0x558b9096425f <unknown>\nE       #15 0x558b909bb528 <unknown>\nE       #16 0x558b909bb723 <unknown>\nE       #17 0x558b909cc0e4 <unknown>\nE       #18 0x7fd72dc94ac3 <unknown>\n\n../../../.cache/pypoetry/virtualenvs/uk-bin-collection-EwS6Gn8s-py3.10/lib/python3.10/site-packages/selenium/webdriver/support/wait.py:95: TimeoutException","steps":[{"name":"Given the council: KirkleesCouncil","time":{"start":1711240191846,"stop":1711240191846,"duration":0},"status":"passed","steps":[],"attachments":[],"parameters":[],"shouldDisplayMessage":false,"stepsCount":0,"attachmentsCount":0,"hasContent":false,"attachmentStep":false},{"name":"When we scrape the data from KirkleesCouncil using local and the http://selenium:4444 is set","time":{"start":1711240191846,"stop":1711240198261,"duration":6415},"status":"failed","statusMessage":"Message: \nStacktrace:\n#0 0x558b909ccf33 <unknown>\n#1 0x558b906c4ce6 <unknown>\n#2 0x558b9070fe48 <unknown>\n#3 0x558b9070ff01 <unknown>\n#4 0x558b907533f4 <unknown>\n#5 0x558b90731edd <unknown>\n#6 0x558b90750899 <unknown>\n#7 0x558b90731c53 <unknown>\n#8 0x558b90702db3 <unknown>\n#9 0x558b9070377e <unknown>\n#10 0x558b9099286b <unknown>\n#11 0x558b90996885 <unknown>\n#12 0x558b90980181 <unknown>\n#13 0x558b90997412 <unknown>\n#14 0x558b9096425f <unknown>\n#15 0x558b909bb528 <unknown>\n#16 0x558b909bb723 <unknown>\n#17 0x558b909cc0e4 <unknown>\n#18 0x7fd72dc94ac3 <unknown>\n","statusTrace":"selenium.common.exceptions.TimeoutException: Message: \nStacktrace:\n#0 0x558b909ccf33 <unknown>\n#1 0x558b906c4ce6 <unknown>\n#2 0x558b9070fe48 <unknown>\n#3 0x558b9070ff01 <unknown>\n#4 0x558b907533f4 <unknown>\n#5 0x558b90731edd <unknown>\n#6 0x558b90750899 <unknown>\n#7 0x558b90731c53 <unknown>\n#8 0x558b90702db3 <unknown>\n#9 0x558b9070377e <unknown>\n#10 0x558b9099286b <unknown>\n#11 0x558b90996885 <unknown>\n#12 0x558b90980181 <unknown>\n#13 0x558b90997412 <unknown>\n#14 0x558b9096425f <unknown>\n#15 0x558b909bb528 <unknown>\n#16 0x558b909bb723 <unknown>\n#17 0x558b909cc0e4 <unknown>\n#18 0x7fd72dc94ac3 <unknown>\n\n","steps":[],"attachments":[],"parameters":[],"shouldDisplayMessage":true,"stepsCount":0,"attachmentsCount":0,"hasContent":true,"attachmentStep":false}],"attachments":[],"parameters":[],"shouldDisplayMessage":true,"stepsCount":2,"attachmentsCount":0,"hasContent":true,"attachmentStep":false},"afterStages":[],"labels":[{"name":"host","value":"fv-az1499-307"},{"name":"thread","value":"2745-MainThread"},{"name":"framework","value":"pytest-bdd"},{"name":"language","value":"cpython3"},{"name":"feature","value":"Test each council output matches expected results"},{"name":"resultFormat","value":"allure2"}],"parameters":[{"name":"council","value":"KirkleesCouncil"},{"name":"selenium_mode","value":"local"},{"name":"selenium_url","value":"http://selenium:4444"}],"links":[],"hidden":false,"retry":false,"extra":{"severity":"normal","retries":[],"categories":[{"name":"Product defects","matchedStatuses":[],"flaky":false}],"history":{"statistic":{"failed":2,"broken":0,"skipped":0,"passed":0,"unknown":0,"total":2},"items":[{"uid":"dfc69857b0b2b3da","reportUrl":"https://robbrad.github.io/UKBinCollectionData/3.10/1632//#testresult/dfc69857b0b2b3da","status":"failed","statusDetails":"selenium.common.exceptions.TimeoutException: Message: \nStacktrace:\n#0 0x5637e6787f33 <unknown>\n#1 0x5637e647fce6 <unknown>\n#2 0x5637e64cae48 <unknown>\n#3 0x5637e64caf01 <unknown>\n#4 0x5637e650e3f4 <unknown>\n#5 0x5637e64ecedd <unknown>\n#6 0x5637e650b899 <unknown>\n#7 0x5637e64ecc53 <unknown>\n#8 0x5637e64bddb3 <unknown>\n#9 0x5637e64be77e <unknown>\n#10 0x5637e674d86b <unknown>\n#11 0x5637e6751885 <unknown>\n#12 0x5637e673b181 <unknown>\n#13 0x5637e6752412 <unknown>\n#14 0x5637e671f25f <unknown>\n#15 0x5637e6776528 <unknown>\n#16 0x5637e6776723 <unknown>\n#17 0x5637e67870e4 <unknown>\n#18 0x7f3aa1a94ac3 <unknown>","time":{"start":1711237401102,"stop":1711237408464,"duration":7362}}]},"tags":[]},"source":"e7c519d52aac3382.json","parameterValues":["KirkleesCouncil","local","http://selenium:4444"]}