{"uid":"6864bf0b9360b51e","name":"Validate Council Output [CalderdaleCouncil-http://selenium:4444-local]","fullName":"features/validate_council_outputs.feature:Validate Council Output","historyId":"f80b0c90a66dd1aff5f349ea68c0d9b4","time":{"start":1703553289641,"stop":1703553326133,"duration":36492},"status":"failed","statusMessage":"selenium.common.exceptions.TimeoutException: Message: \nStacktrace:\n#0 0x563f015a9f83 <unknown>\n#1 0x563f01262cf7 <unknown>\n#2 0x563f012b299e <unknown>\n#3 0x563f012b2aa1 <unknown>\n#4 0x563f012fdd64 <unknown>\n#5 0x563f012dc0dd <unknown>\n#6 0x563f012fb006 <unknown>\n#7 0x563f012dbe53 <unknown>\n#8 0x563f012a3dd4 <unknown>\n#9 0x563f012a51de <unknown>\n#10 0x563f0156e531 <unknown>\n#11 0x563f01572455 <unknown>\n#12 0x563f0155af55 <unknown>\n#13 0x563f015730ef <unknown>\n#14 0x563f0153e99f <unknown>\n#15 0x563f01597008 <unknown>\n#16 0x563f015971d7 <unknown>\n#17 0x563f015a9124 <unknown>\n#18 0x7fdf32c94ac3 <unknown>","statusTrace":"fixturefunc = <function scrape_step at 0x7f65d2a83d00>\nrequest = <FixtureRequest for <Function test_scenario_outline[CalderdaleCouncil-http://selenium:4444-local]>>\nkwargs = {'context': <test_validate_council.context.<locals>.Context object at 0x7f65c0d5d870>, 'council': 'CalderdaleCouncil', 'selenium_mode': 'local', 'selenium_url': 'http://selenium:4444'}\n\n    def call_fixture_func(\n        fixturefunc: \"_FixtureFunc[FixtureValue]\", request: FixtureRequest, kwargs\n    ) -> FixtureValue:\n        if is_generator(fixturefunc):\n            fixturefunc = cast(\n                Callable[..., Generator[FixtureValue, None, None]], fixturefunc\n            )\n            generator = fixturefunc(**kwargs)\n            try:\n                fixture_result = next(generator)\n            except StopIteration:\n                raise ValueError(f\"{request.fixturename} did not yield a value\") from None\n            finalizer = functools.partial(_teardown_yield_fixture, fixturefunc, generator)\n            request.addfinalizer(finalizer)\n        else:\n            fixturefunc = cast(Callable[..., FixtureValue], fixturefunc)\n>           fixture_result = fixturefunc(**kwargs)\n\n../../../.cache/pypoetry/virtualenvs/uk-bin-collection-EwS6Gn8s-py3.10/lib/python3.10/site-packages/_pytest/fixtures.py:902: \n_ _ _ _ _ _ _ _ _ _ _ _ _ _ _ _ _ _ _ _ _ _ _ _ _ _ _ _ _ _ _ _ _ _ _ _ _ _ _ _ \nuk_bin_collection/tests/step_defs/test_validate_council.py:75: in scrape_step\n    raise (err)\nuk_bin_collection/tests/step_defs/test_validate_council.py:71: in scrape_step\n    context.parse_result = CollectData.run()\nuk_bin_collection/uk_bin_collection/collect_data.py:82: in run\n    return self.client_code(\nuk_bin_collection/uk_bin_collection/collect_data.py:69: in client_code\n    return get_bin_data_class.template_method(address_url, **kwargs)\nuk_bin_collection/uk_bin_collection/get_bin_data.py:69: in template_method\n    bin_data_dict = self.parse_data(\nuk_bin_collection/uk_bin_collection/councils/CalderdaleCouncil.py:67: in parse_data\n    results = wait.until(\n_ _ _ _ _ _ _ _ _ _ _ _ _ _ _ _ _ _ _ _ _ _ _ _ _ _ _ _ _ _ _ _ _ _ _ _ _ _ _ _ \n\nself = <selenium.webdriver.support.wait.WebDriverWait (session=\"182fe9230087d436d13d63aabe65108b\")>\nmethod = <function presence_of_element_located.<locals>._predicate at 0x7f65bf8fb7f0>\nmessage = ''\n\n    def until(self, method, message: str = \"\"):\n        \"\"\"Calls the method provided with the driver as an argument until the \\\n        return value does not evaluate to ``False``.\n    \n        :param method: callable(WebDriver)\n        :param message: optional message for :exc:`TimeoutException`\n        :returns: the result of the last call to `method`\n        :raises: :exc:`selenium.common.exceptions.TimeoutException` if timeout occurs\n        \"\"\"\n        screen = None\n        stacktrace = None\n    \n        end_time = time.monotonic() + self._timeout\n        while True:\n            try:\n                value = method(self._driver)\n                if value:\n                    return value\n            except self._ignored_exceptions as exc:\n                screen = getattr(exc, \"screen\", None)\n                stacktrace = getattr(exc, \"stacktrace\", None)\n            time.sleep(self._poll)\n            if time.monotonic() > end_time:\n                break\n>       raise TimeoutException(message, screen, stacktrace)\nE       selenium.common.exceptions.TimeoutException: Message: \nE       Stacktrace:\nE       #0 0x563f015a9f83 <unknown>\nE       #1 0x563f01262cf7 <unknown>\nE       #2 0x563f012b299e <unknown>\nE       #3 0x563f012b2aa1 <unknown>\nE       #4 0x563f012fdd64 <unknown>\nE       #5 0x563f012dc0dd <unknown>\nE       #6 0x563f012fb006 <unknown>\nE       #7 0x563f012dbe53 <unknown>\nE       #8 0x563f012a3dd4 <unknown>\nE       #9 0x563f012a51de <unknown>\nE       #10 0x563f0156e531 <unknown>\nE       #11 0x563f01572455 <unknown>\nE       #12 0x563f0155af55 <unknown>\nE       #13 0x563f015730ef <unknown>\nE       #14 0x563f0153e99f <unknown>\nE       #15 0x563f01597008 <unknown>\nE       #16 0x563f015971d7 <unknown>\nE       #17 0x563f015a9124 <unknown>\nE       #18 0x7fdf32c94ac3 <unknown>\n\n../../../.cache/pypoetry/virtualenvs/uk-bin-collection-EwS6Gn8s-py3.10/lib/python3.10/site-packages/selenium/webdriver/support/wait.py:95: TimeoutException","flaky":false,"newFailed":true,"newBroken":false,"newPassed":false,"retriesCount":0,"retriesStatusChange":false,"beforeStages":[],"testStage":{"status":"failed","statusMessage":"selenium.common.exceptions.TimeoutException: Message: \nStacktrace:\n#0 0x563f015a9f83 <unknown>\n#1 0x563f01262cf7 <unknown>\n#2 0x563f012b299e <unknown>\n#3 0x563f012b2aa1 <unknown>\n#4 0x563f012fdd64 <unknown>\n#5 0x563f012dc0dd <unknown>\n#6 0x563f012fb006 <unknown>\n#7 0x563f012dbe53 <unknown>\n#8 0x563f012a3dd4 <unknown>\n#9 0x563f012a51de <unknown>\n#10 0x563f0156e531 <unknown>\n#11 0x563f01572455 <unknown>\n#12 0x563f0155af55 <unknown>\n#13 0x563f015730ef <unknown>\n#14 0x563f0153e99f <unknown>\n#15 0x563f01597008 <unknown>\n#16 0x563f015971d7 <unknown>\n#17 0x563f015a9124 <unknown>\n#18 0x7fdf32c94ac3 <unknown>","statusTrace":"fixturefunc = <function scrape_step at 0x7f65d2a83d00>\nrequest = <FixtureRequest for <Function test_scenario_outline[CalderdaleCouncil-http://selenium:4444-local]>>\nkwargs = {'context': <test_validate_council.context.<locals>.Context object at 0x7f65c0d5d870>, 'council': 'CalderdaleCouncil', 'selenium_mode': 'local', 'selenium_url': 'http://selenium:4444'}\n\n    def call_fixture_func(\n        fixturefunc: \"_FixtureFunc[FixtureValue]\", request: FixtureRequest, kwargs\n    ) -> FixtureValue:\n        if is_generator(fixturefunc):\n            fixturefunc = cast(\n                Callable[..., Generator[FixtureValue, None, None]], fixturefunc\n            )\n            generator = fixturefunc(**kwargs)\n            try:\n                fixture_result = next(generator)\n            except StopIteration:\n                raise ValueError(f\"{request.fixturename} did not yield a value\") from None\n            finalizer = functools.partial(_teardown_yield_fixture, fixturefunc, generator)\n            request.addfinalizer(finalizer)\n        else:\n            fixturefunc = cast(Callable[..., FixtureValue], fixturefunc)\n>           fixture_result = fixturefunc(**kwargs)\n\n../../../.cache/pypoetry/virtualenvs/uk-bin-collection-EwS6Gn8s-py3.10/lib/python3.10/site-packages/_pytest/fixtures.py:902: \n_ _ _ _ _ _ _ _ _ _ _ _ _ _ _ _ _ _ _ _ _ _ _ _ _ _ _ _ _ _ _ _ _ _ _ _ _ _ _ _ \nuk_bin_collection/tests/step_defs/test_validate_council.py:75: in scrape_step\n    raise (err)\nuk_bin_collection/tests/step_defs/test_validate_council.py:71: in scrape_step\n    context.parse_result = CollectData.run()\nuk_bin_collection/uk_bin_collection/collect_data.py:82: in run\n    return self.client_code(\nuk_bin_collection/uk_bin_collection/collect_data.py:69: in client_code\n    return get_bin_data_class.template_method(address_url, **kwargs)\nuk_bin_collection/uk_bin_collection/get_bin_data.py:69: in template_method\n    bin_data_dict = self.parse_data(\nuk_bin_collection/uk_bin_collection/councils/CalderdaleCouncil.py:67: in parse_data\n    results = wait.until(\n_ _ _ _ _ _ _ _ _ _ _ _ _ _ _ _ _ _ _ _ _ _ _ _ _ _ _ _ _ _ _ _ _ _ _ _ _ _ _ _ \n\nself = <selenium.webdriver.support.wait.WebDriverWait (session=\"182fe9230087d436d13d63aabe65108b\")>\nmethod = <function presence_of_element_located.<locals>._predicate at 0x7f65bf8fb7f0>\nmessage = ''\n\n    def until(self, method, message: str = \"\"):\n        \"\"\"Calls the method provided with the driver as an argument until the \\\n        return value does not evaluate to ``False``.\n    \n        :param method: callable(WebDriver)\n        :param message: optional message for :exc:`TimeoutException`\n        :returns: the result of the last call to `method`\n        :raises: :exc:`selenium.common.exceptions.TimeoutException` if timeout occurs\n        \"\"\"\n        screen = None\n        stacktrace = None\n    \n        end_time = time.monotonic() + self._timeout\n        while True:\n            try:\n                value = method(self._driver)\n                if value:\n                    return value\n            except self._ignored_exceptions as exc:\n                screen = getattr(exc, \"screen\", None)\n                stacktrace = getattr(exc, \"stacktrace\", None)\n            time.sleep(self._poll)\n            if time.monotonic() > end_time:\n                break\n>       raise TimeoutException(message, screen, stacktrace)\nE       selenium.common.exceptions.TimeoutException: Message: \nE       Stacktrace:\nE       #0 0x563f015a9f83 <unknown>\nE       #1 0x563f01262cf7 <unknown>\nE       #2 0x563f012b299e <unknown>\nE       #3 0x563f012b2aa1 <unknown>\nE       #4 0x563f012fdd64 <unknown>\nE       #5 0x563f012dc0dd <unknown>\nE       #6 0x563f012fb006 <unknown>\nE       #7 0x563f012dbe53 <unknown>\nE       #8 0x563f012a3dd4 <unknown>\nE       #9 0x563f012a51de <unknown>\nE       #10 0x563f0156e531 <unknown>\nE       #11 0x563f01572455 <unknown>\nE       #12 0x563f0155af55 <unknown>\nE       #13 0x563f015730ef <unknown>\nE       #14 0x563f0153e99f <unknown>\nE       #15 0x563f01597008 <unknown>\nE       #16 0x563f015971d7 <unknown>\nE       #17 0x563f015a9124 <unknown>\nE       #18 0x7fdf32c94ac3 <unknown>\n\n../../../.cache/pypoetry/virtualenvs/uk-bin-collection-EwS6Gn8s-py3.10/lib/python3.10/site-packages/selenium/webdriver/support/wait.py:95: TimeoutException","steps":[{"name":"Given the council: CalderdaleCouncil","time":{"start":1703553289642,"stop":1703553289642,"duration":0},"status":"passed","steps":[],"attachments":[],"parameters":[],"shouldDisplayMessage":false,"stepsCount":0,"attachmentsCount":0,"hasContent":false,"attachmentStep":false},{"name":"When we scrape the data from CalderdaleCouncil using local and the http://selenium:4444 is set","time":{"start":1703553289643,"stop":1703553326133,"duration":36490},"status":"failed","statusMessage":"Message: \nStacktrace:\n#0 0x563f015a9f83 <unknown>\n#1 0x563f01262cf7 <unknown>\n#2 0x563f012b299e <unknown>\n#3 0x563f012b2aa1 <unknown>\n#4 0x563f012fdd64 <unknown>\n#5 0x563f012dc0dd <unknown>\n#6 0x563f012fb006 <unknown>\n#7 0x563f012dbe53 <unknown>\n#8 0x563f012a3dd4 <unknown>\n#9 0x563f012a51de <unknown>\n#10 0x563f0156e531 <unknown>\n#11 0x563f01572455 <unknown>\n#12 0x563f0155af55 <unknown>\n#13 0x563f015730ef <unknown>\n#14 0x563f0153e99f <unknown>\n#15 0x563f01597008 <unknown>\n#16 0x563f015971d7 <unknown>\n#17 0x563f015a9124 <unknown>\n#18 0x7fdf32c94ac3 <unknown>\n","statusTrace":"selenium.common.exceptions.TimeoutException: Message: \nStacktrace:\n#0 0x563f015a9f83 <unknown>\n#1 0x563f01262cf7 <unknown>\n#2 0x563f012b299e <unknown>\n#3 0x563f012b2aa1 <unknown>\n#4 0x563f012fdd64 <unknown>\n#5 0x563f012dc0dd <unknown>\n#6 0x563f012fb006 <unknown>\n#7 0x563f012dbe53 <unknown>\n#8 0x563f012a3dd4 <unknown>\n#9 0x563f012a51de <unknown>\n#10 0x563f0156e531 <unknown>\n#11 0x563f01572455 <unknown>\n#12 0x563f0155af55 <unknown>\n#13 0x563f015730ef <unknown>\n#14 0x563f0153e99f <unknown>\n#15 0x563f01597008 <unknown>\n#16 0x563f015971d7 <unknown>\n#17 0x563f015a9124 <unknown>\n#18 0x7fdf32c94ac3 <unknown>\n\n","steps":[],"attachments":[],"parameters":[],"shouldDisplayMessage":true,"stepsCount":0,"attachmentsCount":0,"hasContent":true,"attachmentStep":false}],"attachments":[],"parameters":[],"shouldDisplayMessage":true,"stepsCount":2,"attachmentsCount":0,"hasContent":true,"attachmentStep":false},"afterStages":[],"labels":[{"name":"host","value":"fv-az659-507"},{"name":"thread","value":"2687-MainThread"},{"name":"framework","value":"pytest-bdd"},{"name":"language","value":"cpython3"},{"name":"feature","value":"Test each council output matches expected results"},{"name":"resultFormat","value":"allure2"}],"parameters":[{"name":"council","value":"CalderdaleCouncil"},{"name":"selenium_mode","value":"local"},{"name":"selenium_url","value":"http://selenium:4444"}],"links":[],"hidden":false,"retry":false,"extra":{"severity":"normal","retries":[],"categories":[{"name":"Product defects","matchedStatuses":[],"flaky":false}],"history":{"statistic":{"failed":1,"broken":0,"skipped":0,"passed":4,"unknown":0,"total":5},"items":[{"uid":"49e90b0fa0ee3933","reportUrl":"https://robbrad.github.io/UKBinCollectionData/3.10/1298//#testresult/49e90b0fa0ee3933","status":"passed","time":{"start":1703541088763,"stop":1703541095142,"duration":6379}},{"uid":"98fd56cf7c39ed67","reportUrl":"https://robbrad.github.io/UKBinCollectionData/3.10/1295//#testresult/98fd56cf7c39ed67","status":"passed","time":{"start":1703467071275,"stop":1703467093624,"duration":22349}},{"uid":"f39504e7ef71e9fc","reportUrl":"https://robbrad.github.io/UKBinCollectionData/3.10/1292//#testresult/f39504e7ef71e9fc","status":"passed","time":{"start":1703416361083,"stop":1703416369427,"duration":8344}},{"uid":"f9a73b04367e999f","reportUrl":"https://robbrad.github.io/UKBinCollectionData/3.10/1291//#testresult/f9a73b04367e999f","status":"passed","time":{"start":1703416323872,"stop":1703416336547,"duration":12675}}]},"tags":[]},"source":"6864bf0b9360b51e.json","parameterValues":["CalderdaleCouncil","local","http://selenium:4444"]}