{"uid":"f6716d3434173fea","name":"Validate Council Output [PortsmouthCityCouncil-http://selenium:4444-local]","fullName":"features/validate_council_outputs.feature:Validate Council Output","historyId":"bdbaa907efcb9320cd1c72cfdb17ee5a","time":{"start":1706488127555,"stop":1706488146903,"duration":19348},"status":"failed","statusMessage":"selenium.common.exceptions.NoSuchElementException: Message: Cannot locate option with value: 1775027504; For documentation on this error, please visit: https://www.selenium.dev/documentation/webdriver/troubleshooting/errors#no-such-element-exception","statusTrace":"fixturefunc = <function scrape_step at 0x7f8ced1c2ef0>\nrequest = <FixtureRequest for <Function test_scenario_outline[PortsmouthCityCouncil-http://selenium:4444-local]>>\nkwargs = {'context': <test_validate_council.context.<locals>.Context object at 0x7f8cec5841c0>, 'council': 'PortsmouthCityCouncil', 'selenium_mode': 'local', 'selenium_url': 'http://selenium:4444'}\n\n    def call_fixture_func(\n        fixturefunc: \"_FixtureFunc[FixtureValue]\", request: FixtureRequest, kwargs\n    ) -> FixtureValue:\n        if is_generator(fixturefunc):\n            fixturefunc = cast(\n                Callable[..., Generator[FixtureValue, None, None]], fixturefunc\n            )\n            generator = fixturefunc(**kwargs)\n            try:\n                fixture_result = next(generator)\n            except StopIteration:\n                raise ValueError(f\"{request.fixturename} did not yield a value\") from None\n            finalizer = functools.partial(_teardown_yield_fixture, fixturefunc, generator)\n            request.addfinalizer(finalizer)\n        else:\n            fixturefunc = cast(Callable[..., FixtureValue], fixturefunc)\n>           fixture_result = fixturefunc(**kwargs)\n\n../../../.cache/pypoetry/virtualenvs/uk-bin-collection-EwS6Gn8s-py3.10/lib/python3.10/site-packages/_pytest/fixtures.py:902: \n_ _ _ _ _ _ _ _ _ _ _ _ _ _ _ _ _ _ _ _ _ _ _ _ _ _ _ _ _ _ _ _ _ _ _ _ _ _ _ _ \nuk_bin_collection/tests/step_defs/test_validate_council.py:92: in scrape_step\n    context.parse_result = CollectData.run()\nuk_bin_collection/uk_bin_collection/collect_data.py:96: in run\n    return self.client_code(\nuk_bin_collection/uk_bin_collection/collect_data.py:115: in client_code\n    return get_bin_data_class.template_method(address_url, **kwargs)\nuk_bin_collection/uk_bin_collection/get_bin_data.py:78: in template_method\n    bin_data_dict = self.parse_data(\nuk_bin_collection/uk_bin_collection/councils/PortsmouthCityCouncil.py:71: in parse_data\n    dropdownSelect.select_by_value(str(user_uprn))\n_ _ _ _ _ _ _ _ _ _ _ _ _ _ _ _ _ _ _ _ _ _ _ _ _ _ _ _ _ _ _ _ _ _ _ _ _ _ _ _ \n\nself = <selenium.webdriver.support.select.Select object at 0x7f8cec4594e0>\nvalue = '1775027504'\n\n    def select_by_value(self, value: str) -> None:\n        \"\"\"Select all options that have a value matching the argument. That is,\n        when given \"foo\" this would select an option like:\n    \n        <option value=\"foo\">Bar</option>\n    \n        :Args:\n         - value - The value to match against\n    \n        throws NoSuchElementException If there is no option with specified value in SELECT\n        \"\"\"\n        css = f\"option[value ={self._escape_string(value)}]\"\n        opts = self._el.find_elements(By.CSS_SELECTOR, css)\n        matched = False\n        for opt in opts:\n            self._set_selected(opt)\n            if not self.is_multiple:\n                return\n            matched = True\n        if not matched:\n>           raise NoSuchElementException(f\"Cannot locate option with value: {value}\")\nE           selenium.common.exceptions.NoSuchElementException: Message: Cannot locate option with value: 1775027504; For documentation on this error, please visit: https://www.selenium.dev/documentation/webdriver/troubleshooting/errors#no-such-element-exception\n\n../../../.cache/pypoetry/virtualenvs/uk-bin-collection-EwS6Gn8s-py3.10/lib/python3.10/site-packages/selenium/webdriver/support/select.py:84: NoSuchElementException","flaky":false,"newFailed":true,"newBroken":false,"newPassed":false,"retriesCount":0,"retriesStatusChange":false,"beforeStages":[],"testStage":{"status":"failed","statusMessage":"selenium.common.exceptions.NoSuchElementException: Message: Cannot locate option with value: 1775027504; For documentation on this error, please visit: https://www.selenium.dev/documentation/webdriver/troubleshooting/errors#no-such-element-exception","statusTrace":"fixturefunc = <function scrape_step at 0x7f8ced1c2ef0>\nrequest = <FixtureRequest for <Function test_scenario_outline[PortsmouthCityCouncil-http://selenium:4444-local]>>\nkwargs = {'context': <test_validate_council.context.<locals>.Context object at 0x7f8cec5841c0>, 'council': 'PortsmouthCityCouncil', 'selenium_mode': 'local', 'selenium_url': 'http://selenium:4444'}\n\n    def call_fixture_func(\n        fixturefunc: \"_FixtureFunc[FixtureValue]\", request: FixtureRequest, kwargs\n    ) -> FixtureValue:\n        if is_generator(fixturefunc):\n            fixturefunc = cast(\n                Callable[..., Generator[FixtureValue, None, None]], fixturefunc\n            )\n            generator = fixturefunc(**kwargs)\n            try:\n                fixture_result = next(generator)\n            except StopIteration:\n                raise ValueError(f\"{request.fixturename} did not yield a value\") from None\n            finalizer = functools.partial(_teardown_yield_fixture, fixturefunc, generator)\n            request.addfinalizer(finalizer)\n        else:\n            fixturefunc = cast(Callable[..., FixtureValue], fixturefunc)\n>           fixture_result = fixturefunc(**kwargs)\n\n../../../.cache/pypoetry/virtualenvs/uk-bin-collection-EwS6Gn8s-py3.10/lib/python3.10/site-packages/_pytest/fixtures.py:902: \n_ _ _ _ _ _ _ _ _ _ _ _ _ _ _ _ _ _ _ _ _ _ _ _ _ _ _ _ _ _ _ _ _ _ _ _ _ _ _ _ \nuk_bin_collection/tests/step_defs/test_validate_council.py:92: in scrape_step\n    context.parse_result = CollectData.run()\nuk_bin_collection/uk_bin_collection/collect_data.py:96: in run\n    return self.client_code(\nuk_bin_collection/uk_bin_collection/collect_data.py:115: in client_code\n    return get_bin_data_class.template_method(address_url, **kwargs)\nuk_bin_collection/uk_bin_collection/get_bin_data.py:78: in template_method\n    bin_data_dict = self.parse_data(\nuk_bin_collection/uk_bin_collection/councils/PortsmouthCityCouncil.py:71: in parse_data\n    dropdownSelect.select_by_value(str(user_uprn))\n_ _ _ _ _ _ _ _ _ _ _ _ _ _ _ _ _ _ _ _ _ _ _ _ _ _ _ _ _ _ _ _ _ _ _ _ _ _ _ _ \n\nself = <selenium.webdriver.support.select.Select object at 0x7f8cec4594e0>\nvalue = '1775027504'\n\n    def select_by_value(self, value: str) -> None:\n        \"\"\"Select all options that have a value matching the argument. That is,\n        when given \"foo\" this would select an option like:\n    \n        <option value=\"foo\">Bar</option>\n    \n        :Args:\n         - value - The value to match against\n    \n        throws NoSuchElementException If there is no option with specified value in SELECT\n        \"\"\"\n        css = f\"option[value ={self._escape_string(value)}]\"\n        opts = self._el.find_elements(By.CSS_SELECTOR, css)\n        matched = False\n        for opt in opts:\n            self._set_selected(opt)\n            if not self.is_multiple:\n                return\n            matched = True\n        if not matched:\n>           raise NoSuchElementException(f\"Cannot locate option with value: {value}\")\nE           selenium.common.exceptions.NoSuchElementException: Message: Cannot locate option with value: 1775027504; For documentation on this error, please visit: https://www.selenium.dev/documentation/webdriver/troubleshooting/errors#no-such-element-exception\n\n../../../.cache/pypoetry/virtualenvs/uk-bin-collection-EwS6Gn8s-py3.10/lib/python3.10/site-packages/selenium/webdriver/support/select.py:84: NoSuchElementException","steps":[{"name":"Given the council: PortsmouthCityCouncil","time":{"start":1706488127556,"stop":1706488127556,"duration":0},"status":"passed","steps":[],"attachments":[],"parameters":[],"shouldDisplayMessage":false,"stepsCount":0,"attachmentsCount":0,"hasContent":false,"attachmentStep":false},{"name":"When we scrape the data from PortsmouthCityCouncil using local and the http://selenium:4444 is set","time":{"start":1706488127557,"stop":1706488146903,"duration":19346},"status":"failed","statusMessage":"Message: Cannot locate option with value: 1775027504; For documentation on this error, please visit: https://www.selenium.dev/documentation/webdriver/troubleshooting/errors#no-such-element-exception\n","statusTrace":"selenium.common.exceptions.NoSuchElementException: Message: Cannot locate option with value: 1775027504; For documentation on this error, please visit: https://www.selenium.dev/documentation/webdriver/troubleshooting/errors#no-such-element-exception\n\n","steps":[],"attachments":[],"parameters":[],"shouldDisplayMessage":true,"stepsCount":0,"attachmentsCount":0,"hasContent":true,"attachmentStep":false}],"attachments":[],"parameters":[],"shouldDisplayMessage":true,"stepsCount":2,"attachmentsCount":0,"hasContent":true,"attachmentStep":false},"afterStages":[],"labels":[{"name":"host","value":"fv-az1427-315"},{"name":"thread","value":"2847-MainThread"},{"name":"framework","value":"pytest-bdd"},{"name":"language","value":"cpython3"},{"name":"feature","value":"Test each council output matches expected results"},{"name":"resultFormat","value":"allure2"}],"parameters":[{"name":"council","value":"PortsmouthCityCouncil"},{"name":"selenium_mode","value":"local"},{"name":"selenium_url","value":"http://selenium:4444"}],"links":[],"hidden":false,"retry":false,"extra":{"severity":"normal","retries":[],"categories":[{"name":"Product defects","matchedStatuses":[],"flaky":false}],"history":{"statistic":{"failed":11,"broken":0,"skipped":0,"passed":90,"unknown":0,"total":101},"items":[{"uid":"39cdefe8db7607bb","reportUrl":"https://robbrad.github.io/UKBinCollectionData/3.10/1531//#testresult/39cdefe8db7607bb","status":"passed","time":{"start":1706401826576,"stop":1706401843402,"duration":16826}},{"uid":"4b3cae0e52d61c3a","reportUrl":"https://robbrad.github.io/UKBinCollectionData/3.10/1529//#testresult/4b3cae0e52d61c3a","status":"passed","time":{"start":1706315253513,"stop":1706315275514,"duration":22001}},{"uid":"e1b459a431c7ecaf","reportUrl":"https://robbrad.github.io/UKBinCollectionData/3.10/1528//#testresult/e1b459a431c7ecaf","status":"passed","time":{"start":1706228886572,"stop":1706228902449,"duration":15877}},{"uid":"bb93159038dffec1","reportUrl":"https://robbrad.github.io/UKBinCollectionData/3.10/1523//#testresult/bb93159038dffec1","status":"passed","time":{"start":1706142579299,"stop":1706142595473,"duration":16174}},{"uid":"54097a9e898b988e","reportUrl":"https://robbrad.github.io/UKBinCollectionData/3.10/1522//#testresult/54097a9e898b988e","status":"passed","time":{"start":1706056203009,"stop":1706056220391,"duration":17382}},{"uid":"32c7254f037c3d7","reportUrl":"https://robbrad.github.io/UKBinCollectionData/3.10/1521//#testresult/32c7254f037c3d7","status":"passed","time":{"start":1705969817432,"stop":1705969834166,"duration":16734}},{"uid":"d5327396778d7286","reportUrl":"https://robbrad.github.io/UKBinCollectionData/3.10/1520//#testresult/d5327396778d7286","status":"passed","time":{"start":1705883481050,"stop":1705883501904,"duration":20854}},{"uid":"864bd9bbd82a908","reportUrl":"https://robbrad.github.io/UKBinCollectionData/3.10/1519//#testresult/864bd9bbd82a908","status":"failed","statusDetails":"selenium.common.exceptions.NoSuchElementException: Message: Cannot locate option with value: 1775027504; For documentation on this error, please visit: https://www.selenium.dev/documentation/webdriver/troubleshooting/errors#no-such-element-exception","time":{"start":1705797142422,"stop":1705797166650,"duration":24228}},{"uid":"3fb6703e21727842","reportUrl":"https://robbrad.github.io/UKBinCollectionData/3.10/1515//#testresult/3fb6703e21727842","status":"passed","time":{"start":1705710537693,"stop":1705710553620,"duration":15927}},{"uid":"8194a478acda65ee","reportUrl":"https://robbrad.github.io/UKBinCollectionData/3.10/1511//#testresult/8194a478acda65ee","status":"failed","statusDetails":"selenium.common.exceptions.NoSuchElementException: Message: Cannot locate option with value: 1775027504; For documentation on this error, please visit: https://www.selenium.dev/documentation/webdriver/troubleshooting/errors#no-such-element-exception","time":{"start":1705624168870,"stop":1705624176324,"duration":7454}},{"uid":"61e2ff2e08a1effd","reportUrl":"https://robbrad.github.io/UKBinCollectionData/3.10/1505//#testresult/61e2ff2e08a1effd","status":"passed","time":{"start":1705537749668,"stop":1705537765243,"duration":15575}},{"uid":"6b70a84f7e5bce1b","reportUrl":"https://robbrad.github.io/UKBinCollectionData/3.10/1500//#testresult/6b70a84f7e5bce1b","status":"passed","time":{"start":1705451363793,"stop":1705451378048,"duration":14255}},{"uid":"b561011510d0efba","reportUrl":"https://robbrad.github.io/UKBinCollectionData/3.10/1499//#testresult/b561011510d0efba","status":"passed","time":{"start":1705365035116,"stop":1705365054180,"duration":19064}},{"uid":"8b26e94301075514","reportUrl":"https://robbrad.github.io/UKBinCollectionData/3.10/1492//#testresult/8b26e94301075514","status":"passed","time":{"start":1705295712772,"stop":1705295733184,"duration":20412}},{"uid":"6503b841598cd8ee","reportUrl":"https://robbrad.github.io/UKBinCollectionData/3.10/1491//#testresult/6503b841598cd8ee","status":"failed","statusDetails":"TypeError: create_webdriver() missing 1 required positional argument: 'user_agent'","time":{"start":1705295167141,"stop":1705295167600,"duration":459}},{"uid":"a3131508da03943a","reportUrl":"https://robbrad.github.io/UKBinCollectionData/3.10/1490//#testresult/a3131508da03943a","status":"failed","statusDetails":"TypeError: create_webdriver() missing 1 required positional argument: 'user_agent'","time":{"start":1705278582273,"stop":1705278582416,"duration":143}},{"uid":"edf502a33e46ab8c","reportUrl":"https://robbrad.github.io/UKBinCollectionData/3.10/1485//#testresult/edf502a33e46ab8c","status":"failed","statusDetails":"TypeError: create_webdriver() missing 1 required positional argument: 'user_agent'","time":{"start":1705192244783,"stop":1705192244954,"duration":171}},{"uid":"30ec0c83577eea02","reportUrl":"https://robbrad.github.io/UKBinCollectionData/3.10/1484//#testresult/30ec0c83577eea02","status":"failed","statusDetails":"TypeError: create_webdriver() missing 1 required positional argument: 'user_agent'","time":{"start":1705105679543,"stop":1705105680192,"duration":649}},{"uid":"d4ec01bb42a881d9","reportUrl":"https://robbrad.github.io/UKBinCollectionData/3.10/1482//#testresult/d4ec01bb42a881d9","status":"failed","statusDetails":"TypeError: create_webdriver() missing 1 required positional argument: 'user_agent'","time":{"start":1705019267298,"stop":1705019267616,"duration":318}},{"uid":"3c36ecb32993e5b","reportUrl":"https://robbrad.github.io/UKBinCollectionData/3.10/1478//#testresult/3c36ecb32993e5b","status":"failed","statusDetails":"TypeError: create_webdriver() missing 1 required positional argument: 'user_agent'","time":{"start":1704932866582,"stop":1704932866978,"duration":396}}]},"tags":[]},"source":"f6716d3434173fea.json","parameterValues":["PortsmouthCityCouncil","local","http://selenium:4444"]}