{"uid":"e8e7d2a5d83d9ef3","name":"Validate Council Output [NeathPortTalbotCouncil-http://selenium:4444-local]","fullName":"features/validate_council_outputs.feature:Validate Council Output","historyId":"68717d64a9b5b73045a4198b6f1e2a64","time":{"start":1703851125594,"stop":1703851166525,"duration":40931},"status":"failed","statusMessage":"selenium.common.exceptions.NoSuchElementException: Message: no such element: Unable to locate element: {\"method\":\"css selector\",\"selector\":\"[id=\"ContentPlaceHolderDefault_ctl13_nptLLPG2_25_addresslookup_txtTmpPostcode\"]\"}\n  (Session info: chrome-headless-shell=120.0.6099.109); For documentation on this error, please visit: https://www.selenium.dev/documentation/webdriver/troubleshooting/errors#no-such-element-exception\nStacktrace:\n#0 0x555fa9d97f83 <unknown>\n#1 0x555fa9a50cf7 <unknown>\n#2 0x555fa9aa099e <unknown>\n#3 0x555fa9aa0aa1 <unknown>\n#4 0x555fa9aebd64 <unknown>\n#5 0x555fa9aca0dd <unknown>\n#6 0x555fa9ae9006 <unknown>\n#7 0x555fa9ac9e53 <unknown>\n#8 0x555fa9a91dd4 <unknown>\n#9 0x555fa9a931de <unknown>\n#10 0x555fa9d5c531 <unknown>\n#11 0x555fa9d60455 <unknown>\n#12 0x555fa9d48f55 <unknown>\n#13 0x555fa9d610ef <unknown>\n#14 0x555fa9d2c99f <unknown>\n#15 0x555fa9d85008 <unknown>\n#16 0x555fa9d851d7 <unknown>\n#17 0x555fa9d97124 <unknown>\n#18 0x7f7a5e094ac3 <unknown>","statusTrace":"fixturefunc = <function scrape_step at 0x7f6091c676d0>\nrequest = <FixtureRequest for <Function test_scenario_outline[NeathPortTalbotCouncil-http://selenium:4444-local]>>\nkwargs = {'context': <test_validate_council.context.<locals>.Context object at 0x7f607f1f4ac0>, 'council': 'NeathPortTalbotCouncil', 'selenium_mode': 'local', 'selenium_url': 'http://selenium:4444'}\n\n    def call_fixture_func(\n        fixturefunc: \"_FixtureFunc[FixtureValue]\", request: FixtureRequest, kwargs\n    ) -> FixtureValue:\n        if is_generator(fixturefunc):\n            fixturefunc = cast(\n                Callable[..., Generator[FixtureValue, None, None]], fixturefunc\n            )\n            generator = fixturefunc(**kwargs)\n            try:\n                fixture_result = next(generator)\n            except StopIteration:\n                raise ValueError(f\"{request.fixturename} did not yield a value\") from None\n            finalizer = functools.partial(_teardown_yield_fixture, fixturefunc, generator)\n            request.addfinalizer(finalizer)\n        else:\n            fixturefunc = cast(Callable[..., FixtureValue], fixturefunc)\n>           fixture_result = fixturefunc(**kwargs)\n\n../../../.cache/pypoetry/virtualenvs/uk-bin-collection-EwS6Gn8s-py3.10/lib/python3.10/site-packages/_pytest/fixtures.py:902: \n_ _ _ _ _ _ _ _ _ _ _ _ _ _ _ _ _ _ _ _ _ _ _ _ _ _ _ _ _ _ _ _ _ _ _ _ _ _ _ _ \nuk_bin_collection/tests/step_defs/test_validate_council.py:75: in scrape_step\n    raise (err)\nuk_bin_collection/tests/step_defs/test_validate_council.py:71: in scrape_step\n    context.parse_result = CollectData.run()\nuk_bin_collection/uk_bin_collection/collect_data.py:82: in run\n    return self.client_code(\nuk_bin_collection/uk_bin_collection/collect_data.py:69: in client_code\n    return get_bin_data_class.template_method(address_url, **kwargs)\nuk_bin_collection/uk_bin_collection/get_bin_data.py:69: in template_method\n    bin_data_dict = self.parse_data(\nuk_bin_collection/uk_bin_collection/councils/NeathPortTalbotCouncil.py:41: in parse_data\n    inputElement_postcode = driver.find_element(\n../../../.cache/pypoetry/virtualenvs/uk-bin-collection-EwS6Gn8s-py3.10/lib/python3.10/site-packages/selenium/webdriver/remote/webdriver.py:738: in find_element\n    return self.execute(Command.FIND_ELEMENT, {\"using\": by, \"value\": value})[\"value\"]\n../../../.cache/pypoetry/virtualenvs/uk-bin-collection-EwS6Gn8s-py3.10/lib/python3.10/site-packages/selenium/webdriver/remote/webdriver.py:344: in execute\n    self.error_handler.check_response(response)\n_ _ _ _ _ _ _ _ _ _ _ _ _ _ _ _ _ _ _ _ _ _ _ _ _ _ _ _ _ _ _ _ _ _ _ _ _ _ _ _ \n\nself = <selenium.webdriver.remote.errorhandler.ErrorHandler object at 0x7f607f1f4bb0>\nresponse = {'status': 404, 'value': '{\"value\":{\"error\":\"no such element\",\"message\":\"no such element: Unable to locate element: {\\...\\\\n#16 0x555fa9d851d7 \\\\u003Cunknown>\\\\n#17 0x555fa9d97124 \\\\u003Cunknown>\\\\n#18 0x7f7a5e094ac3 \\\\u003Cunknown>\\\\n\"}}'}\n\n    def check_response(self, response: Dict[str, Any]) -> None:\n        \"\"\"Checks that a JSON response from the WebDriver does not have an\n        error.\n    \n        :Args:\n         - response - The JSON response from the WebDriver server as a dictionary\n           object.\n    \n        :Raises: If the response contains an error message.\n        \"\"\"\n        status = response.get(\"status\", None)\n        if not status or status == ErrorCode.SUCCESS:\n            return\n        value = None\n        message = response.get(\"message\", \"\")\n        screen: str = response.get(\"screen\", \"\")\n        stacktrace = None\n        if isinstance(status, int):\n            value_json = response.get(\"value\", None)\n            if value_json and isinstance(value_json, str):\n                import json\n    \n                try:\n                    value = json.loads(value_json)\n                    if len(value) == 1:\n                        value = value[\"value\"]\n                    status = value.get(\"error\", None)\n                    if not status:\n                        status = value.get(\"status\", ErrorCode.UNKNOWN_ERROR)\n                        message = value.get(\"value\") or value.get(\"message\")\n                        if not isinstance(message, str):\n                            value = message\n                            message = message.get(\"message\")\n                    else:\n                        message = value.get(\"message\", None)\n                except ValueError:\n                    pass\n    \n        exception_class: Type[WebDriverException]\n        e = ErrorCode()\n        error_codes = [item for item in dir(e) if not item.startswith(\"__\")]\n        for error_code in error_codes:\n            error_info = getattr(ErrorCode, error_code)\n            if isinstance(error_info, list) and status in error_info:\n                exception_class = getattr(ExceptionMapping, error_code, WebDriverException)\n                break\n        else:\n            exception_class = WebDriverException\n    \n        if not value:\n            value = response[\"value\"]\n        if isinstance(value, str):\n            raise exception_class(value)\n        if message == \"\" and \"message\" in value:\n            message = value[\"message\"]\n    \n        screen = None  # type: ignore[assignment]\n        if \"screen\" in value:\n            screen = value[\"screen\"]\n    \n        stacktrace = None\n        st_value = value.get(\"stackTrace\") or value.get(\"stacktrace\")\n        if st_value:\n            if isinstance(st_value, str):\n                stacktrace = st_value.split(\"\\n\")\n            else:\n                stacktrace = []\n                try:\n                    for frame in st_value:\n                        line = frame.get(\"lineNumber\", \"\")\n                        file = frame.get(\"fileName\", \"<anonymous>\")\n                        if line:\n                            file = f\"{file}:{line}\"\n                        meth = frame.get(\"methodName\", \"<anonymous>\")\n                        if \"className\" in frame:\n                            meth = f\"{frame['className']}.{meth}\"\n                        msg = \"    at %s (%s)\"\n                        msg = msg % (meth, file)\n                        stacktrace.append(msg)\n                except TypeError:\n                    pass\n        if exception_class == UnexpectedAlertPresentException:\n            alert_text = None\n            if \"data\" in value:\n                alert_text = value[\"data\"].get(\"text\")\n            elif \"alert\" in value:\n                alert_text = value[\"alert\"].get(\"text\")\n            raise exception_class(message, screen, stacktrace, alert_text)  # type: ignore[call-arg]  # mypy is not smart enough here\n>       raise exception_class(message, screen, stacktrace)\nE       selenium.common.exceptions.NoSuchElementException: Message: no such element: Unable to locate element: {\"method\":\"css selector\",\"selector\":\"[id=\"ContentPlaceHolderDefault_ctl13_nptLLPG2_25_addresslookup_txtTmpPostcode\"]\"}\nE         (Session info: chrome-headless-shell=120.0.6099.109); For documentation on this error, please visit: https://www.selenium.dev/documentation/webdriver/troubleshooting/errors#no-such-element-exception\nE       Stacktrace:\nE       #0 0x555fa9d97f83 <unknown>\nE       #1 0x555fa9a50cf7 <unknown>\nE       #2 0x555fa9aa099e <unknown>\nE       #3 0x555fa9aa0aa1 <unknown>\nE       #4 0x555fa9aebd64 <unknown>\nE       #5 0x555fa9aca0dd <unknown>\nE       #6 0x555fa9ae9006 <unknown>\nE       #7 0x555fa9ac9e53 <unknown>\nE       #8 0x555fa9a91dd4 <unknown>\nE       #9 0x555fa9a931de <unknown>\nE       #10 0x555fa9d5c531 <unknown>\nE       #11 0x555fa9d60455 <unknown>\nE       #12 0x555fa9d48f55 <unknown>\nE       #13 0x555fa9d610ef <unknown>\nE       #14 0x555fa9d2c99f <unknown>\nE       #15 0x555fa9d85008 <unknown>\nE       #16 0x555fa9d851d7 <unknown>\nE       #17 0x555fa9d97124 <unknown>\nE       #18 0x7f7a5e094ac3 <unknown>\n\n../../../.cache/pypoetry/virtualenvs/uk-bin-collection-EwS6Gn8s-py3.10/lib/python3.10/site-packages/selenium/webdriver/remote/errorhandler.py:229: NoSuchElementException","flaky":false,"newFailed":false,"newBroken":false,"newPassed":false,"retriesCount":0,"retriesStatusChange":false,"beforeStages":[],"testStage":{"status":"failed","statusMessage":"selenium.common.exceptions.NoSuchElementException: Message: no such element: Unable to locate element: {\"method\":\"css selector\",\"selector\":\"[id=\"ContentPlaceHolderDefault_ctl13_nptLLPG2_25_addresslookup_txtTmpPostcode\"]\"}\n  (Session info: chrome-headless-shell=120.0.6099.109); For documentation on this error, please visit: https://www.selenium.dev/documentation/webdriver/troubleshooting/errors#no-such-element-exception\nStacktrace:\n#0 0x555fa9d97f83 <unknown>\n#1 0x555fa9a50cf7 <unknown>\n#2 0x555fa9aa099e <unknown>\n#3 0x555fa9aa0aa1 <unknown>\n#4 0x555fa9aebd64 <unknown>\n#5 0x555fa9aca0dd <unknown>\n#6 0x555fa9ae9006 <unknown>\n#7 0x555fa9ac9e53 <unknown>\n#8 0x555fa9a91dd4 <unknown>\n#9 0x555fa9a931de <unknown>\n#10 0x555fa9d5c531 <unknown>\n#11 0x555fa9d60455 <unknown>\n#12 0x555fa9d48f55 <unknown>\n#13 0x555fa9d610ef <unknown>\n#14 0x555fa9d2c99f <unknown>\n#15 0x555fa9d85008 <unknown>\n#16 0x555fa9d851d7 <unknown>\n#17 0x555fa9d97124 <unknown>\n#18 0x7f7a5e094ac3 <unknown>","statusTrace":"fixturefunc = <function scrape_step at 0x7f6091c676d0>\nrequest = <FixtureRequest for <Function test_scenario_outline[NeathPortTalbotCouncil-http://selenium:4444-local]>>\nkwargs = {'context': <test_validate_council.context.<locals>.Context object at 0x7f607f1f4ac0>, 'council': 'NeathPortTalbotCouncil', 'selenium_mode': 'local', 'selenium_url': 'http://selenium:4444'}\n\n    def call_fixture_func(\n        fixturefunc: \"_FixtureFunc[FixtureValue]\", request: FixtureRequest, kwargs\n    ) -> FixtureValue:\n        if is_generator(fixturefunc):\n            fixturefunc = cast(\n                Callable[..., Generator[FixtureValue, None, None]], fixturefunc\n            )\n            generator = fixturefunc(**kwargs)\n            try:\n                fixture_result = next(generator)\n            except StopIteration:\n                raise ValueError(f\"{request.fixturename} did not yield a value\") from None\n            finalizer = functools.partial(_teardown_yield_fixture, fixturefunc, generator)\n            request.addfinalizer(finalizer)\n        else:\n            fixturefunc = cast(Callable[..., FixtureValue], fixturefunc)\n>           fixture_result = fixturefunc(**kwargs)\n\n../../../.cache/pypoetry/virtualenvs/uk-bin-collection-EwS6Gn8s-py3.10/lib/python3.10/site-packages/_pytest/fixtures.py:902: \n_ _ _ _ _ _ _ _ _ _ _ _ _ _ _ _ _ _ _ _ _ _ _ _ _ _ _ _ _ _ _ _ _ _ _ _ _ _ _ _ \nuk_bin_collection/tests/step_defs/test_validate_council.py:75: in scrape_step\n    raise (err)\nuk_bin_collection/tests/step_defs/test_validate_council.py:71: in scrape_step\n    context.parse_result = CollectData.run()\nuk_bin_collection/uk_bin_collection/collect_data.py:82: in run\n    return self.client_code(\nuk_bin_collection/uk_bin_collection/collect_data.py:69: in client_code\n    return get_bin_data_class.template_method(address_url, **kwargs)\nuk_bin_collection/uk_bin_collection/get_bin_data.py:69: in template_method\n    bin_data_dict = self.parse_data(\nuk_bin_collection/uk_bin_collection/councils/NeathPortTalbotCouncil.py:41: in parse_data\n    inputElement_postcode = driver.find_element(\n../../../.cache/pypoetry/virtualenvs/uk-bin-collection-EwS6Gn8s-py3.10/lib/python3.10/site-packages/selenium/webdriver/remote/webdriver.py:738: in find_element\n    return self.execute(Command.FIND_ELEMENT, {\"using\": by, \"value\": value})[\"value\"]\n../../../.cache/pypoetry/virtualenvs/uk-bin-collection-EwS6Gn8s-py3.10/lib/python3.10/site-packages/selenium/webdriver/remote/webdriver.py:344: in execute\n    self.error_handler.check_response(response)\n_ _ _ _ _ _ _ _ _ _ _ _ _ _ _ _ _ _ _ _ _ _ _ _ _ _ _ _ _ _ _ _ _ _ _ _ _ _ _ _ \n\nself = <selenium.webdriver.remote.errorhandler.ErrorHandler object at 0x7f607f1f4bb0>\nresponse = {'status': 404, 'value': '{\"value\":{\"error\":\"no such element\",\"message\":\"no such element: Unable to locate element: {\\...\\\\n#16 0x555fa9d851d7 \\\\u003Cunknown>\\\\n#17 0x555fa9d97124 \\\\u003Cunknown>\\\\n#18 0x7f7a5e094ac3 \\\\u003Cunknown>\\\\n\"}}'}\n\n    def check_response(self, response: Dict[str, Any]) -> None:\n        \"\"\"Checks that a JSON response from the WebDriver does not have an\n        error.\n    \n        :Args:\n         - response - The JSON response from the WebDriver server as a dictionary\n           object.\n    \n        :Raises: If the response contains an error message.\n        \"\"\"\n        status = response.get(\"status\", None)\n        if not status or status == ErrorCode.SUCCESS:\n            return\n        value = None\n        message = response.get(\"message\", \"\")\n        screen: str = response.get(\"screen\", \"\")\n        stacktrace = None\n        if isinstance(status, int):\n            value_json = response.get(\"value\", None)\n            if value_json and isinstance(value_json, str):\n                import json\n    \n                try:\n                    value = json.loads(value_json)\n                    if len(value) == 1:\n                        value = value[\"value\"]\n                    status = value.get(\"error\", None)\n                    if not status:\n                        status = value.get(\"status\", ErrorCode.UNKNOWN_ERROR)\n                        message = value.get(\"value\") or value.get(\"message\")\n                        if not isinstance(message, str):\n                            value = message\n                            message = message.get(\"message\")\n                    else:\n                        message = value.get(\"message\", None)\n                except ValueError:\n                    pass\n    \n        exception_class: Type[WebDriverException]\n        e = ErrorCode()\n        error_codes = [item for item in dir(e) if not item.startswith(\"__\")]\n        for error_code in error_codes:\n            error_info = getattr(ErrorCode, error_code)\n            if isinstance(error_info, list) and status in error_info:\n                exception_class = getattr(ExceptionMapping, error_code, WebDriverException)\n                break\n        else:\n            exception_class = WebDriverException\n    \n        if not value:\n            value = response[\"value\"]\n        if isinstance(value, str):\n            raise exception_class(value)\n        if message == \"\" and \"message\" in value:\n            message = value[\"message\"]\n    \n        screen = None  # type: ignore[assignment]\n        if \"screen\" in value:\n            screen = value[\"screen\"]\n    \n        stacktrace = None\n        st_value = value.get(\"stackTrace\") or value.get(\"stacktrace\")\n        if st_value:\n            if isinstance(st_value, str):\n                stacktrace = st_value.split(\"\\n\")\n            else:\n                stacktrace = []\n                try:\n                    for frame in st_value:\n                        line = frame.get(\"lineNumber\", \"\")\n                        file = frame.get(\"fileName\", \"<anonymous>\")\n                        if line:\n                            file = f\"{file}:{line}\"\n                        meth = frame.get(\"methodName\", \"<anonymous>\")\n                        if \"className\" in frame:\n                            meth = f\"{frame['className']}.{meth}\"\n                        msg = \"    at %s (%s)\"\n                        msg = msg % (meth, file)\n                        stacktrace.append(msg)\n                except TypeError:\n                    pass\n        if exception_class == UnexpectedAlertPresentException:\n            alert_text = None\n            if \"data\" in value:\n                alert_text = value[\"data\"].get(\"text\")\n            elif \"alert\" in value:\n                alert_text = value[\"alert\"].get(\"text\")\n            raise exception_class(message, screen, stacktrace, alert_text)  # type: ignore[call-arg]  # mypy is not smart enough here\n>       raise exception_class(message, screen, stacktrace)\nE       selenium.common.exceptions.NoSuchElementException: Message: no such element: Unable to locate element: {\"method\":\"css selector\",\"selector\":\"[id=\"ContentPlaceHolderDefault_ctl13_nptLLPG2_25_addresslookup_txtTmpPostcode\"]\"}\nE         (Session info: chrome-headless-shell=120.0.6099.109); For documentation on this error, please visit: https://www.selenium.dev/documentation/webdriver/troubleshooting/errors#no-such-element-exception\nE       Stacktrace:\nE       #0 0x555fa9d97f83 <unknown>\nE       #1 0x555fa9a50cf7 <unknown>\nE       #2 0x555fa9aa099e <unknown>\nE       #3 0x555fa9aa0aa1 <unknown>\nE       #4 0x555fa9aebd64 <unknown>\nE       #5 0x555fa9aca0dd <unknown>\nE       #6 0x555fa9ae9006 <unknown>\nE       #7 0x555fa9ac9e53 <unknown>\nE       #8 0x555fa9a91dd4 <unknown>\nE       #9 0x555fa9a931de <unknown>\nE       #10 0x555fa9d5c531 <unknown>\nE       #11 0x555fa9d60455 <unknown>\nE       #12 0x555fa9d48f55 <unknown>\nE       #13 0x555fa9d610ef <unknown>\nE       #14 0x555fa9d2c99f <unknown>\nE       #15 0x555fa9d85008 <unknown>\nE       #16 0x555fa9d851d7 <unknown>\nE       #17 0x555fa9d97124 <unknown>\nE       #18 0x7f7a5e094ac3 <unknown>\n\n../../../.cache/pypoetry/virtualenvs/uk-bin-collection-EwS6Gn8s-py3.10/lib/python3.10/site-packages/selenium/webdriver/remote/errorhandler.py:229: NoSuchElementException","steps":[{"name":"Given the council: NeathPortTalbotCouncil","time":{"start":1703851125594,"stop":1703851125594,"duration":0},"status":"passed","steps":[],"attachments":[],"parameters":[],"shouldDisplayMessage":false,"stepsCount":0,"attachmentsCount":0,"hasContent":false,"attachmentStep":false},{"name":"When we scrape the data from NeathPortTalbotCouncil using local and the http://selenium:4444 is set","time":{"start":1703851125594,"stop":1703851166525,"duration":40931},"status":"failed","statusMessage":"Message: no such element: Unable to locate element: {\"method\":\"css selector\",\"selector\":\"[id=\"ContentPlaceHolderDefault_ctl13_nptLLPG2_25_addresslookup_txtTmpPostcode\"]\"}\n  (Session info: chrome-headless-shell=120.0.6099.109); For documentation on this error, please visit: https://www.selenium.dev/documentation/webdriver/troubleshooting/errors#no-such-element-exception\nStacktrace:\n#0 0x555fa9d97f83 <unknown>\n#1 0x555fa9a50cf7 <unknown>\n#2 0x555fa9aa099e <unknown>\n#3 0x555fa9aa0aa1 <unknown>\n#4 0x555fa9aebd64 <unknown>\n#5 0x555fa9aca0dd <unknown>\n#6 0x555fa9ae9006 <unknown>\n#7 0x555fa9ac9e53 <unknown>\n#8 0x555fa9a91dd4 <unknown>\n#9 0x555fa9a931de <unknown>\n#10 0x555fa9d5c531 <unknown>\n#11 0x555fa9d60455 <unknown>\n#12 0x555fa9d48f55 <unknown>\n#13 0x555fa9d610ef <unknown>\n#14 0x555fa9d2c99f <unknown>\n#15 0x555fa9d85008 <unknown>\n#16 0x555fa9d851d7 <unknown>\n#17 0x555fa9d97124 <unknown>\n#18 0x7f7a5e094ac3 <unknown>\n","statusTrace":"selenium.common.exceptions.NoSuchElementException: Message: no such element: Unable to locate element: {\"method\":\"css selector\",\"selector\":\"[id=\"ContentPlaceHolderDefault_ctl13_nptLLPG2_25_addresslookup_txtTmpPostcode\"]\"}\n  (Session info: chrome-headless-shell=120.0.6099.109); For documentation on this error, please visit: https://www.selenium.dev/documentation/webdriver/troubleshooting/errors#no-such-element-exception\nStacktrace:\n#0 0x555fa9d97f83 <unknown>\n#1 0x555fa9a50cf7 <unknown>\n#2 0x555fa9aa099e <unknown>\n#3 0x555fa9aa0aa1 <unknown>\n#4 0x555fa9aebd64 <unknown>\n#5 0x555fa9aca0dd <unknown>\n#6 0x555fa9ae9006 <unknown>\n#7 0x555fa9ac9e53 <unknown>\n#8 0x555fa9a91dd4 <unknown>\n#9 0x555fa9a931de <unknown>\n#10 0x555fa9d5c531 <unknown>\n#11 0x555fa9d60455 <unknown>\n#12 0x555fa9d48f55 <unknown>\n#13 0x555fa9d610ef <unknown>\n#14 0x555fa9d2c99f <unknown>\n#15 0x555fa9d85008 <unknown>\n#16 0x555fa9d851d7 <unknown>\n#17 0x555fa9d97124 <unknown>\n#18 0x7f7a5e094ac3 <unknown>\n\n","steps":[],"attachments":[],"parameters":[],"shouldDisplayMessage":true,"stepsCount":0,"attachmentsCount":0,"hasContent":true,"attachmentStep":false}],"attachments":[],"parameters":[],"shouldDisplayMessage":true,"stepsCount":2,"attachmentsCount":0,"hasContent":true,"attachmentStep":false},"afterStages":[],"labels":[{"name":"host","value":"fv-az801-135"},{"name":"thread","value":"2678-MainThread"},{"name":"framework","value":"pytest-bdd"},{"name":"language","value":"cpython3"},{"name":"feature","value":"Test each council output matches expected results"},{"name":"resultFormat","value":"allure2"}],"parameters":[{"name":"council","value":"NeathPortTalbotCouncil"},{"name":"selenium_mode","value":"local"},{"name":"selenium_url","value":"http://selenium:4444"}],"links":[],"hidden":false,"retry":false,"extra":{"severity":"normal","retries":[],"categories":[{"name":"Product defects","matchedStatuses":[],"flaky":false}],"history":{"statistic":{"failed":84,"broken":0,"skipped":0,"passed":13,"unknown":0,"total":97},"items":[{"uid":"87cd8be8ff824539","reportUrl":"https://robbrad.github.io/UKBinCollectionData/3.10/1312//#testresult/87cd8be8ff824539","status":"failed","statusDetails":"selenium.common.exceptions.NoSuchElementException: Message: no such element: Unable to locate element: {\"method\":\"css selector\",\"selector\":\"[id=\"ContentPlaceHolderDefault_ctl13_nptLLPG2_25_addresslookup_txtTmpPostcode\"]\"}\n  (Session info: chrome-headless-shell=120.0.6099.109); For documentation on this error, please visit: https://www.selenium.dev/documentation/webdriver/troubleshooting/errors#no-such-element-exception\nStacktrace:\n#0 0x5613e6dfaf83 <unknown>\n#1 0x5613e6ab3cf7 <unknown>\n#2 0x5613e6b0399e <unknown>\n#3 0x5613e6b03aa1 <unknown>\n#4 0x5613e6b4ed64 <unknown>\n#5 0x5613e6b2d0dd <unknown>\n#6 0x5613e6b4c006 <unknown>\n#7 0x5613e6b2ce53 <unknown>\n#8 0x5613e6af4dd4 <unknown>\n#9 0x5613e6af61de <unknown>\n#10 0x5613e6dbf531 <unknown>\n#11 0x5613e6dc3455 <unknown>\n#12 0x5613e6dabf55 <unknown>\n#13 0x5613e6dc40ef <unknown>\n#14 0x5613e6d8f99f <unknown>\n#15 0x5613e6de8008 <unknown>\n#16 0x5613e6de81d7 <unknown>\n#17 0x5613e6dfa124 <unknown>\n#18 0x7fc7a7c94ac3 <unknown>","time":{"start":1703851161142,"stop":1703851167621,"duration":6479}},{"uid":"56fc2de65cbbb236","reportUrl":"https://robbrad.github.io/UKBinCollectionData/3.10/1309//#testresult/56fc2de65cbbb236","status":"failed","statusDetails":"selenium.common.exceptions.TimeoutException: Message: \nStacktrace:\n#0 0x5639ff0c6f83 <unknown>\n#1 0x5639fed7fcf7 <unknown>\n#2 0x5639fedcf99e <unknown>\n#3 0x5639fedcfaa1 <unknown>\n#4 0x5639fee1ad64 <unknown>\n#5 0x5639fedf90dd <unknown>\n#6 0x5639fee18006 <unknown>\n#7 0x5639fedf8e53 <unknown>\n#8 0x5639fedc0dd4 <unknown>\n#9 0x5639fedc21de <unknown>\n#10 0x5639ff08b531 <unknown>\n#11 0x5639ff08f455 <unknown>\n#12 0x5639ff077f55 <unknown>\n#13 0x5639ff0900ef <unknown>\n#14 0x5639ff05b99f <unknown>\n#15 0x5639ff0b4008 <unknown>\n#16 0x5639ff0b41d7 <unknown>\n#17 0x5639ff0c6124 <unknown>\n#18 0x7fd150694ac3 <unknown>","time":{"start":1703812058680,"stop":1703812100297,"duration":41617}},{"uid":"943be443a3b4d03e","reportUrl":"https://robbrad.github.io/UKBinCollectionData/3.10/1306//#testresult/943be443a3b4d03e","status":"failed","statusDetails":"selenium.common.exceptions.NoSuchElementException: Message: no such element: Unable to locate element: {\"method\":\"css selector\",\"selector\":\"[id=\"ContentPlaceHolderDefault_ctl13_nptLLPG2_25_addresslookup_txtTmpPostcode\"]\"}\n  (Session info: chrome-headless-shell=120.0.6099.109); For documentation on this error, please visit: https://www.selenium.dev/documentation/webdriver/troubleshooting/errors#no-such-element-exception\nStacktrace:\n#0 0x562eb41c4f83 <unknown>\n#1 0x562eb3e7dcf7 <unknown>\n#2 0x562eb3ecd99e <unknown>\n#3 0x562eb3ecdaa1 <unknown>\n#4 0x562eb3f18d64 <unknown>\n#5 0x562eb3ef70dd <unknown>\n#6 0x562eb3f16006 <unknown>\n#7 0x562eb3ef6e53 <unknown>\n#8 0x562eb3ebedd4 <unknown>\n#9 0x562eb3ec01de <unknown>\n#10 0x562eb4189531 <unknown>\n#11 0x562eb418d455 <unknown>\n#12 0x562eb4175f55 <unknown>\n#13 0x562eb418e0ef <unknown>\n#14 0x562eb415999f <unknown>\n#15 0x562eb41b2008 <unknown>\n#16 0x562eb41b21d7 <unknown>\n#17 0x562eb41c4124 <unknown>\n#18 0x7f36af094ac3 <unknown>","time":{"start":1703756205236,"stop":1703756222942,"duration":17706}},{"uid":"bb6e50dc88194f98","reportUrl":"https://robbrad.github.io/UKBinCollectionData/3.10/1305//#testresult/bb6e50dc88194f98","status":"failed","statusDetails":"selenium.common.exceptions.NoSuchElementException: Message: no such element: Unable to locate element: {\"method\":\"css selector\",\"selector\":\"[id=\"ContentPlaceHolderDefault_ctl13_nptLLPG2_25_addresslookup_txtTmpPostcode\"]\"}\n  (Session info: chrome-headless-shell=120.0.6099.109); For documentation on this error, please visit: https://www.selenium.dev/documentation/webdriver/troubleshooting/errors#no-such-element-exception\nStacktrace:\n#0 0x55ff9d9c8f83 <unknown>\n#1 0x55ff9d681cf7 <unknown>\n#2 0x55ff9d6d199e <unknown>\n#3 0x55ff9d6d1aa1 <unknown>\n#4 0x55ff9d71cd64 <unknown>\n#5 0x55ff9d6fb0dd <unknown>\n#6 0x55ff9d71a006 <unknown>\n#7 0x55ff9d6fae53 <unknown>\n#8 0x55ff9d6c2dd4 <unknown>\n#9 0x55ff9d6c41de <unknown>\n#10 0x55ff9d98d531 <unknown>\n#11 0x55ff9d991455 <unknown>\n#12 0x55ff9d979f55 <unknown>\n#13 0x55ff9d9920ef <unknown>\n#14 0x55ff9d95d99f <unknown>\n#15 0x55ff9d9b6008 <unknown>\n#16 0x55ff9d9b61d7 <unknown>\n#17 0x55ff9d9c8124 <unknown>\n#18 0x7f65fca94ac3 <unknown>","time":{"start":1703726189339,"stop":1703726228482,"duration":39143}},{"uid":"5193d19318f5f7c2","reportUrl":"https://robbrad.github.io/UKBinCollectionData/3.10/1304//#testresult/5193d19318f5f7c2","status":"failed","statusDetails":"selenium.common.exceptions.NoSuchElementException: Message: no such element: Unable to locate element: {\"method\":\"css selector\",\"selector\":\"[id=\"ContentPlaceHolderDefault_ctl13_nptLLPG2_25_addresslookup_txtTmpPostcode\"]\"}\n  (Session info: chrome-headless-shell=120.0.6099.109); For documentation on this error, please visit: https://www.selenium.dev/documentation/webdriver/troubleshooting/errors#no-such-element-exception\nStacktrace:\n#0 0x55a3af10df83 <unknown>\n#1 0x55a3aedc6cf7 <unknown>\n#2 0x55a3aee1699e <unknown>\n#3 0x55a3aee16aa1 <unknown>\n#4 0x55a3aee61d64 <unknown>\n#5 0x55a3aee400dd <unknown>\n#6 0x55a3aee5f006 <unknown>\n#7 0x55a3aee3fe53 <unknown>\n#8 0x55a3aee07dd4 <unknown>\n#9 0x55a3aee091de <unknown>\n#10 0x55a3af0d2531 <unknown>\n#11 0x55a3af0d6455 <unknown>\n#12 0x55a3af0bef55 <unknown>\n#13 0x55a3af0d70ef <unknown>\n#14 0x55a3af0a299f <unknown>\n#15 0x55a3af0fb008 <unknown>\n#16 0x55a3af0fb1d7 <unknown>\n#17 0x55a3af10d124 <unknown>\n#18 0x7f7310094ac3 <unknown>","time":{"start":1703717375065,"stop":1703717380138,"duration":5073}},{"uid":"cb613f2263b0620e","reportUrl":"https://robbrad.github.io/UKBinCollectionData/3.10/1303//#testresult/cb613f2263b0620e","status":"failed","statusDetails":"selenium.common.exceptions.NoSuchElementException: Message: no such element: Unable to locate element: {\"method\":\"css selector\",\"selector\":\"[id=\"ContentPlaceHolderDefault_ctl13_nptLLPG2_25_addresslookup_txtTmpPostcode\"]\"}\n  (Session info: chrome-headless-shell=120.0.6099.109); For documentation on this error, please visit: https://www.selenium.dev/documentation/webdriver/troubleshooting/errors#no-such-element-exception\nStacktrace:\n#0 0x55840498ff83 <unknown>\n#1 0x558404648cf7 <unknown>\n#2 0x55840469899e <unknown>\n#3 0x558404698aa1 <unknown>\n#4 0x5584046e3d64 <unknown>\n#5 0x5584046c20dd <unknown>\n#6 0x5584046e1006 <unknown>\n#7 0x5584046c1e53 <unknown>\n#8 0x558404689dd4 <unknown>\n#9 0x55840468b1de <unknown>\n#10 0x558404954531 <unknown>\n#11 0x558404958455 <unknown>\n#12 0x558404940f55 <unknown>\n#13 0x5584049590ef <unknown>\n#14 0x55840492499f <unknown>\n#15 0x55840497d008 <unknown>\n#16 0x55840497d1d7 <unknown>\n#17 0x55840498f124 <unknown>\n#18 0x7ff544494ac3 <unknown>","time":{"start":1703717320043,"stop":1703717323197,"duration":3154}},{"uid":"e43d1f91f917471d","reportUrl":"https://robbrad.github.io/UKBinCollectionData/3.10/1301//#testresult/e43d1f91f917471d","status":"failed","statusDetails":"selenium.common.exceptions.NoSuchElementException: Message: no such element: Unable to locate element: {\"method\":\"css selector\",\"selector\":\"[id=\"ContentPlaceHolderDefault_ctl13_nptLLPG2_25_addresslookup_txtTmpPostcode\"]\"}\n  (Session info: chrome-headless-shell=120.0.6099.109); For documentation on this error, please visit: https://www.selenium.dev/documentation/webdriver/troubleshooting/errors#no-such-element-exception\nStacktrace:\n#0 0x557532cbaf83 <unknown>\n#1 0x557532973cf7 <unknown>\n#2 0x5575329c399e <unknown>\n#3 0x5575329c3aa1 <unknown>\n#4 0x557532a0ed64 <unknown>\n#5 0x5575329ed0dd <unknown>\n#6 0x557532a0c006 <unknown>\n#7 0x5575329ece53 <unknown>\n#8 0x5575329b4dd4 <unknown>\n#9 0x5575329b61de <unknown>\n#10 0x557532c7f531 <unknown>\n#11 0x557532c83455 <unknown>\n#12 0x557532c6bf55 <unknown>\n#13 0x557532c840ef <unknown>\n#14 0x557532c4f99f <unknown>\n#15 0x557532ca8008 <unknown>\n#16 0x557532ca81d7 <unknown>\n#17 0x557532cba124 <unknown>\n#18 0x7ff5a9e94ac3 <unknown>","time":{"start":1703639767730,"stop":1703639770817,"duration":3087}},{"uid":"ab30088d9859e3fd","reportUrl":"https://robbrad.github.io/UKBinCollectionData/3.10/1300//#testresult/ab30088d9859e3fd","status":"failed","statusDetails":"selenium.common.exceptions.NoSuchElementException: Message: no such element: Unable to locate element: {\"method\":\"css selector\",\"selector\":\"[id=\"ContentPlaceHolderDefault_ctl13_nptLLPG2_25_addresslookup_txtTmpPostcode\"]\"}\n  (Session info: chrome-headless-shell=120.0.6099.109); For documentation on this error, please visit: https://www.selenium.dev/documentation/webdriver/troubleshooting/errors#no-such-element-exception\nStacktrace:\n#0 0x560b8b528f83 <unknown>\n#1 0x560b8b1e1cf7 <unknown>\n#2 0x560b8b23199e <unknown>\n#3 0x560b8b231aa1 <unknown>\n#4 0x560b8b27cd64 <unknown>\n#5 0x560b8b25b0dd <unknown>\n#6 0x560b8b27a006 <unknown>\n#7 0x560b8b25ae53 <unknown>\n#8 0x560b8b222dd4 <unknown>\n#9 0x560b8b2241de <unknown>\n#10 0x560b8b4ed531 <unknown>\n#11 0x560b8b4f1455 <unknown>\n#12 0x560b8b4d9f55 <unknown>\n#13 0x560b8b4f20ef <unknown>\n#14 0x560b8b4bd99f <unknown>\n#15 0x560b8b516008 <unknown>\n#16 0x560b8b5161d7 <unknown>\n#17 0x560b8b528124 <unknown>\n#18 0x7fe259a94ac3 <unknown>","time":{"start":1703553363382,"stop":1703553401279,"duration":37897}},{"uid":"d1e6b2a347d226e","reportUrl":"https://robbrad.github.io/UKBinCollectionData/3.10/1298//#testresult/d1e6b2a347d226e","status":"failed","statusDetails":"selenium.common.exceptions.NoSuchElementException: Message: no such element: Unable to locate element: {\"method\":\"css selector\",\"selector\":\"[id=\"ContentPlaceHolderDefault_ctl13_nptLLPG2_25_addresslookup_txtTmpPostcode\"]\"}\n  (Session info: chrome-headless-shell=120.0.6099.109); For documentation on this error, please visit: https://www.selenium.dev/documentation/webdriver/troubleshooting/errors#no-such-element-exception\nStacktrace:\n#0 0x564ca7387f83 <unknown>\n#1 0x564ca7040cf7 <unknown>\n#2 0x564ca709099e <unknown>\n#3 0x564ca7090aa1 <unknown>\n#4 0x564ca70dbd64 <unknown>\n#5 0x564ca70ba0dd <unknown>\n#6 0x564ca70d9006 <unknown>\n#7 0x564ca70b9e53 <unknown>\n#8 0x564ca7081dd4 <unknown>\n#9 0x564ca70831de <unknown>\n#10 0x564ca734c531 <unknown>\n#11 0x564ca7350455 <unknown>\n#12 0x564ca7338f55 <unknown>\n#13 0x564ca73510ef <unknown>\n#14 0x564ca731c99f <unknown>\n#15 0x564ca7375008 <unknown>\n#16 0x564ca73751d7 <unknown>\n#17 0x564ca7387124 <unknown>\n#18 0x7fd938494ac3 <unknown>","time":{"start":1703541169167,"stop":1703541181821,"duration":12654}},{"uid":"23317307aaca69e","reportUrl":"https://robbrad.github.io/UKBinCollectionData/3.10/1295//#testresult/23317307aaca69e","status":"failed","statusDetails":"selenium.common.exceptions.NoSuchElementException: Message: no such element: Unable to locate element: {\"method\":\"css selector\",\"selector\":\"[id=\"ContentPlaceHolderDefault_ctl13_nptLLPG2_25_addresslookup_txtTmpPostcode\"]\"}\n  (Session info: chrome-headless-shell=120.0.6099.109); For documentation on this error, please visit: https://www.selenium.dev/documentation/webdriver/troubleshooting/errors#no-such-element-exception\nStacktrace:\n#0 0x5627a7f77f83 <unknown>\n#1 0x5627a7c30cf7 <unknown>\n#2 0x5627a7c8099e <unknown>\n#3 0x5627a7c80aa1 <unknown>\n#4 0x5627a7ccbd64 <unknown>\n#5 0x5627a7caa0dd <unknown>\n#6 0x5627a7cc9006 <unknown>\n#7 0x5627a7ca9e53 <unknown>\n#8 0x5627a7c71dd4 <unknown>\n#9 0x5627a7c731de <unknown>\n#10 0x5627a7f3c531 <unknown>\n#11 0x5627a7f40455 <unknown>\n#12 0x5627a7f28f55 <unknown>\n#13 0x5627a7f410ef <unknown>\n#14 0x5627a7f0c99f <unknown>\n#15 0x5627a7f65008 <unknown>\n#16 0x5627a7f651d7 <unknown>\n#17 0x5627a7f77124 <unknown>\n#18 0x7f5d6e294ac3 <unknown>","time":{"start":1703467164800,"stop":1703467168261,"duration":3461}},{"uid":"abe69028facaf15d","reportUrl":"https://robbrad.github.io/UKBinCollectionData/3.10/1292//#testresult/abe69028facaf15d","status":"failed","statusDetails":"selenium.common.exceptions.NoSuchElementException: Message: no such element: Unable to locate element: {\"method\":\"css selector\",\"selector\":\"[id=\"ContentPlaceHolderDefault_ctl13_nptLLPG2_25_addresslookup_txtTmpPostcode\"]\"}\n  (Session info: chrome-headless-shell=120.0.6099.109); For documentation on this error, please visit: https://www.selenium.dev/documentation/webdriver/troubleshooting/errors#no-such-element-exception\nStacktrace:\n#0 0x557b9ffd4f83 <unknown>\n#1 0x557b9fc8dcf7 <unknown>\n#2 0x557b9fcdd99e <unknown>\n#3 0x557b9fcddaa1 <unknown>\n#4 0x557b9fd28d64 <unknown>\n#5 0x557b9fd070dd <unknown>\n#6 0x557b9fd26006 <unknown>\n#7 0x557b9fd06e53 <unknown>\n#8 0x557b9fccedd4 <unknown>\n#9 0x557b9fcd01de <unknown>\n#10 0x557b9ff99531 <unknown>\n#11 0x557b9ff9d455 <unknown>\n#12 0x557b9ff85f55 <unknown>\n#13 0x557b9ff9e0ef <unknown>\n#14 0x557b9ff6999f <unknown>\n#15 0x557b9ffc2008 <unknown>\n#16 0x557b9ffc21d7 <unknown>\n#17 0x557b9ffd4124 <unknown>\n#18 0x7f6a43a94ac3 <unknown>","time":{"start":1703416450630,"stop":1703416454585,"duration":3955}},{"uid":"be6991a681917fdb","reportUrl":"https://robbrad.github.io/UKBinCollectionData/3.10/1291//#testresult/be6991a681917fdb","status":"failed","statusDetails":"selenium.common.exceptions.NoSuchElementException: Message: no such element: Unable to locate element: {\"method\":\"css selector\",\"selector\":\"[id=\"ContentPlaceHolderDefault_ctl13_nptLLPG2_25_addresslookup_txtTmpPostcode\"]\"}\n  (Session info: chrome-headless-shell=120.0.6099.109); For documentation on this error, please visit: https://www.selenium.dev/documentation/webdriver/troubleshooting/errors#no-such-element-exception\nStacktrace:\n#0 0x557384fbbf83 <unknown>\n#1 0x557384c74cf7 <unknown>\n#2 0x557384cc499e <unknown>\n#3 0x557384cc4aa1 <unknown>\n#4 0x557384d0fd64 <unknown>\n#5 0x557384cee0dd <unknown>\n#6 0x557384d0d006 <unknown>\n#7 0x557384cede53 <unknown>\n#8 0x557384cb5dd4 <unknown>\n#9 0x557384cb71de <unknown>\n#10 0x557384f80531 <unknown>\n#11 0x557384f84455 <unknown>\n#12 0x557384f6cf55 <unknown>\n#13 0x557384f850ef <unknown>\n#14 0x557384f5099f <unknown>\n#15 0x557384fa9008 <unknown>\n#16 0x557384fa91d7 <unknown>\n#17 0x557384fbb124 <unknown>\n#18 0x7f7f3fe94ac3 <unknown>","time":{"start":1703416403024,"stop":1703416406415,"duration":3391}},{"uid":"5919965c00a558f8","reportUrl":"https://robbrad.github.io/UKBinCollectionData/3.10/1289//#testresult/5919965c00a558f8","status":"failed","statusDetails":"selenium.common.exceptions.NoSuchElementException: Message: no such element: Unable to locate element: {\"method\":\"css selector\",\"selector\":\"[id=\"ContentPlaceHolderDefault_ctl13_nptLLPG2_25_addresslookup_txtTmpPostcode\"]\"}\n  (Session info: chrome-headless-shell=120.0.6099.109); For documentation on this error, please visit: https://www.selenium.dev/documentation/webdriver/troubleshooting/errors#no-such-element-exception\nStacktrace:\n#0 0x55e527c7ef83 <unknown>\n#1 0x55e527937cf7 <unknown>\n#2 0x55e52798799e <unknown>\n#3 0x55e527987aa1 <unknown>\n#4 0x55e5279d2d64 <unknown>\n#5 0x55e5279b10dd <unknown>\n#6 0x55e5279d0006 <unknown>\n#7 0x55e5279b0e53 <unknown>\n#8 0x55e527978dd4 <unknown>\n#9 0x55e52797a1de <unknown>\n#10 0x55e527c43531 <unknown>\n#11 0x55e527c47455 <unknown>\n#12 0x55e527c2ff55 <unknown>\n#13 0x55e527c480ef <unknown>\n#14 0x55e527c1399f <unknown>\n#15 0x55e527c6c008 <unknown>\n#16 0x55e527c6c1d7 <unknown>\n#17 0x55e527c7e124 <unknown>\n#18 0x7f844a894ac3 <unknown>","time":{"start":1703380945373,"stop":1703380950285,"duration":4912}},{"uid":"989b4bce8799f0f0","reportUrl":"https://robbrad.github.io/UKBinCollectionData/3.10/1287//#testresult/989b4bce8799f0f0","status":"failed","statusDetails":"selenium.common.exceptions.NoSuchElementException: Message: no such element: Unable to locate element: {\"method\":\"css selector\",\"selector\":\"[id=\"ContentPlaceHolderDefault_ctl13_nptLLPG2_25_addresslookup_txtTmpPostcode\"]\"}\n  (Session info: chrome-headless-shell=120.0.6099.109); For documentation on this error, please visit: https://www.selenium.dev/documentation/webdriver/troubleshooting/errors#no-such-element-exception\nStacktrace:\n#0 0x562cfc62ef83 <unknown>\n#1 0x562cfc2e7cf7 <unknown>\n#2 0x562cfc33799e <unknown>\n#3 0x562cfc337aa1 <unknown>\n#4 0x562cfc382d64 <unknown>\n#5 0x562cfc3610dd <unknown>\n#6 0x562cfc380006 <unknown>\n#7 0x562cfc360e53 <unknown>\n#8 0x562cfc328dd4 <unknown>\n#9 0x562cfc32a1de <unknown>\n#10 0x562cfc5f3531 <unknown>\n#11 0x562cfc5f7455 <unknown>\n#12 0x562cfc5dff55 <unknown>\n#13 0x562cfc5f80ef <unknown>\n#14 0x562cfc5c399f <unknown>\n#15 0x562cfc61c008 <unknown>\n#16 0x562cfc61c1d7 <unknown>\n#17 0x562cfc62e124 <unknown>\n#18 0x7fd01c494ac3 <unknown>","time":{"start":1703294092686,"stop":1703294096033,"duration":3347}},{"uid":"37e3aff1c53f3188","reportUrl":"https://robbrad.github.io/UKBinCollectionData/3.10/1282//#testresult/37e3aff1c53f3188","status":"failed","statusDetails":"selenium.common.exceptions.NoSuchElementException: Message: no such element: Unable to locate element: {\"method\":\"css selector\",\"selector\":\"[id=\"ContentPlaceHolderDefault_ctl13_nptLLPG2_25_addresslookup_txtTmpPostcode\"]\"}\n  (Session info: chrome-headless-shell=120.0.6099.109); For documentation on this error, please visit: https://www.selenium.dev/documentation/webdriver/troubleshooting/errors#no-such-element-exception\nStacktrace:\n#0 0x55a7e0d67f83 <unknown>\n#1 0x55a7e0a20cf7 <unknown>\n#2 0x55a7e0a7099e <unknown>\n#3 0x55a7e0a70aa1 <unknown>\n#4 0x55a7e0abbd64 <unknown>\n#5 0x55a7e0a9a0dd <unknown>\n#6 0x55a7e0ab9006 <unknown>\n#7 0x55a7e0a99e53 <unknown>\n#8 0x55a7e0a61dd4 <unknown>\n#9 0x55a7e0a631de <unknown>\n#10 0x55a7e0d2c531 <unknown>\n#11 0x55a7e0d30455 <unknown>\n#12 0x55a7e0d18f55 <unknown>\n#13 0x55a7e0d310ef <unknown>\n#14 0x55a7e0cfc99f <unknown>\n#15 0x55a7e0d55008 <unknown>\n#16 0x55a7e0d551d7 <unknown>\n#17 0x55a7e0d67124 <unknown>\n#18 0x7f4d35294ac3 <unknown>","time":{"start":1703207837634,"stop":1703207841621,"duration":3987}},{"uid":"bfa86d5fd23b9b4","reportUrl":"https://robbrad.github.io/UKBinCollectionData/3.10/1281//#testresult/bfa86d5fd23b9b4","status":"failed","statusDetails":"selenium.common.exceptions.NoSuchElementException: Message: no such element: Unable to locate element: {\"method\":\"css selector\",\"selector\":\"[id=\"ContentPlaceHolderDefault_ctl13_nptLLPG2_25_addresslookup_txtTmpPostcode\"]\"}\n  (Session info: chrome-headless-shell=120.0.6099.109); For documentation on this error, please visit: https://www.selenium.dev/documentation/webdriver/troubleshooting/errors#no-such-element-exception\nStacktrace:\n#0 0x55564dcb7f83 <unknown>\n#1 0x55564d970cf7 <unknown>\n#2 0x55564d9c099e <unknown>\n#3 0x55564d9c0aa1 <unknown>\n#4 0x55564da0bd64 <unknown>\n#5 0x55564d9ea0dd <unknown>\n#6 0x55564da09006 <unknown>\n#7 0x55564d9e9e53 <unknown>\n#8 0x55564d9b1dd4 <unknown>\n#9 0x55564d9b31de <unknown>\n#10 0x55564dc7c531 <unknown>\n#11 0x55564dc80455 <unknown>\n#12 0x55564dc68f55 <unknown>\n#13 0x55564dc810ef <unknown>\n#14 0x55564dc4c99f <unknown>\n#15 0x55564dca5008 <unknown>\n#16 0x55564dca51d7 <unknown>\n#17 0x55564dcb7124 <unknown>\n#18 0x7f2852894ac3 <unknown>","time":{"start":1703121472207,"stop":1703121476732,"duration":4525}},{"uid":"52213cce9367e1b","reportUrl":"https://robbrad.github.io/UKBinCollectionData/3.10/1280//#testresult/52213cce9367e1b","status":"failed","statusDetails":"selenium.common.exceptions.NoSuchElementException: Message: no such element: Unable to locate element: {\"method\":\"css selector\",\"selector\":\"[id=\"ContentPlaceHolderDefault_ctl13_nptLLPG2_25_addresslookup_txtTmpPostcode\"]\"}\n  (Session info: chrome-headless-shell=120.0.6099.71); For documentation on this error, please visit: https://www.selenium.dev/documentation/webdriver/troubleshooting/errors#no-such-element-exception\nStacktrace:\n#0 0x557efb120f83 <unknown>\n#1 0x557efadd9cf7 <unknown>\n#2 0x557efae2999e <unknown>\n#3 0x557efae29aa1 <unknown>\n#4 0x557efae74d64 <unknown>\n#5 0x557efae530dd <unknown>\n#6 0x557efae72006 <unknown>\n#7 0x557efae52e53 <unknown>\n#8 0x557efae1add4 <unknown>\n#9 0x557efae1c1de <unknown>\n#10 0x557efb0e5531 <unknown>\n#11 0x557efb0e9455 <unknown>\n#12 0x557efb0d1f55 <unknown>\n#13 0x557efb0ea0ef <unknown>\n#14 0x557efb0b599f <unknown>\n#15 0x557efb10e008 <unknown>\n#16 0x557efb10e1d7 <unknown>\n#17 0x557efb120124 <unknown>\n#18 0x7f694e694ac3 <unknown>","time":{"start":1703034300864,"stop":1703034306125,"duration":5261}},{"uid":"5ccf78a0df636022","reportUrl":"https://robbrad.github.io/UKBinCollectionData/3.10/1279//#testresult/5ccf78a0df636022","status":"failed","statusDetails":"selenium.common.exceptions.NoSuchElementException: Message: no such element: Unable to locate element: {\"method\":\"css selector\",\"selector\":\"[id=\"ContentPlaceHolderDefault_ctl13_nptLLPG2_25_addresslookup_txtTmpPostcode\"]\"}\n  (Session info: chrome-headless-shell=120.0.6099.71); For documentation on this error, please visit: https://www.selenium.dev/documentation/webdriver/troubleshooting/errors#no-such-element-exception\nStacktrace:\n#0 0x560c94366f83 <unknown>\n#1 0x560c9401fcf7 <unknown>\n#2 0x560c9406f99e <unknown>\n#3 0x560c9406faa1 <unknown>\n#4 0x560c940bad64 <unknown>\n#5 0x560c940990dd <unknown>\n#6 0x560c940b8006 <unknown>\n#7 0x560c94098e53 <unknown>\n#8 0x560c94060dd4 <unknown>\n#9 0x560c940621de <unknown>\n#10 0x560c9432b531 <unknown>\n#11 0x560c9432f455 <unknown>\n#12 0x560c94317f55 <unknown>\n#13 0x560c943300ef <unknown>\n#14 0x560c942fb99f <unknown>\n#15 0x560c94354008 <unknown>\n#16 0x560c943541d7 <unknown>\n#17 0x560c94366124 <unknown>\n#18 0x7efcf2a94ac3 <unknown>","time":{"start":1703024941678,"stop":1703024948329,"duration":6651}},{"uid":"112a9e59478211eb","reportUrl":"https://robbrad.github.io/UKBinCollectionData/3.10/1276//#testresult/112a9e59478211eb","status":"failed","statusDetails":"selenium.common.exceptions.NoSuchElementException: Message: no such element: Unable to locate element: {\"method\":\"css selector\",\"selector\":\"[id=\"ContentPlaceHolderDefault_ctl13_nptLLPG2_25_addresslookup_txtTmpPostcode\"]\"}\n  (Session info: chrome-headless-shell=120.0.6099.71); For documentation on this error, please visit: https://www.selenium.dev/documentation/webdriver/troubleshooting/errors#no-such-element-exception\nStacktrace:\n#0 0x557da6d85f83 <unknown>\n#1 0x557da6a3ecf7 <unknown>\n#2 0x557da6a8e99e <unknown>\n#3 0x557da6a8eaa1 <unknown>\n#4 0x557da6ad9d64 <unknown>\n#5 0x557da6ab80dd <unknown>\n#6 0x557da6ad7006 <unknown>\n#7 0x557da6ab7e53 <unknown>\n#8 0x557da6a7fdd4 <unknown>\n#9 0x557da6a811de <unknown>\n#10 0x557da6d4a531 <unknown>\n#11 0x557da6d4e455 <unknown>\n#12 0x557da6d36f55 <unknown>\n#13 0x557da6d4f0ef <unknown>\n#14 0x557da6d1a99f <unknown>\n#15 0x557da6d73008 <unknown>\n#16 0x557da6d731d7 <unknown>\n#17 0x557da6d85124 <unknown>\n#18 0x7ff59bc94ac3 <unknown>","time":{"start":1702948722895,"stop":1702948727283,"duration":4388}},{"uid":"8931f4c16cb25bc0","reportUrl":"https://robbrad.github.io/UKBinCollectionData/3.10/1275//#testresult/8931f4c16cb25bc0","status":"failed","statusDetails":"selenium.common.exceptions.NoSuchElementException: Message: no such element: Unable to locate element: {\"method\":\"css selector\",\"selector\":\"[id=\"ContentPlaceHolderDefault_ctl13_nptLLPG2_25_addresslookup_txtTmpPostcode\"]\"}\n  (Session info: chrome-headless-shell=120.0.6099.71); For documentation on this error, please visit: https://www.selenium.dev/documentation/webdriver/troubleshooting/errors#no-such-element-exception\nStacktrace:\n#0 0x55b067b1fd33 <unknown>\n#1 0x55b0677dcf87 <unknown>\n#2 0x55b06782cc0e <unknown>\n#3 0x55b06782cd11 <unknown>\n#4 0x55b067878004 <unknown>\n#5 0x55b06785636d <unknown>\n#6 0x55b067875297 <unknown>\n#7 0x55b0678560e3 <unknown>\n#8 0x55b06781e044 <unknown>\n#9 0x55b06781f44e <unknown>\n#10 0x55b067ae4861 <unknown>\n#11 0x55b067ae8785 <unknown>\n#12 0x55b067ad2285 <unknown>\n#13 0x55b067ae941f <unknown>\n#14 0x55b067ab620f <unknown>\n#15 0x55b067b0d028 <unknown>\n#16 0x55b067b0d1f7 <unknown>\n#17 0x55b067b1eed4 <unknown>\n#18 0x7f4aba694ac3 <unknown>","time":{"start":1702862401811,"stop":1702862405231,"duration":3420}}]},"tags":[]},"source":"e8e7d2a5d83d9ef3.json","parameterValues":["NeathPortTalbotCouncil","local","http://selenium:4444"]}