{"uid":"71d7a7f8faeb9c8e","name":"Validate Council Output [ChichesterDistrictCouncil]","fullName":"features/validate_council_outputs.feature:Validate Council Output","historyId":"0df0b0612684af8f3df3fbd36e6b25ba","time":{"start":1725315637621,"stop":1725315683290,"duration":45669},"status":"failed","statusMessage":"selenium.common.exceptions.NoSuchElementException: Message: Could not locate element with visible text: 7, Plaistow Road, Kirdford, Billingshurst, West Sussex; For documentation on this error, please visit: https://www.selenium.dev/documentation/webdriver/troubleshooting/errors#no-such-element-exception","statusTrace":"fixturefunc = <function scrape_step at 0x7fad17013060>\nrequest = <FixtureRequest for <Function test_scenario_outline[ChichesterDistrictCouncil]>>\nkwargs = {'context': <test_validate_council.Context object at 0x7fad17d2c290>, 'headless_mode': 'True', 'local_browser': 'False', 'selenium_url': 'http://localhost:4444'}\n\n    def call_fixture_func(\n        fixturefunc: _FixtureFunc[FixtureValue], request: FixtureRequest, kwargs\n    ) -> FixtureValue:\n        if is_generator(fixturefunc):\n            fixturefunc = cast(\n                Callable[..., Generator[FixtureValue, None, None]], fixturefunc\n            )\n            generator = fixturefunc(**kwargs)\n            try:\n                fixture_result = next(generator)\n            except StopIteration:\n                raise ValueError(f\"{request.fixturename} did not yield a value\") from None\n            finalizer = functools.partial(_teardown_yield_fixture, fixturefunc, generator)\n            request.addfinalizer(finalizer)\n        else:\n            fixturefunc = cast(Callable[..., FixtureValue], fixturefunc)\n>           fixture_result = fixturefunc(**kwargs)\n\n../../../.cache/pypoetry/virtualenvs/uk-bin-collection-EwS6Gn8s-py3.12/lib/python3.12/site-packages/_pytest/fixtures.py:897: \n_ _ _ _ _ _ _ _ _ _ _ _ _ _ _ _ _ _ _ _ _ _ _ _ _ _ _ _ _ _ _ _ _ _ _ _ _ _ _ _ \nuk_bin_collection/tests/step_defs/test_validate_council.py:100: in scrape_step\n    context.parse_result = CollectData.run()\nuk_bin_collection/uk_bin_collection/collect_data.py:101: in run\n    return self.client_code(\nuk_bin_collection/uk_bin_collection/collect_data.py:121: in client_code\n    return get_bin_data_class.template_method(address_url, **kwargs)\nuk_bin_collection/uk_bin_collection/get_bin_data.py:61: in template_method\n    bin_data_dict = self.get_and_parse_data(this_url, **kwargs)\nuk_bin_collection/uk_bin_collection/get_bin_data.py:84: in get_and_parse_data\n    bin_data_dict = self.parse_data(\"\", url=address_url, **kwargs)\nuk_bin_collection/uk_bin_collection/councils/ChichesterDistrictCouncil.py:70: in parse_data\n    dropdown.select_by_visible_text(house_number)\n_ _ _ _ _ _ _ _ _ _ _ _ _ _ _ _ _ _ _ _ _ _ _ _ _ _ _ _ _ _ _ _ _ _ _ _ _ _ _ _ \n\nself = <selenium.webdriver.support.select.Select object at 0x7fad1842acc0>\ntext = '7, Plaistow Road, Kirdford, Billingshurst, West Sussex'\n\n    def select_by_visible_text(self, text: str) -> None:\n        \"\"\"Select all options that display text matching the argument. That is,\n        when given \"Bar\" this would select an option like:\n    \n         <option value=\"foo\">Bar</option>\n    \n        :Args:\n         - text - The visible text to match against\n    \n         throws NoSuchElementException If there is no option with specified text in SELECT\n        \"\"\"\n        xpath = f\".//option[normalize-space(.) = {self._escape_string(text)}]\"\n        opts = self._el.find_elements(By.XPATH, xpath)\n        matched = False\n        for opt in opts:\n            self._set_selected(opt)\n            if not self.is_multiple:\n                return\n            matched = True\n    \n        if len(opts) == 0 and \" \" in text:\n            sub_string_without_space = self._get_longest_token(text)\n            if sub_string_without_space == \"\":\n                candidates = self.options\n            else:\n                xpath = f\".//option[contains(.,{self._escape_string(sub_string_without_space)})]\"\n                candidates = self._el.find_elements(By.XPATH, xpath)\n            for candidate in candidates:\n                if text == candidate.text:\n                    self._set_selected(candidate)\n                    if not self.is_multiple:\n                        return\n                    matched = True\n    \n        if not matched:\n>           raise NoSuchElementException(f\"Could not locate element with visible text: {text}\")\nE           selenium.common.exceptions.NoSuchElementException: Message: Could not locate element with visible text: 7, Plaistow Road, Kirdford, Billingshurst, West Sussex; For documentation on this error, please visit: https://www.selenium.dev/documentation/webdriver/troubleshooting/errors#no-such-element-exception\n\n../../../.cache/pypoetry/virtualenvs/uk-bin-collection-EwS6Gn8s-py3.12/lib/python3.12/site-packages/selenium/webdriver/support/select.py:137: NoSuchElementException","flaky":false,"newFailed":true,"newBroken":false,"newPassed":false,"retriesCount":0,"retriesStatusChange":false,"beforeStages":[],"testStage":{"status":"failed","statusMessage":"selenium.common.exceptions.NoSuchElementException: Message: Could not locate element with visible text: 7, Plaistow Road, Kirdford, Billingshurst, West Sussex; For documentation on this error, please visit: https://www.selenium.dev/documentation/webdriver/troubleshooting/errors#no-such-element-exception","statusTrace":"fixturefunc = <function scrape_step at 0x7fad17013060>\nrequest = <FixtureRequest for <Function test_scenario_outline[ChichesterDistrictCouncil]>>\nkwargs = {'context': <test_validate_council.Context object at 0x7fad17d2c290>, 'headless_mode': 'True', 'local_browser': 'False', 'selenium_url': 'http://localhost:4444'}\n\n    def call_fixture_func(\n        fixturefunc: _FixtureFunc[FixtureValue], request: FixtureRequest, kwargs\n    ) -> FixtureValue:\n        if is_generator(fixturefunc):\n            fixturefunc = cast(\n                Callable[..., Generator[FixtureValue, None, None]], fixturefunc\n            )\n            generator = fixturefunc(**kwargs)\n            try:\n                fixture_result = next(generator)\n            except StopIteration:\n                raise ValueError(f\"{request.fixturename} did not yield a value\") from None\n            finalizer = functools.partial(_teardown_yield_fixture, fixturefunc, generator)\n            request.addfinalizer(finalizer)\n        else:\n            fixturefunc = cast(Callable[..., FixtureValue], fixturefunc)\n>           fixture_result = fixturefunc(**kwargs)\n\n../../../.cache/pypoetry/virtualenvs/uk-bin-collection-EwS6Gn8s-py3.12/lib/python3.12/site-packages/_pytest/fixtures.py:897: \n_ _ _ _ _ _ _ _ _ _ _ _ _ _ _ _ _ _ _ _ _ _ _ _ _ _ _ _ _ _ _ _ _ _ _ _ _ _ _ _ \nuk_bin_collection/tests/step_defs/test_validate_council.py:100: in scrape_step\n    context.parse_result = CollectData.run()\nuk_bin_collection/uk_bin_collection/collect_data.py:101: in run\n    return self.client_code(\nuk_bin_collection/uk_bin_collection/collect_data.py:121: in client_code\n    return get_bin_data_class.template_method(address_url, **kwargs)\nuk_bin_collection/uk_bin_collection/get_bin_data.py:61: in template_method\n    bin_data_dict = self.get_and_parse_data(this_url, **kwargs)\nuk_bin_collection/uk_bin_collection/get_bin_data.py:84: in get_and_parse_data\n    bin_data_dict = self.parse_data(\"\", url=address_url, **kwargs)\nuk_bin_collection/uk_bin_collection/councils/ChichesterDistrictCouncil.py:70: in parse_data\n    dropdown.select_by_visible_text(house_number)\n_ _ _ _ _ _ _ _ _ _ _ _ _ _ _ _ _ _ _ _ _ _ _ _ _ _ _ _ _ _ _ _ _ _ _ _ _ _ _ _ \n\nself = <selenium.webdriver.support.select.Select object at 0x7fad1842acc0>\ntext = '7, Plaistow Road, Kirdford, Billingshurst, West Sussex'\n\n    def select_by_visible_text(self, text: str) -> None:\n        \"\"\"Select all options that display text matching the argument. That is,\n        when given \"Bar\" this would select an option like:\n    \n         <option value=\"foo\">Bar</option>\n    \n        :Args:\n         - text - The visible text to match against\n    \n         throws NoSuchElementException If there is no option with specified text in SELECT\n        \"\"\"\n        xpath = f\".//option[normalize-space(.) = {self._escape_string(text)}]\"\n        opts = self._el.find_elements(By.XPATH, xpath)\n        matched = False\n        for opt in opts:\n            self._set_selected(opt)\n            if not self.is_multiple:\n                return\n            matched = True\n    \n        if len(opts) == 0 and \" \" in text:\n            sub_string_without_space = self._get_longest_token(text)\n            if sub_string_without_space == \"\":\n                candidates = self.options\n            else:\n                xpath = f\".//option[contains(.,{self._escape_string(sub_string_without_space)})]\"\n                candidates = self._el.find_elements(By.XPATH, xpath)\n            for candidate in candidates:\n                if text == candidate.text:\n                    self._set_selected(candidate)\n                    if not self.is_multiple:\n                        return\n                    matched = True\n    \n        if not matched:\n>           raise NoSuchElementException(f\"Could not locate element with visible text: {text}\")\nE           selenium.common.exceptions.NoSuchElementException: Message: Could not locate element with visible text: 7, Plaistow Road, Kirdford, Billingshurst, West Sussex; For documentation on this error, please visit: https://www.selenium.dev/documentation/webdriver/troubleshooting/errors#no-such-element-exception\n\n../../../.cache/pypoetry/virtualenvs/uk-bin-collection-EwS6Gn8s-py3.12/lib/python3.12/site-packages/selenium/webdriver/support/select.py:137: NoSuchElementException","steps":[{"name":"Given the council","time":{"start":1725315637621,"stop":1725315637622,"duration":1},"status":"passed","steps":[],"attachments":[],"parameters":[],"shouldDisplayMessage":false,"stepsCount":0,"attachmentsCount":0,"hasContent":false,"attachmentStep":false},{"name":"When we scrape the data from the council","time":{"start":1725315637622,"stop":1725315683290,"duration":45668},"status":"failed","statusMessage":"Message: Could not locate element with visible text: 7, Plaistow Road, Kirdford, Billingshurst, West Sussex; For documentation on this error, please visit: https://www.selenium.dev/documentation/webdriver/troubleshooting/errors#no-such-element-exception\n","statusTrace":"selenium.common.exceptions.NoSuchElementException: Message: Could not locate element with visible text: 7, Plaistow Road, Kirdford, Billingshurst, West Sussex; For documentation on this error, please visit: https://www.selenium.dev/documentation/webdriver/troubleshooting/errors#no-such-element-exception\n\n","steps":[],"attachments":[],"parameters":[],"shouldDisplayMessage":true,"stepsCount":0,"attachmentsCount":0,"hasContent":true,"attachmentStep":false}],"attachments":[{"uid":"a039cd90445c7756","name":"stdout","source":"a039cd90445c7756.txt","type":"text/plain","size":326}],"parameters":[],"shouldDisplayMessage":true,"stepsCount":2,"attachmentsCount":1,"hasContent":true,"attachmentStep":false},"afterStages":[],"labels":[{"name":"host","value":"fv-az1251-714"},{"name":"thread","value":"2779-MainThread"},{"name":"framework","value":"pytest-bdd"},{"name":"language","value":"cpython3"},{"name":"feature","value":"Test each council output matches expected results"},{"name":"resultFormat","value":"allure2"}],"parameters":[{"name":"council","value":"ChichesterDistrictCouncil"}],"links":[],"hidden":false,"retry":false,"extra":{"severity":"normal","retries":[],"categories":[{"name":"Product defects","matchedStatuses":[],"flaky":false}],"history":{"statistic":{"failed":15,"broken":0,"skipped":0,"passed":88,"unknown":0,"total":103},"items":[{"uid":"67429468de8e2d63","reportUrl":"https://robbrad.github.io/UKBinCollectionData/3.12/2066//#testresult/67429468de8e2d63","status":"passed","time":{"start":1725312374595,"stop":1725312424161,"duration":49566}},{"uid":"2735229db8e10cff","reportUrl":"https://robbrad.github.io/UKBinCollectionData/3.12/2064//#testresult/2735229db8e10cff","status":"passed","time":{"start":1725310206132,"stop":1725310253637,"duration":47505}},{"uid":"c37f28d5d88bde0","reportUrl":"https://robbrad.github.io/UKBinCollectionData/3.12/2060//#testresult/c37f28d5d88bde0","status":"passed","time":{"start":1725307474802,"stop":1725307525141,"duration":50339}},{"uid":"7e8c261f3212b202","reportUrl":"https://robbrad.github.io/UKBinCollectionData/3.12/2059//#testresult/7e8c261f3212b202","status":"passed","time":{"start":1725307315951,"stop":1725307362683,"duration":46732}},{"uid":"7b43955129643adc","reportUrl":"https://robbrad.github.io/UKBinCollectionData/3.12/2054//#testresult/7b43955129643adc","status":"passed","time":{"start":1725235275707,"stop":1725235286245,"duration":10538}},{"uid":"bb35a746c0468e5d","reportUrl":"https://robbrad.github.io/UKBinCollectionData/3.12/2053//#testresult/bb35a746c0468e5d","status":"failed","statusDetails":"selenium.common.exceptions.TimeoutException: Message: \nStacktrace:\n#0 0x5646f97c38da <unknown>\n#1 0x5646f9491e50 <unknown>\n#2 0x5646f94e1644 <unknown>\n#3 0x5646f94e1931 <unknown>\n#4 0x5646f9527534 <unknown>\n#5 0x5646f95064bd <unknown>\n#6 0x5646f95249c6 <unknown>\n#7 0x5646f9506233 <unknown>\n#8 0x5646f94d4093 <unknown>\n#9 0x5646f94d509e <unknown>\n#10 0x5646f978ab3b <unknown>\n#11 0x5646f978eaf1 <unknown>\n#12 0x5646f9776705 <unknown>\n#13 0x5646f978f662 <unknown>\n#14 0x5646f975b8df <unknown>\n#15 0x5646f97b26d8 <unknown>\n#16 0x5646f97b28a2 <unknown>\n#17 0x5646f97c26cc <unknown>\n#18 0x7f0daf781a94 <unknown>\n#19 0x7f0daf80ea34 __clone","time":{"start":1725148870370,"stop":1725148942589,"duration":72219}},{"uid":"71e515654f8453af","reportUrl":"https://robbrad.github.io/UKBinCollectionData/3.12/2052//#testresult/71e515654f8453af","status":"passed","time":{"start":1725062480643,"stop":1725062526214,"duration":45571}},{"uid":"8346ee9a9b2225bc","reportUrl":"https://robbrad.github.io/UKBinCollectionData/3.12/2051//#testresult/8346ee9a9b2225bc","status":"passed","time":{"start":1724976073660,"stop":1724976083809,"duration":10149}},{"uid":"4aa09f8aa10365aa","reportUrl":"https://robbrad.github.io/UKBinCollectionData/3.12/2049//#testresult/4aa09f8aa10365aa","status":"passed","time":{"start":1724889691721,"stop":1724889741606,"duration":49885}},{"uid":"fd3894d0dfef3d43","reportUrl":"https://robbrad.github.io/UKBinCollectionData/3.12/2048//#testresult/fd3894d0dfef3d43","status":"passed","time":{"start":1724803275307,"stop":1724803325739,"duration":50432}},{"uid":"2872b68497d834d7","reportUrl":"https://robbrad.github.io/UKBinCollectionData/3.12/2043//#testresult/2872b68497d834d7","status":"failed","statusDetails":"selenium.common.exceptions.NoSuchElementException: Message: Could not locate element with visible text: 7, Plaistow Road, Kirdford, Billingshurst, West Sussex; For documentation on this error, please visit: https://www.selenium.dev/documentation/webdriver/troubleshooting/errors#no-such-element-exception","time":{"start":1724716888723,"stop":1724716935372,"duration":46649}},{"uid":"3f806673016f9d2f","reportUrl":"https://robbrad.github.io/UKBinCollectionData/3.12/2039//#testresult/3f806673016f9d2f","status":"passed","time":{"start":1724630476275,"stop":1724630526643,"duration":50368}},{"uid":"a6240939d311a7e4","reportUrl":"https://robbrad.github.io/UKBinCollectionData/3.12/2038//#testresult/a6240939d311a7e4","status":"passed","time":{"start":1724544069780,"stop":1724544080645,"duration":10865}},{"uid":"963991a4ba49f722","reportUrl":"https://robbrad.github.io/UKBinCollectionData/3.12/2037//#testresult/963991a4ba49f722","status":"passed","time":{"start":1724457673719,"stop":1724457719343,"duration":45624}},{"uid":"3f0e9aff0da2268f","reportUrl":"https://robbrad.github.io/UKBinCollectionData/3.12/2036//#testresult/3f0e9aff0da2268f","status":"passed","time":{"start":1724371277545,"stop":1724371321693,"duration":44148}},{"uid":"4322a0bf61ecb96d","reportUrl":"https://robbrad.github.io/UKBinCollectionData/3.12/2034//#testresult/4322a0bf61ecb96d","status":"passed","time":{"start":1724284878486,"stop":1724284922504,"duration":44018}},{"uid":"e3ee47cddb914925","reportUrl":"https://robbrad.github.io/UKBinCollectionData/3.12/2033//#testresult/e3ee47cddb914925","status":"passed","time":{"start":1724198481691,"stop":1724198522905,"duration":41214}},{"uid":"9edec9210231d8e3","reportUrl":"https://robbrad.github.io/UKBinCollectionData/3.12/2032//#testresult/9edec9210231d8e3","status":"passed","time":{"start":1724112084721,"stop":1724112096776,"duration":12055}},{"uid":"c5d5ae11edad91ae","reportUrl":"https://robbrad.github.io/UKBinCollectionData/3.12/2031//#testresult/c5d5ae11edad91ae","status":"passed","time":{"start":1724025666581,"stop":1724025673682,"duration":7101}},{"uid":"ce03490596852cf2","reportUrl":"https://robbrad.github.io/UKBinCollectionData/3.12/2030//#testresult/ce03490596852cf2","status":"passed","time":{"start":1723939278720,"stop":1723939320505,"duration":41785}}]},"tags":[]},"source":"71d7a7f8faeb9c8e.json","parameterValues":["ChichesterDistrictCouncil"]}