{"uid":"f490d53dd5041627","name":"Validate Council Output [NeathPortTalbotCouncil-http://selenium:4444-local]","fullName":"features/validate_council_outputs.feature:Validate Council Output","historyId":"68717d64a9b5b73045a4198b6f1e2a64","time":{"start":1704244698275,"stop":1704244701722,"duration":3447},"status":"failed","statusMessage":"selenium.common.exceptions.NoSuchElementException: Message: no such element: Unable to locate element: {\"method\":\"css selector\",\"selector\":\"[id=\"ContentPlaceHolderDefault_ctl13_nptLLPG2_25_addresslookup_txtTmpPostcode\"]\"}\n  (Session info: chrome-headless-shell=120.0.6099.109); For documentation on this error, please visit: https://www.selenium.dev/documentation/webdriver/troubleshooting/errors#no-such-element-exception\nStacktrace:\n#0 0x55c611edbf83 <unknown>\n#1 0x55c611b94cf7 <unknown>\n#2 0x55c611be499e <unknown>\n#3 0x55c611be4aa1 <unknown>\n#4 0x55c611c2fd64 <unknown>\n#5 0x55c611c0e0dd <unknown>\n#6 0x55c611c2d006 <unknown>\n#7 0x55c611c0de53 <unknown>\n#8 0x55c611bd5dd4 <unknown>\n#9 0x55c611bd71de <unknown>\n#10 0x55c611ea0531 <unknown>\n#11 0x55c611ea4455 <unknown>\n#12 0x55c611e8cf55 <unknown>\n#13 0x55c611ea50ef <unknown>\n#14 0x55c611e7099f <unknown>\n#15 0x55c611ec9008 <unknown>\n#16 0x55c611ec91d7 <unknown>\n#17 0x55c611edb124 <unknown>\n#18 0x7f1611494ac3 <unknown>","statusTrace":"fixturefunc = <function scrape_step at 0x7fe5be665800>\nrequest = <FixtureRequest for <Function test_scenario_outline[NeathPortTalbotCouncil-http://selenium:4444-local]>>\nkwargs = {'context': <test_validate_council.context.<locals>.Context object at 0x7fe5bdc36190>, 'council': 'NeathPortTalbotCouncil', 'selenium_mode': 'local', 'selenium_url': 'http://selenium:4444'}\n\n    def call_fixture_func(\n        fixturefunc: \"_FixtureFunc[FixtureValue]\", request: FixtureRequest, kwargs\n    ) -> FixtureValue:\n        if is_generator(fixturefunc):\n            fixturefunc = cast(\n                Callable[..., Generator[FixtureValue, None, None]], fixturefunc\n            )\n            generator = fixturefunc(**kwargs)\n            try:\n                fixture_result = next(generator)\n            except StopIteration:\n                raise ValueError(f\"{request.fixturename} did not yield a value\") from None\n            finalizer = functools.partial(_teardown_yield_fixture, fixturefunc, generator)\n            request.addfinalizer(finalizer)\n        else:\n            fixturefunc = cast(Callable[..., FixtureValue], fixturefunc)\n>           fixture_result = fixturefunc(**kwargs)\n\n../../../.cache/pypoetry/virtualenvs/uk-bin-collection-EwS6Gn8s-py3.11/lib/python3.11/site-packages/_pytest/fixtures.py:902: \n_ _ _ _ _ _ _ _ _ _ _ _ _ _ _ _ _ _ _ _ _ _ _ _ _ _ _ _ _ _ _ _ _ _ _ _ _ _ _ _ \nuk_bin_collection/tests/step_defs/test_validate_council.py:75: in scrape_step\n    raise (err)\nuk_bin_collection/tests/step_defs/test_validate_council.py:71: in scrape_step\n    context.parse_result = CollectData.run()\nuk_bin_collection/uk_bin_collection/collect_data.py:89: in run\n    return self.client_code(\nuk_bin_collection/uk_bin_collection/collect_data.py:76: in client_code\n    return get_bin_data_class.template_method(address_url, **kwargs)\nuk_bin_collection/uk_bin_collection/get_bin_data.py:76: in template_method\n    bin_data_dict = self.parse_data(\nuk_bin_collection/uk_bin_collection/councils/NeathPortTalbotCouncil.py:39: in parse_data\n    inputElement_postcode = driver.find_element(\n../../../.cache/pypoetry/virtualenvs/uk-bin-collection-EwS6Gn8s-py3.11/lib/python3.11/site-packages/selenium/webdriver/remote/webdriver.py:738: in find_element\n    return self.execute(Command.FIND_ELEMENT, {\"using\": by, \"value\": value})[\"value\"]\n../../../.cache/pypoetry/virtualenvs/uk-bin-collection-EwS6Gn8s-py3.11/lib/python3.11/site-packages/selenium/webdriver/remote/webdriver.py:344: in execute\n    self.error_handler.check_response(response)\n_ _ _ _ _ _ _ _ _ _ _ _ _ _ _ _ _ _ _ _ _ _ _ _ _ _ _ _ _ _ _ _ _ _ _ _ _ _ _ _ \n\nself = <selenium.webdriver.remote.errorhandler.ErrorHandler object at 0x7fe5bdbdd890>\nresponse = {'status': 404, 'value': '{\"value\":{\"error\":\"no such element\",\"message\":\"no such element: Unable to locate element: {\\...\\\\n#16 0x55c611ec91d7 \\\\u003Cunknown>\\\\n#17 0x55c611edb124 \\\\u003Cunknown>\\\\n#18 0x7f1611494ac3 \\\\u003Cunknown>\\\\n\"}}'}\n\n    def check_response(self, response: Dict[str, Any]) -> None:\n        \"\"\"Checks that a JSON response from the WebDriver does not have an\n        error.\n    \n        :Args:\n         - response - The JSON response from the WebDriver server as a dictionary\n           object.\n    \n        :Raises: If the response contains an error message.\n        \"\"\"\n        status = response.get(\"status\", None)\n        if not status or status == ErrorCode.SUCCESS:\n            return\n        value = None\n        message = response.get(\"message\", \"\")\n        screen: str = response.get(\"screen\", \"\")\n        stacktrace = None\n        if isinstance(status, int):\n            value_json = response.get(\"value\", None)\n            if value_json and isinstance(value_json, str):\n                import json\n    \n                try:\n                    value = json.loads(value_json)\n                    if len(value) == 1:\n                        value = value[\"value\"]\n                    status = value.get(\"error\", None)\n                    if not status:\n                        status = value.get(\"status\", ErrorCode.UNKNOWN_ERROR)\n                        message = value.get(\"value\") or value.get(\"message\")\n                        if not isinstance(message, str):\n                            value = message\n                            message = message.get(\"message\")\n                    else:\n                        message = value.get(\"message\", None)\n                except ValueError:\n                    pass\n    \n        exception_class: Type[WebDriverException]\n        e = ErrorCode()\n        error_codes = [item for item in dir(e) if not item.startswith(\"__\")]\n        for error_code in error_codes:\n            error_info = getattr(ErrorCode, error_code)\n            if isinstance(error_info, list) and status in error_info:\n                exception_class = getattr(ExceptionMapping, error_code, WebDriverException)\n                break\n        else:\n            exception_class = WebDriverException\n    \n        if not value:\n            value = response[\"value\"]\n        if isinstance(value, str):\n            raise exception_class(value)\n        if message == \"\" and \"message\" in value:\n            message = value[\"message\"]\n    \n        screen = None  # type: ignore[assignment]\n        if \"screen\" in value:\n            screen = value[\"screen\"]\n    \n        stacktrace = None\n        st_value = value.get(\"stackTrace\") or value.get(\"stacktrace\")\n        if st_value:\n            if isinstance(st_value, str):\n                stacktrace = st_value.split(\"\\n\")\n            else:\n                stacktrace = []\n                try:\n                    for frame in st_value:\n                        line = frame.get(\"lineNumber\", \"\")\n                        file = frame.get(\"fileName\", \"<anonymous>\")\n                        if line:\n                            file = f\"{file}:{line}\"\n                        meth = frame.get(\"methodName\", \"<anonymous>\")\n                        if \"className\" in frame:\n                            meth = f\"{frame['className']}.{meth}\"\n                        msg = \"    at %s (%s)\"\n                        msg = msg % (meth, file)\n                        stacktrace.append(msg)\n                except TypeError:\n                    pass\n        if exception_class == UnexpectedAlertPresentException:\n            alert_text = None\n            if \"data\" in value:\n                alert_text = value[\"data\"].get(\"text\")\n            elif \"alert\" in value:\n                alert_text = value[\"alert\"].get(\"text\")\n            raise exception_class(message, screen, stacktrace, alert_text)  # type: ignore[call-arg]  # mypy is not smart enough here\n>       raise exception_class(message, screen, stacktrace)\nE       selenium.common.exceptions.NoSuchElementException: Message: no such element: Unable to locate element: {\"method\":\"css selector\",\"selector\":\"[id=\"ContentPlaceHolderDefault_ctl13_nptLLPG2_25_addresslookup_txtTmpPostcode\"]\"}\nE         (Session info: chrome-headless-shell=120.0.6099.109); For documentation on this error, please visit: https://www.selenium.dev/documentation/webdriver/troubleshooting/errors#no-such-element-exception\nE       Stacktrace:\nE       #0 0x55c611edbf83 <unknown>\nE       #1 0x55c611b94cf7 <unknown>\nE       #2 0x55c611be499e <unknown>\nE       #3 0x55c611be4aa1 <unknown>\nE       #4 0x55c611c2fd64 <unknown>\nE       #5 0x55c611c0e0dd <unknown>\nE       #6 0x55c611c2d006 <unknown>\nE       #7 0x55c611c0de53 <unknown>\nE       #8 0x55c611bd5dd4 <unknown>\nE       #9 0x55c611bd71de <unknown>\nE       #10 0x55c611ea0531 <unknown>\nE       #11 0x55c611ea4455 <unknown>\nE       #12 0x55c611e8cf55 <unknown>\nE       #13 0x55c611ea50ef <unknown>\nE       #14 0x55c611e7099f <unknown>\nE       #15 0x55c611ec9008 <unknown>\nE       #16 0x55c611ec91d7 <unknown>\nE       #17 0x55c611edb124 <unknown>\nE       #18 0x7f1611494ac3 <unknown>\n\n../../../.cache/pypoetry/virtualenvs/uk-bin-collection-EwS6Gn8s-py3.11/lib/python3.11/site-packages/selenium/webdriver/remote/errorhandler.py:229: NoSuchElementException","flaky":false,"newFailed":false,"newBroken":false,"newPassed":false,"retriesCount":0,"retriesStatusChange":false,"beforeStages":[],"testStage":{"status":"failed","statusMessage":"selenium.common.exceptions.NoSuchElementException: Message: no such element: Unable to locate element: {\"method\":\"css selector\",\"selector\":\"[id=\"ContentPlaceHolderDefault_ctl13_nptLLPG2_25_addresslookup_txtTmpPostcode\"]\"}\n  (Session info: chrome-headless-shell=120.0.6099.109); For documentation on this error, please visit: https://www.selenium.dev/documentation/webdriver/troubleshooting/errors#no-such-element-exception\nStacktrace:\n#0 0x55c611edbf83 <unknown>\n#1 0x55c611b94cf7 <unknown>\n#2 0x55c611be499e <unknown>\n#3 0x55c611be4aa1 <unknown>\n#4 0x55c611c2fd64 <unknown>\n#5 0x55c611c0e0dd <unknown>\n#6 0x55c611c2d006 <unknown>\n#7 0x55c611c0de53 <unknown>\n#8 0x55c611bd5dd4 <unknown>\n#9 0x55c611bd71de <unknown>\n#10 0x55c611ea0531 <unknown>\n#11 0x55c611ea4455 <unknown>\n#12 0x55c611e8cf55 <unknown>\n#13 0x55c611ea50ef <unknown>\n#14 0x55c611e7099f <unknown>\n#15 0x55c611ec9008 <unknown>\n#16 0x55c611ec91d7 <unknown>\n#17 0x55c611edb124 <unknown>\n#18 0x7f1611494ac3 <unknown>","statusTrace":"fixturefunc = <function scrape_step at 0x7fe5be665800>\nrequest = <FixtureRequest for <Function test_scenario_outline[NeathPortTalbotCouncil-http://selenium:4444-local]>>\nkwargs = {'context': <test_validate_council.context.<locals>.Context object at 0x7fe5bdc36190>, 'council': 'NeathPortTalbotCouncil', 'selenium_mode': 'local', 'selenium_url': 'http://selenium:4444'}\n\n    def call_fixture_func(\n        fixturefunc: \"_FixtureFunc[FixtureValue]\", request: FixtureRequest, kwargs\n    ) -> FixtureValue:\n        if is_generator(fixturefunc):\n            fixturefunc = cast(\n                Callable[..., Generator[FixtureValue, None, None]], fixturefunc\n            )\n            generator = fixturefunc(**kwargs)\n            try:\n                fixture_result = next(generator)\n            except StopIteration:\n                raise ValueError(f\"{request.fixturename} did not yield a value\") from None\n            finalizer = functools.partial(_teardown_yield_fixture, fixturefunc, generator)\n            request.addfinalizer(finalizer)\n        else:\n            fixturefunc = cast(Callable[..., FixtureValue], fixturefunc)\n>           fixture_result = fixturefunc(**kwargs)\n\n../../../.cache/pypoetry/virtualenvs/uk-bin-collection-EwS6Gn8s-py3.11/lib/python3.11/site-packages/_pytest/fixtures.py:902: \n_ _ _ _ _ _ _ _ _ _ _ _ _ _ _ _ _ _ _ _ _ _ _ _ _ _ _ _ _ _ _ _ _ _ _ _ _ _ _ _ \nuk_bin_collection/tests/step_defs/test_validate_council.py:75: in scrape_step\n    raise (err)\nuk_bin_collection/tests/step_defs/test_validate_council.py:71: in scrape_step\n    context.parse_result = CollectData.run()\nuk_bin_collection/uk_bin_collection/collect_data.py:89: in run\n    return self.client_code(\nuk_bin_collection/uk_bin_collection/collect_data.py:76: in client_code\n    return get_bin_data_class.template_method(address_url, **kwargs)\nuk_bin_collection/uk_bin_collection/get_bin_data.py:76: in template_method\n    bin_data_dict = self.parse_data(\nuk_bin_collection/uk_bin_collection/councils/NeathPortTalbotCouncil.py:39: in parse_data\n    inputElement_postcode = driver.find_element(\n../../../.cache/pypoetry/virtualenvs/uk-bin-collection-EwS6Gn8s-py3.11/lib/python3.11/site-packages/selenium/webdriver/remote/webdriver.py:738: in find_element\n    return self.execute(Command.FIND_ELEMENT, {\"using\": by, \"value\": value})[\"value\"]\n../../../.cache/pypoetry/virtualenvs/uk-bin-collection-EwS6Gn8s-py3.11/lib/python3.11/site-packages/selenium/webdriver/remote/webdriver.py:344: in execute\n    self.error_handler.check_response(response)\n_ _ _ _ _ _ _ _ _ _ _ _ _ _ _ _ _ _ _ _ _ _ _ _ _ _ _ _ _ _ _ _ _ _ _ _ _ _ _ _ \n\nself = <selenium.webdriver.remote.errorhandler.ErrorHandler object at 0x7fe5bdbdd890>\nresponse = {'status': 404, 'value': '{\"value\":{\"error\":\"no such element\",\"message\":\"no such element: Unable to locate element: {\\...\\\\n#16 0x55c611ec91d7 \\\\u003Cunknown>\\\\n#17 0x55c611edb124 \\\\u003Cunknown>\\\\n#18 0x7f1611494ac3 \\\\u003Cunknown>\\\\n\"}}'}\n\n    def check_response(self, response: Dict[str, Any]) -> None:\n        \"\"\"Checks that a JSON response from the WebDriver does not have an\n        error.\n    \n        :Args:\n         - response - The JSON response from the WebDriver server as a dictionary\n           object.\n    \n        :Raises: If the response contains an error message.\n        \"\"\"\n        status = response.get(\"status\", None)\n        if not status or status == ErrorCode.SUCCESS:\n            return\n        value = None\n        message = response.get(\"message\", \"\")\n        screen: str = response.get(\"screen\", \"\")\n        stacktrace = None\n        if isinstance(status, int):\n            value_json = response.get(\"value\", None)\n            if value_json and isinstance(value_json, str):\n                import json\n    \n                try:\n                    value = json.loads(value_json)\n                    if len(value) == 1:\n                        value = value[\"value\"]\n                    status = value.get(\"error\", None)\n                    if not status:\n                        status = value.get(\"status\", ErrorCode.UNKNOWN_ERROR)\n                        message = value.get(\"value\") or value.get(\"message\")\n                        if not isinstance(message, str):\n                            value = message\n                            message = message.get(\"message\")\n                    else:\n                        message = value.get(\"message\", None)\n                except ValueError:\n                    pass\n    \n        exception_class: Type[WebDriverException]\n        e = ErrorCode()\n        error_codes = [item for item in dir(e) if not item.startswith(\"__\")]\n        for error_code in error_codes:\n            error_info = getattr(ErrorCode, error_code)\n            if isinstance(error_info, list) and status in error_info:\n                exception_class = getattr(ExceptionMapping, error_code, WebDriverException)\n                break\n        else:\n            exception_class = WebDriverException\n    \n        if not value:\n            value = response[\"value\"]\n        if isinstance(value, str):\n            raise exception_class(value)\n        if message == \"\" and \"message\" in value:\n            message = value[\"message\"]\n    \n        screen = None  # type: ignore[assignment]\n        if \"screen\" in value:\n            screen = value[\"screen\"]\n    \n        stacktrace = None\n        st_value = value.get(\"stackTrace\") or value.get(\"stacktrace\")\n        if st_value:\n            if isinstance(st_value, str):\n                stacktrace = st_value.split(\"\\n\")\n            else:\n                stacktrace = []\n                try:\n                    for frame in st_value:\n                        line = frame.get(\"lineNumber\", \"\")\n                        file = frame.get(\"fileName\", \"<anonymous>\")\n                        if line:\n                            file = f\"{file}:{line}\"\n                        meth = frame.get(\"methodName\", \"<anonymous>\")\n                        if \"className\" in frame:\n                            meth = f\"{frame['className']}.{meth}\"\n                        msg = \"    at %s (%s)\"\n                        msg = msg % (meth, file)\n                        stacktrace.append(msg)\n                except TypeError:\n                    pass\n        if exception_class == UnexpectedAlertPresentException:\n            alert_text = None\n            if \"data\" in value:\n                alert_text = value[\"data\"].get(\"text\")\n            elif \"alert\" in value:\n                alert_text = value[\"alert\"].get(\"text\")\n            raise exception_class(message, screen, stacktrace, alert_text)  # type: ignore[call-arg]  # mypy is not smart enough here\n>       raise exception_class(message, screen, stacktrace)\nE       selenium.common.exceptions.NoSuchElementException: Message: no such element: Unable to locate element: {\"method\":\"css selector\",\"selector\":\"[id=\"ContentPlaceHolderDefault_ctl13_nptLLPG2_25_addresslookup_txtTmpPostcode\"]\"}\nE         (Session info: chrome-headless-shell=120.0.6099.109); For documentation on this error, please visit: https://www.selenium.dev/documentation/webdriver/troubleshooting/errors#no-such-element-exception\nE       Stacktrace:\nE       #0 0x55c611edbf83 <unknown>\nE       #1 0x55c611b94cf7 <unknown>\nE       #2 0x55c611be499e <unknown>\nE       #3 0x55c611be4aa1 <unknown>\nE       #4 0x55c611c2fd64 <unknown>\nE       #5 0x55c611c0e0dd <unknown>\nE       #6 0x55c611c2d006 <unknown>\nE       #7 0x55c611c0de53 <unknown>\nE       #8 0x55c611bd5dd4 <unknown>\nE       #9 0x55c611bd71de <unknown>\nE       #10 0x55c611ea0531 <unknown>\nE       #11 0x55c611ea4455 <unknown>\nE       #12 0x55c611e8cf55 <unknown>\nE       #13 0x55c611ea50ef <unknown>\nE       #14 0x55c611e7099f <unknown>\nE       #15 0x55c611ec9008 <unknown>\nE       #16 0x55c611ec91d7 <unknown>\nE       #17 0x55c611edb124 <unknown>\nE       #18 0x7f1611494ac3 <unknown>\n\n../../../.cache/pypoetry/virtualenvs/uk-bin-collection-EwS6Gn8s-py3.11/lib/python3.11/site-packages/selenium/webdriver/remote/errorhandler.py:229: NoSuchElementException","steps":[{"name":"Given the council: NeathPortTalbotCouncil","time":{"start":1704244698275,"stop":1704244698275,"duration":0},"status":"passed","steps":[],"attachments":[],"parameters":[],"shouldDisplayMessage":false,"stepsCount":0,"attachmentsCount":0,"hasContent":false,"attachmentStep":false},{"name":"When we scrape the data from NeathPortTalbotCouncil using local and the http://selenium:4444 is set","time":{"start":1704244698276,"stop":1704244701722,"duration":3446},"status":"failed","statusMessage":"Message: no such element: Unable to locate element: {\"method\":\"css selector\",\"selector\":\"[id=\"ContentPlaceHolderDefault_ctl13_nptLLPG2_25_addresslookup_txtTmpPostcode\"]\"}\n  (Session info: chrome-headless-shell=120.0.6099.109); For documentation on this error, please visit: https://www.selenium.dev/documentation/webdriver/troubleshooting/errors#no-such-element-exception\nStacktrace:\n#0 0x55c611edbf83 <unknown>\n#1 0x55c611b94cf7 <unknown>\n#2 0x55c611be499e <unknown>\n#3 0x55c611be4aa1 <unknown>\n#4 0x55c611c2fd64 <unknown>\n#5 0x55c611c0e0dd <unknown>\n#6 0x55c611c2d006 <unknown>\n#7 0x55c611c0de53 <unknown>\n#8 0x55c611bd5dd4 <unknown>\n#9 0x55c611bd71de <unknown>\n#10 0x55c611ea0531 <unknown>\n#11 0x55c611ea4455 <unknown>\n#12 0x55c611e8cf55 <unknown>\n#13 0x55c611ea50ef <unknown>\n#14 0x55c611e7099f <unknown>\n#15 0x55c611ec9008 <unknown>\n#16 0x55c611ec91d7 <unknown>\n#17 0x55c611edb124 <unknown>\n#18 0x7f1611494ac3 <unknown>\n","statusTrace":"selenium.common.exceptions.NoSuchElementException: Message: no such element: Unable to locate element: {\"method\":\"css selector\",\"selector\":\"[id=\"ContentPlaceHolderDefault_ctl13_nptLLPG2_25_addresslookup_txtTmpPostcode\"]\"}\n  (Session info: chrome-headless-shell=120.0.6099.109); For documentation on this error, please visit: https://www.selenium.dev/documentation/webdriver/troubleshooting/errors#no-such-element-exception\nStacktrace:\n#0 0x55c611edbf83 <unknown>\n#1 0x55c611b94cf7 <unknown>\n#2 0x55c611be499e <unknown>\n#3 0x55c611be4aa1 <unknown>\n#4 0x55c611c2fd64 <unknown>\n#5 0x55c611c0e0dd <unknown>\n#6 0x55c611c2d006 <unknown>\n#7 0x55c611c0de53 <unknown>\n#8 0x55c611bd5dd4 <unknown>\n#9 0x55c611bd71de <unknown>\n#10 0x55c611ea0531 <unknown>\n#11 0x55c611ea4455 <unknown>\n#12 0x55c611e8cf55 <unknown>\n#13 0x55c611ea50ef <unknown>\n#14 0x55c611e7099f <unknown>\n#15 0x55c611ec9008 <unknown>\n#16 0x55c611ec91d7 <unknown>\n#17 0x55c611edb124 <unknown>\n#18 0x7f1611494ac3 <unknown>\n\n","steps":[],"attachments":[],"parameters":[],"shouldDisplayMessage":true,"stepsCount":0,"attachmentsCount":0,"hasContent":true,"attachmentStep":false}],"attachments":[],"parameters":[],"shouldDisplayMessage":true,"stepsCount":2,"attachmentsCount":0,"hasContent":true,"attachmentStep":false},"afterStages":[],"labels":[{"name":"host","value":"fv-az1498-860"},{"name":"thread","value":"2684-MainThread"},{"name":"framework","value":"pytest-bdd"},{"name":"language","value":"cpython3"},{"name":"feature","value":"Test each council output matches expected results"},{"name":"resultFormat","value":"allure2"}],"parameters":[{"name":"council","value":"NeathPortTalbotCouncil"},{"name":"selenium_mode","value":"local"},{"name":"selenium_url","value":"http://selenium:4444"}],"links":[],"hidden":false,"retry":false,"extra":{"severity":"normal","retries":[],"categories":[{"name":"Product defects","matchedStatuses":[],"flaky":false}],"history":{"statistic":{"failed":108,"broken":0,"skipped":0,"passed":14,"unknown":0,"total":122},"items":[{"uid":"53a75bd05a37a356","reportUrl":"https://robbrad.github.io/UKBinCollectionData/3.11/1348//#testresult/53a75bd05a37a356","status":"failed","statusDetails":"selenium.common.exceptions.NoSuchElementException: Message: no such element: Unable to locate element: {\"method\":\"css selector\",\"selector\":\"[id=\"ContentPlaceHolderDefault_ctl13_nptLLPG2_25_addresslookup_txtTmpPostcode\"]\"}\n  (Session info: chrome-headless-shell=120.0.6099.109); For documentation on this error, please visit: https://www.selenium.dev/documentation/webdriver/troubleshooting/errors#no-such-element-exception\nStacktrace:\n#0 0x5637abfbaf83 <unknown>\n#1 0x5637abc73cf7 <unknown>\n#2 0x5637abcc399e <unknown>\n#3 0x5637abcc3aa1 <unknown>\n#4 0x5637abd0ed64 <unknown>\n#5 0x5637abced0dd <unknown>\n#6 0x5637abd0c006 <unknown>\n#7 0x5637abcece53 <unknown>\n#8 0x5637abcb4dd4 <unknown>\n#9 0x5637abcb61de <unknown>\n#10 0x5637abf7f531 <unknown>\n#11 0x5637abf83455 <unknown>\n#12 0x5637abf6bf55 <unknown>\n#13 0x5637abf840ef <unknown>\n#14 0x5637abf4f99f <unknown>\n#15 0x5637abfa8008 <unknown>\n#16 0x5637abfa81d7 <unknown>\n#17 0x5637abfba124 <unknown>\n#18 0x7f9c99e94ac3 <unknown>","time":{"start":1704180281303,"stop":1704180285897,"duration":4594}},{"uid":"dd9fabdc6439b1d1","reportUrl":"https://robbrad.github.io/UKBinCollectionData/3.11/1346//#testresult/dd9fabdc6439b1d1","status":"failed","statusDetails":"selenium.common.exceptions.NoSuchElementException: Message: no such element: Unable to locate element: {\"method\":\"css selector\",\"selector\":\"[id=\"ContentPlaceHolderDefault_ctl13_nptLLPG2_25_addresslookup_txtTmpPostcode\"]\"}\n  (Session info: chrome-headless-shell=120.0.6099.109); For documentation on this error, please visit: https://www.selenium.dev/documentation/webdriver/troubleshooting/errors#no-such-element-exception\nStacktrace:\n#0 0x55e6d6496f83 <unknown>\n#1 0x55e6d614fcf7 <unknown>\n#2 0x55e6d619f99e <unknown>\n#3 0x55e6d619faa1 <unknown>\n#4 0x55e6d61ead64 <unknown>\n#5 0x55e6d61c90dd <unknown>\n#6 0x55e6d61e8006 <unknown>\n#7 0x55e6d61c8e53 <unknown>\n#8 0x55e6d6190dd4 <unknown>\n#9 0x55e6d61921de <unknown>\n#10 0x55e6d645b531 <unknown>\n#11 0x55e6d645f455 <unknown>\n#12 0x55e6d6447f55 <unknown>\n#13 0x55e6d64600ef <unknown>\n#14 0x55e6d642b99f <unknown>\n#15 0x55e6d6484008 <unknown>\n#16 0x55e6d64841d7 <unknown>\n#17 0x55e6d6496124 <unknown>\n#18 0x7f9578894ac3 <unknown>","time":{"start":1704158342558,"stop":1704158345439,"duration":2881}},{"uid":"ed00be533ee3ac81","reportUrl":"https://robbrad.github.io/UKBinCollectionData/3.11/1345//#testresult/ed00be533ee3ac81","status":"failed","statusDetails":"selenium.common.exceptions.NoSuchElementException: Message: no such element: Unable to locate element: {\"method\":\"css selector\",\"selector\":\"[id=\"ContentPlaceHolderDefault_ctl13_nptLLPG2_25_addresslookup_txtTmpPostcode\"]\"}\n  (Session info: chrome-headless-shell=120.0.6099.109); For documentation on this error, please visit: https://www.selenium.dev/documentation/webdriver/troubleshooting/errors#no-such-element-exception\nStacktrace:\n#0 0x55f0f966cf83 <unknown>\n#1 0x55f0f9325cf7 <unknown>\n#2 0x55f0f937599e <unknown>\n#3 0x55f0f9375aa1 <unknown>\n#4 0x55f0f93c0d64 <unknown>\n#5 0x55f0f939f0dd <unknown>\n#6 0x55f0f93be006 <unknown>\n#7 0x55f0f939ee53 <unknown>\n#8 0x55f0f9366dd4 <unknown>\n#9 0x55f0f93681de <unknown>\n#10 0x55f0f9631531 <unknown>\n#11 0x55f0f9635455 <unknown>\n#12 0x55f0f961df55 <unknown>\n#13 0x55f0f96360ef <unknown>\n#14 0x55f0f960199f <unknown>\n#15 0x55f0f965a008 <unknown>\n#16 0x55f0f965a1d7 <unknown>\n#17 0x55f0f966c124 <unknown>\n#18 0x7f4459694ac3 <unknown>","time":{"start":1704114660053,"stop":1704114664786,"duration":4733}},{"uid":"7581fc0fb3f0dff5","reportUrl":"https://robbrad.github.io/UKBinCollectionData/3.11/1343//#testresult/7581fc0fb3f0dff5","status":"failed","statusDetails":"selenium.common.exceptions.NoSuchElementException: Message: no such element: Unable to locate element: {\"method\":\"css selector\",\"selector\":\"[id=\"ContentPlaceHolderDefault_ctl13_nptLLPG2_25_addresslookup_txtTmpPostcode\"]\"}\n  (Session info: chrome-headless-shell=120.0.6099.109); For documentation on this error, please visit: https://www.selenium.dev/documentation/webdriver/troubleshooting/errors#no-such-element-exception\nStacktrace:\n#0 0x5574b53b4f83 <unknown>\n#1 0x5574b506dcf7 <unknown>\n#2 0x5574b50bd99e <unknown>\n#3 0x5574b50bdaa1 <unknown>\n#4 0x5574b5108d64 <unknown>\n#5 0x5574b50e70dd <unknown>\n#6 0x5574b5106006 <unknown>\n#7 0x5574b50e6e53 <unknown>\n#8 0x5574b50aedd4 <unknown>\n#9 0x5574b50b01de <unknown>\n#10 0x5574b5379531 <unknown>\n#11 0x5574b537d455 <unknown>\n#12 0x5574b5365f55 <unknown>\n#13 0x5574b537e0ef <unknown>\n#14 0x5574b534999f <unknown>\n#15 0x5574b53a2008 <unknown>\n#16 0x5574b53a21d7 <unknown>\n#17 0x5574b53b4124 <unknown>\n#18 0x7f87d4a94ac3 <unknown>","time":{"start":1704113788087,"stop":1704113792032,"duration":3945}},{"uid":"6cde001a4d07ccf2","reportUrl":"https://robbrad.github.io/UKBinCollectionData/3.11/1342//#testresult/6cde001a4d07ccf2","status":"failed","statusDetails":"selenium.common.exceptions.NoSuchElementException: Message: no such element: Unable to locate element: {\"method\":\"css selector\",\"selector\":\"[id=\"ContentPlaceHolderDefault_ctl13_nptLLPG2_25_addresslookup_txtTmpPostcode\"]\"}\n  (Session info: chrome-headless-shell=120.0.6099.109); For documentation on this error, please visit: https://www.selenium.dev/documentation/webdriver/troubleshooting/errors#no-such-element-exception\nStacktrace:\n#0 0x55f215577f83 <unknown>\n#1 0x55f215230cf7 <unknown>\n#2 0x55f21528099e <unknown>\n#3 0x55f215280aa1 <unknown>\n#4 0x55f2152cbd64 <unknown>\n#5 0x55f2152aa0dd <unknown>\n#6 0x55f2152c9006 <unknown>\n#7 0x55f2152a9e53 <unknown>\n#8 0x55f215271dd4 <unknown>\n#9 0x55f2152731de <unknown>\n#10 0x55f21553c531 <unknown>\n#11 0x55f215540455 <unknown>\n#12 0x55f215528f55 <unknown>\n#13 0x55f2155410ef <unknown>\n#14 0x55f21550c99f <unknown>\n#15 0x55f215565008 <unknown>\n#16 0x55f2155651d7 <unknown>\n#17 0x55f215577124 <unknown>\n#18 0x7feea5c94ac3 <unknown>","time":{"start":1704113709049,"stop":1704113712358,"duration":3309}},{"uid":"155f89aef5aedcc2","reportUrl":"https://robbrad.github.io/UKBinCollectionData/3.11/1341//#testresult/155f89aef5aedcc2","status":"failed","statusDetails":"selenium.common.exceptions.NoSuchElementException: Message: no such element: Unable to locate element: {\"method\":\"css selector\",\"selector\":\"[id=\"ContentPlaceHolderDefault_ctl13_nptLLPG2_25_addresslookup_txtTmpPostcode\"]\"}\n  (Session info: chrome-headless-shell=120.0.6099.109); For documentation on this error, please visit: https://www.selenium.dev/documentation/webdriver/troubleshooting/errors#no-such-element-exception\nStacktrace:\n#0 0x55a760f01f83 <unknown>\n#1 0x55a760bbacf7 <unknown>\n#2 0x55a760c0a99e <unknown>\n#3 0x55a760c0aaa1 <unknown>\n#4 0x55a760c55d64 <unknown>\n#5 0x55a760c340dd <unknown>\n#6 0x55a760c53006 <unknown>\n#7 0x55a760c33e53 <unknown>\n#8 0x55a760bfbdd4 <unknown>\n#9 0x55a760bfd1de <unknown>\n#10 0x55a760ec6531 <unknown>\n#11 0x55a760eca455 <unknown>\n#12 0x55a760eb2f55 <unknown>\n#13 0x55a760ecb0ef <unknown>\n#14 0x55a760e9699f <unknown>\n#15 0x55a760eef008 <unknown>\n#16 0x55a760eef1d7 <unknown>\n#17 0x55a760f01124 <unknown>\n#18 0x7effa0c94ac3 <unknown>","time":{"start":1704112283728,"stop":1704112354470,"duration":70742}},{"uid":"57f91406b4098f58","reportUrl":"https://robbrad.github.io/UKBinCollectionData/3.11/1339//#testresult/57f91406b4098f58","status":"failed","statusDetails":"selenium.common.exceptions.TimeoutException: Message: \nStacktrace:\n#0 0x5572cc9d9f83 <unknown>\n#1 0x5572cc692cf7 <unknown>\n#2 0x5572cc6e299e <unknown>\n#3 0x5572cc6e2aa1 <unknown>\n#4 0x5572cc72dd64 <unknown>\n#5 0x5572cc70c0dd <unknown>\n#6 0x5572cc72b006 <unknown>\n#7 0x5572cc70be53 <unknown>\n#8 0x5572cc6d3dd4 <unknown>\n#9 0x5572cc6d51de <unknown>\n#10 0x5572cc99e531 <unknown>\n#11 0x5572cc9a2455 <unknown>\n#12 0x5572cc98af55 <unknown>\n#13 0x5572cc9a30ef <unknown>\n#14 0x5572cc96e99f <unknown>\n#15 0x5572cc9c7008 <unknown>\n#16 0x5572cc9c71d7 <unknown>\n#17 0x5572cc9d9124 <unknown>\n#18 0x7fb9a7c94ac3 <unknown>","time":{"start":1704112134946,"stop":1704112317695,"duration":182749}},{"uid":"201bb39ad40e08d0","reportUrl":"https://robbrad.github.io/UKBinCollectionData/3.11/1336//#testresult/201bb39ad40e08d0","status":"failed","statusDetails":"selenium.common.exceptions.NoSuchElementException: Message: no such element: Unable to locate element: {\"method\":\"css selector\",\"selector\":\"[id=\"ContentPlaceHolderDefault_ctl13_nptLLPG2_25_addresslookup_txtTmpPostcode\"]\"}\n  (Session info: chrome-headless-shell=120.0.6099.109); For documentation on this error, please visit: https://www.selenium.dev/documentation/webdriver/troubleshooting/errors#no-such-element-exception\nStacktrace:\n#0 0x563be4ba5f83 <unknown>\n#1 0x563be485ecf7 <unknown>\n#2 0x563be48ae99e <unknown>\n#3 0x563be48aeaa1 <unknown>\n#4 0x563be48f9d64 <unknown>\n#5 0x563be48d80dd <unknown>\n#6 0x563be48f7006 <unknown>\n#7 0x563be48d7e53 <unknown>\n#8 0x563be489fdd4 <unknown>\n#9 0x563be48a11de <unknown>\n#10 0x563be4b6a531 <unknown>\n#11 0x563be4b6e455 <unknown>\n#12 0x563be4b56f55 <unknown>\n#13 0x563be4b6f0ef <unknown>\n#14 0x563be4b3a99f <unknown>\n#15 0x563be4b93008 <unknown>\n#16 0x563be4b931d7 <unknown>\n#17 0x563be4ba5124 <unknown>\n#18 0x7fa617694ac3 <unknown>","time":{"start":1704111925425,"stop":1704111961230,"duration":35805}},{"uid":"160a740cf49b1e14","reportUrl":"https://robbrad.github.io/UKBinCollectionData/3.11/1337//#testresult/160a740cf49b1e14","status":"failed","statusDetails":"selenium.common.exceptions.TimeoutException: Message: \nStacktrace:\n#0 0x5620193f3f83 <unknown>\n#1 0x5620190accf7 <unknown>\n#2 0x5620190fc99e <unknown>\n#3 0x5620190fcaa1 <unknown>\n#4 0x562019147d64 <unknown>\n#5 0x5620191260dd <unknown>\n#6 0x562019145006 <unknown>\n#7 0x562019125e53 <unknown>\n#8 0x5620190eddd4 <unknown>\n#9 0x5620190ef1de <unknown>\n#10 0x5620193b8531 <unknown>\n#11 0x5620193bc455 <unknown>\n#12 0x5620193a4f55 <unknown>\n#13 0x5620193bd0ef <unknown>\n#14 0x56201938899f <unknown>\n#15 0x5620193e1008 <unknown>\n#16 0x5620193e11d7 <unknown>\n#17 0x5620193f3124 <unknown>\n#18 0x7f8394294ac3 <unknown>","time":{"start":1704111920491,"stop":1704111937286,"duration":16795}},{"uid":"ab33034176f69247","reportUrl":"https://robbrad.github.io/UKBinCollectionData/3.11/1335//#testresult/ab33034176f69247","status":"failed","statusDetails":"selenium.common.exceptions.NoSuchElementException: Message: no such element: Unable to locate element: {\"method\":\"css selector\",\"selector\":\"[id=\"ContentPlaceHolderDefault_ctl13_nptLLPG2_25_addresslookup_txtTmpPostcode\"]\"}\n  (Session info: chrome-headless-shell=120.0.6099.109); For documentation on this error, please visit: https://www.selenium.dev/documentation/webdriver/troubleshooting/errors#no-such-element-exception\nStacktrace:\n#0 0x555ba1e45f83 <unknown>\n#1 0x555ba1afecf7 <unknown>\n#2 0x555ba1b4e99e <unknown>\n#3 0x555ba1b4eaa1 <unknown>\n#4 0x555ba1b99d64 <unknown>\n#5 0x555ba1b780dd <unknown>\n#6 0x555ba1b97006 <unknown>\n#7 0x555ba1b77e53 <unknown>\n#8 0x555ba1b3fdd4 <unknown>\n#9 0x555ba1b411de <unknown>\n#10 0x555ba1e0a531 <unknown>\n#11 0x555ba1e0e455 <unknown>\n#12 0x555ba1df6f55 <unknown>\n#13 0x555ba1e0f0ef <unknown>\n#14 0x555ba1dda99f <unknown>\n#15 0x555ba1e33008 <unknown>\n#16 0x555ba1e331d7 <unknown>\n#17 0x555ba1e45124 <unknown>\n#18 0x7f6e89494ac3 <unknown>","time":{"start":1704111554464,"stop":1704111604380,"duration":49916}},{"uid":"24de80450a642a72","reportUrl":"https://robbrad.github.io/UKBinCollectionData/3.11/1332//#testresult/24de80450a642a72","status":"failed","statusDetails":"selenium.common.exceptions.NoSuchElementException: Message: no such element: Unable to locate element: {\"method\":\"css selector\",\"selector\":\"[id=\"ContentPlaceHolderDefault_ctl13_nptLLPG2_25_addresslookup_txtTmpPostcode\"]\"}\n  (Session info: chrome-headless-shell=120.0.6099.109); For documentation on this error, please visit: https://www.selenium.dev/documentation/webdriver/troubleshooting/errors#no-such-element-exception\nStacktrace:\n#0 0x564fd0825f83 <unknown>\n#1 0x564fd04decf7 <unknown>\n#2 0x564fd052e99e <unknown>\n#3 0x564fd052eaa1 <unknown>\n#4 0x564fd0579d64 <unknown>\n#5 0x564fd05580dd <unknown>\n#6 0x564fd0577006 <unknown>\n#7 0x564fd0557e53 <unknown>\n#8 0x564fd051fdd4 <unknown>\n#9 0x564fd05211de <unknown>\n#10 0x564fd07ea531 <unknown>\n#11 0x564fd07ee455 <unknown>\n#12 0x564fd07d6f55 <unknown>\n#13 0x564fd07ef0ef <unknown>\n#14 0x564fd07ba99f <unknown>\n#15 0x564fd0813008 <unknown>\n#16 0x564fd08131d7 <unknown>\n#17 0x564fd0825124 <unknown>\n#18 0x7ff8f6a94ac3 <unknown>","time":{"start":1704111384287,"stop":1704111449027,"duration":64740}},{"uid":"bb849ca7b13c62ba","reportUrl":"https://robbrad.github.io/UKBinCollectionData/3.11/1330//#testresult/bb849ca7b13c62ba","status":"failed","statusDetails":"selenium.common.exceptions.NoSuchElementException: Message: no such element: Unable to locate element: {\"method\":\"css selector\",\"selector\":\"[id=\"ContentPlaceHolderDefault_ctl13_nptLLPG2_25_addresslookup_txtTmpPostcode\"]\"}\n  (Session info: chrome-headless-shell=120.0.6099.109); For documentation on this error, please visit: https://www.selenium.dev/documentation/webdriver/troubleshooting/errors#no-such-element-exception\nStacktrace:\n#0 0x55d1accfff83 <unknown>\n#1 0x55d1ac9b8cf7 <unknown>\n#2 0x55d1aca0899e <unknown>\n#3 0x55d1aca08aa1 <unknown>\n#4 0x55d1aca53d64 <unknown>\n#5 0x55d1aca320dd <unknown>\n#6 0x55d1aca51006 <unknown>\n#7 0x55d1aca31e53 <unknown>\n#8 0x55d1ac9f9dd4 <unknown>\n#9 0x55d1ac9fb1de <unknown>\n#10 0x55d1accc4531 <unknown>\n#11 0x55d1accc8455 <unknown>\n#12 0x55d1accb0f55 <unknown>\n#13 0x55d1accc90ef <unknown>\n#14 0x55d1acc9499f <unknown>\n#15 0x55d1acced008 <unknown>\n#16 0x55d1acced1d7 <unknown>\n#17 0x55d1accff124 <unknown>\n#18 0x7f4321694ac3 <unknown>","time":{"start":1704099998265,"stop":1704100090173,"duration":91908}},{"uid":"cfbf3cb442c8669c","reportUrl":"https://robbrad.github.io/UKBinCollectionData/3.11/1329//#testresult/cfbf3cb442c8669c","status":"failed","statusDetails":"selenium.common.exceptions.TimeoutException: Message: \nStacktrace:\n#0 0x55eee87dbf83 <unknown>\n#1 0x55eee8494cf7 <unknown>\n#2 0x55eee84e499e <unknown>\n#3 0x55eee84e4aa1 <unknown>\n#4 0x55eee852fd64 <unknown>\n#5 0x55eee850e0dd <unknown>\n#6 0x55eee852d006 <unknown>\n#7 0x55eee850de53 <unknown>\n#8 0x55eee84d5dd4 <unknown>\n#9 0x55eee84d71de <unknown>\n#10 0x55eee87a0531 <unknown>\n#11 0x55eee87a4455 <unknown>\n#12 0x55eee878cf55 <unknown>\n#13 0x55eee87a50ef <unknown>\n#14 0x55eee877099f <unknown>\n#15 0x55eee87c9008 <unknown>\n#16 0x55eee87c91d7 <unknown>\n#17 0x55eee87db124 <unknown>\n#18 0x7ffb83294ac3 <unknown>","time":{"start":1704072334424,"stop":1704072556366,"duration":221942}},{"uid":"92719d53916c9e1e","reportUrl":"https://robbrad.github.io/UKBinCollectionData/3.11/1327//#testresult/92719d53916c9e1e","status":"failed","statusDetails":"selenium.common.exceptions.NoSuchElementException: Message: no such element: Unable to locate element: {\"method\":\"css selector\",\"selector\":\"[id=\"ContentPlaceHolderDefault_ctl13_nptLLPG2_25_addresslookup_txtTmpPostcode\"]\"}\n  (Session info: chrome-headless-shell=120.0.6099.109); For documentation on this error, please visit: https://www.selenium.dev/documentation/webdriver/troubleshooting/errors#no-such-element-exception\nStacktrace:\n#0 0x55ee152e4f83 <unknown>\n#1 0x55ee14f9dcf7 <unknown>\n#2 0x55ee14fed99e <unknown>\n#3 0x55ee14fedaa1 <unknown>\n#4 0x55ee15038d64 <unknown>\n#5 0x55ee150170dd <unknown>\n#6 0x55ee15036006 <unknown>\n#7 0x55ee15016e53 <unknown>\n#8 0x55ee14fdedd4 <unknown>\n#9 0x55ee14fe01de <unknown>\n#10 0x55ee152a9531 <unknown>\n#11 0x55ee152ad455 <unknown>\n#12 0x55ee15295f55 <unknown>\n#13 0x55ee152ae0ef <unknown>\n#14 0x55ee1527999f <unknown>\n#15 0x55ee152d2008 <unknown>\n#16 0x55ee152d21d7 <unknown>\n#17 0x55ee152e4124 <unknown>\n#18 0x7fd7f5894ac3 <unknown>","time":{"start":1704050458493,"stop":1704050554809,"duration":96316}},{"uid":"485bf93be43a1d7f","reportUrl":"https://robbrad.github.io/UKBinCollectionData/3.11/1325//#testresult/485bf93be43a1d7f","status":"failed","statusDetails":"selenium.common.exceptions.TimeoutException: Message: \nStacktrace:\n#0 0x556abd72af83 <unknown>\n#1 0x556abd3e3cf7 <unknown>\n#2 0x556abd43399e <unknown>\n#3 0x556abd433aa1 <unknown>\n#4 0x556abd47ed64 <unknown>\n#5 0x556abd45d0dd <unknown>\n#6 0x556abd47c006 <unknown>\n#7 0x556abd45ce53 <unknown>\n#8 0x556abd424dd4 <unknown>\n#9 0x556abd4261de <unknown>\n#10 0x556abd6ef531 <unknown>\n#11 0x556abd6f3455 <unknown>\n#12 0x556abd6dbf55 <unknown>\n#13 0x556abd6f40ef <unknown>\n#14 0x556abd6bf99f <unknown>\n#15 0x556abd718008 <unknown>\n#16 0x556abd7181d7 <unknown>\n#17 0x556abd72a124 <unknown>\n#18 0x7feacb494ac3 <unknown>","time":{"start":1704043894533,"stop":1704043981994,"duration":87461}},{"uid":"70c72f5f6daec621","reportUrl":"https://robbrad.github.io/UKBinCollectionData/3.11/1320//#testresult/70c72f5f6daec621","status":"failed","statusDetails":"selenium.common.exceptions.TimeoutException: Message: \nStacktrace:\n#0 0x55dd5c5e7f83 <unknown>\n#1 0x55dd5c2a0cf7 <unknown>\n#2 0x55dd5c2f099e <unknown>\n#3 0x55dd5c2f0aa1 <unknown>\n#4 0x55dd5c33bd64 <unknown>\n#5 0x55dd5c31a0dd <unknown>\n#6 0x55dd5c339006 <unknown>\n#7 0x55dd5c319e53 <unknown>\n#8 0x55dd5c2e1dd4 <unknown>\n#9 0x55dd5c2e31de <unknown>\n#10 0x55dd5c5ac531 <unknown>\n#11 0x55dd5c5b0455 <unknown>\n#12 0x55dd5c598f55 <unknown>\n#13 0x55dd5c5b10ef <unknown>\n#14 0x55dd5c57c99f <unknown>\n#15 0x55dd5c5d5008 <unknown>\n#16 0x55dd5c5d51d7 <unknown>\n#17 0x55dd5c5e7124 <unknown>\n#18 0x7fd6c8a94ac3 <unknown>","time":{"start":1703985803231,"stop":1703985845300,"duration":42069}},{"uid":"a7ca92d91d2fd9e1","reportUrl":"https://robbrad.github.io/UKBinCollectionData/3.11/1316//#testresult/a7ca92d91d2fd9e1","status":"failed","statusDetails":"selenium.common.exceptions.NoSuchElementException: Message: no such element: Unable to locate element: {\"method\":\"css selector\",\"selector\":\"[id=\"ContentPlaceHolderDefault_ctl13_nptLLPG2_25_addresslookup_txtTmpPostcode\"]\"}\n  (Session info: chrome-headless-shell=120.0.6099.109); For documentation on this error, please visit: https://www.selenium.dev/documentation/webdriver/troubleshooting/errors#no-such-element-exception\nStacktrace:\n#0 0x565345d95f83 <unknown>\n#1 0x565345a4ecf7 <unknown>\n#2 0x565345a9e99e <unknown>\n#3 0x565345a9eaa1 <unknown>\n#4 0x565345ae9d64 <unknown>\n#5 0x565345ac80dd <unknown>\n#6 0x565345ae7006 <unknown>\n#7 0x565345ac7e53 <unknown>\n#8 0x565345a8fdd4 <unknown>\n#9 0x565345a911de <unknown>\n#10 0x565345d5a531 <unknown>\n#11 0x565345d5e455 <unknown>\n#12 0x565345d46f55 <unknown>\n#13 0x565345d5f0ef <unknown>\n#14 0x565345d2a99f <unknown>\n#15 0x565345d83008 <unknown>\n#16 0x565345d831d7 <unknown>\n#17 0x565345d95124 <unknown>\n#18 0x7f336f094ac3 <unknown>","time":{"start":1703899044973,"stop":1703899048003,"duration":3030}},{"uid":"cb137d4e05df0d7d","reportUrl":"https://robbrad.github.io/UKBinCollectionData/3.11/1314//#testresult/cb137d4e05df0d7d","status":"failed","statusDetails":"selenium.common.exceptions.NoSuchElementException: Message: no such element: Unable to locate element: {\"method\":\"css selector\",\"selector\":\"[id=\"ContentPlaceHolderDefault_ctl13_nptLLPG2_25_addresslookup_txtTmpPostcode\"]\"}\n  (Session info: chrome-headless-shell=120.0.6099.109); For documentation on this error, please visit: https://www.selenium.dev/documentation/webdriver/troubleshooting/errors#no-such-element-exception\nStacktrace:\n#0 0x55afa63adf83 <unknown>\n#1 0x55afa6066cf7 <unknown>\n#2 0x55afa60b699e <unknown>\n#3 0x55afa60b6aa1 <unknown>\n#4 0x55afa6101d64 <unknown>\n#5 0x55afa60e00dd <unknown>\n#6 0x55afa60ff006 <unknown>\n#7 0x55afa60dfe53 <unknown>\n#8 0x55afa60a7dd4 <unknown>\n#9 0x55afa60a91de <unknown>\n#10 0x55afa6372531 <unknown>\n#11 0x55afa6376455 <unknown>\n#12 0x55afa635ef55 <unknown>\n#13 0x55afa63770ef <unknown>\n#14 0x55afa634299f <unknown>\n#15 0x55afa639b008 <unknown>\n#16 0x55afa639b1d7 <unknown>\n#17 0x55afa63ad124 <unknown>\n#18 0x7f4086c94ac3 <unknown>","time":{"start":1703853516429,"stop":1703853523984,"duration":7555}},{"uid":"85af182209de7816","reportUrl":"https://robbrad.github.io/UKBinCollectionData/3.11/1311//#testresult/85af182209de7816","status":"failed","statusDetails":"selenium.common.exceptions.NoSuchElementException: Message: no such element: Unable to locate element: {\"method\":\"css selector\",\"selector\":\"[id=\"ContentPlaceHolderDefault_ctl13_nptLLPG2_25_addresslookup_txtTmpPostcode\"]\"}\n  (Session info: chrome-headless-shell=120.0.6099.109); For documentation on this error, please visit: https://www.selenium.dev/documentation/webdriver/troubleshooting/errors#no-such-element-exception\nStacktrace:\n#0 0x563795820f83 <unknown>\n#1 0x5637954d9cf7 <unknown>\n#2 0x56379552999e <unknown>\n#3 0x563795529aa1 <unknown>\n#4 0x563795574d64 <unknown>\n#5 0x5637955530dd <unknown>\n#6 0x563795572006 <unknown>\n#7 0x563795552e53 <unknown>\n#8 0x56379551add4 <unknown>\n#9 0x56379551c1de <unknown>\n#10 0x5637957e5531 <unknown>\n#11 0x5637957e9455 <unknown>\n#12 0x5637957d1f55 <unknown>\n#13 0x5637957ea0ef <unknown>\n#14 0x5637957b599f <unknown>\n#15 0x56379580e008 <unknown>\n#16 0x56379580e1d7 <unknown>\n#17 0x563795820124 <unknown>\n#18 0x7f5e33a94ac3 <unknown>","time":{"start":1703851108903,"stop":1703851163778,"duration":54875}},{"uid":"1e6ed233ea773f8d","reportUrl":"https://robbrad.github.io/UKBinCollectionData/3.11/1309//#testresult/1e6ed233ea773f8d","status":"failed","statusDetails":"selenium.common.exceptions.TimeoutException: Message: \nStacktrace:\n#0 0x55a182c86f83 <unknown>\n#1 0x55a18293fcf7 <unknown>\n#2 0x55a18298f99e <unknown>\n#3 0x55a18298faa1 <unknown>\n#4 0x55a1829dad64 <unknown>\n#5 0x55a1829b90dd <unknown>\n#6 0x55a1829d8006 <unknown>\n#7 0x55a1829b8e53 <unknown>\n#8 0x55a182980dd4 <unknown>\n#9 0x55a1829821de <unknown>\n#10 0x55a182c4b531 <unknown>\n#11 0x55a182c4f455 <unknown>\n#12 0x55a182c37f55 <unknown>\n#13 0x55a182c500ef <unknown>\n#14 0x55a182c1b99f <unknown>\n#15 0x55a182c74008 <unknown>\n#16 0x55a182c741d7 <unknown>\n#17 0x55a182c86124 <unknown>\n#18 0x7f2b26694ac3 <unknown>","time":{"start":1703812061352,"stop":1703812107123,"duration":45771}}]},"tags":[]},"source":"f490d53dd5041627.json","parameterValues":["NeathPortTalbotCouncil","local","http://selenium:4444"]}