{"uid":"9732a18c1753a1d7","name":"Validate Council Output [KingstonUponThamesCouncil-None-None]","fullName":"features/validate_council_outputs.feature:Validate Council Output","historyId":"c71a5e41515c8e4d6c2924d94d56bebb","time":{"start":1699319839444,"stop":1699319839986,"duration":542},"status":"failed","statusMessage":"AssertionError: True","statusTrace":"fixturefunc = <function validate_output_step at 0x7f9568ee31a0>\nrequest = <FixtureRequest for <Function test_scenario_outline[KingstonUponThamesCouncil-None-None]>>\nkwargs = {'context': <test_validate_council.context.<locals>.Context object at 0x7f955b73c990>}\n\n    def call_fixture_func(\n        fixturefunc: \"_FixtureFunc[FixtureValue]\", request: FixtureRequest, kwargs\n    ) -> FixtureValue:\n        if is_generator(fixturefunc):\n            fixturefunc = cast(\n                Callable[..., Generator[FixtureValue, None, None]], fixturefunc\n            )\n            generator = fixturefunc(**kwargs)\n            try:\n                fixture_result = next(generator)\n            except StopIteration:\n                raise ValueError(f\"{request.fixturename} did not yield a value\") from None\n            finalizer = functools.partial(_teardown_yield_fixture, fixturefunc, generator)\n            request.addfinalizer(finalizer)\n        else:\n            fixturefunc = cast(Callable[..., FixtureValue], fixturefunc)\n>           fixture_result = fixturefunc(**kwargs)\n\n../../../.cache/pypoetry/virtualenvs/uk-bin-collection-EwS6Gn8s-py3.11/lib/python3.11/site-packages/_pytest/fixtures.py:902: \n_ _ _ _ _ _ _ _ _ _ _ _ _ _ _ _ _ _ _ _ _ _ _ _ _ _ _ _ _ _ _ _ _ _ _ _ _ _ _ _ \nuk_bin_collection/tests/step_defs/test_validate_council.py:102: in validate_output_step\n    raise (err)\n_ _ _ _ _ _ _ _ _ _ _ _ _ _ _ _ _ _ _ _ _ _ _ _ _ _ _ _ _ _ _ _ _ _ _ _ _ _ _ _ \n\ncontext = <test_validate_council.context.<locals>.Context object at 0x7f955b73c990>\n\n    @then(\"the output should validate against the schema\")\n    def validate_output_step(context):\n        try:\n            council_schema = file_handler.load_schema_file(f\"output.schema\")\n            schema_result = file_handler.validate_json_schema(\n                context.parse_result, council_schema\n            )\n>           assert_that(schema_result, True)\nE           AssertionError: True\n\nuk_bin_collection/tests/step_defs/test_validate_council.py:97: AssertionError","flaky":false,"newFailed":false,"newBroken":false,"newPassed":false,"retriesCount":0,"retriesStatusChange":false,"beforeStages":[],"testStage":{"status":"failed","statusMessage":"AssertionError: True","statusTrace":"fixturefunc = <function validate_output_step at 0x7f9568ee31a0>\nrequest = <FixtureRequest for <Function test_scenario_outline[KingstonUponThamesCouncil-None-None]>>\nkwargs = {'context': <test_validate_council.context.<locals>.Context object at 0x7f955b73c990>}\n\n    def call_fixture_func(\n        fixturefunc: \"_FixtureFunc[FixtureValue]\", request: FixtureRequest, kwargs\n    ) -> FixtureValue:\n        if is_generator(fixturefunc):\n            fixturefunc = cast(\n                Callable[..., Generator[FixtureValue, None, None]], fixturefunc\n            )\n            generator = fixturefunc(**kwargs)\n            try:\n                fixture_result = next(generator)\n            except StopIteration:\n                raise ValueError(f\"{request.fixturename} did not yield a value\") from None\n            finalizer = functools.partial(_teardown_yield_fixture, fixturefunc, generator)\n            request.addfinalizer(finalizer)\n        else:\n            fixturefunc = cast(Callable[..., FixtureValue], fixturefunc)\n>           fixture_result = fixturefunc(**kwargs)\n\n../../../.cache/pypoetry/virtualenvs/uk-bin-collection-EwS6Gn8s-py3.11/lib/python3.11/site-packages/_pytest/fixtures.py:902: \n_ _ _ _ _ _ _ _ _ _ _ _ _ _ _ _ _ _ _ _ _ _ _ _ _ _ _ _ _ _ _ _ _ _ _ _ _ _ _ _ \nuk_bin_collection/tests/step_defs/test_validate_council.py:102: in validate_output_step\n    raise (err)\n_ _ _ _ _ _ _ _ _ _ _ _ _ _ _ _ _ _ _ _ _ _ _ _ _ _ _ _ _ _ _ _ _ _ _ _ _ _ _ _ \n\ncontext = <test_validate_council.context.<locals>.Context object at 0x7f955b73c990>\n\n    @then(\"the output should validate against the schema\")\n    def validate_output_step(context):\n        try:\n            council_schema = file_handler.load_schema_file(f\"output.schema\")\n            schema_result = file_handler.validate_json_schema(\n                context.parse_result, council_schema\n            )\n>           assert_that(schema_result, True)\nE           AssertionError: True\n\nuk_bin_collection/tests/step_defs/test_validate_council.py:97: AssertionError","steps":[{"name":"Given the council: KingstonUponThamesCouncil","time":{"start":1699319839444,"stop":1699319839445,"duration":1},"status":"passed","steps":[],"attachments":[],"parameters":[],"shouldDisplayMessage":false,"stepsCount":0,"attachmentsCount":0,"hasContent":false},{"name":"When we scrape the data from KingstonUponThamesCouncil using None and the None is set","time":{"start":1699319839445,"stop":1699319839980,"duration":535},"status":"passed","steps":[],"attachments":[],"parameters":[],"shouldDisplayMessage":false,"stepsCount":0,"attachmentsCount":0,"hasContent":false},{"name":"Then the result is valid json","time":{"start":1699319839981,"stop":1699319839981,"duration":0},"status":"passed","steps":[],"attachments":[],"parameters":[],"shouldDisplayMessage":false,"stepsCount":0,"attachmentsCount":0,"hasContent":false},{"name":"And the output should validate against the schema","time":{"start":1699319839981,"stop":1699319839986,"duration":5},"status":"failed","statusMessage":"True","statusTrace":"AssertionError: True\n","steps":[],"attachments":[],"parameters":[],"shouldDisplayMessage":true,"stepsCount":0,"attachmentsCount":0,"hasContent":true}],"attachments":[],"parameters":[],"shouldDisplayMessage":true,"stepsCount":4,"attachmentsCount":0,"hasContent":true},"afterStages":[],"labels":[{"name":"host","value":"fv-az410-192"},{"name":"thread","value":"2585-MainThread"},{"name":"framework","value":"pytest-bdd"},{"name":"language","value":"cpython3"},{"name":"feature","value":"Test each council output matches expected results"},{"name":"resultFormat","value":"allure2"}],"parameters":[{"name":"council","value":"KingstonUponThamesCouncil"},{"name":"selenium_mode","value":"None"},{"name":"selenium_url","value":"None"}],"links":[],"hidden":false,"retry":false,"extra":{"severity":"normal","retries":[],"categories":[{"name":"Product defects","matchedStatuses":[],"flaky":false}],"history":{"statistic":{"failed":4,"broken":0,"skipped":0,"passed":0,"unknown":0,"total":4},"items":[{"uid":"6069e26f0a050f9d","reportUrl":"https://robbrad.github.io/UKBinCollectionData/3.11/1113//#testresult/6069e26f0a050f9d","status":"failed","statusDetails":"AssertionError: True","time":{"start":1699233508417,"stop":1699233509332,"duration":915}},{"uid":"8278c2f4c1a147c3","reportUrl":"https://robbrad.github.io/UKBinCollectionData/3.11/1111//#testresult/8278c2f4c1a147c3","status":"failed","statusDetails":"AssertionError: True","time":{"start":1699171052815,"stop":1699171053720,"duration":905}},{"uid":"a11bc3e407eb08cd","reportUrl":"https://robbrad.github.io/UKBinCollectionData/3.11/1112//#testresult/a11bc3e407eb08cd","status":"failed","statusDetails":"AssertionError: True","time":{"start":1699170749740,"stop":1699170750480,"duration":740}}]},"tags":[]},"source":"9732a18c1753a1d7.json","parameterValues":["KingstonUponThamesCouncil","None","None"]}