{"uid":"68855e1e084bc9ec","name":"Validate Council Output [KnowsleyMBCouncil]","fullName":"features/validate_council_outputs.feature:Validate Council Output","historyId":"56740e3e170c4ada5e89fee4a4334687","time":{"start":1716753260544,"stop":1716753338674,"duration":78130},"status":"failed","statusMessage":"selenium.common.exceptions.NoSuchElementException: Message: no such element: Unable to locate element: {\"method\":\"link text\",\"selector\":\"Choose this address\"}\n  (Session info: chrome-headless-shell=125.0.6422.76); For documentation on this error, please visit: https://www.selenium.dev/documentation/webdriver/troubleshooting/errors#no-such-element-exception\nStacktrace:\n#0 0x557591ed3e9a <unknown>\n#1 0x557591bbd45c <unknown>\n#2 0x557591c095b5 <unknown>\n#3 0x557591c09671 <unknown>\n#4 0x557591bfdb96 <unknown>\n#5 0x557591c2c4dd <unknown>\n#6 0x557591bfda79 <unknown>\n#7 0x557591c2c67e <unknown>\n#8 0x557591c4b2cc <unknown>\n#9 0x557591c2c253 <unknown>\n#10 0x557591bfc1c7 <unknown>\n#11 0x557591bfcb3e <unknown>\n#12 0x557591e9a2db <unknown>\n#13 0x557591e9e387 <unknown>\n#14 0x557591e86e0e <unknown>\n#15 0x557591e9ee52 <unknown>\n#16 0x557591e6b7af <unknown>\n#17 0x557591ec3188 <unknown>\n#18 0x557591ec335b <unknown>\n#19 0x557591ed2fcc <unknown>\n#20 0x7f5c022daac3 <unknown>","statusTrace":"fixturefunc = <function scrape_step at 0x7fa882632f20>\nrequest = <FixtureRequest for <Function test_scenario_outline[KnowsleyMBCouncil]>>\nkwargs = {'context': <test_validate_council.context.<locals>.Context object at 0x7fa882777500>, 'council': 'KnowsleyMBCouncil', 'headless_mode': 'True', 'local_browser': 'False', ...}\n\n    def call_fixture_func(\n        fixturefunc: \"_FixtureFunc[FixtureValue]\", request: FixtureRequest, kwargs\n    ) -> FixtureValue:\n        if is_generator(fixturefunc):\n            fixturefunc = cast(\n                Callable[..., Generator[FixtureValue, None, None]], fixturefunc\n            )\n            generator = fixturefunc(**kwargs)\n            try:\n                fixture_result = next(generator)\n            except StopIteration:\n                raise ValueError(f\"{request.fixturename} did not yield a value\") from None\n            finalizer = functools.partial(_teardown_yield_fixture, fixturefunc, generator)\n            request.addfinalizer(finalizer)\n        else:\n            fixturefunc = cast(Callable[..., FixtureValue], fixturefunc)\n>           fixture_result = fixturefunc(**kwargs)\n\n../../../.cache/pypoetry/virtualenvs/uk-bin-collection-EwS6Gn8s-py3.12/lib/python3.12/site-packages/_pytest/fixtures.py:884: \n_ _ _ _ _ _ _ _ _ _ _ _ _ _ _ _ _ _ _ _ _ _ _ _ _ _ _ _ _ _ _ _ _ _ _ _ _ _ _ _ \nuk_bin_collection/tests/step_defs/test_validate_council.py:76: in scrape_step\n    context.parse_result = CollectData.run()\nuk_bin_collection/uk_bin_collection/collect_data.py:102: in run\n    return self.client_code(\nuk_bin_collection/uk_bin_collection/collect_data.py:121: in client_code\n    return get_bin_data_class.template_method(address_url, **kwargs)\nuk_bin_collection/uk_bin_collection/get_bin_data.py:80: in template_method\n    bin_data_dict = self.parse_data(\nuk_bin_collection/uk_bin_collection/councils/KnowsleyMBCouncil.py:77: in parse_data\n    address_to_select = row.find_element(By.LINK_TEXT, \"Choose this address\")\n../../../.cache/pypoetry/virtualenvs/uk-bin-collection-EwS6Gn8s-py3.12/lib/python3.12/site-packages/selenium/webdriver/remote/webelement.py:417: in find_element\n    return self._execute(Command.FIND_CHILD_ELEMENT, {\"using\": by, \"value\": value})[\"value\"]\n../../../.cache/pypoetry/virtualenvs/uk-bin-collection-EwS6Gn8s-py3.12/lib/python3.12/site-packages/selenium/webdriver/remote/webelement.py:395: in _execute\n    return self._parent.execute(command, params)\n../../../.cache/pypoetry/virtualenvs/uk-bin-collection-EwS6Gn8s-py3.12/lib/python3.12/site-packages/selenium/webdriver/remote/webdriver.py:347: in execute\n    self.error_handler.check_response(response)\n_ _ _ _ _ _ _ _ _ _ _ _ _ _ _ _ _ _ _ _ _ _ _ _ _ _ _ _ _ _ _ _ _ _ _ _ _ _ _ _ \n\nself = <selenium.webdriver.remote.errorhandler.ErrorHandler object at 0x7fa88dd83680>\nresponse = {'status': 404, 'value': '{\"value\":{\"error\":\"no such element\",\"message\":\"no such element: Unable to locate element: {\\...\\\\n#18 0x557591ec335b \\\\u003Cunknown>\\\\n#19 0x557591ed2fcc \\\\u003Cunknown>\\\\n#20 0x7f5c022daac3 \\\\u003Cunknown>\\\\n\"}}'}\n\n    def check_response(self, response: Dict[str, Any]) -> None:\n        \"\"\"Checks that a JSON response from the WebDriver does not have an\n        error.\n    \n        :Args:\n         - response - The JSON response from the WebDriver server as a dictionary\n           object.\n    \n        :Raises: If the response contains an error message.\n        \"\"\"\n        status = response.get(\"status\", None)\n        if not status or status == ErrorCode.SUCCESS:\n            return\n        value = None\n        message = response.get(\"message\", \"\")\n        screen: str = response.get(\"screen\", \"\")\n        stacktrace = None\n        if isinstance(status, int):\n            value_json = response.get(\"value\", None)\n            if value_json and isinstance(value_json, str):\n                import json\n    \n                try:\n                    value = json.loads(value_json)\n                    if len(value) == 1:\n                        value = value[\"value\"]\n                    status = value.get(\"error\", None)\n                    if not status:\n                        status = value.get(\"status\", ErrorCode.UNKNOWN_ERROR)\n                        message = value.get(\"value\") or value.get(\"message\")\n                        if not isinstance(message, str):\n                            value = message\n                            message = message.get(\"message\")\n                    else:\n                        message = value.get(\"message\", None)\n                except ValueError:\n                    pass\n    \n        exception_class: Type[WebDriverException]\n        e = ErrorCode()\n        error_codes = [item for item in dir(e) if not item.startswith(\"__\")]\n        for error_code in error_codes:\n            error_info = getattr(ErrorCode, error_code)\n            if isinstance(error_info, list) and status in error_info:\n                exception_class = getattr(ExceptionMapping, error_code, WebDriverException)\n                break\n        else:\n            exception_class = WebDriverException\n    \n        if not value:\n            value = response[\"value\"]\n        if isinstance(value, str):\n            raise exception_class(value)\n        if message == \"\" and \"message\" in value:\n            message = value[\"message\"]\n    \n        screen = None  # type: ignore[assignment]\n        if \"screen\" in value:\n            screen = value[\"screen\"]\n    \n        stacktrace = None\n        st_value = value.get(\"stackTrace\") or value.get(\"stacktrace\")\n        if st_value:\n            if isinstance(st_value, str):\n                stacktrace = st_value.split(\"\\n\")\n            else:\n                stacktrace = []\n                try:\n                    for frame in st_value:\n                        line = frame.get(\"lineNumber\", \"\")\n                        file = frame.get(\"fileName\", \"<anonymous>\")\n                        if line:\n                            file = f\"{file}:{line}\"\n                        meth = frame.get(\"methodName\", \"<anonymous>\")\n                        if \"className\" in frame:\n                            meth = f\"{frame['className']}.{meth}\"\n                        msg = \"    at %s (%s)\"\n                        msg = msg % (meth, file)\n                        stacktrace.append(msg)\n                except TypeError:\n                    pass\n        if exception_class == UnexpectedAlertPresentException:\n            alert_text = None\n            if \"data\" in value:\n                alert_text = value[\"data\"].get(\"text\")\n            elif \"alert\" in value:\n                alert_text = value[\"alert\"].get(\"text\")\n            raise exception_class(message, screen, stacktrace, alert_text)  # type: ignore[call-arg]  # mypy is not smart enough here\n>       raise exception_class(message, screen, stacktrace)\nE       selenium.common.exceptions.NoSuchElementException: Message: no such element: Unable to locate element: {\"method\":\"link text\",\"selector\":\"Choose this address\"}\nE         (Session info: chrome-headless-shell=125.0.6422.76); For documentation on this error, please visit: https://www.selenium.dev/documentation/webdriver/troubleshooting/errors#no-such-element-exception\nE       Stacktrace:\nE       #0 0x557591ed3e9a <unknown>\nE       #1 0x557591bbd45c <unknown>\nE       #2 0x557591c095b5 <unknown>\nE       #3 0x557591c09671 <unknown>\nE       #4 0x557591bfdb96 <unknown>\nE       #5 0x557591c2c4dd <unknown>\nE       #6 0x557591bfda79 <unknown>\nE       #7 0x557591c2c67e <unknown>\nE       #8 0x557591c4b2cc <unknown>\nE       #9 0x557591c2c253 <unknown>\nE       #10 0x557591bfc1c7 <unknown>\nE       #11 0x557591bfcb3e <unknown>\nE       #12 0x557591e9a2db <unknown>\nE       #13 0x557591e9e387 <unknown>\nE       #14 0x557591e86e0e <unknown>\nE       #15 0x557591e9ee52 <unknown>\nE       #16 0x557591e6b7af <unknown>\nE       #17 0x557591ec3188 <unknown>\nE       #18 0x557591ec335b <unknown>\nE       #19 0x557591ed2fcc <unknown>\nE       #20 0x7f5c022daac3 <unknown>\n\n../../../.cache/pypoetry/virtualenvs/uk-bin-collection-EwS6Gn8s-py3.12/lib/python3.12/site-packages/selenium/webdriver/remote/errorhandler.py:229: NoSuchElementException","flaky":false,"newFailed":false,"newBroken":false,"newPassed":false,"retriesCount":0,"retriesStatusChange":false,"beforeStages":[],"testStage":{"status":"failed","statusMessage":"selenium.common.exceptions.NoSuchElementException: Message: no such element: Unable to locate element: {\"method\":\"link text\",\"selector\":\"Choose this address\"}\n  (Session info: chrome-headless-shell=125.0.6422.76); For documentation on this error, please visit: https://www.selenium.dev/documentation/webdriver/troubleshooting/errors#no-such-element-exception\nStacktrace:\n#0 0x557591ed3e9a <unknown>\n#1 0x557591bbd45c <unknown>\n#2 0x557591c095b5 <unknown>\n#3 0x557591c09671 <unknown>\n#4 0x557591bfdb96 <unknown>\n#5 0x557591c2c4dd <unknown>\n#6 0x557591bfda79 <unknown>\n#7 0x557591c2c67e <unknown>\n#8 0x557591c4b2cc <unknown>\n#9 0x557591c2c253 <unknown>\n#10 0x557591bfc1c7 <unknown>\n#11 0x557591bfcb3e <unknown>\n#12 0x557591e9a2db <unknown>\n#13 0x557591e9e387 <unknown>\n#14 0x557591e86e0e <unknown>\n#15 0x557591e9ee52 <unknown>\n#16 0x557591e6b7af <unknown>\n#17 0x557591ec3188 <unknown>\n#18 0x557591ec335b <unknown>\n#19 0x557591ed2fcc <unknown>\n#20 0x7f5c022daac3 <unknown>","statusTrace":"fixturefunc = <function scrape_step at 0x7fa882632f20>\nrequest = <FixtureRequest for <Function test_scenario_outline[KnowsleyMBCouncil]>>\nkwargs = {'context': <test_validate_council.context.<locals>.Context object at 0x7fa882777500>, 'council': 'KnowsleyMBCouncil', 'headless_mode': 'True', 'local_browser': 'False', ...}\n\n    def call_fixture_func(\n        fixturefunc: \"_FixtureFunc[FixtureValue]\", request: FixtureRequest, kwargs\n    ) -> FixtureValue:\n        if is_generator(fixturefunc):\n            fixturefunc = cast(\n                Callable[..., Generator[FixtureValue, None, None]], fixturefunc\n            )\n            generator = fixturefunc(**kwargs)\n            try:\n                fixture_result = next(generator)\n            except StopIteration:\n                raise ValueError(f\"{request.fixturename} did not yield a value\") from None\n            finalizer = functools.partial(_teardown_yield_fixture, fixturefunc, generator)\n            request.addfinalizer(finalizer)\n        else:\n            fixturefunc = cast(Callable[..., FixtureValue], fixturefunc)\n>           fixture_result = fixturefunc(**kwargs)\n\n../../../.cache/pypoetry/virtualenvs/uk-bin-collection-EwS6Gn8s-py3.12/lib/python3.12/site-packages/_pytest/fixtures.py:884: \n_ _ _ _ _ _ _ _ _ _ _ _ _ _ _ _ _ _ _ _ _ _ _ _ _ _ _ _ _ _ _ _ _ _ _ _ _ _ _ _ \nuk_bin_collection/tests/step_defs/test_validate_council.py:76: in scrape_step\n    context.parse_result = CollectData.run()\nuk_bin_collection/uk_bin_collection/collect_data.py:102: in run\n    return self.client_code(\nuk_bin_collection/uk_bin_collection/collect_data.py:121: in client_code\n    return get_bin_data_class.template_method(address_url, **kwargs)\nuk_bin_collection/uk_bin_collection/get_bin_data.py:80: in template_method\n    bin_data_dict = self.parse_data(\nuk_bin_collection/uk_bin_collection/councils/KnowsleyMBCouncil.py:77: in parse_data\n    address_to_select = row.find_element(By.LINK_TEXT, \"Choose this address\")\n../../../.cache/pypoetry/virtualenvs/uk-bin-collection-EwS6Gn8s-py3.12/lib/python3.12/site-packages/selenium/webdriver/remote/webelement.py:417: in find_element\n    return self._execute(Command.FIND_CHILD_ELEMENT, {\"using\": by, \"value\": value})[\"value\"]\n../../../.cache/pypoetry/virtualenvs/uk-bin-collection-EwS6Gn8s-py3.12/lib/python3.12/site-packages/selenium/webdriver/remote/webelement.py:395: in _execute\n    return self._parent.execute(command, params)\n../../../.cache/pypoetry/virtualenvs/uk-bin-collection-EwS6Gn8s-py3.12/lib/python3.12/site-packages/selenium/webdriver/remote/webdriver.py:347: in execute\n    self.error_handler.check_response(response)\n_ _ _ _ _ _ _ _ _ _ _ _ _ _ _ _ _ _ _ _ _ _ _ _ _ _ _ _ _ _ _ _ _ _ _ _ _ _ _ _ \n\nself = <selenium.webdriver.remote.errorhandler.ErrorHandler object at 0x7fa88dd83680>\nresponse = {'status': 404, 'value': '{\"value\":{\"error\":\"no such element\",\"message\":\"no such element: Unable to locate element: {\\...\\\\n#18 0x557591ec335b \\\\u003Cunknown>\\\\n#19 0x557591ed2fcc \\\\u003Cunknown>\\\\n#20 0x7f5c022daac3 \\\\u003Cunknown>\\\\n\"}}'}\n\n    def check_response(self, response: Dict[str, Any]) -> None:\n        \"\"\"Checks that a JSON response from the WebDriver does not have an\n        error.\n    \n        :Args:\n         - response - The JSON response from the WebDriver server as a dictionary\n           object.\n    \n        :Raises: If the response contains an error message.\n        \"\"\"\n        status = response.get(\"status\", None)\n        if not status or status == ErrorCode.SUCCESS:\n            return\n        value = None\n        message = response.get(\"message\", \"\")\n        screen: str = response.get(\"screen\", \"\")\n        stacktrace = None\n        if isinstance(status, int):\n            value_json = response.get(\"value\", None)\n            if value_json and isinstance(value_json, str):\n                import json\n    \n                try:\n                    value = json.loads(value_json)\n                    if len(value) == 1:\n                        value = value[\"value\"]\n                    status = value.get(\"error\", None)\n                    if not status:\n                        status = value.get(\"status\", ErrorCode.UNKNOWN_ERROR)\n                        message = value.get(\"value\") or value.get(\"message\")\n                        if not isinstance(message, str):\n                            value = message\n                            message = message.get(\"message\")\n                    else:\n                        message = value.get(\"message\", None)\n                except ValueError:\n                    pass\n    \n        exception_class: Type[WebDriverException]\n        e = ErrorCode()\n        error_codes = [item for item in dir(e) if not item.startswith(\"__\")]\n        for error_code in error_codes:\n            error_info = getattr(ErrorCode, error_code)\n            if isinstance(error_info, list) and status in error_info:\n                exception_class = getattr(ExceptionMapping, error_code, WebDriverException)\n                break\n        else:\n            exception_class = WebDriverException\n    \n        if not value:\n            value = response[\"value\"]\n        if isinstance(value, str):\n            raise exception_class(value)\n        if message == \"\" and \"message\" in value:\n            message = value[\"message\"]\n    \n        screen = None  # type: ignore[assignment]\n        if \"screen\" in value:\n            screen = value[\"screen\"]\n    \n        stacktrace = None\n        st_value = value.get(\"stackTrace\") or value.get(\"stacktrace\")\n        if st_value:\n            if isinstance(st_value, str):\n                stacktrace = st_value.split(\"\\n\")\n            else:\n                stacktrace = []\n                try:\n                    for frame in st_value:\n                        line = frame.get(\"lineNumber\", \"\")\n                        file = frame.get(\"fileName\", \"<anonymous>\")\n                        if line:\n                            file = f\"{file}:{line}\"\n                        meth = frame.get(\"methodName\", \"<anonymous>\")\n                        if \"className\" in frame:\n                            meth = f\"{frame['className']}.{meth}\"\n                        msg = \"    at %s (%s)\"\n                        msg = msg % (meth, file)\n                        stacktrace.append(msg)\n                except TypeError:\n                    pass\n        if exception_class == UnexpectedAlertPresentException:\n            alert_text = None\n            if \"data\" in value:\n                alert_text = value[\"data\"].get(\"text\")\n            elif \"alert\" in value:\n                alert_text = value[\"alert\"].get(\"text\")\n            raise exception_class(message, screen, stacktrace, alert_text)  # type: ignore[call-arg]  # mypy is not smart enough here\n>       raise exception_class(message, screen, stacktrace)\nE       selenium.common.exceptions.NoSuchElementException: Message: no such element: Unable to locate element: {\"method\":\"link text\",\"selector\":\"Choose this address\"}\nE         (Session info: chrome-headless-shell=125.0.6422.76); For documentation on this error, please visit: https://www.selenium.dev/documentation/webdriver/troubleshooting/errors#no-such-element-exception\nE       Stacktrace:\nE       #0 0x557591ed3e9a <unknown>\nE       #1 0x557591bbd45c <unknown>\nE       #2 0x557591c095b5 <unknown>\nE       #3 0x557591c09671 <unknown>\nE       #4 0x557591bfdb96 <unknown>\nE       #5 0x557591c2c4dd <unknown>\nE       #6 0x557591bfda79 <unknown>\nE       #7 0x557591c2c67e <unknown>\nE       #8 0x557591c4b2cc <unknown>\nE       #9 0x557591c2c253 <unknown>\nE       #10 0x557591bfc1c7 <unknown>\nE       #11 0x557591bfcb3e <unknown>\nE       #12 0x557591e9a2db <unknown>\nE       #13 0x557591e9e387 <unknown>\nE       #14 0x557591e86e0e <unknown>\nE       #15 0x557591e9ee52 <unknown>\nE       #16 0x557591e6b7af <unknown>\nE       #17 0x557591ec3188 <unknown>\nE       #18 0x557591ec335b <unknown>\nE       #19 0x557591ed2fcc <unknown>\nE       #20 0x7f5c022daac3 <unknown>\n\n../../../.cache/pypoetry/virtualenvs/uk-bin-collection-EwS6Gn8s-py3.12/lib/python3.12/site-packages/selenium/webdriver/remote/errorhandler.py:229: NoSuchElementException","steps":[{"name":"Given the council: KnowsleyMBCouncil","time":{"start":1716753260544,"stop":1716753260545,"duration":1},"status":"passed","steps":[],"attachments":[],"parameters":[],"shouldDisplayMessage":false,"stepsCount":0,"attachmentsCount":0,"hasContent":false,"attachmentStep":false},{"name":"When we scrape the data from KnowsleyMBCouncil","time":{"start":1716753260545,"stop":1716753338674,"duration":78129},"status":"failed","statusMessage":"Message: no such element: Unable to locate element: {\"method\":\"link text\",\"selector\":\"Choose this address\"}\n  (Session info: chrome-headless-shell=125.0.6422.76); For documentation on this error, please visit: https://www.selenium.dev/documentation/webdriver/troubleshooting/errors#no-such-element-exception\nStacktrace:\n#0 0x557591ed3e9a <unknown>\n#1 0x557591bbd45c <unknown>\n#2 0x557591c095b5 <unknown>\n#3 0x557591c09671 <unknown>\n#4 0x557591bfdb96 <unknown>\n#5 0x557591c2c4dd <unknown>\n#6 0x557591bfda79 <unknown>\n#7 0x557591c2c67e <unknown>\n#8 0x557591c4b2cc <unknown>\n#9 0x557591c2c253 <unknown>\n#10 0x557591bfc1c7 <unknown>\n#11 0x557591bfcb3e <unknown>\n#12 0x557591e9a2db <unknown>\n#13 0x557591e9e387 <unknown>\n#14 0x557591e86e0e <unknown>\n#15 0x557591e9ee52 <unknown>\n#16 0x557591e6b7af <unknown>\n#17 0x557591ec3188 <unknown>\n#18 0x557591ec335b <unknown>\n#19 0x557591ed2fcc <unknown>\n#20 0x7f5c022daac3 <unknown>\n","statusTrace":"selenium.common.exceptions.NoSuchElementException: Message: no such element: Unable to locate element: {\"method\":\"link text\",\"selector\":\"Choose this address\"}\n  (Session info: chrome-headless-shell=125.0.6422.76); For documentation on this error, please visit: https://www.selenium.dev/documentation/webdriver/troubleshooting/errors#no-such-element-exception\nStacktrace:\n#0 0x557591ed3e9a <unknown>\n#1 0x557591bbd45c <unknown>\n#2 0x557591c095b5 <unknown>\n#3 0x557591c09671 <unknown>\n#4 0x557591bfdb96 <unknown>\n#5 0x557591c2c4dd <unknown>\n#6 0x557591bfda79 <unknown>\n#7 0x557591c2c67e <unknown>\n#8 0x557591c4b2cc <unknown>\n#9 0x557591c2c253 <unknown>\n#10 0x557591bfc1c7 <unknown>\n#11 0x557591bfcb3e <unknown>\n#12 0x557591e9a2db <unknown>\n#13 0x557591e9e387 <unknown>\n#14 0x557591e86e0e <unknown>\n#15 0x557591e9ee52 <unknown>\n#16 0x557591e6b7af <unknown>\n#17 0x557591ec3188 <unknown>\n#18 0x557591ec335b <unknown>\n#19 0x557591ed2fcc <unknown>\n#20 0x7f5c022daac3 <unknown>\n\n","steps":[],"attachments":[],"parameters":[],"shouldDisplayMessage":true,"stepsCount":0,"attachmentsCount":0,"hasContent":true,"attachmentStep":false}],"attachments":[{"uid":"67ce126136975a46","name":"stdout","source":"67ce126136975a46.txt","type":"text/plain","size":939}],"parameters":[],"shouldDisplayMessage":true,"stepsCount":2,"attachmentsCount":1,"hasContent":true,"attachmentStep":false},"afterStages":[],"labels":[{"name":"host","value":"fv-az979-164"},{"name":"thread","value":"2730-MainThread"},{"name":"framework","value":"pytest-bdd"},{"name":"language","value":"cpython3"},{"name":"feature","value":"Test each council output matches expected results"},{"name":"resultFormat","value":"allure2"}],"parameters":[{"name":"council","value":"KnowsleyMBCouncil"}],"links":[],"hidden":false,"retry":false,"extra":{"severity":"normal","retries":[],"categories":[{"name":"Product defects","matchedStatuses":[],"flaky":false}],"history":{"statistic":{"failed":17,"broken":0,"skipped":0,"passed":0,"unknown":0,"total":17},"items":[{"uid":"c8991a0710828bea","reportUrl":"https://robbrad.github.io/UKBinCollectionData/3.12/1877//#testresult/c8991a0710828bea","status":"failed","statusDetails":"ValueError: time data '' does not match format '%A %d/%m/%Y'","time":{"start":1716743464026,"stop":1716743536238,"duration":72212}},{"uid":"e5039ff714f0c082","reportUrl":"https://robbrad.github.io/UKBinCollectionData/3.12/1871//#testresult/e5039ff714f0c082","status":"failed","statusDetails":"ValueError: time data '' does not match format '%A %d/%m/%Y'","time":{"start":1716709890329,"stop":1716709948852,"duration":58523}},{"uid":"3e7545264964c33e","reportUrl":"https://robbrad.github.io/UKBinCollectionData/3.12/1866//#testresult/3e7545264964c33e","status":"failed","statusDetails":"ValueError: time data '' does not match format '%A %d/%m/%Y'","time":{"start":1716705215736,"stop":1716705298002,"duration":82266}},{"uid":"2037c8c78c812369","reportUrl":"https://robbrad.github.io/UKBinCollectionData/3.12/1865//#testresult/2037c8c78c812369","status":"failed","statusDetails":"ValueError: time data '' does not match format '%A %d/%m/%Y'","time":{"start":1716683766050,"stop":1716683810980,"duration":44930}},{"uid":"97f7b771c529a383","reportUrl":"https://robbrad.github.io/UKBinCollectionData/3.12/1863//#testresult/97f7b771c529a383","status":"failed","statusDetails":"ValueError: time data '' does not match format '%A %d/%m/%Y'","time":{"start":1716624959071,"stop":1716625016825,"duration":57754}},{"uid":"5de8ecfc9bdcfb8f","reportUrl":"https://robbrad.github.io/UKBinCollectionData/3.12/1862//#testresult/5de8ecfc9bdcfb8f","status":"failed","statusDetails":"selenium.common.exceptions.NoSuchElementException: Message: no such element: Unable to locate element: {\"method\":\"link text\",\"selector\":\"Choose this address\"}\n  (Session info: chrome-headless-shell=125.0.6422.76); For documentation on this error, please visit: https://www.selenium.dev/documentation/webdriver/troubleshooting/errors#no-such-element-exception\nStacktrace:\n#0 0x560a5177ee9a <unknown>\n#1 0x560a5146845c <unknown>\n#2 0x560a514b45b5 <unknown>\n#3 0x560a514b4671 <unknown>\n#4 0x560a514a8b96 <unknown>\n#5 0x560a514d74dd <unknown>\n#6 0x560a514a8a79 <unknown>\n#7 0x560a514d767e <unknown>\n#8 0x560a514f62cc <unknown>\n#9 0x560a514d7253 <unknown>\n#10 0x560a514a71c7 <unknown>\n#11 0x560a514a7b3e <unknown>\n#12 0x560a517452db <unknown>\n#13 0x560a51749387 <unknown>\n#14 0x560a51731e0e <unknown>\n#15 0x560a51749e52 <unknown>\n#16 0x560a517167af <unknown>\n#17 0x560a5176e188 <unknown>\n#18 0x560a5176e35b <unknown>\n#19 0x560a5177dfcc <unknown>\n#20 0x7fdd2bee9ac3 <unknown>","time":{"start":1716596928562,"stop":1716596980822,"duration":52260}},{"uid":"58a75ed66c717a17","reportUrl":"https://robbrad.github.io/UKBinCollectionData/3.12/1856//#testresult/58a75ed66c717a17","status":"failed","statusDetails":"ValueError: time data '' does not match format '%A %d/%m/%Y'","time":{"start":1716510562676,"stop":1716510612941,"duration":50265}},{"uid":"f925e0c40120afa4","reportUrl":"https://robbrad.github.io/UKBinCollectionData/3.12/1855//#testresult/f925e0c40120afa4","status":"failed","statusDetails":"selenium.common.exceptions.NoSuchElementException: Message: no such element: Unable to locate element: {\"method\":\"link text\",\"selector\":\"Choose this address\"}\n  (Session info: chrome-headless-shell=125.0.6422.76); For documentation on this error, please visit: https://www.selenium.dev/documentation/webdriver/troubleshooting/errors#no-such-element-exception\nStacktrace:\n#0 0x55c2db41ae9a <unknown>\n#1 0x55c2db10445c <unknown>\n#2 0x55c2db1505b5 <unknown>\n#3 0x55c2db150671 <unknown>\n#4 0x55c2db144b96 <unknown>\n#5 0x55c2db1734dd <unknown>\n#6 0x55c2db144a79 <unknown>\n#7 0x55c2db17367e <unknown>\n#8 0x55c2db1922cc <unknown>\n#9 0x55c2db173253 <unknown>\n#10 0x55c2db1431c7 <unknown>\n#11 0x55c2db143b3e <unknown>\n#12 0x55c2db3e12db <unknown>\n#13 0x55c2db3e5387 <unknown>\n#14 0x55c2db3cde0e <unknown>\n#15 0x55c2db3e5e52 <unknown>\n#16 0x55c2db3b27af <unknown>\n#17 0x55c2db40a188 <unknown>\n#18 0x55c2db40a35b <unknown>\n#19 0x55c2db419fcc <unknown>\n#20 0x7fb15d6d5ac3 <unknown>","time":{"start":1716424195020,"stop":1716424245469,"duration":50449}},{"uid":"f81f85d40380bc3d","reportUrl":"https://robbrad.github.io/UKBinCollectionData/3.12/1854//#testresult/f81f85d40380bc3d","status":"failed","statusDetails":"ValueError: time data '' does not match format '%A %d/%m/%Y'","time":{"start":1716337707574,"stop":1716337758378,"duration":50804}},{"uid":"64b1439f67507807","reportUrl":"https://robbrad.github.io/UKBinCollectionData/3.12/1853//#testresult/64b1439f67507807","status":"failed","statusDetails":"ValueError: time data '' does not match format '%A %d/%m/%Y'","time":{"start":1716251419015,"stop":1716251457747,"duration":38732}},{"uid":"7b07d45c9b3846c5","reportUrl":"https://robbrad.github.io/UKBinCollectionData/3.12/1852//#testresult/7b07d45c9b3846c5","status":"failed","statusDetails":"ValueError: time data '' does not match format '%A %d/%m/%Y'","time":{"start":1716164970638,"stop":1716165020298,"duration":49660}},{"uid":"4cda8404a838daa1","reportUrl":"https://robbrad.github.io/UKBinCollectionData/3.12/1851//#testresult/4cda8404a838daa1","status":"failed","statusDetails":"ValueError: time data '' does not match format '%A %d/%m/%Y'","time":{"start":1716154951690,"stop":1716155035870,"duration":84180}},{"uid":"a663fc7c347f7c4b","reportUrl":"https://robbrad.github.io/UKBinCollectionData/3.12/1849//#testresult/a663fc7c347f7c4b","status":"failed","statusDetails":"ValueError: time data '' does not match format '%A %d/%m/%Y'","time":{"start":1716152600855,"stop":1716152641933,"duration":41078}},{"uid":"5604ced36f2a253a","reportUrl":"https://robbrad.github.io/UKBinCollectionData/3.12/1846//#testresult/5604ced36f2a253a","status":"failed","statusDetails":"ValueError: time data '' does not match format '%A %d/%m/%Y'","time":{"start":1716078721189,"stop":1716078772441,"duration":51252}},{"uid":"b46ca55756b12d51","reportUrl":"https://robbrad.github.io/UKBinCollectionData/3.12/1842//#testresult/b46ca55756b12d51","status":"failed","statusDetails":"ValueError: time data '' does not match format '%A %d/%m/%Y'","time":{"start":1715992122203,"stop":1715992172238,"duration":50035}},{"uid":"2879181647f6f271","reportUrl":"https://robbrad.github.io/UKBinCollectionData/3.12/1839//#testresult/2879181647f6f271","status":"failed","statusDetails":"ValueError: time data '' does not match format '%A %d/%m/%Y'","time":{"start":1715983274352,"stop":1715983343935,"duration":69583}}]},"tags":[]},"source":"68855e1e084bc9ec.json","parameterValues":["KnowsleyMBCouncil"]}