{"uid":"73aae3cb2337ae4e","name":"Validate Council Output [SouthNorfolkCouncil-None-None]","fullName":"features/validate_council_outputs.feature:Validate Council Output","historyId":"e5d83111f1a9552c04e48720eaedba42","time":{"start":1699445297263,"stop":1699445299581,"duration":2318},"status":"failed","statusMessage":"AssertionError: True","statusTrace":"fixturefunc = <function validate_output_step at 0x7f1b6979f1a0>\nrequest = <FixtureRequest for <Function test_scenario_outline[SouthNorfolkCouncil-None-None]>>\nkwargs = {'context': <test_validate_council.context.<locals>.Context object at 0x7f1b5bd3d9d0>}\n\n    def call_fixture_func(\n        fixturefunc: \"_FixtureFunc[FixtureValue]\", request: FixtureRequest, kwargs\n    ) -> FixtureValue:\n        if is_generator(fixturefunc):\n            fixturefunc = cast(\n                Callable[..., Generator[FixtureValue, None, None]], fixturefunc\n            )\n            generator = fixturefunc(**kwargs)\n            try:\n                fixture_result = next(generator)\n            except StopIteration:\n                raise ValueError(f\"{request.fixturename} did not yield a value\") from None\n            finalizer = functools.partial(_teardown_yield_fixture, fixturefunc, generator)\n            request.addfinalizer(finalizer)\n        else:\n            fixturefunc = cast(Callable[..., FixtureValue], fixturefunc)\n>           fixture_result = fixturefunc(**kwargs)\n\n../../../.cache/pypoetry/virtualenvs/uk-bin-collection-EwS6Gn8s-py3.11/lib/python3.11/site-packages/_pytest/fixtures.py:902: \n_ _ _ _ _ _ _ _ _ _ _ _ _ _ _ _ _ _ _ _ _ _ _ _ _ _ _ _ _ _ _ _ _ _ _ _ _ _ _ _ \nuk_bin_collection/tests/step_defs/test_validate_council.py:102: in validate_output_step\n    raise (err)\n_ _ _ _ _ _ _ _ _ _ _ _ _ _ _ _ _ _ _ _ _ _ _ _ _ _ _ _ _ _ _ _ _ _ _ _ _ _ _ _ \n\ncontext = <test_validate_council.context.<locals>.Context object at 0x7f1b5bd3d9d0>\n\n    @then(\"the output should validate against the schema\")\n    def validate_output_step(context):\n        try:\n            council_schema = file_handler.load_schema_file(f\"output.schema\")\n            schema_result = file_handler.validate_json_schema(\n                context.parse_result, council_schema\n            )\n>           assert_that(schema_result, True)\nE           AssertionError: True\n\nuk_bin_collection/tests/step_defs/test_validate_council.py:97: AssertionError","flaky":false,"newFailed":false,"newBroken":false,"newPassed":false,"retriesCount":0,"retriesStatusChange":false,"beforeStages":[],"testStage":{"status":"failed","statusMessage":"AssertionError: True","statusTrace":"fixturefunc = <function validate_output_step at 0x7f1b6979f1a0>\nrequest = <FixtureRequest for <Function test_scenario_outline[SouthNorfolkCouncil-None-None]>>\nkwargs = {'context': <test_validate_council.context.<locals>.Context object at 0x7f1b5bd3d9d0>}\n\n    def call_fixture_func(\n        fixturefunc: \"_FixtureFunc[FixtureValue]\", request: FixtureRequest, kwargs\n    ) -> FixtureValue:\n        if is_generator(fixturefunc):\n            fixturefunc = cast(\n                Callable[..., Generator[FixtureValue, None, None]], fixturefunc\n            )\n            generator = fixturefunc(**kwargs)\n            try:\n                fixture_result = next(generator)\n            except StopIteration:\n                raise ValueError(f\"{request.fixturename} did not yield a value\") from None\n            finalizer = functools.partial(_teardown_yield_fixture, fixturefunc, generator)\n            request.addfinalizer(finalizer)\n        else:\n            fixturefunc = cast(Callable[..., FixtureValue], fixturefunc)\n>           fixture_result = fixturefunc(**kwargs)\n\n../../../.cache/pypoetry/virtualenvs/uk-bin-collection-EwS6Gn8s-py3.11/lib/python3.11/site-packages/_pytest/fixtures.py:902: \n_ _ _ _ _ _ _ _ _ _ _ _ _ _ _ _ _ _ _ _ _ _ _ _ _ _ _ _ _ _ _ _ _ _ _ _ _ _ _ _ \nuk_bin_collection/tests/step_defs/test_validate_council.py:102: in validate_output_step\n    raise (err)\n_ _ _ _ _ _ _ _ _ _ _ _ _ _ _ _ _ _ _ _ _ _ _ _ _ _ _ _ _ _ _ _ _ _ _ _ _ _ _ _ \n\ncontext = <test_validate_council.context.<locals>.Context object at 0x7f1b5bd3d9d0>\n\n    @then(\"the output should validate against the schema\")\n    def validate_output_step(context):\n        try:\n            council_schema = file_handler.load_schema_file(f\"output.schema\")\n            schema_result = file_handler.validate_json_schema(\n                context.parse_result, council_schema\n            )\n>           assert_that(schema_result, True)\nE           AssertionError: True\n\nuk_bin_collection/tests/step_defs/test_validate_council.py:97: AssertionError","steps":[{"name":"Given the council: SouthNorfolkCouncil","time":{"start":1699445297263,"stop":1699445297263,"duration":0},"status":"passed","steps":[],"attachments":[],"parameters":[],"shouldDisplayMessage":false,"stepsCount":0,"attachmentsCount":0,"hasContent":false},{"name":"When we scrape the data from SouthNorfolkCouncil using None and the None is set","time":{"start":1699445297264,"stop":1699445299579,"duration":2315},"status":"passed","steps":[],"attachments":[],"parameters":[],"shouldDisplayMessage":false,"stepsCount":0,"attachmentsCount":0,"hasContent":false},{"name":"Then the result is valid json","time":{"start":1699445299579,"stop":1699445299579,"duration":0},"status":"passed","steps":[],"attachments":[],"parameters":[],"shouldDisplayMessage":false,"stepsCount":0,"attachmentsCount":0,"hasContent":false},{"name":"And the output should validate against the schema","time":{"start":1699445299579,"stop":1699445299581,"duration":2},"status":"failed","statusMessage":"True","statusTrace":"AssertionError: True\n","steps":[],"attachments":[],"parameters":[],"shouldDisplayMessage":true,"stepsCount":0,"attachmentsCount":0,"hasContent":true}],"attachments":[],"parameters":[],"shouldDisplayMessage":true,"stepsCount":4,"attachmentsCount":0,"hasContent":true},"afterStages":[],"labels":[{"name":"host","value":"fv-az365-735"},{"name":"thread","value":"2692-MainThread"},{"name":"framework","value":"pytest-bdd"},{"name":"language","value":"cpython3"},{"name":"feature","value":"Test each council output matches expected results"},{"name":"resultFormat","value":"allure2"}],"parameters":[{"name":"council","value":"SouthNorfolkCouncil"},{"name":"selenium_mode","value":"None"},{"name":"selenium_url","value":"None"}],"links":[],"hidden":false,"retry":false,"extra":{"severity":"normal","retries":[],"categories":[{"name":"Product defects","matchedStatuses":[],"flaky":false}],"history":{"statistic":{"failed":2,"broken":0,"skipped":0,"passed":4,"unknown":0,"total":6},"items":[{"uid":"5c382c63206a0698","reportUrl":"https://robbrad.github.io/UKBinCollectionData/3.11/1115//#testresult/5c382c63206a0698","status":"failed","statusDetails":"AssertionError: True","time":{"start":1699406224830,"stop":1699406228699,"duration":3869}},{"uid":"61e8369b578f373d","reportUrl":"https://robbrad.github.io/UKBinCollectionData/3.11/1114//#testresult/61e8369b578f373d","status":"passed","time":{"start":1699320000162,"stop":1699320001946,"duration":1784}},{"uid":"24d625c9037f605a","reportUrl":"https://robbrad.github.io/UKBinCollectionData/3.11/1113//#testresult/24d625c9037f605a","status":"passed","time":{"start":1699233706356,"stop":1699233707927,"duration":1571}},{"uid":"526de3b99170d443","reportUrl":"https://robbrad.github.io/UKBinCollectionData/3.11/1111//#testresult/526de3b99170d443","status":"passed","time":{"start":1699171104887,"stop":1699171106963,"duration":2076}},{"uid":"79c15d25a1815d30","reportUrl":"https://robbrad.github.io/UKBinCollectionData/3.11/1112//#testresult/79c15d25a1815d30","status":"passed","time":{"start":1699170904726,"stop":1699170906500,"duration":1774}}]},"tags":[]},"source":"73aae3cb2337ae4e.json","parameterValues":["SouthNorfolkCouncil","None","None"]}