{"uid":"3338121bbe428df2","name":"Validate Council Output [HighPeakCouncil]","fullName":"features/validate_council_outputs.feature:Validate Council Output","historyId":"f014a970b405df22a91c3a1e6926ba51","time":{"start":1727828296623,"stop":1727828315774,"duration":19151},"status":"failed","statusMessage":"selenium.common.exceptions.NoSuchElementException: Message: no such element: Unable to locate element: {\"method\":\"css selector\",\"selector\":\".cookiemessage__link--close\"}\n  (Session info: chrome=129.0.6668.58); For documentation on this error, please visit: https://www.selenium.dev/documentation/webdriver/troubleshooting/errors#no-such-element-exception\nStacktrace:\n#0 0x556c444c213a <unknown>\n#1 0x556c441a85e0 <unknown>\n#2 0x556c441f7be8 <unknown>\n#3 0x556c441f7e81 <unknown>\n#4 0x556c4423e8c4 <unknown>\n#5 0x556c4421cb4d <unknown>\n#6 0x556c4423bd7d <unknown>\n#7 0x556c4421c8c3 <unknown>\n#8 0x556c441ea6b3 <unknown>\n#9 0x556c441eb68e <unknown>\n#10 0x556c4448cb3b <unknown>\n#11 0x556c44490ac1 <unknown>\n#12 0x556c44479335 <unknown>\n#13 0x556c44491642 <unknown>\n#14 0x556c4445e49f <unknown>\n#15 0x556c444b1038 <unknown>\n#16 0x556c444b1203 <unknown>\n#17 0x556c444c0f8c <unknown>\n#18 0x7ffaa96b6a94 <unknown>\n#19 0x7ffaa9743a34 __clone","statusTrace":"fixturefunc = <function scrape_step at 0x7f05ef6bc360>\nrequest = <FixtureRequest for <Function test_scenario_outline[HighPeakCouncil]>>\nkwargs = {'context': <test_validate_council.Context object at 0x7f05f0393aa0>, 'headless_mode': 'True', 'local_browser': 'False', 'selenium_url': 'http://localhost:4444'}\n\n    def call_fixture_func(\n        fixturefunc: _FixtureFunc[FixtureValue], request: FixtureRequest, kwargs\n    ) -> FixtureValue:\n        if is_generator(fixturefunc):\n            fixturefunc = cast(\n                Callable[..., Generator[FixtureValue, None, None]], fixturefunc\n            )\n            generator = fixturefunc(**kwargs)\n            try:\n                fixture_result = next(generator)\n            except StopIteration:\n                raise ValueError(f\"{request.fixturename} did not yield a value\") from None\n            finalizer = functools.partial(_teardown_yield_fixture, fixturefunc, generator)\n            request.addfinalizer(finalizer)\n        else:\n            fixturefunc = cast(Callable[..., FixtureValue], fixturefunc)\n>           fixture_result = fixturefunc(**kwargs)\n\n../../../.cache/pypoetry/virtualenvs/uk-bin-collection-EwS6Gn8s-py3.12/lib/python3.12/site-packages/_pytest/fixtures.py:898: \n_ _ _ _ _ _ _ _ _ _ _ _ _ _ _ _ _ _ _ _ _ _ _ _ _ _ _ _ _ _ _ _ _ _ _ _ _ _ _ _ \nuk_bin_collection/tests/step_defs/test_validate_council.py:100: in scrape_step\n    context.parse_result = CollectData.run()\nuk_bin_collection/uk_bin_collection/collect_data.py:101: in run\n    return self.client_code(\nuk_bin_collection/uk_bin_collection/collect_data.py:121: in client_code\n    return get_bin_data_class.template_method(address_url, **kwargs)\nuk_bin_collection/uk_bin_collection/get_bin_data.py:61: in template_method\n    bin_data_dict = self.get_and_parse_data(this_url, **kwargs)\nuk_bin_collection/uk_bin_collection/get_bin_data.py:84: in get_and_parse_data\n    bin_data_dict = self.parse_data(\"\", url=address_url, **kwargs)\nuk_bin_collection/uk_bin_collection/councils/HighPeakCouncil.py:73: in parse_data\n    inputElement_hc = driver.find_element(\n../../../.cache/pypoetry/virtualenvs/uk-bin-collection-EwS6Gn8s-py3.12/lib/python3.12/site-packages/selenium/webdriver/remote/webdriver.py:748: in find_element\n    return self.execute(Command.FIND_ELEMENT, {\"using\": by, \"value\": value})[\"value\"]\n../../../.cache/pypoetry/virtualenvs/uk-bin-collection-EwS6Gn8s-py3.12/lib/python3.12/site-packages/selenium/webdriver/remote/webdriver.py:354: in execute\n    self.error_handler.check_response(response)\n_ _ _ _ _ _ _ _ _ _ _ _ _ _ _ _ _ _ _ _ _ _ _ _ _ _ _ _ _ _ _ _ _ _ _ _ _ _ _ _ \n\nself = <selenium.webdriver.remote.errorhandler.ErrorHandler object at 0x7f05ee9db170>\nresponse = {'status': 404, 'value': '{\"value\":{\"error\":\"no such element\",\"message\":\"no such element: Unable to locate element: {\\...unknown>\\\\n#17 0x556c444c0f8c \\\\u003Cunknown>\\\\n#18 0x7ffaa96b6a94 \\\\u003Cunknown>\\\\n#19 0x7ffaa9743a34 __clone\\\\n\"}}'}\n\n    def check_response(self, response: Dict[str, Any]) -> None:\n        \"\"\"Checks that a JSON response from the WebDriver does not have an\n        error.\n    \n        :Args:\n         - response - The JSON response from the WebDriver server as a dictionary\n           object.\n    \n        :Raises: If the response contains an error message.\n        \"\"\"\n        status = response.get(\"status\", None)\n        if not status or status == ErrorCode.SUCCESS:\n            return\n        value = None\n        message = response.get(\"message\", \"\")\n        screen: str = response.get(\"screen\", \"\")\n        stacktrace = None\n        if isinstance(status, int):\n            value_json = response.get(\"value\", None)\n            if value_json and isinstance(value_json, str):\n                import json\n    \n                try:\n                    value = json.loads(value_json)\n                    if len(value) == 1:\n                        value = value[\"value\"]\n                    status = value.get(\"error\", None)\n                    if not status:\n                        status = value.get(\"status\", ErrorCode.UNKNOWN_ERROR)\n                        message = value.get(\"value\") or value.get(\"message\")\n                        if not isinstance(message, str):\n                            value = message\n                            message = message.get(\"message\")\n                    else:\n                        message = value.get(\"message\", None)\n                except ValueError:\n                    pass\n    \n        exception_class: Type[WebDriverException]\n        e = ErrorCode()\n        error_codes = [item for item in dir(e) if not item.startswith(\"__\")]\n        for error_code in error_codes:\n            error_info = getattr(ErrorCode, error_code)\n            if isinstance(error_info, list) and status in error_info:\n                exception_class = getattr(ExceptionMapping, error_code, WebDriverException)\n                break\n        else:\n            exception_class = WebDriverException\n    \n        if not value:\n            value = response[\"value\"]\n        if isinstance(value, str):\n            raise exception_class(value)\n        if message == \"\" and \"message\" in value:\n            message = value[\"message\"]\n    \n        screen = None  # type: ignore[assignment]\n        if \"screen\" in value:\n            screen = value[\"screen\"]\n    \n        stacktrace = None\n        st_value = value.get(\"stackTrace\") or value.get(\"stacktrace\")\n        if st_value:\n            if isinstance(st_value, str):\n                stacktrace = st_value.split(\"\\n\")\n            else:\n                stacktrace = []\n                try:\n                    for frame in st_value:\n                        line = frame.get(\"lineNumber\", \"\")\n                        file = frame.get(\"fileName\", \"<anonymous>\")\n                        if line:\n                            file = f\"{file}:{line}\"\n                        meth = frame.get(\"methodName\", \"<anonymous>\")\n                        if \"className\" in frame:\n                            meth = f\"{frame['className']}.{meth}\"\n                        msg = \"    at %s (%s)\"\n                        msg = msg % (meth, file)\n                        stacktrace.append(msg)\n                except TypeError:\n                    pass\n        if exception_class == UnexpectedAlertPresentException:\n            alert_text = None\n            if \"data\" in value:\n                alert_text = value[\"data\"].get(\"text\")\n            elif \"alert\" in value:\n                alert_text = value[\"alert\"].get(\"text\")\n            raise exception_class(message, screen, stacktrace, alert_text)  # type: ignore[call-arg]  # mypy is not smart enough here\n>       raise exception_class(message, screen, stacktrace)\nE       selenium.common.exceptions.NoSuchElementException: Message: no such element: Unable to locate element: {\"method\":\"css selector\",\"selector\":\".cookiemessage__link--close\"}\nE         (Session info: chrome=129.0.6668.58); For documentation on this error, please visit: https://www.selenium.dev/documentation/webdriver/troubleshooting/errors#no-such-element-exception\nE       Stacktrace:\nE       #0 0x556c444c213a <unknown>\nE       #1 0x556c441a85e0 <unknown>\nE       #2 0x556c441f7be8 <unknown>\nE       #3 0x556c441f7e81 <unknown>\nE       #4 0x556c4423e8c4 <unknown>\nE       #5 0x556c4421cb4d <unknown>\nE       #6 0x556c4423bd7d <unknown>\nE       #7 0x556c4421c8c3 <unknown>\nE       #8 0x556c441ea6b3 <unknown>\nE       #9 0x556c441eb68e <unknown>\nE       #10 0x556c4448cb3b <unknown>\nE       #11 0x556c44490ac1 <unknown>\nE       #12 0x556c44479335 <unknown>\nE       #13 0x556c44491642 <unknown>\nE       #14 0x556c4445e49f <unknown>\nE       #15 0x556c444b1038 <unknown>\nE       #16 0x556c444b1203 <unknown>\nE       #17 0x556c444c0f8c <unknown>\nE       #18 0x7ffaa96b6a94 <unknown>\nE       #19 0x7ffaa9743a34 __clone\n\n../../../.cache/pypoetry/virtualenvs/uk-bin-collection-EwS6Gn8s-py3.12/lib/python3.12/site-packages/selenium/webdriver/remote/errorhandler.py:229: NoSuchElementException","flaky":true,"newFailed":true,"newBroken":false,"newPassed":false,"retriesCount":0,"retriesStatusChange":false,"beforeStages":[],"testStage":{"status":"failed","statusMessage":"selenium.common.exceptions.NoSuchElementException: Message: no such element: Unable to locate element: {\"method\":\"css selector\",\"selector\":\".cookiemessage__link--close\"}\n  (Session info: chrome=129.0.6668.58); For documentation on this error, please visit: https://www.selenium.dev/documentation/webdriver/troubleshooting/errors#no-such-element-exception\nStacktrace:\n#0 0x556c444c213a <unknown>\n#1 0x556c441a85e0 <unknown>\n#2 0x556c441f7be8 <unknown>\n#3 0x556c441f7e81 <unknown>\n#4 0x556c4423e8c4 <unknown>\n#5 0x556c4421cb4d <unknown>\n#6 0x556c4423bd7d <unknown>\n#7 0x556c4421c8c3 <unknown>\n#8 0x556c441ea6b3 <unknown>\n#9 0x556c441eb68e <unknown>\n#10 0x556c4448cb3b <unknown>\n#11 0x556c44490ac1 <unknown>\n#12 0x556c44479335 <unknown>\n#13 0x556c44491642 <unknown>\n#14 0x556c4445e49f <unknown>\n#15 0x556c444b1038 <unknown>\n#16 0x556c444b1203 <unknown>\n#17 0x556c444c0f8c <unknown>\n#18 0x7ffaa96b6a94 <unknown>\n#19 0x7ffaa9743a34 __clone","statusTrace":"fixturefunc = <function scrape_step at 0x7f05ef6bc360>\nrequest = <FixtureRequest for <Function test_scenario_outline[HighPeakCouncil]>>\nkwargs = {'context': <test_validate_council.Context object at 0x7f05f0393aa0>, 'headless_mode': 'True', 'local_browser': 'False', 'selenium_url': 'http://localhost:4444'}\n\n    def call_fixture_func(\n        fixturefunc: _FixtureFunc[FixtureValue], request: FixtureRequest, kwargs\n    ) -> FixtureValue:\n        if is_generator(fixturefunc):\n            fixturefunc = cast(\n                Callable[..., Generator[FixtureValue, None, None]], fixturefunc\n            )\n            generator = fixturefunc(**kwargs)\n            try:\n                fixture_result = next(generator)\n            except StopIteration:\n                raise ValueError(f\"{request.fixturename} did not yield a value\") from None\n            finalizer = functools.partial(_teardown_yield_fixture, fixturefunc, generator)\n            request.addfinalizer(finalizer)\n        else:\n            fixturefunc = cast(Callable[..., FixtureValue], fixturefunc)\n>           fixture_result = fixturefunc(**kwargs)\n\n../../../.cache/pypoetry/virtualenvs/uk-bin-collection-EwS6Gn8s-py3.12/lib/python3.12/site-packages/_pytest/fixtures.py:898: \n_ _ _ _ _ _ _ _ _ _ _ _ _ _ _ _ _ _ _ _ _ _ _ _ _ _ _ _ _ _ _ _ _ _ _ _ _ _ _ _ \nuk_bin_collection/tests/step_defs/test_validate_council.py:100: in scrape_step\n    context.parse_result = CollectData.run()\nuk_bin_collection/uk_bin_collection/collect_data.py:101: in run\n    return self.client_code(\nuk_bin_collection/uk_bin_collection/collect_data.py:121: in client_code\n    return get_bin_data_class.template_method(address_url, **kwargs)\nuk_bin_collection/uk_bin_collection/get_bin_data.py:61: in template_method\n    bin_data_dict = self.get_and_parse_data(this_url, **kwargs)\nuk_bin_collection/uk_bin_collection/get_bin_data.py:84: in get_and_parse_data\n    bin_data_dict = self.parse_data(\"\", url=address_url, **kwargs)\nuk_bin_collection/uk_bin_collection/councils/HighPeakCouncil.py:73: in parse_data\n    inputElement_hc = driver.find_element(\n../../../.cache/pypoetry/virtualenvs/uk-bin-collection-EwS6Gn8s-py3.12/lib/python3.12/site-packages/selenium/webdriver/remote/webdriver.py:748: in find_element\n    return self.execute(Command.FIND_ELEMENT, {\"using\": by, \"value\": value})[\"value\"]\n../../../.cache/pypoetry/virtualenvs/uk-bin-collection-EwS6Gn8s-py3.12/lib/python3.12/site-packages/selenium/webdriver/remote/webdriver.py:354: in execute\n    self.error_handler.check_response(response)\n_ _ _ _ _ _ _ _ _ _ _ _ _ _ _ _ _ _ _ _ _ _ _ _ _ _ _ _ _ _ _ _ _ _ _ _ _ _ _ _ \n\nself = <selenium.webdriver.remote.errorhandler.ErrorHandler object at 0x7f05ee9db170>\nresponse = {'status': 404, 'value': '{\"value\":{\"error\":\"no such element\",\"message\":\"no such element: Unable to locate element: {\\...unknown>\\\\n#17 0x556c444c0f8c \\\\u003Cunknown>\\\\n#18 0x7ffaa96b6a94 \\\\u003Cunknown>\\\\n#19 0x7ffaa9743a34 __clone\\\\n\"}}'}\n\n    def check_response(self, response: Dict[str, Any]) -> None:\n        \"\"\"Checks that a JSON response from the WebDriver does not have an\n        error.\n    \n        :Args:\n         - response - The JSON response from the WebDriver server as a dictionary\n           object.\n    \n        :Raises: If the response contains an error message.\n        \"\"\"\n        status = response.get(\"status\", None)\n        if not status or status == ErrorCode.SUCCESS:\n            return\n        value = None\n        message = response.get(\"message\", \"\")\n        screen: str = response.get(\"screen\", \"\")\n        stacktrace = None\n        if isinstance(status, int):\n            value_json = response.get(\"value\", None)\n            if value_json and isinstance(value_json, str):\n                import json\n    \n                try:\n                    value = json.loads(value_json)\n                    if len(value) == 1:\n                        value = value[\"value\"]\n                    status = value.get(\"error\", None)\n                    if not status:\n                        status = value.get(\"status\", ErrorCode.UNKNOWN_ERROR)\n                        message = value.get(\"value\") or value.get(\"message\")\n                        if not isinstance(message, str):\n                            value = message\n                            message = message.get(\"message\")\n                    else:\n                        message = value.get(\"message\", None)\n                except ValueError:\n                    pass\n    \n        exception_class: Type[WebDriverException]\n        e = ErrorCode()\n        error_codes = [item for item in dir(e) if not item.startswith(\"__\")]\n        for error_code in error_codes:\n            error_info = getattr(ErrorCode, error_code)\n            if isinstance(error_info, list) and status in error_info:\n                exception_class = getattr(ExceptionMapping, error_code, WebDriverException)\n                break\n        else:\n            exception_class = WebDriverException\n    \n        if not value:\n            value = response[\"value\"]\n        if isinstance(value, str):\n            raise exception_class(value)\n        if message == \"\" and \"message\" in value:\n            message = value[\"message\"]\n    \n        screen = None  # type: ignore[assignment]\n        if \"screen\" in value:\n            screen = value[\"screen\"]\n    \n        stacktrace = None\n        st_value = value.get(\"stackTrace\") or value.get(\"stacktrace\")\n        if st_value:\n            if isinstance(st_value, str):\n                stacktrace = st_value.split(\"\\n\")\n            else:\n                stacktrace = []\n                try:\n                    for frame in st_value:\n                        line = frame.get(\"lineNumber\", \"\")\n                        file = frame.get(\"fileName\", \"<anonymous>\")\n                        if line:\n                            file = f\"{file}:{line}\"\n                        meth = frame.get(\"methodName\", \"<anonymous>\")\n                        if \"className\" in frame:\n                            meth = f\"{frame['className']}.{meth}\"\n                        msg = \"    at %s (%s)\"\n                        msg = msg % (meth, file)\n                        stacktrace.append(msg)\n                except TypeError:\n                    pass\n        if exception_class == UnexpectedAlertPresentException:\n            alert_text = None\n            if \"data\" in value:\n                alert_text = value[\"data\"].get(\"text\")\n            elif \"alert\" in value:\n                alert_text = value[\"alert\"].get(\"text\")\n            raise exception_class(message, screen, stacktrace, alert_text)  # type: ignore[call-arg]  # mypy is not smart enough here\n>       raise exception_class(message, screen, stacktrace)\nE       selenium.common.exceptions.NoSuchElementException: Message: no such element: Unable to locate element: {\"method\":\"css selector\",\"selector\":\".cookiemessage__link--close\"}\nE         (Session info: chrome=129.0.6668.58); For documentation on this error, please visit: https://www.selenium.dev/documentation/webdriver/troubleshooting/errors#no-such-element-exception\nE       Stacktrace:\nE       #0 0x556c444c213a <unknown>\nE       #1 0x556c441a85e0 <unknown>\nE       #2 0x556c441f7be8 <unknown>\nE       #3 0x556c441f7e81 <unknown>\nE       #4 0x556c4423e8c4 <unknown>\nE       #5 0x556c4421cb4d <unknown>\nE       #6 0x556c4423bd7d <unknown>\nE       #7 0x556c4421c8c3 <unknown>\nE       #8 0x556c441ea6b3 <unknown>\nE       #9 0x556c441eb68e <unknown>\nE       #10 0x556c4448cb3b <unknown>\nE       #11 0x556c44490ac1 <unknown>\nE       #12 0x556c44479335 <unknown>\nE       #13 0x556c44491642 <unknown>\nE       #14 0x556c4445e49f <unknown>\nE       #15 0x556c444b1038 <unknown>\nE       #16 0x556c444b1203 <unknown>\nE       #17 0x556c444c0f8c <unknown>\nE       #18 0x7ffaa96b6a94 <unknown>\nE       #19 0x7ffaa9743a34 __clone\n\n../../../.cache/pypoetry/virtualenvs/uk-bin-collection-EwS6Gn8s-py3.12/lib/python3.12/site-packages/selenium/webdriver/remote/errorhandler.py:229: NoSuchElementException","steps":[{"name":"Given the council","time":{"start":1727828296623,"stop":1727828296624,"duration":1},"status":"passed","steps":[],"attachments":[],"parameters":[],"shouldDisplayMessage":false,"stepsCount":0,"attachmentsCount":0,"hasContent":false,"attachmentStep":false},{"name":"When we scrape the data from the council","time":{"start":1727828296624,"stop":1727828315773,"duration":19149},"status":"failed","statusMessage":"Message: no such element: Unable to locate element: {\"method\":\"css selector\",\"selector\":\".cookiemessage__link--close\"}\n  (Session info: chrome=129.0.6668.58); For documentation on this error, please visit: https://www.selenium.dev/documentation/webdriver/troubleshooting/errors#no-such-element-exception\nStacktrace:\n#0 0x556c444c213a <unknown>\n#1 0x556c441a85e0 <unknown>\n#2 0x556c441f7be8 <unknown>\n#3 0x556c441f7e81 <unknown>\n#4 0x556c4423e8c4 <unknown>\n#5 0x556c4421cb4d <unknown>\n#6 0x556c4423bd7d <unknown>\n#7 0x556c4421c8c3 <unknown>\n#8 0x556c441ea6b3 <unknown>\n#9 0x556c441eb68e <unknown>\n#10 0x556c4448cb3b <unknown>\n#11 0x556c44490ac1 <unknown>\n#12 0x556c44479335 <unknown>\n#13 0x556c44491642 <unknown>\n#14 0x556c4445e49f <unknown>\n#15 0x556c444b1038 <unknown>\n#16 0x556c444b1203 <unknown>\n#17 0x556c444c0f8c <unknown>\n#18 0x7ffaa96b6a94 <unknown>\n#19 0x7ffaa9743a34 __clone\n","statusTrace":"selenium.common.exceptions.NoSuchElementException: Message: no such element: Unable to locate element: {\"method\":\"css selector\",\"selector\":\".cookiemessage__link--close\"}\n  (Session info: chrome=129.0.6668.58); For documentation on this error, please visit: https://www.selenium.dev/documentation/webdriver/troubleshooting/errors#no-such-element-exception\nStacktrace:\n#0 0x556c444c213a <unknown>\n#1 0x556c441a85e0 <unknown>\n#2 0x556c441f7be8 <unknown>\n#3 0x556c441f7e81 <unknown>\n#4 0x556c4423e8c4 <unknown>\n#5 0x556c4421cb4d <unknown>\n#6 0x556c4423bd7d <unknown>\n#7 0x556c4421c8c3 <unknown>\n#8 0x556c441ea6b3 <unknown>\n#9 0x556c441eb68e <unknown>\n#10 0x556c4448cb3b <unknown>\n#11 0x556c44490ac1 <unknown>\n#12 0x556c44479335 <unknown>\n#13 0x556c44491642 <unknown>\n#14 0x556c4445e49f <unknown>\n#15 0x556c444b1038 <unknown>\n#16 0x556c444b1203 <unknown>\n#17 0x556c444c0f8c <unknown>\n#18 0x7ffaa96b6a94 <unknown>\n#19 0x7ffaa9743a34 __clone\n\n","steps":[],"attachments":[],"parameters":[],"shouldDisplayMessage":true,"stepsCount":0,"attachmentsCount":0,"hasContent":true,"attachmentStep":false}],"attachments":[{"uid":"42083166f1d0cd77","name":"stdout","source":"42083166f1d0cd77.txt","type":"text/plain","size":946}],"parameters":[],"shouldDisplayMessage":true,"stepsCount":2,"attachmentsCount":1,"hasContent":true,"attachmentStep":false},"afterStages":[],"labels":[{"name":"host","value":"fv-az700-494"},{"name":"thread","value":"2818-MainThread"},{"name":"framework","value":"pytest-bdd"},{"name":"language","value":"cpython3"},{"name":"feature","value":"Test each council output matches expected results"},{"name":"resultFormat","value":"allure2"}],"parameters":[{"name":"council","value":"HighPeakCouncil"}],"links":[],"hidden":false,"retry":false,"extra":{"severity":"normal","retries":[],"categories":[{"name":"Product defects","matchedStatuses":[],"flaky":false}],"history":{"statistic":{"failed":8,"broken":0,"skipped":0,"passed":150,"unknown":0,"total":158},"items":[{"uid":"233130f198142d6e","reportUrl":"https://robbrad.github.io/UKBinCollectionData/3.12/2138//#testresult/233130f198142d6e","status":"passed","time":{"start":1727741940165,"stop":1727741961459,"duration":21294}},{"uid":"7e2399faf320e730","reportUrl":"https://robbrad.github.io/UKBinCollectionData/3.12/2137//#testresult/7e2399faf320e730","status":"passed","time":{"start":1727655549227,"stop":1727655597901,"duration":48674}},{"uid":"933674da94b750d7","reportUrl":"https://robbrad.github.io/UKBinCollectionData/3.12/2136//#testresult/933674da94b750d7","status":"passed","time":{"start":1727569091704,"stop":1727569157442,"duration":65738}},{"uid":"12b5bd81ae55d9e8","reportUrl":"https://robbrad.github.io/UKBinCollectionData/3.12/2135//#testresult/12b5bd81ae55d9e8","status":"failed","statusDetails":"selenium.common.exceptions.TimeoutException: Message: \nStacktrace:\n#0 0x56478a15913a <unknown>\n#1 0x564789e3f5e0 <unknown>\n#2 0x564789e8ebe8 <unknown>\n#3 0x564789e8ee81 <unknown>\n#4 0x564789ed58c4 <unknown>\n#5 0x564789eb3b4d <unknown>\n#6 0x564789ed2d7d <unknown>\n#7 0x564789eb38c3 <unknown>\n#8 0x564789e816b3 <unknown>\n#9 0x564789e8268e <unknown>\n#10 0x56478a123b3b <unknown>\n#11 0x56478a127ac1 <unknown>\n#12 0x56478a110335 <unknown>\n#13 0x56478a128642 <unknown>\n#14 0x56478a0f549f <unknown>\n#15 0x56478a148038 <unknown>\n#16 0x56478a148203 <unknown>\n#17 0x56478a157f8c <unknown>\n#18 0x7f0055f77a94 <unknown>\n#19 0x7f0056004a34 __clone","time":{"start":1727482767324,"stop":1727482861244,"duration":93920}},{"uid":"a92c1557aa8cccca","reportUrl":"https://robbrad.github.io/UKBinCollectionData/3.12/2131//#testresult/a92c1557aa8cccca","status":"failed","statusDetails":"selenium.common.exceptions.SessionNotCreatedException: Message: Could not start a new session. New session request timed out \nHost info: host: 'selenium', ip: '172.18.0.2'\nBuild info: version: '4.25.0', revision: '030fcf7918'\nSystem info: os.name: 'Linux', os.arch: 'amd64', os.version: '6.8.0-1014-azure', java.version: '17.0.12'\nDriver info: driver.version: unknown\nStacktrace:\n    at org.openqa.selenium.grid.sessionqueue.local.LocalNewSessionQueue.addToQueue (LocalNewSessionQueue.java:221)\n    at org.openqa.selenium.grid.sessionqueue.NewSessionQueue.lambda$new$0 (NewSessionQueue.java:68)\n    at org.openqa.selenium.remote.http.Route$TemplatizedRoute.handle (Route.java:192)\n    at org.openqa.selenium.remote.http.Route.execute (Route.java:69)\n    at org.openqa.selenium.remote.http.Route$CombinedRoute.handle (Route.java:360)\n    at org.openqa.selenium.remote.http.Route.execute (Route.java:69)\n    at org.openqa.selenium.grid.sessionqueue.NewSessionQueue.execute (NewSessionQueue.java:128)\n    at org.openqa.selenium.remote.tracing.SpanWrappedHttpHandler.execute (SpanWrappedHttpHandler.java:87)\n    at org.openqa.selenium.remote.http.Filter$1.execute (Filter.java:63)\n    at org.openqa.selenium.remote.http.Route$CombinedRoute.handle (Route.java:360)\n    at org.openqa.selenium.remote.http.Route.execute (Route.java:69)\n    at org.openqa.selenium.grid.router.Router.execute (Router.java:87)\n    at org.openqa.selenium.grid.web.EnsureSpecCompliantResponseHeaders.lambda$apply$0 (EnsureSpecCompliantResponseHeaders.java:34)\n    at org.openqa.selenium.remote.http.Filter$1.execute (Filter.java:63)\n    at org.openqa.selenium.remote.http.Route$CombinedRoute.handle (Route.java:360)\n    at org.openqa.selenium.remote.http.Route.execute (Route.java:69)\n    at org.openqa.selenium.remote.AddWebDriverSpecHeaders.lambda$apply$0 (AddWebDriverSpecHeaders.java:35)\n    at org.openqa.selenium.remote.ErrorFilter.lambda$apply$0 (ErrorFilter.java:44)\n    at org.openqa.selenium.remote.http.Filter$1.execute (Filter.java:63)\n    at org.openqa.selenium.remote.ErrorFilter.lambda$apply$0 (ErrorFilter.java:44)\n    at org.openqa.selenium.remote.http.Filter$1.execute (Filter.java:63)\n    at org.openqa.selenium.netty.server.SeleniumHandler.lambda$channelRead0$0 (SeleniumHandler.java:44)\n    at java.util.concurrent.Executors$RunnableAdapter.call (Executors.java:539)\n    at java.util.concurrent.FutureTask.run (FutureTask.java:264)\n    at java.util.concurrent.ThreadPoolExecutor.runWorker (ThreadPoolExecutor.java:1136)\n    at java.util.concurrent.ThreadPoolExecutor$Worker.run (ThreadPoolExecutor.java:635)\n    at java.lang.Thread.run (Thread.java:840)","time":{"start":1727422687412,"stop":1727422987420,"duration":300008}},{"uid":"f08e6a6892fb6bfb","reportUrl":"https://robbrad.github.io/UKBinCollectionData/3.12/2130//#testresult/f08e6a6892fb6bfb","status":"passed","time":{"start":1727396437502,"stop":1727396458659,"duration":21157}},{"uid":"80765f293f6c4329","reportUrl":"https://robbrad.github.io/UKBinCollectionData/3.12/2129//#testresult/80765f293f6c4329","status":"passed","time":{"start":1727309960009,"stop":1727309969465,"duration":9456}},{"uid":"4a267f86ffbe72fc","reportUrl":"https://robbrad.github.io/UKBinCollectionData/3.12/2128//#testresult/4a267f86ffbe72fc","status":"passed","time":{"start":1727223602580,"stop":1727223623263,"duration":20683}},{"uid":"e4e62bc06228fe01","reportUrl":"https://robbrad.github.io/UKBinCollectionData/3.12/2127//#testresult/e4e62bc06228fe01","status":"passed","time":{"start":1727137242990,"stop":1727137275845,"duration":32855}},{"uid":"72c5bd6e9f6262bb","reportUrl":"https://robbrad.github.io/UKBinCollectionData/3.12/2126//#testresult/72c5bd6e9f6262bb","status":"passed","time":{"start":1727050908539,"stop":1727050921482,"duration":12943}},{"uid":"5b936ad15433e09e","reportUrl":"https://robbrad.github.io/UKBinCollectionData/3.12/2125//#testresult/5b936ad15433e09e","status":"failed","statusDetails":"selenium.common.exceptions.SessionNotCreatedException: Message: Could not start a new session. New session request timed out \nHost info: host: 'selenium', ip: '172.18.0.2'\nBuild info: version: '4.24.0', revision: '748ffc9bc3'\nSystem info: os.name: 'Linux', os.arch: 'amd64', os.version: '6.8.0-1014-azure', java.version: '17.0.12'\nDriver info: driver.version: unknown\nStacktrace:\n    at org.openqa.selenium.grid.sessionqueue.local.LocalNewSessionQueue.addToQueue (LocalNewSessionQueue.java:221)\n    at org.openqa.selenium.grid.sessionqueue.NewSessionQueue.lambda$new$0 (NewSessionQueue.java:68)\n    at org.openqa.selenium.remote.http.Route$TemplatizedRoute.handle (Route.java:192)\n    at org.openqa.selenium.remote.http.Route.execute (Route.java:69)\n    at org.openqa.selenium.remote.http.Route$CombinedRoute.handle (Route.java:360)\n    at org.openqa.selenium.remote.http.Route.execute (Route.java:69)\n    at org.openqa.selenium.grid.sessionqueue.NewSessionQueue.execute (NewSessionQueue.java:128)\n    at org.openqa.selenium.remote.tracing.SpanWrappedHttpHandler.execute (SpanWrappedHttpHandler.java:87)\n    at org.openqa.selenium.remote.http.Filter$1.execute (Filter.java:63)\n    at org.openqa.selenium.remote.http.Route$CombinedRoute.handle (Route.java:360)\n    at org.openqa.selenium.remote.http.Route.execute (Route.java:69)\n    at org.openqa.selenium.grid.router.Router.execute (Router.java:87)\n    at org.openqa.selenium.grid.web.EnsureSpecCompliantResponseHeaders.lambda$apply$0 (EnsureSpecCompliantResponseHeaders.java:34)\n    at org.openqa.selenium.remote.http.Filter$1.execute (Filter.java:63)\n    at org.openqa.selenium.remote.http.Route$CombinedRoute.handle (Route.java:360)\n    at org.openqa.selenium.remote.http.Route.execute (Route.java:69)\n    at org.openqa.selenium.remote.AddWebDriverSpecHeaders.lambda$apply$0 (AddWebDriverSpecHeaders.java:35)\n    at org.openqa.selenium.remote.ErrorFilter.lambda$apply$0 (ErrorFilter.java:44)\n    at org.openqa.selenium.remote.http.Filter$1.execute (Filter.java:63)\n    at org.openqa.selenium.remote.ErrorFilter.lambda$apply$0 (ErrorFilter.java:44)\n    at org.openqa.selenium.remote.http.Filter$1.execute (Filter.java:63)\n    at org.openqa.selenium.netty.server.SeleniumHandler.lambda$channelRead0$0 (SeleniumHandler.java:44)\n    at java.util.concurrent.Executors$RunnableAdapter.call (Executors.java:539)\n    at java.util.concurrent.FutureTask.run (FutureTask.java:264)\n    at java.util.concurrent.ThreadPoolExecutor.runWorker (ThreadPoolExecutor.java:1136)\n    at java.util.concurrent.ThreadPoolExecutor$Worker.run (ThreadPoolExecutor.java:635)\n    at java.lang.Thread.run (Thread.java:840)","time":{"start":1726964478629,"stop":1726964778638,"duration":300009}},{"uid":"38ed446c5931c30f","reportUrl":"https://robbrad.github.io/UKBinCollectionData/3.12/2124//#testresult/38ed446c5931c30f","status":"passed","time":{"start":1726878112552,"stop":1726878136236,"duration":23684}},{"uid":"baea8ae7fc2c6937","reportUrl":"https://robbrad.github.io/UKBinCollectionData/3.12/2123//#testresult/baea8ae7fc2c6937","status":"passed","time":{"start":1726791647604,"stop":1726791669618,"duration":22014}},{"uid":"65e704bc8640ebd","reportUrl":"https://robbrad.github.io/UKBinCollectionData/3.12/2122//#testresult/65e704bc8640ebd","status":"passed","time":{"start":1726705183914,"stop":1726705202028,"duration":18114}},{"uid":"c41fae79469bcf3f","reportUrl":"https://robbrad.github.io/UKBinCollectionData/3.12/2121//#testresult/c41fae79469bcf3f","status":"passed","time":{"start":1726618782939,"stop":1726618802760,"duration":19821}},{"uid":"17eb4dd7a88e4dba","reportUrl":"https://robbrad.github.io/UKBinCollectionData/3.12/2120//#testresult/17eb4dd7a88e4dba","status":"passed","time":{"start":1726532458630,"stop":1726532476372,"duration":17742}},{"uid":"9381ddf13caa79ed","reportUrl":"https://robbrad.github.io/UKBinCollectionData/3.12/2116//#testresult/9381ddf13caa79ed","status":"passed","time":{"start":1726446102089,"stop":1726446109803,"duration":7714}},{"uid":"5bcfa5eea207d439","reportUrl":"https://robbrad.github.io/UKBinCollectionData/3.12/2115//#testresult/5bcfa5eea207d439","status":"passed","time":{"start":1726359530384,"stop":1726359541149,"duration":10765}},{"uid":"655871f72ba4833e","reportUrl":"https://robbrad.github.io/UKBinCollectionData/3.12/2114//#testresult/655871f72ba4833e","status":"passed","time":{"start":1726273220851,"stop":1726273252697,"duration":31846}},{"uid":"2451d19485fa987c","reportUrl":"https://robbrad.github.io/UKBinCollectionData/3.12/2113//#testresult/2451d19485fa987c","status":"passed","time":{"start":1726186798765,"stop":1726186814011,"duration":15246}}]},"tags":[]},"source":"3338121bbe428df2.json","parameterValues":["HighPeakCouncil"]}